2020-09-23 19:40:18,432 - 2 - INFO - 搜索框正常
2020-09-23 19:40:24,605 - 2 - INFO - 页面"我的起源预下载"跳转正常,该类元素共9个，当前第1个
2020-09-23 19:40:30,824 - 2 - INFO - 页面"酷狗音乐"跳转正常,该类元素共9个，当前第2个
2020-09-23 19:40:37,034 - 2 - INFO - 页面"妖精的尾巴"跳转正常,该类元素共9个，当前第3个
2020-09-23 19:40:43,272 - 2 - INFO - 页面"uc浏览器"跳转正常,该类元素共9个，当前第4个
2020-09-23 19:40:49,564 - 2 - INFO - 页面"360安全卫士"跳转正常,该类元素共9个，当前第5个
2020-09-23 19:40:55,794 - 2 - INFO - 页面"360杀毒"跳转正常,该类元素共9个，当前第6个
2020-09-23 19:41:02,033 - 2 - INFO - 页面"CorelDRAW"跳转正常,该类元素共9个，当前第7个
2020-09-23 19:41:08,232 - 2 - INFO - 页面"金山毒霸"跳转正常,该类元素共9个，当前第8个
2020-09-23 19:41:14,518 - 2 - INFO - 页面"电脑管家"跳转正常,该类元素共9个，当前第9个
2020-09-23 19:41:20,793 - 2 - INFO - 页面"小皮助手安卓模拟器"跳转正常,该类元素共46个，当前第1个
2020-09-23 19:41:27,100 - 2 - INFO - 页面"parallels desktop"跳转正常,该类元素共46个，当前第2个
2020-09-23 19:41:33,329 - 2 - INFO - 页面"pptv网络电视"跳转正常,该类元素共46个，当前第3个
2020-09-23 19:41:39,579 - 2 - INFO - 页面"迅雷9"跳转正常,该类元素共46个，当前第4个
2020-09-23 19:41:45,814 - 2 - INFO - 页面"驱动精灵万能网卡版"跳转正常,该类元素共46个，当前第5个
2020-09-23 19:41:52,324 - 2 - INFO - 页面"火狐浏览器"跳转正常,该类元素共46个，当前第6个
2020-09-23 19:43:34,099 - 2 - ERROR - 页面"猎鹰高速下载器"跳转异常,该类元素共57个，当前第1个
2020-09-23 19:43:46,944 - 2 - INFO - 页面"迅雷"跳转正常,该类元素共57个，当前第2个
2020-09-23 19:43:53,063 - 2 - INFO - 页面"utorrent"跳转正常,该类元素共57个，当前第3个
2020-09-23 19:43:59,184 - 2 - INFO - 页面"冰点文库下载器"跳转正常,该类元素共57个，当前第4个
2020-09-23 19:44:05,302 - 2 - INFO - 页面"注意力训练"跳转正常,该类元素共57个，当前第5个
2020-09-23 19:44:11,421 - 2 - INFO - 页面"Becky! Internet Mail(邮箱客户端)"跳转正常,该类元素共57个，当前第6个
2020-09-23 19:44:17,542 - 2 - INFO - 页面"qq下载最新版"跳转正常,该类元素共57个，当前第7个
2020-09-23 19:44:23,678 - 2 - INFO - 页面"微信电脑版"跳转正常,该类元素共57个，当前第8个
2020-09-23 19:44:29,797 - 2 - INFO - 页面"Linqer(数据库文件转换软件)"跳转正常,该类元素共57个，当前第9个
2020-09-23 19:44:36,621 - 2 - INFO - 页面"西部狂野赏金猎人"跳转正常,该类元素共57个，当前第10个
2020-09-23 19:44:42,754 - 2 - INFO - 页面"qq五笔输入法2016"跳转正常,该类元素共57个，当前第11个
2020-09-23 19:44:48,876 - 2 - INFO - 页面"搜狗五笔"跳转正常,该类元素共57个，当前第12个
2020-09-23 19:44:55,000 - 2 - INFO - 页面"QQ输入法"跳转正常,该类元素共57个，当前第13个
2020-09-23 19:45:01,126 - 2 - INFO - 页面"搜狗输入法"跳转正常,该类元素共57个，当前第14个
2020-09-23 19:45:07,273 - 2 - INFO - 页面"百度输入法"跳转正常,该类元素共57个，当前第15个
2020-09-23 19:45:13,426 - 2 - INFO - 页面"uc浏览器下载电脑版2017"跳转正常,该类元素共57个，当前第16个
2020-09-23 19:45:19,569 - 2 - INFO - 页面"QQ浏览器"跳转正常,该类元素共57个，当前第17个
2020-09-23 19:45:25,710 - 2 - INFO - 页面"谷歌浏览器"跳转正常,该类元素共57个，当前第18个
2020-09-23 19:45:31,842 - 2 - INFO - 页面"360浏览器"跳转正常,该类元素共57个，当前第19个
2020-09-23 19:45:38,030 - 2 - INFO - 页面"最新版360安全卫士"跳转正常,该类元素共57个，当前第20个
2020-09-23 19:45:44,169 - 2 - INFO - 页面"电脑管家"跳转正常,该类元素共57个，当前第21个
2020-09-23 19:45:50,321 - 2 - INFO - 页面"金山毒霸"跳转正常,该类元素共57个，当前第22个
2020-09-23 19:45:56,468 - 2 - INFO - 页面"360杀毒"跳转正常,该类元素共57个，当前第23个
2020-09-23 19:46:02,640 - 2 - INFO - 页面"千千静听"跳转正常,该类元素共57个，当前第24个
2020-09-23 19:46:08,766 - 2 - INFO - 页面"QQ音乐"跳转正常,该类元素共57个，当前第25个
2020-09-23 19:46:14,911 - 2 - INFO - 页面"酷狗音乐"跳转正常,该类元素共57个，当前第26个
2020-09-23 19:46:21,065 - 2 - INFO - 页面"网易云音乐"跳转正常,该类元素共57个，当前第27个
2020-09-23 19:46:27,230 - 2 - INFO - 页面"天天背单词"跳转正常,该类元素共57个，当前第28个
2020-09-23 19:46:33,396 - 2 - INFO - 页面"pptv网络电视"跳转正常,该类元素共57个，当前第29个
2020-09-23 19:46:39,559 - 2 - INFO - 页面"优酷播放器2018"跳转正常,该类元素共57个，当前第30个
2020-09-23 19:46:45,702 - 2 - INFO - 页面"爱奇艺"跳转正常,该类元素共57个，当前第31个
2020-09-23 19:46:51,831 - 2 - INFO - 页面"mf4700驱动"跳转正常,该类元素共57个，当前第32个
2020-09-23 19:46:57,995 - 2 - INFO - 页面"驱动人生"跳转正常,该类元素共57个，当前第33个
2020-09-23 19:47:04,175 - 2 - INFO - 页面"驱动精灵万能网卡版"跳转正常,该类元素共57个，当前第34个
2020-09-23 19:47:10,311 - 2 - INFO - 页面"360驱动大师"跳转正常,该类元素共57个，当前第35个
2020-09-23 19:47:16,470 - 2 - INFO - 页面"Winrar"跳转正常,该类元素共57个，当前第36个
2020-09-23 19:47:22,592 - 2 - INFO - 页面"360压缩"跳转正常,该类元素共57个，当前第37个
2020-09-23 19:47:28,722 - 2 - INFO - 页面"快压"跳转正常,该类元素共57个，当前第38个
2020-09-23 19:47:34,868 - 2 - INFO - 页面"7-zip"跳转正常,该类元素共57个，当前第39个
2020-09-23 19:47:41,035 - 2 - INFO - 页面"360手机助手"跳转正常,该类元素共57个，当前第40个
2020-09-23 19:47:47,185 - 2 - INFO - 页面"腾讯应用宝"跳转正常,该类元素共57个，当前第41个
2020-09-23 19:47:53,309 - 2 - INFO - 页面"91手机助手"跳转正常,该类元素共57个，当前第42个
2020-09-23 19:47:59,482 - 2 - INFO - 页面"pp助手"跳转正常,该类元素共57个，当前第43个
2020-09-23 19:48:05,677 - 2 - INFO - 页面"完美游戏平台官方版"跳转正常,该类元素共57个，当前第44个
2020-09-23 19:48:11,822 - 2 - INFO - 页面"QQ游戏大厅(QQGame)"跳转正常,该类元素共57个，当前第45个
2020-09-23 19:48:17,963 - 2 - INFO - 页面"wegame"跳转正常,该类元素共57个，当前第46个
2020-09-23 19:48:24,080 - 2 - INFO - 页面"steam平台"跳转正常,该类元素共57个，当前第47个
2020-09-23 19:48:30,247 - 2 - INFO - 页面"Birdie EML to PDF Converter(EML到PDF转换器)"跳转正常,该类元素共57个，当前第48个
2020-09-23 19:48:36,414 - 2 - INFO - 页面"轻推"跳转正常,该类元素共57个，当前第49个
2020-09-23 19:48:42,534 - 2 - INFO - 页面"acdsee"跳转正常,该类元素共57个，当前第50个
2020-09-23 19:48:48,664 - 2 - ERROR - 页面"WPS Office"跳转异常,该类元素共57个，当前第51个
2020-09-23 19:48:55,036 - 2 - INFO - 页面"福昕pdf阅读器"跳转正常,该类元素共57个，当前第52个
2020-09-23 19:49:01,196 - 2 - INFO - 页面"为知笔记"跳转正常,该类元素共57个，当前第53个
2020-09-23 19:49:07,330 - 2 - INFO - 页面"遂宁之窗"跳转正常,该类元素共57个，当前第54个
2020-09-23 19:49:13,459 - 2 - INFO - 页面"Dreamweaver"跳转正常,该类元素共57个，当前第55个
2020-09-23 19:49:19,581 - 2 - INFO - 页面"Visual Studio"跳转正常,该类元素共57个，当前第56个
2020-09-23 19:49:25,720 - 2 - INFO - 页面"Java开发工具"跳转正常,该类元素共57个，当前第57个
2020-09-23 19:49:31,866 - 2 - INFO - 页面"SFX Silhouette v4.5.4 For 64bit 破解版"跳转正常,该类元素共11个，当前第1个
2020-09-23 19:49:38,020 - 2 - INFO - 页面"idm uestudio portable"跳转正常,该类元素共11个，当前第2个
2020-09-23 19:49:44,177 - 2 - INFO - 页面"DiskDigger Portable"跳转正常,该类元素共11个，当前第3个
2020-09-23 19:49:50,356 - 2 - INFO - 页面"坚果云"跳转正常,该类元素共11个，当前第4个
2020-09-23 19:49:56,496 - 2 - INFO - 页面"星影影视盒"跳转正常,该类元素共11个，当前第5个
2020-09-23 19:50:02,644 - 2 - INFO - 页面"愤怒的小鸟之星球大战美化主题包"跳转正常,该类元素共11个，当前第6个
2020-09-23 19:50:08,771 - 2 - INFO - 页面"金山U盘卫士"跳转正常,该类元素共11个，当前第7个
2020-09-23 19:50:14,932 - 2 - INFO - 页面"微博AIR SinaTair V1.67.0 正式版"跳转正常,该类元素共11个，当前第8个
2020-09-23 19:50:21,046 - 2 - INFO - 页面"qq中文输入法"跳转正常,该类元素共11个，当前第9个
2020-09-23 19:50:27,202 - 2 - INFO - 页面"Core Technologies AlwaysUp v9.03.81 注册版 _ 软件变后台服务"跳转正常,该类元素共11个，当前第10个
2020-09-23 19:50:33,378 - 2 - INFO - 页面"Womble EasyDVD v1.0.1.28 官方中文注册版"跳转正常,该类元素共11个，当前第11个
2020-09-23 19:50:41,564 - 2 - INFO - 页面"啪啪三国2手游下载-QQ下载站"跳转正常,该类元素共36个，当前第1个
2020-09-23 19:50:47,722 - 2 - INFO - 页面"小米枪战战场前线下载-QQ下载站"跳转正常,该类元素共36个，当前第2个
2020-09-23 19:50:53,884 - 2 - INFO - 页面"我的世界0.14.1下载-QQ下载站"跳转正常,该类元素共36个，当前第3个
2020-09-23 19:51:00,095 - 2 - INFO - 页面"火影忍者疾风传手游下载-QQ下载站"跳转正常,该类元素共36个，当前第4个
2020-09-23 19:51:06,250 - 2 - INFO - 页面"球球大作战v9.0.0最新预览版本下载-QQ下载站"跳转正常,该类元素共36个，当前第5个
2020-09-23 19:51:12,406 - 2 - INFO - 页面"皇室战争安卓版下载-QQ下载站"跳转正常,该类元素共36个，当前第6个
2020-09-23 19:51:18,549 - 2 - INFO - 页面"qq飞车手游破解版下载-QQ下载站"跳转正常,该类元素共36个，当前第7个
2020-09-23 19:51:24,695 - 2 - INFO - 页面"绝地求生手游吃鸡版下载-QQ下载站"跳转正常,该类元素共36个，当前第8个
2020-09-23 19:51:30,847 - 2 - INFO - 页面"阴阳师手游网易版下载-QQ下载站"跳转正常,该类元素共36个，当前第9个
2020-09-23 19:51:36,972 - 2 - INFO - 页面"开心消消乐手游下载-QQ下载站"跳转正常,该类元素共36个，当前第10个
2020-09-23 19:51:43,100 - 2 - INFO - 页面"剑侠世界2手游下载-QQ下载站"跳转正常,该类元素共36个，当前第11个
2020-09-23 19:51:49,240 - 2 - INFO - 页面"天天飞车无限金币版下载-QQ下载站"跳转正常,该类元素共36个，当前第12个
2020-09-23 19:51:55,386 - 2 - INFO - 页面"魂斗罗归来手游下载-QQ下载站"跳转正常,该类元素共36个，当前第13个
2020-09-23 19:52:01,515 - 2 - INFO - 页面"梦幻诛仙官方版下载-QQ下载站"跳转正常,该类元素共36个，当前第14个
2020-09-23 19:52:08,866 - 2 - INFO - 页面"问道官方最新版下载-QQ下载站"跳转正常,该类元素共36个，当前第15个
2020-09-23 19:52:15,021 - 2 - INFO - 页面"植物大战僵尸2最新破解版下载-QQ下载站"跳转正常,该类元素共36个，当前第16个
2020-09-23 19:52:21,169 - 2 - INFO - 页面"qq炫舞安卓版下载-QQ下载站"跳转正常,该类元素共36个，当前第17个
2020-09-23 19:52:27,288 - 2 - INFO - 页面"QQ降龙腾讯版下载-QQ下载站"跳转正常,该类元素共36个，当前第18个
2020-09-23 19:52:33,445 - 2 - INFO - 页面"饥饿鲨进化4.0.2内购破解版下载-QQ下载站"跳转正常,该类元素共36个，当前第19个
2020-09-23 19:52:39,580 - 2 - INFO - 页面"史上最坑爹的游戏15下载-QQ下载站"跳转正常,该类元素共36个，当前第20个
2020-09-23 19:52:45,742 - 2 - INFO - 页面"纪念碑谷3下载-QQ下载站"跳转正常,该类元素共36个，当前第21个
2020-09-23 19:52:51,875 - 2 - INFO - 页面"真实赛车4破解版下载-QQ下载站"跳转正常,该类元素共36个，当前第22个
2020-09-23 19:52:57,999 - 2 - INFO - 页面"瘟疫公司4.0中文破解版下载-QQ下载站"跳转正常,该类元素共36个，当前第23个
2020-09-23 19:53:04,138 - 2 - INFO - 页面"单机三国志破解版下载-QQ下载站"跳转正常,该类元素共36个，当前第24个
2020-09-23 19:53:10,280 - 2 - INFO - 页面"戴夫骑士安卓汉化版下载-QQ下载站"跳转正常,该类元素共36个，当前第25个
2020-09-23 19:53:16,402 - 2 - INFO - 页面"史诗之心汉化增强版下载-QQ下载站"跳转正常,该类元素共36个，当前第26个
2020-09-23 19:53:22,559 - 2 - INFO - 页面"捕鱼游戏手机版下载-QQ下载站"跳转正常,该类元素共36个，当前第27个
2020-09-23 19:53:28,680 - 2 - INFO - 页面"祖玛传奇手机版下载-QQ下载站"跳转正常,该类元素共36个，当前第28个
2020-09-23 19:53:34,813 - 2 - INFO - 页面"愤怒的小鸟大作战修改版下载-QQ下载站"跳转正常,该类元素共36个，当前第29个
2020-09-23 19:53:41,008 - 2 - INFO - 页面"极速摩托下载-QQ下载站"跳转正常,该类元素共36个，当前第30个
2020-09-23 19:53:47,169 - 2 - INFO - 页面"兄弟连3战争之子下载-QQ下载站"跳转正常,该类元素共36个，当前第31个
2020-09-23 19:53:53,322 - 2 - INFO - 页面"天空跳跃者手机版下载-QQ下载站"跳转正常,该类元素共36个，当前第32个
2020-09-23 19:53:59,461 - 2 - INFO - 页面"泰拉瑞亚1.2下载-QQ下载站"跳转正常,该类元素共36个，当前第33个
2020-09-23 19:54:05,626 - 2 - INFO - 页面"合金风暴2无限金币版下载-QQ下载站"跳转正常,该类元素共36个，当前第34个
2020-09-23 19:54:11,744 - 2 - INFO - 页面"神庙逃亡2最新版下载-QQ下载站"跳转正常,该类元素共36个，当前第35个
2020-09-23 19:54:17,878 - 2 - INFO - 页面"宫爆老奶奶金币修改版下载-QQ下载站"跳转正常,该类元素共36个，当前第36个
2020-09-23 19:54:24,052 - 2 - INFO - 页面"王者荣耀破解版无限金币钻石点卷版下载-QQ下载站"跳转正常,该类元素共18个，当前第1个
2020-09-23 19:54:30,209 - 2 - INFO - 页面"部落冲突qq版下载-QQ下载站"跳转正常,该类元素共18个，当前第2个
2020-09-23 19:54:36,336 - 2 - INFO - 页面"泰拉瑞亚1.3免费完整破解版下载-QQ下载站"跳转正常,该类元素共18个，当前第3个
2020-09-23 19:54:42,507 - 2 - INFO - 页面"造梦西游ol无限点券内购破解版下载-QQ下载站"跳转正常,该类元素共18个，当前第4个
2020-09-23 19:54:48,672 - 2 - INFO - 页面"阿瑞斯病毒无限金币内购破解版下载-QQ下载站"跳转正常,该类元素共18个，当前第5个
2020-09-23 19:54:54,811 - 2 - INFO - 页面"王者荣耀单机版无需联网版下载-QQ下载站"跳转正常,该类元素共18个，当前第6个
2020-09-23 19:55:00,965 - 2 - INFO - 页面"球球大作战吐球加速器下载-QQ下载站"跳转正常,该类元素共18个，当前第7个
2020-09-23 19:55:07,083 - 2 - INFO - 页面"穿越火线无限钻石内购破解版下载-QQ下载站"跳转正常,该类元素共18个，当前第8个
2020-09-23 19:55:13,220 - 2 - INFO - 页面"饥饿鲨世界无限钻石金币版下载-QQ下载站"跳转正常,该类元素共18个，当前第9个
2020-09-23 19:55:19,383 - 2 - INFO - 页面"火柴人绳索英雄2无限金币破解版下载-QQ下载站"跳转正常,该类元素共18个，当前第10个
2020-09-23 19:55:25,557 - 2 - INFO - 页面"植物大战僵尸无尽版破解版下载-QQ下载站"跳转正常,该类元素共18个，当前第11个
2020-09-23 19:55:31,694 - 2 - INFO - 页面"超凡蜘蛛侠2汉化内购破解版apk下载-QQ下载站"跳转正常,该类元素共18个，当前第12个
2020-09-23 19:55:37,844 - 2 - INFO - 页面"登山赛车无限金币钻石内购破解版下载-QQ下载站"跳转正常,该类元素共18个，当前第13个
2020-09-23 19:55:44,006 - 2 - INFO - 页面"城堡攻击2破解中文版下载-QQ下载站"跳转正常,该类元素共18个，当前第14个
2020-09-23 19:55:50,154 - 2 - INFO - 页面"侠盗猎车手圣安地列斯中文版下载-QQ下载站"跳转正常,该类元素共18个，当前第15个
2020-09-23 19:55:56,300 - 2 - INFO - 页面"城市飞车无限钻石破解版下载-QQ下载站"跳转正常,该类元素共18个，当前第16个
2020-09-23 19:56:02,431 - 2 - INFO - 页面"登山赛车破解版下载-QQ下载站"跳转正常,该类元素共18个，当前第17个
2020-09-23 19:56:08,601 - 2 - INFO - 页面"奥特曼传奇英雄无限钻石版下载-QQ下载站"跳转正常,该类元素共18个，当前第18个
2020-09-23 19:56:16,804 - 2 - INFO - 页面"摩力极速下载-摩力极速免费版-QQ下载站"跳转正常,该类元素共165个，当前第1个
2020-09-23 19:56:22,957 - 2 - INFO - 页面"路由IP自动更换者下载-路由IP自动更换者免费版-QQ下载站"跳转正常,该类元素共165个，当前第2个
2020-09-23 19:56:29,113 - 2 - INFO - 页面"极速酷6下载-极速酷6免费版-QQ下载站"跳转正常,该类元素共165个，当前第3个
2020-09-23 19:56:35,235 - 2 - INFO - 页面"购物兔浏览器下载-购物兔浏览器免费版-QQ下载站"跳转正常,该类元素共165个，当前第4个
2020-09-23 19:56:57,910 - 2 - INFO - 页面"方配网站服务器下载-方配网站服务器免费版-QQ下载站"跳转正常,该类元素共165个，当前第5个
2020-09-23 19:57:04,039 - 2 - INFO - 页面"端口扫描工具下载-端口扫描工具绿色版-QQ下载站"跳转正常,该类元素共165个，当前第6个
2020-09-23 19:57:10,182 - 2 - INFO - 页面"思域模拟器最新版下载_思域模拟器安卓版下载_QQ下载站"跳转正常,该类元素共165个，当前第7个
2020-09-23 19:57:16,343 - 2 - INFO - 页面"潜水模拟最新版下载_潜水模拟安卓版下载_QQ下载站"跳转正常,该类元素共165个，当前第8个
2020-09-23 19:57:22,489 - 2 - INFO - 页面"汽车模拟器城市驾驶最新版下载_汽车模拟器城市驾驶安卓版下载_QQ下载站"跳转正常,该类元素共165个，当前第9个
2020-09-23 19:57:28,622 - 2 - INFO - 页面"暖暖的新家最新版下载_暖暖的新家安卓版下载_QQ下载站"跳转正常,该类元素共165个，当前第10个
2020-09-23 19:57:34,767 - 2 - INFO - 页面"豆瓣fm桌面版下载-豆瓣fm桌面版免费版-QQ下载站"跳转正常,该类元素共165个，当前第11个
2020-09-23 19:58:18,713 - 2 - INFO - 页面"明星达人养成记最新版下载_明星达人养成记安卓版下载_QQ下载站"跳转正常,该类元素共165个，当前第12个
2020-09-23 19:58:24,871 - 2 - INFO - 页面"两夫妻模拟器最新版下载_两夫妻模拟器安卓版下载_QQ下载站"跳转正常,该类元素共165个，当前第13个
2020-09-23 19:58:31,034 - 2 - INFO - 页面"电信网通转换器下载-电信网通转换器免费版-QQ下载站"跳转正常,该类元素共165个，当前第14个
2020-09-23 19:58:37,189 - 2 - INFO - 页面"老鹰比赛模拟器最新版下载_老鹰比赛模拟器安卓版下载_QQ下载站"跳转正常,该类元素共165个，当前第15个
2020-09-23 19:58:43,333 - 2 - INFO - 页面"暴雪下载器下载-暴雪下载器官方版-QQ下载站"跳转正常,该类元素共165个，当前第16个
2020-09-23 19:58:49,501 - 2 - INFO - 页面"来把大宝剑最新版下载_来把大宝剑安卓版下载_QQ下载站"跳转正常,该类元素共165个，当前第17个
2020-09-23 19:58:55,629 - 2 - INFO - 页面"空闲塔矿工最新版下载_空闲塔矿工安卓版下载_QQ下载站"跳转正常,该类元素共165个，当前第18个
2020-09-23 19:59:01,769 - 2 - INFO - 页面"狗爷的说唱帝国最新版下载_狗爷的说唱帝国安卓版下载_QQ下载站"跳转正常,该类元素共165个，当前第19个
2020-09-23 19:59:07,935 - 2 - INFO - 页面"疯狂火车头最新版下载_疯狂火车头安卓版下载_QQ下载站"跳转正常,该类元素共165个，当前第20个
2020-09-23 19:59:14,082 - 2 - INFO - 页面"傲游浏览器3下载-傲游浏览器3官方版-QQ下载站"跳转正常,该类元素共165个，当前第21个
2020-09-23 19:59:20,227 - 2 - INFO - 页面"大姐大模拟器最新版下载_大姐大模拟器安卓版下载_QQ下载站"跳转正常,该类元素共165个，当前第22个
2020-09-23 19:59:26,382 - 2 - INFO - 页面"Vagaa哇嘎下载-Vagaa哇嘎官方版-QQ下载站"跳转正常,该类元素共165个，当前第23个
2020-09-23 19:59:32,540 - 2 - INFO - 页面"mugen模拟器最新版下载_mugen模拟器安卓版下载_QQ下载站"跳转正常,该类元素共165个，当前第24个
2020-09-23 19:59:38,721 - 2 - INFO - 页面"11号甲板铁路2最新版下载_11号甲板铁路2安卓版下载_QQ下载站"跳转正常,该类元素共165个，当前第25个
2020-09-23 19:59:44,852 - 2 - INFO - 页面"子网掩码计算器下载-子网掩码计算器免费版-QQ下载站"跳转正常,该类元素共165个，当前第26个
2020-09-23 19:59:50,979 - 2 - INFO - 页面"NetTerm下载-NetTerm绿色版-QQ下载站"跳转正常,该类元素共165个，当前第27个
2020-09-23 19:59:57,125 - 2 - INFO - 页面"magnetizer下载-magnetizer汉化版-QQ下载站"跳转正常,该类元素共165个，当前第28个
2020-09-23 20:00:03,305 - 2 - INFO - 页面"le浏览器下载-le浏览器绿色版-QQ下载站"跳转正常,该类元素共165个，当前第29个
2020-09-23 20:00:09,473 - 2 - INFO - 页面"i酷PC版下载-i酷PC版官方版-QQ下载站"跳转正常,该类元素共165个，当前第30个
2020-09-23 20:00:15,615 - 2 - INFO - 页面"Iis下载-Iis官方免费版-QQ下载站"跳转正常,该类元素共165个，当前第31个
2020-09-23 20:00:21,737 - 2 - INFO - 页面"hosts修改器下载-hosts修改器官方版-QQ下载站"跳转正常,该类元素共165个，当前第32个
2020-09-23 20:00:27,891 - 2 - INFO - 页面"智能配色APP最新版下载_智能配色APP官方版1.3下载_QQ下载站"跳转正常,该类元素共165个，当前第33个
2020-09-23 20:00:34,040 - 2 - INFO - 页面"摩力极速下载-摩力极速免费版-QQ下载站"跳转正常,该类元素共165个，当前第34个
2020-09-23 20:00:40,219 - 2 - INFO - 页面"路由IP自动更换者下载-路由IP自动更换者免费版-QQ下载站"跳转正常,该类元素共165个，当前第35个
2020-09-23 20:00:46,365 - 2 - INFO - 页面"极速酷6下载-极速酷6免费版-QQ下载站"跳转正常,该类元素共165个，当前第36个
2020-09-23 20:00:52,505 - 2 - INFO - 页面"购物兔浏览器下载-购物兔浏览器免费版-QQ下载站"跳转正常,该类元素共165个，当前第37个
2020-09-23 20:00:58,653 - 2 - INFO - 页面"方配网站服务器下载-方配网站服务器免费版-QQ下载站"跳转正常,该类元素共165个，当前第38个
2020-09-23 20:01:04,812 - 2 - INFO - 页面"端口扫描工具下载-端口扫描工具绿色版-QQ下载站"跳转正常,该类元素共165个，当前第39个
2020-09-23 20:01:10,975 - 2 - INFO - 页面"豆瓣fm桌面版下载-豆瓣fm桌面版免费版-QQ下载站"跳转正常,该类元素共165个，当前第40个
2020-09-23 20:01:17,157 - 2 - INFO - 页面"电信网通转换器下载-电信网通转换器免费版-QQ下载站"跳转正常,该类元素共165个，当前第41个
2020-09-23 20:01:23,337 - 2 - INFO - 页面"暴雪下载器下载-暴雪下载器官方版-QQ下载站"跳转正常,该类元素共165个，当前第42个
2020-09-23 20:01:29,518 - 2 - INFO - 页面"傲游浏览器3下载-傲游浏览器3官方版-QQ下载站"跳转正常,该类元素共165个，当前第43个
2020-09-23 20:01:35,674 - 2 - INFO - 页面"Vagaa哇嘎下载-Vagaa哇嘎官方版-QQ下载站"跳转正常,该类元素共165个，当前第44个
2020-09-23 20:01:41,821 - 2 - INFO - 页面"子网掩码计算器下载-子网掩码计算器免费版-QQ下载站"跳转正常,该类元素共165个，当前第45个
2020-09-23 20:01:48,010 - 2 - INFO - 页面"NetTerm下载-NetTerm绿色版-QQ下载站"跳转正常,该类元素共165个，当前第46个
2020-09-23 20:01:54,168 - 2 - INFO - 页面"magnetizer下载-magnetizer汉化版-QQ下载站"跳转正常,该类元素共165个，当前第47个
2020-09-23 20:02:00,351 - 2 - INFO - 页面"le浏览器下载-le浏览器绿色版-QQ下载站"跳转正常,该类元素共165个，当前第48个
2020-09-23 20:02:06,510 - 2 - INFO - 页面"i酷PC版下载-i酷PC版官方版-QQ下载站"跳转正常,该类元素共165个，当前第49个
2020-09-23 20:02:12,644 - 2 - INFO - 页面"Iis下载-Iis官方免费版-QQ下载站"跳转正常,该类元素共165个，当前第50个
2020-09-23 20:02:18,790 - 2 - INFO - 页面"hosts修改器下载-hosts修改器官方版-QQ下载站"跳转正常,该类元素共165个，当前第51个
2020-09-23 20:02:24,930 - 2 - INFO - 页面"芝麻快译专业版下载-芝麻快译专业版官方版-QQ下载站"跳转正常,该类元素共165个，当前第52个
2020-09-23 20:02:31,126 - 2 - INFO - 页面"芝麻快译下载-芝麻快译官方版-QQ下载站"跳转正常,该类元素共165个，当前第53个
2020-09-23 20:02:37,290 - 2 - INFO - 页面"小米网盘下载-小米网盘官方版-QQ下载站"跳转正常,该类元素共165个，当前第54个
2020-09-23 20:02:43,467 - 2 - INFO - 页面"网络精灵下载-网络精灵免费版-QQ下载站"跳转正常,该类元素共165个，当前第55个
2020-09-23 20:02:49,586 - 2 - INFO - 页面"阿云浏览器下载-阿云浏览器官方版-QQ下载站"跳转正常,该类元素共165个，当前第56个
2020-09-23 20:02:55,732 - 2 - INFO - 页面"ZOOK NSF to eml Converter下载-ZOOK NSF to eml Converter官方版-QQ下载站"跳转正常,该类元素共165个，当前第57个
2020-09-23 20:03:01,884 - 2 - INFO - 页面"ThunderSoft Flash to HTML5 Converter下载-ThunderSoft Flash to HTML5 Converter免费版-QQ下载站"跳转正常,该类元素共165个，当前第58个
2020-09-23 20:03:08,034 - 2 - INFO - 页面"Telnet工具下载-Telnet工具官方版-QQ下载站"跳转正常,该类元素共165个，当前第59个
2020-09-23 20:03:14,204 - 2 - INFO - 页面"SysTools MSG Converter(MSG格式转换器)下载-SysTools MSG Converter(MSG格式转换器)免费版-QQ下载站"跳转正常,该类元素共165个，当前第60个
2020-09-23 20:03:20,390 - 2 - INFO - 页面"Skp文件版本转换器下载-Skp文件版本转换器免费版-QQ下载站"跳转正常,该类元素共165个，当前第61个
2020-09-23 20:03:26,510 - 2 - INFO - 页面"Replace C4DSTR(C4D插件汉化工具)下载-Replace C4DSTR(C4D插件汉化工具)官方版-QQ下载站"跳转正常,该类元素共165个，当前第62个
2020-09-23 20:03:32,671 - 2 - INFO - 页面"oofile办公软件(局域网文件传输软件)下载-oofile办公软件(局域网文件传输软件)官方版-QQ下载站"跳转正常,该类元素共165个，当前第63个
2020-09-23 20:03:38,802 - 2 - INFO - 页面"ODA File Converter(cad转低版本软件)下载-ODA File Converter(cad转低版本软件)免费版-QQ下载站"跳转正常,该类元素共165个，当前第64个
2020-09-23 20:03:44,963 - 2 - INFO - 页面"Kindle Create(亚马逊电子书制作工具)下载-Kindle Create(亚马逊电子书制作工具)官方版-QQ下载站"跳转正常,该类元素共165个，当前第65个
2020-09-23 20:03:51,108 - 2 - INFO - 页面"JsonToSqlite(Json转Sqlite工具)下载-JsonToSqlite(Json转Sqlite工具)官方版-QQ下载站"跳转正常,该类元素共165个，当前第66个
2020-09-23 20:03:57,257 - 2 - INFO - 页面"思域模拟器最新版下载_思域模拟器安卓版下载_QQ下载站"跳转正常,该类元素共165个，当前第67个
2020-09-23 20:04:03,358 - 2 - INFO - 页面"潜水模拟最新版下载_潜水模拟安卓版下载_QQ下载站"跳转正常,该类元素共165个，当前第68个
2020-09-23 20:04:09,487 - 2 - INFO - 页面"汽车模拟器城市驾驶最新版下载_汽车模拟器城市驾驶安卓版下载_QQ下载站"跳转正常,该类元素共165个，当前第69个
2020-09-23 20:04:15,617 - 2 - INFO - 页面"暖暖的新家最新版下载_暖暖的新家安卓版下载_QQ下载站"跳转正常,该类元素共165个，当前第70个
2020-09-23 20:04:21,740 - 2 - INFO - 页面"明星达人养成记最新版下载_明星达人养成记安卓版下载_QQ下载站"跳转正常,该类元素共165个，当前第71个
2020-09-23 20:04:27,876 - 2 - INFO - 页面"两夫妻模拟器最新版下载_两夫妻模拟器安卓版下载_QQ下载站"跳转正常,该类元素共165个，当前第72个
2020-09-23 20:04:34,022 - 2 - INFO - 页面"老鹰比赛模拟器最新版下载_老鹰比赛模拟器安卓版下载_QQ下载站"跳转正常,该类元素共165个，当前第73个
2020-09-23 20:04:40,149 - 2 - INFO - 页面"来把大宝剑最新版下载_来把大宝剑安卓版下载_QQ下载站"跳转正常,该类元素共165个，当前第74个
2020-09-23 20:04:46,296 - 2 - INFO - 页面"空闲塔矿工最新版下载_空闲塔矿工安卓版下载_QQ下载站"跳转正常,该类元素共165个，当前第75个
2020-09-23 20:04:52,428 - 2 - INFO - 页面"狗爷的说唱帝国最新版下载_狗爷的说唱帝国安卓版下载_QQ下载站"跳转正常,该类元素共165个，当前第76个
2020-09-23 20:04:58,553 - 2 - INFO - 页面"疯狂火车头最新版下载_疯狂火车头安卓版下载_QQ下载站"跳转正常,该类元素共165个，当前第77个
2020-09-23 20:05:04,681 - 2 - INFO - 页面"大姐大模拟器最新版下载_大姐大模拟器安卓版下载_QQ下载站"跳转正常,该类元素共165个，当前第78个
2020-09-23 20:05:10,829 - 2 - INFO - 页面"mugen模拟器最新版下载_mugen模拟器安卓版下载_QQ下载站"跳转正常,该类元素共165个，当前第79个
2020-09-23 20:05:17,003 - 2 - INFO - 页面"11号甲板铁路2最新版下载_11号甲板铁路2安卓版下载_QQ下载站"跳转正常,该类元素共165个，当前第80个
2020-09-23 20:05:23,157 - 2 - INFO - 页面"魔法娃娃装扮最新版下载_魔法娃娃装扮安卓版下载_QQ下载站"跳转正常,该类元素共165个，当前第81个
2020-09-23 20:05:29,299 - 2 - INFO - 页面"陆军卡车驾驶最新版下载_陆军卡车驾驶安卓版下载_QQ下载站"跳转正常,该类元素共165个，当前第82个
2020-09-23 20:05:35,469 - 2 - INFO - 页面"空闲送货城市大亨最新版下载_空闲送货城市大亨安卓版下载_QQ下载站"跳转正常,该类元素共165个，当前第83个
2020-09-23 20:05:41,624 - 2 - INFO - 页面"火力前线无限金币钻石最新版下载_火力前线无限金币钻石安卓版下载_QQ下载站"跳转正常,该类元素共165个，当前第84个
2020-09-23 20:05:47,786 - 2 - INFO - 页面"坦克战争机器最新版下载_坦克战争机器安卓版下载_QQ下载站"跳转正常,该类元素共165个，当前第85个
2020-09-23 20:05:53,933 - 2 - INFO - 页面"死眼射手最新版下载_死眼射手安卓版下载_QQ下载站"跳转正常,该类元素共165个，当前第86个
2020-09-23 20:06:00,082 - 2 - INFO - 页面"射箭先生射瓶最新版下载_射箭先生射瓶安卓版下载_QQ下载站"跳转正常,该类元素共165个，当前第87个
2020-09-23 20:06:06,234 - 2 - INFO - 页面"射爆3最新版下载_射爆3安卓版下载_QQ下载站"跳转正常,该类元素共165个，当前第88个
2020-09-23 20:06:12,374 - 2 - INFO - 页面"枪神就是我最新版下载_枪神就是我安卓版下载_QQ下载站"跳转正常,该类元素共165个，当前第89个
2020-09-23 20:06:18,551 - 2 - INFO - 页面"竞技场大师2最新版下载_竞技场大师2安卓版下载_QQ下载站"跳转正常,该类元素共165个，当前第90个
2020-09-23 20:06:24,703 - 2 - INFO - 页面"舰炮射击最新版下载_舰炮射击安卓版下载_QQ下载站"跳转正常,该类元素共165个，当前第91个
2020-09-23 20:06:30,880 - 2 - INFO - 页面"火柴人特工行动最新版下载_火柴人特工行动安卓版下载_QQ下载站"跳转正常,该类元素共165个，当前第92个
2020-09-23 20:06:37,040 - 2 - INFO - 页面"车神行动最新版下载_车神行动安卓版下载_QQ下载站"跳转正常,该类元素共165个，当前第93个
2020-09-23 20:06:43,190 - 2 - INFO - 页面"堡垒荣耀战最新版下载_堡垒荣耀战安卓版下载_QQ下载站"跳转正常,该类元素共165个，当前第94个
2020-09-23 20:06:49,339 - 2 - INFO - 页面"航空公司指挥官无限金币版最新版下载_航空公司指挥官无限金币版安卓版下载_QQ下载站"跳转正常,该类元素共165个，当前第95个
2020-09-23 20:06:55,499 - 2 - INFO - 页面"中国高速公路驾驶最新版下载_中国高速公路驾驶安卓版下载_QQ下载站"跳转正常,该类元素共165个，当前第96个
2020-09-23 20:07:01,639 - 2 - INFO - 页面"休闲警察大亨最新版下载_休闲警察大亨安卓版下载_QQ下载站"跳转正常,该类元素共165个，当前第97个
2020-09-23 20:07:07,767 - 2 - INFO - 页面"小小世界最新版下载_小小世界安卓版下载_QQ下载站"跳转正常,该类元素共165个，当前第98个
2020-09-23 20:07:13,914 - 2 - INFO - 页面"闲置埃及大亨最新版下载_闲置埃及大亨安卓版下载_QQ下载站"跳转正常,该类元素共165个，当前第99个
2020-09-23 20:07:20,061 - 2 - INFO - 页面"智能配色APP最新版下载_智能配色APP官方版1.3下载_QQ下载站"跳转正常,该类元素共165个，当前第100个
2020-09-23 20:07:26,213 - 2 - INFO - 页面"镇村通门店版APP最新版下载_镇村通APP官方版2.0.19下载_QQ下载站"跳转正常,该类元素共165个，当前第101个
2020-09-23 20:07:32,366 - 2 - INFO - 页面"云查勘APP最新版下载_APP官方版6.0.12下载_QQ下载站"跳转正常,该类元素共165个，当前第102个
2020-09-23 20:07:38,535 - 2 - INFO - 页面"员工之家APP最新版下载_员工之家APP官方版3.0.1下载_QQ下载站"跳转正常,该类元素共165个，当前第103个
2020-09-23 20:07:44,666 - 2 - INFO - 页面"易转APP最新版下载_易转APP官方版2.2.4下载_QQ下载站"跳转正常,该类元素共165个，当前第104个
2020-09-23 20:07:50,795 - 2 - INFO - 页面"易董APP最新版下载_易董APP官方版3.8.4下载_QQ下载站"跳转正常,该类元素共165个，当前第105个
2020-09-23 20:07:56,955 - 2 - INFO - 页面"医捷云APP最新版下载_医捷云APP官方版2.5.7下载_QQ下载站"跳转正常,该类元素共165个，当前第106个
2020-09-23 20:08:03,077 - 2 - INFO - 页面"盐城招聘网APP最新版下载_盐城招聘网APP官方版下载_QQ下载站"跳转正常,该类元素共165个，当前第107个
2020-09-23 20:08:09,217 - 2 - INFO - 页面"新威智能APP最新版下载_新威智能APP官方版3.3.0下载_QQ下载站"跳转正常,该类元素共165个，当前第108个
2020-09-23 20:08:15,370 - 2 - INFO - 页面"小易管家APP最新版下载_小易管家APP官方版1.5.1下载_QQ下载站"跳转正常,该类元素共165个，当前第109个
2020-09-23 20:08:21,489 - 2 - INFO - 页面"物流宝兑通APP最新版下载_物流宝兑通APP官方版4.3.3下载_QQ下载站"跳转正常,该类元素共165个，当前第110个
2020-09-23 20:08:27,641 - 2 - INFO - 页面"微商小秘书APP最新版下载_微商小秘书APP官方版1.7.3.2下载_QQ下载站"跳转正常,该类元素共165个，当前第111个
2020-09-23 20:08:33,769 - 2 - INFO - 页面"农交安APP最新版下载_农交安APP官方版1.5.1下载_QQ下载站"跳转正常,该类元素共165个，当前第112个
2020-09-23 20:08:39,953 - 2 - INFO - 页面"莱月再生APP最新版下载_莱月再生APP官方版2.1.1下载_QQ下载站"跳转正常,该类元素共165个，当前第113个
2020-09-23 20:08:46,098 - 2 - INFO - 页面"来肯云商APP最新版下载_来肯云商APP官方版5.6.9下载_QQ下载站"跳转正常,该类元素共165个，当前第114个
2020-09-23 20:08:52,244 - 2 - INFO - 页面"开会宝APP最新版下载_开会宝APP官方版3.7.0下载_QQ下载站"跳转正常,该类元素共165个，当前第115个
2020-09-23 20:08:58,405 - 2 - INFO - 页面"广西人才网APP最新版下载_广西人才网APP官方版5.3下载_QQ下载站"跳转正常,该类元素共165个，当前第116个
2020-09-23 20:09:04,533 - 2 - INFO - 页面"都市制造APP最新版下载_都市制造APP官方版3.0.1下载_QQ下载站"跳转正常,该类元素共165个，当前第117个
2020-09-23 20:09:10,679 - 2 - INFO - 页面"懂法帝APP最新版下载_懂法帝APP官方版1.3.6下载_QQ下载站"跳转正常,该类元素共165个，当前第118个
2020-09-23 20:09:16,820 - 2 - INFO - 页面"电子人APP最新版下载_电子人APP官方版4.3.14下载_QQ下载站"跳转正常,该类元素共165个，当前第119个
2020-09-23 20:09:22,960 - 2 - INFO - 页面"大众签章APP最新版下载_大众签章APP官方版2.5.0下载_QQ下载站"跳转正常,该类元素共165个，当前第120个
2020-09-23 20:09:29,131 - 2 - INFO - 页面"百度营销APP最新版下载_百度营销APP官方版6.6.7下载_QQ下载站"跳转正常,该类元素共165个，当前第121个
2020-09-23 20:09:35,256 - 2 - INFO - 页面"百城招聘APP最新版下载_百城招聘APP官方版8.28.4下载_QQ下载站"跳转正常,该类元素共165个，当前第122个
2020-09-23 20:09:41,402 - 2 - INFO - 页面"Workio APP最新版下载_Workio APP官方版1.25.2下载_QQ下载站"跳转正常,该类元素共165个，当前第123个
2020-09-23 20:09:47,564 - 2 - INFO - 页面"政务微信APP最新版下载_政务微信APP官方版2.5.00010下载_QQ下载站"跳转正常,该类元素共165个，当前第124个
2020-09-23 20:09:53,697 - 2 - INFO - 页面"云人事APP最新版下载_云人事APP官方版6.2.00下载_QQ下载站"跳转正常,该类元素共165个，当前第125个
2020-09-23 20:09:59,826 - 2 - INFO - 页面"云签APP最新版下载_云签APP官方版下载_QQ下载站"跳转正常,该类元素共165个，当前第126个
2020-09-23 20:10:05,995 - 2 - INFO - 页面"云葫芦APP最新版下载_云葫芦APP官方版3.7.7下载_QQ下载站"跳转正常,该类元素共165个，当前第127个
2020-09-23 20:10:12,164 - 2 - INFO - 页面"亿企生意APP最新版下载_亿企生意APP官方版1.20.3下载_QQ下载站"跳转正常,该类元素共165个，当前第128个
2020-09-23 20:10:18,337 - 2 - INFO - 页面"唯客多APP最新版下载_唯客多APP官方版4.7.1下载_QQ下载站"跳转正常,该类元素共165个，当前第129个
2020-09-23 20:10:24,465 - 2 - INFO - 页面"微软必应APP最新版下载_微软必应APP官方版6.9.10下载_QQ下载站"跳转正常,该类元素共165个，当前第130个
2020-09-23 20:10:30,611 - 2 - INFO - 页面"实践大学APP最新版下载_实践大学APP官方版1.0.32下载_QQ下载站"跳转正常,该类元素共165个，当前第131个
2020-09-23 20:10:36,741 - 2 - INFO - 页面"企业密信APP最新版下载_企业密信APP官方版下载_QQ下载站"跳转正常,该类元素共165个，当前第132个
2020-09-23 20:10:42,898 - 2 - INFO - 页面"蘑菇云游安装_ 蘑菇云游破解版本永久免费吗-QQ下载站"跳转正常,该类元素共165个，当前第133个
2020-09-23 20:10:50,373 - 2 - INFO - 页面"泽诺尼亚传奇3怎么获取装备_泽诺尼亚传奇装备系统介绍-QQ下载站"跳转正常,该类元素共165个，当前第134个
2020-09-23 20:10:56,553 - 2 - INFO - 页面"海螺姑娘下载_海螺姑娘是什么-QQ下载站"跳转正常,该类元素共165个，当前第135个
2020-09-23 20:11:04,111 - 2 - INFO - 页面"血战僵尸如何通过第五关_血战僵尸中的强力武器有哪些-QQ下载站"跳转正常,该类元素共165个，当前第136个
2020-09-23 20:11:10,282 - 2 - INFO - 页面"信喵之野望5种元素大招的类型说明_信喵之野望新手福利领取攻略-QQ下载站"跳转正常,该类元素共165个，当前第137个
2020-09-23 20:11:16,425 - 2 - INFO - 页面"winiso软件下载_winiso可以修复哪些数据-QQ下载站"跳转正常,该类元素共165个，当前第138个
2020-09-23 20:11:22,546 - 2 - INFO - 页面"喵斯快跑两种模式的简单解析_喵斯快跑新手玩家的注意事项-QQ下载站"跳转正常,该类元素共165个，当前第139个
2020-09-23 20:11:28,688 - 2 - INFO - 页面"狂野之血如何快速通过第一章_狂野之战如何操控按键-QQ下载站"跳转正常,该类元素共165个，当前第140个
2020-09-23 20:11:34,811 - 2 - INFO - 页面"DNF助手官网下载_DNF助手出现战斗力不刷新-QQ下载站"跳转正常,该类元素共165个，当前第141个
2020-09-23 20:11:40,931 - 2 - INFO - 页面"恐怖庄园的秘密通关攻略_恐怖庄园的秘密通关技巧-QQ下载站"跳转正常,该类元素共165个，当前第142个
2020-09-23 20:11:47,053 - 2 - INFO - 页面"江湖OL怎么成为国战高手_江湖OL平民赚钱方法-QQ下载站"跳转正常,该类元素共165个，当前第143个
2020-09-23 20:11:53,206 - 2 - INFO - 页面"攻城大师新手玩家玩法操作指南_攻城大师每日福利领取攻略-QQ下载站"跳转正常,该类元素共165个，当前第144个
2020-09-23 20:11:59,329 - 2 - INFO - 页面"超级兔子人多种游戏模式的介绍_超级兔子人游戏操作方法的说明-QQ下载站"跳转正常,该类元素共165个，当前第145个
2020-09-23 20:12:05,453 - 2 - INFO - 页面"不思议地下城游戏操作玩法说明_不思议地下城元素克制关系的介绍-QQ下载站"跳转正常,该类元素共165个，当前第146个
2020-09-23 20:12:11,582 - 2 - INFO - 页面"cyberlink软件下载_cyberlink是做什么的-QQ下载站"跳转正常,该类元素共165个，当前第147个
2020-09-23 20:12:17,724 - 2 - INFO - 页面"新笑傲江湖官方版本_新笑傲江湖游戏效果怎么样-QQ下载站"跳转正常,该类元素共165个，当前第148个
2020-09-23 20:12:23,862 - 2 - INFO - 页面"水果忍者高清版下载_水果忍者高清版好玩吗-QQ下载站"跳转正常,该类元素共165个，当前第149个
2020-09-23 20:12:29,984 - 2 - INFO - 页面"井字游戏下载_井字游戏有哪些游戏诀窍-QQ下载站"跳转正常,该类元素共165个，当前第150个
2020-09-23 20:12:36,128 - 2 - INFO - 页面"qq炫舞手游下载_qq炫舞手游有哪些黑科技-QQ下载站"跳转正常,该类元素共165个，当前第151个
2020-09-23 20:12:42,257 - 2 - INFO - 页面"第二人生手游下载_第二人生有什么玩法-QQ下载站"跳转正常,该类元素共165个，当前第152个
2020-09-23 20:12:48,396 - 2 - INFO - 页面"萌推app下载你了解多少 萌推app如何使用-QQ下载站"跳转正常,该类元素共165个，当前第153个
2020-09-23 20:12:54,515 - 2 - INFO - 页面"米读极速版优势多吗 米读极速版赚钱靠谱吗-QQ下载站"跳转正常,该类元素共165个，当前第154个
2020-09-23 20:13:00,639 - 2 - INFO - 页面"用药助手收录有药品说明书吗？功能特色有哪些-QQ下载站"跳转正常,该类元素共165个，当前第155个
2020-09-23 20:13:06,772 - 2 - INFO - 页面"实惠喵下载是一款什么软件 实惠喵具有哪些优势-QQ下载站"跳转正常,该类元素共165个，当前第156个
2020-09-23 20:13:12,898 - 2 - INFO - 页面"娇兰佳人是什么软件_用它能干什么-QQ下载站"跳转正常,该类元素共165个，当前第157个
2020-09-23 20:13:19,022 - 2 - INFO - 页面"深蓝法考app下载 深蓝法考app具有的优势多吗-QQ下载站"跳转正常,该类元素共165个，当前第158个
2020-09-23 20:13:25,147 - 2 - INFO - 页面"人人通空间app官方下载安装 人人通空间功能多吗-QQ下载站"跳转正常,该类元素共165个，当前第159个
2020-09-23 20:13:31,272 - 2 - INFO - 页面"疯读小说app下载是免费的吗 疯读小说app特色是怎样的-QQ下载站"跳转正常,该类元素共165个，当前第160个
2020-09-23 20:13:37,397 - 2 - INFO - 页面"变声器软件哪一款比较好 万能变声器具有哪些显著的特点-QQ下载站"跳转正常,该类元素共165个，当前第161个
2020-09-23 20:13:43,518 - 2 - INFO - 页面"outlook如何安装 怎样才能更好的使用outlook-QQ下载站"跳转正常,该类元素共165个，当前第162个
2020-09-23 20:13:49,644 - 2 - INFO - 页面"雨过天晴电脑保护系统破解版_雨过天晴电脑保护系统如何卸载-QQ下载站"跳转正常,该类元素共165个，当前第163个
2020-09-23 20:13:55,769 - 2 - INFO - 页面"一键锁屏下载_一键锁屏可以在哪里设置-QQ下载站"跳转正常,该类元素共165个，当前第164个
2020-09-23 20:14:01,899 - 2 - INFO - 页面"新中大财务软件教程_新中大财务软件如何备份-QQ下载站"跳转正常,该类元素共165个，当前第165个
2020-09-23 20:14:21,732 - 2 - INFO - 页面"手机游戏下载-手机软件下载-电脑软件下载-小黑游戏"跳转正常,该类元素共26个，当前第1个
2020-09-23 20:14:28,751 - 2 - INFO - 页面"游戏下载_手机游戏下载_手机游戏大全_游戏爱好者"跳转正常,该类元素共26个，当前第2个
2020-09-23 20:14:49,084 - 2 - INFO - 页面"免费绿色软件下载之家_破解软件下载中心_绿色联盟下载软件-下载之家"跳转正常,该类元素共26个，当前第3个
2020-09-23 20:14:55,286 - 2 - INFO - 页面"zd423 - 软件分享平台领跑者"跳转正常,该类元素共26个，当前第4个
2020-09-23 20:15:01,394 - 2 - INFO - 页面"齐齐乐手游网_中国iOS安卓手机游戏综合站_最好玩的手机游戏排行榜77L.com"跳转正常,该类元素共26个，当前第5个
