2020-08-12 16:52:16,379 - frame_work - INFO - 桔梗导航 - 页面跳转成功
2020-08-12 16:52:17,379 - test_jiegeng - INFO - 桔梗网-jiegeng.com-自动化测试开始
2020-08-12 16:52:21,024 - base_page - INFO - 桔梗网logo - 页面跳转成功
2020-08-12 16:52:25,748 - base_page - INFO - 六安优 - 页面跳转成功
2020-08-12 16:52:30,422 - base_page - INFO - 天气图片logo - 页面跳转成功
2020-08-12 16:52:35,161 - base_page - INFO - 日历搜索 - 日 - 页面跳转成功
2020-08-12 16:52:39,847 - base_page - INFO - 日历搜索 - 周 - 页面跳转成功
2020-08-12 16:52:44,534 - base_page - INFO - 日历搜索 - 农历 - 页面跳转成功
2020-08-12 16:52:49,268 - base_page - INFO - 生肖查询 - 页面跳转成功
2020-08-12 16:52:53,920 - base_page - INFO - 星座运势 - 页面跳转成功
2020-08-12 16:52:56,027 - frame_work - INFO - 注册按钮点击成功
2020-08-12 16:52:58,245 - frame_work - INFO - 注册功能无异常
2020-08-12 16:52:59,378 - frame_work - INFO - 登录按钮点击成功
2020-08-12 16:53:01,569 - frame_work - INFO - 登录功能无异常
2020-08-12 16:53:04,342 - base_page - INFO - 爱淘宝 - 页面跳转成功
2020-08-12 16:53:08,014 - base_page - INFO - 腾讯视频 - 页面跳转成功
2020-08-12 16:53:11,699 - base_page - INFO - 亲爱的客栈 - 页面跳转成功
2020-08-12 16:53:15,402 - base_page - INFO - 知乎 - 页面跳转成功
2020-08-12 16:53:19,082 - base_page - INFO - 快递查询 - 页面跳转成功
2020-08-12 16:53:22,753 - base_page - INFO - 网易云音乐 - 页面跳转成功
2020-08-12 16:53:26,415 - base_page - INFO - 王者荣耀 - 页面跳转成功
2020-08-12 16:53:30,107 - base_page - INFO - 熊猫直播 - 页面跳转成功
2020-08-12 16:53:33,765 - base_page - INFO - 绝地求生 - 页面跳转成功
2020-08-12 16:53:37,420 - base_page - INFO - 圣墟 - 页面跳转成功
2020-08-12 16:53:41,103 - base_page - INFO - 海贼王 - 页面跳转成功
2020-08-12 16:53:44,758 - base_page - INFO - 优酷 - 页面跳转成功
2020-08-12 16:53:48,438 - base_page - INFO - 爸爸去哪5 - 页面跳转成功
2020-08-12 16:53:52,074 - base_page - INFO - LOL官网 - 页面跳转成功
2020-08-12 16:53:55,739 - base_page - INFO - 翻译 - 页面跳转成功
2020-08-12 16:53:59,373 - base_page - INFO - 苹果官网 - 页面跳转成功
2020-08-12 16:54:02,526 - frame_work - INFO - 桔梗导航 - 首页 - 点击成功
2020-08-12 16:54:06,218 - base_page - INFO - 电视剧 - 页面跳转成功
2020-08-12 16:54:11,875 - base_page - INFO - 软件下载 - 页面跳转成功
2020-08-12 16:54:36,538 - base_page - INFO - 新闻头条 - 页面跳转成功
2020-08-12 16:55:23,194 - base_page - INFO - 娱乐天地 - 页面跳转成功
2020-08-12 16:55:28,952 - base_page - INFO - 军事热点 - 页面跳转成功
