2020-07-24 20:22:40,827 - basepage - INFO - lanzouyun.com自动化测试开始
2020-07-24 20:22:40,830 - basepage - INFO - 隐性等待 10 秒
2020-07-24 20:22:41,738 - basepage - INFO - 跳转至https://lanzou.com/
2020-07-24 20:22:43,854 - basepage - INFO - 窗口已经最大化
2020-07-24 20:22:48,233 - 2 - INFO - 页面"蓝奏云-控制台"跳转正常,该类元素共2个，当前第1个
2020-07-24 20:22:48,382 - basepage - INFO - Click back on current page.
2020-07-24 20:22:53,091 - 2 - INFO - 页面"蓝奏云-控制台"跳转正常,该类元素共2个，当前第2个
2020-07-24 20:22:53,218 - basepage - INFO - Click back on current page.
2020-07-24 20:22:59,286 - 2 - INFO - 页面"蓝奏云-控制台"跳转正常,该类元素共1个，当前第1个
2020-07-24 20:23:05,403 - 2 - INFO - 页面"蓝奏云套餐分成政策 - 春雨分成计划"跳转正常,该类元素共1个，当前第1个
2020-07-24 20:23:11,584 - 2 - INFO - 页面"我们这么一群人"跳转正常,该类元素共1个，当前第1个
2020-07-24 20:23:17,738 - 2 - INFO - 页面"常见问题以及解决办法 - 蓝奏"跳转正常,该类元素共15个，当前第1个
2020-07-24 20:23:23,839 - 2 - INFO - 页面"蓝奏云 - 提交"跳转正常,该类元素共15个，当前第2个
2020-07-24 20:23:29,926 - 2 - INFO - 页面"我们这么一群人"跳转正常,该类元素共15个，当前第3个
2020-07-24 20:23:36,075 - 2 - INFO - 页面"开启网盘云时代 - 蓝奏"跳转正常,该类元素共15个，当前第4个
2020-07-24 20:23:42,147 - 2 - INFO - 页面"使用蓝奏云必读 免责声明"跳转正常,该类元素共15个，当前第5个
2020-07-24 20:23:48,254 - 2 - INFO - 页面"助力合作伙伴快速成长-帮助合作伙伴解决网站加速/存储等免费CDN系统"跳转正常,该类元素共15个，当前第6个
2020-07-24 20:23:54,343 - 2 - INFO - 页面"蓝奏云套餐分成政策 - 春雨分成计划"跳转正常,该类元素共15个，当前第7个
2020-07-24 20:24:00,502 - 2 - INFO - 页面"蓝奏云推广报价表 - 蓝奏"跳转正常,该类元素共15个，当前第8个
2020-07-24 20:24:06,611 - 2 - INFO - 页面"慈善公益 少年强则中国强 蓝奏云"跳转正常,该类元素共15个，当前第9个
2020-07-24 20:24:12,725 - 2 - INFO - 页面"举报"跳转正常,该类元素共15个，当前第10个
2020-07-24 20:24:18,842 - 2 - INFO - 页面"为积极配合国家“扫黄打非·净网2017”专项行动"跳转正常,该类元素共15个，当前第11个
2020-07-24 20:24:24,931 - 2 - INFO - 页面"互联网站禁止传播淫秽、色情等不良信息自律规范_百度百科"跳转正常,该类元素共15个，当前第12个
2020-07-24 20:24:31,073 - 2 - INFO - 页面"特别鸣谢"跳转正常,该类元素共15个，当前第13个
2020-07-24 20:24:37,213 - 2 - INFO - 页面"花生云 - 融合CDN专业服务商丨云存储丨cdn流量包丨百度智能技术支撑丨边缘计算丨PCDN"跳转正常,该类元素共15个，当前第14个
2020-07-24 20:24:43,316 - 2 - INFO - 页面"DNSPod-免费智能DNS解析服务商-电信_网通_教育网,智能DNS"跳转正常,该类元素共15个，当前第15个
2020-07-24 20:24:45,396 - basepage - INFO - lanzouyun.com自动化测试结束
