2020-07-19 18:58:12,221 - 2 - ERROR - tools  - 341 - 页面"404-最笨下载"跳转异常,该类元素共13个，当前第12个
2020-07-19 19:02:25,288 - 2 - ERROR - tools  - 341 - 页面"404-最笨下载"跳转异常,该类元素共13个，当前第12个
2020-07-19 19:06:16,428 - 2 - ERROR - tools  - 341 - 页面"404-最笨下载"跳转异常,该类元素共13个，当前第12个
2020-07-19 19:15:56,366 - 2 - ERROR - tools  - 341 - 页面"404-最笨下载"跳转异常,该类元素共13个，当前第12个
2020-07-19 19:19:47,795 - 2 - ERROR - tools  - 341 - 页面"404-最笨下载"跳转异常,该类元素共13个，当前第12个
2020-07-19 19:25:43,051 - 2 - ERROR - tools  - 332 - 页面"ios无限元宝的手游"跳转异常,该类元素共4个，当前第1个
2020-07-19 19:25:52,739 - 2 - ERROR - tools  - 332 - 页面"ios变态服游戏"跳转异常,该类元素共4个，当前第3个
2020-07-19 19:25:57,705 - 2 - ERROR - tools  - 332 - 页面"ios手游破解平台"跳转异常,该类元素共4个，当前第4个
2020-07-19 19:26:04,687 - 2 - ERROR - tools  - 332 - 页面"【最笨周末活动】7月10日晴了一夏周末福利活动"跳转异常,该类元素共4个，当前第1个
2020-07-19 19:26:09,654 - 2 - ERROR - tools  - 332 - 页面"【最笨周末活动】7月3日清凉一夏活动来袭~"跳转异常,该类元素共4个，当前第2个
2020-07-19 19:26:14,618 - 2 - ERROR - tools  - 332 - 页面"【最笨周末活动】7月17日夏日活动 福利好礼一夏"跳转异常,该类元素共4个，当前第3个
2020-07-19 19:26:19,594 - 2 - ERROR - tools  - 332 - 页面"【最笨活动】6.24端午节活动来袭~粽享福利壕礼！"跳转异常,该类元素共4个，当前第4个
2020-07-19 19:26:38,711 - 2 - ERROR - tools  - 332 - 页面"聊天沟通技巧动聊天说啥-聊天沟通技巧"跳转异常,该类元素共20个，当前第3个
2020-07-19 19:26:45,056 - 2 - ERROR - tools  - 332 - 页面"买车聊天技巧-买车时千万不能说的话"跳转异常,该类元素共20个，当前第4个
2020-07-19 19:26:51,422 - 2 - ERROR - tools  - 332 - 页面"和帅哥聊天怎么开头-和帅哥聊天技巧"跳转异常,该类元素共20个，当前第5个
2020-07-19 19:26:57,784 - 2 - ERROR - tools  - 332 - 页面"DNF手游恩师如明月礼包怎么样？恩师如明月礼包"跳转异常,该类元素共20个，当前第6个
2020-07-19 19:27:04,173 - 2 - ERROR - tools  - 332 - 页面"DNF7月助手活动阿拉德补给站活动介绍"跳转异常,该类元素共20个，当前第7个
2020-07-19 19:27:28,932 - 2 - ERROR - tools  - 332 - 页面"现在什么游戏玩的人多-游戏玩的人多的排名202"跳转异常,该类元素共20个，当前第11个
2020-07-19 19:27:35,274 - 2 - ERROR - tools  - 332 - 页面"2020有什么好玩的网游推荐-2020新网游排行榜"跳转异常,该类元素共20个，当前第12个
2020-07-19 19:27:41,639 - 2 - ERROR - tools  - 332 - 页面"有什么好玩的游戏吗-2020好玩的游戏手游排行榜"跳转异常,该类元素共20个，当前第13个
2020-07-19 19:27:47,995 - 2 - ERROR - tools  - 332 - 页面"好玩的修真网游-修真网游游戏排行榜2020"跳转异常,该类元素共20个，当前第14个
2020-07-19 19:27:54,325 - 2 - ERROR - tools  - 332 - 页面"新开变态传世手游-新开超变传世手游下载"跳转异常,该类元素共20个，当前第15个
2020-07-19 19:28:00,691 - 2 - ERROR - tools  - 332 - 页面"烟雨江湖梅花三弄在哪学"跳转异常,该类元素共20个，当前第16个
2020-07-19 19:28:07,045 - 2 - ERROR - tools  - 332 - 页面"光遇红绒斗篷先祖在哪"跳转异常,该类元素共20个，当前第17个
2020-07-19 19:28:13,400 - 2 - ERROR - tools  - 332 - 页面"光遇云野重温先祖的回忆任务在哪"跳转异常,该类元素共20个，当前第18个
2020-07-19 19:28:19,778 - 2 - ERROR - tools  - 332 - 页面"阴阳师林中鬼面隐在哪里"跳转异常,该类元素共20个，当前第19个
2020-07-19 19:28:26,132 - 2 - ERROR - tools  - 332 - 页面"烟雨江湖五狱剑法厉害吗"跳转异常,该类元素共20个，当前第20个
2020-07-19 19:32:13,265 - 2 - ERROR - tools  - 398 - 进入"应用"模块异常
2020-07-19 19:32:33,309 - 2 - ERROR - tools  - 398 - 进入"资讯"模块异常
2020-07-19 19:32:53,423 - 2 - ERROR - tools  - 398 - 进入"专题"模块异常
2020-07-19 19:33:13,523 - 2 - ERROR - tools  - 398 - 进入"电脑"模块异常
2020-07-19 19:33:33,585 - 2 - ERROR - tools  - 398 - 进入"APP大全"模块异常
