2020-07-23 19:07:03,318 - 2 - ERROR - tools  - 332 - 页面"大军师（送海量橙将）"跳转异常,该类元素共20个，当前第1个
2020-07-23 19:07:09,643 - 2 - ERROR - tools  - 332 - 页面"唐门六道（送千元充值）"跳转异常,该类元素共20个，当前第2个
2020-07-23 19:07:15,956 - 2 - ERROR - tools  - 332 - 页面"战神不败（GM送充值）"跳转异常,该类元素共20个，当前第3个
2020-07-23 19:07:22,309 - 2 - ERROR - tools  - 332 - 页面"武器之王（福利特权）"跳转异常,该类元素共20个，当前第4个
2020-07-23 19:07:28,627 - 2 - ERROR - tools  - 332 - 页面"魔法之光（红忍海量抽）"跳转异常,该类元素共20个，当前第5个
2020-07-23 19:07:34,967 - 2 - ERROR - tools  - 332 - 页面"六界仙尊（送充值）"跳转异常,该类元素共20个，当前第6个
2020-07-23 19:07:41,304 - 2 - ERROR - tools  - 332 - 页面"梦幻沙城（海量抽充值）"跳转异常,该类元素共20个，当前第7个
2020-07-23 19:07:47,673 - 2 - ERROR - tools  - 332 - 页面"仙灵世界（送海量连抽）"跳转异常,该类元素共20个，当前第8个
2020-07-23 19:07:54,005 - 2 - ERROR - tools  - 332 - 页面"武动九天（GM免费特权）"跳转异常,该类元素共20个，当前第9个
2020-07-23 19:08:00,326 - 2 - ERROR - tools  - 332 - 页面"萌三国（海量送充值）"跳转异常,该类元素共20个，当前第10个
2020-07-23 19:08:06,653 - 2 - ERROR - tools  - 332 - 页面"大话许仙（钱庄特权）"跳转异常,该类元素共20个，当前第11个
2020-07-23 19:08:12,992 - 2 - ERROR - tools  - 332 - 页面"遮天斩（送千元充值）"跳转异常,该类元素共20个，当前第12个
2020-07-23 19:08:19,304 - 2 - ERROR - tools  - 332 - 页面"进击的少女（百抽充值卡）"跳转异常,该类元素共20个，当前第13个
2020-07-23 19:08:25,632 - 2 - ERROR - tools  - 332 - 页面"仙域无双（海量送充值）"跳转异常,该类元素共20个，当前第14个
2020-07-23 19:08:31,962 - 2 - ERROR - tools  - 332 - 页面"纵剑仙界（送VIP代金券）"跳转异常,该类元素共20个，当前第15个
2020-07-23 19:08:38,337 - 2 - ERROR - tools  - 332 - 页面"剑灭逍遥（特惠代金券）"跳转异常,该类元素共20个，当前第16个
2020-07-23 19:08:44,784 - 2 - ERROR - tools  - 332 - 页面"漫画英雄3D（免费升GM）"跳转异常,该类元素共20个，当前第17个
2020-07-23 19:08:51,295 - 2 - ERROR - tools  - 332 - 页面"九幽仙域（海量送充值）"跳转异常,该类元素共20个，当前第18个
2020-07-23 19:08:57,834 - 2 - ERROR - tools  - 332 - 页面"山河（满屏光柱）"跳转异常,该类元素共20个，当前第19个
2020-07-23 19:09:04,338 - 2 - ERROR - tools  - 332 - 页面"秘境寻宝英雄（星耀特权）"跳转异常,该类元素共20个，当前第20个
2020-07-23 19:09:12,731 - 2 - ERROR - tools  - 332 - 页面"大军师（送海量橙将）"跳转异常,该类元素共10个，当前第1个
2020-07-23 19:09:19,228 - 2 - ERROR - tools  - 332 - 页面"唐门六道（送千元充值）"跳转异常,该类元素共10个，当前第2个
2020-07-23 19:42:30,753 - 2 - ERROR - tools  - 341 - 页面"404-最笨下载"跳转异常,该类元素共13个，当前第12个
2020-07-23 19:47:05,829 - 2 - ERROR - tools  - 341 - 页面"404-最笨下载"跳转异常,该类元素共13个，当前第12个
2020-07-23 19:51:23,816 - 2 - ERROR - tools  - 341 - 页面"404-最笨下载"跳转异常,该类元素共13个，当前第12个
2020-07-23 20:13:04,728 - 2 - ERROR - tools  - 341 - 页面"404-最笨下载"跳转异常,该类元素共13个，当前第12个
2020-07-23 20:16:49,622 - 2 - ERROR - tools  - 341 - 页面"404-最笨下载"跳转异常,该类元素共13个，当前第12个
