2020-07-16 19:15:18,350 - 2 - ERROR - tools  - 332 - 页面"剑侠世界2"跳转异常,该类元素共12个，当前第4个
2020-07-16 19:15:23,491 - 2 - ERROR - tools  - 332 - 页面"新世界的神（福利特权）"跳转异常,该类元素共12个，当前第5个
2020-07-16 19:15:28,556 - 2 - ERROR - tools  - 332 - 页面"逍遥天地（天天百连抽）"跳转异常,该类元素共12个，当前第6个
2020-07-16 19:15:33,478 - 2 - ERROR - tools  - 332 - 页面"泡泡精灵（送7星超梦）"跳转异常,该类元素共12个，当前第7个
2020-07-16 19:15:38,446 - 2 - ERROR - tools  - 332 - 页面"怒焰（送328充值）"跳转异常,该类元素共12个，当前第8个
2020-07-16 19:15:43,465 - 2 - ERROR - tools  - 332 - 页面"天神战（魔灵特权）"跳转异常,该类元素共12个，当前第9个
2020-07-16 19:15:48,375 - 2 - ERROR - tools  - 332 - 页面"王者纷争"跳转异常,该类元素共12个，当前第10个
2020-07-16 19:15:53,281 - 2 - ERROR - tools  - 332 - 页面"无敌大航海（送328代金券）"跳转异常,该类元素共12个，当前第11个
2020-07-16 19:15:58,290 - 2 - ERROR - tools  - 332 - 页面"小小三国（送2000充值）"跳转异常,该类元素共12个，当前第12个
2020-07-16 19:16:04,561 - 2 - ERROR - tools  - 332 - 页面"魔兽世界怀旧服2020年6月7日人口普查一览"跳转异常,该类元素共2个，当前第1个
2020-07-16 19:16:11,788 - 2 - ERROR - tools  - 332 - 页面"DNF萌噬噬宠物属性怎么样？萌噬噬属性介绍"跳转异常,该类元素共2个，当前第2个
2020-07-16 19:18:05,285 - 2 - ERROR - tools  - 332 - 页面"英雄联盟2020灵魂莲华皮肤原画汇总"跳转异常,该类元素共2个，当前第1个
2020-07-16 19:18:13,344 - 2 - ERROR - tools  - 332 - 页面"最强蜗牛7月密令汇总"跳转异常,该类元素共2个，当前第2个
2020-07-16 19:21:55,553 - 2 - ERROR - tools  - 332 - 页面"和离婚的女人聊天技巧-离婚女人聊天技巧"跳转异常,该类元素共2个，当前第1个
2020-07-16 19:22:03,596 - 2 - ERROR - tools  - 332 - 页面"聊天套路技巧-超级皮的聊天套路"跳转异常,该类元素共2个，当前第2个
2020-07-16 19:36:14,411 - 2 - ERROR - tools  - 341 - 页面"404-最笨下载"跳转异常,该类元素共13个，当前第12个
2020-07-16 19:40:03,163 - 2 - ERROR - tools  - 341 - 页面"404-最笨下载"跳转异常,该类元素共13个，当前第12个
2020-07-16 19:43:48,640 - 2 - ERROR - tools  - 341 - 页面"404-最笨下载"跳转异常,该类元素共13个，当前第12个
2020-07-16 19:44:06,978 - 2 - ERROR - tools  - 341 - 页面"404-最笨下载"跳转异常,该类元素共18个，当前第1个
2020-07-16 19:52:38,909 - 2 - ERROR - tools  - 341 - 页面"404-最笨下载"跳转异常,该类元素共13个，当前第12个
2020-07-16 19:56:27,868 - 2 - ERROR - tools  - 341 - 页面"404-最笨下载"跳转异常,该类元素共13个，当前第12个
