2020-09-08 18:20:05,441 - basepage - INFO - zuiben自动化测试开始
2020-09-08 18:20:05,453 - basepage - INFO - 隐性等待 10 秒
2020-09-08 18:20:11,222 - basepage - INFO - 跳转至https://www.zuiben.com/
2020-09-08 18:20:13,345 - basepage - INFO - 窗口已经最大化
2020-09-08 18:20:18,163 - 2 - INFO - 页面"【安卓游戏】好玩的安卓游戏下载_安卓游戏排行榜_安卓游戏免费下载大全-最笨下载"跳转正常,该类元素共21个，当前第1个
2020-09-08 18:20:18,382 - basepage - INFO - Click back on current page.
2020-09-08 18:20:22,729 - 2 - INFO - 页面"变态手游公益服_bt手游变态服_无限元宝bt手游下载_BT手游中心-最笨下载"跳转正常,该类元素共21个，当前第2个
2020-09-08 18:20:22,966 - basepage - INFO - Click back on current page.
2020-09-08 18:20:27,354 - 2 - INFO - 页面"gm版手游_无限元宝/钻石公益服_0元免费gm权限手游下载-最笨下载"跳转正常,该类元素共21个，当前第3个
2020-09-08 18:20:27,595 - basepage - INFO - Click back on current page.
2020-09-08 18:20:34,051 - 2 - INFO - 页面"【苹果游戏】iphone苹果手机游戏下载_iphone苹果游戏排行榜-最笨下载"跳转正常,该类元素共21个，当前第4个
2020-09-08 18:20:34,499 - basepage - INFO - Click back on current page.
2020-09-08 18:20:38,819 - 2 - INFO - 页面"满vip版手游_手游sf送顶级vip_满级vip无限元宝手游下载-最笨下载"跳转正常,该类元素共21个，当前第5个
2020-09-08 18:20:39,067 - basepage - INFO - Click back on current page.
2020-09-08 18:20:44,188 - 2 - INFO - 页面"【安卓软件】安卓软件下载_安卓手机软件下载_安卓软件免费下载大全-最笨下载"跳转正常,该类元素共21个，当前第6个
2020-09-08 18:20:44,415 - basepage - INFO - Click back on current page.
2020-09-08 18:20:50,269 - 2 - INFO - 页面"【苹果软件】iphone苹果下载软件_iphone苹果软件免费下载_苹果软件下载大全-最笨下载"跳转正常,该类元素共21个，当前第7个
2020-09-08 18:20:50,509 - basepage - INFO - Click back on current page.
2020-09-08 18:20:55,446 - 2 - INFO - 页面"【安卓资讯】安卓资讯推荐_安卓资讯大全-最笨下载"跳转正常,该类元素共21个，当前第8个
2020-09-08 18:20:55,677 - basepage - INFO - Click back on current page.
2020-09-08 18:21:00,147 - 2 - INFO - 页面"【安卓游戏攻略】安卓游戏攻略推荐_安卓游戏攻略大全-最笨下载"跳转正常,该类元素共21个，当前第9个
2020-09-08 18:21:00,359 - basepage - INFO - Click back on current page.
2020-09-08 18:21:05,074 - 2 - INFO - 页面"【安卓软件教程】安卓软件教程推荐_安卓软件教程大全-最笨下载"跳转正常,该类元素共21个，当前第10个
2020-09-08 18:21:05,291 - basepage - INFO - Click back on current page.
2020-09-08 18:21:10,082 - 2 - INFO - 页面"【iphone资讯】iphone资讯推荐_iphone资讯大全-最笨下载"跳转正常,该类元素共21个，当前第11个
2020-09-08 18:21:10,301 - basepage - INFO - Click back on current page.
2020-09-08 18:21:15,003 - 2 - INFO - 页面"【iPhone游戏攻略】iPhone游戏攻略推荐_iPhone游戏攻略大全-最笨下载"跳转正常,该类元素共21个，当前第12个
2020-09-08 18:21:15,238 - basepage - INFO - Click back on current page.
2020-09-08 18:21:19,745 - 2 - INFO - 页面"【系统重装教程】电脑重装系统教程_电脑怎么重装系统_重装系统步骤-最笨下载"跳转正常,该类元素共21个，当前第13个
2020-09-08 18:21:19,973 - basepage - INFO - Click back on current page.
2020-09-08 18:21:27,514 - 2 - INFO - 页面"安卓专题-最笨下载"跳转正常,该类元素共21个，当前第14个
2020-09-08 18:21:27,883 - basepage - INFO - Click back on current page.
2020-09-08 18:21:33,498 - 2 - INFO - 页面"游戏专题-最笨下载"跳转正常,该类元素共21个，当前第15个
2020-09-08 18:21:33,709 - basepage - INFO - Click back on current page.
2020-09-08 18:21:41,451 - 2 - INFO - 页面"苹果专题-最笨下载"跳转正常,该类元素共21个，当前第16个
2020-09-08 18:21:41,677 - basepage - INFO - Click back on current page.
2020-09-08 18:21:46,652 - 2 - INFO - 页面"【电脑软件】电脑软件下载_电脑装机必备软件_电脑常用软件下载_电脑软件大全-最笨下载"跳转正常,该类元素共21个，当前第17个
2020-09-08 18:21:46,876 - basepage - INFO - Click back on current page.
2020-09-08 18:21:52,750 - 2 - INFO - 页面"【电脑软件】电脑软件下载_电脑装机必备软件_电脑常用软件下载_电脑软件大全-最笨下载"跳转正常,该类元素共21个，当前第18个
2020-09-08 18:21:52,978 - basepage - INFO - Click back on current page.
2020-09-08 18:21:57,357 - 2 - INFO - 页面"【激活工具】激活windows工具_万能激活工具_windows激活工具下载_自动激活工具-最笨下载"跳转正常,该类元素共21个，当前第19个
2020-09-08 18:21:57,614 - basepage - INFO - Click back on current page.
2020-09-08 18:22:01,784 - 2 - INFO - 页面"【系统重装教程】电脑重装系统教程_电脑怎么重装系统_重装系统步骤-最笨下载"跳转正常,该类元素共21个，当前第20个
2020-09-08 18:22:02,144 - basepage - INFO - Click back on current page.
2020-09-08 18:22:06,313 - 2 - INFO - 页面"【系统重装教程】电脑重装系统教程_电脑怎么重装系统_重装系统步骤-最笨下载"跳转正常,该类元素共21个，当前第21个
2020-09-08 18:22:06,530 - basepage - INFO - Click back on current page.
2020-09-08 18:22:14,382 - 2 - INFO - 页面"家庭教师OL手游"跳转正常,该类元素共10个，当前第1个
2020-09-08 18:22:20,516 - 2 - INFO - 页面"魔女骑士团手游"跳转正常,该类元素共10个，当前第2个
2020-09-08 18:22:26,667 - 2 - INFO - 页面"决胜足球手游"跳转正常,该类元素共10个，当前第3个
2020-09-08 18:22:32,801 - 2 - INFO - 页面"少女战争手游"跳转正常,该类元素共10个，当前第4个
2020-09-08 18:22:38,945 - 2 - INFO - 页面"天神战（魔灵特权）"跳转正常,该类元素共10个，当前第5个
2020-09-08 18:22:45,079 - 2 - INFO - 页面"最Q幻想手游"跳转正常,该类元素共10个，当前第6个
2020-09-08 18:22:51,212 - 2 - INFO - 页面"回到三国志手游"跳转正常,该类元素共10个，当前第7个
2020-09-08 18:22:57,314 - 2 - INFO - 页面"幻游猎人手游"跳转正常,该类元素共10个，当前第8个
2020-09-08 18:23:03,463 - 2 - INFO - 页面"王者荣耀"跳转正常,该类元素共10个，当前第9个
2020-09-08 18:23:09,614 - 2 - INFO - 页面"公主连结手游"跳转正常,该类元素共10个，当前第10个
2020-09-08 18:23:15,760 - 2 - INFO - 页面"魔侠传（开服送2000充）"跳转正常,该类元素共20个，当前第1个
2020-09-08 18:23:21,907 - 2 - INFO - 页面"仙风道骨（送GM海量充）"跳转正常,该类元素共20个，当前第2个
2020-09-08 18:23:28,033 - 2 - INFO - 页面"少年群侠传（送千元充值）"跳转正常,该类元素共20个，当前第3个
2020-09-08 18:23:34,187 - 2 - INFO - 页面"仙灵世界（送海量连抽）"跳转正常,该类元素共20个，当前第4个
2020-09-08 18:23:40,330 - 2 - INFO - 页面"不思议地下城（百抽特权）"跳转正常,该类元素共20个，当前第5个
2020-09-08 18:23:46,472 - 2 - INFO - 页面"妖神记（抽动漫周边）"跳转正常,该类元素共20个，当前第6个
2020-09-08 18:23:52,609 - 2 - INFO - 页面"魔龙诀（全屏爆宝）"跳转正常,该类元素共20个，当前第7个
2020-09-08 18:23:58,771 - 2 - INFO - 页面"天天怼三国（送千元充值）"跳转正常,该类元素共20个，当前第8个
2020-09-08 18:24:04,901 - 2 - INFO - 页面"剑侠风云（送海量充值）"跳转正常,该类元素共20个，当前第9个
2020-09-08 18:24:11,086 - 2 - INFO - 页面"小小三国志（送充值卡）"跳转正常,该类元素共20个，当前第10个
2020-09-08 18:24:17,243 - 2 - INFO - 页面"机甲战纪（送GM特权）"跳转正常,该类元素共20个，当前第11个
2020-09-08 18:24:23,388 - 2 - INFO - 页面"无敌战舰（送百元充值）"跳转正常,该类元素共20个，当前第12个
2020-09-08 18:24:29,523 - 2 - INFO - 页面"大话许仙（钱庄特权）"跳转正常,该类元素共20个，当前第13个
2020-09-08 18:24:35,671 - 2 - INFO - 页面"异能勇者"跳转正常,该类元素共20个，当前第14个
2020-09-08 18:24:41,792 - 2 - INFO - 页面"崩坏西游（送1688元充值）"跳转正常,该类元素共20个，当前第15个
2020-09-08 18:24:47,934 - 2 - INFO - 页面"武动九天（GM免费特权）"跳转正常,该类元素共20个，当前第16个
2020-09-08 18:24:54,051 - 2 - INFO - 页面"冒险之旅（百抽特权）"跳转正常,该类元素共20个，当前第17个
2020-09-08 18:25:00,178 - 2 - INFO - 页面"仙语奇缘（海量特权）"跳转正常,该类元素共20个，当前第18个
2020-09-08 18:25:06,310 - 2 - INFO - 页面"莽荒纪（海量充值卡）"跳转正常,该类元素共20个，当前第19个
2020-09-08 18:25:12,452 - 2 - INFO - 页面"纵剑仙界（送VIP代金券）"跳转正常,该类元素共20个，当前第20个
2020-09-08 18:25:20,370 - 2 - INFO - 页面"魔侠传（开服送2000充）"跳转正常,该类元素共10个，当前第1个
2020-09-08 18:25:26,492 - 2 - INFO - 页面"仙风道骨（送GM海量充）"跳转正常,该类元素共10个，当前第2个
2020-09-08 18:25:32,648 - 2 - INFO - 页面"少年群侠传（送千元充值）"跳转正常,该类元素共10个，当前第3个
2020-09-08 18:25:38,775 - 2 - INFO - 页面"仙灵世界（送海量连抽）"跳转正常,该类元素共10个，当前第4个
2020-09-08 18:25:44,941 - 2 - INFO - 页面"不思议地下城（百抽特权）"跳转正常,该类元素共10个，当前第5个
2020-09-08 18:25:51,067 - 2 - INFO - 页面"妖神记（抽动漫周边）"跳转正常,该类元素共10个，当前第6个
2020-09-08 18:25:57,220 - 2 - INFO - 页面"魔龙诀（全屏爆宝）"跳转正常,该类元素共10个，当前第7个
2020-09-08 18:26:03,377 - 2 - INFO - 页面"天天怼三国（送千元充值）"跳转正常,该类元素共10个，当前第8个
2020-09-08 18:26:09,531 - 2 - INFO - 页面"剑侠风云（送海量充值）"跳转正常,该类元素共10个，当前第9个
2020-09-08 18:26:15,692 - 2 - INFO - 页面"小小三国志（送充值卡）"跳转正常,该类元素共10个，当前第10个
2020-09-08 18:26:21,835 - 2 - INFO - 页面"魔侠传（开服送2000充）"跳转正常,该类元素共20个，当前第1个
2020-09-08 18:26:27,961 - 2 - INFO - 页面"仙风道骨（送GM海量充）"跳转正常,该类元素共20个，当前第2个
2020-09-08 18:26:34,107 - 2 - INFO - 页面"武器之王（满屏爆装）"跳转正常,该类元素共20个，当前第3个
2020-09-08 18:26:40,231 - 2 - INFO - 页面"凡人飞仙传（六界纷争）"跳转正常,该类元素共20个，当前第4个
2020-09-08 18:26:46,374 - 2 - INFO - 页面"少年群侠传（送千元充值）"跳转正常,该类元素共20个，当前第5个
2020-09-08 18:26:52,519 - 2 - INFO - 页面"神龙猎手（开局送万抽）"跳转正常,该类元素共20个，当前第6个
2020-09-08 18:26:58,655 - 2 - INFO - 页面"仙灵世界（送海量连抽）"跳转正常,该类元素共20个，当前第7个
2020-09-08 18:27:04,776 - 2 - INFO - 页面"怒火一刀（天天送充值）"跳转正常,该类元素共20个，当前第8个
2020-09-08 18:27:10,899 - 2 - INFO - 页面"女神联盟2（送500充值）"跳转正常,该类元素共20个，当前第9个
2020-09-08 18:27:17,072 - 2 - INFO - 页面"乱戳三国2（送GM特权）"跳转正常,该类元素共20个，当前第10个
2020-09-08 18:27:23,216 - 2 - INFO - 页面"烈火战神（满屏福利）"跳转正常,该类元素共20个，当前第11个
2020-09-08 18:27:29,358 - 2 - INFO - 页面"九曲封神（送海量充值）"跳转正常,该类元素共20个，当前第12个
2020-09-08 18:27:35,497 - 2 - INFO - 页面"不思议地下城（百抽特权）"跳转正常,该类元素共20个，当前第13个
2020-09-08 18:27:41,648 - 2 - INFO - 页面"妖神记（抽动漫周边）"跳转正常,该类元素共20个，当前第14个
2020-09-08 18:27:47,802 - 2 - INFO - 页面"魔龙诀（全屏爆宝）"跳转正常,该类元素共20个，当前第15个
2020-09-08 18:27:53,942 - 2 - INFO - 页面"天天怼三国（送千元充值）"跳转正常,该类元素共20个，当前第16个
2020-09-08 18:28:00,063 - 2 - INFO - 页面"乱世江湖（天天送充值）"跳转正常,该类元素共20个，当前第17个
2020-09-08 18:28:06,236 - 2 - INFO - 页面"传奇盛世（高返定制服）"跳转正常,该类元素共20个，当前第18个
2020-09-08 18:28:12,363 - 2 - INFO - 页面"黑暗与荣耀（送史诗宠物）"跳转正常,该类元素共20个，当前第19个
2020-09-08 18:28:18,487 - 2 - INFO - 页面"剑侠风云（送海量充值）"跳转正常,该类元素共20个，当前第20个
2020-09-08 18:28:26,422 - 2 - INFO - 页面"魔侠传（开服送2000充）"跳转正常,该类元素共10个，当前第1个
2020-09-08 18:28:32,565 - 2 - INFO - 页面"仙风道骨（送GM海量充）"跳转正常,该类元素共10个，当前第2个
2020-09-08 18:28:38,731 - 2 - INFO - 页面"少年群侠传（送千元充值）"跳转正常,该类元素共10个，当前第3个
2020-09-08 18:28:44,882 - 2 - INFO - 页面"仙灵世界（送海量连抽）"跳转正常,该类元素共10个，当前第4个
2020-09-08 18:28:51,011 - 2 - INFO - 页面"不思议地下城（百抽特权）"跳转正常,该类元素共10个，当前第5个
2020-09-08 18:28:57,149 - 2 - INFO - 页面"妖神记（抽动漫周边）"跳转正常,该类元素共10个，当前第6个
2020-09-08 18:29:03,287 - 2 - INFO - 页面"魔龙诀（全屏爆宝）"跳转正常,该类元素共10个，当前第7个
2020-09-08 18:29:09,412 - 2 - INFO - 页面"天天怼三国（送千元充值）"跳转正常,该类元素共10个，当前第8个
2020-09-08 18:29:15,552 - 2 - INFO - 页面"剑侠风云（送海量充值）"跳转正常,该类元素共10个，当前第9个
2020-09-08 18:29:21,685 - 2 - INFO - 页面"小小三国志（送充值卡）"跳转正常,该类元素共10个，当前第10个
2020-09-08 18:29:27,820 - 2 - INFO - 页面"魔侠传（开服送2000充）"跳转正常,该类元素共20个，当前第1个
2020-09-08 18:29:33,947 - 2 - INFO - 页面"仙风道骨（送GM海量充）"跳转正常,该类元素共20个，当前第2个
2020-09-08 18:29:40,090 - 2 - INFO - 页面"武器之王（满屏爆装）"跳转正常,该类元素共20个，当前第3个
2020-09-08 18:29:46,215 - 2 - INFO - 页面"凡人飞仙传（六界纷争）"跳转正常,该类元素共20个，当前第4个
2020-09-08 18:29:52,342 - 2 - INFO - 页面"少年群侠传（送千元充值）"跳转正常,该类元素共20个，当前第5个
2020-09-08 18:29:58,475 - 2 - INFO - 页面"神龙猎手（开局送万抽）"跳转正常,该类元素共20个，当前第6个
2020-09-08 18:30:04,616 - 2 - INFO - 页面"仙灵世界（送海量连抽）"跳转正常,该类元素共20个，当前第7个
2020-09-08 18:30:10,744 - 2 - INFO - 页面"怒火一刀（天天送充值）"跳转正常,该类元素共20个，当前第8个
2020-09-08 18:30:16,873 - 2 - INFO - 页面"女神联盟2（送500充值）"跳转正常,该类元素共20个，当前第9个
2020-09-08 18:30:23,004 - 2 - INFO - 页面"乱戳三国2（送GM特权）"跳转正常,该类元素共20个，当前第10个
2020-09-08 19:00:24,164 - 2 - INFO - 页面"烈火战神（满屏福利）"跳转正常,该类元素共20个，当前第11个
2020-09-08 19:00:30,311 - 2 - INFO - 页面"九曲封神（送海量充值）"跳转正常,该类元素共20个，当前第12个
2020-09-08 19:00:36,433 - 2 - INFO - 页面"不思议地下城（百抽特权）"跳转正常,该类元素共20个，当前第13个
2020-09-08 19:00:42,550 - 2 - INFO - 页面"妖神记（抽动漫周边）"跳转正常,该类元素共20个，当前第14个
2020-09-08 19:00:48,671 - 2 - INFO - 页面"魔龙诀（全屏爆宝）"跳转正常,该类元素共20个，当前第15个
2020-09-08 19:00:54,806 - 2 - INFO - 页面"天天怼三国（送千元充值）"跳转正常,该类元素共20个，当前第16个
2020-09-08 19:01:00,941 - 2 - INFO - 页面"乱世江湖（天天送充值）"跳转正常,该类元素共20个，当前第17个
2020-09-08 19:01:07,068 - 2 - INFO - 页面"传奇盛世（高返定制服）"跳转正常,该类元素共20个，当前第18个
2020-09-08 19:01:13,201 - 2 - INFO - 页面"黑暗与荣耀（送史诗宠物）"跳转正常,该类元素共20个，当前第19个
2020-09-08 19:01:19,326 - 2 - INFO - 页面"剑侠风云（送海量充值）"跳转正常,该类元素共20个，当前第20个
2020-09-08 19:01:26,911 - 2 - INFO - 页面"《乱戳三国2（送GM特权）》创角即送：VIP18、30"跳转正常,该类元素共1个，当前第1个
2020-09-08 19:01:27,106 - basepage - INFO - Click back on current page.
2020-09-08 19:01:32,951 - 2 - INFO - 页面"《九曲封神（送海量充值）》上线就送VIP8，388"跳转正常,该类元素共1个，当前第1个
2020-09-08 19:01:33,322 - basepage - INFO - Click back on current page.
2020-09-08 19:01:38,852 - 2 - INFO - 页面"《武器之王（满屏爆装）》上线送VIP10，50万福利"跳转正常,该类元素共1个，当前第1个
2020-09-08 19:01:39,132 - basepage - INFO - Click back on current page.
2020-09-08 19:01:44,651 - 2 - INFO - 页面"《怒火一刀（天天送充值）》创角送满Vip，6888"跳转正常,该类元素共1个，当前第1个
2020-09-08 19:01:44,885 - basepage - INFO - Click back on current page.
2020-09-08 19:01:50,910 - 2 - ERROR - 页面"《凡人飞仙传（六界纷争）》上线赠送VIP8、元宝"跳转异常,该类元素共1个，当前第1个
2020-09-08 19:01:51,359 - basepage - INFO - Click back on current page.
2020-09-08 19:01:57,289 - 2 - INFO - 页面"【最笨周末活动】8.7 周末活动海量惊喜等你来拿"跳转正常,该类元素共1个，当前第1个
2020-09-08 19:01:57,515 - basepage - INFO - Click back on current page.
2020-09-08 19:02:02,349 - 2 - INFO - 页面"怒三国（送328充值）"跳转正常,该类元素共12个，当前第1个
2020-09-08 19:02:02,566 - basepage - INFO - Click back on current page.
2020-09-08 19:02:07,020 - 2 - INFO - 页面"紫青双剑（送4000元充值）"跳转正常,该类元素共12个，当前第2个
2020-09-08 19:02:07,297 - basepage - INFO - Click back on current page.
2020-09-08 19:02:12,034 - 2 - INFO - 页面"三国志名将传（送稀有神将）"跳转正常,该类元素共12个，当前第3个
2020-09-08 19:02:12,243 - basepage - INFO - Click back on current page.
2020-09-08 19:02:16,631 - 2 - INFO - 页面"燃烧吧！火焰（开服送壕充）"跳转正常,该类元素共12个，当前第4个
2020-09-08 19:02:16,874 - basepage - INFO - Click back on current page.
2020-09-08 19:02:21,284 - 2 - INFO - 页面"烈焰飞雪（送千元充值）"跳转正常,该类元素共12个，当前第5个
2020-09-08 19:02:21,498 - basepage - INFO - Click back on current page.
2020-09-08 19:02:26,097 - 2 - INFO - 页面"究极数码进化（签到送真充）"跳转正常,该类元素共12个，当前第6个
2020-09-08 19:02:26,293 - basepage - INFO - Click back on current page.
2020-09-08 19:02:31,093 - 2 - INFO - 页面"大公爵（海量送充值）"跳转正常,该类元素共12个，当前第7个
2020-09-08 19:02:31,297 - basepage - INFO - Click back on current page.
2020-09-08 19:02:36,110 - 2 - INFO - 页面"不朽三国（百抽特权）"跳转正常,该类元素共12个，当前第8个
2020-09-08 19:02:36,309 - basepage - INFO - Click back on current page.
2020-09-08 19:02:41,436 - 2 - INFO - 页面"调教三国（送海量特权）"跳转正常,该类元素共12个，当前第9个
2020-09-08 19:02:41,656 - basepage - INFO - Click back on current page.
2020-09-08 19:02:46,131 - 2 - INFO - 页面"梦幻遮天（回收换充值）"跳转正常,该类元素共12个，当前第10个
2020-09-08 19:02:46,325 - basepage - INFO - Click back on current page.
2020-09-08 19:02:51,127 - 2 - INFO - 页面"泰坦联盟（送2000元充值）"跳转正常,该类元素共12个，当前第11个
2020-09-08 19:02:51,364 - basepage - INFO - Click back on current page.
2020-09-08 19:02:55,843 - 2 - INFO - 页面"热血武林（海量充值卡）"跳转正常,该类元素共12个，当前第12个
2020-09-08 19:02:56,041 - basepage - INFO - Click back on current page.
2020-09-08 19:03:01,962 - 2 - INFO - 页面"魔兽世界怀旧服2020年6月7日人口普查一览"跳转正常,该类元素共2个，当前第1个
2020-09-08 19:03:02,388 - basepage - INFO - Click back on current page.
2020-09-08 19:03:09,383 - 2 - INFO - 页面"DNF萌噬噬宠物属性怎么样？萌噬噬属性介绍"跳转正常,该类元素共2个，当前第2个
2020-09-08 19:03:09,612 - basepage - INFO - Click back on current page.
2020-09-08 19:03:16,245 - 2 - INFO - 页面"云顶之弈10.18星守法师阵容怎么玩-10.18星守法师搭配攻略-最笨下载"跳转正常,该类元素共14个，当前第1个
2020-09-08 19:03:16,631 - basepage - INFO - Click back on current page.
2020-09-08 19:03:23,569 - 2 - INFO - 页面"魔兽世界怀旧服协助大德鲁伊部落任务怎么做-协助大德鲁伊部落任务攻略-最笨下载"跳转正常,该类元素共14个，当前第2个
2020-09-08 19:03:23,768 - basepage - INFO - Click back on current page.
2020-09-08 19:03:30,636 - 2 - INFO - 页面"LOL10.18派克怎么玩-10.18派克玩法攻略-最笨下载"跳转正常,该类元素共14个，当前第3个
2020-09-08 19:03:30,852 - basepage - INFO - Click back on current page.
2020-09-08 19:03:37,494 - 2 - INFO - 页面"LOL10.18维克兹怎么出装-10.18维克兹出装攻略-最笨下载"跳转正常,该类元素共14个，当前第4个
2020-09-08 19:03:37,963 - basepage - INFO - Click back on current page.
2020-09-08 19:03:44,990 - 2 - INFO - 页面"剑网3纵横四野礼盒怎么获取-纵横四野礼盒获取攻略-最笨下载"跳转正常,该类元素共14个，当前第5个
2020-09-08 19:03:45,193 - basepage - INFO - Click back on current page.
2020-09-08 19:03:52,051 - 2 - INFO - 页面"战魂铭人道具怎么选-道具选择攻略-最笨下载"跳转正常,该类元素共14个，当前第6个
2020-09-08 19:03:52,436 - basepage - INFO - Click back on current page.
2020-09-08 19:03:59,123 - 2 - INFO - 页面"鸿图之下吴国国家队怎么搭配-吴国国家队阵容推荐-最笨下载"跳转正常,该类元素共14个，当前第7个
2020-09-08 19:03:59,414 - basepage - INFO - Click back on current page.
2020-09-08 19:04:06,241 - 2 - INFO - 页面"和平精英浪漫波比返场怎么获得-浪漫波比套装免费领取方法-最笨下载"跳转正常,该类元素共14个，当前第8个
2020-09-08 19:04:06,609 - basepage - INFO - Click back on current page.
2020-09-08 19:04:13,501 - 2 - INFO - 页面"英雄棋士团吸血鬼剑姬怎么打-吸血鬼剑姬打法攻略-最笨下载"跳转正常,该类元素共14个，当前第9个
2020-09-08 19:04:13,712 - basepage - INFO - Click back on current page.
2020-09-08 19:04:20,631 - 2 - INFO - 页面"漫威复仇者钢铁侠怎么破墙-钢铁侠破墙攻略-最笨下载"跳转正常,该类元素共14个，当前第10个
2020-09-08 19:04:20,850 - basepage - INFO - Click back on current page.
2020-09-08 19:04:27,707 - 2 - INFO - 页面"妄想山海山海共战活动怎么玩-山海共战活动攻略-最笨下载"跳转正常,该类元素共14个，当前第11个
2020-09-08 19:04:28,090 - basepage - INFO - Click back on current page.
2020-09-08 19:04:35,512 - 2 - INFO - 页面"全网公敌程序员之死怎么过-程序员之死通关攻略-最笨下载"跳转正常,该类元素共14个，当前第12个
2020-09-08 19:04:35,729 - basepage - INFO - Click back on current page.
2020-09-08 19:04:42,514 - 2 - INFO - 页面"英雄棋士团末日天使怎么打-末日天使打法攻略-最笨下载"跳转正常,该类元素共14个，当前第13个
2020-09-08 19:04:42,802 - basepage - INFO - Click back on current page.
2020-09-08 19:04:49,324 - 2 - INFO - 页面"虚无之印黑屏闪退怎么办-黑屏闪退解决方法讲解-最笨下载"跳转正常,该类元素共14个，当前第14个
2020-09-08 19:04:49,717 - basepage - INFO - Click back on current page.
2020-09-08 19:04:58,143 - 2 - INFO - 页面"永恒纪元满v无限钻石版-永恒纪元满v无限钻石版"跳转正常,该类元素共2个，当前第1个
2020-09-08 19:04:58,424 - basepage - INFO - Click back on current page.
