2020-08-13 18:20:06,096 - basepage - INFO - zuiben自动化测试开始
2020-08-13 18:20:06,097 - basepage - INFO - 隐性等待 10 秒
2020-08-13 18:20:12,861 - basepage - INFO - 跳转至https://www.zuiben.com/
2020-08-13 18:20:14,980 - basepage - INFO - 窗口已经最大化
2020-08-13 18:20:20,783 - 2 - INFO - 页面"【安卓游戏】好玩的安卓游戏下载_安卓游戏排行榜_安卓游戏免费下载大全-最笨下载"跳转正常,该类元素共21个，当前第1个
2020-08-13 18:20:20,997 - basepage - INFO - Click back on current page.
2020-08-13 18:20:25,529 - 2 - INFO - 页面"变态手游公益服_bt手游变态服_无限元宝bt手游下载_BT手游中心-最笨下载"跳转正常,该类元素共21个，当前第2个
2020-08-13 18:20:26,001 - basepage - INFO - Click back on current page.
2020-08-13 18:20:30,206 - 2 - INFO - 页面"gm版手游_无限元宝/钻石公益服_0元免费gm权限手游下载-最笨下载"跳转正常,该类元素共21个，当前第3个
2020-08-13 18:20:30,419 - basepage - INFO - Click back on current page.
2020-08-13 18:20:35,992 - 2 - INFO - 页面"【苹果游戏】iphone苹果手机游戏下载_iphone苹果游戏排行榜-最笨下载"跳转正常,该类元素共21个，当前第4个
2020-08-13 18:20:36,197 - basepage - INFO - Click back on current page.
2020-08-13 18:20:40,682 - 2 - INFO - 页面"满vip版手游_手游sf送顶级vip_满级vip无限元宝手游下载-最笨下载"跳转正常,该类元素共21个，当前第5个
2020-08-13 18:20:40,926 - basepage - INFO - Click back on current page.
2020-08-13 18:20:47,274 - 2 - INFO - 页面"【安卓软件】安卓软件下载_安卓手机软件下载_安卓软件免费下载大全-最笨下载"跳转正常,该类元素共21个，当前第6个
2020-08-13 18:20:47,489 - basepage - INFO - Click back on current page.
2020-08-13 18:20:53,584 - 2 - INFO - 页面"【苹果软件】iphone苹果下载软件_iphone苹果软件免费下载_苹果软件下载大全-最笨下载"跳转正常,该类元素共21个，当前第7个
2020-08-13 18:20:54,031 - basepage - INFO - Click back on current page.
2020-08-13 18:20:58,977 - 2 - INFO - 页面"【安卓资讯】安卓资讯推荐_安卓资讯大全-最笨下载"跳转正常,该类元素共21个，当前第8个
2020-08-13 18:20:59,194 - basepage - INFO - Click back on current page.
2020-08-13 18:21:03,722 - 2 - INFO - 页面"【安卓游戏攻略】安卓游戏攻略推荐_安卓游戏攻略大全-最笨下载"跳转正常,该类元素共21个，当前第9个
2020-08-13 18:21:04,061 - basepage - INFO - Click back on current page.
2020-08-13 18:21:08,705 - 2 - INFO - 页面"【安卓软件教程】安卓软件教程推荐_安卓软件教程大全-最笨下载"跳转正常,该类元素共21个，当前第10个
2020-08-13 18:21:08,917 - basepage - INFO - Click back on current page.
2020-08-13 18:21:15,379 - 2 - INFO - 页面"【iphone资讯】iphone资讯推荐_iphone资讯大全-最笨下载"跳转正常,该类元素共21个，当前第11个
2020-08-13 18:21:15,891 - basepage - INFO - Click back on current page.
2020-08-13 18:21:20,434 - 2 - INFO - 页面"【iPhone游戏攻略】iPhone游戏攻略推荐_iPhone游戏攻略大全-最笨下载"跳转正常,该类元素共21个，当前第12个
2020-08-13 18:21:20,636 - basepage - INFO - Click back on current page.
2020-08-13 18:21:25,390 - 2 - INFO - 页面"【系统重装教程】电脑重装系统教程_电脑怎么重装系统_重装系统步骤-最笨下载"跳转正常,该类元素共21个，当前第13个
2020-08-13 18:21:25,640 - basepage - INFO - Click back on current page.
2020-08-13 18:21:30,908 - 2 - INFO - 页面"安卓专题-最笨下载"跳转正常,该类元素共21个，当前第14个
2020-08-13 18:21:31,140 - basepage - INFO - Click back on current page.
2020-08-13 18:21:36,987 - 2 - INFO - 页面"游戏专题-最笨下载"跳转正常,该类元素共21个，当前第15个
2020-08-13 18:21:37,407 - basepage - INFO - Click back on current page.
2020-08-13 18:21:42,279 - 2 - INFO - 页面"苹果专题-最笨下载"跳转正常,该类元素共21个，当前第16个
2020-08-13 18:21:42,494 - basepage - INFO - Click back on current page.
2020-08-13 18:21:47,845 - 2 - INFO - 页面"【电脑软件】电脑软件下载_电脑装机必备软件_电脑常用软件下载_电脑软件大全-最笨下载"跳转正常,该类元素共21个，当前第17个
2020-08-13 18:21:48,293 - basepage - INFO - Click back on current page.
2020-08-13 18:21:54,656 - 2 - INFO - 页面"【电脑软件】电脑软件下载_电脑装机必备软件_电脑常用软件下载_电脑软件大全-最笨下载"跳转正常,该类元素共21个，当前第18个
2020-08-13 18:21:54,868 - basepage - INFO - Click back on current page.
2020-08-13 18:21:59,512 - 2 - INFO - 页面"【激活工具】激活windows工具_万能激活工具_windows激活工具下载_自动激活工具-最笨下载"跳转正常,该类元素共21个，当前第19个
2020-08-13 18:21:59,713 - basepage - INFO - Click back on current page.
2020-08-13 18:22:03,906 - 2 - INFO - 页面"【系统重装教程】电脑重装系统教程_电脑怎么重装系统_重装系统步骤-最笨下载"跳转正常,该类元素共21个，当前第20个
2020-08-13 18:22:04,107 - basepage - INFO - Click back on current page.
2020-08-13 18:22:08,289 - 2 - INFO - 页面"【系统重装教程】电脑重装系统教程_电脑怎么重装系统_重装系统步骤-最笨下载"跳转正常,该类元素共21个，当前第21个
2020-08-13 18:22:08,515 - basepage - INFO - Click back on current page.
2020-08-13 18:22:16,414 - 2 - INFO - 页面"家庭教师OL手游"跳转正常,该类元素共10个，当前第1个
2020-08-13 18:22:22,545 - 2 - INFO - 页面"魔女骑士团手游"跳转正常,该类元素共10个，当前第2个
2020-08-13 18:22:28,706 - 2 - INFO - 页面"决胜足球手游"跳转正常,该类元素共10个，当前第3个
2020-08-13 18:22:34,898 - 2 - INFO - 页面"少女战争手游"跳转正常,该类元素共10个，当前第4个
2020-08-13 18:22:41,065 - 2 - INFO - 页面"天神战（魔灵特权）"跳转正常,该类元素共10个，当前第5个
2020-08-13 18:22:47,284 - 2 - INFO - 页面"最Q幻想手游"跳转正常,该类元素共10个，当前第6个
2020-08-13 18:22:53,481 - 2 - INFO - 页面"霸途手游"跳转正常,该类元素共10个，当前第7个
2020-08-13 18:22:59,671 - 2 - INFO - 页面"回到三国志手游"跳转正常,该类元素共10个，当前第8个
2020-08-13 18:23:05,840 - 2 - INFO - 页面"幻游猎人手游"跳转正常,该类元素共10个，当前第9个
2020-08-13 18:23:11,979 - 2 - INFO - 页面"王者荣耀"跳转正常,该类元素共10个，当前第10个
2020-08-13 18:23:18,124 - 2 - INFO - 页面"武器之王（福利特权）"跳转正常,该类元素共20个，当前第1个
2020-08-13 18:23:24,265 - 2 - INFO - 页面"女神联盟2（送500充值）"跳转正常,该类元素共20个，当前第2个
2020-08-13 18:23:30,425 - 2 - INFO - 页面"妖神记（抽动漫周边）"跳转正常,该类元素共20个，当前第3个
2020-08-13 18:23:36,560 - 2 - INFO - 页面"天天怼三国（送千元充值）"跳转正常,该类元素共20个，当前第4个
2020-08-13 18:23:42,682 - 2 - INFO - 页面"仙灵世界（送海量连抽）"跳转正常,该类元素共20个，当前第5个
2020-08-13 18:23:48,850 - 2 - INFO - 页面"魔剑侠缘（万元兑换）"跳转正常,该类元素共20个，当前第6个
2020-08-13 18:23:55,050 - 2 - INFO - 页面"纵剑仙界（送VIP代金券）"跳转正常,该类元素共20个，当前第7个
2020-08-13 18:24:01,186 - 2 - INFO - 页面"崩坏西游（送1688元充值）"跳转正常,该类元素共20个，当前第8个
2020-08-13 18:24:07,294 - 2 - INFO - 页面"仙风道骨（送GM海量充）"跳转正常,该类元素共20个，当前第9个
2020-08-13 18:24:13,488 - 2 - INFO - 页面"天使之吻"跳转正常,该类元素共20个，当前第10个
2020-08-13 18:24:19,624 - 2 - INFO - 页面"唐门六道（送千元充值）"跳转正常,该类元素共20个，当前第11个
2020-08-13 18:24:25,770 - 2 - INFO - 页面"魔法之光（红忍海量抽）"跳转正常,该类元素共20个，当前第12个
2020-08-13 18:24:31,907 - 2 - INFO - 页面"武动九天（GM免费特权）"跳转正常,该类元素共20个，当前第13个
2020-08-13 18:24:38,076 - 2 - INFO - 页面"大话许仙（钱庄特权）"跳转正常,该类元素共20个，当前第14个
2020-08-13 18:24:44,228 - 2 - INFO - 页面"影刃传说（天天送千充）"跳转正常,该类元素共20个，当前第15个
2020-08-13 18:24:50,384 - 2 - INFO - 页面"九幽仙域（海量送充值）"跳转正常,该类元素共20个，当前第16个
2020-08-13 18:24:56,525 - 2 - INFO - 页面"皇者：至尊传奇"跳转正常,该类元素共20个，当前第17个
2020-08-13 18:25:02,659 - 2 - INFO - 页面"魔龙诀（全屏爆宝）"跳转正常,该类元素共20个，当前第18个
2020-08-13 18:25:08,809 - 2 - INFO - 页面"真江湖HD（星耀特权）"跳转正常,该类元素共20个，当前第19个
2020-08-13 18:25:14,942 - 2 - INFO - 页面"诸世王者（福利特权）"跳转正常,该类元素共20个，当前第20个
2020-08-13 18:25:22,892 - 2 - INFO - 页面"武器之王（福利特权）"跳转正常,该类元素共10个，当前第1个
2020-08-13 18:25:29,037 - 2 - INFO - 页面"女神联盟2（送500充值）"跳转正常,该类元素共10个，当前第2个
2020-08-13 18:25:35,203 - 2 - INFO - 页面"妖神记（抽动漫周边）"跳转正常,该类元素共10个，当前第3个
2020-08-13 18:25:41,391 - 2 - INFO - 页面"天天怼三国（送千元充值）"跳转正常,该类元素共10个，当前第4个
2020-08-13 18:25:47,496 - 2 - INFO - 页面"仙灵世界（送海量连抽）"跳转正常,该类元素共10个，当前第5个
2020-08-13 18:25:53,621 - 2 - INFO - 页面"魔剑侠缘（万元兑换）"跳转正常,该类元素共10个，当前第6个
2020-08-13 18:25:59,776 - 2 - INFO - 页面"纵剑仙界（送VIP代金券）"跳转正常,该类元素共10个，当前第7个
2020-08-13 18:26:05,977 - 2 - INFO - 页面"崩坏西游（送1688元充值）"跳转正常,该类元素共10个，当前第8个
2020-08-13 18:26:12,153 - 2 - INFO - 页面"仙风道骨（送GM海量充）"跳转正常,该类元素共10个，当前第9个
2020-08-13 18:26:18,307 - 2 - INFO - 页面"天使之吻"跳转正常,该类元素共10个，当前第10个
2020-08-13 18:26:24,478 - 2 - INFO - 页面"武器之王（福利特权）"跳转正常,该类元素共20个，当前第1个
2020-08-13 18:26:30,649 - 2 - INFO - 页面"女神联盟2（送500充值）"跳转正常,该类元素共20个，当前第2个
2020-08-13 18:26:36,798 - 2 - INFO - 页面"凡人飞仙传（充值特权）"跳转正常,该类元素共20个，当前第3个
2020-08-13 18:26:42,949 - 2 - INFO - 页面"妖神记（抽动漫周边）"跳转正常,该类元素共20个，当前第4个
2020-08-13 18:26:49,114 - 2 - INFO - 页面"天天怼三国（送千元充值）"跳转正常,该类元素共20个，当前第5个
2020-08-13 18:26:55,300 - 2 - INFO - 页面"仙灵世界（送海量连抽）"跳转正常,该类元素共20个，当前第6个
2020-08-13 18:27:01,420 - 2 - INFO - 页面"魔剑侠缘（万元兑换）"跳转正常,该类元素共20个，当前第7个
2020-08-13 18:27:07,600 - 2 - INFO - 页面"纵剑仙界（送VIP代金券）"跳转正常,该类元素共20个，当前第8个
2020-08-13 18:27:13,741 - 2 - INFO - 页面"崩坏西游（送1688元充值）"跳转正常,该类元素共20个，当前第9个
2020-08-13 18:27:19,895 - 2 - INFO - 页面"仙风道骨（送GM海量充）"跳转正常,该类元素共20个，当前第10个
2020-08-13 18:27:26,047 - 2 - INFO - 页面"天使之吻"跳转正常,该类元素共20个，当前第11个
2020-08-13 18:27:32,236 - 2 - INFO - 页面"唐门六道（送千元充值）"跳转正常,该类元素共20个，当前第12个
2020-08-13 18:27:38,396 - 2 - INFO - 页面"魔法之光（红忍海量抽）"跳转正常,该类元素共20个，当前第13个
2020-08-13 18:27:44,540 - 2 - INFO - 页面"武动九天（GM免费特权）"跳转正常,该类元素共20个，当前第14个
2020-08-13 18:27:50,677 - 2 - INFO - 页面"大话许仙（钱庄特权）"跳转正常,该类元素共20个，当前第15个
2020-08-13 18:27:56,848 - 2 - INFO - 页面"影刃传说（天天送千充）"跳转正常,该类元素共20个，当前第16个
2020-08-13 18:28:02,981 - 2 - INFO - 页面"九幽仙域（海量送充值）"跳转正常,该类元素共20个，当前第17个
2020-08-13 18:28:09,112 - 2 - INFO - 页面"皇者：至尊传奇"跳转正常,该类元素共20个，当前第18个
2020-08-13 18:28:15,242 - 2 - INFO - 页面"魔龙诀（全屏爆宝）"跳转正常,该类元素共20个，当前第19个
2020-08-13 18:28:21,398 - 2 - INFO - 页面"真江湖HD（星耀特权）"跳转正常,该类元素共20个，当前第20个
2020-08-13 18:28:29,349 - 2 - INFO - 页面"武器之王（福利特权）"跳转正常,该类元素共10个，当前第1个
2020-08-13 18:28:35,521 - 2 - INFO - 页面"女神联盟2（送500充值）"跳转正常,该类元素共10个，当前第2个
2020-08-13 18:28:41,687 - 2 - INFO - 页面"凡人飞仙传（充值特权）"跳转正常,该类元素共10个，当前第3个
2020-08-13 18:28:47,844 - 2 - INFO - 页面"天天怼三国（送千元充值）"跳转正常,该类元素共10个，当前第4个
2020-08-13 18:28:53,955 - 2 - INFO - 页面"仙灵世界（送海量连抽）"跳转正常,该类元素共10个，当前第5个
2020-08-13 18:29:00,102 - 2 - INFO - 页面"纵剑仙界（送VIP代金券）"跳转正常,该类元素共10个，当前第6个
2020-08-13 18:29:06,208 - 2 - INFO - 页面"唐门六道（送千元充值）"跳转正常,该类元素共10个，当前第7个
2020-08-13 18:29:12,359 - 2 - INFO - 页面"魔法之光（红忍海量抽）"跳转正常,该类元素共10个，当前第8个
2020-08-13 18:29:18,542 - 2 - INFO - 页面"武动九天（GM免费特权）"跳转正常,该类元素共10个，当前第9个
2020-08-13 18:29:24,708 - 2 - INFO - 页面"大话许仙（钱庄特权）"跳转正常,该类元素共10个，当前第10个
2020-08-13 18:29:30,870 - 2 - INFO - 页面"武器之王（福利特权）"跳转正常,该类元素共20个，当前第1个
2020-08-13 18:29:37,041 - 2 - INFO - 页面"女神联盟2（送500充值）"跳转正常,该类元素共20个，当前第2个
2020-08-13 18:29:43,201 - 2 - INFO - 页面"凡人飞仙传（充值特权）"跳转正常,该类元素共20个，当前第3个
2020-08-13 18:29:49,360 - 2 - INFO - 页面"妖神记（抽动漫周边）"跳转正常,该类元素共20个，当前第4个
2020-08-13 18:29:55,466 - 2 - INFO - 页面"天天怼三国（送千元充值）"跳转正常,该类元素共20个，当前第5个
2020-08-13 18:30:01,626 - 2 - INFO - 页面"仙灵世界（送海量连抽）"跳转正常,该类元素共20个，当前第6个
2020-08-13 18:30:07,750 - 2 - INFO - 页面"魔剑侠缘（万元兑换）"跳转正常,该类元素共20个，当前第7个
2020-08-13 18:30:13,899 - 2 - INFO - 页面"纵剑仙界（送VIP代金券）"跳转正常,该类元素共20个，当前第8个
2020-08-13 18:30:20,030 - 2 - INFO - 页面"崩坏西游（送1688元充值）"跳转正常,该类元素共20个，当前第9个
2020-08-13 19:01:59,374 - 2 - ERROR - 页面"仙风道骨（送GM海量充）"跳转异常,该类元素共20个，当前第10个
2020-08-13 19:02:05,994 - 2 - INFO - 页面"天使之吻"跳转正常,该类元素共20个，当前第11个
2020-08-13 19:02:12,140 - 2 - INFO - 页面"唐门六道（送千元充值）"跳转正常,该类元素共20个，当前第12个
2020-08-13 19:02:18,268 - 2 - INFO - 页面"魔法之光（红忍海量抽）"跳转正常,该类元素共20个，当前第13个
