2020-08-25 18:20:06,763 - basepage - INFO - zuiben自动化测试开始
2020-08-25 18:20:06,764 - basepage - INFO - 隐性等待 10 秒
2020-08-25 18:20:15,611 - basepage - INFO - 跳转至https://www.zuiben.com/
2020-08-25 18:20:17,741 - basepage - INFO - 窗口已经最大化
2020-08-25 18:20:23,833 - 2 - INFO - 页面"【安卓游戏】好玩的安卓游戏下载_安卓游戏排行榜_安卓游戏免费下载大全-最笨下载"跳转正常,该类元素共21个，当前第1个
2020-08-25 18:20:24,040 - basepage - INFO - Click back on current page.
2020-08-25 18:20:28,476 - 2 - INFO - 页面"变态手游公益服_bt手游变态服_无限元宝bt手游下载_BT手游中心-最笨下载"跳转正常,该类元素共21个，当前第2个
2020-08-25 18:20:28,836 - basepage - INFO - Click back on current page.
2020-08-25 18:20:33,660 - 2 - INFO - 页面"gm版手游_无限元宝/钻石公益服_0元免费gm权限手游下载-最笨下载"跳转正常,该类元素共21个，当前第3个
2020-08-25 18:20:33,865 - basepage - INFO - Click back on current page.
2020-08-25 18:20:41,468 - 2 - INFO - 页面"【苹果游戏】iphone苹果手机游戏下载_iphone苹果游戏排行榜-最笨下载"跳转正常,该类元素共21个，当前第4个
2020-08-25 18:20:41,697 - basepage - INFO - Click back on current page.
2020-08-25 18:20:46,695 - 2 - INFO - 页面"满vip版手游_手游sf送顶级vip_满级vip无限元宝手游下载-最笨下载"跳转正常,该类元素共21个，当前第5个
2020-08-25 18:20:47,042 - basepage - INFO - Click back on current page.
2020-08-25 18:20:53,653 - 2 - INFO - 页面"【安卓软件】安卓软件下载_安卓手机软件下载_安卓软件免费下载大全-最笨下载"跳转正常,该类元素共21个，当前第6个
2020-08-25 18:20:53,868 - basepage - INFO - Click back on current page.
2020-08-25 18:21:00,186 - 2 - INFO - 页面"【苹果软件】iphone苹果下载软件_iphone苹果软件免费下载_苹果软件下载大全-最笨下载"跳转正常,该类元素共21个，当前第7个
2020-08-25 18:21:00,549 - basepage - INFO - Click back on current page.
2020-08-25 18:21:05,757 - 2 - INFO - 页面"【安卓资讯】安卓资讯推荐_安卓资讯大全-最笨下载"跳转正常,该类元素共21个，当前第8个
2020-08-25 18:21:05,952 - basepage - INFO - Click back on current page.
2020-08-25 18:21:10,574 - 2 - INFO - 页面"【安卓游戏攻略】安卓游戏攻略推荐_安卓游戏攻略大全-最笨下载"跳转正常,该类元素共21个，当前第9个
2020-08-25 18:21:10,779 - basepage - INFO - Click back on current page.
2020-08-25 18:21:15,970 - 2 - INFO - 页面"【安卓软件教程】安卓软件教程推荐_安卓软件教程大全-最笨下载"跳转正常,该类元素共21个，当前第10个
2020-08-25 18:21:16,185 - basepage - INFO - Click back on current page.
2020-08-25 18:21:21,029 - 2 - INFO - 页面"【iphone资讯】iphone资讯推荐_iphone资讯大全-最笨下载"跳转正常,该类元素共21个，当前第11个
2020-08-25 18:21:21,230 - basepage - INFO - Click back on current page.
2020-08-25 18:21:26,272 - 2 - INFO - 页面"【iPhone游戏攻略】iPhone游戏攻略推荐_iPhone游戏攻略大全-最笨下载"跳转正常,该类元素共21个，当前第12个
2020-08-25 18:21:26,478 - basepage - INFO - Click back on current page.
2020-08-25 18:21:38,594 - 2 - INFO - 页面"【系统重装教程】电脑重装系统教程_电脑怎么重装系统_重装系统步骤-最笨下载"跳转正常,该类元素共21个，当前第13个
2020-08-25 18:21:38,941 - basepage - INFO - Click back on current page.
2020-08-25 18:21:45,397 - 2 - INFO - 页面"安卓专题-最笨下载"跳转正常,该类元素共21个，当前第14个
2020-08-25 18:21:45,611 - basepage - INFO - Click back on current page.
2020-08-25 18:21:52,694 - 2 - INFO - 页面"游戏专题-最笨下载"跳转正常,该类元素共21个，当前第15个
2020-08-25 18:21:52,910 - basepage - INFO - Click back on current page.
2020-08-25 18:21:57,778 - 2 - INFO - 页面"苹果专题-最笨下载"跳转正常,该类元素共21个，当前第16个
2020-08-25 18:21:57,985 - basepage - INFO - Click back on current page.
2020-08-25 18:22:03,687 - 2 - INFO - 页面"【电脑软件】电脑软件下载_电脑装机必备软件_电脑常用软件下载_电脑软件大全-最笨下载"跳转正常,该类元素共21个，当前第17个
2020-08-25 18:22:04,064 - basepage - INFO - Click back on current page.
2020-08-25 18:22:09,465 - 2 - INFO - 页面"【电脑软件】电脑软件下载_电脑装机必备软件_电脑常用软件下载_电脑软件大全-最笨下载"跳转正常,该类元素共21个，当前第18个
2020-08-25 18:22:09,671 - basepage - INFO - Click back on current page.
2020-08-25 18:22:15,839 - 2 - INFO - 页面"【激活工具】激活windows工具_万能激活工具_windows激活工具下载_自动激活工具-最笨下载"跳转正常,该类元素共21个，当前第19个
2020-08-25 18:22:16,192 - basepage - INFO - Click back on current page.
2020-08-25 18:22:20,354 - 2 - INFO - 页面"【系统重装教程】电脑重装系统教程_电脑怎么重装系统_重装系统步骤-最笨下载"跳转正常,该类元素共21个，当前第20个
2020-08-25 18:22:20,565 - basepage - INFO - Click back on current page.
2020-08-25 18:22:24,700 - 2 - INFO - 页面"【系统重装教程】电脑重装系统教程_电脑怎么重装系统_重装系统步骤-最笨下载"跳转正常,该类元素共21个，当前第21个
2020-08-25 18:22:25,074 - basepage - INFO - Click back on current page.
2020-08-25 18:22:32,953 - 2 - INFO - 页面"家庭教师OL手游"跳转正常,该类元素共10个，当前第1个
2020-08-25 18:22:39,110 - 2 - INFO - 页面"魔女骑士团手游"跳转正常,该类元素共10个，当前第2个
2020-08-25 18:22:45,296 - 2 - INFO - 页面"决胜足球手游"跳转正常,该类元素共10个，当前第3个
2020-08-25 18:22:51,455 - 2 - INFO - 页面"少女战争手游"跳转正常,该类元素共10个，当前第4个
2020-08-25 18:22:57,608 - 2 - INFO - 页面"天神战（魔灵特权）"跳转正常,该类元素共10个，当前第5个
2020-08-25 18:23:03,750 - 2 - INFO - 页面"最Q幻想手游"跳转正常,该类元素共10个，当前第6个
2020-08-25 18:23:09,880 - 2 - INFO - 页面"霸途手游"跳转正常,该类元素共10个，当前第7个
2020-08-25 18:23:16,029 - 2 - INFO - 页面"回到三国志手游"跳转正常,该类元素共10个，当前第8个
2020-08-25 18:23:22,159 - 2 - INFO - 页面"幻游猎人手游"跳转正常,该类元素共10个，当前第9个
2020-08-25 18:23:28,317 - 2 - INFO - 页面"王者荣耀"跳转正常,该类元素共10个，当前第10个
2020-08-25 18:23:34,468 - 2 - INFO - 页面"仙风道骨（送GM海量充）"跳转正常,该类元素共20个，当前第1个
2020-08-25 18:23:40,934 - 2 - INFO - 页面"少年群侠传（送千元充值）"跳转正常,该类元素共20个，当前第2个
2020-08-25 18:23:47,107 - 2 - INFO - 页面"女神联盟2（送500充值）"跳转正常,该类元素共20个，当前第3个
2020-08-25 18:23:53,244 - 2 - INFO - 页面"魔侠传（开服送2000充）"跳转正常,该类元素共20个，当前第4个
2020-08-25 18:23:59,361 - 2 - INFO - 页面"不思议地下城（百抽特权）"跳转正常,该类元素共20个，当前第5个
2020-08-25 18:24:05,476 - 2 - INFO - 页面"仙灵世界（送海量连抽）"跳转正常,该类元素共20个，当前第6个
2020-08-25 18:24:11,633 - 2 - INFO - 页面"机甲战纪（送GM特权）"跳转正常,该类元素共20个，当前第7个
2020-08-25 18:24:17,789 - 2 - INFO - 页面"梦幻江湖（送千万元宝）"跳转正常,该类元素共20个，当前第8个
2020-08-25 18:24:23,924 - 2 - INFO - 页面"剑侠风云（送海量充值）"跳转正常,该类元素共20个，当前第9个
2020-08-25 18:24:30,079 - 2 - INFO - 页面"魔剑侠缘（万元兑换）"跳转正常,该类元素共20个，当前第10个
2020-08-25 18:24:36,219 - 2 - INFO - 页面"魔龙诀（全屏爆宝）"跳转正常,该类元素共20个，当前第11个
2020-08-25 18:24:42,354 - 2 - INFO - 页面"征程三国（送充值）"跳转正常,该类元素共20个，当前第12个
2020-08-25 18:24:48,487 - 2 - INFO - 页面"风之旅团（每日送充值）"跳转正常,该类元素共20个，当前第13个
2020-08-25 18:24:54,696 - 2 - INFO - 页面"冒险之旅（百抽特权）"跳转正常,该类元素共20个，当前第14个
2020-08-25 18:25:00,832 - 2 - INFO - 页面"天天怼三国（送千元充值）"跳转正常,该类元素共20个，当前第15个
2020-08-25 18:25:06,975 - 2 - INFO - 页面"无敌战舰（送百元充值）"跳转正常,该类元素共20个，当前第16个
2020-08-25 18:25:13,138 - 2 - INFO - 页面"妖神记（抽动漫周边）"跳转正常,该类元素共20个，当前第17个
2020-08-25 18:25:19,274 - 2 - INFO - 页面"异能勇者"跳转正常,该类元素共20个，当前第18个
2020-08-25 18:25:25,391 - 2 - INFO - 页面"崩坏西游（送1688元充值）"跳转正常,该类元素共20个，当前第19个
2020-08-25 18:25:31,513 - 2 - INFO - 页面"纵剑仙界（送VIP代金券）"跳转正常,该类元素共20个，当前第20个
2020-08-25 18:25:39,429 - 2 - INFO - 页面"仙风道骨（送GM海量充）"跳转正常,该类元素共10个，当前第1个
2020-08-25 18:25:45,556 - 2 - INFO - 页面"少年群侠传（送千元充值）"跳转正常,该类元素共10个，当前第2个
2020-08-25 18:25:51,711 - 2 - INFO - 页面"女神联盟2（送500充值）"跳转正常,该类元素共10个，当前第3个
2020-08-25 18:25:57,866 - 2 - INFO - 页面"魔侠传（开服送2000充）"跳转正常,该类元素共10个，当前第4个
2020-08-25 18:26:04,005 - 2 - INFO - 页面"不思议地下城（百抽特权）"跳转正常,该类元素共10个，当前第5个
2020-08-25 18:26:10,157 - 2 - INFO - 页面"仙灵世界（送海量连抽）"跳转正常,该类元素共10个，当前第6个
2020-08-25 18:26:16,274 - 2 - INFO - 页面"机甲战纪（送GM特权）"跳转正常,该类元素共10个，当前第7个
2020-08-25 18:26:22,423 - 2 - INFO - 页面"梦幻江湖（送千万元宝）"跳转正常,该类元素共10个，当前第8个
2020-08-25 18:26:28,560 - 2 - INFO - 页面"剑侠风云（送海量充值）"跳转正常,该类元素共10个，当前第9个
2020-08-25 18:26:34,693 - 2 - INFO - 页面"魔剑侠缘（万元兑换）"跳转正常,该类元素共10个，当前第10个
2020-08-25 18:26:40,858 - 2 - INFO - 页面"武器之王（满屏爆装）"跳转正常,该类元素共20个，当前第1个
2020-08-25 18:26:47,005 - 2 - INFO - 页面"仙风道骨（送GM海量充）"跳转正常,该类元素共20个，当前第2个
2020-08-25 18:26:53,156 - 2 - INFO - 页面"少年群侠传（送千元充值）"跳转正常,该类元素共20个，当前第3个
2020-08-25 18:26:59,305 - 2 - INFO - 页面"女神联盟2（送500充值）"跳转正常,该类元素共20个，当前第4个
2020-08-25 18:27:05,432 - 2 - INFO - 页面"星辰变（送百元永抽）"跳转正常,该类元素共20个，当前第5个
2020-08-25 18:27:11,550 - 2 - INFO - 页面"魔侠传（开服送2000充）"跳转正常,该类元素共20个，当前第6个
2020-08-25 18:27:17,671 - 2 - INFO - 页面"不思议地下城（百抽特权）"跳转正常,该类元素共20个，当前第7个
2020-08-25 18:27:23,819 - 2 - INFO - 页面"仙灵世界（送海量连抽）"跳转正常,该类元素共20个，当前第8个
2020-08-25 18:27:29,948 - 2 - INFO - 页面"神龙猎手（开局送万抽）"跳转正常,该类元素共20个，当前第9个
2020-08-25 18:27:36,068 - 2 - INFO - 页面"机甲战纪（送GM特权）"跳转正常,该类元素共20个，当前第10个
2020-08-25 18:27:42,219 - 2 - INFO - 页面"梦幻江湖（送千万元宝）"跳转正常,该类元素共20个，当前第11个
2020-08-25 18:27:48,382 - 2 - INFO - 页面"九曲封神（送海量充值）"跳转正常,该类元素共20个，当前第12个
2020-08-25 18:27:54,558 - 2 - INFO - 页面"剑侠风云（送海量充值）"跳转正常,该类元素共20个，当前第13个
2020-08-25 18:28:00,722 - 2 - INFO - 页面"魔剑侠缘（万元兑换）"跳转正常,该类元素共20个，当前第14个
2020-08-25 18:28:06,862 - 2 - INFO - 页面"怒火一刀（天天送充值）"跳转正常,该类元素共20个，当前第15个
2020-08-25 18:28:13,016 - 2 - INFO - 页面"魔龙诀（全屏爆宝）"跳转正常,该类元素共20个，当前第16个
2020-08-25 18:28:19,183 - 2 - INFO - 页面"征程三国（送充值）"跳转正常,该类元素共20个，当前第17个
2020-08-25 18:28:25,335 - 2 - INFO - 页面"凡人飞仙传（六界纷争）"跳转正常,该类元素共20个，当前第18个
2020-08-25 18:28:31,469 - 2 - INFO - 页面"风之旅团（每日送充值）"跳转正常,该类元素共20个，当前第19个
2020-08-25 18:28:37,627 - 2 - INFO - 页面"齐天记（海量资源特权）"跳转正常,该类元素共20个，当前第20个
2020-08-25 18:28:45,575 - 2 - INFO - 页面"少年群侠传（送千元充值）"跳转正常,该类元素共10个，当前第1个
2020-08-25 18:28:51,712 - 2 - INFO - 页面"女神联盟2（送500充值）"跳转正常,该类元素共10个，当前第2个
2020-08-25 18:28:57,858 - 2 - INFO - 页面"魔侠传（开服送2000充）"跳转正常,该类元素共10个，当前第3个
2020-08-25 18:29:03,993 - 2 - INFO - 页面"不思议地下城（百抽特权）"跳转正常,该类元素共10个，当前第4个
2020-08-25 18:29:10,132 - 2 - INFO - 页面"仙灵世界（送海量连抽）"跳转正常,该类元素共10个，当前第5个
2020-08-25 18:29:16,299 - 2 - INFO - 页面"机甲战纪（送GM特权）"跳转正常,该类元素共10个，当前第6个
2020-08-25 18:29:22,446 - 2 - INFO - 页面"梦幻江湖（送千万元宝）"跳转正常,该类元素共10个，当前第7个
2020-08-25 18:29:28,627 - 2 - INFO - 页面"剑侠风云（送海量充值）"跳转正常,该类元素共10个，当前第8个
2020-08-25 18:29:34,793 - 2 - INFO - 页面"魔剑侠缘（万元兑换）"跳转正常,该类元素共10个，当前第9个
2020-08-25 18:29:40,932 - 2 - INFO - 页面"魔龙诀（全屏爆宝）"跳转正常,该类元素共10个，当前第10个
2020-08-25 18:29:47,075 - 2 - INFO - 页面"武器之王（满屏爆装）"跳转正常,该类元素共20个，当前第1个
2020-08-25 18:29:53,277 - 2 - INFO - 页面"仙风道骨（送GM海量充）"跳转正常,该类元素共20个，当前第2个
2020-08-25 18:29:59,418 - 2 - INFO - 页面"少年群侠传（送千元充值）"跳转正常,该类元素共20个，当前第3个
2020-08-25 18:30:05,567 - 2 - INFO - 页面"女神联盟2（送500充值）"跳转正常,该类元素共20个，当前第4个
2020-08-25 18:30:11,713 - 2 - INFO - 页面"星辰变（送百元永抽）"跳转正常,该类元素共20个，当前第5个
2020-08-25 18:30:17,876 - 2 - INFO - 页面"魔侠传（开服送2000充）"跳转正常,该类元素共20个，当前第6个
2020-08-25 18:30:24,018 - 2 - INFO - 页面"不思议地下城（百抽特权）"跳转正常,该类元素共20个，当前第7个
2020-08-25 18:30:30,157 - 2 - INFO - 页面"仙灵世界（送海量连抽）"跳转正常,该类元素共20个，当前第8个
2020-08-25 18:30:36,311 - 2 - INFO - 页面"神龙猎手（开局送万抽）"跳转正常,该类元素共20个，当前第9个
2020-08-25 19:01:02,024 - 2 - INFO - 页面"机甲战纪（送GM特权）"跳转正常,该类元素共20个，当前第10个
2020-08-25 19:01:08,149 - 2 - INFO - 页面"梦幻江湖（送千万元宝）"跳转正常,该类元素共20个，当前第11个
2020-08-25 19:01:14,275 - 2 - INFO - 页面"九曲封神（送海量充值）"跳转正常,该类元素共20个，当前第12个
2020-08-25 19:01:20,392 - 2 - INFO - 页面"剑侠风云（送海量充值）"跳转正常,该类元素共20个，当前第13个
2020-08-25 19:01:26,510 - 2 - INFO - 页面"魔剑侠缘（万元兑换）"跳转正常,该类元素共20个，当前第14个
2020-08-25 19:01:32,631 - 2 - INFO - 页面"怒火一刀（天天送充值）"跳转正常,该类元素共20个，当前第15个
2020-08-25 19:01:38,749 - 2 - INFO - 页面"魔龙诀（全屏爆宝）"跳转正常,该类元素共20个，当前第16个
2020-08-25 19:01:44,868 - 2 - INFO - 页面"征程三国（送充值）"跳转正常,该类元素共20个，当前第17个
2020-08-25 19:01:50,990 - 2 - INFO - 页面"凡人飞仙传（六界纷争）"跳转正常,该类元素共20个，当前第18个
2020-08-25 19:01:57,111 - 2 - INFO - 页面"风之旅团（每日送充值）"跳转正常,该类元素共20个，当前第19个
2020-08-25 19:02:03,230 - 2 - INFO - 页面"齐天记（海量资源特权）"跳转正常,该类元素共20个，当前第20个
2020-08-25 19:02:11,043 - 2 - INFO - 页面"《星辰变（送百元永抽）》上线送百元充值卡*"跳转正常,该类元素共1个，当前第1个
2020-08-25 19:02:11,251 - basepage - INFO - Click back on current page.
2020-08-25 19:02:17,283 - 2 - INFO - 页面"《武器之王（满屏爆装）》上线送VIP10，50万福利"跳转正常,该类元素共1个，当前第1个
2020-08-25 19:02:17,541 - basepage - INFO - Click back on current page.
2020-08-25 19:02:23,189 - 2 - INFO - 页面"《怒火一刀（天天送充值）》创角送满Vip，6888"跳转正常,该类元素共1个，当前第1个
2020-08-25 19:02:23,810 - basepage - INFO - Click back on current page.
2020-08-25 19:02:29,627 - 2 - ERROR - 页面"《凡人飞仙传（六界纷争）》上线赠送VIP8、元宝"跳转异常,该类元素共1个，当前第1个
2020-08-25 19:02:30,070 - basepage - INFO - Click back on current page.
2020-08-25 19:02:35,855 - 2 - ERROR - 页面"《九曲封神（送海量充值）》上线就送VIP8，388"跳转异常,该类元素共1个，当前第1个
2020-08-25 19:02:36,528 - basepage - INFO - Click back on current page.
2020-08-25 19:02:43,313 - 2 - INFO - 页面"【最笨周末活动】8.7 周末活动海量惊喜等你来拿"跳转正常,该类元素共1个，当前第1个
2020-08-25 19:02:43,530 - basepage - INFO - Click back on current page.
2020-08-25 19:02:48,582 - 2 - INFO - 页面"乱戳三国2（送GM特权）"跳转正常,该类元素共12个，当前第1个
2020-08-25 19:02:49,095 - basepage - INFO - Click back on current page.
2020-08-25 19:02:54,122 - 2 - INFO - 页面"无双三国（送328充值）"跳转正常,该类元素共12个，当前第2个
2020-08-25 19:02:54,342 - basepage - INFO - Click back on current page.
2020-08-25 19:02:59,320 - 2 - INFO - 页面"六界之门（百抽海量特权）"跳转正常,该类元素共12个，当前第3个
2020-08-25 19:02:59,594 - basepage - INFO - Click back on current page.
2020-08-25 19:03:04,717 - 2 - INFO - 页面"阴阳界（送1000充值）"跳转正常,该类元素共12个，当前第4个
2020-08-25 19:03:04,957 - basepage - INFO - Click back on current page.
2020-08-25 19:03:09,978 - 2 - INFO - 页面"天域战记（天天送充值）"跳转正常,该类元素共12个，当前第5个
2020-08-25 19:03:10,201 - basepage - INFO - Click back on current page.
2020-08-25 19:03:14,628 - 2 - INFO - 页面"黑暗与荣耀（送史诗宠物）"跳转正常,该类元素共12个，当前第6个
2020-08-25 19:03:14,896 - basepage - INFO - Click back on current page.
2020-08-25 19:03:19,461 - 2 - INFO - 页面"剑心吟（送648充值）"跳转正常,该类元素共12个，当前第7个
2020-08-25 19:03:19,668 - basepage - INFO - Click back on current page.
2020-08-25 19:03:24,261 - 2 - INFO - 页面"一剑问情（海量充值特权）"跳转正常,该类元素共12个，当前第8个
2020-08-25 19:03:24,489 - basepage - INFO - Click back on current page.
2020-08-25 19:03:29,101 - 2 - INFO - 页面"少年勇者团（天天送充值）"跳转正常,该类元素共12个，当前第9个
2020-08-25 19:03:29,372 - basepage - INFO - Click back on current page.
2020-08-25 19:03:33,783 - 2 - INFO - 页面"修仙记（送海量充值）"跳转正常,该类元素共12个，当前第10个
2020-08-25 19:03:34,001 - basepage - INFO - Click back on current page.
2020-08-25 19:03:38,624 - 2 - INFO - 页面"御龙三国志（送真百抽）"跳转正常,该类元素共12个，当前第11个
2020-08-25 19:03:38,843 - basepage - INFO - Click back on current page.
2020-08-25 19:03:43,342 - 2 - INFO - 页面"吞噬苍穹（海量充值卡）"跳转正常,该类元素共12个，当前第12个
2020-08-25 19:03:43,623 - basepage - INFO - Click back on current page.
2020-08-25 19:03:49,278 - 2 - INFO - 页面"魔兽世界怀旧服2020年6月7日人口普查一览"跳转正常,该类元素共2个，当前第1个
2020-08-25 19:03:49,746 - basepage - INFO - Click back on current page.
2020-08-25 19:03:56,618 - 2 - INFO - 页面"DNF萌噬噬宠物属性怎么样？萌噬噬属性介绍"跳转正常,该类元素共2个，当前第2个
2020-08-25 19:03:56,836 - basepage - INFO - Click back on current page.
2020-08-25 19:04:03,989 - 2 - INFO - 页面"光遇怎么变成小不点-变成小不点方法-最笨下载"跳转正常,该类元素共14个，当前第1个
2020-08-25 19:04:04,435 - basepage - INFO - Click back on current page.
2020-08-25 19:04:11,534 - 2 - INFO - 页面"最强蜗牛飞人试炼怎么打-飞人试炼打法攻略-最笨下载"跳转正常,该类元素共14个，当前第2个
2020-08-25 19:04:11,749 - basepage - INFO - Click back on current page.
2020-08-25 19:04:18,507 - 2 - INFO - 页面"战魂铭人万骨坊主怎么打-万骨坊主打法攻略-最笨下载"跳转正常,该类元素共14个，当前第3个
2020-08-25 19:04:18,729 - basepage - INFO - Click back on current page.
2020-08-25 19:04:25,424 - 2 - INFO - 页面"恋与制作人2020年七夕兑换码有哪些-2020七夕兑换码攻略-最笨下载"跳转正常,该类元素共14个，当前第4个
2020-08-25 19:04:25,827 - basepage - INFO - Click back on current page.
2020-08-25 19:04:33,471 - 2 - INFO - 页面"战魂铭人血骷髅怎么合成-血骷髅合成攻略-最笨下载"跳转正常,该类元素共14个，当前第5个
2020-08-25 19:04:33,676 - basepage - INFO - Click back on current page.
2020-08-25 19:04:40,750 - 2 - INFO - 页面"下一站江湖盛毅任务怎么做-盛毅任务攻略-最笨下载"跳转正常,该类元素共14个，当前第6个
2020-08-25 19:04:41,327 - basepage - INFO - Click back on current page.
2020-08-25 19:04:48,445 - 2 - INFO - 页面"光遇白色连体衣怎么获得-白色连体衣获取攻略-最笨下载"跳转正常,该类元素共14个，当前第7个
2020-08-25 19:04:48,819 - basepage - INFO - Click back on current page.
2020-08-25 19:04:55,952 - 2 - INFO - 页面"跑跑卡丁车手游夜鹰荷鲁斯怎么样-新赛车夜鹰荷鲁斯强度-最笨下载"跳转正常,该类元素共14个，当前第8个
2020-08-25 19:04:56,177 - basepage - INFO - Click back on current page.
2020-08-25 19:05:03,382 - 2 - INFO - 页面"跑跑卡丁车手游新赛车法老怎么样-新赛车法老强度-最笨下载"跳转正常,该类元素共14个，当前第9个
2020-08-25 19:05:03,780 - basepage - INFO - Click back on current page.
2020-08-25 19:05:10,487 - 2 - INFO - 页面"魔兽世界怀旧服刺客的契约任务怎么做-刺客的契约任务攻略-最笨下载"跳转正常,该类元素共14个，当前第10个
2020-08-25 19:05:10,707 - basepage - INFO - Click back on current page.
2020-08-25 19:05:17,420 - 2 - INFO - 页面"魔兽世界怀旧服男爵之死任务怎么做-男爵之死任务攻略-最笨下载"跳转正常,该类元素共14个，当前第11个
2020-08-25 19:05:17,657 - basepage - INFO - Click back on current page.
2020-08-25 19:05:24,293 - 2 - INFO - 页面"原神队伍怎么搭配强-超强队伍搭配攻略-最笨下载"跳转正常,该类元素共14个，当前第12个
2020-08-25 19:05:24,874 - basepage - INFO - Click back on current page.
2020-08-25 19:05:31,620 - 2 - INFO - 页面"天涯明月刀手游井底蛙任务怎么做-井底蛙任务攻略-最笨下载"跳转正常,该类元素共14个，当前第13个
2020-08-25 19:05:31,838 - basepage - INFO - Click back on current page.
2020-08-25 19:05:38,439 - 2 - INFO - 页面"天涯明月刀手游唐门怎么玩-唐门玩法攻略-最笨下载"跳转正常,该类元素共14个，当前第14个
2020-08-25 19:05:38,811 - basepage - INFO - Click back on current page.
2020-08-25 19:05:46,730 - 2 - INFO - 页面"大话西游2大保健怎么抢-抢大保健方法"跳转正常,该类元素共2个，当前第1个
2020-08-25 19:05:46,949 - basepage - INFO - Click back on current page.
2020-08-25 19:05:54,048 - 2 - INFO - 页面"部落冲突大本营里面的资源怎么用-大本营资源取"跳转正常,该类元素共2个，当前第2个
2020-08-25 19:05:54,753 - basepage - INFO - Click back on current page.
2020-08-25 19:06:01,449 - 2 - INFO - 页面"变态手游公益服_bt手游变态服_无限元宝bt手游下载_BT手游中心-最笨下载"跳转正常,该类元素共28个，当前第1个
2020-08-25 19:06:01,708 - basepage - INFO - Click back on current page.
2020-08-25 19:06:08,429 - 2 - INFO - 页面"武器之王（满屏爆装）_武器之王（满屏爆装）无限元宝服_SF变态版武器之王（满屏爆装）公益服下载 - 最笨下载"跳转正常,该类元素共28个，当前第2个
2020-08-25 19:06:08,698 - basepage - INFO - Click back on current page.
2020-08-25 19:06:15,150 - 2 - INFO - 页面"满vip版手游_手游sf送顶级vip_满级vip无限元宝手游下载-最笨下载"跳转正常,该类元素共28个，当前第3个
2020-08-25 19:06:15,536 - basepage - INFO - Click back on current page.
2020-08-25 19:06:22,331 - 2 - INFO - 页面"仙风道骨（送GM海量充）_仙风道骨（送GM海量充）无限元宝服_SF变态版仙风道骨（送GM海量充）公益服下载 - 最笨下载"跳转正常,该类元素共28个，当前第4个
2020-08-25 19:06:22,565 - basepage - INFO - Click back on current page.
2020-08-25 19:06:29,020 - 2 - INFO - 页面"变态手游公益服_bt手游变态服_无限元宝bt手游下载_BT手游中心-最笨下载"跳转正常,该类元素共28个，当前第5个
2020-08-25 19:06:29,486 - basepage - INFO - Click back on current page.
2020-08-25 19:06:36,169 - 2 - INFO - 页面"少年群侠传（送千元充值）_少年群侠传（送千元充值）无限元宝服_SF变态版少年群侠传（送千元充值）公益服下载 - 最笨下载"跳转正常,该类元素共28个，当前第6个
2020-08-25 19:06:36,431 - basepage - INFO - Click back on current page.
2020-08-25 19:06:42,900 - 2 - INFO - 页面"满vip版手游_手游sf送顶级vip_满级vip无限元宝手游下载-最笨下载"跳转正常,该类元素共28个，当前第7个
2020-08-25 19:06:43,262 - basepage - INFO - Click back on current page.
2020-08-25 19:06:50,210 - 2 - INFO - 页面"女神联盟2（送500充值）_女神联盟2（送500充值）无限元宝服_SF变态版女神联盟2（送500充值）公益服下载 - 最笨下载"跳转正常,该类元素共28个，当前第8个
2020-08-25 19:06:50,422 - basepage - INFO - Click back on current page.
2020-08-25 19:06:56,868 - 2 - INFO - 页面"变态手游公益服_bt手游变态服_无限元宝bt手游下载_BT手游中心-最笨下载"跳转正常,该类元素共28个，当前第9个
2020-08-25 19:06:57,364 - basepage - INFO - Click back on current page.
2020-08-25 19:07:04,144 - 2 - INFO - 页面"星辰变（送百元永抽）_星辰变（送百元永抽）无限元宝服_SF变态版星辰变（送百元永抽）公益服下载 - 最笨下载"跳转正常,该类元素共28个，当前第10个
2020-08-25 19:07:04,372 - basepage - INFO - Click back on current page.
2020-08-25 19:07:10,798 - 2 - INFO - 页面"满vip版手游_手游sf送顶级vip_满级vip无限元宝手游下载-最笨下载"跳转正常,该类元素共28个，当前第11个
2020-08-25 19:07:11,135 - basepage - INFO - Click back on current page.
2020-08-25 19:07:18,069 - 2 - INFO - 页面"魔侠传（开服送2000充）_魔侠传（开服送2000充）无限元宝服_SF变态版魔侠传（开服送2000充）公益服下载 - 最笨下载"跳转正常,该类元素共28个，当前第12个
2020-08-25 19:07:18,290 - basepage - INFO - Click back on current page.
2020-08-25 19:07:24,739 - 2 - INFO - 页面"变态手游公益服_bt手游变态服_无限元宝bt手游下载_BT手游中心-最笨下载"跳转正常,该类元素共28个，当前第13个
2020-08-25 19:07:25,265 - basepage - INFO - Click back on current page.
2020-08-25 19:07:32,182 - 2 - INFO - 页面"不思议地下城（百抽特权）_不思议地下城（百抽特权）无限元宝服_SF变态版不思议地下城（百抽特权）公益服下载 - 最笨下载"跳转正常,该类元素共28个，当前第14个
2020-08-25 19:07:32,444 - basepage - INFO - Click back on current page.
2020-08-25 19:07:38,877 - 2 - INFO - 页面"满vip版手游_手游sf送顶级vip_满级vip无限元宝手游下载-最笨下载"跳转正常,该类元素共28个，当前第15个
2020-08-25 19:07:39,240 - basepage - INFO - Click back on current page.
2020-08-25 19:07:46,100 - 2 - INFO - 页面"仙灵世界（送海量连抽）_仙灵世界（送海量连抽）无限元宝服_SF变态版仙灵世界（送海量连抽）公益服下载 - 最笨下载"跳转正常,该类元素共28个，当前第16个
2020-08-25 19:07:46,362 - basepage - INFO - Click back on current page.
2020-08-25 19:07:52,823 - 2 - INFO - 页面"变态手游公益服_bt手游变态服_无限元宝bt手游下载_BT手游中心-最笨下载"跳转正常,该类元素共28个，当前第17个
2020-08-25 19:07:53,245 - basepage - INFO - Click back on current page.
2020-08-25 19:08:00,152 - 2 - INFO - 页面"神龙猎手（开局送万抽）_神龙猎手（开局送万抽）无限元宝服_SF变态版神龙猎手（开局送万抽）公益服下载 - 最笨下载"跳转正常,该类元素共28个，当前第18个
2020-08-25 19:08:00,392 - basepage - INFO - Click back on current page.
2020-08-25 19:08:06,830 - 2 - INFO - 页面"满vip版手游_手游sf送顶级vip_满级vip无限元宝手游下载-最笨下载"跳转正常,该类元素共28个，当前第19个
2020-08-25 19:08:07,173 - basepage - INFO - Click back on current page.
2020-08-25 19:08:13,876 - 2 - INFO - 页面"机甲战纪（送GM特权）_机甲战纪（送GM特权）无限元宝服_SF变态版机甲战纪（送GM特权）公益服下载 - 最笨下载"跳转正常,该类元素共28个，当前第20个
2020-08-25 19:08:14,143 - basepage - INFO - Click back on current page.
2020-08-25 19:08:20,613 - 2 - INFO - 页面"变态手游公益服_bt手游变态服_无限元宝bt手游下载_BT手游中心-最笨下载"跳转正常,该类元素共28个，当前第21个
2020-08-25 19:08:21,112 - basepage - INFO - Click back on current page.
2020-08-25 19:08:27,767 - 2 - INFO - 页面"梦幻江湖（送千万元宝）_梦幻江湖（送千万元宝）无限元宝服_SF变态版梦幻江湖（送千万元宝）公益服下载 - 最笨下载"跳转正常,该类元素共28个，当前第22个
2020-08-25 19:08:28,026 - basepage - INFO - Click back on current page.
2020-08-25 19:08:34,482 - 2 - INFO - 页面"变态手游公益服_bt手游变态服_无限元宝bt手游下载_BT手游中心-最笨下载"跳转正常,该类元素共28个，当前第23个
2020-08-25 19:08:34,927 - basepage - INFO - Click back on current page.
2020-08-25 19:08:41,609 - 2 - INFO - 页面"九曲封神（送海量充值）_九曲封神（送海量充值）无限元宝服_SF变态版九曲封神（送海量充值）公益服下载 - 最笨下载"跳转正常,该类元素共28个，当前第24个
2020-08-25 19:08:41,843 - basepage - INFO - Click back on current page.
2020-08-25 19:08:48,343 - 2 - INFO - 页面"变态手游公益服_bt手游变态服_无限元宝bt手游下载_BT手游中心-最笨下载"跳转正常,该类元素共28个，当前第25个
2020-08-25 19:08:48,864 - basepage - INFO - Click back on current page.
2020-08-25 19:08:55,491 - 2 - INFO - 页面"剑侠风云（送海量充值）_剑侠风云（送海量充值）无限元宝服_SF变态版剑侠风云（送海量充值）公益服下载 - 最笨下载"跳转正常,该类元素共28个，当前第26个
2020-08-25 19:08:55,687 - basepage - INFO - Click back on current page.
2020-08-25 19:09:02,138 - 2 - INFO - 页面"满vip版手游_手游sf送顶级vip_满级vip无限元宝手游下载-最笨下载"跳转正常,该类元素共28个，当前第27个
2020-08-25 19:09:02,652 - basepage - INFO - Click back on current page.
2020-08-25 19:09:09,334 - 2 - INFO - 页面"魔剑侠缘（万元兑换）_魔剑侠缘（万元兑换）无限元宝服_SF变态版魔剑侠缘（万元兑换）公益服下载 - 最笨下载"跳转正常,该类元素共28个，当前第28个
2020-08-25 19:09:09,542 - basepage - INFO - Click back on current page.
2020-08-25 19:09:17,554 - 2 - INFO - 页面"无广告看书全免费软件哪个好"跳转正常,该类元素共2个，当前第1个
2020-08-25 19:09:18,071 - basepage - INFO - Click back on current page.
2020-08-25 19:09:26,093 - 2 - INFO - 页面"回复女朋友的软件叫什么"跳转正常,该类元素共2个，当前第2个
2020-08-25 19:09:26,486 - basepage - INFO - Click back on current page.
2020-08-25 19:09:33,380 - 2 - INFO - 页面"【苹果娱乐软件】iPhone手机娱乐软件_iPhone娱乐软件免费下载大全-最笨下载"跳转正常,该类元素共28个，当前第1个
2020-08-25 19:09:33,707 - basepage - INFO - Click back on current page.
2020-08-25 19:09:40,606 - 2 - INFO - 页面"最笨游戏盒子iOS版_最笨游戏盒子iOS版下载_最笨游戏盒子iOS版官方下载-最笨下载"跳转正常,该类元素共28个，当前第2个
2020-08-25 19:09:41,016 - basepage - INFO - Click back on current page.
2020-08-25 19:09:47,747 - 2 - INFO - 页面"【安卓娱乐软件】安卓娱乐软件下载_安卓娱乐软件推荐_安卓娱乐软件大全-最笨下载"跳转正常,该类元素共28个，当前第3个
2020-08-25 19:09:47,965 - basepage - INFO - Click back on current page.
2020-08-25 19:09:58,425 - 2 - INFO - 页面"最笨游戏盒子_最笨游戏盒子下载_最笨游戏盒子官方下载-最笨下载"跳转正常,该类元素共28个，当前第4个
2020-08-25 19:09:58,664 - basepage - INFO - Click back on current page.
2020-08-25 19:10:05,252 - 2 - INFO - 页面"【安卓聊天软件】安卓聊天软件下载_安卓聊天软件排行_安卓聊天软件大全-最笨下载"跳转正常,该类元素共28个，当前第5个
2020-08-25 19:10:05,475 - basepage - INFO - Click back on current page.
2020-08-25 19:10:13,914 - 2 - INFO - 页面"蜜小助_蜜小助下载_蜜小助官方下载-最笨下载"跳转正常,该类元素共28个，当前第6个
2020-08-25 19:10:14,397 - basepage - INFO - Click back on current page.
2020-08-25 19:10:20,848 - 2 - INFO - 页面"【安卓娱乐软件】安卓娱乐软件下载_安卓娱乐软件推荐_安卓娱乐软件大全-最笨下载"跳转正常,该类元素共28个，当前第7个
2020-08-25 19:10:21,060 - basepage - INFO - Click back on current page.
2020-08-25 19:10:28,420 - 2 - INFO - 页面"3733游戏盒子_3733游戏盒子下载_3733游戏盒子官方下载-最笨下载"跳转正常,该类元素共28个，当前第8个
2020-08-25 19:10:28,679 - basepage - INFO - Click back on current page.
2020-08-25 19:10:35,127 - 2 - INFO - 页面"【安卓聊天软件】安卓聊天软件下载_安卓聊天软件排行_安卓聊天软件大全-最笨下载"跳转正常,该类元素共28个，当前第9个
2020-08-25 19:10:35,485 - basepage - INFO - Click back on current page.
2020-08-25 19:10:44,416 - 2 - INFO - 页面"土味情话_土味情话下载_土味情话官方下载-最笨下载"跳转正常,该类元素共28个，当前第10个
2020-08-25 19:10:44,826 - basepage - INFO - Click back on current page.
2020-08-25 19:10:51,312 - 2 - INFO - 页面"【安卓聊天软件】安卓聊天软件下载_安卓聊天软件排行_安卓聊天软件大全-最笨下载"跳转正常,该类元素共28个，当前第11个
2020-08-25 19:10:51,543 - basepage - INFO - Click back on current page.
2020-08-25 19:10:59,357 - 2 - INFO - 页面"恋爱话术_恋爱话术下载_恋爱话术官方下载-最笨下载"跳转正常,该类元素共28个，当前第12个
2020-08-25 19:10:59,782 - basepage - INFO - Click back on current page.
2020-08-25 19:11:06,208 - 2 - INFO - 页面"【安卓聊天软件】安卓聊天软件下载_安卓聊天软件排行_安卓聊天软件大全-最笨下载"跳转正常,该类元素共28个，当前第13个
2020-08-25 19:11:06,438 - basepage - INFO - Click back on current page.
2020-08-25 19:11:14,120 - 2 - INFO - 页面"土味情话社_土味情话社下载_土味情话社官方下载-最笨下载"跳转正常,该类元素共28个，当前第14个
2020-08-25 19:11:14,328 - basepage - INFO - Click back on current page.
2020-08-25 19:11:21,059 - 2 - INFO - 页面"【安卓阅读软件】安卓阅读软件下载_安卓阅读软件哪个好_安卓阅读软件排行-最笨下载"跳转正常,该类元素共28个，当前第15个
2020-08-25 19:11:21,590 - basepage - INFO - Click back on current page.
2020-08-25 19:11:29,945 - 2 - INFO - 页面"吾爱看书_吾爱看书下载_吾爱看书官方下载-最笨下载"跳转正常,该类元素共28个，当前第16个
2020-08-25 19:11:30,326 - basepage - INFO - Click back on current page.
2020-08-25 19:11:37,229 - 2 - INFO - 页面"【苹果阅读软件】iPhone手机阅读软件_iPhone阅读软件免费下载大全-最笨下载"跳转正常,该类元素共28个，当前第17个
2020-08-25 19:11:37,452 - basepage - INFO - Click back on current page.
2020-08-25 19:11:44,209 - 2 - INFO - 页面"吾爱看书ios版_吾爱看书ios版下载_吾爱看书ios版官方下载-最笨下载"跳转正常,该类元素共28个，当前第18个
2020-08-25 19:11:44,642 - basepage - INFO - Click back on current page.
2020-08-25 19:11:51,106 - 2 - INFO - 页面"【安卓聊天软件】安卓聊天软件下载_安卓聊天软件排行_安卓聊天软件大全-最笨下载"跳转正常,该类元素共28个，当前第19个
2020-08-25 19:11:51,327 - basepage - INFO - Click back on current page.
2020-08-25 19:11:58,254 - 2 - INFO - 页面"恋爱话术库_恋爱话术库下载_恋爱话术库官方下载-最笨下载"跳转正常,该类元素共28个，当前第20个
2020-08-25 19:11:58,480 - basepage - INFO - Click back on current page.
2020-08-25 19:12:04,929 - 2 - INFO - 页面"【安卓聊天软件】安卓聊天软件下载_安卓聊天软件排行_安卓聊天软件大全-最笨下载"跳转正常,该类元素共28个，当前第21个
2020-08-25 19:12:05,479 - basepage - INFO - Click back on current page.
2020-08-25 19:12:15,260 - 2 - INFO - 页面"撩吧_撩吧下载_撩吧官方下载-最笨下载"跳转正常,该类元素共28个，当前第22个
2020-08-25 19:12:15,472 - basepage - INFO - Click back on current page.
2020-08-25 19:12:22,010 - 2 - INFO - 页面"【安卓聊天软件】安卓聊天软件下载_安卓聊天软件排行_安卓聊天软件大全-最笨下载"跳转正常,该类元素共28个，当前第23个
2020-08-25 19:12:22,230 - basepage - INFO - Click back on current page.
2020-08-25 19:12:31,053 - 2 - INFO - 页面"遇知音_遇知音下载_遇知音官方下载-最笨下载"跳转正常,该类元素共28个，当前第24个
2020-08-25 19:12:31,863 - basepage - INFO - Click back on current page.
2020-08-25 19:12:38,295 - 2 - INFO - 页面"【安卓聊天软件】安卓聊天软件下载_安卓聊天软件排行_安卓聊天软件大全-最笨下载"跳转正常,该类元素共28个，当前第25个
2020-08-25 19:12:38,509 - basepage - INFO - Click back on current page.
2020-08-25 19:12:45,347 - 2 - INFO - 页面"脱单大师_脱单大师下载_脱单大师官方下载-最笨下载"跳转正常,该类元素共28个，当前第26个
2020-08-25 19:12:45,616 - basepage - INFO - Click back on current page.
2020-08-25 19:12:52,064 - 2 - INFO - 页面"【安卓聊天软件】安卓聊天软件下载_安卓聊天软件排行_安卓聊天软件大全-最笨下载"跳转正常,该类元素共28个，当前第27个
2020-08-25 19:12:52,505 - basepage - INFO - Click back on current page.
2020-08-25 19:12:59,993 - 2 - INFO - 页面"爱情套路_爱情套路下载_爱情套路官方下载-最笨下载"跳转正常,该类元素共28个，当前第28个
2020-08-25 19:13:00,266 - basepage - INFO - Click back on current page.
2020-08-25 19:13:10,563 - 2 - INFO - 页面"【安卓播放器】安卓播放器下载_安卓播放器哪个最好_安卓播放器下载排行-最笨下载"跳转正常,该类元素共19个，当前第1个
2020-08-25 19:13:10,874 - basepage - INFO - Click back on current page.
2020-08-25 19:13:17,936 - 2 - INFO - 页面"【安卓学习软件】安卓学习软件下载_安卓学习软件免费下载_安卓学习软件大全-最笨下载"跳转正常,该类元素共19个，当前第2个
2020-08-25 19:13:18,341 - basepage - INFO - Click back on current page.
2020-08-25 19:13:25,247 - 2 - INFO - 页面"【安卓辅助软件】安卓辅助软件下载_安卓辅助软件推荐_安卓辅助软件大全-最笨下载"跳转正常,该类元素共19个，当前第3个
2020-08-25 19:13:25,495 - basepage - INFO - Click back on current page.
2020-08-25 19:13:32,113 - 2 - INFO - 页面"【安卓输入法】安卓输入法下载_安卓输入法哪个好_安卓输入法怎么用-最笨下载"跳转正常,该类元素共19个，当前第4个
2020-08-25 19:13:32,328 - basepage - INFO - Click back on current page.
2020-08-25 19:13:39,398 - 2 - INFO - 页面"【安卓通信软件】安卓通信软件下载_安卓通信软件推荐_安卓通信软件大全-最笨下载"跳转正常,该类元素共19个，当前第5个
2020-08-25 19:13:39,828 - basepage - INFO - Click back on current page.
2020-08-25 19:13:46,581 - 2 - INFO - 页面"【安卓固件】安卓固件下载_安卓固件包下载_安卓固件管理器-最笨下载"跳转正常,该类元素共19个，当前第6个
2020-08-25 19:13:46,823 - basepage - INFO - Click back on current page.
2020-08-25 19:13:53,684 - 2 - INFO - 页面"【安卓文件管理器】安卓文件管理器下载_安卓文件管理器哪个好_安卓文件管理器中文版-最笨下载"跳转正常,该类元素共19个，当前第7个
2020-08-25 19:13:53,955 - basepage - INFO - Click back on current page.
2020-08-25 19:14:00,691 - 2 - INFO - 页面"【安卓同步软件】安卓同步软件下载_安卓同步软件哪个好_安卓手机同步软件-最笨下载"跳转正常,该类元素共19个，当前第8个
2020-08-25 19:14:01,129 - basepage - INFO - Click back on current page.
2020-08-25 19:14:07,826 - 2 - INFO - 页面"【安卓办公软件】安卓办公软件下载_安卓办公软件哪个好_安卓办公软件哪种最好-最笨下载"跳转正常,该类元素共19个，当前第9个
2020-08-25 19:14:08,112 - basepage - INFO - Click back on current page.
2020-08-25 19:14:15,038 - 2 - INFO - 页面"【安卓理财软件】安卓理财软件下载_安卓理财软件哪个好_安卓理财软件大全-最笨下载"跳转正常,该类元素共19个，当前第10个
2020-08-25 19:14:15,312 - basepage - INFO - Click back on current page.
2020-08-25 19:14:22,218 - 2 - INFO - 页面"【安卓备份软件】安卓备份软件下载_安卓备份软件哪个好_安卓手机备份软件-最笨下载"跳转正常,该类元素共19个，当前第11个
2020-08-25 19:14:22,667 - basepage - INFO - Click back on current page.
2020-08-25 19:14:29,574 - 2 - INFO - 页面"【安卓跑步软件】安卓跑步软件下载_安卓跑步软件哪个好_安卓跑步软件大全-最笨下载"跳转正常,该类元素共19个，当前第12个
2020-08-25 19:14:29,839 - basepage - INFO - Click back on current page.
2020-08-25 19:14:36,726 - 2 - INFO - 页面"【安卓健康管理软件】安卓健康管理软件下载_安卓健康管理软件推荐_安卓健康管理软件大全-最笨下载"跳转正常,该类元素共19个，当前第13个
2020-08-25 19:14:36,987 - basepage - INFO - Click back on current page.
2020-08-25 19:14:44,501 - 2 - INFO - 页面"【安卓系统软件】安卓系统软件下载_安卓系统软件免费下载_安卓系统软件下载工具-最笨下载"跳转正常,该类元素共19个，当前第14个
2020-08-25 19:14:44,986 - basepage - INFO - Click back on current page.
2020-08-25 19:14:51,414 - 2 - INFO - 页面"【安卓聊天软件】安卓聊天软件下载_安卓聊天软件排行_安卓聊天软件大全-最笨下载"跳转正常,该类元素共19个，当前第15个
2020-08-25 19:14:51,676 - basepage - INFO - Click back on current page.
2020-08-25 19:14:58,606 - 2 - INFO - 页面"【安卓应用软件】安卓应用软件排行_好玩的安卓应用软件_好用的安卓应用软件-最笨下载"跳转正常,该类元素共19个，当前第16个
2020-08-25 19:14:58,877 - basepage - INFO - Click back on current page.
2020-08-25 19:15:05,339 - 2 - INFO - 页面"【安卓娱乐软件】安卓娱乐软件下载_安卓娱乐软件推荐_安卓娱乐软件大全-最笨下载"跳转正常,该类元素共19个，当前第17个
2020-08-25 19:15:05,804 - basepage - INFO - Click back on current page.
2020-08-25 19:15:12,890 - 2 - INFO - 页面"【安卓导航软件】安卓导航软件下载_安卓导航软件哪个好_安卓导航软件排名-最笨下载"跳转正常,该类元素共19个，当前第18个
2020-08-25 19:15:13,136 - basepage - INFO - Click back on current page.
2020-08-25 19:15:20,761 - 2 - INFO - 页面"【安卓网络软件】安卓网络软件下载_安卓网络软件推荐_安卓网络软件大全-最笨下载"跳转正常,该类元素共19个，当前第19个
2020-08-25 19:15:21,143 - basepage - INFO - Click back on current page.
2020-08-25 19:15:29,520 - 2 - INFO - 页面"3733手游游戏平台_3733手游游戏平台下载_3733手游游戏平台官方下载-最笨下载"跳转正常,该类元素共18个，当前第1个
2020-08-25 19:15:35,649 - 2 - INFO - 页面"安致手游游戏平台_安致手游游戏平台下载_安致手游游戏平台官方下载-最笨下载"跳转正常,该类元素共18个，当前第2个
2020-08-25 19:15:41,771 - 2 - INFO - 页面"蜜小助会员破解版_蜜小助会员破解版下载_蜜小助会员破解版官方下载-最笨下载"跳转正常,该类元素共18个，当前第3个
2020-08-25 19:15:47,937 - 2 - INFO - 页面"蜜小助vip破解版_蜜小助vip破解版下载_蜜小助vip破解版官方下载-最笨下载"跳转正常,该类元素共18个，当前第4个
2020-08-25 19:15:54,107 - 2 - INFO - 页面"蜜小助内购版_蜜小助内购版下载_蜜小助内购版官方下载-最笨下载"跳转正常,该类元素共18个，当前第5个
2020-08-25 19:16:00,245 - 2 - INFO - 页面"聊天套路安卓版_聊天套路安卓版下载_聊天套路安卓版官方下载-最笨下载"跳转正常,该类元素共18个，当前第6个
2020-08-25 19:16:06,376 - 2 - INFO - 页面"聊天套路破解版_聊天套路破解版下载_聊天套路破解版官方下载-最笨下载"跳转正常,该类元素共18个，当前第7个
2020-08-25 19:16:12,518 - 2 - INFO - 页面"聊天套路软件_聊天套路软件下载_聊天套路软件官方下载-最笨下载"跳转正常,该类元素共18个，当前第8个
2020-08-25 19:16:18,666 - 2 - INFO - 页面"聊天套路_聊天套路下载_聊天套路官方下载-最笨下载"跳转正常,该类元素共18个，当前第9个
2020-08-25 19:16:24,831 - 2 - INFO - 页面"信息回复神器_信息回复神器下载_信息回复神器官方下载-最笨下载"跳转正常,该类元素共18个，当前第10个
2020-08-25 19:16:30,993 - 2 - INFO - 页面"消息回复神器_消息回复神器下载_消息回复神器官方下载-最笨下载"跳转正常,该类元素共18个，当前第11个
2020-08-25 19:16:37,117 - 2 - INFO - 页面"消息回复辅助神器_消息回复辅助神器下载_消息回复辅助神器官方下载-最笨下载"跳转正常,该类元素共18个，当前第12个
2020-08-25 19:16:43,240 - 2 - INFO - 页面"回复神器_回复神器下载_回复神器官方下载-最笨下载"跳转正常,该类元素共18个，当前第13个
2020-08-25 19:16:49,356 - 2 - INFO - 页面"神撩话术大全库_神撩话术大全库下载_神撩话术大全库官方下载-最笨下载"跳转正常,该类元素共18个，当前第14个
2020-08-25 19:16:55,476 - 2 - INFO - 页面"扑鹿_扑鹿下载_扑鹿官方下载-最笨下载"跳转正常,该类元素共18个，当前第15个
2020-08-25 19:17:01,634 - 2 - INFO - 页面"日杂相机_日杂相机下载_日杂相机官方下载-最笨下载"跳转正常,该类元素共18个，当前第16个
2020-08-25 19:17:07,773 - 2 - INFO - 页面"皮皮虾_皮皮虾下载_皮皮虾官方下载-最笨下载"跳转正常,该类元素共18个，当前第17个
2020-08-25 19:17:13,957 - 2 - INFO - 页面"吾爱看书_吾爱看书下载_吾爱看书官方下载-最笨下载"跳转正常,该类元素共18个，当前第18个
2020-08-25 19:17:20,122 - 2 - INFO - 页面"【安卓益智游戏】好玩的安卓益智游戏大全_安卓益智类游戏_益智游戏下载-最笨下载"跳转正常,该类元素共17个，当前第1个
2020-08-25 19:17:20,331 - basepage - INFO - Click back on current page.
2020-08-25 19:17:27,268 - 2 - INFO - 页面"【安卓其他游戏】好玩的安卓其他游戏大全_安卓其他类游戏_其他游戏下载-最笨下载"跳转正常,该类元素共17个，当前第2个
2020-08-25 19:17:27,525 - basepage - INFO - Click back on current page.
2020-08-25 19:17:34,712 - 2 - INFO - 页面"【安卓音乐游戏】好玩的安卓音乐游戏大全_安卓音乐类游戏_音乐游戏下载-最笨下载"跳转正常,该类元素共17个，当前第3个
2020-08-25 19:17:35,090 - basepage - INFO - Click back on current page.
2020-08-25 19:17:42,040 - 2 - INFO - 页面"【安卓网络游戏】好玩的安卓网络游戏大全_安卓网络类游戏_网络游戏下载-最笨下载"跳转正常,该类元素共17个，当前第4个
2020-08-25 19:17:42,263 - basepage - INFO - Click back on current page.
2020-08-25 19:17:48,922 - 2 - INFO - 页面"【安卓格斗游戏】好玩的安卓格斗游戏大全_安卓格斗类游戏_格斗游戏下载-最笨下载"跳转正常,该类元素共17个，当前第5个
2020-08-25 19:17:49,187 - basepage - INFO - Click back on current page.
2020-08-25 19:17:56,563 - 2 - INFO - 页面"【安卓飞行游戏】好玩的安卓飞行游戏大全_安卓飞行类游戏_飞行游戏下载-最笨下载"跳转正常,该类元素共17个，当前第6个
2020-08-25 19:17:57,024 - basepage - INFO - Click back on current page.
2020-08-25 19:18:04,304 - 2 - INFO - 页面"【安卓体育运动游戏】好玩的安卓体育运动游戏大全_安卓体育运动类游戏_体育运动游戏下载-最笨下载"跳转正常,该类元素共17个，当前第7个
2020-08-25 19:18:04,513 - basepage - INFO - Click back on current page.
2020-08-25 19:18:12,055 - 2 - INFO - 页面"【安卓模拟经营游戏】好玩的安卓模拟经营游戏大全_安卓模拟经营类游戏_模拟经营游戏下载-最笨下载"跳转正常,该类元素共17个，当前第8个
2020-08-25 19:18:12,276 - basepage - INFO - Click back on current page.
2020-08-25 19:18:19,841 - 2 - INFO - 页面"【安卓策略游戏】好玩的安卓策略游戏大全_安卓策略类游戏_策略游戏下载-最笨下载"跳转正常,该类元素共17个，当前第9个
2020-08-25 19:18:20,302 - basepage - INFO - Click back on current page.
2020-08-25 19:18:28,037 - 2 - INFO - 页面"【安卓塔防游戏】好玩的安卓塔防游戏大全_安卓塔防类游戏_塔防游戏下载-最笨下载"跳转正常,该类元素共17个，当前第10个
2020-08-25 19:18:28,382 - basepage - INFO - Click back on current page.
2020-08-25 19:18:36,039 - 2 - INFO - 页面"【安卓解谜冒险游戏】好玩的安卓解谜冒险游戏大全_安卓解谜冒险类游戏_解谜冒险游戏下载-最笨下载"跳转正常,该类元素共17个，当前第11个
2020-08-25 19:18:36,268 - basepage - INFO - Click back on current page.
2020-08-25 19:18:43,376 - 2 - INFO - 页面"【安卓射击游戏】好玩的安卓射击游戏大全_安卓射击类游戏_射击游戏下载-最笨下载"跳转正常,该类元素共17个，当前第12个
2020-08-25 19:18:43,770 - basepage - INFO - Click back on current page.
2020-08-25 19:18:50,680 - 2 - INFO - 页面"【安卓棋牌游戏】好玩的安卓棋牌游戏大全_安卓棋牌类游戏_棋牌游戏下载-最笨下载"跳转正常,该类元素共17个，当前第13个
2020-08-25 19:18:50,951 - basepage - INFO - Click back on current page.
2020-08-25 19:18:58,291 - 2 - INFO - 页面"【安卓赛车游戏】好玩的安卓赛车游戏大全_安卓赛车类游戏_赛车游戏下载-最笨下载"跳转正常,该类元素共17个，当前第14个
2020-08-25 19:18:58,516 - basepage - INFO - Click back on current page.
2020-08-25 19:19:05,850 - 2 - INFO - 页面"【安卓角色扮演游戏】好玩的安卓角色扮演游戏大全_安卓角色扮演类游戏_角色扮演游戏下载-最笨下载"跳转正常,该类元素共17个，当前第15个
2020-08-25 19:19:06,276 - basepage - INFO - Click back on current page.
2020-08-25 19:19:14,110 - 2 - INFO - 页面"【安卓动作游戏】好玩的安卓动作游戏大全_安卓动作类游戏_动作游戏下载-最笨下载"跳转正常,该类元素共17个，当前第16个
2020-08-25 19:19:14,505 - basepage - INFO - Click back on current page.
2020-08-25 19:19:21,941 - 2 - INFO - 页面"【安卓休闲游戏】好玩的安卓休闲游戏大全_安卓休闲类游戏_休闲游戏下载-最笨下载"跳转正常,该类元素共17个，当前第17个
2020-08-25 19:19:22,167 - basepage - INFO - Click back on current page.
2020-08-25 19:19:30,541 - 2 - INFO - 页面"炼金国度（送1000元充值）ios版_炼金国度（送1000元充值）ios版下载_炼金国度（送1000元充值）ios版官方下载-最笨下载"跳转正常,该类元素共18个，当前第1个
2020-08-25 19:19:36,677 - 2 - INFO - 页面"国贼顾挽之_国贼顾挽之下载_国贼顾挽之官方下载-最笨下载"跳转正常,该类元素共18个，当前第2个
2020-08-25 19:19:42,794 - 2 - INFO - 页面"大秦黎明_大秦黎明下载_大秦黎明官方下载-最笨下载"跳转正常,该类元素共18个，当前第3个
2020-08-25 19:19:48,934 - 2 - INFO - 页面"怒焰三国杀手游_怒焰三国杀手游下载_怒焰三国杀手游官方下载-最笨下载"跳转正常,该类元素共18个，当前第4个
2020-08-25 19:19:55,076 - 2 - INFO - 页面"末日围城_末日围城下载_末日围城官方下载-最笨下载"跳转正常,该类元素共18个，当前第5个
2020-08-25 19:20:01,202 - 2 - INFO - 页面"天将雄师九游版_天将雄师九游版下载_天将雄师九游版官方下载-最笨下载"跳转正常,该类元素共18个，当前第6个
2020-08-25 19:20:07,340 - 2 - INFO - 页面"诸王黎明_诸王黎明下载_诸王黎明官方下载-最笨下载"跳转正常,该类元素共18个，当前第7个
2020-08-25 19:20:13,486 - 2 - INFO - 页面"一梦江湖九游版_一梦江湖九游版下载_一梦江湖九游版官方下载-最笨下载"跳转正常,该类元素共18个，当前第8个
2020-08-25 19:20:19,606 - 2 - INFO - 页面"NBA篮球大师_NBA篮球大师下载_NBA篮球大师官方下载-最笨下载"跳转正常,该类元素共18个，当前第9个
2020-08-25 19:20:25,752 - 2 - INFO - 页面"萌妖传手游_萌妖传手游下载_萌妖传手游官方下载-最笨下载"跳转正常,该类元素共18个，当前第10个
2020-08-25 19:20:31,901 - 2 - INFO - 页面"中超英雄手游_中超英雄手游下载_中超英雄手游官方下载-最笨下载"跳转正常,该类元素共18个，当前第11个
2020-08-25 19:20:38,029 - 2 - INFO - 页面"三国战天下手游_三国战天下手游下载_三国战天下手游官方下载-最笨下载"跳转正常,该类元素共18个，当前第12个
2020-08-25 19:20:44,160 - 2 - INFO - 页面"拳皇命运_拳皇命运下载_拳皇命运官方下载-最笨下载"跳转正常,该类元素共18个，当前第13个
2020-08-25 19:20:50,301 - 2 - INFO - 页面"电能大亨_电能大亨下载_电能大亨官方下载-最笨下载"跳转正常,该类元素共18个，当前第14个
2020-08-25 19:20:56,429 - 2 - INFO - 页面"驾校模拟器_驾校模拟器下载_驾校模拟器官方下载-最笨下载"跳转正常,该类元素共18个，当前第15个
2020-08-25 19:21:02,573 - 2 - INFO - 页面"暗黑探险2_暗黑探险2下载_暗黑探险2官方下载-最笨下载"跳转正常,该类元素共18个，当前第16个
2020-08-25 19:21:08,704 - 2 - INFO - 页面"风暴山之谜_风暴山之谜下载_风暴山之谜官方下载-最笨下载"跳转正常,该类元素共18个，当前第17个
2020-08-25 19:21:14,853 - 2 - INFO - 页面"炸弹投石机:卡牌战斗_炸弹投石机:卡牌战斗下载_炸弹投石机:卡牌战斗官方下载-最笨下载"跳转正常,该类元素共18个，当前第18个
2020-08-25 19:21:24,375 - 2 - INFO - 页面"变态手游公益服_bt手游变态服_无限元宝bt手游下载_BT手游中心-最笨下载"跳转正常,该类元素共13个，当前第1个
2020-08-25 19:21:24,672 - basepage - INFO - Click back on current page.
2020-08-25 19:21:34,495 - 2 - INFO - 页面"变态手游公益服_bt手游变态服_无限元宝bt手游下载_BT手游中心-最笨下载"跳转正常,该类元素共13个，当前第2个
2020-08-25 19:21:34,728 - basepage - INFO - Click back on current page.
2020-08-25 19:21:43,391 - 2 - INFO - 页面"变态手游公益服_bt手游变态服_无限元宝bt手游下载_BT手游中心-最笨下载"跳转正常,该类元素共13个，当前第3个
2020-08-25 19:21:43,677 - basepage - INFO - Click back on current page.
2020-08-25 19:21:52,373 - 2 - INFO - 页面"变态手游公益服_bt手游变态服_无限元宝bt手游下载_BT手游中心-最笨下载"跳转正常,该类元素共13个，当前第4个
2020-08-25 19:21:52,761 - basepage - INFO - Click back on current page.
2020-08-25 19:22:02,486 - 2 - INFO - 页面"变态手游公益服_bt手游变态服_无限元宝bt手游下载_BT手游中心-最笨下载"跳转正常,该类元素共13个，当前第5个
2020-08-25 19:22:02,856 - basepage - INFO - Click back on current page.
2020-08-25 19:22:12,799 - 2 - INFO - 页面"变态手游公益服_bt手游变态服_无限元宝bt手游下载_BT手游中心-最笨下载"跳转正常,该类元素共13个，当前第6个
2020-08-25 19:22:13,167 - basepage - INFO - Click back on current page.
2020-08-25 19:22:22,101 - 2 - INFO - 页面"变态手游公益服_bt手游变态服_无限元宝bt手游下载_BT手游中心-最笨下载"跳转正常,该类元素共13个，当前第7个
2020-08-25 19:22:22,490 - basepage - INFO - Click back on current page.
2020-08-25 19:22:32,770 - 2 - INFO - 页面"变态手游公益服_bt手游变态服_无限元宝bt手游下载_BT手游中心-最笨下载"跳转正常,该类元素共13个，当前第8个
2020-08-25 19:22:33,204 - basepage - INFO - Click back on current page.
2020-08-25 19:22:46,632 - 2 - INFO - 页面"变态手游公益服_bt手游变态服_无限元宝bt手游下载_BT手游中心-最笨下载"跳转正常,该类元素共13个，当前第9个
2020-08-25 19:22:47,052 - basepage - INFO - Click back on current page.
2020-08-25 19:22:58,550 - 2 - INFO - 页面"变态手游公益服_bt手游变态服_无限元宝bt手游下载_BT手游中心-最笨下载"跳转正常,该类元素共13个，当前第10个
2020-08-25 19:22:58,952 - basepage - INFO - Click back on current page.
2020-08-25 19:23:07,104 - 2 - INFO - 页面"变态手游公益服_bt手游变态服_无限元宝bt手游下载_BT手游中心-最笨下载"跳转正常,该类元素共13个，当前第11个
2020-08-25 19:23:07,534 - basepage - INFO - Click back on current page.
2020-08-25 19:23:18,508 - 2 - INFO - 页面"变态手游公益服_bt手游变态服_无限元宝bt手游下载_BT手游中心-最笨下载"跳转正常,该类元素共13个，当前第12个
2020-08-25 19:23:18,752 - basepage - INFO - Click back on current page.
2020-08-25 19:23:27,666 - 2 - INFO - 页面"变态手游公益服_bt手游变态服_无限元宝bt手游下载_BT手游中心-最笨下载"跳转正常,该类元素共13个，当前第13个
2020-08-25 19:23:27,888 - basepage - INFO - Click back on current page.
2020-08-25 19:23:36,269 - 2 - INFO - 页面"无双三国（送328充值）_无双三国（送328充值）无限元宝服_SF变态版无双三国（送328充值）公益服下载 - 最笨下载"跳转正常,该类元素共18个，当前第1个
2020-08-25 19:23:42,394 - 2 - INFO - 页面"六界之门（百抽海量特权）_六界之门（百抽海量特权）无限元宝服_SF变态版六界之门（百抽海量特权）公益服下载 - 最笨下载"跳转正常,该类元素共18个，当前第2个
2020-08-25 19:23:48,523 - 2 - INFO - 页面"阴阳界（送1000充值）_阴阳界（送1000充值）无限元宝服_SF变态版阴阳界（送1000充值）公益服下载 - 最笨下载"跳转正常,该类元素共18个，当前第3个
2020-08-25 19:23:54,656 - 2 - INFO - 页面"天域战记（天天送充值）_天域战记（天天送充值）无限元宝服_SF变态版天域战记（天天送充值）公益服下载 - 最笨下载"跳转正常,该类元素共18个，当前第4个
2020-08-25 19:24:00,797 - 2 - INFO - 页面"黑暗与荣耀（送史诗宠物）_黑暗与荣耀（送史诗宠物）无限元宝服_SF变态版黑暗与荣耀（送史诗宠物）公益服下载 - 最笨下载"跳转正常,该类元素共18个，当前第5个
2020-08-25 19:24:06,961 - 2 - INFO - 页面"剑心吟（送648充值）_剑心吟（送648充值）无限元宝服_SF变态版剑心吟（送648充值）公益服下载 - 最笨下载"跳转正常,该类元素共18个，当前第6个
2020-08-25 19:24:13,120 - 2 - INFO - 页面"一剑问情（海量充值特权）_一剑问情（海量充值特权）无限元宝服_SF变态版一剑问情（海量充值特权）公益服下载 - 最笨下载"跳转正常,该类元素共18个，当前第7个
2020-08-25 19:24:19,265 - 2 - INFO - 页面"少年勇者团（天天送充值）_少年勇者团（天天送充值）无限元宝服_SF变态版少年勇者团（天天送充值）公益服下载 - 最笨下载"跳转正常,该类元素共18个，当前第8个
2020-08-25 19:24:25,401 - 2 - INFO - 页面"修仙记（送海量充值）_修仙记（送海量充值）无限元宝服_SF变态版修仙记（送海量充值）公益服下载 - 最笨下载"跳转正常,该类元素共18个，当前第9个
2020-08-25 19:24:31,520 - 2 - INFO - 页面"御龙三国志（送真百抽）_御龙三国志（送真百抽）无限元宝服_SF变态版御龙三国志（送真百抽）公益服下载 - 最笨下载"跳转正常,该类元素共18个，当前第10个
2020-08-25 19:24:37,642 - 2 - INFO - 页面"神龙猎手（开局送万抽）_神龙猎手（开局送万抽）无限元宝服_SF变态版神龙猎手（开局送万抽）公益服下载 - 最笨下载"跳转正常,该类元素共18个，当前第11个
2020-08-25 19:24:43,771 - 2 - INFO - 页面"梦幻江湖（送千万元宝）_梦幻江湖（送千万元宝）无限元宝服_SF变态版梦幻江湖（送千万元宝）公益服下载 - 最笨下载"跳转正常,该类元素共18个，当前第12个
2020-08-25 19:24:49,895 - 2 - INFO - 页面"天际征服（送20连抽）_天际征服（送20连抽）无限元宝服_SF变态版天际征服（送20连抽）公益服下载 - 最笨下载"跳转正常,该类元素共18个，当前第13个
2020-08-25 19:24:56,036 - 2 - INFO - 页面"乱斗英雄坛（每日送真充）_乱斗英雄坛（每日送真充）无限元宝服_SF变态版乱斗英雄坛（每日送真充）公益服下载 - 最笨下载"跳转正常,该类元素共18个，当前第14个
2020-08-25 19:25:02,174 - 2 - INFO - 页面"爱宠大冒险（送2K充值）_爱宠大冒险（送2K充值）无限元宝服_SF变态版爱宠大冒险（送2K充值）公益服下载 - 最笨下载"跳转正常,该类元素共18个，当前第15个
2020-08-25 19:25:08,324 - 2 - INFO - 页面"剑侠风云（送海量充值）_剑侠风云（送海量充值）无限元宝服_SF变态版剑侠风云（送海量充值）公益服下载 - 最笨下载"跳转正常,该类元素共18个，当前第16个
2020-08-25 19:25:14,449 - 2 - INFO - 页面"英雄连城（送充值）_英雄连城（送充值）无限元宝服_SF变态版英雄连城（送充值）公益服下载 - 最笨下载"跳转正常,该类元素共18个，当前第17个
2020-08-25 19:25:20,570 - 2 - INFO - 页面"少年君王传（送千元充值）_少年君王传（送千元充值）无限元宝服_SF变态版少年君王传（送千元充值）公益服下载 - 最笨下载"跳转正常,该类元素共18个，当前第18个
2020-08-25 19:25:31,253 - 2 - INFO - 页面"满vip版手游_手游sf送顶级vip_满级vip无限元宝手游下载-最笨下载"跳转正常,该类元素共13个，当前第1个
2020-08-25 19:25:31,477 - basepage - INFO - Click back on current page.
2020-08-25 19:25:39,694 - 2 - INFO - 页面"满vip版手游_手游sf送顶级vip_满级vip无限元宝手游下载-最笨下载"跳转正常,该类元素共13个，当前第2个
2020-08-25 19:25:39,916 - basepage - INFO - Click back on current page.
2020-08-25 19:25:48,784 - 2 - INFO - 页面"满vip版手游_手游sf送顶级vip_满级vip无限元宝手游下载-最笨下载"跳转正常,该类元素共13个，当前第3个
2020-08-25 19:25:49,205 - basepage - INFO - Click back on current page.
2020-08-25 19:25:58,783 - 2 - INFO - 页面"满vip版手游_手游sf送顶级vip_满级vip无限元宝手游下载-最笨下载"跳转正常,该类元素共13个，当前第4个
2020-08-25 19:25:59,151 - basepage - INFO - Click back on current page.
2020-08-25 19:26:07,381 - 2 - INFO - 页面"满vip版手游_手游sf送顶级vip_满级vip无限元宝手游下载-最笨下载"跳转正常,该类元素共13个，当前第5个
2020-08-25 19:26:07,773 - basepage - INFO - Click back on current page.
2020-08-25 19:26:16,629 - 2 - INFO - 页面"满vip版手游_手游sf送顶级vip_满级vip无限元宝手游下载-最笨下载"跳转正常,该类元素共13个，当前第6个
2020-08-25 19:26:16,899 - basepage - INFO - Click back on current page.
2020-08-25 19:26:26,442 - 2 - INFO - 页面"满vip版手游_手游sf送顶级vip_满级vip无限元宝手游下载-最笨下载"跳转正常,该类元素共13个，当前第7个
2020-08-25 19:26:26,849 - basepage - INFO - Click back on current page.
2020-08-25 19:26:36,766 - 2 - INFO - 页面"满vip版手游_手游sf送顶级vip_满级vip无限元宝手游下载-最笨下载"跳转正常,该类元素共13个，当前第8个
2020-08-25 19:26:37,190 - basepage - INFO - Click back on current page.
2020-08-25 19:26:46,117 - 2 - INFO - 页面"满vip版手游_手游sf送顶级vip_满级vip无限元宝手游下载-最笨下载"跳转正常,该类元素共13个，当前第9个
2020-08-25 19:26:46,488 - basepage - INFO - Click back on current page.
2020-08-25 19:26:56,943 - 2 - INFO - 页面"满vip版手游_手游sf送顶级vip_满级vip无限元宝手游下载-最笨下载"跳转正常,该类元素共13个，当前第10个
2020-08-25 19:26:57,407 - basepage - INFO - Click back on current page.
2020-08-25 19:27:05,776 - 2 - INFO - 页面"满vip版手游_手游sf送顶级vip_满级vip无限元宝手游下载-最笨下载"跳转正常,该类元素共13个，当前第11个
2020-08-25 19:27:06,322 - basepage - INFO - Click back on current page.
2020-08-25 19:27:17,081 - 2 - INFO - 页面"满vip版手游_手游sf送顶级vip_满级vip无限元宝手游下载-最笨下载"跳转正常,该类元素共13个，当前第12个
2020-08-25 19:27:17,498 - basepage - INFO - Click back on current page.
2020-08-25 19:27:25,563 - 2 - INFO - 页面"满vip版手游_手游sf送顶级vip_满级vip无限元宝手游下载-最笨下载"跳转正常,该类元素共13个，当前第13个
2020-08-25 19:27:25,962 - basepage - INFO - Click back on current page.
2020-08-25 19:27:34,302 - 2 - INFO - 页面"乱戳三国2（送GM特权）_乱戳三国2（送GM特权）无限元宝服_SF变态版乱戳三国2（送GM特权）公益服下载 - 最笨下载"跳转正常,该类元素共18个，当前第1个
2020-08-25 19:27:40,426 - 2 - INFO - 页面"吞噬苍穹（海量充值卡）_吞噬苍穹（海量充值卡）无限元宝服_SF变态版吞噬苍穹（海量充值卡）公益服下载 - 最笨下载"跳转正常,该类元素共18个，当前第2个
2020-08-25 19:27:46,548 - 2 - INFO - 页面"刀剑神魔录（1元商城特权）_刀剑神魔录（1元商城特权）无限元宝服_SF变态版刀剑神魔录（1元商城特权）公益服下载 - 最笨下载"跳转正常,该类元素共18个，当前第3个
2020-08-25 19:27:52,679 - 2 - INFO - 页面"乱世江湖（天天送充值）_乱世江湖（天天送充值）无限元宝服_SF变态版乱世江湖（天天送充值）公益服下载 - 最笨下载"跳转正常,该类元素共18个，当前第4个
2020-08-25 19:27:58,818 - 2 - INFO - 页面"王者战歌（送千元充值）_王者战歌（送千元充值）无限元宝服_SF变态版王者战歌（送千元充值）公益服下载 - 最笨下载"跳转正常,该类元素共18个，当前第5个
2020-08-25 19:28:04,961 - 2 - INFO - 页面"齐天记（海量资源特权）_齐天记（海量资源特权）无限元宝服_SF变态版齐天记（海量资源特权）公益服下载 - 最笨下载"跳转正常,该类元素共18个，当前第6个
2020-08-25 19:28:11,099 - 2 - INFO - 页面"征程三国（送百抽S神将）_征程三国（送百抽S神将）无限元宝服_SF变态版征程三国（送百抽S神将）公益服下载 - 最笨下载"跳转正常,该类元素共18个，当前第7个
2020-08-25 19:28:17,215 - 2 - INFO - 页面"净化（海量商城特权）_净化（海量商城特权）无限元宝服_SF变态版净化（海量商城特权）公益服下载 - 最笨下载"跳转正常,该类元素共18个，当前第8个
2020-08-25 19:28:23,377 - 2 - INFO - 页面"机甲战纪（送GM特权）_机甲战纪（送GM特权）无限元宝服_SF变态版机甲战纪（送GM特权）公益服下载 - 最笨下载"跳转正常,该类元素共18个，当前第9个
2020-08-25 19:28:29,505 - 2 - INFO - 页面"星星喵（送千元充值）_星星喵（送千元充值）无限元宝服_SF变态版星星喵（送千元充值）公益服下载 - 最笨下载"跳转正常,该类元素共18个，当前第10个
2020-08-25 19:28:35,651 - 2 - INFO - 页面"轩辕剑群侠传（商城特权）_轩辕剑群侠传（商城特权）无限元宝服_SF变态版轩辕剑群侠传（商城特权）公益服下载 - 最笨下载"跳转正常,该类元素共18个，当前第11个
2020-08-25 19:28:41,774 - 2 - INFO - 页面"大秦之帝国崛起（送法拉利）_大秦之帝国崛起（送法拉利）无限元宝服_SF变态版大秦之帝国崛起（送法拉利）公益服下载 - 最笨下载"跳转正常,该类元素共18个，当前第12个
2020-08-25 19:28:47,893 - 2 - INFO - 页面"进击的少女（闯关爆充值）_进击的少女（闯关爆充值）无限元宝服_SF变态版进击的少女（闯关爆充值）公益服下载 - 最笨下载"跳转正常,该类元素共18个，当前第13个
2020-08-25 19:28:55,772 - 2 - INFO - 页面"小小虎将（海量特权）_小小虎将（海量特权）无限元宝服_SF变态版小小虎将（海量特权）公益服下载 - 最笨下载"跳转正常,该类元素共18个，当前第14个
2020-08-25 19:29:01,898 - 2 - INFO - 页面"妖游记（海量送充值）_妖游记（海量送充值）无限元宝服_SF变态版妖游记（海量送充值）公益服下载 - 最笨下载"跳转正常,该类元素共18个，当前第15个
2020-08-25 19:29:08,779 - 2 - INFO - 页面"武龙争道（送海量红将）_武龙争道（送海量红将）无限元宝服_SF变态版武龙争道（送海量红将）公益服下载 - 最笨下载"跳转正常,该类元素共18个，当前第16个
2020-08-25 19:29:14,910 - 2 - INFO - 页面"斗战三国志（送328充值）_斗战三国志（送328充值）无限元宝服_SF变态版斗战三国志（送328充值）公益服下载 - 最笨下载"跳转正常,该类元素共18个，当前第17个
2020-08-25 19:29:21,051 - 2 - INFO - 页面"魔侠传（开服送2000充）_魔侠传（开服送2000充）无限元宝服_SF变态版魔侠传（开服送2000充）公益服下载 - 最笨下载"跳转正常,该类元素共18个，当前第18个
2020-08-25 19:29:28,322 - 2 - INFO - 页面"gm版手游_无限元宝/钻石公益服_0元免费gm权限手游下载-最笨下载"跳转正常,该类元素共13个，当前第1个
2020-08-25 19:29:28,597 - basepage - INFO - Click back on current page.
2020-08-25 19:29:36,864 - 2 - INFO - 页面"gm版手游_无限元宝/钻石公益服_0元免费gm权限手游下载-最笨下载"跳转正常,该类元素共13个，当前第2个
2020-08-25 19:29:37,276 - basepage - INFO - Click back on current page.
2020-08-25 19:29:45,519 - 2 - INFO - 页面"gm版手游_无限元宝/钻石公益服_0元免费gm权限手游下载-最笨下载"跳转正常,该类元素共13个，当前第3个
2020-08-25 19:29:46,126 - basepage - INFO - Click back on current page.
2020-08-25 19:29:54,129 - 2 - INFO - 页面"gm版手游_无限元宝/钻石公益服_0元免费gm权限手游下载-最笨下载"跳转正常,该类元素共13个，当前第4个
2020-08-25 19:29:54,338 - basepage - INFO - Click back on current page.
2020-08-25 19:30:02,629 - 2 - INFO - 页面"gm版手游_无限元宝/钻石公益服_0元免费gm权限手游下载-最笨下载"跳转正常,该类元素共13个，当前第5个
2020-08-25 19:30:03,129 - basepage - INFO - Click back on current page.
2020-08-25 19:30:11,224 - 2 - INFO - 页面"gm版手游_无限元宝/钻石公益服_0元免费gm权限手游下载-最笨下载"跳转正常,该类元素共13个，当前第6个
2020-08-25 19:30:11,602 - basepage - INFO - Click back on current page.
2020-08-25 19:30:19,557 - 2 - INFO - 页面"gm版手游_无限元宝/钻石公益服_0元免费gm权限手游下载-最笨下载"跳转正常,该类元素共13个，当前第7个
2020-08-25 19:30:19,764 - basepage - INFO - Click back on current page.
2020-08-25 19:30:27,726 - 2 - INFO - 页面"gm版手游_无限元宝/钻石公益服_0元免费gm权限手游下载-最笨下载"跳转正常,该类元素共13个，当前第8个
2020-08-25 19:30:28,160 - basepage - INFO - Click back on current page.
2020-08-25 19:30:36,140 - 2 - INFO - 页面"gm版手游_无限元宝/钻石公益服_0元免费gm权限手游下载-最笨下载"跳转正常,该类元素共13个，当前第9个
2020-08-25 19:30:36,562 - basepage - INFO - Click back on current page.
2020-08-25 19:30:44,592 - 2 - INFO - 页面"gm版手游_无限元宝/钻石公益服_0元免费gm权限手游下载-最笨下载"跳转正常,该类元素共13个，当前第10个
2020-08-25 19:30:44,802 - basepage - INFO - Click back on current page.
2020-08-25 19:30:52,880 - 2 - INFO - 页面"gm版手游_无限元宝/钻石公益服_0元免费gm权限手游下载-最笨下载"跳转正常,该类元素共13个，当前第11个
2020-08-25 19:30:53,378 - basepage - INFO - Click back on current page.
2020-08-25 19:31:01,477 - 2 - INFO - 页面"gm版手游_无限元宝/钻石公益服_0元免费gm权限手游下载-最笨下载"跳转正常,该类元素共13个，当前第12个
2020-08-25 19:31:01,898 - basepage - INFO - Click back on current page.
2020-08-25 19:31:09,864 - 2 - INFO - 页面"gm版手游_无限元宝/钻石公益服_0元免费gm权限手游下载-最笨下载"跳转正常,该类元素共13个，当前第13个
2020-08-25 19:31:10,088 - basepage - INFO - Click back on current page.
2020-08-25 19:31:18,451 - 2 - INFO - 页面"九州剑灵（GM版）_九州剑灵（GM版）免费gm权限安卓下载 - 最笨下载"跳转正常,该类元素共18个，当前第1个
2020-08-25 19:31:24,580 - 2 - INFO - 页面"仙游（GM版）_仙游（GM版）免费gm权限安卓下载 - 最笨下载"跳转正常,该类元素共18个，当前第2个
2020-08-25 19:31:30,722 - 2 - INFO - 页面"高达（GM版）_高达（GM版）免费gm权限安卓下载 - 最笨下载"跳转正常,该类元素共18个，当前第3个
2020-08-25 19:31:36,864 - 2 - INFO - 页面"暗黑王者（GM版）_暗黑王者（GM版）免费gm权限安卓下载 - 最笨下载"跳转正常,该类元素共18个，当前第4个
2020-08-25 19:31:43,001 - 2 - INFO - 页面"问鼎封神（GM版）_问鼎封神（GM版）免费gm权限安卓下载 - 最笨下载"跳转正常,该类元素共18个，当前第5个
2020-08-25 19:31:49,277 - 2 - INFO - 页面"仙剑轮回（GM版）_仙剑轮回（GM版）免费gm权限安卓下载 - 最笨下载"跳转正常,该类元素共18个，当前第6个
2020-08-25 19:31:55,397 - 2 - INFO - 页面"神道仙尊（GM版）_神道仙尊（GM版）免费gm权限安卓下载 - 最笨下载"跳转正常,该类元素共18个，当前第7个
2020-08-25 19:32:01,619 - 2 - INFO - 页面"大将无双（GM版）_大将无双（GM版）免费gm权限安卓下载 - 最笨下载"跳转正常,该类元素共18个，当前第8个
2020-08-25 19:32:07,751 - 2 - INFO - 页面"青云剑诀（GM版）_青云剑诀（GM版）免费gm权限安卓下载 - 最笨下载"跳转正常,该类元素共18个，当前第9个
2020-08-25 19:32:13,963 - 2 - INFO - 页面"寂灭剑诀（GM版）_寂灭剑诀（GM版）免费gm权限安卓下载 - 最笨下载"跳转正常,该类元素共18个，当前第10个
2020-08-25 19:32:20,107 - 2 - INFO - 页面"封神记（GM版）_封神记（GM版）免费gm权限安卓下载 - 最笨下载"跳转正常,该类元素共18个，当前第11个
2020-08-25 19:32:26,229 - 2 - INFO - 页面"豪门小老婆（GM版）_豪门小老婆（GM版）免费gm权限安卓下载 - 最笨下载"跳转正常,该类元素共18个，当前第12个
2020-08-25 19:32:32,357 - 2 - INFO - 页面"三生三誓青丘传（GM版）_三生三誓青丘传（GM版）免费gm权限安卓下载 - 最笨下载"跳转正常,该类元素共18个，当前第13个
2020-08-25 19:32:38,484 - 2 - INFO - 页面"毒尊三国（GM版）_毒尊三国（GM版）免费gm权限安卓下载 - 最笨下载"跳转正常,该类元素共18个，当前第14个
2020-08-25 19:32:44,776 - 2 - INFO - 页面"乱世神话（GM版）_乱世神话（GM版）免费gm权限安卓下载 - 最笨下载"跳转正常,该类元素共18个，当前第15个
2020-08-25 19:32:50,915 - 2 - INFO - 页面"天子问剑（GM版）_天子问剑（GM版）免费gm权限安卓下载 - 最笨下载"跳转正常,该类元素共18个，当前第16个
2020-08-25 19:32:57,068 - 2 - INFO - 页面"风云三国（GM版）_风云三国（GM版）免费gm权限安卓下载 - 最笨下载"跳转正常,该类元素共18个，当前第17个
2020-08-25 19:33:03,259 - 2 - INFO - 页面"古惑三国志（GM版）_古惑三国志（GM版）免费gm权限安卓下载 - 最笨下载"跳转正常,该类元素共18个，当前第18个
2020-08-25 19:33:18,703 - 2 - INFO - 页面"免费权限GM游戏"跳转正常,该类元素共4个，当前第1个
2020-08-25 19:33:19,174 - basepage - INFO - Click back on current page.
2020-08-25 19:33:25,341 - 2 - INFO - 页面"聊天回复神器合集"跳转正常,该类元素共4个，当前第2个
2020-08-25 19:33:25,613 - basepage - INFO - Click back on current page.
2020-08-25 19:33:34,012 - 2 - INFO - 页面"超变私服传奇一刀999999级"跳转正常,该类元素共4个，当前第3个
2020-08-25 19:33:34,259 - basepage - INFO - Click back on current page.
2020-08-25 19:33:41,877 - 2 - INFO - 页面"美女爆衣游戏手游"跳转正常,该类元素共4个，当前第4个
2020-08-25 19:33:42,314 - basepage - INFO - Click back on current page.
2020-08-25 19:33:50,617 - 2 - INFO - 页面"【苹果播放器】iPhone手机播放器,iPhone播放器免费下载大全-最笨下载"跳转正常,该类元素共19个，当前第1个
2020-08-25 19:33:51,131 - basepage - INFO - Click back on current page.
2020-08-25 19:33:57,950 - 2 - INFO - 页面"【苹果学习软件】iPhone手机学习软件_iPhone学习软件免费下载大全-最笨下载"跳转正常,该类元素共19个，当前第2个
2020-08-25 19:33:58,223 - basepage - INFO - Click back on current page.
2020-08-25 19:34:05,167 - 2 - INFO - 页面"【苹果辅助软件】iPhone手机辅助软件_iPhone辅助软件免费下载大全-最笨下载"跳转正常,该类元素共19个，当前第3个
2020-08-25 19:34:05,445 - basepage - INFO - Click back on current page.
2020-08-25 19:34:12,797 - 2 - INFO - 页面"【苹果输入法】iPhone手机输入法_iPhone输入法免费下载大全-最笨下载"跳转正常,该类元素共19个，当前第4个
2020-08-25 19:34:13,238 - basepage - INFO - Click back on current page.
2020-08-25 19:34:20,482 - 2 - INFO - 页面"【苹果通信软件】iPhone手机通信软件_iPhone通信软件免费下载大全-最笨下载"跳转正常,该类元素共19个，当前第5个
2020-08-25 19:34:20,744 - basepage - INFO - Click back on current page.
2020-08-25 19:34:27,545 - 2 - INFO - 页面"【苹果固件】iPhone手机固件软件_iPhone固件软件免费下载大全-最笨下载"跳转正常,该类元素共19个，当前第6个
2020-08-25 19:34:27,786 - basepage - INFO - Click back on current page.
2020-08-25 19:34:35,132 - 2 - INFO - 页面"【苹果文件管理软件】iPhone手机文件管理软件_iPhone文件管理软件免费下载大全-最笨下载"跳转正常,该类元素共19个，当前第7个
2020-08-25 19:34:35,573 - basepage - INFO - Click back on current page.
2020-08-25 19:34:42,313 - 2 - INFO - 页面"【苹果同步软件】iPhone手机同步软件_iPhone同步软件免费下载大全-最笨下载"跳转正常,该类元素共19个，当前第8个
2020-08-25 19:34:42,538 - basepage - INFO - Click back on current page.
2020-08-25 19:34:49,470 - 2 - INFO - 页面"【苹果办公软件】iPhone手机办公软件_iPhone办公软件免费下载大全-最笨下载"跳转正常,该类元素共19个，当前第9个
2020-08-25 19:34:49,816 - basepage - INFO - Click back on current page.
2020-08-25 19:34:57,022 - 2 - INFO - 页面"【苹果理财软件】iPhone手机理财软件_iPhone理财软件免费下载大全-最笨下载"跳转正常,该类元素共19个，当前第10个
2020-08-25 19:34:57,490 - basepage - INFO - Click back on current page.
2020-08-25 19:35:04,674 - 2 - INFO - 页面"【苹果备份软件】iPhone手机备份软件_iPhone备份软件免费下载大全-最笨下载"跳转正常,该类元素共19个，当前第11个
2020-08-25 19:35:04,970 - basepage - INFO - Click back on current page.
2020-08-25 19:35:11,728 - 2 - INFO - 页面"【苹果健身软件】iPhone手机健身软件_iPhone健身软件免费下载大全-最笨下载"跳转正常,该类元素共19个，当前第12个
2020-08-25 19:35:12,000 - basepage - INFO - Click back on current page.
2020-08-25 19:35:18,732 - 2 - INFO - 页面"【苹果健康管理软件】iPhone手机健康管理软件_iPhone健康管理软件免费下载大全-最笨下载"跳转正常,该类元素共19个，当前第13个
2020-08-25 19:35:19,299 - basepage - INFO - Click back on current page.
2020-08-25 19:35:26,413 - 2 - INFO - 页面"【苹果系统软件】iPhone手机系统软件_iPhone系统软件免费下载大全-最笨下载"跳转正常,该类元素共19个，当前第14个
2020-08-25 19:35:26,666 - basepage - INFO - Click back on current page.
2020-08-25 19:35:34,099 - 2 - INFO - 页面"【苹果社交软件】iphone手机社交软件_iphone社交软件免费下载大全-最笨下载"跳转正常,该类元素共19个，当前第15个
2020-08-25 19:35:34,675 - basepage - INFO - Click back on current page.
2020-08-25 19:35:41,302 - 2 - INFO - 页面"【苹果娱乐软件】iPhone手机娱乐软件_iPhone娱乐软件免费下载大全-最笨下载"跳转正常,该类元素共19个，当前第16个
2020-08-25 19:35:41,565 - basepage - INFO - Click back on current page.
2020-08-25 19:35:48,850 - 2 - INFO - 页面"【苹果导航】iPhone手机导航软件,iPhone导航软件免费下载大全-最笨下载"跳转正常,该类元素共19个，当前第17个
2020-08-25 19:35:49,135 - basepage - INFO - Click back on current page.
2020-08-25 19:35:56,231 - 2 - INFO - 页面"【苹果网络软件】iPhone手机网络软件,iPhone网络软件免费下载大全-最笨下载"跳转正常,该类元素共19个，当前第18个
2020-08-25 19:35:56,729 - basepage - INFO - Click back on current page.
2020-08-25 19:36:03,815 - 2 - INFO - 页面"【苹果助手软件】iPhone生活助手软件_iPhone生活助手软件免费下载大全-最笨下载"跳转正常,该类元素共19个，当前第19个
2020-08-25 19:36:04,097 - basepage - INFO - Click back on current page.
2020-08-25 19:36:12,467 - 2 - INFO - 页面"安致手游盒子ios版_安致手游盒子ios版下载_安致手游盒子ios版官方下载-最笨下载"跳转正常,该类元素共18个，当前第1个
2020-08-25 19:36:18,608 - 2 - INFO - 页面"爪游控游戏盒子ios版_爪游控游戏盒子ios版下载_爪游控游戏盒子ios版官方下载-最笨下载"跳转正常,该类元素共18个，当前第2个
2020-08-25 19:36:24,740 - 2 - INFO - 页面"手机玩盒子ios版_手机玩盒子ios版下载_手机玩盒子ios版官方下载-最笨下载"跳转正常,该类元素共18个，当前第3个
2020-08-25 19:36:30,896 - 2 - INFO - 页面"蜜小助ios版_蜜小助ios版下载_蜜小助ios版官方下载-最笨下载"跳转正常,该类元素共18个，当前第4个
2020-08-25 19:36:37,051 - 2 - INFO - 页面"BT游戏大全ios_BT游戏大全ios下载_BT游戏大全ios官方下载-最笨下载"跳转正常,该类元素共18个，当前第5个
2020-08-25 19:36:43,172 - 2 - INFO - 页面"小8游戏盒子ios_小8游戏盒子ios下载_小8游戏盒子ios官方下载-最笨下载"跳转正常,该类元素共18个，当前第6个
2020-08-25 19:36:49,318 - 2 - INFO - 页面"安卓市场ios版_安卓市场ios版下载_安卓市场ios版官方下载-最笨下载"跳转正常,该类元素共18个，当前第7个
2020-08-25 19:36:55,446 - 2 - INFO - 页面"剪映_剪映下载_剪映官方下载-最笨下载"跳转正常,该类元素共18个，当前第8个
2020-08-25 19:37:01,562 - 2 - INFO - 页面"吾爱看书ios版_吾爱看书ios版下载_吾爱看书ios版官方下载-最笨下载"跳转正常,该类元素共18个，当前第9个
2020-08-25 19:37:07,706 - 2 - INFO - 页面"7743游戏平台_7743游戏平台下载_7743游戏平台官方下载-最笨下载"跳转正常,该类元素共18个，当前第10个
2020-08-25 19:37:13,824 - 2 - INFO - 页面"搜书帝ios_搜书帝ios下载_搜书帝ios官方下载-最笨下载"跳转正常,该类元素共18个，当前第11个
2020-08-25 19:37:19,960 - 2 - INFO - 页面"大塘小鱼_大塘小鱼下载_大塘小鱼官方下载-最笨下载"跳转正常,该类元素共18个，当前第12个
2020-08-25 19:37:26,087 - 2 - INFO - 页面"花溪小说_花溪小说下载_花溪小说官方下载-最笨下载"跳转正常,该类元素共18个，当前第13个
2020-08-25 19:37:32,879 - 2 - INFO - 页面"手译_手译下载_手译官方下载-最笨下载"跳转正常,该类元素共18个，当前第14个
2020-08-25 19:37:39,018 - 2 - INFO - 页面"sjcam_sjcam下载_sjcam官方下载-最笨下载"跳转正常,该类元素共18个，当前第15个
2020-08-25 19:37:45,288 - 2 - INFO - 页面"WearHeart_WearHeart下载_WearHeart官方下载-最笨下载"跳转正常,该类元素共18个，当前第16个
2020-08-25 19:37:51,461 - 2 - INFO - 页面"仓鼠阅读_仓鼠阅读下载_仓鼠阅读官方下载-最笨下载"跳转正常,该类元素共18个，当前第17个
2020-08-25 19:37:57,589 - 2 - INFO - 页面"漫番漫画_漫番漫画下载_漫番漫画官方下载-最笨下载"跳转正常,该类元素共18个，当前第18个
2020-08-25 19:38:05,206 - 2 - INFO - 页面"变态手游公益服_bt手游变态服_无限元宝bt手游下载_BT手游中心-最笨下载"跳转正常,该类元素共13个，当前第1个
2020-08-25 19:38:05,460 - basepage - INFO - Click back on current page.
2020-08-25 19:38:13,781 - 2 - INFO - 页面"变态手游公益服_bt手游变态服_无限元宝bt手游下载_BT手游中心-最笨下载"跳转正常,该类元素共13个，当前第2个
2020-08-25 19:38:14,391 - basepage - INFO - Click back on current page.
2020-08-25 19:38:23,872 - 2 - INFO - 页面"变态手游公益服_bt手游变态服_无限元宝bt手游下载_BT手游中心-最笨下载"跳转正常,该类元素共13个，当前第3个
2020-08-25 19:38:24,496 - basepage - INFO - Click back on current page.
2020-08-25 19:38:32,791 - 2 - INFO - 页面"变态手游公益服_bt手游变态服_无限元宝bt手游下载_BT手游中心-最笨下载"跳转正常,该类元素共13个，当前第4个
2020-08-25 19:38:33,442 - basepage - INFO - Click back on current page.
2020-08-25 19:38:41,610 - 2 - INFO - 页面"变态手游公益服_bt手游变态服_无限元宝bt手游下载_BT手游中心-最笨下载"跳转正常,该类元素共13个，当前第5个
2020-08-25 19:38:42,122 - basepage - INFO - Click back on current page.
2020-08-25 19:38:50,605 - 2 - INFO - 页面"变态手游公益服_bt手游变态服_无限元宝bt手游下载_BT手游中心-最笨下载"跳转正常,该类元素共13个，当前第6个
2020-08-25 19:38:51,197 - basepage - INFO - Click back on current page.
2020-08-25 19:39:00,401 - 2 - INFO - 页面"变态手游公益服_bt手游变态服_无限元宝bt手游下载_BT手游中心-最笨下载"跳转正常,该类元素共13个，当前第7个
2020-08-25 19:39:00,882 - basepage - INFO - Click back on current page.
2020-08-25 19:39:09,523 - 2 - INFO - 页面"变态手游公益服_bt手游变态服_无限元宝bt手游下载_BT手游中心-最笨下载"跳转正常,该类元素共13个，当前第8个
2020-08-25 19:39:09,931 - basepage - INFO - Click back on current page.
2020-08-25 19:39:18,019 - 2 - INFO - 页面"变态手游公益服_bt手游变态服_无限元宝bt手游下载_BT手游中心-最笨下载"跳转正常,该类元素共13个，当前第9个
2020-08-25 19:39:18,609 - basepage - INFO - Click back on current page.
2020-08-25 19:39:28,423 - 2 - INFO - 页面"变态手游公益服_bt手游变态服_无限元宝bt手游下载_BT手游中心-最笨下载"跳转正常,该类元素共13个，当前第10个
2020-08-25 19:39:28,810 - basepage - INFO - Click back on current page.
2020-08-25 19:39:36,813 - 2 - INFO - 页面"变态手游公益服_bt手游变态服_无限元宝bt手游下载_BT手游中心-最笨下载"跳转正常,该类元素共13个，当前第11个
2020-08-25 19:39:37,065 - basepage - INFO - Click back on current page.
2020-08-25 19:39:45,588 - 2 - INFO - 页面"变态手游公益服_bt手游变态服_无限元宝bt手游下载_BT手游中心-最笨下载"跳转正常,该类元素共13个，当前第12个
2020-08-25 19:39:46,027 - basepage - INFO - Click back on current page.
2020-08-25 19:39:54,896 - 2 - INFO - 页面"变态手游公益服_bt手游变态服_无限元宝bt手游下载_BT手游中心-最笨下载"跳转正常,该类元素共13个，当前第13个
2020-08-25 19:39:55,361 - basepage - INFO - Click back on current page.
2020-08-25 19:40:03,702 - 2 - INFO - 页面"无双三国（送328充值）_无双三国（送328充值）无限元宝服_SF变态版无双三国（送328充值）公益服下载 - 最笨下载"跳转正常,该类元素共18个，当前第1个
2020-08-25 19:40:09,847 - 2 - INFO - 页面"六界之门（百抽海量特权）_六界之门（百抽海量特权）无限元宝服_SF变态版六界之门（百抽海量特权）公益服下载 - 最笨下载"跳转正常,该类元素共18个，当前第2个
2020-08-25 19:40:16,013 - 2 - INFO - 页面"阴阳界（送1000充值）_阴阳界（送1000充值）无限元宝服_SF变态版阴阳界（送1000充值）公益服下载 - 最笨下载"跳转正常,该类元素共18个，当前第3个
2020-08-25 19:40:22,155 - 2 - INFO - 页面"天域战记（天天送充值）_天域战记（天天送充值）无限元宝服_SF变态版天域战记（天天送充值）公益服下载 - 最笨下载"跳转正常,该类元素共18个，当前第4个
2020-08-25 19:40:28,273 - 2 - INFO - 页面"黑暗与荣耀（送史诗宠物）_黑暗与荣耀（送史诗宠物）无限元宝服_SF变态版黑暗与荣耀（送史诗宠物）公益服下载 - 最笨下载"跳转正常,该类元素共18个，当前第5个
2020-08-25 19:40:34,398 - 2 - INFO - 页面"剑心吟（送648充值）_剑心吟（送648充值）无限元宝服_SF变态版剑心吟（送648充值）公益服下载 - 最笨下载"跳转正常,该类元素共18个，当前第6个
2020-08-25 19:40:40,525 - 2 - INFO - 页面"一剑问情（海量充值特权）_一剑问情（海量充值特权）无限元宝服_SF变态版一剑问情（海量充值特权）公益服下载 - 最笨下载"跳转正常,该类元素共18个，当前第7个
2020-08-25 19:40:46,656 - 2 - INFO - 页面"少年勇者团（天天送充值）_少年勇者团（天天送充值）无限元宝服_SF变态版少年勇者团（天天送充值）公益服下载 - 最笨下载"跳转正常,该类元素共18个，当前第8个
2020-08-25 19:40:52,777 - 2 - INFO - 页面"修仙记（送海量充值）_修仙记（送海量充值）无限元宝服_SF变态版修仙记（送海量充值）公益服下载 - 最笨下载"跳转正常,该类元素共18个，当前第9个
2020-08-25 19:40:58,921 - 2 - INFO - 页面"御龙三国志（送真百抽）_御龙三国志（送真百抽）无限元宝服_SF变态版御龙三国志（送真百抽）公益服下载 - 最笨下载"跳转正常,该类元素共18个，当前第10个
2020-08-25 19:41:05,081 - 2 - INFO - 页面"梦幻江湖（送千万元宝）_梦幻江湖（送千万元宝）无限元宝服_SF变态版梦幻江湖（送千万元宝）公益服下载 - 最笨下载"跳转正常,该类元素共18个，当前第11个
2020-08-25 19:41:11,226 - 2 - INFO - 页面"天际征服（送20连抽）_天际征服（送20连抽）无限元宝服_SF变态版天际征服（送20连抽）公益服下载 - 最笨下载"跳转正常,该类元素共18个，当前第12个
2020-08-25 19:41:17,352 - 2 - INFO - 页面"乱斗英雄坛（每日送真充）_乱斗英雄坛（每日送真充）无限元宝服_SF变态版乱斗英雄坛（每日送真充）公益服下载 - 最笨下载"跳转正常,该类元素共18个，当前第13个
2020-08-25 19:41:23,481 - 2 - INFO - 页面"爱宠大冒险（送2K充值）_爱宠大冒险（送2K充值）无限元宝服_SF变态版爱宠大冒险（送2K充值）公益服下载 - 最笨下载"跳转正常,该类元素共18个，当前第14个
2020-08-25 19:41:29,605 - 2 - INFO - 页面"剑侠风云（送海量充值）_剑侠风云（送海量充值）无限元宝服_SF变态版剑侠风云（送海量充值）公益服下载 - 最笨下载"跳转正常,该类元素共18个，当前第15个
2020-08-25 19:41:35,736 - 2 - INFO - 页面"英雄连城（送充值）_英雄连城（送充值）无限元宝服_SF变态版英雄连城（送充值）公益服下载 - 最笨下载"跳转正常,该类元素共18个，当前第16个
2020-08-25 19:41:41,879 - 2 - INFO - 页面"少年君王传（送千元充值）_少年君王传（送千元充值）无限元宝服_SF变态版少年君王传（送千元充值）公益服下载 - 最笨下载"跳转正常,该类元素共18个，当前第17个
2020-08-25 19:41:48,014 - 2 - INFO - 页面"风之旅团（每日送充值）_风之旅团（每日送充值）无限元宝服_SF变态版风之旅团（每日送充值）公益服下载 - 最笨下载"跳转正常,该类元素共18个，当前第18个
2020-08-25 19:41:55,539 - 2 - INFO - 页面"满vip版手游_手游sf送顶级vip_满级vip无限元宝手游下载-最笨下载"跳转正常,该类元素共13个，当前第1个
2020-08-25 19:41:55,765 - basepage - INFO - Click back on current page.
2020-08-25 19:42:04,033 - 2 - INFO - 页面"满vip版手游_手游sf送顶级vip_满级vip无限元宝手游下载-最笨下载"跳转正常,该类元素共13个，当前第2个
2020-08-25 19:42:04,485 - basepage - INFO - Click back on current page.
2020-08-25 19:42:14,611 - 2 - INFO - 页面"满vip版手游_手游sf送顶级vip_满级vip无限元宝手游下载-最笨下载"跳转正常,该类元素共13个，当前第3个
2020-08-25 19:42:15,052 - basepage - INFO - Click back on current page.
2020-08-25 19:42:23,511 - 2 - INFO - 页面"满vip版手游_手游sf送顶级vip_满级vip无限元宝手游下载-最笨下载"跳转正常,该类元素共13个，当前第4个
2020-08-25 19:42:24,031 - basepage - INFO - Click back on current page.
2020-08-25 19:42:32,284 - 2 - INFO - 页面"满vip版手游_手游sf送顶级vip_满级vip无限元宝手游下载-最笨下载"跳转正常,该类元素共13个，当前第5个
2020-08-25 19:42:32,800 - basepage - INFO - Click back on current page.
2020-08-25 19:42:44,649 - 2 - INFO - 页面"满vip版手游_手游sf送顶级vip_满级vip无限元宝手游下载-最笨下载"跳转正常,该类元素共13个，当前第6个
2020-08-25 19:42:45,051 - basepage - INFO - Click back on current page.
2020-08-25 19:42:53,122 - 2 - INFO - 页面"满vip版手游_手游sf送顶级vip_满级vip无限元宝手游下载-最笨下载"跳转正常,该类元素共13个，当前第7个
2020-08-25 19:42:53,572 - basepage - INFO - Click back on current page.
2020-08-25 19:43:02,396 - 2 - INFO - 页面"满vip版手游_手游sf送顶级vip_满级vip无限元宝手游下载-最笨下载"跳转正常,该类元素共13个，当前第8个
2020-08-25 19:43:02,676 - basepage - INFO - Click back on current page.
2020-08-25 19:43:11,639 - 2 - INFO - 页面"满vip版手游_手游sf送顶级vip_满级vip无限元宝手游下载-最笨下载"跳转正常,该类元素共13个，当前第9个
2020-08-25 19:43:12,018 - basepage - INFO - Click back on current page.
2020-08-25 19:43:23,008 - 2 - INFO - 页面"满vip版手游_手游sf送顶级vip_满级vip无限元宝手游下载-最笨下载"跳转正常,该类元素共13个，当前第10个
2020-08-25 19:43:23,399 - basepage - INFO - Click back on current page.
2020-08-25 19:43:31,430 - 2 - INFO - 页面"满vip版手游_手游sf送顶级vip_满级vip无限元宝手游下载-最笨下载"跳转正常,该类元素共13个，当前第11个
2020-08-25 19:43:31,890 - basepage - INFO - Click back on current page.
2020-08-25 19:43:40,221 - 2 - INFO - 页面"满vip版手游_手游sf送顶级vip_满级vip无限元宝手游下载-最笨下载"跳转正常,该类元素共13个，当前第12个
2020-08-25 19:43:40,473 - basepage - INFO - Click back on current page.
2020-08-25 19:43:49,362 - 2 - INFO - 页面"满vip版手游_手游sf送顶级vip_满级vip无限元宝手游下载-最笨下载"跳转正常,该类元素共13个，当前第13个
2020-08-25 19:43:49,630 - basepage - INFO - Click back on current page.
2020-08-25 19:43:57,997 - 2 - INFO - 页面"乱戳三国2（送GM特权）_乱戳三国2（送GM特权）无限元宝服_SF变态版乱戳三国2（送GM特权）公益服下载 - 最笨下载"跳转正常,该类元素共18个，当前第1个
2020-08-25 19:44:04,142 - 2 - INFO - 页面"吞噬苍穹（海量充值卡）_吞噬苍穹（海量充值卡）无限元宝服_SF变态版吞噬苍穹（海量充值卡）公益服下载 - 最笨下载"跳转正常,该类元素共18个，当前第2个
2020-08-25 19:44:10,266 - 2 - INFO - 页面"刀剑神魔录（1元商城特权）_刀剑神魔录（1元商城特权）无限元宝服_SF变态版刀剑神魔录（1元商城特权）公益服下载 - 最笨下载"跳转正常,该类元素共18个，当前第3个
2020-08-25 19:44:16,409 - 2 - INFO - 页面"乱世江湖（天天送充值）_乱世江湖（天天送充值）无限元宝服_SF变态版乱世江湖（天天送充值）公益服下载 - 最笨下载"跳转正常,该类元素共18个，当前第4个
2020-08-25 19:44:22,543 - 2 - INFO - 页面"王者战歌（送千元充值）_王者战歌（送千元充值）无限元宝服_SF变态版王者战歌（送千元充值）公益服下载 - 最笨下载"跳转正常,该类元素共18个，当前第5个
2020-08-25 19:44:28,664 - 2 - INFO - 页面"齐天记（海量资源特权）_齐天记（海量资源特权）无限元宝服_SF变态版齐天记（海量资源特权）公益服下载 - 最笨下载"跳转正常,该类元素共18个，当前第6个
2020-08-25 19:44:34,789 - 2 - INFO - 页面"征程三国（送百抽S神将）_征程三国（送百抽S神将）无限元宝服_SF变态版征程三国（送百抽S神将）公益服下载 - 最笨下载"跳转正常,该类元素共18个，当前第7个
2020-08-25 19:44:40,938 - 2 - INFO - 页面"机甲战纪（送GM特权）_机甲战纪（送GM特权）无限元宝服_SF变态版机甲战纪（送GM特权）公益服下载 - 最笨下载"跳转正常,该类元素共18个，当前第8个
2020-08-25 19:44:47,076 - 2 - INFO - 页面"星星喵（送千元充值）_星星喵（送千元充值）无限元宝服_SF变态版星星喵（送千元充值）公益服下载 - 最笨下载"跳转正常,该类元素共18个，当前第9个
2020-08-25 19:44:53,220 - 2 - INFO - 页面"轩辕剑群侠传（商城特权）_轩辕剑群侠传（商城特权）无限元宝服_SF变态版轩辕剑群侠传（商城特权）公益服下载 - 最笨下载"跳转正常,该类元素共18个，当前第10个
2020-08-25 19:44:59,342 - 2 - INFO - 页面"大秦之帝国崛起（送法拉利）_大秦之帝国崛起（送法拉利）无限元宝服_SF变态版大秦之帝国崛起（送法拉利）公益服下载 - 最笨下载"跳转正常,该类元素共18个，当前第11个
2020-08-25 19:45:05,470 - 2 - INFO - 页面"进击的少女（闯关爆充值）_进击的少女（闯关爆充值）无限元宝服_SF变态版进击的少女（闯关爆充值）公益服下载 - 最笨下载"跳转正常,该类元素共18个，当前第12个
2020-08-25 19:45:11,616 - 2 - INFO - 页面"小小虎将（海量特权）_小小虎将（海量特权）无限元宝服_SF变态版小小虎将（海量特权）公益服下载 - 最笨下载"跳转正常,该类元素共18个，当前第13个
2020-08-25 19:45:17,736 - 2 - INFO - 页面"妖游记（海量送充值）_妖游记（海量送充值）无限元宝服_SF变态版妖游记（海量送充值）公益服下载 - 最笨下载"跳转正常,该类元素共18个，当前第14个
2020-08-25 19:45:23,871 - 2 - INFO - 页面"魔侠传（开服送2000充）_魔侠传（开服送2000充）无限元宝服_SF变态版魔侠传（开服送2000充）公益服下载 - 最笨下载"跳转正常,该类元素共18个，当前第15个
2020-08-25 19:45:30,038 - 2 - INFO - 页面"主宰之王（领海量红包）_主宰之王（领海量红包）无限元宝服_SF变态版主宰之王（领海量红包）公益服下载 - 最笨下载"跳转正常,该类元素共18个，当前第16个
2020-08-25 19:45:36,192 - 2 - INFO - 页面"征程三国（送充值）_征程三国（送充值）无限元宝服_SF变态版征程三国（送充值）公益服下载 - 最笨下载"跳转正常,该类元素共18个，当前第17个
2020-08-25 19:45:42,355 - 2 - INFO - 页面"魔剑侠缘（万元兑换）_魔剑侠缘（万元兑换）无限元宝服_SF变态版魔剑侠缘（万元兑换）公益服下载 - 最笨下载"跳转正常,该类元素共18个，当前第18个
2020-08-25 19:45:51,120 - 2 - INFO - 页面"【苹果益智休闲游戏】好玩的iPhone益智休闲游戏大全_iPhone益智休闲类游戏下载-最笨下载"跳转正常,该类元素共16个，当前第1个
2020-08-25 19:45:51,376 - basepage - INFO - Click back on current page.
2020-08-25 19:45:58,422 - 2 - INFO - 页面"【苹果其他游戏】好玩的iphone其他游戏大全_iphone其他类游戏下载-最笨下载"跳转正常,该类元素共16个，当前第2个
2020-08-25 19:45:58,682 - basepage - INFO - Click back on current page.
2020-08-25 19:46:05,996 - 2 - INFO - 页面"【苹果音乐游戏】好玩的iphone音乐游戏大全_iphone音乐类游戏下载-最笨下载"跳转正常,该类元素共16个，当前第3个
2020-08-25 19:46:06,456 - basepage - INFO - Click back on current page.
2020-08-25 19:46:13,497 - 2 - INFO - 页面"【苹果网络游戏】好玩的iphone网络游戏大全_iphone网络类游戏下载-最笨下载"跳转正常,该类元素共16个，当前第4个
2020-08-25 19:46:13,799 - basepage - INFO - Click back on current page.
2020-08-25 19:46:21,597 - 2 - INFO - 页面"【苹果格斗游戏】好玩的iPhone格斗游戏大全_iPhone格斗类游戏下载-最笨下载"跳转正常,该类元素共16个，当前第5个
2020-08-25 19:46:21,840 - basepage - INFO - Click back on current page.
2020-08-25 19:46:30,382 - 2 - INFO - 页面"【苹果飞行游戏】好玩的iPhone飞行游戏大全_iPhone飞行类游戏下载-最笨下载"跳转正常,该类元素共16个，当前第6个
2020-08-25 19:46:30,875 - basepage - INFO - Click back on current page.
2020-08-25 19:46:38,810 - 2 - INFO - 页面"【苹果体育运动游戏】好玩的iPhone体育运动游戏大全_iPhone体育运动类游戏下载-最笨下载"跳转正常,该类元素共16个，当前第7个
2020-08-25 19:46:39,371 - basepage - INFO - Click back on current page.
2020-08-25 19:46:46,775 - 2 - INFO - 页面"【苹果模拟经营游戏】好玩的iPhone模拟经营游戏大全_iPhone模拟经营类游戏下载-最笨下载"跳转正常,该类元素共16个，当前第8个
2020-08-25 19:46:47,045 - basepage - INFO - Click back on current page.
2020-08-25 19:46:55,236 - 2 - INFO - 页面"【苹果策略游戏】好玩的iphone策略游戏大全_iphone策略类游戏下载-最笨下载"跳转正常,该类元素共16个，当前第9个
2020-08-25 19:46:55,696 - basepage - INFO - Click back on current page.
2020-08-25 19:47:03,064 - 2 - INFO - 页面"【苹果塔防游戏】好玩的iphone塔防游戏大全_iphone塔防类游戏下载-最笨下载"跳转正常,该类元素共16个，当前第10个
2020-08-25 19:47:03,349 - basepage - INFO - Click back on current page.
2020-08-25 19:47:10,542 - 2 - INFO - 页面"【苹果解谜游戏】好玩的iphone解谜游戏大全_iphone解谜类游戏下载-最笨下载"跳转正常,该类元素共16个，当前第11个
2020-08-25 19:47:10,796 - basepage - INFO - Click back on current page.
2020-08-25 19:47:21,245 - 2 - INFO - 页面"【苹果射击游戏】好玩的iphone射击游戏大全_iphone射击类游戏下载-最笨下载"跳转正常,该类元素共16个，当前第12个
2020-08-25 19:47:21,703 - basepage - INFO - Click back on current page.
2020-08-25 19:47:28,438 - 2 - INFO - 页面"【苹果棋牌游戏】好玩的iphone棋牌游戏大全_iphone棋牌类游戏下载-最笨下载"跳转正常,该类元素共16个，当前第13个
2020-08-25 19:47:28,707 - basepage - INFO - Click back on current page.
2020-08-25 19:47:35,480 - 2 - INFO - 页面"【苹果赛车游戏】好玩的iPhone赛车游戏大全_iPhone赛车类游戏下载-最笨下载"跳转正常,该类元素共16个，当前第14个
2020-08-25 19:47:35,763 - basepage - INFO - Click back on current page.
2020-08-25 19:47:42,465 - 2 - INFO - 页面"【苹果角色扮演游戏】好玩的iphone角色扮演游戏_iPhone角色扮演类游戏下载-最笨下载"跳转正常,该类元素共16个，当前第15个
2020-08-25 19:47:42,903 - basepage - INFO - Click back on current page.
2020-08-25 19:47:50,944 - 2 - INFO - 页面"【安卓动作游戏】好玩的iPhone动作游戏大全_iPhone动作类游戏下载-最笨下载"跳转正常,该类元素共16个，当前第16个
2020-08-25 19:47:51,200 - basepage - INFO - Click back on current page.
2020-08-25 19:47:59,556 - 2 - INFO - 页面"真龙战魂（天天送元宝）ios版_真龙战魂（天天送元宝）ios版下载_真龙战魂（天天送元宝）ios版官方下载-最笨下载"跳转正常,该类元素共18个，当前第1个
2020-08-25 19:48:05,683 - 2 - INFO - 页面"魔域王牌（天天送抽卡）iOS版_魔域王牌（天天送抽卡）iOS版下载_魔域王牌（天天送抽卡）iOS版官方下载-最笨下载"跳转正常,该类元素共18个，当前第2个
2020-08-25 19:48:11,801 - 2 - INFO - 页面"冒险王2（送海量充值）ios版_冒险王2（送海量充值）ios版下载_冒险王2（送海量充值）ios版官方下载-最笨下载"跳转正常,该类元素共18个，当前第3个
2020-08-25 19:48:17,924 - 2 - INFO - 页面"恋三国（送百抽）ios版_恋三国（送百抽）ios版下载_恋三国（送百抽）ios版官方下载-最笨下载"跳转正常,该类元素共18个，当前第4个
2020-08-25 19:48:24,051 - 2 - INFO - 页面"屠龙世界（送GM特权）ios版_屠龙世界（送GM特权）ios版下载_屠龙世界（送GM特权）ios版官方下载-最笨下载"跳转正常,该类元素共18个，当前第5个
2020-08-25 19:48:30,216 - 2 - INFO - 页面"将军道（送百连海量抽）ios版_将军道（送百连海量抽）ios版下载_将军道（送百连海量抽）ios版官方下载-最笨下载"跳转正常,该类元素共18个，当前第6个
2020-08-25 19:48:36,330 - 2 - INFO - 页面"塔防镇魂师（送328代金券）ios版_塔防镇魂师（送328代金券）ios版下载_塔防镇魂师（送328代金券）ios版官方下载-最笨下载"跳转正常,该类元素共18个，当前第7个
2020-08-25 19:48:42,463 - 2 - INFO - 页面"乱斗三国ios版_乱斗三国ios版下载_乱斗三国ios版官方下载-最笨下载"跳转正常,该类元素共18个，当前第8个
2020-08-25 19:48:48,602 - 2 - INFO - 页面"兵器少女（无门槛送充）ios版_兵器少女（无门槛送充）ios版下载_兵器少女（无门槛送充）ios版官方下载-最笨下载"跳转正常,该类元素共18个，当前第9个
2020-08-25 19:48:56,732 - 2 - INFO - 页面"猎手之王ios版_猎手之王ios版下载_猎手之王ios版官方下载-最笨下载"跳转正常,该类元素共18个，当前第10个
2020-08-25 19:49:02,876 - 2 - INFO - 页面"古墓迷城ios版_古墓迷城ios版下载_古墓迷城ios版官方下载-最笨下载"跳转正常,该类元素共18个，当前第11个
2020-08-25 19:49:09,039 - 2 - INFO - 页面"国战纪元ios版_国战纪元ios版下载_国战纪元ios版官方下载-最笨下载"跳转正常,该类元素共18个，当前第12个
2020-08-25 19:49:15,163 - 2 - INFO - 页面"天诀ios版_天诀ios版下载_天诀ios版官方下载-最笨下载"跳转正常,该类元素共18个，当前第13个
2020-08-25 19:49:21,298 - 2 - INFO - 页面"仙剑缘（星耀特权）ios版_仙剑缘（星耀特权）ios版下载_仙剑缘（星耀特权）ios版官方下载-最笨下载"跳转正常,该类元素共18个，当前第14个
2020-08-25 19:49:27,428 - 2 - INFO - 页面"九灵神域ios版_九灵神域ios版下载_九灵神域ios版官方下载-最笨下载"跳转正常,该类元素共18个，当前第15个
2020-08-25 19:49:33,565 - 2 - INFO - 页面"天之命（海量特权）ios版_天之命（海量特权）ios版下载_天之命（海量特权）ios版官方下载-最笨下载"跳转正常,该类元素共18个，当前第16个
2020-08-25 19:49:39,720 - 2 - INFO - 页面"魔剑侠缘（星耀特权）ios版_魔剑侠缘（星耀特权）ios版下载_魔剑侠缘（星耀特权）ios版官方下载-最笨下载"跳转正常,该类元素共18个，当前第17个
2020-08-25 19:49:45,884 - 2 - INFO - 页面"仙灵世界（复古绿色服）ios版_仙灵世界（复古绿色服）ios版下载_仙灵世界（复古绿色服）ios版官方下载-最笨下载"跳转正常,该类元素共18个，当前第18个
2020-08-25 19:49:53,280 - 2 - INFO - 页面"ios无限元宝的手游"跳转正常,该类元素共4个，当前第1个
2020-08-25 19:49:53,567 - basepage - INFO - Click back on current page.
2020-08-25 19:49:58,355 - 2 - INFO - 页面"gm手游助手ios"跳转正常,该类元素共4个，当前第2个
2020-08-25 19:49:58,789 - basepage - INFO - Click back on current page.
2020-08-25 19:50:06,595 - 2 - INFO - 页面"ios变态服游戏"跳转正常,该类元素共4个，当前第3个
2020-08-25 19:50:06,818 - basepage - INFO - Click back on current page.
2020-08-25 19:50:16,996 - 2 - INFO - 页面"ios看小说神器"跳转正常,该类元素共4个，当前第4个
2020-08-25 19:50:17,387 - basepage - INFO - Click back on current page.
2020-08-25 19:50:25,180 - 2 - INFO - 页面"【最笨周末活动】8.14周末活动壕礼送不停"跳转正常,该类元素共4个，当前第1个
2020-08-25 19:50:25,551 - basepage - INFO - Click back on current page.
2020-08-25 19:50:31,145 - 2 - INFO - 页面"【最笨周末活动】8.7周末活动海量惊喜等你来拿"跳转正常,该类元素共4个，当前第2个
2020-08-25 19:50:31,362 - basepage - INFO - Click back on current page.
2020-08-25 19:50:37,119 - 2 - INFO - 页面"【最笨周末活动】7月10日晴了一夏周末福利活动"跳转正常,该类元素共4个，当前第3个
2020-08-25 19:50:37,499 - basepage - INFO - Click back on current page.
2020-08-25 19:50:42,785 - 2 - INFO - 页面"【最笨周末活动】7月3日清凉一夏活动来袭~"跳转正常,该类元素共4个，当前第4个
2020-08-25 19:50:43,007 - basepage - INFO - Click back on current page.
2020-08-25 19:50:49,093 - 2 - INFO - 页面"无广告看书全免费软件哪个好"跳转正常,该类元素共20个，当前第1个
2020-08-25 19:50:55,235 - 2 - INFO - 页面"回复女朋友的软件叫什么"跳转正常,该类元素共20个，当前第2个
2020-08-25 19:51:01,386 - 2 - INFO - 页面"抖音聊天的软件叫什么"跳转正常,该类元素共20个，当前第3个
2020-08-25 19:51:07,518 - 2 - INFO - 页面"苹果哪个软件可以免费看小说"跳转正常,该类元素共20个，当前第4个
2020-08-25 19:51:13,686 - 2 - INFO - 页面"有什么回复女生的聊天软件"跳转正常,该类元素共20个，当前第5个
2020-08-25 19:51:19,824 - 2 - INFO - 页面"战魂铭人阿修罗BOSS怎么打-阿修罗BOSS打法攻略"跳转正常,该类元素共20个，当前第6个
2020-08-25 19:51:25,957 - 2 - INFO - 页面"王者荣耀七夕对战活动怎么玩-七夕对战活动规则"跳转正常,该类元素共20个，当前第7个
2020-08-25 19:51:32,092 - 2 - INFO - 页面"光遇怎么变成小不点-变成小不点方法"跳转正常,该类元素共20个，当前第8个
2020-08-25 19:51:38,241 - 2 - INFO - 页面"最强蜗牛飞人试炼怎么打-飞人试炼打法攻略"跳转正常,该类元素共20个，当前第9个
2020-08-25 19:51:44,385 - 2 - INFO - 页面"战魂铭人万骨坊主怎么打-万骨坊主打法攻略"跳转正常,该类元素共20个，当前第10个
2020-08-25 19:51:50,519 - 2 - INFO - 页面"2020耐玩的bt手游排行榜-bt手游排行榜2020前十名"跳转正常,该类元素共20个，当前第11个
2020-08-25 19:51:56,658 - 2 - INFO - 页面"不用wifi也能玩的游戏女生 不用wifi也能玩的女生"跳转正常,该类元素共20个，当前第12个
2020-08-25 19:52:02,785 - 2 - INFO - 页面"自由度高的手机武侠单机游戏 高自由武侠单机手"跳转正常,该类元素共20个，当前第13个
2020-08-25 19:52:08,904 - 2 - INFO - 页面"安卓苹果混服传奇手游 安卓与苹果混服传奇手游"跳转正常,该类元素共20个，当前第14个
2020-08-25 19:52:15,030 - 2 - INFO - 页面"恋爱话术库破解版苹果版-撩妹恋爱话术库app苹果"跳转正常,该类元素共20个，当前第15个
2020-08-25 19:52:21,169 - 2 - INFO - 页面"战魂铭人哈士奇怎么得"跳转正常,该类元素共20个，当前第16个
2020-08-25 19:52:27,303 - 2 - INFO - 页面"炉石传说幻觉药水怎么用"跳转正常,该类元素共20个，当前第17个
2020-08-25 19:52:33,425 - 2 - INFO - 页面"创造与魔法美人鱼位置"跳转正常,该类元素共20个，当前第18个
2020-08-25 19:52:39,545 - 2 - INFO - 页面"拆散情侣大作战9第11关怎么过"跳转正常,该类元素共20个，当前第19个
2020-08-25 19:52:45,670 - 2 - INFO - 页面"csgo的ver是什么意思"跳转正常,该类元素共20个，当前第20个
2020-08-25 19:53:00,041 - 2 - INFO - 页面"apk3安卓网-2020最新apk安卓游戏-热门apk软件下载平台"跳转正常,该类元素共34个，当前第1个
2020-08-25 19:53:06,139 - 2 - INFO - 页面"小游戏,在线小游戏,小游戏大全,双人小游戏,3199小游戏"跳转正常,该类元素共34个，当前第2个
2020-08-25 19:53:20,737 - 2 - INFO - 页面"中文网站排行榜_alexa排行 - 爱站网站排行榜"跳转正常,该类元素共34个，当前第3个
2020-08-25 19:53:33,577 - 2 - INFO - 页面"9号下载_下载软件_免费下载单机游戏_手机游戏下载大全"跳转正常,该类元素共34个，当前第4个
2020-08-25 19:54:06,846 - 2 - INFO - 页面"软件下载中心_绿色免费软件,手机游戏|软件下载,到超人软件站"跳转正常,该类元素共34个，当前第5个
2020-08-25 19:54:12,977 - 2 - INFO - 页面"系统圣地,绿色免费软件,手游下载等软件下载网站"跳转正常,该类元素共34个，当前第6个
2020-08-25 19:54:19,108 - 2 - INFO - 页面"天天安卓模拟器_安卓模拟器电脑版下载_天天模拟器官网"跳转正常,该类元素共34个，当前第7个
2020-08-25 19:54:25,262 - 2 - INFO - 页面"好看小说推荐_热门小说大全_小说排行榜 - 玖陆文学"跳转正常,该类元素共34个，当前第8个
2020-08-25 19:54:31,429 - 2 - INFO - 页面"IE8 IE9 IE10 IE浏览器下载 - IE浏览器中文网站"跳转正常,该类元素共34个，当前第9个
2020-08-25 19:54:37,637 - 2 - INFO - 页面"bt手游平台_满v手游公益服_gm手游排行榜_3733游戏盒子官网"跳转正常,该类元素共34个，当前第10个
2020-08-25 19:54:50,445 - 2 - INFO - 页面"bt公益服变态手游排行榜前十名[新开公测热门+在线人多+免费大型网游]新开最热门好玩人气高的网络游戏有什么_安卓苹果ios客户端游戏下载大全_8979游戏官网"跳转正常,该类元素共34个，当前第11个
2020-08-25 19:54:56,570 - 2 - INFO - 页面"【破解版手机游戏】手机破解游戏下载_安卓手机游戏破解版下载大全-最笨下载"跳转正常,该类元素共34个，当前第12个
2020-08-25 19:55:02,728 - 2 - INFO - 页面"windows10系统之家 - 系统之家提供win10专业版,ISO镜像,企业版等win10系统下载"跳转正常,该类元素共34个，当前第13个
2020-08-25 19:55:15,936 - 2 - INFO - 页面"39整形美容_中国专业医学整形美容门户"跳转正常,该类元素共34个，当前第14个
2020-08-25 19:55:22,083 - 2 - INFO - 页面"零度软件园_官方软件下载_绿色软件_游戏下载_值得信赖的下载站！"跳转正常,该类元素共34个，当前第15个
2020-08-25 19:55:29,057 - 2 - INFO - 页面"单机游戏_单机游戏下载大全中文版下载_好玩的单机游戏下载基地 - 99单机游戏"跳转正常,该类元素共34个，当前第16个
2020-08-25 19:55:39,576 - 2 - INFO - 页面"安卓市场_安卓游戏破解版下载_单机破解版游戏大全_手机网游下载"跳转正常,该类元素共34个，当前第17个
2020-08-25 19:55:46,970 - 2 - INFO - 页面"手机游戏下载-手机软件下载-电脑软件下载-小黑游戏"跳转正常,该类元素共34个，当前第18个
2020-08-25 19:58:05,253 - 2 - INFO - 页面"手机游戏_手机游戏排行榜_好玩的手机游戏_安卓手机游戏推荐_易玩网"跳转正常,该类元素共34个，当前第19个
2020-08-25 19:58:11,398 - 2 - INFO - 页面"手机游戏_好玩的手机游戏下载_手机游戏排行榜-游戏吧"跳转正常,该类元素共34个，当前第20个
2020-08-25 19:58:17,574 - 2 - INFO - 页面"免费手机游戏_好玩的单机游戏_安卓破解版游戏下载_apk8安卓网"跳转正常,该类元素共34个，当前第21个
2020-08-25 19:58:23,718 - 2 - INFO - 页面"免费手机游戏_好玩的单机游戏_安卓破解版游戏下载_apk8安卓网"跳转正常,该类元素共34个，当前第22个
2020-08-25 19:58:29,899 - 2 - INFO - 页面"安卓破解版游戏下载_单机手机破解游戏大全_免费游戏破解版下载-最笨下载"跳转正常,该类元素共34个，当前第23个
2020-08-25 19:58:36,052 - 2 - INFO - 页面"app.3987.com"跳转正常,该类元素共34个，当前第24个
2020-08-25 19:58:42,135 - 2 - INFO - 页面"可可出招表-流星蝴蝶剑出招表-拳皇97出招表-手机游戏-绿色软件下载"跳转正常,该类元素共34个，当前第25个
2020-08-25 19:58:52,073 - 2 - INFO - 页面"爪游控 | 新锐综合资讯媒体"跳转正常,该类元素共34个，当前第26个
2020-08-25 19:58:58,235 - 2 - INFO - 页面"3733游戏盒官网_bt游戏_满vip手游_gm手游大全_破解游戏盒子下载"跳转正常,该类元素共34个，当前第27个
2020-08-25 19:59:04,393 - 2 - INFO - 页面"绿色免费电脑软件下载_手机软件游戏下载中心-520下载站"跳转正常,该类元素共34个，当前第28个
2020-08-25 19:59:25,448 - 2 - INFO - 页面"免费大型经典安卓破解版单机游戏下载排行榜_手机最火爆最新出热门好玩人气高3DBT网络游戏有什么_破解游戏盒子软件大全-下载多"跳转正常,该类元素共34个，当前第29个
2020-08-25 19:59:31,594 - 2 - INFO - 页面"3733游戏盒官网_bt游戏_满vip手游_gm手游大全_破解游戏盒子下载"跳转正常,该类元素共34个，当前第30个
2020-08-25 19:59:40,203 - 2 - INFO - 页面"VR之家_专业VR游戏软件下载网站_VR应用_VR电影_VR视频_VR资源-VR之家"跳转正常,该类元素共34个，当前第31个
2020-08-25 19:59:46,332 - 2 - INFO - 页面"手机玩_免费安卓手机游戏_安卓游戏破解版下载_破解游戏盒子下载"跳转正常,该类元素共34个，当前第32个
2020-08-25 19:59:52,460 - 2 - INFO - 页面"gm手游平台_gm手游盒子_gm版手游下载_3733游戏官网"跳转正常,该类元素共34个，当前第33个
2020-08-25 20:00:05,765 - 2 - INFO - 页面"gm手游平台_gm版无限元宝手游_gm手游盒子下载_gm助手官网"跳转正常,该类元素共34个，当前第34个
2020-08-25 20:00:12,096 - 2 - INFO - 进入"游戏"模块，将执行随机函数
2020-08-25 20:00:14,713 - 2 - INFO - 随机页面"九曲封神（送海量充值）"跳转正常，当前第1个
2020-08-25 20:00:14,797 - basepage - INFO - Click back on current page.
2020-08-25 20:00:19,420 - 2 - INFO - 随机页面"仙风道骨（送GM海量充）"跳转正常，当前第2个
2020-08-25 20:00:19,525 - basepage - INFO - Click back on current page.
2020-08-25 20:00:24,240 - 2 - INFO - 随机页面"武器之王（满屏爆装）"跳转正常，当前第3个
2020-08-25 20:00:24,320 - basepage - INFO - Click back on current page.
2020-08-25 20:00:28,743 - 2 - INFO - 随机页面"女神联盟2（送500充值）"跳转正常，当前第1个
2020-08-25 20:00:28,828 - basepage - INFO - Click back on current page.
2020-08-25 20:00:33,331 - 2 - INFO - 随机页面"星辰变（送百元永抽）"跳转正常，当前第2个
2020-08-25 20:00:33,419 - basepage - INFO - Click back on current page.
2020-08-25 20:00:37,876 - 2 - INFO - 随机页面"少年群侠传（送千元充值）"跳转正常，当前第3个
2020-08-25 20:00:37,987 - basepage - INFO - Click back on current page.
2020-08-25 20:00:43,262 - 2 - INFO - 进入"应用"模块，将执行随机函数
2020-08-25 20:00:46,589 - 2 - INFO - 随机页面"恋爱话术库"跳转正常，当前第1个
2020-08-25 20:00:46,699 - basepage - INFO - Click back on current page.
2020-08-25 20:00:51,696 - 2 - INFO - 随机页面"恋爱教程"跳转正常，当前第2个
2020-08-25 20:00:51,785 - basepage - INFO - Click back on current page.
2020-08-25 20:00:56,372 - 2 - INFO - 随机页面"抖音撩妹话术app"跳转正常，当前第3个
2020-08-25 20:00:56,473 - basepage - INFO - Click back on current page.
2020-08-25 20:01:01,272 - 2 - INFO - 随机页面"土味情话"跳转正常，当前第1个
2020-08-25 20:01:01,359 - basepage - INFO - Click back on current page.
2020-08-25 20:01:06,125 - 2 - INFO - 随机页面"最笨游戏盒子"跳转正常，当前第2个
2020-08-25 20:01:06,237 - basepage - INFO - Click back on current page.
2020-08-25 20:01:11,050 - 2 - INFO - 随机页面"撩吧"跳转正常，当前第3个
2020-08-25 20:01:11,147 - basepage - INFO - Click back on current page.
2020-08-25 20:01:19,036 - 2 - INFO - 进入"资讯"模块，将执行随机函数
2020-08-25 20:01:22,305 - 2 - INFO - 随机页面"阴阳师花露梦宵头像框怎么获得"跳转正常，当前第1个
2020-08-25 20:01:22,400 - basepage - INFO - Click back on current page.
2020-08-25 20:01:27,096 - 2 - INFO - 随机页面"战魂铭人阿修罗BOSS怎么打-阿修罗BOSS打法攻略"跳转正常，当前第2个
2020-08-25 20:01:27,207 - basepage - INFO - Click back on current page.
2020-08-25 20:01:32,939 - 2 - INFO - 随机页面"江南百景图怎么制作成衣"跳转正常，当前第3个
2020-08-25 20:01:33,024 - basepage - INFO - Click back on current page.
2020-08-25 20:01:37,559 - 2 - INFO - 随机页面"魔侠传（开服送2000充）"跳转正常，当前第1个
2020-08-25 20:01:37,688 - basepage - INFO - Click back on current page.
2020-08-25 20:01:42,155 - 2 - INFO - 随机页面"少年群侠传（送千元充值）"跳转正常，当前第2个
2020-08-25 20:01:42,247 - basepage - INFO - Click back on current page.
2020-08-25 20:01:46,679 - 2 - INFO - 随机页面"不思议地下城（百抽特权）"跳转正常，当前第3个
2020-08-25 20:01:46,790 - basepage - INFO - Click back on current page.
2020-08-25 20:01:56,545 - 2 - INFO - 进入"专题"模块，将执行随机函数
2020-08-25 20:02:01,034 - 2 - INFO - 页面"破解单机角色游戏"跳转正常,该类元素共1个，当前第1个
2020-08-25 20:02:01,134 - basepage - INFO - Click back on current page.
2020-08-25 20:02:06,368 - 2 - INFO - 随机页面"永生劫"跳转正常，当前第1个
2020-08-25 20:02:06,555 - basepage - INFO - Click back on current page.
2020-08-25 20:02:11,837 - 2 - INFO - 随机页面"剑之痕"跳转正常，当前第2个
2020-08-25 20:02:11,947 - basepage - INFO - Click back on current page.
2020-08-25 20:02:17,115 - 2 - INFO - 随机页面"最笨手游盒子"跳转正常，当前第3个
2020-08-25 20:02:17,215 - basepage - INFO - Click back on current page.
2020-08-25 20:02:23,218 - 2 - INFO - 页面"苹果游戏盒子破解版本"跳转正常,该类元素共1个，当前第1个
2020-08-25 20:02:26,276 - basepage - INFO - Click back on current page.
2020-08-25 20:02:33,691 - 2 - INFO - 随机页面"梦幻西游助手"跳转正常，当前第1个
2020-08-25 20:02:33,802 - basepage - INFO - Click back on current page.
2020-08-25 20:02:38,567 - 2 - INFO - 随机页面"小8游戏盒子ios"跳转正常，当前第2个
2020-08-25 20:02:38,750 - basepage - INFO - Click back on current page.
2020-08-25 20:02:43,925 - 2 - INFO - 随机页面"游戏堂"跳转正常，当前第3个
2020-08-25 20:02:44,046 - basepage - INFO - Click back on current page.
2020-08-25 20:02:52,086 - 2 - INFO - 页面"苹果手机经典游戏"跳转正常,该类元素共1个，当前第1个
2020-08-25 20:02:52,281 - basepage - INFO - Click back on current page.
2020-08-25 20:02:57,476 - 2 - INFO - 随机页面"破坏神（福利特权）ios版"跳转正常，当前第1个
2020-08-25 20:02:57,585 - basepage - INFO - Click back on current page.
2020-08-25 20:03:02,892 - 2 - INFO - 随机页面"仙界幻世录（元宝尊享）ios版"跳转正常，当前第2个
2020-08-25 20:03:03,087 - basepage - INFO - Click back on current page.
2020-08-25 20:03:10,936 - 2 - INFO - 随机页面"闪将三国（海量百抽）ios版"跳转正常，当前第3个
2020-08-25 20:03:11,047 - basepage - INFO - Click back on current page.
2020-08-25 20:03:18,292 - 2 - INFO - 页面"神奇宝贝破解无限钻石"跳转正常,该类元素共1个，当前第1个
2020-08-25 20:03:18,424 - basepage - INFO - Click back on current page.
2020-08-25 20:03:23,967 - 2 - INFO - 随机页面"多乐宠物小精灵（百抽特权）"跳转正常，当前第1个
2020-08-25 20:03:24,158 - basepage - INFO - Click back on current page.
2020-08-25 20:03:30,192 - 2 - INFO - 随机页面"心动小精灵（福利特权）"跳转正常，当前第2个
2020-08-25 20:03:31,234 - basepage - INFO - Click back on current page.
2020-08-25 20:03:36,453 - 2 - INFO - 随机页面"泡泡精灵（送7星超梦）"跳转正常，当前第3个
2020-08-25 20:03:36,561 - basepage - INFO - Click back on current page.
2020-08-25 20:03:48,625 - 2 - INFO - 页面"2020不花钱好玩的手游"跳转正常,该类元素共1个，当前第1个
2020-08-25 20:03:48,817 - basepage - INFO - Click back on current page.
2020-08-25 20:03:55,057 - 2 - INFO - 随机页面"魔剑侠缘（星耀特权）ios版"跳转正常，当前第1个
2020-08-25 20:03:55,157 - basepage - INFO - Click back on current page.
2020-08-25 20:04:00,810 - 2 - INFO - 随机页面"乱斗三国ios版"跳转正常，当前第2个
2020-08-25 20:04:01,041 - basepage - INFO - Click back on current page.
2020-08-25 20:04:06,997 - 2 - INFO - 随机页面"天之命（海量特权）ios版"跳转正常，当前第3个
2020-08-25 20:04:07,111 - basepage - INFO - Click back on current page.
2020-08-25 20:04:13,640 - 2 - INFO - 页面"满v当官游戏"跳转正常,该类元素共1个，当前第1个
2020-08-25 20:04:13,825 - basepage - INFO - Click back on current page.
2020-08-25 20:04:19,535 - 2 - INFO - 随机页面"战线指挥官"跳转正常，当前第1个
2020-08-25 20:04:19,629 - basepage - INFO - Click back on current page.
2020-08-25 20:04:25,188 - 2 - INFO - 随机页面"水浒好汉升官记一元版"跳转正常，当前第2个
2020-08-25 20:04:25,397 - basepage - INFO - Click back on current page.
2020-08-25 20:04:31,119 - 2 - INFO - 随机页面"铜雀台（送2020充值）"跳转正常，当前第3个
2020-08-25 20:04:42,174 - basepage - INFO - Click back on current page.
2020-08-25 20:04:50,199 - 2 - INFO - 页面"可以自动升级vip的手游"跳转正常,该类元素共1个，当前第1个
2020-08-25 20:04:50,295 - basepage - INFO - Click back on current page.
2020-08-25 20:04:57,091 - 2 - INFO - 随机页面"苍穹灭（星耀特权）"跳转正常，当前第1个
2020-08-25 20:04:57,277 - basepage - INFO - Click back on current page.
2020-08-25 20:05:02,798 - 2 - INFO - 随机页面"口袋暴龙（海量特权）"跳转正常，当前第2个
2020-08-25 20:05:02,906 - basepage - INFO - Click back on current page.
2020-08-25 20:05:07,250 - 2 - INFO - 随机页面"仙风道骨（送GM海量充）"跳转正常，当前第3个
2020-08-25 20:05:07,453 - basepage - INFO - Click back on current page.
2020-08-25 20:05:14,866 - 2 - INFO - 页面"安卓全本小说免费下载"跳转正常,该类元素共1个，当前第1个
2020-08-25 20:05:14,986 - basepage - INFO - Click back on current page.
2020-08-25 20:05:23,197 - 2 - INFO - 随机页面"言情小说"跳转正常，当前第1个
2020-08-25 20:05:23,298 - basepage - INFO - Click back on current page.
2020-08-25 20:05:28,012 - 2 - INFO - 随机页面"十点读书"跳转正常，当前第2个
2020-08-25 20:05:28,217 - basepage - INFO - Click back on current page.
2020-08-25 20:05:33,177 - 2 - INFO - 随机页面"全本追书阅读器"跳转正常，当前第3个
2020-08-25 20:05:33,392 - basepage - INFO - Click back on current page.
2020-08-25 20:05:39,704 - 2 - INFO - 页面"2020撩女朋友的软件"跳转正常,该类元素共1个，当前第1个
2020-08-25 20:05:39,909 - basepage - INFO - Click back on current page.
2020-08-25 20:05:45,067 - 2 - INFO - 随机页面"撩妹语录大全"跳转正常，当前第1个
2020-08-25 20:05:45,181 - basepage - INFO - Click back on current page.
2020-08-25 20:05:50,819 - 2 - INFO - 随机页面"回复神器"跳转正常，当前第2个
2020-08-25 20:05:51,027 - basepage - INFO - Click back on current page.
2020-08-25 20:05:55,912 - 2 - INFO - 随机页面"抖音撩妹神回复app"跳转正常，当前第3个
2020-08-25 20:05:56,019 - basepage - INFO - Click back on current page.
2020-08-25 20:06:03,324 - 2 - INFO - 页面"聊天回复软件苹果版"跳转正常,该类元素共1个，当前第1个
2020-08-25 20:06:03,514 - basepage - INFO - Click back on current page.
2020-08-25 20:06:08,937 - 2 - INFO - 随机页面"超级朋友圈app"跳转正常，当前第1个
2020-08-25 20:06:09,047 - basepage - INFO - Click back on current page.
2020-08-25 20:06:14,332 - 2 - INFO - 随机页面"陌陌手机版2017"跳转正常，当前第2个
2020-08-25 20:06:14,540 - basepage - INFO - Click back on current page.
2020-08-25 20:06:19,667 - 2 - INFO - 随机页面"情话专线"跳转正常，当前第3个
2020-08-25 20:06:19,925 - basepage - INFO - Click back on current page.
2020-08-25 20:06:26,409 - 2 - INFO - 进入"电脑"模块，将执行随机函数
2020-08-25 20:06:28,900 - 2 - INFO - 随机页面"少年群侠传（送千元充值）"跳转正常，当前第1个
2020-08-25 20:06:28,982 - basepage - INFO - Click back on current page.
2020-08-25 20:06:33,369 - 2 - INFO - 随机页面"女神联盟2（送500充值）"跳转正常，当前第2个
2020-08-25 20:06:33,461 - basepage - INFO - Click back on current page.
2020-08-25 20:06:37,775 - 2 - INFO - 随机页面"星辰变（送百元永抽）"跳转正常，当前第3个
2020-08-25 20:06:37,844 - basepage - INFO - Click back on current page.
2020-08-25 20:06:45,585 - 2 - INFO - 进入"APP大全"模块，将执行随机函数
2020-08-25 20:06:49,664 - 2 - INFO - 页面"暗黑系列"跳转正常,该类元素共16个，当前第1个
2020-08-25 20:06:55,766 - 2 - INFO - 页面"小说改编"跳转正常,该类元素共16个，当前第2个
2020-08-25 20:07:01,835 - 2 - INFO - 页面"游戏盒"跳转正常,该类元素共16个，当前第3个
2020-08-25 20:07:07,958 - 2 - INFO - 页面"龙之谷2"跳转正常,该类元素共16个，当前第4个
2020-08-25 20:07:14,045 - 2 - INFO - 页面"光遇"跳转正常,该类元素共16个，当前第5个
2020-08-25 20:07:20,136 - 2 - INFO - 页面"最强蜗牛"跳转正常,该类元素共16个，当前第6个
2020-08-25 20:07:26,205 - 2 - INFO - 页面"塞尔达"跳转正常,该类元素共16个，当前第7个
2020-08-25 20:07:32,278 - 2 - INFO - 页面"山海镜花"跳转正常,该类元素共16个，当前第8个
2020-08-25 20:07:38,369 - 2 - INFO - 页面"公主连结"跳转正常,该类元素共16个，当前第9个
2020-08-25 20:07:44,476 - 2 - INFO - 页面"网络工具"跳转正常,该类元素共16个，当前第10个
2020-08-25 20:07:50,587 - 2 - INFO - 页面"集合啦动物森友会"跳转正常,该类元素共16个，当前第11个
2020-08-25 20:07:56,672 - 2 - INFO - 页面"龙族幻想"跳转正常,该类元素共16个，当前第12个
2020-08-25 20:08:02,777 - 2 - INFO - 页面"剑与远征"跳转正常,该类元素共16个，当前第13个
2020-08-25 20:08:08,941 - 2 - INFO - 页面"烟雨江湖"跳转正常,该类元素共16个，当前第14个
2020-08-25 20:08:15,037 - 2 - INFO - 页面"云顶之弈"跳转正常,该类元素共16个，当前第15个
2020-08-25 20:08:21,504 - 2 - INFO - 页面"家国梦"跳转正常,该类元素共16个，当前第16个
2020-08-25 20:08:23,522 - basepage - INFO - zuiben自动化测试结束
