2020-08-09 18:20:07,083 - basepage - INFO - zuiben自动化测试开始
2020-08-09 18:20:07,085 - basepage - INFO - 隐性等待 10 秒
2020-08-09 18:21:21,030 - basepage - INFO - 跳转至https://www.zuiben.com/
2020-08-09 18:21:23,146 - basepage - INFO - 窗口已经最大化
2020-08-09 18:21:30,289 - 2 - INFO - 页面"【安卓游戏】好玩的安卓游戏下载_安卓游戏排行榜_安卓游戏免费下载大全-最笨下载"跳转正常,该类元素共21个，当前第1个
2020-08-09 18:21:30,577 - basepage - INFO - Click back on current page.
2020-08-09 18:21:41,731 - 2 - INFO - 页面"变态手游公益服_bt手游变态服_无限元宝bt手游下载_BT手游中心-最笨下载"跳转正常,该类元素共21个，当前第2个
2020-08-09 18:21:42,400 - basepage - INFO - Click back on current page.
2020-08-09 18:21:47,095 - 2 - INFO - 页面"gm版手游_无限元宝/钻石公益服_0元免费gm权限手游下载-最笨下载"跳转正常,该类元素共21个，当前第3个
2020-08-09 18:21:47,410 - basepage - INFO - Click back on current page.
2020-08-09 18:21:55,058 - 2 - INFO - 页面"【苹果游戏】iphone苹果手机游戏下载_iphone苹果游戏排行榜-最笨下载"跳转正常,该类元素共21个，当前第4个
2020-08-09 18:21:55,342 - basepage - INFO - Click back on current page.
2020-08-09 18:22:00,317 - 2 - INFO - 页面"满vip版手游_手游sf送顶级vip_满级vip无限元宝手游下载-最笨下载"跳转正常,该类元素共21个，当前第5个
2020-08-09 18:22:00,982 - basepage - INFO - Click back on current page.
2020-08-09 18:22:06,699 - 2 - INFO - 页面"【安卓软件】安卓软件下载_安卓手机软件下载_安卓软件免费下载大全-最笨下载"跳转正常,该类元素共21个，当前第6个
2020-08-09 18:22:06,977 - basepage - INFO - Click back on current page.
2020-08-09 18:22:13,105 - 2 - INFO - 页面"【苹果软件】iphone苹果下载软件_iphone苹果软件免费下载_苹果软件下载大全-最笨下载"跳转正常,该类元素共21个，当前第7个
2020-08-09 18:22:13,564 - basepage - INFO - Click back on current page.
2020-08-09 18:22:23,975 - 2 - INFO - 页面"【安卓资讯】安卓资讯推荐_安卓资讯大全-最笨下载"跳转正常,该类元素共21个，当前第8个
2020-08-09 18:22:24,992 - basepage - INFO - Click back on current page.
2020-08-09 18:22:31,883 - 2 - INFO - 页面"【安卓游戏攻略】安卓游戏攻略推荐_安卓游戏攻略大全-最笨下载"跳转正常,该类元素共21个，当前第9个
2020-08-09 18:22:32,176 - basepage - INFO - Click back on current page.
2020-08-09 18:22:42,380 - 2 - INFO - 页面"【安卓软件教程】安卓软件教程推荐_安卓软件教程大全-最笨下载"跳转正常,该类元素共21个，当前第10个
2020-08-09 18:22:43,140 - basepage - INFO - Click back on current page.
2020-08-09 18:22:54,669 - 2 - INFO - 页面"【iphone资讯】iphone资讯推荐_iphone资讯大全-最笨下载"跳转正常,该类元素共21个，当前第11个
2020-08-09 18:22:55,312 - basepage - INFO - Click back on current page.
2020-08-09 18:23:02,862 - 2 - INFO - 页面"【iPhone游戏攻略】iPhone游戏攻略推荐_iPhone游戏攻略大全-最笨下载"跳转正常,该类元素共21个，当前第12个
2020-08-09 18:23:03,596 - basepage - INFO - Click back on current page.
2020-08-09 18:23:09,754 - 2 - INFO - 页面"【系统重装教程】电脑重装系统教程_电脑怎么重装系统_重装系统步骤-最笨下载"跳转正常,该类元素共21个，当前第13个
2020-08-09 18:23:10,058 - basepage - INFO - Click back on current page.
2020-08-09 18:23:23,122 - 2 - INFO - 页面"安卓专题-最笨下载"跳转正常,该类元素共21个，当前第14个
2020-08-09 18:23:23,734 - basepage - INFO - Click back on current page.
2020-08-09 18:23:42,227 - 2 - INFO - 页面"游戏专题-最笨下载"跳转正常,该类元素共21个，当前第15个
2020-08-09 18:23:42,979 - basepage - INFO - Click back on current page.
2020-08-09 18:23:49,867 - 2 - INFO - 页面"苹果专题-最笨下载"跳转正常,该类元素共21个，当前第16个
2020-08-09 18:23:50,226 - basepage - INFO - Click back on current page.
2020-08-09 18:24:01,431 - 2 - INFO - 页面"【电脑软件】电脑软件下载_电脑装机必备软件_电脑常用软件下载_电脑软件大全-最笨下载"跳转正常,该类元素共21个，当前第17个
2020-08-09 18:24:01,996 - basepage - INFO - Click back on current page.
2020-08-09 18:24:08,480 - 2 - INFO - 页面"【电脑软件】电脑软件下载_电脑装机必备软件_电脑常用软件下载_电脑软件大全-最笨下载"跳转正常,该类元素共21个，当前第18个
2020-08-09 18:24:08,738 - basepage - INFO - Click back on current page.
2020-08-09 18:24:14,023 - 2 - INFO - 页面"【激活工具】激活windows工具_万能激活工具_windows激活工具下载_自动激活工具-最笨下载"跳转正常,该类元素共21个，当前第19个
2020-08-09 18:24:14,291 - basepage - INFO - Click back on current page.
2020-08-09 18:24:18,532 - 2 - INFO - 页面"【系统重装教程】电脑重装系统教程_电脑怎么重装系统_重装系统步骤-最笨下载"跳转正常,该类元素共21个，当前第20个
2020-08-09 18:24:18,805 - basepage - INFO - Click back on current page.
2020-08-09 18:24:23,063 - 2 - INFO - 页面"【系统重装教程】电脑重装系统教程_电脑怎么重装系统_重装系统步骤-最笨下载"跳转正常,该类元素共21个，当前第21个
2020-08-09 18:24:23,360 - basepage - INFO - Click back on current page.
2020-08-09 18:24:34,202 - 2 - INFO - 页面"家庭教师OL手游"跳转正常,该类元素共10个，当前第1个
2020-08-09 18:24:40,340 - 2 - INFO - 页面"魔女骑士团手游"跳转正常,该类元素共10个，当前第2个
2020-08-09 18:24:46,484 - 2 - INFO - 页面"决胜足球手游"跳转正常,该类元素共10个，当前第3个
2020-08-09 18:24:53,213 - 2 - INFO - 页面"少女战争手游"跳转正常,该类元素共10个，当前第4个
2020-08-09 18:24:59,355 - 2 - INFO - 页面"天神战（魔灵特权）"跳转正常,该类元素共10个，当前第5个
2020-08-09 18:25:05,504 - 2 - INFO - 页面"最Q幻想手游"跳转正常,该类元素共10个，当前第6个
2020-08-09 18:25:11,646 - 2 - INFO - 页面"霸途手游"跳转正常,该类元素共10个，当前第7个
2020-08-09 18:25:17,809 - 2 - INFO - 页面"回到三国志手游"跳转正常,该类元素共10个，当前第8个
2020-08-09 18:25:24,178 - 2 - INFO - 页面"幻游猎人手游"跳转正常,该类元素共10个，当前第9个
2020-08-09 18:25:30,313 - 2 - INFO - 页面"王者荣耀"跳转正常,该类元素共10个，当前第10个
2020-08-09 18:25:36,465 - 2 - INFO - 页面"武器之王（福利特权）"跳转正常,该类元素共20个，当前第1个
2020-08-09 18:25:42,605 - 2 - INFO - 页面"女神联盟2（送500充值）"跳转正常,该类元素共20个，当前第2个
2020-08-09 18:25:48,736 - 2 - INFO - 页面"仙灵世界（送海量连抽）"跳转正常,该类元素共20个，当前第3个
2020-08-09 18:25:54,869 - 2 - INFO - 页面"天天怼三国（送千元充值）"跳转正常,该类元素共20个，当前第4个
2020-08-09 18:26:00,995 - 2 - INFO - 页面"妖神记（抽动漫周边）"跳转正常,该类元素共20个，当前第5个
2020-08-09 18:26:07,127 - 2 - INFO - 页面"影刃传说（天天送千充）"跳转正常,该类元素共20个，当前第6个
2020-08-09 18:26:13,261 - 2 - INFO - 页面"崩坏西游（送1688元充值）"跳转正常,该类元素共20个，当前第7个
2020-08-09 18:26:19,400 - 2 - INFO - 页面"唐门六道（送千元充值）"跳转正常,该类元素共20个，当前第8个
2020-08-09 18:26:25,524 - 2 - INFO - 页面"纵剑仙界（送VIP代金券）"跳转正常,该类元素共20个，当前第9个
2020-08-09 18:26:31,651 - 2 - INFO - 页面"真江湖HD（万抽特权）"跳转正常,该类元素共20个，当前第10个
2020-08-09 18:26:37,776 - 2 - INFO - 页面"暴走神话"跳转正常,该类元素共20个，当前第11个
2020-08-09 18:26:43,979 - 2 - INFO - 页面"魔剑侠缘（万元兑换）"跳转正常,该类元素共20个，当前第12个
2020-08-09 18:26:50,134 - 2 - INFO - 页面"破坏神（福利特权）"跳转正常,该类元素共20个，当前第13个
2020-08-09 18:26:56,300 - 2 - INFO - 页面"武动九天（GM免费特权）"跳转正常,该类元素共20个，当前第14个
2020-08-09 18:27:02,463 - 2 - INFO - 页面"魔法之光（红忍海量抽）"跳转正常,该类元素共20个，当前第15个
2020-08-09 18:27:08,603 - 2 - INFO - 页面"霸王传（送海量充值）"跳转正常,该类元素共20个，当前第16个
2020-08-09 18:27:14,739 - 2 - INFO - 页面"烈焰遮天（天天送千充）"跳转正常,该类元素共20个，当前第17个
2020-08-09 18:27:20,894 - 2 - INFO - 页面"无界（送千元万抽）"跳转正常,该类元素共20个，当前第18个
2020-08-09 18:27:27,033 - 2 - INFO - 页面"皇者：至尊传奇"跳转正常,该类元素共20个，当前第19个
2020-08-09 18:27:33,173 - 2 - INFO - 页面"九幽仙域（海量送充值）"跳转正常,该类元素共20个，当前第20个
2020-08-09 18:27:41,130 - 2 - INFO - 页面"武器之王（福利特权）"跳转正常,该类元素共10个，当前第1个
2020-08-09 18:27:47,287 - 2 - INFO - 页面"女神联盟2（送500充值）"跳转正常,该类元素共10个，当前第2个
2020-08-09 18:27:53,442 - 2 - INFO - 页面"仙灵世界（送海量连抽）"跳转正常,该类元素共10个，当前第3个
2020-08-09 18:27:59,607 - 2 - INFO - 页面"天天怼三国（送千元充值）"跳转正常,该类元素共10个，当前第4个
2020-08-09 18:28:05,739 - 2 - INFO - 页面"妖神记（抽动漫周边）"跳转正常,该类元素共10个，当前第5个
2020-08-09 18:28:11,891 - 2 - INFO - 页面"影刃传说（天天送千充）"跳转正常,该类元素共10个，当前第6个
2020-08-09 18:28:18,039 - 2 - INFO - 页面"崩坏西游（送1688元充值）"跳转正常,该类元素共10个，当前第7个
2020-08-09 18:28:24,191 - 2 - INFO - 页面"唐门六道（送千元充值）"跳转正常,该类元素共10个，当前第8个
2020-08-09 18:28:30,353 - 2 - INFO - 页面"纵剑仙界（送VIP代金券）"跳转正常,该类元素共10个，当前第9个
2020-08-09 18:28:36,506 - 2 - INFO - 页面"真江湖HD（万抽特权）"跳转正常,该类元素共10个，当前第10个
2020-08-09 18:28:42,665 - 2 - INFO - 页面"武器之王（福利特权）"跳转正常,该类元素共20个，当前第1个
2020-08-09 18:28:48,808 - 2 - INFO - 页面"女神联盟2（送500充值）"跳转正常,该类元素共20个，当前第2个
2020-08-09 18:28:54,962 - 2 - INFO - 页面"凡人飞仙传（充值特权）"跳转正常,该类元素共20个，当前第3个
2020-08-09 18:29:01,113 - 2 - INFO - 页面"仙灵世界（送海量连抽）"跳转正常,该类元素共20个，当前第4个
2020-08-09 18:29:07,279 - 2 - INFO - 页面"天天怼三国（送千元充值）"跳转正常,该类元素共20个，当前第5个
2020-08-09 18:29:13,454 - 2 - INFO - 页面"妖神记（抽动漫周边）"跳转正常,该类元素共20个，当前第6个
2020-08-09 18:29:19,629 - 2 - INFO - 页面"影刃传说（天天送千充）"跳转正常,该类元素共20个，当前第7个
2020-08-09 18:29:25,775 - 2 - INFO - 页面"崩坏西游（送1688元充值）"跳转正常,该类元素共20个，当前第8个
2020-08-09 18:29:31,927 - 2 - INFO - 页面"唐门六道（送千元充值）"跳转正常,该类元素共20个，当前第9个
2020-08-09 18:29:38,109 - 2 - INFO - 页面"纵剑仙界（送VIP代金券）"跳转正常,该类元素共20个，当前第10个
2020-08-09 18:29:44,315 - 2 - INFO - 页面"真江湖HD（万抽特权）"跳转正常,该类元素共20个，当前第11个
2020-08-09 18:29:50,483 - 2 - INFO - 页面"暴走神话"跳转正常,该类元素共20个，当前第12个
2020-08-09 18:29:56,599 - 2 - INFO - 页面"魔剑侠缘（万元兑换）"跳转正常,该类元素共20个，当前第13个
2020-08-09 18:30:02,718 - 2 - INFO - 页面"破坏神（福利特权）"跳转正常,该类元素共20个，当前第14个
2020-08-09 18:30:08,907 - 2 - INFO - 页面"武动九天（GM免费特权）"跳转正常,该类元素共20个，当前第15个
2020-08-09 18:30:15,069 - 2 - INFO - 页面"魔法之光（红忍海量抽）"跳转正常,该类元素共20个，当前第16个
2020-08-09 18:30:21,229 - 2 - INFO - 页面"霸王传（送海量充值）"跳转正常,该类元素共20个，当前第17个
2020-08-09 18:30:27,425 - 2 - INFO - 页面"烈焰遮天（天天送千充）"跳转正常,该类元素共20个，当前第18个
2020-08-09 18:30:33,582 - 2 - INFO - 页面"无界（送千元万抽）"跳转正常,该类元素共20个，当前第19个
2020-08-09 18:30:39,727 - 2 - INFO - 页面"烈火战神（海量特权）"跳转正常,该类元素共20个，当前第20个
2020-08-09 18:30:47,654 - 2 - INFO - 页面"武器之王（福利特权）"跳转正常,该类元素共10个，当前第1个
2020-08-09 18:30:53,797 - 2 - INFO - 页面"女神联盟2（送500充值）"跳转正常,该类元素共10个，当前第2个
2020-08-09 18:30:59,933 - 2 - INFO - 页面"凡人飞仙传（充值特权）"跳转正常,该类元素共10个，当前第3个
2020-08-09 18:31:06,066 - 2 - INFO - 页面"仙灵世界（送海量连抽）"跳转正常,该类元素共10个，当前第4个
2020-08-09 18:31:12,217 - 2 - INFO - 页面"天天怼三国（送千元充值）"跳转正常,该类元素共10个，当前第5个
2020-08-09 18:31:18,348 - 2 - INFO - 页面"唐门六道（送千元充值）"跳转正常,该类元素共10个，当前第6个
2020-08-09 18:31:24,486 - 2 - INFO - 页面"纵剑仙界（送VIP代金券）"跳转正常,该类元素共10个，当前第7个
2020-08-09 18:31:30,660 - 2 - INFO - 页面"破坏神（福利特权）"跳转正常,该类元素共10个，当前第8个
2020-08-09 18:31:36,841 - 2 - INFO - 页面"武动九天（GM免费特权）"跳转正常,该类元素共10个，当前第9个
2020-08-09 18:31:43,021 - 2 - INFO - 页面"魔法之光（红忍海量抽）"跳转正常,该类元素共10个，当前第10个
2020-08-09 18:31:49,210 - 2 - INFO - 页面"武器之王（福利特权）"跳转正常,该类元素共20个，当前第1个
2020-08-09 18:31:55,379 - 2 - INFO - 页面"女神联盟2（送500充值）"跳转正常,该类元素共20个，当前第2个
2020-08-09 18:32:01,525 - 2 - INFO - 页面"凡人飞仙传（充值特权）"跳转正常,该类元素共20个，当前第3个
2020-08-09 18:32:07,688 - 2 - INFO - 页面"仙灵世界（送海量连抽）"跳转正常,该类元素共20个，当前第4个
2020-08-09 18:32:13,824 - 2 - INFO - 页面"天天怼三国（送千元充值）"跳转正常,该类元素共20个，当前第5个
2020-08-09 18:32:19,969 - 2 - INFO - 页面"妖神记（抽动漫周边）"跳转正常,该类元素共20个，当前第6个
2020-08-09 18:32:26,114 - 2 - INFO - 页面"影刃传说（天天送千充）"跳转正常,该类元素共20个，当前第7个
2020-08-09 18:32:32,249 - 2 - INFO - 页面"崩坏西游（送1688元充值）"跳转正常,该类元素共20个，当前第8个
2020-08-09 18:32:38,381 - 2 - INFO - 页面"唐门六道（送千元充值）"跳转正常,该类元素共20个，当前第9个
2020-08-09 18:32:44,515 - 2 - INFO - 页面"纵剑仙界（送VIP代金券）"跳转正常,该类元素共20个，当前第10个
2020-08-09 18:32:50,644 - 2 - INFO - 页面"真江湖HD（万抽特权）"跳转正常,该类元素共20个，当前第11个
2020-08-09 18:32:56,777 - 2 - INFO - 页面"暴走神话"跳转正常,该类元素共20个，当前第12个
2020-08-09 18:33:02,923 - 2 - INFO - 页面"魔剑侠缘（万元兑换）"跳转正常,该类元素共20个，当前第13个
2020-08-09 18:33:09,074 - 2 - INFO - 页面"破坏神（福利特权）"跳转正常,该类元素共20个，当前第14个
2020-08-09 18:33:15,226 - 2 - INFO - 页面"武动九天（GM免费特权）"跳转正常,该类元素共20个，当前第15个
2020-08-09 18:33:21,369 - 2 - INFO - 页面"魔法之光（红忍海量抽）"跳转正常,该类元素共20个，当前第16个
2020-08-09 18:33:27,508 - 2 - INFO - 页面"霸王传（送海量充值）"跳转正常,该类元素共20个，当前第17个
2020-08-09 18:33:33,648 - 2 - INFO - 页面"烈焰遮天（天天送千充）"跳转正常,该类元素共20个，当前第18个
2020-08-09 18:33:39,792 - 2 - INFO - 页面"无界（送千元万抽）"跳转正常,该类元素共20个，当前第19个
2020-08-09 18:33:45,939 - 2 - INFO - 页面"烈火战神（海量特权）"跳转正常,该类元素共20个，当前第20个
2020-08-09 18:33:56,429 - 2 - INFO - 页面"【最笨周末活动】8.7 周末活动海量惊喜等你来拿"跳转正常,该类元素共1个，当前第1个
2020-08-09 18:33:56,733 - basepage - INFO - Click back on current page.
2020-08-09 18:34:02,364 - 2 - INFO - 页面"【武动九天（GM免费特权）】上线满V，8W8绑元和"跳转正常,该类元素共1个，当前第1个
2020-08-09 18:34:03,147 - basepage - INFO - Click back on current page.
2020-08-09 18:34:09,980 - 2 - INFO - 页面"【梦幻沙城（海量抽充值）】上线即送GM2商城特"跳转正常,该类元素共1个，当前第1个
2020-08-09 18:34:10,309 - basepage - INFO - Click back on current page.
2020-08-09 18:34:18,181 - 2 - INFO - 页面"【六界仙尊（送充值）】上线直送VIP12，送88888元"跳转正常,该类元素共1个，当前第1个
2020-08-09 18:34:18,477 - basepage - INFO - Click back on current page.
2020-08-09 18:34:24,081 - 2 - INFO - 页面"【唐门六道（送千元充值）】上线送满级VIP19、礼"跳转正常,该类元素共1个，当前第1个
2020-08-09 18:34:24,599 - basepage - INFO - Click back on current page.
2020-08-09 18:34:30,202 - 2 - INFO - 页面"【武器之王（福利特权）】上线送VIP10,50万福利钻"跳转正常,该类元素共1个，当前第1个
2020-08-09 18:34:30,575 - basepage - INFO - Click back on current page.
2020-08-09 18:34:36,377 - 2 - INFO - 页面"烈焰遮天（三职业）"跳转正常,该类元素共12个，当前第1个
2020-08-09 18:34:36,997 - basepage - INFO - Click back on current page.
2020-08-09 18:34:43,847 - 2 - INFO - 页面"苍之纪元"跳转正常,该类元素共12个，当前第2个
2020-08-09 18:34:44,276 - basepage - INFO - Click back on current page.
2020-08-09 18:34:49,160 - 2 - INFO - 页面"飞仙问道"跳转正常,该类元素共12个，当前第3个
2020-08-09 18:34:49,558 - basepage - INFO - Click back on current page.
2020-08-09 18:34:55,191 - 2 - INFO - 页面"仙游（GM版）"跳转正常,该类元素共12个，当前第4个
2020-08-09 18:34:55,678 - basepage - INFO - Click back on current page.
2020-08-09 18:35:01,224 - 2 - INFO - 页面"仙魔令"跳转正常,该类元素共12个，当前第5个
2020-08-09 18:35:01,487 - basepage - INFO - Click back on current page.
2020-08-09 18:35:07,102 - 2 - INFO - 页面"艾德尔冒险（重制）"跳转正常,该类元素共12个，当前第6个
2020-08-09 18:35:07,611 - basepage - INFO - Click back on current page.
2020-08-09 18:35:13,757 - 2 - INFO - 页面"口袋精灵（送超梦送梦幻）"跳转正常,该类元素共12个，当前第7个
2020-08-09 18:35:14,190 - basepage - INFO - Click back on current page.
2020-08-09 18:35:20,190 - 2 - INFO - 页面"传奇盛世（高返定制服）"跳转正常,该类元素共12个，当前第8个
2020-08-09 18:35:20,831 - basepage - INFO - Click back on current page.
2020-08-09 18:35:27,202 - 2 - INFO - 页面"战龙归来（送千元礼包）"跳转正常,该类元素共12个，当前第9个
2020-08-09 18:35:27,748 - basepage - INFO - Click back on current page.
2020-08-09 18:35:35,024 - 2 - INFO - 页面"御剑三国（白漂福利）"跳转正常,该类元素共12个，当前第10个
2020-08-09 18:35:35,391 - basepage - INFO - Click back on current page.
2020-08-09 18:35:41,930 - 2 - INFO - 页面"斩仙录（送海量充值）"跳转正常,该类元素共12个，当前第11个
2020-08-09 18:35:42,649 - basepage - INFO - Click back on current page.
2020-08-09 18:35:47,788 - 2 - INFO - 页面"西游记之大圣归来（送海量充值）"跳转正常,该类元素共12个，当前第12个
2020-08-09 18:35:48,085 - basepage - INFO - Click back on current page.
2020-08-09 18:35:54,839 - 2 - INFO - 页面"魔兽世界怀旧服2020年6月7日人口普查一览"跳转正常,该类元素共2个，当前第1个
2020-08-09 18:35:55,239 - basepage - INFO - Click back on current page.
2020-08-09 18:36:03,319 - 2 - INFO - 页面"DNF萌噬噬宠物属性怎么样？萌噬噬属性介绍"跳转正常,该类元素共2个，当前第2个
2020-08-09 18:36:04,075 - basepage - INFO - Click back on current page.
2020-08-09 18:36:11,608 - 2 - INFO - 页面"炉石传说t7猎卡组2020搭配推荐-最笨下载"跳转正常,该类元素共14个，当前第1个
2020-08-09 18:36:12,082 - basepage - INFO - Click back on current page.
2020-08-09 18:36:19,381 - 2 - INFO - 页面"王者荣耀2020玄策出装铭文怎么搭配 玄策出装铭文推荐-最笨下载"跳转正常,该类元素共14个，当前第2个
2020-08-09 18:36:19,756 - basepage - INFO - Click back on current page.
2020-08-09 18:36:27,534 - 2 - INFO - 页面"绝地求生灵敏度怎么调最稳2020年 灵敏度调整推荐-最笨下载"跳转正常,该类元素共14个，当前第3个
2020-08-09 18:36:28,077 - basepage - INFO - Click back on current page.
2020-08-09 18:36:35,081 - 2 - INFO - 页面"王者荣耀青春决赛季2020年还会返场吗 青春决赛季2020返场预测-最笨下载"跳转正常,该类元素共14个，当前第4个
2020-08-09 18:36:35,437 - basepage - INFO - Click back on current page.
2020-08-09 18:36:42,538 - 2 - INFO - 页面"悠长假期农作物如何储存 农作物储存方法-最笨下载"跳转正常,该类元素共14个，当前第5个
2020-08-09 18:36:42,837 - basepage - INFO - Click back on current page.
2020-08-09 18:36:50,160 - 2 - INFO - 页面"悠长假期苹果树怎么种 苹果树种植技巧-最笨下载"跳转正常,该类元素共14个，当前第6个
2020-08-09 18:36:50,670 - basepage - INFO - Click back on current page.
2020-08-09 18:36:58,692 - 2 - INFO - 页面"剑与远征大海的馈赠心愿瓶如何兑换 心愿瓶兑换礼物攻略-最笨下载"跳转正常,该类元素共14个，当前第7个
2020-08-09 18:36:59,189 - basepage - INFO - Click back on current page.
2020-08-09 18:37:07,235 - 2 - INFO - 页面"剑侠情缘2剑歌行师门挑战是什么 师门挑战介绍-最笨下载"跳转正常,该类元素共14个，当前第8个
2020-08-09 18:37:07,492 - basepage - INFO - Click back on current page.
2020-08-09 18:37:15,539 - 2 - INFO - 页面"创造与魔法2020年8月7日兑换码分享-最笨下载"跳转正常,该类元素共14个，当前第9个
2020-08-09 18:37:16,137 - basepage - INFO - Click back on current page.
2020-08-09 18:37:24,211 - 2 - INFO - 页面"第五人格空军天赋加点图2020-最笨下载"跳转正常,该类元素共14个，当前第10个
2020-08-09 18:37:24,699 - basepage - INFO - Click back on current page.
2020-08-09 18:37:32,157 - 2 - INFO - 页面"dnf手游预约角色能改么 预约角色更改方式-最笨下载"跳转正常,该类元素共14个，当前第11个
2020-08-09 18:37:32,828 - basepage - INFO - Click back on current page.
2020-08-09 18:37:39,731 - 2 - INFO - 页面"dnf手游不在一个区能一起玩吗 不同区能不能一起玩-最笨下载"跳转正常,该类元素共14个，当前第12个
2020-08-09 18:37:40,315 - basepage - INFO - Click back on current page.
2020-08-09 18:37:47,304 - 2 - INFO - 页面"dnf手游氪金程度如何 氪金玩法推荐-最笨下载"跳转正常,该类元素共14个，当前第13个
2020-08-09 18:37:47,800 - basepage - INFO - Click back on current page.
2020-08-09 18:37:54,695 - 2 - INFO - 页面"dnf收集箱怎么弄2020-最笨下载"跳转正常,该类元素共14个，当前第14个
2020-08-09 18:37:55,085 - basepage - INFO - Click back on current page.
2020-08-09 18:38:03,549 - 2 - INFO - 页面"2020阴阳师7月新式神紧那罗即将上线 高颜值紧那"跳转正常,该类元素共2个，当前第1个
2020-08-09 18:38:04,031 - basepage - INFO - Click back on current page.
2020-08-09 18:38:11,347 - 2 - INFO - 页面"英雄联盟2020灵魂莲华皮肤原画汇总"跳转正常,该类元素共2个，当前第2个
2020-08-09 18:38:11,684 - basepage - INFO - Click back on current page.
2020-08-09 18:38:18,408 - 2 - INFO - 页面"变态手游公益服_bt手游变态服_无限元宝bt手游下载_BT手游中心-最笨下载"跳转正常,该类元素共28个，当前第1个
2020-08-09 18:38:18,805 - basepage - INFO - Click back on current page.
2020-08-09 18:38:25,508 - 2 - INFO - 页面"武器之王（福利特权）_武器之王（福利特权）无限元宝服_SF变态版武器之王（福利特权）公益服下载 - 最笨下载"跳转正常,该类元素共28个，当前第2个
2020-08-09 18:38:26,390 - basepage - INFO - Click back on current page.
2020-08-09 18:38:32,965 - 2 - INFO - 页面"满vip版手游_手游sf送顶级vip_满级vip无限元宝手游下载-最笨下载"跳转正常,该类元素共28个，当前第3个
2020-08-09 18:38:33,294 - basepage - INFO - Click back on current page.
2020-08-09 18:38:39,961 - 2 - INFO - 页面"女神联盟2（送500充值）_女神联盟2（送500充值）无限元宝服_SF变态版女神联盟2（送500充值）公益服下载 - 最笨下载"跳转正常,该类元素共28个，当前第4个
2020-08-09 18:38:40,236 - basepage - INFO - Click back on current page.
2020-08-09 18:38:46,787 - 2 - INFO - 页面"变态手游公益服_bt手游变态服_无限元宝bt手游下载_BT手游中心-最笨下载"跳转正常,该类元素共28个，当前第5个
2020-08-09 18:38:47,293 - basepage - INFO - Click back on current page.
2020-08-09 18:38:54,018 - 2 - INFO - 页面"凡人飞仙传（充值特权）_凡人飞仙传（充值特权）无限元宝服_SF变态版凡人飞仙传（充值特权）公益服下载 - 最笨下载"跳转正常,该类元素共28个，当前第6个
2020-08-09 18:38:54,271 - basepage - INFO - Click back on current page.
2020-08-09 18:39:00,806 - 2 - INFO - 页面"满vip版手游_手游sf送顶级vip_满级vip无限元宝手游下载-最笨下载"跳转正常,该类元素共28个，当前第7个
2020-08-09 18:39:01,284 - basepage - INFO - Click back on current page.
2020-08-09 18:39:07,911 - 2 - INFO - 页面"仙灵世界（送海量连抽）_仙灵世界（送海量连抽）无限元宝服_SF变态版仙灵世界（送海量连抽）公益服下载 - 最笨下载"跳转正常,该类元素共28个，当前第8个
2020-08-09 18:39:08,171 - basepage - INFO - Click back on current page.
2020-08-09 18:39:14,699 - 2 - INFO - 页面"变态手游公益服_bt手游变态服_无限元宝bt手游下载_BT手游中心-最笨下载"跳转正常,该类元素共28个，当前第9个
2020-08-09 18:39:15,177 - basepage - INFO - Click back on current page.
2020-08-09 18:39:21,822 - 2 - INFO - 页面"天天怼三国（送千元充值）_天天怼三国（送千元充值）无限元宝服_SF变态版天天怼三国（送千元充值）公益服下载 - 最笨下载"跳转正常,该类元素共28个，当前第10个
2020-08-09 18:39:22,102 - basepage - INFO - Click back on current page.
2020-08-09 18:39:28,721 - 2 - INFO - 页面"变态手游公益服_bt手游变态服_无限元宝bt手游下载_BT手游中心-最笨下载"跳转正常,该类元素共28个，当前第11个
2020-08-09 18:39:29,485 - basepage - INFO - Click back on current page.
2020-08-09 18:39:36,289 - 2 - INFO - 页面"妖神记（抽动漫周边）_妖神记（抽动漫周边）无限元宝服_SF变态版妖神记（抽动漫周边）公益服下载 - 最笨下载"跳转正常,该类元素共28个，当前第12个
2020-08-09 18:39:36,684 - basepage - INFO - Click back on current page.
2020-08-09 18:39:43,404 - 2 - INFO - 页面"满vip版手游_手游sf送顶级vip_满级vip无限元宝手游下载-最笨下载"跳转正常,该类元素共28个，当前第13个
2020-08-09 18:39:44,024 - basepage - INFO - Click back on current page.
2020-08-09 18:39:50,626 - 2 - INFO - 页面"影刃传说（天天送千充）_影刃传说（天天送千充）无限元宝服_SF变态版影刃传说（天天送千充）公益服下载 - 最笨下载"跳转正常,该类元素共28个，当前第14个
2020-08-09 18:39:50,965 - basepage - INFO - Click back on current page.
2020-08-09 18:39:57,499 - 2 - INFO - 页面"满vip版手游_手游sf送顶级vip_满级vip无限元宝手游下载-最笨下载"跳转正常,该类元素共28个，当前第15个
2020-08-09 18:39:57,783 - basepage - INFO - Click back on current page.
2020-08-09 18:40:04,436 - 2 - INFO - 页面"崩坏西游（送1688元充值）_崩坏西游（送1688元充值）无限元宝服_SF变态版崩坏西游（送1688元充值）公益服下载 - 最笨下载"跳转正常,该类元素共28个，当前第16个
2020-08-09 18:40:05,037 - basepage - INFO - Click back on current page.
2020-08-09 18:40:11,594 - 2 - INFO - 页面"满vip版手游_手游sf送顶级vip_满级vip无限元宝手游下载-最笨下载"跳转正常,该类元素共28个，当前第17个
2020-08-09 18:40:11,851 - basepage - INFO - Click back on current page.
2020-08-09 18:40:18,496 - 2 - INFO - 页面"唐门六道（送千元充值）_唐门六道（送千元充值）无限元宝服_SF变态版唐门六道（送千元充值）公益服下载 - 最笨下载"跳转正常,该类元素共28个，当前第18个
2020-08-09 18:40:19,038 - basepage - INFO - Click back on current page.
2020-08-09 18:40:25,627 - 2 - INFO - 页面"变态手游公益服_bt手游变态服_无限元宝bt手游下载_BT手游中心-最笨下载"跳转正常,该类元素共28个，当前第19个
2020-08-09 18:40:25,896 - basepage - INFO - Click back on current page.
2020-08-09 18:40:32,514 - 2 - INFO - 页面"纵剑仙界（送VIP代金券）_纵剑仙界（送VIP代金券）无限元宝服_SF变态版纵剑仙界（送VIP代金券）公益服下载 - 最笨下载"跳转正常,该类元素共28个，当前第20个
2020-08-09 18:40:32,843 - basepage - INFO - Click back on current page.
2020-08-09 18:40:39,480 - 2 - INFO - 页面"变态手游公益服_bt手游变态服_无限元宝bt手游下载_BT手游中心-最笨下载"跳转正常,该类元素共28个，当前第21个
2020-08-09 18:40:40,113 - basepage - INFO - Click back on current page.
2020-08-09 18:40:46,845 - 2 - INFO - 页面"真江湖HD（万抽特权）_真江湖HD（万抽特权）无限元宝服_SF变态版真江湖HD（万抽特权）公益服下载 - 最笨下载"跳转正常,该类元素共28个，当前第22个
2020-08-09 18:40:47,133 - basepage - INFO - Click back on current page.
2020-08-09 18:40:53,688 - 2 - INFO - 页面"变态手游公益服_bt手游变态服_无限元宝bt手游下载_BT手游中心-最笨下载"跳转正常,该类元素共28个，当前第23个
2020-08-09 18:40:54,208 - basepage - INFO - Click back on current page.
2020-08-09 18:41:00,832 - 2 - INFO - 页面"暴走神话_暴走神话无限元宝服_SF变态版暴走神话公益服下载 - 最笨下载"跳转正常,该类元素共28个，当前第24个
2020-08-09 18:41:01,107 - basepage - INFO - Click back on current page.
2020-08-09 18:41:07,660 - 2 - INFO - 页面"满vip版手游_手游sf送顶级vip_满级vip无限元宝手游下载-最笨下载"跳转正常,该类元素共28个，当前第25个
2020-08-09 18:41:08,134 - basepage - INFO - Click back on current page.
2020-08-09 18:41:14,747 - 2 - INFO - 页面"魔剑侠缘（万元兑换）_魔剑侠缘（万元兑换）无限元宝服_SF变态版魔剑侠缘（万元兑换）公益服下载 - 最笨下载"跳转正常,该类元素共28个，当前第26个
2020-08-09 18:41:15,159 - basepage - INFO - Click back on current page.
2020-08-09 18:41:21,687 - 2 - INFO - 页面"变态手游公益服_bt手游变态服_无限元宝bt手游下载_BT手游中心-最笨下载"跳转正常,该类元素共28个，当前第27个
2020-08-09 18:41:22,153 - basepage - INFO - Click back on current page.
2020-08-09 18:41:28,780 - 2 - INFO - 页面"破坏神（福利特权）_破坏神（福利特权）无限元宝服_SF变态版破坏神（福利特权）公益服下载 - 最笨下载"跳转正常,该类元素共28个，当前第28个
2020-08-09 18:41:29,070 - basepage - INFO - Click back on current page.
2020-08-09 18:41:39,453 - 2 - INFO - 页面"帝国霸业银河生存如何快速获取母舰 快速获取母"跳转正常,该类元素共2个，当前第1个
2020-08-09 18:41:39,930 - basepage - INFO - Click back on current page.
2020-08-09 18:41:49,618 - 2 - INFO - 页面"和软天空一样的软件有哪些"跳转正常,该类元素共2个，当前第2个
2020-08-09 18:41:50,223 - basepage - INFO - Click back on current page.
2020-08-09 18:41:56,894 - 2 - INFO - 页面"【苹果娱乐软件】iPhone手机娱乐软件_iPhone娱乐软件免费下载大全-最笨下载"跳转正常,该类元素共28个，当前第1个
2020-08-09 18:41:57,222 - basepage - INFO - Click back on current page.
2020-08-09 18:42:05,640 - 2 - INFO - 页面"最笨游戏盒子iOS版_最笨游戏盒子iOS版下载_最笨游戏盒子iOS版官方下载-最笨下载"跳转正常,该类元素共28个，当前第2个
2020-08-09 18:42:06,060 - basepage - INFO - Click back on current page.
2020-08-09 18:42:13,096 - 2 - INFO - 页面"【安卓娱乐软件】安卓娱乐软件下载_安卓娱乐软件推荐_安卓娱乐软件大全-最笨下载"跳转正常,该类元素共28个，当前第3个
2020-08-09 18:42:13,753 - basepage - INFO - Click back on current page.
2020-08-09 18:42:21,869 - 2 - INFO - 页面"最笨游戏盒子_最笨游戏盒子下载_最笨游戏盒子官方下载-最笨下载"跳转正常,该类元素共28个，当前第4个
2020-08-09 18:42:22,437 - basepage - INFO - Click back on current page.
2020-08-09 18:42:29,468 - 2 - INFO - 页面"【安卓聊天软件】安卓聊天软件下载_安卓聊天软件排行_安卓聊天软件大全-最笨下载"跳转正常,该类元素共28个，当前第5个
2020-08-09 18:42:29,837 - basepage - INFO - Click back on current page.
2020-08-09 18:42:38,872 - 2 - INFO - 页面"蜜小助_蜜小助下载_蜜小助官方下载-最笨下载"跳转正常,该类元素共28个，当前第6个
2020-08-09 18:42:39,500 - basepage - INFO - Click back on current page.
2020-08-09 18:42:46,079 - 2 - INFO - 页面"【安卓娱乐软件】安卓娱乐软件下载_安卓娱乐软件推荐_安卓娱乐软件大全-最笨下载"跳转正常,该类元素共28个，当前第7个
2020-08-09 18:42:46,424 - basepage - INFO - Click back on current page.
2020-08-09 18:42:55,445 - 2 - INFO - 页面"3733游戏盒子_3733游戏盒子下载_3733游戏盒子官方下载-最笨下载"跳转正常,该类元素共28个，当前第8个
2020-08-09 18:42:55,839 - basepage - INFO - Click back on current page.
2020-08-09 18:43:02,334 - 2 - INFO - 页面"【安卓聊天软件】安卓聊天软件下载_安卓聊天软件排行_安卓聊天软件大全-最笨下载"跳转正常,该类元素共28个，当前第9个
2020-08-09 18:43:02,635 - basepage - INFO - Click back on current page.
2020-08-09 18:43:12,699 - 2 - INFO - 页面"土味情话_土味情话下载_土味情话官方下载-最笨下载"跳转正常,该类元素共28个，当前第10个
2020-08-09 18:43:13,298 - basepage - INFO - Click back on current page.
2020-08-09 18:43:19,859 - 2 - INFO - 页面"【安卓聊天软件】安卓聊天软件下载_安卓聊天软件排行_安卓聊天软件大全-最笨下载"跳转正常,该类元素共28个，当前第11个
2020-08-09 18:43:20,177 - basepage - INFO - Click back on current page.
2020-08-09 18:43:28,442 - 2 - INFO - 页面"恋爱话术_恋爱话术下载_恋爱话术官方下载-最笨下载"跳转正常,该类元素共28个，当前第12个
2020-08-09 18:43:28,771 - basepage - INFO - Click back on current page.
2020-08-09 18:43:35,312 - 2 - INFO - 页面"【安卓聊天软件】安卓聊天软件下载_安卓聊天软件排行_安卓聊天软件大全-最笨下载"跳转正常,该类元素共28个，当前第13个
2020-08-09 18:43:35,918 - basepage - INFO - Click back on current page.
2020-08-09 18:43:42,771 - 2 - INFO - 页面"土味情话社_土味情话社下载_土味情话社官方下载-最笨下载"跳转正常,该类元素共28个，当前第14个
2020-08-09 18:43:43,076 - basepage - INFO - Click back on current page.
2020-08-09 18:43:50,266 - 2 - INFO - 页面"【安卓阅读软件】安卓阅读软件下载_安卓阅读软件哪个好_安卓阅读软件排行-最笨下载"跳转正常,该类元素共28个，当前第15个
2020-08-09 18:43:50,686 - basepage - INFO - Click back on current page.
2020-08-09 18:43:59,378 - 2 - INFO - 页面"吾爱看书_吾爱看书下载_吾爱看书官方下载-最笨下载"跳转正常,该类元素共28个，当前第16个
2020-08-09 18:44:00,210 - basepage - INFO - Click back on current page.
2020-08-09 18:44:07,269 - 2 - INFO - 页面"【苹果阅读软件】iPhone手机阅读软件_iPhone阅读软件免费下载大全-最笨下载"跳转正常,该类元素共28个，当前第17个
2020-08-09 18:44:07,532 - basepage - INFO - Click back on current page.
2020-08-09 18:44:14,634 - 2 - INFO - 页面"吾爱看书ios版_吾爱看书ios版下载_吾爱看书ios版官方下载-最笨下载"跳转正常,该类元素共28个，当前第18个
2020-08-09 18:44:14,952 - basepage - INFO - Click back on current page.
2020-08-09 18:44:21,475 - 2 - INFO - 页面"【安卓聊天软件】安卓聊天软件下载_安卓聊天软件排行_安卓聊天软件大全-最笨下载"跳转正常,该类元素共28个，当前第19个
2020-08-09 18:44:22,002 - basepage - INFO - Click back on current page.
2020-08-09 18:44:29,282 - 2 - INFO - 页面"恋爱话术库_恋爱话术库下载_恋爱话术库官方下载-最笨下载"跳转正常,该类元素共28个，当前第20个
2020-08-09 18:44:29,589 - basepage - INFO - Click back on current page.
2020-08-09 18:44:36,100 - 2 - INFO - 页面"【安卓聊天软件】安卓聊天软件下载_安卓聊天软件排行_安卓聊天软件大全-最笨下载"跳转正常,该类元素共28个，当前第21个
2020-08-09 18:44:36,620 - basepage - INFO - Click back on current page.
2020-08-09 18:45:00,418 - 2 - INFO - 页面"撩吧_撩吧下载_撩吧官方下载-最笨下载"跳转正常,该类元素共28个，当前第22个
2020-08-09 18:45:01,801 - basepage - INFO - Click back on current page.
2020-08-09 18:45:09,202 - 2 - INFO - 页面"【安卓聊天软件】安卓聊天软件下载_安卓聊天软件排行_安卓聊天软件大全-最笨下载"跳转正常,该类元素共28个，当前第23个
2020-08-09 18:45:09,829 - basepage - INFO - Click back on current page.
2020-08-09 18:45:19,587 - 2 - INFO - 页面"遇知音_遇知音下载_遇知音官方下载-最笨下载"跳转正常,该类元素共28个，当前第24个
2020-08-09 18:45:20,001 - basepage - INFO - Click back on current page.
2020-08-09 18:45:26,604 - 2 - INFO - 页面"【安卓聊天软件】安卓聊天软件下载_安卓聊天软件排行_安卓聊天软件大全-最笨下载"跳转正常,该类元素共28个，当前第25个
2020-08-09 18:45:26,894 - basepage - INFO - Click back on current page.
2020-08-09 18:45:34,063 - 2 - INFO - 页面"脱单大师_脱单大师下载_脱单大师官方下载-最笨下载"跳转正常,该类元素共28个，当前第26个
2020-08-09 18:45:34,611 - basepage - INFO - Click back on current page.
2020-08-09 18:45:41,131 - 2 - INFO - 页面"【安卓聊天软件】安卓聊天软件下载_安卓聊天软件排行_安卓聊天软件大全-最笨下载"跳转正常,该类元素共28个，当前第27个
2020-08-09 18:45:41,419 - basepage - INFO - Click back on current page.
2020-08-09 18:45:49,064 - 2 - INFO - 页面"爱情套路_爱情套路下载_爱情套路官方下载-最笨下载"跳转正常,该类元素共28个，当前第28个
2020-08-09 18:45:49,375 - basepage - INFO - Click back on current page.
2020-08-09 18:45:59,532 - 2 - INFO - 页面"【安卓播放器】安卓播放器下载_安卓播放器哪个最好_安卓播放器下载排行-最笨下载"跳转正常,该类元素共20个，当前第1个
2020-08-09 18:45:59,865 - basepage - INFO - Click back on current page.
2020-08-09 18:46:07,053 - 2 - INFO - 页面"【安卓学习软件】安卓学习软件下载_安卓学习软件免费下载_安卓学习软件大全-最笨下载"跳转正常,该类元素共20个，当前第2个
2020-08-09 18:46:07,705 - basepage - INFO - Click back on current page.
2020-08-09 18:46:15,042 - 2 - INFO - 页面"【安卓辅助软件】安卓辅助软件下载_安卓辅助软件推荐_安卓辅助软件大全-最笨下载"跳转正常,该类元素共20个，当前第3个
2020-08-09 18:46:15,450 - basepage - INFO - Click back on current page.
2020-08-09 18:46:22,474 - 2 - INFO - 页面"【安卓输入法】安卓输入法下载_安卓输入法哪个好_安卓输入法怎么用-最笨下载"跳转正常,该类元素共20个，当前第4个
2020-08-09 18:46:22,796 - basepage - INFO - Click back on current page.
2020-08-09 18:46:30,636 - 2 - INFO - 页面"【安卓通信软件】安卓通信软件下载_安卓通信软件推荐_安卓通信软件大全-最笨下载"跳转正常,该类元素共20个，当前第5个
2020-08-09 18:46:31,246 - basepage - INFO - Click back on current page.
2020-08-09 18:46:38,334 - 2 - INFO - 页面"【安卓固件】安卓固件下载_安卓固件包下载_安卓固件管理器-最笨下载"跳转正常,该类元素共20个，当前第6个
2020-08-09 18:46:38,714 - basepage - INFO - Click back on current page.
2020-08-09 18:46:46,064 - 2 - INFO - 页面"【安卓文件管理器】安卓文件管理器下载_安卓文件管理器哪个好_安卓文件管理器中文版-最笨下载"跳转正常,该类元素共20个，当前第7个
2020-08-09 18:46:46,380 - basepage - INFO - Click back on current page.
2020-08-09 18:46:53,438 - 2 - INFO - 页面"【安卓同步软件】安卓同步软件下载_安卓同步软件哪个好_安卓手机同步软件-最笨下载"跳转正常,该类元素共20个，当前第8个
2020-08-09 18:46:53,971 - basepage - INFO - Click back on current page.
2020-08-09 18:47:01,423 - 2 - INFO - 页面"【安卓办公软件】安卓办公软件下载_安卓办公软件哪个好_安卓办公软件哪种最好-最笨下载"跳转正常,该类元素共20个，当前第9个
2020-08-09 18:47:01,779 - basepage - INFO - Click back on current page.
2020-08-09 18:47:09,150 - 2 - INFO - 页面"【安卓新闻软件】安卓新闻软件下载_安卓新闻软件哪个好_安卓新闻软件大全-最笨下载"跳转正常,该类元素共20个，当前第10个
2020-08-09 18:47:09,510 - basepage - INFO - Click back on current page.
2020-08-09 18:47:16,951 - 2 - INFO - 页面"【安卓理财软件】安卓理财软件下载_安卓理财软件哪个好_安卓理财软件大全-最笨下载"跳转正常,该类元素共20个，当前第11个
2020-08-09 18:47:17,497 - basepage - INFO - Click back on current page.
2020-08-09 18:47:24,832 - 2 - INFO - 页面"【安卓备份软件】安卓备份软件下载_安卓备份软件哪个好_安卓手机备份软件-最笨下载"跳转正常,该类元素共20个，当前第12个
2020-08-09 18:47:25,212 - basepage - INFO - Click back on current page.
2020-08-09 18:47:32,604 - 2 - INFO - 页面"【安卓跑步软件】安卓跑步软件下载_安卓跑步软件哪个好_安卓跑步软件大全-最笨下载"跳转正常,该类元素共20个，当前第13个
2020-08-09 18:47:32,979 - basepage - INFO - Click back on current page.
2020-08-09 18:47:40,417 - 2 - INFO - 页面"【安卓健康管理软件】安卓健康管理软件下载_安卓健康管理软件推荐_安卓健康管理软件大全-最笨下载"跳转正常,该类元素共20个，当前第14个
2020-08-09 18:47:41,005 - basepage - INFO - Click back on current page.
2020-08-09 18:47:48,343 - 2 - INFO - 页面"【安卓系统软件】安卓系统软件下载_安卓系统软件免费下载_安卓系统软件下载工具-最笨下载"跳转正常,该类元素共20个，当前第15个
2020-08-09 18:47:48,709 - basepage - INFO - Click back on current page.
2020-08-09 18:47:55,293 - 2 - INFO - 页面"【安卓聊天软件】安卓聊天软件下载_安卓聊天软件排行_安卓聊天软件大全-最笨下载"跳转正常,该类元素共20个，当前第16个
2020-08-09 18:47:55,783 - basepage - INFO - Click back on current page.
2020-08-09 18:48:02,839 - 2 - INFO - 页面"【安卓应用软件】安卓应用软件排行_好玩的安卓应用软件_好用的安卓应用软件-最笨下载"跳转正常,该类元素共20个，当前第17个
2020-08-09 18:48:03,442 - basepage - INFO - Click back on current page.
2020-08-09 18:48:09,989 - 2 - INFO - 页面"【安卓娱乐软件】安卓娱乐软件下载_安卓娱乐软件推荐_安卓娱乐软件大全-最笨下载"跳转正常,该类元素共20个，当前第18个
2020-08-09 18:48:10,313 - basepage - INFO - Click back on current page.
2020-08-09 18:48:17,487 - 2 - INFO - 页面"【安卓导航软件】安卓导航软件下载_安卓导航软件哪个好_安卓导航软件排名-最笨下载"跳转正常,该类元素共20个，当前第19个
2020-08-09 18:48:17,828 - basepage - INFO - Click back on current page.
2020-08-09 18:48:25,111 - 2 - INFO - 页面"【安卓网络软件】安卓网络软件下载_安卓网络软件推荐_安卓网络软件大全-最笨下载"跳转正常,该类元素共20个，当前第20个
2020-08-09 18:48:25,684 - basepage - INFO - Click back on current page.
2020-08-09 18:48:34,057 - 2 - INFO - 页面"3733手游游戏平台_3733手游游戏平台下载_3733手游游戏平台官方下载-最笨下载"跳转正常,该类元素共18个，当前第1个
2020-08-09 18:48:40,205 - 2 - INFO - 页面"安致手游游戏平台_安致手游游戏平台下载_安致手游游戏平台官方下载-最笨下载"跳转正常,该类元素共18个，当前第2个
2020-08-09 18:48:46,336 - 2 - INFO - 页面"聊天套路安卓版_聊天套路安卓版下载_聊天套路安卓版官方下载-最笨下载"跳转正常,该类元素共18个，当前第3个
2020-08-09 18:48:52,469 - 2 - INFO - 页面"聊天套路破解版_聊天套路破解版下载_聊天套路破解版官方下载-最笨下载"跳转正常,该类元素共18个，当前第4个
2020-08-09 18:48:58,606 - 2 - INFO - 页面"聊天套路软件_聊天套路软件下载_聊天套路软件官方下载-最笨下载"跳转正常,该类元素共18个，当前第5个
2020-08-09 18:49:04,703 - 2 - INFO - 页面"聊天套路_聊天套路下载_聊天套路官方下载-最笨下载"跳转正常,该类元素共18个，当前第6个
2020-08-09 18:49:10,834 - 2 - INFO - 页面"信息回复神器_信息回复神器下载_信息回复神器官方下载-最笨下载"跳转正常,该类元素共18个，当前第7个
2020-08-09 18:49:16,979 - 2 - INFO - 页面"消息回复神器_消息回复神器下载_消息回复神器官方下载-最笨下载"跳转正常,该类元素共18个，当前第8个
2020-08-09 18:49:23,130 - 2 - INFO - 页面"消息回复辅助神器_消息回复辅助神器下载_消息回复辅助神器官方下载-最笨下载"跳转正常,该类元素共18个，当前第9个
2020-08-09 18:49:29,283 - 2 - INFO - 页面"回复神器_回复神器下载_回复神器官方下载-最笨下载"跳转正常,该类元素共18个，当前第10个
2020-08-09 18:49:35,423 - 2 - INFO - 页面"神撩话术大全库_神撩话术大全库下载_神撩话术大全库官方下载-最笨下载"跳转正常,该类元素共18个，当前第11个
2020-08-09 18:49:41,551 - 2 - INFO - 页面"扑鹿_扑鹿下载_扑鹿官方下载-最笨下载"跳转正常,该类元素共18个，当前第12个
2020-08-09 18:49:47,694 - 2 - INFO - 页面"日杂相机_日杂相机下载_日杂相机官方下载-最笨下载"跳转正常,该类元素共18个，当前第13个
2020-08-09 18:49:53,834 - 2 - INFO - 页面"皮皮虾_皮皮虾下载_皮皮虾官方下载-最笨下载"跳转正常,该类元素共18个，当前第14个
2020-08-09 18:49:59,994 - 2 - INFO - 页面"吾爱看书_吾爱看书下载_吾爱看书官方下载-最笨下载"跳转正常,该类元素共18个，当前第15个
2020-08-09 18:50:06,189 - 2 - INFO - 页面"7732游戏中心_7732游戏中心下载_7732游戏中心官方下载-最笨下载"跳转正常,该类元素共18个，当前第16个
2020-08-09 18:50:12,361 - 2 - INFO - 页面"7743手游盒子_7743手游盒子下载_7743手游盒子官方下载-最笨下载"跳转正常,该类元素共18个，当前第17个
2020-08-09 18:50:18,507 - 2 - INFO - 页面"7743游戏中心_7743游戏中心下载_7743游戏中心官方下载-最笨下载"跳转正常,该类元素共18个，当前第18个
2020-08-09 18:50:25,193 - 2 - INFO - 页面"【安卓益智游戏】好玩的安卓益智游戏大全_安卓益智类游戏_益智游戏下载-最笨下载"跳转正常,该类元素共17个，当前第1个
2020-08-09 18:50:25,488 - basepage - INFO - Click back on current page.
2020-08-09 18:50:33,104 - 2 - INFO - 页面"【安卓其他游戏】好玩的安卓其他游戏大全_安卓其他类游戏_其他游戏下载-最笨下载"跳转正常,该类元素共17个，当前第2个
2020-08-09 18:50:33,454 - basepage - INFO - Click back on current page.
2020-08-09 18:50:40,973 - 2 - INFO - 页面"【安卓音乐游戏】好玩的安卓音乐游戏大全_安卓音乐类游戏_音乐游戏下载-最笨下载"跳转正常,该类元素共17个，当前第3个
2020-08-09 18:50:41,513 - basepage - INFO - Click back on current page.
2020-08-09 18:50:49,052 - 2 - INFO - 页面"【安卓网络游戏】好玩的安卓网络游戏大全_安卓网络类游戏_网络游戏下载-最笨下载"跳转正常,该类元素共17个，当前第4个
2020-08-09 18:50:49,387 - basepage - INFO - Click back on current page.
2020-08-09 18:50:57,132 - 2 - INFO - 页面"【安卓格斗游戏】好玩的安卓格斗游戏大全_安卓格斗类游戏_格斗游戏下载-最笨下载"跳转正常,该类元素共17个，当前第5个
2020-08-09 18:50:57,568 - basepage - INFO - Click back on current page.
2020-08-09 18:51:05,796 - 2 - INFO - 页面"【安卓飞行游戏】好玩的安卓飞行游戏大全_安卓飞行类游戏_飞行游戏下载-最笨下载"跳转正常,该类元素共17个，当前第6个
2020-08-09 18:51:06,533 - basepage - INFO - Click back on current page.
2020-08-09 18:51:14,601 - 2 - INFO - 页面"【安卓体育运动游戏】好玩的安卓体育运动游戏大全_安卓体育运动类游戏_体育运动游戏下载-最笨下载"跳转正常,该类元素共17个，当前第7个
2020-08-09 18:51:15,287 - basepage - INFO - Click back on current page.
2020-08-09 18:51:22,805 - 2 - INFO - 页面"【安卓模拟经营游戏】好玩的安卓模拟经营游戏大全_安卓模拟经营类游戏_模拟经营游戏下载-最笨下载"跳转正常,该类元素共17个，当前第8个
2020-08-09 18:51:23,169 - basepage - INFO - Click back on current page.
2020-08-09 18:51:31,032 - 2 - INFO - 页面"【安卓策略游戏】好玩的安卓策略游戏大全_安卓策略类游戏_策略游戏下载-最笨下载"跳转正常,该类元素共17个，当前第9个
2020-08-09 18:51:31,798 - basepage - INFO - Click back on current page.
2020-08-09 18:51:39,506 - 2 - INFO - 页面"【安卓塔防游戏】好玩的安卓塔防游戏大全_安卓塔防类游戏_塔防游戏下载-最笨下载"跳转正常,该类元素共17个，当前第10个
2020-08-09 18:51:40,072 - basepage - INFO - Click back on current page.
2020-08-09 18:51:48,014 - 2 - INFO - 页面"【安卓解谜冒险游戏】好玩的安卓解谜冒险游戏大全_安卓解谜冒险类游戏_解谜冒险游戏下载-最笨下载"跳转正常,该类元素共17个，当前第11个
2020-08-09 18:51:48,333 - basepage - INFO - Click back on current page.
2020-08-09 18:51:56,024 - 2 - INFO - 页面"【安卓射击游戏】好玩的安卓射击游戏大全_安卓射击类游戏_射击游戏下载-最笨下载"跳转正常,该类元素共17个，当前第12个
2020-08-09 18:51:56,793 - basepage - INFO - Click back on current page.
2020-08-09 18:52:04,028 - 2 - INFO - 页面"【安卓棋牌游戏】好玩的安卓棋牌游戏大全_安卓棋牌类游戏_棋牌游戏下载-最笨下载"跳转正常,该类元素共17个，当前第13个
2020-08-09 18:52:04,383 - basepage - INFO - Click back on current page.
2020-08-09 18:52:11,926 - 2 - INFO - 页面"【安卓赛车游戏】好玩的安卓赛车游戏大全_安卓赛车类游戏_赛车游戏下载-最笨下载"跳转正常,该类元素共17个，当前第14个
2020-08-09 18:52:12,250 - basepage - INFO - Click back on current page.
2020-08-09 18:52:19,951 - 2 - INFO - 页面"【安卓角色扮演游戏】好玩的安卓角色扮演游戏大全_安卓角色扮演类游戏_角色扮演游戏下载-最笨下载"跳转正常,该类元素共17个，当前第15个
2020-08-09 18:52:20,726 - basepage - INFO - Click back on current page.
2020-08-09 18:52:28,821 - 2 - INFO - 页面"【安卓动作游戏】好玩的安卓动作游戏大全_安卓动作类游戏_动作游戏下载-最笨下载"跳转正常,该类元素共17个，当前第16个
2020-08-09 18:52:29,366 - basepage - INFO - Click back on current page.
2020-08-09 18:52:36,785 - 2 - INFO - 页面"【安卓休闲游戏】好玩的安卓休闲游戏大全_安卓休闲类游戏_休闲游戏下载-最笨下载"跳转正常,该类元素共17个，当前第17个
2020-08-09 18:52:37,099 - basepage - INFO - Click back on current page.
2020-08-09 18:52:45,438 - 2 - INFO - 页面"炼金国度（送1000元充值）ios版_炼金国度（送1000元充值）ios版下载_炼金国度（送1000元充值）ios版官方下载-最笨下载"跳转正常,该类元素共18个，当前第1个
2020-08-09 18:52:51,588 - 2 - INFO - 页面"国贼顾挽之_国贼顾挽之下载_国贼顾挽之官方下载-最笨下载"跳转正常,该类元素共18个，当前第2个
2020-08-09 18:52:57,775 - 2 - INFO - 页面"大秦黎明_大秦黎明下载_大秦黎明官方下载-最笨下载"跳转正常,该类元素共18个，当前第3个
2020-08-09 18:53:03,913 - 2 - INFO - 页面"怒焰三国杀手游_怒焰三国杀手游下载_怒焰三国杀手游官方下载-最笨下载"跳转正常,该类元素共18个，当前第4个
2020-08-09 18:53:10,045 - 2 - INFO - 页面"末日围城_末日围城下载_末日围城官方下载-最笨下载"跳转正常,该类元素共18个，当前第5个
2020-08-09 18:53:16,177 - 2 - INFO - 页面"天将雄师九游版_天将雄师九游版下载_天将雄师九游版官方下载-最笨下载"跳转正常,该类元素共18个，当前第6个
2020-08-09 18:53:22,347 - 2 - INFO - 页面"诸王黎明_诸王黎明下载_诸王黎明官方下载-最笨下载"跳转正常,该类元素共18个，当前第7个
2020-08-09 18:53:28,472 - 2 - INFO - 页面"一梦江湖九游版_一梦江湖九游版下载_一梦江湖九游版官方下载-最笨下载"跳转正常,该类元素共18个，当前第8个
2020-08-09 18:53:34,626 - 2 - INFO - 页面"NBA篮球大师_NBA篮球大师下载_NBA篮球大师官方下载-最笨下载"跳转正常,该类元素共18个，当前第9个
2020-08-09 18:53:40,792 - 2 - INFO - 页面"萌妖传手游_萌妖传手游下载_萌妖传手游官方下载-最笨下载"跳转正常,该类元素共18个，当前第10个
2020-08-09 18:53:46,982 - 2 - INFO - 页面"中超英雄手游_中超英雄手游下载_中超英雄手游官方下载-最笨下载"跳转正常,该类元素共18个，当前第11个
2020-08-09 18:53:53,115 - 2 - INFO - 页面"三国战天下手游_三国战天下手游下载_三国战天下手游官方下载-最笨下载"跳转正常,该类元素共18个，当前第12个
2020-08-09 18:54:03,898 - 2 - INFO - 页面"拳皇命运_拳皇命运下载_拳皇命运官方下载-最笨下载"跳转正常,该类元素共18个，当前第13个
2020-08-09 18:54:10,026 - 2 - INFO - 页面"电能大亨_电能大亨下载_电能大亨官方下载-最笨下载"跳转正常,该类元素共18个，当前第14个
2020-08-09 18:54:16,159 - 2 - INFO - 页面"驾校模拟器_驾校模拟器下载_驾校模拟器官方下载-最笨下载"跳转正常,该类元素共18个，当前第15个
2020-08-09 18:54:23,697 - 2 - INFO - 页面"暗黑探险2_暗黑探险2下载_暗黑探险2官方下载-最笨下载"跳转正常,该类元素共18个，当前第16个
2020-08-09 18:54:29,877 - 2 - INFO - 页面"风暴山之谜_风暴山之谜下载_风暴山之谜官方下载-最笨下载"跳转正常,该类元素共18个，当前第17个
2020-08-09 18:54:36,033 - 2 - INFO - 页面"炸弹投石机:卡牌战斗_炸弹投石机:卡牌战斗下载_炸弹投石机:卡牌战斗官方下载-最笨下载"跳转正常,该类元素共18个，当前第18个
2020-08-09 18:54:46,265 - 2 - INFO - 页面"变态手游公益服_bt手游变态服_无限元宝bt手游下载_BT手游中心-最笨下载"跳转正常,该类元素共13个，当前第1个
2020-08-09 18:54:46,612 - basepage - INFO - Click back on current page.
2020-08-09 18:54:59,983 - 2 - INFO - 页面"变态手游公益服_bt手游变态服_无限元宝bt手游下载_BT手游中心-最笨下载"跳转正常,该类元素共13个，当前第2个
2020-08-09 18:55:00,378 - basepage - INFO - Click back on current page.
2020-08-09 18:55:10,678 - 2 - INFO - 页面"变态手游公益服_bt手游变态服_无限元宝bt手游下载_BT手游中心-最笨下载"跳转正常,该类元素共13个，当前第3个
2020-08-09 18:55:10,959 - basepage - INFO - Click back on current page.
2020-08-09 18:55:22,817 - 2 - INFO - 页面"变态手游公益服_bt手游变态服_无限元宝bt手游下载_BT手游中心-最笨下载"跳转正常,该类元素共13个，当前第4个
2020-08-09 18:55:23,125 - basepage - INFO - Click back on current page.
2020-08-09 18:55:31,782 - 2 - INFO - 页面"变态手游公益服_bt手游变态服_无限元宝bt手游下载_BT手游中心-最笨下载"跳转正常,该类元素共13个，当前第5个
2020-08-09 18:55:32,112 - basepage - INFO - Click back on current page.
2020-08-09 18:55:41,370 - 2 - INFO - 页面"变态手游公益服_bt手游变态服_无限元宝bt手游下载_BT手游中心-最笨下载"跳转正常,该类元素共13个，当前第6个
2020-08-09 18:55:41,938 - basepage - INFO - Click back on current page.
2020-08-09 18:55:51,327 - 2 - INFO - 页面"变态手游公益服_bt手游变态服_无限元宝bt手游下载_BT手游中心-最笨下载"跳转正常,该类元素共13个，当前第7个
2020-08-09 18:55:51,935 - basepage - INFO - Click back on current page.
2020-08-09 18:56:01,200 - 2 - INFO - 页面"变态手游公益服_bt手游变态服_无限元宝bt手游下载_BT手游中心-最笨下载"跳转正常,该类元素共13个，当前第8个
2020-08-09 18:56:01,651 - basepage - INFO - Click back on current page.
2020-08-09 18:56:12,689 - 2 - INFO - 页面"变态手游公益服_bt手游变态服_无限元宝bt手游下载_BT手游中心-最笨下载"跳转正常,该类元素共13个，当前第9个
2020-08-09 18:56:13,167 - basepage - INFO - Click back on current page.
2020-08-09 18:56:22,494 - 2 - INFO - 页面"变态手游公益服_bt手游变态服_无限元宝bt手游下载_BT手游中心-最笨下载"跳转正常,该类元素共13个，当前第10个
2020-08-09 18:56:22,902 - basepage - INFO - Click back on current page.
2020-08-09 18:56:31,109 - 2 - INFO - 页面"变态手游公益服_bt手游变态服_无限元宝bt手游下载_BT手游中心-最笨下载"跳转正常,该类元素共13个，当前第11个
2020-08-09 18:56:31,602 - basepage - INFO - Click back on current page.
2020-08-09 18:56:38,825 - 2 - ERROR - 页面"404-最笨下载"跳转异常,该类元素共13个，当前第12个
2020-08-09 18:56:39,375 - basepage - INFO - Click back on current page.
2020-08-09 18:56:48,254 - 2 - INFO - 页面"变态手游公益服_bt手游变态服_无限元宝bt手游下载_BT手游中心-最笨下载"跳转正常,该类元素共13个，当前第13个
2020-08-09 18:56:48,554 - basepage - INFO - Click back on current page.
2020-08-09 18:56:56,921 - 2 - INFO - 页面"烈焰遮天（三职业）_烈焰遮天（三职业）无限元宝服_SF变态版烈焰遮天（三职业）公益服下载 - 最笨下载"跳转正常,该类元素共18个，当前第1个
2020-08-09 18:57:03,074 - 2 - INFO - 页面"苍之纪元_苍之纪元无限元宝服_SF变态版苍之纪元公益服下载 - 最笨下载"跳转正常,该类元素共18个，当前第2个
2020-08-09 18:57:09,218 - 2 - INFO - 页面"飞仙问道_飞仙问道无限元宝服_SF变态版飞仙问道公益服下载 - 最笨下载"跳转正常,该类元素共18个，当前第3个
2020-08-09 18:57:15,385 - 2 - INFO - 页面"仙魔令_仙魔令无限元宝服_SF变态版仙魔令公益服下载 - 最笨下载"跳转正常,该类元素共18个，当前第4个
2020-08-09 18:57:21,570 - 2 - INFO - 页面"艾德尔冒险（重制）_艾德尔冒险（重制）无限元宝服_SF变态版艾德尔冒险（重制）公益服下载 - 最笨下载"跳转正常,该类元素共18个，当前第5个
2020-08-09 18:57:27,743 - 2 - INFO - 页面"口袋精灵（送超梦送梦幻）_口袋精灵（送超梦送梦幻）无限元宝服_SF变态版口袋精灵（送超梦送梦幻）公益服下载 - 最笨下载"跳转正常,该类元素共18个，当前第6个
2020-08-09 18:57:33,911 - 2 - INFO - 页面"传奇盛世（高返定制服）_传奇盛世（高返定制服）无限元宝服_SF变态版传奇盛世（高返定制服）公益服下载 - 最笨下载"跳转正常,该类元素共18个，当前第7个
2020-08-09 18:57:40,076 - 2 - INFO - 页面"御剑三国（白漂福利）_御剑三国（白漂福利）无限元宝服_SF变态版御剑三国（白漂福利）公益服下载 - 最笨下载"跳转正常,该类元素共18个，当前第8个
2020-08-09 18:57:46,243 - 2 - INFO - 页面"西游记之大圣归来（送海量充值）_西游记之大圣归来（送海量充值）无限元宝服_SF变态版西游记之大圣归来（送海量充值）公益服下载 - 最笨下载"跳转正常,该类元素共18个，当前第9个
2020-08-09 18:57:52,427 - 2 - INFO - 页面"怒火一刀（天天送充值）_怒火一刀（天天送充值）无限元宝服_SF变态版怒火一刀（天天送充值）公益服下载 - 最笨下载"跳转正常,该类元素共18个，当前第10个
2020-08-09 18:57:59,999 - 2 - INFO - 页面"异能勇者_异能勇者无限元宝服_SF变态版异能勇者公益服下载 - 最笨下载"跳转正常,该类元素共18个，当前第11个
2020-08-09 18:58:06,135 - 2 - INFO - 页面"江湖风云（海量抽充值）_江湖风云（海量抽充值）无限元宝服_SF变态版江湖风云（海量抽充值）公益服下载 - 最笨下载"跳转正常,该类元素共18个，当前第12个
2020-08-09 18:58:12,296 - 2 - INFO - 页面"暴风战记（送2000充值）_暴风战记（送2000充值）无限元宝服_SF变态版暴风战记（送2000充值）公益服下载 - 最笨下载"跳转正常,该类元素共18个，当前第13个
2020-08-09 18:58:18,504 - 2 - INFO - 页面"霸战三国（登录送百抽）_霸战三国（登录送百抽）无限元宝服_SF变态版霸战三国（登录送百抽）公益服下载 - 最笨下载"跳转正常,该类元素共18个，当前第14个
2020-08-09 18:58:24,623 - 2 - INFO - 页面"恋光明（送千元礼包）_恋光明（送千元礼包）无限元宝服_SF变态版恋光明（送千元礼包）公益服下载 - 最笨下载"跳转正常,该类元素共18个，当前第15个
2020-08-09 18:58:30,764 - 2 - INFO - 页面"校花的贴身高手：天阶岛_校花的贴身高手：天阶岛无限元宝服_SF变态版校花的贴身高手：天阶岛公益服下载 - 最笨下载"跳转正常,该类元素共18个，当前第16个
2020-08-09 18:58:36,900 - 2 - INFO - 页面"天宫传说_天宫传说无限元宝服_SF变态版天宫传说公益服下载 - 最笨下载"跳转正常,该类元素共18个，当前第17个
2020-08-09 18:58:43,065 - 2 - INFO - 页面"圣魂_圣魂无限元宝服_SF变态版圣魂公益服下载 - 最笨下载"跳转正常,该类元素共18个，当前第18个
2020-08-09 18:58:52,764 - 2 - INFO - 页面"满vip版手游_手游sf送顶级vip_满级vip无限元宝手游下载-最笨下载"跳转正常,该类元素共13个，当前第1个
2020-08-09 18:58:53,150 - basepage - INFO - Click back on current page.
2020-08-09 18:59:03,555 - 2 - INFO - 页面"满vip版手游_手游sf送顶级vip_满级vip无限元宝手游下载-最笨下载"跳转正常,该类元素共13个，当前第2个
2020-08-09 18:59:03,884 - basepage - INFO - Click back on current page.
2020-08-09 18:59:12,753 - 2 - INFO - 页面"满vip版手游_手游sf送顶级vip_满级vip无限元宝手游下载-最笨下载"跳转正常,该类元素共13个，当前第3个
2020-08-09 18:59:13,116 - basepage - INFO - Click back on current page.
2020-08-09 18:59:24,840 - 2 - INFO - 页面"满vip版手游_手游sf送顶级vip_满级vip无限元宝手游下载-最笨下载"跳转正常,该类元素共13个，当前第4个
2020-08-09 18:59:25,166 - basepage - INFO - Click back on current page.
2020-08-09 18:59:33,931 - 2 - INFO - 页面"满vip版手游_手游sf送顶级vip_满级vip无限元宝手游下载-最笨下载"跳转正常,该类元素共13个，当前第5个
2020-08-09 18:59:34,365 - basepage - INFO - Click back on current page.
2020-08-09 18:59:44,004 - 2 - INFO - 页面"满vip版手游_手游sf送顶级vip_满级vip无限元宝手游下载-最笨下载"跳转正常,该类元素共13个，当前第6个
2020-08-09 18:59:44,483 - basepage - INFO - Click back on current page.
2020-08-09 18:59:53,356 - 2 - INFO - 页面"满vip版手游_手游sf送顶级vip_满级vip无限元宝手游下载-最笨下载"跳转正常,该类元素共13个，当前第7个
2020-08-09 18:59:53,835 - basepage - INFO - Click back on current page.
2020-08-09 19:00:04,696 - 2 - INFO - 页面"满vip版手游_手游sf送顶级vip_满级vip无限元宝手游下载-最笨下载"跳转正常,该类元素共13个，当前第8个
2020-08-09 19:00:05,317 - basepage - INFO - Click back on current page.
2020-08-09 19:00:15,687 - 2 - INFO - 页面"满vip版手游_手游sf送顶级vip_满级vip无限元宝手游下载-最笨下载"跳转正常,该类元素共13个，当前第9个
2020-08-09 19:00:16,306 - basepage - INFO - Click back on current page.
2020-08-09 19:00:36,105 - 2 - INFO - 页面"满vip版手游_手游sf送顶级vip_满级vip无限元宝手游下载-最笨下载"跳转正常,该类元素共13个，当前第10个
2020-08-09 19:00:36,739 - basepage - INFO - Click back on current page.
2020-08-09 19:00:44,712 - 2 - INFO - 页面"满vip版手游_手游sf送顶级vip_满级vip无限元宝手游下载-最笨下载"跳转正常,该类元素共13个，当前第11个
2020-08-09 19:00:45,217 - basepage - INFO - Click back on current page.
2020-08-09 19:00:51,889 - 2 - ERROR - 页面"404-最笨下载"跳转异常,该类元素共13个，当前第12个
2020-08-09 19:00:52,495 - basepage - INFO - Click back on current page.
2020-08-09 19:01:00,414 - 2 - INFO - 页面"满vip版手游_手游sf送顶级vip_满级vip无限元宝手游下载-最笨下载"跳转正常,该类元素共13个，当前第13个
2020-08-09 19:01:01,317 - basepage - INFO - Click back on current page.
2020-08-09 19:01:09,703 - 2 - INFO - 页面"战龙归来（送千元礼包）_战龙归来（送千元礼包）无限元宝服_SF变态版战龙归来（送千元礼包）公益服下载 - 最笨下载"跳转正常,该类元素共18个，当前第1个
2020-08-09 19:01:15,842 - 2 - INFO - 页面"斩仙录（送海量充值）_斩仙录（送海量充值）无限元宝服_SF变态版斩仙录（送海量充值）公益服下载 - 最笨下载"跳转正常,该类元素共18个，当前第2个
2020-08-09 19:01:21,972 - 2 - INFO - 页面"仙风道骨（送GM海量充）_仙风道骨（送GM海量充）无限元宝服_SF变态版仙风道骨（送GM海量充）公益服下载 - 最笨下载"跳转正常,该类元素共18个，当前第3个
2020-08-09 19:01:28,111 - 2 - INFO - 页面"口袋暴龙（海量特权）_口袋暴龙（海量特权）无限元宝服_SF变态版口袋暴龙（海量特权）公益服下载 - 最笨下载"跳转正常,该类元素共18个，当前第4个
2020-08-09 19:01:34,247 - 2 - INFO - 页面"苍穹灭（星耀特权）_苍穹灭（星耀特权）无限元宝服_SF变态版苍穹灭（星耀特权）公益服下载 - 最笨下载"跳转正常,该类元素共18个，当前第5个
2020-08-09 19:01:40,380 - 2 - INFO - 页面"传奇世界之仗剑天涯（至尊特权）_传奇世界之仗剑天涯（至尊特权）无限元宝服_SF变态版传奇世界之仗剑天涯（至尊特权）公益服下载 - 最笨下载"跳转正常,该类元素共18个，当前第6个
2020-08-09 19:01:46,517 - 2 - INFO - 页面"三国之旅（日送千充）_三国之旅（日送千充）无限元宝服_SF变态版三国之旅（日送千充）公益服下载 - 最笨下载"跳转正常,该类元素共18个，当前第7个
2020-08-09 19:01:52,651 - 2 - INFO - 页面"神魔传说（登录送神器）_神魔传说（登录送神器）无限元宝服_SF变态版神魔传说（登录送神器）公益服下载 - 最笨下载"跳转正常,该类元素共18个，当前第8个
2020-08-09 19:01:58,814 - 2 - INFO - 页面"魔剑侠缘（万元兑换）_魔剑侠缘（万元兑换）无限元宝服_SF变态版魔剑侠缘（万元兑换）公益服下载 - 最笨下载"跳转正常,该类元素共18个，当前第9个
2020-08-09 19:02:04,982 - 2 - INFO - 页面"疯神之战（送海量充值）_疯神之战（送海量充值）无限元宝服_SF变态版疯神之战（送海量充值）公益服下载 - 最笨下载"跳转正常,该类元素共18个，当前第10个
2020-08-09 19:02:11,118 - 2 - INFO - 页面"崩坏西游（送1688元充值）_崩坏西游（送1688元充值）无限元宝服_SF变态版崩坏西游（送1688元充值）公益服下载 - 最笨下载"跳转正常,该类元素共18个，当前第11个
2020-08-09 19:02:17,244 - 2 - INFO - 页面"破坏神（星耀特权）_破坏神（星耀特权）无限元宝服_SF变态版破坏神（星耀特权）公益服下载 - 最笨下载"跳转正常,该类元素共18个，当前第12个
2020-08-09 19:02:23,387 - 2 - INFO - 页面"影刃传说（天天送千充）_影刃传说（天天送千充）无限元宝服_SF变态版影刃传说（天天送千充）公益服下载 - 最笨下载"跳转正常,该类元素共18个，当前第13个
2020-08-09 19:02:29,514 - 2 - INFO - 页面"跑跑西游（送海量真充）_跑跑西游（送海量真充）无限元宝服_SF变态版跑跑西游（送海量真充）公益服下载 - 最笨下载"跳转正常,该类元素共18个，当前第14个
2020-08-09 19:02:35,642 - 2 - INFO - 页面"霸王传（送海量充值）_霸王传（送海量充值）无限元宝服_SF变态版霸王传（送海量充值）公益服下载 - 最笨下载"跳转正常,该类元素共18个，当前第15个
2020-08-09 19:02:41,780 - 2 - INFO - 页面"美人传（美人百抽）_美人传（美人百抽）无限元宝服_SF变态版美人传（美人百抽）公益服下载 - 最笨下载"跳转正常,该类元素共18个，当前第16个
2020-08-09 19:02:48,272 - 2 - INFO - 页面"侠客游（海量元宝）_侠客游（海量元宝）无限元宝服_SF变态版侠客游（海量元宝）公益服下载 - 最笨下载"跳转正常,该类元素共18个，当前第17个
2020-08-09 19:02:54,435 - 2 - INFO - 页面"混沌西游（星耀送充值）_混沌西游（星耀送充值）无限元宝服_SF变态版混沌西游（星耀送充值）公益服下载 - 最笨下载"跳转正常,该类元素共18个，当前第18个
2020-08-09 19:03:01,574 - 2 - INFO - 页面"gm版手游_无限元宝/钻石公益服_0元免费gm权限手游下载-最笨下载"跳转正常,该类元素共13个，当前第1个
2020-08-09 19:03:01,974 - basepage - INFO - Click back on current page.
2020-08-09 19:03:10,101 - 2 - INFO - 页面"gm版手游_无限元宝/钻石公益服_0元免费gm权限手游下载-最笨下载"跳转正常,该类元素共13个，当前第2个
2020-08-09 19:03:10,706 - basepage - INFO - Click back on current page.
2020-08-09 19:03:18,718 - 2 - INFO - 页面"gm版手游_无限元宝/钻石公益服_0元免费gm权限手游下载-最笨下载"跳转正常,该类元素共13个，当前第3个
2020-08-09 19:03:19,493 - basepage - INFO - Click back on current page.
2020-08-09 19:03:27,536 - 2 - INFO - 页面"gm版手游_无限元宝/钻石公益服_0元免费gm权限手游下载-最笨下载"跳转正常,该类元素共13个，当前第4个
2020-08-09 19:03:27,850 - basepage - INFO - Click back on current page.
2020-08-09 19:03:35,949 - 2 - INFO - 页面"gm版手游_无限元宝/钻石公益服_0元免费gm权限手游下载-最笨下载"跳转正常,该类元素共13个，当前第5个
2020-08-09 19:03:36,504 - basepage - INFO - Click back on current page.
2020-08-09 19:03:44,370 - 2 - INFO - 页面"gm版手游_无限元宝/钻石公益服_0元免费gm权限手游下载-最笨下载"跳转正常,该类元素共13个，当前第6个
2020-08-09 19:03:44,971 - basepage - INFO - Click back on current page.
2020-08-09 19:03:52,764 - 2 - INFO - 页面"gm版手游_无限元宝/钻石公益服_0元免费gm权限手游下载-最笨下载"跳转正常,该类元素共13个，当前第7个
2020-08-09 19:03:53,091 - basepage - INFO - Click back on current page.
2020-08-09 19:04:01,002 - 2 - INFO - 页面"gm版手游_无限元宝/钻石公益服_0元免费gm权限手游下载-最笨下载"跳转正常,该类元素共13个，当前第8个
2020-08-09 19:04:01,562 - basepage - INFO - Click back on current page.
2020-08-09 19:04:09,503 - 2 - INFO - 页面"gm版手游_无限元宝/钻石公益服_0元免费gm权限手游下载-最笨下载"跳转正常,该类元素共13个，当前第9个
2020-08-09 19:04:10,096 - basepage - INFO - Click back on current page.
2020-08-09 19:04:18,033 - 2 - INFO - 页面"gm版手游_无限元宝/钻石公益服_0元免费gm权限手游下载-最笨下载"跳转正常,该类元素共13个，当前第10个
2020-08-09 19:04:18,386 - basepage - INFO - Click back on current page.
2020-08-09 19:04:26,550 - 2 - INFO - 页面"gm版手游_无限元宝/钻石公益服_0元免费gm权限手游下载-最笨下载"跳转正常,该类元素共13个，当前第11个
2020-08-09 19:04:27,193 - basepage - INFO - Click back on current page.
2020-08-09 19:04:33,865 - 2 - ERROR - 页面"404-最笨下载"跳转异常,该类元素共13个，当前第12个
2020-08-09 19:04:34,488 - basepage - INFO - Click back on current page.
2020-08-09 19:04:42,332 - 2 - INFO - 页面"gm版手游_无限元宝/钻石公益服_0元免费gm权限手游下载-最笨下载"跳转正常,该类元素共13个，当前第13个
2020-08-09 19:04:42,738 - basepage - INFO - Click back on current page.
2020-08-09 19:04:51,140 - 2 - INFO - 页面"仙游（GM版）_仙游（GM版）免费gm权限安卓下载 - 最笨下载"跳转正常,该类元素共18个，当前第1个
2020-08-09 19:04:57,302 - 2 - INFO - 页面"高达（GM版）_高达（GM版）免费gm权限安卓下载 - 最笨下载"跳转正常,该类元素共18个，当前第2个
2020-08-09 19:05:03,484 - 2 - INFO - 页面"暗黑王者（GM版）_暗黑王者（GM版）免费gm权限安卓下载 - 最笨下载"跳转正常,该类元素共18个，当前第3个
2020-08-09 19:05:09,628 - 2 - INFO - 页面"问鼎封神（GM版）_问鼎封神（GM版）免费gm权限安卓下载 - 最笨下载"跳转正常,该类元素共18个，当前第4个
2020-08-09 19:05:15,776 - 2 - INFO - 页面"仙剑轮回（GM版）_仙剑轮回（GM版）免费gm权限安卓下载 - 最笨下载"跳转正常,该类元素共18个，当前第5个
2020-08-09 19:05:21,909 - 2 - INFO - 页面"神道仙尊（GM版）_神道仙尊（GM版）免费gm权限安卓下载 - 最笨下载"跳转正常,该类元素共18个，当前第6个
2020-08-09 19:05:28,047 - 2 - INFO - 页面"大将无双（GM版）_大将无双（GM版）免费gm权限安卓下载 - 最笨下载"跳转正常,该类元素共18个，当前第7个
2020-08-09 19:05:34,221 - 2 - INFO - 页面"青云剑诀（GM版）_青云剑诀（GM版）免费gm权限安卓下载 - 最笨下载"跳转正常,该类元素共18个，当前第8个
2020-08-09 19:05:40,399 - 2 - INFO - 页面"寂灭剑诀（GM版）_寂灭剑诀（GM版）免费gm权限安卓下载 - 最笨下载"跳转正常,该类元素共18个，当前第9个
2020-08-09 19:05:46,558 - 2 - INFO - 页面"封神记（GM版）_封神记（GM版）免费gm权限安卓下载 - 最笨下载"跳转正常,该类元素共18个，当前第10个
2020-08-09 19:05:52,723 - 2 - INFO - 页面"豪门小老婆（GM版）_豪门小老婆（GM版）免费gm权限安卓下载 - 最笨下载"跳转正常,该类元素共18个，当前第11个
2020-08-09 19:05:58,861 - 2 - INFO - 页面"三生三誓青丘传（GM版）_三生三誓青丘传（GM版）免费gm权限安卓下载 - 最笨下载"跳转正常,该类元素共18个，当前第12个
2020-08-09 19:06:05,000 - 2 - INFO - 页面"毒尊三国（GM版）_毒尊三国（GM版）免费gm权限安卓下载 - 最笨下载"跳转正常,该类元素共18个，当前第13个
2020-08-09 19:06:11,151 - 2 - INFO - 页面"乱世神话（GM版）_乱世神话（GM版）免费gm权限安卓下载 - 最笨下载"跳转正常,该类元素共18个，当前第14个
2020-08-09 19:06:17,290 - 2 - INFO - 页面"天子问剑（GM版）_天子问剑（GM版）免费gm权限安卓下载 - 最笨下载"跳转正常,该类元素共18个，当前第15个
2020-08-09 19:06:23,435 - 2 - INFO - 页面"风云三国（GM版）_风云三国（GM版）免费gm权限安卓下载 - 最笨下载"跳转正常,该类元素共18个，当前第16个
2020-08-09 19:06:29,569 - 2 - INFO - 页面"古惑三国志（GM版）_古惑三国志（GM版）免费gm权限安卓下载 - 最笨下载"跳转正常,该类元素共18个，当前第17个
2020-08-09 19:06:35,708 - 2 - INFO - 页面"少年悟空传（GM版）_少年悟空传（GM版）免费gm权限安卓下载 - 最笨下载"跳转正常,该类元素共18个，当前第18个
2020-08-09 19:06:49,266 - 2 - INFO - 页面"免费权限GM游戏"跳转正常,该类元素共4个，当前第1个
2020-08-09 19:06:49,903 - basepage - INFO - Click back on current page.
2020-08-09 19:06:58,388 - 2 - INFO - 页面"聊天回复神器合集"跳转正常,该类元素共4个，当前第2个
2020-08-09 19:06:59,167 - basepage - INFO - Click back on current page.
2020-08-09 19:07:34,735 - 2 - INFO - 页面"超变私服传奇一刀999999级"跳转正常,该类元素共4个，当前第3个
2020-08-09 19:07:35,625 - basepage - INFO - Click back on current page.
2020-08-09 19:07:53,632 - 2 - INFO - 页面"美女爆衣游戏手游"跳转正常,该类元素共4个，当前第4个
2020-08-09 19:07:54,251 - basepage - INFO - Click back on current page.
2020-08-09 19:08:02,067 - 2 - INFO - 页面"【苹果播放器】iPhone手机播放器,iPhone播放器免费下载大全-最笨下载"跳转正常,该类元素共20个，当前第1个
2020-08-09 19:08:02,691 - basepage - INFO - Click back on current page.
2020-08-09 19:08:09,721 - 2 - INFO - 页面"【苹果学习软件】iPhone手机学习软件_iPhone学习软件免费下载大全-最笨下载"跳转正常,该类元素共20个，当前第2个
2020-08-09 19:08:10,003 - basepage - INFO - Click back on current page.
2020-08-09 19:08:17,082 - 2 - INFO - 页面"【苹果辅助软件】iPhone手机辅助软件_iPhone辅助软件免费下载大全-最笨下载"跳转正常,该类元素共20个，当前第3个
2020-08-09 19:08:17,783 - basepage - INFO - Click back on current page.
2020-08-09 19:08:25,049 - 2 - INFO - 页面"【苹果输入法】iPhone手机输入法_iPhone输入法免费下载大全-最笨下载"跳转正常,该类元素共20个，当前第4个
2020-08-09 19:08:25,441 - basepage - INFO - Click back on current page.
2020-08-09 19:08:33,652 - 2 - INFO - 页面"【苹果通信软件】iPhone手机通信软件_iPhone通信软件免费下载大全-最笨下载"跳转正常,该类元素共20个，当前第5个
2020-08-09 19:08:34,073 - basepage - INFO - Click back on current page.
2020-08-09 19:08:41,223 - 2 - INFO - 页面"【苹果固件】iPhone手机固件软件_iPhone固件软件免费下载大全-最笨下载"跳转正常,该类元素共20个，当前第6个
2020-08-09 19:08:41,627 - basepage - INFO - Click back on current page.
2020-08-09 19:08:48,825 - 2 - INFO - 页面"【苹果文件管理软件】iPhone手机文件管理软件_iPhone文件管理软件免费下载大全-最笨下载"跳转正常,该类元素共20个，当前第7个
2020-08-09 19:08:49,186 - basepage - INFO - Click back on current page.
2020-08-09 19:08:56,709 - 2 - INFO - 页面"【苹果同步软件】iPhone手机同步软件_iPhone同步软件免费下载大全-最笨下载"跳转正常,该类元素共20个，当前第8个
2020-08-09 19:08:57,087 - basepage - INFO - Click back on current page.
2020-08-09 19:09:04,310 - 2 - INFO - 页面"【苹果办公软件】iPhone手机办公软件_iPhone办公软件免费下载大全-最笨下载"跳转正常,该类元素共20个，当前第9个
2020-08-09 19:09:05,350 - basepage - INFO - Click back on current page.
2020-08-09 19:09:12,897 - 2 - INFO - 页面"【苹果新闻软件】iPhone手机新闻软件_iPhone新闻软件免费下载大全-最笨下载"跳转正常,该类元素共20个，当前第10个
2020-08-09 19:09:13,497 - basepage - INFO - Click back on current page.
2020-08-09 19:09:20,893 - 2 - INFO - 页面"【苹果理财软件】iPhone手机理财软件_iPhone理财软件免费下载大全-最笨下载"跳转正常,该类元素共20个，当前第11个
2020-08-09 19:09:21,182 - basepage - INFO - Click back on current page.
2020-08-09 19:09:28,619 - 2 - INFO - 页面"【苹果备份软件】iPhone手机备份软件_iPhone备份软件免费下载大全-最笨下载"跳转正常,该类元素共20个，当前第12个
2020-08-09 19:09:29,197 - basepage - INFO - Click back on current page.
2020-08-09 19:09:36,294 - 2 - INFO - 页面"【苹果健身软件】iPhone手机健身软件_iPhone健身软件免费下载大全-最笨下载"跳转正常,该类元素共20个，当前第13个
2020-08-09 19:09:36,712 - basepage - INFO - Click back on current page.
2020-08-09 19:09:43,940 - 2 - INFO - 页面"【苹果健康管理软件】iPhone手机健康管理软件_iPhone健康管理软件免费下载大全-最笨下载"跳转正常,该类元素共20个，当前第14个
2020-08-09 19:09:44,333 - basepage - INFO - Click back on current page.
2020-08-09 19:09:51,538 - 2 - INFO - 页面"【苹果系统软件】iPhone手机系统软件_iPhone系统软件免费下载大全-最笨下载"跳转正常,该类元素共20个，当前第15个
2020-08-09 19:09:52,052 - basepage - INFO - Click back on current page.
2020-08-09 19:09:58,962 - 2 - INFO - 页面"【苹果社交软件】iphone手机社交软件_iphone社交软件免费下载大全-最笨下载"跳转正常,该类元素共20个，当前第16个
2020-08-09 19:09:59,320 - basepage - INFO - Click back on current page.
2020-08-09 19:10:05,939 - 2 - INFO - 页面"【苹果娱乐软件】iPhone手机娱乐软件_iPhone娱乐软件免费下载大全-最笨下载"跳转正常,该类元素共20个，当前第17个
2020-08-09 19:10:06,417 - basepage - INFO - Click back on current page.
2020-08-09 19:10:13,842 - 2 - INFO - 页面"【苹果导航】iPhone手机导航软件,iPhone导航软件免费下载大全-最笨下载"跳转正常,该类元素共20个，当前第18个
2020-08-09 19:10:14,479 - basepage - INFO - Click back on current page.
2020-08-09 19:10:21,607 - 2 - INFO - 页面"【苹果网络软件】iPhone手机网络软件,iPhone网络软件免费下载大全-最笨下载"跳转正常,该类元素共20个，当前第19个
2020-08-09 19:10:21,884 - basepage - INFO - Click back on current page.
2020-08-09 19:10:28,834 - 2 - INFO - 页面"【苹果助手软件】iPhone生活助手软件_iPhone生活助手软件免费下载大全-最笨下载"跳转正常,该类元素共20个，当前第20个
2020-08-09 19:10:29,224 - basepage - INFO - Click back on current page.
2020-08-09 19:10:37,622 - 2 - INFO - 页面"安致手游盒子ios版_安致手游盒子ios版下载_安致手游盒子ios版官方下载-最笨下载"跳转正常,该类元素共18个，当前第1个
2020-08-09 19:10:43,799 - 2 - INFO - 页面"爪游控游戏盒子ios版_爪游控游戏盒子ios版下载_爪游控游戏盒子ios版官方下载-最笨下载"跳转正常,该类元素共18个，当前第2个
2020-08-09 19:10:49,957 - 2 - INFO - 页面"手机玩盒子ios版_手机玩盒子ios版下载_手机玩盒子ios版官方下载-最笨下载"跳转正常,该类元素共18个，当前第3个
2020-08-09 19:10:56,096 - 2 - INFO - 页面"蜜小助ios版_蜜小助ios版下载_蜜小助ios版官方下载-最笨下载"跳转正常,该类元素共18个，当前第4个
2020-08-09 19:11:02,255 - 2 - INFO - 页面"BT游戏大全ios_BT游戏大全ios下载_BT游戏大全ios官方下载-最笨下载"跳转正常,该类元素共18个，当前第5个
2020-08-09 19:11:08,409 - 2 - INFO - 页面"小8游戏盒子ios_小8游戏盒子ios下载_小8游戏盒子ios官方下载-最笨下载"跳转正常,该类元素共18个，当前第6个
2020-08-09 19:11:14,566 - 2 - INFO - 页面"安卓市场ios版_安卓市场ios版下载_安卓市场ios版官方下载-最笨下载"跳转正常,该类元素共18个，当前第7个
2020-08-09 19:11:20,712 - 2 - INFO - 页面"剪映_剪映下载_剪映官方下载-最笨下载"跳转正常,该类元素共18个，当前第8个
2020-08-09 19:11:26,857 - 2 - INFO - 页面"吾爱看书ios版_吾爱看书ios版下载_吾爱看书ios版官方下载-最笨下载"跳转正常,该类元素共18个，当前第9个
2020-08-09 19:11:32,988 - 2 - INFO - 页面"7743游戏平台_7743游戏平台下载_7743游戏平台官方下载-最笨下载"跳转正常,该类元素共18个，当前第10个
2020-08-09 19:11:39,114 - 2 - INFO - 页面"搜书帝ios_搜书帝ios下载_搜书帝ios官方下载-最笨下载"跳转正常,该类元素共18个，当前第11个
2020-08-09 19:11:45,238 - 2 - INFO - 页面"大塘小鱼_大塘小鱼下载_大塘小鱼官方下载-最笨下载"跳转正常,该类元素共18个，当前第12个
2020-08-09 19:11:51,374 - 2 - INFO - 页面"花溪小说_花溪小说下载_花溪小说官方下载-最笨下载"跳转正常,该类元素共18个，当前第13个
2020-08-09 19:11:57,513 - 2 - INFO - 页面"手译_手译下载_手译官方下载-最笨下载"跳转正常,该类元素共18个，当前第14个
2020-08-09 19:12:03,687 - 2 - INFO - 页面"sjcam_sjcam下载_sjcam官方下载-最笨下载"跳转正常,该类元素共18个，当前第15个
2020-08-09 19:12:09,864 - 2 - INFO - 页面"WearHeart_WearHeart下载_WearHeart官方下载-最笨下载"跳转正常,该类元素共18个，当前第16个
2020-08-09 19:12:15,992 - 2 - INFO - 页面"仓鼠阅读_仓鼠阅读下载_仓鼠阅读官方下载-最笨下载"跳转正常,该类元素共18个，当前第17个
2020-08-09 19:12:22,158 - 2 - INFO - 页面"漫番漫画_漫番漫画下载_漫番漫画官方下载-最笨下载"跳转正常,该类元素共18个，当前第18个
2020-08-09 19:12:31,243 - 2 - INFO - 页面"变态手游公益服_bt手游变态服_无限元宝bt手游下载_BT手游中心-最笨下载"跳转正常,该类元素共13个，当前第1个
2020-08-09 19:12:31,572 - basepage - INFO - Click back on current page.
2020-08-09 19:12:39,556 - 2 - INFO - 页面"变态手游公益服_bt手游变态服_无限元宝bt手游下载_BT手游中心-最笨下载"跳转正常,该类元素共13个，当前第2个
2020-08-09 19:12:39,932 - basepage - INFO - Click back on current page.
2020-08-09 19:12:48,944 - 2 - INFO - 页面"变态手游公益服_bt手游变态服_无限元宝bt手游下载_BT手游中心-最笨下载"跳转正常,该类元素共13个，当前第3个
2020-08-09 19:12:49,440 - basepage - INFO - Click back on current page.
2020-08-09 19:12:57,966 - 2 - INFO - 页面"变态手游公益服_bt手游变态服_无限元宝bt手游下载_BT手游中心-最笨下载"跳转正常,该类元素共13个，当前第4个
2020-08-09 19:12:58,452 - basepage - INFO - Click back on current page.
2020-08-09 19:13:06,585 - 2 - INFO - 页面"变态手游公益服_bt手游变态服_无限元宝bt手游下载_BT手游中心-最笨下载"跳转正常,该类元素共13个，当前第5个
2020-08-09 19:13:07,136 - basepage - INFO - Click back on current page.
2020-08-09 19:13:17,179 - 2 - INFO - 页面"变态手游公益服_bt手游变态服_无限元宝bt手游下载_BT手游中心-最笨下载"跳转正常,该类元素共13个，当前第6个
2020-08-09 19:13:17,574 - basepage - INFO - Click back on current page.
2020-08-09 19:13:25,865 - 2 - INFO - 页面"变态手游公益服_bt手游变态服_无限元宝bt手游下载_BT手游中心-最笨下载"跳转正常,该类元素共13个，当前第7个
2020-08-09 19:13:26,206 - basepage - INFO - Click back on current page.
2020-08-09 19:13:34,377 - 2 - INFO - 页面"变态手游公益服_bt手游变态服_无限元宝bt手游下载_BT手游中心-最笨下载"跳转正常,该类元素共13个，当前第8个
2020-08-09 19:13:34,899 - basepage - INFO - Click back on current page.
2020-08-09 19:13:43,705 - 2 - INFO - 页面"变态手游公益服_bt手游变态服_无限元宝bt手游下载_BT手游中心-最笨下载"跳转正常,该类元素共13个，当前第9个
2020-08-09 19:13:44,379 - basepage - INFO - Click back on current page.
2020-08-09 19:13:53,700 - 2 - INFO - 页面"变态手游公益服_bt手游变态服_无限元宝bt手游下载_BT手游中心-最笨下载"跳转正常,该类元素共13个，当前第10个
2020-08-09 19:13:54,534 - basepage - INFO - Click back on current page.
2020-08-09 19:14:03,048 - 2 - INFO - 页面"变态手游公益服_bt手游变态服_无限元宝bt手游下载_BT手游中心-最笨下载"跳转正常,该类元素共13个，当前第11个
2020-08-09 19:14:03,561 - basepage - INFO - Click back on current page.
2020-08-09 19:14:10,478 - 2 - ERROR - 页面"404-最笨下载"跳转异常,该类元素共13个，当前第12个
2020-08-09 19:14:11,011 - basepage - INFO - Click back on current page.
2020-08-09 19:14:19,752 - 2 - INFO - 页面"变态手游公益服_bt手游变态服_无限元宝bt手游下载_BT手游中心-最笨下载"跳转正常,该类元素共13个，当前第13个
2020-08-09 19:14:20,127 - basepage - INFO - Click back on current page.
2020-08-09 19:14:28,508 - 2 - INFO - 页面"无双魏蜀吴（折扣特权）_无双魏蜀吴（折扣特权）无限元宝服_SF变态版无双魏蜀吴（折扣特权）公益服下载 - 最笨下载"跳转正常,该类元素共18个，当前第1个
2020-08-09 19:14:34,674 - 2 - INFO - 页面"兵器少女（无门槛送充）_兵器少女（无门槛送充）无限元宝服_SF变态版兵器少女（无门槛送充）公益服下载 - 最笨下载"跳转正常,该类元素共18个，当前第2个
2020-08-09 19:14:40,832 - 2 - INFO - 页面"乱斗三国_乱斗三国无限元宝服_SF变态版乱斗三国公益服下载 - 最笨下载"跳转正常,该类元素共18个，当前第3个
2020-08-09 19:14:46,973 - 2 - INFO - 页面"塔防镇魂师（送328代金券）_塔防镇魂师（送328代金券）无限元宝服_SF变态版塔防镇魂师（送328代金券）公益服下载 - 最笨下载"跳转正常,该类元素共18个，当前第4个
2020-08-09 19:14:53,142 - 2 - INFO - 页面"恋三国（送百抽）_恋三国（送百抽）无限元宝服_SF变态版恋三国（送百抽）公益服下载 - 最笨下载"跳转正常,该类元素共18个，当前第5个
2020-08-09 19:14:59,299 - 2 - INFO - 页面"风云天下·重燃（海量抽充值）_风云天下·重燃（海量抽充值）无限元宝服_SF变态版风云天下·重燃（海量抽充值）公益服下载 - 最笨下载"跳转正常,该类元素共18个，当前第6个
2020-08-09 19:15:05,443 - 2 - INFO - 页面"一剑成仙（海量打金）_一剑成仙（海量打金）无限元宝服_SF变态版一剑成仙（海量打金）公益服下载 - 最笨下载"跳转正常,该类元素共18个，当前第7个
2020-08-09 19:15:12,941 - 2 - INFO - 页面"天域幻想（送海量充值）_天域幻想（送海量充值）无限元宝服_SF变态版天域幻想（送海量充值）公益服下载 - 最笨下载"跳转正常,该类元素共18个，当前第8个
2020-08-09 19:15:20,321 - 2 - INFO - 页面"修仙无双（折扣特权）_修仙无双（折扣特权）无限元宝服_SF变态版修仙无双（折扣特权）公益服下载 - 最笨下载"跳转正常,该类元素共18个，当前第9个
2020-08-09 19:15:28,130 - 2 - INFO - 页面"天诀_天诀无限元宝服_SF变态版天诀公益服下载 - 最笨下载"跳转正常,该类元素共18个，当前第10个
2020-08-09 19:15:34,282 - 2 - INFO - 页面"乱世江湖（卖血送真充）_乱世江湖（卖血送真充）无限元宝服_SF变态版乱世江湖（卖血送真充）公益服下载 - 最笨下载"跳转正常,该类元素共18个，当前第11个
2020-08-09 19:15:40,427 - 2 - INFO - 页面"联盟契约（送神将百抽）_联盟契约（送神将百抽）无限元宝服_SF变态版联盟契约（送神将百抽）公益服下载 - 最笨下载"跳转正常,该类元素共18个，当前第12个
2020-08-09 19:15:46,579 - 2 - INFO - 页面"九灵神域_九灵神域无限元宝服_SF变态版九灵神域公益服下载 - 最笨下载"跳转正常,该类元素共18个，当前第13个
2020-08-09 19:15:52,732 - 2 - INFO - 页面"教主之家（至尊特权）_教主之家（至尊特权）无限元宝服_SF变态版教主之家（至尊特权）公益服下载 - 最笨下载"跳转正常,该类元素共18个，当前第14个
2020-08-09 19:16:02,936 - 2 - INFO - 页面"魔星狂点（送海量连抽）_魔星狂点（送海量连抽）无限元宝服_SF变态版魔星狂点（送海量连抽）公益服下载 - 最笨下载"跳转正常,该类元素共18个，当前第15个
2020-08-09 19:16:09,071 - 2 - INFO - 页面"主公别闹_主公别闹无限元宝服_SF变态版主公别闹公益服下载 - 最笨下载"跳转正常,该类元素共18个，当前第16个
2020-08-09 19:16:16,174 - 2 - INFO - 页面"全民祖玛（爆装加强版）_全民祖玛（爆装加强版）无限元宝服_SF变态版全民祖玛（爆装加强版）公益服下载 - 最笨下载"跳转正常,该类元素共18个，当前第17个
2020-08-09 19:16:22,306 - 2 - INFO - 页面"天天怼三国（送千元充值）_天天怼三国（送千元充值）无限元宝服_SF变态版天天怼三国（送千元充值）公益服下载 - 最笨下载"跳转正常,该类元素共18个，当前第18个
2020-08-09 19:16:30,045 - 2 - INFO - 页面"满vip版手游_手游sf送顶级vip_满级vip无限元宝手游下载-最笨下载"跳转正常,该类元素共13个，当前第1个
2020-08-09 19:16:30,381 - basepage - INFO - Click back on current page.
2020-08-09 19:16:38,590 - 2 - INFO - 页面"满vip版手游_手游sf送顶级vip_满级vip无限元宝手游下载-最笨下载"跳转正常,该类元素共13个，当前第2个
2020-08-09 19:16:39,166 - basepage - INFO - Click back on current page.
2020-08-09 19:16:49,179 - 2 - INFO - 页面"满vip版手游_手游sf送顶级vip_满级vip无限元宝手游下载-最笨下载"跳转正常,该类元素共13个，当前第3个
2020-08-09 19:16:49,837 - basepage - INFO - Click back on current page.
2020-08-09 19:16:57,956 - 2 - INFO - 页面"满vip版手游_手游sf送顶级vip_满级vip无限元宝手游下载-最笨下载"跳转正常,该类元素共13个，当前第4个
2020-08-09 19:16:58,471 - basepage - INFO - Click back on current page.
2020-08-09 19:17:06,463 - 2 - INFO - 页面"满vip版手游_手游sf送顶级vip_满级vip无限元宝手游下载-最笨下载"跳转正常,该类元素共13个，当前第5个
2020-08-09 19:17:07,029 - basepage - INFO - Click back on current page.
2020-08-09 19:17:16,932 - 2 - INFO - 页面"满vip版手游_手游sf送顶级vip_满级vip无限元宝手游下载-最笨下载"跳转正常,该类元素共13个，当前第6个
2020-08-09 19:17:17,247 - basepage - INFO - Click back on current page.
2020-08-09 19:17:27,048 - 2 - INFO - 页面"满vip版手游_手游sf送顶级vip_满级vip无限元宝手游下载-最笨下载"跳转正常,该类元素共13个，当前第7个
2020-08-09 19:17:27,533 - basepage - INFO - Click back on current page.
2020-08-09 19:17:35,704 - 2 - INFO - 页面"满vip版手游_手游sf送顶级vip_满级vip无限元宝手游下载-最笨下载"跳转正常,该类元素共13个，当前第8个
2020-08-09 19:17:36,215 - basepage - INFO - Click back on current page.
2020-08-09 19:17:44,351 - 2 - INFO - 页面"满vip版手游_手游sf送顶级vip_满级vip无限元宝手游下载-最笨下载"跳转正常,该类元素共13个，当前第9个
2020-08-09 19:17:44,903 - basepage - INFO - Click back on current page.
2020-08-09 19:17:53,596 - 2 - INFO - 页面"满vip版手游_手游sf送顶级vip_满级vip无限元宝手游下载-最笨下载"跳转正常,该类元素共13个，当前第10个
2020-08-09 19:17:54,153 - basepage - INFO - Click back on current page.
2020-08-09 19:18:02,090 - 2 - INFO - 页面"满vip版手游_手游sf送顶级vip_满级vip无限元宝手游下载-最笨下载"跳转正常,该类元素共13个，当前第11个
2020-08-09 19:18:02,466 - basepage - INFO - Click back on current page.
2020-08-09 19:18:09,144 - 2 - ERROR - 页面"404-最笨下载"跳转异常,该类元素共13个，当前第12个
2020-08-09 19:18:10,191 - basepage - INFO - Click back on current page.
2020-08-09 19:18:19,001 - 2 - INFO - 页面"满vip版手游_手游sf送顶级vip_满级vip无限元宝手游下载-最笨下载"跳转正常,该类元素共13个，当前第13个
2020-08-09 19:18:19,664 - basepage - INFO - Click back on current page.
2020-08-09 19:18:28,056 - 2 - INFO - 页面"屠龙世界（送GM特权）_屠龙世界（送GM特权）无限元宝服_SF变态版屠龙世界（送GM特权）公益服下载 - 最笨下载"跳转正常,该类元素共18个，当前第1个
2020-08-09 19:18:34,204 - 2 - INFO - 页面"将军道（送百连海量抽）_将军道（送百连海量抽）无限元宝服_SF变态版将军道（送百连海量抽）公益服下载 - 最笨下载"跳转正常,该类元素共18个，当前第2个
2020-08-09 19:18:40,336 - 2 - INFO - 页面"七战（无门槛送首充）_七战（无门槛送首充）无限元宝服_SF变态版七战（无门槛送首充）公益服下载 - 最笨下载"跳转正常,该类元素共18个，当前第3个
2020-08-09 19:18:46,473 - 2 - INFO - 页面"炼金国度（送1000元充值）_炼金国度（送1000元充值）无限元宝服_SF变态版炼金国度（送1000元充值）公益服下载 - 最笨下载"跳转正常,该类元素共18个，当前第4个
2020-08-09 19:18:52,627 - 2 - INFO - 页面"冒险王2（送海量充值）_冒险王2（送海量充值）无限元宝服_SF变态版冒险王2（送海量充值）公益服下载 - 最笨下载"跳转正常,该类元素共18个，当前第5个
2020-08-09 19:18:58,781 - 2 - INFO - 页面"帝国光辉（每日送1000R）_帝国光辉（每日送1000R）无限元宝服_SF变态版帝国光辉（每日送1000R）公益服下载 - 最笨下载"跳转正常,该类元素共18个，当前第6个
2020-08-09 19:19:04,924 - 2 - INFO - 页面"围攻大菠萝（送328充值）_围攻大菠萝（送328充值）无限元宝服_SF变态版围攻大菠萝（送328充值）公益服下载 - 最笨下载"跳转正常,该类元素共18个，当前第7个
2020-08-09 19:19:11,092 - 2 - INFO - 页面"女神联盟2（送500充值）_女神联盟2（送500充值）无限元宝服_SF变态版女神联盟2（送500充值）公益服下载 - 最笨下载"跳转正常,该类元素共18个，当前第8个
2020-08-09 19:19:17,244 - 2 - INFO - 页面"九天仙梦（商城特权）_九天仙梦（商城特权）无限元宝服_SF变态版九天仙梦（商城特权）公益服下载 - 最笨下载"跳转正常,该类元素共18个，当前第9个
2020-08-09 19:19:23,383 - 2 - INFO - 页面"仙剑缘（星耀特权）_仙剑缘（星耀特权）无限元宝服_SF变态版仙剑缘（星耀特权）公益服下载 - 最笨下载"跳转正常,该类元素共18个，当前第10个
2020-08-09 19:19:29,523 - 2 - INFO - 页面"我叫MT：奇幻之旅（送一万连抽）_我叫MT：奇幻之旅（送一万连抽）无限元宝服_SF变态版我叫MT：奇幻之旅（送一万连抽）公益服下载 - 最笨下载"跳转正常,该类元素共18个，当前第11个
2020-08-09 19:19:35,655 - 2 - INFO - 页面"天天驯兽师（每日送百抽）_天天驯兽师（每日送百抽）无限元宝服_SF变态版天天驯兽师（每日送百抽）公益服下载 - 最笨下载"跳转正常,该类元素共18个，当前第12个
2020-08-09 19:19:41,807 - 2 - INFO - 页面"神契幻奇谭（海量特权）_神契幻奇谭（海量特权）无限元宝服_SF变态版神契幻奇谭（海量特权）公益服下载 - 最笨下载"跳转正常,该类元素共18个，当前第13个
2020-08-09 19:19:47,960 - 2 - INFO - 页面"冒险者集结（送650充值）_冒险者集结（送650充值）无限元宝服_SF变态版冒险者集结（送650充值）公益服下载 - 最笨下载"跳转正常,该类元素共18个，当前第14个
2020-08-09 19:19:54,096 - 2 - INFO - 页面"御剑封神录（送海量充值）_御剑封神录（送海量充值）无限元宝服_SF变态版御剑封神录（送海量充值）公益服下载 - 最笨下载"跳转正常,该类元素共18个，当前第15个
2020-08-09 19:20:00,225 - 2 - INFO - 页面"无敌战舰（送百元充值）_无敌战舰（送百元充值）无限元宝服_SF变态版无敌战舰（送百元充值）公益服下载 - 最笨下载"跳转正常,该类元素共18个，当前第16个
2020-08-09 19:20:06,363 - 2 - INFO - 页面"孤龙山（送GM海量充）_孤龙山（送GM海量充）无限元宝服_SF变态版孤龙山（送GM海量充）公益服下载 - 最笨下载"跳转正常,该类元素共18个，当前第17个
2020-08-09 19:20:12,491 - 2 - INFO - 页面"圣痕觉醒（送万元充值）_圣痕觉醒（送万元充值）无限元宝服_SF变态版圣痕觉醒（送万元充值）公益服下载 - 最笨下载"跳转正常,该类元素共18个，当前第18个
2020-08-09 19:20:20,974 - 2 - INFO - 页面"【苹果益智休闲游戏】好玩的iPhone益智休闲游戏大全_iPhone益智休闲类游戏下载-最笨下载"跳转正常,该类元素共16个，当前第1个
2020-08-09 19:20:21,390 - basepage - INFO - Click back on current page.
2020-08-09 19:20:28,464 - 2 - INFO - 页面"【苹果其他游戏】好玩的iphone其他游戏大全_iphone其他类游戏下载-最笨下载"跳转正常,该类元素共16个，当前第2个
2020-08-09 19:20:28,857 - basepage - INFO - Click back on current page.
2020-08-09 19:20:36,106 - 2 - INFO - 页面"【苹果音乐游戏】好玩的iphone音乐游戏大全_iphone音乐类游戏下载-最笨下载"跳转正常,该类元素共16个，当前第3个
2020-08-09 19:20:36,676 - basepage - INFO - Click back on current page.
2020-08-09 19:20:44,099 - 2 - INFO - 页面"【苹果网络游戏】好玩的iphone网络游戏大全_iphone网络类游戏下载-最笨下载"跳转正常,该类元素共16个，当前第4个
2020-08-09 19:20:44,474 - basepage - INFO - Click back on current page.
2020-08-09 19:20:51,701 - 2 - INFO - 页面"【苹果格斗游戏】好玩的iPhone格斗游戏大全_iPhone格斗类游戏下载-最笨下载"跳转正常,该类元素共16个，当前第5个
2020-08-09 19:20:52,068 - basepage - INFO - Click back on current page.
2020-08-09 19:20:59,795 - 2 - INFO - 页面"【苹果飞行游戏】好玩的iPhone飞行游戏大全_iPhone飞行类游戏下载-最笨下载"跳转正常,该类元素共16个，当前第6个
2020-08-09 19:21:00,476 - basepage - INFO - Click back on current page.
2020-08-09 19:21:08,027 - 2 - INFO - 页面"【苹果体育运动游戏】好玩的iPhone体育运动游戏大全_iPhone体育运动类游戏下载-最笨下载"跳转正常,该类元素共16个，当前第7个
2020-08-09 19:21:08,873 - basepage - INFO - Click back on current page.
2020-08-09 19:21:16,232 - 2 - INFO - 页面"【苹果模拟经营游戏】好玩的iPhone模拟经营游戏大全_iPhone模拟经营类游戏下载-最笨下载"跳转正常,该类元素共16个，当前第8个
2020-08-09 19:21:16,566 - basepage - INFO - Click back on current page.
2020-08-09 19:21:23,243 - 2 - INFO - 页面"【苹果策略游戏】好玩的iphone策略游戏大全_iphone策略类游戏下载-最笨下载"跳转正常,该类元素共16个，当前第9个
2020-08-09 19:21:23,911 - basepage - INFO - Click back on current page.
2020-08-09 19:21:31,047 - 2 - INFO - 页面"【苹果塔防游戏】好玩的iphone塔防游戏大全_iphone塔防类游戏下载-最笨下载"跳转正常,该类元素共16个，当前第10个
2020-08-09 19:21:31,405 - basepage - INFO - Click back on current page.
2020-08-09 19:21:38,748 - 2 - INFO - 页面"【苹果解谜游戏】好玩的iphone解谜游戏大全_iphone解谜类游戏下载-最笨下载"跳转正常,该类元素共16个，当前第11个
2020-08-09 19:21:39,151 - basepage - INFO - Click back on current page.
2020-08-09 19:21:49,756 - 2 - INFO - 页面"【苹果射击游戏】好玩的iphone射击游戏大全_iphone射击类游戏下载-最笨下载"跳转正常,该类元素共16个，当前第12个
2020-08-09 19:21:50,537 - basepage - INFO - Click back on current page.
2020-08-09 19:21:57,698 - 2 - INFO - 页面"【苹果棋牌游戏】好玩的iphone棋牌游戏大全_iphone棋牌类游戏下载-最笨下载"跳转正常,该类元素共16个，当前第13个
2020-08-09 19:21:58,222 - basepage - INFO - Click back on current page.
2020-08-09 19:22:05,839 - 2 - INFO - 页面"【苹果赛车游戏】好玩的iPhone赛车游戏大全_iPhone赛车类游戏下载-最笨下载"跳转正常,该类元素共16个，当前第14个
2020-08-09 19:22:06,257 - basepage - INFO - Click back on current page.
2020-08-09 19:22:17,920 - 2 - INFO - 页面"【苹果角色扮演游戏】好玩的iphone角色扮演游戏_iPhone角色扮演类游戏下载-最笨下载"跳转正常,该类元素共16个，当前第15个
2020-08-09 19:22:18,433 - basepage - INFO - Click back on current page.
2020-08-09 19:22:25,358 - 2 - INFO - 页面"【安卓动作游戏】好玩的iPhone动作游戏大全_iPhone动作类游戏下载-最笨下载"跳转正常,该类元素共16个，当前第16个
2020-08-09 19:22:25,685 - basepage - INFO - Click back on current page.
2020-08-09 19:22:34,142 - 2 - INFO - 页面"冒险王2（送海量充值）ios版_冒险王2（送海量充值）ios版下载_冒险王2（送海量充值）ios版官方下载-最笨下载"跳转正常,该类元素共18个，当前第1个
2020-08-09 19:22:40,297 - 2 - INFO - 页面"恋三国（送百抽）ios版_恋三国（送百抽）ios版下载_恋三国（送百抽）ios版官方下载-最笨下载"跳转正常,该类元素共18个，当前第2个
2020-08-09 19:22:46,498 - 2 - INFO - 页面"屠龙世界（送GM特权）ios版_屠龙世界（送GM特权）ios版下载_屠龙世界（送GM特权）ios版官方下载-最笨下载"跳转正常,该类元素共18个，当前第3个
2020-08-09 19:22:52,637 - 2 - INFO - 页面"将军道（送百连海量抽）ios版_将军道（送百连海量抽）ios版下载_将军道（送百连海量抽）ios版官方下载-最笨下载"跳转正常,该类元素共18个，当前第4个
2020-08-09 19:22:58,775 - 2 - INFO - 页面"塔防镇魂师（送328代金券）ios版_塔防镇魂师（送328代金券）ios版下载_塔防镇魂师（送328代金券）ios版官方下载-最笨下载"跳转正常,该类元素共18个，当前第5个
2020-08-09 19:23:04,952 - 2 - INFO - 页面"乱斗三国ios版_乱斗三国ios版下载_乱斗三国ios版官方下载-最笨下载"跳转正常,该类元素共18个，当前第6个
2020-08-09 19:23:11,107 - 2 - INFO - 页面"兵器少女（无门槛送充）ios版_兵器少女（无门槛送充）ios版下载_兵器少女（无门槛送充）ios版官方下载-最笨下载"跳转正常,该类元素共18个，当前第7个
2020-08-09 19:23:17,438 - 2 - INFO - 页面"猎手之王ios版_猎手之王ios版下载_猎手之王ios版官方下载-最笨下载"跳转正常,该类元素共18个，当前第8个
2020-08-09 19:23:23,624 - 2 - INFO - 页面"古墓迷城ios版_古墓迷城ios版下载_古墓迷城ios版官方下载-最笨下载"跳转正常,该类元素共18个，当前第9个
2020-08-09 19:23:29,768 - 2 - INFO - 页面"国战纪元ios版_国战纪元ios版下载_国战纪元ios版官方下载-最笨下载"跳转正常,该类元素共18个，当前第10个
2020-08-09 19:23:35,902 - 2 - INFO - 页面"天诀ios版_天诀ios版下载_天诀ios版官方下载-最笨下载"跳转正常,该类元素共18个，当前第11个
2020-08-09 19:23:42,044 - 2 - INFO - 页面"仙剑缘（星耀特权）ios版_仙剑缘（星耀特权）ios版下载_仙剑缘（星耀特权）ios版官方下载-最笨下载"跳转正常,该类元素共18个，当前第12个
2020-08-09 19:23:48,174 - 2 - INFO - 页面"九灵神域ios版_九灵神域ios版下载_九灵神域ios版官方下载-最笨下载"跳转正常,该类元素共18个，当前第13个
2020-08-09 19:23:54,311 - 2 - INFO - 页面"天之命（海量特权）ios版_天之命（海量特权）ios版下载_天之命（海量特权）ios版官方下载-最笨下载"跳转正常,该类元素共18个，当前第14个
2020-08-09 19:24:04,345 - 2 - INFO - 页面"魔剑侠缘（星耀特权）ios版_魔剑侠缘（星耀特权）ios版下载_魔剑侠缘（星耀特权）ios版官方下载-最笨下载"跳转正常,该类元素共18个，当前第15个
2020-08-09 19:24:10,473 - 2 - INFO - 页面"仙灵世界（复古绿色服）ios版_仙灵世界（复古绿色服）ios版下载_仙灵世界（复古绿色服）ios版官方下载-最笨下载"跳转正常,该类元素共18个，当前第16个
2020-08-09 19:24:16,597 - 2 - INFO - 页面"风之剑舞（至尊特权）ios版_风之剑舞（至尊特权）ios版下载_风之剑舞（至尊特权）ios版官方下载-最笨下载"跳转正常,该类元素共18个，当前第17个
2020-08-09 19:24:22,731 - 2 - INFO - 页面"塔塔星座（送328充值）ios版_塔塔星座（送328充值）ios版下载_塔塔星座（送328充值）ios版官方下载-最笨下载"跳转正常,该类元素共18个，当前第18个
2020-08-09 19:24:51,767 - 2 - INFO - 页面"ios无限元宝的手游"跳转正常,该类元素共4个，当前第1个
2020-08-09 19:24:52,354 - basepage - INFO - Click back on current page.
2020-08-09 19:24:59,979 - 2 - INFO - 页面"gm手游助手ios"跳转正常,该类元素共4个，当前第2个
2020-08-09 19:25:00,675 - basepage - INFO - Click back on current page.
2020-08-09 19:25:16,303 - 2 - INFO - 页面"ios变态服游戏"跳转正常,该类元素共4个，当前第3个
2020-08-09 19:25:16,829 - basepage - INFO - Click back on current page.
2020-08-09 19:25:25,106 - 2 - INFO - 页面"ios看小说神器"跳转正常,该类元素共4个，当前第4个
2020-08-09 19:25:25,721 - basepage - INFO - Click back on current page.
2020-08-09 19:25:34,585 - 2 - INFO - 页面"【最笨周末活动】8.7周末活动海量惊喜等你来拿"跳转正常,该类元素共4个，当前第1个
2020-08-09 19:25:35,023 - basepage - INFO - Click back on current page.
2020-08-09 19:25:45,455 - 2 - INFO - 页面"【最笨周末活动】7月10日晴了一夏周末福利活动"跳转正常,该类元素共4个，当前第2个
2020-08-09 19:25:45,958 - basepage - INFO - Click back on current page.
2020-08-09 19:25:52,794 - 2 - INFO - 页面"【最笨周末活动】7月3日清凉一夏活动来袭~"跳转正常,该类元素共4个，当前第3个
2020-08-09 19:25:53,058 - basepage - INFO - Click back on current page.
2020-08-09 19:26:00,321 - 2 - INFO - 页面"【最笨周末活动】7月31日周末活动火热来袭~"跳转正常,该类元素共4个，当前第4个
2020-08-09 19:26:00,607 - basepage - INFO - Click back on current page.
2020-08-09 19:26:06,705 - 2 - INFO - 页面"帝国霸业银河生存如何快速获取母舰 快速获取母"跳转正常,该类元素共20个，当前第1个
2020-08-09 19:26:12,869 - 2 - INFO - 页面"和软天空一样的软件有哪些"跳转正常,该类元素共20个，当前第2个
2020-08-09 19:26:18,997 - 2 - INFO - 页面"有什么软件是帮助别人高情商回复信息"跳转正常,该类元素共20个，当前第3个
2020-08-09 19:26:25,179 - 2 - INFO - 页面"和微信一样的小说软件有哪些"跳转正常,该类元素共20个，当前第4个
2020-08-09 19:26:31,363 - 2 - INFO - 页面"秘乐怎么兑换铭文"跳转正常,该类元素共20个，当前第5个
2020-08-09 19:26:37,515 - 2 - INFO - 页面"炉石传说通灵学院控制萨卡组怎么搭配 通灵学院"跳转正常,该类元素共20个，当前第6个
2020-08-09 19:26:43,683 - 2 - INFO - 页面"阴阳师白藏主狐影白狩如何获得 白藏主狐影白狩"跳转正常,该类元素共20个，当前第7个
2020-08-09 19:26:49,828 - 2 - INFO - 页面"炉石传说t7猎卡组2020搭配推荐"跳转正常,该类元素共20个，当前第8个
2020-08-09 19:26:55,986 - 2 - INFO - 页面"王者荣耀2020玄策出装铭文怎么搭配 玄策出装铭文"跳转正常,该类元素共20个，当前第9个
2020-08-09 19:27:02,135 - 2 - INFO - 页面"绝地求生灵敏度怎么调最稳2020年 灵敏度调整推荐"跳转正常,该类元素共20个，当前第10个
2020-08-09 19:27:23,515 - 2 - INFO - 页面"不用wifi也能玩的游戏女生 不用wifi也能玩的女生"跳转正常,该类元素共20个，当前第11个
2020-08-09 19:27:55,483 - 2 - INFO - 页面"自由度高的手机武侠单机游戏 高自由武侠单机手"跳转正常,该类元素共20个，当前第12个
2020-08-09 19:28:25,834 - 2 - INFO - 页面"安卓苹果混服传奇手游 安卓与苹果混服传奇手游"跳转正常,该类元素共20个，当前第13个
2020-08-09 19:28:31,972 - 2 - INFO - 页面"恋爱话术库破解版苹果版-撩妹恋爱话术库app苹果"跳转正常,该类元素共20个，当前第14个
2020-08-09 19:28:38,172 - 2 - INFO - 页面"火影忍者单机版破解版-火影忍者手游单机版破解"跳转正常,该类元素共20个，当前第15个
2020-08-09 19:28:44,311 - 2 - INFO - 页面"2020新版球球大作战炫光在哪里买"跳转正常,该类元素共20个，当前第16个
2020-08-09 19:28:50,463 - 2 - INFO - 页面"dnf手游怎么举报玩家"跳转正常,该类元素共20个，当前第17个
2020-08-09 19:28:56,586 - 2 - INFO - 页面"烟雨江湖田鹏学什么武功好"跳转正常,该类元素共20个，当前第18个
2020-08-09 19:29:02,730 - 2 - INFO - 页面"烟雨江湖孟翔怎么培养"跳转正常,该类元素共20个，当前第19个
2020-08-09 19:29:08,869 - 2 - INFO - 页面"我的世界路灯怎么做好看"跳转正常,该类元素共20个，当前第20个
2020-08-09 19:30:17,792 - 2 - INFO - 页面"apk3安卓网-2020最新apk安卓游戏-热门apk软件下载平台"跳转正常,该类元素共34个，当前第1个
2020-08-09 19:30:26,422 - 2 - INFO - 页面"小游戏,在线小游戏,小游戏大全,双人小游戏,3199小游戏"跳转正常,该类元素共34个，当前第2个
2020-08-09 19:30:32,934 - 2 - INFO - 页面"中文网站排行榜_alexa排行 - 爱站网站排行榜"跳转正常,该类元素共34个，当前第3个
2020-08-09 19:30:53,018 - 2 - INFO - 页面"9号下载_下载软件_免费下载单机游戏_手机游戏下载大全"跳转正常,该类元素共34个，当前第4个
2020-08-09 19:32:03,921 - 2 - INFO - 页面"软件下载中心_绿色免费软件,手机游戏|软件下载,到超人软件站"跳转正常,该类元素共34个，当前第5个
2020-08-09 19:32:31,105 - 2 - INFO - 页面"系统圣地,绿色免费软件,手游下载等软件下载网站"跳转正常,该类元素共34个，当前第6个
2020-08-09 19:32:41,091 - 2 - INFO - 页面"天天安卓模拟器_安卓模拟器电脑版下载_天天模拟器官网"跳转正常,该类元素共34个，当前第7个
2020-08-09 19:33:27,413 - 2 - INFO - 页面"好看小说推荐_热门小说大全_小说排行榜 - 玖陆文学"跳转正常,该类元素共34个，当前第8个
2020-08-09 19:33:33,552 - 2 - INFO - 页面"www.iefans.net"跳转正常,该类元素共34个，当前第9个
2020-08-09 19:34:14,675 - 2 - INFO - 页面"bt手游平台_满v手游公益服_gm手游排行榜_3733游戏盒子官网"跳转正常,该类元素共34个，当前第10个
2020-08-09 19:35:24,373 - 2 - INFO - 页面"bt公益服变态手游排行榜前十名[新开公测热门+在线人多+免费大型网游]新开最热门好玩人气高的网络游戏有什么_安卓苹果ios客户端游戏下载大全_8979游戏官网"跳转正常,该类元素共34个，当前第11个
2020-08-09 19:35:30,534 - 2 - INFO - 页面"【破解版手机游戏】手机破解游戏下载_安卓手机游戏破解版下载大全-最笨下载"跳转正常,该类元素共34个，当前第12个
2020-08-09 19:35:36,689 - 2 - INFO - 页面"windows10系统之家 - 系统之家提供win10专业版,ISO镜像,企业版等win10系统下载"跳转正常,该类元素共34个，当前第13个
2020-08-09 19:35:43,273 - 2 - INFO - 页面"39整形美容_中国专业医学整形美容门户"跳转正常,该类元素共34个，当前第14个
2020-08-09 19:35:52,939 - 2 - INFO - 页面"零度软件园_官方软件下载_绿色软件_游戏下载_值得信赖的下载站！"跳转正常,该类元素共34个，当前第15个
2020-08-09 19:35:59,333 - 2 - INFO - 页面"单机游戏_单机游戏下载大全中文版下载_好玩的单机游戏下载基地 - 99单机游戏"跳转正常,该类元素共34个，当前第16个
2020-08-09 19:36:09,452 - 2 - INFO - 页面"安卓市场_安卓游戏破解版下载_单机破解版游戏大全_手机网游下载"跳转正常,该类元素共34个，当前第17个
2020-08-09 19:37:06,623 - 2 - INFO - 页面"手机游戏下载-手机软件下载-电脑软件下载-小黑游戏"跳转正常,该类元素共34个，当前第18个
2020-08-09 19:37:15,609 - 2 - INFO - 页面"手机游戏_手机游戏排行榜_好玩的手机游戏_安卓手机游戏推荐_易玩网"跳转正常,该类元素共34个，当前第19个
2020-08-09 19:47:21,807 - 2 - ERROR - 进入"游戏"模块异常
2020-08-09 19:52:21,809 - 2 - ERROR - xpath有误,站点结构改了？
2020-08-09 19:57:21,814 - 2 - ERROR - xpath有误,站点结构改了？
2020-08-09 20:02:21,824 - 2 - ERROR - 进入"应用"模块异常
2020-08-09 20:07:21,829 - 2 - ERROR - xpath有误,站点结构改了？
2020-08-09 20:12:21,834 - 2 - ERROR - xpath有误,站点结构改了？
2020-08-09 20:17:21,841 - 2 - ERROR - 进入"资讯"模块异常
2020-08-09 20:22:21,844 - 2 - ERROR - xpath有误,站点结构改了？
2020-08-09 20:27:21,848 - 2 - ERROR - xpath有误,站点结构改了？
2020-08-09 20:32:21,855 - 2 - ERROR - 进入"专题"模块异常
2020-08-09 20:42:21,863 - 2 - ERROR - 进入"电脑"模块异常
2020-08-09 20:47:21,866 - 2 - ERROR - xpath有误,站点结构改了？
2020-08-09 20:52:21,871 - 2 - ERROR - 进入"APP大全"模块异常
2020-08-09 20:57:21,875 - 2 - ERROR - xpath有误,站点结构改了？
2020-08-09 20:57:21,876 - basepage - INFO - zuiben自动化测试结束
