2020-09-03 18:20:05,707 - basepage - INFO - zuiben自动化测试开始
2020-09-03 18:20:05,710 - basepage - INFO - 隐性等待 10 秒
2020-09-03 18:20:11,469 - basepage - INFO - 跳转至https://www.zuiben.com/
2020-09-03 18:20:13,595 - basepage - INFO - 窗口已经最大化
2020-09-03 18:20:18,316 - 2 - INFO - 页面"【安卓游戏】好玩的安卓游戏下载_安卓游戏排行榜_安卓游戏免费下载大全-最笨下载"跳转正常,该类元素共21个，当前第1个
2020-09-03 18:20:18,566 - basepage - INFO - Click back on current page.
2020-09-03 18:20:23,821 - 2 - INFO - 页面"变态手游公益服_bt手游变态服_无限元宝bt手游下载_BT手游中心-最笨下载"跳转正常,该类元素共21个，当前第2个
2020-09-03 18:20:24,074 - basepage - INFO - Click back on current page.
2020-09-03 18:20:28,387 - 2 - INFO - 页面"gm版手游_无限元宝/钻石公益服_0元免费gm权限手游下载-最笨下载"跳转正常,该类元素共21个，当前第3个
2020-09-03 18:20:28,604 - basepage - INFO - Click back on current page.
2020-09-03 18:20:34,947 - 2 - INFO - 页面"【苹果游戏】iphone苹果手机游戏下载_iphone苹果游戏排行榜-最笨下载"跳转正常,该类元素共21个，当前第4个
2020-09-03 18:20:35,351 - basepage - INFO - Click back on current page.
2020-09-03 18:20:39,573 - 2 - INFO - 页面"满vip版手游_手游sf送顶级vip_满级vip无限元宝手游下载-最笨下载"跳转正常,该类元素共21个，当前第5个
2020-09-03 18:20:59,847 - basepage - INFO - Click back on current page.
2020-09-03 18:21:05,276 - 2 - INFO - 页面"【安卓软件】安卓软件下载_安卓手机软件下载_安卓软件免费下载大全-最笨下载"跳转正常,该类元素共21个，当前第6个
2020-09-03 18:21:05,497 - basepage - INFO - Click back on current page.
2020-09-03 18:21:10,586 - 2 - INFO - 页面"【苹果软件】iphone苹果下载软件_iphone苹果软件免费下载_苹果软件下载大全-最笨下载"跳转正常,该类元素共21个，当前第7个
2020-09-03 18:21:10,819 - basepage - INFO - Click back on current page.
2020-09-03 18:21:15,341 - 2 - INFO - 页面"【安卓资讯】安卓资讯推荐_安卓资讯大全-最笨下载"跳转正常,该类元素共21个，当前第8个
2020-09-03 18:21:15,553 - basepage - INFO - Click back on current page.
2020-09-03 18:21:19,874 - 2 - INFO - 页面"【安卓游戏攻略】安卓游戏攻略推荐_安卓游戏攻略大全-最笨下载"跳转正常,该类元素共21个，当前第9个
2020-09-03 18:21:20,101 - basepage - INFO - Click back on current page.
2020-09-03 18:21:25,640 - 2 - INFO - 页面"【安卓软件教程】安卓软件教程推荐_安卓软件教程大全-最笨下载"跳转正常,该类元素共21个，当前第10个
2020-09-03 18:21:26,006 - basepage - INFO - Click back on current page.
2020-09-03 18:21:30,624 - 2 - INFO - 页面"【iphone资讯】iphone资讯推荐_iphone资讯大全-最笨下载"跳转正常,该类元素共21个，当前第11个
2020-09-03 18:21:30,835 - basepage - INFO - Click back on current page.
2020-09-03 18:21:35,680 - 2 - INFO - 页面"【iPhone游戏攻略】iPhone游戏攻略推荐_iPhone游戏攻略大全-最笨下载"跳转正常,该类元素共21个，当前第12个
2020-09-03 18:21:36,051 - basepage - INFO - Click back on current page.
2020-09-03 18:21:40,355 - 2 - INFO - 页面"【系统重装教程】电脑重装系统教程_电脑怎么重装系统_重装系统步骤-最笨下载"跳转正常,该类元素共21个，当前第13个
2020-09-03 18:21:40,596 - basepage - INFO - Click back on current page.
2020-09-03 18:21:46,349 - 2 - INFO - 页面"安卓专题-最笨下载"跳转正常,该类元素共21个，当前第14个
2020-09-03 18:21:46,733 - basepage - INFO - Click back on current page.
2020-09-03 18:21:52,692 - 2 - INFO - 页面"游戏专题-最笨下载"跳转正常,该类元素共21个，当前第15个
2020-09-03 18:21:52,967 - basepage - INFO - Click back on current page.
2020-09-03 18:21:58,184 - 2 - INFO - 页面"苹果专题-最笨下载"跳转正常,该类元素共21个，当前第16个
2020-09-03 18:21:58,429 - basepage - INFO - Click back on current page.
2020-09-03 18:22:03,759 - 2 - INFO - 页面"【电脑软件】电脑软件下载_电脑装机必备软件_电脑常用软件下载_电脑软件大全-最笨下载"跳转正常,该类元素共21个，当前第17个
2020-09-03 18:22:03,971 - basepage - INFO - Click back on current page.
2020-09-03 18:22:08,998 - 2 - INFO - 页面"【电脑软件】电脑软件下载_电脑装机必备软件_电脑常用软件下载_电脑软件大全-最笨下载"跳转正常,该类元素共21个，当前第18个
2020-09-03 18:22:09,234 - basepage - INFO - Click back on current page.
2020-09-03 18:22:13,949 - 2 - INFO - 页面"【激活工具】激活windows工具_万能激活工具_windows激活工具下载_自动激活工具-最笨下载"跳转正常,该类元素共21个，当前第19个
2020-09-03 18:22:14,200 - basepage - INFO - Click back on current page.
2020-09-03 18:22:18,383 - 2 - INFO - 页面"【系统重装教程】电脑重装系统教程_电脑怎么重装系统_重装系统步骤-最笨下载"跳转正常,该类元素共21个，当前第20个
2020-09-03 18:22:18,603 - basepage - INFO - Click back on current page.
2020-09-03 18:22:22,765 - 2 - INFO - 页面"【系统重装教程】电脑重装系统教程_电脑怎么重装系统_重装系统步骤-最笨下载"跳转正常,该类元素共21个，当前第21个
2020-09-03 18:22:22,987 - basepage - INFO - Click back on current page.
2020-09-03 18:22:30,876 - 2 - INFO - 页面"家庭教师OL手游"跳转正常,该类元素共10个，当前第1个
2020-09-03 18:22:37,017 - 2 - INFO - 页面"魔女骑士团手游"跳转正常,该类元素共10个，当前第2个
2020-09-03 18:22:43,134 - 2 - INFO - 页面"决胜足球手游"跳转正常,该类元素共10个，当前第3个
2020-09-03 18:22:49,277 - 2 - INFO - 页面"少女战争手游"跳转正常,该类元素共10个，当前第4个
2020-09-03 18:22:55,402 - 2 - INFO - 页面"天神战（魔灵特权）"跳转正常,该类元素共10个，当前第5个
2020-09-03 18:23:01,527 - 2 - INFO - 页面"最Q幻想手游"跳转正常,该类元素共10个，当前第6个
2020-09-03 18:23:07,670 - 2 - INFO - 页面"回到三国志手游"跳转正常,该类元素共10个，当前第7个
2020-09-03 18:23:13,811 - 2 - INFO - 页面"幻游猎人手游"跳转正常,该类元素共10个，当前第8个
2020-09-03 18:23:19,952 - 2 - INFO - 页面"王者荣耀"跳转正常,该类元素共10个，当前第9个
2020-09-03 18:23:26,077 - 2 - INFO - 页面"公主连结手游"跳转正常,该类元素共10个，当前第10个
2020-09-03 18:23:32,215 - 2 - INFO - 页面"魔侠传（开服送2000充）"跳转正常,该类元素共20个，当前第1个
2020-09-03 18:23:38,348 - 2 - INFO - 页面"仙风道骨（送GM海量充）"跳转正常,该类元素共20个，当前第2个
2020-09-03 18:23:44,477 - 2 - INFO - 页面"少年群侠传（送千元充值）"跳转正常,该类元素共20个，当前第3个
2020-09-03 18:23:50,609 - 2 - INFO - 页面"仙灵世界（送海量连抽）"跳转正常,该类元素共20个，当前第4个
2020-09-03 18:23:56,754 - 2 - INFO - 页面"不思议地下城（百抽特权）"跳转正常,该类元素共20个，当前第5个
2020-09-03 18:24:02,895 - 2 - INFO - 页面"妖神记（抽动漫周边）"跳转正常,该类元素共20个，当前第6个
2020-09-03 18:24:09,017 - 2 - INFO - 页面"魔龙诀（全屏爆宝）"跳转正常,该类元素共20个，当前第7个
2020-09-03 18:24:15,164 - 2 - INFO - 页面"天天怼三国（送千元充值）"跳转正常,该类元素共20个，当前第8个
2020-09-03 18:24:21,311 - 2 - INFO - 页面"剑侠风云（送海量充值）"跳转正常,该类元素共20个，当前第9个
2020-09-03 18:24:27,437 - 2 - INFO - 页面"小小三国志（送充值卡）"跳转正常,该类元素共20个，当前第10个
2020-09-03 18:24:33,561 - 2 - INFO - 页面"机甲战纪（送GM特权）"跳转正常,该类元素共20个，当前第11个
2020-09-03 18:24:39,703 - 2 - INFO - 页面"无敌战舰（送百元充值）"跳转正常,该类元素共20个，当前第12个
2020-09-03 18:24:45,858 - 2 - INFO - 页面"大话许仙（钱庄特权）"跳转正常,该类元素共20个，当前第13个
2020-09-03 18:24:51,985 - 2 - INFO - 页面"异能勇者"跳转正常,该类元素共20个，当前第14个
2020-09-03 18:24:58,104 - 2 - INFO - 页面"崩坏西游（送1688元充值）"跳转正常,该类元素共20个，当前第15个
2020-09-03 18:25:04,227 - 2 - INFO - 页面"武动九天（GM免费特权）"跳转正常,该类元素共20个，当前第16个
2020-09-03 18:25:10,364 - 2 - INFO - 页面"冒险之旅（百抽特权）"跳转正常,该类元素共20个，当前第17个
2020-09-03 18:25:16,489 - 2 - INFO - 页面"仙语奇缘（海量特权）"跳转正常,该类元素共20个，当前第18个
2020-09-03 18:25:22,610 - 2 - INFO - 页面"莽荒纪（海量充值卡）"跳转正常,该类元素共20个，当前第19个
2020-09-03 18:25:28,778 - 2 - INFO - 页面"纵剑仙界（送VIP代金券）"跳转正常,该类元素共20个，当前第20个
2020-09-03 18:25:36,694 - 2 - INFO - 页面"魔侠传（开服送2000充）"跳转正常,该类元素共10个，当前第1个
2020-09-03 18:25:42,820 - 2 - INFO - 页面"仙风道骨（送GM海量充）"跳转正常,该类元素共10个，当前第2个
2020-09-03 18:25:48,961 - 2 - INFO - 页面"少年群侠传（送千元充值）"跳转正常,该类元素共10个，当前第3个
2020-09-03 18:25:55,120 - 2 - INFO - 页面"仙灵世界（送海量连抽）"跳转正常,该类元素共10个，当前第4个
2020-09-03 18:26:01,253 - 2 - INFO - 页面"不思议地下城（百抽特权）"跳转正常,该类元素共10个，当前第5个
2020-09-03 18:26:07,386 - 2 - INFO - 页面"妖神记（抽动漫周边）"跳转正常,该类元素共10个，当前第6个
2020-09-03 18:26:13,514 - 2 - INFO - 页面"魔龙诀（全屏爆宝）"跳转正常,该类元素共10个，当前第7个
2020-09-03 18:26:19,655 - 2 - INFO - 页面"天天怼三国（送千元充值）"跳转正常,该类元素共10个，当前第8个
2020-09-03 18:26:25,784 - 2 - INFO - 页面"剑侠风云（送海量充值）"跳转正常,该类元素共10个，当前第9个
2020-09-03 18:26:31,903 - 2 - INFO - 页面"小小三国志（送充值卡）"跳转正常,该类元素共10个，当前第10个
2020-09-03 18:26:38,095 - 2 - INFO - 页面"魔侠传（开服送2000充）"跳转正常,该类元素共20个，当前第1个
2020-09-03 18:26:44,238 - 2 - INFO - 页面"仙风道骨（送GM海量充）"跳转正常,该类元素共20个，当前第2个
2020-09-03 18:26:50,371 - 2 - INFO - 页面"武器之王（满屏爆装）"跳转正常,该类元素共20个，当前第3个
2020-09-03 18:26:56,505 - 2 - INFO - 页面"凡人飞仙传（六界纷争）"跳转正常,该类元素共20个，当前第4个
2020-09-03 18:27:02,623 - 2 - INFO - 页面"少年群侠传（送千元充值）"跳转正常,该类元素共20个，当前第5个
2020-09-03 18:27:08,736 - 2 - INFO - 页面"神龙猎手（开局送万抽）"跳转正常,该类元素共20个，当前第6个
2020-09-03 18:27:14,853 - 2 - INFO - 页面"仙灵世界（送海量连抽）"跳转正常,该类元素共20个，当前第7个
2020-09-03 18:27:21,006 - 2 - INFO - 页面"怒火一刀（天天送充值）"跳转正常,该类元素共20个，当前第8个
2020-09-03 18:27:27,120 - 2 - INFO - 页面"女神联盟2（送500充值）"跳转正常,该类元素共20个，当前第9个
2020-09-03 18:27:33,267 - 2 - INFO - 页面"乱戳三国2（送GM特权）"跳转正常,该类元素共20个，当前第10个
2020-09-03 18:27:39,400 - 2 - INFO - 页面"烈火战神（满屏福利）"跳转正常,该类元素共20个，当前第11个
2020-09-03 18:27:45,908 - 2 - INFO - 页面"九曲封神（送海量充值）"跳转正常,该类元素共20个，当前第12个
2020-09-03 19:02:58,330 - 2 - INFO - 页面"不思议地下城（百抽特权）"跳转正常,该类元素共20个，当前第13个
2020-09-03 19:03:04,411 - 2 - INFO - 页面"妖神记（抽动漫周边）"跳转正常,该类元素共20个，当前第14个
2020-09-03 19:03:10,541 - 2 - INFO - 页面"魔龙诀（全屏爆宝）"跳转正常,该类元素共20个，当前第15个
2020-09-03 19:03:16,663 - 2 - INFO - 页面"天天怼三国（送千元充值）"跳转正常,该类元素共20个，当前第16个
2020-09-03 19:03:22,780 - 2 - INFO - 页面"乱世江湖（天天送充值）"跳转正常,该类元素共20个，当前第17个
2020-09-03 19:03:28,904 - 2 - INFO - 页面"传奇盛世（高返定制服）"跳转正常,该类元素共20个，当前第18个
2020-09-03 19:03:35,026 - 2 - INFO - 页面"黑暗与荣耀（送史诗宠物）"跳转正常,该类元素共20个，当前第19个
2020-09-03 19:03:41,141 - 2 - INFO - 页面"剑侠风云（送海量充值）"跳转正常,该类元素共20个，当前第20个
2020-09-03 19:03:49,058 - 2 - INFO - 页面"魔侠传（开服送2000充）"跳转正常,该类元素共10个，当前第1个
2020-09-03 19:03:55,184 - 2 - INFO - 页面"仙风道骨（送GM海量充）"跳转正常,该类元素共10个，当前第2个
2020-09-03 19:04:01,303 - 2 - INFO - 页面"少年群侠传（送千元充值）"跳转正常,该类元素共10个，当前第3个
2020-09-03 19:04:07,422 - 2 - INFO - 页面"仙灵世界（送海量连抽）"跳转正常,该类元素共10个，当前第4个
2020-09-03 19:04:13,561 - 2 - INFO - 页面"不思议地下城（百抽特权）"跳转正常,该类元素共10个，当前第5个
2020-09-03 19:04:19,686 - 2 - INFO - 页面"妖神记（抽动漫周边）"跳转正常,该类元素共10个，当前第6个
2020-09-03 19:04:25,818 - 2 - INFO - 页面"魔龙诀（全屏爆宝）"跳转正常,该类元素共10个，当前第7个
2020-09-03 19:04:31,959 - 2 - INFO - 页面"天天怼三国（送千元充值）"跳转正常,该类元素共10个，当前第8个
2020-09-03 19:04:38,098 - 2 - INFO - 页面"剑侠风云（送海量充值）"跳转正常,该类元素共10个，当前第9个
2020-09-03 19:04:44,226 - 2 - INFO - 页面"小小三国志（送充值卡）"跳转正常,该类元素共10个，当前第10个
2020-09-03 19:04:50,364 - 2 - INFO - 页面"魔侠传（开服送2000充）"跳转正常,该类元素共20个，当前第1个
2020-09-03 19:04:56,486 - 2 - INFO - 页面"仙风道骨（送GM海量充）"跳转正常,该类元素共20个，当前第2个
2020-09-03 19:05:02,604 - 2 - INFO - 页面"武器之王（满屏爆装）"跳转正常,该类元素共20个，当前第3个
2020-09-03 19:05:08,720 - 2 - INFO - 页面"凡人飞仙传（六界纷争）"跳转正常,该类元素共20个，当前第4个
2020-09-03 19:05:14,836 - 2 - INFO - 页面"少年群侠传（送千元充值）"跳转正常,该类元素共20个，当前第5个
2020-09-03 19:05:20,968 - 2 - INFO - 页面"神龙猎手（开局送万抽）"跳转正常,该类元素共20个，当前第6个
2020-09-03 19:05:27,084 - 2 - INFO - 页面"仙灵世界（送海量连抽）"跳转正常,该类元素共20个，当前第7个
2020-09-03 19:05:33,203 - 2 - INFO - 页面"怒火一刀（天天送充值）"跳转正常,该类元素共20个，当前第8个
2020-09-03 19:05:39,320 - 2 - INFO - 页面"女神联盟2（送500充值）"跳转正常,该类元素共20个，当前第9个
2020-09-03 19:05:45,442 - 2 - INFO - 页面"乱戳三国2（送GM特权）"跳转正常,该类元素共20个，当前第10个
2020-09-03 19:05:51,582 - 2 - INFO - 页面"烈火战神（满屏福利）"跳转正常,该类元素共20个，当前第11个
2020-09-03 19:05:57,703 - 2 - INFO - 页面"九曲封神（送海量充值）"跳转正常,该类元素共20个，当前第12个
2020-09-03 19:06:03,819 - 2 - INFO - 页面"不思议地下城（百抽特权）"跳转正常,该类元素共20个，当前第13个
2020-09-03 19:06:09,934 - 2 - INFO - 页面"妖神记（抽动漫周边）"跳转正常,该类元素共20个，当前第14个
2020-09-03 19:06:16,048 - 2 - INFO - 页面"魔龙诀（全屏爆宝）"跳转正常,该类元素共20个，当前第15个
2020-09-03 19:06:22,164 - 2 - INFO - 页面"天天怼三国（送千元充值）"跳转正常,该类元素共20个，当前第16个
2020-09-03 19:06:28,288 - 2 - INFO - 页面"乱世江湖（天天送充值）"跳转正常,该类元素共20个，当前第17个
2020-09-03 19:06:34,406 - 2 - INFO - 页面"传奇盛世（高返定制服）"跳转正常,该类元素共20个，当前第18个
2020-09-03 19:06:40,519 - 2 - INFO - 页面"黑暗与荣耀（送史诗宠物）"跳转正常,该类元素共20个，当前第19个
2020-09-03 19:06:46,634 - 2 - INFO - 页面"剑侠风云（送海量充值）"跳转正常,该类元素共20个，当前第20个
2020-09-03 19:06:54,268 - 2 - INFO - 页面"《乱戳三国2（送GM特权）》创角即送：VIP18、30"跳转正常,该类元素共1个，当前第1个
2020-09-03 19:06:54,485 - basepage - INFO - Click back on current page.
2020-09-03 19:07:00,017 - 2 - INFO - 页面"《九曲封神（送海量充值）》上线就送VIP8，388"跳转正常,该类元素共1个，当前第1个
2020-09-03 19:07:00,281 - basepage - INFO - Click back on current page.
2020-09-03 19:07:05,813 - 2 - INFO - 页面"《武器之王（满屏爆装）》上线送VIP10，50万福利"跳转正常,该类元素共1个，当前第1个
2020-09-03 19:07:06,069 - basepage - INFO - Click back on current page.
2020-09-03 19:07:11,702 - 2 - INFO - 页面"《怒火一刀（天天送充值）》创角送满Vip，6888"跳转正常,该类元素共1个，当前第1个
2020-09-03 19:07:11,978 - basepage - INFO - Click back on current page.
2020-09-03 19:07:18,944 - 2 - ERROR - 页面"《凡人飞仙传（六界纷争）》上线赠送VIP8、元宝"跳转异常,该类元素共1个，当前第1个
2020-09-03 19:07:19,657 - basepage - INFO - Click back on current page.
2020-09-03 19:07:25,940 - 2 - INFO - 页面"【最笨周末活动】8.7 周末活动海量惊喜等你来拿"跳转正常,该类元素共1个，当前第1个
2020-09-03 19:07:26,196 - basepage - INFO - Click back on current page.
2020-09-03 19:07:31,641 - 2 - INFO - 页面"邪域战灵（送千元充值）"跳转正常,该类元素共12个，当前第1个
2020-09-03 19:07:31,900 - basepage - INFO - Click back on current page.
2020-09-03 19:07:36,812 - 2 - INFO - 页面"蜂之恋（送500充值）"跳转正常,该类元素共12个，当前第2个
2020-09-03 19:07:37,288 - basepage - INFO - Click back on current page.
2020-09-03 19:07:42,181 - 2 - INFO - 页面"战仙传（海量充值特权）"跳转正常,该类元素共12个，当前第3个
2020-09-03 19:07:42,479 - basepage - INFO - Click back on current page.
2020-09-03 19:07:47,230 - 2 - INFO - 页面"捉妖手机（送万抽）"跳转正常,该类元素共12个，当前第4个
2020-09-03 19:07:47,479 - basepage - INFO - Click back on current page.
2020-09-03 19:07:52,508 - 2 - INFO - 页面"口袋高手（狂抽猛送特权）"跳转正常,该类元素共12个，当前第5个
2020-09-03 19:07:52,778 - basepage - INFO - Click back on current page.
2020-09-03 19:07:57,392 - 2 - INFO - 页面"传奇国度（天降红包）"跳转正常,该类元素共12个，当前第6个
2020-09-03 19:07:57,630 - basepage - INFO - Click back on current page.
2020-09-03 19:08:02,573 - 2 - INFO - 页面"圣剑神域（每日送真充）"跳转正常,该类元素共12个，当前第7个
2020-09-03 19:08:02,813 - basepage - INFO - Click back on current page.
2020-09-03 19:08:07,787 - 2 - INFO - 页面"女神竞技场（送SS女神）"跳转正常,该类元素共12个，当前第8个
2020-09-03 19:08:08,044 - basepage - INFO - Click back on current page.
2020-09-03 19:08:13,057 - 2 - INFO - 页面"萌斗魏蜀吴（GM特权）"跳转正常,该类元素共12个，当前第9个
2020-09-03 19:08:13,282 - basepage - INFO - Click back on current page.
2020-09-03 19:08:18,057 - 2 - INFO - 页面"格斗之皇（送328充值）"跳转正常,该类元素共12个，当前第10个
2020-09-03 19:08:18,294 - basepage - INFO - Click back on current page.
2020-09-03 19:08:22,775 - 2 - INFO - 页面"三界轮回（送千元充值）"跳转正常,该类元素共12个，当前第11个
2020-09-03 19:08:23,040 - basepage - INFO - Click back on current page.
2020-09-03 19:08:27,934 - 2 - INFO - 页面"风之幻想web（送1000充值）"跳转正常,该类元素共12个，当前第12个
2020-09-03 19:08:28,197 - basepage - INFO - Click back on current page.
2020-09-03 19:08:33,792 - 2 - INFO - 页面"魔兽世界怀旧服2020年6月7日人口普查一览"跳转正常,该类元素共2个，当前第1个
2020-09-03 19:08:34,076 - basepage - INFO - Click back on current page.
2020-09-03 19:08:41,254 - 2 - INFO - 页面"DNF萌噬噬宠物属性怎么样？萌噬噬属性介绍"跳转正常,该类元素共2个，当前第2个
2020-09-03 19:08:41,775 - basepage - INFO - Click back on current page.
2020-09-03 19:08:48,888 - 2 - INFO - 页面"光遇云野先祖在哪里-云野先祖位置攻略-最笨下载"跳转正常,该类元素共14个，当前第1个
2020-09-03 19:08:49,160 - basepage - INFO - Click back on current page.
2020-09-03 19:08:56,108 - 2 - INFO - 页面"光遇动作怎么升级-动作升级方法攻略-最笨下载"跳转正常,该类元素共14个，当前第2个
2020-09-03 19:08:56,357 - basepage - INFO - Click back on current page.
2020-09-03 19:09:03,203 - 2 - INFO - 页面"光遇大背头怎么得-大背头获得方法攻略-最笨下载"跳转正常,该类元素共14个，当前第3个
2020-09-03 19:09:03,616 - basepage - INFO - Click back on current page.
2020-09-03 19:09:10,552 - 2 - INFO - 页面"修仙在云端技能怎么搭配-技能搭配攻略-最笨下载"跳转正常,该类元素共14个，当前第4个
2020-09-03 19:09:10,808 - basepage - INFO - Click back on current page.
2020-09-03 19:09:17,792 - 2 - INFO - 页面"无极仙途玄武怎么获得-玄武获取攻略-最笨下载"跳转正常,该类元素共14个，当前第5个
2020-09-03 19:09:18,058 - basepage - INFO - Click back on current page.
2020-09-03 19:09:25,047 - 2 - INFO - 页面"枪火重生武器幻道怎么样-武器幻道强度解析-最笨下载"跳转正常,该类元素共14个，当前第6个
2020-09-03 19:09:25,469 - basepage - INFO - Click back on current page.
2020-09-03 19:09:32,670 - 2 - INFO - 页面"战魂铭人人物等级有什么作用-人物等级作用解析-最笨下载"跳转正常,该类元素共14个，当前第7个
2020-09-03 19:09:32,959 - basepage - INFO - Click back on current page.
2020-09-03 19:09:39,765 - 2 - INFO - 页面"星露谷物语香酥鲈鱼有什么用,星露谷物语香酥鲈鱼作用详解-最笨下载"跳转正常,该类元素共14个，当前第8个
2020-09-03 19:09:39,985 - basepage - INFO - Click back on current page.
2020-09-03 19:09:47,091 - 2 - INFO - 页面"QQ飞车手游永恒之灵时装怎么获取-永恒之灵时装获取方法攻略-最笨下载"跳转正常,该类元素共14个，当前第9个
2020-09-03 19:09:47,503 - basepage - INFO - Click back on current page.
2020-09-03 19:09:54,478 - 2 - INFO - 页面"地平线零之曙光破石者如何打-破石者打法攻略-最笨下载"跳转正常,该类元素共14个，当前第10个
2020-09-03 19:09:54,712 - basepage - INFO - Click back on current page.
2020-09-03 19:10:01,678 - 2 - INFO - 页面"糖豆人终极淘汰赛砖头派对怎么玩-砖头派对玩法攻略-最笨下载"跳转正常,该类元素共14个，当前第11个
2020-09-03 19:10:01,903 - basepage - INFO - Click back on current page.
2020-09-03 19:10:08,775 - 2 - INFO - 页面"云顶之弈10.18夜幽法阵容怎么玩-10.18夜幽法阵容攻略-最笨下载"跳转正常,该类元素共14个，当前第12个
2020-09-03 19:10:09,216 - basepage - INFO - Click back on current page.
2020-09-03 19:10:16,071 - 2 - INFO - 页面"宝可梦剑盾双打耿直队阵容怎么搭配-双打耿直队阵容搭配攻略-最笨下载"跳转正常,该类元素共14个，当前第13个
2020-09-03 19:10:16,306 - basepage - INFO - Click back on current page.
2020-09-03 19:10:23,295 - 2 - INFO - 页面"航海王燃烧意志统帅套装怎么样-统帅套装解析-最笨下载"跳转正常,该类元素共14个，当前第14个
2020-09-03 19:10:23,558 - basepage - INFO - Click back on current page.
2020-09-03 19:10:31,993 - 2 - INFO - 页面"灌篮高手手游鱼柱纯技能怎么样-鱼柱纯技能解析"跳转正常,该类元素共2个，当前第1个
2020-09-03 19:10:32,427 - basepage - INFO - Click back on current page.
2020-09-03 19:10:39,535 - 2 - INFO - 页面"江南百景图鬼门关怎么摆放-鬼门关摆放攻略"跳转正常,该类元素共2个，当前第2个
2020-09-03 19:10:39,793 - basepage - INFO - Click back on current page.
2020-09-03 19:10:46,762 - 2 - INFO - 页面"满vip版手游_手游sf送顶级vip_满级vip无限元宝手游下载-最笨下载"跳转正常,该类元素共28个，当前第1个
2020-09-03 19:10:46,991 - basepage - INFO - Click back on current page.
2020-09-03 19:10:53,565 - 2 - INFO - 页面"魔侠传（开服送2000充）_魔侠传（开服送2000充）无限元宝服_SF变态版魔侠传（开服送2000充）公益服下载 - 最笨下载"跳转正常,该类元素共28个，当前第2个
2020-09-03 19:10:54,051 - basepage - INFO - Click back on current page.
2020-09-03 19:11:00,493 - 2 - INFO - 页面"满vip版手游_手游sf送顶级vip_满级vip无限元宝手游下载-最笨下载"跳转正常,该类元素共28个，当前第3个
2020-09-03 19:11:00,755 - basepage - INFO - Click back on current page.
2020-09-03 19:11:07,326 - 2 - INFO - 页面"仙风道骨（送GM海量充）_仙风道骨（送GM海量充）无限元宝服_SF变态版仙风道骨（送GM海量充）公益服下载 - 最笨下载"跳转正常,该类元素共28个，当前第4个
2020-09-03 19:11:07,720 - basepage - INFO - Click back on current page.
2020-09-03 19:11:14,307 - 2 - INFO - 页面"变态手游公益服_bt手游变态服_无限元宝bt手游下载_BT手游中心-最笨下载"跳转正常,该类元素共28个，当前第5个
2020-09-03 19:11:14,570 - basepage - INFO - Click back on current page.
2020-09-03 19:11:21,167 - 2 - INFO - 页面"武器之王（满屏爆装）_武器之王（满屏爆装）无限元宝服_SF变态版武器之王（满屏爆装）公益服下载 - 最笨下载"跳转正常,该类元素共28个，当前第6个
2020-09-03 19:11:21,598 - basepage - INFO - Click back on current page.
2020-09-03 19:11:28,069 - 2 - INFO - 页面"变态手游公益服_bt手游变态服_无限元宝bt手游下载_BT手游中心-最笨下载"跳转正常,该类元素共28个，当前第7个
2020-09-03 19:11:28,457 - basepage - INFO - Click back on current page.
2020-09-03 19:11:35,002 - 2 - INFO - 页面"凡人飞仙传（六界纷争）_凡人飞仙传（六界纷争）无限元宝服_SF变态版凡人飞仙传（六界纷争）公益服下载 - 最笨下载"跳转正常,该类元素共28个，当前第8个
2020-09-03 19:11:35,465 - basepage - INFO - Click back on current page.
2020-09-03 19:11:41,932 - 2 - INFO - 页面"变态手游公益服_bt手游变态服_无限元宝bt手游下载_BT手游中心-最笨下载"跳转正常,该类元素共28个，当前第9个
2020-09-03 19:11:42,203 - basepage - INFO - Click back on current page.
2020-09-03 19:11:48,720 - 2 - INFO - 页面"少年群侠传（送千元充值）_少年群侠传（送千元充值）无限元宝服_SF变态版少年群侠传（送千元充值）公益服下载 - 最笨下载"跳转正常,该类元素共28个，当前第10个
2020-09-03 19:11:49,255 - basepage - INFO - Click back on current page.
2020-09-03 19:11:55,735 - 2 - INFO - 页面"变态手游公益服_bt手游变态服_无限元宝bt手游下载_BT手游中心-最笨下载"跳转正常,该类元素共28个，当前第11个
2020-09-03 19:11:56,018 - basepage - INFO - Click back on current page.
2020-09-03 19:12:02,596 - 2 - INFO - 页面"神龙猎手（开局送万抽）_神龙猎手（开局送万抽）无限元宝服_SF变态版神龙猎手（开局送万抽）公益服下载 - 最笨下载"跳转正常,该类元素共28个，当前第12个
2020-09-03 19:12:03,000 - basepage - INFO - Click back on current page.
2020-09-03 19:12:09,455 - 2 - INFO - 页面"满vip版手游_手游sf送顶级vip_满级vip无限元宝手游下载-最笨下载"跳转正常,该类元素共28个，当前第13个
2020-09-03 19:12:09,719 - basepage - INFO - Click back on current page.
2020-09-03 19:12:16,363 - 2 - INFO - 页面"仙灵世界（送海量连抽）_仙灵世界（送海量连抽）无限元宝服_SF变态版仙灵世界（送海量连抽）公益服下载 - 最笨下载"跳转正常,该类元素共28个，当前第14个
2020-09-03 19:12:16,851 - basepage - INFO - Click back on current page.
2020-09-03 19:12:23,318 - 2 - INFO - 页面"变态手游公益服_bt手游变态服_无限元宝bt手游下载_BT手游中心-最笨下载"跳转正常,该类元素共28个，当前第15个
2020-09-03 19:12:23,584 - basepage - INFO - Click back on current page.
2020-09-03 19:12:30,135 - 2 - INFO - 页面"怒火一刀（天天送充值）_怒火一刀（天天送充值）无限元宝服_SF变态版怒火一刀（天天送充值）公益服下载 - 最笨下载"跳转正常,该类元素共28个，当前第16个
2020-09-03 19:12:30,543 - basepage - INFO - Click back on current page.
2020-09-03 19:12:37,116 - 2 - INFO - 页面"满vip版手游_手游sf送顶级vip_满级vip无限元宝手游下载-最笨下载"跳转正常,该类元素共28个，当前第17个
2020-09-03 19:12:37,384 - basepage - INFO - Click back on current page.
2020-09-03 19:12:43,929 - 2 - INFO - 页面"女神联盟2（送500充值）_女神联盟2（送500充值）无限元宝服_SF变态版女神联盟2（送500充值）公益服下载 - 最笨下载"跳转正常,该类元素共28个，当前第18个
2020-09-03 19:12:44,387 - basepage - INFO - Click back on current page.
2020-09-03 19:12:50,867 - 2 - INFO - 页面"满vip版手游_手游sf送顶级vip_满级vip无限元宝手游下载-最笨下载"跳转正常,该类元素共28个，当前第19个
2020-09-03 19:12:51,134 - basepage - INFO - Click back on current page.
2020-09-03 19:12:57,668 - 2 - INFO - 页面"乱戳三国2（送GM特权）_乱戳三国2（送GM特权）无限元宝服_SF变态版乱戳三国2（送GM特权）公益服下载 - 最笨下载"跳转正常,该类元素共28个，当前第20个
2020-09-03 19:12:58,102 - basepage - INFO - Click back on current page.
2020-09-03 19:13:04,560 - 2 - INFO - 页面"满vip版手游_手游sf送顶级vip_满级vip无限元宝手游下载-最笨下载"跳转正常,该类元素共28个，当前第21个
2020-09-03 19:13:04,849 - basepage - INFO - Click back on current page.
2020-09-03 19:13:11,575 - 2 - INFO - 页面"烈火战神（满屏福利）_烈火战神（满屏福利）无限元宝服_SF变态版烈火战神（满屏福利）公益服下载 - 最笨下载"跳转正常,该类元素共28个，当前第22个
2020-09-03 19:13:12,168 - basepage - INFO - Click back on current page.
2020-09-03 19:13:18,630 - 2 - INFO - 页面"变态手游公益服_bt手游变态服_无限元宝bt手游下载_BT手游中心-最笨下载"跳转正常,该类元素共28个，当前第23个
2020-09-03 19:13:18,867 - basepage - INFO - Click back on current page.
2020-09-03 19:13:25,435 - 2 - INFO - 页面"九曲封神（送海量充值）_九曲封神（送海量充值）无限元宝服_SF变态版九曲封神（送海量充值）公益服下载 - 最笨下载"跳转正常,该类元素共28个，当前第24个
2020-09-03 19:13:25,825 - basepage - INFO - Click back on current page.
2020-09-03 19:13:32,294 - 2 - INFO - 页面"变态手游公益服_bt手游变态服_无限元宝bt手游下载_BT手游中心-最笨下载"跳转正常,该类元素共28个，当前第25个
2020-09-03 19:13:32,598 - basepage - INFO - Click back on current page.
2020-09-03 19:13:39,164 - 2 - INFO - 页面"不思议地下城（百抽特权）_不思议地下城（百抽特权）无限元宝服_SF变态版不思议地下城（百抽特权）公益服下载 - 最笨下载"跳转正常,该类元素共28个，当前第26个
2020-09-03 19:13:39,664 - basepage - INFO - Click back on current page.
2020-09-03 19:13:46,110 - 2 - INFO - 页面"变态手游公益服_bt手游变态服_无限元宝bt手游下载_BT手游中心-最笨下载"跳转正常,该类元素共28个，当前第27个
2020-09-03 19:13:46,414 - basepage - INFO - Click back on current page.
2020-09-03 19:13:53,072 - 2 - INFO - 页面"妖神记（抽动漫周边）_妖神记（抽动漫周边）无限元宝服_SF变态版妖神记（抽动漫周边）公益服下载 - 最笨下载"跳转正常,该类元素共28个，当前第28个
2020-09-03 19:13:53,631 - basepage - INFO - Click back on current page.
2020-09-03 19:14:02,352 - 2 - INFO - 页面"王者荣耀S21赛季哪一个射手最强-S21赛季射手强度"跳转正常,该类元素共2个，当前第1个
2020-09-03 19:14:02,629 - basepage - INFO - Click back on current page.
2020-09-03 19:14:09,828 - 2 - INFO - 页面"什么软件可以下载游戏破解版"跳转正常,该类元素共2个，当前第2个
2020-09-03 19:14:10,208 - basepage - INFO - Click back on current page.
2020-09-03 19:14:16,851 - 2 - INFO - 页面"【安卓娱乐软件】安卓娱乐软件下载_安卓娱乐软件推荐_安卓娱乐软件大全-最笨下载"跳转正常,该类元素共28个，当前第1个
2020-09-03 19:14:17,103 - basepage - INFO - Click back on current page.
2020-09-03 19:14:24,923 - 2 - INFO - 页面"最笨游戏盒子_最笨游戏盒子下载_最笨游戏盒子官方下载-最笨下载"跳转正常,该类元素共28个，当前第2个
2020-09-03 19:14:25,264 - basepage - INFO - Click back on current page.
2020-09-03 19:14:31,965 - 2 - INFO - 页面"【安卓聊天软件】安卓聊天软件下载_安卓聊天软件排行_安卓聊天软件大全-最笨下载"跳转正常,该类元素共28个，当前第3个
2020-09-03 19:14:32,473 - basepage - INFO - Click back on current page.
2020-09-03 19:14:39,744 - 2 - INFO - 页面"回复神器_回复神器下载_回复神器官方下载-最笨下载"跳转正常,该类元素共28个，当前第4个
2020-09-03 19:14:39,971 - basepage - INFO - Click back on current page.
2020-09-03 19:14:47,056 - 2 - INFO - 页面"【安卓应用软件】安卓应用软件排行_好玩的安卓应用软件_好用的安卓应用软件-最笨下载"跳转正常,该类元素共28个，当前第5个
2020-09-03 19:14:47,329 - basepage - INFO - Click back on current page.
2020-09-03 19:14:54,249 - 2 - INFO - 页面"破解游戏盒子_破解游戏盒子安卓版下载-最笨安卓软件下载"跳转正常,该类元素共28个，当前第6个
2020-09-03 19:14:54,711 - basepage - INFO - Click back on current page.
2020-09-03 19:15:01,163 - 2 - INFO - 页面"【安卓聊天软件】安卓聊天软件下载_安卓聊天软件排行_安卓聊天软件大全-最笨下载"跳转正常,该类元素共28个，当前第7个
2020-09-03 19:15:01,416 - basepage - INFO - Click back on current page.
2020-09-03 19:15:08,415 - 2 - INFO - 页面"撩吧_撩吧下载_撩吧官方下载-最笨下载"跳转正常,该类元素共28个，当前第8个
2020-09-03 19:15:08,682 - basepage - INFO - Click back on current page.
2020-09-03 19:15:15,133 - 2 - INFO - 页面"【安卓聊天软件】安卓聊天软件下载_安卓聊天软件排行_安卓聊天软件大全-最笨下载"跳转正常,该类元素共28个，当前第9个
2020-09-03 19:15:15,620 - basepage - INFO - Click back on current page.
2020-09-03 19:15:22,684 - 2 - INFO - 页面"蜜小助_蜜小助下载_蜜小助官方下载-最笨下载"跳转正常,该类元素共28个，当前第10个
2020-09-03 19:15:22,960 - basepage - INFO - Click back on current page.
2020-09-03 19:15:29,409 - 2 - INFO - 页面"【安卓娱乐软件】安卓娱乐软件下载_安卓娱乐软件推荐_安卓娱乐软件大全-最笨下载"跳转正常,该类元素共28个，当前第11个
2020-09-03 19:15:30,169 - basepage - INFO - Click back on current page.
2020-09-03 19:15:37,320 - 2 - INFO - 页面"3733游戏盒子_3733游戏盒子下载_3733游戏盒子官方下载-最笨下载"跳转正常,该类元素共28个，当前第12个
2020-09-03 19:15:37,595 - basepage - INFO - Click back on current page.
2020-09-03 19:15:44,427 - 2 - INFO - 页面"【安卓聊天软件】安卓聊天软件下载_安卓聊天软件排行_安卓聊天软件大全-最笨下载"跳转正常,该类元素共28个，当前第13个
2020-09-03 19:15:44,891 - basepage - INFO - Click back on current page.
2020-09-03 19:15:51,881 - 2 - INFO - 页面"土味情话_土味情话下载_土味情话官方下载-最笨下载"跳转正常,该类元素共28个，当前第14个
2020-09-03 19:15:52,096 - basepage - INFO - Click back on current page.
2020-09-03 19:15:58,545 - 2 - INFO - 页面"【安卓聊天软件】安卓聊天软件下载_安卓聊天软件排行_安卓聊天软件大全-最笨下载"跳转正常,该类元素共28个，当前第15个
2020-09-03 19:15:58,824 - basepage - INFO - Click back on current page.
2020-09-03 19:16:05,578 - 2 - INFO - 页面"恋爱话术_恋爱话术下载_恋爱话术官方下载-最笨下载"跳转正常,该类元素共28个，当前第16个
2020-09-03 19:16:06,030 - basepage - INFO - Click back on current page.
2020-09-03 19:16:12,760 - 2 - INFO - 页面"【安卓阅读软件】安卓阅读软件下载_安卓阅读软件哪个好_安卓阅读软件排行-最笨下载"跳转正常,该类元素共28个，当前第17个
2020-09-03 19:16:13,041 - basepage - INFO - Click back on current page.
2020-09-03 19:16:19,758 - 2 - INFO - 页面"吾爱看书_吾爱看书下载_吾爱看书官方下载-最笨下载"跳转正常,该类元素共28个，当前第18个
2020-09-03 19:16:20,229 - basepage - INFO - Click back on current page.
2020-09-03 19:16:26,673 - 2 - INFO - 页面"【安卓娱乐软件】安卓娱乐软件下载_安卓娱乐软件推荐_安卓娱乐软件大全-最笨下载"跳转正常,该类元素共28个，当前第19个
2020-09-03 19:16:26,910 - basepage - INFO - Click back on current page.
2020-09-03 19:16:34,479 - 2 - INFO - 页面"gm游戏盒_gm游戏盒下载_gm游戏盒官方下载-最笨下载"跳转正常,该类元素共28个，当前第20个
2020-09-03 19:16:35,006 - basepage - INFO - Click back on current page.
2020-09-03 19:16:41,462 - 2 - INFO - 页面"【安卓聊天软件】安卓聊天软件下载_安卓聊天软件排行_安卓聊天软件大全-最笨下载"跳转正常,该类元素共28个，当前第21个
2020-09-03 19:16:41,695 - basepage - INFO - Click back on current page.
2020-09-03 19:16:48,742 - 2 - INFO - 页面"恋爱话术库_恋爱话术库下载_恋爱话术库官方下载-最笨下载"跳转正常,该类元素共28个，当前第22个
2020-09-03 19:16:48,964 - basepage - INFO - Click back on current page.
2020-09-03 19:16:55,423 - 2 - INFO - 页面"【安卓聊天软件】安卓聊天软件下载_安卓聊天软件排行_安卓聊天软件大全-最笨下载"跳转正常,该类元素共28个，当前第23个
2020-09-03 19:16:55,965 - basepage - INFO - Click back on current page.
2020-09-03 19:17:03,437 - 2 - INFO - 页面"遇知音_遇知音下载_遇知音官方下载-最笨下载"跳转正常,该类元素共28个，当前第24个
2020-09-03 19:17:03,706 - basepage - INFO - Click back on current page.
2020-09-03 19:17:10,400 - 2 - INFO - 页面"【安卓聊天软件】安卓聊天软件下载_安卓聊天软件排行_安卓聊天软件大全-最笨下载"跳转正常,该类元素共28个，当前第25个
2020-09-03 19:17:10,907 - basepage - INFO - Click back on current page.
2020-09-03 19:17:17,843 - 2 - INFO - 页面"脱单大师_脱单大师下载_脱单大师官方下载-最笨下载"跳转正常,该类元素共28个，当前第26个
2020-09-03 19:17:18,088 - basepage - INFO - Click back on current page.
2020-09-03 19:17:24,541 - 2 - INFO - 页面"【安卓聊天软件】安卓聊天软件下载_安卓聊天软件排行_安卓聊天软件大全-最笨下载"跳转正常,该类元素共28个，当前第27个
2020-09-03 19:17:24,774 - basepage - INFO - Click back on current page.
2020-09-03 19:17:32,291 - 2 - INFO - 页面"爱情套路_爱情套路下载_爱情套路官方下载-最笨下载"跳转正常,该类元素共28个，当前第28个
2020-09-03 19:17:32,759 - basepage - INFO - Click back on current page.
2020-09-03 19:17:43,143 - 2 - INFO - 页面"【安卓播放器】安卓播放器下载_安卓播放器哪个最好_安卓播放器下载排行-最笨下载"跳转正常,该类元素共19个，当前第1个
2020-09-03 19:17:43,628 - basepage - INFO - Click back on current page.
2020-09-03 19:17:50,802 - 2 - INFO - 页面"【安卓学习软件】安卓学习软件下载_安卓学习软件免费下载_安卓学习软件大全-最笨下载"跳转正常,该类元素共19个，当前第2个
2020-09-03 19:17:51,072 - basepage - INFO - Click back on current page.
2020-09-03 19:17:58,064 - 2 - INFO - 页面"【安卓辅助软件】安卓辅助软件下载_安卓辅助软件推荐_安卓辅助软件大全-最笨下载"跳转正常,该类元素共19个，当前第3个
2020-09-03 19:17:58,354 - basepage - INFO - Click back on current page.
2020-09-03 19:18:05,431 - 2 - INFO - 页面"【安卓输入法】安卓输入法下载_安卓输入法哪个好_安卓输入法怎么用-最笨下载"跳转正常,该类元素共19个，当前第4个
2020-09-03 19:18:05,960 - basepage - INFO - Click back on current page.
2020-09-03 19:18:13,288 - 2 - INFO - 页面"【安卓通信软件】安卓通信软件下载_安卓通信软件推荐_安卓通信软件大全-最笨下载"跳转正常,该类元素共19个，当前第5个
2020-09-03 19:18:13,570 - basepage - INFO - Click back on current page.
2020-09-03 19:18:20,706 - 2 - INFO - 页面"【安卓固件】安卓固件下载_安卓固件包下载_安卓固件管理器-最笨下载"跳转正常,该类元素共19个，当前第6个
2020-09-03 19:18:20,985 - basepage - INFO - Click back on current page.
2020-09-03 19:18:28,168 - 2 - INFO - 页面"【安卓文件管理器】安卓文件管理器下载_安卓文件管理器哪个好_安卓文件管理器中文版-最笨下载"跳转正常,该类元素共19个，当前第7个
2020-09-03 19:18:28,640 - basepage - INFO - Click back on current page.
2020-09-03 19:18:36,127 - 2 - INFO - 页面"【安卓同步软件】安卓同步软件下载_安卓同步软件哪个好_安卓手机同步软件-最笨下载"跳转正常,该类元素共19个，当前第8个
2020-09-03 19:18:36,402 - basepage - INFO - Click back on current page.
2020-09-03 19:18:43,551 - 2 - INFO - 页面"【安卓办公软件】安卓办公软件下载_安卓办公软件哪个好_安卓办公软件哪种最好-最笨下载"跳转正常,该类元素共19个，当前第9个
2020-09-03 19:18:43,775 - basepage - INFO - Click back on current page.
2020-09-03 19:18:50,638 - 2 - INFO - 页面"【安卓理财软件】安卓理财软件下载_安卓理财软件哪个好_安卓理财软件大全-最笨下载"跳转正常,该类元素共19个，当前第10个
2020-09-03 19:18:51,090 - basepage - INFO - Click back on current page.
2020-09-03 19:18:58,267 - 2 - INFO - 页面"【安卓备份软件】安卓备份软件下载_安卓备份软件哪个好_安卓手机备份软件-最笨下载"跳转正常,该类元素共19个，当前第11个
2020-09-03 19:18:58,536 - basepage - INFO - Click back on current page.
2020-09-03 19:19:05,687 - 2 - INFO - 页面"【安卓跑步软件】安卓跑步软件下载_安卓跑步软件哪个好_安卓跑步软件大全-最笨下载"跳转正常,该类元素共19个，当前第12个
2020-09-03 19:19:06,001 - basepage - INFO - Click back on current page.
2020-09-03 19:19:13,263 - 2 - INFO - 页面"【安卓健康管理软件】安卓健康管理软件下载_安卓健康管理软件推荐_安卓健康管理软件大全-最笨下载"跳转正常,该类元素共19个，当前第13个
2020-09-03 19:19:13,739 - basepage - INFO - Click back on current page.
2020-09-03 19:19:21,148 - 2 - INFO - 页面"【安卓系统软件】安卓系统软件下载_安卓系统软件免费下载_安卓系统软件下载工具-最笨下载"跳转正常,该类元素共19个，当前第14个
2020-09-03 19:19:21,435 - basepage - INFO - Click back on current page.
2020-09-03 19:19:27,915 - 2 - INFO - 页面"【安卓聊天软件】安卓聊天软件下载_安卓聊天软件排行_安卓聊天软件大全-最笨下载"跳转正常,该类元素共19个，当前第15个
2020-09-03 19:19:28,200 - basepage - INFO - Click back on current page.
2020-09-03 19:19:35,014 - 2 - INFO - 页面"【安卓应用软件】安卓应用软件排行_好玩的安卓应用软件_好用的安卓应用软件-最笨下载"跳转正常,该类元素共19个，当前第16个
2020-09-03 19:19:35,487 - basepage - INFO - Click back on current page.
2020-09-03 19:19:41,964 - 2 - INFO - 页面"【安卓娱乐软件】安卓娱乐软件下载_安卓娱乐软件推荐_安卓娱乐软件大全-最笨下载"跳转正常,该类元素共19个，当前第17个
2020-09-03 19:19:42,234 - basepage - INFO - Click back on current page.
2020-09-03 19:19:49,246 - 2 - INFO - 页面"【安卓导航软件】安卓导航软件下载_安卓导航软件哪个好_安卓导航软件排名-最笨下载"跳转正常,该类元素共19个，当前第18个
2020-09-03 19:19:49,706 - basepage - INFO - Click back on current page.
2020-09-03 19:19:56,899 - 2 - INFO - 页面"【安卓网络软件】安卓网络软件下载_安卓网络软件推荐_安卓网络软件大全-最笨下载"跳转正常,该类元素共19个，当前第19个
2020-09-03 19:19:57,155 - basepage - INFO - Click back on current page.
2020-09-03 19:20:05,501 - 2 - INFO - 页面"3733手游游戏平台_3733手游游戏平台下载_3733手游游戏平台官方下载-最笨下载"跳转正常,该类元素共18个，当前第1个
2020-09-03 19:20:11,643 - 2 - INFO - 页面"套路大全免费版_套路大全免费版下载_套路大全免费版官方下载-最笨下载"跳转正常,该类元素共18个，当前第2个
2020-09-03 19:20:17,764 - 2 - INFO - 页面"套路大全手机版_套路大全手机版下载_套路大全手机版官方下载-最笨下载"跳转正常,该类元素共18个，当前第3个
2020-09-03 19:20:23,890 - 2 - INFO - 页面"套路大全_套路大全下载_套路大全官方下载-最笨下载"跳转正常,该类元素共18个，当前第4个
2020-09-03 19:20:30,033 - 2 - INFO - 页面"回答神器_回答神器下载_回答神器官方下载-最笨下载"跳转正常,该类元素共18个，当前第5个
2020-09-03 19:20:38,410 - 2 - INFO - 页面"破解游戏盒子_破解游戏盒子安卓版下载-最笨安卓软件下载"跳转正常,该类元素共18个，当前第6个
2020-09-03 19:20:44,533 - 2 - INFO - 页面"最笨游戏盒_最笨游戏盒下载_最笨游戏盒官方下载-最笨下载"跳转正常,该类元素共18个，当前第7个
2020-09-03 19:20:50,649 - 2 - INFO - 页面"安致手游游戏平台_安致手游游戏平台下载_安致手游游戏平台官方下载-最笨下载"跳转正常,该类元素共18个，当前第8个
2020-09-03 19:20:56,767 - 2 - INFO - 页面"蜜小助会员破解版_蜜小助会员破解版下载_蜜小助会员破解版官方下载-最笨下载"跳转正常,该类元素共18个，当前第9个
2020-09-03 19:21:02,895 - 2 - INFO - 页面"蜜小助vip破解版_蜜小助vip破解版下载_蜜小助vip破解版官方下载-最笨下载"跳转正常,该类元素共18个，当前第10个
2020-09-03 19:21:09,018 - 2 - INFO - 页面"蜜小助内购版_蜜小助内购版下载_蜜小助内购版官方下载-最笨下载"跳转正常,该类元素共18个，当前第11个
2020-09-03 19:21:15,135 - 2 - INFO - 页面"聊天套路安卓版_聊天套路安卓版下载_聊天套路安卓版官方下载-最笨下载"跳转正常,该类元素共18个，当前第12个
2020-09-03 19:21:21,248 - 2 - INFO - 页面"聊天套路破解版_聊天套路破解版下载_聊天套路破解版官方下载-最笨下载"跳转正常,该类元素共18个，当前第13个
2020-09-03 19:21:27,369 - 2 - INFO - 页面"聊天套路软件_聊天套路软件下载_聊天套路软件官方下载-最笨下载"跳转正常,该类元素共18个，当前第14个
2020-09-03 19:21:33,488 - 2 - INFO - 页面"聊天套路_聊天套路下载_聊天套路官方下载-最笨下载"跳转正常,该类元素共18个，当前第15个
2020-09-03 19:21:39,613 - 2 - INFO - 页面"信息回复神器_信息回复神器下载_信息回复神器官方下载-最笨下载"跳转正常,该类元素共18个，当前第16个
2020-09-03 19:21:51,149 - 2 - INFO - 页面"消息回复神器_消息回复神器下载_消息回复神器官方下载-最笨下载"跳转正常,该类元素共18个，当前第17个
2020-09-03 19:21:57,262 - 2 - INFO - 页面"消息回复辅助神器_消息回复辅助神器下载_消息回复辅助神器官方下载-最笨下载"跳转正常,该类元素共18个，当前第18个
2020-09-03 19:22:03,458 - 2 - INFO - 页面"【安卓益智游戏】好玩的安卓益智游戏大全_安卓益智类游戏_益智游戏下载-最笨下载"跳转正常,该类元素共17个，当前第1个
2020-09-03 19:22:03,715 - basepage - INFO - Click back on current page.
2020-09-03 19:22:11,092 - 2 - INFO - 页面"【安卓其他游戏】好玩的安卓其他游戏大全_安卓其他类游戏_其他游戏下载-最笨下载"跳转正常,该类元素共17个，当前第2个
2020-09-03 19:22:11,527 - basepage - INFO - Click back on current page.
2020-09-03 19:22:18,809 - 2 - INFO - 页面"【安卓音乐游戏】好玩的安卓音乐游戏大全_安卓音乐类游戏_音乐游戏下载-最笨下载"跳转正常,该类元素共17个，当前第3个
2020-09-03 19:22:19,078 - basepage - INFO - Click back on current page.
2020-09-03 19:22:26,205 - 2 - INFO - 页面"【安卓网络游戏】好玩的安卓网络游戏大全_安卓网络类游戏_网络游戏下载-最笨下载"跳转正常,该类元素共17个，当前第4个
2020-09-03 19:22:26,526 - basepage - INFO - Click back on current page.
2020-09-03 19:22:34,208 - 2 - INFO - 页面"【安卓格斗游戏】好玩的安卓格斗游戏大全_安卓格斗类游戏_格斗游戏下载-最笨下载"跳转正常,该类元素共17个，当前第5个
2020-09-03 19:22:34,648 - basepage - INFO - Click back on current page.
2020-09-03 19:22:41,719 - 2 - INFO - 页面"【安卓飞行游戏】好玩的安卓飞行游戏大全_安卓飞行类游戏_飞行游戏下载-最笨下载"跳转正常,该类元素共17个，当前第6个
2020-09-03 19:22:42,010 - basepage - INFO - Click back on current page.
2020-09-03 19:22:49,116 - 2 - INFO - 页面"【安卓体育运动游戏】好玩的安卓体育运动游戏大全_安卓体育运动类游戏_体育运动游戏下载-最笨下载"跳转正常,该类元素共17个，当前第7个
2020-09-03 19:22:49,392 - basepage - INFO - Click back on current page.
2020-09-03 19:22:56,329 - 2 - INFO - 页面"【安卓模拟经营游戏】好玩的安卓模拟经营游戏大全_安卓模拟经营类游戏_模拟经营游戏下载-最笨下载"跳转正常,该类元素共17个，当前第8个
2020-09-03 19:22:56,720 - basepage - INFO - Click back on current page.
2020-09-03 19:23:03,857 - 2 - INFO - 页面"【安卓策略游戏】好玩的安卓策略游戏大全_安卓策略类游戏_策略游戏下载-最笨下载"跳转正常,该类元素共17个，当前第9个
2020-09-03 19:23:04,142 - basepage - INFO - Click back on current page.
2020-09-03 19:23:11,328 - 2 - INFO - 页面"【安卓塔防游戏】好玩的安卓塔防游戏大全_安卓塔防类游戏_塔防游戏下载-最笨下载"跳转正常,该类元素共17个，当前第10个
2020-09-03 19:23:11,608 - basepage - INFO - Click back on current page.
2020-09-03 19:23:18,752 - 2 - INFO - 页面"【安卓解谜冒险游戏】好玩的安卓解谜冒险游戏大全_安卓解谜冒险类游戏_解谜冒险游戏下载-最笨下载"跳转正常,该类元素共17个，当前第11个
2020-09-03 19:23:19,212 - basepage - INFO - Click back on current page.
2020-09-03 19:23:26,318 - 2 - INFO - 页面"【安卓射击游戏】好玩的安卓射击游戏大全_安卓射击类游戏_射击游戏下载-最笨下载"跳转正常,该类元素共17个，当前第12个
2020-09-03 19:23:26,625 - basepage - INFO - Click back on current page.
2020-09-03 19:23:34,057 - 2 - INFO - 页面"【安卓棋牌游戏】好玩的安卓棋牌游戏大全_安卓棋牌类游戏_棋牌游戏下载-最笨下载"跳转正常,该类元素共17个，当前第13个
2020-09-03 19:23:34,407 - basepage - INFO - Click back on current page.
2020-09-03 19:23:41,936 - 2 - INFO - 页面"【安卓赛车游戏】好玩的安卓赛车游戏大全_安卓赛车类游戏_赛车游戏下载-最笨下载"跳转正常,该类元素共17个，当前第14个
2020-09-03 19:23:42,427 - basepage - INFO - Click back on current page.
2020-09-03 19:23:49,303 - 2 - INFO - 页面"【安卓角色扮演游戏】好玩的安卓角色扮演游戏大全_安卓角色扮演类游戏_角色扮演游戏下载-最笨下载"跳转正常,该类元素共17个，当前第15个
2020-09-03 19:23:49,574 - basepage - INFO - Click back on current page.
2020-09-03 19:23:56,666 - 2 - INFO - 页面"【安卓动作游戏】好玩的安卓动作游戏大全_安卓动作类游戏_动作游戏下载-最笨下载"跳转正常,该类元素共17个，当前第16个
2020-09-03 19:23:56,914 - basepage - INFO - Click back on current page.
2020-09-03 19:24:03,935 - 2 - INFO - 页面"【安卓休闲游戏】好玩的安卓休闲游戏大全_安卓休闲类游戏_休闲游戏下载-最笨下载"跳转正常,该类元素共17个，当前第17个
2020-09-03 19:24:04,333 - basepage - INFO - Click back on current page.
2020-09-03 19:24:12,675 - 2 - INFO - 页面"阴阳师_阴阳师下载_阴阳师官方下载-最笨下载"跳转正常,该类元素共18个，当前第1个
2020-09-03 19:24:18,793 - 2 - INFO - 页面"王者荣耀_王者荣耀安卓版下载-最笨安卓游戏下载"跳转正常,该类元素共18个，当前第2个
2020-09-03 19:24:24,911 - 2 - INFO - 页面"炼金国度（送1000元充值）ios版_炼金国度（送1000元充值）ios版下载_炼金国度（送1000元充值）ios版官方下载-最笨下载"跳转正常,该类元素共18个，当前第3个
2020-09-03 19:24:31,027 - 2 - INFO - 页面"国贼顾挽之_国贼顾挽之下载_国贼顾挽之官方下载-最笨下载"跳转正常,该类元素共18个，当前第4个
2020-09-03 19:24:37,141 - 2 - INFO - 页面"大秦黎明_大秦黎明下载_大秦黎明官方下载-最笨下载"跳转正常,该类元素共18个，当前第5个
2020-09-03 19:24:43,261 - 2 - INFO - 页面"怒焰三国杀手游_怒焰三国杀手游下载_怒焰三国杀手游官方下载-最笨下载"跳转正常,该类元素共18个，当前第6个
2020-09-03 19:24:49,386 - 2 - INFO - 页面"末日围城_末日围城下载_末日围城官方下载-最笨下载"跳转正常,该类元素共18个，当前第7个
2020-09-03 19:24:55,509 - 2 - INFO - 页面"天将雄师九游版_天将雄师九游版下载_天将雄师九游版官方下载-最笨下载"跳转正常,该类元素共18个，当前第8个
2020-09-03 19:25:01,625 - 2 - INFO - 页面"诸王黎明_诸王黎明下载_诸王黎明官方下载-最笨下载"跳转正常,该类元素共18个，当前第9个
2020-09-03 19:25:07,753 - 2 - INFO - 页面"一梦江湖九游版_一梦江湖九游版下载_一梦江湖九游版官方下载-最笨下载"跳转正常,该类元素共18个，当前第10个
2020-09-03 19:25:13,873 - 2 - INFO - 页面"NBA篮球大师_NBA篮球大师下载_NBA篮球大师官方下载-最笨下载"跳转正常,该类元素共18个，当前第11个
2020-09-03 19:25:19,991 - 2 - INFO - 页面"萌妖传手游_萌妖传手游下载_萌妖传手游官方下载-最笨下载"跳转正常,该类元素共18个，当前第12个
2020-09-03 19:25:26,122 - 2 - INFO - 页面"中超英雄手游_中超英雄手游下载_中超英雄手游官方下载-最笨下载"跳转正常,该类元素共18个，当前第13个
2020-09-03 19:25:32,242 - 2 - INFO - 页面"三国战天下手游_三国战天下手游下载_三国战天下手游官方下载-最笨下载"跳转正常,该类元素共18个，当前第14个
2020-09-03 19:25:38,356 - 2 - INFO - 页面"拳皇命运_拳皇命运下载_拳皇命运官方下载-最笨下载"跳转正常,该类元素共18个，当前第15个
2020-09-03 19:25:44,471 - 2 - INFO - 页面"电能大亨_电能大亨下载_电能大亨官方下载-最笨下载"跳转正常,该类元素共18个，当前第16个
2020-09-03 19:25:50,586 - 2 - INFO - 页面"驾校模拟器_驾校模拟器下载_驾校模拟器官方下载-最笨下载"跳转正常,该类元素共18个，当前第17个
2020-09-03 19:25:56,706 - 2 - INFO - 页面"暗黑探险2_暗黑探险2下载_暗黑探险2官方下载-最笨下载"跳转正常,该类元素共18个，当前第18个
2020-09-03 19:26:03,979 - 2 - INFO - 页面"变态手游公益服_bt手游变态服_无限元宝bt手游下载_BT手游中心-最笨下载"跳转正常,该类元素共13个，当前第1个
2020-09-03 19:26:04,219 - basepage - INFO - Click back on current page.
2020-09-03 19:26:12,568 - 2 - INFO - 页面"变态手游公益服_bt手游变态服_无限元宝bt手游下载_BT手游中心-最笨下载"跳转正常,该类元素共13个，当前第2个
2020-09-03 19:26:13,021 - basepage - INFO - Click back on current page.
2020-09-03 19:26:20,913 - 2 - INFO - 页面"变态手游公益服_bt手游变态服_无限元宝bt手游下载_BT手游中心-最笨下载"跳转正常,该类元素共13个，当前第3个
2020-09-03 19:26:21,339 - basepage - INFO - Click back on current page.
2020-09-03 19:26:29,621 - 2 - INFO - 页面"变态手游公益服_bt手游变态服_无限元宝bt手游下载_BT手游中心-最笨下载"跳转正常,该类元素共13个，当前第4个
2020-09-03 19:26:29,884 - basepage - INFO - Click back on current page.
2020-09-03 19:26:37,934 - 2 - INFO - 页面"变态手游公益服_bt手游变态服_无限元宝bt手游下载_BT手游中心-最笨下载"跳转正常,该类元素共13个，当前第5个
2020-09-03 19:26:38,405 - basepage - INFO - Click back on current page.
2020-09-03 19:26:46,389 - 2 - INFO - 页面"变态手游公益服_bt手游变态服_无限元宝bt手游下载_BT手游中心-最笨下载"跳转正常,该类元素共13个，当前第6个
2020-09-03 19:26:46,966 - basepage - INFO - Click back on current page.
2020-09-03 19:26:55,379 - 2 - INFO - 页面"变态手游公益服_bt手游变态服_无限元宝bt手游下载_BT手游中心-最笨下载"跳转正常,该类元素共13个，当前第7个
2020-09-03 19:26:55,652 - basepage - INFO - Click back on current page.
2020-09-03 19:27:03,835 - 2 - INFO - 页面"变态手游公益服_bt手游变态服_无限元宝bt手游下载_BT手游中心-最笨下载"跳转正常,该类元素共13个，当前第8个
2020-09-03 19:27:04,279 - basepage - INFO - Click back on current page.
2020-09-03 19:27:12,478 - 2 - INFO - 页面"变态手游公益服_bt手游变态服_无限元宝bt手游下载_BT手游中心-最笨下载"跳转正常,该类元素共13个，当前第9个
2020-09-03 19:27:12,936 - basepage - INFO - Click back on current page.
2020-09-03 19:27:21,055 - 2 - INFO - 页面"变态手游公益服_bt手游变态服_无限元宝bt手游下载_BT手游中心-最笨下载"跳转正常,该类元素共13个，当前第10个
2020-09-03 19:27:21,425 - basepage - INFO - Click back on current page.
2020-09-03 19:27:29,541 - 2 - INFO - 页面"变态手游公益服_bt手游变态服_无限元宝bt手游下载_BT手游中心-最笨下载"跳转正常,该类元素共13个，当前第11个
2020-09-03 19:27:30,099 - basepage - INFO - Click back on current page.
2020-09-03 19:27:37,974 - 2 - INFO - 页面"变态手游公益服_bt手游变态服_无限元宝bt手游下载_BT手游中心-最笨下载"跳转正常,该类元素共13个，当前第12个
2020-09-03 19:27:38,248 - basepage - INFO - Click back on current page.
2020-09-03 19:27:46,014 - 2 - INFO - 页面"变态手游公益服_bt手游变态服_无限元宝bt手游下载_BT手游中心-最笨下载"跳转正常,该类元素共13个，当前第13个
2020-09-03 19:27:46,568 - basepage - INFO - Click back on current page.
2020-09-03 19:27:54,994 - 2 - INFO - 页面"邪域战灵（送千元充值）_邪域战灵（送千元充值）无限元宝服_SF变态版邪域战灵（送千元充值）公益服下载 - 最笨下载"跳转正常,该类元素共18个，当前第1个
2020-09-03 19:28:01,123 - 2 - INFO - 页面"蜂之恋（送500充值）_蜂之恋（送500充值）无限元宝服_SF变态版蜂之恋（送500充值）公益服下载 - 最笨下载"跳转正常,该类元素共18个，当前第2个
2020-09-03 19:28:07,286 - 2 - INFO - 页面"战仙传（海量充值特权）_战仙传（海量充值特权）无限元宝服_SF变态版战仙传（海量充值特权）公益服下载 - 最笨下载"跳转正常,该类元素共18个，当前第3个
2020-09-03 19:28:13,470 - 2 - INFO - 页面"捉妖手机（送万抽）_捉妖手机（送万抽）无限元宝服_SF变态版捉妖手机（送万抽）公益服下载 - 最笨下载"跳转正常,该类元素共18个，当前第4个
2020-09-03 19:28:19,594 - 2 - INFO - 页面"口袋高手（狂抽猛送特权）_口袋高手（狂抽猛送特权）无限元宝服_SF变态版口袋高手（狂抽猛送特权）公益服下载 - 最笨下载"跳转正常,该类元素共18个，当前第5个
2020-09-03 19:28:25,742 - 2 - INFO - 页面"传奇国度（天降红包）_传奇国度（天降红包）无限元宝服_SF变态版传奇国度（天降红包）公益服下载 - 最笨下载"跳转正常,该类元素共18个，当前第6个
2020-09-03 19:28:31,882 - 2 - INFO - 页面"圣剑神域（每日送真充）_圣剑神域（每日送真充）无限元宝服_SF变态版圣剑神域（每日送真充）公益服下载 - 最笨下载"跳转正常,该类元素共18个，当前第7个
2020-09-03 19:28:38,038 - 2 - INFO - 页面"女神竞技场（送SS女神）_女神竞技场（送SS女神）无限元宝服_SF变态版女神竞技场（送SS女神）公益服下载 - 最笨下载"跳转正常,该类元素共18个，当前第8个
2020-09-03 19:28:44,170 - 2 - INFO - 页面"格斗之皇（送328充值）_格斗之皇（送328充值）无限元宝服_SF变态版格斗之皇（送328充值）公益服下载 - 最笨下载"跳转正常,该类元素共18个，当前第9个
2020-09-03 19:28:50,301 - 2 - INFO - 页面"三界轮回（送千元充值）_三界轮回（送千元充值）无限元宝服_SF变态版三界轮回（送千元充值）公益服下载 - 最笨下载"跳转正常,该类元素共18个，当前第10个
2020-09-03 19:28:56,449 - 2 - INFO - 页面"风之幻想web（送1000充值）_风之幻想web（送1000充值）无限元宝服_SF变态版风之幻想web（送1000充值）公益服下载 - 最笨下载"跳转正常,该类元素共18个，当前第11个
2020-09-03 19:29:02,596 - 2 - INFO - 页面"渡劫（送海量寻宝）_渡劫（送海量寻宝）无限元宝服_SF变态版渡劫（送海量寻宝）公益服下载 - 最笨下载"跳转正常,该类元素共18个，当前第12个
2020-09-03 19:29:08,728 - 2 - INFO - 页面"口袋喵喵（海量特权）_口袋喵喵（海量特权）无限元宝服_SF变态版口袋喵喵（海量特权）公益服下载 - 最笨下载"跳转正常,该类元素共18个，当前第13个
2020-09-03 19:29:14,848 - 2 - INFO - 页面"幻世英雄（送1000充值）_幻世英雄（送1000充值）无限元宝服_SF变态版幻世英雄（送1000充值）公益服下载 - 最笨下载"跳转正常,该类元素共18个，当前第14个
2020-09-03 19:29:20,989 - 2 - INFO - 页面"泡面三国（送海量真充）_泡面三国（送海量真充）无限元宝服_SF变态版泡面三国（送海量真充）公益服下载 - 最笨下载"跳转正常,该类元素共18个，当前第15个
2020-09-03 19:29:27,149 - 2 - INFO - 页面"龙战于野（领VIP代金券）_龙战于野（领VIP代金券）无限元宝服_SF变态版龙战于野（领VIP代金券）公益服下载 - 最笨下载"跳转正常,该类元素共18个，当前第16个
2020-09-03 19:29:33,296 - 2 - INFO - 页面"神谕传奇（送千元充值）_神谕传奇（送千元充值）无限元宝服_SF变态版神谕传奇（送千元充值）公益服下载 - 最笨下载"跳转正常,该类元素共18个，当前第17个
2020-09-03 19:29:39,427 - 2 - INFO - 页面"成王败寇（送千元充值）_成王败寇（送千元充值）无限元宝服_SF变态版成王败寇（送千元充值）公益服下载 - 最笨下载"跳转正常,该类元素共18个，当前第18个
2020-09-03 19:29:46,669 - 2 - INFO - 页面"满vip版手游_手游sf送顶级vip_满级vip无限元宝手游下载-最笨下载"跳转正常,该类元素共13个，当前第1个
2020-09-03 19:29:46,912 - basepage - INFO - Click back on current page.
2020-09-03 19:29:54,725 - 2 - INFO - 页面"满vip版手游_手游sf送顶级vip_满级vip无限元宝手游下载-最笨下载"跳转正常,该类元素共13个，当前第2个
2020-09-03 19:29:54,992 - basepage - INFO - Click back on current page.
2020-09-03 19:30:02,855 - 2 - INFO - 页面"满vip版手游_手游sf送顶级vip_满级vip无限元宝手游下载-最笨下载"跳转正常,该类元素共13个，当前第3个
2020-09-03 19:30:03,319 - basepage - INFO - Click back on current page.
2020-09-03 19:30:11,824 - 2 - INFO - 页面"满vip版手游_手游sf送顶级vip_满级vip无限元宝手游下载-最笨下载"跳转正常,该类元素共13个，当前第4个
2020-09-03 19:30:12,369 - basepage - INFO - Click back on current page.
2020-09-03 19:30:20,080 - 2 - INFO - 页面"满vip版手游_手游sf送顶级vip_满级vip无限元宝手游下载-最笨下载"跳转正常,该类元素共13个，当前第5个
2020-09-03 19:30:20,505 - basepage - INFO - Click back on current page.
2020-09-03 19:30:28,891 - 2 - INFO - 页面"满vip版手游_手游sf送顶级vip_满级vip无限元宝手游下载-最笨下载"跳转正常,该类元素共13个，当前第6个
2020-09-03 19:30:29,160 - basepage - INFO - Click back on current page.
2020-09-03 19:30:37,401 - 2 - INFO - 页面"满vip版手游_手游sf送顶级vip_满级vip无限元宝手游下载-最笨下载"跳转正常,该类元素共13个，当前第7个
2020-09-03 19:30:37,795 - basepage - INFO - Click back on current page.
2020-09-03 19:30:45,972 - 2 - INFO - 页面"满vip版手游_手游sf送顶级vip_满级vip无限元宝手游下载-最笨下载"跳转正常,该类元素共13个，当前第8个
2020-09-03 19:30:46,408 - basepage - INFO - Click back on current page.
2020-09-03 19:30:54,543 - 2 - INFO - 页面"满vip版手游_手游sf送顶级vip_满级vip无限元宝手游下载-最笨下载"跳转正常,该类元素共13个，当前第9个
2020-09-03 19:30:54,794 - basepage - INFO - Click back on current page.
2020-09-03 19:31:02,860 - 2 - INFO - 页面"满vip版手游_手游sf送顶级vip_满级vip无限元宝手游下载-最笨下载"跳转正常,该类元素共13个，当前第10个
2020-09-03 19:31:03,323 - basepage - INFO - Click back on current page.
2020-09-03 19:31:11,138 - 2 - INFO - 页面"满vip版手游_手游sf送顶级vip_满级vip无限元宝手游下载-最笨下载"跳转正常,该类元素共13个，当前第11个
2020-09-03 19:31:11,580 - basepage - INFO - Click back on current page.
2020-09-03 19:31:19,500 - 2 - INFO - 页面"满vip版手游_手游sf送顶级vip_满级vip无限元宝手游下载-最笨下载"跳转正常,该类元素共13个，当前第12个
2020-09-03 19:31:19,753 - basepage - INFO - Click back on current page.
2020-09-03 19:31:27,654 - 2 - INFO - 页面"满vip版手游_手游sf送顶级vip_满级vip无限元宝手游下载-最笨下载"跳转正常,该类元素共13个，当前第13个
2020-09-03 19:31:28,088 - basepage - INFO - Click back on current page.
2020-09-03 19:31:36,463 - 2 - INFO - 页面"萌斗魏蜀吴（GM特权）_萌斗魏蜀吴（GM特权）无限元宝服_SF变态版萌斗魏蜀吴（GM特权）公益服下载 - 最笨下载"跳转正常,该类元素共18个，当前第1个
2020-09-03 19:31:42,614 - 2 - INFO - 页面"龙之剑圣（刷海量充值）_龙之剑圣（刷海量充值）无限元宝服_SF变态版龙之剑圣（刷海量充值）公益服下载 - 最笨下载"跳转正常,该类元素共18个，当前第2个
2020-09-03 19:31:48,756 - 2 - INFO - 页面"操戈天下（送海量元宝）_操戈天下（送海量元宝）无限元宝服_SF变态版操戈天下（送海量元宝）公益服下载 - 最笨下载"跳转正常,该类元素共18个，当前第3个
2020-09-03 19:31:54,928 - 2 - INFO - 页面"幻剑情缘（送千元充值）_幻剑情缘（送千元充值）无限元宝服_SF变态版幻剑情缘（送千元充值）公益服下载 - 最笨下载"跳转正常,该类元素共18个，当前第4个
2020-09-03 19:32:01,088 - 2 - INFO - 页面"影歌（海量打金特权）_影歌（海量打金特权）无限元宝服_SF变态版影歌（海量打金特权）公益服下载 - 最笨下载"跳转正常,该类元素共18个，当前第5个
2020-09-03 19:32:07,227 - 2 - INFO - 页面"闪将三国（送千元充值）_闪将三国（送千元充值）无限元宝服_SF变态版闪将三国（送千元充值）公益服下载 - 最笨下载"跳转正常,该类元素共18个，当前第6个
2020-09-03 19:32:13,408 - 2 - INFO - 页面"乱戳三国2（送GM特权）_乱戳三国2（送GM特权）无限元宝服_SF变态版乱戳三国2（送GM特权）公益服下载 - 最笨下载"跳转正常,该类元素共18个，当前第7个
2020-09-03 19:32:19,538 - 2 - INFO - 页面"吞噬苍穹（海量充值卡）_吞噬苍穹（海量充值卡）无限元宝服_SF变态版吞噬苍穹（海量充值卡）公益服下载 - 最笨下载"跳转正常,该类元素共18个，当前第8个
2020-09-03 19:32:25,674 - 2 - INFO - 页面"刀剑神魔录（1元商城特权）_刀剑神魔录（1元商城特权）无限元宝服_SF变态版刀剑神魔录（1元商城特权）公益服下载 - 最笨下载"跳转正常,该类元素共18个，当前第9个
2020-09-03 19:32:31,798 - 2 - INFO - 页面"乱世江湖（天天送充值）_乱世江湖（天天送充值）无限元宝服_SF变态版乱世江湖（天天送充值）公益服下载 - 最笨下载"跳转正常,该类元素共18个，当前第10个
2020-09-03 19:32:45,311 - 2 - INFO - 页面"王者战歌（送千元充值）_王者战歌（送千元充值）无限元宝服_SF变态版王者战歌（送千元充值）公益服下载 - 最笨下载"跳转正常,该类元素共18个，当前第11个
2020-09-03 19:32:51,444 - 2 - INFO - 页面"齐天记（海量资源特权）_齐天记（海量资源特权）无限元宝服_SF变态版齐天记（海量资源特权）公益服下载 - 最笨下载"跳转正常,该类元素共18个，当前第12个
2020-09-03 19:32:57,582 - 2 - INFO - 页面"征程三国（送百抽S神将）_征程三国（送百抽S神将）无限元宝服_SF变态版征程三国（送百抽S神将）公益服下载 - 最笨下载"跳转正常,该类元素共18个，当前第13个
2020-09-03 19:33:03,747 - 2 - INFO - 页面"净化（海量商城特权）_净化（海量商城特权）无限元宝服_SF变态版净化（海量商城特权）公益服下载 - 最笨下载"跳转正常,该类元素共18个，当前第14个
2020-09-03 19:33:09,908 - 2 - INFO - 页面"机甲战纪（送GM特权）_机甲战纪（送GM特权）无限元宝服_SF变态版机甲战纪（送GM特权）公益服下载 - 最笨下载"跳转正常,该类元素共18个，当前第15个
2020-09-03 19:33:16,039 - 2 - INFO - 页面"星星喵（送千元充值）_星星喵（送千元充值）无限元宝服_SF变态版星星喵（送千元充值）公益服下载 - 最笨下载"跳转正常,该类元素共18个，当前第16个
2020-09-03 19:33:22,188 - 2 - INFO - 页面"轩辕剑群侠传（商城特权）_轩辕剑群侠传（商城特权）无限元宝服_SF变态版轩辕剑群侠传（商城特权）公益服下载 - 最笨下载"跳转正常,该类元素共18个，当前第17个
2020-09-03 19:33:28,324 - 2 - INFO - 页面"大秦之帝国崛起（送法拉利）_大秦之帝国崛起（送法拉利）无限元宝服_SF变态版大秦之帝国崛起（送法拉利）公益服下载 - 最笨下载"跳转正常,该类元素共18个，当前第18个
2020-09-03 19:33:35,417 - 2 - INFO - 页面"gm版手游_无限元宝/钻石公益服_0元免费gm权限手游下载-最笨下载"跳转正常,该类元素共13个，当前第1个
2020-09-03 19:33:35,650 - basepage - INFO - Click back on current page.
2020-09-03 19:33:43,437 - 2 - INFO - 页面"gm版手游_无限元宝/钻石公益服_0元免费gm权限手游下载-最笨下载"跳转正常,该类元素共13个，当前第2个
2020-09-03 19:33:43,865 - basepage - INFO - Click back on current page.
2020-09-03 19:33:51,555 - 2 - INFO - 页面"gm版手游_无限元宝/钻石公益服_0元免费gm权限手游下载-最笨下载"跳转正常,该类元素共13个，当前第3个
2020-09-03 19:33:52,021 - basepage - INFO - Click back on current page.
2020-09-03 19:33:59,698 - 2 - INFO - 页面"gm版手游_无限元宝/钻石公益服_0元免费gm权限手游下载-最笨下载"跳转正常,该类元素共13个，当前第4个
2020-09-03 19:33:59,934 - basepage - INFO - Click back on current page.
2020-09-03 19:34:07,864 - 2 - INFO - 页面"gm版手游_无限元宝/钻石公益服_0元免费gm权限手游下载-最笨下载"跳转正常,该类元素共13个，当前第5个
2020-09-03 19:34:08,260 - basepage - INFO - Click back on current page.
2020-09-03 19:34:15,906 - 2 - INFO - 页面"gm版手游_无限元宝/钻石公益服_0元免费gm权限手游下载-最笨下载"跳转正常,该类元素共13个，当前第6个
2020-09-03 19:34:16,183 - basepage - INFO - Click back on current page.
2020-09-03 19:34:23,840 - 2 - INFO - 页面"gm版手游_无限元宝/钻石公益服_0元免费gm权限手游下载-最笨下载"跳转正常,该类元素共13个，当前第7个
2020-09-03 19:34:24,053 - basepage - INFO - Click back on current page.
2020-09-03 19:34:31,918 - 2 - INFO - 页面"gm版手游_无限元宝/钻石公益服_0元免费gm权限手游下载-最笨下载"跳转正常,该类元素共13个，当前第8个
2020-09-03 19:34:32,328 - basepage - INFO - Click back on current page.
2020-09-03 19:34:40,055 - 2 - INFO - 页面"gm版手游_无限元宝/钻石公益服_0元免费gm权限手游下载-最笨下载"跳转正常,该类元素共13个，当前第9个
2020-09-03 19:34:40,481 - basepage - INFO - Click back on current page.
2020-09-03 19:34:48,189 - 2 - INFO - 页面"gm版手游_无限元宝/钻石公益服_0元免费gm权限手游下载-最笨下载"跳转正常,该类元素共13个，当前第10个
2020-09-03 19:34:48,407 - basepage - INFO - Click back on current page.
2020-09-03 19:34:56,088 - 2 - INFO - 页面"gm版手游_无限元宝/钻石公益服_0元免费gm权限手游下载-最笨下载"跳转正常,该类元素共13个，当前第11个
2020-09-03 19:34:56,463 - basepage - INFO - Click back on current page.
2020-09-03 19:35:04,182 - 2 - INFO - 页面"gm版手游_无限元宝/钻石公益服_0元免费gm权限手游下载-最笨下载"跳转正常,该类元素共13个，当前第12个
2020-09-03 19:35:04,464 - basepage - INFO - Click back on current page.
2020-09-03 19:35:12,111 - 2 - INFO - 页面"gm版手游_无限元宝/钻石公益服_0元免费gm权限手游下载-最笨下载"跳转正常,该类元素共13个，当前第13个
2020-09-03 19:35:12,348 - basepage - INFO - Click back on current page.
2020-09-03 19:35:20,682 - 2 - INFO - 页面"九州剑灵（GM版）_九州剑灵（GM版）免费gm权限安卓下载 - 最笨下载"跳转正常,该类元素共18个，当前第1个
2020-09-03 19:35:26,808 - 2 - INFO - 页面"仙游（GM版）_仙游（GM版）免费gm权限安卓下载 - 最笨下载"跳转正常,该类元素共18个，当前第2个
2020-09-03 19:35:32,934 - 2 - INFO - 页面"高达（GM版）_高达（GM版）免费gm权限安卓下载 - 最笨下载"跳转正常,该类元素共18个，当前第3个
2020-09-03 19:35:39,060 - 2 - INFO - 页面"暗黑王者（GM版）_暗黑王者（GM版）免费gm权限安卓下载 - 最笨下载"跳转正常,该类元素共18个，当前第4个
2020-09-03 19:35:45,230 - 2 - INFO - 页面"问鼎封神（GM版）_问鼎封神（GM版）免费gm权限安卓下载 - 最笨下载"跳转正常,该类元素共18个，当前第5个
2020-09-03 19:35:51,376 - 2 - INFO - 页面"仙剑轮回（GM版）_仙剑轮回（GM版）免费gm权限安卓下载 - 最笨下载"跳转正常,该类元素共18个，当前第6个
2020-09-03 19:35:57,514 - 2 - INFO - 页面"神道仙尊（GM版）_神道仙尊（GM版）免费gm权限安卓下载 - 最笨下载"跳转正常,该类元素共18个，当前第7个
2020-09-03 19:36:03,633 - 2 - INFO - 页面"大将无双（GM版）_大将无双（GM版）免费gm权限安卓下载 - 最笨下载"跳转正常,该类元素共18个，当前第8个
2020-09-03 19:36:09,777 - 2 - INFO - 页面"青云剑诀（GM版）_青云剑诀（GM版）免费gm权限安卓下载 - 最笨下载"跳转正常,该类元素共18个，当前第9个
2020-09-03 19:36:15,909 - 2 - INFO - 页面"寂灭剑诀（GM版）_寂灭剑诀（GM版）免费gm权限安卓下载 - 最笨下载"跳转正常,该类元素共18个，当前第10个
2020-09-03 19:36:22,047 - 2 - INFO - 页面"封神记（GM版）_封神记（GM版）免费gm权限安卓下载 - 最笨下载"跳转正常,该类元素共18个，当前第11个
2020-09-03 19:36:28,172 - 2 - INFO - 页面"豪门小老婆（GM版）_豪门小老婆（GM版）免费gm权限安卓下载 - 最笨下载"跳转正常,该类元素共18个，当前第12个
2020-09-03 19:36:34,294 - 2 - INFO - 页面"三生三誓青丘传（GM版）_三生三誓青丘传（GM版）免费gm权限安卓下载 - 最笨下载"跳转正常,该类元素共18个，当前第13个
2020-09-03 19:36:40,428 - 2 - INFO - 页面"毒尊三国（GM版）_毒尊三国（GM版）免费gm权限安卓下载 - 最笨下载"跳转正常,该类元素共18个，当前第14个
2020-09-03 19:36:46,547 - 2 - INFO - 页面"乱世神话（GM版）_乱世神话（GM版）免费gm权限安卓下载 - 最笨下载"跳转正常,该类元素共18个，当前第15个
2020-09-03 19:36:52,705 - 2 - INFO - 页面"天子问剑（GM版）_天子问剑（GM版）免费gm权限安卓下载 - 最笨下载"跳转正常,该类元素共18个，当前第16个
2020-09-03 19:36:58,829 - 2 - INFO - 页面"风云三国（GM版）_风云三国（GM版）免费gm权限安卓下载 - 最笨下载"跳转正常,该类元素共18个，当前第17个
2020-09-03 19:37:04,975 - 2 - INFO - 页面"古惑三国志（GM版）_古惑三国志（GM版）免费gm权限安卓下载 - 最笨下载"跳转正常,该类元素共18个，当前第18个
2020-09-03 19:37:12,915 - 2 - INFO - 页面"免费权限GM游戏"跳转正常,该类元素共4个，当前第1个
2020-09-03 19:37:13,194 - basepage - INFO - Click back on current page.
2020-09-03 19:37:18,530 - 2 - INFO - 页面"聊天回复神器合集"跳转正常,该类元素共4个，当前第2个
2020-09-03 19:37:19,117 - basepage - INFO - Click back on current page.
2020-09-03 19:37:35,217 - 2 - INFO - 页面"超变私服传奇一刀999999级"跳转正常,该类元素共4个，当前第3个
2020-09-03 19:37:35,762 - basepage - INFO - Click back on current page.
2020-09-03 19:37:42,436 - 2 - INFO - 页面"美女爆衣游戏手游"跳转正常,该类元素共4个，当前第4个
2020-09-03 19:37:43,034 - basepage - INFO - Click back on current page.
2020-09-03 19:37:51,035 - 2 - INFO - 页面"【苹果播放器】iPhone手机播放器,iPhone播放器免费下载大全-最笨下载"跳转正常,该类元素共19个，当前第1个
2020-09-03 19:37:51,528 - basepage - INFO - Click back on current page.
2020-09-03 19:37:58,434 - 2 - INFO - 页面"【苹果学习软件】iPhone手机学习软件_iPhone学习软件免费下载大全-最笨下载"跳转正常,该类元素共19个，当前第2个
2020-09-03 19:37:58,667 - basepage - INFO - Click back on current page.
2020-09-03 19:38:05,578 - 2 - INFO - 页面"【苹果辅助软件】iPhone手机辅助软件_iPhone辅助软件免费下载大全-最笨下载"跳转正常,该类元素共19个，当前第3个
2020-09-03 19:38:05,851 - basepage - INFO - Click back on current page.
2020-09-03 19:38:12,792 - 2 - INFO - 页面"【苹果输入法】iPhone手机输入法_iPhone输入法免费下载大全-最笨下载"跳转正常,该类元素共19个，当前第4个
2020-09-03 19:38:13,279 - basepage - INFO - Click back on current page.
2020-09-03 19:38:20,464 - 2 - INFO - 页面"【苹果通信软件】iPhone手机通信软件_iPhone通信软件免费下载大全-最笨下载"跳转正常,该类元素共19个，当前第5个
2020-09-03 19:38:20,680 - basepage - INFO - Click back on current page.
2020-09-03 19:38:27,515 - 2 - INFO - 页面"【苹果固件】iPhone手机固件软件_iPhone固件软件免费下载大全-最笨下载"跳转正常,该类元素共19个，当前第6个
2020-09-03 19:38:27,802 - basepage - INFO - Click back on current page.
2020-09-03 19:38:34,638 - 2 - INFO - 页面"【苹果文件管理软件】iPhone手机文件管理软件_iPhone文件管理软件免费下载大全-最笨下载"跳转正常,该类元素共19个，当前第7个
2020-09-03 19:38:35,108 - basepage - INFO - Click back on current page.
2020-09-03 19:38:42,382 - 2 - INFO - 页面"【苹果同步软件】iPhone手机同步软件_iPhone同步软件免费下载大全-最笨下载"跳转正常,该类元素共19个，当前第8个
2020-09-03 19:38:42,627 - basepage - INFO - Click back on current page.
2020-09-03 19:38:49,771 - 2 - INFO - 页面"【苹果办公软件】iPhone手机办公软件_iPhone办公软件免费下载大全-最笨下载"跳转正常,该类元素共19个，当前第9个
2020-09-03 19:38:50,042 - basepage - INFO - Click back on current page.
2020-09-03 19:38:57,438 - 2 - INFO - 页面"【苹果理财软件】iPhone手机理财软件_iPhone理财软件免费下载大全-最笨下载"跳转正常,该类元素共19个，当前第10个
2020-09-03 19:38:57,973 - basepage - INFO - Click back on current page.
2020-09-03 19:39:05,236 - 2 - INFO - 页面"【苹果备份软件】iPhone手机备份软件_iPhone备份软件免费下载大全-最笨下载"跳转正常,该类元素共19个，当前第11个
2020-09-03 19:39:05,501 - basepage - INFO - Click back on current page.
2020-09-03 19:39:12,532 - 2 - INFO - 页面"【苹果健身软件】iPhone手机健身软件_iPhone健身软件免费下载大全-最笨下载"跳转正常,该类元素共19个，当前第12个
2020-09-03 19:39:12,823 - basepage - INFO - Click back on current page.
2020-09-03 19:39:19,990 - 2 - INFO - 页面"【苹果健康管理软件】iPhone手机健康管理软件_iPhone健康管理软件免费下载大全-最笨下载"跳转正常,该类元素共19个，当前第13个
2020-09-03 19:39:20,459 - basepage - INFO - Click back on current page.
2020-09-03 19:39:27,906 - 2 - INFO - 页面"【苹果系统软件】iPhone手机系统软件_iPhone系统软件免费下载大全-最笨下载"跳转正常,该类元素共19个，当前第14个
2020-09-03 19:39:28,166 - basepage - INFO - Click back on current page.
2020-09-03 19:39:35,330 - 2 - INFO - 页面"【苹果社交软件】iphone手机社交软件_iphone社交软件免费下载大全-最笨下载"跳转正常,该类元素共19个，当前第15个
2020-09-03 19:39:35,560 - basepage - INFO - Click back on current page.
2020-09-03 19:39:42,714 - 2 - INFO - 页面"【苹果娱乐软件】iPhone手机娱乐软件_iPhone娱乐软件免费下载大全-最笨下载"跳转正常,该类元素共19个，当前第16个
2020-09-03 19:39:43,213 - basepage - INFO - Click back on current page.
2020-09-03 19:39:51,211 - 2 - INFO - 页面"【苹果导航】iPhone手机导航软件,iPhone导航软件免费下载大全-最笨下载"跳转正常,该类元素共19个，当前第17个
2020-09-03 19:39:51,692 - basepage - INFO - Click back on current page.
2020-09-03 19:39:58,814 - 2 - INFO - 页面"【苹果网络软件】iPhone手机网络软件,iPhone网络软件免费下载大全-最笨下载"跳转正常,该类元素共19个，当前第18个
2020-09-03 19:39:59,087 - basepage - INFO - Click back on current page.
2020-09-03 19:40:06,078 - 2 - INFO - 页面"【苹果助手软件】iPhone生活助手软件_iPhone生活助手软件免费下载大全-最笨下载"跳转正常,该类元素共19个，当前第19个
2020-09-03 19:40:06,526 - basepage - INFO - Click back on current page.
2020-09-03 19:40:14,872 - 2 - INFO - 页面"安致手游盒子ios版_安致手游盒子ios版下载_安致手游盒子ios版官方下载-最笨下载"跳转正常,该类元素共18个，当前第1个
2020-09-03 19:40:21,023 - 2 - INFO - 页面"爪游控游戏盒子ios版_爪游控游戏盒子ios版下载_爪游控游戏盒子ios版官方下载-最笨下载"跳转正常,该类元素共18个，当前第2个
2020-09-03 19:40:27,164 - 2 - INFO - 页面"手机玩盒子ios版_手机玩盒子ios版下载_手机玩盒子ios版官方下载-最笨下载"跳转正常,该类元素共18个，当前第3个
2020-09-03 19:40:33,289 - 2 - INFO - 页面"蜜小助ios版_蜜小助ios版下载_蜜小助ios版官方下载-最笨下载"跳转正常,该类元素共18个，当前第4个
2020-09-03 19:40:39,446 - 2 - INFO - 页面"BT游戏大全ios_BT游戏大全ios下载_BT游戏大全ios官方下载-最笨下载"跳转正常,该类元素共18个，当前第5个
2020-09-03 19:40:45,566 - 2 - INFO - 页面"小8游戏盒子ios_小8游戏盒子ios下载_小8游戏盒子ios官方下载-最笨下载"跳转正常,该类元素共18个，当前第6个
2020-09-03 19:40:51,708 - 2 - INFO - 页面"安卓市场ios版_安卓市场ios版下载_安卓市场ios版官方下载-最笨下载"跳转正常,该类元素共18个，当前第7个
2020-09-03 19:40:57,821 - 2 - INFO - 页面"剪映_剪映下载_剪映官方下载-最笨下载"跳转正常,该类元素共18个，当前第8个
2020-09-03 19:41:03,970 - 2 - INFO - 页面"吾爱看书ios版_吾爱看书ios版下载_吾爱看书ios版官方下载-最笨下载"跳转正常,该类元素共18个，当前第9个
2020-09-03 19:41:10,116 - 2 - INFO - 页面"7743游戏平台_7743游戏平台下载_7743游戏平台官方下载-最笨下载"跳转正常,该类元素共18个，当前第10个
2020-09-03 19:41:16,255 - 2 - INFO - 页面"搜书帝ios_搜书帝ios下载_搜书帝ios官方下载-最笨下载"跳转正常,该类元素共18个，当前第11个
2020-09-03 19:41:22,398 - 2 - INFO - 页面"大塘小鱼_大塘小鱼下载_大塘小鱼官方下载-最笨下载"跳转正常,该类元素共18个，当前第12个
2020-09-03 19:41:28,525 - 2 - INFO - 页面"花溪小说_花溪小说下载_花溪小说官方下载-最笨下载"跳转正常,该类元素共18个，当前第13个
2020-09-03 19:41:34,673 - 2 - INFO - 页面"手译_手译下载_手译官方下载-最笨下载"跳转正常,该类元素共18个，当前第14个
2020-09-03 19:41:40,815 - 2 - INFO - 页面"sjcam_sjcam下载_sjcam官方下载-最笨下载"跳转正常,该类元素共18个，当前第15个
2020-09-03 19:41:46,957 - 2 - INFO - 页面"WearHeart_WearHeart下载_WearHeart官方下载-最笨下载"跳转正常,该类元素共18个，当前第16个
2020-09-03 19:41:53,093 - 2 - INFO - 页面"仓鼠阅读_仓鼠阅读下载_仓鼠阅读官方下载-最笨下载"跳转正常,该类元素共18个，当前第17个
2020-09-03 19:41:59,225 - 2 - INFO - 页面"漫番漫画_漫番漫画下载_漫番漫画官方下载-最笨下载"跳转正常,该类元素共18个，当前第18个
2020-09-03 19:42:06,344 - 2 - INFO - 页面"变态手游公益服_bt手游变态服_无限元宝bt手游下载_BT手游中心-最笨下载"跳转正常,该类元素共13个，当前第1个
2020-09-03 19:42:06,621 - basepage - INFO - Click back on current page.
2020-09-03 19:42:14,672 - 2 - INFO - 页面"变态手游公益服_bt手游变态服_无限元宝bt手游下载_BT手游中心-最笨下载"跳转正常,该类元素共13个，当前第2个
2020-09-03 19:42:14,955 - basepage - INFO - Click back on current page.
2020-09-03 19:42:22,749 - 2 - INFO - 页面"变态手游公益服_bt手游变态服_无限元宝bt手游下载_BT手游中心-最笨下载"跳转正常,该类元素共13个，当前第3个
2020-09-03 19:42:23,272 - basepage - INFO - Click back on current page.
2020-09-03 19:42:31,676 - 2 - INFO - 页面"变态手游公益服_bt手游变态服_无限元宝bt手游下载_BT手游中心-最笨下载"跳转正常,该类元素共13个，当前第4个
2020-09-03 19:42:32,399 - basepage - INFO - Click back on current page.
2020-09-03 19:42:40,237 - 2 - INFO - 页面"变态手游公益服_bt手游变态服_无限元宝bt手游下载_BT手游中心-最笨下载"跳转正常,该类元素共13个，当前第5个
2020-09-03 19:42:40,498 - basepage - INFO - Click back on current page.
2020-09-03 19:42:49,548 - 2 - INFO - 页面"变态手游公益服_bt手游变态服_无限元宝bt手游下载_BT手游中心-最笨下载"跳转正常,该类元素共13个，当前第6个
2020-09-03 19:42:50,132 - basepage - INFO - Click back on current page.
2020-09-03 19:42:58,022 - 2 - INFO - 页面"变态手游公益服_bt手游变态服_无限元宝bt手游下载_BT手游中心-最笨下载"跳转正常,该类元素共13个，当前第7个
2020-09-03 19:42:58,564 - basepage - INFO - Click back on current page.
2020-09-03 19:43:06,627 - 2 - INFO - 页面"变态手游公益服_bt手游变态服_无限元宝bt手游下载_BT手游中心-最笨下载"跳转正常,该类元素共13个，当前第8个
2020-09-03 19:43:06,933 - basepage - INFO - Click back on current page.
2020-09-03 19:43:14,658 - 2 - INFO - 页面"变态手游公益服_bt手游变态服_无限元宝bt手游下载_BT手游中心-最笨下载"跳转正常,该类元素共13个，当前第9个
2020-09-03 19:43:15,173 - basepage - INFO - Click back on current page.
2020-09-03 19:43:23,109 - 2 - INFO - 页面"变态手游公益服_bt手游变态服_无限元宝bt手游下载_BT手游中心-最笨下载"跳转正常,该类元素共13个，当前第10个
2020-09-03 19:43:23,606 - basepage - INFO - Click back on current page.
2020-09-03 19:43:33,095 - 2 - INFO - 页面"变态手游公益服_bt手游变态服_无限元宝bt手游下载_BT手游中心-最笨下载"跳转正常,该类元素共13个，当前第11个
2020-09-03 19:43:33,354 - basepage - INFO - Click back on current page.
2020-09-03 19:43:41,417 - 2 - INFO - 页面"变态手游公益服_bt手游变态服_无限元宝bt手游下载_BT手游中心-最笨下载"跳转正常,该类元素共13个，当前第12个
2020-09-03 19:43:41,889 - basepage - INFO - Click back on current page.
2020-09-03 19:43:50,185 - 2 - INFO - 页面"变态手游公益服_bt手游变态服_无限元宝bt手游下载_BT手游中心-最笨下载"跳转正常,该类元素共13个，当前第13个
2020-09-03 19:43:50,672 - basepage - INFO - Click back on current page.
2020-09-03 19:43:59,052 - 2 - INFO - 页面"封神传奇（福利特权）_封神传奇（福利特权）无限元宝服_SF变态版封神传奇（福利特权）公益服下载 - 最笨下载"跳转正常,该类元素共18个，当前第1个
2020-09-03 19:44:05,197 - 2 - INFO - 页面"风暴之锤（福利特权）_风暴之锤（福利特权）无限元宝服_SF变态版风暴之锤（福利特权）公益服下载 - 最笨下载"跳转正常,该类元素共18个，当前第2个
2020-09-03 19:44:11,332 - 2 - INFO - 页面"邪域战灵（送千元充值）_邪域战灵（送千元充值）无限元宝服_SF变态版邪域战灵（送千元充值）公益服下载 - 最笨下载"跳转正常,该类元素共18个，当前第3个
2020-09-03 19:44:17,457 - 2 - INFO - 页面"蜂之恋（送500充值）_蜂之恋（送500充值）无限元宝服_SF变态版蜂之恋（送500充值）公益服下载 - 最笨下载"跳转正常,该类元素共18个，当前第4个
2020-09-03 19:44:23,583 - 2 - INFO - 页面"战仙传（海量充值特权）_战仙传（海量充值特权）无限元宝服_SF变态版战仙传（海量充值特权）公益服下载 - 最笨下载"跳转正常,该类元素共18个，当前第5个
2020-09-03 19:44:29,725 - 2 - INFO - 页面"捉妖手机（送万抽）_捉妖手机（送万抽）无限元宝服_SF变态版捉妖手机（送万抽）公益服下载 - 最笨下载"跳转正常,该类元素共18个，当前第6个
2020-09-03 19:44:35,853 - 2 - INFO - 页面"口袋高手（狂抽猛送特权）_口袋高手（狂抽猛送特权）无限元宝服_SF变态版口袋高手（狂抽猛送特权）公益服下载 - 最笨下载"跳转正常,该类元素共18个，当前第7个
2020-09-03 19:44:41,984 - 2 - INFO - 页面"传奇国度（天降红包）_传奇国度（天降红包）无限元宝服_SF变态版传奇国度（天降红包）公益服下载 - 最笨下载"跳转正常,该类元素共18个，当前第8个
2020-09-03 19:44:48,129 - 2 - INFO - 页面"圣剑神域（每日送真充）_圣剑神域（每日送真充）无限元宝服_SF变态版圣剑神域（每日送真充）公益服下载 - 最笨下载"跳转正常,该类元素共18个，当前第9个
2020-09-03 19:44:54,262 - 2 - INFO - 页面"女神竞技场（送SS女神）_女神竞技场（送SS女神）无限元宝服_SF变态版女神竞技场（送SS女神）公益服下载 - 最笨下载"跳转正常,该类元素共18个，当前第10个
2020-09-03 19:45:00,420 - 2 - INFO - 页面"格斗之皇（送328充值）_格斗之皇（送328充值）无限元宝服_SF变态版格斗之皇（送328充值）公益服下载 - 最笨下载"跳转正常,该类元素共18个，当前第11个
2020-09-03 19:45:06,543 - 2 - INFO - 页面"三界轮回（送千元充值）_三界轮回（送千元充值）无限元宝服_SF变态版三界轮回（送千元充值）公益服下载 - 最笨下载"跳转正常,该类元素共18个，当前第12个
2020-09-03 19:45:12,673 - 2 - INFO - 页面"风之幻想web（送1000充值）_风之幻想web（送1000充值）无限元宝服_SF变态版风之幻想web（送1000充值）公益服下载 - 最笨下载"跳转正常,该类元素共18个，当前第13个
2020-09-03 19:45:18,807 - 2 - INFO - 页面"渡劫（送海量寻宝）_渡劫（送海量寻宝）无限元宝服_SF变态版渡劫（送海量寻宝）公益服下载 - 最笨下载"跳转正常,该类元素共18个，当前第14个
2020-09-03 19:45:24,957 - 2 - INFO - 页面"口袋喵喵（海量特权）_口袋喵喵（海量特权）无限元宝服_SF变态版口袋喵喵（海量特权）公益服下载 - 最笨下载"跳转正常,该类元素共18个，当前第15个
2020-09-03 19:45:31,086 - 2 - INFO - 页面"幻世英雄（送1000充值）_幻世英雄（送1000充值）无限元宝服_SF变态版幻世英雄（送1000充值）公益服下载 - 最笨下载"跳转正常,该类元素共18个，当前第16个
2020-09-03 19:45:37,235 - 2 - INFO - 页面"泡面三国（送海量真充）_泡面三国（送海量真充）无限元宝服_SF变态版泡面三国（送海量真充）公益服下载 - 最笨下载"跳转正常,该类元素共18个，当前第17个
2020-09-03 19:45:43,371 - 2 - INFO - 页面"龙战于野（领VIP代金券）_龙战于野（领VIP代金券）无限元宝服_SF变态版龙战于野（领VIP代金券）公益服下载 - 最笨下载"跳转正常,该类元素共18个，当前第18个
2020-09-03 19:45:50,260 - 2 - INFO - 页面"满vip版手游_手游sf送顶级vip_满级vip无限元宝手游下载-最笨下载"跳转正常,该类元素共13个，当前第1个
2020-09-03 19:45:50,501 - basepage - INFO - Click back on current page.
2020-09-03 19:45:58,327 - 2 - INFO - 页面"满vip版手游_手游sf送顶级vip_满级vip无限元宝手游下载-最笨下载"跳转正常,该类元素共13个，当前第2个
2020-09-03 19:45:58,855 - basepage - INFO - Click back on current page.
2020-09-03 19:46:06,711 - 2 - INFO - 页面"满vip版手游_手游sf送顶级vip_满级vip无限元宝手游下载-最笨下载"跳转正常,该类元素共13个，当前第3个
2020-09-03 19:46:07,263 - basepage - INFO - Click back on current page.
2020-09-03 19:46:15,138 - 2 - INFO - 页面"满vip版手游_手游sf送顶级vip_满级vip无限元宝手游下载-最笨下载"跳转正常,该类元素共13个，当前第4个
2020-09-03 19:46:15,416 - basepage - INFO - Click back on current page.
2020-09-03 19:46:23,128 - 2 - INFO - 页面"满vip版手游_手游sf送顶级vip_满级vip无限元宝手游下载-最笨下载"跳转正常,该类元素共13个，当前第5个
2020-09-03 19:46:23,610 - basepage - INFO - Click back on current page.
2020-09-03 19:46:31,953 - 2 - INFO - 页面"满vip版手游_手游sf送顶级vip_满级vip无限元宝手游下载-最笨下载"跳转正常,该类元素共13个，当前第6个
2020-09-03 19:46:32,458 - basepage - INFO - Click back on current page.
2020-09-03 19:46:40,199 - 2 - INFO - 页面"满vip版手游_手游sf送顶级vip_满级vip无限元宝手游下载-最笨下载"跳转正常,该类元素共13个，当前第7个
2020-09-03 19:46:40,725 - basepage - INFO - Click back on current page.
2020-09-03 19:46:48,581 - 2 - INFO - 页面"满vip版手游_手游sf送顶级vip_满级vip无限元宝手游下载-最笨下载"跳转正常,该类元素共13个，当前第8个
2020-09-03 19:46:48,891 - basepage - INFO - Click back on current page.
2020-09-03 19:46:57,166 - 2 - INFO - 页面"满vip版手游_手游sf送顶级vip_满级vip无限元宝手游下载-最笨下载"跳转正常,该类元素共13个，当前第9个
2020-09-03 19:46:57,694 - basepage - INFO - Click back on current page.
2020-09-03 19:47:05,735 - 2 - INFO - 页面"满vip版手游_手游sf送顶级vip_满级vip无限元宝手游下载-最笨下载"跳转正常,该类元素共13个，当前第10个
2020-09-03 19:47:06,256 - basepage - INFO - Click back on current page.
2020-09-03 19:47:14,244 - 2 - INFO - 页面"满vip版手游_手游sf送顶级vip_满级vip无限元宝手游下载-最笨下载"跳转正常,该类元素共13个，当前第11个
2020-09-03 19:47:14,530 - basepage - INFO - Click back on current page.
2020-09-03 19:47:22,357 - 2 - INFO - 页面"满vip版手游_手游sf送顶级vip_满级vip无限元宝手游下载-最笨下载"跳转正常,该类元素共13个，当前第12个
2020-09-03 19:47:22,866 - basepage - INFO - Click back on current page.
2020-09-03 19:47:31,523 - 2 - INFO - 页面"满vip版手游_手游sf送顶级vip_满级vip无限元宝手游下载-最笨下载"跳转正常,该类元素共13个，当前第13个
2020-09-03 19:47:32,028 - basepage - INFO - Click back on current page.
2020-09-03 19:47:40,406 - 2 - INFO - 页面"萌斗魏蜀吴（GM特权）_萌斗魏蜀吴（GM特权）无限元宝服_SF变态版萌斗魏蜀吴（GM特权）公益服下载 - 最笨下载"跳转正常,该类元素共18个，当前第1个
2020-09-03 19:47:46,528 - 2 - INFO - 页面"龙之剑圣（刷海量充值）_龙之剑圣（刷海量充值）无限元宝服_SF变态版龙之剑圣（刷海量充值）公益服下载 - 最笨下载"跳转正常,该类元素共18个，当前第2个
2020-09-03 19:47:52,682 - 2 - INFO - 页面"操戈天下（送海量元宝）_操戈天下（送海量元宝）无限元宝服_SF变态版操戈天下（送海量元宝）公益服下载 - 最笨下载"跳转正常,该类元素共18个，当前第3个
2020-09-03 19:47:58,804 - 2 - INFO - 页面"幻剑情缘（送千元充值）_幻剑情缘（送千元充值）无限元宝服_SF变态版幻剑情缘（送千元充值）公益服下载 - 最笨下载"跳转正常,该类元素共18个，当前第4个
2020-09-03 19:48:04,923 - 2 - INFO - 页面"影歌（海量打金特权）_影歌（海量打金特权）无限元宝服_SF变态版影歌（海量打金特权）公益服下载 - 最笨下载"跳转正常,该类元素共18个，当前第5个
2020-09-03 19:48:11,066 - 2 - INFO - 页面"闪将三国（送千元充值）_闪将三国（送千元充值）无限元宝服_SF变态版闪将三国（送千元充值）公益服下载 - 最笨下载"跳转正常,该类元素共18个，当前第6个
2020-09-03 19:48:17,224 - 2 - INFO - 页面"乱戳三国2（送GM特权）_乱戳三国2（送GM特权）无限元宝服_SF变态版乱戳三国2（送GM特权）公益服下载 - 最笨下载"跳转正常,该类元素共18个，当前第7个
2020-09-03 19:48:23,351 - 2 - INFO - 页面"吞噬苍穹（海量充值卡）_吞噬苍穹（海量充值卡）无限元宝服_SF变态版吞噬苍穹（海量充值卡）公益服下载 - 最笨下载"跳转正常,该类元素共18个，当前第8个
2020-09-03 19:48:29,479 - 2 - INFO - 页面"刀剑神魔录（1元商城特权）_刀剑神魔录（1元商城特权）无限元宝服_SF变态版刀剑神魔录（1元商城特权）公益服下载 - 最笨下载"跳转正常,该类元素共18个，当前第9个
2020-09-03 19:48:35,600 - 2 - INFO - 页面"乱世江湖（天天送充值）_乱世江湖（天天送充值）无限元宝服_SF变态版乱世江湖（天天送充值）公益服下载 - 最笨下载"跳转正常,该类元素共18个，当前第10个
2020-09-03 19:48:41,721 - 2 - INFO - 页面"王者战歌（送千元充值）_王者战歌（送千元充值）无限元宝服_SF变态版王者战歌（送千元充值）公益服下载 - 最笨下载"跳转正常,该类元素共18个，当前第11个
2020-09-03 19:48:47,849 - 2 - INFO - 页面"齐天记（海量资源特权）_齐天记（海量资源特权）无限元宝服_SF变态版齐天记（海量资源特权）公益服下载 - 最笨下载"跳转正常,该类元素共18个，当前第12个
2020-09-03 19:48:53,994 - 2 - INFO - 页面"征程三国（送百抽S神将）_征程三国（送百抽S神将）无限元宝服_SF变态版征程三国（送百抽S神将）公益服下载 - 最笨下载"跳转正常,该类元素共18个，当前第13个
2020-09-03 19:49:00,138 - 2 - INFO - 页面"机甲战纪（送GM特权）_机甲战纪（送GM特权）无限元宝服_SF变态版机甲战纪（送GM特权）公益服下载 - 最笨下载"跳转正常,该类元素共18个，当前第14个
2020-09-03 19:49:06,269 - 2 - INFO - 页面"星星喵（送千元充值）_星星喵（送千元充值）无限元宝服_SF变态版星星喵（送千元充值）公益服下载 - 最笨下载"跳转正常,该类元素共18个，当前第15个
2020-09-03 19:49:12,398 - 2 - INFO - 页面"轩辕剑群侠传（商城特权）_轩辕剑群侠传（商城特权）无限元宝服_SF变态版轩辕剑群侠传（商城特权）公益服下载 - 最笨下载"跳转正常,该类元素共18个，当前第16个
2020-09-03 19:49:18,515 - 2 - INFO - 页面"大秦之帝国崛起（送法拉利）_大秦之帝国崛起（送法拉利）无限元宝服_SF变态版大秦之帝国崛起（送法拉利）公益服下载 - 最笨下载"跳转正常,该类元素共18个，当前第17个
2020-09-03 19:49:24,634 - 2 - INFO - 页面"进击的少女（闯关爆充值）_进击的少女（闯关爆充值）无限元宝服_SF变态版进击的少女（闯关爆充值）公益服下载 - 最笨下载"跳转正常,该类元素共18个，当前第18个
2020-09-03 19:49:32,025 - 2 - INFO - 页面"【苹果益智休闲游戏】好玩的iPhone益智休闲游戏大全_iPhone益智休闲类游戏下载-最笨下载"跳转正常,该类元素共16个，当前第1个
2020-09-03 19:49:32,320 - basepage - INFO - Click back on current page.
2020-09-03 19:49:39,704 - 2 - INFO - 页面"【苹果其他游戏】好玩的iphone其他游戏大全_iphone其他类游戏下载-最笨下载"跳转正常,该类元素共16个，当前第2个
2020-09-03 19:49:40,208 - basepage - INFO - Click back on current page.
2020-09-03 19:49:47,501 - 2 - INFO - 页面"【苹果音乐游戏】好玩的iphone音乐游戏大全_iphone音乐类游戏下载-最笨下载"跳转正常,该类元素共16个，当前第3个
2020-09-03 19:49:47,771 - basepage - INFO - Click back on current page.
2020-09-03 19:49:54,920 - 2 - INFO - 页面"【苹果网络游戏】好玩的iphone网络游戏大全_iphone网络类游戏下载-最笨下载"跳转正常,该类元素共16个，当前第4个
2020-09-03 19:49:55,201 - basepage - INFO - Click back on current page.
2020-09-03 19:50:02,300 - 2 - INFO - 页面"【苹果格斗游戏】好玩的iPhone格斗游戏大全_iPhone格斗类游戏下载-最笨下载"跳转正常,该类元素共16个，当前第5个
2020-09-03 19:50:02,819 - basepage - INFO - Click back on current page.
2020-09-03 19:50:10,242 - 2 - INFO - 页面"【苹果飞行游戏】好玩的iPhone飞行游戏大全_iPhone飞行类游戏下载-最笨下载"跳转正常,该类元素共16个，当前第6个
2020-09-03 19:50:10,539 - basepage - INFO - Click back on current page.
2020-09-03 19:50:18,639 - 2 - INFO - 页面"【苹果体育运动游戏】好玩的iPhone体育运动游戏大全_iPhone体育运动类游戏下载-最笨下载"跳转正常,该类元素共16个，当前第7个
2020-09-03 19:50:18,908 - basepage - INFO - Click back on current page.
2020-09-03 19:50:27,197 - 2 - INFO - 页面"【苹果模拟经营游戏】好玩的iPhone模拟经营游戏大全_iPhone模拟经营类游戏下载-最笨下载"跳转正常,该类元素共16个，当前第8个
2020-09-03 19:50:27,813 - basepage - INFO - Click back on current page.
2020-09-03 19:50:35,648 - 2 - INFO - 页面"【苹果策略游戏】好玩的iphone策略游戏大全_iphone策略类游戏下载-最笨下载"跳转正常,该类元素共16个，当前第9个
2020-09-03 19:50:36,178 - basepage - INFO - Click back on current page.
2020-09-03 19:50:43,314 - 2 - INFO - 页面"【苹果塔防游戏】好玩的iphone塔防游戏大全_iphone塔防类游戏下载-最笨下载"跳转正常,该类元素共16个，当前第10个
2020-09-03 19:50:43,612 - basepage - INFO - Click back on current page.
2020-09-03 19:50:50,970 - 2 - INFO - 页面"【苹果解谜游戏】好玩的iphone解谜游戏大全_iphone解谜类游戏下载-最笨下载"跳转正常,该类元素共16个，当前第11个
2020-09-03 19:50:51,439 - basepage - INFO - Click back on current page.
2020-09-03 19:50:58,740 - 2 - INFO - 页面"【苹果射击游戏】好玩的iphone射击游戏大全_iphone射击类游戏下载-最笨下载"跳转正常,该类元素共16个，当前第12个
2020-09-03 19:50:58,979 - basepage - INFO - Click back on current page.
2020-09-03 19:51:06,155 - 2 - INFO - 页面"【苹果棋牌游戏】好玩的iphone棋牌游戏大全_iphone棋牌类游戏下载-最笨下载"跳转正常,该类元素共16个，当前第13个
2020-09-03 19:51:06,453 - basepage - INFO - Click back on current page.
2020-09-03 19:51:13,549 - 2 - INFO - 页面"【苹果赛车游戏】好玩的iPhone赛车游戏大全_iPhone赛车类游戏下载-最笨下载"跳转正常,该类元素共16个，当前第14个
2020-09-03 19:51:14,062 - basepage - INFO - Click back on current page.
2020-09-03 19:51:20,720 - 2 - INFO - 页面"【苹果角色扮演游戏】好玩的iphone角色扮演游戏_iPhone角色扮演类游戏下载-最笨下载"跳转正常,该类元素共16个，当前第15个
2020-09-03 19:51:21,011 - basepage - INFO - Click back on current page.
2020-09-03 19:51:28,522 - 2 - INFO - 页面"【安卓动作游戏】好玩的iPhone动作游戏大全_iPhone动作类游戏下载-最笨下载"跳转正常,该类元素共16个，当前第16个
2020-09-03 19:51:28,872 - basepage - INFO - Click back on current page.
2020-09-03 19:51:37,221 - 2 - INFO - 页面"真龙战魂（天天送元宝）ios版_真龙战魂（天天送元宝）ios版下载_真龙战魂（天天送元宝）ios版官方下载-最笨下载"跳转正常,该类元素共18个，当前第1个
2020-09-03 19:51:43,369 - 2 - INFO - 页面"魔域王牌（天天送抽卡）iOS版_魔域王牌（天天送抽卡）iOS版下载_魔域王牌（天天送抽卡）iOS版官方下载-最笨下载"跳转正常,该类元素共18个，当前第2个
2020-09-03 19:51:49,489 - 2 - INFO - 页面"冒险王2（送海量充值）ios版_冒险王2（送海量充值）ios版下载_冒险王2（送海量充值）ios版官方下载-最笨下载"跳转正常,该类元素共18个，当前第3个
2020-09-03 19:51:55,609 - 2 - INFO - 页面"恋三国（送百抽）ios版_恋三国（送百抽）ios版下载_恋三国（送百抽）ios版官方下载-最笨下载"跳转正常,该类元素共18个，当前第4个
2020-09-03 19:52:01,735 - 2 - INFO - 页面"屠龙世界（送GM特权）ios版_屠龙世界（送GM特权）ios版下载_屠龙世界（送GM特权）ios版官方下载-最笨下载"跳转正常,该类元素共18个，当前第5个
2020-09-03 19:52:07,858 - 2 - INFO - 页面"将军道（送百连海量抽）ios版_将军道（送百连海量抽）ios版下载_将军道（送百连海量抽）ios版官方下载-最笨下载"跳转正常,该类元素共18个，当前第6个
2020-09-03 19:52:13,977 - 2 - INFO - 页面"塔防镇魂师（送328代金券）ios版_塔防镇魂师（送328代金券）ios版下载_塔防镇魂师（送328代金券）ios版官方下载-最笨下载"跳转正常,该类元素共18个，当前第7个
2020-09-03 19:52:20,093 - 2 - INFO - 页面"乱斗三国ios版_乱斗三国ios版下载_乱斗三国ios版官方下载-最笨下载"跳转正常,该类元素共18个，当前第8个
2020-09-03 19:52:26,213 - 2 - INFO - 页面"兵器少女（无门槛送充）ios版_兵器少女（无门槛送充）ios版下载_兵器少女（无门槛送充）ios版官方下载-最笨下载"跳转正常,该类元素共18个，当前第9个
2020-09-03 19:52:32,337 - 2 - INFO - 页面"猎手之王ios版_猎手之王ios版下载_猎手之王ios版官方下载-最笨下载"跳转正常,该类元素共18个，当前第10个
2020-09-03 19:52:38,453 - 2 - INFO - 页面"古墓迷城ios版_古墓迷城ios版下载_古墓迷城ios版官方下载-最笨下载"跳转正常,该类元素共18个，当前第11个
2020-09-03 19:52:44,591 - 2 - INFO - 页面"国战纪元ios版_国战纪元ios版下载_国战纪元ios版官方下载-最笨下载"跳转正常,该类元素共18个，当前第12个
2020-09-03 19:52:50,706 - 2 - INFO - 页面"天诀ios版_天诀ios版下载_天诀ios版官方下载-最笨下载"跳转正常,该类元素共18个，当前第13个
2020-09-03 19:52:56,821 - 2 - INFO - 页面"仙剑缘（星耀特权）ios版_仙剑缘（星耀特权）ios版下载_仙剑缘（星耀特权）ios版官方下载-最笨下载"跳转正常,该类元素共18个，当前第14个
2020-09-03 19:53:02,945 - 2 - INFO - 页面"九灵神域ios版_九灵神域ios版下载_九灵神域ios版官方下载-最笨下载"跳转正常,该类元素共18个，当前第15个
2020-09-03 19:53:09,072 - 2 - INFO - 页面"天之命（海量特权）ios版_天之命（海量特权）ios版下载_天之命（海量特权）ios版官方下载-最笨下载"跳转正常,该类元素共18个，当前第16个
2020-09-03 19:53:15,193 - 2 - INFO - 页面"魔剑侠缘（星耀特权）ios版_魔剑侠缘（星耀特权）ios版下载_魔剑侠缘（星耀特权）ios版官方下载-最笨下载"跳转正常,该类元素共18个，当前第17个
2020-09-03 19:53:21,312 - 2 - INFO - 页面"仙灵世界（复古绿色服）ios版_仙灵世界（复古绿色服）ios版下载_仙灵世界（复古绿色服）ios版官方下载-最笨下载"跳转正常,该类元素共18个，当前第18个
2020-09-03 19:53:30,413 - 2 - INFO - 页面"ios无限元宝的手游"跳转正常,该类元素共4个，当前第1个
2020-09-03 19:53:30,671 - basepage - INFO - Click back on current page.
2020-09-03 19:53:37,217 - 2 - INFO - 页面"gm手游助手ios"跳转正常,该类元素共4个，当前第2个
2020-09-03 19:53:37,680 - basepage - INFO - Click back on current page.
2020-09-03 19:53:44,902 - 2 - INFO - 页面"ios变态服游戏"跳转正常,该类元素共4个，当前第3个
2020-09-03 19:53:45,340 - basepage - INFO - Click back on current page.
2020-09-03 19:53:51,747 - 2 - INFO - 页面"ios看小说神器"跳转正常,该类元素共4个，当前第4个
2020-09-03 19:53:52,191 - basepage - INFO - Click back on current page.
2020-09-03 19:53:59,362 - 2 - INFO - 页面"【最笨周末活动】暑期特惠，月末活动"跳转正常,该类元素共4个，当前第1个
2020-09-03 19:53:59,600 - basepage - INFO - Click back on current page.
2020-09-03 19:54:04,352 - 2 - INFO - 页面"【最笨福利活动】本周8.22-23周末手游公益服超值"跳转正常,该类元素共4个，当前第2个
2020-09-03 19:54:04,607 - basepage - INFO - Click back on current page.
2020-09-03 19:54:09,173 - 2 - INFO - 页面"【最笨周末活动】8.14周末活动壕礼送不停"跳转正常,该类元素共4个，当前第3个
2020-09-03 19:54:09,392 - basepage - INFO - Click back on current page.
2020-09-03 19:54:14,353 - 2 - INFO - 页面"【最笨周末活动】8.7周末活动海量惊喜等你来拿"跳转正常,该类元素共4个，当前第4个
2020-09-03 19:54:14,611 - basepage - INFO - Click back on current page.
2020-09-03 19:54:20,690 - 2 - INFO - 页面"王者荣耀S21赛季哪一个射手最强-S21赛季射手强度"跳转正常,该类元素共20个，当前第1个
2020-09-03 19:54:26,819 - 2 - INFO - 页面"什么软件可以下载游戏破解版"跳转正常,该类元素共20个，当前第2个
2020-09-03 19:54:32,940 - 2 - INFO - 页面"跟男生聊天有哪些软件"跳转正常,该类元素共20个，当前第3个
2020-09-03 19:54:39,058 - 2 - INFO - 页面"无广告看书全免费软件哪个好"跳转正常,该类元素共20个，当前第4个
2020-09-03 19:54:45,184 - 2 - INFO - 页面"回复女朋友的软件叫什么"跳转正常,该类元素共20个，当前第5个
2020-09-03 19:54:51,303 - 2 - INFO - 页面"江南百景图地洞怎么进入-地洞进入方法攻略"跳转正常,该类元素共20个，当前第6个
2020-09-03 19:54:57,417 - 2 - INFO - 页面"魔渊之刃急速值是什么意思-急速值属性攻略"跳转正常,该类元素共20个，当前第7个
2020-09-03 19:55:03,537 - 2 - INFO - 页面"光遇云野先祖在哪里-云野先祖位置攻略"跳转正常,该类元素共20个，当前第8个
2020-09-03 19:55:09,653 - 2 - INFO - 页面"光遇动作怎么升级-动作升级方法攻略"跳转正常,该类元素共20个，当前第9个
2020-09-03 19:55:15,794 - 2 - INFO - 页面"光遇大背头怎么得-大背头获得方法攻略"跳转正常,该类元素共20个，当前第10个
2020-09-03 19:55:21,916 - 2 - INFO - 页面"好用的热门言情小说软件有哪些"跳转正常,该类元素共20个，当前第11个
2020-09-03 19:55:28,031 - 2 - INFO - 页面"撩妹聊天软件哪款免费的好"跳转正常,该类元素共20个，当前第12个
2020-09-03 19:55:34,152 - 2 - INFO - 页面"看小说用什么软件全本免费"跳转正常,该类元素共20个，当前第13个
2020-09-03 19:55:40,272 - 2 - INFO - 页面"什么软件可以下载破解版游戏软件"跳转正常,该类元素共20个，当前第14个
2020-09-03 19:55:46,391 - 2 - INFO - 页面"2020十大良心放置手游"跳转正常,该类元素共20个，当前第15个
2020-09-03 19:55:52,506 - 2 - INFO - 页面"战魂铭人怎么偷老板东西"跳转正常,该类元素共20个，当前第16个
2020-09-03 19:55:58,622 - 2 - INFO - 页面"阴阳师9月神秘图案2020怎么画"跳转正常,该类元素共20个，当前第17个
2020-09-03 19:56:04,744 - 2 - INFO - 页面"LOL灵能特工莎弥拉皮肤多少钱"跳转正常,该类元素共20个，当前第18个
2020-09-03 19:56:10,889 - 2 - INFO - 页面"光遇雨妈发型怎么得"跳转正常,该类元素共20个，当前第19个
2020-09-03 19:56:17,008 - 2 - INFO - 页面"迷你世界农夫怎么做"跳转正常,该类元素共20个，当前第20个
2020-09-03 19:56:23,155 - 2 - INFO - 页面"apk3安卓网-2020最新apk安卓游戏-热门apk软件下载平台"跳转正常,该类元素共34个，当前第1个
2020-09-03 19:56:29,245 - 2 - INFO - 页面"小游戏,在线小游戏,小游戏大全,双人小游戏,3199小游戏"跳转正常,该类元素共34个，当前第2个
2020-09-03 19:56:35,403 - 2 - INFO - 页面"中文网站排行榜_alexa排行 - 爱站网站排行榜"跳转正常,该类元素共34个，当前第3个
2020-09-03 20:01:48,016 - 2 - INFO - 进入"游戏"模块，将执行随机函数
2020-09-03 20:02:08,088 - 2 - ERROR - 进入"应用"模块异常
2020-09-03 20:02:28,168 - 2 - ERROR - 进入"资讯"模块异常
2020-09-03 20:02:48,184 - 2 - ERROR - 进入"专题"模块异常
2020-09-03 20:03:08,232 - 2 - ERROR - 进入"电脑"模块异常
2020-09-03 20:03:28,278 - 2 - ERROR - 进入"APP大全"模块异常
2020-09-03 20:03:38,310 - basepage - INFO - zuiben自动化测试结束
