2020-09-01 18:20:07,428 - basepage - INFO - zuiben自动化测试开始
2020-09-01 18:20:07,428 - basepage - INFO - 隐性等待 10 秒
2020-09-01 18:20:12,144 - basepage - INFO - 跳转至https://www.zuiben.com/
2020-09-01 18:20:14,259 - basepage - INFO - 窗口已经最大化
2020-09-01 18:20:20,257 - 2 - INFO - 页面"【安卓游戏】好玩的安卓游戏下载_安卓游戏排行榜_安卓游戏免费下载大全-最笨下载"跳转正常,该类元素共21个，当前第1个
2020-09-01 18:20:20,481 - basepage - INFO - Click back on current page.
2020-09-01 18:20:25,414 - 2 - INFO - 页面"变态手游公益服_bt手游变态服_无限元宝bt手游下载_BT手游中心-最笨下载"跳转正常,该类元素共21个，当前第2个
2020-09-01 18:20:25,705 - basepage - INFO - Click back on current page.
2020-09-01 18:20:30,059 - 2 - INFO - 页面"gm版手游_无限元宝/钻石公益服_0元免费gm权限手游下载-最笨下载"跳转正常,该类元素共21个，当前第3个
2020-09-01 18:20:30,285 - basepage - INFO - Click back on current page.
2020-09-01 18:20:35,882 - 2 - INFO - 页面"【苹果游戏】iphone苹果手机游戏下载_iphone苹果游戏排行榜-最笨下载"跳转正常,该类元素共21个，当前第4个
2020-09-01 18:20:36,099 - basepage - INFO - Click back on current page.
2020-09-01 18:20:40,476 - 2 - INFO - 页面"满vip版手游_手游sf送顶级vip_满级vip无限元宝手游下载-最笨下载"跳转正常,该类元素共21个，当前第5个
2020-09-01 18:20:40,770 - basepage - INFO - Click back on current page.
2020-09-01 18:20:45,928 - 2 - INFO - 页面"【安卓软件】安卓软件下载_安卓手机软件下载_安卓软件免费下载大全-最笨下载"跳转正常,该类元素共21个，当前第6个
2020-09-01 18:20:46,143 - basepage - INFO - Click back on current page.
2020-09-01 18:20:52,022 - 2 - INFO - 页面"【苹果软件】iphone苹果下载软件_iphone苹果软件免费下载_苹果软件下载大全-最笨下载"跳转正常,该类元素共21个，当前第7个
2020-09-01 18:20:52,262 - basepage - INFO - Click back on current page.
2020-09-01 18:20:56,918 - 2 - INFO - 页面"【安卓资讯】安卓资讯推荐_安卓资讯大全-最笨下载"跳转正常,该类元素共21个，当前第8个
2020-09-01 18:20:57,147 - basepage - INFO - Click back on current page.
2020-09-01 18:21:01,623 - 2 - INFO - 页面"【安卓游戏攻略】安卓游戏攻略推荐_安卓游戏攻略大全-最笨下载"跳转正常,该类元素共21个，当前第9个
2020-09-01 18:21:01,868 - basepage - INFO - Click back on current page.
2020-09-01 18:21:06,845 - 2 - INFO - 页面"【安卓软件教程】安卓软件教程推荐_安卓软件教程大全-最笨下载"跳转正常,该类元素共21个，当前第10个
2020-09-01 18:21:07,060 - basepage - INFO - Click back on current page.
2020-09-01 18:21:12,135 - 2 - INFO - 页面"【iphone资讯】iphone资讯推荐_iphone资讯大全-最笨下载"跳转正常,该类元素共21个，当前第11个
2020-09-01 18:21:12,357 - basepage - INFO - Click back on current page.
2020-09-01 18:21:17,383 - 2 - INFO - 页面"【iPhone游戏攻略】iPhone游戏攻略推荐_iPhone游戏攻略大全-最笨下载"跳转正常,该类元素共21个，当前第12个
2020-09-01 18:21:17,730 - basepage - INFO - Click back on current page.
2020-09-01 18:21:22,642 - 2 - INFO - 页面"【系统重装教程】电脑重装系统教程_电脑怎么重装系统_重装系统步骤-最笨下载"跳转正常,该类元素共21个，当前第13个
2020-09-01 18:21:22,849 - basepage - INFO - Click back on current page.
2020-09-01 18:21:29,939 - 2 - INFO - 页面"安卓专题-最笨下载"跳转正常,该类元素共21个，当前第14个
2020-09-01 18:21:30,306 - basepage - INFO - Click back on current page.
2020-09-01 18:21:36,975 - 2 - INFO - 页面"游戏专题-最笨下载"跳转正常,该类元素共21个，当前第15个
2020-09-01 18:21:37,211 - basepage - INFO - Click back on current page.
2020-09-01 18:21:46,425 - 2 - INFO - 页面"苹果专题-最笨下载"跳转正常,该类元素共21个，当前第16个
2020-09-01 18:21:46,681 - basepage - INFO - Click back on current page.
2020-09-01 18:21:55,559 - 2 - INFO - 页面"【电脑软件】电脑软件下载_电脑装机必备软件_电脑常用软件下载_电脑软件大全-最笨下载"跳转正常,该类元素共21个，当前第17个
2020-09-01 18:21:55,973 - basepage - INFO - Click back on current page.
2020-09-01 18:22:01,776 - 2 - INFO - 页面"【电脑软件】电脑软件下载_电脑装机必备软件_电脑常用软件下载_电脑软件大全-最笨下载"跳转正常,该类元素共21个，当前第18个
2020-09-01 18:22:02,012 - basepage - INFO - Click back on current page.
2020-09-01 18:22:06,506 - 2 - INFO - 页面"【激活工具】激活windows工具_万能激活工具_windows激活工具下载_自动激活工具-最笨下载"跳转正常,该类元素共21个，当前第19个
2020-09-01 18:22:06,861 - basepage - INFO - Click back on current page.
2020-09-01 18:22:11,068 - 2 - INFO - 页面"【系统重装教程】电脑重装系统教程_电脑怎么重装系统_重装系统步骤-最笨下载"跳转正常,该类元素共21个，当前第20个
2020-09-01 18:22:11,281 - basepage - INFO - Click back on current page.
2020-09-01 18:22:15,484 - 2 - INFO - 页面"【系统重装教程】电脑重装系统教程_电脑怎么重装系统_重装系统步骤-最笨下载"跳转正常,该类元素共21个，当前第21个
2020-09-01 18:22:15,835 - basepage - INFO - Click back on current page.
2020-09-01 18:22:23,754 - 2 - INFO - 页面"家庭教师OL手游"跳转正常,该类元素共10个，当前第1个
2020-09-01 18:22:29,920 - 2 - INFO - 页面"魔女骑士团手游"跳转正常,该类元素共10个，当前第2个
2020-09-01 18:22:36,064 - 2 - INFO - 页面"决胜足球手游"跳转正常,该类元素共10个，当前第3个
2020-09-01 18:22:42,254 - 2 - INFO - 页面"少女战争手游"跳转正常,该类元素共10个，当前第4个
2020-09-01 18:22:48,424 - 2 - INFO - 页面"天神战（魔灵特权）"跳转正常,该类元素共10个，当前第5个
2020-09-01 18:22:54,605 - 2 - INFO - 页面"最Q幻想手游"跳转正常,该类元素共10个，当前第6个
2020-09-01 18:23:00,774 - 2 - INFO - 页面"回到三国志手游"跳转正常,该类元素共10个，当前第7个
2020-09-01 18:23:06,962 - 2 - INFO - 页面"幻游猎人手游"跳转正常,该类元素共10个，当前第8个
2020-09-01 18:23:13,149 - 2 - INFO - 页面"王者荣耀"跳转正常,该类元素共10个，当前第9个
2020-09-01 18:23:19,282 - 2 - INFO - 页面"公主连结手游"跳转正常,该类元素共10个，当前第10个
2020-09-01 18:23:25,452 - 2 - INFO - 页面"魔侠传（开服送2000充）"跳转正常,该类元素共20个，当前第1个
2020-09-01 18:23:31,622 - 2 - INFO - 页面"仙风道骨（送GM海量充）"跳转正常,该类元素共20个，当前第2个
2020-09-01 18:23:37,768 - 2 - INFO - 页面"少年群侠传（送千元充值）"跳转正常,该类元素共20个，当前第3个
2020-09-01 18:23:43,928 - 2 - INFO - 页面"仙灵世界（送海量连抽）"跳转正常,该类元素共20个，当前第4个
2020-09-01 18:23:50,071 - 2 - INFO - 页面"不思议地下城（百抽特权）"跳转正常,该类元素共20个，当前第5个
2020-09-01 18:23:56,249 - 2 - INFO - 页面"妖神记（抽动漫周边）"跳转正常,该类元素共20个，当前第6个
2020-09-01 18:24:02,415 - 2 - INFO - 页面"魔龙诀（全屏爆宝）"跳转正常,该类元素共20个，当前第7个
2020-09-01 18:24:08,569 - 2 - INFO - 页面"天天怼三国（送千元充值）"跳转正常,该类元素共20个，当前第8个
2020-09-01 18:24:14,718 - 2 - INFO - 页面"剑侠风云（送海量充值）"跳转正常,该类元素共20个，当前第9个
2020-09-01 18:24:20,868 - 2 - INFO - 页面"小小三国志（送充值卡）"跳转正常,该类元素共20个，当前第10个
2020-09-01 18:24:27,013 - 2 - INFO - 页面"机甲战纪（送GM特权）"跳转正常,该类元素共20个，当前第11个
2020-09-01 18:24:33,167 - 2 - INFO - 页面"无敌战舰（送百元充值）"跳转正常,该类元素共20个，当前第12个
2020-09-01 18:24:39,324 - 2 - INFO - 页面"大话许仙（钱庄特权）"跳转正常,该类元素共20个，当前第13个
2020-09-01 18:24:45,527 - 2 - INFO - 页面"异能勇者"跳转正常,该类元素共20个，当前第14个
2020-09-01 18:24:51,707 - 2 - INFO - 页面"崩坏西游（送1688元充值）"跳转正常,该类元素共20个，当前第15个
2020-09-01 18:24:57,875 - 2 - INFO - 页面"武动九天（GM免费特权）"跳转正常,该类元素共20个，当前第16个
2020-09-01 18:25:04,032 - 2 - INFO - 页面"冒险之旅（百抽特权）"跳转正常,该类元素共20个，当前第17个
2020-09-01 18:25:10,181 - 2 - INFO - 页面"仙语奇缘（海量特权）"跳转正常,该类元素共20个，当前第18个
2020-09-01 18:25:16,334 - 2 - INFO - 页面"莽荒纪（海量充值卡）"跳转正常,该类元素共20个，当前第19个
2020-09-01 18:25:22,512 - 2 - INFO - 页面"纵剑仙界（送VIP代金券）"跳转正常,该类元素共20个，当前第20个
2020-09-01 18:25:30,514 - 2 - INFO - 页面"魔侠传（开服送2000充）"跳转正常,该类元素共10个，当前第1个
2020-09-01 18:25:36,666 - 2 - INFO - 页面"仙风道骨（送GM海量充）"跳转正常,该类元素共10个，当前第2个
2020-09-01 18:25:42,818 - 2 - INFO - 页面"少年群侠传（送千元充值）"跳转正常,该类元素共10个，当前第3个
2020-09-01 18:25:48,962 - 2 - INFO - 页面"仙灵世界（送海量连抽）"跳转正常,该类元素共10个，当前第4个
2020-09-01 18:25:55,107 - 2 - INFO - 页面"不思议地下城（百抽特权）"跳转正常,该类元素共10个，当前第5个
2020-09-01 18:26:01,279 - 2 - INFO - 页面"妖神记（抽动漫周边）"跳转正常,该类元素共10个，当前第6个
2020-09-01 18:26:07,436 - 2 - INFO - 页面"魔龙诀（全屏爆宝）"跳转正常,该类元素共10个，当前第7个
2020-09-01 18:26:13,581 - 2 - INFO - 页面"天天怼三国（送千元充值）"跳转正常,该类元素共10个，当前第8个
2020-09-01 18:26:19,728 - 2 - INFO - 页面"剑侠风云（送海量充值）"跳转正常,该类元素共10个，当前第9个
2020-09-01 18:26:25,888 - 2 - INFO - 页面"小小三国志（送充值卡）"跳转正常,该类元素共10个，当前第10个
2020-09-01 18:26:32,046 - 2 - INFO - 页面"魔侠传（开服送2000充）"跳转正常,该类元素共20个，当前第1个
2020-09-01 18:26:38,229 - 2 - INFO - 页面"仙风道骨（送GM海量充）"跳转正常,该类元素共20个，当前第2个
2020-09-01 18:26:44,384 - 2 - INFO - 页面"武器之王（满屏爆装）"跳转正常,该类元素共20个，当前第3个
2020-09-01 18:26:50,536 - 2 - INFO - 页面"凡人飞仙传（六界纷争）"跳转正常,该类元素共20个，当前第4个
2020-09-01 18:26:56,695 - 2 - INFO - 页面"少年群侠传（送千元充值）"跳转正常,该类元素共20个，当前第5个
2020-09-01 18:27:02,853 - 2 - INFO - 页面"神龙猎手（开局送万抽）"跳转正常,该类元素共20个，当前第6个
2020-09-01 18:27:08,995 - 2 - INFO - 页面"仙灵世界（送海量连抽）"跳转正常,该类元素共20个，当前第7个
2020-09-01 18:27:15,151 - 2 - INFO - 页面"怒火一刀（天天送充值）"跳转正常,该类元素共20个，当前第8个
2020-09-01 18:27:21,301 - 2 - INFO - 页面"女神联盟2（送500充值）"跳转正常,该类元素共20个，当前第9个
2020-09-01 18:27:27,470 - 2 - INFO - 页面"乱戳三国2（送GM特权）"跳转正常,该类元素共20个，当前第10个
2020-09-01 18:27:33,640 - 2 - INFO - 页面"烈火战神（满屏福利）"跳转正常,该类元素共20个，当前第11个
2020-09-01 18:27:39,792 - 2 - INFO - 页面"九曲封神（送海量充值）"跳转正常,该类元素共20个，当前第12个
2020-09-01 18:27:45,939 - 2 - INFO - 页面"不思议地下城（百抽特权）"跳转正常,该类元素共20个，当前第13个
2020-09-01 18:27:52,096 - 2 - INFO - 页面"妖神记（抽动漫周边）"跳转正常,该类元素共20个，当前第14个
2020-09-01 18:27:58,253 - 2 - INFO - 页面"魔龙诀（全屏爆宝）"跳转正常,该类元素共20个，当前第15个
2020-09-01 18:28:04,399 - 2 - INFO - 页面"天天怼三国（送千元充值）"跳转正常,该类元素共20个，当前第16个
2020-09-01 18:28:10,543 - 2 - INFO - 页面"乱世江湖（天天送充值）"跳转正常,该类元素共20个，当前第17个
2020-09-01 18:28:16,690 - 2 - INFO - 页面"传奇盛世（高返定制服）"跳转正常,该类元素共20个，当前第18个
2020-09-01 18:28:22,838 - 2 - INFO - 页面"黑暗与荣耀（送史诗宠物）"跳转正常,该类元素共20个，当前第19个
2020-09-01 18:28:28,983 - 2 - INFO - 页面"剑侠风云（送海量充值）"跳转正常,该类元素共20个，当前第20个
2020-09-01 18:28:36,943 - 2 - INFO - 页面"魔侠传（开服送2000充）"跳转正常,该类元素共10个，当前第1个
2020-09-01 18:28:43,106 - 2 - INFO - 页面"仙风道骨（送GM海量充）"跳转正常,该类元素共10个，当前第2个
2020-09-01 18:28:49,274 - 2 - INFO - 页面"少年群侠传（送千元充值）"跳转正常,该类元素共10个，当前第3个
2020-09-01 18:28:55,449 - 2 - INFO - 页面"仙灵世界（送海量连抽）"跳转正常,该类元素共10个，当前第4个
2020-09-01 18:29:01,604 - 2 - INFO - 页面"不思议地下城（百抽特权）"跳转正常,该类元素共10个，当前第5个
2020-09-01 18:29:07,768 - 2 - INFO - 页面"妖神记（抽动漫周边）"跳转正常,该类元素共10个，当前第6个
2020-09-01 18:29:13,936 - 2 - INFO - 页面"魔龙诀（全屏爆宝）"跳转正常,该类元素共10个，当前第7个
2020-09-01 18:29:20,095 - 2 - INFO - 页面"天天怼三国（送千元充值）"跳转正常,该类元素共10个，当前第8个
2020-09-01 18:29:26,249 - 2 - INFO - 页面"剑侠风云（送海量充值）"跳转正常,该类元素共10个，当前第9个
2020-09-01 18:29:32,402 - 2 - INFO - 页面"小小三国志（送充值卡）"跳转正常,该类元素共10个，当前第10个
2020-09-01 18:29:38,567 - 2 - INFO - 页面"魔侠传（开服送2000充）"跳转正常,该类元素共20个，当前第1个
2020-09-01 18:29:44,743 - 2 - INFO - 页面"仙风道骨（送GM海量充）"跳转正常,该类元素共20个，当前第2个
2020-09-01 18:29:50,911 - 2 - INFO - 页面"武器之王（满屏爆装）"跳转正常,该类元素共20个，当前第3个
2020-09-01 18:29:57,097 - 2 - INFO - 页面"凡人飞仙传（六界纷争）"跳转正常,该类元素共20个，当前第4个
2020-09-01 18:30:03,244 - 2 - INFO - 页面"少年群侠传（送千元充值）"跳转正常,该类元素共20个，当前第5个
2020-09-01 18:30:09,400 - 2 - INFO - 页面"神龙猎手（开局送万抽）"跳转正常,该类元素共20个，当前第6个
2020-09-01 18:30:15,543 - 2 - INFO - 页面"仙灵世界（送海量连抽）"跳转正常,该类元素共20个，当前第7个
2020-09-01 18:30:21,706 - 2 - INFO - 页面"怒火一刀（天天送充值）"跳转正常,该类元素共20个，当前第8个
2020-09-01 18:30:27,849 - 2 - INFO - 页面"女神联盟2（送500充值）"跳转正常,该类元素共20个，当前第9个
2020-09-01 18:30:34,000 - 2 - INFO - 页面"乱戳三国2（送GM特权）"跳转正常,该类元素共20个，当前第10个
2020-09-01 18:30:40,154 - 2 - INFO - 页面"烈火战神（满屏福利）"跳转正常,该类元素共20个，当前第11个
2020-09-01 18:30:46,286 - 2 - INFO - 页面"九曲封神（送海量充值）"跳转正常,该类元素共20个，当前第12个
2020-09-01 18:30:52,432 - 2 - INFO - 页面"不思议地下城（百抽特权）"跳转正常,该类元素共20个，当前第13个
2020-09-01 18:30:58,614 - 2 - INFO - 页面"妖神记（抽动漫周边）"跳转正常,该类元素共20个，当前第14个
2020-09-01 18:31:04,766 - 2 - INFO - 页面"魔龙诀（全屏爆宝）"跳转正常,该类元素共20个，当前第15个
2020-09-01 18:31:10,927 - 2 - INFO - 页面"天天怼三国（送千元充值）"跳转正常,该类元素共20个，当前第16个
2020-09-01 18:31:17,085 - 2 - INFO - 页面"乱世江湖（天天送充值）"跳转正常,该类元素共20个，当前第17个
2020-09-01 18:31:23,230 - 2 - INFO - 页面"传奇盛世（高返定制服）"跳转正常,该类元素共20个，当前第18个
2020-09-01 18:31:29,373 - 2 - INFO - 页面"黑暗与荣耀（送史诗宠物）"跳转正常,该类元素共20个，当前第19个
2020-09-01 18:31:35,536 - 2 - INFO - 页面"剑侠风云（送海量充值）"跳转正常,该类元素共20个，当前第20个
2020-09-01 18:31:43,189 - 2 - INFO - 页面"《九曲封神（送海量充值）》上线就送VIP8，388"跳转正常,该类元素共1个，当前第1个
2020-09-01 18:31:43,430 - basepage - INFO - Click back on current page.
2020-09-01 18:31:49,030 - 2 - INFO - 页面"《乱戳三国2（送GM特权）》创角即送：VIP18、30"跳转正常,该类元素共1个，当前第1个
2020-09-01 18:31:49,312 - basepage - INFO - Click back on current page.
2020-09-01 18:31:58,926 - 2 - INFO - 页面"《武器之王（满屏爆装）》上线送VIP10，50万福利"跳转正常,该类元素共1个，当前第1个
2020-09-01 18:31:59,181 - basepage - INFO - Click back on current page.
2020-09-01 18:32:04,904 - 2 - INFO - 页面"《怒火一刀（天天送充值）》创角送满Vip，6888"跳转正常,该类元素共1个，当前第1个
2020-09-01 18:32:05,146 - basepage - INFO - Click back on current page.
2020-09-01 18:32:10,975 - 2 - ERROR - 页面"《凡人飞仙传（六界纷争）》上线赠送VIP8、元宝"跳转异常,该类元素共1个，当前第1个
2020-09-01 18:32:11,747 - basepage - INFO - Click back on current page.
2020-09-01 18:32:22,488 - 2 - INFO - 页面"【最笨周末活动】8.7 周末活动海量惊喜等你来拿"跳转正常,该类元素共1个，当前第1个
2020-09-01 18:32:22,727 - basepage - INFO - Click back on current page.
2020-09-01 18:32:27,312 - 2 - INFO - 页面"萌斗魏蜀吴（GM特权）"跳转正常,该类元素共12个，当前第1个
2020-09-01 18:32:27,577 - basepage - INFO - Click back on current page.
2020-09-01 18:32:32,397 - 2 - INFO - 页面"格斗之皇（送328充值）"跳转正常,该类元素共12个，当前第2个
2020-09-01 18:32:32,613 - basepage - INFO - Click back on current page.
2020-09-01 18:32:37,341 - 2 - INFO - 页面"三界轮回（送千元充值）"跳转正常,该类元素共12个，当前第3个
2020-09-01 18:32:37,566 - basepage - INFO - Click back on current page.
2020-09-01 18:32:42,361 - 2 - INFO - 页面"风之幻想web（送1000充值）"跳转正常,该类元素共12个，当前第4个
2020-09-01 18:32:42,610 - basepage - INFO - Click back on current page.
2020-09-01 18:32:47,361 - 2 - INFO - 页面"渡劫（送海量寻宝）"跳转正常,该类元素共12个，当前第5个
2020-09-01 18:32:47,625 - basepage - INFO - Click back on current page.
2020-09-01 18:32:52,780 - 2 - INFO - 页面"龙之剑圣（刷海量充值）"跳转正常,该类元素共12个，当前第6个
2020-09-01 18:32:53,042 - basepage - INFO - Click back on current page.
2020-09-01 18:32:58,216 - 2 - INFO - 页面"口袋喵喵（海量特权）"跳转正常,该类元素共12个，当前第7个
2020-09-01 18:32:58,460 - basepage - INFO - Click back on current page.
2020-09-01 18:33:03,923 - 2 - INFO - 页面"幻世英雄（送1000充值）"跳转正常,该类元素共12个，当前第8个
2020-09-01 18:33:04,343 - basepage - INFO - Click back on current page.
2020-09-01 18:33:09,279 - 2 - INFO - 页面"泡面三国（送海量真充）"跳转正常,该类元素共12个，当前第9个
2020-09-01 18:33:09,509 - basepage - INFO - Click back on current page.
2020-09-01 18:33:14,688 - 2 - INFO - 页面"龙战于野（领VIP代金券）"跳转正常,该类元素共12个，当前第10个
2020-09-01 18:33:15,120 - basepage - INFO - Click back on current page.
2020-09-01 18:33:20,072 - 2 - INFO - 页面"神谕传奇（送千元充值）"跳转正常,该类元素共12个，当前第11个
2020-09-01 18:33:20,342 - basepage - INFO - Click back on current page.
2020-09-01 18:33:25,469 - 2 - INFO - 页面"成王败寇（送千元充值）"跳转正常,该类元素共12个，当前第12个
2020-09-01 18:33:25,846 - basepage - INFO - Click back on current page.
2020-09-01 18:33:31,749 - 2 - INFO - 页面"魔兽世界怀旧服2020年6月7日人口普查一览"跳转正常,该类元素共2个，当前第1个
2020-09-01 18:33:32,040 - basepage - INFO - Click back on current page.
2020-09-01 18:33:40,774 - 2 - INFO - 页面"DNF萌噬噬宠物属性怎么样？萌噬噬属性介绍"跳转正常,该类元素共2个，当前第2个
2020-09-01 18:33:41,264 - basepage - INFO - Click back on current page.
2020-09-01 18:33:48,575 - 2 - INFO - 页面"王者荣耀王昭君怎么连招-王昭君技能连招攻略-最笨下载"跳转正常,该类元素共14个，当前第1个
2020-09-01 18:33:48,807 - basepage - INFO - Click back on current page.
2020-09-01 18:33:55,683 - 2 - INFO - 页面"新神魔大陆星矿怎么获得-星矿系统玩法详解-最笨下载"跳转正常,该类元素共14个，当前第2个
2020-09-01 18:33:55,910 - basepage - INFO - Click back on current page.
2020-09-01 18:34:04,360 - 2 - INFO - 页面"3d动物模拟无限金币钻石版在哪下-在线3d动物模拟器无限金币钻石版下载-最笨下载"跳转正常,该类元素共14个，当前第3个
2020-09-01 18:34:04,741 - basepage - INFO - Click back on current page.
2020-09-01 18:34:11,865 - 2 - INFO - 页面"在哪下登山赛车2无限金币钻石-破解版无限金币下载-最笨下载"跳转正常,该类元素共14个，当前第4个
2020-09-01 18:34:12,106 - basepage - INFO - Click back on current page.
2020-09-01 18:34:19,059 - 2 - INFO - 页面"妄想山海宠物怎么进化-宠物进化方法攻略-最笨下载"跳转正常,该类元素共14个，当前第5个
2020-09-01 18:34:19,322 - basepage - INFO - Click back on current page.
2020-09-01 18:34:26,475 - 2 - INFO - 页面"江南百景图画廊怎么玩-画廊玩法攻略-最笨下载"跳转正常,该类元素共14个，当前第6个
2020-09-01 18:34:26,856 - basepage - INFO - Click back on current page.
2020-09-01 18:34:34,063 - 2 - INFO - 页面"万国觉醒善德女王值得培养吗-​善德女王分析攻略-最笨下载"跳转正常,该类元素共14个，当前第7个
2020-09-01 18:34:34,305 - basepage - INFO - Click back on current page.
2020-09-01 18:34:41,549 - 2 - INFO - 页面"第五人格奈布赤井秀一时装怎么获取-奈布赤井秀一时装获取方法攻略-最笨下载"跳转正常,该类元素共14个，当前第8个
2020-09-01 18:34:41,779 - basepage - INFO - Click back on current page.
2020-09-01 18:34:49,468 - 2 - INFO - 页面"使命召唤手游士兵技能收割者怎么使用-士兵技能收割者使用方法-最笨下载"跳转正常,该类元素共14个，当前第9个
2020-09-01 18:34:49,864 - basepage - INFO - Click back on current page.
2020-09-01 18:34:57,179 - 2 - INFO - 页面"魔兽世界怀旧服亡者的警告Ⅱ任务怎么做-亡者的警告Ⅱ任务攻略-最笨下载"跳转正常,该类元素共14个，当前第10个
2020-09-01 18:34:57,422 - basepage - INFO - Click back on current page.
2020-09-01 18:35:05,060 - 2 - INFO - 页面"闪耀暖暖春野迷踪剧目开演结局怎么触发-春野迷踪剧目开演全结局通关攻略-最笨下载"跳转正常,该类元素共14个，当前第11个
2020-09-01 18:35:05,321 - basepage - INFO - Click back on current page.
2020-09-01 18:35:12,610 - 2 - INFO - 页面"王者之师粮食怎么获得-粮食获取攻略-最笨下载"跳转正常,该类元素共14个，当前第12个
2020-09-01 18:35:13,006 - basepage - INFO - Click back on current page.
2020-09-01 18:35:20,271 - 2 - INFO - 页面"妄想山海中元节限定道具怎么获得-中元节限定道具获取攻略-最笨下载"跳转正常,该类元素共14个，当前第13个
2020-09-01 18:35:20,537 - basepage - INFO - Click back on current page.
2020-09-01 18:35:27,923 - 2 - INFO - 页面"香肠派对S6赛季更新了什么-S6赛季更新解析-最笨下载"跳转正常,该类元素共14个，当前第14个
2020-09-01 18:35:28,185 - basepage - INFO - Click back on current page.
2020-09-01 18:35:36,518 - 2 - INFO - 页面"妄想山海游商可以打吗-打游商攻略"跳转正常,该类元素共2个，当前第1个
2020-09-01 18:35:36,785 - basepage - INFO - Click back on current page.
2020-09-01 18:35:43,647 - 2 - INFO - 页面"魔兽世界怀旧服邪恶的使者任务怎么做-邪恶的使"跳转正常,该类元素共2个，当前第2个
2020-09-01 18:35:44,052 - basepage - INFO - Click back on current page.
2020-09-01 18:35:51,023 - 2 - INFO - 页面"满vip版手游_手游sf送顶级vip_满级vip无限元宝手游下载-最笨下载"跳转正常,该类元素共28个，当前第1个
2020-09-01 18:35:51,419 - basepage - INFO - Click back on current page.
2020-09-01 18:35:58,207 - 2 - INFO - 页面"魔侠传（开服送2000充）_魔侠传（开服送2000充）无限元宝服_SF变态版魔侠传（开服送2000充）公益服下载 - 最笨下载"跳转正常,该类元素共28个，当前第2个
2020-09-01 18:35:58,451 - basepage - INFO - Click back on current page.
2020-09-01 18:36:04,946 - 2 - INFO - 页面"满vip版手游_手游sf送顶级vip_满级vip无限元宝手游下载-最笨下载"跳转正常,该类元素共28个，当前第3个
2020-09-01 18:36:05,369 - basepage - INFO - Click back on current page.
2020-09-01 18:36:12,250 - 2 - INFO - 页面"仙风道骨（送GM海量充）_仙风道骨（送GM海量充）无限元宝服_SF变态版仙风道骨（送GM海量充）公益服下载 - 最笨下载"跳转正常,该类元素共28个，当前第4个
2020-09-01 18:36:12,518 - basepage - INFO - Click back on current page.
2020-09-01 18:36:19,205 - 2 - INFO - 页面"变态手游公益服_bt手游变态服_无限元宝bt手游下载_BT手游中心-最笨下载"跳转正常,该类元素共28个，当前第5个
2020-09-01 18:36:19,571 - basepage - INFO - Click back on current page.
2020-09-01 18:36:26,435 - 2 - INFO - 页面"武器之王（满屏爆装）_武器之王（满屏爆装）无限元宝服_SF变态版武器之王（满屏爆装）公益服下载 - 最笨下载"跳转正常,该类元素共28个，当前第6个
2020-09-01 18:36:26,718 - basepage - INFO - Click back on current page.
2020-09-01 18:36:33,272 - 2 - INFO - 页面"变态手游公益服_bt手游变态服_无限元宝bt手游下载_BT手游中心-最笨下载"跳转正常,该类元素共28个，当前第7个
2020-09-01 18:36:33,532 - basepage - INFO - Click back on current page.
2020-09-01 18:36:40,322 - 2 - INFO - 页面"凡人飞仙传（六界纷争）_凡人飞仙传（六界纷争）无限元宝服_SF变态版凡人飞仙传（六界纷争）公益服下载 - 最笨下载"跳转正常,该类元素共28个，当前第8个
2020-09-01 18:36:40,709 - basepage - INFO - Click back on current page.
2020-09-01 18:36:47,213 - 2 - INFO - 页面"变态手游公益服_bt手游变态服_无限元宝bt手游下载_BT手游中心-最笨下载"跳转正常,该类元素共28个，当前第9个
2020-09-01 18:36:47,483 - basepage - INFO - Click back on current page.
2020-09-01 18:36:54,262 - 2 - INFO - 页面"少年群侠传（送千元充值）_少年群侠传（送千元充值）无限元宝服_SF变态版少年群侠传（送千元充值）公益服下载 - 最笨下载"跳转正常,该类元素共28个，当前第10个
2020-09-01 18:36:54,695 - basepage - INFO - Click back on current page.
2020-09-01 18:37:01,196 - 2 - INFO - 页面"变态手游公益服_bt手游变态服_无限元宝bt手游下载_BT手游中心-最笨下载"跳转正常,该类元素共28个，当前第11个
2020-09-01 18:37:01,434 - basepage - INFO - Click back on current page.
2020-09-01 18:37:08,028 - 2 - INFO - 页面"神龙猎手（开局送万抽）_神龙猎手（开局送万抽）无限元宝服_SF变态版神龙猎手（开局送万抽）公益服下载 - 最笨下载"跳转正常,该类元素共28个，当前第12个
2020-09-01 18:37:08,477 - basepage - INFO - Click back on current page.
2020-09-01 18:37:14,964 - 2 - INFO - 页面"满vip版手游_手游sf送顶级vip_满级vip无限元宝手游下载-最笨下载"跳转正常,该类元素共28个，当前第13个
2020-09-01 18:37:15,200 - basepage - INFO - Click back on current page.
2020-09-01 18:37:21,831 - 2 - INFO - 页面"仙灵世界（送海量连抽）_仙灵世界（送海量连抽）无限元宝服_SF变态版仙灵世界（送海量连抽）公益服下载 - 最笨下载"跳转正常,该类元素共28个，当前第14个
2020-09-01 18:37:22,235 - basepage - INFO - Click back on current page.
2020-09-01 18:37:28,745 - 2 - INFO - 页面"变态手游公益服_bt手游变态服_无限元宝bt手游下载_BT手游中心-最笨下载"跳转正常,该类元素共28个，当前第15个
2020-09-01 18:37:29,015 - basepage - INFO - Click back on current page.
2020-09-01 18:37:35,598 - 2 - INFO - 页面"怒火一刀（天天送充值）_怒火一刀（天天送充值）无限元宝服_SF变态版怒火一刀（天天送充值）公益服下载 - 最笨下载"跳转正常,该类元素共28个，当前第16个
2020-09-01 18:37:35,988 - basepage - INFO - Click back on current page.
2020-09-01 18:37:42,478 - 2 - INFO - 页面"满vip版手游_手游sf送顶级vip_满级vip无限元宝手游下载-最笨下载"跳转正常,该类元素共28个，当前第17个
2020-09-01 18:37:42,748 - basepage - INFO - Click back on current page.
2020-09-01 18:37:49,343 - 2 - INFO - 页面"女神联盟2（送500充值）_女神联盟2（送500充值）无限元宝服_SF变态版女神联盟2（送500充值）公益服下载 - 最笨下载"跳转正常,该类元素共28个，当前第18个
2020-09-01 18:37:49,787 - basepage - INFO - Click back on current page.
2020-09-01 18:37:56,274 - 2 - INFO - 页面"满vip版手游_手游sf送顶级vip_满级vip无限元宝手游下载-最笨下载"跳转正常,该类元素共28个，当前第19个
2020-09-01 18:37:56,515 - basepage - INFO - Click back on current page.
2020-09-01 18:38:03,116 - 2 - INFO - 页面"乱戳三国2（送GM特权）_乱戳三国2（送GM特权）无限元宝服_SF变态版乱戳三国2（送GM特权）公益服下载 - 最笨下载"跳转正常,该类元素共28个，当前第20个
2020-09-01 18:38:03,535 - basepage - INFO - Click back on current page.
2020-09-01 18:38:10,033 - 2 - INFO - 页面"满vip版手游_手游sf送顶级vip_满级vip无限元宝手游下载-最笨下载"跳转正常,该类元素共28个，当前第21个
2020-09-01 18:38:10,313 - basepage - INFO - Click back on current page.
2020-09-01 18:38:17,122 - 2 - INFO - 页面"烈火战神（满屏福利）_烈火战神（满屏福利）无限元宝服_SF变态版烈火战神（满屏福利）公益服下载 - 最笨下载"跳转正常,该类元素共28个，当前第22个
2020-09-01 18:38:17,505 - basepage - INFO - Click back on current page.
2020-09-01 18:38:24,061 - 2 - INFO - 页面"变态手游公益服_bt手游变态服_无限元宝bt手游下载_BT手游中心-最笨下载"跳转正常,该类元素共28个，当前第23个
2020-09-01 18:38:24,328 - basepage - INFO - Click back on current page.
2020-09-01 18:38:31,044 - 2 - INFO - 页面"九曲封神（送海量充值）_九曲封神（送海量充值）无限元宝服_SF变态版九曲封神（送海量充值）公益服下载 - 最笨下载"跳转正常,该类元素共28个，当前第24个
2020-09-01 18:38:31,416 - basepage - INFO - Click back on current page.
2020-09-01 18:38:37,911 - 2 - INFO - 页面"变态手游公益服_bt手游变态服_无限元宝bt手游下载_BT手游中心-最笨下载"跳转正常,该类元素共28个，当前第25个
2020-09-01 18:38:38,178 - basepage - INFO - Click back on current page.
2020-09-01 18:38:44,801 - 2 - INFO - 页面"不思议地下城（百抽特权）_不思议地下城（百抽特权）无限元宝服_SF变态版不思议地下城（百抽特权）公益服下载 - 最笨下载"跳转正常,该类元素共28个，当前第26个
2020-09-01 18:38:45,175 - basepage - INFO - Click back on current page.
2020-09-01 18:38:51,689 - 2 - INFO - 页面"变态手游公益服_bt手游变态服_无限元宝bt手游下载_BT手游中心-最笨下载"跳转正常,该类元素共28个，当前第27个
2020-09-01 18:38:51,928 - basepage - INFO - Click back on current page.
2020-09-01 18:38:58,749 - 2 - INFO - 页面"妖神记（抽动漫周边）_妖神记（抽动漫周边）无限元宝服_SF变态版妖神记（抽动漫周边）公益服下载 - 最笨下载"跳转正常,该类元素共28个，当前第28个
2020-09-01 18:38:59,182 - basepage - INFO - Click back on current page.
2020-09-01 18:39:07,994 - 2 - INFO - 页面"什么软件可以下载游戏破解版"跳转正常,该类元素共2个，当前第1个
2020-09-01 18:39:08,261 - basepage - INFO - Click back on current page.
2020-09-01 18:39:15,455 - 2 - INFO - 页面"跟男生聊天有哪些软件"跳转正常,该类元素共2个，当前第2个
2020-09-01 18:39:15,837 - basepage - INFO - Click back on current page.
2020-09-01 18:39:22,594 - 2 - INFO - 页面"【安卓娱乐软件】安卓娱乐软件下载_安卓娱乐软件推荐_安卓娱乐软件大全-最笨下载"跳转正常,该类元素共28个，当前第1个
2020-09-01 18:39:22,859 - basepage - INFO - Click back on current page.
2020-09-01 18:39:30,019 - 2 - INFO - 页面"最笨游戏盒子_最笨游戏盒子下载_最笨游戏盒子官方下载-最笨下载"跳转正常,该类元素共28个，当前第2个
2020-09-01 18:39:30,255 - basepage - INFO - Click back on current page.
2020-09-01 18:39:37,102 - 2 - INFO - 页面"【安卓聊天软件】安卓聊天软件下载_安卓聊天软件排行_安卓聊天软件大全-最笨下载"跳转正常,该类元素共28个，当前第3个
2020-09-01 18:39:37,520 - basepage - INFO - Click back on current page.
2020-09-01 18:39:44,811 - 2 - INFO - 页面"回复神器_回复神器下载_回复神器官方下载-最笨下载"跳转正常,该类元素共28个，当前第4个
2020-09-01 18:39:45,075 - basepage - INFO - Click back on current page.
2020-09-01 18:39:52,262 - 2 - INFO - 页面"【安卓应用软件】安卓应用软件排行_好玩的安卓应用软件_好用的安卓应用软件-最笨下载"跳转正常,该类元素共28个，当前第5个
2020-09-01 18:39:52,489 - basepage - INFO - Click back on current page.
2020-09-01 18:40:00,062 - 2 - INFO - 页面"破解游戏盒子_破解游戏盒子安卓版下载-最笨安卓软件下载"跳转正常,该类元素共28个，当前第6个
2020-09-01 18:40:00,493 - basepage - INFO - Click back on current page.
2020-09-01 18:40:06,990 - 2 - INFO - 页面"【安卓聊天软件】安卓聊天软件下载_安卓聊天软件排行_安卓聊天软件大全-最笨下载"跳转正常,该类元素共28个，当前第7个
2020-09-01 18:40:07,226 - basepage - INFO - Click back on current page.
2020-09-01 18:40:14,610 - 2 - INFO - 页面"撩吧_撩吧下载_撩吧官方下载-最笨下载"跳转正常,该类元素共28个，当前第8个
2020-09-01 18:40:14,844 - basepage - INFO - Click back on current page.
2020-09-01 18:40:21,351 - 2 - INFO - 页面"【安卓聊天软件】安卓聊天软件下载_安卓聊天软件排行_安卓聊天软件大全-最笨下载"跳转正常,该类元素共28个，当前第9个
2020-09-01 18:40:21,706 - basepage - INFO - Click back on current page.
2020-09-01 18:40:28,746 - 2 - INFO - 页面"蜜小助_蜜小助下载_蜜小助官方下载-最笨下载"跳转正常,该类元素共28个，当前第10个
2020-09-01 18:40:28,979 - basepage - INFO - Click back on current page.
2020-09-01 18:40:35,461 - 2 - INFO - 页面"【安卓娱乐软件】安卓娱乐软件下载_安卓娱乐软件推荐_安卓娱乐软件大全-最笨下载"跳转正常,该类元素共28个，当前第11个
2020-09-01 18:40:35,686 - basepage - INFO - Click back on current page.
2020-09-01 18:40:42,732 - 2 - INFO - 页面"3733游戏盒子_3733游戏盒子下载_3733游戏盒子官方下载-最笨下载"跳转正常,该类元素共28个，当前第12个
2020-09-01 18:40:43,112 - basepage - INFO - Click back on current page.
2020-09-01 18:40:49,632 - 2 - INFO - 页面"【安卓聊天软件】安卓聊天软件下载_安卓聊天软件排行_安卓聊天软件大全-最笨下载"跳转正常,该类元素共28个，当前第13个
2020-09-01 18:40:49,907 - basepage - INFO - Click back on current page.
2020-09-01 18:40:57,041 - 2 - INFO - 页面"土味情话_土味情话下载_土味情话官方下载-最笨下载"跳转正常,该类元素共28个，当前第14个
2020-09-01 18:40:57,323 - basepage - INFO - Click back on current page.
2020-09-01 18:41:03,801 - 2 - INFO - 页面"【安卓聊天软件】安卓聊天软件下载_安卓聊天软件排行_安卓聊天软件大全-最笨下载"跳转正常,该类元素共28个，当前第15个
2020-09-01 18:41:04,162 - basepage - INFO - Click back on current page.
2020-09-01 18:41:10,971 - 2 - INFO - 页面"恋爱话术_恋爱话术下载_恋爱话术官方下载-最笨下载"跳转正常,该类元素共28个，当前第16个
2020-09-01 18:41:11,206 - basepage - INFO - Click back on current page.
2020-09-01 18:41:17,974 - 2 - INFO - 页面"【安卓阅读软件】安卓阅读软件下载_安卓阅读软件哪个好_安卓阅读软件排行-最笨下载"跳转正常,该类元素共28个，当前第17个
2020-09-01 18:41:18,209 - basepage - INFO - Click back on current page.
2020-09-01 18:41:25,331 - 2 - INFO - 页面"吾爱看书_吾爱看书下载_吾爱看书官方下载-最笨下载"跳转正常,该类元素共28个，当前第18个
2020-09-01 18:41:25,703 - basepage - INFO - Click back on current page.
2020-09-01 18:41:32,208 - 2 - INFO - 页面"【安卓娱乐软件】安卓娱乐软件下载_安卓娱乐软件推荐_安卓娱乐软件大全-最笨下载"跳转正常,该类元素共28个，当前第19个
2020-09-01 18:41:32,471 - basepage - INFO - Click back on current page.
2020-09-01 18:41:39,822 - 2 - INFO - 页面"gm游戏盒_gm游戏盒下载_gm游戏盒官方下载-最笨下载"跳转正常,该类元素共28个，当前第20个
2020-09-01 18:41:40,104 - basepage - INFO - Click back on current page.
2020-09-01 18:41:46,572 - 2 - INFO - 页面"【安卓聊天软件】安卓聊天软件下载_安卓聊天软件排行_安卓聊天软件大全-最笨下载"跳转正常,该类元素共28个，当前第21个
2020-09-01 18:41:46,957 - basepage - INFO - Click back on current page.
2020-09-01 18:41:53,872 - 2 - INFO - 页面"恋爱话术库_恋爱话术库下载_恋爱话术库官方下载-最笨下载"跳转正常,该类元素共28个，当前第22个
2020-09-01 18:41:54,106 - basepage - INFO - Click back on current page.
2020-09-01 18:42:00,608 - 2 - INFO - 页面"【安卓聊天软件】安卓聊天软件下载_安卓聊天软件排行_安卓聊天软件大全-最笨下载"跳转正常,该类元素共28个，当前第23个
2020-09-01 18:42:00,887 - basepage - INFO - Click back on current page.
2020-09-01 18:42:08,268 - 2 - INFO - 页面"遇知音_遇知音下载_遇知音官方下载-最笨下载"跳转正常,该类元素共28个，当前第24个
2020-09-01 18:42:08,674 - basepage - INFO - Click back on current page.
2020-09-01 18:42:15,176 - 2 - INFO - 页面"【安卓聊天软件】安卓聊天软件下载_安卓聊天软件排行_安卓聊天软件大全-最笨下载"跳转正常,该类元素共28个，当前第25个
2020-09-01 18:42:15,421 - basepage - INFO - Click back on current page.
2020-09-01 18:42:22,556 - 2 - INFO - 页面"脱单大师_脱单大师下载_脱单大师官方下载-最笨下载"跳转正常,该类元素共28个，当前第26个
2020-09-01 18:42:22,820 - basepage - INFO - Click back on current page.
2020-09-01 18:42:29,303 - 2 - INFO - 页面"【安卓聊天软件】安卓聊天软件下载_安卓聊天软件排行_安卓聊天软件大全-最笨下载"跳转正常,该类元素共28个，当前第27个
2020-09-01 18:42:29,702 - basepage - INFO - Click back on current page.
2020-09-01 18:42:37,233 - 2 - INFO - 页面"爱情套路_爱情套路下载_爱情套路官方下载-最笨下载"跳转正常,该类元素共28个，当前第28个
2020-09-01 18:42:37,455 - basepage - INFO - Click back on current page.
2020-09-01 18:42:47,992 - 2 - INFO - 页面"【安卓播放器】安卓播放器下载_安卓播放器哪个最好_安卓播放器下载排行-最笨下载"跳转正常,该类元素共19个，当前第1个
2020-09-01 18:42:48,251 - basepage - INFO - Click back on current page.
2020-09-01 18:42:55,459 - 2 - INFO - 页面"【安卓学习软件】安卓学习软件下载_安卓学习软件免费下载_安卓学习软件大全-最笨下载"跳转正常,该类元素共19个，当前第2个
2020-09-01 18:42:55,840 - basepage - INFO - Click back on current page.
2020-09-01 18:43:03,160 - 2 - INFO - 页面"【安卓辅助软件】安卓辅助软件下载_安卓辅助软件推荐_安卓辅助软件大全-最笨下载"跳转正常,该类元素共19个，当前第3个
2020-09-01 18:43:03,434 - basepage - INFO - Click back on current page.
2020-09-01 18:43:10,653 - 2 - INFO - 页面"【安卓输入法】安卓输入法下载_安卓输入法哪个好_安卓输入法怎么用-最笨下载"跳转正常,该类元素共19个，当前第4个
2020-09-01 18:43:10,950 - basepage - INFO - Click back on current page.
2020-09-01 18:43:18,158 - 2 - INFO - 页面"【安卓通信软件】安卓通信软件下载_安卓通信软件推荐_安卓通信软件大全-最笨下载"跳转正常,该类元素共19个，当前第5个
2020-09-01 18:43:18,562 - basepage - INFO - Click back on current page.
2020-09-01 18:43:25,914 - 2 - INFO - 页面"【安卓固件】安卓固件下载_安卓固件包下载_安卓固件管理器-最笨下载"跳转正常,该类元素共19个，当前第6个
2020-09-01 18:43:26,201 - basepage - INFO - Click back on current page.
2020-09-01 18:43:33,661 - 2 - INFO - 页面"【安卓文件管理器】安卓文件管理器下载_安卓文件管理器哪个好_安卓文件管理器中文版-最笨下载"跳转正常,该类元素共19个，当前第7个
2020-09-01 18:43:33,949 - basepage - INFO - Click back on current page.
2020-09-01 18:43:41,052 - 2 - INFO - 页面"【安卓同步软件】安卓同步软件下载_安卓同步软件哪个好_安卓手机同步软件-最笨下载"跳转正常,该类元素共19个，当前第8个
2020-09-01 18:43:41,461 - basepage - INFO - Click back on current page.
2020-09-01 18:43:55,560 - 2 - INFO - 页面"【安卓办公软件】安卓办公软件下载_安卓办公软件哪个好_安卓办公软件哪种最好-最笨下载"跳转正常,该类元素共19个，当前第9个
2020-09-01 18:43:56,021 - basepage - INFO - Click back on current page.
2020-09-01 18:44:03,412 - 2 - INFO - 页面"【安卓理财软件】安卓理财软件下载_安卓理财软件哪个好_安卓理财软件大全-最笨下载"跳转正常,该类元素共19个，当前第10个
2020-09-01 18:44:03,699 - basepage - INFO - Click back on current page.
2020-09-01 18:44:11,059 - 2 - INFO - 页面"【安卓备份软件】安卓备份软件下载_安卓备份软件哪个好_安卓手机备份软件-最笨下载"跳转正常,该类元素共19个，当前第11个
2020-09-01 18:44:11,331 - basepage - INFO - Click back on current page.
2020-09-01 18:44:18,436 - 2 - INFO - 页面"【安卓跑步软件】安卓跑步软件下载_安卓跑步软件哪个好_安卓跑步软件大全-最笨下载"跳转正常,该类元素共19个，当前第12个
2020-09-01 18:44:18,848 - basepage - INFO - Click back on current page.
2020-09-01 18:44:25,997 - 2 - INFO - 页面"【安卓健康管理软件】安卓健康管理软件下载_安卓健康管理软件推荐_安卓健康管理软件大全-最笨下载"跳转正常,该类元素共19个，当前第13个
2020-09-01 18:44:26,281 - basepage - INFO - Click back on current page.
2020-09-01 18:44:33,377 - 2 - INFO - 页面"【安卓系统软件】安卓系统软件下载_安卓系统软件免费下载_安卓系统软件下载工具-最笨下载"跳转正常,该类元素共19个，当前第14个
2020-09-01 18:44:33,663 - basepage - INFO - Click back on current page.
2020-09-01 18:44:40,135 - 2 - INFO - 页面"【安卓聊天软件】安卓聊天软件下载_安卓聊天软件排行_安卓聊天软件大全-最笨下载"跳转正常,该类元素共19个，当前第15个
2020-09-01 18:44:40,669 - basepage - INFO - Click back on current page.
2020-09-01 18:44:47,171 - 2 - INFO - 页面"【安卓应用软件】安卓应用软件排行_好玩的安卓应用软件_好用的安卓应用软件-最笨下载"跳转正常,该类元素共19个，当前第16个
2020-09-01 18:44:47,447 - basepage - INFO - Click back on current page.
2020-09-01 18:44:53,942 - 2 - INFO - 页面"【安卓娱乐软件】安卓娱乐软件下载_安卓娱乐软件推荐_安卓娱乐软件大全-最笨下载"跳转正常,该类元素共19个，当前第17个
2020-09-01 18:44:54,230 - basepage - INFO - Click back on current page.
2020-09-01 18:45:01,598 - 2 - INFO - 页面"【安卓导航软件】安卓导航软件下载_安卓导航软件哪个好_安卓导航软件排名-最笨下载"跳转正常,该类元素共19个，当前第18个
2020-09-01 18:45:02,018 - basepage - INFO - Click back on current page.
2020-09-01 18:45:09,456 - 2 - INFO - 页面"【安卓网络软件】安卓网络软件下载_安卓网络软件推荐_安卓网络软件大全-最笨下载"跳转正常,该类元素共19个，当前第19个
2020-09-01 18:45:09,698 - basepage - INFO - Click back on current page.
2020-09-01 18:45:18,099 - 2 - INFO - 页面"3733手游游戏平台_3733手游游戏平台下载_3733手游游戏平台官方下载-最笨下载"跳转正常,该类元素共18个，当前第1个
2020-09-01 18:45:24,264 - 2 - INFO - 页面"套路大全免费版_套路大全免费版下载_套路大全免费版官方下载-最笨下载"跳转正常,该类元素共18个，当前第2个
2020-09-01 18:45:30,433 - 2 - INFO - 页面"套路大全手机版_套路大全手机版下载_套路大全手机版官方下载-最笨下载"跳转正常,该类元素共18个，当前第3个
2020-09-01 18:45:36,611 - 2 - INFO - 页面"套路大全_套路大全下载_套路大全官方下载-最笨下载"跳转正常,该类元素共18个，当前第4个
2020-09-01 18:45:42,793 - 2 - INFO - 页面"回答神器_回答神器下载_回答神器官方下载-最笨下载"跳转正常,该类元素共18个，当前第5个
2020-09-01 18:45:48,979 - 2 - INFO - 页面"破解游戏盒子_破解游戏盒子安卓版下载-最笨安卓软件下载"跳转正常,该类元素共18个，当前第6个
2020-09-01 18:45:55,124 - 2 - INFO - 页面"最笨游戏盒_最笨游戏盒下载_最笨游戏盒官方下载-最笨下载"跳转正常,该类元素共18个，当前第7个
2020-09-01 18:46:01,323 - 2 - INFO - 页面"安致手游游戏平台_安致手游游戏平台下载_安致手游游戏平台官方下载-最笨下载"跳转正常,该类元素共18个，当前第8个
2020-09-01 18:46:07,492 - 2 - INFO - 页面"蜜小助会员破解版_蜜小助会员破解版下载_蜜小助会员破解版官方下载-最笨下载"跳转正常,该类元素共18个，当前第9个
2020-09-01 18:46:13,669 - 2 - INFO - 页面"蜜小助vip破解版_蜜小助vip破解版下载_蜜小助vip破解版官方下载-最笨下载"跳转正常,该类元素共18个，当前第10个
2020-09-01 18:46:19,836 - 2 - INFO - 页面"蜜小助内购版_蜜小助内购版下载_蜜小助内购版官方下载-最笨下载"跳转正常,该类元素共18个，当前第11个
2020-09-01 18:46:26,027 - 2 - INFO - 页面"聊天套路安卓版_聊天套路安卓版下载_聊天套路安卓版官方下载-最笨下载"跳转正常,该类元素共18个，当前第12个
2020-09-01 18:46:32,208 - 2 - INFO - 页面"聊天套路破解版_聊天套路破解版下载_聊天套路破解版官方下载-最笨下载"跳转正常,该类元素共18个，当前第13个
2020-09-01 18:46:38,386 - 2 - INFO - 页面"聊天套路软件_聊天套路软件下载_聊天套路软件官方下载-最笨下载"跳转正常,该类元素共18个，当前第14个
2020-09-01 18:46:44,577 - 2 - INFO - 页面"聊天套路_聊天套路下载_聊天套路官方下载-最笨下载"跳转正常,该类元素共18个，当前第15个
2020-09-01 18:46:50,752 - 2 - INFO - 页面"信息回复神器_信息回复神器下载_信息回复神器官方下载-最笨下载"跳转正常,该类元素共18个，当前第16个
2020-09-01 18:46:56,916 - 2 - INFO - 页面"消息回复神器_消息回复神器下载_消息回复神器官方下载-最笨下载"跳转正常,该类元素共18个，当前第17个
2020-09-01 18:47:03,096 - 2 - INFO - 页面"消息回复辅助神器_消息回复辅助神器下载_消息回复辅助神器官方下载-最笨下载"跳转正常,该类元素共18个，当前第18个
2020-09-01 18:47:09,468 - 2 - INFO - 页面"【安卓益智游戏】好玩的安卓益智游戏大全_安卓益智类游戏_益智游戏下载-最笨下载"跳转正常,该类元素共17个，当前第1个
2020-09-01 18:47:09,742 - basepage - INFO - Click back on current page.
2020-09-01 18:47:17,073 - 2 - INFO - 页面"【安卓其他游戏】好玩的安卓其他游戏大全_安卓其他类游戏_其他游戏下载-最笨下载"跳转正常,该类元素共17个，当前第2个
2020-09-01 18:47:17,494 - basepage - INFO - Click back on current page.
2020-09-01 18:47:24,742 - 2 - INFO - 页面"【安卓音乐游戏】好玩的安卓音乐游戏大全_安卓音乐类游戏_音乐游戏下载-最笨下载"跳转正常,该类元素共17个，当前第3个
2020-09-01 18:47:25,008 - basepage - INFO - Click back on current page.
2020-09-01 18:47:32,331 - 2 - INFO - 页面"【安卓网络游戏】好玩的安卓网络游戏大全_安卓网络类游戏_网络游戏下载-最笨下载"跳转正常,该类元素共17个，当前第4个
2020-09-01 18:47:32,570 - basepage - INFO - Click back on current page.
2020-09-01 18:47:40,548 - 2 - INFO - 页面"【安卓格斗游戏】好玩的安卓格斗游戏大全_安卓格斗类游戏_格斗游戏下载-最笨下载"跳转正常,该类元素共17个，当前第5个
2020-09-01 18:47:40,988 - basepage - INFO - Click back on current page.
2020-09-01 18:47:48,201 - 2 - INFO - 页面"【安卓飞行游戏】好玩的安卓飞行游戏大全_安卓飞行类游戏_飞行游戏下载-最笨下载"跳转正常,该类元素共17个，当前第6个
2020-09-01 18:47:48,473 - basepage - INFO - Click back on current page.
2020-09-01 18:47:55,871 - 2 - INFO - 页面"【安卓体育运动游戏】好玩的安卓体育运动游戏大全_安卓体育运动类游戏_体育运动游戏下载-最笨下载"跳转正常,该类元素共17个，当前第7个
2020-09-01 18:47:56,155 - basepage - INFO - Click back on current page.
2020-09-01 18:48:03,521 - 2 - INFO - 页面"【安卓模拟经营游戏】好玩的安卓模拟经营游戏大全_安卓模拟经营类游戏_模拟经营游戏下载-最笨下载"跳转正常,该类元素共17个，当前第8个
2020-09-01 18:48:03,921 - basepage - INFO - Click back on current page.
2020-09-01 18:48:11,156 - 2 - INFO - 页面"【安卓策略游戏】好玩的安卓策略游戏大全_安卓策略类游戏_策略游戏下载-最笨下载"跳转正常,该类元素共17个，当前第9个
2020-09-01 18:48:11,423 - basepage - INFO - Click back on current page.
2020-09-01 18:48:18,559 - 2 - INFO - 页面"【安卓塔防游戏】好玩的安卓塔防游戏大全_安卓塔防类游戏_塔防游戏下载-最笨下载"跳转正常,该类元素共17个，当前第10个
2020-09-01 18:48:18,838 - basepage - INFO - Click back on current page.
2020-09-01 18:48:26,094 - 2 - INFO - 页面"【安卓解谜冒险游戏】好玩的安卓解谜冒险游戏大全_安卓解谜冒险类游戏_解谜冒险游戏下载-最笨下载"跳转正常,该类元素共17个，当前第11个
2020-09-01 18:48:26,522 - basepage - INFO - Click back on current page.
2020-09-01 18:48:33,798 - 2 - INFO - 页面"【安卓射击游戏】好玩的安卓射击游戏大全_安卓射击类游戏_射击游戏下载-最笨下载"跳转正常,该类元素共17个，当前第12个
2020-09-01 18:48:34,072 - basepage - INFO - Click back on current page.
2020-09-01 18:48:41,279 - 2 - INFO - 页面"【安卓棋牌游戏】好玩的安卓棋牌游戏大全_安卓棋牌类游戏_棋牌游戏下载-最笨下载"跳转正常,该类元素共17个，当前第13个
2020-09-01 18:48:41,554 - basepage - INFO - Click back on current page.
2020-09-01 18:48:48,849 - 2 - INFO - 页面"【安卓赛车游戏】好玩的安卓赛车游戏大全_安卓赛车类游戏_赛车游戏下载-最笨下载"跳转正常,该类元素共17个，当前第14个
2020-09-01 18:48:49,235 - basepage - INFO - Click back on current page.
2020-09-01 18:48:56,459 - 2 - INFO - 页面"【安卓角色扮演游戏】好玩的安卓角色扮演游戏大全_安卓角色扮演类游戏_角色扮演游戏下载-最笨下载"跳转正常,该类元素共17个，当前第15个
2020-09-01 18:48:56,737 - basepage - INFO - Click back on current page.
2020-09-01 18:49:04,026 - 2 - INFO - 页面"【安卓动作游戏】好玩的安卓动作游戏大全_安卓动作类游戏_动作游戏下载-最笨下载"跳转正常,该类元素共17个，当前第16个
2020-09-01 18:49:04,304 - basepage - INFO - Click back on current page.
2020-09-01 18:49:11,778 - 2 - INFO - 页面"【安卓休闲游戏】好玩的安卓休闲游戏大全_安卓休闲类游戏_休闲游戏下载-最笨下载"跳转正常,该类元素共17个，当前第17个
2020-09-01 18:49:12,153 - basepage - INFO - Click back on current page.
2020-09-01 18:49:20,551 - 2 - INFO - 页面"阴阳师_阴阳师下载_阴阳师官方下载-最笨下载"跳转正常,该类元素共18个，当前第1个
2020-09-01 18:49:26,734 - 2 - INFO - 页面"王者荣耀_王者荣耀安卓版下载-最笨安卓游戏下载"跳转正常,该类元素共18个，当前第2个
2020-09-01 18:49:32,886 - 2 - INFO - 页面"炼金国度（送1000元充值）ios版_炼金国度（送1000元充值）ios版下载_炼金国度（送1000元充值）ios版官方下载-最笨下载"跳转正常,该类元素共18个，当前第3个
2020-09-01 18:49:39,055 - 2 - INFO - 页面"国贼顾挽之_国贼顾挽之下载_国贼顾挽之官方下载-最笨下载"跳转正常,该类元素共18个，当前第4个
2020-09-01 18:49:45,224 - 2 - INFO - 页面"大秦黎明_大秦黎明下载_大秦黎明官方下载-最笨下载"跳转正常,该类元素共18个，当前第5个
2020-09-01 18:49:51,408 - 2 - INFO - 页面"怒焰三国杀手游_怒焰三国杀手游下载_怒焰三国杀手游官方下载-最笨下载"跳转正常,该类元素共18个，当前第6个
2020-09-01 18:49:57,584 - 2 - INFO - 页面"末日围城_末日围城下载_末日围城官方下载-最笨下载"跳转正常,该类元素共18个，当前第7个
2020-09-01 18:50:03,767 - 2 - INFO - 页面"天将雄师九游版_天将雄师九游版下载_天将雄师九游版官方下载-最笨下载"跳转正常,该类元素共18个，当前第8个
2020-09-01 18:50:09,940 - 2 - INFO - 页面"诸王黎明_诸王黎明下载_诸王黎明官方下载-最笨下载"跳转正常,该类元素共18个，当前第9个
2020-09-01 18:50:16,114 - 2 - INFO - 页面"一梦江湖九游版_一梦江湖九游版下载_一梦江湖九游版官方下载-最笨下载"跳转正常,该类元素共18个，当前第10个
2020-09-01 18:50:22,273 - 2 - INFO - 页面"NBA篮球大师_NBA篮球大师下载_NBA篮球大师官方下载-最笨下载"跳转正常,该类元素共18个，当前第11个
2020-09-01 18:50:28,436 - 2 - INFO - 页面"萌妖传手游_萌妖传手游下载_萌妖传手游官方下载-最笨下载"跳转正常,该类元素共18个，当前第12个
2020-09-01 18:50:34,602 - 2 - INFO - 页面"中超英雄手游_中超英雄手游下载_中超英雄手游官方下载-最笨下载"跳转正常,该类元素共18个，当前第13个
2020-09-01 18:50:40,766 - 2 - INFO - 页面"三国战天下手游_三国战天下手游下载_三国战天下手游官方下载-最笨下载"跳转正常,该类元素共18个，当前第14个
2020-09-01 18:50:46,929 - 2 - INFO - 页面"拳皇命运_拳皇命运下载_拳皇命运官方下载-最笨下载"跳转正常,该类元素共18个，当前第15个
2020-09-01 18:50:53,088 - 2 - INFO - 页面"电能大亨_电能大亨下载_电能大亨官方下载-最笨下载"跳转正常,该类元素共18个，当前第16个
2020-09-01 18:50:59,246 - 2 - INFO - 页面"驾校模拟器_驾校模拟器下载_驾校模拟器官方下载-最笨下载"跳转正常,该类元素共18个，当前第17个
2020-09-01 18:51:05,405 - 2 - INFO - 页面"暗黑探险2_暗黑探险2下载_暗黑探险2官方下载-最笨下载"跳转正常,该类元素共18个，当前第18个
2020-09-01 18:51:12,741 - 2 - INFO - 页面"变态手游公益服_bt手游变态服_无限元宝bt手游下载_BT手游中心-最笨下载"跳转正常,该类元素共13个，当前第1个
2020-09-01 18:51:12,983 - basepage - INFO - Click back on current page.
2020-09-01 18:51:21,183 - 2 - INFO - 页面"变态手游公益服_bt手游变态服_无限元宝bt手游下载_BT手游中心-最笨下载"跳转正常,该类元素共13个，当前第2个
2020-09-01 18:51:21,600 - basepage - INFO - Click back on current page.
2020-09-01 18:51:29,696 - 2 - INFO - 页面"变态手游公益服_bt手游变态服_无限元宝bt手游下载_BT手游中心-最笨下载"跳转正常,该类元素共13个，当前第3个
2020-09-01 18:51:30,106 - basepage - INFO - Click back on current page.
2020-09-01 18:51:38,462 - 2 - INFO - 页面"变态手游公益服_bt手游变态服_无限元宝bt手游下载_BT手游中心-最笨下载"跳转正常,该类元素共13个，当前第4个
2020-09-01 18:51:38,730 - basepage - INFO - Click back on current page.
2020-09-01 18:51:47,078 - 2 - INFO - 页面"变态手游公益服_bt手游变态服_无限元宝bt手游下载_BT手游中心-最笨下载"跳转正常,该类元素共13个，当前第5个
2020-09-01 18:51:47,500 - basepage - INFO - Click back on current page.
2020-09-01 18:51:55,831 - 2 - INFO - 页面"变态手游公益服_bt手游变态服_无限元宝bt手游下载_BT手游中心-最笨下载"跳转正常,该类元素共13个，当前第6个
2020-09-01 18:51:56,214 - basepage - INFO - Click back on current page.
2020-09-01 18:52:04,717 - 2 - INFO - 页面"变态手游公益服_bt手游变态服_无限元宝bt手游下载_BT手游中心-最笨下载"跳转正常,该类元素共13个，当前第7个
2020-09-01 18:52:04,979 - basepage - INFO - Click back on current page.
2020-09-01 18:52:13,014 - 2 - INFO - 页面"变态手游公益服_bt手游变态服_无限元宝bt手游下载_BT手游中心-最笨下载"跳转正常,该类元素共13个，当前第8个
2020-09-01 18:52:13,296 - basepage - INFO - Click back on current page.
2020-09-01 18:52:21,307 - 2 - INFO - 页面"变态手游公益服_bt手游变态服_无限元宝bt手游下载_BT手游中心-最笨下载"跳转正常,该类元素共13个，当前第9个
2020-09-01 18:52:21,734 - basepage - INFO - Click back on current page.
2020-09-01 18:52:30,498 - 2 - INFO - 页面"变态手游公益服_bt手游变态服_无限元宝bt手游下载_BT手游中心-最笨下载"跳转正常,该类元素共13个，当前第10个
2020-09-01 18:52:30,763 - basepage - INFO - Click back on current page.
2020-09-01 18:52:38,604 - 2 - INFO - 页面"变态手游公益服_bt手游变态服_无限元宝bt手游下载_BT手游中心-最笨下载"跳转正常,该类元素共13个，当前第11个
2020-09-01 18:52:38,878 - basepage - INFO - Click back on current page.
2020-09-01 18:52:46,900 - 2 - INFO - 页面"变态手游公益服_bt手游变态服_无限元宝bt手游下载_BT手游中心-最笨下载"跳转正常,该类元素共13个，当前第12个
2020-09-01 18:52:47,241 - basepage - INFO - Click back on current page.
2020-09-01 18:52:54,819 - 2 - INFO - 页面"变态手游公益服_bt手游变态服_无限元宝bt手游下载_BT手游中心-最笨下载"跳转正常,该类元素共13个，当前第13个
2020-09-01 18:52:55,094 - basepage - INFO - Click back on current page.
2020-09-01 18:53:03,481 - 2 - INFO - 页面"格斗之皇（送328充值）_格斗之皇（送328充值）无限元宝服_SF变态版格斗之皇（送328充值）公益服下载 - 最笨下载"跳转正常,该类元素共18个，当前第1个
2020-09-01 18:53:09,638 - 2 - INFO - 页面"三界轮回（送千元充值）_三界轮回（送千元充值）无限元宝服_SF变态版三界轮回（送千元充值）公益服下载 - 最笨下载"跳转正常,该类元素共18个，当前第2个
2020-09-01 18:53:15,784 - 2 - INFO - 页面"风之幻想web（送1000充值）_风之幻想web（送1000充值）无限元宝服_SF变态版风之幻想web（送1000充值）公益服下载 - 最笨下载"跳转正常,该类元素共18个，当前第3个
2020-09-01 18:53:21,936 - 2 - INFO - 页面"渡劫（送海量寻宝）_渡劫（送海量寻宝）无限元宝服_SF变态版渡劫（送海量寻宝）公益服下载 - 最笨下载"跳转正常,该类元素共18个，当前第4个
2020-09-01 18:53:28,087 - 2 - INFO - 页面"口袋喵喵（海量特权）_口袋喵喵（海量特权）无限元宝服_SF变态版口袋喵喵（海量特权）公益服下载 - 最笨下载"跳转正常,该类元素共18个，当前第5个
2020-09-01 18:53:34,269 - 2 - INFO - 页面"幻世英雄（送1000充值）_幻世英雄（送1000充值）无限元宝服_SF变态版幻世英雄（送1000充值）公益服下载 - 最笨下载"跳转正常,该类元素共18个，当前第6个
2020-09-01 18:53:40,413 - 2 - INFO - 页面"泡面三国（送海量真充）_泡面三国（送海量真充）无限元宝服_SF变态版泡面三国（送海量真充）公益服下载 - 最笨下载"跳转正常,该类元素共18个，当前第7个
2020-09-01 18:53:46,566 - 2 - INFO - 页面"龙战于野（领VIP代金券）_龙战于野（领VIP代金券）无限元宝服_SF变态版龙战于野（领VIP代金券）公益服下载 - 最笨下载"跳转正常,该类元素共18个，当前第8个
2020-09-01 18:53:52,747 - 2 - INFO - 页面"神谕传奇（送千元充值）_神谕传奇（送千元充值）无限元宝服_SF变态版神谕传奇（送千元充值）公益服下载 - 最笨下载"跳转正常,该类元素共18个，当前第9个
2020-09-01 18:53:58,945 - 2 - INFO - 页面"成王败寇（送千元充值）_成王败寇（送千元充值）无限元宝服_SF变态版成王败寇（送千元充值）公益服下载 - 最笨下载"跳转正常,该类元素共18个，当前第10个
2020-09-01 18:54:05,085 - 2 - INFO - 页面"惊天战神（送千元充值）_惊天战神（送千元充值）无限元宝服_SF变态版惊天战神（送千元充值）公益服下载 - 最笨下载"跳转正常,该类元素共18个，当前第11个
2020-09-01 18:54:11,225 - 2 - INFO - 页面"迷城起源（送极品红宠）_迷城起源（送极品红宠）无限元宝服_SF变态版迷城起源（送极品红宠）公益服下载 - 最笨下载"跳转正常,该类元素共18个，当前第12个
2020-09-01 18:54:17,377 - 2 - INFO - 页面"斗转武林（爆海量充值卡）_斗转武林（爆海量充值卡）无限元宝服_SF变态版斗转武林（爆海量充值卡）公益服下载 - 最笨下载"跳转正常,该类元素共18个，当前第13个
2020-09-01 18:54:23,531 - 2 - INFO - 页面"小黑的宝藏（送海量充值）_小黑的宝藏（送海量充值）无限元宝服_SF变态版小黑的宝藏（送海量充值）公益服下载 - 最笨下载"跳转正常,该类元素共18个，当前第14个
2020-09-01 18:54:29,673 - 2 - INFO - 页面"小小三国志（送充值卡）_小小三国志（送充值卡）无限元宝服_SF变态版小小三国志（送充值卡）公益服下载 - 最笨下载"跳转正常,该类元素共18个，当前第15个
2020-09-01 18:54:35,814 - 2 - INFO - 页面"天使圣域（欧皇海量抽）_天使圣域（欧皇海量抽）无限元宝服_SF变态版天使圣域（欧皇海量抽）公益服下载 - 最笨下载"跳转正常,该类元素共18个，当前第16个
2020-09-01 18:54:41,983 - 2 - INFO - 页面"斗罗大陆神界传说Ⅱ（天天送充值）_斗罗大陆神界传说Ⅱ（天天送充值）无限元宝服_SF变态版斗罗大陆神界传说Ⅱ（天天送充值）公益服下载 - 最笨下载"跳转正常,该类元素共18个，当前第17个
2020-09-01 18:54:48,125 - 2 - INFO - 页面"龙之霸业（送千元充值）_龙之霸业（送千元充值）无限元宝服_SF变态版龙之霸业（送千元充值）公益服下载 - 最笨下载"跳转正常,该类元素共18个，当前第18个
2020-09-01 18:54:55,700 - 2 - INFO - 页面"满vip版手游_手游sf送顶级vip_满级vip无限元宝手游下载-最笨下载"跳转正常,该类元素共13个，当前第1个
2020-09-01 18:54:55,956 - basepage - INFO - Click back on current page.
2020-09-01 18:55:03,835 - 2 - INFO - 页面"满vip版手游_手游sf送顶级vip_满级vip无限元宝手游下载-最笨下载"跳转正常,该类元素共13个，当前第2个
2020-09-01 18:55:04,269 - basepage - INFO - Click back on current page.
2020-09-01 18:55:12,401 - 2 - INFO - 页面"满vip版手游_手游sf送顶级vip_满级vip无限元宝手游下载-最笨下载"跳转正常,该类元素共13个，当前第3个
2020-09-01 18:55:12,812 - basepage - INFO - Click back on current page.
2020-09-01 18:55:21,164 - 2 - INFO - 页面"满vip版手游_手游sf送顶级vip_满级vip无限元宝手游下载-最笨下载"跳转正常,该类元素共13个，当前第4个
2020-09-01 18:55:21,440 - basepage - INFO - Click back on current page.
2020-09-01 18:55:29,384 - 2 - INFO - 页面"满vip版手游_手游sf送顶级vip_满级vip无限元宝手游下载-最笨下载"跳转正常,该类元素共13个，当前第5个
2020-09-01 18:55:29,823 - basepage - INFO - Click back on current page.
2020-09-01 18:55:38,541 - 2 - INFO - 页面"满vip版手游_手游sf送顶级vip_满级vip无限元宝手游下载-最笨下载"跳转正常,该类元素共13个，当前第6个
2020-09-01 18:55:38,933 - basepage - INFO - Click back on current page.
2020-09-01 18:55:47,262 - 2 - INFO - 页面"满vip版手游_手游sf送顶级vip_满级vip无限元宝手游下载-最笨下载"跳转正常,该类元素共13个，当前第7个
2020-09-01 18:55:47,539 - basepage - INFO - Click back on current page.
2020-09-01 18:55:55,428 - 2 - INFO - 页面"满vip版手游_手游sf送顶级vip_满级vip无限元宝手游下载-最笨下载"跳转正常,该类元素共13个，当前第8个
2020-09-01 18:55:55,884 - basepage - INFO - Click back on current page.
2020-09-01 18:56:04,018 - 2 - INFO - 页面"满vip版手游_手游sf送顶级vip_满级vip无限元宝手游下载-最笨下载"跳转正常,该类元素共13个，当前第9个
2020-09-01 18:56:05,344 - basepage - INFO - Click back on current page.
2020-09-01 18:56:13,614 - 2 - INFO - 页面"满vip版手游_手游sf送顶级vip_满级vip无限元宝手游下载-最笨下载"跳转正常,该类元素共13个，当前第10个
2020-09-01 18:56:13,858 - basepage - INFO - Click back on current page.
2020-09-01 18:56:21,748 - 2 - INFO - 页面"满vip版手游_手游sf送顶级vip_满级vip无限元宝手游下载-最笨下载"跳转正常,该类元素共13个，当前第11个
2020-09-01 18:56:22,149 - basepage - INFO - Click back on current page.
2020-09-01 18:56:30,139 - 2 - INFO - 页面"满vip版手游_手游sf送顶级vip_满级vip无限元宝手游下载-最笨下载"跳转正常,该类元素共13个，当前第12个
2020-09-01 18:56:30,565 - basepage - INFO - Click back on current page.
2020-09-01 18:56:38,399 - 2 - INFO - 页面"满vip版手游_手游sf送顶级vip_满级vip无限元宝手游下载-最笨下载"跳转正常,该类元素共13个，当前第13个
2020-09-01 18:56:38,640 - basepage - INFO - Click back on current page.
2020-09-01 18:56:49,632 - 2 - INFO - 页面"萌斗魏蜀吴（GM特权）_萌斗魏蜀吴（GM特权）无限元宝服_SF变态版萌斗魏蜀吴（GM特权）公益服下载 - 最笨下载"跳转正常,该类元素共18个，当前第1个
2020-09-01 18:56:55,797 - 2 - INFO - 页面"龙之剑圣（刷海量充值）_龙之剑圣（刷海量充值）无限元宝服_SF变态版龙之剑圣（刷海量充值）公益服下载 - 最笨下载"跳转正常,该类元素共18个，当前第2个
2020-09-01 18:57:01,943 - 2 - INFO - 页面"操戈天下（送海量元宝）_操戈天下（送海量元宝）无限元宝服_SF变态版操戈天下（送海量元宝）公益服下载 - 最笨下载"跳转正常,该类元素共18个，当前第3个
2020-09-01 18:57:10,496 - 2 - INFO - 页面"幻剑情缘（送千元充值）_幻剑情缘（送千元充值）无限元宝服_SF变态版幻剑情缘（送千元充值）公益服下载 - 最笨下载"跳转正常,该类元素共18个，当前第4个
2020-09-01 18:57:16,675 - 2 - INFO - 页面"影歌（海量打金特权）_影歌（海量打金特权）无限元宝服_SF变态版影歌（海量打金特权）公益服下载 - 最笨下载"跳转正常,该类元素共18个，当前第5个
2020-09-01 18:57:22,818 - 2 - INFO - 页面"闪将三国（送千元充值）_闪将三国（送千元充值）无限元宝服_SF变态版闪将三国（送千元充值）公益服下载 - 最笨下载"跳转正常,该类元素共18个，当前第6个
2020-09-01 18:57:28,968 - 2 - INFO - 页面"乱戳三国2（送GM特权）_乱戳三国2（送GM特权）无限元宝服_SF变态版乱戳三国2（送GM特权）公益服下载 - 最笨下载"跳转正常,该类元素共18个，当前第7个
2020-09-01 18:57:35,124 - 2 - INFO - 页面"吞噬苍穹（海量充值卡）_吞噬苍穹（海量充值卡）无限元宝服_SF变态版吞噬苍穹（海量充值卡）公益服下载 - 最笨下载"跳转正常,该类元素共18个，当前第8个
2020-09-01 18:57:41,278 - 2 - INFO - 页面"刀剑神魔录（1元商城特权）_刀剑神魔录（1元商城特权）无限元宝服_SF变态版刀剑神魔录（1元商城特权）公益服下载 - 最笨下载"跳转正常,该类元素共18个，当前第9个
2020-09-01 18:57:47,428 - 2 - INFO - 页面"乱世江湖（天天送充值）_乱世江湖（天天送充值）无限元宝服_SF变态版乱世江湖（天天送充值）公益服下载 - 最笨下载"跳转正常,该类元素共18个，当前第10个
2020-09-01 18:57:53,580 - 2 - INFO - 页面"王者战歌（送千元充值）_王者战歌（送千元充值）无限元宝服_SF变态版王者战歌（送千元充值）公益服下载 - 最笨下载"跳转正常,该类元素共18个，当前第11个
2020-09-01 18:57:59,744 - 2 - INFO - 页面"齐天记（海量资源特权）_齐天记（海量资源特权）无限元宝服_SF变态版齐天记（海量资源特权）公益服下载 - 最笨下载"跳转正常,该类元素共18个，当前第12个
2020-09-01 18:58:05,888 - 2 - INFO - 页面"征程三国（送百抽S神将）_征程三国（送百抽S神将）无限元宝服_SF变态版征程三国（送百抽S神将）公益服下载 - 最笨下载"跳转正常,该类元素共18个，当前第13个
2020-09-01 18:58:12,061 - 2 - INFO - 页面"净化（海量商城特权）_净化（海量商城特权）无限元宝服_SF变态版净化（海量商城特权）公益服下载 - 最笨下载"跳转正常,该类元素共18个，当前第14个
2020-09-01 18:58:18,231 - 2 - INFO - 页面"机甲战纪（送GM特权）_机甲战纪（送GM特权）无限元宝服_SF变态版机甲战纪（送GM特权）公益服下载 - 最笨下载"跳转正常,该类元素共18个，当前第15个
2020-09-01 18:58:24,389 - 2 - INFO - 页面"星星喵（送千元充值）_星星喵（送千元充值）无限元宝服_SF变态版星星喵（送千元充值）公益服下载 - 最笨下载"跳转正常,该类元素共18个，当前第16个
2020-09-01 18:58:30,584 - 2 - INFO - 页面"轩辕剑群侠传（商城特权）_轩辕剑群侠传（商城特权）无限元宝服_SF变态版轩辕剑群侠传（商城特权）公益服下载 - 最笨下载"跳转正常,该类元素共18个，当前第17个
2020-09-01 18:58:36,761 - 2 - INFO - 页面"大秦之帝国崛起（送法拉利）_大秦之帝国崛起（送法拉利）无限元宝服_SF变态版大秦之帝国崛起（送法拉利）公益服下载 - 最笨下载"跳转正常,该类元素共18个，当前第18个
2020-09-01 18:58:43,607 - 2 - INFO - 页面"gm版手游_无限元宝/钻石公益服_0元免费gm权限手游下载-最笨下载"跳转正常,该类元素共13个，当前第1个
2020-09-01 18:58:43,848 - basepage - INFO - Click back on current page.
2020-09-01 18:58:51,065 - 2 - INFO - 页面"gm版手游_无限元宝/钻石公益服_0元免费gm权限手游下载-最笨下载"跳转正常,该类元素共13个，当前第2个
2020-09-01 18:58:51,472 - basepage - INFO - Click back on current page.
2020-09-01 18:58:59,424 - 2 - INFO - 页面"gm版手游_无限元宝/钻石公益服_0元免费gm权限手游下载-最笨下载"跳转正常,该类元素共13个，当前第3个
2020-09-01 18:58:59,839 - basepage - INFO - Click back on current page.
2020-09-01 18:59:07,622 - 2 - INFO - 页面"gm版手游_无限元宝/钻石公益服_0元免费gm权限手游下载-最笨下载"跳转正常,该类元素共13个，当前第4个
2020-09-01 18:59:07,865 - basepage - INFO - Click back on current page.
2020-09-01 18:59:15,619 - 2 - INFO - 页面"gm版手游_无限元宝/钻石公益服_0元免费gm权限手游下载-最笨下载"跳转正常,该类元素共13个，当前第5个
2020-09-01 18:59:16,029 - basepage - INFO - Click back on current page.
2020-09-01 18:59:23,813 - 2 - INFO - 页面"gm版手游_无限元宝/钻石公益服_0元免费gm权限手游下载-最笨下载"跳转正常,该类元素共13个，当前第6个
2020-09-01 18:59:24,230 - basepage - INFO - Click back on current page.
2020-09-01 18:59:31,667 - 2 - INFO - 页面"gm版手游_无限元宝/钻石公益服_0元免费gm权限手游下载-最笨下载"跳转正常,该类元素共13个，当前第7个
2020-09-01 18:59:31,927 - basepage - INFO - Click back on current page.
2020-09-01 18:59:39,055 - 2 - INFO - 页面"gm版手游_无限元宝/钻石公益服_0元免费gm权限手游下载-最笨下载"跳转正常,该类元素共13个，当前第8个
2020-09-01 18:59:39,478 - basepage - INFO - Click back on current page.
2020-09-01 18:59:47,215 - 2 - INFO - 页面"gm版手游_无限元宝/钻石公益服_0元免费gm权限手游下载-最笨下载"跳转正常,该类元素共13个，当前第9个
2020-09-01 18:59:47,585 - basepage - INFO - Click back on current page.
2020-09-01 18:59:55,363 - 2 - INFO - 页面"gm版手游_无限元宝/钻石公益服_0元免费gm权限手游下载-最笨下载"跳转正常,该类元素共13个，当前第10个
2020-09-01 18:59:55,629 - basepage - INFO - Click back on current page.
2020-09-01 19:00:03,374 - 2 - INFO - 页面"gm版手游_无限元宝/钻石公益服_0元免费gm权限手游下载-最笨下载"跳转正常,该类元素共13个，当前第11个
2020-09-01 19:00:03,775 - basepage - INFO - Click back on current page.
2020-09-01 19:00:10,990 - 2 - INFO - 页面"gm版手游_无限元宝/钻石公益服_0元免费gm权限手游下载-最笨下载"跳转正常,该类元素共13个，当前第12个
2020-09-01 19:00:11,259 - basepage - INFO - Click back on current page.
2020-09-01 19:00:18,982 - 2 - INFO - 页面"gm版手游_无限元宝/钻石公益服_0元免费gm权限手游下载-最笨下载"跳转正常,该类元素共13个，当前第13个
2020-09-01 19:00:19,262 - basepage - INFO - Click back on current page.
2020-09-01 19:00:27,657 - 2 - INFO - 页面"九州剑灵（GM版）_九州剑灵（GM版）免费gm权限安卓下载 - 最笨下载"跳转正常,该类元素共18个，当前第1个
2020-09-01 19:00:33,821 - 2 - INFO - 页面"仙游（GM版）_仙游（GM版）免费gm权限安卓下载 - 最笨下载"跳转正常,该类元素共18个，当前第2个
2020-09-01 19:00:39,981 - 2 - INFO - 页面"高达（GM版）_高达（GM版）免费gm权限安卓下载 - 最笨下载"跳转正常,该类元素共18个，当前第3个
2020-09-01 19:00:46,153 - 2 - INFO - 页面"暗黑王者（GM版）_暗黑王者（GM版）免费gm权限安卓下载 - 最笨下载"跳转正常,该类元素共18个，当前第4个
2020-09-01 19:00:52,329 - 2 - INFO - 页面"问鼎封神（GM版）_问鼎封神（GM版）免费gm权限安卓下载 - 最笨下载"跳转正常,该类元素共18个，当前第5个
2020-09-01 19:00:58,469 - 2 - INFO - 页面"仙剑轮回（GM版）_仙剑轮回（GM版）免费gm权限安卓下载 - 最笨下载"跳转正常,该类元素共18个，当前第6个
2020-09-01 19:01:04,620 - 2 - INFO - 页面"神道仙尊（GM版）_神道仙尊（GM版）免费gm权限安卓下载 - 最笨下载"跳转正常,该类元素共18个，当前第7个
2020-09-01 19:01:10,785 - 2 - INFO - 页面"大将无双（GM版）_大将无双（GM版）免费gm权限安卓下载 - 最笨下载"跳转正常,该类元素共18个，当前第8个
2020-09-01 19:01:16,959 - 2 - INFO - 页面"青云剑诀（GM版）_青云剑诀（GM版）免费gm权限安卓下载 - 最笨下载"跳转正常,该类元素共18个，当前第9个
2020-09-01 19:01:23,129 - 2 - INFO - 页面"寂灭剑诀（GM版）_寂灭剑诀（GM版）免费gm权限安卓下载 - 最笨下载"跳转正常,该类元素共18个，当前第10个
2020-09-01 19:01:29,270 - 2 - INFO - 页面"封神记（GM版）_封神记（GM版）免费gm权限安卓下载 - 最笨下载"跳转正常,该类元素共18个，当前第11个
2020-09-01 19:01:35,431 - 2 - INFO - 页面"豪门小老婆（GM版）_豪门小老婆（GM版）免费gm权限安卓下载 - 最笨下载"跳转正常,该类元素共18个，当前第12个
2020-09-01 19:01:41,573 - 2 - INFO - 页面"三生三誓青丘传（GM版）_三生三誓青丘传（GM版）免费gm权限安卓下载 - 最笨下载"跳转正常,该类元素共18个，当前第13个
2020-09-01 19:01:47,718 - 2 - INFO - 页面"毒尊三国（GM版）_毒尊三国（GM版）免费gm权限安卓下载 - 最笨下载"跳转正常,该类元素共18个，当前第14个
2020-09-01 19:01:53,868 - 2 - INFO - 页面"乱世神话（GM版）_乱世神话（GM版）免费gm权限安卓下载 - 最笨下载"跳转正常,该类元素共18个，当前第15个
2020-09-01 19:02:00,063 - 2 - INFO - 页面"天子问剑（GM版）_天子问剑（GM版）免费gm权限安卓下载 - 最笨下载"跳转正常,该类元素共18个，当前第16个
2020-09-01 19:02:06,244 - 2 - INFO - 页面"风云三国（GM版）_风云三国（GM版）免费gm权限安卓下载 - 最笨下载"跳转正常,该类元素共18个，当前第17个
2020-09-01 19:02:12,440 - 2 - INFO - 页面"古惑三国志（GM版）_古惑三国志（GM版）免费gm权限安卓下载 - 最笨下载"跳转正常,该类元素共18个，当前第18个
2020-09-01 19:02:20,987 - 2 - INFO - 页面"免费权限GM游戏"跳转正常,该类元素共4个，当前第1个
2020-09-01 19:02:21,260 - basepage - INFO - Click back on current page.
2020-09-01 19:02:27,637 - 2 - INFO - 页面"聊天回复神器合集"跳转正常,该类元素共4个，当前第2个
2020-09-01 19:02:28,148 - basepage - INFO - Click back on current page.
2020-09-01 19:02:35,325 - 2 - INFO - 页面"超变私服传奇一刀999999级"跳转正常,该类元素共4个，当前第3个
2020-09-01 19:02:35,851 - basepage - INFO - Click back on current page.
2020-09-01 19:02:45,229 - 2 - INFO - 页面"美女爆衣游戏手游"跳转正常,该类元素共4个，当前第4个
2020-09-01 19:02:45,709 - basepage - INFO - Click back on current page.
2020-09-01 19:02:54,032 - 2 - INFO - 页面"【苹果播放器】iPhone手机播放器,iPhone播放器免费下载大全-最笨下载"跳转正常,该类元素共19个，当前第1个
2020-09-01 19:02:54,475 - basepage - INFO - Click back on current page.
2020-09-01 19:03:01,705 - 2 - INFO - 页面"【苹果学习软件】iPhone手机学习软件_iPhone学习软件免费下载大全-最笨下载"跳转正常,该类元素共19个，当前第2个
2020-09-01 19:03:01,999 - basepage - INFO - Click back on current page.
2020-09-01 19:03:08,826 - 2 - INFO - 页面"【苹果辅助软件】iPhone手机辅助软件_iPhone辅助软件免费下载大全-最笨下载"跳转正常,该类元素共19个，当前第3个
2020-09-01 19:03:09,279 - basepage - INFO - Click back on current page.
2020-09-01 19:03:16,405 - 2 - INFO - 页面"【苹果输入法】iPhone手机输入法_iPhone输入法免费下载大全-最笨下载"跳转正常,该类元素共19个，当前第4个
2020-09-01 19:03:16,658 - basepage - INFO - Click back on current page.
2020-09-01 19:03:24,033 - 2 - INFO - 页面"【苹果通信软件】iPhone手机通信软件_iPhone通信软件免费下载大全-最笨下载"跳转正常,该类元素共19个，当前第5个
2020-09-01 19:03:24,323 - basepage - INFO - Click back on current page.
2020-09-01 19:03:31,698 - 2 - INFO - 页面"【苹果固件】iPhone手机固件软件_iPhone固件软件免费下载大全-最笨下载"跳转正常,该类元素共19个，当前第6个
2020-09-01 19:03:32,163 - basepage - INFO - Click back on current page.
2020-09-01 19:03:39,370 - 2 - INFO - 页面"【苹果文件管理软件】iPhone手机文件管理软件_iPhone文件管理软件免费下载大全-最笨下载"跳转正常,该类元素共19个，当前第7个
2020-09-01 19:03:39,655 - basepage - INFO - Click back on current page.
2020-09-01 19:03:46,793 - 2 - INFO - 页面"【苹果同步软件】iPhone手机同步软件_iPhone同步软件免费下载大全-最笨下载"跳转正常,该类元素共19个，当前第8个
2020-09-01 19:03:47,053 - basepage - INFO - Click back on current page.
2020-09-01 19:03:54,181 - 2 - INFO - 页面"【苹果办公软件】iPhone手机办公软件_iPhone办公软件免费下载大全-最笨下载"跳转正常,该类元素共19个，当前第9个
2020-09-01 19:03:54,641 - basepage - INFO - Click back on current page.
2020-09-01 19:04:02,126 - 2 - INFO - 页面"【苹果理财软件】iPhone手机理财软件_iPhone理财软件免费下载大全-最笨下载"跳转正常,该类元素共19个，当前第10个
2020-09-01 19:04:02,416 - basepage - INFO - Click back on current page.
2020-09-01 19:04:09,705 - 2 - INFO - 页面"【苹果备份软件】iPhone手机备份软件_iPhone备份软件免费下载大全-最笨下载"跳转正常,该类元素共19个，当前第11个
2020-09-01 19:04:10,008 - basepage - INFO - Click back on current page.
2020-09-01 19:04:17,129 - 2 - INFO - 页面"【苹果健身软件】iPhone手机健身软件_iPhone健身软件免费下载大全-最笨下载"跳转正常,该类元素共19个，当前第12个
2020-09-01 19:04:17,594 - basepage - INFO - Click back on current page.
2020-09-01 19:04:24,944 - 2 - INFO - 页面"【苹果健康管理软件】iPhone手机健康管理软件_iPhone健康管理软件免费下载大全-最笨下载"跳转正常,该类元素共19个，当前第13个
2020-09-01 19:04:25,191 - basepage - INFO - Click back on current page.
2020-09-01 19:04:32,357 - 2 - INFO - 页面"【苹果系统软件】iPhone手机系统软件_iPhone系统软件免费下载大全-最笨下载"跳转正常,该类元素共19个，当前第14个
2020-09-01 19:04:32,654 - basepage - INFO - Click back on current page.
2020-09-01 19:04:39,718 - 2 - INFO - 页面"【苹果社交软件】iphone手机社交软件_iphone社交软件免费下载大全-最笨下载"跳转正常,该类元素共19个，当前第15个
2020-09-01 19:04:40,188 - basepage - INFO - Click back on current page.
2020-09-01 19:04:47,267 - 2 - INFO - 页面"【苹果娱乐软件】iPhone手机娱乐软件_iPhone娱乐软件免费下载大全-最笨下载"跳转正常,该类元素共19个，当前第16个
2020-09-01 19:04:47,546 - basepage - INFO - Click back on current page.
2020-09-01 19:04:54,252 - 2 - INFO - 页面"【苹果导航】iPhone手机导航软件,iPhone导航软件免费下载大全-最笨下载"跳转正常,该类元素共19个，当前第17个
2020-09-01 19:04:54,543 - basepage - INFO - Click back on current page.
2020-09-01 19:05:01,741 - 2 - INFO - 页面"【苹果网络软件】iPhone手机网络软件,iPhone网络软件免费下载大全-最笨下载"跳转正常,该类元素共19个，当前第18个
2020-09-01 19:05:02,187 - basepage - INFO - Click back on current page.
2020-09-01 19:05:09,295 - 2 - INFO - 页面"【苹果助手软件】iPhone生活助手软件_iPhone生活助手软件免费下载大全-最笨下载"跳转正常,该类元素共19个，当前第19个
2020-09-01 19:05:09,564 - basepage - INFO - Click back on current page.
2020-09-01 19:05:17,947 - 2 - INFO - 页面"安致手游盒子ios版_安致手游盒子ios版下载_安致手游盒子ios版官方下载-最笨下载"跳转正常,该类元素共18个，当前第1个
2020-09-01 19:05:26,596 - 2 - INFO - 页面"爪游控游戏盒子ios版_爪游控游戏盒子ios版下载_爪游控游戏盒子ios版官方下载-最笨下载"跳转正常,该类元素共18个，当前第2个
2020-09-01 19:05:32,869 - 2 - INFO - 页面"手机玩盒子ios版_手机玩盒子ios版下载_手机玩盒子ios版官方下载-最笨下载"跳转正常,该类元素共18个，当前第3个
2020-09-01 19:05:39,046 - 2 - INFO - 页面"蜜小助ios版_蜜小助ios版下载_蜜小助ios版官方下载-最笨下载"跳转正常,该类元素共18个，当前第4个
2020-09-01 19:05:45,228 - 2 - INFO - 页面"BT游戏大全ios_BT游戏大全ios下载_BT游戏大全ios官方下载-最笨下载"跳转正常,该类元素共18个，当前第5个
2020-09-01 19:05:51,371 - 2 - INFO - 页面"小8游戏盒子ios_小8游戏盒子ios下载_小8游戏盒子ios官方下载-最笨下载"跳转正常,该类元素共18个，当前第6个
2020-09-01 19:05:57,548 - 2 - INFO - 页面"安卓市场ios版_安卓市场ios版下载_安卓市场ios版官方下载-最笨下载"跳转正常,该类元素共18个，当前第7个
2020-09-01 19:06:03,729 - 2 - INFO - 页面"剪映_剪映下载_剪映官方下载-最笨下载"跳转正常,该类元素共18个，当前第8个
2020-09-01 19:06:09,896 - 2 - INFO - 页面"吾爱看书ios版_吾爱看书ios版下载_吾爱看书ios版官方下载-最笨下载"跳转正常,该类元素共18个，当前第9个
2020-09-01 19:06:16,053 - 2 - INFO - 页面"7743游戏平台_7743游戏平台下载_7743游戏平台官方下载-最笨下载"跳转正常,该类元素共18个，当前第10个
2020-09-01 19:06:22,204 - 2 - INFO - 页面"搜书帝ios_搜书帝ios下载_搜书帝ios官方下载-最笨下载"跳转正常,该类元素共18个，当前第11个
2020-09-01 19:06:28,348 - 2 - INFO - 页面"大塘小鱼_大塘小鱼下载_大塘小鱼官方下载-最笨下载"跳转正常,该类元素共18个，当前第12个
2020-09-01 19:06:34,494 - 2 - INFO - 页面"花溪小说_花溪小说下载_花溪小说官方下载-最笨下载"跳转正常,该类元素共18个，当前第13个
2020-09-01 19:06:40,615 - 2 - INFO - 页面"手译_手译下载_手译官方下载-最笨下载"跳转正常,该类元素共18个，当前第14个
2020-09-01 19:06:46,783 - 2 - INFO - 页面"sjcam_sjcam下载_sjcam官方下载-最笨下载"跳转正常,该类元素共18个，当前第15个
2020-09-01 19:06:52,923 - 2 - INFO - 页面"WearHeart_WearHeart下载_WearHeart官方下载-最笨下载"跳转正常,该类元素共18个，当前第16个
2020-09-01 19:06:59,101 - 2 - INFO - 页面"仓鼠阅读_仓鼠阅读下载_仓鼠阅读官方下载-最笨下载"跳转正常,该类元素共18个，当前第17个
2020-09-01 19:07:05,282 - 2 - INFO - 页面"漫番漫画_漫番漫画下载_漫番漫画官方下载-最笨下载"跳转正常,该类元素共18个，当前第18个
2020-09-01 19:07:12,226 - 2 - INFO - 页面"变态手游公益服_bt手游变态服_无限元宝bt手游下载_BT手游中心-最笨下载"跳转正常,该类元素共13个，当前第1个
2020-09-01 19:07:12,520 - basepage - INFO - Click back on current page.
2020-09-01 19:07:19,746 - 2 - INFO - 页面"变态手游公益服_bt手游变态服_无限元宝bt手游下载_BT手游中心-最笨下载"跳转正常,该类元素共13个，当前第2个
2020-09-01 19:07:20,255 - basepage - INFO - Click back on current page.
2020-09-01 19:07:28,365 - 2 - INFO - 页面"变态手游公益服_bt手游变态服_无限元宝bt手游下载_BT手游中心-最笨下载"跳转正常,该类元素共13个，当前第3个
2020-09-01 19:07:29,090 - basepage - INFO - Click back on current page.
2020-09-01 19:07:37,045 - 2 - INFO - 页面"变态手游公益服_bt手游变态服_无限元宝bt手游下载_BT手游中心-最笨下载"跳转正常,该类元素共13个，当前第4个
2020-09-01 19:07:37,315 - basepage - INFO - Click back on current page.
2020-09-01 19:07:45,058 - 2 - INFO - 页面"变态手游公益服_bt手游变态服_无限元宝bt手游下载_BT手游中心-最笨下载"跳转正常,该类元素共13个，当前第5个
2020-09-01 19:07:45,550 - basepage - INFO - Click back on current page.
2020-09-01 19:07:53,250 - 2 - INFO - 页面"变态手游公益服_bt手游变态服_无限元宝bt手游下载_BT手游中心-最笨下载"跳转正常,该类元素共13个，当前第6个
2020-09-01 19:07:53,730 - basepage - INFO - Click back on current page.
2020-09-01 19:08:02,053 - 2 - INFO - 页面"变态手游公益服_bt手游变态服_无限元宝bt手游下载_BT手游中心-最笨下载"跳转正常,该类元素共13个，当前第7个
2020-09-01 19:08:02,354 - basepage - INFO - Click back on current page.
2020-09-01 19:08:10,313 - 2 - INFO - 页面"变态手游公益服_bt手游变态服_无限元宝bt手游下载_BT手游中心-最笨下载"跳转正常,该类元素共13个，当前第8个
2020-09-01 19:08:10,733 - basepage - INFO - Click back on current page.
2020-09-01 19:08:18,684 - 2 - INFO - 页面"变态手游公益服_bt手游变态服_无限元宝bt手游下载_BT手游中心-最笨下载"跳转正常,该类元素共13个，当前第9个
2020-09-01 19:08:19,182 - basepage - INFO - Click back on current page.
2020-09-01 19:08:27,085 - 2 - INFO - 页面"变态手游公益服_bt手游变态服_无限元宝bt手游下载_BT手游中心-最笨下载"跳转正常,该类元素共13个，当前第10个
2020-09-01 19:08:27,368 - basepage - INFO - Click back on current page.
2020-09-01 19:08:35,458 - 2 - INFO - 页面"变态手游公益服_bt手游变态服_无限元宝bt手游下载_BT手游中心-最笨下载"跳转正常,该类元素共13个，当前第11个
2020-09-01 19:08:35,952 - basepage - INFO - Click back on current page.
2020-09-01 19:08:43,793 - 2 - INFO - 页面"变态手游公益服_bt手游变态服_无限元宝bt手游下载_BT手游中心-最笨下载"跳转正常,该类元素共13个，当前第12个
2020-09-01 19:08:44,253 - basepage - INFO - Click back on current page.
2020-09-01 19:08:52,728 - 2 - INFO - 页面"变态手游公益服_bt手游变态服_无限元宝bt手游下载_BT手游中心-最笨下载"跳转正常,该类元素共13个，当前第13个
2020-09-01 19:08:53,004 - basepage - INFO - Click back on current page.
2020-09-01 19:09:01,377 - 2 - INFO - 页面"格斗之皇（送328充值）_格斗之皇（送328充值）无限元宝服_SF变态版格斗之皇（送328充值）公益服下载 - 最笨下载"跳转正常,该类元素共18个，当前第1个
2020-09-01 19:09:07,535 - 2 - INFO - 页面"三界轮回（送千元充值）_三界轮回（送千元充值）无限元宝服_SF变态版三界轮回（送千元充值）公益服下载 - 最笨下载"跳转正常,该类元素共18个，当前第2个
2020-09-01 19:09:13,678 - 2 - INFO - 页面"风之幻想web（送1000充值）_风之幻想web（送1000充值）无限元宝服_SF变态版风之幻想web（送1000充值）公益服下载 - 最笨下载"跳转正常,该类元素共18个，当前第3个
2020-09-01 19:09:19,827 - 2 - INFO - 页面"渡劫（送海量寻宝）_渡劫（送海量寻宝）无限元宝服_SF变态版渡劫（送海量寻宝）公益服下载 - 最笨下载"跳转正常,该类元素共18个，当前第4个
2020-09-01 19:09:25,972 - 2 - INFO - 页面"口袋喵喵（海量特权）_口袋喵喵（海量特权）无限元宝服_SF变态版口袋喵喵（海量特权）公益服下载 - 最笨下载"跳转正常,该类元素共18个，当前第5个
2020-09-01 19:09:32,128 - 2 - INFO - 页面"幻世英雄（送1000充值）_幻世英雄（送1000充值）无限元宝服_SF变态版幻世英雄（送1000充值）公益服下载 - 最笨下载"跳转正常,该类元素共18个，当前第6个
2020-09-01 19:09:38,255 - 2 - INFO - 页面"泡面三国（送海量真充）_泡面三国（送海量真充）无限元宝服_SF变态版泡面三国（送海量真充）公益服下载 - 最笨下载"跳转正常,该类元素共18个，当前第7个
2020-09-01 19:09:44,400 - 2 - INFO - 页面"龙战于野（领VIP代金券）_龙战于野（领VIP代金券）无限元宝服_SF变态版龙战于野（领VIP代金券）公益服下载 - 最笨下载"跳转正常,该类元素共18个，当前第8个
2020-09-01 19:09:50,556 - 2 - INFO - 页面"神谕传奇（送千元充值）_神谕传奇（送千元充值）无限元宝服_SF变态版神谕传奇（送千元充值）公益服下载 - 最笨下载"跳转正常,该类元素共18个，当前第9个
2020-09-01 19:09:56,697 - 2 - INFO - 页面"成王败寇（送千元充值）_成王败寇（送千元充值）无限元宝服_SF变态版成王败寇（送千元充值）公益服下载 - 最笨下载"跳转正常,该类元素共18个，当前第10个
2020-09-01 19:10:02,846 - 2 - INFO - 页面"惊天战神（送千元充值）_惊天战神（送千元充值）无限元宝服_SF变态版惊天战神（送千元充值）公益服下载 - 最笨下载"跳转正常,该类元素共18个，当前第11个
2020-09-01 19:10:08,996 - 2 - INFO - 页面"迷城起源（送极品红宠）_迷城起源（送极品红宠）无限元宝服_SF变态版迷城起源（送极品红宠）公益服下载 - 最笨下载"跳转正常,该类元素共18个，当前第12个
2020-09-01 19:10:17,433 - 2 - INFO - 页面"斗转武林（爆海量充值卡）_斗转武林（爆海量充值卡）无限元宝服_SF变态版斗转武林（爆海量充值卡）公益服下载 - 最笨下载"跳转正常,该类元素共18个，当前第13个
2020-09-01 19:10:23,612 - 2 - INFO - 页面"小黑的宝藏（送海量充值）_小黑的宝藏（送海量充值）无限元宝服_SF变态版小黑的宝藏（送海量充值）公益服下载 - 最笨下载"跳转正常,该类元素共18个，当前第14个
2020-09-01 19:10:29,738 - 2 - INFO - 页面"小小三国志（送充值卡）_小小三国志（送充值卡）无限元宝服_SF变态版小小三国志（送充值卡）公益服下载 - 最笨下载"跳转正常,该类元素共18个，当前第15个
2020-09-01 19:10:35,874 - 2 - INFO - 页面"神谕传奇（送648充值）_神谕传奇（送648充值）无限元宝服_SF变态版神谕传奇（送648充值）公益服下载 - 最笨下载"跳转正常,该类元素共18个，当前第16个
2020-09-01 19:10:42,035 - 2 - INFO - 页面"天使圣域（欧皇海量抽）_天使圣域（欧皇海量抽）无限元宝服_SF变态版天使圣域（欧皇海量抽）公益服下载 - 最笨下载"跳转正常,该类元素共18个，当前第17个
2020-09-01 19:10:48,190 - 2 - INFO - 页面"斗罗大陆神界传说Ⅱ（天天送充值）_斗罗大陆神界传说Ⅱ（天天送充值）无限元宝服_SF变态版斗罗大陆神界传说Ⅱ（天天送充值）公益服下载 - 最笨下载"跳转正常,该类元素共18个，当前第18个
2020-09-01 19:10:55,237 - 2 - INFO - 页面"满vip版手游_手游sf送顶级vip_满级vip无限元宝手游下载-最笨下载"跳转正常,该类元素共13个，当前第1个
2020-09-01 19:10:55,527 - basepage - INFO - Click back on current page.
2020-09-01 19:11:03,276 - 2 - INFO - 页面"满vip版手游_手游sf送顶级vip_满级vip无限元宝手游下载-最笨下载"跳转正常,该类元素共13个，当前第2个
2020-09-01 19:11:03,753 - basepage - INFO - Click back on current page.
2020-09-01 19:11:11,543 - 2 - INFO - 页面"满vip版手游_手游sf送顶级vip_满级vip无限元宝手游下载-最笨下载"跳转正常,该类元素共13个，当前第3个
2020-09-01 19:11:12,060 - basepage - INFO - Click back on current page.
2020-09-01 19:11:19,931 - 2 - INFO - 页面"满vip版手游_手游sf送顶级vip_满级vip无限元宝手游下载-最笨下载"跳转正常,该类元素共13个，当前第4个
2020-09-01 19:11:20,207 - basepage - INFO - Click back on current page.
2020-09-01 19:11:28,055 - 2 - INFO - 页面"满vip版手游_手游sf送顶级vip_满级vip无限元宝手游下载-最笨下载"跳转正常,该类元素共13个，当前第5个
2020-09-01 19:11:28,508 - basepage - INFO - Click back on current page.
2020-09-01 19:11:36,666 - 2 - INFO - 页面"满vip版手游_手游sf送顶级vip_满级vip无限元宝手游下载-最笨下载"跳转正常,该类元素共13个，当前第6个
2020-09-01 19:11:37,146 - basepage - INFO - Click back on current page.
2020-09-01 19:11:44,858 - 2 - INFO - 页面"满vip版手游_手游sf送顶级vip_满级vip无限元宝手游下载-最笨下载"跳转正常,该类元素共13个，当前第7个
2020-09-01 19:11:45,138 - basepage - INFO - Click back on current page.
2020-09-01 19:11:52,299 - 2 - INFO - 页面"满vip版手游_手游sf送顶级vip_满级vip无限元宝手游下载-最笨下载"跳转正常,该类元素共13个，当前第8个
2020-09-01 19:11:52,837 - basepage - INFO - Click back on current page.
2020-09-01 19:12:00,654 - 2 - INFO - 页面"满vip版手游_手游sf送顶级vip_满级vip无限元宝手游下载-最笨下载"跳转正常,该类元素共13个，当前第9个
2020-09-01 19:12:01,177 - basepage - INFO - Click back on current page.
2020-09-01 19:12:09,010 - 2 - INFO - 页面"满vip版手游_手游sf送顶级vip_满级vip无限元宝手游下载-最笨下载"跳转正常,该类元素共13个，当前第10个
2020-09-01 19:12:09,301 - basepage - INFO - Click back on current page.
2020-09-01 19:12:17,067 - 2 - INFO - 页面"满vip版手游_手游sf送顶级vip_满级vip无限元宝手游下载-最笨下载"跳转正常,该类元素共13个，当前第11个
2020-09-01 19:12:17,559 - basepage - INFO - Click back on current page.
2020-09-01 19:12:25,292 - 2 - INFO - 页面"满vip版手游_手游sf送顶级vip_满级vip无限元宝手游下载-最笨下载"跳转正常,该类元素共13个，当前第12个
2020-09-01 19:12:25,773 - basepage - INFO - Click back on current page.
2020-09-01 19:12:34,132 - 2 - INFO - 页面"满vip版手游_手游sf送顶级vip_满级vip无限元宝手游下载-最笨下载"跳转正常,该类元素共13个，当前第13个
2020-09-01 19:12:34,429 - basepage - INFO - Click back on current page.
2020-09-01 19:12:42,823 - 2 - INFO - 页面"萌斗魏蜀吴（GM特权）_萌斗魏蜀吴（GM特权）无限元宝服_SF变态版萌斗魏蜀吴（GM特权）公益服下载 - 最笨下载"跳转正常,该类元素共18个，当前第1个
2020-09-01 19:12:48,976 - 2 - INFO - 页面"龙之剑圣（刷海量充值）_龙之剑圣（刷海量充值）无限元宝服_SF变态版龙之剑圣（刷海量充值）公益服下载 - 最笨下载"跳转正常,该类元素共18个，当前第2个
2020-09-01 19:12:55,121 - 2 - INFO - 页面"操戈天下（送海量元宝）_操戈天下（送海量元宝）无限元宝服_SF变态版操戈天下（送海量元宝）公益服下载 - 最笨下载"跳转正常,该类元素共18个，当前第3个
2020-09-01 19:13:01,286 - 2 - INFO - 页面"幻剑情缘（送千元充值）_幻剑情缘（送千元充值）无限元宝服_SF变态版幻剑情缘（送千元充值）公益服下载 - 最笨下载"跳转正常,该类元素共18个，当前第4个
2020-09-01 19:13:07,438 - 2 - INFO - 页面"影歌（海量打金特权）_影歌（海量打金特权）无限元宝服_SF变态版影歌（海量打金特权）公益服下载 - 最笨下载"跳转正常,该类元素共18个，当前第5个
2020-09-01 19:13:13,606 - 2 - INFO - 页面"闪将三国（送千元充值）_闪将三国（送千元充值）无限元宝服_SF变态版闪将三国（送千元充值）公益服下载 - 最笨下载"跳转正常,该类元素共18个，当前第6个
2020-09-01 19:13:19,757 - 2 - INFO - 页面"乱戳三国2（送GM特权）_乱戳三国2（送GM特权）无限元宝服_SF变态版乱戳三国2（送GM特权）公益服下载 - 最笨下载"跳转正常,该类元素共18个，当前第7个
2020-09-01 19:13:25,886 - 2 - INFO - 页面"吞噬苍穹（海量充值卡）_吞噬苍穹（海量充值卡）无限元宝服_SF变态版吞噬苍穹（海量充值卡）公益服下载 - 最笨下载"跳转正常,该类元素共18个，当前第8个
2020-09-01 19:13:32,022 - 2 - INFO - 页面"刀剑神魔录（1元商城特权）_刀剑神魔录（1元商城特权）无限元宝服_SF变态版刀剑神魔录（1元商城特权）公益服下载 - 最笨下载"跳转正常,该类元素共18个，当前第9个
2020-09-01 19:13:38,175 - 2 - INFO - 页面"乱世江湖（天天送充值）_乱世江湖（天天送充值）无限元宝服_SF变态版乱世江湖（天天送充值）公益服下载 - 最笨下载"跳转正常,该类元素共18个，当前第10个
2020-09-01 19:13:44,323 - 2 - INFO - 页面"王者战歌（送千元充值）_王者战歌（送千元充值）无限元宝服_SF变态版王者战歌（送千元充值）公益服下载 - 最笨下载"跳转正常,该类元素共18个，当前第11个
2020-09-01 19:13:50,465 - 2 - INFO - 页面"齐天记（海量资源特权）_齐天记（海量资源特权）无限元宝服_SF变态版齐天记（海量资源特权）公益服下载 - 最笨下载"跳转正常,该类元素共18个，当前第12个
2020-09-01 19:13:56,636 - 2 - INFO - 页面"征程三国（送百抽S神将）_征程三国（送百抽S神将）无限元宝服_SF变态版征程三国（送百抽S神将）公益服下载 - 最笨下载"跳转正常,该类元素共18个，当前第13个
2020-09-01 19:14:02,789 - 2 - INFO - 页面"机甲战纪（送GM特权）_机甲战纪（送GM特权）无限元宝服_SF变态版机甲战纪（送GM特权）公益服下载 - 最笨下载"跳转正常,该类元素共18个，当前第14个
2020-09-01 19:14:08,960 - 2 - INFO - 页面"星星喵（送千元充值）_星星喵（送千元充值）无限元宝服_SF变态版星星喵（送千元充值）公益服下载 - 最笨下载"跳转正常,该类元素共18个，当前第15个
2020-09-01 19:14:15,116 - 2 - INFO - 页面"轩辕剑群侠传（商城特权）_轩辕剑群侠传（商城特权）无限元宝服_SF变态版轩辕剑群侠传（商城特权）公益服下载 - 最笨下载"跳转正常,该类元素共18个，当前第16个
2020-09-01 19:14:21,282 - 2 - INFO - 页面"大秦之帝国崛起（送法拉利）_大秦之帝国崛起（送法拉利）无限元宝服_SF变态版大秦之帝国崛起（送法拉利）公益服下载 - 最笨下载"跳转正常,该类元素共18个，当前第17个
2020-09-01 19:14:27,474 - 2 - INFO - 页面"进击的少女（闯关爆充值）_进击的少女（闯关爆充值）无限元宝服_SF变态版进击的少女（闯关爆充值）公益服下载 - 最笨下载"跳转正常,该类元素共18个，当前第18个
2020-09-01 19:14:34,299 - 2 - INFO - 页面"【苹果益智休闲游戏】好玩的iPhone益智休闲游戏大全_iPhone益智休闲类游戏下载-最笨下载"跳转正常,该类元素共16个，当前第1个
2020-09-01 19:14:34,580 - basepage - INFO - Click back on current page.
2020-09-01 19:14:42,052 - 2 - INFO - 页面"【苹果其他游戏】好玩的iphone其他游戏大全_iphone其他类游戏下载-最笨下载"跳转正常,该类元素共16个，当前第2个
2020-09-01 19:14:42,505 - basepage - INFO - Click back on current page.
2020-09-01 19:14:49,677 - 2 - INFO - 页面"【苹果音乐游戏】好玩的iphone音乐游戏大全_iphone音乐类游戏下载-最笨下载"跳转正常,该类元素共16个，当前第3个
2020-09-01 19:14:49,912 - basepage - INFO - Click back on current page.
2020-09-01 19:14:57,373 - 2 - INFO - 页面"【苹果网络游戏】好玩的iphone网络游戏大全_iphone网络类游戏下载-最笨下载"跳转正常,该类元素共16个，当前第4个
2020-09-01 19:14:57,609 - basepage - INFO - Click back on current page.
2020-09-01 19:15:04,930 - 2 - INFO - 页面"【苹果格斗游戏】好玩的iPhone格斗游戏大全_iPhone格斗类游戏下载-最笨下载"跳转正常,该类元素共16个，当前第5个
2020-09-01 19:15:05,339 - basepage - INFO - Click back on current page.
2020-09-01 19:15:12,683 - 2 - INFO - 页面"【苹果飞行游戏】好玩的iPhone飞行游戏大全_iPhone飞行类游戏下载-最笨下载"跳转正常,该类元素共16个，当前第6个
2020-09-01 19:15:12,962 - basepage - INFO - Click back on current page.
2020-09-01 19:15:20,037 - 2 - INFO - 页面"【苹果体育运动游戏】好玩的iPhone体育运动游戏大全_iPhone体育运动类游戏下载-最笨下载"跳转正常,该类元素共16个，当前第7个
2020-09-01 19:15:20,298 - basepage - INFO - Click back on current page.
2020-09-01 19:15:27,898 - 2 - INFO - 页面"【苹果模拟经营游戏】好玩的iPhone模拟经营游戏大全_iPhone模拟经营类游戏下载-最笨下载"跳转正常,该类元素共16个，当前第8个
2020-09-01 19:15:28,343 - basepage - INFO - Click back on current page.
2020-09-01 19:15:35,551 - 2 - INFO - 页面"【苹果策略游戏】好玩的iphone策略游戏大全_iphone策略类游戏下载-最笨下载"跳转正常,该类元素共16个，当前第9个
2020-09-01 19:15:35,832 - basepage - INFO - Click back on current page.
2020-09-01 19:15:43,016 - 2 - INFO - 页面"【苹果塔防游戏】好玩的iphone塔防游戏大全_iphone塔防类游戏下载-最笨下载"跳转正常,该类元素共16个，当前第10个
2020-09-01 19:15:43,244 - basepage - INFO - Click back on current page.
2020-09-01 19:15:50,441 - 2 - INFO - 页面"【苹果解谜游戏】好玩的iphone解谜游戏大全_iphone解谜类游戏下载-最笨下载"跳转正常,该类元素共16个，当前第11个
2020-09-01 19:15:50,885 - basepage - INFO - Click back on current page.
2020-09-01 19:15:58,579 - 2 - INFO - 页面"【苹果射击游戏】好玩的iphone射击游戏大全_iphone射击类游戏下载-最笨下载"跳转正常,该类元素共16个，当前第12个
2020-09-01 19:15:58,998 - basepage - INFO - Click back on current page.
2020-09-01 19:16:06,168 - 2 - INFO - 页面"【苹果棋牌游戏】好玩的iphone棋牌游戏大全_iphone棋牌类游戏下载-最笨下载"跳转正常,该类元素共16个，当前第13个
2020-09-01 19:16:06,442 - basepage - INFO - Click back on current page.
2020-09-01 19:16:13,517 - 2 - INFO - 页面"【苹果赛车游戏】好玩的iPhone赛车游戏大全_iPhone赛车类游戏下载-最笨下载"跳转正常,该类元素共16个，当前第14个
2020-09-01 19:16:13,978 - basepage - INFO - Click back on current page.
2020-09-01 19:16:20,631 - 2 - INFO - 页面"【苹果角色扮演游戏】好玩的iphone角色扮演游戏_iPhone角色扮演类游戏下载-最笨下载"跳转正常,该类元素共16个，当前第15个
2020-09-01 19:16:20,890 - basepage - INFO - Click back on current page.
2020-09-01 19:16:27,741 - 2 - INFO - 页面"【安卓动作游戏】好玩的iPhone动作游戏大全_iPhone动作类游戏下载-最笨下载"跳转正常,该类元素共16个，当前第16个
2020-09-01 19:16:27,993 - basepage - INFO - Click back on current page.
2020-09-01 19:16:36,400 - 2 - INFO - 页面"真龙战魂（天天送元宝）ios版_真龙战魂（天天送元宝）ios版下载_真龙战魂（天天送元宝）ios版官方下载-最笨下载"跳转正常,该类元素共18个，当前第1个
2020-09-01 19:16:42,546 - 2 - INFO - 页面"魔域王牌（天天送抽卡）iOS版_魔域王牌（天天送抽卡）iOS版下载_魔域王牌（天天送抽卡）iOS版官方下载-最笨下载"跳转正常,该类元素共18个，当前第2个
2020-09-01 19:16:48,690 - 2 - INFO - 页面"冒险王2（送海量充值）ios版_冒险王2（送海量充值）ios版下载_冒险王2（送海量充值）ios版官方下载-最笨下载"跳转正常,该类元素共18个，当前第3个
2020-09-01 19:16:54,844 - 2 - INFO - 页面"恋三国（送百抽）ios版_恋三国（送百抽）ios版下载_恋三国（送百抽）ios版官方下载-最笨下载"跳转正常,该类元素共18个，当前第4个
2020-09-01 19:17:01,011 - 2 - INFO - 页面"屠龙世界（送GM特权）ios版_屠龙世界（送GM特权）ios版下载_屠龙世界（送GM特权）ios版官方下载-最笨下载"跳转正常,该类元素共18个，当前第5个
2020-09-01 19:17:07,137 - 2 - INFO - 页面"将军道（送百连海量抽）ios版_将军道（送百连海量抽）ios版下载_将军道（送百连海量抽）ios版官方下载-最笨下载"跳转正常,该类元素共18个，当前第6个
2020-09-01 19:17:13,294 - 2 - INFO - 页面"塔防镇魂师（送328代金券）ios版_塔防镇魂师（送328代金券）ios版下载_塔防镇魂师（送328代金券）ios版官方下载-最笨下载"跳转正常,该类元素共18个，当前第7个
2020-09-01 19:17:19,436 - 2 - INFO - 页面"乱斗三国ios版_乱斗三国ios版下载_乱斗三国ios版官方下载-最笨下载"跳转正常,该类元素共18个，当前第8个
2020-09-01 19:17:25,572 - 2 - INFO - 页面"兵器少女（无门槛送充）ios版_兵器少女（无门槛送充）ios版下载_兵器少女（无门槛送充）ios版官方下载-最笨下载"跳转正常,该类元素共18个，当前第9个
2020-09-01 19:17:31,711 - 2 - INFO - 页面"猎手之王ios版_猎手之王ios版下载_猎手之王ios版官方下载-最笨下载"跳转正常,该类元素共18个，当前第10个
2020-09-01 19:17:37,855 - 2 - INFO - 页面"古墓迷城ios版_古墓迷城ios版下载_古墓迷城ios版官方下载-最笨下载"跳转正常,该类元素共18个，当前第11个
2020-09-01 19:17:44,003 - 2 - INFO - 页面"国战纪元ios版_国战纪元ios版下载_国战纪元ios版官方下载-最笨下载"跳转正常,该类元素共18个，当前第12个
2020-09-01 19:17:50,152 - 2 - INFO - 页面"天诀ios版_天诀ios版下载_天诀ios版官方下载-最笨下载"跳转正常,该类元素共18个，当前第13个
2020-09-01 19:17:56,281 - 2 - INFO - 页面"仙剑缘（星耀特权）ios版_仙剑缘（星耀特权）ios版下载_仙剑缘（星耀特权）ios版官方下载-最笨下载"跳转正常,该类元素共18个，当前第14个
2020-09-01 19:18:02,420 - 2 - INFO - 页面"九灵神域ios版_九灵神域ios版下载_九灵神域ios版官方下载-最笨下载"跳转正常,该类元素共18个，当前第15个
2020-09-01 19:18:08,573 - 2 - INFO - 页面"天之命（海量特权）ios版_天之命（海量特权）ios版下载_天之命（海量特权）ios版官方下载-最笨下载"跳转正常,该类元素共18个，当前第16个
2020-09-01 19:18:14,735 - 2 - INFO - 页面"魔剑侠缘（星耀特权）ios版_魔剑侠缘（星耀特权）ios版下载_魔剑侠缘（星耀特权）ios版官方下载-最笨下载"跳转正常,该类元素共18个，当前第17个
2020-09-01 19:18:20,917 - 2 - INFO - 页面"仙灵世界（复古绿色服）ios版_仙灵世界（复古绿色服）ios版下载_仙灵世界（复古绿色服）ios版官方下载-最笨下载"跳转正常,该类元素共18个，当前第18个
2020-09-01 19:18:38,661 - 2 - INFO - 页面"ios无限元宝的手游"跳转正常,该类元素共4个，当前第1个
2020-09-01 19:18:39,120 - basepage - INFO - Click back on current page.
2020-09-01 19:18:45,908 - 2 - INFO - 页面"gm手游助手ios"跳转正常,该类元素共4个，当前第2个
2020-09-01 19:18:46,144 - basepage - INFO - Click back on current page.
2020-09-01 19:18:55,581 - 2 - INFO - 页面"ios变态服游戏"跳转正常,该类元素共4个，当前第3个
2020-09-01 19:18:55,790 - basepage - INFO - Click back on current page.
2020-09-01 19:19:12,515 - 2 - INFO - 页面"ios看小说神器"跳转正常,该类元素共4个，当前第4个
2020-09-01 19:19:12,927 - basepage - INFO - Click back on current page.
2020-09-01 19:19:20,095 - 2 - INFO - 页面"【最笨周末活动】暑期特惠，月末活动"跳转正常,该类元素共4个，当前第1个
2020-09-01 19:19:20,312 - basepage - INFO - Click back on current page.
2020-09-01 19:19:25,606 - 2 - INFO - 页面"【最笨福利活动】本周8.22-23周末手游公益服超值"跳转正常,该类元素共4个，当前第2个
2020-09-01 19:19:25,855 - basepage - INFO - Click back on current page.
2020-09-01 19:19:30,545 - 2 - INFO - 页面"【最笨周末活动】8.14周末活动壕礼送不停"跳转正常,该类元素共4个，当前第3个
2020-09-01 19:19:30,759 - basepage - INFO - Click back on current page.
2020-09-01 19:19:36,226 - 2 - INFO - 页面"【最笨周末活动】8.7周末活动海量惊喜等你来拿"跳转正常,该类元素共4个，当前第4个
2020-09-01 19:19:36,455 - basepage - INFO - Click back on current page.
2020-09-01 19:19:42,558 - 2 - INFO - 页面"什么软件可以下载游戏破解版"跳转正常,该类元素共20个，当前第1个
2020-09-01 19:19:48,712 - 2 - INFO - 页面"跟男生聊天有哪些软件"跳转正常,该类元素共20个，当前第2个
2020-09-01 19:19:54,861 - 2 - INFO - 页面"无广告看书全免费软件哪个好"跳转正常,该类元素共20个，当前第3个
2020-09-01 19:20:01,021 - 2 - INFO - 页面"回复女朋友的软件叫什么"跳转正常,该类元素共20个，当前第4个
2020-09-01 19:20:07,160 - 2 - INFO - 页面"抖音聊天的软件叫什么"跳转正常,该类元素共20个，当前第5个
2020-09-01 19:20:13,318 - 2 - INFO - 页面"lol9月幸运召唤师入口在哪-幸运召唤师9月活动地"跳转正常,该类元素共20个，当前第6个
2020-09-01 19:20:19,458 - 2 - INFO - 页面"火影忍者手游2020九月高招s是谁-九月高招s2020"跳转正常,该类元素共20个，当前第7个
2020-09-01 19:20:25,605 - 2 - INFO - 页面"王者荣耀王昭君怎么连招-王昭君技能连招攻略"跳转正常,该类元素共20个，当前第8个
2020-09-01 19:20:31,728 - 2 - INFO - 页面"新神魔大陆星矿怎么获得-星矿系统玩法详解"跳转正常,该类元素共20个，当前第9个
2020-09-01 19:20:37,880 - 2 - INFO - 页面"在哪下登山赛车2无限金币钻石-破解版无限金币下"跳转正常,该类元素共20个，当前第10个
2020-09-01 19:20:44,030 - 2 - INFO - 页面"撩妹情话的软件有什么-撩妹情话不用付费的软件"跳转正常,该类元素共20个，当前第11个
2020-09-01 19:20:50,171 - 2 - INFO - 页面"撩妹话术app破解版免费版-免费撩妹话术app破解版"跳转正常,该类元素共20个，当前第12个
2020-09-01 19:20:56,322 - 2 - INFO - 页面"跟女孩子的聊天技巧的app-教人和女孩聊天的软件"跳转正常,该类元素共20个，当前第13个
2020-09-01 19:21:02,488 - 2 - INFO - 页面"不会聊天用什么软件回答-高情商免费聊天回复神"跳转正常,该类元素共20个，当前第14个
2020-09-01 19:21:08,637 - 2 - INFO - 页面"变态手游游戏无限钻石元宝-手游变态版无限钻石"跳转正常,该类元素共20个，当前第15个
2020-09-01 19:21:14,788 - 2 - INFO - 页面"阴阳师9月神秘图案2020怎么画"跳转正常,该类元素共20个，当前第16个
2020-09-01 19:21:20,914 - 2 - INFO - 页面"LOL灵能特工莎弥拉皮肤多少钱"跳转正常,该类元素共20个，当前第17个
2020-09-01 19:21:27,054 - 2 - INFO - 页面"光遇雨妈发型怎么得"跳转正常,该类元素共20个，当前第18个
2020-09-01 19:21:33,202 - 2 - INFO - 页面"迷你世界农夫怎么做"跳转正常,该类元素共20个，当前第19个
2020-09-01 19:21:39,365 - 2 - INFO - 页面"一梦江湖哪个职业好2020"跳转正常,该类元素共20个，当前第20个
2020-09-01 19:21:45,498 - 2 - INFO - 页面"apk3安卓网-2020最新apk安卓游戏-热门apk软件下载平台"跳转正常,该类元素共34个，当前第1个
2020-09-01 19:21:51,622 - 2 - INFO - 页面"小游戏,在线小游戏,小游戏大全,双人小游戏,3199小游戏"跳转正常,该类元素共34个，当前第2个
2020-09-01 19:21:57,762 - 2 - INFO - 页面"中文网站排行榜_alexa排行 - 爱站网站排行榜"跳转正常,该类元素共34个，当前第3个
2020-09-01 19:22:03,895 - 2 - INFO - 页面"9号下载_下载软件_免费下载单机游戏_手机游戏下载大全"跳转正常,该类元素共34个，当前第4个
2020-09-01 19:22:39,609 - 2 - INFO - 页面"软件下载中心_绿色免费软件,手机游戏|软件下载,到超人软件站"跳转正常,该类元素共34个，当前第5个
2020-09-01 19:22:45,757 - 2 - INFO - 页面"系统圣地,绿色免费软件,手游下载等软件下载网站"跳转正常,该类元素共34个，当前第6个
2020-09-01 19:22:53,280 - 2 - INFO - 页面"腾讯手游助手官网，官网指定模拟器，海量游戏玩不停"跳转正常,该类元素共34个，当前第7个
2020-09-01 19:22:59,445 - 2 - INFO - 页面"好看小说推荐_热门小说大全_小说排行榜 - 玖陆文学"跳转正常,该类元素共34个，当前第8个
2020-09-01 19:23:05,602 - 2 - INFO - 页面"IE8 IE9 IE10 IE浏览器下载 - IE浏览器中文网站"跳转正常,该类元素共34个，当前第9个
2020-09-01 19:23:11,755 - 2 - INFO - 页面"bt手游平台_满v手游公益服_gm手游排行榜_3733游戏盒子官网"跳转正常,该类元素共34个，当前第10个
2020-09-01 19:23:18,606 - 2 - INFO - 页面"bt公益服变态手游排行榜前十名[新开公测热门+在线人多+免费大型网游]新开最热门好玩人气高的网络游戏有什么_安卓苹果ios客户端游戏下载大全_8979游戏官网"跳转正常,该类元素共34个，当前第11个
2020-09-01 19:23:24,756 - 2 - INFO - 页面"【破解版手机游戏】手机破解游戏下载_安卓手机游戏破解版下载大全-最笨下载"跳转正常,该类元素共34个，当前第12个
2020-09-01 19:23:30,931 - 2 - INFO - 页面"windows10系统之家 - 系统之家提供win10专业版,ISO镜像,企业版等win10系统下载"跳转正常,该类元素共34个，当前第13个
2020-09-01 19:23:37,109 - 2 - INFO - 页面"39整形美容_中国专业医学整形美容门户"跳转正常,该类元素共34个，当前第14个
2020-09-01 19:23:43,243 - 2 - INFO - 页面"零度软件园_官方软件下载_绿色软件_游戏下载_值得信赖的下载站！"跳转正常,该类元素共34个，当前第15个
2020-09-01 19:23:56,404 - 2 - INFO - 页面"单机游戏_单机游戏下载大全中文版下载_好玩的单机游戏下载基地 - 99单机游戏"跳转正常,该类元素共34个，当前第16个
2020-09-01 19:24:03,508 - 2 - INFO - 页面"安卓市场_安卓游戏破解版下载_单机破解版游戏大全_手机网游下载"跳转正常,该类元素共34个，当前第17个
2020-09-01 19:24:32,115 - 2 - INFO - 页面"手机游戏下载-手机软件下载-电脑软件下载-小黑游戏"跳转正常,该类元素共34个，当前第18个
2020-09-01 19:24:38,255 - 2 - INFO - 页面"手机游戏_手机游戏排行榜_好玩的手机游戏_安卓手机游戏推荐_易玩网"跳转正常,该类元素共34个，当前第19个
2020-09-01 19:24:44,391 - 2 - INFO - 页面"手机游戏_好玩的手机游戏下载_手机游戏排行榜-游戏吧"跳转正常,该类元素共34个，当前第20个
2020-09-01 19:24:52,090 - 2 - INFO - 页面"免费手机游戏_好玩的单机游戏_安卓破解版游戏下载_apk8安卓网"跳转正常,该类元素共34个，当前第21个
2020-09-01 19:24:58,262 - 2 - INFO - 页面"免费手机游戏_好玩的单机游戏_安卓破解版游戏下载_apk8安卓网"跳转正常,该类元素共34个，当前第22个
2020-09-01 19:25:04,409 - 2 - INFO - 页面"安卓破解版游戏下载_单机手机破解游戏大全_免费游戏破解版下载-最笨下载"跳转正常,该类元素共34个，当前第23个
2020-09-01 19:25:10,556 - 2 - INFO - 页面"app.3987.com"跳转正常,该类元素共34个，当前第24个
2020-09-01 19:25:16,644 - 2 - INFO - 页面"可可出招表-流星蝴蝶剑出招表-拳皇97出招表-手机游戏-绿色软件下载"跳转正常,该类元素共34个，当前第25个
2020-09-01 19:25:23,412 - 2 - INFO - 页面"爪游控 | 新锐综合资讯媒体"跳转正常,该类元素共34个，当前第26个
2020-09-01 19:25:29,579 - 2 - INFO - 页面"3733游戏盒官网_bt游戏_满vip手游_gm手游大全_破解游戏盒子下载"跳转正常,该类元素共34个，当前第27个
2020-09-01 19:25:35,740 - 2 - INFO - 页面"绿色免费电脑软件下载_手机软件游戏下载中心-520下载站"跳转正常,该类元素共34个，当前第28个
2020-09-01 19:25:44,221 - 2 - INFO - 页面"免费大型经典安卓破解版单机游戏下载排行榜_手机最火爆最新出热门好玩人气高3DBT网络游戏有什么_破解游戏盒子软件大全-下载多"跳转正常,该类元素共34个，当前第29个
2020-09-01 19:25:50,379 - 2 - INFO - 页面"3733游戏盒官网_bt游戏_满vip手游_gm手游大全_破解游戏盒子下载"跳转正常,该类元素共34个，当前第30个
2020-09-01 19:25:59,500 - 2 - INFO - 页面"VR之家_专业VR游戏软件下载网站_VR应用_VR电影_VR视频_VR资源-VR之家"跳转正常,该类元素共34个，当前第31个
2020-09-01 19:26:05,639 - 2 - INFO - 页面"手机玩_免费安卓手机游戏_安卓游戏破解版下载_破解游戏盒子下载"跳转正常,该类元素共34个，当前第32个
2020-09-01 19:26:11,791 - 2 - INFO - 页面"gm手游平台_gm手游盒子_gm版手游下载_3733游戏官网"跳转正常,该类元素共34个，当前第33个
2020-09-01 19:26:25,349 - 2 - INFO - 页面"gm手游平台_gm版无限元宝手游_gm手游盒子下载_gm助手官网"跳转正常,该类元素共34个，当前第34个
2020-09-01 19:26:31,217 - 2 - INFO - 进入"游戏"模块，将执行随机函数
2020-09-01 19:26:33,745 - 2 - INFO - 随机页面"魔龙诀（全屏爆宝）"跳转正常，当前第1个
2020-09-01 19:26:33,869 - basepage - INFO - Click back on current page.
2020-09-01 19:26:38,282 - 2 - INFO - 随机页面"仙风道骨（送GM海量充）"跳转正常，当前第2个
2020-09-01 19:26:38,401 - basepage - INFO - Click back on current page.
2020-09-01 19:26:42,698 - 2 - INFO - 随机页面"九曲封神（送海量充值）"跳转正常，当前第3个
2020-09-01 19:26:42,815 - basepage - INFO - Click back on current page.
2020-09-01 19:26:47,115 - 2 - INFO - 随机页面"仙风道骨（送GM海量充）"跳转正常，当前第1个
2020-09-01 19:26:47,218 - basepage - INFO - Click back on current page.
2020-09-01 19:26:51,529 - 2 - INFO - 随机页面"女神联盟2（送500充值）"跳转正常，当前第2个
2020-09-01 19:26:51,662 - basepage - INFO - Click back on current page.
2020-09-01 19:26:55,951 - 2 - INFO - 随机页面"凡人飞仙传（六界纷争）"跳转正常，当前第3个
2020-09-01 19:26:56,068 - basepage - INFO - Click back on current page.
2020-09-01 19:27:01,190 - 2 - INFO - 进入"应用"模块，将执行随机函数
2020-09-01 19:27:03,541 - 2 - INFO - 随机页面"脱单大师"跳转正常，当前第1个
2020-09-01 19:27:03,675 - basepage - INFO - Click back on current page.
2020-09-01 19:27:08,004 - 2 - INFO - 随机页面"爱情套路"跳转正常，当前第2个
2020-09-01 19:27:08,117 - basepage - INFO - Click back on current page.
2020-09-01 19:27:12,411 - 2 - INFO - 随机页面"破解游戏盒子"跳转正常，当前第3个
2020-09-01 19:27:12,550 - basepage - INFO - Click back on current page.
2020-09-01 19:27:16,911 - 2 - INFO - 随机页面"恋爱话术"跳转正常，当前第1个
2020-09-01 19:27:17,012 - basepage - INFO - Click back on current page.
2020-09-01 19:27:21,335 - 2 - INFO - 随机页面"gm游戏盒"跳转正常，当前第2个
2020-09-01 19:27:21,445 - basepage - INFO - Click back on current page.
2020-09-01 19:27:28,777 - 2 - INFO - 随机页面"回复神器"跳转正常，当前第3个
2020-09-01 19:27:28,908 - basepage - INFO - Click back on current page.
2020-09-01 19:27:36,259 - 2 - INFO - 进入"资讯"模块，将执行随机函数
2020-09-01 19:27:39,111 - 2 - INFO - 随机页面"剑网3指尖江湖源明雅科举答案大全-源明雅科举题目答案汇总"跳转正常，当前第1个
2020-09-01 19:27:39,229 - basepage - INFO - Click back on current page.
2020-09-01 19:27:43,973 - 2 - INFO - 随机页面"LOL梦魇符文怎么点-梦魇符文加点推荐"跳转正常，当前第2个
2020-09-01 19:27:44,073 - basepage - INFO - Click back on current page.
2020-09-01 19:27:48,894 - 2 - INFO - 随机页面"未定事件簿许愿树怎么升级-许愿树升级攻略"跳转正常，当前第3个
2020-09-01 19:27:49,010 - basepage - INFO - Click back on current page.
2020-09-01 19:27:53,343 - 2 - INFO - 随机页面"神龙猎手（开局送万抽）"跳转正常，当前第1个
2020-09-01 19:27:53,451 - basepage - INFO - Click back on current page.
2020-09-01 19:27:57,790 - 2 - INFO - 随机页面"少年群侠传（送千元充值）"跳转正常，当前第2个
2020-09-01 19:27:57,926 - basepage - INFO - Click back on current page.
2020-09-01 19:28:02,279 - 2 - INFO - 随机页面"乱戳三国2（送GM特权）"跳转正常，当前第3个
2020-09-01 19:28:02,395 - basepage - INFO - Click back on current page.
2020-09-01 19:28:08,884 - 2 - INFO - 进入"专题"模块，将执行随机函数
2020-09-01 19:28:22,359 - 2 - INFO - 进入"电脑"模块，将执行随机函数
2020-09-01 19:28:24,792 - 2 - INFO - 随机页面"少年群侠传（送千元充值）"跳转正常，当前第1个
2020-09-01 19:28:24,896 - basepage - INFO - Click back on current page.
2020-09-01 19:28:29,208 - 2 - INFO - 随机页面"武器之王（满屏爆装）"跳转正常，当前第2个
2020-09-01 19:28:29,331 - basepage - INFO - Click back on current page.
2020-09-01 19:28:33,712 - 2 - INFO - 随机页面"仙风道骨（送GM海量充）"跳转正常，当前第3个
2020-09-01 19:28:33,816 - basepage - INFO - Click back on current page.
2020-09-01 19:28:40,529 - 2 - INFO - 进入"APP大全"模块，将执行随机函数
2020-09-01 19:28:44,616 - 2 - ERROR - 页面"有声小说软件"跳转异常,该类元素共16个，当前第1个
2020-09-01 19:28:50,935 - 2 - ERROR - 页面"阅读器"跳转异常,该类元素共16个，当前第2个
2020-09-01 19:28:57,256 - 2 - ERROR - 页面"小说软件"跳转异常,该类元素共16个，当前第3个
2020-09-01 19:29:03,599 - 2 - INFO - 页面"MMORPG"跳转正常,该类元素共16个，当前第4个
2020-09-01 19:29:09,692 - 2 - INFO - 页面"回复软件"跳转正常,该类元素共16个，当前第5个
2020-09-01 19:29:15,818 - 2 - INFO - 页面"聊天助手"跳转正常,该类元素共16个，当前第6个
2020-09-01 19:29:21,940 - 2 - INFO - 页面"撩妹软件"跳转正常,该类元素共16个，当前第7个
2020-09-01 19:29:28,043 - 2 - INFO - 页面"聊天话术"跳转正常,该类元素共16个，当前第8个
2020-09-01 19:29:34,131 - 2 - INFO - 页面"聊天app"跳转正常,该类元素共16个，当前第9个
2020-09-01 19:29:40,226 - 2 - INFO - 页面"聊天软件"跳转正常,该类元素共16个，当前第10个
2020-09-01 19:29:46,326 - 2 - INFO - 页面"蜜小助"跳转正常,该类元素共16个，当前第11个
2020-09-01 19:29:52,436 - 2 - INFO - 页面"土味情话"跳转正常,该类元素共16个，当前第12个
2020-09-01 19:29:58,530 - 2 - INFO - 页面"恋爱话术"跳转正常,该类元素共16个，当前第13个
2020-09-01 19:30:04,621 - 2 - INFO - 页面"RTS"跳转正常,该类元素共16个，当前第14个
2020-09-01 19:30:10,734 - 2 - INFO - 页面"横版"跳转正常,该类元素共16个，当前第15个
2020-09-01 19:30:16,850 - 2 - INFO - 页面"玄幻"跳转正常,该类元素共16个，当前第16个
2020-09-01 19:30:18,867 - basepage - INFO - zuiben自动化测试结束
