2020-09-04 18:20:06,802 - basepage - INFO - zuiben自动化测试开始
2020-09-04 18:20:06,807 - basepage - INFO - 隐性等待 10 秒
2020-09-04 18:20:12,590 - basepage - INFO - 跳转至https://www.zuiben.com/
2020-09-04 18:20:14,708 - basepage - INFO - 窗口已经最大化
2020-09-04 18:20:20,471 - 2 - INFO - 页面"【安卓游戏】好玩的安卓游戏下载_安卓游戏排行榜_安卓游戏免费下载大全-最笨下载"跳转正常,该类元素共21个，当前第1个
2020-09-04 18:20:20,727 - basepage - INFO - Click back on current page.
2020-09-04 18:20:24,985 - 2 - INFO - 页面"变态手游公益服_bt手游变态服_无限元宝bt手游下载_BT手游中心-最笨下载"跳转正常,该类元素共21个，当前第2个
2020-09-04 18:20:25,225 - basepage - INFO - Click back on current page.
2020-09-04 18:20:29,453 - 2 - INFO - 页面"gm版手游_无限元宝/钻石公益服_0元免费gm权限手游下载-最笨下载"跳转正常,该类元素共21个，当前第3个
2020-09-04 18:20:29,817 - basepage - INFO - Click back on current page.
2020-09-04 18:20:35,972 - 2 - INFO - 页面"【苹果游戏】iphone苹果手机游戏下载_iphone苹果游戏排行榜-最笨下载"跳转正常,该类元素共21个，当前第4个
2020-09-04 18:20:36,211 - basepage - INFO - Click back on current page.
2020-09-04 18:20:40,421 - 2 - INFO - 页面"满vip版手游_手游sf送顶级vip_满级vip无限元宝手游下载-最笨下载"跳转正常,该类元素共21个，当前第5个
2020-09-04 18:20:40,744 - basepage - INFO - Click back on current page.
2020-09-04 18:20:45,878 - 2 - INFO - 页面"【安卓软件】安卓软件下载_安卓手机软件下载_安卓软件免费下载大全-最笨下载"跳转正常,该类元素共21个，当前第6个
2020-09-04 18:20:46,089 - basepage - INFO - Click back on current page.
2020-09-04 18:20:51,911 - 2 - INFO - 页面"【苹果软件】iphone苹果下载软件_iphone苹果软件免费下载_苹果软件下载大全-最笨下载"跳转正常,该类元素共21个，当前第7个
2020-09-04 18:20:52,132 - basepage - INFO - Click back on current page.
2020-09-04 18:20:56,411 - 2 - INFO - 页面"【安卓资讯】安卓资讯推荐_安卓资讯大全-最笨下载"跳转正常,该类元素共21个，当前第8个
2020-09-04 18:20:56,640 - basepage - INFO - Click back on current page.
2020-09-04 18:21:00,868 - 2 - INFO - 页面"【安卓游戏攻略】安卓游戏攻略推荐_安卓游戏攻略大全-最笨下载"跳转正常,该类元素共21个，当前第9个
2020-09-04 18:21:01,262 - basepage - INFO - Click back on current page.
2020-09-04 18:21:05,761 - 2 - INFO - 页面"【安卓软件教程】安卓软件教程推荐_安卓软件教程大全-最笨下载"跳转正常,该类元素共21个，当前第10个
2020-09-04 18:21:05,972 - basepage - INFO - Click back on current page.
2020-09-04 18:21:10,335 - 2 - INFO - 页面"【iphone资讯】iphone资讯推荐_iphone资讯大全-最笨下载"跳转正常,该类元素共21个，当前第11个
2020-09-04 18:21:10,574 - basepage - INFO - Click back on current page.
2020-09-04 18:21:15,264 - 2 - INFO - 页面"【iPhone游戏攻略】iPhone游戏攻略推荐_iPhone游戏攻略大全-最笨下载"跳转正常,该类元素共21个，当前第12个
2020-09-04 18:21:15,508 - basepage - INFO - Click back on current page.
2020-09-04 18:21:19,794 - 2 - INFO - 页面"【系统重装教程】电脑重装系统教程_电脑怎么重装系统_重装系统步骤-最笨下载"跳转正常,该类元素共21个，当前第13个
2020-09-04 18:21:20,012 - basepage - INFO - Click back on current page.
2020-09-04 18:21:27,856 - 2 - INFO - 页面"安卓专题-最笨下载"跳转正常,该类元素共21个，当前第14个
2020-09-04 18:21:28,104 - basepage - INFO - Click back on current page.
2020-09-04 18:21:33,949 - 2 - INFO - 页面"游戏专题-最笨下载"跳转正常,该类元素共21个，当前第15个
2020-09-04 18:21:34,297 - basepage - INFO - Click back on current page.
2020-09-04 18:21:39,145 - 2 - INFO - 页面"苹果专题-最笨下载"跳转正常,该类元素共21个，当前第16个
2020-09-04 18:21:39,370 - basepage - INFO - Click back on current page.
2020-09-04 18:21:48,403 - 2 - INFO - 页面"【电脑软件】电脑软件下载_电脑装机必备软件_电脑常用软件下载_电脑软件大全-最笨下载"跳转正常,该类元素共21个，当前第17个
2020-09-04 18:21:48,807 - basepage - INFO - Click back on current page.
2020-09-04 18:21:54,017 - 2 - INFO - 页面"【电脑软件】电脑软件下载_电脑装机必备软件_电脑常用软件下载_电脑软件大全-最笨下载"跳转正常,该类元素共21个，当前第18个
2020-09-04 18:21:54,243 - basepage - INFO - Click back on current page.
2020-09-04 18:22:01,378 - 2 - INFO - 页面"【激活工具】激活windows工具_万能激活工具_windows激活工具下载_自动激活工具-最笨下载"跳转正常,该类元素共21个，当前第19个
2020-09-04 18:22:01,933 - basepage - INFO - Click back on current page.
2020-09-04 18:23:22,175 - 2 - INFO - 页面"【系统重装教程】电脑重装系统教程_电脑怎么重装系统_重装系统步骤-最笨下载"跳转正常,该类元素共21个，当前第20个
2020-09-04 18:23:22,391 - basepage - INFO - Click back on current page.
2020-09-04 18:23:26,560 - 2 - INFO - 页面"【系统重装教程】电脑重装系统教程_电脑怎么重装系统_重装系统步骤-最笨下载"跳转正常,该类元素共21个，当前第21个
2020-09-04 18:23:29,557 - basepage - INFO - Click back on current page.
2020-09-04 18:23:37,431 - 2 - INFO - 页面"家庭教师OL手游"跳转正常,该类元素共10个，当前第1个
2020-09-04 18:23:43,550 - 2 - INFO - 页面"魔女骑士团手游"跳转正常,该类元素共10个，当前第2个
2020-09-04 18:23:49,671 - 2 - INFO - 页面"决胜足球手游"跳转正常,该类元素共10个，当前第3个
2020-09-04 18:23:55,790 - 2 - INFO - 页面"少女战争手游"跳转正常,该类元素共10个，当前第4个
2020-09-04 18:24:01,911 - 2 - INFO - 页面"天神战（魔灵特权）"跳转正常,该类元素共10个，当前第5个
2020-09-04 18:24:08,026 - 2 - INFO - 页面"最Q幻想手游"跳转正常,该类元素共10个，当前第6个
2020-09-04 18:24:14,148 - 2 - INFO - 页面"回到三国志手游"跳转正常,该类元素共10个，当前第7个
2020-09-04 18:24:20,273 - 2 - INFO - 页面"幻游猎人手游"跳转正常,该类元素共10个，当前第8个
2020-09-04 18:24:26,391 - 2 - INFO - 页面"王者荣耀"跳转正常,该类元素共10个，当前第9个
2020-09-04 18:24:32,514 - 2 - INFO - 页面"公主连结手游"跳转正常,该类元素共10个，当前第10个
2020-09-04 18:24:38,646 - 2 - INFO - 页面"魔侠传（开服送2000充）"跳转正常,该类元素共20个，当前第1个
2020-09-04 18:24:44,770 - 2 - INFO - 页面"仙风道骨（送GM海量充）"跳转正常,该类元素共20个，当前第2个
2020-09-04 18:24:50,910 - 2 - INFO - 页面"少年群侠传（送千元充值）"跳转正常,该类元素共20个，当前第3个
2020-09-04 18:24:57,079 - 2 - INFO - 页面"仙灵世界（送海量连抽）"跳转正常,该类元素共20个，当前第4个
2020-09-04 18:25:03,212 - 2 - INFO - 页面"不思议地下城（百抽特权）"跳转正常,该类元素共20个，当前第5个
2020-09-04 18:25:09,344 - 2 - INFO - 页面"妖神记（抽动漫周边）"跳转正常,该类元素共20个，当前第6个
2020-09-04 18:25:15,489 - 2 - INFO - 页面"魔龙诀（全屏爆宝）"跳转正常,该类元素共20个，当前第7个
2020-09-04 18:25:21,634 - 2 - INFO - 页面"天天怼三国（送千元充值）"跳转正常,该类元素共20个，当前第8个
2020-09-04 18:25:27,766 - 2 - INFO - 页面"剑侠风云（送海量充值）"跳转正常,该类元素共20个，当前第9个
2020-09-04 18:25:33,922 - 2 - INFO - 页面"小小三国志（送充值卡）"跳转正常,该类元素共20个，当前第10个
2020-09-04 18:25:40,072 - 2 - INFO - 页面"机甲战纪（送GM特权）"跳转正常,该类元素共20个，当前第11个
2020-09-04 18:25:46,247 - 2 - INFO - 页面"无敌战舰（送百元充值）"跳转正常,该类元素共20个，当前第12个
2020-09-04 18:25:52,387 - 2 - INFO - 页面"大话许仙（钱庄特权）"跳转正常,该类元素共20个，当前第13个
2020-09-04 18:25:58,543 - 2 - INFO - 页面"异能勇者"跳转正常,该类元素共20个，当前第14个
2020-09-04 18:26:04,683 - 2 - INFO - 页面"崩坏西游（送1688元充值）"跳转正常,该类元素共20个，当前第15个
2020-09-04 18:26:10,804 - 2 - INFO - 页面"武动九天（GM免费特权）"跳转正常,该类元素共20个，当前第16个
2020-09-04 18:26:16,966 - 2 - INFO - 页面"冒险之旅（百抽特权）"跳转正常,该类元素共20个，当前第17个
2020-09-04 18:26:23,147 - 2 - INFO - 页面"仙语奇缘（海量特权）"跳转正常,该类元素共20个，当前第18个
2020-09-04 18:26:29,278 - 2 - INFO - 页面"莽荒纪（海量充值卡）"跳转正常,该类元素共20个，当前第19个
2020-09-04 18:26:35,420 - 2 - INFO - 页面"纵剑仙界（送VIP代金券）"跳转正常,该类元素共20个，当前第20个
2020-09-04 18:26:43,378 - 2 - INFO - 页面"魔侠传（开服送2000充）"跳转正常,该类元素共10个，当前第1个
2020-09-04 18:26:49,521 - 2 - INFO - 页面"仙风道骨（送GM海量充）"跳转正常,该类元素共10个，当前第2个
2020-09-04 18:26:55,661 - 2 - INFO - 页面"少年群侠传（送千元充值）"跳转正常,该类元素共10个，当前第3个
2020-09-04 18:27:01,824 - 2 - INFO - 页面"仙灵世界（送海量连抽）"跳转正常,该类元素共10个，当前第4个
2020-09-04 18:27:07,988 - 2 - INFO - 页面"不思议地下城（百抽特权）"跳转正常,该类元素共10个，当前第5个
2020-09-04 18:27:14,138 - 2 - INFO - 页面"妖神记（抽动漫周边）"跳转正常,该类元素共10个，当前第6个
2020-09-04 18:27:20,257 - 2 - INFO - 页面"魔龙诀（全屏爆宝）"跳转正常,该类元素共10个，当前第7个
2020-09-04 18:27:26,383 - 2 - INFO - 页面"天天怼三国（送千元充值）"跳转正常,该类元素共10个，当前第8个
2020-09-04 18:27:32,512 - 2 - INFO - 页面"剑侠风云（送海量充值）"跳转正常,该类元素共10个，当前第9个
2020-09-04 18:27:38,638 - 2 - INFO - 页面"小小三国志（送充值卡）"跳转正常,该类元素共10个，当前第10个
2020-09-04 18:27:44,771 - 2 - INFO - 页面"魔侠传（开服送2000充）"跳转正常,该类元素共20个，当前第1个
2020-09-04 18:27:50,892 - 2 - INFO - 页面"仙风道骨（送GM海量充）"跳转正常,该类元素共20个，当前第2个
2020-09-04 18:27:57,031 - 2 - INFO - 页面"武器之王（满屏爆装）"跳转正常,该类元素共20个，当前第3个
2020-09-04 18:28:03,186 - 2 - INFO - 页面"凡人飞仙传（六界纷争）"跳转正常,该类元素共20个，当前第4个
2020-09-04 18:28:09,335 - 2 - INFO - 页面"少年群侠传（送千元充值）"跳转正常,该类元素共20个，当前第5个
2020-09-04 18:28:15,481 - 2 - INFO - 页面"神龙猎手（开局送万抽）"跳转正常,该类元素共20个，当前第6个
2020-09-04 18:28:21,610 - 2 - INFO - 页面"仙灵世界（送海量连抽）"跳转正常,该类元素共20个，当前第7个
2020-09-04 18:28:27,748 - 2 - INFO - 页面"怒火一刀（天天送充值）"跳转正常,该类元素共20个，当前第8个
2020-09-04 18:28:33,890 - 2 - INFO - 页面"女神联盟2（送500充值）"跳转正常,该类元素共20个，当前第9个
2020-09-04 18:28:40,027 - 2 - INFO - 页面"乱戳三国2（送GM特权）"跳转正常,该类元素共20个，当前第10个
2020-09-04 18:28:46,166 - 2 - INFO - 页面"烈火战神（满屏福利）"跳转正常,该类元素共20个，当前第11个
2020-09-04 18:28:52,300 - 2 - INFO - 页面"九曲封神（送海量充值）"跳转正常,该类元素共20个，当前第12个
2020-09-04 18:28:58,429 - 2 - INFO - 页面"不思议地下城（百抽特权）"跳转正常,该类元素共20个，当前第13个
2020-09-04 18:29:04,565 - 2 - INFO - 页面"妖神记（抽动漫周边）"跳转正常,该类元素共20个，当前第14个
2020-09-04 18:29:10,698 - 2 - INFO - 页面"魔龙诀（全屏爆宝）"跳转正常,该类元素共20个，当前第15个
2020-09-04 18:29:16,815 - 2 - INFO - 页面"天天怼三国（送千元充值）"跳转正常,该类元素共20个，当前第16个
2020-09-04 18:29:22,936 - 2 - INFO - 页面"乱世江湖（天天送充值）"跳转正常,该类元素共20个，当前第17个
2020-09-04 18:29:29,101 - 2 - INFO - 页面"传奇盛世（高返定制服）"跳转正常,该类元素共20个，当前第18个
2020-09-04 18:29:35,265 - 2 - INFO - 页面"黑暗与荣耀（送史诗宠物）"跳转正常,该类元素共20个，当前第19个
2020-09-04 18:29:46,625 - 2 - INFO - 页面"剑侠风云（送海量充值）"跳转正常,该类元素共20个，当前第20个
2020-09-04 18:29:54,562 - 2 - INFO - 页面"魔侠传（开服送2000充）"跳转正常,该类元素共10个，当前第1个
2020-09-04 18:30:00,686 - 2 - INFO - 页面"仙风道骨（送GM海量充）"跳转正常,该类元素共10个，当前第2个
2020-09-04 18:30:06,808 - 2 - INFO - 页面"少年群侠传（送千元充值）"跳转正常,该类元素共10个，当前第3个
2020-09-04 18:30:12,961 - 2 - INFO - 页面"仙灵世界（送海量连抽）"跳转正常,该类元素共10个，当前第4个
2020-09-04 18:30:19,110 - 2 - INFO - 页面"不思议地下城（百抽特权）"跳转正常,该类元素共10个，当前第5个
2020-09-04 18:30:25,237 - 2 - INFO - 页面"妖神记（抽动漫周边）"跳转正常,该类元素共10个，当前第6个
2020-09-04 18:30:31,387 - 2 - INFO - 页面"魔龙诀（全屏爆宝）"跳转正常,该类元素共10个，当前第7个
2020-09-04 18:30:37,508 - 2 - INFO - 页面"天天怼三国（送千元充值）"跳转正常,该类元素共10个，当前第8个
2020-09-04 18:30:43,657 - 2 - INFO - 页面"剑侠风云（送海量充值）"跳转正常,该类元素共10个，当前第9个
2020-09-04 18:30:49,797 - 2 - INFO - 页面"小小三国志（送充值卡）"跳转正常,该类元素共10个，当前第10个
2020-09-04 18:30:55,973 - 2 - INFO - 页面"魔侠传（开服送2000充）"跳转正常,该类元素共20个，当前第1个
2020-09-04 18:31:02,125 - 2 - INFO - 页面"仙风道骨（送GM海量充）"跳转正常,该类元素共20个，当前第2个
2020-09-04 18:31:08,276 - 2 - INFO - 页面"武器之王（满屏爆装）"跳转正常,该类元素共20个，当前第3个
2020-09-04 18:31:14,421 - 2 - INFO - 页面"凡人飞仙传（六界纷争）"跳转正常,该类元素共20个，当前第4个
2020-09-04 18:31:20,548 - 2 - INFO - 页面"少年群侠传（送千元充值）"跳转正常,该类元素共20个，当前第5个
2020-09-04 18:31:26,683 - 2 - INFO - 页面"神龙猎手（开局送万抽）"跳转正常,该类元素共20个，当前第6个
2020-09-04 18:31:32,828 - 2 - INFO - 页面"仙灵世界（送海量连抽）"跳转正常,该类元素共20个，当前第7个
2020-09-04 18:31:38,976 - 2 - INFO - 页面"怒火一刀（天天送充值）"跳转正常,该类元素共20个，当前第8个
2020-09-04 18:31:45,145 - 2 - INFO - 页面"女神联盟2（送500充值）"跳转正常,该类元素共20个，当前第9个
2020-09-04 18:31:51,282 - 2 - INFO - 页面"乱戳三国2（送GM特权）"跳转正常,该类元素共20个，当前第10个
2020-09-04 18:31:57,424 - 2 - INFO - 页面"烈火战神（满屏福利）"跳转正常,该类元素共20个，当前第11个
2020-09-04 18:32:03,543 - 2 - INFO - 页面"九曲封神（送海量充值）"跳转正常,该类元素共20个，当前第12个
2020-09-04 18:32:09,689 - 2 - INFO - 页面"不思议地下城（百抽特权）"跳转正常,该类元素共20个，当前第13个
2020-09-04 18:32:15,854 - 2 - INFO - 页面"妖神记（抽动漫周边）"跳转正常,该类元素共20个，当前第14个
2020-09-04 18:32:22,009 - 2 - INFO - 页面"魔龙诀（全屏爆宝）"跳转正常,该类元素共20个，当前第15个
2020-09-04 18:32:28,173 - 2 - INFO - 页面"天天怼三国（送千元充值）"跳转正常,该类元素共20个，当前第16个
2020-09-04 18:32:34,315 - 2 - INFO - 页面"乱世江湖（天天送充值）"跳转正常,该类元素共20个，当前第17个
2020-09-04 18:32:40,451 - 2 - INFO - 页面"传奇盛世（高返定制服）"跳转正常,该类元素共20个，当前第18个
2020-09-04 18:32:46,618 - 2 - INFO - 页面"黑暗与荣耀（送史诗宠物）"跳转正常,该类元素共20个，当前第19个
2020-09-04 18:32:52,773 - 2 - INFO - 页面"剑侠风云（送海量充值）"跳转正常,该类元素共20个，当前第20个
2020-09-04 18:33:00,427 - 2 - INFO - 页面"《乱戳三国2（送GM特权）》创角即送：VIP18、30"跳转正常,该类元素共1个，当前第1个
2020-09-04 18:33:00,699 - basepage - INFO - Click back on current page.
2020-09-04 18:33:06,316 - 2 - INFO - 页面"《九曲封神（送海量充值）》上线就送VIP8，388"跳转正常,该类元素共1个，当前第1个
2020-09-04 18:33:06,544 - basepage - INFO - Click back on current page.
2020-09-04 18:33:12,421 - 2 - INFO - 页面"《武器之王（满屏爆装）》上线送VIP10，50万福利"跳转正常,该类元素共1个，当前第1个
2020-09-04 18:33:12,828 - basepage - INFO - Click back on current page.
2020-09-04 18:33:18,414 - 2 - INFO - 页面"《怒火一刀（天天送充值）》创角送满Vip，6888"跳转正常,该类元素共1个，当前第1个
2020-09-04 18:33:18,647 - basepage - INFO - Click back on current page.
2020-09-04 18:33:24,461 - 2 - ERROR - 页面"《凡人飞仙传（六界纷争）》上线赠送VIP8、元宝"跳转异常,该类元素共1个，当前第1个
2020-09-04 18:33:25,138 - basepage - INFO - Click back on current page.
2020-09-04 18:33:31,172 - 2 - INFO - 页面"【最笨周末活动】8.7 周末活动海量惊喜等你来拿"跳转正常,该类元素共1个，当前第1个
2020-09-04 18:33:31,446 - basepage - INFO - Click back on current page.
2020-09-04 18:33:36,254 - 2 - INFO - 页面"天祭（天天爆充值）"跳转正常,该类元素共12个，当前第1个
2020-09-04 18:33:36,514 - basepage - INFO - Click back on current page.
2020-09-04 18:33:40,921 - 2 - INFO - 页面"心动女生（送千元充值）"跳转正常,该类元素共12个，当前第2个
2020-09-04 18:33:41,146 - basepage - INFO - Click back on current page.
2020-09-04 18:33:45,550 - 2 - INFO - 页面"猎妖（送海量充值）"跳转正常,该类元素共12个，当前第3个
2020-09-04 18:33:45,780 - basepage - INFO - Click back on current page.
2020-09-04 18:33:50,238 - 2 - INFO - 页面"问鼎天下（海量送元宝）"跳转正常,该类元素共12个，当前第4个
2020-09-04 18:33:50,657 - basepage - INFO - Click back on current page.
2020-09-04 18:33:55,073 - 2 - INFO - 页面"小白不言弃（送百抽）"跳转正常,该类元素共12个，当前第5个
2020-09-04 18:33:55,311 - basepage - INFO - Click back on current page.
2020-09-04 18:33:59,734 - 2 - INFO - 页面"邪域战灵（送千元充值）"跳转正常,该类元素共12个，当前第6个
2020-09-04 18:34:00,148 - basepage - INFO - Click back on current page.
2020-09-04 18:34:04,574 - 2 - INFO - 页面"蜂之恋（送500充值）"跳转正常,该类元素共12个，当前第7个
2020-09-04 18:34:04,792 - basepage - INFO - Click back on current page.
2020-09-04 18:34:09,216 - 2 - INFO - 页面"捉妖手机（送万抽）"跳转正常,该类元素共12个，当前第8个
2020-09-04 18:34:09,591 - basepage - INFO - Click back on current page.
2020-09-04 18:34:14,155 - 2 - INFO - 页面"口袋高手（狂抽猛送特权）"跳转正常,该类元素共12个，当前第9个
2020-09-04 18:34:14,428 - basepage - INFO - Click back on current page.
2020-09-04 18:34:18,821 - 2 - INFO - 页面"传奇国度（天降红包）"跳转正常,该类元素共12个，当前第10个
2020-09-04 18:34:19,306 - basepage - INFO - Click back on current page.
2020-09-04 18:34:23,722 - 2 - INFO - 页面"圣剑神域（每日送真充）"跳转正常,该类元素共12个，当前第11个
2020-09-04 18:34:23,993 - basepage - INFO - Click back on current page.
2020-09-04 18:34:28,459 - 2 - INFO - 页面"女神竞技场（送SS女神）"跳转正常,该类元素共12个，当前第12个
2020-09-04 18:34:28,853 - basepage - INFO - Click back on current page.
2020-09-04 18:34:34,572 - 2 - INFO - 页面"魔兽世界怀旧服2020年6月7日人口普查一览"跳转正常,该类元素共2个，当前第1个
2020-09-04 18:34:34,843 - basepage - INFO - Click back on current page.
2020-09-04 18:34:41,572 - 2 - INFO - 页面"DNF萌噬噬宠物属性怎么样？萌噬噬属性介绍"跳转正常,该类元素共2个，当前第2个
2020-09-04 18:34:41,790 - basepage - INFO - Click back on current page.
2020-09-04 18:34:48,386 - 2 - INFO - 页面"剑与远征10w钻石兑换码是多少-10w钻石兑换码-最笨下载"跳转正常,该类元素共14个，当前第1个
2020-09-04 18:34:48,928 - basepage - INFO - Click back on current page.
2020-09-04 18:34:55,700 - 2 - INFO - 页面"剑与远征迷轨沙洲路线图-迷轨沙洲攻略-最笨下载"跳转正常,该类元素共14个，当前第2个
2020-09-04 18:34:55,976 - basepage - INFO - Click back on current page.
2020-09-04 18:35:02,583 - 2 - INFO - 页面"剑与远征十大后期英雄-后期英雄排行-最笨下载"跳转正常,该类元素共14个，当前第3个
2020-09-04 18:35:02,965 - basepage - INFO - Click back on current page.
2020-09-04 18:35:09,587 - 2 - INFO - 页面"剑与远征丛林秘境怎么拿神器-丛林秘境拿神器攻略-最笨下载"跳转正常,该类元素共14个，当前第4个
2020-09-04 18:35:09,858 - basepage - INFO - Click back on current page.
2020-09-04 18:35:16,555 - 2 - INFO - 页面"解神者长庚怎么玩-长庚玩法攻略-最笨下载"跳转正常,该类元素共14个，当前第5个
2020-09-04 18:35:17,066 - basepage - INFO - Click back on current page.
2020-09-04 18:35:23,663 - 2 - INFO - 页面"奥拉星手游魔神宝宝怎么样-魔神宝宝强度攻略-最笨下载"跳转正常,该类元素共14个，当前第6个
2020-09-04 18:35:23,893 - basepage - INFO - Click back on current page.
2020-09-04 18:35:30,550 - 2 - INFO - 页面"天涯明月刀手游背景故事是什么-背景故事攻略-最笨下载"跳转正常,该类元素共14个，当前第7个
2020-09-04 18:35:30,954 - basepage - INFO - Click back on current page.
2020-09-04 18:35:37,701 - 2 - INFO - 页面"不朽之旅装备怎么提升-装备提升攻略-最笨下载"跳转正常,该类元素共14个，当前第8个
2020-09-04 18:35:37,940 - basepage - INFO - Click back on current page.
2020-09-04 18:35:44,531 - 2 - INFO - 页面"天涯明月刀手游区雪河案答案是什么-区雪河案答案攻略-最笨下载"跳转正常,该类元素共14个，当前第9个
2020-09-04 18:35:44,790 - basepage - INFO - Click back on current page.
2020-09-04 18:35:51,435 - 2 - INFO - 页面"原神烈火精油怎么合成-烈火精油合成攻略-最笨下载"跳转正常,该类元素共14个，当前第10个
2020-09-04 18:35:51,915 - basepage - INFO - Click back on current page.
2020-09-04 18:35:58,546 - 2 - INFO - 页面"江南百景图白公狸12药铺怎么布局-白公狸12药铺布局攻略-最笨下载"跳转正常,该类元素共14个，当前第11个
2020-09-04 18:35:58,823 - basepage - INFO - Click back on current page.
2020-09-04 18:36:05,439 - 2 - INFO - 页面"和平精英和平记忆活动怎么玩-和平记忆活动玩法攻略-最笨下载"跳转正常,该类元素共14个，当前第12个
2020-09-04 18:36:05,842 - basepage - INFO - Click back on current page.
2020-09-04 18:36:12,481 - 2 - INFO - 页面"黎明觉醒怎么获取测试资格-测试资格获得方法-最笨下载"跳转正常,该类元素共14个，当前第13个
2020-09-04 18:36:12,856 - basepage - INFO - Click back on current page.
2020-09-04 18:36:19,421 - 2 - INFO - 页面"黎明觉醒什么时候上线-公测时间介绍-最笨下载"跳转正常,该类元素共14个，当前第14个
2020-09-04 18:36:19,836 - basepage - INFO - Click back on current page.
2020-09-04 18:36:27,799 - 2 - INFO - 页面"原神雷劫精油怎么合成-雷劫精油合成攻略"跳转正常,该类元素共2个，当前第1个
2020-09-04 18:36:28,072 - basepage - INFO - Click back on current page.
2020-09-04 18:36:34,716 - 2 - INFO - 页面"三国群英传2威力加强版2.9.0无限金币-三国群英传"跳转正常,该类元素共2个，当前第2个
2020-09-04 18:36:35,199 - basepage - INFO - Click back on current page.
2020-09-04 18:36:41,958 - 2 - INFO - 页面"满vip版手游_手游sf送顶级vip_满级vip无限元宝手游下载-最笨下载"跳转正常,该类元素共28个，当前第1个
2020-09-04 18:36:42,205 - basepage - INFO - Click back on current page.
2020-09-04 18:36:48,933 - 2 - INFO - 页面"魔侠传（开服送2000充）_魔侠传（开服送2000充）无限元宝服_SF变态版魔侠传（开服送2000充）公益服下载 - 最笨下载"跳转正常,该类元素共28个，当前第2个
2020-09-04 18:36:49,608 - basepage - INFO - Click back on current page.
2020-09-04 18:36:56,093 - 2 - INFO - 页面"满vip版手游_手游sf送顶级vip_满级vip无限元宝手游下载-最笨下载"跳转正常,该类元素共28个，当前第3个
2020-09-04 18:36:56,323 - basepage - INFO - Click back on current page.
2020-09-04 18:37:02,870 - 2 - INFO - 页面"仙风道骨（送GM海量充）_仙风道骨（送GM海量充）无限元宝服_SF变态版仙风道骨（送GM海量充）公益服下载 - 最笨下载"跳转正常,该类元素共28个，当前第4个
2020-09-04 18:37:03,266 - basepage - INFO - Click back on current page.
2020-09-04 18:37:09,955 - 2 - INFO - 页面"变态手游公益服_bt手游变态服_无限元宝bt手游下载_BT手游中心-最笨下载"跳转正常,该类元素共28个，当前第5个
2020-09-04 18:37:10,219 - basepage - INFO - Click back on current page.
2020-09-04 18:37:16,769 - 2 - INFO - 页面"武器之王（满屏爆装）_武器之王（满屏爆装）无限元宝服_SF变态版武器之王（满屏爆装）公益服下载 - 最笨下载"跳转正常,该类元素共28个，当前第6个
2020-09-04 18:37:17,237 - basepage - INFO - Click back on current page.
2020-09-04 18:37:23,719 - 2 - INFO - 页面"变态手游公益服_bt手游变态服_无限元宝bt手游下载_BT手游中心-最笨下载"跳转正常,该类元素共28个，当前第7个
2020-09-04 18:37:23,954 - basepage - INFO - Click back on current page.
2020-09-04 18:37:30,508 - 2 - INFO - 页面"凡人飞仙传（六界纷争）_凡人飞仙传（六界纷争）无限元宝服_SF变态版凡人飞仙传（六界纷争）公益服下载 - 最笨下载"跳转正常,该类元素共28个，当前第8个
2020-09-04 18:37:31,069 - basepage - INFO - Click back on current page.
2020-09-04 18:37:37,553 - 2 - INFO - 页面"变态手游公益服_bt手游变态服_无限元宝bt手游下载_BT手游中心-最笨下载"跳转正常,该类元素共28个，当前第9个
2020-09-04 18:37:37,802 - basepage - INFO - Click back on current page.
2020-09-04 18:37:44,372 - 2 - INFO - 页面"少年群侠传（送千元充值）_少年群侠传（送千元充值）无限元宝服_SF变态版少年群侠传（送千元充值）公益服下载 - 最笨下载"跳转正常,该类元素共28个，当前第10个
2020-09-04 18:37:44,762 - basepage - INFO - Click back on current page.
2020-09-04 18:37:51,259 - 2 - INFO - 页面"变态手游公益服_bt手游变态服_无限元宝bt手游下载_BT手游中心-最笨下载"跳转正常,该类元素共28个，当前第11个
2020-09-04 18:37:51,519 - basepage - INFO - Click back on current page.
2020-09-04 18:37:58,082 - 2 - INFO - 页面"神龙猎手（开局送万抽）_神龙猎手（开局送万抽）无限元宝服_SF变态版神龙猎手（开局送万抽）公益服下载 - 最笨下载"跳转正常,该类元素共28个，当前第12个
2020-09-04 18:37:58,490 - basepage - INFO - Click back on current page.
2020-09-04 18:38:04,952 - 2 - INFO - 页面"满vip版手游_手游sf送顶级vip_满级vip无限元宝手游下载-最笨下载"跳转正常,该类元素共28个，当前第13个
2020-09-04 18:38:05,217 - basepage - INFO - Click back on current page.
2020-09-04 18:38:11,951 - 2 - INFO - 页面"仙灵世界（送海量连抽）_仙灵世界（送海量连抽）无限元宝服_SF变态版仙灵世界（送海量连抽）公益服下载 - 最笨下载"跳转正常,该类元素共28个，当前第14个
2020-09-04 18:38:12,541 - basepage - INFO - Click back on current page.
2020-09-04 18:38:19,018 - 2 - INFO - 页面"变态手游公益服_bt手游变态服_无限元宝bt手游下载_BT手游中心-最笨下载"跳转正常,该类元素共28个，当前第15个
2020-09-04 18:38:19,284 - basepage - INFO - Click back on current page.
2020-09-04 18:38:25,823 - 2 - INFO - 页面"怒火一刀（天天送充值）_怒火一刀（天天送充值）无限元宝服_SF变态版怒火一刀（天天送充值）公益服下载 - 最笨下载"跳转正常,该类元素共28个，当前第16个
2020-09-04 18:38:26,268 - basepage - INFO - Click back on current page.
2020-09-04 18:38:32,747 - 2 - INFO - 页面"满vip版手游_手游sf送顶级vip_满级vip无限元宝手游下载-最笨下载"跳转正常,该类元素共28个，当前第17个
2020-09-04 18:38:33,020 - basepage - INFO - Click back on current page.
2020-09-04 18:38:39,625 - 2 - INFO - 页面"女神联盟2（送500充值）_女神联盟2（送500充值）无限元宝服_SF变态版女神联盟2（送500充值）公益服下载 - 最笨下载"跳转正常,该类元素共28个，当前第18个
2020-09-04 18:38:40,123 - basepage - INFO - Click back on current page.
2020-09-04 18:38:46,584 - 2 - INFO - 页面"满vip版手游_手游sf送顶级vip_满级vip无限元宝手游下载-最笨下载"跳转正常,该类元素共28个，当前第19个
2020-09-04 18:38:46,819 - basepage - INFO - Click back on current page.
2020-09-04 18:38:53,364 - 2 - INFO - 页面"乱戳三国2（送GM特权）_乱戳三国2（送GM特权）无限元宝服_SF变态版乱戳三国2（送GM特权）公益服下载 - 最笨下载"跳转正常,该类元素共28个，当前第20个
2020-09-04 18:38:53,632 - basepage - INFO - Click back on current page.
2020-09-04 18:39:00,079 - 2 - INFO - 页面"满vip版手游_手游sf送顶级vip_满级vip无限元宝手游下载-最笨下载"跳转正常,该类元素共28个，当前第21个
2020-09-04 18:39:00,448 - basepage - INFO - Click back on current page.
2020-09-04 18:39:06,985 - 2 - INFO - 页面"烈火战神（满屏福利）_烈火战神（满屏福利）无限元宝服_SF变态版烈火战神（满屏福利）公益服下载 - 最笨下载"跳转正常,该类元素共28个，当前第22个
2020-09-04 18:39:07,216 - basepage - INFO - Click back on current page.
2020-09-04 18:39:13,654 - 2 - INFO - 页面"变态手游公益服_bt手游变态服_无限元宝bt手游下载_BT手游中心-最笨下载"跳转正常,该类元素共28个，当前第23个
2020-09-04 18:39:14,077 - basepage - INFO - Click back on current page.
2020-09-04 18:39:20,733 - 2 - INFO - 页面"九曲封神（送海量充值）_九曲封神（送海量充值）无限元宝服_SF变态版九曲封神（送海量充值）公益服下载 - 最笨下载"跳转正常,该类元素共28个，当前第24个
2020-09-04 18:39:20,998 - basepage - INFO - Click back on current page.
2020-09-04 18:39:27,469 - 2 - INFO - 页面"变态手游公益服_bt手游变态服_无限元宝bt手游下载_BT手游中心-最笨下载"跳转正常,该类元素共28个，当前第25个
2020-09-04 18:39:27,859 - basepage - INFO - Click back on current page.
2020-09-04 18:39:34,647 - 2 - INFO - 页面"不思议地下城（百抽特权）_不思议地下城（百抽特权）无限元宝服_SF变态版不思议地下城（百抽特权）公益服下载 - 最笨下载"跳转正常,该类元素共28个，当前第26个
2020-09-04 18:39:34,915 - basepage - INFO - Click back on current page.
2020-09-04 18:39:41,356 - 2 - INFO - 页面"变态手游公益服_bt手游变态服_无限元宝bt手游下载_BT手游中心-最笨下载"跳转正常,该类元素共28个，当前第27个
2020-09-04 18:39:41,729 - basepage - INFO - Click back on current page.
2020-09-04 18:39:48,484 - 2 - INFO - 页面"妖神记（抽动漫周边）_妖神记（抽动漫周边）无限元宝服_SF变态版妖神记（抽动漫周边）公益服下载 - 最笨下载"跳转正常,该类元素共28个，当前第28个
2020-09-04 18:39:48,714 - basepage - INFO - Click back on current page.
2020-09-04 18:39:57,135 - 2 - INFO - 页面"恋爱话术会员破解版免费下载-恋爱话术库VIP会员"跳转正常,该类元素共2个，当前第1个
2020-09-04 18:39:57,415 - basepage - INFO - Click back on current page.
2020-09-04 18:40:04,231 - 2 - INFO - 页面"恋爱话术库最新破解版无限搜索-最新恋爱话术内"跳转正常,该类元素共2个，当前第2个
2020-09-04 18:40:04,646 - basepage - INFO - Click back on current page.
2020-09-04 18:40:11,261 - 2 - INFO - 页面"【安卓娱乐软件】安卓娱乐软件下载_安卓娱乐软件推荐_安卓娱乐软件大全-最笨下载"跳转正常,该类元素共28个，当前第1个
2020-09-04 18:40:11,514 - basepage - INFO - Click back on current page.
2020-09-04 18:40:18,546 - 2 - INFO - 页面"最笨游戏盒子_最笨游戏盒子下载_最笨游戏盒子官方下载-最笨下载"跳转正常,该类元素共28个，当前第2个
2020-09-04 18:40:18,813 - basepage - INFO - Click back on current page.
2020-09-04 18:40:25,546 - 2 - INFO - 页面"【安卓聊天软件】安卓聊天软件下载_安卓聊天软件排行_安卓聊天软件大全-最笨下载"跳转正常,该类元素共28个，当前第3个
2020-09-04 18:40:25,934 - basepage - INFO - Click back on current page.
2020-09-04 18:40:33,068 - 2 - INFO - 页面"回复神器_回复神器下载_回复神器官方下载-最笨下载"跳转正常,该类元素共28个，当前第4个
2020-09-04 18:40:33,361 - basepage - INFO - Click back on current page.
2020-09-04 18:40:39,971 - 2 - INFO - 页面"【安卓应用软件】安卓应用软件排行_好玩的安卓应用软件_好用的安卓应用软件-最笨下载"跳转正常,该类元素共28个，当前第5个
2020-09-04 18:40:40,212 - basepage - INFO - Click back on current page.
2020-09-04 18:40:46,954 - 2 - INFO - 页面"破解游戏盒子_破解游戏盒子安卓版下载-最笨安卓软件下载"跳转正常,该类元素共28个，当前第6个
2020-09-04 18:40:47,341 - basepage - INFO - Click back on current page.
2020-09-04 18:40:53,820 - 2 - INFO - 页面"【安卓聊天软件】安卓聊天软件下载_安卓聊天软件排行_安卓聊天软件大全-最笨下载"跳转正常,该类元素共28个，当前第7个
2020-09-04 18:40:54,046 - basepage - INFO - Click back on current page.
2020-09-04 18:41:00,829 - 2 - INFO - 页面"撩吧_撩吧下载_撩吧官方下载-最笨下载"跳转正常,该类元素共28个，当前第8个
2020-09-04 18:41:01,238 - basepage - INFO - Click back on current page.
2020-09-04 18:41:07,708 - 2 - INFO - 页面"【安卓聊天软件】安卓聊天软件下载_安卓聊天软件排行_安卓聊天软件大全-最笨下载"跳转正常,该类元素共28个，当前第9个
2020-09-04 18:41:07,978 - basepage - INFO - Click back on current page.
2020-09-04 18:41:14,663 - 2 - INFO - 页面"蜜小助_蜜小助下载_蜜小助官方下载-最笨下载"跳转正常,该类元素共28个，当前第10个
2020-09-04 18:41:15,098 - basepage - INFO - Click back on current page.
2020-09-04 18:41:21,552 - 2 - INFO - 页面"【安卓娱乐软件】安卓娱乐软件下载_安卓娱乐软件推荐_安卓娱乐软件大全-最笨下载"跳转正常,该类元素共28个，当前第11个
2020-09-04 18:41:21,827 - basepage - INFO - Click back on current page.
2020-09-04 18:41:28,945 - 2 - INFO - 页面"3733游戏盒子_3733游戏盒子下载_3733游戏盒子官方下载-最笨下载"跳转正常,该类元素共28个，当前第12个
2020-09-04 18:41:29,372 - basepage - INFO - Click back on current page.
2020-09-04 18:41:35,840 - 2 - INFO - 页面"【安卓聊天软件】安卓聊天软件下载_安卓聊天软件排行_安卓聊天软件大全-最笨下载"跳转正常,该类元素共28个，当前第13个
2020-09-04 18:41:36,076 - basepage - INFO - Click back on current page.
2020-09-04 18:41:42,864 - 2 - INFO - 页面"土味情话_土味情话下载_土味情话官方下载-最笨下载"跳转正常,该类元素共28个，当前第14个
2020-09-04 18:41:43,109 - basepage - INFO - Click back on current page.
2020-09-04 18:41:49,550 - 2 - INFO - 页面"【安卓聊天软件】安卓聊天软件下载_安卓聊天软件排行_安卓聊天软件大全-最笨下载"跳转正常,该类元素共28个，当前第15个
2020-09-04 18:41:50,013 - basepage - INFO - Click back on current page.
2020-09-04 18:41:56,737 - 2 - INFO - 页面"恋爱话术_恋爱话术下载_恋爱话术官方下载-最笨下载"跳转正常,该类元素共28个，当前第16个
2020-09-04 18:41:56,976 - basepage - INFO - Click back on current page.
2020-09-04 18:42:03,740 - 2 - INFO - 页面"【安卓阅读软件】安卓阅读软件下载_安卓阅读软件哪个好_安卓阅读软件排行-最笨下载"跳转正常,该类元素共28个，当前第17个
2020-09-04 18:42:04,270 - basepage - INFO - Click back on current page.
2020-09-04 18:42:11,210 - 2 - INFO - 页面"吾爱看书_吾爱看书下载_吾爱看书官方下载-最笨下载"跳转正常,该类元素共28个，当前第18个
2020-09-04 18:42:11,511 - basepage - INFO - Click back on current page.
2020-09-04 18:42:17,966 - 2 - INFO - 页面"【安卓娱乐软件】安卓娱乐软件下载_安卓娱乐软件推荐_安卓娱乐软件大全-最笨下载"跳转正常,该类元素共28个，当前第19个
2020-09-04 18:42:18,501 - basepage - INFO - Click back on current page.
2020-09-04 18:42:25,244 - 2 - INFO - 页面"gm游戏盒_gm游戏盒下载_gm游戏盒官方下载-最笨下载"跳转正常,该类元素共28个，当前第20个
2020-09-04 18:42:25,509 - basepage - INFO - Click back on current page.
2020-09-04 18:42:31,962 - 2 - INFO - 页面"【安卓聊天软件】安卓聊天软件下载_安卓聊天软件排行_安卓聊天软件大全-最笨下载"跳转正常,该类元素共28个，当前第21个
2020-09-04 18:42:32,350 - basepage - INFO - Click back on current page.
2020-09-04 18:42:39,071 - 2 - INFO - 页面"恋爱话术库_恋爱话术库下载_恋爱话术库官方下载-最笨下载"跳转正常,该类元素共28个，当前第22个
2020-09-04 18:42:39,356 - basepage - INFO - Click back on current page.
2020-09-04 18:42:45,784 - 2 - INFO - 页面"【安卓聊天软件】安卓聊天软件下载_安卓聊天软件排行_安卓聊天软件大全-最笨下载"跳转正常,该类元素共28个，当前第23个
2020-09-04 18:42:46,313 - basepage - INFO - Click back on current page.
2020-09-04 18:42:53,232 - 2 - INFO - 页面"遇知音_遇知音下载_遇知音官方下载-最笨下载"跳转正常,该类元素共28个，当前第24个
2020-09-04 18:42:53,490 - basepage - INFO - Click back on current page.
2020-09-04 18:42:59,984 - 2 - INFO - 页面"【安卓聊天软件】安卓聊天软件下载_安卓聊天软件排行_安卓聊天软件大全-最笨下载"跳转正常,该类元素共28个，当前第25个
2020-09-04 18:43:00,380 - basepage - INFO - Click back on current page.
2020-09-04 18:43:07,121 - 2 - INFO - 页面"脱单大师_脱单大师下载_脱单大师官方下载-最笨下载"跳转正常,该类元素共28个，当前第26个
2020-09-04 18:43:07,390 - basepage - INFO - Click back on current page.
2020-09-04 18:43:13,858 - 2 - INFO - 页面"【安卓聊天软件】安卓聊天软件下载_安卓聊天软件排行_安卓聊天软件大全-最笨下载"跳转正常,该类元素共28个，当前第27个
2020-09-04 18:43:14,322 - basepage - INFO - Click back on current page.
2020-09-04 18:43:21,061 - 2 - INFO - 页面"爱情套路_爱情套路下载_爱情套路官方下载-最笨下载"跳转正常,该类元素共28个，当前第28个
2020-09-04 18:43:21,322 - basepage - INFO - Click back on current page.
2020-09-04 18:43:31,240 - 2 - INFO - 页面"【安卓播放器】安卓播放器下载_安卓播放器哪个最好_安卓播放器下载排行-最笨下载"跳转正常,该类元素共19个，当前第1个
2020-09-04 18:43:31,505 - basepage - INFO - Click back on current page.
2020-09-04 18:43:38,411 - 2 - INFO - 页面"【安卓学习软件】安卓学习软件下载_安卓学习软件免费下载_安卓学习软件大全-最笨下载"跳转正常,该类元素共19个，当前第2个
2020-09-04 18:43:38,944 - basepage - INFO - Click back on current page.
2020-09-04 18:43:45,687 - 2 - INFO - 页面"【安卓辅助软件】安卓辅助软件下载_安卓辅助软件推荐_安卓辅助软件大全-最笨下载"跳转正常,该类元素共19个，当前第3个
2020-09-04 18:43:45,954 - basepage - INFO - Click back on current page.
2020-09-04 18:43:52,810 - 2 - INFO - 页面"【安卓输入法】安卓输入法下载_安卓输入法哪个好_安卓输入法怎么用-最笨下载"跳转正常,该类元素共19个，当前第4个
2020-09-04 18:43:53,088 - basepage - INFO - Click back on current page.
2020-09-04 18:44:00,143 - 2 - INFO - 页面"【安卓通信软件】安卓通信软件下载_安卓通信软件推荐_安卓通信软件大全-最笨下载"跳转正常,该类元素共19个，当前第5个
2020-09-04 18:44:00,685 - basepage - INFO - Click back on current page.
2020-09-04 18:44:07,542 - 2 - INFO - 页面"【安卓固件】安卓固件下载_安卓固件包下载_安卓固件管理器-最笨下载"跳转正常,该类元素共19个，当前第6个
2020-09-04 18:44:07,819 - basepage - INFO - Click back on current page.
2020-09-04 18:44:14,725 - 2 - INFO - 页面"【安卓文件管理器】安卓文件管理器下载_安卓文件管理器哪个好_安卓文件管理器中文版-最笨下载"跳转正常,该类元素共19个，当前第7个
2020-09-04 18:44:15,003 - basepage - INFO - Click back on current page.
2020-09-04 18:44:28,114 - 2 - INFO - 页面"【安卓同步软件】安卓同步软件下载_安卓同步软件哪个好_安卓手机同步软件-最笨下载"跳转正常,该类元素共19个，当前第8个
2020-09-04 18:44:28,403 - basepage - INFO - Click back on current page.
2020-09-04 18:44:35,111 - 2 - INFO - 页面"【安卓办公软件】安卓办公软件下载_安卓办公软件哪个好_安卓办公软件哪种最好-最笨下载"跳转正常,该类元素共19个，当前第9个
2020-09-04 18:44:35,641 - basepage - INFO - Click back on current page.
2020-09-04 18:44:42,533 - 2 - INFO - 页面"【安卓理财软件】安卓理财软件下载_安卓理财软件哪个好_安卓理财软件大全-最笨下载"跳转正常,该类元素共19个，当前第10个
2020-09-04 18:44:42,803 - basepage - INFO - Click back on current page.
2020-09-04 18:44:49,646 - 2 - INFO - 页面"【安卓备份软件】安卓备份软件下载_安卓备份软件哪个好_安卓手机备份软件-最笨下载"跳转正常,该类元素共19个，当前第11个
2020-09-04 18:44:50,048 - basepage - INFO - Click back on current page.
2020-09-04 18:44:56,892 - 2 - INFO - 页面"【安卓跑步软件】安卓跑步软件下载_安卓跑步软件哪个好_安卓跑步软件大全-最笨下载"跳转正常,该类元素共19个，当前第12个
2020-09-04 18:44:57,168 - basepage - INFO - Click back on current page.
2020-09-04 18:45:04,010 - 2 - INFO - 页面"【安卓健康管理软件】安卓健康管理软件下载_安卓健康管理软件推荐_安卓健康管理软件大全-最笨下载"跳转正常,该类元素共19个，当前第13个
2020-09-04 18:45:04,545 - basepage - INFO - Click back on current page.
2020-09-04 18:45:11,350 - 2 - INFO - 页面"【安卓系统软件】安卓系统软件下载_安卓系统软件免费下载_安卓系统软件下载工具-最笨下载"跳转正常,该类元素共19个，当前第14个
2020-09-04 18:45:11,635 - basepage - INFO - Click back on current page.
2020-09-04 18:45:18,116 - 2 - INFO - 页面"【安卓聊天软件】安卓聊天软件下载_安卓聊天软件排行_安卓聊天软件大全-最笨下载"跳转正常,该类元素共19个，当前第15个
2020-09-04 18:45:18,505 - basepage - INFO - Click back on current page.
2020-09-04 18:45:24,990 - 2 - INFO - 页面"【安卓应用软件】安卓应用软件排行_好玩的安卓应用软件_好用的安卓应用软件-最笨下载"跳转正常,该类元素共19个，当前第16个
2020-09-04 18:45:25,251 - basepage - INFO - Click back on current page.
2020-09-04 18:45:31,707 - 2 - INFO - 页面"【安卓娱乐软件】安卓娱乐软件下载_安卓娱乐软件推荐_安卓娱乐软件大全-最笨下载"跳转正常,该类元素共19个，当前第17个
2020-09-04 18:45:32,147 - basepage - INFO - Click back on current page.
2020-09-04 18:45:38,977 - 2 - INFO - 页面"【安卓导航软件】安卓导航软件下载_安卓导航软件哪个好_安卓导航软件排名-最笨下载"跳转正常,该类元素共19个，当前第18个
2020-09-04 18:45:39,218 - basepage - INFO - Click back on current page.
2020-09-04 18:45:46,237 - 2 - INFO - 页面"【安卓网络软件】安卓网络软件下载_安卓网络软件推荐_安卓网络软件大全-最笨下载"跳转正常,该类元素共19个，当前第19个
2020-09-04 18:45:46,666 - basepage - INFO - Click back on current page.
2020-09-04 18:45:55,048 - 2 - INFO - 页面"3733手游游戏平台_3733手游游戏平台下载_3733手游游戏平台官方下载-最笨下载"跳转正常,该类元素共18个，当前第1个
2020-09-04 18:46:01,205 - 2 - INFO - 页面"土味情话撩妹软件_土味情话撩妹软件下载_土味情话撩妹软件官方下载-最笨下载"跳转正常,该类元素共18个，当前第2个
2020-09-04 18:46:07,329 - 2 - INFO - 页面"土味情话破解版_土味情话破解版下载_土味情话破解版官方下载-最笨下载"跳转正常,该类元素共18个，当前第3个
2020-09-04 18:46:13,493 - 2 - INFO - 页面"土味情话回答软件_土味情话回答软件下载_土味情话回答软件官方下载-最笨下载"跳转正常,该类元素共18个，当前第4个
2020-09-04 18:46:19,635 - 2 - INFO - 页面"土味情话免费版_土味情话免费版下载_土味情话免费版官方下载-最笨下载"跳转正常,该类元素共18个，当前第5个
2020-09-04 18:46:25,794 - 2 - INFO - 页面"套路大全免费版_套路大全免费版下载_套路大全免费版官方下载-最笨下载"跳转正常,该类元素共18个，当前第6个
2020-09-04 18:46:31,947 - 2 - INFO - 页面"套路大全手机版_套路大全手机版下载_套路大全手机版官方下载-最笨下载"跳转正常,该类元素共18个，当前第7个
2020-09-04 18:46:38,092 - 2 - INFO - 页面"套路大全_套路大全下载_套路大全官方下载-最笨下载"跳转正常,该类元素共18个，当前第8个
2020-09-04 18:46:44,221 - 2 - INFO - 页面"回答神器_回答神器下载_回答神器官方下载-最笨下载"跳转正常,该类元素共18个，当前第9个
2020-09-04 18:46:50,358 - 2 - INFO - 页面"破解游戏盒子_破解游戏盒子安卓版下载-最笨安卓软件下载"跳转正常,该类元素共18个，当前第10个
2020-09-04 18:46:56,496 - 2 - INFO - 页面"最笨游戏盒_最笨游戏盒下载_最笨游戏盒官方下载-最笨下载"跳转正常,该类元素共18个，当前第11个
2020-09-04 18:47:02,650 - 2 - INFO - 页面"安致手游游戏平台_安致手游游戏平台下载_安致手游游戏平台官方下载-最笨下载"跳转正常,该类元素共18个，当前第12个
2020-09-04 18:47:08,797 - 2 - INFO - 页面"蜜小助会员破解版_蜜小助会员破解版下载_蜜小助会员破解版官方下载-最笨下载"跳转正常,该类元素共18个，当前第13个
2020-09-04 18:47:14,923 - 2 - INFO - 页面"蜜小助vip破解版_蜜小助vip破解版下载_蜜小助vip破解版官方下载-最笨下载"跳转正常,该类元素共18个，当前第14个
2020-09-04 18:47:21,083 - 2 - INFO - 页面"蜜小助内购版_蜜小助内购版下载_蜜小助内购版官方下载-最笨下载"跳转正常,该类元素共18个，当前第15个
2020-09-04 18:47:27,229 - 2 - INFO - 页面"聊天套路安卓版_聊天套路安卓版下载_聊天套路安卓版官方下载-最笨下载"跳转正常,该类元素共18个，当前第16个
2020-09-04 18:47:33,381 - 2 - INFO - 页面"聊天套路破解版_聊天套路破解版下载_聊天套路破解版官方下载-最笨下载"跳转正常,该类元素共18个，当前第17个
2020-09-04 18:47:39,521 - 2 - INFO - 页面"聊天套路软件_聊天套路软件下载_聊天套路软件官方下载-最笨下载"跳转正常,该类元素共18个，当前第18个
2020-09-04 18:47:45,373 - 2 - INFO - 页面"【安卓益智游戏】好玩的安卓益智游戏大全_安卓益智类游戏_益智游戏下载-最笨下载"跳转正常,该类元素共17个，当前第1个
2020-09-04 18:47:45,628 - basepage - INFO - Click back on current page.
2020-09-04 18:47:52,806 - 2 - INFO - 页面"【安卓其他游戏】好玩的安卓其他游戏大全_安卓其他类游戏_其他游戏下载-最笨下载"跳转正常,该类元素共17个，当前第2个
2020-09-04 18:47:53,046 - basepage - INFO - Click back on current page.
2020-09-04 18:47:59,910 - 2 - INFO - 页面"【安卓音乐游戏】好玩的安卓音乐游戏大全_安卓音乐类游戏_音乐游戏下载-最笨下载"跳转正常,该类元素共17个，当前第3个
2020-09-04 18:48:00,406 - basepage - INFO - Click back on current page.
2020-09-04 18:48:07,081 - 2 - INFO - 页面"【安卓网络游戏】好玩的安卓网络游戏大全_安卓网络类游戏_网络游戏下载-最笨下载"跳转正常,该类元素共17个，当前第4个
2020-09-04 18:48:07,324 - basepage - INFO - Click back on current page.
2020-09-04 18:48:14,084 - 2 - INFO - 页面"【安卓格斗游戏】好玩的安卓格斗游戏大全_安卓格斗类游戏_格斗游戏下载-最笨下载"跳转正常,该类元素共17个，当前第5个
2020-09-04 18:48:14,361 - basepage - INFO - Click back on current page.
2020-09-04 18:48:21,323 - 2 - INFO - 页面"【安卓飞行游戏】好玩的安卓飞行游戏大全_安卓飞行类游戏_飞行游戏下载-最笨下载"跳转正常,该类元素共17个，当前第6个
2020-09-04 18:48:21,793 - basepage - INFO - Click back on current page.
2020-09-04 18:48:28,700 - 2 - INFO - 页面"【安卓体育运动游戏】好玩的安卓体育运动游戏大全_安卓体育运动类游戏_体育运动游戏下载-最笨下载"跳转正常,该类元素共17个，当前第7个
2020-09-04 18:48:28,960 - basepage - INFO - Click back on current page.
2020-09-04 18:48:36,007 - 2 - INFO - 页面"【安卓模拟经营游戏】好玩的安卓模拟经营游戏大全_安卓模拟经营类游戏_模拟经营游戏下载-最笨下载"跳转正常,该类元素共17个，当前第8个
2020-09-04 18:48:36,275 - basepage - INFO - Click back on current page.
2020-09-04 18:48:42,905 - 2 - INFO - 页面"【安卓策略游戏】好玩的安卓策略游戏大全_安卓策略类游戏_策略游戏下载-最笨下载"跳转正常,该类元素共17个，当前第9个
2020-09-04 18:48:43,434 - basepage - INFO - Click back on current page.
2020-09-04 18:48:50,089 - 2 - INFO - 页面"【安卓塔防游戏】好玩的安卓塔防游戏大全_安卓塔防类游戏_塔防游戏下载-最笨下载"跳转正常,该类元素共17个，当前第10个
2020-09-04 18:48:50,326 - basepage - INFO - Click back on current page.
2020-09-04 18:48:57,082 - 2 - INFO - 页面"【安卓解谜冒险游戏】好玩的安卓解谜冒险游戏大全_安卓解谜冒险类游戏_解谜冒险游戏下载-最笨下载"跳转正常,该类元素共17个，当前第11个
2020-09-04 18:48:57,375 - basepage - INFO - Click back on current page.
2020-09-04 18:49:04,098 - 2 - INFO - 页面"【安卓射击游戏】好玩的安卓射击游戏大全_安卓射击类游戏_射击游戏下载-最笨下载"跳转正常,该类元素共17个，当前第12个
2020-09-04 18:49:04,630 - basepage - INFO - Click back on current page.
2020-09-04 18:49:11,343 - 2 - INFO - 页面"【安卓棋牌游戏】好玩的安卓棋牌游戏大全_安卓棋牌类游戏_棋牌游戏下载-最笨下载"跳转正常,该类元素共17个，当前第13个
2020-09-04 18:49:11,577 - basepage - INFO - Click back on current page.
2020-09-04 18:49:18,240 - 2 - INFO - 页面"【安卓赛车游戏】好玩的安卓赛车游戏大全_安卓赛车类游戏_赛车游戏下载-最笨下载"跳转正常,该类元素共17个，当前第14个
2020-09-04 18:49:18,721 - basepage - INFO - Click back on current page.
2020-09-04 18:49:25,454 - 2 - INFO - 页面"【安卓角色扮演游戏】好玩的安卓角色扮演游戏大全_安卓角色扮演类游戏_角色扮演游戏下载-最笨下载"跳转正常,该类元素共17个，当前第15个
2020-09-04 18:49:25,741 - basepage - INFO - Click back on current page.
2020-09-04 18:49:32,591 - 2 - INFO - 页面"【安卓动作游戏】好玩的安卓动作游戏大全_安卓动作类游戏_动作游戏下载-最笨下载"跳转正常,该类元素共17个，当前第16个
2020-09-04 18:49:33,038 - basepage - INFO - Click back on current page.
2020-09-04 18:49:39,676 - 2 - INFO - 页面"【安卓休闲游戏】好玩的安卓休闲游戏大全_安卓休闲类游戏_休闲游戏下载-最笨下载"跳转正常,该类元素共17个，当前第17个
2020-09-04 18:49:39,907 - basepage - INFO - Click back on current page.
2020-09-04 18:49:48,263 - 2 - INFO - 页面"阴阳师_阴阳师下载_阴阳师官方下载-最笨下载"跳转正常,该类元素共18个，当前第1个
2020-09-04 18:49:54,413 - 2 - INFO - 页面"王者荣耀_王者荣耀安卓版下载-最笨安卓游戏下载"跳转正常,该类元素共18个，当前第2个
2020-09-04 18:50:00,565 - 2 - INFO - 页面"炼金国度（送1000元充值）ios版_炼金国度（送1000元充值）ios版下载_炼金国度（送1000元充值）ios版官方下载-最笨下载"跳转正常,该类元素共18个，当前第3个
2020-09-04 18:50:06,701 - 2 - INFO - 页面"国贼顾挽之_国贼顾挽之下载_国贼顾挽之官方下载-最笨下载"跳转正常,该类元素共18个，当前第4个
2020-09-04 18:50:12,852 - 2 - INFO - 页面"大秦黎明_大秦黎明下载_大秦黎明官方下载-最笨下载"跳转正常,该类元素共18个，当前第5个
2020-09-04 18:50:18,990 - 2 - INFO - 页面"怒焰三国杀手游_怒焰三国杀手游下载_怒焰三国杀手游官方下载-最笨下载"跳转正常,该类元素共18个，当前第6个
2020-09-04 18:50:25,108 - 2 - INFO - 页面"末日围城_末日围城下载_末日围城官方下载-最笨下载"跳转正常,该类元素共18个，当前第7个
2020-09-04 18:50:31,242 - 2 - INFO - 页面"天将雄师九游版_天将雄师九游版下载_天将雄师九游版官方下载-最笨下载"跳转正常,该类元素共18个，当前第8个
2020-09-04 18:50:39,785 - 2 - INFO - 页面"诸王黎明_诸王黎明下载_诸王黎明官方下载-最笨下载"跳转正常,该类元素共18个，当前第9个
2020-09-04 18:50:45,965 - 2 - INFO - 页面"一梦江湖九游版_一梦江湖九游版下载_一梦江湖九游版官方下载-最笨下载"跳转正常,该类元素共18个，当前第10个
2020-09-04 18:50:52,093 - 2 - INFO - 页面"NBA篮球大师_NBA篮球大师下载_NBA篮球大师官方下载-最笨下载"跳转正常,该类元素共18个，当前第11个
2020-09-04 18:50:58,224 - 2 - INFO - 页面"萌妖传手游_萌妖传手游下载_萌妖传手游官方下载-最笨下载"跳转正常,该类元素共18个，当前第12个
2020-09-04 18:51:04,414 - 2 - INFO - 页面"中超英雄手游_中超英雄手游下载_中超英雄手游官方下载-最笨下载"跳转正常,该类元素共18个，当前第13个
2020-09-04 18:51:10,558 - 2 - INFO - 页面"三国战天下手游_三国战天下手游下载_三国战天下手游官方下载-最笨下载"跳转正常,该类元素共18个，当前第14个
2020-09-04 18:51:16,688 - 2 - INFO - 页面"拳皇命运_拳皇命运下载_拳皇命运官方下载-最笨下载"跳转正常,该类元素共18个，当前第15个
2020-09-04 18:51:22,856 - 2 - INFO - 页面"电能大亨_电能大亨下载_电能大亨官方下载-最笨下载"跳转正常,该类元素共18个，当前第16个
2020-09-04 18:51:29,018 - 2 - INFO - 页面"驾校模拟器_驾校模拟器下载_驾校模拟器官方下载-最笨下载"跳转正常,该类元素共18个，当前第17个
2020-09-04 18:51:35,136 - 2 - INFO - 页面"暗黑探险2_暗黑探险2下载_暗黑探险2官方下载-最笨下载"跳转正常,该类元素共18个，当前第18个
2020-09-04 18:51:41,643 - 2 - INFO - 页面"变态手游公益服_bt手游变态服_无限元宝bt手游下载_BT手游中心-最笨下载"跳转正常,该类元素共13个，当前第1个
2020-09-04 18:51:41,936 - basepage - INFO - Click back on current page.
2020-09-04 18:51:49,604 - 2 - INFO - 页面"变态手游公益服_bt手游变态服_无限元宝bt手游下载_BT手游中心-最笨下载"跳转正常,该类元素共13个，当前第2个
2020-09-04 18:51:50,007 - basepage - INFO - Click back on current page.
2020-09-04 18:51:57,219 - 2 - INFO - 页面"变态手游公益服_bt手游变态服_无限元宝bt手游下载_BT手游中心-最笨下载"跳转正常,该类元素共13个，当前第3个
2020-09-04 18:51:57,518 - basepage - INFO - Click back on current page.
2020-09-04 18:52:05,036 - 2 - INFO - 页面"变态手游公益服_bt手游变态服_无限元宝bt手游下载_BT手游中心-最笨下载"跳转正常,该类元素共13个，当前第4个
2020-09-04 18:52:05,317 - basepage - INFO - Click back on current page.
2020-09-04 18:52:12,581 - 2 - INFO - 页面"变态手游公益服_bt手游变态服_无限元宝bt手游下载_BT手游中心-最笨下载"跳转正常,该类元素共13个，当前第5个
2020-09-04 18:52:13,071 - basepage - INFO - Click back on current page.
2020-09-04 18:52:20,245 - 2 - INFO - 页面"变态手游公益服_bt手游变态服_无限元宝bt手游下载_BT手游中心-最笨下载"跳转正常,该类元素共13个，当前第6个
2020-09-04 18:52:20,535 - basepage - INFO - Click back on current page.
2020-09-04 18:52:27,824 - 2 - INFO - 页面"变态手游公益服_bt手游变态服_无限元宝bt手游下载_BT手游中心-最笨下载"跳转正常,该类元素共13个，当前第7个
2020-09-04 18:52:28,103 - basepage - INFO - Click back on current page.
2020-09-04 18:52:35,349 - 2 - INFO - 页面"变态手游公益服_bt手游变态服_无限元宝bt手游下载_BT手游中心-最笨下载"跳转正常,该类元素共13个，当前第8个
2020-09-04 18:52:35,837 - basepage - INFO - Click back on current page.
2020-09-04 18:52:43,214 - 2 - INFO - 页面"变态手游公益服_bt手游变态服_无限元宝bt手游下载_BT手游中心-最笨下载"跳转正常,该类元素共13个，当前第9个
2020-09-04 18:52:43,484 - basepage - INFO - Click back on current page.
2020-09-04 18:52:50,642 - 2 - INFO - 页面"变态手游公益服_bt手游变态服_无限元宝bt手游下载_BT手游中心-最笨下载"跳转正常,该类元素共13个，当前第10个
2020-09-04 18:52:50,918 - basepage - INFO - Click back on current page.
2020-09-04 18:52:58,060 - 2 - INFO - 页面"变态手游公益服_bt手游变态服_无限元宝bt手游下载_BT手游中心-最笨下载"跳转正常,该类元素共13个，当前第11个
2020-09-04 18:52:58,463 - basepage - INFO - Click back on current page.
2020-09-04 18:53:05,731 - 2 - INFO - 页面"变态手游公益服_bt手游变态服_无限元宝bt手游下载_BT手游中心-最笨下载"跳转正常,该类元素共13个，当前第12个
2020-09-04 18:53:06,015 - basepage - INFO - Click back on current page.
2020-09-04 18:53:13,129 - 2 - INFO - 页面"变态手游公益服_bt手游变态服_无限元宝bt手游下载_BT手游中心-最笨下载"跳转正常,该类元素共13个，当前第13个
2020-09-04 18:53:13,399 - basepage - INFO - Click back on current page.
2020-09-04 18:53:21,737 - 2 - INFO - 页面"天祭（天天爆充值）_天祭（天天爆充值）无限元宝服_SF变态版天祭（天天爆充值）公益服下载 - 最笨下载"跳转正常,该类元素共18个，当前第1个
2020-09-04 18:53:27,878 - 2 - INFO - 页面"心动女生（送千元充值）_心动女生（送千元充值）无限元宝服_SF变态版心动女生（送千元充值）公益服下载 - 最笨下载"跳转正常,该类元素共18个，当前第2个
2020-09-04 18:53:34,010 - 2 - INFO - 页面"猎妖（送海量充值）_猎妖（送海量充值）无限元宝服_SF变态版猎妖（送海量充值）公益服下载 - 最笨下载"跳转正常,该类元素共18个，当前第3个
2020-09-04 18:53:40,140 - 2 - INFO - 页面"问鼎天下（海量送元宝）_问鼎天下（海量送元宝）无限元宝服_SF变态版问鼎天下（海量送元宝）公益服下载 - 最笨下载"跳转正常,该类元素共18个，当前第4个
2020-09-04 18:53:46,291 - 2 - INFO - 页面"小白不言弃（送百抽）_小白不言弃（送百抽）无限元宝服_SF变态版小白不言弃（送百抽）公益服下载 - 最笨下载"跳转正常,该类元素共18个，当前第5个
2020-09-04 18:53:52,451 - 2 - INFO - 页面"邪域战灵（送千元充值）_邪域战灵（送千元充值）无限元宝服_SF变态版邪域战灵（送千元充值）公益服下载 - 最笨下载"跳转正常,该类元素共18个，当前第6个
2020-09-04 18:53:58,607 - 2 - INFO - 页面"蜂之恋（送500充值）_蜂之恋（送500充值）无限元宝服_SF变态版蜂之恋（送500充值）公益服下载 - 最笨下载"跳转正常,该类元素共18个，当前第7个
2020-09-04 18:54:04,758 - 2 - INFO - 页面"捉妖手机（送万抽）_捉妖手机（送万抽）无限元宝服_SF变态版捉妖手机（送万抽）公益服下载 - 最笨下载"跳转正常,该类元素共18个，当前第8个
2020-09-04 18:54:10,910 - 2 - INFO - 页面"口袋高手（狂抽猛送特权）_口袋高手（狂抽猛送特权）无限元宝服_SF变态版口袋高手（狂抽猛送特权）公益服下载 - 最笨下载"跳转正常,该类元素共18个，当前第9个
2020-09-04 18:54:17,058 - 2 - INFO - 页面"传奇国度（天降红包）_传奇国度（天降红包）无限元宝服_SF变态版传奇国度（天降红包）公益服下载 - 最笨下载"跳转正常,该类元素共18个，当前第10个
2020-09-04 18:54:23,198 - 2 - INFO - 页面"圣剑神域（每日送真充）_圣剑神域（每日送真充）无限元宝服_SF变态版圣剑神域（每日送真充）公益服下载 - 最笨下载"跳转正常,该类元素共18个，当前第11个
2020-09-04 18:54:29,328 - 2 - INFO - 页面"女神竞技场（送SS女神）_女神竞技场（送SS女神）无限元宝服_SF变态版女神竞技场（送SS女神）公益服下载 - 最笨下载"跳转正常,该类元素共18个，当前第12个
2020-09-04 18:54:35,498 - 2 - INFO - 页面"格斗之皇（送328充值）_格斗之皇（送328充值）无限元宝服_SF变态版格斗之皇（送328充值）公益服下载 - 最笨下载"跳转正常,该类元素共18个，当前第13个
2020-09-04 18:54:41,635 - 2 - INFO - 页面"三界轮回（送千元充值）_三界轮回（送千元充值）无限元宝服_SF变态版三界轮回（送千元充值）公益服下载 - 最笨下载"跳转正常,该类元素共18个，当前第14个
2020-09-04 18:54:47,780 - 2 - INFO - 页面"风之幻想web（送1000充值）_风之幻想web（送1000充值）无限元宝服_SF变态版风之幻想web（送1000充值）公益服下载 - 最笨下载"跳转正常,该类元素共18个，当前第15个
2020-09-04 18:54:53,913 - 2 - INFO - 页面"渡劫（送海量寻宝）_渡劫（送海量寻宝）无限元宝服_SF变态版渡劫（送海量寻宝）公益服下载 - 最笨下载"跳转正常,该类元素共18个，当前第16个
2020-09-04 18:55:00,056 - 2 - INFO - 页面"口袋喵喵（海量特权）_口袋喵喵（海量特权）无限元宝服_SF变态版口袋喵喵（海量特权）公益服下载 - 最笨下载"跳转正常,该类元素共18个，当前第17个
2020-09-04 18:55:06,201 - 2 - INFO - 页面"幻世英雄（送1000充值）_幻世英雄（送1000充值）无限元宝服_SF变态版幻世英雄（送1000充值）公益服下载 - 最笨下载"跳转正常,该类元素共18个，当前第18个
2020-09-04 18:55:12,786 - 2 - INFO - 页面"满vip版手游_手游sf送顶级vip_满级vip无限元宝手游下载-最笨下载"跳转正常,该类元素共13个，当前第1个
2020-09-04 18:55:13,018 - basepage - INFO - Click back on current page.
2020-09-04 18:55:20,611 - 2 - INFO - 页面"满vip版手游_手游sf送顶级vip_满级vip无限元宝手游下载-最笨下载"跳转正常,该类元素共13个，当前第2个
2020-09-04 18:55:21,148 - basepage - INFO - Click back on current page.
2020-09-04 18:55:28,771 - 2 - INFO - 页面"满vip版手游_手游sf送顶级vip_满级vip无限元宝手游下载-最笨下载"跳转正常,该类元素共13个，当前第3个
2020-09-04 18:55:29,303 - basepage - INFO - Click back on current page.
2020-09-04 18:55:36,820 - 2 - INFO - 页面"满vip版手游_手游sf送顶级vip_满级vip无限元宝手游下载-最笨下载"跳转正常,该类元素共13个，当前第4个
2020-09-04 18:55:37,092 - basepage - INFO - Click back on current page.
2020-09-04 18:55:44,280 - 2 - INFO - 页面"满vip版手游_手游sf送顶级vip_满级vip无限元宝手游下载-最笨下载"跳转正常,该类元素共13个，当前第5个
2020-09-04 18:55:44,706 - basepage - INFO - Click back on current page.
2020-09-04 18:55:52,068 - 2 - INFO - 页面"满vip版手游_手游sf送顶级vip_满级vip无限元宝手游下载-最笨下载"跳转正常,该类元素共13个，当前第6个
2020-09-04 18:55:52,358 - basepage - INFO - Click back on current page.
2020-09-04 18:56:00,285 - 2 - INFO - 页面"满vip版手游_手游sf送顶级vip_满级vip无限元宝手游下载-最笨下载"跳转正常,该类元素共13个，当前第7个
2020-09-04 18:56:00,575 - basepage - INFO - Click back on current page.
2020-09-04 18:56:07,904 - 2 - INFO - 页面"满vip版手游_手游sf送顶级vip_满级vip无限元宝手游下载-最笨下载"跳转正常,该类元素共13个，当前第8个
2020-09-04 18:56:08,368 - basepage - INFO - Click back on current page.
2020-09-04 18:56:15,572 - 2 - INFO - 页面"满vip版手游_手游sf送顶级vip_满级vip无限元宝手游下载-最笨下载"跳转正常,该类元素共13个，当前第9个
2020-09-04 18:56:15,841 - basepage - INFO - Click back on current page.
2020-09-04 18:56:23,344 - 2 - INFO - 页面"满vip版手游_手游sf送顶级vip_满级vip无限元宝手游下载-最笨下载"跳转正常,该类元素共13个，当前第10个
2020-09-04 18:56:23,608 - basepage - INFO - Click back on current page.
2020-09-04 18:56:30,734 - 2 - INFO - 页面"满vip版手游_手游sf送顶级vip_满级vip无限元宝手游下载-最笨下载"跳转正常,该类元素共13个，当前第11个
2020-09-04 18:56:31,269 - basepage - INFO - Click back on current page.
2020-09-04 18:56:38,707 - 2 - INFO - 页面"满vip版手游_手游sf送顶级vip_满级vip无限元宝手游下载-最笨下载"跳转正常,该类元素共13个，当前第12个
2020-09-04 18:56:38,941 - basepage - INFO - Click back on current page.
2020-09-04 18:56:46,075 - 2 - INFO - 页面"满vip版手游_手游sf送顶级vip_满级vip无限元宝手游下载-最笨下载"跳转正常,该类元素共13个，当前第13个
2020-09-04 18:56:46,357 - basepage - INFO - Click back on current page.
2020-09-04 18:56:54,735 - 2 - INFO - 页面"萌斗魏蜀吴（GM特权）_萌斗魏蜀吴（GM特权）无限元宝服_SF变态版萌斗魏蜀吴（GM特权）公益服下载 - 最笨下载"跳转正常,该类元素共18个，当前第1个
2020-09-04 18:57:00,882 - 2 - INFO - 页面"龙之剑圣（刷海量充值）_龙之剑圣（刷海量充值）无限元宝服_SF变态版龙之剑圣（刷海量充值）公益服下载 - 最笨下载"跳转正常,该类元素共18个，当前第2个
2020-09-04 18:57:07,032 - 2 - INFO - 页面"操戈天下（送海量元宝）_操戈天下（送海量元宝）无限元宝服_SF变态版操戈天下（送海量元宝）公益服下载 - 最笨下载"跳转正常,该类元素共18个，当前第3个
2020-09-04 18:57:13,168 - 2 - INFO - 页面"幻剑情缘（送千元充值）_幻剑情缘（送千元充值）无限元宝服_SF变态版幻剑情缘（送千元充值）公益服下载 - 最笨下载"跳转正常,该类元素共18个，当前第4个
2020-09-04 18:57:19,310 - 2 - INFO - 页面"影歌（海量打金特权）_影歌（海量打金特权）无限元宝服_SF变态版影歌（海量打金特权）公益服下载 - 最笨下载"跳转正常,该类元素共18个，当前第5个
2020-09-04 18:57:25,449 - 2 - INFO - 页面"闪将三国（送千元充值）_闪将三国（送千元充值）无限元宝服_SF变态版闪将三国（送千元充值）公益服下载 - 最笨下载"跳转正常,该类元素共18个，当前第6个
2020-09-04 18:57:31,574 - 2 - INFO - 页面"乱戳三国2（送GM特权）_乱戳三国2（送GM特权）无限元宝服_SF变态版乱戳三国2（送GM特权）公益服下载 - 最笨下载"跳转正常,该类元素共18个，当前第7个
2020-09-04 18:57:37,715 - 2 - INFO - 页面"吞噬苍穹（海量充值卡）_吞噬苍穹（海量充值卡）无限元宝服_SF变态版吞噬苍穹（海量充值卡）公益服下载 - 最笨下载"跳转正常,该类元素共18个，当前第8个
2020-09-04 18:57:43,885 - 2 - INFO - 页面"刀剑神魔录（1元商城特权）_刀剑神魔录（1元商城特权）无限元宝服_SF变态版刀剑神魔录（1元商城特权）公益服下载 - 最笨下载"跳转正常,该类元素共18个，当前第9个
2020-09-04 18:57:50,051 - 2 - INFO - 页面"乱世江湖（天天送充值）_乱世江湖（天天送充值）无限元宝服_SF变态版乱世江湖（天天送充值）公益服下载 - 最笨下载"跳转正常,该类元素共18个，当前第10个
2020-09-04 18:57:56,200 - 2 - INFO - 页面"王者战歌（送千元充值）_王者战歌（送千元充值）无限元宝服_SF变态版王者战歌（送千元充值）公益服下载 - 最笨下载"跳转正常,该类元素共18个，当前第11个
2020-09-04 18:58:02,331 - 2 - INFO - 页面"齐天记（海量资源特权）_齐天记（海量资源特权）无限元宝服_SF变态版齐天记（海量资源特权）公益服下载 - 最笨下载"跳转正常,该类元素共18个，当前第12个
2020-09-04 18:58:08,480 - 2 - INFO - 页面"征程三国（送百抽S神将）_征程三国（送百抽S神将）无限元宝服_SF变态版征程三国（送百抽S神将）公益服下载 - 最笨下载"跳转正常,该类元素共18个，当前第13个
2020-09-04 18:58:14,604 - 2 - INFO - 页面"净化（海量商城特权）_净化（海量商城特权）无限元宝服_SF变态版净化（海量商城特权）公益服下载 - 最笨下载"跳转正常,该类元素共18个，当前第14个
2020-09-04 18:58:20,775 - 2 - INFO - 页面"机甲战纪（送GM特权）_机甲战纪（送GM特权）无限元宝服_SF变态版机甲战纪（送GM特权）公益服下载 - 最笨下载"跳转正常,该类元素共18个，当前第15个
2020-09-04 18:58:26,932 - 2 - INFO - 页面"星星喵（送千元充值）_星星喵（送千元充值）无限元宝服_SF变态版星星喵（送千元充值）公益服下载 - 最笨下载"跳转正常,该类元素共18个，当前第16个
2020-09-04 18:58:33,073 - 2 - INFO - 页面"轩辕剑群侠传（商城特权）_轩辕剑群侠传（商城特权）无限元宝服_SF变态版轩辕剑群侠传（商城特权）公益服下载 - 最笨下载"跳转正常,该类元素共18个，当前第17个
2020-09-04 18:58:39,210 - 2 - INFO - 页面"大秦之帝国崛起（送法拉利）_大秦之帝国崛起（送法拉利）无限元宝服_SF变态版大秦之帝国崛起（送法拉利）公益服下载 - 最笨下载"跳转正常,该类元素共18个，当前第18个
2020-09-04 18:58:45,504 - 2 - INFO - 页面"gm版手游_无限元宝/钻石公益服_0元免费gm权限手游下载-最笨下载"跳转正常,该类元素共13个，当前第1个
2020-09-04 18:58:45,785 - basepage - INFO - Click back on current page.
2020-09-04 18:58:52,989 - 2 - INFO - 页面"gm版手游_无限元宝/钻石公益服_0元免费gm权限手游下载-最笨下载"跳转正常,该类元素共13个，当前第2个
2020-09-04 18:58:53,453 - basepage - INFO - Click back on current page.
2020-09-04 18:59:00,677 - 2 - INFO - 页面"gm版手游_无限元宝/钻石公益服_0元免费gm权限手游下载-最笨下载"跳转正常,该类元素共13个，当前第3个
2020-09-04 18:59:00,984 - basepage - INFO - Click back on current page.
2020-09-04 18:59:08,189 - 2 - INFO - 页面"gm版手游_无限元宝/钻石公益服_0元免费gm权限手游下载-最笨下载"跳转正常,该类元素共13个，当前第4个
2020-09-04 18:59:08,467 - basepage - INFO - Click back on current page.
2020-09-04 18:59:15,642 - 2 - INFO - 页面"gm版手游_无限元宝/钻石公益服_0元免费gm权限手游下载-最笨下载"跳转正常,该类元素共13个，当前第5个
2020-09-04 18:59:16,102 - basepage - INFO - Click back on current page.
2020-09-04 18:59:23,225 - 2 - INFO - 页面"gm版手游_无限元宝/钻石公益服_0元免费gm权限手游下载-最笨下载"跳转正常,该类元素共13个，当前第6个
2020-09-04 18:59:23,500 - basepage - INFO - Click back on current page.
2020-09-04 18:59:30,730 - 2 - INFO - 页面"gm版手游_无限元宝/钻石公益服_0元免费gm权限手游下载-最笨下载"跳转正常,该类元素共13个，当前第7个
2020-09-04 18:59:31,016 - basepage - INFO - Click back on current page.
2020-09-04 18:59:38,181 - 2 - INFO - 页面"gm版手游_无限元宝/钻石公益服_0元免费gm权限手游下载-最笨下载"跳转正常,该类元素共13个，当前第8个
2020-09-04 18:59:38,582 - basepage - INFO - Click back on current page.
2020-09-04 18:59:45,790 - 2 - INFO - 页面"gm版手游_无限元宝/钻石公益服_0元免费gm权限手游下载-最笨下载"跳转正常,该类元素共13个，当前第9个
2020-09-04 18:59:46,082 - basepage - INFO - Click back on current page.
2020-09-04 18:59:53,306 - 2 - INFO - 页面"gm版手游_无限元宝/钻石公益服_0元免费gm权限手游下载-最笨下载"跳转正常,该类元素共13个，当前第10个
2020-09-04 18:59:53,582 - basepage - INFO - Click back on current page.
2020-09-04 19:00:00,686 - 2 - INFO - 页面"gm版手游_无限元宝/钻石公益服_0元免费gm权限手游下载-最笨下载"跳转正常,该类元素共13个，当前第11个
2020-09-04 19:00:01,135 - basepage - INFO - Click back on current page.
2020-09-04 19:00:08,328 - 2 - INFO - 页面"gm版手游_无限元宝/钻石公益服_0元免费gm权限手游下载-最笨下载"跳转正常,该类元素共13个，当前第12个
2020-09-04 19:00:08,599 - basepage - INFO - Click back on current page.
2020-09-04 19:00:15,738 - 2 - INFO - 页面"gm版手游_无限元宝/钻石公益服_0元免费gm权限手游下载-最笨下载"跳转正常,该类元素共13个，当前第13个
2020-09-04 19:00:15,980 - basepage - INFO - Click back on current page.
2020-09-04 19:00:24,331 - 2 - INFO - 页面"九州剑灵（GM版）_九州剑灵（GM版）免费gm权限安卓下载 - 最笨下载"跳转正常,该类元素共18个，当前第1个
2020-09-04 19:00:30,472 - 2 - INFO - 页面"仙游（GM版）_仙游（GM版）免费gm权限安卓下载 - 最笨下载"跳转正常,该类元素共18个，当前第2个
2020-09-04 19:00:36,595 - 2 - INFO - 页面"高达（GM版）_高达（GM版）免费gm权限安卓下载 - 最笨下载"跳转正常,该类元素共18个，当前第3个
2020-09-04 19:00:42,748 - 2 - INFO - 页面"暗黑王者（GM版）_暗黑王者（GM版）免费gm权限安卓下载 - 最笨下载"跳转正常,该类元素共18个，当前第4个
2020-09-04 19:00:48,897 - 2 - INFO - 页面"问鼎封神（GM版）_问鼎封神（GM版）免费gm权限安卓下载 - 最笨下载"跳转正常,该类元素共18个，当前第5个
2020-09-04 19:00:55,060 - 2 - INFO - 页面"仙剑轮回（GM版）_仙剑轮回（GM版）免费gm权限安卓下载 - 最笨下载"跳转正常,该类元素共18个，当前第6个
2020-09-04 19:01:01,200 - 2 - INFO - 页面"神道仙尊（GM版）_神道仙尊（GM版）免费gm权限安卓下载 - 最笨下载"跳转正常,该类元素共18个，当前第7个
2020-09-04 19:01:07,346 - 2 - INFO - 页面"大将无双（GM版）_大将无双（GM版）免费gm权限安卓下载 - 最笨下载"跳转正常,该类元素共18个，当前第8个
2020-09-04 19:01:13,487 - 2 - INFO - 页面"青云剑诀（GM版）_青云剑诀（GM版）免费gm权限安卓下载 - 最笨下载"跳转正常,该类元素共18个，当前第9个
2020-09-04 19:01:20,245 - 2 - INFO - 页面"寂灭剑诀（GM版）_寂灭剑诀（GM版）免费gm权限安卓下载 - 最笨下载"跳转正常,该类元素共18个，当前第10个
2020-09-04 19:01:26,379 - 2 - INFO - 页面"封神记（GM版）_封神记（GM版）免费gm权限安卓下载 - 最笨下载"跳转正常,该类元素共18个，当前第11个
2020-09-04 19:01:32,528 - 2 - INFO - 页面"豪门小老婆（GM版）_豪门小老婆（GM版）免费gm权限安卓下载 - 最笨下载"跳转正常,该类元素共18个，当前第12个
2020-09-04 19:01:38,673 - 2 - INFO - 页面"三生三誓青丘传（GM版）_三生三誓青丘传（GM版）免费gm权限安卓下载 - 最笨下载"跳转正常,该类元素共18个，当前第13个
2020-09-04 19:01:44,802 - 2 - INFO - 页面"毒尊三国（GM版）_毒尊三国（GM版）免费gm权限安卓下载 - 最笨下载"跳转正常,该类元素共18个，当前第14个
2020-09-04 19:01:50,949 - 2 - INFO - 页面"乱世神话（GM版）_乱世神话（GM版）免费gm权限安卓下载 - 最笨下载"跳转正常,该类元素共18个，当前第15个
2020-09-04 19:01:57,087 - 2 - INFO - 页面"天子问剑（GM版）_天子问剑（GM版）免费gm权限安卓下载 - 最笨下载"跳转正常,该类元素共18个，当前第16个
2020-09-04 19:02:03,209 - 2 - INFO - 页面"风云三国（GM版）_风云三国（GM版）免费gm权限安卓下载 - 最笨下载"跳转正常,该类元素共18个，当前第17个
2020-09-04 19:02:09,346 - 2 - INFO - 页面"古惑三国志（GM版）_古惑三国志（GM版）免费gm权限安卓下载 - 最笨下载"跳转正常,该类元素共18个，当前第18个
2020-09-04 19:02:27,317 - 2 - INFO - 页面"免费权限GM游戏"跳转正常,该类元素共4个，当前第1个
2020-09-04 19:02:27,932 - basepage - INFO - Click back on current page.
2020-09-04 19:02:33,243 - 2 - INFO - 页面"聊天回复神器合集"跳转正常,该类元素共4个，当前第2个
2020-09-04 19:02:33,488 - basepage - INFO - Click back on current page.
2020-09-04 19:02:40,627 - 2 - INFO - 页面"超变私服传奇一刀999999级"跳转正常,该类元素共4个，当前第3个
2020-09-04 19:02:40,948 - basepage - INFO - Click back on current page.
2020-09-04 19:02:47,057 - 2 - INFO - 页面"美女爆衣游戏手游"跳转正常,该类元素共4个，当前第4个
2020-09-04 19:02:47,528 - basepage - INFO - Click back on current page.
2020-09-04 19:02:55,185 - 2 - INFO - 页面"【苹果播放器】iPhone手机播放器,iPhone播放器免费下载大全-最笨下载"跳转正常,该类元素共19个，当前第1个
2020-09-04 19:02:55,659 - basepage - INFO - Click back on current page.
2020-09-04 19:03:02,268 - 2 - INFO - 页面"【苹果学习软件】iPhone手机学习软件_iPhone学习软件免费下载大全-最笨下载"跳转正常,该类元素共19个，当前第2个
2020-09-04 19:03:02,538 - basepage - INFO - Click back on current page.
2020-09-04 19:03:09,066 - 2 - INFO - 页面"【苹果辅助软件】iPhone手机辅助软件_iPhone辅助软件免费下载大全-最笨下载"跳转正常,该类元素共19个，当前第3个
2020-09-04 19:03:09,551 - basepage - INFO - Click back on current page.
2020-09-04 19:03:16,205 - 2 - INFO - 页面"【苹果输入法】iPhone手机输入法_iPhone输入法免费下载大全-最笨下载"跳转正常,该类元素共19个，当前第4个
2020-09-04 19:03:16,505 - basepage - INFO - Click back on current page.
2020-09-04 19:03:23,090 - 2 - INFO - 页面"【苹果通信软件】iPhone手机通信软件_iPhone通信软件免费下载大全-最笨下载"跳转正常,该类元素共19个，当前第5个
2020-09-04 19:03:23,630 - basepage - INFO - Click back on current page.
2020-09-04 19:03:30,244 - 2 - INFO - 页面"【苹果固件】iPhone手机固件软件_iPhone固件软件免费下载大全-最笨下载"跳转正常,该类元素共19个，当前第6个
2020-09-04 19:03:30,527 - basepage - INFO - Click back on current page.
2020-09-04 19:03:37,124 - 2 - INFO - 页面"【苹果文件管理软件】iPhone手机文件管理软件_iPhone文件管理软件免费下载大全-最笨下载"跳转正常,该类元素共19个，当前第7个
2020-09-04 19:03:37,602 - basepage - INFO - Click back on current page.
2020-09-04 19:03:44,216 - 2 - INFO - 页面"【苹果同步软件】iPhone手机同步软件_iPhone同步软件免费下载大全-最笨下载"跳转正常,该类元素共19个，当前第8个
2020-09-04 19:03:44,495 - basepage - INFO - Click back on current page.
2020-09-04 19:03:51,162 - 2 - INFO - 页面"【苹果办公软件】iPhone手机办公软件_iPhone办公软件免费下载大全-最笨下载"跳转正常,该类元素共19个，当前第9个
2020-09-04 19:03:51,635 - basepage - INFO - Click back on current page.
2020-09-04 19:03:58,256 - 2 - INFO - 页面"【苹果理财软件】iPhone手机理财软件_iPhone理财软件免费下载大全-最笨下载"跳转正常,该类元素共19个，当前第10个
2020-09-04 19:03:58,526 - basepage - INFO - Click back on current page.
2020-09-04 19:04:05,152 - 2 - INFO - 页面"【苹果备份软件】iPhone手机备份软件_iPhone备份软件免费下载大全-最笨下载"跳转正常,该类元素共19个，当前第11个
2020-09-04 19:04:05,618 - basepage - INFO - Click back on current page.
2020-09-04 19:04:12,263 - 2 - INFO - 页面"【苹果健身软件】iPhone手机健身软件_iPhone健身软件免费下载大全-最笨下载"跳转正常,该类元素共19个，当前第12个
2020-09-04 19:04:12,538 - basepage - INFO - Click back on current page.
2020-09-04 19:04:19,253 - 2 - INFO - 页面"【苹果健康管理软件】iPhone手机健康管理软件_iPhone健康管理软件免费下载大全-最笨下载"跳转正常,该类元素共19个，当前第13个
2020-09-04 19:04:19,718 - basepage - INFO - Click back on current page.
2020-09-04 19:04:26,391 - 2 - INFO - 页面"【苹果系统软件】iPhone手机系统软件_iPhone系统软件免费下载大全-最笨下载"跳转正常,该类元素共19个，当前第14个
2020-09-04 19:04:26,681 - basepage - INFO - Click back on current page.
2020-09-04 19:04:33,321 - 2 - INFO - 页面"【苹果社交软件】iphone手机社交软件_iphone社交软件免费下载大全-最笨下载"跳转正常,该类元素共19个，当前第15个
2020-09-04 19:04:33,799 - basepage - INFO - Click back on current page.
2020-09-04 19:04:40,447 - 2 - INFO - 页面"【苹果娱乐软件】iPhone手机娱乐软件_iPhone娱乐软件免费下载大全-最笨下载"跳转正常,该类元素共19个，当前第16个
2020-09-04 19:04:40,733 - basepage - INFO - Click back on current page.
2020-09-04 19:04:47,503 - 2 - INFO - 页面"【苹果导航】iPhone手机导航软件,iPhone导航软件免费下载大全-最笨下载"跳转正常,该类元素共19个，当前第17个
2020-09-04 19:04:47,945 - basepage - INFO - Click back on current page.
2020-09-04 19:04:54,585 - 2 - INFO - 页面"【苹果网络软件】iPhone手机网络软件,iPhone网络软件免费下载大全-最笨下载"跳转正常,该类元素共19个，当前第18个
2020-09-04 19:04:54,883 - basepage - INFO - Click back on current page.
2020-09-04 19:05:01,515 - 2 - INFO - 页面"【苹果助手软件】iPhone生活助手软件_iPhone生活助手软件免费下载大全-最笨下载"跳转正常,该类元素共19个，当前第19个
2020-09-04 19:05:02,019 - basepage - INFO - Click back on current page.
2020-09-04 19:05:10,386 - 2 - INFO - 页面"安致手游盒子ios版_安致手游盒子ios版下载_安致手游盒子ios版官方下载-最笨下载"跳转正常,该类元素共18个，当前第1个
2020-09-04 19:05:16,536 - 2 - INFO - 页面"爪游控游戏盒子ios版_爪游控游戏盒子ios版下载_爪游控游戏盒子ios版官方下载-最笨下载"跳转正常,该类元素共18个，当前第2个
2020-09-04 19:05:22,704 - 2 - INFO - 页面"手机玩盒子ios版_手机玩盒子ios版下载_手机玩盒子ios版官方下载-最笨下载"跳转正常,该类元素共18个，当前第3个
2020-09-04 19:05:28,816 - 2 - INFO - 页面"蜜小助ios版_蜜小助ios版下载_蜜小助ios版官方下载-最笨下载"跳转正常,该类元素共18个，当前第4个
2020-09-04 19:05:34,984 - 2 - INFO - 页面"BT游戏大全ios_BT游戏大全ios下载_BT游戏大全ios官方下载-最笨下载"跳转正常,该类元素共18个，当前第5个
2020-09-04 19:05:41,154 - 2 - INFO - 页面"小8游戏盒子ios_小8游戏盒子ios下载_小8游戏盒子ios官方下载-最笨下载"跳转正常,该类元素共18个，当前第6个
2020-09-04 19:05:47,303 - 2 - INFO - 页面"安卓市场ios版_安卓市场ios版下载_安卓市场ios版官方下载-最笨下载"跳转正常,该类元素共18个，当前第7个
2020-09-04 19:05:53,426 - 2 - INFO - 页面"剪映_剪映下载_剪映官方下载-最笨下载"跳转正常,该类元素共18个，当前第8个
2020-09-04 19:05:59,560 - 2 - INFO - 页面"吾爱看书ios版_吾爱看书ios版下载_吾爱看书ios版官方下载-最笨下载"跳转正常,该类元素共18个，当前第9个
2020-09-04 19:06:05,695 - 2 - INFO - 页面"7743游戏平台_7743游戏平台下载_7743游戏平台官方下载-最笨下载"跳转正常,该类元素共18个，当前第10个
2020-09-04 19:06:11,845 - 2 - INFO - 页面"搜书帝ios_搜书帝ios下载_搜书帝ios官方下载-最笨下载"跳转正常,该类元素共18个，当前第11个
2020-09-04 19:06:18,015 - 2 - INFO - 页面"大塘小鱼_大塘小鱼下载_大塘小鱼官方下载-最笨下载"跳转正常,该类元素共18个，当前第12个
2020-09-04 19:06:24,137 - 2 - INFO - 页面"花溪小说_花溪小说下载_花溪小说官方下载-最笨下载"跳转正常,该类元素共18个，当前第13个
2020-09-04 19:06:30,258 - 2 - INFO - 页面"手译_手译下载_手译官方下载-最笨下载"跳转正常,该类元素共18个，当前第14个
2020-09-04 19:06:36,429 - 2 - INFO - 页面"sjcam_sjcam下载_sjcam官方下载-最笨下载"跳转正常,该类元素共18个，当前第15个
2020-09-04 19:06:42,555 - 2 - INFO - 页面"WearHeart_WearHeart下载_WearHeart官方下载-最笨下载"跳转正常,该类元素共18个，当前第16个
2020-09-04 19:06:48,704 - 2 - INFO - 页面"仓鼠阅读_仓鼠阅读下载_仓鼠阅读官方下载-最笨下载"跳转正常,该类元素共18个，当前第17个
2020-09-04 19:06:54,829 - 2 - INFO - 页面"漫番漫画_漫番漫画下载_漫番漫画官方下载-最笨下载"跳转正常,该类元素共18个，当前第18个
2020-09-04 19:07:01,456 - 2 - INFO - 页面"变态手游公益服_bt手游变态服_无限元宝bt手游下载_BT手游中心-最笨下载"跳转正常,该类元素共13个，当前第1个
2020-09-04 19:07:01,729 - basepage - INFO - Click back on current page.
2020-09-04 19:07:08,981 - 2 - INFO - 页面"变态手游公益服_bt手游变态服_无限元宝bt手游下载_BT手游中心-最笨下载"跳转正常,该类元素共13个，当前第2个
2020-09-04 19:07:09,504 - basepage - INFO - Click back on current page.
2020-09-04 19:07:16,712 - 2 - INFO - 页面"变态手游公益服_bt手游变态服_无限元宝bt手游下载_BT手游中心-最笨下载"跳转正常,该类元素共13个，当前第3个
2020-09-04 19:07:17,005 - basepage - INFO - Click back on current page.
2020-09-04 19:07:24,283 - 2 - INFO - 页面"变态手游公益服_bt手游变态服_无限元宝bt手游下载_BT手游中心-最笨下载"跳转正常,该类元素共13个，当前第4个
2020-09-04 19:07:24,567 - basepage - INFO - Click back on current page.
2020-09-04 19:07:31,790 - 2 - INFO - 页面"变态手游公益服_bt手游变态服_无限元宝bt手游下载_BT手游中心-最笨下载"跳转正常,该类元素共13个，当前第5个
2020-09-04 19:07:32,439 - basepage - INFO - Click back on current page.
2020-09-04 19:07:39,784 - 2 - INFO - 页面"变态手游公益服_bt手游变态服_无限元宝bt手游下载_BT手游中心-最笨下载"跳转正常,该类元素共13个，当前第6个
2020-09-04 19:07:40,119 - basepage - INFO - Click back on current page.
2020-09-04 19:07:47,316 - 2 - INFO - 页面"变态手游公益服_bt手游变态服_无限元宝bt手游下载_BT手游中心-最笨下载"跳转正常,该类元素共13个，当前第7个
2020-09-04 19:07:47,649 - basepage - INFO - Click back on current page.
2020-09-04 19:07:54,816 - 2 - INFO - 页面"变态手游公益服_bt手游变态服_无限元宝bt手游下载_BT手游中心-最笨下载"跳转正常,该类元素共13个，当前第8个
2020-09-04 19:07:55,456 - basepage - INFO - Click back on current page.
2020-09-04 19:08:02,668 - 2 - INFO - 页面"变态手游公益服_bt手游变态服_无限元宝bt手游下载_BT手游中心-最笨下载"跳转正常,该类元素共13个，当前第9个
2020-09-04 19:08:03,052 - basepage - INFO - Click back on current page.
2020-09-04 19:08:10,222 - 2 - INFO - 页面"变态手游公益服_bt手游变态服_无限元宝bt手游下载_BT手游中心-最笨下载"跳转正常,该类元素共13个，当前第10个
2020-09-04 19:08:10,662 - basepage - INFO - Click back on current page.
2020-09-04 19:08:17,825 - 2 - INFO - 页面"变态手游公益服_bt手游变态服_无限元宝bt手游下载_BT手游中心-最笨下载"跳转正常,该类元素共13个，当前第11个
2020-09-04 19:08:18,393 - basepage - INFO - Click back on current page.
2020-09-04 19:08:25,605 - 2 - INFO - 页面"变态手游公益服_bt手游变态服_无限元宝bt手游下载_BT手游中心-最笨下载"跳转正常,该类元素共13个，当前第12个
2020-09-04 19:08:25,934 - basepage - INFO - Click back on current page.
2020-09-04 19:08:33,190 - 2 - INFO - 页面"变态手游公益服_bt手游变态服_无限元宝bt手游下载_BT手游中心-最笨下载"跳转正常,该类元素共13个，当前第13个
2020-09-04 19:08:33,526 - basepage - INFO - Click back on current page.
2020-09-04 19:08:41,880 - 2 - INFO - 页面"天祭（天天爆充值）_天祭（天天爆充值）无限元宝服_SF变态版天祭（天天爆充值）公益服下载 - 最笨下载"跳转正常,该类元素共18个，当前第1个
2020-09-04 19:08:48,018 - 2 - INFO - 页面"梦幻仙道（送2020充值）_梦幻仙道（送2020充值）无限元宝服_SF变态版梦幻仙道（送2020充值）公益服下载 - 最笨下载"跳转正常,该类元素共18个，当前第2个
2020-09-04 19:08:54,152 - 2 - INFO - 页面"心动女生（送千元充值）_心动女生（送千元充值）无限元宝服_SF变态版心动女生（送千元充值）公益服下载 - 最笨下载"跳转正常,该类元素共18个，当前第3个
2020-09-04 19:09:00,287 - 2 - INFO - 页面"猎妖（送海量充值）_猎妖（送海量充值）无限元宝服_SF变态版猎妖（送海量充值）公益服下载 - 最笨下载"跳转正常,该类元素共18个，当前第4个
2020-09-04 19:09:06,415 - 2 - INFO - 页面"问鼎天下（海量送元宝）_问鼎天下（海量送元宝）无限元宝服_SF变态版问鼎天下（海量送元宝）公益服下载 - 最笨下载"跳转正常,该类元素共18个，当前第5个
2020-09-04 19:09:12,539 - 2 - INFO - 页面"小白不言弃（送百抽）_小白不言弃（送百抽）无限元宝服_SF变态版小白不言弃（送百抽）公益服下载 - 最笨下载"跳转正常,该类元素共18个，当前第6个
2020-09-04 19:09:18,678 - 2 - INFO - 页面"封神传奇（福利特权）_封神传奇（福利特权）无限元宝服_SF变态版封神传奇（福利特权）公益服下载 - 最笨下载"跳转正常,该类元素共18个，当前第7个
2020-09-04 19:09:24,816 - 2 - INFO - 页面"风暴之锤（福利特权）_风暴之锤（福利特权）无限元宝服_SF变态版风暴之锤（福利特权）公益服下载 - 最笨下载"跳转正常,该类元素共18个，当前第8个
2020-09-04 19:09:30,949 - 2 - INFO - 页面"邪域战灵（送千元充值）_邪域战灵（送千元充值）无限元宝服_SF变态版邪域战灵（送千元充值）公益服下载 - 最笨下载"跳转正常,该类元素共18个，当前第9个
2020-09-04 19:09:37,074 - 2 - INFO - 页面"蜂之恋（送500充值）_蜂之恋（送500充值）无限元宝服_SF变态版蜂之恋（送500充值）公益服下载 - 最笨下载"跳转正常,该类元素共18个，当前第10个
2020-09-04 19:09:43,226 - 2 - INFO - 页面"战仙传（海量充值特权）_战仙传（海量充值特权）无限元宝服_SF变态版战仙传（海量充值特权）公益服下载 - 最笨下载"跳转正常,该类元素共18个，当前第11个
2020-09-04 19:09:49,357 - 2 - INFO - 页面"捉妖手机（送万抽）_捉妖手机（送万抽）无限元宝服_SF变态版捉妖手机（送万抽）公益服下载 - 最笨下载"跳转正常,该类元素共18个，当前第12个
2020-09-04 19:09:55,488 - 2 - INFO - 页面"口袋高手（狂抽猛送特权）_口袋高手（狂抽猛送特权）无限元宝服_SF变态版口袋高手（狂抽猛送特权）公益服下载 - 最笨下载"跳转正常,该类元素共18个，当前第13个
2020-09-04 19:10:03,911 - 2 - INFO - 页面"传奇国度（天降红包）_传奇国度（天降红包）无限元宝服_SF变态版传奇国度（天降红包）公益服下载 - 最笨下载"跳转正常,该类元素共18个，当前第14个
2020-09-04 19:10:10,046 - 2 - INFO - 页面"圣剑神域（每日送真充）_圣剑神域（每日送真充）无限元宝服_SF变态版圣剑神域（每日送真充）公益服下载 - 最笨下载"跳转正常,该类元素共18个，当前第15个
2020-09-04 19:10:16,180 - 2 - INFO - 页面"女神竞技场（送SS女神）_女神竞技场（送SS女神）无限元宝服_SF变态版女神竞技场（送SS女神）公益服下载 - 最笨下载"跳转正常,该类元素共18个，当前第16个
2020-09-04 19:10:22,314 - 2 - INFO - 页面"格斗之皇（送328充值）_格斗之皇（送328充值）无限元宝服_SF变态版格斗之皇（送328充值）公益服下载 - 最笨下载"跳转正常,该类元素共18个，当前第17个
2020-09-04 19:10:28,443 - 2 - INFO - 页面"三界轮回（送千元充值）_三界轮回（送千元充值）无限元宝服_SF变态版三界轮回（送千元充值）公益服下载 - 最笨下载"跳转正常,该类元素共18个，当前第18个
2020-09-04 19:10:34,845 - 2 - INFO - 页面"满vip版手游_手游sf送顶级vip_满级vip无限元宝手游下载-最笨下载"跳转正常,该类元素共13个，当前第1个
2020-09-04 19:10:35,157 - basepage - INFO - Click back on current page.
2020-09-04 19:10:42,379 - 2 - INFO - 页面"满vip版手游_手游sf送顶级vip_满级vip无限元宝手游下载-最笨下载"跳转正常,该类元素共13个，当前第2个
2020-09-04 19:10:42,944 - basepage - INFO - Click back on current page.
2020-09-04 19:10:50,284 - 2 - INFO - 页面"满vip版手游_手游sf送顶级vip_满级vip无限元宝手游下载-最笨下载"跳转正常,该类元素共13个，当前第3个
2020-09-04 19:10:50,610 - basepage - INFO - Click back on current page.
2020-09-04 19:10:57,806 - 2 - INFO - 页面"满vip版手游_手游sf送顶级vip_满级vip无限元宝手游下载-最笨下载"跳转正常,该类元素共13个，当前第4个
2020-09-04 19:10:58,161 - basepage - INFO - Click back on current page.
2020-09-04 19:11:05,341 - 2 - INFO - 页面"满vip版手游_手游sf送顶级vip_满级vip无限元宝手游下载-最笨下载"跳转正常,该类元素共13个，当前第5个
2020-09-04 19:11:05,975 - basepage - INFO - Click back on current page.
2020-09-04 19:11:13,233 - 2 - INFO - 页面"满vip版手游_手游sf送顶级vip_满级vip无限元宝手游下载-最笨下载"跳转正常,该类元素共13个，当前第6个
2020-09-04 19:11:13,529 - basepage - INFO - Click back on current page.
2020-09-04 19:11:20,705 - 2 - INFO - 页面"满vip版手游_手游sf送顶级vip_满级vip无限元宝手游下载-最笨下载"跳转正常,该类元素共13个，当前第7个
2020-09-04 19:11:21,008 - basepage - INFO - Click back on current page.
2020-09-04 19:11:28,141 - 2 - INFO - 页面"满vip版手游_手游sf送顶级vip_满级vip无限元宝手游下载-最笨下载"跳转正常,该类元素共13个，当前第8个
2020-09-04 19:11:28,765 - basepage - INFO - Click back on current page.
2020-09-04 19:11:36,025 - 2 - INFO - 页面"满vip版手游_手游sf送顶级vip_满级vip无限元宝手游下载-最笨下载"跳转正常,该类元素共13个，当前第9个
2020-09-04 19:11:36,374 - basepage - INFO - Click back on current page.
2020-09-04 19:11:43,541 - 2 - INFO - 页面"满vip版手游_手游sf送顶级vip_满级vip无限元宝手游下载-最笨下载"跳转正常,该类元素共13个，当前第10个
2020-09-04 19:11:43,845 - basepage - INFO - Click back on current page.
2020-09-04 19:11:50,989 - 2 - INFO - 页面"满vip版手游_手游sf送顶级vip_满级vip无限元宝手游下载-最笨下载"跳转正常,该类元素共13个，当前第11个
2020-09-04 19:11:51,662 - basepage - INFO - Click back on current page.
2020-09-04 19:11:58,801 - 2 - INFO - 页面"满vip版手游_手游sf送顶级vip_满级vip无限元宝手游下载-最笨下载"跳转正常,该类元素共13个，当前第12个
2020-09-04 19:11:59,117 - basepage - INFO - Click back on current page.
2020-09-04 19:12:06,572 - 2 - INFO - 页面"满vip版手游_手游sf送顶级vip_满级vip无限元宝手游下载-最笨下载"跳转正常,该类元素共13个，当前第13个
2020-09-04 19:12:06,897 - basepage - INFO - Click back on current page.
2020-09-04 19:12:15,257 - 2 - INFO - 页面"萌斗魏蜀吴（GM特权）_萌斗魏蜀吴（GM特权）无限元宝服_SF变态版萌斗魏蜀吴（GM特权）公益服下载 - 最笨下载"跳转正常,该类元素共18个，当前第1个
2020-09-04 19:12:21,391 - 2 - INFO - 页面"龙之剑圣（刷海量充值）_龙之剑圣（刷海量充值）无限元宝服_SF变态版龙之剑圣（刷海量充值）公益服下载 - 最笨下载"跳转正常,该类元素共18个，当前第2个
2020-09-04 19:12:27,527 - 2 - INFO - 页面"操戈天下（送海量元宝）_操戈天下（送海量元宝）无限元宝服_SF变态版操戈天下（送海量元宝）公益服下载 - 最笨下载"跳转正常,该类元素共18个，当前第3个
2020-09-04 19:12:33,654 - 2 - INFO - 页面"幻剑情缘（送千元充值）_幻剑情缘（送千元充值）无限元宝服_SF变态版幻剑情缘（送千元充值）公益服下载 - 最笨下载"跳转正常,该类元素共18个，当前第4个
2020-09-04 19:12:39,801 - 2 - INFO - 页面"影歌（海量打金特权）_影歌（海量打金特权）无限元宝服_SF变态版影歌（海量打金特权）公益服下载 - 最笨下载"跳转正常,该类元素共18个，当前第5个
2020-09-04 19:12:45,954 - 2 - INFO - 页面"闪将三国（送千元充值）_闪将三国（送千元充值）无限元宝服_SF变态版闪将三国（送千元充值）公益服下载 - 最笨下载"跳转正常,该类元素共18个，当前第6个
2020-09-04 19:12:52,092 - 2 - INFO - 页面"乱戳三国2（送GM特权）_乱戳三国2（送GM特权）无限元宝服_SF变态版乱戳三国2（送GM特权）公益服下载 - 最笨下载"跳转正常,该类元素共18个，当前第7个
2020-09-04 19:12:58,221 - 2 - INFO - 页面"吞噬苍穹（海量充值卡）_吞噬苍穹（海量充值卡）无限元宝服_SF变态版吞噬苍穹（海量充值卡）公益服下载 - 最笨下载"跳转正常,该类元素共18个，当前第8个
2020-09-04 19:13:04,368 - 2 - INFO - 页面"刀剑神魔录（1元商城特权）_刀剑神魔录（1元商城特权）无限元宝服_SF变态版刀剑神魔录（1元商城特权）公益服下载 - 最笨下载"跳转正常,该类元素共18个，当前第9个
2020-09-04 19:13:10,518 - 2 - INFO - 页面"乱世江湖（天天送充值）_乱世江湖（天天送充值）无限元宝服_SF变态版乱世江湖（天天送充值）公益服下载 - 最笨下载"跳转正常,该类元素共18个，当前第10个
2020-09-04 19:13:16,661 - 2 - INFO - 页面"王者战歌（送千元充值）_王者战歌（送千元充值）无限元宝服_SF变态版王者战歌（送千元充值）公益服下载 - 最笨下载"跳转正常,该类元素共18个，当前第11个
2020-09-04 19:13:22,809 - 2 - INFO - 页面"齐天记（海量资源特权）_齐天记（海量资源特权）无限元宝服_SF变态版齐天记（海量资源特权）公益服下载 - 最笨下载"跳转正常,该类元素共18个，当前第12个
2020-09-04 19:13:28,955 - 2 - INFO - 页面"征程三国（送百抽S神将）_征程三国（送百抽S神将）无限元宝服_SF变态版征程三国（送百抽S神将）公益服下载 - 最笨下载"跳转正常,该类元素共18个，当前第13个
2020-09-04 19:13:35,087 - 2 - INFO - 页面"机甲战纪（送GM特权）_机甲战纪（送GM特权）无限元宝服_SF变态版机甲战纪（送GM特权）公益服下载 - 最笨下载"跳转正常,该类元素共18个，当前第14个
2020-09-04 19:13:41,206 - 2 - INFO - 页面"星星喵（送千元充值）_星星喵（送千元充值）无限元宝服_SF变态版星星喵（送千元充值）公益服下载 - 最笨下载"跳转正常,该类元素共18个，当前第15个
2020-09-04 19:13:47,345 - 2 - INFO - 页面"轩辕剑群侠传（商城特权）_轩辕剑群侠传（商城特权）无限元宝服_SF变态版轩辕剑群侠传（商城特权）公益服下载 - 最笨下载"跳转正常,该类元素共18个，当前第16个
2020-09-04 19:13:53,475 - 2 - INFO - 页面"大秦之帝国崛起（送法拉利）_大秦之帝国崛起（送法拉利）无限元宝服_SF变态版大秦之帝国崛起（送法拉利）公益服下载 - 最笨下载"跳转正常,该类元素共18个，当前第17个
2020-09-04 19:13:59,606 - 2 - INFO - 页面"进击的少女（闯关爆充值）_进击的少女（闯关爆充值）无限元宝服_SF变态版进击的少女（闯关爆充值）公益服下载 - 最笨下载"跳转正常,该类元素共18个，当前第18个
2020-09-04 19:14:05,470 - 2 - INFO - 页面"【苹果益智休闲游戏】好玩的iPhone益智休闲游戏大全_iPhone益智休闲类游戏下载-最笨下载"跳转正常,该类元素共16个，当前第1个
2020-09-04 19:14:05,837 - basepage - INFO - Click back on current page.
2020-09-04 19:14:12,461 - 2 - INFO - 页面"【苹果其他游戏】好玩的iphone其他游戏大全_iphone其他类游戏下载-最笨下载"跳转正常,该类元素共16个，当前第2个
2020-09-04 19:14:13,028 - basepage - INFO - Click back on current page.
2020-09-04 19:14:19,679 - 2 - INFO - 页面"【苹果音乐游戏】好玩的iphone音乐游戏大全_iphone音乐类游戏下载-最笨下载"跳转正常,该类元素共16个，当前第3个
2020-09-04 19:14:19,990 - basepage - INFO - Click back on current page.
2020-09-04 19:14:26,601 - 2 - INFO - 页面"【苹果网络游戏】好玩的iphone网络游戏大全_iphone网络类游戏下载-最笨下载"跳转正常,该类元素共16个，当前第4个
2020-09-04 19:14:27,183 - basepage - INFO - Click back on current page.
2020-09-04 19:14:34,611 - 2 - INFO - 页面"【苹果格斗游戏】好玩的iPhone格斗游戏大全_iPhone格斗类游戏下载-最笨下载"跳转正常,该类元素共16个，当前第5个
2020-09-04 19:14:35,010 - basepage - INFO - Click back on current page.
2020-09-04 19:14:41,633 - 2 - INFO - 页面"【苹果飞行游戏】好玩的iPhone飞行游戏大全_iPhone飞行类游戏下载-最笨下载"跳转正常,该类元素共16个，当前第6个
2020-09-04 19:14:42,183 - basepage - INFO - Click back on current page.
2020-09-04 19:14:48,816 - 2 - INFO - 页面"【苹果体育运动游戏】好玩的iPhone体育运动游戏大全_iPhone体育运动类游戏下载-最笨下载"跳转正常,该类元素共16个，当前第7个
2020-09-04 19:14:49,118 - basepage - INFO - Click back on current page.
2020-09-04 19:14:55,840 - 2 - INFO - 页面"【苹果模拟经营游戏】好玩的iPhone模拟经营游戏大全_iPhone模拟经营类游戏下载-最笨下载"跳转正常,该类元素共16个，当前第8个
2020-09-04 19:14:56,367 - basepage - INFO - Click back on current page.
2020-09-04 19:15:03,029 - 2 - INFO - 页面"【苹果策略游戏】好玩的iphone策略游戏大全_iphone策略类游戏下载-最笨下载"跳转正常,该类元素共16个，当前第9个
2020-09-04 19:15:03,309 - basepage - INFO - Click back on current page.
2020-09-04 19:15:09,930 - 2 - INFO - 页面"【苹果塔防游戏】好玩的iphone塔防游戏大全_iphone塔防类游戏下载-最笨下载"跳转正常,该类元素共16个，当前第10个
2020-09-04 19:15:10,280 - basepage - INFO - Click back on current page.
2020-09-04 19:15:16,930 - 2 - INFO - 页面"【苹果解谜游戏】好玩的iphone解谜游戏大全_iphone解谜类游戏下载-最笨下载"跳转正常,该类元素共16个，当前第11个
2020-09-04 19:15:17,514 - basepage - INFO - Click back on current page.
2020-09-04 19:15:24,231 - 2 - INFO - 页面"【苹果射击游戏】好玩的iphone射击游戏大全_iphone射击类游戏下载-最笨下载"跳转正常,该类元素共16个，当前第12个
2020-09-04 19:15:24,534 - basepage - INFO - Click back on current page.
2020-09-04 19:15:31,223 - 2 - INFO - 页面"【苹果棋牌游戏】好玩的iphone棋牌游戏大全_iphone棋牌类游戏下载-最笨下载"跳转正常,该类元素共16个，当前第13个
2020-09-04 19:15:31,766 - basepage - INFO - Click back on current page.
2020-09-04 19:15:38,391 - 2 - INFO - 页面"【苹果赛车游戏】好玩的iPhone赛车游戏大全_iPhone赛车类游戏下载-最笨下载"跳转正常,该类元素共16个，当前第14个
2020-09-04 19:15:38,673 - basepage - INFO - Click back on current page.
2020-09-04 19:15:45,441 - 2 - INFO - 页面"【苹果角色扮演游戏】好玩的iphone角色扮演游戏_iPhone角色扮演类游戏下载-最笨下载"跳转正常,该类元素共16个，当前第15个
2020-09-04 19:15:45,751 - basepage - INFO - Click back on current page.
2020-09-04 19:15:52,606 - 2 - INFO - 页面"【安卓动作游戏】好玩的iPhone动作游戏大全_iPhone动作类游戏下载-最笨下载"跳转正常,该类元素共16个，当前第16个
2020-09-04 19:15:53,134 - basepage - INFO - Click back on current page.
2020-09-04 19:16:01,486 - 2 - INFO - 页面"真龙战魂（天天送元宝）ios版_真龙战魂（天天送元宝）ios版下载_真龙战魂（天天送元宝）ios版官方下载-最笨下载"跳转正常,该类元素共18个，当前第1个
2020-09-04 19:16:07,623 - 2 - INFO - 页面"魔域王牌（天天送抽卡）iOS版_魔域王牌（天天送抽卡）iOS版下载_魔域王牌（天天送抽卡）iOS版官方下载-最笨下载"跳转正常,该类元素共18个，当前第2个
2020-09-04 19:16:13,749 - 2 - INFO - 页面"冒险王2（送海量充值）ios版_冒险王2（送海量充值）ios版下载_冒险王2（送海量充值）ios版官方下载-最笨下载"跳转正常,该类元素共18个，当前第3个
2020-09-04 19:16:19,876 - 2 - INFO - 页面"恋三国（送百抽）ios版_恋三国（送百抽）ios版下载_恋三国（送百抽）ios版官方下载-最笨下载"跳转正常,该类元素共18个，当前第4个
2020-09-04 19:16:26,027 - 2 - INFO - 页面"屠龙世界（送GM特权）ios版_屠龙世界（送GM特权）ios版下载_屠龙世界（送GM特权）ios版官方下载-最笨下载"跳转正常,该类元素共18个，当前第5个
2020-09-04 19:16:32,160 - 2 - INFO - 页面"将军道（送百连海量抽）ios版_将军道（送百连海量抽）ios版下载_将军道（送百连海量抽）ios版官方下载-最笨下载"跳转正常,该类元素共18个，当前第6个
2020-09-04 19:16:38,299 - 2 - INFO - 页面"塔防镇魂师（送328代金券）ios版_塔防镇魂师（送328代金券）ios版下载_塔防镇魂师（送328代金券）ios版官方下载-最笨下载"跳转正常,该类元素共18个，当前第7个
2020-09-04 19:16:44,435 - 2 - INFO - 页面"乱斗三国ios版_乱斗三国ios版下载_乱斗三国ios版官方下载-最笨下载"跳转正常,该类元素共18个，当前第8个
2020-09-04 19:16:50,569 - 2 - INFO - 页面"兵器少女（无门槛送充）ios版_兵器少女（无门槛送充）ios版下载_兵器少女（无门槛送充）ios版官方下载-最笨下载"跳转正常,该类元素共18个，当前第9个
2020-09-04 19:16:56,709 - 2 - INFO - 页面"猎手之王ios版_猎手之王ios版下载_猎手之王ios版官方下载-最笨下载"跳转正常,该类元素共18个，当前第10个
2020-09-04 19:17:02,844 - 2 - INFO - 页面"古墓迷城ios版_古墓迷城ios版下载_古墓迷城ios版官方下载-最笨下载"跳转正常,该类元素共18个，当前第11个
2020-09-04 19:17:08,973 - 2 - INFO - 页面"国战纪元ios版_国战纪元ios版下载_国战纪元ios版官方下载-最笨下载"跳转正常,该类元素共18个，当前第12个
2020-09-04 19:17:15,110 - 2 - INFO - 页面"天诀ios版_天诀ios版下载_天诀ios版官方下载-最笨下载"跳转正常,该类元素共18个，当前第13个
2020-09-04 19:17:21,244 - 2 - INFO - 页面"仙剑缘（星耀特权）ios版_仙剑缘（星耀特权）ios版下载_仙剑缘（星耀特权）ios版官方下载-最笨下载"跳转正常,该类元素共18个，当前第14个
2020-09-04 19:17:27,394 - 2 - INFO - 页面"九灵神域ios版_九灵神域ios版下载_九灵神域ios版官方下载-最笨下载"跳转正常,该类元素共18个，当前第15个
2020-09-04 19:17:33,525 - 2 - INFO - 页面"天之命（海量特权）ios版_天之命（海量特权）ios版下载_天之命（海量特权）ios版官方下载-最笨下载"跳转正常,该类元素共18个，当前第16个
2020-09-04 19:17:39,651 - 2 - INFO - 页面"魔剑侠缘（星耀特权）ios版_魔剑侠缘（星耀特权）ios版下载_魔剑侠缘（星耀特权）ios版官方下载-最笨下载"跳转正常,该类元素共18个，当前第17个
2020-09-04 19:17:45,777 - 2 - INFO - 页面"仙灵世界（复古绿色服）ios版_仙灵世界（复古绿色服）ios版下载_仙灵世界（复古绿色服）ios版官方下载-最笨下载"跳转正常,该类元素共18个，当前第18个
2020-09-04 19:17:57,227 - 2 - INFO - 页面"ios无限元宝的手游"跳转正常,该类元素共4个，当前第1个
2020-09-04 19:17:57,714 - basepage - INFO - Click back on current page.
2020-09-04 19:18:03,803 - 2 - INFO - 页面"gm手游助手ios"跳转正常,该类元素共4个，当前第2个
2020-09-04 19:18:04,050 - basepage - INFO - Click back on current page.
2020-09-04 19:18:11,257 - 2 - INFO - 页面"ios变态服游戏"跳转正常,该类元素共4个，当前第3个
2020-09-04 19:18:11,609 - basepage - INFO - Click back on current page.
2020-09-04 19:18:17,329 - 2 - INFO - 页面"ios看小说神器"跳转正常,该类元素共4个，当前第4个
2020-09-04 19:18:17,907 - basepage - INFO - Click back on current page.
2020-09-04 19:18:24,830 - 2 - INFO - 页面"【最笨周末活动】暑期特惠，月末活动"跳转正常,该类元素共4个，当前第1个
2020-09-04 19:18:25,077 - basepage - INFO - Click back on current page.
2020-09-04 19:18:29,498 - 2 - INFO - 页面"【最笨福利活动】本周8.22-23周末手游公益服超值"跳转正常,该类元素共4个，当前第2个
2020-09-04 19:18:29,749 - basepage - INFO - Click back on current page.
2020-09-04 19:18:34,271 - 2 - INFO - 页面"【最笨周末活动】8.14周末活动壕礼送不停"跳转正常,该类元素共4个，当前第3个
2020-09-04 19:18:34,533 - basepage - INFO - Click back on current page.
2020-09-04 19:18:39,058 - 2 - INFO - 页面"【最笨周末活动】8.7周末活动海量惊喜等你来拿"跳转正常,该类元素共4个，当前第4个
2020-09-04 19:18:39,292 - basepage - INFO - Click back on current page.
2020-09-04 19:18:45,371 - 2 - INFO - 页面"恋爱话术会员破解版免费下载-恋爱话术库VIP会员"跳转正常,该类元素共20个，当前第1个
2020-09-04 19:18:51,505 - 2 - INFO - 页面"恋爱话术库最新破解版无限搜索-最新恋爱话术内"跳转正常,该类元素共20个，当前第2个
2020-09-04 19:18:57,633 - 2 - INFO - 页面"王者荣耀S21赛季哪一个射手最强-S21赛季射手强度"跳转正常,该类元素共20个，当前第3个
2020-09-04 19:19:03,765 - 2 - INFO - 页面"什么软件可以下载游戏破解版"跳转正常,该类元素共20个，当前第4个
2020-09-04 19:19:09,916 - 2 - INFO - 页面"跟男生聊天有哪些软件"跳转正常,该类元素共20个，当前第5个
2020-09-04 19:19:16,082 - 2 - INFO - 页面"和平精英跨系统转服功能什么时候出-跨系统转服"跳转正常,该类元素共20个，当前第6个
2020-09-04 19:19:22,227 - 2 - INFO - 页面"和平精英2020中秋模式在哪里-2020中秋模式入口位"跳转正常,该类元素共20个，当前第7个
2020-09-04 19:19:28,357 - 2 - INFO - 页面"剑与远征10w钻石兑换码是多少-10w钻石兑换码"跳转正常,该类元素共20个，当前第8个
2020-09-04 19:19:34,494 - 2 - INFO - 页面"剑与远征迷轨沙洲路线图-迷轨沙洲攻略"跳转正常,该类元素共20个，当前第9个
2020-09-04 19:19:40,621 - 2 - INFO - 页面"剑与远征十大后期英雄-后期英雄排行"跳转正常,该类元素共20个，当前第10个
2020-09-04 19:19:46,746 - 2 - INFO - 页面"撩妹恋爱话术库app下载推荐-破解版撩妹恋爱话术"跳转正常,该类元素共20个，当前第11个
2020-09-04 19:19:52,875 - 2 - INFO - 页面"卡牌养成手游排行榜前十名好玩的卡牌养成手游"跳转正常,该类元素共20个，当前第12个
2020-09-04 19:19:59,010 - 2 - INFO - 页面"2020最适合平民玩的卡牌游戏-平民玩的卡牌手机游"跳转正常,该类元素共20个，当前第13个
2020-09-04 19:20:05,133 - 2 - INFO - 页面"什么手游好玩不花时间不花钱-好玩不花时间不花"跳转正常,该类元素共20个，当前第14个
2020-09-04 19:20:11,277 - 2 - INFO - 页面"2020十大变态游戏排行榜-手机变态游戏排行榜to"跳转正常,该类元素共20个，当前第15个
2020-09-04 19:20:17,411 - 2 - INFO - 页面"烟雨江湖紫清金丹怎么吃"跳转正常,该类元素共20个，当前第16个
2020-09-04 19:20:23,561 - 2 - INFO - 页面"剑与远征迷轨沙洲奖励是什么"跳转正常,该类元素共20个，当前第17个
2020-09-04 19:20:29,689 - 2 - INFO - 页面"黎明觉醒为什么闪退"跳转正常,该类元素共20个，当前第18个
2020-09-04 19:20:35,825 - 2 - INFO - 页面"云顶之弈爽歪歪星系是什么"跳转正常,该类元素共20个，当前第19个
2020-09-04 19:20:41,954 - 2 - INFO - 页面"王者荣耀时空之境系统在哪里"跳转正常,该类元素共20个，当前第20个
2020-09-04 19:20:48,101 - 2 - INFO - 页面"apk3安卓网-2020最新apk安卓游戏-热门apk软件下载平台"跳转正常,该类元素共34个，当前第1个
2020-09-04 19:20:54,201 - 2 - INFO - 页面"小游戏,在线小游戏,小游戏大全,双人小游戏,3199小游戏"跳转正常,该类元素共34个，当前第2个
2020-09-04 19:21:00,353 - 2 - INFO - 页面"中文网站排行榜_alexa排行 - 爱站网站排行榜"跳转正常,该类元素共34个，当前第3个
2020-09-04 19:21:06,511 - 2 - INFO - 页面"9号下载_下载软件_免费下载单机游戏_手机游戏下载大全"跳转正常,该类元素共34个，当前第4个
2020-09-04 19:21:33,826 - 2 - INFO - 页面"软件下载中心_绿色免费软件,手机游戏|软件下载,到超人软件站"跳转正常,该类元素共34个，当前第5个
2020-09-04 19:21:39,966 - 2 - INFO - 页面"系统圣地,绿色免费软件,手游下载等软件下载网站"跳转正常,该类元素共34个，当前第6个
2020-09-04 19:21:46,110 - 2 - INFO - 页面"腾讯手游助手官网，官网指定模拟器，海量游戏玩不停"跳转正常,该类元素共34个，当前第7个
2020-09-04 19:21:52,246 - 2 - INFO - 页面"好看小说推荐_热门小说大全_小说排行榜 - 玖陆文学"跳转正常,该类元素共34个，当前第8个
2020-09-04 19:21:58,383 - 2 - INFO - 页面"IE8 IE9 IE10 IE浏览器下载 - IE浏览器中文网站"跳转正常,该类元素共34个，当前第9个
2020-09-04 19:22:04,520 - 2 - INFO - 页面"bt手游平台_满v手游公益服_gm手游排行榜_3733游戏盒子官网"跳转正常,该类元素共34个，当前第10个
2020-09-04 19:22:10,653 - 2 - INFO - 页面"bt公益服变态手游排行榜前十名[新开公测热门+在线人多+免费大型网游]新开最热门好玩人气高的网络游戏有什么_安卓苹果ios客户端游戏下载大全_8979游戏官网"跳转正常,该类元素共34个，当前第11个
2020-09-04 19:22:16,782 - 2 - INFO - 页面"【破解版手机游戏】手机破解游戏下载_安卓手机游戏破解版下载大全-最笨下载"跳转正常,该类元素共34个，当前第12个
2020-09-04 19:22:22,927 - 2 - INFO - 页面"windows10系统之家 - 系统之家提供win10专业版,ISO镜像,企业版等win10系统下载"跳转正常,该类元素共34个，当前第13个
2020-09-04 19:22:29,098 - 2 - INFO - 页面"39整形美容_中国专业医学整形美容门户"跳转正常,该类元素共34个，当前第14个
2020-09-04 19:22:35,233 - 2 - INFO - 页面"零度软件园_官方软件下载_绿色软件_游戏下载_值得信赖的下载站！"跳转正常,该类元素共34个，当前第15个
2020-09-04 19:22:41,380 - 2 - INFO - 页面"单机游戏_单机游戏下载大全中文版下载_好玩的单机游戏下载基地 - 99单机游戏"跳转正常,该类元素共34个，当前第16个
2020-09-04 19:22:47,978 - 2 - INFO - 页面"安卓市场_安卓游戏破解版下载_单机破解版游戏大全_手机网游下载"跳转正常,该类元素共34个，当前第17个
2020-09-04 19:23:24,691 - 2 - INFO - 页面"手机游戏下载-手机软件下载-电脑软件下载-小黑游戏"跳转正常,该类元素共34个，当前第18个
2020-09-04 19:23:33,665 - 2 - INFO - 页面"手机游戏_手机游戏排行榜_好玩的手机游戏_安卓手机游戏推荐_易玩网"跳转正常,该类元素共34个，当前第19个
2020-09-04 19:23:39,808 - 2 - INFO - 页面"手机游戏_好玩的手机游戏下载_手机游戏排行榜-游戏吧"跳转正常,该类元素共34个，当前第20个
2020-09-04 19:23:45,947 - 2 - INFO - 页面"免费手机游戏_好玩的单机游戏_安卓破解版游戏下载_apk8安卓网"跳转正常,该类元素共34个，当前第21个
2020-09-04 19:23:52,087 - 2 - INFO - 页面"免费手机游戏_好玩的单机游戏_安卓破解版游戏下载_apk8安卓网"跳转正常,该类元素共34个，当前第22个
2020-09-04 19:23:58,224 - 2 - INFO - 页面"安卓破解版游戏下载_单机手机破解游戏大全_免费游戏破解版下载-最笨下载"跳转正常,该类元素共34个，当前第23个
2020-09-04 19:24:04,366 - 2 - INFO - 页面"app.3987.com"跳转正常,该类元素共34个，当前第24个
2020-09-04 19:24:10,466 - 2 - INFO - 页面"可可出招表-流星蝴蝶剑出招表-拳皇97出招表-手机游戏-绿色软件下载"跳转正常,该类元素共34个，当前第25个
2020-09-04 19:24:16,924 - 2 - INFO - 页面"爪游控 | 新锐综合资讯媒体"跳转正常,该类元素共34个，当前第26个
2020-09-04 19:24:23,061 - 2 - INFO - 页面"3733游戏盒官网_bt游戏_满vip手游_gm手游大全_破解游戏盒子下载"跳转正常,该类元素共34个，当前第27个
2020-09-04 19:24:29,199 - 2 - INFO - 页面"绿色免费电脑软件下载_手机软件游戏下载中心-520下载站"跳转正常,该类元素共34个，当前第28个
2020-09-04 19:24:39,361 - 2 - INFO - 页面"免费大型经典安卓破解版单机游戏下载排行榜_手机最火爆最新出热门好玩人气高3DBT网络游戏有什么_破解游戏盒子软件大全-下载多"跳转正常,该类元素共34个，当前第29个
2020-09-04 19:24:45,515 - 2 - INFO - 页面"3733游戏盒官网_bt游戏_满vip手游_gm手游大全_破解游戏盒子下载"跳转正常,该类元素共34个，当前第30个
2020-09-04 19:24:56,569 - 2 - INFO - 页面"VR之家_专业VR游戏软件下载网站_VR应用_VR电影_VR视频_VR资源-VR之家"跳转正常,该类元素共34个，当前第31个
2020-09-04 19:25:02,707 - 2 - INFO - 页面"手机玩_免费安卓手机游戏_安卓游戏破解版下载_破解游戏盒子下载"跳转正常,该类元素共34个，当前第32个
2020-09-04 19:25:08,840 - 2 - INFO - 页面"gm手游平台_gm手游盒子_gm版手游下载_3733游戏官网"跳转正常,该类元素共34个，当前第33个
2020-09-04 19:25:21,162 - 2 - INFO - 页面"gm手游平台_gm版无限元宝手游_gm手游盒子下载_gm助手官网"跳转正常,该类元素共34个，当前第34个
2020-09-04 19:25:26,848 - 2 - INFO - 进入"游戏"模块，将执行随机函数
2020-09-04 19:25:29,167 - 2 - INFO - 随机页面"九曲封神（送海量充值）"跳转正常，当前第1个
2020-09-04 19:25:29,262 - basepage - INFO - Click back on current page.
2020-09-04 19:25:33,514 - 2 - INFO - 随机页面"魔侠传（开服送2000充）"跳转正常，当前第2个
2020-09-04 19:25:33,626 - basepage - INFO - Click back on current page.
2020-09-04 19:25:37,974 - 2 - INFO - 随机页面"怒火一刀（天天送充值）"跳转正常，当前第3个
2020-09-04 19:25:38,088 - basepage - INFO - Click back on current page.
2020-09-04 19:25:42,401 - 2 - INFO - 随机页面"少年群侠传（送千元充值）"跳转正常，当前第1个
2020-09-04 19:25:42,533 - basepage - INFO - Click back on current page.
2020-09-04 19:25:46,812 - 2 - INFO - 随机页面"乱戳三国2（送GM特权）"跳转正常，当前第2个
2020-09-04 19:25:46,916 - basepage - INFO - Click back on current page.
2020-09-04 19:25:51,209 - 2 - INFO - 随机页面"仙风道骨（送GM海量充）"跳转正常，当前第3个
2020-09-04 19:25:51,336 - basepage - INFO - Click back on current page.
2020-09-04 19:25:56,580 - 2 - INFO - 进入"应用"模块，将执行随机函数
2020-09-04 19:25:59,094 - 2 - INFO - 随机页面"恋爱教程"跳转正常，当前第1个
2020-09-04 19:25:59,209 - basepage - INFO - Click back on current page.
2020-09-04 19:26:03,484 - 2 - INFO - 随机页面"3733游戏盒子"跳转正常，当前第2个
2020-09-04 19:26:03,690 - basepage - INFO - Click back on current page.
2020-09-04 19:26:08,036 - 2 - INFO - 随机页面"脱单大师"跳转正常，当前第3个
2020-09-04 19:26:08,158 - basepage - INFO - Click back on current page.
2020-09-04 19:26:12,507 - 2 - INFO - 随机页面"蜜小助"跳转正常，当前第1个
2020-09-04 19:26:12,620 - basepage - INFO - Click back on current page.
2020-09-04 19:26:17,846 - 2 - INFO - 随机页面"撩吧"跳转正常，当前第2个
2020-09-04 19:26:17,960 - basepage - INFO - Click back on current page.
2020-09-04 19:26:22,237 - 2 - INFO - 随机页面"破解游戏盒子"跳转正常，当前第3个
2020-09-04 19:26:22,345 - basepage - INFO - Click back on current page.
2020-09-04 19:26:28,857 - 2 - INFO - 进入"资讯"模块，将执行随机函数
2020-09-04 19:26:31,412 - 2 - INFO - 随机页面"脑洞先生关卡360怎么过"跳转正常，当前第1个
2020-09-04 19:26:31,525 - basepage - INFO - Click back on current page.
2020-09-04 19:26:36,149 - 2 - INFO - 随机页面"脑洞先生关卡511怎么过"跳转正常，当前第2个
2020-09-04 19:26:36,265 - basepage - INFO - Click back on current page.
2020-09-04 19:26:40,878 - 2 - INFO - 随机页面"脑洞先生关卡361怎么过"跳转正常，当前第3个
2020-09-04 19:26:40,980 - basepage - INFO - Click back on current page.
2020-09-04 19:26:45,332 - 2 - INFO - 随机页面"武器之王（满屏爆装）"跳转正常，当前第1个
2020-09-04 19:26:45,436 - basepage - INFO - Click back on current page.
2020-09-04 19:26:52,759 - 2 - INFO - 随机页面"仙灵世界（送海量连抽）"跳转正常，当前第2个
2020-09-04 19:26:52,891 - basepage - INFO - Click back on current page.
2020-09-04 19:26:57,142 - 2 - INFO - 随机页面"魔侠传（开服送2000充）"跳转正常，当前第3个
2020-09-04 19:26:57,242 - basepage - INFO - Click back on current page.
2020-09-04 19:27:02,871 - 2 - INFO - 进入"专题"模块，将执行随机函数
2020-09-04 19:27:16,342 - 2 - INFO - 进入"电脑"模块，将执行随机函数
2020-09-04 19:27:18,609 - 2 - INFO - 随机页面"武器之王（满屏爆装）"跳转正常，当前第1个
2020-09-04 19:27:18,702 - basepage - INFO - Click back on current page.
2020-09-04 19:27:22,966 - 2 - INFO - 随机页面"少年群侠传（送千元充值）"跳转正常，当前第2个
2020-09-04 19:27:23,086 - basepage - INFO - Click back on current page.
2020-09-04 19:27:27,383 - 2 - INFO - 随机页面"乱戳三国2（送GM特权）"跳转正常，当前第3个
2020-09-04 19:27:27,478 - basepage - INFO - Click back on current page.
2020-09-04 19:27:34,326 - 2 - INFO - 进入"APP大全"模块，将执行随机函数
2020-09-04 19:27:38,400 - 2 - INFO - 页面"阅读器"跳转正常,该类元素共16个，当前第1个
2020-09-04 19:27:44,488 - 2 - INFO - 页面"有声小说软件"跳转正常,该类元素共16个，当前第2个
2020-09-04 19:27:50,581 - 2 - INFO - 页面"小说软件"跳转正常,该类元素共16个，当前第3个
2020-09-04 19:27:56,666 - 2 - INFO - 页面"MMORPG"跳转正常,该类元素共16个，当前第4个
2020-09-04 19:28:02,752 - 2 - INFO - 页面"回复软件"跳转正常,该类元素共16个，当前第5个
2020-09-04 19:28:08,840 - 2 - INFO - 页面"聊天助手"跳转正常,该类元素共16个，当前第6个
2020-09-04 19:28:14,931 - 2 - INFO - 页面"撩妹软件"跳转正常,该类元素共16个，当前第7个
2020-09-04 19:28:21,031 - 2 - INFO - 页面"聊天话术"跳转正常,该类元素共16个，当前第8个
2020-09-04 19:28:27,111 - 2 - INFO - 页面"聊天app"跳转正常,该类元素共16个，当前第9个
2020-09-04 19:28:33,201 - 2 - INFO - 页面"聊天软件"跳转正常,该类元素共16个，当前第10个
2020-09-04 19:28:39,289 - 2 - INFO - 页面"蜜小助"跳转正常,该类元素共16个，当前第11个
2020-09-04 19:28:45,361 - 2 - INFO - 页面"土味情话"跳转正常,该类元素共16个，当前第12个
2020-09-04 19:28:51,437 - 2 - INFO - 页面"恋爱话术"跳转正常,该类元素共16个，当前第13个
2020-09-04 19:28:57,547 - 2 - INFO - 页面"RTS"跳转正常,该类元素共16个，当前第14个
2020-09-04 19:29:03,661 - 2 - INFO - 页面"横版"跳转正常,该类元素共16个，当前第15个
2020-09-04 19:29:09,749 - 2 - INFO - 页面"玄幻"跳转正常,该类元素共16个，当前第16个
2020-09-04 19:29:11,772 - basepage - INFO - zuiben自动化测试结束
