2020-07-30 18:20:05,879 - basepage - INFO - zuiben自动化测试开始
2020-07-30 18:20:05,881 - basepage - INFO - 隐性等待 10 秒
2020-07-30 18:20:11,134 - basepage - INFO - 跳转至https://www.zuiben.com/
2020-07-30 18:20:13,253 - basepage - INFO - 窗口已经最大化
2020-07-30 18:20:19,389 - 2 - INFO - 页面"【安卓游戏】好玩的安卓游戏下载_安卓游戏排行榜_安卓游戏免费下载大全-最笨下载"跳转正常,该类元素共21个，当前第1个
2020-07-30 18:20:19,710 - basepage - INFO - Click back on current page.
2020-07-30 18:20:24,305 - 2 - INFO - 页面"变态手游公益服_bt手游变态服_无限元宝bt手游下载_BT手游中心-最笨下载"跳转正常,该类元素共21个，当前第2个
2020-07-30 18:20:24,687 - basepage - INFO - Click back on current page.
2020-07-30 18:20:29,191 - 2 - INFO - 页面"gm版手游_无限元宝/钻石公益服_0元免费gm权限手游下载-最笨下载"跳转正常,该类元素共21个，当前第3个
2020-07-30 18:20:29,442 - basepage - INFO - Click back on current page.
2020-07-30 18:20:36,289 - 2 - INFO - 页面"【苹果游戏】iphone苹果手机游戏下载_iphone苹果游戏排行榜-最笨下载"跳转正常,该类元素共21个，当前第4个
2020-07-30 18:20:37,214 - basepage - INFO - Click back on current page.
2020-07-30 18:20:41,773 - 2 - INFO - 页面"满vip版手游_手游sf送顶级vip_满级vip无限元宝手游下载-最笨下载"跳转正常,该类元素共21个，当前第5个
2020-07-30 18:20:41,978 - basepage - INFO - Click back on current page.
2020-07-30 18:20:48,328 - 2 - INFO - 页面"【安卓软件】安卓软件下载_安卓手机软件下载_安卓软件免费下载大全-最笨下载"跳转正常,该类元素共21个，当前第6个
2020-07-30 18:20:48,547 - basepage - INFO - Click back on current page.
2020-07-30 18:20:55,298 - 2 - INFO - 页面"【苹果软件】iphone苹果下载软件_iphone苹果软件免费下载_苹果软件下载大全-最笨下载"跳转正常,该类元素共21个，当前第7个
2020-07-30 18:20:55,647 - basepage - INFO - Click back on current page.
2020-07-30 18:21:00,894 - 2 - INFO - 页面"【安卓资讯】安卓资讯推荐_安卓资讯大全-最笨下载"跳转正常,该类元素共21个，当前第8个
2020-07-30 18:21:01,107 - basepage - INFO - Click back on current page.
2020-07-30 18:21:05,591 - 2 - INFO - 页面"【安卓游戏攻略】安卓游戏攻略推荐_安卓游戏攻略大全-最笨下载"跳转正常,该类元素共21个，当前第9个
2020-07-30 18:21:06,191 - basepage - INFO - Click back on current page.
2020-07-30 18:21:11,289 - 2 - INFO - 页面"【安卓软件教程】安卓软件教程推荐_安卓软件教程大全-最笨下载"跳转正常,该类元素共21个，当前第10个
2020-07-30 18:21:12,082 - basepage - INFO - Click back on current page.
2020-07-30 18:21:17,474 - 2 - INFO - 页面"【iphone资讯】iphone资讯推荐_iphone资讯大全-最笨下载"跳转正常,该类元素共21个，当前第11个
2020-07-30 18:21:17,929 - basepage - INFO - Click back on current page.
2020-07-30 18:21:22,961 - 2 - INFO - 页面"【iPhone游戏攻略】iPhone游戏攻略推荐_iPhone游戏攻略大全-最笨下载"跳转正常,该类元素共21个，当前第12个
2020-07-30 18:21:23,177 - basepage - INFO - Click back on current page.
2020-07-30 18:21:28,620 - 2 - INFO - 页面"【系统重装教程】电脑重装系统教程_电脑怎么重装系统_重装系统步骤-最笨下载"跳转正常,该类元素共21个，当前第13个
2020-07-30 18:21:29,111 - basepage - INFO - Click back on current page.
2020-07-30 18:21:35,675 - 2 - INFO - 页面"安卓专题-最笨下载"跳转正常,该类元素共21个，当前第14个
2020-07-30 18:21:35,902 - basepage - INFO - Click back on current page.
2020-07-30 18:21:41,512 - 2 - INFO - 页面"游戏专题-最笨下载"跳转正常,该类元素共21个，当前第15个
2020-07-30 18:21:41,728 - basepage - INFO - Click back on current page.
2020-07-30 18:21:47,279 - 2 - INFO - 页面"苹果专题-最笨下载"跳转正常,该类元素共21个，当前第16个
2020-07-30 18:21:47,631 - basepage - INFO - Click back on current page.
2020-07-30 18:21:53,085 - 2 - INFO - 页面"【电脑软件】电脑软件下载_电脑装机必备软件_电脑常用软件下载_电脑软件大全-最笨下载"跳转正常,该类元素共21个，当前第17个
2020-07-30 18:21:53,311 - basepage - INFO - Click back on current page.
2020-07-30 18:21:59,823 - 2 - INFO - 页面"【电脑软件】电脑软件下载_电脑装机必备软件_电脑常用软件下载_电脑软件大全-最笨下载"跳转正常,该类元素共21个，当前第18个
2020-07-30 18:22:00,035 - basepage - INFO - Click back on current page.
2020-07-30 18:22:05,293 - 2 - INFO - 页面"【激活工具】激活windows工具_万能激活工具_windows激活工具下载_自动激活工具-最笨下载"跳转正常,该类元素共21个，当前第19个
2020-07-30 18:22:05,728 - basepage - INFO - Click back on current page.
2020-07-30 18:22:09,938 - 2 - INFO - 页面"【系统重装教程】电脑重装系统教程_电脑怎么重装系统_重装系统步骤-最笨下载"跳转正常,该类元素共21个，当前第20个
2020-07-30 18:22:10,176 - basepage - INFO - Click back on current page.
2020-07-30 18:22:14,450 - 2 - INFO - 页面"【系统重装教程】电脑重装系统教程_电脑怎么重装系统_重装系统步骤-最笨下载"跳转正常,该类元素共21个，当前第21个
2020-07-30 18:22:14,675 - basepage - INFO - Click back on current page.
2020-07-30 18:22:22,543 - 2 - INFO - 页面"家庭教师OL手游"跳转正常,该类元素共10个，当前第1个
2020-07-30 18:22:28,667 - 2 - INFO - 页面"魔女骑士团手游"跳转正常,该类元素共10个，当前第2个
2020-07-30 18:22:34,829 - 2 - INFO - 页面"决胜足球手游"跳转正常,该类元素共10个，当前第3个
2020-07-30 18:22:40,990 - 2 - INFO - 页面"少女战争手游"跳转正常,该类元素共10个，当前第4个
2020-07-30 18:22:47,133 - 2 - INFO - 页面"天神战（魔灵特权）"跳转正常,该类元素共10个，当前第5个
2020-07-30 18:22:53,296 - 2 - INFO - 页面"最Q幻想手游"跳转正常,该类元素共10个，当前第6个
2020-07-30 18:22:59,426 - 2 - INFO - 页面"霸途手游"跳转正常,该类元素共10个，当前第7个
2020-07-30 18:23:05,593 - 2 - INFO - 页面"回到三国志手游"跳转正常,该类元素共10个，当前第8个
2020-07-30 18:23:11,734 - 2 - INFO - 页面"幻游猎人手游"跳转正常,该类元素共10个，当前第9个
2020-07-30 18:23:17,855 - 2 - INFO - 页面"神武4手游"跳转正常,该类元素共10个，当前第10个
2020-07-30 18:23:23,993 - 2 - INFO - 页面"仙灵世界（送海量连抽）"跳转正常,该类元素共20个，当前第1个
2020-07-30 18:23:30,122 - 2 - INFO - 页面"武器之王（福利特权）"跳转正常,该类元素共20个，当前第2个
2020-07-30 18:23:36,241 - 2 - INFO - 页面"女神联盟2（送500充值）"跳转正常,该类元素共20个，当前第3个
2020-07-30 18:23:42,384 - 2 - INFO - 页面"武动九天（GM免费特权）"跳转正常,该类元素共20个，当前第4个
2020-07-30 18:23:48,520 - 2 - INFO - 页面"大军师（送海量橙将）"跳转正常,该类元素共20个，当前第5个
2020-07-30 18:23:54,678 - 2 - INFO - 页面"魔法之光（红忍海量抽）"跳转正常,该类元素共20个，当前第6个
2020-07-30 18:24:00,809 - 2 - INFO - 页面"唐门六道（送千元充值）"跳转正常,该类元素共20个，当前第7个
2020-07-30 18:24:06,969 - 2 - INFO - 页面"主公别闹"跳转正常,该类元素共20个，当前第8个
2020-07-30 18:24:13,135 - 2 - INFO - 页面"战神不败（GM送充值）"跳转正常,该类元素共20个，当前第9个
2020-07-30 18:24:19,271 - 2 - INFO - 页面"调教三国（海量爆充值）"跳转正常,该类元素共20个，当前第10个
2020-07-30 18:24:25,434 - 2 - INFO - 页面"天天怼三国（送千元充值）"跳转正常,该类元素共20个，当前第11个
2020-07-30 18:24:31,606 - 2 - INFO - 页面"梦幻沙城（海量抽充值）"跳转正常,该类元素共20个，当前第12个
2020-07-30 18:24:37,739 - 2 - INFO - 页面"无敌战舰（送百元充值）"跳转正常,该类元素共20个，当前第13个
2020-07-30 18:24:43,875 - 2 - INFO - 页面"纵剑仙界（送VIP代金券）"跳转正常,该类元素共20个，当前第14个
2020-07-30 18:24:50,000 - 2 - INFO - 页面"九幽仙域（海量送充值）"跳转正常,该类元素共20个，当前第15个
2020-07-30 18:24:56,147 - 2 - INFO - 页面"六界仙尊（送充值）"跳转正常,该类元素共20个，当前第16个
2020-07-30 18:25:02,288 - 2 - INFO - 页面"英雄三国志（福利特权）"跳转正常,该类元素共20个，当前第17个
2020-07-30 18:25:08,454 - 2 - INFO - 页面"醉红楼（星耀特权）"跳转正常,该类元素共20个，当前第18个
2020-07-30 18:25:14,625 - 2 - INFO - 页面"楚汉传奇（送648充值）"跳转正常,该类元素共20个，当前第19个
2020-07-30 18:25:20,793 - 2 - INFO - 页面"龙刃（折扣特权）"跳转正常,该类元素共20个，当前第20个
2020-07-30 18:25:28,768 - 2 - INFO - 页面"仙灵世界（送海量连抽）"跳转正常,该类元素共10个，当前第1个
2020-07-30 18:25:34,889 - 2 - INFO - 页面"武器之王（福利特权）"跳转正常,该类元素共10个，当前第2个
2020-07-30 18:25:41,061 - 2 - INFO - 页面"女神联盟2（送500充值）"跳转正常,该类元素共10个，当前第3个
2020-07-30 18:25:47,201 - 2 - INFO - 页面"武动九天（GM免费特权）"跳转正常,该类元素共10个，当前第4个
2020-07-30 18:25:53,347 - 2 - INFO - 页面"大军师（送海量橙将）"跳转正常,该类元素共10个，当前第5个
2020-07-30 18:25:59,484 - 2 - INFO - 页面"魔法之光（红忍海量抽）"跳转正常,该类元素共10个，当前第6个
2020-07-30 18:26:05,731 - 2 - INFO - 页面"唐门六道（送千元充值）"跳转正常,该类元素共10个，当前第7个
2020-07-30 18:26:11,860 - 2 - INFO - 页面"主公别闹"跳转正常,该类元素共10个，当前第8个
2020-07-30 18:26:17,993 - 2 - INFO - 页面"战神不败（GM送充值）"跳转正常,该类元素共10个，当前第9个
2020-07-30 18:26:24,124 - 2 - INFO - 页面"调教三国（海量爆充值）"跳转正常,该类元素共10个，当前第10个
2020-07-30 18:26:30,283 - 2 - INFO - 页面"仙灵世界（送海量连抽）"跳转正常,该类元素共20个，当前第1个
2020-07-30 18:26:36,416 - 2 - INFO - 页面"武器之王（福利特权）"跳转正常,该类元素共20个，当前第2个
2020-07-30 18:26:42,902 - 2 - INFO - 页面"凡人飞仙传（充值特权）"跳转正常,该类元素共20个，当前第3个
2020-07-30 18:26:49,057 - 2 - INFO - 页面"女神联盟2（送500充值）"跳转正常,该类元素共20个，当前第4个
2020-07-30 18:26:55,191 - 2 - INFO - 页面"武动九天（GM免费特权）"跳转正常,该类元素共20个，当前第5个
2020-07-30 18:27:01,337 - 2 - INFO - 页面"大军师（送海量橙将）"跳转正常,该类元素共20个，当前第6个
2020-07-30 18:27:07,481 - 2 - INFO - 页面"魔法之光（红忍海量抽）"跳转正常,该类元素共20个，当前第7个
2020-07-30 18:27:13,645 - 2 - INFO - 页面"唐门六道（送千元充值）"跳转正常,该类元素共20个，当前第8个
2020-07-30 18:27:19,786 - 2 - INFO - 页面"横扫天下之万年强者（1元超值）"跳转正常,该类元素共20个，当前第9个
2020-07-30 18:27:25,918 - 2 - INFO - 页面"主公别闹"跳转正常,该类元素共20个，当前第10个
2020-07-30 18:27:32,082 - 2 - INFO - 页面"战神不败（GM送充值）"跳转正常,该类元素共20个，当前第11个
2020-07-30 18:27:38,221 - 2 - INFO - 页面"调教三国（海量爆充值）"跳转正常,该类元素共20个，当前第12个
2020-07-30 18:27:44,307 - 2 - INFO - 页面"天天怼三国（送千元充值）"跳转正常,该类元素共20个，当前第13个
2020-07-30 18:27:53,762 - 2 - INFO - 页面"梦幻沙城（海量抽充值）"跳转正常,该类元素共20个，当前第14个
2020-07-30 18:27:59,924 - 2 - INFO - 页面"无敌战舰（送百元充值）"跳转正常,该类元素共20个，当前第15个
2020-07-30 18:28:06,082 - 2 - INFO - 页面"纵剑仙界（送VIP代金券）"跳转正常,该类元素共20个，当前第16个
2020-07-30 18:28:12,220 - 2 - INFO - 页面"九幽仙域（海量送充值）"跳转正常,该类元素共20个，当前第17个
2020-07-30 18:28:18,409 - 2 - INFO - 页面"烈火战神（海量特权）"跳转正常,该类元素共20个，当前第18个
2020-07-30 18:28:28,664 - 2 - INFO - 页面"六界仙尊（送充值）"跳转正常,该类元素共20个，当前第19个
2020-07-30 18:28:38,825 - 2 - INFO - 页面"孤龙山（送GM海量充）"跳转正常,该类元素共20个，当前第20个
2020-07-30 18:28:46,743 - 2 - INFO - 页面"仙灵世界（送海量连抽）"跳转正常,该类元素共10个，当前第1个
2020-07-30 18:28:52,870 - 2 - INFO - 页面"武器之王（福利特权）"跳转正常,该类元素共10个，当前第2个
2020-07-30 18:28:58,987 - 2 - INFO - 页面"凡人飞仙传（充值特权）"跳转正常,该类元素共10个，当前第3个
2020-07-30 18:29:05,106 - 2 - INFO - 页面"女神联盟2（送500充值）"跳转正常,该类元素共10个，当前第4个
2020-07-30 18:29:11,229 - 2 - INFO - 页面"武动九天（GM免费特权）"跳转正常,该类元素共10个，当前第5个
2020-07-30 18:29:17,350 - 2 - INFO - 页面"大军师（送海量橙将）"跳转正常,该类元素共10个，当前第6个
2020-07-30 18:29:23,472 - 2 - INFO - 页面"魔法之光（红忍海量抽）"跳转正常,该类元素共10个，当前第7个
2020-07-30 18:29:29,590 - 2 - INFO - 页面"唐门六道（送千元充值）"跳转正常,该类元素共10个，当前第8个
2020-07-30 18:29:35,715 - 2 - INFO - 页面"主公别闹"跳转正常,该类元素共10个，当前第9个
2020-07-30 18:29:41,838 - 2 - INFO - 页面"战神不败（GM送充值）"跳转正常,该类元素共10个，当前第10个
2020-07-30 18:29:47,965 - 2 - INFO - 页面"仙灵世界（送海量连抽）"跳转正常,该类元素共20个，当前第1个
2020-07-30 18:29:54,084 - 2 - INFO - 页面"武器之王（福利特权）"跳转正常,该类元素共20个，当前第2个
2020-07-30 18:30:00,225 - 2 - INFO - 页面"凡人飞仙传（充值特权）"跳转正常,该类元素共20个，当前第3个
2020-07-30 18:30:06,367 - 2 - INFO - 页面"女神联盟2（送500充值）"跳转正常,该类元素共20个，当前第4个
2020-07-30 18:30:12,501 - 2 - INFO - 页面"武动九天（GM免费特权）"跳转正常,该类元素共20个，当前第5个
2020-07-30 18:30:18,652 - 2 - INFO - 页面"大军师（送海量橙将）"跳转正常,该类元素共20个，当前第6个
2020-07-30 18:30:24,839 - 2 - INFO - 页面"魔法之光（红忍海量抽）"跳转正常,该类元素共20个，当前第7个
2020-07-30 18:30:30,981 - 2 - INFO - 页面"唐门六道（送千元充值）"跳转正常,该类元素共20个，当前第8个
2020-07-30 18:30:37,141 - 2 - INFO - 页面"横扫天下之万年强者（1元超值）"跳转正常,该类元素共20个，当前第9个
2020-07-30 18:30:43,269 - 2 - INFO - 页面"主公别闹"跳转正常,该类元素共20个，当前第10个
2020-07-30 18:30:49,433 - 2 - INFO - 页面"战神不败（GM送充值）"跳转正常,该类元素共20个，当前第11个
2020-07-30 18:30:55,573 - 2 - INFO - 页面"调教三国（海量爆充值）"跳转正常,该类元素共20个，当前第12个
2020-07-30 18:31:01,712 - 2 - INFO - 页面"天天怼三国（送千元充值）"跳转正常,该类元素共20个，当前第13个
2020-07-30 18:31:07,850 - 2 - INFO - 页面"梦幻沙城（海量抽充值）"跳转正常,该类元素共20个，当前第14个
2020-07-30 18:31:14,026 - 2 - INFO - 页面"无敌战舰（送百元充值）"跳转正常,该类元素共20个，当前第15个
2020-07-30 18:31:20,167 - 2 - INFO - 页面"纵剑仙界（送VIP代金券）"跳转正常,该类元素共20个，当前第16个
2020-07-30 18:31:26,315 - 2 - INFO - 页面"九幽仙域（海量送充值）"跳转正常,该类元素共20个，当前第17个
2020-07-30 18:31:32,476 - 2 - INFO - 页面"烈火战神（海量特权）"跳转正常,该类元素共20个，当前第18个
2020-07-30 18:31:38,613 - 2 - INFO - 页面"六界仙尊（送充值）"跳转正常,该类元素共20个，当前第19个
2020-07-30 18:31:44,740 - 2 - INFO - 页面"孤龙山（送GM海量充）"跳转正常,该类元素共20个，当前第20个
2020-07-30 18:31:54,000 - 2 - INFO - 页面"【最笨周末活动】炎炎夏日~ 让福利活动给你冰凉"跳转正常,该类元素共1个，当前第1个
2020-07-30 18:31:54,389 - basepage - INFO - Click back on current page.
2020-07-30 18:32:00,510 - 2 - INFO - 页面"【武动九天（GM免费特权）】上线满V，8W8绑元和"跳转正常,该类元素共1个，当前第1个
2020-07-30 18:32:00,721 - basepage - INFO - Click back on current page.
2020-07-30 18:32:06,453 - 2 - INFO - 页面"【梦幻沙城（海量抽充值）】上线即送GM2商城特"跳转正常,该类元素共1个，当前第1个
2020-07-30 18:32:06,940 - basepage - INFO - Click back on current page.
2020-07-30 18:32:12,728 - 2 - INFO - 页面"【六界仙尊（送充值）】上线直送VIP12，送88888元"跳转正常,该类元素共1个，当前第1个
2020-07-30 18:32:12,999 - basepage - INFO - Click back on current page.
2020-07-30 18:32:18,781 - 2 - INFO - 页面"【唐门六道（送千元充值）】上线送满级VIP19、礼"跳转正常,该类元素共1个，当前第1个
2020-07-30 18:32:19,119 - basepage - INFO - Click back on current page.
2020-07-30 18:32:24,903 - 2 - INFO - 页面"【武器之王（福利特权）】上线送VIP10,50万福利钻"跳转正常,该类元素共1个，当前第1个
2020-07-30 18:32:25,111 - basepage - INFO - Click back on current page.
2020-07-30 18:32:30,570 - 2 - INFO - 页面"修罗道Online（忍界对决）"跳转正常,该类元素共12个，当前第1个
2020-07-30 18:32:30,913 - basepage - INFO - Click back on current page.
2020-07-30 18:32:36,456 - 2 - INFO - 页面"暴走神话"跳转正常,该类元素共12个，当前第2个
2020-07-30 18:32:36,683 - basepage - INFO - Click back on current page.
2020-07-30 18:32:42,074 - 2 - INFO - 页面"霸气英雄（送梅利号）"跳转正常,该类元素共12个，当前第3个
2020-07-30 18:32:42,425 - basepage - INFO - Click back on current page.
2020-07-30 18:32:47,877 - 2 - INFO - 页面"斗圣传说（送两千白漂）"跳转正常,该类元素共12个，当前第4个
2020-07-30 18:32:48,118 - basepage - INFO - Click back on current page.
2020-07-30 18:32:53,519 - 2 - INFO - 页面"斗战三国志（送328充值）"跳转正常,该类元素共12个，当前第5个
2020-07-30 18:32:53,914 - basepage - INFO - Click back on current page.
2020-07-30 18:32:59,276 - 2 - INFO - 页面"无界（送千元万抽）"跳转正常,该类元素共12个，当前第6个
2020-07-30 18:32:59,493 - basepage - INFO - Click back on current page.
2020-07-30 18:33:04,437 - 2 - INFO - 页面"真江湖HD（星耀特权）"跳转正常,该类元素共12个，当前第7个
2020-07-30 18:33:04,654 - basepage - INFO - Click back on current page.
2020-07-30 18:33:09,896 - 2 - INFO - 页面"裁决王座（定制商城）"跳转正常,该类元素共12个，当前第8个
2020-07-30 18:33:10,111 - basepage - INFO - Click back on current page.
2020-07-30 18:33:15,614 - 2 - INFO - 页面"碉堡三国（送1亿元宝）"跳转正常,该类元素共12个，当前第9个
2020-07-30 18:33:16,003 - basepage - INFO - Click back on current page.
2020-07-30 18:33:21,226 - 2 - INFO - 页面"刀塔守卫战"跳转正常,该类元素共12个，当前第10个
2020-07-30 18:33:21,434 - basepage - INFO - Click back on current page.
2020-07-30 18:33:27,229 - 2 - INFO - 页面"狂神无双（送千元充值）"跳转正常,该类元素共12个，当前第11个
2020-07-30 18:33:27,607 - basepage - INFO - Click back on current page.
2020-07-30 18:33:32,847 - 2 - INFO - 页面"无双魏蜀吴（折扣特权）"跳转正常,该类元素共12个，当前第12个
2020-07-30 18:33:33,057 - basepage - INFO - Click back on current page.
2020-07-30 18:33:38,909 - 2 - INFO - 页面"魔兽世界怀旧服2020年6月7日人口普查一览"跳转正常,该类元素共2个，当前第1个
2020-07-30 18:33:39,312 - basepage - INFO - Click back on current page.
2020-07-30 18:33:46,167 - 2 - INFO - 页面"DNF萌噬噬宠物属性怎么样？萌噬噬属性介绍"跳转正常,该类元素共2个，当前第2个
2020-07-30 18:33:46,381 - basepage - INFO - Click back on current page.
2020-07-30 18:33:53,809 - 2 - INFO - 页面"《大千世界》危险案件怎么玩-危险案件攻略-最笨下载"跳转正常,该类元素共14个，当前第1个
2020-07-30 18:33:54,161 - basepage - INFO - Click back on current page.
2020-07-30 18:34:01,680 - 2 - INFO - 页面"《大千世界》王都在什么地方-王城地图介绍-最笨下载"跳转正常,该类元素共14个，当前第2个
2020-07-30 18:34:01,913 - basepage - INFO - Click back on current page.
2020-07-30 18:34:09,222 - 2 - INFO - 页面"牧场物语重聚矿石镇农场扩建条件介绍-最笨下载"跳转正常,该类元素共14个，当前第3个
2020-07-30 18:34:09,494 - basepage - INFO - Click back on current page.
2020-07-30 18:34:16,424 - 2 - INFO - 页面"牧场物语重聚矿石镇美食家喜欢什么 美食家喜好介绍-最笨下载"跳转正常,该类元素共14个，当前第4个
2020-07-30 18:34:16,781 - basepage - INFO - Click back on current page.
2020-07-30 18:34:24,929 - 2 - INFO - 页面"牧场物语重聚矿石镇收纳箱获取方法介绍-最笨下载"跳转正常,该类元素共14个，当前第5个
2020-07-30 18:34:25,322 - basepage - INFO - Click back on current page.
2020-07-30 18:34:32,853 - 2 - INFO - 页面"大千世界选择爱情如何玩 选择爱情任务攻略-最笨下载"跳转正常,该类元素共14个，当前第6个
2020-07-30 18:34:33,083 - basepage - INFO - Click back on current page.
2020-07-30 18:34:40,211 - 2 - INFO - 页面"大千世界炼金研究如何玩 炼金研究玩法指南-最笨下载"跳转正常,该类元素共14个，当前第7个
2020-07-30 18:34:40,547 - basepage - INFO - Click back on current page.
2020-07-30 18:34:47,916 - 2 - INFO - 页面"大千世界善恶值如何增加 提高善恶值指南-最笨下载"跳转正常,该类元素共14个，当前第8个
2020-07-30 18:34:48,176 - basepage - INFO - Click back on current page.
2020-07-30 18:34:55,485 - 2 - INFO - 页面"大千世界初级钓鱼考核如何玩 初级钓鱼考核指南-最笨下载"跳转正常,该类元素共14个，当前第9个
2020-07-30 18:34:55,892 - basepage - INFO - Click back on current page.
2020-07-30 18:35:03,114 - 2 - INFO - 页面"大千世界前期重要技能如何获取 前期重要技能获得指南-最笨下载"跳转正常,该类元素共14个，当前第10个
2020-07-30 18:35:03,462 - basepage - INFO - Click back on current page.
2020-07-30 18:35:10,637 - 2 - INFO - 页面"大千世界开局如何选 开局选项指南-最笨下载"跳转正常,该类元素共14个，当前第11个
2020-07-30 18:35:10,864 - basepage - INFO - Click back on current page.
2020-07-30 18:35:18,508 - 2 - INFO - 页面"DNF沙滩排球大作战活动奖励介绍-最笨下载"跳转正常,该类元素共14个，当前第12个
2020-07-30 18:35:18,729 - basepage - INFO - Click back on current page.
2020-07-30 18:35:26,470 - 2 - INFO - 页面"DNF男神枪手三觉惊喜礼包内容奖励一览-最笨下载"跳转正常,该类元素共14个，当前第13个
2020-07-30 18:35:26,874 - basepage - INFO - Click back on current page.
2020-07-30 18:35:34,539 - 2 - INFO - 页面"DNF欢乐秘宝限时出售活动奖励一览-最笨下载"跳转正常,该类元素共14个，当前第14个
2020-07-30 18:35:34,824 - basepage - INFO - Click back on current page.
2020-07-30 18:35:43,728 - 2 - INFO - 页面"2020阴阳师7月新式神紧那罗即将上线 高颜值紧那"跳转正常,该类元素共2个，当前第1个
2020-07-30 18:35:43,944 - basepage - INFO - Click back on current page.
2020-07-30 18:35:50,827 - 2 - INFO - 页面"英雄联盟2020灵魂莲华皮肤原画汇总"跳转正常,该类元素共2个，当前第2个
2020-07-30 18:35:51,213 - basepage - INFO - Click back on current page.
2020-07-30 18:35:58,161 - 2 - INFO - 页面"满vip版手游_手游sf送顶级vip_满级vip无限元宝手游下载-最笨下载"跳转正常,该类元素共28个，当前第1个
2020-07-30 18:35:58,458 - basepage - INFO - Click back on current page.
2020-07-30 18:36:05,231 - 2 - INFO - 页面"仙灵世界（送海量连抽）_仙灵世界（送海量连抽）无限元宝服_SF变态版仙灵世界（送海量连抽）公益服下载 - 最笨下载"跳转正常,该类元素共28个，当前第2个
2020-07-30 18:36:05,490 - basepage - INFO - Click back on current page.
2020-07-30 18:36:12,378 - 2 - INFO - 页面"变态手游公益服_bt手游变态服_无限元宝bt手游下载_BT手游中心-最笨下载"跳转正常,该类元素共28个，当前第3个
2020-07-30 18:36:12,725 - basepage - INFO - Click back on current page.
2020-07-30 18:36:19,531 - 2 - INFO - 页面"武器之王（福利特权）_武器之王（福利特权）无限元宝服_SF变态版武器之王（福利特权）公益服下载 - 最笨下载"跳转正常,该类元素共28个，当前第4个
2020-07-30 18:36:19,789 - basepage - INFO - Click back on current page.
2020-07-30 18:36:26,499 - 2 - INFO - 页面"变态手游公益服_bt手游变态服_无限元宝bt手游下载_BT手游中心-最笨下载"跳转正常,该类元素共28个，当前第5个
2020-07-30 18:36:26,728 - basepage - INFO - Click back on current page.
2020-07-30 18:36:33,483 - 2 - INFO - 页面"凡人飞仙传（充值特权）_凡人飞仙传（充值特权）无限元宝服_SF变态版凡人飞仙传（充值特权）公益服下载 - 最笨下载"跳转正常,该类元素共28个，当前第6个
2020-07-30 18:36:33,874 - basepage - INFO - Click back on current page.
2020-07-30 18:36:40,393 - 2 - INFO - 页面"满vip版手游_手游sf送顶级vip_满级vip无限元宝手游下载-最笨下载"跳转正常,该类元素共28个，当前第7个
2020-07-30 18:36:40,654 - basepage - INFO - Click back on current page.
2020-07-30 18:36:47,410 - 2 - INFO - 页面"女神联盟2（送500充值）_女神联盟2（送500充值）无限元宝服_SF变态版女神联盟2（送500充值）公益服下载 - 最笨下载"跳转正常,该类元素共28个，当前第8个
2020-07-30 18:36:47,672 - basepage - INFO - Click back on current page.
2020-07-30 18:36:54,134 - 2 - INFO - 页面"满vip版手游_手游sf送顶级vip_满级vip无限元宝手游下载-最笨下载"跳转正常,该类元素共28个，当前第9个
2020-07-30 18:36:54,569 - basepage - INFO - Click back on current page.
2020-07-30 18:37:01,596 - 2 - INFO - 页面"武动九天（GM免费特权）_武动九天（GM免费特权）无限元宝服_SF变态版武动九天（GM免费特权）公益服下载 - 最笨下载"跳转正常,该类元素共28个，当前第10个
2020-07-30 18:37:01,971 - basepage - INFO - Click back on current page.
2020-07-30 18:37:08,403 - 2 - INFO - 页面"变态手游公益服_bt手游变态服_无限元宝bt手游下载_BT手游中心-最笨下载"跳转正常,该类元素共28个，当前第11个
2020-07-30 18:37:08,836 - basepage - INFO - Click back on current page.
2020-07-30 18:37:15,870 - 2 - INFO - 页面"大军师（送海量橙将）_大军师（送海量橙将）无限元宝服_SF变态版大军师（送海量橙将）公益服下载 - 最笨下载"跳转正常,该类元素共28个，当前第12个
2020-07-30 18:37:16,092 - basepage - INFO - Click back on current page.
2020-07-30 18:37:22,632 - 2 - INFO - 页面"满vip版手游_手游sf送顶级vip_满级vip无限元宝手游下载-最笨下载"跳转正常,该类元素共28个，当前第13个
2020-07-30 18:37:23,053 - basepage - INFO - Click back on current page.
2020-07-30 18:37:29,847 - 2 - INFO - 页面"魔法之光（红忍海量抽）_魔法之光（红忍海量抽）无限元宝服_SF变态版魔法之光（红忍海量抽）公益服下载 - 最笨下载"跳转正常,该类元素共28个，当前第14个
2020-07-30 18:37:30,074 - basepage - INFO - Click back on current page.
2020-07-30 18:37:36,538 - 2 - INFO - 页面"满vip版手游_手游sf送顶级vip_满级vip无限元宝手游下载-最笨下载"跳转正常,该类元素共28个，当前第15个
2020-07-30 18:37:36,935 - basepage - INFO - Click back on current page.
2020-07-30 18:37:43,884 - 2 - INFO - 页面"唐门六道（送千元充值）_唐门六道（送千元充值）无限元宝服_SF变态版唐门六道（送千元充值）公益服下载 - 最笨下载"跳转正常,该类元素共28个，当前第16个
2020-07-30 18:37:44,120 - basepage - INFO - Click back on current page.
2020-07-30 18:37:50,592 - 2 - INFO - 页面"变态手游公益服_bt手游变态服_无限元宝bt手游下载_BT手游中心-最笨下载"跳转正常,该类元素共28个，当前第17个
2020-07-30 18:37:50,934 - basepage - INFO - Click back on current page.
2020-07-30 18:37:57,957 - 2 - INFO - 页面"横扫天下之万年强者（1元超值）_横扫天下之万年强者（1元超值）无限元宝服_SF变态版横扫天下之万年强者（1元超值）公益服下载 - 最笨下载"跳转正常,该类元素共28个，当前第18个
2020-07-30 18:37:58,238 - basepage - INFO - Click back on current page.
2020-07-30 18:38:04,717 - 2 - INFO - 页面"变态手游公益服_bt手游变态服_无限元宝bt手游下载_BT手游中心-最笨下载"跳转正常,该类元素共28个，当前第19个
2020-07-30 18:38:04,952 - basepage - INFO - Click back on current page.
2020-07-30 18:38:11,668 - 2 - INFO - 页面"主公别闹_主公别闹无限元宝服_SF变态版主公别闹公益服下载 - 最笨下载"跳转正常,该类元素共28个，当前第20个
2020-07-30 18:38:12,018 - basepage - INFO - Click back on current page.
2020-07-30 18:38:18,502 - 2 - INFO - 页面"满vip版手游_手游sf送顶级vip_满级vip无限元宝手游下载-最笨下载"跳转正常,该类元素共28个，当前第21个
2020-07-30 18:38:18,709 - basepage - INFO - Click back on current page.
2020-07-30 18:38:25,790 - 2 - INFO - 页面"战神不败（GM送充值）_战神不败（GM送充值）无限元宝服_SF变态版战神不败（GM送充值）公益服下载 - 最笨下载"跳转正常,该类元素共28个，当前第22个
2020-07-30 18:38:26,160 - basepage - INFO - Click back on current page.
2020-07-30 18:38:32,597 - 2 - INFO - 页面"变态手游公益服_bt手游变态服_无限元宝bt手游下载_BT手游中心-最笨下载"跳转正常,该类元素共28个，当前第23个
2020-07-30 18:38:32,823 - basepage - INFO - Click back on current page.
2020-07-30 18:38:39,841 - 2 - INFO - 页面"调教三国（海量爆充值）_调教三国（海量爆充值）无限元宝服_SF变态版调教三国（海量爆充值）公益服下载 - 最笨下载"跳转正常,该类元素共28个，当前第24个
2020-07-30 18:38:40,071 - basepage - INFO - Click back on current page.
2020-07-30 18:38:46,520 - 2 - INFO - 页面"变态手游公益服_bt手游变态服_无限元宝bt手游下载_BT手游中心-最笨下载"跳转正常,该类元素共28个，当前第25个
2020-07-30 18:38:46,937 - basepage - INFO - Click back on current page.
2020-07-30 18:38:54,184 - 2 - INFO - 页面"天天怼三国（送千元充值）_天天怼三国（送千元充值）无限元宝服_SF变态版天天怼三国（送千元充值）公益服下载 - 最笨下载"跳转正常,该类元素共28个，当前第26个
2020-07-30 18:38:54,446 - basepage - INFO - Click back on current page.
2020-07-30 18:39:00,970 - 2 - INFO - 页面"满vip版手游_手游sf送顶级vip_满级vip无限元宝手游下载-最笨下载"跳转正常,该类元素共28个，当前第27个
2020-07-30 18:39:01,207 - basepage - INFO - Click back on current page.
2020-07-30 18:39:08,272 - 2 - INFO - 页面"梦幻沙城（海量抽充值）_梦幻沙城（海量抽充值）无限元宝服_SF变态版梦幻沙城（海量抽充值）公益服下载 - 最笨下载"跳转正常,该类元素共28个，当前第28个
2020-07-30 18:39:08,674 - basepage - INFO - Click back on current page.
2020-07-30 18:39:17,478 - 2 - INFO - 页面"有翡原著小说简介 有匪小说剧情介绍"跳转正常,该类元素共2个，当前第1个
2020-07-30 18:39:17,890 - basepage - INFO - Click back on current page.
2020-07-30 18:39:25,059 - 2 - INFO - 页面"有翡小说免费阅读 有匪小说周翡全文阅读"跳转正常,该类元素共2个，当前第2个
2020-07-30 18:39:25,332 - basepage - INFO - Click back on current page.
2020-07-30 18:39:33,186 - 2 - INFO - 页面"【苹果娱乐软件】iPhone手机娱乐软件_iPhone娱乐软件免费下载大全-最笨下载"跳转正常,该类元素共28个，当前第1个
2020-07-30 18:39:33,581 - basepage - INFO - Click back on current page.
2020-07-30 18:39:41,134 - 2 - INFO - 页面"最笨游戏盒子iOS版_最笨游戏盒子iOS版下载_最笨游戏盒子iOS版官方下载-最笨下载"跳转正常,该类元素共28个，当前第2个
2020-07-30 18:39:41,604 - basepage - INFO - Click back on current page.
2020-07-30 18:39:48,570 - 2 - INFO - 页面"【安卓娱乐软件】安卓娱乐软件下载_安卓娱乐软件推荐_安卓娱乐软件大全-最笨下载"跳转正常,该类元素共28个，当前第3个
2020-07-30 18:39:48,830 - basepage - INFO - Click back on current page.
2020-07-30 18:39:55,900 - 2 - INFO - 页面"最笨游戏盒子_最笨游戏盒子下载_最笨游戏盒子官方下载-最笨下载"跳转正常,该类元素共28个，当前第4个
2020-07-30 18:39:56,275 - basepage - INFO - Click back on current page.
2020-07-30 18:40:03,764 - 2 - INFO - 页面"【安卓聊天软件】安卓聊天软件下载_安卓聊天软件排行_安卓聊天软件大全-最笨下载"跳转正常,该类元素共28个，当前第5个
2020-07-30 18:40:03,985 - basepage - INFO - Click back on current page.
2020-07-30 18:40:11,451 - 2 - INFO - 页面"蜜小助_蜜小助下载_蜜小助官方下载-最笨下载"跳转正常,该类元素共28个，当前第6个
2020-07-30 18:40:11,672 - basepage - INFO - Click back on current page.
2020-07-30 18:40:18,108 - 2 - INFO - 页面"【安卓娱乐软件】安卓娱乐软件下载_安卓娱乐软件推荐_安卓娱乐软件大全-最笨下载"跳转正常,该类元素共28个，当前第7个
2020-07-30 18:40:18,529 - basepage - INFO - Click back on current page.
2020-07-30 18:40:26,402 - 2 - INFO - 页面"3733游戏盒子_3733游戏盒子下载_3733游戏盒子官方下载-最笨下载"跳转正常,该类元素共28个，当前第8个
2020-07-30 18:40:26,783 - basepage - INFO - Click back on current page.
2020-07-30 18:40:33,262 - 2 - INFO - 页面"【安卓聊天软件】安卓聊天软件下载_安卓聊天软件排行_安卓聊天软件大全-最笨下载"跳转正常,该类元素共28个，当前第9个
2020-07-30 18:40:33,529 - basepage - INFO - Click back on current page.
2020-07-30 18:40:40,908 - 2 - INFO - 页面"土味情话_土味情话下载_土味情话官方下载-最笨下载"跳转正常,该类元素共28个，当前第10个
2020-07-30 18:40:41,284 - basepage - INFO - Click back on current page.
2020-07-30 18:40:47,737 - 2 - INFO - 页面"【安卓聊天软件】安卓聊天软件下载_安卓聊天软件排行_安卓聊天软件大全-最笨下载"跳转正常,该类元素共28个，当前第11个
2020-07-30 18:40:47,996 - basepage - INFO - Click back on current page.
2020-07-30 18:40:55,608 - 2 - INFO - 页面"恋爱话术_恋爱话术下载_恋爱话术官方下载-最笨下载"跳转正常,该类元素共28个，当前第12个
2020-07-30 18:40:55,856 - basepage - INFO - Click back on current page.
2020-07-30 18:41:02,409 - 2 - INFO - 页面"【安卓聊天软件】安卓聊天软件下载_安卓聊天软件排行_安卓聊天软件大全-最笨下载"跳转正常,该类元素共28个，当前第13个
2020-07-30 18:41:02,784 - basepage - INFO - Click back on current page.
2020-07-30 18:41:10,137 - 2 - INFO - 页面"土味情话社_土味情话社下载_土味情话社官方下载-最笨下载"跳转正常,该类元素共28个，当前第14个
2020-07-30 18:41:10,348 - basepage - INFO - Click back on current page.
2020-07-30 18:41:17,405 - 2 - INFO - 页面"【安卓阅读软件】安卓阅读软件下载_安卓阅读软件哪个好_安卓阅读软件排行-最笨下载"跳转正常,该类元素共28个，当前第15个
2020-07-30 18:41:17,658 - basepage - INFO - Click back on current page.
2020-07-30 18:41:24,911 - 2 - INFO - 页面"吾爱看书_吾爱看书下载_吾爱看书官方下载-最笨下载"跳转正常,该类元素共28个，当前第16个
2020-07-30 18:41:25,306 - basepage - INFO - Click back on current page.
2020-07-30 18:41:32,622 - 2 - INFO - 页面"【苹果阅读软件】iPhone手机阅读软件_iPhone阅读软件免费下载大全-最笨下载"跳转正常,该类元素共28个，当前第17个
2020-07-30 18:41:32,836 - basepage - INFO - Click back on current page.
2020-07-30 18:41:40,264 - 2 - INFO - 页面"吾爱看书ios版_吾爱看书ios版下载_吾爱看书ios版官方下载-最笨下载"跳转正常,该类元素共28个，当前第18个
2020-07-30 18:41:40,489 - basepage - INFO - Click back on current page.
2020-07-30 18:41:46,931 - 2 - INFO - 页面"【安卓聊天软件】安卓聊天软件下载_安卓聊天软件排行_安卓聊天软件大全-最笨下载"跳转正常,该类元素共28个，当前第19个
2020-07-30 18:41:47,379 - basepage - INFO - Click back on current page.
2020-07-30 18:41:55,003 - 2 - INFO - 页面"恋爱话术库_恋爱话术库下载_恋爱话术库官方下载-最笨下载"跳转正常,该类元素共28个，当前第20个
2020-07-30 18:41:55,213 - basepage - INFO - Click back on current page.
2020-07-30 18:42:01,653 - 2 - INFO - 页面"【安卓聊天软件】安卓聊天软件下载_安卓聊天软件排行_安卓聊天软件大全-最笨下载"跳转正常,该类元素共28个，当前第21个
2020-07-30 18:42:02,180 - basepage - INFO - Click back on current page.
2020-07-30 18:42:09,654 - 2 - INFO - 页面"撩吧_撩吧下载_撩吧官方下载-最笨下载"跳转正常,该类元素共28个，当前第22个
2020-07-30 18:42:09,879 - basepage - INFO - Click back on current page.
2020-07-30 18:42:16,383 - 2 - INFO - 页面"【安卓聊天软件】安卓聊天软件下载_安卓聊天软件排行_安卓聊天软件大全-最笨下载"跳转正常,该类元素共28个，当前第23个
2020-07-30 18:42:16,657 - basepage - INFO - Click back on current page.
2020-07-30 18:42:24,372 - 2 - INFO - 页面"遇知音_遇知音下载_遇知音官方下载-最笨下载"跳转正常,该类元素共28个，当前第24个
2020-07-30 18:42:24,762 - basepage - INFO - Click back on current page.
2020-07-30 18:42:31,213 - 2 - INFO - 页面"【安卓聊天软件】安卓聊天软件下载_安卓聊天软件排行_安卓聊天软件大全-最笨下载"跳转正常,该类元素共28个，当前第25个
2020-07-30 18:42:31,446 - basepage - INFO - Click back on current page.
2020-07-30 18:42:38,686 - 2 - INFO - 页面"脱单大师_脱单大师下载_脱单大师官方下载-最笨下载"跳转正常,该类元素共28个，当前第26个
2020-07-30 18:42:38,957 - basepage - INFO - Click back on current page.
2020-07-30 18:42:45,423 - 2 - INFO - 页面"【安卓聊天软件】安卓聊天软件下载_安卓聊天软件排行_安卓聊天软件大全-最笨下载"跳转正常,该类元素共28个，当前第27个
2020-07-30 18:42:45,788 - basepage - INFO - Click back on current page.
2020-07-30 18:42:53,255 - 2 - INFO - 页面"爱情套路_爱情套路下载_爱情套路官方下载-最笨下载"跳转正常,该类元素共28个，当前第28个
2020-07-30 18:42:53,465 - basepage - INFO - Click back on current page.
2020-07-30 18:43:03,828 - 2 - INFO - 页面"【安卓播放器】安卓播放器下载_安卓播放器哪个最好_安卓播放器下载排行-最笨下载"跳转正常,该类元素共20个，当前第1个
2020-07-30 18:43:04,089 - basepage - INFO - Click back on current page.
2020-07-30 18:43:11,395 - 2 - INFO - 页面"【安卓学习软件】安卓学习软件下载_安卓学习软件免费下载_安卓学习软件大全-最笨下载"跳转正常,该类元素共20个，当前第2个
2020-07-30 18:43:11,748 - basepage - INFO - Click back on current page.
2020-07-30 18:43:19,259 - 2 - INFO - 页面"【安卓辅助软件】安卓辅助软件下载_安卓辅助软件推荐_安卓辅助软件大全-最笨下载"跳转正常,该类元素共20个，当前第3个
2020-07-30 18:43:19,479 - basepage - INFO - Click back on current page.
2020-07-30 18:43:27,039 - 2 - INFO - 页面"【安卓输入法】安卓输入法下载_安卓输入法哪个好_安卓输入法怎么用-最笨下载"跳转正常,该类元素共20个，当前第4个
2020-07-30 18:43:27,321 - basepage - INFO - Click back on current page.
2020-07-30 18:43:34,530 - 2 - INFO - 页面"【安卓通信软件】安卓通信软件下载_安卓通信软件推荐_安卓通信软件大全-最笨下载"跳转正常,该类元素共20个，当前第5个
2020-07-30 18:43:34,875 - basepage - INFO - Click back on current page.
2020-07-30 18:43:42,393 - 2 - INFO - 页面"【安卓固件】安卓固件下载_安卓固件包下载_安卓固件管理器-最笨下载"跳转正常,该类元素共20个，当前第6个
2020-07-30 18:43:42,620 - basepage - INFO - Click back on current page.
2020-07-30 18:43:50,277 - 2 - INFO - 页面"【安卓文件管理器】安卓文件管理器下载_安卓文件管理器哪个好_安卓文件管理器中文版-最笨下载"跳转正常,该类元素共20个，当前第7个
2020-07-30 18:43:50,555 - basepage - INFO - Click back on current page.
2020-07-30 18:43:58,744 - 2 - INFO - 页面"【安卓同步软件】安卓同步软件下载_安卓同步软件哪个好_安卓手机同步软件-最笨下载"跳转正常,该类元素共20个，当前第8个
2020-07-30 18:43:59,136 - basepage - INFO - Click back on current page.
2020-07-30 18:44:06,720 - 2 - INFO - 页面"【安卓办公软件】安卓办公软件下载_安卓办公软件哪个好_安卓办公软件哪种最好-最笨下载"跳转正常,该类元素共20个，当前第9个
2020-07-30 18:44:06,988 - basepage - INFO - Click back on current page.
2020-07-30 18:44:14,392 - 2 - INFO - 页面"【安卓新闻软件】安卓新闻软件下载_安卓新闻软件哪个好_安卓新闻软件大全-最笨下载"跳转正常,该类元素共20个，当前第10个
2020-07-30 18:44:14,669 - basepage - INFO - Click back on current page.
2020-07-30 18:44:22,603 - 2 - INFO - 页面"【安卓理财软件】安卓理财软件下载_安卓理财软件哪个好_安卓理财软件大全-最笨下载"跳转正常,该类元素共20个，当前第11个
2020-07-30 18:44:22,967 - basepage - INFO - Click back on current page.
2020-07-30 18:44:30,542 - 2 - INFO - 页面"【安卓备份软件】安卓备份软件下载_安卓备份软件哪个好_安卓手机备份软件-最笨下载"跳转正常,该类元素共20个，当前第12个
2020-07-30 18:44:30,820 - basepage - INFO - Click back on current page.
2020-07-30 18:44:38,807 - 2 - INFO - 页面"【安卓跑步软件】安卓跑步软件下载_安卓跑步软件哪个好_安卓跑步软件大全-最笨下载"跳转正常,该类元素共20个，当前第13个
2020-07-30 18:44:39,086 - basepage - INFO - Click back on current page.
2020-07-30 18:44:46,729 - 2 - INFO - 页面"【安卓健康管理软件】安卓健康管理软件下载_安卓健康管理软件推荐_安卓健康管理软件大全-最笨下载"跳转正常,该类元素共20个，当前第14个
2020-07-30 18:44:47,155 - basepage - INFO - Click back on current page.
2020-07-30 18:44:54,918 - 2 - INFO - 页面"【安卓系统软件】安卓系统软件下载_安卓系统软件免费下载_安卓系统软件下载工具-最笨下载"跳转正常,该类元素共20个，当前第15个
2020-07-30 18:44:55,287 - basepage - INFO - Click back on current page.
2020-07-30 18:45:01,782 - 2 - INFO - 页面"【安卓聊天软件】安卓聊天软件下载_安卓聊天软件排行_安卓聊天软件大全-最笨下载"跳转正常,该类元素共20个，当前第16个
2020-07-30 18:45:01,988 - basepage - INFO - Click back on current page.
2020-07-30 18:45:09,373 - 2 - INFO - 页面"【安卓应用软件】安卓应用软件排行_好玩的安卓应用软件_好用的安卓应用软件-最笨下载"跳转正常,该类元素共20个，当前第17个
2020-07-30 18:45:09,747 - basepage - INFO - Click back on current page.
2020-07-30 18:45:16,199 - 2 - INFO - 页面"【安卓娱乐软件】安卓娱乐软件下载_安卓娱乐软件推荐_安卓娱乐软件大全-最笨下载"跳转正常,该类元素共20个，当前第18个
2020-07-30 18:45:16,467 - basepage - INFO - Click back on current page.
2020-07-30 18:45:24,408 - 2 - INFO - 页面"【安卓导航软件】安卓导航软件下载_安卓导航软件哪个好_安卓导航软件排名-最笨下载"跳转正常,该类元素共20个，当前第19个
2020-07-30 18:45:24,684 - basepage - INFO - Click back on current page.
2020-07-30 18:45:32,146 - 2 - INFO - 页面"【安卓网络软件】安卓网络软件下载_安卓网络软件推荐_安卓网络软件大全-最笨下载"跳转正常,该类元素共20个，当前第20个
2020-07-30 18:45:32,594 - basepage - INFO - Click back on current page.
2020-07-30 18:45:40,995 - 2 - INFO - 页面"3733手游游戏平台_3733手游游戏平台下载_3733手游游戏平台官方下载-最笨下载"跳转正常,该类元素共18个，当前第1个
2020-07-30 18:45:47,151 - 2 - INFO - 页面"安致手游游戏平台_安致手游游戏平台下载_安致手游游戏平台官方下载-最笨下载"跳转正常,该类元素共18个，当前第2个
2020-07-30 18:45:53,303 - 2 - INFO - 页面"扑鹿_扑鹿下载_扑鹿官方下载-最笨下载"跳转正常,该类元素共18个，当前第3个
2020-07-30 18:45:59,474 - 2 - INFO - 页面"日杂相机_日杂相机下载_日杂相机官方下载-最笨下载"跳转正常,该类元素共18个，当前第4个
2020-07-30 18:46:05,605 - 2 - INFO - 页面"皮皮虾_皮皮虾下载_皮皮虾官方下载-最笨下载"跳转正常,该类元素共18个，当前第5个
2020-07-30 18:46:11,775 - 2 - INFO - 页面"吾爱看书_吾爱看书下载_吾爱看书官方下载-最笨下载"跳转正常,该类元素共18个，当前第6个
2020-07-30 18:46:17,910 - 2 - INFO - 页面"7732游戏中心_7732游戏中心下载_7732游戏中心官方下载-最笨下载"跳转正常,该类元素共18个，当前第7个
2020-07-30 18:46:24,070 - 2 - INFO - 页面"7743手游盒子_7743手游盒子下载_7743手游盒子官方下载-最笨下载"跳转正常,该类元素共18个，当前第8个
2020-07-30 18:46:30,215 - 2 - INFO - 页面"7743游戏中心_7743游戏中心下载_7743游戏中心官方下载-最笨下载"跳转正常,该类元素共18个，当前第9个
2020-07-30 18:46:36,377 - 2 - INFO - 页面"7743手游平台_7743手游平台下载_7743手游平台官方下载-最笨下载"跳转正常,该类元素共18个，当前第10个
2020-07-30 18:46:42,528 - 2 - INFO - 页面"gm手游平台_gm手游平台下载_gm手游平台官方下载-最笨下载"跳转正常,该类元素共18个，当前第11个
2020-07-30 18:46:48,662 - 2 - INFO - 页面"gm游戏中心_gm游戏中心下载_gm游戏中心官方下载-最笨下载"跳转正常,该类元素共18个，当前第12个
2020-07-30 18:46:54,800 - 2 - INFO - 页面"gm游戏盒_gm游戏盒下载_gm游戏盒官方下载-最笨下载"跳转正常,该类元素共18个，当前第13个
2020-07-30 18:47:00,971 - 2 - INFO - 页面"gm手游游戏平台_gm手游游戏平台下载_gm手游游戏平台官方下载-最笨下载"跳转正常,该类元素共18个，当前第14个
2020-07-30 18:47:07,109 - 2 - INFO - 页面"gm游戏平台_gm游戏平台下载_gm游戏平台官方下载-最笨下载"跳转正常,该类元素共18个，当前第15个
2020-07-30 18:47:13,273 - 2 - INFO - 页面"gm游戏盒子_gm游戏盒子下载_gm游戏盒子官方下载-最笨下载"跳转正常,该类元素共18个，当前第16个
2020-07-30 18:47:19,460 - 2 - INFO - 页面"3733手游盒子_3733手游盒子下载_3733手游盒子官方下载-最笨下载"跳转正常,该类元素共18个，当前第17个
2020-07-30 18:47:25,598 - 2 - INFO - 页面"3733游戏平台_3733游戏平台下载_3733游戏平台官方下载-最笨下载"跳转正常,该类元素共18个，当前第18个
2020-07-30 18:47:32,533 - 2 - INFO - 页面"【安卓益智游戏】好玩的安卓益智游戏大全_安卓益智类游戏_益智游戏下载-最笨下载"跳转正常,该类元素共17个，当前第1个
2020-07-30 18:47:32,795 - basepage - INFO - Click back on current page.
2020-07-30 18:47:40,474 - 2 - INFO - 页面"【安卓其他游戏】好玩的安卓其他游戏大全_安卓其他类游戏_其他游戏下载-最笨下载"跳转正常,该类元素共17个，当前第2个
2020-07-30 18:47:40,838 - basepage - INFO - Click back on current page.
2020-07-30 18:47:48,667 - 2 - INFO - 页面"【安卓音乐游戏】好玩的安卓音乐游戏大全_安卓音乐类游戏_音乐游戏下载-最笨下载"跳转正常,该类元素共17个，当前第3个
2020-07-30 18:47:49,081 - basepage - INFO - Click back on current page.
2020-07-30 18:47:56,555 - 2 - INFO - 页面"【安卓网络游戏】好玩的安卓网络游戏大全_安卓网络类游戏_网络游戏下载-最笨下载"跳转正常,该类元素共17个，当前第4个
2020-07-30 18:47:56,763 - basepage - INFO - Click back on current page.
2020-07-30 18:48:04,381 - 2 - INFO - 页面"【安卓格斗游戏】好玩的安卓格斗游戏大全_安卓格斗类游戏_格斗游戏下载-最笨下载"跳转正常,该类元素共17个，当前第5个
2020-07-30 18:48:05,234 - basepage - INFO - Click back on current page.
2020-07-30 18:48:12,765 - 2 - INFO - 页面"【安卓飞行游戏】好玩的安卓飞行游戏大全_安卓飞行类游戏_飞行游戏下载-最笨下载"跳转正常,该类元素共17个，当前第6个
2020-07-30 18:48:13,176 - basepage - INFO - Click back on current page.
2020-07-30 18:48:20,775 - 2 - INFO - 页面"【安卓体育运动游戏】好玩的安卓体育运动游戏大全_安卓体育运动类游戏_体育运动游戏下载-最笨下载"跳转正常,该类元素共17个，当前第7个
2020-07-30 18:48:20,980 - basepage - INFO - Click back on current page.
2020-07-30 18:48:28,450 - 2 - INFO - 页面"【安卓模拟经营游戏】好玩的安卓模拟经营游戏大全_安卓模拟经营类游戏_模拟经营游戏下载-最笨下载"跳转正常,该类元素共17个，当前第8个
2020-07-30 18:48:28,820 - basepage - INFO - Click back on current page.
2020-07-30 18:48:36,293 - 2 - INFO - 页面"【安卓策略游戏】好玩的安卓策略游戏大全_安卓策略类游戏_策略游戏下载-最笨下载"跳转正常,该类元素共17个，当前第9个
2020-07-30 18:48:36,562 - basepage - INFO - Click back on current page.
2020-07-30 18:48:44,194 - 2 - INFO - 页面"【安卓塔防游戏】好玩的安卓塔防游戏大全_安卓塔防类游戏_塔防游戏下载-最笨下载"跳转正常,该类元素共17个，当前第10个
2020-07-30 18:48:44,460 - basepage - INFO - Click back on current page.
2020-07-30 18:48:52,223 - 2 - INFO - 页面"【安卓解谜冒险游戏】好玩的安卓解谜冒险游戏大全_安卓解谜冒险类游戏_解谜冒险游戏下载-最笨下载"跳转正常,该类元素共17个，当前第11个
2020-07-30 18:48:52,650 - basepage - INFO - Click back on current page.
2020-07-30 18:49:00,755 - 2 - INFO - 页面"【安卓射击游戏】好玩的安卓射击游戏大全_安卓射击类游戏_射击游戏下载-最笨下载"跳转正常,该类元素共17个，当前第12个
2020-07-30 18:49:01,126 - basepage - INFO - Click back on current page.
2020-07-30 18:49:08,227 - 2 - INFO - 页面"【安卓棋牌游戏】好玩的安卓棋牌游戏大全_安卓棋牌类游戏_棋牌游戏下载-最笨下载"跳转正常,该类元素共17个，当前第13个
2020-07-30 18:49:08,464 - basepage - INFO - Click back on current page.
2020-07-30 18:49:16,118 - 2 - INFO - 页面"【安卓赛车游戏】好玩的安卓赛车游戏大全_安卓赛车类游戏_赛车游戏下载-最笨下载"跳转正常,该类元素共17个，当前第14个
2020-07-30 18:49:16,501 - basepage - INFO - Click back on current page.
2020-07-30 18:49:24,375 - 2 - INFO - 页面"【安卓角色扮演游戏】好玩的安卓角色扮演游戏大全_安卓角色扮演类游戏_角色扮演游戏下载-最笨下载"跳转正常,该类元素共17个，当前第15个
2020-07-30 18:49:24,754 - basepage - INFO - Click back on current page.
2020-07-30 18:49:32,260 - 2 - INFO - 页面"【安卓动作游戏】好玩的安卓动作游戏大全_安卓动作类游戏_动作游戏下载-最笨下载"跳转正常,该类元素共17个，当前第16个
2020-07-30 18:49:32,492 - basepage - INFO - Click back on current page.
2020-07-30 18:49:39,924 - 2 - INFO - 页面"【安卓休闲游戏】好玩的安卓休闲游戏大全_安卓休闲类游戏_休闲游戏下载-最笨下载"跳转正常,该类元素共17个，当前第17个
2020-07-30 18:49:40,287 - basepage - INFO - Click back on current page.
2020-07-30 18:49:48,666 - 2 - INFO - 页面"炼金国度（送1000元充值）ios版_炼金国度（送1000元充值）ios版下载_炼金国度（送1000元充值）ios版官方下载-最笨下载"跳转正常,该类元素共18个，当前第1个
2020-07-30 18:49:54,792 - 2 - INFO - 页面"国贼顾挽之_国贼顾挽之下载_国贼顾挽之官方下载-最笨下载"跳转正常,该类元素共18个，当前第2个
2020-07-30 18:50:00,926 - 2 - INFO - 页面"大秦黎明_大秦黎明下载_大秦黎明官方下载-最笨下载"跳转正常,该类元素共18个，当前第3个
2020-07-30 18:50:07,100 - 2 - INFO - 页面"怒焰三国杀手游_怒焰三国杀手游下载_怒焰三国杀手游官方下载-最笨下载"跳转正常,该类元素共18个，当前第4个
2020-07-30 18:50:13,257 - 2 - INFO - 页面"末日围城_末日围城下载_末日围城官方下载-最笨下载"跳转正常,该类元素共18个，当前第5个
2020-07-30 18:50:19,381 - 2 - INFO - 页面"天将雄师九游版_天将雄师九游版下载_天将雄师九游版官方下载-最笨下载"跳转正常,该类元素共18个，当前第6个
2020-07-30 18:50:25,528 - 2 - INFO - 页面"诸王黎明_诸王黎明下载_诸王黎明官方下载-最笨下载"跳转正常,该类元素共18个，当前第7个
2020-07-30 18:50:31,692 - 2 - INFO - 页面"一梦江湖九游版_一梦江湖九游版下载_一梦江湖九游版官方下载-最笨下载"跳转正常,该类元素共18个，当前第8个
2020-07-30 18:50:37,855 - 2 - INFO - 页面"NBA篮球大师_NBA篮球大师下载_NBA篮球大师官方下载-最笨下载"跳转正常,该类元素共18个，当前第9个
2020-07-30 18:50:44,010 - 2 - INFO - 页面"萌妖传手游_萌妖传手游下载_萌妖传手游官方下载-最笨下载"跳转正常,该类元素共18个，当前第10个
2020-07-30 18:50:50,161 - 2 - INFO - 页面"中超英雄手游_中超英雄手游下载_中超英雄手游官方下载-最笨下载"跳转正常,该类元素共18个，当前第11个
2020-07-30 18:50:56,299 - 2 - INFO - 页面"三国战天下手游_三国战天下手游下载_三国战天下手游官方下载-最笨下载"跳转正常,该类元素共18个，当前第12个
2020-07-30 18:51:02,455 - 2 - INFO - 页面"拳皇命运_拳皇命运下载_拳皇命运官方下载-最笨下载"跳转正常,该类元素共18个，当前第13个
2020-07-30 18:51:08,582 - 2 - INFO - 页面"电能大亨_电能大亨下载_电能大亨官方下载-最笨下载"跳转正常,该类元素共18个，当前第14个
2020-07-30 18:51:14,702 - 2 - INFO - 页面"驾校模拟器_驾校模拟器下载_驾校模拟器官方下载-最笨下载"跳转正常,该类元素共18个，当前第15个
2020-07-30 18:51:20,835 - 2 - INFO - 页面"暗黑探险2_暗黑探险2下载_暗黑探险2官方下载-最笨下载"跳转正常,该类元素共18个，当前第16个
2020-07-30 18:51:26,960 - 2 - INFO - 页面"风暴山之谜_风暴山之谜下载_风暴山之谜官方下载-最笨下载"跳转正常,该类元素共18个，当前第17个
2020-07-30 18:51:33,097 - 2 - INFO - 页面"炸弹投石机:卡牌战斗_炸弹投石机:卡牌战斗下载_炸弹投石机:卡牌战斗官方下载-最笨下载"跳转正常,该类元素共18个，当前第18个
2020-07-30 18:51:40,928 - 2 - INFO - 页面"变态手游公益服_bt手游变态服_无限元宝bt手游下载_BT手游中心-最笨下载"跳转正常,该类元素共13个，当前第1个
2020-07-30 18:51:41,201 - basepage - INFO - Click back on current page.
2020-07-30 18:51:55,784 - 2 - INFO - 页面"变态手游公益服_bt手游变态服_无限元宝bt手游下载_BT手游中心-最笨下载"跳转正常,该类元素共13个，当前第2个
2020-07-30 18:51:56,152 - basepage - INFO - Click back on current page.
2020-07-30 18:52:04,851 - 2 - INFO - 页面"变态手游公益服_bt手游变态服_无限元宝bt手游下载_BT手游中心-最笨下载"跳转正常,该类元素共13个，当前第3个
2020-07-30 18:52:05,236 - basepage - INFO - Click back on current page.
2020-07-30 18:52:13,900 - 2 - INFO - 页面"变态手游公益服_bt手游变态服_无限元宝bt手游下载_BT手游中心-最笨下载"跳转正常,该类元素共13个，当前第4个
2020-07-30 18:52:14,281 - basepage - INFO - Click back on current page.
2020-07-30 18:52:22,539 - 2 - INFO - 页面"变态手游公益服_bt手游变态服_无限元宝bt手游下载_BT手游中心-最笨下载"跳转正常,该类元素共13个，当前第5个
2020-07-30 18:52:22,980 - basepage - INFO - Click back on current page.
2020-07-30 18:52:31,236 - 2 - INFO - 页面"变态手游公益服_bt手游变态服_无限元宝bt手游下载_BT手游中心-最笨下载"跳转正常,该类元素共13个，当前第6个
2020-07-30 18:52:31,499 - basepage - INFO - Click back on current page.
2020-07-30 18:52:39,915 - 2 - INFO - 页面"变态手游公益服_bt手游变态服_无限元宝bt手游下载_BT手游中心-最笨下载"跳转正常,该类元素共13个，当前第7个
2020-07-30 18:52:40,312 - basepage - INFO - Click back on current page.
2020-07-30 18:52:48,494 - 2 - INFO - 页面"变态手游公益服_bt手游变态服_无限元宝bt手游下载_BT手游中心-最笨下载"跳转正常,该类元素共13个，当前第8个
2020-07-30 18:52:48,877 - basepage - INFO - Click back on current page.
2020-07-30 18:52:57,860 - 2 - INFO - 页面"变态手游公益服_bt手游变态服_无限元宝bt手游下载_BT手游中心-最笨下载"跳转正常,该类元素共13个，当前第9个
2020-07-30 18:52:58,115 - basepage - INFO - Click back on current page.
2020-07-30 18:53:06,966 - 2 - INFO - 页面"变态手游公益服_bt手游变态服_无限元宝bt手游下载_BT手游中心-最笨下载"跳转正常,该类元素共13个，当前第10个
2020-07-30 18:53:07,337 - basepage - INFO - Click back on current page.
2020-07-30 18:53:16,765 - 2 - INFO - 页面"变态手游公益服_bt手游变态服_无限元宝bt手游下载_BT手游中心-最笨下载"跳转正常,该类元素共13个，当前第11个
2020-07-30 18:53:17,180 - basepage - INFO - Click back on current page.
2020-07-30 18:53:25,142 - 2 - ERROR - 页面"404-最笨下载"跳转异常,该类元素共13个，当前第12个
2020-07-30 18:53:25,819 - basepage - INFO - Click back on current page.
2020-07-30 18:53:34,729 - 2 - INFO - 页面"变态手游公益服_bt手游变态服_无限元宝bt手游下载_BT手游中心-最笨下载"跳转正常,该类元素共13个，当前第13个
2020-07-30 18:53:34,998 - basepage - INFO - Click back on current page.
2020-07-30 18:53:43,354 - 2 - INFO - 页面"修罗道Online（忍界对决）_修罗道Online（忍界对决）无限元宝服_SF变态版修罗道Online（忍界对决）公益服下载 - 最笨下载"跳转正常,该类元素共18个，当前第1个
2020-07-30 18:53:49,484 - 2 - INFO - 页面"暴走神话_暴走神话无限元宝服_SF变态版暴走神话公益服下载 - 最笨下载"跳转正常,该类元素共18个，当前第2个
2020-07-30 18:53:55,630 - 2 - INFO - 页面"霸气英雄（送梅利号）_霸气英雄（送梅利号）无限元宝服_SF变态版霸气英雄（送梅利号）公益服下载 - 最笨下载"跳转正常,该类元素共18个，当前第3个
2020-07-30 18:54:01,753 - 2 - INFO - 页面"斗圣传说（送两千白漂）_斗圣传说（送两千白漂）无限元宝服_SF变态版斗圣传说（送两千白漂）公益服下载 - 最笨下载"跳转正常,该类元素共18个，当前第4个
2020-07-30 18:54:07,874 - 2 - INFO - 页面"无界（送千元万抽）_无界（送千元万抽）无限元宝服_SF变态版无界（送千元万抽）公益服下载 - 最笨下载"跳转正常,该类元素共18个，当前第5个
2020-07-30 18:54:14,037 - 2 - INFO - 页面"碉堡三国（送1亿元宝）_碉堡三国（送1亿元宝）无限元宝服_SF变态版碉堡三国（送1亿元宝）公益服下载 - 最笨下载"跳转正常,该类元素共18个，当前第6个
2020-07-30 18:54:20,147 - 2 - INFO - 页面"无双魏蜀吴（折扣特权）_无双魏蜀吴（折扣特权）无限元宝服_SF变态版无双魏蜀吴（折扣特权）公益服下载 - 最笨下载"跳转正常,该类元素共18个，当前第7个
2020-07-30 18:54:26,284 - 2 - INFO - 页面"乱斗三国_乱斗三国无限元宝服_SF变态版乱斗三国公益服下载 - 最笨下载"跳转正常,该类元素共18个，当前第8个
2020-07-30 18:54:32,410 - 2 - INFO - 页面"兵器少女（无门槛送充）_兵器少女（无门槛送充）无限元宝服_SF变态版兵器少女（无门槛送充）公益服下载 - 最笨下载"跳转正常,该类元素共18个，当前第9个
2020-07-30 18:54:38,551 - 2 - INFO - 页面"塔防镇魂师（送328代金券）_塔防镇魂师（送328代金券）无限元宝服_SF变态版塔防镇魂师（送328代金券）公益服下载 - 最笨下载"跳转正常,该类元素共18个，当前第10个
2020-07-30 18:54:44,701 - 2 - INFO - 页面"恋三国（送百抽）_恋三国（送百抽）无限元宝服_SF变态版恋三国（送百抽）公益服下载 - 最笨下载"跳转正常,该类元素共18个，当前第11个
2020-07-30 18:54:50,863 - 2 - INFO - 页面"风云天下·重燃（海量抽充值）_风云天下·重燃（海量抽充值）无限元宝服_SF变态版风云天下·重燃（海量抽充值）公益服下载 - 最笨下载"跳转正常,该类元素共18个，当前第12个
2020-07-30 18:54:56,986 - 2 - INFO - 页面"一剑成仙（海量打金）_一剑成仙（海量打金）无限元宝服_SF变态版一剑成仙（海量打金）公益服下载 - 最笨下载"跳转正常,该类元素共18个，当前第13个
2020-07-30 18:55:03,123 - 2 - INFO - 页面"天域幻想（送海量充值）_天域幻想（送海量充值）无限元宝服_SF变态版天域幻想（送海量充值）公益服下载 - 最笨下载"跳转正常,该类元素共18个，当前第14个
2020-07-30 18:55:09,272 - 2 - INFO - 页面"天诀_天诀无限元宝服_SF变态版天诀公益服下载 - 最笨下载"跳转正常,该类元素共18个，当前第15个
2020-07-30 18:55:15,402 - 2 - INFO - 页面"修仙无双（折扣特权）_修仙无双（折扣特权）无限元宝服_SF变态版修仙无双（折扣特权）公益服下载 - 最笨下载"跳转正常,该类元素共18个，当前第16个
2020-07-30 18:55:21,521 - 2 - INFO - 页面"联盟契约（送神将百抽）_联盟契约（送神将百抽）无限元宝服_SF变态版联盟契约（送神将百抽）公益服下载 - 最笨下载"跳转正常,该类元素共18个，当前第17个
2020-07-30 18:55:27,681 - 2 - INFO - 页面"乱世江湖（卖血送真充）_乱世江湖（卖血送真充）无限元宝服_SF变态版乱世江湖（卖血送真充）公益服下载 - 最笨下载"跳转正常,该类元素共18个，当前第18个
2020-07-30 18:55:35,268 - 2 - INFO - 页面"满vip版手游_手游sf送顶级vip_满级vip无限元宝手游下载-最笨下载"跳转正常,该类元素共13个，当前第1个
2020-07-30 18:55:35,543 - basepage - INFO - Click back on current page.
2020-07-30 18:55:44,505 - 2 - INFO - 页面"满vip版手游_手游sf送顶级vip_满级vip无限元宝手游下载-最笨下载"跳转正常,该类元素共13个，当前第2个
2020-07-30 18:55:44,925 - basepage - INFO - Click back on current page.
2020-07-30 18:55:53,785 - 2 - INFO - 页面"满vip版手游_手游sf送顶级vip_满级vip无限元宝手游下载-最笨下载"跳转正常,该类元素共13个，当前第3个
2020-07-30 18:55:54,179 - basepage - INFO - Click back on current page.
2020-07-30 18:56:02,601 - 2 - INFO - 页面"满vip版手游_手游sf送顶级vip_满级vip无限元宝手游下载-最笨下载"跳转正常,该类元素共13个，当前第4个
2020-07-30 18:56:02,822 - basepage - INFO - Click back on current page.
2020-07-30 18:56:10,961 - 2 - INFO - 页面"满vip版手游_手游sf送顶级vip_满级vip无限元宝手游下载-最笨下载"跳转正常,该类元素共13个，当前第5个
2020-07-30 18:56:11,375 - basepage - INFO - Click back on current page.
2020-07-30 18:56:19,655 - 2 - INFO - 页面"满vip版手游_手游sf送顶级vip_满级vip无限元宝手游下载-最笨下载"跳转正常,该类元素共13个，当前第6个
2020-07-30 18:56:20,018 - basepage - INFO - Click back on current page.
2020-07-30 18:56:28,748 - 2 - INFO - 页面"满vip版手游_手游sf送顶级vip_满级vip无限元宝手游下载-最笨下载"跳转正常,该类元素共13个，当前第7个
2020-07-30 18:56:29,023 - basepage - INFO - Click back on current page.
2020-07-30 18:56:38,116 - 2 - INFO - 页面"满vip版手游_手游sf送顶级vip_满级vip无限元宝手游下载-最笨下载"跳转正常,该类元素共13个，当前第8个
2020-07-30 18:56:38,484 - basepage - INFO - Click back on current page.
2020-07-30 18:56:46,726 - 2 - INFO - 页面"满vip版手游_手游sf送顶级vip_满级vip无限元宝手游下载-最笨下载"跳转正常,该类元素共13个，当前第9个
2020-07-30 18:56:47,136 - basepage - INFO - Click back on current page.
2020-07-30 18:56:56,145 - 2 - INFO - 页面"满vip版手游_手游sf送顶级vip_满级vip无限元宝手游下载-最笨下载"跳转正常,该类元素共13个，当前第10个
2020-07-30 18:56:56,392 - basepage - INFO - Click back on current page.
2020-07-30 18:57:05,157 - 2 - INFO - 页面"满vip版手游_手游sf送顶级vip_满级vip无限元宝手游下载-最笨下载"跳转正常,该类元素共13个，当前第11个
2020-07-30 18:57:05,422 - basepage - INFO - Click back on current page.
2020-07-30 18:57:12,221 - 2 - ERROR - 页面"404-最笨下载"跳转异常,该类元素共13个，当前第12个
2020-07-30 18:57:12,705 - basepage - INFO - Click back on current page.
2020-07-30 18:57:21,449 - 2 - INFO - 页面"满vip版手游_手游sf送顶级vip_满级vip无限元宝手游下载-最笨下载"跳转正常,该类元素共13个，当前第13个
2020-07-30 18:57:21,666 - basepage - INFO - Click back on current page.
2020-07-30 18:57:30,030 - 2 - INFO - 页面"斗战三国志（送328充值）_斗战三国志（送328充值）无限元宝服_SF变态版斗战三国志（送328充值）公益服下载 - 最笨下载"跳转正常,该类元素共18个，当前第1个
2020-07-30 18:57:36,183 - 2 - INFO - 页面"裁决王座（定制商城）_裁决王座（定制商城）无限元宝服_SF变态版裁决王座（定制商城）公益服下载 - 最笨下载"跳转正常,该类元素共18个，当前第2个
2020-07-30 18:57:42,309 - 2 - INFO - 页面"真江湖HD（星耀特权）_真江湖HD（星耀特权）无限元宝服_SF变态版真江湖HD（星耀特权）公益服下载 - 最笨下载"跳转正常,该类元素共18个，当前第3个
2020-07-30 18:57:48,450 - 2 - INFO - 页面"刀塔守卫战_刀塔守卫战无限元宝服_SF变态版刀塔守卫战公益服下载 - 最笨下载"跳转正常,该类元素共18个，当前第4个
2020-07-30 18:57:54,571 - 2 - INFO - 页面"狂神无双（送千元充值）_狂神无双（送千元充值）无限元宝服_SF变态版狂神无双（送千元充值）公益服下载 - 最笨下载"跳转正常,该类元素共18个，当前第5个
2020-07-30 18:58:00,688 - 2 - INFO - 页面"屠龙世界（送GM特权）_屠龙世界（送GM特权）无限元宝服_SF变态版屠龙世界（送GM特权）公益服下载 - 最笨下载"跳转正常,该类元素共18个，当前第6个
2020-07-30 18:58:06,825 - 2 - INFO - 页面"将军道（送百连海量抽）_将军道（送百连海量抽）无限元宝服_SF变态版将军道（送百连海量抽）公益服下载 - 最笨下载"跳转正常,该类元素共18个，当前第7个
2020-07-30 18:58:12,961 - 2 - INFO - 页面"七战（无门槛送首充）_七战（无门槛送首充）无限元宝服_SF变态版七战（无门槛送首充）公益服下载 - 最笨下载"跳转正常,该类元素共18个，当前第8个
2020-07-30 18:58:19,124 - 2 - INFO - 页面"炼金国度（送1000元充值）_炼金国度（送1000元充值）无限元宝服_SF变态版炼金国度（送1000元充值）公益服下载 - 最笨下载"跳转正常,该类元素共18个，当前第9个
2020-07-30 18:58:25,288 - 2 - INFO - 页面"冒险王2（送海量充值）_冒险王2（送海量充值）无限元宝服_SF变态版冒险王2（送海量充值）公益服下载 - 最笨下载"跳转正常,该类元素共18个，当前第10个
2020-07-30 18:58:31,408 - 2 - INFO - 页面"帝国光辉（每日送1000R）_帝国光辉（每日送1000R）无限元宝服_SF变态版帝国光辉（每日送1000R）公益服下载 - 最笨下载"跳转正常,该类元素共18个，当前第11个
2020-07-30 18:58:37,540 - 2 - INFO - 页面"围攻大菠萝（送328充值）_围攻大菠萝（送328充值）无限元宝服_SF变态版围攻大菠萝（送328充值）公益服下载 - 最笨下载"跳转正常,该类元素共18个，当前第12个
2020-07-30 18:58:43,665 - 2 - INFO - 页面"女神联盟2（送500充值）_女神联盟2（送500充值）无限元宝服_SF变态版女神联盟2（送500充值）公益服下载 - 最笨下载"跳转正常,该类元素共18个，当前第13个
2020-07-30 18:58:49,791 - 2 - INFO - 页面"九天仙梦（商城特权）_九天仙梦（商城特权）无限元宝服_SF变态版九天仙梦（商城特权）公益服下载 - 最笨下载"跳转正常,该类元素共18个，当前第14个
2020-07-30 18:58:55,912 - 2 - INFO - 页面"仙剑缘（星耀特权）_仙剑缘（星耀特权）无限元宝服_SF变态版仙剑缘（星耀特权）公益服下载 - 最笨下载"跳转正常,该类元素共18个，当前第15个
2020-07-30 18:59:02,073 - 2 - INFO - 页面"我叫MT：奇幻之旅（送一万连抽）_我叫MT：奇幻之旅（送一万连抽）无限元宝服_SF变态版我叫MT：奇幻之旅（送一万连抽）公益服下载 - 最笨下载"跳转正常,该类元素共18个，当前第16个
2020-07-30 18:59:08,183 - 2 - INFO - 页面"天天驯兽师（每日送百抽）_天天驯兽师（每日送百抽）无限元宝服_SF变态版天天驯兽师（每日送百抽）公益服下载 - 最笨下载"跳转正常,该类元素共18个，当前第17个
2020-07-30 18:59:14,315 - 2 - INFO - 页面"神契幻奇谭（海量特权）_神契幻奇谭（海量特权）无限元宝服_SF变态版神契幻奇谭（海量特权）公益服下载 - 最笨下载"跳转正常,该类元素共18个，当前第18个
2020-07-30 18:59:21,823 - 2 - INFO - 页面"gm版手游_无限元宝/钻石公益服_0元免费gm权限手游下载-最笨下载"跳转正常,该类元素共13个，当前第1个
2020-07-30 18:59:22,084 - basepage - INFO - Click back on current page.
2020-07-30 18:59:30,285 - 2 - INFO - 页面"gm版手游_无限元宝/钻石公益服_0元免费gm权限手游下载-最笨下载"跳转正常,该类元素共13个，当前第2个
2020-07-30 18:59:30,641 - basepage - INFO - Click back on current page.
2020-07-30 18:59:38,905 - 2 - INFO - 页面"gm版手游_无限元宝/钻石公益服_0元免费gm权限手游下载-最笨下载"跳转正常,该类元素共13个，当前第3个
2020-07-30 18:59:39,258 - basepage - INFO - Click back on current page.
2020-07-30 18:59:47,321 - 2 - INFO - 页面"gm版手游_无限元宝/钻石公益服_0元免费gm权限手游下载-最笨下载"跳转正常,该类元素共13个，当前第4个
2020-07-30 18:59:47,551 - basepage - INFO - Click back on current page.
2020-07-30 18:59:55,638 - 2 - INFO - 页面"gm版手游_无限元宝/钻石公益服_0元免费gm权限手游下载-最笨下载"跳转正常,该类元素共13个，当前第5个
2020-07-30 18:59:56,011 - basepage - INFO - Click back on current page.
2020-07-30 19:00:03,937 - 2 - INFO - 页面"gm版手游_无限元宝/钻石公益服_0元免费gm权限手游下载-最笨下载"跳转正常,该类元素共13个，当前第6个
2020-07-30 19:00:04,347 - basepage - INFO - Click back on current page.
2020-07-30 19:00:12,501 - 2 - INFO - 页面"gm版手游_无限元宝/钻石公益服_0元免费gm权限手游下载-最笨下载"跳转正常,该类元素共13个，当前第7个
2020-07-30 19:00:12,765 - basepage - INFO - Click back on current page.
2020-07-30 19:00:20,801 - 2 - INFO - 页面"gm版手游_无限元宝/钻石公益服_0元免费gm权限手游下载-最笨下载"跳转正常,该类元素共13个，当前第8个
2020-07-30 19:00:21,188 - basepage - INFO - Click back on current page.
2020-07-30 19:00:29,371 - 2 - INFO - 页面"gm版手游_无限元宝/钻石公益服_0元免费gm权限手游下载-最笨下载"跳转正常,该类元素共13个，当前第9个
2020-07-30 19:00:29,768 - basepage - INFO - Click back on current page.
2020-07-30 19:00:37,985 - 2 - INFO - 页面"gm版手游_无限元宝/钻石公益服_0元免费gm权限手游下载-最笨下载"跳转正常,该类元素共13个，当前第10个
2020-07-30 19:00:38,247 - basepage - INFO - Click back on current page.
2020-07-30 19:00:46,378 - 2 - INFO - 页面"gm版手游_无限元宝/钻石公益服_0元免费gm权限手游下载-最笨下载"跳转正常,该类元素共13个，当前第11个
2020-07-30 19:00:46,769 - basepage - INFO - Click back on current page.
2020-07-30 19:00:53,601 - 2 - ERROR - 页面"404-最笨下载"跳转异常,该类元素共13个，当前第12个
2020-07-30 19:00:54,063 - basepage - INFO - Click back on current page.
2020-07-30 19:01:02,237 - 2 - INFO - 页面"gm版手游_无限元宝/钻石公益服_0元免费gm权限手游下载-最笨下载"跳转正常,该类元素共13个，当前第13个
2020-07-30 19:01:02,513 - basepage - INFO - Click back on current page.
2020-07-30 19:01:10,904 - 2 - INFO - 页面"高达（GM版）_高达（GM版）免费gm权限安卓下载 - 最笨下载"跳转正常,该类元素共18个，当前第1个
2020-07-30 19:01:17,072 - 2 - INFO - 页面"暗黑王者（GM版）_暗黑王者（GM版）免费gm权限安卓下载 - 最笨下载"跳转正常,该类元素共18个，当前第2个
2020-07-30 19:01:23,259 - 2 - INFO - 页面"问鼎封神（GM版）_问鼎封神（GM版）免费gm权限安卓下载 - 最笨下载"跳转正常,该类元素共18个，当前第3个
2020-07-30 19:01:29,420 - 2 - INFO - 页面"仙剑轮回（GM版）_仙剑轮回（GM版）免费gm权限安卓下载 - 最笨下载"跳转正常,该类元素共18个，当前第4个
2020-07-30 19:01:35,568 - 2 - INFO - 页面"神道仙尊（GM版）_神道仙尊（GM版）免费gm权限安卓下载 - 最笨下载"跳转正常,该类元素共18个，当前第5个
2020-07-30 19:01:41,759 - 2 - INFO - 页面"大将无双（GM版）_大将无双（GM版）免费gm权限安卓下载 - 最笨下载"跳转正常,该类元素共18个，当前第6个
2020-07-30 19:01:47,901 - 2 - INFO - 页面"青云剑诀（GM版）_青云剑诀（GM版）免费gm权限安卓下载 - 最笨下载"跳转正常,该类元素共18个，当前第7个
2020-07-30 19:01:54,060 - 2 - INFO - 页面"寂灭剑诀（GM版）_寂灭剑诀（GM版）免费gm权限安卓下载 - 最笨下载"跳转正常,该类元素共18个，当前第8个
2020-07-30 19:02:00,235 - 2 - INFO - 页面"封神记（GM版）_封神记（GM版）免费gm权限安卓下载 - 最笨下载"跳转正常,该类元素共18个，当前第9个
2020-07-30 19:02:06,398 - 2 - INFO - 页面"豪门小老婆（GM版）_豪门小老婆（GM版）免费gm权限安卓下载 - 最笨下载"跳转正常,该类元素共18个，当前第10个
2020-07-30 19:02:12,542 - 2 - INFO - 页面"三生三誓青丘传（GM版）_三生三誓青丘传（GM版）免费gm权限安卓下载 - 最笨下载"跳转正常,该类元素共18个，当前第11个
2020-07-30 19:02:18,682 - 2 - INFO - 页面"毒尊三国（GM版）_毒尊三国（GM版）免费gm权限安卓下载 - 最笨下载"跳转正常,该类元素共18个，当前第12个
2020-07-30 19:02:24,825 - 2 - INFO - 页面"乱世神话（GM版）_乱世神话（GM版）免费gm权限安卓下载 - 最笨下载"跳转正常,该类元素共18个，当前第13个
2020-07-30 19:02:31,015 - 2 - INFO - 页面"天子问剑（GM版）_天子问剑（GM版）免费gm权限安卓下载 - 最笨下载"跳转正常,该类元素共18个，当前第14个
2020-07-30 19:02:37,146 - 2 - INFO - 页面"风云三国（GM版）_风云三国（GM版）免费gm权限安卓下载 - 最笨下载"跳转正常,该类元素共18个，当前第15个
2020-07-30 19:02:43,269 - 2 - INFO - 页面"古惑三国志（GM版）_古惑三国志（GM版）免费gm权限安卓下载 - 最笨下载"跳转正常,该类元素共18个，当前第16个
2020-07-30 19:02:49,401 - 2 - INFO - 页面"少年悟空传（GM版）_少年悟空传（GM版）免费gm权限安卓下载 - 最笨下载"跳转正常,该类元素共18个，当前第17个
2020-07-30 19:02:55,521 - 2 - INFO - 页面"诛神之战（GM版）_诛神之战（GM版）免费gm权限安卓下载 - 最笨下载"跳转正常,该类元素共18个，当前第18个
2020-07-30 19:03:02,917 - 2 - INFO - 页面"免费权限GM游戏"跳转正常,该类元素共4个，当前第1个
2020-07-30 19:03:03,229 - basepage - INFO - Click back on current page.
2020-07-30 19:03:08,650 - 2 - INFO - 页面"聊天回复神器合集"跳转正常,该类元素共4个，当前第2个
2020-07-30 19:03:09,100 - basepage - INFO - Click back on current page.
2020-07-30 19:03:16,195 - 2 - INFO - 页面"超变私服传奇一刀999999级"跳转正常,该类元素共4个，当前第3个
2020-07-30 19:03:16,461 - basepage - INFO - Click back on current page.
2020-07-30 19:03:22,126 - 2 - INFO - 页面"美女爆衣游戏手游"跳转正常,该类元素共4个，当前第4个
2020-07-30 19:03:22,612 - basepage - INFO - Click back on current page.
2020-07-30 19:03:30,779 - 2 - INFO - 页面"【苹果播放器】iPhone手机播放器,iPhone播放器免费下载大全-最笨下载"跳转正常,该类元素共20个，当前第1个
2020-07-30 19:03:31,266 - basepage - INFO - Click back on current page.
2020-07-30 19:03:38,462 - 2 - INFO - 页面"【苹果学习软件】iPhone手机学习软件_iPhone学习软件免费下载大全-最笨下载"跳转正常,该类元素共20个，当前第2个
2020-07-30 19:03:38,767 - basepage - INFO - Click back on current page.
2020-07-30 19:03:46,180 - 2 - INFO - 页面"【苹果辅助软件】iPhone手机辅助软件_iPhone辅助软件免费下载大全-最笨下载"跳转正常,该类元素共20个，当前第3个
2020-07-30 19:03:46,625 - basepage - INFO - Click back on current page.
2020-07-30 19:03:54,084 - 2 - INFO - 页面"【苹果输入法】iPhone手机输入法_iPhone输入法免费下载大全-最笨下载"跳转正常,该类元素共20个，当前第4个
2020-07-30 19:03:54,353 - basepage - INFO - Click back on current page.
2020-07-30 19:04:01,911 - 2 - INFO - 页面"【苹果通信软件】iPhone手机通信软件_iPhone通信软件免费下载大全-最笨下载"跳转正常,该类元素共20个，当前第5个
2020-07-30 19:04:02,175 - basepage - INFO - Click back on current page.
2020-07-30 19:04:09,155 - 2 - INFO - 页面"【苹果固件】iPhone手机固件软件_iPhone固件软件免费下载大全-最笨下载"跳转正常,该类元素共20个，当前第6个
2020-07-30 19:04:09,668 - basepage - INFO - Click back on current page.
2020-07-30 19:04:17,123 - 2 - INFO - 页面"【苹果文件管理软件】iPhone手机文件管理软件_iPhone文件管理软件免费下载大全-最笨下载"跳转正常,该类元素共20个，当前第7个
2020-07-30 19:04:17,362 - basepage - INFO - Click back on current page.
2020-07-30 19:04:24,789 - 2 - INFO - 页面"【苹果同步软件】iPhone手机同步软件_iPhone同步软件免费下载大全-最笨下载"跳转正常,该类元素共20个，当前第8个
2020-07-30 19:04:25,036 - basepage - INFO - Click back on current page.
2020-07-30 19:04:32,684 - 2 - INFO - 页面"【苹果办公软件】iPhone手机办公软件_iPhone办公软件免费下载大全-最笨下载"跳转正常,该类元素共20个，当前第9个
2020-07-30 19:04:33,099 - basepage - INFO - Click back on current page.
2020-07-30 19:04:40,520 - 2 - INFO - 页面"【苹果新闻软件】iPhone手机新闻软件_iPhone新闻软件免费下载大全-最笨下载"跳转正常,该类元素共20个，当前第10个
2020-07-30 19:04:40,893 - basepage - INFO - Click back on current page.
2020-07-30 19:04:48,556 - 2 - INFO - 页面"【苹果理财软件】iPhone手机理财软件_iPhone理财软件免费下载大全-最笨下载"跳转正常,该类元素共20个，当前第11个
2020-07-30 19:04:48,861 - basepage - INFO - Click back on current page.
2020-07-30 19:04:56,674 - 2 - INFO - 页面"【苹果备份软件】iPhone手机备份软件_iPhone备份软件免费下载大全-最笨下载"跳转正常,该类元素共20个，当前第12个
2020-07-30 19:04:57,123 - basepage - INFO - Click back on current page.
2020-07-30 19:05:04,607 - 2 - INFO - 页面"【苹果健身软件】iPhone手机健身软件_iPhone健身软件免费下载大全-最笨下载"跳转正常,该类元素共20个，当前第13个
2020-07-30 19:05:04,891 - basepage - INFO - Click back on current page.
2020-07-30 19:05:12,436 - 2 - INFO - 页面"【苹果健康管理软件】iPhone手机健康管理软件_iPhone健康管理软件免费下载大全-最笨下载"跳转正常,该类元素共20个，当前第14个
2020-07-30 19:05:12,728 - basepage - INFO - Click back on current page.
2020-07-30 19:05:20,522 - 2 - INFO - 页面"【苹果系统软件】iPhone手机系统软件_iPhone系统软件免费下载大全-最笨下载"跳转正常,该类元素共20个，当前第15个
2020-07-30 19:05:20,954 - basepage - INFO - Click back on current page.
2020-07-30 19:05:28,396 - 2 - INFO - 页面"【苹果社交软件】iphone手机社交软件_iphone社交软件免费下载大全-最笨下载"跳转正常,该类元素共20个，当前第16个
2020-07-30 19:05:28,648 - basepage - INFO - Click back on current page.
2020-07-30 19:05:35,155 - 2 - INFO - 页面"【苹果娱乐软件】iPhone手机娱乐软件_iPhone娱乐软件免费下载大全-最笨下载"跳转正常,该类元素共20个，当前第17个
2020-07-30 19:05:35,483 - basepage - INFO - Click back on current page.
2020-07-30 19:05:43,109 - 2 - INFO - 页面"【苹果导航】iPhone手机导航软件,iPhone导航软件免费下载大全-最笨下载"跳转正常,该类元素共20个，当前第18个
2020-07-30 19:05:43,508 - basepage - INFO - Click back on current page.
2020-07-30 19:05:50,673 - 2 - INFO - 页面"【苹果网络软件】iPhone手机网络软件,iPhone网络软件免费下载大全-最笨下载"跳转正常,该类元素共20个，当前第19个
2020-07-30 19:05:50,946 - basepage - INFO - Click back on current page.
2020-07-30 19:05:58,420 - 2 - INFO - 页面"【苹果助手软件】iPhone生活助手软件_iPhone生活助手软件免费下载大全-最笨下载"跳转正常,该类元素共20个，当前第20个
2020-07-30 19:05:58,673 - basepage - INFO - Click back on current page.
2020-07-30 19:06:07,071 - 2 - INFO - 页面"蜜小助ios版_蜜小助ios版下载_蜜小助ios版官方下载-最笨下载"跳转正常,该类元素共18个，当前第1个
2020-07-30 19:06:13,199 - 2 - INFO - 页面"BT游戏大全ios_BT游戏大全ios下载_BT游戏大全ios官方下载-最笨下载"跳转正常,该类元素共18个，当前第2个
2020-07-30 19:06:19,323 - 2 - INFO - 页面"小8游戏盒子ios_小8游戏盒子ios下载_小8游戏盒子ios官方下载-最笨下载"跳转正常,该类元素共18个，当前第3个
2020-07-30 19:06:25,441 - 2 - INFO - 页面"安卓市场ios版_安卓市场ios版下载_安卓市场ios版官方下载-最笨下载"跳转正常,该类元素共18个，当前第4个
2020-07-30 19:06:31,560 - 2 - INFO - 页面"剪映_剪映下载_剪映官方下载-最笨下载"跳转正常,该类元素共18个，当前第5个
2020-07-30 19:06:37,713 - 2 - INFO - 页面"吾爱看书ios版_吾爱看书ios版下载_吾爱看书ios版官方下载-最笨下载"跳转正常,该类元素共18个，当前第6个
2020-07-30 19:06:43,848 - 2 - INFO - 页面"7743游戏平台_7743游戏平台下载_7743游戏平台官方下载-最笨下载"跳转正常,该类元素共18个，当前第7个
2020-07-30 19:06:49,978 - 2 - INFO - 页面"搜书帝ios_搜书帝ios下载_搜书帝ios官方下载-最笨下载"跳转正常,该类元素共18个，当前第8个
2020-07-30 19:06:56,117 - 2 - INFO - 页面"大塘小鱼_大塘小鱼下载_大塘小鱼官方下载-最笨下载"跳转正常,该类元素共18个，当前第9个
2020-07-30 19:07:02,273 - 2 - INFO - 页面"花溪小说_花溪小说下载_花溪小说官方下载-最笨下载"跳转正常,该类元素共18个，当前第10个
2020-07-30 19:07:08,400 - 2 - INFO - 页面"手译_手译下载_手译官方下载-最笨下载"跳转正常,该类元素共18个，当前第11个
2020-07-30 19:07:14,539 - 2 - INFO - 页面"sjcam_sjcam下载_sjcam官方下载-最笨下载"跳转正常,该类元素共18个，当前第12个
2020-07-30 19:07:20,676 - 2 - INFO - 页面"WearHeart_WearHeart下载_WearHeart官方下载-最笨下载"跳转正常,该类元素共18个，当前第13个
2020-07-30 19:07:26,819 - 2 - INFO - 页面"仓鼠阅读_仓鼠阅读下载_仓鼠阅读官方下载-最笨下载"跳转正常,该类元素共18个，当前第14个
2020-07-30 19:07:32,995 - 2 - INFO - 页面"漫番漫画_漫番漫画下载_漫番漫画官方下载-最笨下载"跳转正常,该类元素共18个，当前第15个
2020-07-30 19:07:39,142 - 2 - INFO - 页面"腾讯时光_腾讯时光下载_腾讯时光官方下载-最笨下载"跳转正常,该类元素共18个，当前第16个
2020-07-30 19:07:45,336 - 2 - INFO - 页面"GK扫描仪_GK扫描仪下载_GK扫描仪官方下载-最笨下载"跳转正常,该类元素共18个，当前第17个
2020-07-30 19:07:51,477 - 2 - INFO - 页面"海报制作_海报制作下载_海报制作官方下载-最笨下载"跳转正常,该类元素共18个，当前第18个
2020-07-30 19:07:58,711 - 2 - INFO - 页面"变态手游公益服_bt手游变态服_无限元宝bt手游下载_BT手游中心-最笨下载"跳转正常,该类元素共13个，当前第1个
2020-07-30 19:07:59,000 - basepage - INFO - Click back on current page.
2020-07-30 19:08:07,067 - 2 - INFO - 页面"变态手游公益服_bt手游变态服_无限元宝bt手游下载_BT手游中心-最笨下载"跳转正常,该类元素共13个，当前第2个
2020-07-30 19:08:07,720 - basepage - INFO - Click back on current page.
2020-07-30 19:08:16,082 - 2 - INFO - 页面"变态手游公益服_bt手游变态服_无限元宝bt手游下载_BT手游中心-最笨下载"跳转正常,该类元素共13个，当前第3个
2020-07-30 19:08:16,735 - basepage - INFO - Click back on current page.
2020-07-30 19:08:24,913 - 2 - INFO - 页面"变态手游公益服_bt手游变态服_无限元宝bt手游下载_BT手游中心-最笨下载"跳转正常,该类元素共13个，当前第4个
2020-07-30 19:08:25,391 - basepage - INFO - Click back on current page.
2020-07-30 19:08:33,414 - 2 - INFO - 页面"变态手游公益服_bt手游变态服_无限元宝bt手游下载_BT手游中心-最笨下载"跳转正常,该类元素共13个，当前第5个
2020-07-30 19:08:33,883 - basepage - INFO - Click back on current page.
2020-07-30 19:08:42,117 - 2 - INFO - 页面"变态手游公益服_bt手游变态服_无限元宝bt手游下载_BT手游中心-最笨下载"跳转正常,该类元素共13个，当前第6个
2020-07-30 19:08:42,458 - basepage - INFO - Click back on current page.
2020-07-30 19:08:50,843 - 2 - INFO - 页面"变态手游公益服_bt手游变态服_无限元宝bt手游下载_BT手游中心-最笨下载"跳转正常,该类元素共13个，当前第7个
2020-07-30 19:08:51,314 - basepage - INFO - Click back on current page.
2020-07-30 19:08:59,451 - 2 - INFO - 页面"变态手游公益服_bt手游变态服_无限元宝bt手游下载_BT手游中心-最笨下载"跳转正常,该类元素共13个，当前第8个
2020-07-30 19:08:59,874 - basepage - INFO - Click back on current page.
2020-07-30 19:09:08,122 - 2 - INFO - 页面"变态手游公益服_bt手游变态服_无限元宝bt手游下载_BT手游中心-最笨下载"跳转正常,该类元素共13个，当前第9个
2020-07-30 19:09:08,400 - basepage - INFO - Click back on current page.
2020-07-30 19:09:16,452 - 2 - INFO - 页面"变态手游公益服_bt手游变态服_无限元宝bt手游下载_BT手游中心-最笨下载"跳转正常,该类元素共13个，当前第10个
2020-07-30 19:09:16,901 - basepage - INFO - Click back on current page.
2020-07-30 19:09:24,986 - 2 - INFO - 页面"变态手游公益服_bt手游变态服_无限元宝bt手游下载_BT手游中心-最笨下载"跳转正常,该类元素共13个，当前第11个
2020-07-30 19:09:25,470 - basepage - INFO - Click back on current page.
2020-07-30 19:09:32,323 - 2 - ERROR - 页面"404-最笨下载"跳转异常,该类元素共13个，当前第12个
2020-07-30 19:09:32,856 - basepage - INFO - Click back on current page.
2020-07-30 19:09:41,625 - 2 - INFO - 页面"变态手游公益服_bt手游变态服_无限元宝bt手游下载_BT手游中心-最笨下载"跳转正常,该类元素共13个，当前第13个
2020-07-30 19:09:42,051 - basepage - INFO - Click back on current page.
2020-07-30 19:09:50,423 - 2 - INFO - 页面"无双魏蜀吴（折扣特权）_无双魏蜀吴（折扣特权）无限元宝服_SF变态版无双魏蜀吴（折扣特权）公益服下载 - 最笨下载"跳转正常,该类元素共18个，当前第1个
2020-07-30 19:09:56,543 - 2 - INFO - 页面"兵器少女（无门槛送充）_兵器少女（无门槛送充）无限元宝服_SF变态版兵器少女（无门槛送充）公益服下载 - 最笨下载"跳转正常,该类元素共18个，当前第2个
2020-07-30 19:10:02,672 - 2 - INFO - 页面"乱斗三国_乱斗三国无限元宝服_SF变态版乱斗三国公益服下载 - 最笨下载"跳转正常,该类元素共18个，当前第3个
2020-07-30 19:10:08,813 - 2 - INFO - 页面"塔防镇魂师（送328代金券）_塔防镇魂师（送328代金券）无限元宝服_SF变态版塔防镇魂师（送328代金券）公益服下载 - 最笨下载"跳转正常,该类元素共18个，当前第4个
2020-07-30 19:10:14,941 - 2 - INFO - 页面"恋三国（送百抽）_恋三国（送百抽）无限元宝服_SF变态版恋三国（送百抽）公益服下载 - 最笨下载"跳转正常,该类元素共18个，当前第5个
2020-07-30 19:10:21,120 - 2 - INFO - 页面"风云天下·重燃（海量抽充值）_风云天下·重燃（海量抽充值）无限元宝服_SF变态版风云天下·重燃（海量抽充值）公益服下载 - 最笨下载"跳转正常,该类元素共18个，当前第6个
2020-07-30 19:10:27,255 - 2 - INFO - 页面"一剑成仙（海量打金）_一剑成仙（海量打金）无限元宝服_SF变态版一剑成仙（海量打金）公益服下载 - 最笨下载"跳转正常,该类元素共18个，当前第7个
2020-07-30 19:10:33,381 - 2 - INFO - 页面"天域幻想（送海量充值）_天域幻想（送海量充值）无限元宝服_SF变态版天域幻想（送海量充值）公益服下载 - 最笨下载"跳转正常,该类元素共18个，当前第8个
2020-07-30 19:10:39,510 - 2 - INFO - 页面"修仙无双（折扣特权）_修仙无双（折扣特权）无限元宝服_SF变态版修仙无双（折扣特权）公益服下载 - 最笨下载"跳转正常,该类元素共18个，当前第9个
2020-07-30 19:10:45,670 - 2 - INFO - 页面"天诀_天诀无限元宝服_SF变态版天诀公益服下载 - 最笨下载"跳转正常,该类元素共18个，当前第10个
2020-07-30 19:10:51,813 - 2 - INFO - 页面"乱世江湖（卖血送真充）_乱世江湖（卖血送真充）无限元宝服_SF变态版乱世江湖（卖血送真充）公益服下载 - 最笨下载"跳转正常,该类元素共18个，当前第11个
2020-07-30 19:10:57,938 - 2 - INFO - 页面"联盟契约（送神将百抽）_联盟契约（送神将百抽）无限元宝服_SF变态版联盟契约（送神将百抽）公益服下载 - 最笨下载"跳转正常,该类元素共18个，当前第12个
2020-07-30 19:11:04,063 - 2 - INFO - 页面"九灵神域_九灵神域无限元宝服_SF变态版九灵神域公益服下载 - 最笨下载"跳转正常,该类元素共18个，当前第13个
2020-07-30 19:11:10,210 - 2 - INFO - 页面"教主之家（至尊特权）_教主之家（至尊特权）无限元宝服_SF变态版教主之家（至尊特权）公益服下载 - 最笨下载"跳转正常,该类元素共18个，当前第14个
2020-07-30 19:11:16,338 - 2 - INFO - 页面"魔星狂点（送海量连抽）_魔星狂点（送海量连抽）无限元宝服_SF变态版魔星狂点（送海量连抽）公益服下载 - 最笨下载"跳转正常,该类元素共18个，当前第15个
2020-07-30 19:11:22,504 - 2 - INFO - 页面"主公别闹_主公别闹无限元宝服_SF变态版主公别闹公益服下载 - 最笨下载"跳转正常,该类元素共18个，当前第16个
2020-07-30 19:11:28,644 - 2 - INFO - 页面"全民祖玛（爆装加强版）_全民祖玛（爆装加强版）无限元宝服_SF变态版全民祖玛（爆装加强版）公益服下载 - 最笨下载"跳转正常,该类元素共18个，当前第17个
2020-07-30 19:11:34,797 - 2 - INFO - 页面"天天怼三国（送千元充值）_天天怼三国（送千元充值）无限元宝服_SF变态版天天怼三国（送千元充值）公益服下载 - 最笨下载"跳转正常,该类元素共18个，当前第18个
2020-07-30 19:11:42,573 - 2 - INFO - 页面"满vip版手游_手游sf送顶级vip_满级vip无限元宝手游下载-最笨下载"跳转正常,该类元素共13个，当前第1个
2020-07-30 19:11:42,844 - basepage - INFO - Click back on current page.
2020-07-30 19:11:50,944 - 2 - INFO - 页面"满vip版手游_手游sf送顶级vip_满级vip无限元宝手游下载-最笨下载"跳转正常,该类元素共13个，当前第2个
2020-07-30 19:11:51,410 - basepage - INFO - Click back on current page.
2020-07-30 19:11:59,353 - 2 - INFO - 页面"满vip版手游_手游sf送顶级vip_满级vip无限元宝手游下载-最笨下载"跳转正常,该类元素共13个，当前第3个
2020-07-30 19:11:59,810 - basepage - INFO - Click back on current page.
2020-07-30 19:12:07,874 - 2 - INFO - 页面"满vip版手游_手游sf送顶级vip_满级vip无限元宝手游下载-最笨下载"跳转正常,该类元素共13个，当前第4个
2020-07-30 19:12:08,116 - basepage - INFO - Click back on current page.
2020-07-30 19:12:16,206 - 2 - INFO - 页面"满vip版手游_手游sf送顶级vip_满级vip无限元宝手游下载-最笨下载"跳转正常,该类元素共13个，当前第5个
2020-07-30 19:12:16,705 - basepage - INFO - Click back on current page.
2020-07-30 19:12:25,348 - 2 - INFO - 页面"满vip版手游_手游sf送顶级vip_满级vip无限元宝手游下载-最笨下载"跳转正常,该类元素共13个，当前第6个
2020-07-30 19:12:25,778 - basepage - INFO - Click back on current page.
2020-07-30 19:12:33,845 - 2 - INFO - 页面"满vip版手游_手游sf送顶级vip_满级vip无限元宝手游下载-最笨下载"跳转正常,该类元素共13个，当前第7个
2020-07-30 19:12:34,249 - basepage - INFO - Click back on current page.
2020-07-30 19:12:42,623 - 2 - INFO - 页面"满vip版手游_手游sf送顶级vip_满级vip无限元宝手游下载-最笨下载"跳转正常,该类元素共13个，当前第8个
2020-07-30 19:12:42,898 - basepage - INFO - Click back on current page.
2020-07-30 19:12:51,144 - 2 - INFO - 页面"满vip版手游_手游sf送顶级vip_满级vip无限元宝手游下载-最笨下载"跳转正常,该类元素共13个，当前第9个
2020-07-30 19:12:51,427 - basepage - INFO - Click back on current page.
2020-07-30 19:12:59,566 - 2 - INFO - 页面"满vip版手游_手游sf送顶级vip_满级vip无限元宝手游下载-最笨下载"跳转正常,该类元素共13个，当前第10个
2020-07-30 19:13:00,022 - basepage - INFO - Click back on current page.
2020-07-30 19:13:08,091 - 2 - INFO - 页面"满vip版手游_手游sf送顶级vip_满级vip无限元宝手游下载-最笨下载"跳转正常,该类元素共13个，当前第11个
2020-07-30 19:13:08,589 - basepage - INFO - Click back on current page.
2020-07-30 19:13:15,364 - 2 - ERROR - 页面"404-最笨下载"跳转异常,该类元素共13个，当前第12个
2020-07-30 19:13:15,893 - basepage - INFO - Click back on current page.
2020-07-30 19:13:24,708 - 2 - INFO - 页面"满vip版手游_手游sf送顶级vip_满级vip无限元宝手游下载-最笨下载"跳转正常,该类元素共13个，当前第13个
2020-07-30 19:13:24,987 - basepage - INFO - Click back on current page.
2020-07-30 19:13:33,352 - 2 - INFO - 页面"屠龙世界（送GM特权）_屠龙世界（送GM特权）无限元宝服_SF变态版屠龙世界（送GM特权）公益服下载 - 最笨下载"跳转正常,该类元素共18个，当前第1个
2020-07-30 19:13:39,489 - 2 - INFO - 页面"将军道（送百连海量抽）_将军道（送百连海量抽）无限元宝服_SF变态版将军道（送百连海量抽）公益服下载 - 最笨下载"跳转正常,该类元素共18个，当前第2个
2020-07-30 19:13:45,627 - 2 - INFO - 页面"七战（无门槛送首充）_七战（无门槛送首充）无限元宝服_SF变态版七战（无门槛送首充）公益服下载 - 最笨下载"跳转正常,该类元素共18个，当前第3个
2020-07-30 19:13:51,748 - 2 - INFO - 页面"炼金国度（送1000元充值）_炼金国度（送1000元充值）无限元宝服_SF变态版炼金国度（送1000元充值）公益服下载 - 最笨下载"跳转正常,该类元素共18个，当前第4个
2020-07-30 19:13:57,864 - 2 - INFO - 页面"冒险王2（送海量充值）_冒险王2（送海量充值）无限元宝服_SF变态版冒险王2（送海量充值）公益服下载 - 最笨下载"跳转正常,该类元素共18个，当前第5个
2020-07-30 19:14:03,985 - 2 - INFO - 页面"帝国光辉（每日送1000R）_帝国光辉（每日送1000R）无限元宝服_SF变态版帝国光辉（每日送1000R）公益服下载 - 最笨下载"跳转正常,该类元素共18个，当前第6个
2020-07-30 19:14:10,103 - 2 - INFO - 页面"围攻大菠萝（送328充值）_围攻大菠萝（送328充值）无限元宝服_SF变态版围攻大菠萝（送328充值）公益服下载 - 最笨下载"跳转正常,该类元素共18个，当前第7个
2020-07-30 19:14:16,280 - 2 - INFO - 页面"女神联盟2（送500充值）_女神联盟2（送500充值）无限元宝服_SF变态版女神联盟2（送500充值）公益服下载 - 最笨下载"跳转正常,该类元素共18个，当前第8个
2020-07-30 19:14:22,432 - 2 - INFO - 页面"九天仙梦（商城特权）_九天仙梦（商城特权）无限元宝服_SF变态版九天仙梦（商城特权）公益服下载 - 最笨下载"跳转正常,该类元素共18个，当前第9个
2020-07-30 19:14:28,578 - 2 - INFO - 页面"仙剑缘（星耀特权）_仙剑缘（星耀特权）无限元宝服_SF变态版仙剑缘（星耀特权）公益服下载 - 最笨下载"跳转正常,该类元素共18个，当前第10个
2020-07-30 19:14:34,716 - 2 - INFO - 页面"我叫MT：奇幻之旅（送一万连抽）_我叫MT：奇幻之旅（送一万连抽）无限元宝服_SF变态版我叫MT：奇幻之旅（送一万连抽）公益服下载 - 最笨下载"跳转正常,该类元素共18个，当前第11个
2020-07-30 19:14:40,844 - 2 - INFO - 页面"天天驯兽师（每日送百抽）_天天驯兽师（每日送百抽）无限元宝服_SF变态版天天驯兽师（每日送百抽）公益服下载 - 最笨下载"跳转正常,该类元素共18个，当前第12个
2020-07-30 19:14:46,998 - 2 - INFO - 页面"神契幻奇谭（海量特权）_神契幻奇谭（海量特权）无限元宝服_SF变态版神契幻奇谭（海量特权）公益服下载 - 最笨下载"跳转正常,该类元素共18个，当前第13个
2020-07-30 19:14:53,144 - 2 - INFO - 页面"冒险者集结（送650充值）_冒险者集结（送650充值）无限元宝服_SF变态版冒险者集结（送650充值）公益服下载 - 最笨下载"跳转正常,该类元素共18个，当前第14个
2020-07-30 19:14:59,323 - 2 - INFO - 页面"御剑封神录（送海量充值）_御剑封神录（送海量充值）无限元宝服_SF变态版御剑封神录（送海量充值）公益服下载 - 最笨下载"跳转正常,该类元素共18个，当前第15个
2020-07-30 19:15:05,482 - 2 - INFO - 页面"无敌战舰（送百元充值）_无敌战舰（送百元充值）无限元宝服_SF变态版无敌战舰（送百元充值）公益服下载 - 最笨下载"跳转正常,该类元素共18个，当前第16个
2020-07-30 19:15:11,620 - 2 - INFO - 页面"孤龙山（送GM海量充）_孤龙山（送GM海量充）无限元宝服_SF变态版孤龙山（送GM海量充）公益服下载 - 最笨下载"跳转正常,该类元素共18个，当前第17个
2020-07-30 19:15:17,752 - 2 - INFO - 页面"圣痕觉醒（送万元充值）_圣痕觉醒（送万元充值）无限元宝服_SF变态版圣痕觉醒（送万元充值）公益服下载 - 最笨下载"跳转正常,该类元素共18个，当前第18个
2020-07-30 19:15:24,791 - 2 - INFO - 页面"【苹果益智休闲游戏】好玩的iPhone益智休闲游戏大全_iPhone益智休闲类游戏下载-最笨下载"跳转正常,该类元素共16个，当前第1个
2020-07-30 19:15:25,033 - basepage - INFO - Click back on current page.
2020-07-30 19:15:32,657 - 2 - INFO - 页面"【苹果其他游戏】好玩的iphone其他游戏大全_iphone其他类游戏下载-最笨下载"跳转正常,该类元素共16个，当前第2个
2020-07-30 19:15:32,964 - basepage - INFO - Click back on current page.
2020-07-30 19:15:40,794 - 2 - INFO - 页面"【苹果音乐游戏】好玩的iphone音乐游戏大全_iphone音乐类游戏下载-最笨下载"跳转正常,该类元素共16个，当前第3个
2020-07-30 19:15:41,188 - basepage - INFO - Click back on current page.
2020-07-30 19:15:48,798 - 2 - INFO - 页面"【苹果网络游戏】好玩的iphone网络游戏大全_iphone网络类游戏下载-最笨下载"跳转正常,该类元素共16个，当前第4个
2020-07-30 19:15:49,037 - basepage - INFO - Click back on current page.
2020-07-30 19:15:56,574 - 2 - INFO - 页面"【苹果格斗游戏】好玩的iPhone格斗游戏大全_iPhone格斗类游戏下载-最笨下载"跳转正常,该类元素共16个，当前第5个
2020-07-30 19:15:56,819 - basepage - INFO - Click back on current page.
2020-07-30 19:16:04,477 - 2 - INFO - 页面"【苹果飞行游戏】好玩的iPhone飞行游戏大全_iPhone飞行类游戏下载-最笨下载"跳转正常,该类元素共16个，当前第6个
2020-07-30 19:16:04,936 - basepage - INFO - Click back on current page.
2020-07-30 19:16:12,917 - 2 - INFO - 页面"【苹果体育运动游戏】好玩的iPhone体育运动游戏大全_iPhone体育运动类游戏下载-最笨下载"跳转正常,该类元素共16个，当前第7个
2020-07-30 19:16:13,332 - basepage - INFO - Click back on current page.
2020-07-30 19:16:21,021 - 2 - INFO - 页面"【苹果模拟经营游戏】好玩的iPhone模拟经营游戏大全_iPhone模拟经营类游戏下载-最笨下载"跳转正常,该类元素共16个，当前第8个
2020-07-30 19:16:21,279 - basepage - INFO - Click back on current page.
2020-07-30 19:16:28,371 - 2 - INFO - 页面"【苹果策略游戏】好玩的iphone策略游戏大全_iphone策略类游戏下载-最笨下载"跳转正常,该类元素共16个，当前第9个
2020-07-30 19:16:28,834 - basepage - INFO - Click back on current page.
2020-07-30 19:16:36,769 - 2 - INFO - 页面"【苹果塔防游戏】好玩的iphone塔防游戏大全_iphone塔防类游戏下载-最笨下载"跳转正常,该类元素共16个，当前第10个
2020-07-30 19:16:37,178 - basepage - INFO - Click back on current page.
2020-07-30 19:16:44,957 - 2 - INFO - 页面"【苹果解谜游戏】好玩的iphone解谜游戏大全_iphone解谜类游戏下载-最笨下载"跳转正常,该类元素共16个，当前第11个
2020-07-30 19:16:45,232 - basepage - INFO - Click back on current page.
2020-07-30 19:16:53,368 - 2 - INFO - 页面"【苹果射击游戏】好玩的iphone射击游戏大全_iphone射击类游戏下载-最笨下载"跳转正常,该类元素共16个，当前第12个
2020-07-30 19:16:53,747 - basepage - INFO - Click back on current page.
2020-07-30 19:17:01,431 - 2 - INFO - 页面"【苹果棋牌游戏】好玩的iphone棋牌游戏大全_iphone棋牌类游戏下载-最笨下载"跳转正常,该类元素共16个，当前第13个
2020-07-30 19:17:01,704 - basepage - INFO - Click back on current page.
2020-07-30 19:17:09,290 - 2 - INFO - 页面"【苹果赛车游戏】好玩的iPhone赛车游戏大全_iPhone赛车类游戏下载-最笨下载"跳转正常,该类元素共16个，当前第14个
2020-07-30 19:17:09,576 - basepage - INFO - Click back on current page.
2020-07-30 19:17:16,477 - 2 - INFO - 页面"【苹果角色扮演游戏】好玩的iphone角色扮演游戏_iPhone角色扮演类游戏下载-最笨下载"跳转正常,该类元素共16个，当前第15个
2020-07-30 19:17:17,010 - basepage - INFO - Click back on current page.
2020-07-30 19:17:23,955 - 2 - INFO - 页面"【安卓动作游戏】好玩的iPhone动作游戏大全_iPhone动作类游戏下载-最笨下载"跳转正常,该类元素共16个，当前第16个
2020-07-30 19:17:24,225 - basepage - INFO - Click back on current page.
2020-07-30 19:17:32,595 - 2 - INFO - 页面"冒险王2（送海量充值）ios版_冒险王2（送海量充值）ios版下载_冒险王2（送海量充值）ios版官方下载-最笨下载"跳转正常,该类元素共18个，当前第1个
2020-07-30 19:17:38,726 - 2 - INFO - 页面"恋三国（送百抽）ios版_恋三国（送百抽）ios版下载_恋三国（送百抽）ios版官方下载-最笨下载"跳转正常,该类元素共18个，当前第2个
2020-07-30 19:17:44,853 - 2 - INFO - 页面"屠龙世界（送GM特权）ios版_屠龙世界（送GM特权）ios版下载_屠龙世界（送GM特权）ios版官方下载-最笨下载"跳转正常,该类元素共18个，当前第3个
2020-07-30 19:17:50,973 - 2 - INFO - 页面"将军道（送百连海量抽）ios版_将军道（送百连海量抽）ios版下载_将军道（送百连海量抽）ios版官方下载-最笨下载"跳转正常,该类元素共18个，当前第4个
2020-07-30 19:17:57,105 - 2 - INFO - 页面"塔防镇魂师（送328代金券）ios版_塔防镇魂师（送328代金券）ios版下载_塔防镇魂师（送328代金券）ios版官方下载-最笨下载"跳转正常,该类元素共18个，当前第5个
2020-07-30 19:18:03,236 - 2 - INFO - 页面"乱斗三国ios版_乱斗三国ios版下载_乱斗三国ios版官方下载-最笨下载"跳转正常,该类元素共18个，当前第6个
2020-07-30 19:18:09,356 - 2 - INFO - 页面"兵器少女（无门槛送充）ios版_兵器少女（无门槛送充）ios版下载_兵器少女（无门槛送充）ios版官方下载-最笨下载"跳转正常,该类元素共18个，当前第7个
2020-07-30 19:18:15,490 - 2 - INFO - 页面"猎手之王ios版_猎手之王ios版下载_猎手之王ios版官方下载-最笨下载"跳转正常,该类元素共18个，当前第8个
2020-07-30 19:18:21,599 - 2 - INFO - 页面"古墓迷城ios版_古墓迷城ios版下载_古墓迷城ios版官方下载-最笨下载"跳转正常,该类元素共18个，当前第9个
2020-07-30 19:18:27,727 - 2 - INFO - 页面"国战纪元ios版_国战纪元ios版下载_国战纪元ios版官方下载-最笨下载"跳转正常,该类元素共18个，当前第10个
2020-07-30 19:18:33,872 - 2 - INFO - 页面"天诀ios版_天诀ios版下载_天诀ios版官方下载-最笨下载"跳转正常,该类元素共18个，当前第11个
2020-07-30 19:18:40,004 - 2 - INFO - 页面"仙剑缘（星耀特权）ios版_仙剑缘（星耀特权）ios版下载_仙剑缘（星耀特权）ios版官方下载-最笨下载"跳转正常,该类元素共18个，当前第12个
2020-07-30 19:18:46,143 - 2 - INFO - 页面"九灵神域ios版_九灵神域ios版下载_九灵神域ios版官方下载-最笨下载"跳转正常,该类元素共18个，当前第13个
2020-07-30 19:18:52,307 - 2 - INFO - 页面"天之命（海量特权）ios版_天之命（海量特权）ios版下载_天之命（海量特权）ios版官方下载-最笨下载"跳转正常,该类元素共18个，当前第14个
2020-07-30 19:18:58,461 - 2 - INFO - 页面"魔剑侠缘（星耀特权）ios版_魔剑侠缘（星耀特权）ios版下载_魔剑侠缘（星耀特权）ios版官方下载-最笨下载"跳转正常,该类元素共18个，当前第15个
2020-07-30 19:19:04,595 - 2 - INFO - 页面"仙灵世界（复古绿色服）ios版_仙灵世界（复古绿色服）ios版下载_仙灵世界（复古绿色服）ios版官方下载-最笨下载"跳转正常,该类元素共18个，当前第16个
2020-07-30 19:19:10,748 - 2 - INFO - 页面"风之剑舞（至尊特权）ios版_风之剑舞（至尊特权）ios版下载_风之剑舞（至尊特权）ios版官方下载-最笨下载"跳转正常,该类元素共18个，当前第17个
2020-07-30 19:19:16,903 - 2 - INFO - 页面"塔塔星座（送328充值）ios版_塔塔星座（送328充值）ios版下载_塔塔星座（送328充值）ios版官方下载-最笨下载"跳转正常,该类元素共18个，当前第18个
2020-07-30 19:19:24,706 - 2 - INFO - 页面"ios无限元宝的手游"跳转正常,该类元素共4个，当前第1个
2020-07-30 19:19:24,949 - basepage - INFO - Click back on current page.
2020-07-30 19:19:30,551 - 2 - INFO - 页面"gm手游助手ios"跳转正常,该类元素共4个，当前第2个
2020-07-30 19:19:30,943 - basepage - INFO - Click back on current page.
2020-07-30 19:19:36,498 - 2 - INFO - 页面"ios变态服游戏"跳转正常,该类元素共4个，当前第3个
2020-07-30 19:19:36,745 - basepage - INFO - Click back on current page.
2020-07-30 19:19:42,260 - 2 - INFO - 页面"ios看小说神器"跳转正常,该类元素共4个，当前第4个
2020-07-30 19:19:42,625 - basepage - INFO - Click back on current page.
2020-07-30 19:19:50,369 - 2 - INFO - 页面"【最笨周末活动】7月10日晴了一夏周末福利活动"跳转正常,该类元素共4个，当前第1个
2020-07-30 19:19:50,600 - basepage - INFO - Click back on current page.
2020-07-30 19:19:55,962 - 2 - INFO - 页面"【最笨周末活动】7月3日清凉一夏活动来袭~"跳转正常,该类元素共4个，当前第2个
2020-07-30 19:19:56,437 - basepage - INFO - Click back on current page.
2020-07-30 19:20:00,893 - 2 - INFO - 页面"【最笨周末活动】炎炎夏日~让福利活动给你冰凉"跳转正常,该类元素共4个，当前第3个
2020-07-30 19:20:01,127 - basepage - INFO - Click back on current page.
2020-07-30 19:20:06,682 - 2 - INFO - 页面"【最笨周末活动】7月17日夏日活动 福利好礼一夏"跳转正常,该类元素共4个，当前第4个
2020-07-30 19:20:06,922 - basepage - INFO - Click back on current page.
2020-07-30 19:20:13,003 - 2 - INFO - 页面"有翡原著小说简介 有匪小说剧情介绍"跳转正常,该类元素共20个，当前第1个
2020-07-30 19:20:19,137 - 2 - INFO - 页面"有翡小说免费阅读 有匪小说周翡全文阅读"跳转正常,该类元素共20个，当前第2个
2020-07-30 19:20:25,256 - 2 - INFO - 页面"有翡原著小说在线阅读 有翡原著小说全文免费"跳转正常,该类元素共20个，当前第3个
2020-07-30 19:20:31,399 - 2 - INFO - 页面"聊天第一句幽默技巧 微信聊天第一句怎么开场"跳转正常,该类元素共20个，当前第4个
2020-07-30 19:20:37,551 - 2 - INFO - 页面"陌陌怎么聊天 陌陌聊天技巧分享"跳转正常,该类元素共20个，当前第5个
2020-07-30 19:20:43,679 - 2 - INFO - 页面"牧场物语矿石镇怎么样-矿石镇详细介绍"跳转正常,该类元素共20个，当前第6个
2020-07-30 19:20:49,836 - 2 - INFO - 页面"牧场物语哆啦a梦怎么玩-哆啦a梦玩法攻略"跳转正常,该类元素共20个，当前第7个
2020-07-30 19:20:55,986 - 2 - INFO - 页面"《大千世界》危险案件怎么玩-危险案件攻略"跳转正常,该类元素共20个，当前第8个
2020-07-30 19:21:02,127 - 2 - INFO - 页面"《大千世界》王都在什么地方-王城地图介绍"跳转正常,该类元素共20个，当前第9个
2020-07-30 19:21:08,271 - 2 - INFO - 页面"牧场物语重聚矿石镇农场扩建条件介绍"跳转正常,该类元素共20个，当前第10个
2020-07-30 19:21:14,415 - 2 - INFO - 页面"类似梦幻的ios变态手游排行榜"跳转正常,该类元素共20个，当前第11个
2020-07-30 19:21:20,543 - 2 - INFO - 页面"什么软件可以下破解版游戏 免费下载破解版的游"跳转正常,该类元素共20个，当前第12个
2020-07-30 19:21:26,661 - 2 - INFO - 页面"现在什么游戏玩的人多-游戏玩的人多的排名202"跳转正常,该类元素共20个，当前第13个
2020-07-30 19:21:32,781 - 2 - INFO - 页面"2020有什么好玩的网游推荐-2020新网游排行榜"跳转正常,该类元素共20个，当前第14个
2020-07-30 19:21:38,906 - 2 - INFO - 页面"有什么好玩的游戏吗-2020好玩的游戏手游排行榜"跳转正常,该类元素共20个，当前第15个
2020-07-30 19:21:45,041 - 2 - INFO - 页面"牧场物语重聚矿石镇结婚条件是什么"跳转正常,该类元素共20个，当前第16个
2020-07-30 19:21:51,153 - 2 - INFO - 页面"牧场物语重聚矿石镇怎么生孩子"跳转正常,该类元素共20个，当前第17个
2020-07-30 19:21:57,297 - 2 - INFO - 页面"烟雨江湖腾跃术给谁用"跳转正常,该类元素共20个，当前第18个
2020-07-30 19:22:03,446 - 2 - INFO - 页面"烟雨江湖苍狼新血外出游历奖励是什么"跳转正常,该类元素共20个，当前第19个
2020-07-30 19:22:09,584 - 2 - INFO - 页面"烟雨江湖泠月后山石碑在哪"跳转正常,该类元素共20个，当前第20个
2020-07-30 19:22:15,788 - 2 - INFO - 页面"apk3安卓网-2020最新apk安卓游戏-热门apk软件下载平台"跳转正常,该类元素共34个，当前第1个
2020-07-30 19:22:21,891 - 2 - INFO - 页面"小游戏,在线小游戏,小游戏大全,双人小游戏,3199小游戏"跳转正常,该类元素共34个，当前第2个
2020-07-30 19:22:28,031 - 2 - INFO - 页面"中文网站排行榜_alexa排行 - 爱站网站排行榜"跳转正常,该类元素共34个，当前第3个
2020-07-30 19:22:34,167 - 2 - INFO - 页面"9号下载_下载软件_免费下载单机游戏_手机游戏下载大全"跳转正常,该类元素共34个，当前第4个
2020-07-30 19:23:03,415 - 2 - INFO - 页面"软件下载中心_绿色免费软件,手机游戏|软件下载,到超人软件站"跳转正常,该类元素共34个，当前第5个
2020-07-30 19:23:09,548 - 2 - INFO - 页面"系统圣地,绿色免费软件,手游下载等软件下载网站"跳转正常,该类元素共34个，当前第6个
2020-07-30 19:23:15,707 - 2 - INFO - 页面"天天安卓模拟器_安卓模拟器电脑版下载_天天模拟器官网"跳转正常,该类元素共34个，当前第7个
2020-07-30 19:23:21,875 - 2 - INFO - 页面"好看小说推荐_热门小说大全_小说排行榜 - 玖陆文学"跳转正常,该类元素共34个，当前第8个
2020-07-30 19:23:27,980 - 2 - INFO - 页面"IE8 IE9 IE10 IE浏览器下载 - IE浏览器中文网站"跳转正常,该类元素共34个，当前第9个
2020-07-30 19:23:34,137 - 2 - INFO - 页面"bt手游平台_满v手游公益服_gm手游排行榜_3733游戏盒子官网"跳转正常,该类元素共34个，当前第10个
2020-07-30 19:24:13,204 - 2 - INFO - 页面"bt公益服变态手游排行榜前十名[新开公测热门+在线人多+免费大型网游]新开最热门好玩人气高的网络游戏有什么_安卓苹果ios客户端游戏下载大全_8979游戏官网"跳转正常,该类元素共34个，当前第11个
2020-07-30 19:24:19,331 - 2 - INFO - 页面"【破解版手机游戏】手机破解游戏下载_安卓手机游戏破解版下载大全-最笨下载"跳转正常,该类元素共34个，当前第12个
2020-07-30 19:24:25,485 - 2 - INFO - 页面"windows10系统之家 - 系统之家提供win10专业版,ISO镜像,企业版等win10系统下载"跳转正常,该类元素共34个，当前第13个
2020-07-30 19:24:59,032 - 2 - INFO - 页面"39整形美容_中国专业医学整形美容门户"跳转正常,该类元素共34个，当前第14个
2020-07-30 19:25:05,135 - 2 - INFO - 页面"零度软件园_官方软件下载_绿色软件_游戏下载_值得信赖的下载站！"跳转正常,该类元素共34个，当前第15个
2020-07-30 19:25:38,641 - 2 - INFO - 页面"单机游戏_单机游戏下载大全中文版下载_好玩的单机游戏下载基地 - 99单机游戏"跳转正常,该类元素共34个，当前第16个
2020-07-30 19:25:44,772 - 2 - INFO - 页面"安卓市场_安卓游戏破解版下载_单机破解版游戏大全_手机网游下载"跳转正常,该类元素共34个，当前第17个
2020-07-30 19:29:10,467 - 2 - INFO - 页面"手机游戏下载-手机软件下载-电脑软件下载-小黑游戏"跳转正常,该类元素共34个，当前第18个
2020-07-30 19:29:16,642 - 2 - INFO - 页面"手机游戏_手机游戏排行榜_好玩的手机游戏_安卓手机游戏推荐_易玩网"跳转正常,该类元素共34个，当前第19个
2020-07-30 19:29:22,773 - 2 - INFO - 页面"手机游戏_好玩的手机游戏下载_手机游戏排行榜-游戏吧"跳转正常,该类元素共34个，当前第20个
2020-07-30 19:29:32,684 - 2 - INFO - 页面"免费手机游戏_好玩的单机游戏_安卓破解版游戏下载_apk8安卓网"跳转正常,该类元素共34个，当前第21个
2020-07-30 19:29:38,826 - 2 - INFO - 页面"免费手机游戏_好玩的单机游戏_安卓破解版游戏下载_apk8安卓网"跳转正常,该类元素共34个，当前第22个
2020-07-30 19:29:44,949 - 2 - INFO - 页面"安卓破解版游戏下载_单机手机破解游戏大全_免费游戏破解版下载-最笨下载"跳转正常,该类元素共34个，当前第23个
2020-07-30 19:29:51,080 - 2 - INFO - 页面"app.3987.com"跳转正常,该类元素共34个，当前第24个
2020-07-30 19:29:57,188 - 2 - INFO - 页面"可可出招表-流星蝴蝶剑出招表-拳皇97出招表-手机游戏-绿色软件下载"跳转正常,该类元素共34个，当前第25个
2020-07-30 19:30:04,468 - 2 - INFO - 页面"爪游控 | 新锐综合资讯媒体"跳转正常,该类元素共34个，当前第26个
2020-07-30 19:30:10,605 - 2 - INFO - 页面"3733游戏盒官网_bt游戏_满vip手游_gm手游大全_破解游戏盒子下载"跳转正常,该类元素共34个，当前第27个
2020-07-30 19:30:16,745 - 2 - INFO - 页面"绿色免费电脑软件下载_手机软件游戏下载中心-520下载站"跳转正常,该类元素共34个，当前第28个
2020-07-30 19:30:22,878 - 2 - INFO - 页面"免费大型经典安卓破解版单机游戏下载排行榜_手机最火爆最新出热门好玩人气高3DBT网络游戏有什么_破解游戏盒子软件大全-下载多"跳转正常,该类元素共34个，当前第29个
2020-07-30 19:30:29,014 - 2 - INFO - 页面"3733游戏盒官网_bt游戏_满vip手游_gm手游大全_破解游戏盒子下载"跳转正常,该类元素共34个，当前第30个
2020-07-30 19:30:36,995 - 2 - INFO - 页面"VR之家_专业VR游戏软件下载网站_VR应用_VR电影_VR视频_VR资源-VR之家"跳转正常,该类元素共34个，当前第31个
2020-07-30 19:30:43,151 - 2 - INFO - 页面"手机玩_免费安卓手机游戏_安卓游戏破解版下载_破解游戏盒子下载"跳转正常,该类元素共34个，当前第32个
2020-07-30 19:30:49,297 - 2 - INFO - 页面"gm手游平台_gm手游盒子_gm版手游下载_3733游戏官网"跳转正常,该类元素共34个，当前第33个
2020-07-30 19:31:01,962 - 2 - INFO - 页面"gm手游平台_gm版无限元宝手游_gm手游盒子下载_gm助手官网"跳转正常,该类元素共34个，当前第34个
2020-07-30 19:31:07,890 - 2 - INFO - 进入"游戏"模块，将执行随机函数
2020-07-30 19:31:10,635 - 2 - INFO - 随机页面"武动九天（GM免费特权）"跳转正常，当前第1个
2020-07-30 19:31:10,728 - basepage - INFO - Click back on current page.
2020-07-30 19:31:15,079 - 2 - INFO - 随机页面"仙灵世界（送海量连抽）"跳转正常，当前第2个
2020-07-30 19:31:15,176 - basepage - INFO - Click back on current page.
2020-07-30 19:31:19,646 - 2 - INFO - 随机页面"魔法之光（红忍海量抽）"跳转正常，当前第3个
2020-07-30 19:31:19,764 - basepage - INFO - Click back on current page.
2020-07-30 19:31:24,185 - 2 - INFO - 随机页面"魔法之光（红忍海量抽）"跳转正常，当前第1个
2020-07-30 19:31:24,328 - basepage - INFO - Click back on current page.
2020-07-30 19:31:29,015 - 2 - INFO - 随机页面"武动九天（GM免费特权）"跳转正常，当前第2个
2020-07-30 19:31:29,145 - basepage - INFO - Click back on current page.
2020-07-30 19:31:33,531 - 2 - INFO - 随机页面"武器之王（福利特权）"跳转正常，当前第3个
2020-07-30 19:31:33,652 - basepage - INFO - Click back on current page.
2020-07-30 19:31:39,561 - 2 - INFO - 进入"应用"模块，将执行随机函数
2020-07-30 19:31:42,451 - 2 - INFO - 随机页面"脱单大师"跳转正常，当前第1个
2020-07-30 19:31:42,578 - basepage - INFO - Click back on current page.
2020-07-30 19:31:47,717 - 2 - INFO - 随机页面"畅乐读"跳转正常，当前第2个
2020-07-30 19:31:47,818 - basepage - INFO - Click back on current page.
2020-07-30 19:31:52,600 - 2 - INFO - 随机页面"3733游戏盒子"跳转正常，当前第3个
2020-07-30 19:31:52,707 - basepage - INFO - Click back on current page.
2020-07-30 19:31:57,106 - 2 - INFO - 随机页面"3733游戏盒子"跳转正常，当前第1个
2020-07-30 19:31:57,209 - basepage - INFO - Click back on current page.
2020-07-30 19:32:02,128 - 2 - INFO - 随机页面"遇知音"跳转正常，当前第2个
2020-07-30 19:32:02,223 - basepage - INFO - Click back on current page.
2020-07-30 19:32:07,059 - 2 - INFO - 随机页面"撩吧"跳转正常，当前第3个
2020-07-30 19:32:07,179 - basepage - INFO - Click back on current page.
2020-07-30 19:32:13,740 - 2 - INFO - 进入"资讯"模块，将执行随机函数
2020-07-30 19:32:16,457 - 2 - INFO - 随机页面"炉石传说通灵学院恶魔猎手新卡汇总"跳转正常，当前第1个
2020-07-30 19:32:16,581 - basepage - INFO - Click back on current page.
2020-07-30 19:32:21,023 - 2 - INFO - 随机页面"江南百景图双子峰怎么得"跳转正常，当前第2个
2020-07-30 19:32:21,111 - basepage - INFO - Click back on current page.
2020-07-30 19:32:25,904 - 2 - INFO - 随机页面"剑与远征伦敦队如何玩-骨王伦敦队玩法攻略"跳转正常，当前第3个
2020-07-30 19:32:26,003 - basepage - INFO - Click back on current page.
2020-07-30 19:32:30,390 - 2 - INFO - 随机页面"凡人飞仙传（充值特权）"跳转正常，当前第1个
2020-07-30 19:32:30,481 - basepage - INFO - Click back on current page.
2020-07-30 19:32:34,882 - 2 - INFO - 随机页面"主公别闹"跳转正常，当前第2个
2020-07-30 19:32:35,101 - basepage - INFO - Click back on current page.
2020-07-30 19:32:39,479 - 2 - INFO - 随机页面"魔法之光（红忍海量抽）"跳转正常，当前第3个
2020-07-30 19:32:39,618 - basepage - INFO - Click back on current page.
2020-07-30 19:32:45,024 - 2 - INFO - 进入"专题"模块，将执行随机函数
2020-07-30 19:32:48,723 - 2 - INFO - 页面"苹果手机游戏无限元宝"跳转正常,该类元素共1个，当前第1个
2020-07-30 19:32:48,834 - basepage - INFO - Click back on current page.
2020-07-30 19:32:53,689 - 2 - INFO - 随机页面"乱斗三国ios版"跳转正常，当前第1个
2020-07-30 19:32:53,888 - basepage - INFO - Click back on current page.
2020-07-30 19:32:58,787 - 2 - INFO - 随机页面"九灵神域ios版"跳转正常，当前第2个
2020-07-30 19:32:58,898 - basepage - INFO - Click back on current page.
2020-07-30 19:33:03,749 - 2 - INFO - 随机页面"屠龙世界（送GM特权）ios版"跳转正常，当前第3个
2020-07-30 19:33:03,857 - basepage - INFO - Click back on current page.
2020-07-30 19:33:09,970 - 2 - INFO - 页面"苹果手机动作游戏排行"跳转正常,该类元素共1个，当前第1个
2020-07-30 19:33:10,086 - basepage - INFO - Click back on current page.
2020-07-30 19:33:14,979 - 2 - INFO - 随机页面"美杜莎传奇（送198模拟充值）ios版"跳转正常，当前第1个
2020-07-30 19:33:15,197 - basepage - INFO - Click back on current page.
2020-07-30 19:33:21,149 - 2 - INFO - 随机页面"全职猎手（海量特权）ios版"跳转正常，当前第2个
2020-07-30 19:33:21,269 - basepage - INFO - Click back on current page.
2020-07-30 19:33:26,418 - 2 - INFO - 随机页面"龙之战歌（无门槛送充）ios版"跳转正常，当前第3个
2020-07-30 19:33:26,596 - basepage - INFO - Click back on current page.
2020-07-30 19:33:31,542 - 2 - INFO - 页面"女主网游小说免费阅读软件"跳转正常,该类元素共1个，当前第1个
2020-07-30 19:33:31,658 - basepage - INFO - Click back on current page.
2020-07-30 19:33:36,557 - 2 - INFO - 随机页面"口袋写作"跳转正常，当前第1个
2020-07-30 19:33:36,672 - basepage - INFO - Click back on current page.
2020-07-30 19:33:41,556 - 2 - INFO - 随机页面"人人追书"跳转正常，当前第2个
2020-07-30 19:33:41,681 - basepage - INFO - Click back on current page.
2020-07-30 19:33:46,290 - 2 - INFO - 随机页面"搜书帝"跳转正常，当前第3个
2020-07-30 19:33:46,457 - basepage - INFO - Click back on current page.
2020-07-30 19:33:51,946 - 2 - INFO - 页面"武侠类网游小说软件"跳转正常,该类元素共1个，当前第1个
2020-07-30 19:33:52,081 - basepage - INFO - Click back on current page.
2020-07-30 19:33:56,896 - 2 - INFO - 随机页面"柠檬阅读"跳转正常，当前第1个
2020-07-30 19:33:57,015 - basepage - INFO - Click back on current page.
2020-07-30 19:34:01,848 - 2 - INFO - 随机页面"追书吧"跳转正常，当前第2个
2020-07-30 19:34:01,981 - basepage - INFO - Click back on current page.
2020-07-30 19:34:06,828 - 2 - INFO - 随机页面"君悦小说"跳转正常，当前第3个
2020-07-30 19:34:06,974 - basepage - INFO - Click back on current page.
2020-07-30 19:34:11,653 - 2 - INFO - 页面"下载无敌版游戏的盒子"跳转正常,该类元素共1个，当前第1个
2020-07-30 19:34:11,770 - basepage - INFO - Click back on current page.
2020-07-30 19:34:16,417 - 2 - INFO - 随机页面"3733手游盒子"跳转正常，当前第1个
2020-07-30 19:34:16,562 - basepage - INFO - Click back on current page.
2020-07-30 19:34:21,642 - 2 - INFO - 随机页面"手机玩手游盒子"跳转正常，当前第2个
2020-07-30 19:34:21,769 - basepage - INFO - Click back on current page.
2020-07-30 19:34:26,309 - 2 - INFO - 随机页面"安卓市场手游盒子"跳转正常，当前第3个
2020-07-30 19:34:26,441 - basepage - INFO - Click back on current page.
2020-07-30 19:34:33,024 - 2 - INFO - 页面"养成汉化版的游戏大全"跳转正常,该类元素共1个，当前第1个
2020-07-30 19:34:33,154 - basepage - INFO - Click back on current page.
2020-07-30 19:34:38,070 - 2 - INFO - 随机页面"拳头养成记"跳转正常，当前第1个
2020-07-30 19:34:38,270 - basepage - INFO - Click back on current page.
2020-07-30 19:34:43,222 - 2 - INFO - 随机页面"我的谈话小猫"跳转正常，当前第2个
2020-07-30 19:34:43,364 - basepage - INFO - Click back on current page.
2020-07-30 19:34:48,001 - 2 - INFO - 随机页面"虎鲸养成游戏"跳转正常，当前第3个
2020-07-30 19:34:48,112 - basepage - INFO - Click back on current page.
2020-07-30 19:34:53,784 - 2 - INFO - 页面"ios变态版游戏下载"跳转正常,该类元素共1个，当前第1个
2020-07-30 19:34:53,900 - basepage - INFO - Click back on current page.
2020-07-30 19:34:58,935 - 2 - INFO - 随机页面"名侦探柯南-业火的向日葵ios版"跳转正常，当前第1个
2020-07-30 19:34:59,137 - basepage - INFO - Click back on current page.
2020-07-30 19:35:04,268 - 2 - INFO - 随机页面"校花梦工厂（百抽特权）ios版"跳转正常，当前第2个
2020-07-30 19:35:04,393 - basepage - INFO - Click back on current page.
2020-07-30 19:35:09,299 - 2 - INFO - 随机页面"使命online（送双修情侣）ios版"跳转正常，当前第3个
2020-07-30 19:35:09,405 - basepage - INFO - Click back on current page.
2020-07-30 19:35:15,129 - 2 - INFO - 页面"2020无限破解版游戏大全"跳转正常,该类元素共1个，当前第1个
2020-07-30 19:35:15,244 - basepage - INFO - Click back on current page.
2020-07-30 19:35:20,772 - 2 - INFO - 随机页面"防御者Z"跳转正常，当前第1个
2020-07-30 19:35:21,018 - basepage - INFO - Click back on current page.
2020-07-30 19:35:26,235 - 2 - INFO - 随机页面"卡牌十字军"跳转正常，当前第2个
2020-07-30 19:35:26,357 - basepage - INFO - Click back on current page.
2020-07-30 19:35:31,233 - 2 - INFO - 随机页面"凯利法伦:与僵尸作战"跳转正常，当前第3个
2020-07-30 19:35:31,341 - basepage - INFO - Click back on current page.
2020-07-30 19:35:37,292 - 2 - INFO - 页面"三国类型卡牌手游"跳转正常,该类元素共1个，当前第1个
2020-07-30 19:35:37,420 - basepage - INFO - Click back on current page.
2020-07-30 19:35:42,351 - 2 - INFO - 随机页面"闪将三国（海量百抽）"跳转正常，当前第1个
2020-07-30 19:35:42,560 - basepage - INFO - Click back on current page.
2020-07-30 19:35:47,289 - 2 - INFO - 随机页面"调教三国（海量爆充值）"跳转正常，当前第2个
2020-07-30 19:35:47,404 - basepage - INFO - Click back on current page.
2020-07-30 19:35:52,099 - 2 - INFO - 随机页面"天天怼三国（商城特权）"跳转正常，当前第3个
2020-07-30 19:35:52,225 - basepage - INFO - Click back on current page.
2020-07-30 19:35:57,846 - 2 - INFO - 页面"安卓动作角色扮演游戏"跳转正常,该类元素共1个，当前第1个
2020-07-30 19:35:57,960 - basepage - INFO - Click back on current page.
2020-07-30 19:36:02,791 - 2 - INFO - 随机页面"新世界的神（福利特权）"跳转正常，当前第1个
2020-07-30 19:36:02,916 - basepage - INFO - Click back on current page.
2020-07-30 19:36:07,869 - 2 - INFO - 随机页面"最笨游戏盒子"跳转正常，当前第2个
2020-07-30 19:36:07,989 - basepage - INFO - Click back on current page.
2020-07-30 19:36:12,926 - 2 - INFO - 随机页面"剑侠世界2"跳转正常，当前第3个
2020-07-30 19:36:13,043 - basepage - INFO - Click back on current page.
2020-07-30 19:36:19,548 - 2 - INFO - 进入"电脑"模块，将执行随机函数
2020-07-30 19:36:22,277 - 2 - INFO - 随机页面"大军师（送海量橙将）"跳转正常，当前第1个
2020-07-30 19:36:22,373 - basepage - INFO - Click back on current page.
2020-07-30 19:36:26,747 - 2 - INFO - 随机页面"魔法之光（红忍海量抽）"跳转正常，当前第2个
2020-07-30 19:36:26,880 - basepage - INFO - Click back on current page.
2020-07-30 19:36:31,299 - 2 - INFO - 随机页面"女神联盟2（送500充值）"跳转正常，当前第3个
2020-07-30 19:36:31,397 - basepage - INFO - Click back on current page.
2020-07-30 19:36:38,319 - 2 - INFO - 进入"APP大全"模块，将执行随机函数
2020-07-30 19:36:42,402 - 2 - INFO - 页面"游戏盒"跳转正常,该类元素共16个，当前第1个
2020-07-30 19:36:48,492 - 2 - INFO - 页面"龙之谷2"跳转正常,该类元素共16个，当前第2个
2020-07-30 19:36:54,591 - 2 - INFO - 页面"光遇"跳转正常,该类元素共16个，当前第3个
2020-07-30 19:37:00,668 - 2 - INFO - 页面"最强蜗牛"跳转正常,该类元素共16个，当前第4个
2020-07-30 19:37:06,770 - 2 - INFO - 页面"塞尔达"跳转正常,该类元素共16个，当前第5个
2020-07-30 19:37:12,874 - 2 - INFO - 页面"山海镜花"跳转正常,该类元素共16个，当前第6个
2020-07-30 19:37:18,969 - 2 - INFO - 页面"公主连结"跳转正常,该类元素共16个，当前第7个
2020-07-30 19:37:25,075 - 2 - INFO - 页面"网络工具"跳转正常,该类元素共16个，当前第8个
2020-07-30 19:37:31,165 - 2 - INFO - 页面"集合啦动物森友会"跳转正常,该类元素共16个，当前第9个
2020-07-30 19:37:37,312 - 2 - INFO - 页面"龙族幻想"跳转正常,该类元素共16个，当前第10个
2020-07-30 19:37:43,403 - 2 - INFO - 页面"剑与远征"跳转正常,该类元素共16个，当前第11个
2020-07-30 19:37:49,519 - 2 - INFO - 页面"烟雨江湖"跳转正常,该类元素共16个，当前第12个
2020-07-30 19:37:55,641 - 2 - INFO - 页面"云顶之弈"跳转正常,该类元素共16个，当前第13个
2020-07-30 19:38:01,743 - 2 - INFO - 页面"家国梦"跳转正常,该类元素共16个，当前第14个
2020-07-30 19:38:07,817 - 2 - INFO - 页面"棋牌"跳转正常,该类元素共16个，当前第15个
2020-07-30 19:38:13,893 - 2 - INFO - 页面"gta5"跳转正常,该类元素共16个，当前第16个
2020-07-30 19:38:15,914 - basepage - INFO - zuiben自动化测试结束
