2020-08-03 18:20:05,928 - basepage - INFO - zuiben自动化测试开始
2020-08-03 18:20:05,933 - basepage - INFO - 隐性等待 10 秒
2020-08-03 18:20:11,546 - basepage - INFO - 跳转至https://www.zuiben.com/
2020-08-03 18:20:13,670 - basepage - INFO - 窗口已经最大化
2020-08-03 18:20:19,580 - 2 - INFO - 页面"【安卓游戏】好玩的安卓游戏下载_安卓游戏排行榜_安卓游戏免费下载大全-最笨下载"跳转正常,该类元素共21个，当前第1个
2020-08-03 18:20:19,809 - basepage - INFO - Click back on current page.
2020-08-03 18:20:24,052 - 2 - INFO - 页面"变态手游公益服_bt手游变态服_无限元宝bt手游下载_BT手游中心-最笨下载"跳转正常,该类元素共21个，当前第2个
2020-08-03 18:20:24,475 - basepage - INFO - Click back on current page.
2020-08-03 18:20:28,697 - 2 - INFO - 页面"gm版手游_无限元宝/钻石公益服_0元免费gm权限手游下载-最笨下载"跳转正常,该类元素共21个，当前第3个
2020-08-03 18:20:28,896 - basepage - INFO - Click back on current page.
2020-08-03 18:20:34,481 - 2 - INFO - 页面"【苹果游戏】iphone苹果手机游戏下载_iphone苹果游戏排行榜-最笨下载"跳转正常,该类元素共21个，当前第4个
2020-08-03 18:20:34,694 - basepage - INFO - Click back on current page.
2020-08-03 18:20:38,877 - 2 - INFO - 页面"满vip版手游_手游sf送顶级vip_满级vip无限元宝手游下载-最笨下载"跳转正常,该类元素共21个，当前第5个
2020-08-03 18:20:39,079 - basepage - INFO - Click back on current page.
2020-08-03 18:20:44,208 - 2 - INFO - 页面"【安卓软件】安卓软件下载_安卓手机软件下载_安卓软件免费下载大全-最笨下载"跳转正常,该类元素共21个，当前第6个
2020-08-03 18:20:44,444 - basepage - INFO - Click back on current page.
2020-08-03 18:20:49,848 - 2 - INFO - 页面"【苹果软件】iphone苹果下载软件_iphone苹果软件免费下载_苹果软件下载大全-最笨下载"跳转正常,该类元素共21个，当前第7个
2020-08-03 18:20:50,063 - basepage - INFO - Click back on current page.
2020-08-03 18:20:54,770 - 2 - INFO - 页面"【安卓资讯】安卓资讯推荐_安卓资讯大全-最笨下载"跳转正常,该类元素共21个，当前第8个
2020-08-03 18:20:54,985 - basepage - INFO - Click back on current page.
2020-08-03 18:20:59,540 - 2 - INFO - 页面"【安卓游戏攻略】安卓游戏攻略推荐_安卓游戏攻略大全-最笨下载"跳转正常,该类元素共21个，当前第9个
2020-08-03 18:20:59,822 - basepage - INFO - Click back on current page.
2020-08-03 18:21:04,839 - 2 - INFO - 页面"【安卓软件教程】安卓软件教程推荐_安卓软件教程大全-最笨下载"跳转正常,该类元素共21个，当前第10个
2020-08-03 18:21:05,040 - basepage - INFO - Click back on current page.
2020-08-03 18:21:10,192 - 2 - INFO - 页面"【iphone资讯】iphone资讯推荐_iphone资讯大全-最笨下载"跳转正常,该类元素共21个，当前第11个
2020-08-03 18:21:10,408 - basepage - INFO - Click back on current page.
2020-08-03 18:21:15,021 - 2 - INFO - 页面"【iPhone游戏攻略】iPhone游戏攻略推荐_iPhone游戏攻略大全-最笨下载"跳转正常,该类元素共21个，当前第12个
2020-08-03 18:21:15,241 - basepage - INFO - Click back on current page.
2020-08-03 18:21:19,750 - 2 - INFO - 页面"【系统重装教程】电脑重装系统教程_电脑怎么重装系统_重装系统步骤-最笨下载"跳转正常,该类元素共21个，当前第13个
2020-08-03 18:21:20,003 - basepage - INFO - Click back on current page.
2020-08-03 18:21:25,524 - 2 - INFO - 页面"安卓专题-最笨下载"跳转正常,该类元素共21个，当前第14个
2020-08-03 18:21:25,900 - basepage - INFO - Click back on current page.
2020-08-03 18:21:31,453 - 2 - INFO - 页面"游戏专题-最笨下载"跳转正常,该类元素共21个，当前第15个
2020-08-03 18:21:31,669 - basepage - INFO - Click back on current page.
2020-08-03 18:21:36,458 - 2 - INFO - 页面"苹果专题-最笨下载"跳转正常,该类元素共21个，当前第16个
2020-08-03 18:21:36,879 - basepage - INFO - Click back on current page.
2020-08-03 18:21:41,605 - 2 - INFO - 页面"【电脑软件】电脑软件下载_电脑装机必备软件_电脑常用软件下载_电脑软件大全-最笨下载"跳转正常,该类元素共21个，当前第17个
2020-08-03 18:21:41,813 - basepage - INFO - Click back on current page.
2020-08-03 18:21:47,166 - 2 - INFO - 页面"【电脑软件】电脑软件下载_电脑装机必备软件_电脑常用软件下载_电脑软件大全-最笨下载"跳转正常,该类元素共21个，当前第18个
2020-08-03 18:21:47,391 - basepage - INFO - Click back on current page.
2020-08-03 18:21:52,124 - 2 - INFO - 页面"【激活工具】激活windows工具_万能激活工具_windows激活工具下载_自动激活工具-最笨下载"跳转正常,该类元素共21个，当前第19个
2020-08-03 18:21:52,340 - basepage - INFO - Click back on current page.
2020-08-03 18:21:56,521 - 2 - INFO - 页面"【系统重装教程】电脑重装系统教程_电脑怎么重装系统_重装系统步骤-最笨下载"跳转正常,该类元素共21个，当前第20个
2020-08-03 18:21:56,741 - basepage - INFO - Click back on current page.
2020-08-03 18:22:00,894 - 2 - INFO - 页面"【系统重装教程】电脑重装系统教程_电脑怎么重装系统_重装系统步骤-最笨下载"跳转正常,该类元素共21个，当前第21个
2020-08-03 18:22:01,361 - basepage - INFO - Click back on current page.
2020-08-03 18:22:09,234 - 2 - INFO - 页面"家庭教师OL手游"跳转正常,该类元素共10个，当前第1个
2020-08-03 18:22:15,394 - 2 - INFO - 页面"魔女骑士团手游"跳转正常,该类元素共10个，当前第2个
2020-08-03 18:22:21,521 - 2 - INFO - 页面"决胜足球手游"跳转正常,该类元素共10个，当前第3个
2020-08-03 18:22:27,666 - 2 - INFO - 页面"少女战争手游"跳转正常,该类元素共10个，当前第4个
2020-08-03 18:22:33,787 - 2 - INFO - 页面"天神战（魔灵特权）"跳转正常,该类元素共10个，当前第5个
2020-08-03 18:22:39,951 - 2 - INFO - 页面"最Q幻想手游"跳转正常,该类元素共10个，当前第6个
2020-08-03 18:22:46,096 - 2 - INFO - 页面"霸途手游"跳转正常,该类元素共10个，当前第7个
2020-08-03 18:22:52,220 - 2 - INFO - 页面"回到三国志手游"跳转正常,该类元素共10个，当前第8个
2020-08-03 18:22:58,371 - 2 - INFO - 页面"幻游猎人手游"跳转正常,该类元素共10个，当前第9个
2020-08-03 18:23:04,484 - 2 - INFO - 页面"王者荣耀"跳转正常,该类元素共10个，当前第10个
2020-08-03 18:23:10,652 - 2 - INFO - 页面"女神联盟2（送500充值）"跳转正常,该类元素共20个，当前第1个
2020-08-03 18:23:16,794 - 2 - INFO - 页面"仙灵世界（送海量连抽）"跳转正常,该类元素共20个，当前第2个
2020-08-03 18:23:22,945 - 2 - INFO - 页面"武器之王（福利特权）"跳转正常,该类元素共20个，当前第3个
2020-08-03 18:23:29,109 - 2 - INFO - 页面"天天怼三国（送千元充值）"跳转正常,该类元素共20个，当前第4个
2020-08-03 18:23:35,287 - 2 - INFO - 页面"武动九天（GM免费特权）"跳转正常,该类元素共20个，当前第5个
2020-08-03 18:23:41,411 - 2 - INFO - 页面"魔法之光（红忍海量抽）"跳转正常,该类元素共20个，当前第6个
2020-08-03 18:23:47,534 - 2 - INFO - 页面"大军师（送海量橙将）"跳转正常,该类元素共20个，当前第7个
2020-08-03 18:23:53,693 - 2 - INFO - 页面"唐门六道（送千元充值）"跳转正常,该类元素共20个，当前第8个
2020-08-03 18:23:59,839 - 2 - INFO - 页面"教主之家（至尊特权）"跳转正常,该类元素共20个，当前第9个
2020-08-03 18:24:05,969 - 2 - INFO - 页面"纵剑仙界（送VIP代金券）"跳转正常,该类元素共20个，当前第10个
2020-08-03 18:24:12,090 - 2 - INFO - 页面"冒险王2（送海量充值）"跳转正常,该类元素共20个，当前第11个
2020-08-03 18:24:18,236 - 2 - INFO - 页面"九幽仙域（海量送充值）"跳转正常,该类元素共20个，当前第12个
2020-08-03 18:24:24,409 - 2 - INFO - 页面"一剑成仙（海量打金）"跳转正常,该类元素共20个，当前第13个
2020-08-03 18:24:30,563 - 2 - INFO - 页面"梦幻沙城（海量抽充值）"跳转正常,该类元素共20个，当前第14个
2020-08-03 18:24:36,687 - 2 - INFO - 页面"真江湖HD（万抽特权）"跳转正常,该类元素共20个，当前第15个
2020-08-03 18:24:42,808 - 2 - INFO - 页面"龙刃（折扣特权）"跳转正常,该类元素共20个，当前第16个
2020-08-03 18:24:48,946 - 2 - INFO - 页面"战神不败（GM送充值）"跳转正常,该类元素共20个，当前第17个
2020-08-03 18:24:55,082 - 2 - INFO - 页面"思仙星耀版"跳转正常,该类元素共20个，当前第18个
2020-08-03 18:25:01,203 - 2 - INFO - 页面"暴走神话"跳转正常,该类元素共20个，当前第19个
2020-08-03 18:25:07,338 - 2 - INFO - 页面"围攻大菠萝（送328充值）"跳转正常,该类元素共20个，当前第20个
2020-08-03 18:25:15,289 - 2 - INFO - 页面"女神联盟2（送500充值）"跳转正常,该类元素共10个，当前第1个
2020-08-03 18:25:21,437 - 2 - INFO - 页面"仙灵世界（送海量连抽）"跳转正常,该类元素共10个，当前第2个
2020-08-03 18:25:27,582 - 2 - INFO - 页面"武器之王（福利特权）"跳转正常,该类元素共10个，当前第3个
2020-08-03 18:25:33,705 - 2 - INFO - 页面"天天怼三国（送千元充值）"跳转正常,该类元素共10个，当前第4个
2020-08-03 18:25:39,827 - 2 - INFO - 页面"武动九天（GM免费特权）"跳转正常,该类元素共10个，当前第5个
2020-08-03 18:25:45,975 - 2 - INFO - 页面"魔法之光（红忍海量抽）"跳转正常,该类元素共10个，当前第6个
2020-08-03 18:25:52,111 - 2 - INFO - 页面"大军师（送海量橙将）"跳转正常,该类元素共10个，当前第7个
2020-08-03 18:25:58,291 - 2 - INFO - 页面"唐门六道（送千元充值）"跳转正常,该类元素共10个，当前第8个
2020-08-03 18:26:04,438 - 2 - INFO - 页面"教主之家（至尊特权）"跳转正常,该类元素共10个，当前第9个
2020-08-03 18:26:10,568 - 2 - INFO - 页面"纵剑仙界（送VIP代金券）"跳转正常,该类元素共10个，当前第10个
2020-08-03 18:26:16,729 - 2 - INFO - 页面"女神联盟2（送500充值）"跳转正常,该类元素共20个，当前第1个
2020-08-03 18:26:22,886 - 2 - INFO - 页面"仙灵世界（送海量连抽）"跳转正常,该类元素共20个，当前第2个
2020-08-03 18:26:29,027 - 2 - INFO - 页面"武器之王（福利特权）"跳转正常,该类元素共20个，当前第3个
2020-08-03 18:26:35,180 - 2 - INFO - 页面"凡人飞仙传（充值特权）"跳转正常,该类元素共20个，当前第4个
2020-08-03 18:26:41,325 - 2 - INFO - 页面"天天怼三国（送千元充值）"跳转正常,该类元素共20个，当前第5个
2020-08-03 18:26:47,473 - 2 - INFO - 页面"武动九天（GM免费特权）"跳转正常,该类元素共20个，当前第6个
2020-08-03 18:26:53,612 - 2 - INFO - 页面"魔法之光（红忍海量抽）"跳转正常,该类元素共20个，当前第7个
2020-08-03 18:26:59,752 - 2 - INFO - 页面"大军师（送海量橙将）"跳转正常,该类元素共20个，当前第8个
2020-08-03 18:27:05,878 - 2 - INFO - 页面"唐门六道（送千元充值）"跳转正常,该类元素共20个，当前第9个
2020-08-03 18:27:12,020 - 2 - INFO - 页面"教主之家（至尊特权）"跳转正常,该类元素共20个，当前第10个
2020-08-03 18:27:18,172 - 2 - INFO - 页面"纵剑仙界（送VIP代金券）"跳转正常,该类元素共20个，当前第11个
2020-08-03 18:27:24,289 - 2 - INFO - 页面"冒险王2（送海量充值）"跳转正常,该类元素共20个，当前第12个
2020-08-03 18:27:30,430 - 2 - INFO - 页面"九幽仙域（海量送充值）"跳转正常,该类元素共20个，当前第13个
2020-08-03 18:27:36,549 - 2 - INFO - 页面"烈火战神（海量特权）"跳转正常,该类元素共20个，当前第14个
2020-08-03 18:27:42,693 - 2 - INFO - 页面"一剑成仙（海量打金）"跳转正常,该类元素共20个，当前第15个
2020-08-03 18:27:48,854 - 2 - INFO - 页面"梦幻沙城（海量抽充值）"跳转正常,该类元素共20个，当前第16个
2020-08-03 18:27:55,019 - 2 - INFO - 页面"真江湖HD（万抽特权）"跳转正常,该类元素共20个，当前第17个
2020-08-03 18:28:01,178 - 2 - INFO - 页面"龙刃（折扣特权）"跳转正常,该类元素共20个，当前第18个
2020-08-03 18:28:07,302 - 2 - INFO - 页面"横扫天下之万年强者（1元超值）"跳转正常,该类元素共20个，当前第19个
2020-08-03 18:28:13,425 - 2 - INFO - 页面"战神不败（GM送充值）"跳转正常,该类元素共20个，当前第20个
2020-08-03 18:28:21,337 - 2 - INFO - 页面"女神联盟2（送500充值）"跳转正常,该类元素共10个，当前第1个
2020-08-03 18:28:27,467 - 2 - INFO - 页面"仙灵世界（送海量连抽）"跳转正常,该类元素共10个，当前第2个
2020-08-03 18:28:33,611 - 2 - INFO - 页面"武器之王（福利特权）"跳转正常,该类元素共10个，当前第3个
2020-08-03 18:28:39,764 - 2 - INFO - 页面"凡人飞仙传（充值特权）"跳转正常,该类元素共10个，当前第4个
2020-08-03 18:28:45,922 - 2 - INFO - 页面"天天怼三国（送千元充值）"跳转正常,该类元素共10个，当前第5个
2020-08-03 18:28:52,071 - 2 - INFO - 页面"武动九天（GM免费特权）"跳转正常,该类元素共10个，当前第6个
2020-08-03 18:28:58,192 - 2 - INFO - 页面"魔法之光（红忍海量抽）"跳转正常,该类元素共10个，当前第7个
2020-08-03 18:29:04,366 - 2 - INFO - 页面"大军师（送海量橙将）"跳转正常,该类元素共10个，当前第8个
2020-08-03 18:29:10,522 - 2 - INFO - 页面"唐门六道（送千元充值）"跳转正常,该类元素共10个，当前第9个
2020-08-03 18:29:16,619 - 2 - INFO - 页面"教主之家（至尊特权）"跳转正常,该类元素共10个，当前第10个
2020-08-03 18:29:22,753 - 2 - INFO - 页面"女神联盟2（送500充值）"跳转正常,该类元素共20个，当前第1个
2020-08-03 18:29:28,872 - 2 - INFO - 页面"仙灵世界（送海量连抽）"跳转正常,该类元素共20个，当前第2个
2020-08-03 18:29:35,033 - 2 - INFO - 页面"武器之王（福利特权）"跳转正常,该类元素共20个，当前第3个
2020-08-03 18:29:41,178 - 2 - INFO - 页面"凡人飞仙传（充值特权）"跳转正常,该类元素共20个，当前第4个
2020-08-03 18:29:47,314 - 2 - INFO - 页面"天天怼三国（送千元充值）"跳转正常,该类元素共20个，当前第5个
2020-08-03 18:29:53,435 - 2 - INFO - 页面"武动九天（GM免费特权）"跳转正常,该类元素共20个，当前第6个
2020-08-03 18:29:59,557 - 2 - INFO - 页面"魔法之光（红忍海量抽）"跳转正常,该类元素共20个，当前第7个
2020-08-03 18:30:05,711 - 2 - INFO - 页面"大军师（送海量橙将）"跳转正常,该类元素共20个，当前第8个
2020-08-03 18:30:11,883 - 2 - INFO - 页面"唐门六道（送千元充值）"跳转正常,该类元素共20个，当前第9个
2020-08-03 18:30:18,036 - 2 - INFO - 页面"教主之家（至尊特权）"跳转正常,该类元素共20个，当前第10个
2020-08-03 18:30:24,179 - 2 - INFO - 页面"纵剑仙界（送VIP代金券）"跳转正常,该类元素共20个，当前第11个
2020-08-03 18:30:30,316 - 2 - INFO - 页面"冒险王2（送海量充值）"跳转正常,该类元素共20个，当前第12个
2020-08-03 18:30:36,474 - 2 - INFO - 页面"九幽仙域（海量送充值）"跳转正常,该类元素共20个，当前第13个
2020-08-03 18:30:42,604 - 2 - INFO - 页面"烈火战神（海量特权）"跳转正常,该类元素共20个，当前第14个
2020-08-03 18:30:48,779 - 2 - INFO - 页面"一剑成仙（海量打金）"跳转正常,该类元素共20个，当前第15个
2020-08-03 18:30:54,932 - 2 - INFO - 页面"梦幻沙城（海量抽充值）"跳转正常,该类元素共20个，当前第16个
2020-08-03 18:31:01,084 - 2 - INFO - 页面"真江湖HD（万抽特权）"跳转正常,该类元素共20个，当前第17个
2020-08-03 18:31:07,232 - 2 - INFO - 页面"龙刃（折扣特权）"跳转正常,该类元素共20个，当前第18个
2020-08-03 18:31:13,397 - 2 - INFO - 页面"横扫天下之万年强者（1元超值）"跳转正常,该类元素共20个，当前第19个
2020-08-03 18:31:19,496 - 2 - INFO - 页面"战神不败（GM送充值）"跳转正常,该类元素共20个，当前第20个
2020-08-03 18:31:27,533 - 2 - INFO - 页面"【最笨周末活动】7月31日周末活动火热来袭~"跳转正常,该类元素共1个，当前第1个
2020-08-03 18:31:27,745 - basepage - INFO - Click back on current page.
2020-08-03 18:31:33,497 - 2 - INFO - 页面"【武动九天（GM免费特权）】上线满V，8W8绑元和"跳转正常,该类元素共1个，当前第1个
2020-08-03 18:31:33,709 - basepage - INFO - Click back on current page.
2020-08-03 18:31:39,449 - 2 - INFO - 页面"【梦幻沙城（海量抽充值）】上线即送GM2商城特"跳转正常,该类元素共1个，当前第1个
2020-08-03 18:31:39,903 - basepage - INFO - Click back on current page.
2020-08-03 18:31:45,673 - 2 - INFO - 页面"【六界仙尊（送充值）】上线直送VIP12，送88888元"跳转正常,该类元素共1个，当前第1个
2020-08-03 18:31:45,885 - basepage - INFO - Click back on current page.
2020-08-03 18:31:51,658 - 2 - INFO - 页面"【唐门六道（送千元充值）】上线送满级VIP19、礼"跳转正常,该类元素共1个，当前第1个
2020-08-03 18:31:52,164 - basepage - INFO - Click back on current page.
2020-08-03 18:31:57,895 - 2 - INFO - 页面"【武器之王（福利特权）】上线送VIP10,50万福利钻"跳转正常,该类元素共1个，当前第1个
2020-08-03 18:31:58,101 - basepage - INFO - Click back on current page.
2020-08-03 18:32:03,070 - 2 - INFO - 页面"剑与纷争"跳转正常,该类元素共12个，当前第1个
2020-08-03 18:32:03,293 - basepage - INFO - Click back on current page.
2020-08-03 18:32:08,291 - 2 - INFO - 页面"天使之吻"跳转正常,该类元素共12个，当前第2个
2020-08-03 18:32:08,516 - basepage - INFO - Click back on current page.
2020-08-03 18:32:13,231 - 2 - INFO - 页面"新大主宰（送神将百抽）"跳转正常,该类元素共12个，当前第3个
2020-08-03 18:32:13,452 - basepage - INFO - Click back on current page.
2020-08-03 18:32:18,425 - 2 - INFO - 页面"神魔传说（登录送神器）"跳转正常,该类元素共12个，当前第4个
2020-08-03 18:32:18,650 - basepage - INFO - Click back on current page.
2020-08-03 18:32:23,656 - 2 - INFO - 页面"邪域战灵（送欧皇充值）"跳转正常,该类元素共12个，当前第5个
2020-08-03 18:32:23,869 - basepage - INFO - Click back on current page.
2020-08-03 18:32:29,206 - 2 - INFO - 页面"魔剑侠缘（万元兑换）"跳转正常,该类元素共12个，当前第6个
2020-08-03 18:32:29,417 - basepage - INFO - Click back on current page.
2020-08-03 18:32:34,538 - 2 - INFO - 页面"文明曙光"跳转正常,该类元素共12个，当前第7个
2020-08-03 18:32:34,807 - basepage - INFO - Click back on current page.
2020-08-03 18:32:39,839 - 2 - INFO - 页面"神龙猎手（内测）"跳转正常,该类元素共12个，当前第8个
2020-08-03 18:32:40,086 - basepage - INFO - Click back on current page.
2020-08-03 18:32:45,151 - 2 - INFO - 页面"疯神之战（送海量充值）"跳转正常,该类元素共12个，当前第9个
2020-08-03 18:32:45,375 - basepage - INFO - Click back on current page.
2020-08-03 18:32:50,373 - 2 - INFO - 页面"崩坏西游（送1688元充值）"跳转正常,该类元素共12个，当前第10个
2020-08-03 18:32:50,593 - basepage - INFO - Click back on current page.
2020-08-03 18:32:56,050 - 2 - INFO - 页面"神将降魔（送海量充值）"跳转正常,该类元素共12个，当前第11个
2020-08-03 18:32:56,504 - basepage - INFO - Click back on current page.
2020-08-03 18:33:01,560 - 2 - INFO - 页面"妖神记（抽动漫周边）"跳转正常,该类元素共12个，当前第12个
2020-08-03 18:33:01,821 - basepage - INFO - Click back on current page.
2020-08-03 18:33:07,589 - 2 - INFO - 页面"魔兽世界怀旧服2020年6月7日人口普查一览"跳转正常,该类元素共2个，当前第1个
2020-08-03 18:33:08,057 - basepage - INFO - Click back on current page.
2020-08-03 18:33:15,023 - 2 - INFO - 页面"DNF萌噬噬宠物属性怎么样？萌噬噬属性介绍"跳转正常,该类元素共2个，当前第2个
2020-08-03 18:33:15,232 - basepage - INFO - Click back on current page.
2020-08-03 18:33:22,233 - 2 - INFO - 页面"阴阳师破之歌奖励是什么 破之歌奖励一览-最笨下载"跳转正常,该类元素共14个，当前第1个
2020-08-03 18:33:22,729 - basepage - INFO - Click back on current page.
2020-08-03 18:33:29,754 - 2 - INFO - 页面"阴阳师8月神秘符咒图案怎么画 8月神秘符咒画法介绍-最笨下载"跳转正常,该类元素共14个，当前第2个
2020-08-03 18:33:29,968 - basepage - INFO - Click back on current page.
2020-08-03 18:33:36,925 - 2 - INFO - 页面"阴阳师序之律怎么打 序之律打法攻略-最笨下载"跳转正常,该类元素共14个，当前第3个
2020-08-03 18:33:37,193 - basepage - INFO - Click back on current page.
2020-08-03 18:33:44,173 - 2 - INFO - 页面"崩坏3好游快爆4.1新版本礼包兑换码分享-最笨下载"跳转正常,该类元素共14个，当前第4个
2020-08-03 18:33:44,614 - basepage - INFO - Click back on current page.
2020-08-03 18:33:51,411 - 2 - INFO - 页面"江南百景图武则天兑换码分享-最笨下载"跳转正常,该类元素共14个，当前第5个
2020-08-03 18:33:51,649 - basepage - INFO - Click back on current page.
2020-08-03 18:33:58,408 - 2 - INFO - 页面"光遇一个人怎么卡无翼 一个人卡无翼攻略-最笨下载"跳转正常,该类元素共14个，当前第6个
2020-08-03 18:33:58,617 - basepage - INFO - Click back on current page.
2020-08-03 18:34:05,623 - 2 - INFO - 页面"未定事件簿全角色故事开启条件一览-最笨下载"跳转正常,该类元素共14个，当前第7个
2020-08-03 18:34:06,076 - basepage - INFO - Click back on current page.
2020-08-03 18:34:13,258 - 2 - INFO - 页面"未定事件簿女神的试炼答案大全-最笨下载"跳转正常,该类元素共14个，当前第8个
2020-08-03 18:34:13,466 - basepage - INFO - Click back on current page.
2020-08-03 18:34:20,499 - 2 - INFO - 页面"未定事件簿友谊徽章兑换什么好 友谊徽章兑换推荐-最笨下载"跳转正常,该类元素共14个，当前第9个
2020-08-03 18:34:20,744 - basepage - INFO - Click back on current page.
2020-08-03 18:34:28,041 - 2 - INFO - 页面"元气骑士小黄鸭彩蛋如何触发 小黄鸭彩蛋触发攻略-最笨下载"跳转正常,该类元素共14个，当前第10个
2020-08-03 18:34:28,448 - basepage - INFO - Click back on current page.
2020-08-03 18:34:35,464 - 2 - INFO - 页面"江南百景图速生人物经验技巧分享-最笨下载"跳转正常,该类元素共14个，当前第11个
2020-08-03 18:34:35,703 - basepage - INFO - Click back on current page.
2020-08-03 18:34:42,672 - 2 - INFO - 页面"江南百景图杭州府什么时候上线 杭州府上线玩法介绍-最笨下载"跳转正常,该类元素共14个，当前第12个
2020-08-03 18:34:42,884 - basepage - INFO - Click back on current page.
2020-08-03 18:34:49,846 - 2 - INFO - 页面"问道手游8月3日迷仙镇每周探案任务攻略-最笨下载"跳转正常,该类元素共14个，当前第13个
2020-08-03 18:34:50,268 - basepage - INFO - Click back on current page.
2020-08-03 18:34:57,303 - 2 - INFO - 页面"最强蜗牛虫洞装置怎么开 虫洞装置开启攻略-最笨下载"跳转正常,该类元素共14个，当前第14个
2020-08-03 18:34:57,598 - basepage - INFO - Click back on current page.
2020-08-03 18:35:06,346 - 2 - INFO - 页面"2020阴阳师7月新式神紧那罗即将上线 高颜值紧那"跳转正常,该类元素共2个，当前第1个
2020-08-03 18:35:06,564 - basepage - INFO - Click back on current page.
2020-08-03 18:35:13,299 - 2 - INFO - 页面"英雄联盟2020灵魂莲华皮肤原画汇总"跳转正常,该类元素共2个，当前第2个
2020-08-03 18:35:13,739 - basepage - INFO - Click back on current page.
2020-08-03 18:35:20,443 - 2 - INFO - 页面"满vip版手游_手游sf送顶级vip_满级vip无限元宝手游下载-最笨下载"跳转正常,该类元素共28个，当前第1个
2020-08-03 18:35:20,699 - basepage - INFO - Click back on current page.
2020-08-03 18:35:27,384 - 2 - INFO - 页面"女神联盟2（送500充值）_女神联盟2（送500充值）无限元宝服_SF变态版女神联盟2（送500充值）公益服下载 - 最笨下载"跳转正常,该类元素共28个，当前第2个
2020-08-03 18:35:27,611 - basepage - INFO - Click back on current page.
2020-08-03 18:35:34,058 - 2 - INFO - 页面"满vip版手游_手游sf送顶级vip_满级vip无限元宝手游下载-最笨下载"跳转正常,该类元素共28个，当前第3个
2020-08-03 18:35:34,535 - basepage - INFO - Click back on current page.
2020-08-03 18:35:41,290 - 2 - INFO - 页面"仙灵世界（送海量连抽）_仙灵世界（送海量连抽）无限元宝服_SF变态版仙灵世界（送海量连抽）公益服下载 - 最笨下载"跳转正常,该类元素共28个，当前第4个
2020-08-03 18:35:41,493 - basepage - INFO - Click back on current page.
2020-08-03 18:35:47,962 - 2 - INFO - 页面"变态手游公益服_bt手游变态服_无限元宝bt手游下载_BT手游中心-最笨下载"跳转正常,该类元素共28个，当前第5个
2020-08-03 18:35:48,390 - basepage - INFO - Click back on current page.
2020-08-03 18:35:55,185 - 2 - INFO - 页面"武器之王（福利特权）_武器之王（福利特权）无限元宝服_SF变态版武器之王（福利特权）公益服下载 - 最笨下载"跳转正常,该类元素共28个，当前第6个
2020-08-03 18:35:55,421 - basepage - INFO - Click back on current page.
2020-08-03 18:36:01,853 - 2 - INFO - 页面"变态手游公益服_bt手游变态服_无限元宝bt手游下载_BT手游中心-最笨下载"跳转正常,该类元素共28个，当前第7个
2020-08-03 18:36:02,266 - basepage - INFO - Click back on current page.
2020-08-03 18:36:09,064 - 2 - INFO - 页面"凡人飞仙传（充值特权）_凡人飞仙传（充值特权）无限元宝服_SF变态版凡人飞仙传（充值特权）公益服下载 - 最笨下载"跳转正常,该类元素共28个，当前第8个
2020-08-03 18:36:09,298 - basepage - INFO - Click back on current page.
2020-08-03 18:36:15,759 - 2 - INFO - 页面"变态手游公益服_bt手游变态服_无限元宝bt手游下载_BT手游中心-最笨下载"跳转正常,该类元素共28个，当前第9个
2020-08-03 18:36:16,148 - basepage - INFO - Click back on current page.
2020-08-03 18:36:23,034 - 2 - INFO - 页面"天天怼三国（送千元充值）_天天怼三国（送千元充值）无限元宝服_SF变态版天天怼三国（送千元充值）公益服下载 - 最笨下载"跳转正常,该类元素共28个，当前第10个
2020-08-03 18:36:23,297 - basepage - INFO - Click back on current page.
2020-08-03 18:36:29,732 - 2 - INFO - 页面"满vip版手游_手游sf送顶级vip_满级vip无限元宝手游下载-最笨下载"跳转正常,该类元素共28个，当前第11个
2020-08-03 18:36:30,143 - basepage - INFO - Click back on current page.
2020-08-03 18:36:36,891 - 2 - INFO - 页面"武动九天（GM免费特权）_武动九天（GM免费特权）无限元宝服_SF变态版武动九天（GM免费特权）公益服下载 - 最笨下载"跳转正常,该类元素共28个，当前第12个
2020-08-03 18:36:37,092 - basepage - INFO - Click back on current page.
2020-08-03 18:36:43,530 - 2 - INFO - 页面"满vip版手游_手游sf送顶级vip_满级vip无限元宝手游下载-最笨下载"跳转正常,该类元素共28个，当前第13个
2020-08-03 18:36:44,014 - basepage - INFO - Click back on current page.
2020-08-03 18:36:51,546 - 2 - INFO - 页面"魔法之光（红忍海量抽）_魔法之光（红忍海量抽）无限元宝服_SF变态版魔法之光（红忍海量抽）公益服下载 - 最笨下载"跳转正常,该类元素共28个，当前第14个
2020-08-03 18:36:51,772 - basepage - INFO - Click back on current page.
2020-08-03 18:36:58,234 - 2 - INFO - 页面"变态手游公益服_bt手游变态服_无限元宝bt手游下载_BT手游中心-最笨下载"跳转正常,该类元素共28个，当前第15个
2020-08-03 18:36:58,663 - basepage - INFO - Click back on current page.
2020-08-03 18:37:05,378 - 2 - INFO - 页面"大军师（送海量橙将）_大军师（送海量橙将）无限元宝服_SF变态版大军师（送海量橙将）公益服下载 - 最笨下载"跳转正常,该类元素共28个，当前第16个
2020-08-03 18:37:05,585 - basepage - INFO - Click back on current page.
2020-08-03 18:37:12,055 - 2 - INFO - 页面"满vip版手游_手游sf送顶级vip_满级vip无限元宝手游下载-最笨下载"跳转正常,该类元素共28个，当前第17个
2020-08-03 18:37:12,533 - basepage - INFO - Click back on current page.
2020-08-03 18:37:19,274 - 2 - INFO - 页面"唐门六道（送千元充值）_唐门六道（送千元充值）无限元宝服_SF变态版唐门六道（送千元充值）公益服下载 - 最笨下载"跳转正常,该类元素共28个，当前第18个
2020-08-03 18:37:19,544 - basepage - INFO - Click back on current page.
2020-08-03 18:37:26,020 - 2 - INFO - 页面"变态手游公益服_bt手游变态服_无限元宝bt手游下载_BT手游中心-最笨下载"跳转正常,该类元素共28个，当前第19个
2020-08-03 18:37:26,455 - basepage - INFO - Click back on current page.
2020-08-03 18:37:33,204 - 2 - INFO - 页面"教主之家（至尊特权）_教主之家（至尊特权）无限元宝服_SF变态版教主之家（至尊特权）公益服下载 - 最笨下载"跳转正常,该类元素共28个，当前第20个
2020-08-03 18:37:33,417 - basepage - INFO - Click back on current page.
2020-08-03 18:37:39,885 - 2 - INFO - 页面"变态手游公益服_bt手游变态服_无限元宝bt手游下载_BT手游中心-最笨下载"跳转正常,该类元素共28个，当前第21个
2020-08-03 18:37:40,348 - basepage - INFO - Click back on current page.
2020-08-03 18:37:47,112 - 2 - INFO - 页面"纵剑仙界（送VIP代金券）_纵剑仙界（送VIP代金券）无限元宝服_SF变态版纵剑仙界（送VIP代金券）公益服下载 - 最笨下载"跳转正常,该类元素共28个，当前第22个
2020-08-03 18:37:47,330 - basepage - INFO - Click back on current page.
2020-08-03 18:37:53,843 - 2 - INFO - 页面"满vip版手游_手游sf送顶级vip_满级vip无限元宝手游下载-最笨下载"跳转正常,该类元素共28个，当前第23个
2020-08-03 18:37:54,207 - basepage - INFO - Click back on current page.
2020-08-03 18:38:00,945 - 2 - INFO - 页面"冒险王2（送海量充值）_冒险王2（送海量充值）无限元宝服_SF变态版冒险王2（送海量充值）公益服下载 - 最笨下载"跳转正常,该类元素共28个，当前第24个
2020-08-03 18:38:01,176 - basepage - INFO - Click back on current page.
2020-08-03 18:38:07,614 - 2 - INFO - 页面"满vip版手游_手游sf送顶级vip_满级vip无限元宝手游下载-最笨下载"跳转正常,该类元素共28个，当前第25个
2020-08-03 18:38:08,046 - basepage - INFO - Click back on current page.
2020-08-03 18:38:14,798 - 2 - INFO - 页面"九幽仙域（海量送充值）_九幽仙域（海量送充值）无限元宝服_SF变态版九幽仙域（海量送充值）公益服下载 - 最笨下载"跳转正常,该类元素共28个，当前第26个
2020-08-03 18:38:15,006 - basepage - INFO - Click back on current page.
2020-08-03 18:38:21,457 - 2 - INFO - 页面"满vip版手游_手游sf送顶级vip_满级vip无限元宝手游下载-最笨下载"跳转正常,该类元素共28个，当前第27个
2020-08-03 18:38:21,863 - basepage - INFO - Click back on current page.
2020-08-03 18:38:28,633 - 2 - INFO - 页面"烈火战神（海量特权）_烈火战神（海量特权）无限元宝服_SF变态版烈火战神（海量特权）公益服下载 - 最笨下载"跳转正常,该类元素共28个，当前第28个
2020-08-03 18:38:28,908 - basepage - INFO - Click back on current page.
2020-08-03 18:38:37,465 - 2 - INFO - 页面"有翡原著小说简介 有匪小说剧情介绍"跳转正常,该类元素共2个，当前第1个
2020-08-03 18:38:37,870 - basepage - INFO - Click back on current page.
2020-08-03 18:38:45,168 - 2 - INFO - 页面"有翡小说免费阅读 有匪小说周翡全文阅读"跳转正常,该类元素共2个，当前第2个
2020-08-03 18:38:45,440 - basepage - INFO - Click back on current page.
2020-08-03 18:38:52,762 - 2 - INFO - 页面"【苹果娱乐软件】iPhone手机娱乐软件_iPhone娱乐软件免费下载大全-最笨下载"跳转正常,该类元素共28个，当前第1个
2020-08-03 18:38:52,968 - basepage - INFO - Click back on current page.
2020-08-03 18:38:59,798 - 2 - INFO - 页面"最笨游戏盒子iOS版_最笨游戏盒子iOS版下载_最笨游戏盒子iOS版官方下载-最笨下载"跳转正常,该类元素共28个，当前第2个
2020-08-03 18:39:00,172 - basepage - INFO - Click back on current page.
2020-08-03 18:39:06,659 - 2 - INFO - 页面"【安卓娱乐软件】安卓娱乐软件下载_安卓娱乐软件推荐_安卓娱乐软件大全-最笨下载"跳转正常,该类元素共28个，当前第3个
2020-08-03 18:39:06,899 - basepage - INFO - Click back on current page.
2020-08-03 18:39:17,311 - 2 - INFO - 页面"最笨游戏盒子_最笨游戏盒子下载_最笨游戏盒子官方下载-最笨下载"跳转正常,该类元素共28个，当前第4个
2020-08-03 18:39:17,531 - basepage - INFO - Click back on current page.
2020-08-03 18:39:24,270 - 2 - INFO - 页面"【安卓聊天软件】安卓聊天软件下载_安卓聊天软件排行_安卓聊天软件大全-最笨下载"跳转正常,该类元素共28个，当前第5个
2020-08-03 18:39:24,507 - basepage - INFO - Click back on current page.
2020-08-03 18:39:31,574 - 2 - INFO - 页面"蜜小助_蜜小助下载_蜜小助官方下载-最笨下载"跳转正常,该类元素共28个，当前第6个
2020-08-03 18:39:32,009 - basepage - INFO - Click back on current page.
2020-08-03 18:39:38,650 - 2 - INFO - 页面"【安卓娱乐软件】安卓娱乐软件下载_安卓娱乐软件推荐_安卓娱乐软件大全-最笨下载"跳转正常,该类元素共28个，当前第7个
2020-08-03 18:39:38,865 - basepage - INFO - Click back on current page.
2020-08-03 18:39:45,954 - 2 - INFO - 页面"3733游戏盒子_3733游戏盒子下载_3733游戏盒子官方下载-最笨下载"跳转正常,该类元素共28个，当前第8个
2020-08-03 18:39:46,169 - basepage - INFO - Click back on current page.
2020-08-03 18:39:52,615 - 2 - INFO - 页面"【安卓聊天软件】安卓聊天软件下载_安卓聊天软件排行_安卓聊天软件大全-最笨下载"跳转正常,该类元素共28个，当前第9个
2020-08-03 18:39:53,072 - basepage - INFO - Click back on current page.
2020-08-03 18:40:00,097 - 2 - INFO - 页面"土味情话_土味情话下载_土味情话官方下载-最笨下载"跳转正常,该类元素共28个，当前第10个
2020-08-03 18:40:00,339 - basepage - INFO - Click back on current page.
2020-08-03 18:40:06,795 - 2 - INFO - 页面"【安卓聊天软件】安卓聊天软件下载_安卓聊天软件排行_安卓聊天软件大全-最笨下载"跳转正常,该类元素共28个，当前第11个
2020-08-03 18:40:07,234 - basepage - INFO - Click back on current page.
2020-08-03 18:40:14,252 - 2 - INFO - 页面"恋爱话术_恋爱话术下载_恋爱话术官方下载-最笨下载"跳转正常,该类元素共28个，当前第12个
2020-08-03 18:40:14,503 - basepage - INFO - Click back on current page.
2020-08-03 18:40:20,940 - 2 - INFO - 页面"【安卓聊天软件】安卓聊天软件下载_安卓聊天软件排行_安卓聊天软件大全-最笨下载"跳转正常,该类元素共28个，当前第13个
2020-08-03 18:40:21,354 - basepage - INFO - Click back on current page.
2020-08-03 18:40:28,168 - 2 - INFO - 页面"土味情话社_土味情话社下载_土味情话社官方下载-最笨下载"跳转正常,该类元素共28个，当前第14个
2020-08-03 18:40:28,404 - basepage - INFO - Click back on current page.
2020-08-03 18:40:35,107 - 2 - INFO - 页面"【安卓阅读软件】安卓阅读软件下载_安卓阅读软件哪个好_安卓阅读软件排行-最笨下载"跳转正常,该类元素共28个，当前第15个
2020-08-03 18:40:35,490 - basepage - INFO - Click back on current page.
2020-08-03 18:40:42,494 - 2 - INFO - 页面"吾爱看书_吾爱看书下载_吾爱看书官方下载-最笨下载"跳转正常,该类元素共28个，当前第16个
2020-08-03 18:40:42,752 - basepage - INFO - Click back on current page.
2020-08-03 18:40:49,478 - 2 - INFO - 页面"【苹果阅读软件】iPhone手机阅读软件_iPhone阅读软件免费下载大全-最笨下载"跳转正常,该类元素共28个，当前第17个
2020-08-03 18:40:49,701 - basepage - INFO - Click back on current page.
2020-08-03 18:40:56,585 - 2 - INFO - 页面"吾爱看书ios版_吾爱看书ios版下载_吾爱看书ios版官方下载-最笨下载"跳转正常,该类元素共28个，当前第18个
2020-08-03 18:40:57,035 - basepage - INFO - Click back on current page.
2020-08-03 18:41:03,492 - 2 - INFO - 页面"【安卓聊天软件】安卓聊天软件下载_安卓聊天软件排行_安卓聊天软件大全-最笨下载"跳转正常,该类元素共28个，当前第19个
2020-08-03 18:41:03,695 - basepage - INFO - Click back on current page.
2020-08-03 18:41:10,437 - 2 - INFO - 页面"恋爱话术库_恋爱话术库下载_恋爱话术库官方下载-最笨下载"跳转正常,该类元素共28个，当前第20个
2020-08-03 18:41:10,898 - basepage - INFO - Click back on current page.
2020-08-03 18:41:17,382 - 2 - INFO - 页面"【安卓聊天软件】安卓聊天软件下载_安卓聊天软件排行_安卓聊天软件大全-最笨下载"跳转正常,该类元素共28个，当前第21个
2020-08-03 18:41:17,611 - basepage - INFO - Click back on current page.
2020-08-03 18:41:24,626 - 2 - INFO - 页面"撩吧_撩吧下载_撩吧官方下载-最笨下载"跳转正常,该类元素共28个，当前第22个
2020-08-03 18:41:25,031 - basepage - INFO - Click back on current page.
2020-08-03 18:41:31,476 - 2 - INFO - 页面"【安卓聊天软件】安卓聊天软件下载_安卓聊天软件排行_安卓聊天软件大全-最笨下载"跳转正常,该类元素共28个，当前第23个
2020-08-03 18:41:31,676 - basepage - INFO - Click back on current page.
2020-08-03 18:41:39,084 - 2 - INFO - 页面"遇知音_遇知音下载_遇知音官方下载-最笨下载"跳转正常,该类元素共28个，当前第24个
2020-08-03 18:41:39,325 - basepage - INFO - Click back on current page.
2020-08-03 18:41:45,829 - 2 - INFO - 页面"【安卓聊天软件】安卓聊天软件下载_安卓聊天软件排行_安卓聊天软件大全-最笨下载"跳转正常,该类元素共28个，当前第25个
2020-08-03 18:41:46,267 - basepage - INFO - Click back on current page.
2020-08-03 18:41:53,335 - 2 - INFO - 页面"脱单大师_脱单大师下载_脱单大师官方下载-最笨下载"跳转正常,该类元素共28个，当前第26个
2020-08-03 18:41:53,578 - basepage - INFO - Click back on current page.
2020-08-03 18:42:00,012 - 2 - INFO - 页面"【安卓聊天软件】安卓聊天软件下载_安卓聊天软件排行_安卓聊天软件大全-最笨下载"跳转正常,该类元素共28个，当前第27个
2020-08-03 18:42:00,317 - basepage - INFO - Click back on current page.
2020-08-03 18:42:07,264 - 2 - INFO - 页面"爱情套路_爱情套路下载_爱情套路官方下载-最笨下载"跳转正常,该类元素共28个，当前第28个
2020-08-03 18:42:07,734 - basepage - INFO - Click back on current page.
2020-08-03 18:42:18,262 - 2 - INFO - 页面"【安卓播放器】安卓播放器下载_安卓播放器哪个最好_安卓播放器下载排行-最笨下载"跳转正常,该类元素共20个，当前第1个
2020-08-03 18:42:18,710 - basepage - INFO - Click back on current page.
2020-08-03 18:42:26,409 - 2 - INFO - 页面"【安卓学习软件】安卓学习软件下载_安卓学习软件免费下载_安卓学习软件大全-最笨下载"跳转正常,该类元素共20个，当前第2个
2020-08-03 18:42:26,874 - basepage - INFO - Click back on current page.
2020-08-03 18:42:34,218 - 2 - INFO - 页面"【安卓辅助软件】安卓辅助软件下载_安卓辅助软件推荐_安卓辅助软件大全-最笨下载"跳转正常,该类元素共20个，当前第3个
2020-08-03 18:42:34,450 - basepage - INFO - Click back on current page.
2020-08-03 18:42:41,352 - 2 - INFO - 页面"【安卓输入法】安卓输入法下载_安卓输入法哪个好_安卓输入法怎么用-最笨下载"跳转正常,该类元素共20个，当前第4个
2020-08-03 18:42:41,871 - basepage - INFO - Click back on current page.
2020-08-03 18:42:49,415 - 2 - INFO - 页面"【安卓通信软件】安卓通信软件下载_安卓通信软件推荐_安卓通信软件大全-最笨下载"跳转正常,该类元素共20个，当前第5个
2020-08-03 18:42:49,685 - basepage - INFO - Click back on current page.
2020-08-03 18:42:56,880 - 2 - INFO - 页面"【安卓固件】安卓固件下载_安卓固件包下载_安卓固件管理器-最笨下载"跳转正常,该类元素共20个，当前第6个
2020-08-03 18:42:57,197 - basepage - INFO - Click back on current page.
2020-08-03 18:43:04,157 - 2 - INFO - 页面"【安卓文件管理器】安卓文件管理器下载_安卓文件管理器哪个好_安卓文件管理器中文版-最笨下载"跳转正常,该类元素共20个，当前第7个
2020-08-03 18:43:04,637 - basepage - INFO - Click back on current page.
2020-08-03 18:43:11,402 - 2 - INFO - 页面"【安卓同步软件】安卓同步软件下载_安卓同步软件哪个好_安卓手机同步软件-最笨下载"跳转正常,该类元素共20个，当前第8个
2020-08-03 18:43:11,732 - basepage - INFO - Click back on current page.
2020-08-03 18:43:18,854 - 2 - INFO - 页面"【安卓办公软件】安卓办公软件下载_安卓办公软件哪个好_安卓办公软件哪种最好-最笨下载"跳转正常,该类元素共20个，当前第9个
2020-08-03 18:43:19,096 - basepage - INFO - Click back on current page.
2020-08-03 18:43:26,053 - 2 - INFO - 页面"【安卓新闻软件】安卓新闻软件下载_安卓新闻软件哪个好_安卓新闻软件大全-最笨下载"跳转正常,该类元素共20个，当前第10个
2020-08-03 18:43:26,452 - basepage - INFO - Click back on current page.
2020-08-03 18:43:33,817 - 2 - INFO - 页面"【安卓理财软件】安卓理财软件下载_安卓理财软件哪个好_安卓理财软件大全-最笨下载"跳转正常,该类元素共20个，当前第11个
2020-08-03 18:43:34,051 - basepage - INFO - Click back on current page.
2020-08-03 18:43:41,763 - 2 - INFO - 页面"【安卓备份软件】安卓备份软件下载_安卓备份软件哪个好_安卓手机备份软件-最笨下载"跳转正常,该类元素共20个，当前第12个
2020-08-03 18:43:42,045 - basepage - INFO - Click back on current page.
2020-08-03 18:43:49,272 - 2 - INFO - 页面"【安卓跑步软件】安卓跑步软件下载_安卓跑步软件哪个好_安卓跑步软件大全-最笨下载"跳转正常,该类元素共20个，当前第13个
2020-08-03 18:43:49,705 - basepage - INFO - Click back on current page.
2020-08-03 18:43:56,481 - 2 - INFO - 页面"【安卓健康管理软件】安卓健康管理软件下载_安卓健康管理软件推荐_安卓健康管理软件大全-最笨下载"跳转正常,该类元素共20个，当前第14个
2020-08-03 18:43:56,745 - basepage - INFO - Click back on current page.
2020-08-03 18:44:03,734 - 2 - INFO - 页面"【安卓系统软件】安卓系统软件下载_安卓系统软件免费下载_安卓系统软件下载工具-最笨下载"跳转正常,该类元素共20个，当前第15个
2020-08-03 18:44:03,962 - basepage - INFO - Click back on current page.
2020-08-03 18:44:10,412 - 2 - INFO - 页面"【安卓聊天软件】安卓聊天软件下载_安卓聊天软件排行_安卓聊天软件大全-最笨下载"跳转正常,该类元素共20个，当前第16个
2020-08-03 18:44:10,787 - basepage - INFO - Click back on current page.
2020-08-03 18:44:17,537 - 2 - INFO - 页面"【安卓应用软件】安卓应用软件排行_好玩的安卓应用软件_好用的安卓应用软件-最笨下载"跳转正常,该类元素共20个，当前第17个
2020-08-03 18:44:17,779 - basepage - INFO - Click back on current page.
2020-08-03 18:44:24,355 - 2 - INFO - 页面"【安卓娱乐软件】安卓娱乐软件下载_安卓娱乐软件推荐_安卓娱乐软件大全-最笨下载"跳转正常,该类元素共20个，当前第18个
2020-08-03 18:44:24,757 - basepage - INFO - Click back on current page.
2020-08-03 18:44:32,049 - 2 - INFO - 页面"【安卓导航软件】安卓导航软件下载_安卓导航软件哪个好_安卓导航软件排名-最笨下载"跳转正常,该类元素共20个，当前第19个
2020-08-03 18:44:32,310 - basepage - INFO - Click back on current page.
2020-08-03 18:44:39,412 - 2 - INFO - 页面"【安卓网络软件】安卓网络软件下载_安卓网络软件推荐_安卓网络软件大全-最笨下载"跳转正常,该类元素共20个，当前第20个
2020-08-03 18:44:39,812 - basepage - INFO - Click back on current page.
2020-08-03 18:44:48,167 - 2 - INFO - 页面"3733手游游戏平台_3733手游游戏平台下载_3733手游游戏平台官方下载-最笨下载"跳转正常,该类元素共18个，当前第1个
2020-08-03 18:44:54,292 - 2 - INFO - 页面"安致手游游戏平台_安致手游游戏平台下载_安致手游游戏平台官方下载-最笨下载"跳转正常,该类元素共18个，当前第2个
2020-08-03 18:45:00,426 - 2 - INFO - 页面"扑鹿_扑鹿下载_扑鹿官方下载-最笨下载"跳转正常,该类元素共18个，当前第3个
2020-08-03 18:45:06,575 - 2 - INFO - 页面"日杂相机_日杂相机下载_日杂相机官方下载-最笨下载"跳转正常,该类元素共18个，当前第4个
2020-08-03 18:45:12,742 - 2 - INFO - 页面"皮皮虾_皮皮虾下载_皮皮虾官方下载-最笨下载"跳转正常,该类元素共18个，当前第5个
2020-08-03 18:45:18,883 - 2 - INFO - 页面"吾爱看书_吾爱看书下载_吾爱看书官方下载-最笨下载"跳转正常,该类元素共18个，当前第6个
2020-08-03 18:45:25,053 - 2 - INFO - 页面"7732游戏中心_7732游戏中心下载_7732游戏中心官方下载-最笨下载"跳转正常,该类元素共18个，当前第7个
2020-08-03 18:45:31,213 - 2 - INFO - 页面"7743手游盒子_7743手游盒子下载_7743手游盒子官方下载-最笨下载"跳转正常,该类元素共18个，当前第8个
2020-08-03 18:45:37,387 - 2 - INFO - 页面"7743游戏中心_7743游戏中心下载_7743游戏中心官方下载-最笨下载"跳转正常,该类元素共18个，当前第9个
2020-08-03 18:45:43,505 - 2 - INFO - 页面"7743手游平台_7743手游平台下载_7743手游平台官方下载-最笨下载"跳转正常,该类元素共18个，当前第10个
2020-08-03 18:45:49,671 - 2 - INFO - 页面"gm手游平台_gm手游平台下载_gm手游平台官方下载-最笨下载"跳转正常,该类元素共18个，当前第11个
2020-08-03 18:45:55,836 - 2 - INFO - 页面"gm游戏中心_gm游戏中心下载_gm游戏中心官方下载-最笨下载"跳转正常,该类元素共18个，当前第12个
2020-08-03 18:46:01,962 - 2 - INFO - 页面"gm游戏盒_gm游戏盒下载_gm游戏盒官方下载-最笨下载"跳转正常,该类元素共18个，当前第13个
2020-08-03 18:46:08,109 - 2 - INFO - 页面"gm手游游戏平台_gm手游游戏平台下载_gm手游游戏平台官方下载-最笨下载"跳转正常,该类元素共18个，当前第14个
2020-08-03 18:46:14,262 - 2 - INFO - 页面"gm游戏平台_gm游戏平台下载_gm游戏平台官方下载-最笨下载"跳转正常,该类元素共18个，当前第15个
2020-08-03 18:46:20,410 - 2 - INFO - 页面"gm游戏盒子_gm游戏盒子下载_gm游戏盒子官方下载-最笨下载"跳转正常,该类元素共18个，当前第16个
2020-08-03 18:46:26,561 - 2 - INFO - 页面"3733手游盒子_3733手游盒子下载_3733手游盒子官方下载-最笨下载"跳转正常,该类元素共18个，当前第17个
2020-08-03 18:46:32,694 - 2 - INFO - 页面"3733游戏平台_3733游戏平台下载_3733游戏平台官方下载-最笨下载"跳转正常,该类元素共18个，当前第18个
2020-08-03 18:46:38,798 - 2 - INFO - 页面"【安卓益智游戏】好玩的安卓益智游戏大全_安卓益智类游戏_益智游戏下载-最笨下载"跳转正常,该类元素共17个，当前第1个
2020-08-03 18:46:39,022 - basepage - INFO - Click back on current page.
2020-08-03 18:46:46,417 - 2 - INFO - 页面"【安卓其他游戏】好玩的安卓其他游戏大全_安卓其他类游戏_其他游戏下载-最笨下载"跳转正常,该类元素共17个，当前第2个
2020-08-03 18:46:46,657 - basepage - INFO - Click back on current page.
2020-08-03 18:46:53,684 - 2 - INFO - 页面"【安卓音乐游戏】好玩的安卓音乐游戏大全_安卓音乐类游戏_音乐游戏下载-最笨下载"跳转正常,该类元素共17个，当前第3个
2020-08-03 18:46:54,178 - basepage - INFO - Click back on current page.
2020-08-03 18:47:01,369 - 2 - INFO - 页面"【安卓网络游戏】好玩的安卓网络游戏大全_安卓网络类游戏_网络游戏下载-最笨下载"跳转正常,该类元素共17个，当前第4个
2020-08-03 18:47:01,587 - basepage - INFO - Click back on current page.
2020-08-03 18:47:08,928 - 2 - INFO - 页面"【安卓格斗游戏】好玩的安卓格斗游戏大全_安卓格斗类游戏_格斗游戏下载-最笨下载"跳转正常,该类元素共17个，当前第5个
2020-08-03 18:47:09,144 - basepage - INFO - Click back on current page.
2020-08-03 18:47:16,337 - 2 - INFO - 页面"【安卓飞行游戏】好玩的安卓飞行游戏大全_安卓飞行类游戏_飞行游戏下载-最笨下载"跳转正常,该类元素共17个，当前第6个
2020-08-03 18:47:16,785 - basepage - INFO - Click back on current page.
2020-08-03 18:47:23,867 - 2 - INFO - 页面"【安卓体育运动游戏】好玩的安卓体育运动游戏大全_安卓体育运动类游戏_体育运动游戏下载-最笨下载"跳转正常,该类元素共17个，当前第7个
2020-08-03 18:47:24,152 - basepage - INFO - Click back on current page.
2020-08-03 18:47:31,106 - 2 - INFO - 页面"【安卓模拟经营游戏】好玩的安卓模拟经营游戏大全_安卓模拟经营类游戏_模拟经营游戏下载-最笨下载"跳转正常,该类元素共17个，当前第8个
2020-08-03 18:47:31,387 - basepage - INFO - Click back on current page.
2020-08-03 18:47:38,455 - 2 - INFO - 页面"【安卓策略游戏】好玩的安卓策略游戏大全_安卓策略类游戏_策略游戏下载-最笨下载"跳转正常,该类元素共17个，当前第9个
2020-08-03 18:47:38,882 - basepage - INFO - Click back on current page.
2020-08-03 18:47:45,613 - 2 - INFO - 页面"【安卓塔防游戏】好玩的安卓塔防游戏大全_安卓塔防类游戏_塔防游戏下载-最笨下载"跳转正常,该类元素共17个，当前第10个
2020-08-03 18:47:45,829 - basepage - INFO - Click back on current page.
2020-08-03 18:47:53,244 - 2 - INFO - 页面"【安卓解谜冒险游戏】好玩的安卓解谜冒险游戏大全_安卓解谜冒险类游戏_解谜冒险游戏下载-最笨下载"跳转正常,该类元素共17个，当前第11个
2020-08-03 18:47:53,473 - basepage - INFO - Click back on current page.
2020-08-03 18:48:00,737 - 2 - INFO - 页面"【安卓射击游戏】好玩的安卓射击游戏大全_安卓射击类游戏_射击游戏下载-最笨下载"跳转正常,该类元素共17个，当前第12个
2020-08-03 18:48:01,131 - basepage - INFO - Click back on current page.
2020-08-03 18:48:07,899 - 2 - INFO - 页面"【安卓棋牌游戏】好玩的安卓棋牌游戏大全_安卓棋牌类游戏_棋牌游戏下载-最笨下载"跳转正常,该类元素共17个，当前第13个
2020-08-03 18:48:08,168 - basepage - INFO - Click back on current page.
2020-08-03 18:48:14,748 - 2 - INFO - 页面"【安卓赛车游戏】好玩的安卓赛车游戏大全_安卓赛车类游戏_赛车游戏下载-最笨下载"跳转正常,该类元素共17个，当前第14个
2020-08-03 18:48:15,021 - basepage - INFO - Click back on current page.
2020-08-03 18:48:22,077 - 2 - INFO - 页面"【安卓角色扮演游戏】好玩的安卓角色扮演游戏大全_安卓角色扮演类游戏_角色扮演游戏下载-最笨下载"跳转正常,该类元素共17个，当前第15个
2020-08-03 18:48:22,556 - basepage - INFO - Click back on current page.
2020-08-03 18:48:29,389 - 2 - INFO - 页面"【安卓动作游戏】好玩的安卓动作游戏大全_安卓动作类游戏_动作游戏下载-最笨下载"跳转正常,该类元素共17个，当前第16个
2020-08-03 18:48:29,650 - basepage - INFO - Click back on current page.
2020-08-03 18:48:36,740 - 2 - INFO - 页面"【安卓休闲游戏】好玩的安卓休闲游戏大全_安卓休闲类游戏_休闲游戏下载-最笨下载"跳转正常,该类元素共17个，当前第17个
2020-08-03 18:48:37,000 - basepage - INFO - Click back on current page.
2020-08-03 18:48:45,373 - 2 - INFO - 页面"炼金国度（送1000元充值）ios版_炼金国度（送1000元充值）ios版下载_炼金国度（送1000元充值）ios版官方下载-最笨下载"跳转正常,该类元素共18个，当前第1个
2020-08-03 18:48:51,513 - 2 - INFO - 页面"国贼顾挽之_国贼顾挽之下载_国贼顾挽之官方下载-最笨下载"跳转正常,该类元素共18个，当前第2个
2020-08-03 18:48:57,655 - 2 - INFO - 页面"大秦黎明_大秦黎明下载_大秦黎明官方下载-最笨下载"跳转正常,该类元素共18个，当前第3个
2020-08-03 18:49:03,798 - 2 - INFO - 页面"怒焰三国杀手游_怒焰三国杀手游下载_怒焰三国杀手游官方下载-最笨下载"跳转正常,该类元素共18个，当前第4个
2020-08-03 18:49:09,953 - 2 - INFO - 页面"末日围城_末日围城下载_末日围城官方下载-最笨下载"跳转正常,该类元素共18个，当前第5个
2020-08-03 18:49:16,078 - 2 - INFO - 页面"天将雄师九游版_天将雄师九游版下载_天将雄师九游版官方下载-最笨下载"跳转正常,该类元素共18个，当前第6个
2020-08-03 18:49:22,214 - 2 - INFO - 页面"诸王黎明_诸王黎明下载_诸王黎明官方下载-最笨下载"跳转正常,该类元素共18个，当前第7个
2020-08-03 18:49:28,342 - 2 - INFO - 页面"一梦江湖九游版_一梦江湖九游版下载_一梦江湖九游版官方下载-最笨下载"跳转正常,该类元素共18个，当前第8个
2020-08-03 18:49:34,474 - 2 - INFO - 页面"NBA篮球大师_NBA篮球大师下载_NBA篮球大师官方下载-最笨下载"跳转正常,该类元素共18个，当前第9个
2020-08-03 18:49:40,630 - 2 - INFO - 页面"萌妖传手游_萌妖传手游下载_萌妖传手游官方下载-最笨下载"跳转正常,该类元素共18个，当前第10个
2020-08-03 18:49:46,796 - 2 - INFO - 页面"中超英雄手游_中超英雄手游下载_中超英雄手游官方下载-最笨下载"跳转正常,该类元素共18个，当前第11个
2020-08-03 18:49:52,942 - 2 - INFO - 页面"三国战天下手游_三国战天下手游下载_三国战天下手游官方下载-最笨下载"跳转正常,该类元素共18个，当前第12个
2020-08-03 18:49:59,086 - 2 - INFO - 页面"拳皇命运_拳皇命运下载_拳皇命运官方下载-最笨下载"跳转正常,该类元素共18个，当前第13个
2020-08-03 18:50:05,210 - 2 - INFO - 页面"电能大亨_电能大亨下载_电能大亨官方下载-最笨下载"跳转正常,该类元素共18个，当前第14个
2020-08-03 18:50:11,376 - 2 - INFO - 页面"驾校模拟器_驾校模拟器下载_驾校模拟器官方下载-最笨下载"跳转正常,该类元素共18个，当前第15个
2020-08-03 18:50:17,572 - 2 - INFO - 页面"暗黑探险2_暗黑探险2下载_暗黑探险2官方下载-最笨下载"跳转正常,该类元素共18个，当前第16个
2020-08-03 18:50:23,687 - 2 - INFO - 页面"风暴山之谜_风暴山之谜下载_风暴山之谜官方下载-最笨下载"跳转正常,该类元素共18个，当前第17个
2020-08-03 18:50:29,828 - 2 - INFO - 页面"炸弹投石机:卡牌战斗_炸弹投石机:卡牌战斗下载_炸弹投石机:卡牌战斗官方下载-最笨下载"跳转正常,该类元素共18个，当前第18个
2020-08-03 18:50:37,472 - 2 - INFO - 页面"变态手游公益服_bt手游变态服_无限元宝bt手游下载_BT手游中心-最笨下载"跳转正常,该类元素共13个，当前第1个
2020-08-03 18:50:37,764 - basepage - INFO - Click back on current page.
2020-08-03 18:50:45,350 - 2 - INFO - 页面"变态手游公益服_bt手游变态服_无限元宝bt手游下载_BT手游中心-最笨下载"跳转正常,该类元素共13个，当前第2个
2020-08-03 18:50:45,819 - basepage - INFO - Click back on current page.
2020-08-03 18:50:53,088 - 2 - INFO - 页面"变态手游公益服_bt手游变态服_无限元宝bt手游下载_BT手游中心-最笨下载"跳转正常,该类元素共13个，当前第3个
2020-08-03 18:50:53,346 - basepage - INFO - Click back on current page.
2020-08-03 18:51:00,921 - 2 - INFO - 页面"变态手游公益服_bt手游变态服_无限元宝bt手游下载_BT手游中心-最笨下载"跳转正常,该类元素共13个，当前第4个
2020-08-03 18:51:01,150 - basepage - INFO - Click back on current page.
2020-08-03 18:51:09,184 - 2 - INFO - 页面"变态手游公益服_bt手游变态服_无限元宝bt手游下载_BT手游中心-最笨下载"跳转正常,该类元素共13个，当前第5个
2020-08-03 18:51:10,542 - basepage - INFO - Click back on current page.
2020-08-03 18:51:17,940 - 2 - INFO - 页面"变态手游公益服_bt手游变态服_无限元宝bt手游下载_BT手游中心-最笨下载"跳转正常,该类元素共13个，当前第6个
2020-08-03 18:51:18,401 - basepage - INFO - Click back on current page.
2020-08-03 18:51:26,045 - 2 - INFO - 页面"变态手游公益服_bt手游变态服_无限元宝bt手游下载_BT手游中心-最笨下载"跳转正常,该类元素共13个，当前第7个
2020-08-03 18:51:26,311 - basepage - INFO - Click back on current page.
2020-08-03 18:51:36,783 - 2 - INFO - 页面"变态手游公益服_bt手游变态服_无限元宝bt手游下载_BT手游中心-最笨下载"跳转正常,该类元素共13个，当前第8个
2020-08-03 18:51:37,001 - basepage - INFO - Click back on current page.
2020-08-03 18:51:44,600 - 2 - INFO - 页面"变态手游公益服_bt手游变态服_无限元宝bt手游下载_BT手游中心-最笨下载"跳转正常,该类元素共13个，当前第9个
2020-08-03 18:51:45,014 - basepage - INFO - Click back on current page.
2020-08-03 18:51:53,285 - 2 - INFO - 页面"变态手游公益服_bt手游变态服_无限元宝bt手游下载_BT手游中心-最笨下载"跳转正常,该类元素共13个，当前第10个
2020-08-03 18:51:53,690 - basepage - INFO - Click back on current page.
2020-08-03 18:52:00,973 - 2 - INFO - 页面"变态手游公益服_bt手游变态服_无限元宝bt手游下载_BT手游中心-最笨下载"跳转正常,该类元素共13个，当前第11个
2020-08-03 18:52:01,186 - basepage - INFO - Click back on current page.
2020-08-03 18:52:07,677 - 2 - ERROR - 页面"404-最笨下载"跳转异常,该类元素共13个，当前第12个
2020-08-03 18:52:08,334 - basepage - INFO - Click back on current page.
2020-08-03 18:52:15,904 - 2 - INFO - 页面"变态手游公益服_bt手游变态服_无限元宝bt手游下载_BT手游中心-最笨下载"跳转正常,该类元素共13个，当前第13个
2020-08-03 18:52:16,135 - basepage - INFO - Click back on current page.
2020-08-03 18:52:24,502 - 2 - INFO - 页面"剑与纷争_剑与纷争无限元宝服_SF变态版剑与纷争公益服下载 - 最笨下载"跳转正常,该类元素共18个，当前第1个
2020-08-03 18:52:30,661 - 2 - INFO - 页面"天使之吻_天使之吻无限元宝服_SF变态版天使之吻公益服下载 - 最笨下载"跳转正常,该类元素共18个，当前第2个
2020-08-03 18:52:36,824 - 2 - INFO - 页面"新大主宰（送神将百抽）_新大主宰（送神将百抽）无限元宝服_SF变态版新大主宰（送神将百抽）公益服下载 - 最笨下载"跳转正常,该类元素共18个，当前第3个
2020-08-03 18:52:43,005 - 2 - INFO - 页面"邪域战灵（送欧皇充值）_邪域战灵（送欧皇充值）无限元宝服_SF变态版邪域战灵（送欧皇充值）公益服下载 - 最笨下载"跳转正常,该类元素共18个，当前第4个
2020-08-03 18:52:49,148 - 2 - INFO - 页面"文明曙光_文明曙光无限元宝服_SF变态版文明曙光公益服下载 - 最笨下载"跳转正常,该类元素共18个，当前第5个
2020-08-03 18:52:55,311 - 2 - INFO - 页面"神龙猎手（内测）_神龙猎手（内测）无限元宝服_SF变态版神龙猎手（内测）公益服下载 - 最笨下载"跳转正常,该类元素共18个，当前第6个
2020-08-03 18:53:01,479 - 2 - INFO - 页面"神将降魔（送海量充值）_神将降魔（送海量充值）无限元宝服_SF变态版神将降魔（送海量充值）公益服下载 - 最笨下载"跳转正常,该类元素共18个，当前第7个
2020-08-03 18:53:07,661 - 2 - INFO - 页面"妖神记（抽动漫周边）_妖神记（抽动漫周边）无限元宝服_SF变态版妖神记（抽动漫周边）公益服下载 - 最笨下载"跳转正常,该类元素共18个，当前第8个
2020-08-03 18:53:13,752 - 2 - INFO - 页面"命运守护：战歌（送充值卡）_命运守护：战歌（送充值卡）无限元宝服_SF变态版命运守护：战歌（送充值卡）公益服下载 - 最笨下载"跳转正常,该类元素共18个，当前第9个
2020-08-03 18:53:19,895 - 2 - INFO - 页面"西游女儿国（折扣特权）_西游女儿国（折扣特权）无限元宝服_SF变态版西游女儿国（折扣特权）公益服下载 - 最笨下载"跳转正常,该类元素共18个，当前第10个
2020-08-03 18:53:26,044 - 2 - INFO - 页面"剑舞乾坤（折扣特权）_剑舞乾坤（折扣特权）无限元宝服_SF变态版剑舞乾坤（折扣特权）公益服下载 - 最笨下载"跳转正常,该类元素共18个，当前第11个
2020-08-03 18:53:32,189 - 2 - INFO - 页面"正义荣耀（百抽特权）_正义荣耀（百抽特权）无限元宝服_SF变态版正义荣耀（百抽特权）公益服下载 - 最笨下载"跳转正常,该类元素共18个，当前第12个
2020-08-03 18:53:38,309 - 2 - INFO - 页面"江湖风云（内测）_江湖风云（内测）无限元宝服_SF变态版江湖风云（内测）公益服下载 - 最笨下载"跳转正常,该类元素共18个，当前第13个
2020-08-03 18:53:44,457 - 2 - INFO - 页面"修罗道Online（忍界对决）_修罗道Online（忍界对决）无限元宝服_SF变态版修罗道Online（忍界对决）公益服下载 - 最笨下载"跳转正常,该类元素共18个，当前第14个
2020-08-03 18:53:50,603 - 2 - INFO - 页面"暴走神话_暴走神话无限元宝服_SF变态版暴走神话公益服下载 - 最笨下载"跳转正常,该类元素共18个，当前第15个
2020-08-03 18:53:56,725 - 2 - INFO - 页面"霸气英雄（送梅利号）_霸气英雄（送梅利号）无限元宝服_SF变态版霸气英雄（送梅利号）公益服下载 - 最笨下载"跳转正常,该类元素共18个，当前第16个
2020-08-03 18:54:02,859 - 2 - INFO - 页面"斗圣传说（送两千白漂）_斗圣传说（送两千白漂）无限元宝服_SF变态版斗圣传说（送两千白漂）公益服下载 - 最笨下载"跳转正常,该类元素共18个，当前第17个
2020-08-03 18:54:08,994 - 2 - INFO - 页面"无界（送千元万抽）_无界（送千元万抽）无限元宝服_SF变态版无界（送千元万抽）公益服下载 - 最笨下载"跳转正常,该类元素共18个，当前第18个
2020-08-03 18:54:15,707 - 2 - INFO - 页面"满vip版手游_手游sf送顶级vip_满级vip无限元宝手游下载-最笨下载"跳转正常,该类元素共13个，当前第1个
2020-08-03 18:54:15,974 - basepage - INFO - Click back on current page.
2020-08-03 18:54:24,401 - 2 - INFO - 页面"满vip版手游_手游sf送顶级vip_满级vip无限元宝手游下载-最笨下载"跳转正常,该类元素共13个，当前第2个
2020-08-03 18:54:24,902 - basepage - INFO - Click back on current page.
2020-08-03 18:54:33,235 - 2 - INFO - 页面"满vip版手游_手游sf送顶级vip_满级vip无限元宝手游下载-最笨下载"跳转正常,该类元素共13个，当前第3个
2020-08-03 18:54:33,697 - basepage - INFO - Click back on current page.
2020-08-03 18:54:41,360 - 2 - INFO - 页面"满vip版手游_手游sf送顶级vip_满级vip无限元宝手游下载-最笨下载"跳转正常,该类元素共13个，当前第4个
2020-08-03 18:54:41,812 - basepage - INFO - Click back on current page.
2020-08-03 18:54:49,297 - 2 - INFO - 页面"满vip版手游_手游sf送顶级vip_满级vip无限元宝手游下载-最笨下载"跳转正常,该类元素共13个，当前第5个
2020-08-03 18:54:49,517 - basepage - INFO - Click back on current page.
2020-08-03 18:54:57,621 - 2 - INFO - 页面"满vip版手游_手游sf送顶级vip_满级vip无限元宝手游下载-最笨下载"跳转正常,该类元素共13个，当前第6个
2020-08-03 18:54:58,052 - basepage - INFO - Click back on current page.
2020-08-03 18:55:06,381 - 2 - INFO - 页面"满vip版手游_手游sf送顶级vip_满级vip无限元宝手游下载-最笨下载"跳转正常,该类元素共13个，当前第7个
2020-08-03 18:55:06,795 - basepage - INFO - Click back on current page.
2020-08-03 18:55:14,212 - 2 - INFO - 页面"满vip版手游_手游sf送顶级vip_满级vip无限元宝手游下载-最笨下载"跳转正常,该类元素共13个，当前第8个
2020-08-03 18:55:14,469 - basepage - INFO - Click back on current page.
2020-08-03 18:55:22,075 - 2 - INFO - 页面"满vip版手游_手游sf送顶级vip_满级vip无限元宝手游下载-最笨下载"跳转正常,该类元素共13个，当前第9个
2020-08-03 18:55:22,303 - basepage - INFO - Click back on current page.
2020-08-03 18:55:30,526 - 2 - INFO - 页面"满vip版手游_手游sf送顶级vip_满级vip无限元宝手游下载-最笨下载"跳转正常,该类元素共13个，当前第10个
2020-08-03 18:55:30,942 - basepage - INFO - Click back on current page.
2020-08-03 18:55:39,278 - 2 - INFO - 页面"满vip版手游_手游sf送顶级vip_满级vip无限元宝手游下载-最笨下载"跳转正常,该类元素共13个，当前第11个
2020-08-03 18:55:39,758 - basepage - INFO - Click back on current page.
2020-08-03 18:55:46,166 - 2 - ERROR - 页面"404-最笨下载"跳转异常,该类元素共13个，当前第12个
2020-08-03 18:55:46,650 - basepage - INFO - Click back on current page.
2020-08-03 18:55:54,186 - 2 - INFO - 页面"满vip版手游_手游sf送顶级vip_满级vip无限元宝手游下载-最笨下载"跳转正常,该类元素共13个，当前第13个
2020-08-03 18:55:54,395 - basepage - INFO - Click back on current page.
2020-08-03 18:56:02,750 - 2 - INFO - 页面"神魔传说（登录送神器）_神魔传说（登录送神器）无限元宝服_SF变态版神魔传说（登录送神器）公益服下载 - 最笨下载"跳转正常,该类元素共18个，当前第1个
2020-08-03 18:56:08,914 - 2 - INFO - 页面"魔剑侠缘（万元兑换）_魔剑侠缘（万元兑换）无限元宝服_SF变态版魔剑侠缘（万元兑换）公益服下载 - 最笨下载"跳转正常,该类元素共18个，当前第2个
2020-08-03 18:56:15,078 - 2 - INFO - 页面"疯神之战（送海量充值）_疯神之战（送海量充值）无限元宝服_SF变态版疯神之战（送海量充值）公益服下载 - 最笨下载"跳转正常,该类元素共18个，当前第3个
2020-08-03 18:56:21,199 - 2 - INFO - 页面"崩坏西游（送1688元充值）_崩坏西游（送1688元充值）无限元宝服_SF变态版崩坏西游（送1688元充值）公益服下载 - 最笨下载"跳转正常,该类元素共18个，当前第4个
2020-08-03 18:56:27,354 - 2 - INFO - 页面"破坏神（星耀特权）_破坏神（星耀特权）无限元宝服_SF变态版破坏神（星耀特权）公益服下载 - 最笨下载"跳转正常,该类元素共18个，当前第5个
2020-08-03 18:56:33,518 - 2 - INFO - 页面"影刃传说（天天送千充）_影刃传说（天天送千充）无限元宝服_SF变态版影刃传说（天天送千充）公益服下载 - 最笨下载"跳转正常,该类元素共18个，当前第6个
2020-08-03 18:56:39,655 - 2 - INFO - 页面"跑跑西游（送海量真充）_跑跑西游（送海量真充）无限元宝服_SF变态版跑跑西游（送海量真充）公益服下载 - 最笨下载"跳转正常,该类元素共18个，当前第7个
2020-08-03 18:56:45,818 - 2 - INFO - 页面"霸王传（送海量充值）_霸王传（送海量充值）无限元宝服_SF变态版霸王传（送海量充值）公益服下载 - 最笨下载"跳转正常,该类元素共18个，当前第8个
2020-08-03 18:56:51,998 - 2 - INFO - 页面"美人传（美人百抽）_美人传（美人百抽）无限元宝服_SF变态版美人传（美人百抽）公益服下载 - 最笨下载"跳转正常,该类元素共18个，当前第9个
2020-08-03 18:56:58,155 - 2 - INFO - 页面"侠客游（海量元宝）_侠客游（海量元宝）无限元宝服_SF变态版侠客游（海量元宝）公益服下载 - 最笨下载"跳转正常,该类元素共18个，当前第10个
2020-08-03 18:57:04,333 - 2 - INFO - 页面"混沌西游（星耀送充值）_混沌西游（星耀送充值）无限元宝服_SF变态版混沌西游（星耀送充值）公益服下载 - 最笨下载"跳转正常,该类元素共18个，当前第11个
2020-08-03 18:57:10,505 - 2 - INFO - 页面"裁决王座（定制商城）_裁决王座（定制商城）无限元宝服_SF变态版裁决王座（定制商城）公益服下载 - 最笨下载"跳转正常,该类元素共18个，当前第12个
2020-08-03 18:57:16,657 - 2 - INFO - 页面"真江湖HD（星耀特权）_真江湖HD（星耀特权）无限元宝服_SF变态版真江湖HD（星耀特权）公益服下载 - 最笨下载"跳转正常,该类元素共18个，当前第13个
2020-08-03 18:57:22,812 - 2 - INFO - 页面"刀塔守卫战_刀塔守卫战无限元宝服_SF变态版刀塔守卫战公益服下载 - 最笨下载"跳转正常,该类元素共18个，当前第14个
2020-08-03 18:57:28,969 - 2 - INFO - 页面"狂神无双（送千元充值）_狂神无双（送千元充值）无限元宝服_SF变态版狂神无双（送千元充值）公益服下载 - 最笨下载"跳转正常,该类元素共18个，当前第15个
2020-08-03 18:57:35,135 - 2 - INFO - 页面"屠龙世界（送GM特权）_屠龙世界（送GM特权）无限元宝服_SF变态版屠龙世界（送GM特权）公益服下载 - 最笨下载"跳转正常,该类元素共18个，当前第16个
2020-08-03 18:57:41,292 - 2 - INFO - 页面"将军道（送百连海量抽）_将军道（送百连海量抽）无限元宝服_SF变态版将军道（送百连海量抽）公益服下载 - 最笨下载"跳转正常,该类元素共18个，当前第17个
2020-08-03 18:57:47,486 - 2 - INFO - 页面"七战（无门槛送首充）_七战（无门槛送首充）无限元宝服_SF变态版七战（无门槛送首充）公益服下载 - 最笨下载"跳转正常,该类元素共18个，当前第18个
2020-08-03 18:57:53,868 - 2 - INFO - 页面"gm版手游_无限元宝/钻石公益服_0元免费gm权限手游下载-最笨下载"跳转正常,该类元素共13个，当前第1个
2020-08-03 18:57:54,108 - basepage - INFO - Click back on current page.
2020-08-03 18:58:01,384 - 2 - INFO - 页面"gm版手游_无限元宝/钻石公益服_0元免费gm权限手游下载-最笨下载"跳转正常,该类元素共13个，当前第2个
2020-08-03 18:58:01,807 - basepage - INFO - Click back on current page.
2020-08-03 18:58:09,189 - 2 - INFO - 页面"gm版手游_无限元宝/钻石公益服_0元免费gm权限手游下载-最笨下载"跳转正常,该类元素共13个，当前第3个
2020-08-03 18:58:09,418 - basepage - INFO - Click back on current page.
2020-08-03 18:58:17,625 - 2 - INFO - 页面"gm版手游_无限元宝/钻石公益服_0元免费gm权限手游下载-最笨下载"跳转正常,该类元素共13个，当前第4个
2020-08-03 18:58:17,851 - basepage - INFO - Click back on current page.
2020-08-03 18:58:25,161 - 2 - INFO - 页面"gm版手游_无限元宝/钻石公益服_0元免费gm权限手游下载-最笨下载"跳转正常,该类元素共13个，当前第5个
2020-08-03 18:58:25,610 - basepage - INFO - Click back on current page.
2020-08-03 18:58:33,934 - 2 - INFO - 页面"gm版手游_无限元宝/钻石公益服_0元免费gm权限手游下载-最笨下载"跳转正常,该类元素共13个，当前第6个
2020-08-03 18:58:34,336 - basepage - INFO - Click back on current page.
2020-08-03 18:58:41,598 - 2 - INFO - 页面"gm版手游_无限元宝/钻石公益服_0元免费gm权限手游下载-最笨下载"跳转正常,该类元素共13个，当前第7个
2020-08-03 18:58:41,879 - basepage - INFO - Click back on current page.
2020-08-03 18:58:49,909 - 2 - INFO - 页面"gm版手游_无限元宝/钻石公益服_0元免费gm权限手游下载-最笨下载"跳转正常,该类元素共13个，当前第8个
2020-08-03 18:58:50,176 - basepage - INFO - Click back on current page.
2020-08-03 18:58:57,273 - 2 - INFO - 页面"gm版手游_无限元宝/钻石公益服_0元免费gm权限手游下载-最笨下载"跳转正常,该类元素共13个，当前第9个
2020-08-03 18:58:57,711 - basepage - INFO - Click back on current page.
2020-08-03 18:59:05,378 - 2 - INFO - 页面"gm版手游_无限元宝/钻石公益服_0元免费gm权限手游下载-最笨下载"跳转正常,该类元素共13个，当前第10个
2020-08-03 18:59:05,808 - basepage - INFO - Click back on current page.
2020-08-03 18:59:13,613 - 2 - INFO - 页面"gm版手游_无限元宝/钻石公益服_0元免费gm权限手游下载-最笨下载"跳转正常,该类元素共13个，当前第11个
2020-08-03 18:59:13,837 - basepage - INFO - Click back on current page.
2020-08-03 18:59:20,256 - 2 - ERROR - 页面"404-最笨下载"跳转异常,该类元素共13个，当前第12个
2020-08-03 18:59:20,904 - basepage - INFO - Click back on current page.
2020-08-03 18:59:28,854 - 2 - INFO - 页面"gm版手游_无限元宝/钻石公益服_0元免费gm权限手游下载-最笨下载"跳转正常,该类元素共13个，当前第13个
2020-08-03 18:59:29,092 - basepage - INFO - Click back on current page.
2020-08-03 18:59:37,476 - 2 - INFO - 页面"高达（GM版）_高达（GM版）免费gm权限安卓下载 - 最笨下载"跳转正常,该类元素共18个，当前第1个
2020-08-03 18:59:43,662 - 2 - INFO - 页面"暗黑王者（GM版）_暗黑王者（GM版）免费gm权限安卓下载 - 最笨下载"跳转正常,该类元素共18个，当前第2个
2020-08-03 18:59:49,805 - 2 - INFO - 页面"问鼎封神（GM版）_问鼎封神（GM版）免费gm权限安卓下载 - 最笨下载"跳转正常,该类元素共18个，当前第3个
2020-08-03 18:59:55,947 - 2 - INFO - 页面"仙剑轮回（GM版）_仙剑轮回（GM版）免费gm权限安卓下载 - 最笨下载"跳转正常,该类元素共18个，当前第4个
2020-08-03 19:00:02,106 - 2 - INFO - 页面"神道仙尊（GM版）_神道仙尊（GM版）免费gm权限安卓下载 - 最笨下载"跳转正常,该类元素共18个，当前第5个
2020-08-03 19:00:08,266 - 2 - INFO - 页面"大将无双（GM版）_大将无双（GM版）免费gm权限安卓下载 - 最笨下载"跳转正常,该类元素共18个，当前第6个
2020-08-03 19:00:14,447 - 2 - INFO - 页面"青云剑诀（GM版）_青云剑诀（GM版）免费gm权限安卓下载 - 最笨下载"跳转正常,该类元素共18个，当前第7个
2020-08-03 19:00:20,610 - 2 - INFO - 页面"寂灭剑诀（GM版）_寂灭剑诀（GM版）免费gm权限安卓下载 - 最笨下载"跳转正常,该类元素共18个，当前第8个
2020-08-03 19:00:26,733 - 2 - INFO - 页面"封神记（GM版）_封神记（GM版）免费gm权限安卓下载 - 最笨下载"跳转正常,该类元素共18个，当前第9个
2020-08-03 19:00:32,863 - 2 - INFO - 页面"豪门小老婆（GM版）_豪门小老婆（GM版）免费gm权限安卓下载 - 最笨下载"跳转正常,该类元素共18个，当前第10个
2020-08-03 19:00:39,025 - 2 - INFO - 页面"三生三誓青丘传（GM版）_三生三誓青丘传（GM版）免费gm权限安卓下载 - 最笨下载"跳转正常,该类元素共18个，当前第11个
2020-08-03 19:00:45,187 - 2 - INFO - 页面"毒尊三国（GM版）_毒尊三国（GM版）免费gm权限安卓下载 - 最笨下载"跳转正常,该类元素共18个，当前第12个
2020-08-03 19:00:51,323 - 2 - INFO - 页面"乱世神话（GM版）_乱世神话（GM版）免费gm权限安卓下载 - 最笨下载"跳转正常,该类元素共18个，当前第13个
2020-08-03 19:00:57,466 - 2 - INFO - 页面"天子问剑（GM版）_天子问剑（GM版）免费gm权限安卓下载 - 最笨下载"跳转正常,该类元素共18个，当前第14个
2020-08-03 19:01:03,586 - 2 - INFO - 页面"风云三国（GM版）_风云三国（GM版）免费gm权限安卓下载 - 最笨下载"跳转正常,该类元素共18个，当前第15个
2020-08-03 19:01:09,731 - 2 - INFO - 页面"古惑三国志（GM版）_古惑三国志（GM版）免费gm权限安卓下载 - 最笨下载"跳转正常,该类元素共18个，当前第16个
2020-08-03 19:01:15,898 - 2 - INFO - 页面"少年悟空传（GM版）_少年悟空传（GM版）免费gm权限安卓下载 - 最笨下载"跳转正常,该类元素共18个，当前第17个
2020-08-03 19:01:22,028 - 2 - INFO - 页面"诛神之战（GM版）_诛神之战（GM版）免费gm权限安卓下载 - 最笨下载"跳转正常,该类元素共18个，当前第18个
2020-08-03 19:01:28,976 - 2 - INFO - 页面"免费权限GM游戏"跳转正常,该类元素共4个，当前第1个
2020-08-03 19:01:29,230 - basepage - INFO - Click back on current page.
2020-08-03 19:22:30,399 - 2 - ERROR - 进入"游戏"模块异常
2020-08-03 19:27:30,409 - 2 - ERROR - xpath有误,站点结构改了？
2020-08-03 19:32:30,418 - 2 - ERROR - xpath有误,站点结构改了？
2020-08-03 19:37:30,478 - 2 - ERROR - 进入"应用"模块异常
2020-08-03 19:42:30,487 - 2 - ERROR - xpath有误,站点结构改了？
2020-08-03 19:47:30,496 - 2 - ERROR - xpath有误,站点结构改了？
2020-08-03 19:52:30,507 - 2 - ERROR - 进入"资讯"模块异常
2020-08-03 19:57:30,516 - 2 - ERROR - xpath有误,站点结构改了？
2020-08-03 20:02:30,524 - 2 - ERROR - xpath有误,站点结构改了？
2020-08-03 20:07:30,536 - 2 - ERROR - 进入"专题"模块异常
2020-08-03 20:17:30,560 - 2 - ERROR - 进入"电脑"模块异常
2020-08-03 20:22:30,567 - 2 - ERROR - xpath有误,站点结构改了？
2020-08-03 20:27:30,577 - 2 - ERROR - 进入"APP大全"模块异常
2020-08-03 20:32:30,585 - 2 - ERROR - xpath有误,站点结构改了？
2020-08-03 20:32:30,587 - basepage - INFO - zuiben自动化测试结束
