2020-08-18 18:20:06,151 - basepage - INFO - zuiben自动化测试开始
2020-08-18 18:20:06,152 - basepage - INFO - 隐性等待 10 秒
2020-08-18 18:20:14,614 - basepage - INFO - 跳转至https://www.zuiben.com/
2020-08-18 18:20:16,729 - basepage - INFO - 窗口已经最大化
2020-08-18 18:20:22,192 - 2 - INFO - 页面"【安卓游戏】好玩的安卓游戏下载_安卓游戏排行榜_安卓游戏免费下载大全-最笨下载"跳转正常,该类元素共21个，当前第1个
2020-08-18 18:20:22,407 - basepage - INFO - Click back on current page.
2020-08-18 18:20:27,112 - 2 - INFO - 页面"变态手游公益服_bt手游变态服_无限元宝bt手游下载_BT手游中心-最笨下载"跳转正常,该类元素共21个，当前第2个
2020-08-18 18:20:27,524 - basepage - INFO - Click back on current page.
2020-08-18 18:20:31,777 - 2 - INFO - 页面"gm版手游_无限元宝/钻石公益服_0元免费gm权限手游下载-最笨下载"跳转正常,该类元素共21个，当前第3个
2020-08-18 18:20:31,992 - basepage - INFO - Click back on current page.
2020-08-18 18:20:38,112 - 2 - INFO - 页面"【苹果游戏】iphone苹果手机游戏下载_iphone苹果游戏排行榜-最笨下载"跳转正常,该类元素共21个，当前第4个
2020-08-18 18:20:38,528 - basepage - INFO - Click back on current page.
2020-08-18 18:20:42,831 - 2 - INFO - 页面"满vip版手游_手游sf送顶级vip_满级vip无限元宝手游下载-最笨下载"跳转正常,该类元素共21个，当前第5个
2020-08-18 18:20:43,058 - basepage - INFO - Click back on current page.
2020-08-18 18:20:49,104 - 2 - INFO - 页面"【安卓软件】安卓软件下载_安卓手机软件下载_安卓软件免费下载大全-最笨下载"跳转正常,该类元素共21个，当前第6个
2020-08-18 18:20:49,508 - basepage - INFO - Click back on current page.
2020-08-18 18:20:55,242 - 2 - INFO - 页面"【苹果软件】iphone苹果下载软件_iphone苹果软件免费下载_苹果软件下载大全-最笨下载"跳转正常,该类元素共21个，当前第7个
2020-08-18 18:20:55,450 - basepage - INFO - Click back on current page.
2020-08-18 18:20:59,890 - 2 - INFO - 页面"【安卓资讯】安卓资讯推荐_安卓资讯大全-最笨下载"跳转正常,该类元素共21个，当前第8个
2020-08-18 18:21:00,117 - basepage - INFO - Click back on current page.
2020-08-18 18:21:04,661 - 2 - INFO - 页面"【安卓游戏攻略】安卓游戏攻略推荐_安卓游戏攻略大全-最笨下载"跳转正常,该类元素共21个，当前第9个
2020-08-18 18:21:05,127 - basepage - INFO - Click back on current page.
2020-08-18 18:21:09,973 - 2 - INFO - 页面"【安卓软件教程】安卓软件教程推荐_安卓软件教程大全-最笨下载"跳转正常,该类元素共21个，当前第10个
2020-08-18 18:21:10,174 - basepage - INFO - Click back on current page.
2020-08-18 18:21:14,826 - 2 - INFO - 页面"【iphone资讯】iphone资讯推荐_iphone资讯大全-最笨下载"跳转正常,该类元素共21个，当前第11个
2020-08-18 18:21:15,192 - basepage - INFO - Click back on current page.
2020-08-18 18:21:19,837 - 2 - INFO - 页面"【iPhone游戏攻略】iPhone游戏攻略推荐_iPhone游戏攻略大全-最笨下载"跳转正常,该类元素共21个，当前第12个
2020-08-18 18:21:20,050 - basepage - INFO - Click back on current page.
2020-08-18 18:21:24,831 - 2 - INFO - 页面"【系统重装教程】电脑重装系统教程_电脑怎么重装系统_重装系统步骤-最笨下载"跳转正常,该类元素共21个，当前第13个
2020-08-18 18:21:25,267 - basepage - INFO - Click back on current page.
2020-08-18 18:21:30,326 - 2 - INFO - 页面"安卓专题-最笨下载"跳转正常,该类元素共21个，当前第14个
2020-08-18 18:21:30,538 - basepage - INFO - Click back on current page.
2020-08-18 18:21:35,726 - 2 - INFO - 页面"游戏专题-最笨下载"跳转正常,该类元素共21个，当前第15个
2020-08-18 18:21:36,102 - basepage - INFO - Click back on current page.
2020-08-18 18:21:40,655 - 2 - INFO - 页面"苹果专题-最笨下载"跳转正常,该类元素共21个，当前第16个
2020-08-18 18:21:40,873 - basepage - INFO - Click back on current page.
2020-08-18 18:21:45,365 - 2 - INFO - 页面"【电脑软件】电脑软件下载_电脑装机必备软件_电脑常用软件下载_电脑软件大全-最笨下载"跳转正常,该类元素共21个，当前第17个
2020-08-18 18:21:45,823 - basepage - INFO - Click back on current page.
2020-08-18 18:21:51,656 - 2 - INFO - 页面"【电脑软件】电脑软件下载_电脑装机必备软件_电脑常用软件下载_电脑软件大全-最笨下载"跳转正常,该类元素共21个，当前第18个
2020-08-18 18:21:51,965 - basepage - INFO - Click back on current page.
2020-08-18 18:21:56,613 - 2 - INFO - 页面"【激活工具】激活windows工具_万能激活工具_windows激活工具下载_自动激活工具-最笨下载"跳转正常,该类元素共21个，当前第19个
2020-08-18 18:21:57,005 - basepage - INFO - Click back on current page.
2020-08-18 18:22:01,214 - 2 - INFO - 页面"【系统重装教程】电脑重装系统教程_电脑怎么重装系统_重装系统步骤-最笨下载"跳转正常,该类元素共21个，当前第20个
2020-08-18 18:22:01,447 - basepage - INFO - Click back on current page.
2020-08-18 18:22:05,643 - 2 - INFO - 页面"【系统重装教程】电脑重装系统教程_电脑怎么重装系统_重装系统步骤-最笨下载"跳转正常,该类元素共21个，当前第21个
2020-08-18 18:22:06,089 - basepage - INFO - Click back on current page.
2020-08-18 18:22:13,961 - 2 - INFO - 页面"家庭教师OL手游"跳转正常,该类元素共10个，当前第1个
2020-08-18 18:22:20,107 - 2 - INFO - 页面"魔女骑士团手游"跳转正常,该类元素共10个，当前第2个
2020-08-18 18:22:26,235 - 2 - INFO - 页面"决胜足球手游"跳转正常,该类元素共10个，当前第3个
2020-08-18 18:22:32,383 - 2 - INFO - 页面"少女战争手游"跳转正常,该类元素共10个，当前第4个
2020-08-18 18:22:38,503 - 2 - INFO - 页面"天神战（魔灵特权）"跳转正常,该类元素共10个，当前第5个
2020-08-18 18:22:44,645 - 2 - INFO - 页面"最Q幻想手游"跳转正常,该类元素共10个，当前第6个
2020-08-18 18:22:50,791 - 2 - INFO - 页面"霸途手游"跳转正常,该类元素共10个，当前第7个
2020-08-18 18:22:56,939 - 2 - INFO - 页面"回到三国志手游"跳转正常,该类元素共10个，当前第8个
2020-08-18 18:23:03,081 - 2 - INFO - 页面"幻游猎人手游"跳转正常,该类元素共10个，当前第9个
2020-08-18 18:23:09,227 - 2 - INFO - 页面"王者荣耀"跳转正常,该类元素共10个，当前第10个
2020-08-18 18:23:15,375 - 2 - INFO - 页面"武器之王（福利特权）"跳转正常,该类元素共20个，当前第1个
2020-08-18 18:23:21,493 - 2 - INFO - 页面"女神联盟2（送500充值）"跳转正常,该类元素共20个，当前第2个
2020-08-18 18:23:27,641 - 2 - INFO - 页面"妖神记（抽动漫周边）"跳转正常,该类元素共20个，当前第3个
2020-08-18 18:23:33,764 - 2 - INFO - 页面"天天怼三国（送千元充值）"跳转正常,该类元素共20个，当前第4个
2020-08-18 18:23:39,894 - 2 - INFO - 页面"仙灵世界（送海量连抽）"跳转正常,该类元素共20个，当前第5个
2020-08-18 18:23:46,046 - 2 - INFO - 页面"魔剑侠缘（万元兑换）"跳转正常,该类元素共20个，当前第6个
2020-08-18 18:23:52,182 - 2 - INFO - 页面"纵剑仙界（送VIP代金券）"跳转正常,该类元素共20个，当前第7个
2020-08-18 18:23:58,325 - 2 - INFO - 页面"崩坏西游（送1688元充值）"跳转正常,该类元素共20个，当前第8个
2020-08-18 18:24:04,474 - 2 - INFO - 页面"仙风道骨（送GM海量充）"跳转正常,该类元素共20个，当前第9个
2020-08-18 18:24:10,639 - 2 - INFO - 页面"天使之吻"跳转正常,该类元素共20个，当前第10个
2020-08-18 18:24:16,783 - 2 - INFO - 页面"唐门六道（送千元充值）"跳转正常,该类元素共20个，当前第11个
2020-08-18 18:24:22,942 - 2 - INFO - 页面"魔法之光（红忍海量抽）"跳转正常,该类元素共20个，当前第12个
2020-08-18 18:24:29,047 - 2 - INFO - 页面"武动九天（GM免费特权）"跳转正常,该类元素共20个，当前第13个
2020-08-18 18:24:35,171 - 2 - INFO - 页面"大话许仙（钱庄特权）"跳转正常,该类元素共20个，当前第14个
2020-08-18 18:24:41,291 - 2 - INFO - 页面"影刃传说（天天送千充）"跳转正常,该类元素共20个，当前第15个
2020-08-18 18:24:47,424 - 2 - INFO - 页面"九幽仙域（海量送充值）"跳转正常,该类元素共20个，当前第16个
2020-08-18 18:24:53,551 - 2 - INFO - 页面"皇者：至尊传奇"跳转正常,该类元素共20个，当前第17个
2020-08-18 18:24:59,678 - 2 - INFO - 页面"魔龙诀（全屏爆宝）"跳转正常,该类元素共20个，当前第18个
2020-08-18 18:25:05,815 - 2 - INFO - 页面"真江湖HD（星耀特权）"跳转正常,该类元素共20个，当前第19个
2020-08-18 18:25:11,959 - 2 - INFO - 页面"诸世王者（福利特权）"跳转正常,该类元素共20个，当前第20个
2020-08-18 18:25:19,879 - 2 - INFO - 页面"武器之王（福利特权）"跳转正常,该类元素共10个，当前第1个
2020-08-18 18:25:26,017 - 2 - INFO - 页面"女神联盟2（送500充值）"跳转正常,该类元素共10个，当前第2个
2020-08-18 18:25:32,155 - 2 - INFO - 页面"妖神记（抽动漫周边）"跳转正常,该类元素共10个，当前第3个
2020-08-18 18:25:38,303 - 2 - INFO - 页面"天天怼三国（送千元充值）"跳转正常,该类元素共10个，当前第4个
2020-08-18 18:25:44,439 - 2 - INFO - 页面"仙灵世界（送海量连抽）"跳转正常,该类元素共10个，当前第5个
2020-08-18 18:25:50,580 - 2 - INFO - 页面"魔剑侠缘（万元兑换）"跳转正常,该类元素共10个，当前第6个
2020-08-18 18:25:56,676 - 2 - INFO - 页面"纵剑仙界（送VIP代金券）"跳转正常,该类元素共10个，当前第7个
2020-08-18 18:26:02,816 - 2 - INFO - 页面"崩坏西游（送1688元充值）"跳转正常,该类元素共10个，当前第8个
2020-08-18 18:26:08,955 - 2 - INFO - 页面"仙风道骨（送GM海量充）"跳转正常,该类元素共10个，当前第9个
2020-08-18 18:26:15,069 - 2 - INFO - 页面"天使之吻"跳转正常,该类元素共10个，当前第10个
2020-08-18 18:26:21,209 - 2 - INFO - 页面"不思议地下城（百抽特权）"跳转正常,该类元素共20个，当前第1个
2020-08-18 18:26:27,351 - 2 - INFO - 页面"契约战记（送648充值）"跳转正常,该类元素共20个，当前第2个
2020-08-18 18:26:33,452 - 2 - INFO - 页面"大兵小将（天朝小将）"跳转正常,该类元素共20个，当前第3个
2020-08-18 18:26:39,569 - 2 - INFO - 页面"尘缘（兑换990真充）"跳转正常,该类元素共20个，当前第4个
2020-08-18 18:26:45,712 - 2 - INFO - 页面"大秦之帝国崛起（送法拉利）"跳转正常,该类元素共20个，当前第5个
2020-08-18 18:26:51,830 - 2 - INFO - 页面"神奇三国（超高爆率）"跳转正常,该类元素共20个，当前第6个
2020-08-18 18:26:57,966 - 2 - INFO - 页面"小小虎将（海量特权）"跳转正常,该类元素共20个，当前第7个
2020-08-18 18:27:04,089 - 2 - INFO - 页面"九州剑灵（GM版）"跳转正常,该类元素共20个，当前第8个
2020-08-18 18:27:10,247 - 2 - INFO - 页面"进击的少女（闯关爆充值）"跳转正常,该类元素共20个，当前第9个
2020-08-18 18:27:16,417 - 2 - INFO - 页面"妖游记（海量送充值）"跳转正常,该类元素共20个，当前第10个
2020-08-18 18:27:22,543 - 2 - INFO - 页面"啪啪游侠（送海量充值）"跳转正常,该类元素共20个，当前第11个
2020-08-18 18:27:28,698 - 2 - INFO - 页面"蜀山天下（送满级千充）"跳转正常,该类元素共20个，当前第12个
2020-08-18 18:27:34,813 - 2 - INFO - 页面"魅灵物语（送极品校花）"跳转正常,该类元素共20个，当前第13个
2020-08-18 18:27:40,958 - 2 - INFO - 页面"战神世纪（送万抽）"跳转正常,该类元素共20个，当前第14个
2020-08-18 18:27:47,080 - 2 - INFO - 页面"塔防西游记（送千元充值）"跳转正常,该类元素共20个，当前第15个
2020-08-18 18:27:53,204 - 2 - INFO - 页面"轩辕剑群侠传（商城特权）"跳转正常,该类元素共20个，当前第16个
2020-08-18 18:27:59,324 - 2 - INFO - 页面"暗黑传奇（福利特权）"跳转正常,该类元素共20个，当前第17个
2020-08-18 18:28:05,459 - 2 - INFO - 页面"武器之王（福利特权）"跳转正常,该类元素共20个，当前第18个
2020-08-18 18:28:11,597 - 2 - INFO - 页面"女神联盟2（送500充值）"跳转正常,该类元素共20个，当前第19个
2020-08-18 18:28:17,739 - 2 - INFO - 页面"凡人飞仙传（充值特权）"跳转正常,该类元素共20个，当前第20个
2020-08-18 18:28:25,671 - 2 - INFO - 页面"武器之王（福利特权）"跳转正常,该类元素共10个，当前第1个
2020-08-18 18:28:31,806 - 2 - INFO - 页面"女神联盟2（送500充值）"跳转正常,该类元素共10个，当前第2个
2020-08-18 18:28:37,943 - 2 - INFO - 页面"凡人飞仙传（充值特权）"跳转正常,该类元素共10个，当前第3个
2020-08-18 18:28:44,062 - 2 - INFO - 页面"天天怼三国（送千元充值）"跳转正常,该类元素共10个，当前第4个
2020-08-18 18:28:50,200 - 2 - INFO - 页面"仙灵世界（送海量连抽）"跳转正常,该类元素共10个，当前第5个
2020-08-18 18:28:56,328 - 2 - INFO - 页面"纵剑仙界（送VIP代金券）"跳转正常,该类元素共10个，当前第6个
2020-08-18 18:29:02,468 - 2 - INFO - 页面"唐门六道（送千元充值）"跳转正常,该类元素共10个，当前第7个
2020-08-18 18:29:08,594 - 2 - INFO - 页面"魔法之光（红忍海量抽）"跳转正常,该类元素共10个，当前第8个
2020-08-18 18:29:14,710 - 2 - INFO - 页面"武动九天（GM免费特权）"跳转正常,该类元素共10个，当前第9个
2020-08-18 18:29:20,869 - 2 - INFO - 页面"大话许仙（钱庄特权）"跳转正常,该类元素共10个，当前第10个
2020-08-18 18:29:27,002 - 2 - INFO - 页面"不思议地下城（百抽特权）"跳转正常,该类元素共20个，当前第1个
2020-08-18 18:29:33,136 - 2 - INFO - 页面"契约战记（送648充值）"跳转正常,该类元素共20个，当前第2个
2020-08-18 18:29:39,253 - 2 - INFO - 页面"大兵小将（天朝小将）"跳转正常,该类元素共20个，当前第3个
2020-08-18 18:29:45,375 - 2 - INFO - 页面"尘缘（兑换990真充）"跳转正常,该类元素共20个，当前第4个
2020-08-18 18:29:51,497 - 2 - INFO - 页面"大秦之帝国崛起（送法拉利）"跳转正常,该类元素共20个，当前第5个
2020-08-18 18:29:57,644 - 2 - INFO - 页面"神奇三国（超高爆率）"跳转正常,该类元素共20个，当前第6个
2020-08-18 18:30:03,815 - 2 - INFO - 页面"小小虎将（海量特权）"跳转正常,该类元素共20个，当前第7个
2020-08-18 18:30:09,980 - 2 - INFO - 页面"九州剑灵（GM版）"跳转正常,该类元素共20个，当前第8个
2020-08-18 18:30:16,115 - 2 - INFO - 页面"进击的少女（闯关爆充值）"跳转正常,该类元素共20个，当前第9个
2020-08-18 19:05:49,012 - 2 - INFO - 页面"妖游记（海量送充值）"跳转正常,该类元素共20个，当前第10个
2020-08-18 19:05:57,485 - 2 - ERROR - 页面"啪啪游侠（送海量充值）"跳转异常,该类元素共20个，当前第11个
2020-08-18 19:06:03,800 - 2 - INFO - 页面"蜀山天下（送满级千充）"跳转正常,该类元素共20个，当前第12个
2020-08-18 19:06:09,881 - 2 - ERROR - 页面"魅灵物语（送极品校花）"跳转异常,该类元素共20个，当前第13个
2020-08-18 19:06:16,198 - 2 - ERROR - 页面"战神世纪（送万抽）"跳转异常,该类元素共20个，当前第14个
2020-08-18 19:06:22,516 - 2 - INFO - 页面"塔防西游记（送千元充值）"跳转正常,该类元素共20个，当前第15个
2020-08-18 19:06:28,599 - 2 - ERROR - 页面"轩辕剑群侠传（商城特权）"跳转异常,该类元素共20个，当前第16个
2020-08-18 19:06:34,919 - 2 - INFO - 页面"暗黑传奇（福利特权）"跳转正常,该类元素共20个，当前第17个
2020-08-18 19:06:41,001 - 2 - INFO - 页面"武器之王（福利特权）"跳转正常,该类元素共20个，当前第18个
2020-08-18 19:06:47,092 - 2 - INFO - 页面"女神联盟2（送500充值）"跳转正常,该类元素共20个，当前第19个
2020-08-18 19:06:53,184 - 2 - INFO - 页面"凡人飞仙传（充值特权）"跳转正常,该类元素共20个，当前第20个
2020-08-18 19:07:00,709 - 2 - ERROR - 页面"【最笨周末活动】8.7 周末活动海量惊喜等你来拿"跳转异常,该类元素共1个，当前第1个
2020-08-18 19:07:01,794 - basepage - INFO - Click back on current page.
2020-08-18 19:07:07,257 - 2 - INFO - 页面"【武动九天（GM免费特权）】上线满V，8W8绑元和"跳转正常,该类元素共1个，当前第1个
2020-08-18 19:07:07,594 - basepage - INFO - Click back on current page.
2020-08-18 19:07:13,082 - 2 - ERROR - 页面"【梦幻沙城（海量抽充值）】上线即送GM2商城特"跳转异常,该类元素共1个，当前第1个
2020-08-18 19:07:13,873 - basepage - INFO - Click back on current page.
2020-08-18 19:07:19,337 - 2 - ERROR - 页面"【六界仙尊（送充值）】上线直送VIP12，送88888元"跳转异常,该类元素共1个，当前第1个
2020-08-18 19:07:20,158 - basepage - INFO - Click back on current page.
2020-08-18 19:07:25,752 - 2 - INFO - 页面"【唐门六道（送千元充值）】上线送满级VIP19、礼"跳转正常,该类元素共1个，当前第1个
2020-08-18 19:07:26,239 - basepage - INFO - Click back on current page.
2020-08-18 19:07:31,751 - 2 - INFO - 页面"【武器之王（福利特权）】上线送VIP10,50万福利钻"跳转正常,该类元素共1个，当前第1个
2020-08-18 19:07:32,562 - basepage - INFO - Click back on current page.
2020-08-18 19:07:36,992 - 2 - ERROR - 页面"轩辕剑群侠传（商城特权）"跳转异常,该类元素共12个，当前第1个
2020-08-18 19:07:38,327 - basepage - INFO - Click back on current page.
2020-08-18 19:07:42,700 - 2 - ERROR - 页面"魅灵物语（送极品校花）"跳转异常,该类元素共12个，当前第2个
2020-08-18 19:07:49,412 - basepage - INFO - Click back on current page.
2020-08-18 19:07:54,377 - 2 - INFO - 页面"啪啪游侠（送海量充值）"跳转正常,该类元素共12个，当前第3个
2020-08-18 19:07:54,895 - basepage - INFO - Click back on current page.
2020-08-18 19:07:59,542 - 2 - INFO - 页面"战神世纪（送万抽）"跳转正常,该类元素共12个，当前第4个
2020-08-18 19:08:00,019 - basepage - INFO - Click back on current page.
2020-08-18 19:08:04,484 - 2 - INFO - 页面"大秦之帝国崛起（送法拉利）"跳转正常,该类元素共12个，当前第5个
2020-08-18 19:08:05,002 - basepage - INFO - Click back on current page.
2020-08-18 19:08:09,372 - 2 - INFO - 页面"进击的少女（闯关爆充值）"跳转正常,该类元素共12个，当前第6个
2020-08-18 19:08:09,901 - basepage - INFO - Click back on current page.
2020-08-18 19:08:14,329 - 2 - INFO - 页面"小小虎将（海量特权）"跳转正常,该类元素共12个，当前第7个
2020-08-18 19:08:14,804 - basepage - INFO - Click back on current page.
2020-08-18 19:08:19,231 - 2 - INFO - 页面"蜀山天下（送满级千充）"跳转正常,该类元素共12个，当前第8个
2020-08-18 19:08:19,741 - basepage - INFO - Click back on current page.
2020-08-18 19:08:24,145 - 2 - INFO - 页面"大兵小将（天朝小将）"跳转正常,该类元素共12个，当前第9个
2020-08-18 19:08:24,718 - basepage - INFO - Click back on current page.
2020-08-18 19:08:29,178 - 2 - INFO - 页面"尘缘（兑换990真充）"跳转正常,该类元素共12个，当前第10个
2020-08-18 19:08:29,694 - basepage - INFO - Click back on current page.
2020-08-18 19:08:34,183 - 2 - INFO - 页面"神奇三国（超高爆率）"跳转正常,该类元素共12个，当前第11个
2020-08-18 19:08:34,739 - basepage - INFO - Click back on current page.
2020-08-18 19:08:39,586 - 2 - INFO - 页面"契约战记（送648充值）"跳转正常,该类元素共12个，当前第12个
2020-08-18 19:08:40,045 - basepage - INFO - Click back on current page.
2020-08-18 19:08:47,582 - 2 - INFO - 页面"魔兽世界怀旧服2020年6月7日人口普查一览"跳转正常,该类元素共2个，当前第1个
2020-08-18 19:08:48,277 - basepage - INFO - Click back on current page.
2020-08-18 19:08:55,873 - 2 - INFO - 页面"DNF萌噬噬宠物属性怎么样？萌噬噬属性介绍"跳转正常,该类元素共2个，当前第2个
2020-08-18 19:08:56,115 - basepage - INFO - Click back on current page.
2020-08-18 19:09:03,890 - 2 - INFO - 页面"王者神秘商店怎么获得5折-神秘商店怎么开出5折-最笨下载"跳转正常,该类元素共14个，当前第1个
2020-08-18 19:09:04,458 - basepage - INFO - Click back on current page.
2020-08-18 19:09:11,401 - 2 - INFO - 页面"王者荣耀神秘商店买什么皮肤好-2020神秘商店皮肤购买建议-最笨下载"跳转正常,该类元素共14个，当前第2个
2020-08-18 19:09:12,081 - basepage - INFO - Click back on current page.
2020-08-18 19:09:19,152 - 2 - INFO - 页面"王者荣耀神秘商店皮肤有哪些-2020年神秘商店皮肤一览-最笨下载"跳转正常,该类元素共14个，当前第3个
2020-08-18 19:09:19,587 - basepage - INFO - Click back on current page.
2020-08-18 19:09:26,690 - 2 - INFO - 页面"伊洛纳取件码周年庆永久礼包码分享-取件码大全2020-最笨下载"跳转正常,该类元素共14个，当前第4个
2020-08-18 19:09:27,403 - basepage - INFO - Click back on current page.
2020-08-18 19:09:35,603 - 2 - INFO - 页面"剑与远征万灵之幽怎么过-万灵之幽路线攻略-最笨下载"跳转正常,该类元素共14个，当前第5个
2020-08-18 19:09:36,570 - basepage - INFO - Click back on current page.
2020-08-18 19:09:43,726 - 2 - INFO - 页面"最强蜗牛装备的选择-装备排行榜-最笨下载"跳转正常,该类元素共14个，当前第6个
2020-08-18 19:09:43,997 - basepage - INFO - Click back on current page.
2020-08-18 19:09:51,202 - 2 - INFO - 页面"烟雨江湖凌霜枪法怎么样-凌霜枪法技能效果介绍-最笨下载"跳转正常,该类元素共14个，当前第7个
2020-08-18 19:09:51,724 - basepage - INFO - Click back on current page.
2020-08-18 19:09:58,529 - 2 - INFO - 页面"烟雨江湖破锋八斩怎么样-破锋八斩属性-最笨下载"跳转正常,该类元素共14个，当前第8个
2020-08-18 19:09:58,978 - basepage - INFO - Click back on current page.
2020-08-18 19:10:06,524 - 2 - INFO - 页面"下一站江湖洛城宝箱在哪里 洛城宝箱位置介绍-最笨下载"跳转正常,该类元素共14个，当前第9个
2020-08-18 19:10:06,979 - basepage - INFO - Click back on current page.
2020-08-18 19:10:13,786 - 2 - INFO - 页面"阴阳师怎么打屋荒骷髅头 荒骷髅boss打法攻略-最笨下载"跳转正常,该类元素共14个，当前第10个
2020-08-18 19:10:14,321 - basepage - INFO - Click back on current page.
2020-08-18 19:10:21,589 - 2 - INFO - 页面"大千世界奇艺碎片怎么获得 奇艺碎片的获得方法及作用介绍-最笨下载"跳转正常,该类元素共14个，当前第11个
2020-08-18 19:10:22,054 - basepage - INFO - Click back on current page.
2020-08-18 19:10:29,674 - 2 - INFO - 页面"炉石传说通灵学院任务萨卡组怎么搭配 任务萨卡组推荐-最笨下载"跳转正常,该类元素共14个，当前第12个
2020-08-18 19:10:30,517 - basepage - INFO - Click back on current page.
2020-08-18 19:10:37,433 - 2 - INFO - 页面"炉石传说通灵学院扫把脏牧卡组怎么搭配 扫把脏牧卡组推荐-最笨下载"跳转正常,该类元素共14个，当前第13个
2020-08-18 19:10:38,175 - basepage - INFO - Click back on current page.
2020-08-18 19:10:45,099 - 2 - INFO - 页面"炉石传说通灵学院祈求战卡组怎么搭配 祈求战卡组推荐-最笨下载"跳转正常,该类元素共14个，当前第14个
2020-08-18 19:10:45,762 - basepage - INFO - Click back on current page.
2020-08-18 19:10:54,933 - 2 - INFO - 页面"2020阴阳师7月新式神紧那罗即将上线 高颜值紧那"跳转正常,该类元素共2个，当前第1个
2020-08-18 19:10:55,499 - basepage - INFO - Click back on current page.
2020-08-18 19:11:03,317 - 2 - INFO - 页面"英雄联盟2020灵魂莲华皮肤原画汇总"跳转正常,该类元素共2个，当前第2个
2020-08-18 19:11:03,961 - basepage - INFO - Click back on current page.
2020-08-18 19:11:10,947 - 2 - INFO - 页面"变态手游公益服_bt手游变态服_无限元宝bt手游下载_BT手游中心-最笨下载"跳转正常,该类元素共28个，当前第1个
2020-08-18 19:11:12,093 - basepage - INFO - Click back on current page.
2020-08-18 19:11:18,831 - 2 - INFO - 页面"不思议地下城（百抽特权）_不思议地下城（百抽特权）无限元宝服_SF变态版不思议地下城（百抽特权）公益服下载 - 最笨下载"跳转正常,该类元素共28个，当前第2个
2020-08-18 19:11:19,773 - basepage - INFO - Click back on current page.
2020-08-18 19:11:26,404 - 2 - INFO - 页面"变态手游公益服_bt手游变态服_无限元宝bt手游下载_BT手游中心-最笨下载"跳转正常,该类元素共28个，当前第3个
2020-08-18 19:11:27,219 - basepage - INFO - Click back on current page.
2020-08-18 19:11:33,980 - 2 - INFO - 页面"契约战记（送648充值）_契约战记（送648充值）无限元宝服_SF变态版契约战记（送648充值）公益服下载 - 最笨下载"跳转正常,该类元素共28个，当前第4个
2020-08-18 19:11:34,652 - basepage - INFO - Click back on current page.
2020-08-18 19:11:41,291 - 2 - INFO - 页面"变态手游公益服_bt手游变态服_无限元宝bt手游下载_BT手游中心-最笨下载"跳转正常,该类元素共28个，当前第5个
2020-08-18 19:11:41,826 - basepage - INFO - Click back on current page.
2020-08-18 19:11:48,642 - 2 - INFO - 页面"大兵小将（天朝小将）_大兵小将（天朝小将）无限元宝服_SF变态版大兵小将（天朝小将）公益服下载 - 最笨下载"跳转正常,该类元素共28个，当前第6个
2020-08-18 19:11:49,374 - basepage - INFO - Click back on current page.
2020-08-18 19:11:56,108 - 2 - INFO - 页面"变态手游公益服_bt手游变态服_无限元宝bt手游下载_BT手游中心-最笨下载"跳转正常,该类元素共28个，当前第7个
2020-08-18 19:11:56,777 - basepage - INFO - Click back on current page.
2020-08-18 19:12:03,595 - 2 - INFO - 页面"尘缘（兑换990真充）_尘缘（兑换990真充）无限元宝服_SF变态版尘缘（兑换990真充）公益服下载 - 最笨下载"跳转正常,该类元素共28个，当前第8个
2020-08-18 19:12:04,058 - basepage - INFO - Click back on current page.
2020-08-18 19:12:10,945 - 2 - INFO - 页面"满vip版手游_手游sf送顶级vip_满级vip无限元宝手游下载-最笨下载"跳转正常,该类元素共28个，当前第9个
2020-08-18 19:12:11,662 - basepage - INFO - Click back on current page.
2020-08-18 19:12:18,533 - 2 - INFO - 页面"大秦之帝国崛起（送法拉利）_大秦之帝国崛起（送法拉利）无限元宝服_SF变态版大秦之帝国崛起（送法拉利）公益服下载 - 最笨下载"跳转正常,该类元素共28个，当前第10个
2020-08-18 19:12:19,202 - basepage - INFO - Click back on current page.
2020-08-18 19:12:26,089 - 2 - INFO - 页面"变态手游公益服_bt手游变态服_无限元宝bt手游下载_BT手游中心-最笨下载"跳转正常,该类元素共28个，当前第11个
2020-08-18 19:12:26,543 - basepage - INFO - Click back on current page.
2020-08-18 19:12:33,260 - 2 - INFO - 页面"神奇三国（超高爆率）_神奇三国（超高爆率）无限元宝服_SF变态版神奇三国（超高爆率）公益服下载 - 最笨下载"跳转正常,该类元素共28个，当前第12个
2020-08-18 19:12:34,110 - basepage - INFO - Click back on current page.
2020-08-18 19:12:40,855 - 2 - INFO - 页面"满vip版手游_手游sf送顶级vip_满级vip无限元宝手游下载-最笨下载"跳转正常,该类元素共28个，当前第13个
2020-08-18 19:12:41,533 - basepage - INFO - Click back on current page.
2020-08-18 19:12:48,282 - 2 - INFO - 页面"小小虎将（海量特权）_小小虎将（海量特权）无限元宝服_SF变态版小小虎将（海量特权）公益服下载 - 最笨下载"跳转正常,该类元素共28个，当前第14个
2020-08-18 19:12:48,890 - basepage - INFO - Click back on current page.
2020-08-18 19:12:56,127 - 2 - INFO - 页面"gm版手游_无限元宝/钻石公益服_0元免费gm权限手游下载-最笨下载"跳转正常,该类元素共28个，当前第15个
2020-08-18 19:12:56,964 - basepage - INFO - Click back on current page.
2020-08-18 19:13:05,430 - 2 - INFO - 页面"九州剑灵（GM版）_九州剑灵（GM版）免费gm权限安卓下载 - 最笨下载"跳转正常,该类元素共28个，当前第16个
2020-08-18 19:13:06,230 - basepage - INFO - Click back on current page.
2020-08-18 19:13:13,107 - 2 - INFO - 页面"满vip版手游_手游sf送顶级vip_满级vip无限元宝手游下载-最笨下载"跳转正常,该类元素共28个，当前第17个
2020-08-18 19:13:13,742 - basepage - INFO - Click back on current page.
2020-08-18 19:13:20,480 - 2 - INFO - 页面"进击的少女（闯关爆充值）_进击的少女（闯关爆充值）无限元宝服_SF变态版进击的少女（闯关爆充值）公益服下载 - 最笨下载"跳转正常,该类元素共28个，当前第18个
2020-08-18 19:13:21,293 - basepage - INFO - Click back on current page.
2020-08-18 19:13:28,164 - 2 - INFO - 页面"满vip版手游_手游sf送顶级vip_满级vip无限元宝手游下载-最笨下载"跳转正常,该类元素共28个，当前第19个
2020-08-18 19:13:28,693 - basepage - INFO - Click back on current page.
2020-08-18 19:13:35,958 - 2 - INFO - 页面"妖游记（海量送充值）_妖游记（海量送充值）无限元宝服_SF变态版妖游记（海量送充值）公益服下载 - 最笨下载"跳转正常,该类元素共28个，当前第20个
2020-08-18 19:13:36,334 - basepage - INFO - Click back on current page.
2020-08-18 19:13:43,015 - 2 - INFO - 页面"变态手游公益服_bt手游变态服_无限元宝bt手游下载_BT手游中心-最笨下载"跳转正常,该类元素共28个，当前第21个
2020-08-18 19:13:43,740 - basepage - INFO - Click back on current page.
2020-08-18 19:13:50,459 - 2 - INFO - 页面"啪啪游侠（送海量充值）_啪啪游侠（送海量充值）无限元宝服_SF变态版啪啪游侠（送海量充值）公益服下载 - 最笨下载"跳转正常,该类元素共28个，当前第22个
2020-08-18 19:13:51,124 - basepage - INFO - Click back on current page.
2020-08-18 19:13:57,845 - 2 - INFO - 页面"变态手游公益服_bt手游变态服_无限元宝bt手游下载_BT手游中心-最笨下载"跳转正常,该类元素共28个，当前第23个
2020-08-18 19:13:58,699 - basepage - INFO - Click back on current page.
2020-08-18 19:14:05,486 - 2 - INFO - 页面"蜀山天下（送满级千充）_蜀山天下（送满级千充）无限元宝服_SF变态版蜀山天下（送满级千充）公益服下载 - 最笨下载"跳转正常,该类元素共28个，当前第24个
2020-08-18 19:14:06,256 - basepage - INFO - Click back on current page.
2020-08-18 19:14:13,189 - 2 - INFO - 页面"变态手游公益服_bt手游变态服_无限元宝bt手游下载_BT手游中心-最笨下载"跳转正常,该类元素共28个，当前第25个
2020-08-18 19:14:13,835 - basepage - INFO - Click back on current page.
2020-08-18 19:14:21,007 - 2 - INFO - 页面"魅灵物语（送极品校花）_魅灵物语（送极品校花）无限元宝服_SF变态版魅灵物语（送极品校花）公益服下载 - 最笨下载"跳转正常,该类元素共28个，当前第26个
2020-08-18 19:14:21,679 - basepage - INFO - Click back on current page.
2020-08-18 19:14:28,336 - 2 - INFO - 页面"变态手游公益服_bt手游变态服_无限元宝bt手游下载_BT手游中心-最笨下载"跳转正常,该类元素共28个，当前第27个
2020-08-18 19:14:28,740 - basepage - INFO - Click back on current page.
