2020-08-30 20:36:23,293 - basepage - INFO - zuiben自动化测试开始
2020-08-30 20:36:23,295 - basepage - INFO - 隐性等待 10 秒
2020-08-30 20:37:20,982 - basepage - INFO - 跳转至https://www.zuiben.com/
2020-08-30 20:37:23,101 - basepage - INFO - 窗口已经最大化
2020-08-30 20:37:28,904 - 2 - INFO - 页面"【安卓游戏】好玩的安卓游戏下载_安卓游戏排行榜_安卓游戏免费下载大全-最笨下载"跳转正常,该类元素共21个，当前第1个
2020-08-30 20:37:36,152 - basepage - INFO - Click back on current page.
2020-08-30 20:37:40,927 - 2 - INFO - 页面"变态手游公益服_bt手游变态服_无限元宝bt手游下载_BT手游中心-最笨下载"跳转正常,该类元素共21个，当前第2个
2020-08-30 20:37:41,243 - basepage - INFO - Click back on current page.
2020-08-30 20:37:45,898 - 2 - INFO - 页面"gm版手游_无限元宝/钻石公益服_0元免费gm权限手游下载-最笨下载"跳转正常,该类元素共21个，当前第3个
2020-08-30 20:37:46,186 - basepage - INFO - Click back on current page.
2020-08-30 20:37:53,387 - 2 - INFO - 页面"【苹果游戏】iphone苹果手机游戏下载_iphone苹果游戏排行榜-最笨下载"跳转正常,该类元素共21个，当前第4个
2020-08-30 20:37:53,727 - basepage - INFO - Click back on current page.
2020-08-30 20:37:58,142 - 2 - INFO - 页面"满vip版手游_手游sf送顶级vip_满级vip无限元宝手游下载-最笨下载"跳转正常,该类元素共21个，当前第5个
2020-08-30 20:37:58,670 - basepage - INFO - Click back on current page.
2020-08-30 20:38:04,961 - 2 - INFO - 页面"【安卓软件】安卓软件下载_安卓手机软件下载_安卓软件免费下载大全-最笨下载"跳转正常,该类元素共21个，当前第6个
2020-08-30 20:38:05,266 - basepage - INFO - Click back on current page.
2020-08-30 20:38:11,239 - 2 - INFO - 页面"【苹果软件】iphone苹果下载软件_iphone苹果软件免费下载_苹果软件下载大全-最笨下载"跳转正常,该类元素共21个，当前第7个
2020-08-30 20:38:11,848 - basepage - INFO - Click back on current page.
2020-08-30 20:38:16,875 - 2 - INFO - 页面"【安卓资讯】安卓资讯推荐_安卓资讯大全-最笨下载"跳转正常,该类元素共21个，当前第8个
2020-08-30 20:38:17,190 - basepage - INFO - Click back on current page.
2020-08-30 20:38:21,906 - 2 - INFO - 页面"【安卓游戏攻略】安卓游戏攻略推荐_安卓游戏攻略大全-最笨下载"跳转正常,该类元素共21个，当前第9个
2020-08-30 20:38:22,215 - basepage - INFO - Click back on current page.
2020-08-30 20:38:30,271 - 2 - INFO - 页面"【安卓软件教程】安卓软件教程推荐_安卓软件教程大全-最笨下载"跳转正常,该类元素共21个，当前第10个
2020-08-30 20:38:30,596 - basepage - INFO - Click back on current page.
2020-08-30 20:38:36,762 - 2 - INFO - 页面"【iphone资讯】iphone资讯推荐_iphone资讯大全-最笨下载"跳转正常,该类元素共21个，当前第11个
2020-08-30 20:38:37,278 - basepage - INFO - Click back on current page.
2020-08-30 20:38:42,845 - 2 - INFO - 页面"【iPhone游戏攻略】iPhone游戏攻略推荐_iPhone游戏攻略大全-最笨下载"跳转正常,该类元素共21个，当前第12个
2020-08-30 20:38:43,194 - basepage - INFO - Click back on current page.
2020-08-30 20:38:48,555 - 2 - INFO - 页面"【系统重装教程】电脑重装系统教程_电脑怎么重装系统_重装系统步骤-最笨下载"跳转正常,该类元素共21个，当前第13个
2020-08-30 20:38:49,083 - basepage - INFO - Click back on current page.
2020-08-30 20:38:59,480 - 2 - INFO - 页面"安卓专题-最笨下载"跳转正常,该类元素共21个，当前第14个
2020-08-30 20:38:59,938 - basepage - INFO - Click back on current page.
2020-08-30 20:39:13,199 - 2 - INFO - 页面"游戏专题-最笨下载"跳转正常,该类元素共21个，当前第15个
2020-08-30 20:39:13,639 - basepage - INFO - Click back on current page.
2020-08-30 20:39:22,704 - 2 - INFO - 页面"苹果专题-最笨下载"跳转正常,该类元素共21个，当前第16个
2020-08-30 20:39:23,174 - basepage - INFO - Click back on current page.
2020-08-30 20:39:32,087 - 2 - INFO - 页面"【电脑软件】电脑软件下载_电脑装机必备软件_电脑常用软件下载_电脑软件大全-最笨下载"跳转正常,该类元素共21个，当前第17个
2020-08-30 20:39:32,652 - basepage - INFO - Click back on current page.
2020-08-30 20:39:38,071 - 2 - INFO - 页面"【电脑软件】电脑软件下载_电脑装机必备软件_电脑常用软件下载_电脑软件大全-最笨下载"跳转正常,该类元素共21个，当前第18个
2020-08-30 20:39:38,397 - basepage - INFO - Click back on current page.
2020-08-30 20:39:43,567 - 2 - INFO - 页面"【激活工具】激活windows工具_万能激活工具_windows激活工具下载_自动激活工具-最笨下载"跳转正常,该类元素共21个，当前第19个
2020-08-30 20:39:44,226 - basepage - INFO - Click back on current page.
2020-08-30 20:39:48,494 - 2 - INFO - 页面"【系统重装教程】电脑重装系统教程_电脑怎么重装系统_重装系统步骤-最笨下载"跳转正常,该类元素共21个，当前第20个
2020-08-30 20:39:48,824 - basepage - INFO - Click back on current page.
2020-08-30 20:39:53,074 - 2 - INFO - 页面"【系统重装教程】电脑重装系统教程_电脑怎么重装系统_重装系统步骤-最笨下载"跳转正常,该类元素共21个，当前第21个
2020-08-30 20:39:53,631 - basepage - INFO - Click back on current page.
2020-08-30 20:40:07,910 - 2 - INFO - 页面"家庭教师OL手游"跳转正常,该类元素共10个，当前第1个
2020-08-30 20:40:14,044 - 2 - INFO - 页面"魔女骑士团手游"跳转正常,该类元素共10个，当前第2个
2020-08-30 20:40:20,187 - 2 - INFO - 页面"决胜足球手游"跳转正常,该类元素共10个，当前第3个
2020-08-30 20:40:27,939 - 2 - INFO - 页面"少女战争手游"跳转正常,该类元素共10个，当前第4个
2020-08-30 20:40:34,094 - 2 - INFO - 页面"天神战（魔灵特权）"跳转正常,该类元素共10个，当前第5个
2020-08-30 20:40:40,232 - 2 - INFO - 页面"最Q幻想手游"跳转正常,该类元素共10个，当前第6个
2020-08-30 20:40:46,397 - 2 - INFO - 页面"回到三国志手游"跳转正常,该类元素共10个，当前第7个
2020-08-30 20:40:52,563 - 2 - INFO - 页面"幻游猎人手游"跳转正常,该类元素共10个，当前第8个
2020-08-30 20:41:00,395 - 2 - INFO - 页面"王者荣耀"跳转正常,该类元素共10个，当前第9个
2020-08-30 20:41:06,572 - 2 - INFO - 页面"公主连结手游"跳转正常,该类元素共10个，当前第10个
2020-08-30 20:41:12,724 - 2 - INFO - 页面"仙风道骨（送GM海量充）"跳转正常,该类元素共20个，当前第1个
2020-08-30 20:41:18,874 - 2 - INFO - 页面"少年群侠传（送千元充值）"跳转正常,该类元素共20个，当前第2个
2020-08-30 20:41:25,026 - 2 - INFO - 页面"女神联盟2（送500充值）"跳转正常,该类元素共20个，当前第3个
2020-08-30 20:41:31,212 - 2 - INFO - 页面"魔侠传（开服送2000充）"跳转正常,该类元素共20个，当前第4个
2020-08-30 20:41:37,380 - 2 - INFO - 页面"不思议地下城（百抽特权）"跳转正常,该类元素共20个，当前第5个
2020-08-30 20:41:43,523 - 2 - INFO - 页面"仙灵世界（送海量连抽）"跳转正常,该类元素共20个，当前第6个
2020-08-30 20:41:49,668 - 2 - INFO - 页面"机甲战纪（送GM特权）"跳转正常,该类元素共20个，当前第7个
2020-08-30 20:41:55,824 - 2 - INFO - 页面"梦幻江湖（送千万元宝）"跳转正常,该类元素共20个，当前第8个
2020-08-30 20:42:01,985 - 2 - INFO - 页面"剑侠风云（送海量充值）"跳转正常,该类元素共20个，当前第9个
2020-08-30 20:42:08,128 - 2 - INFO - 页面"魔剑侠缘（万元兑换）"跳转正常,该类元素共20个，当前第10个
2020-08-30 20:42:14,280 - 2 - INFO - 页面"魔龙诀（全屏爆宝）"跳转正常,该类元素共20个，当前第11个
2020-08-30 20:42:20,427 - 2 - INFO - 页面"征程三国（送充值）"跳转正常,该类元素共20个，当前第12个
2020-08-30 20:42:26,602 - 2 - INFO - 页面"风之旅团（每日送充值）"跳转正常,该类元素共20个，当前第13个
2020-08-30 20:42:32,751 - 2 - INFO - 页面"冒险之旅（百抽特权）"跳转正常,该类元素共20个，当前第14个
2020-08-30 20:42:38,923 - 2 - INFO - 页面"天天怼三国（送千元充值）"跳转正常,该类元素共20个，当前第15个
2020-08-30 20:42:45,105 - 2 - INFO - 页面"无敌战舰（送百元充值）"跳转正常,该类元素共20个，当前第16个
2020-08-30 20:42:51,267 - 2 - INFO - 页面"妖神记（抽动漫周边）"跳转正常,该类元素共20个，当前第17个
2020-08-30 20:42:57,427 - 2 - INFO - 页面"异能勇者"跳转正常,该类元素共20个，当前第18个
2020-08-30 20:43:03,567 - 2 - INFO - 页面"崩坏西游（送1688元充值）"跳转正常,该类元素共20个，当前第19个
2020-08-30 20:43:09,749 - 2 - INFO - 页面"纵剑仙界（送VIP代金券）"跳转正常,该类元素共20个，当前第20个
2020-08-30 20:43:17,695 - 2 - INFO - 页面"仙风道骨（送GM海量充）"跳转正常,该类元素共10个，当前第1个
2020-08-30 20:43:23,856 - 2 - INFO - 页面"少年群侠传（送千元充值）"跳转正常,该类元素共10个，当前第2个
2020-08-30 20:43:30,025 - 2 - INFO - 页面"女神联盟2（送500充值）"跳转正常,该类元素共10个，当前第3个
2020-08-30 20:43:36,179 - 2 - INFO - 页面"魔侠传（开服送2000充）"跳转正常,该类元素共10个，当前第4个
2020-08-30 20:43:42,331 - 2 - INFO - 页面"不思议地下城（百抽特权）"跳转正常,该类元素共10个，当前第5个
2020-08-30 20:43:48,482 - 2 - INFO - 页面"仙灵世界（送海量连抽）"跳转正常,该类元素共10个，当前第6个
2020-08-30 20:43:54,632 - 2 - INFO - 页面"机甲战纪（送GM特权）"跳转正常,该类元素共10个，当前第7个
2020-08-30 20:44:00,771 - 2 - INFO - 页面"梦幻江湖（送千万元宝）"跳转正常,该类元素共10个，当前第8个
2020-08-30 20:44:06,921 - 2 - INFO - 页面"剑侠风云（送海量充值）"跳转正常,该类元素共10个，当前第9个
2020-08-30 20:44:13,072 - 2 - INFO - 页面"魔剑侠缘（万元兑换）"跳转正常,该类元素共10个，当前第10个
2020-08-30 20:44:19,213 - 2 - INFO - 页面"武器之王（满屏爆装）"跳转正常,该类元素共20个，当前第1个
2020-08-30 20:44:25,411 - 2 - INFO - 页面"仙风道骨（送GM海量充）"跳转正常,该类元素共20个，当前第2个
2020-08-30 20:44:31,569 - 2 - INFO - 页面"少年群侠传（送千元充值）"跳转正常,该类元素共20个，当前第3个
2020-08-30 20:44:37,728 - 2 - INFO - 页面"女神联盟2（送500充值）"跳转正常,该类元素共20个，当前第4个
2020-08-30 20:44:43,856 - 2 - INFO - 页面"星辰变（送百元永抽）"跳转正常,该类元素共20个，当前第5个
2020-08-30 20:44:50,018 - 2 - INFO - 页面"魔侠传（开服送2000充）"跳转正常,该类元素共20个，当前第6个
2020-08-30 20:44:56,169 - 2 - INFO - 页面"不思议地下城（百抽特权）"跳转正常,该类元素共20个，当前第7个
2020-08-30 20:45:02,331 - 2 - INFO - 页面"仙灵世界（送海量连抽）"跳转正常,该类元素共20个，当前第8个
2020-08-30 20:45:08,481 - 2 - INFO - 页面"神龙猎手（开局送万抽）"跳转正常,该类元素共20个，当前第9个
2020-08-30 20:45:14,662 - 2 - INFO - 页面"机甲战纪（送GM特权）"跳转正常,该类元素共20个，当前第10个
2020-08-30 20:45:20,903 - 2 - INFO - 页面"梦幻江湖（送千万元宝）"跳转正常,该类元素共20个，当前第11个
2020-08-30 20:45:27,064 - 2 - INFO - 页面"九曲封神（送海量充值）"跳转正常,该类元素共20个，当前第12个
2020-08-30 20:45:33,256 - 2 - INFO - 页面"剑侠风云（送海量充值）"跳转正常,该类元素共20个，当前第13个
2020-08-30 20:45:39,427 - 2 - INFO - 页面"魔剑侠缘（万元兑换）"跳转正常,该类元素共20个，当前第14个
2020-08-30 20:45:45,564 - 2 - INFO - 页面"怒火一刀（天天送充值）"跳转正常,该类元素共20个，当前第15个
2020-08-30 20:45:51,705 - 2 - INFO - 页面"魔龙诀（全屏爆宝）"跳转正常,该类元素共20个，当前第16个
2020-08-30 20:45:57,881 - 2 - INFO - 页面"征程三国（送充值）"跳转正常,该类元素共20个，当前第17个
2020-08-30 20:46:04,029 - 2 - INFO - 页面"凡人飞仙传（六界纷争）"跳转正常,该类元素共20个，当前第18个
2020-08-30 20:46:10,203 - 2 - INFO - 页面"风之旅团（每日送充值）"跳转正常,该类元素共20个，当前第19个
2020-08-30 20:46:16,337 - 2 - INFO - 页面"齐天记（海量资源特权）"跳转正常,该类元素共20个，当前第20个
2020-08-30 20:46:24,310 - 2 - INFO - 页面"少年群侠传（送千元充值）"跳转正常,该类元素共10个，当前第1个
2020-08-30 20:46:30,510 - 2 - INFO - 页面"女神联盟2（送500充值）"跳转正常,该类元素共10个，当前第2个
2020-08-30 20:46:36,744 - 2 - INFO - 页面"魔侠传（开服送2000充）"跳转正常,该类元素共10个，当前第3个
2020-08-30 20:46:42,930 - 2 - INFO - 页面"不思议地下城（百抽特权）"跳转正常,该类元素共10个，当前第4个
2020-08-30 20:46:49,075 - 2 - INFO - 页面"仙灵世界（送海量连抽）"跳转正常,该类元素共10个，当前第5个
2020-08-30 20:46:55,208 - 2 - INFO - 页面"机甲战纪（送GM特权）"跳转正常,该类元素共10个，当前第6个
2020-08-30 20:47:01,375 - 2 - INFO - 页面"梦幻江湖（送千万元宝）"跳转正常,该类元素共10个，当前第7个
2020-08-30 20:47:07,622 - 2 - INFO - 页面"剑侠风云（送海量充值）"跳转正常,该类元素共10个，当前第8个
2020-08-30 20:47:13,754 - 2 - INFO - 页面"魔剑侠缘（万元兑换）"跳转正常,该类元素共10个，当前第9个
2020-08-30 20:47:19,895 - 2 - INFO - 页面"魔龙诀（全屏爆宝）"跳转正常,该类元素共10个，当前第10个
2020-08-30 20:47:26,114 - 2 - INFO - 页面"武器之王（满屏爆装）"跳转正常,该类元素共20个，当前第1个
2020-08-30 20:47:32,268 - 2 - INFO - 页面"仙风道骨（送GM海量充）"跳转正常,该类元素共20个，当前第2个
2020-08-30 20:47:38,500 - 2 - INFO - 页面"少年群侠传（送千元充值）"跳转正常,该类元素共20个，当前第3个
2020-08-30 20:47:44,686 - 2 - INFO - 页面"女神联盟2（送500充值）"跳转正常,该类元素共20个，当前第4个
2020-08-30 20:47:50,868 - 2 - INFO - 页面"星辰变（送百元永抽）"跳转正常,该类元素共20个，当前第5个
2020-08-30 20:47:57,008 - 2 - INFO - 页面"魔侠传（开服送2000充）"跳转正常,该类元素共20个，当前第6个
2020-08-30 20:48:03,233 - 2 - INFO - 页面"不思议地下城（百抽特权）"跳转正常,该类元素共20个，当前第7个
2020-08-30 20:48:09,483 - 2 - INFO - 页面"仙灵世界（送海量连抽）"跳转正常,该类元素共20个，当前第8个
2020-08-30 20:48:15,651 - 2 - INFO - 页面"神龙猎手（开局送万抽）"跳转正常,该类元素共20个，当前第9个
2020-08-30 20:48:21,862 - 2 - INFO - 页面"机甲战纪（送GM特权）"跳转正常,该类元素共20个，当前第10个
2020-08-30 20:48:28,015 - 2 - INFO - 页面"梦幻江湖（送千万元宝）"跳转正常,该类元素共20个，当前第11个
2020-08-30 20:48:34,157 - 2 - INFO - 页面"九曲封神（送海量充值）"跳转正常,该类元素共20个，当前第12个
2020-08-30 20:48:40,328 - 2 - INFO - 页面"剑侠风云（送海量充值）"跳转正常,该类元素共20个，当前第13个
2020-08-30 20:48:46,466 - 2 - INFO - 页面"魔剑侠缘（万元兑换）"跳转正常,该类元素共20个，当前第14个
2020-08-30 20:48:52,679 - 2 - INFO - 页面"怒火一刀（天天送充值）"跳转正常,该类元素共20个，当前第15个
2020-08-30 20:48:58,860 - 2 - INFO - 页面"魔龙诀（全屏爆宝）"跳转正常,该类元素共20个，当前第16个
2020-08-30 20:49:05,111 - 2 - INFO - 页面"征程三国（送充值）"跳转正常,该类元素共20个，当前第17个
2020-08-30 20:49:11,304 - 2 - INFO - 页面"凡人飞仙传（六界纷争）"跳转正常,该类元素共20个，当前第18个
2020-08-30 20:49:17,492 - 2 - INFO - 页面"风之旅团（每日送充值）"跳转正常,该类元素共20个，当前第19个
2020-08-30 20:49:23,693 - 2 - INFO - 页面"齐天记（海量资源特权）"跳转正常,该类元素共20个，当前第20个
2020-08-30 20:49:31,543 - 2 - INFO - 页面"《星辰变（送百元永抽）》上线送百元充值卡*"跳转正常,该类元素共1个，当前第1个
2020-08-30 20:49:31,892 - basepage - INFO - Click back on current page.
2020-08-30 20:49:37,594 - 2 - INFO - 页面"《武器之王（满屏爆装）》上线送VIP10，50万福利"跳转正常,该类元素共1个，当前第1个
2020-08-30 20:49:38,142 - basepage - INFO - Click back on current page.
2020-08-30 20:49:43,783 - 2 - INFO - 页面"《怒火一刀（天天送充值）》创角送满Vip，6888"跳转正常,该类元素共1个，当前第1个
2020-08-30 20:49:44,179 - basepage - INFO - Click back on current page.
2020-08-30 20:49:53,320 - 2 - ERROR - 页面"《凡人飞仙传（六界纷争）》上线赠送VIP8、元宝"跳转异常,该类元素共1个，当前第1个
2020-08-30 20:49:54,157 - basepage - INFO - Click back on current page.
2020-08-30 20:50:02,974 - 2 - ERROR - 页面"《九曲封神（送海量充值）》上线就送VIP8，388"跳转异常,该类元素共1个，当前第1个
2020-08-30 20:50:03,904 - basepage - INFO - Click back on current page.
2020-08-30 20:50:24,968 - 2 - INFO - 页面"【最笨周末活动】8.7 周末活动海量惊喜等你来拿"跳转正常,该类元素共1个，当前第1个
2020-08-30 20:50:25,687 - basepage - INFO - Click back on current page.
2020-08-30 20:50:32,322 - 2 - INFO - 页面"操戈天下（送海量元宝）"跳转正常,该类元素共12个，当前第1个
2020-08-30 20:50:32,713 - basepage - INFO - Click back on current page.
2020-08-30 20:50:39,576 - 2 - INFO - 页面"惊天战神（送千元充值）"跳转正常,该类元素共12个，当前第2个
2020-08-30 20:50:39,943 - basepage - INFO - Click back on current page.
2020-08-30 20:50:49,010 - 2 - INFO - 页面"迷城起源（送极品红宠）"跳转正常,该类元素共12个，当前第3个
2020-08-30 20:50:49,662 - basepage - INFO - Click back on current page.
2020-08-30 20:50:58,163 - 2 - INFO - 页面"幻剑情缘（送千元充值）"跳转正常,该类元素共12个，当前第4个
2020-08-30 20:50:58,732 - basepage - INFO - Click back on current page.
2020-08-30 20:51:05,180 - 2 - INFO - 页面"影歌（海量打金特权）"跳转正常,该类元素共12个，当前第5个
2020-08-30 20:51:06,332 - basepage - INFO - Click back on current page.
2020-08-30 20:51:12,624 - 2 - INFO - 页面"斗转武林（爆海量充值卡）"跳转正常,该类元素共12个，当前第6个
2020-08-30 20:51:13,233 - basepage - INFO - Click back on current page.
2020-08-30 20:51:19,940 - 2 - INFO - 页面"小黑的宝藏（送海量充值）"跳转正常,该类元素共12个，当前第7个
2020-08-30 20:51:20,372 - basepage - INFO - Click back on current page.
2020-08-30 20:51:26,823 - 2 - INFO - 页面"小小三国志（送充值卡）"跳转正常,该类元素共12个，当前第8个
2020-08-30 20:51:27,188 - basepage - INFO - Click back on current page.
2020-08-30 20:51:35,777 - 2 - INFO - 页面"闪将三国（送千元充值）"跳转正常,该类元素共12个，当前第9个
2020-08-30 20:51:36,543 - basepage - INFO - Click back on current page.
2020-08-30 20:51:44,854 - 2 - INFO - 页面"天使圣域（欧皇海量抽）"跳转正常,该类元素共12个，当前第10个
2020-08-30 20:51:45,442 - basepage - INFO - Click back on current page.
2020-08-30 20:51:52,977 - 2 - INFO - 页面"斗罗大陆神界传说Ⅱ（天天送充值）"跳转正常,该类元素共12个，当前第11个
2020-08-30 20:51:53,358 - basepage - INFO - Click back on current page.
2020-08-30 20:51:59,656 - 2 - INFO - 页面"龙之霸业（送千元充值）"跳转正常,该类元素共12个，当前第12个
2020-08-30 20:52:00,182 - basepage - INFO - Click back on current page.
2020-08-30 20:52:07,567 - 2 - INFO - 页面"魔兽世界怀旧服2020年6月7日人口普查一览"跳转正常,该类元素共2个，当前第1个
2020-08-30 20:52:07,921 - basepage - INFO - Click back on current page.
2020-08-30 20:52:17,258 - 2 - INFO - 页面"DNF萌噬噬宠物属性怎么样？萌噬噬属性介绍"跳转正常,该类元素共2个，当前第2个
2020-08-30 20:52:17,589 - basepage - INFO - Click back on current page.
2020-08-30 20:52:25,046 - 2 - INFO - 页面"枪火重生怎么操作-基础操作攻略-最笨下载"跳转正常,该类元素共14个，当前第1个
2020-08-30 20:52:25,472 - basepage - INFO - Click back on current page.
2020-08-30 20:52:32,803 - 2 - INFO - 页面"原神白铁大剑怎么样-白铁大剑属性详解-最笨下载"跳转正常,该类元素共14个，当前第2个
2020-08-30 20:52:33,515 - basepage - INFO - Click back on current page.
2020-08-30 20:52:41,425 - 2 - INFO - 页面"阴阳师百闻牌海茨灯鸦卡组怎么搭配-海茨灯鸦卡组搭配推荐-最笨下载"跳转正常,该类元素共14个，当前第3个
2020-08-30 20:52:41,963 - basepage - INFO - Click back on current page.
2020-08-30 20:52:50,245 - 2 - INFO - 页面"烟雨江湖长生诀支线任务怎么做-长生诀支线任务攻略-最笨下载"跳转正常,该类元素共14个，当前第4个
2020-08-30 20:52:50,570 - basepage - INFO - Click back on current page.
2020-08-30 20:52:57,927 - 2 - INFO - 页面"战魂铭人弓箭手怎么打-弓箭手打法技巧-最笨下载"跳转正常,该类元素共14个，当前第5个
2020-08-30 20:52:58,457 - basepage - INFO - Click back on current page.
2020-08-30 20:53:05,493 - 2 - INFO - 页面"秦时明月世界如何选择门派-选择门派推荐-最笨下载"跳转正常,该类元素共14个，当前第6个
2020-08-30 20:53:05,879 - basepage - INFO - Click back on current page.
2020-08-30 20:53:12,709 - 2 - INFO - 页面"战魂铭人天守阁怎么玩-天守阁通关攻略-最笨下载"跳转正常,该类元素共14个，当前第7个
2020-08-30 20:53:13,114 - basepage - INFO - Click back on current page.
2020-08-30 20:53:20,189 - 2 - INFO - 页面"元素方尖狼獾之心怎么获得-狼獾之心获取攻略-最笨下载"跳转正常,该类元素共14个，当前第8个
2020-08-30 20:53:20,817 - basepage - INFO - Click back on current page.
2020-08-30 20:53:28,950 - 2 - INFO - 页面"新笑傲江湖装备鉴定功能是什么-装备鉴定功能攻略-最笨下载"跳转正常,该类元素共14个，当前第9个
2020-08-30 20:53:29,607 - basepage - INFO - Click back on current page.
2020-08-30 20:53:37,456 - 2 - INFO - 页面"泰拉瑞亚静止钩有什么用-静止钩作用-最笨下载"跳转正常,该类元素共14个，当前第10个
2020-08-30 20:53:37,835 - basepage - INFO - Click back on current page.
2020-08-30 20:53:45,512 - 2 - INFO - 页面"黑潮之上角色自选盒选什么好-角色自选盒选择攻略-最笨下载"跳转正常,该类元素共14个，当前第11个
2020-08-30 20:53:46,210 - basepage - INFO - Click back on current page.
2020-08-30 20:53:53,179 - 2 - INFO - 页面"新笑傲江湖手游8月新增脚印怎么样-8月新增脚印攻略-最笨下载"跳转正常,该类元素共14个，当前第12个
2020-08-30 20:53:53,557 - basepage - INFO - Click back on current page.
2020-08-30 20:54:02,681 - 2 - INFO - 页面"公主连接巨蟹座五王狂暴弟弟刀怎么打-巨蟹座五王狂暴弟弟刀熊锤阵容推荐-最笨下载"跳转正常,该类元素共14个，当前第13个
2020-08-30 20:54:03,045 - basepage - INFO - Click back on current page.
2020-08-30 20:54:11,186 - 2 - ERROR - 页面"脑洞先生第407关怎么玩-第407关答案解析-最笨下载"跳转异常,该类元素共14个，当前第14个
2020-08-30 20:54:11,801 - basepage - INFO - Click back on current page.
2020-08-30 20:54:20,137 - 2 - INFO - 页面"原神试作古华怎么样-试作古华强度评测"跳转正常,该类元素共2个，当前第1个
2020-08-30 20:54:20,476 - basepage - INFO - Click back on current page.
2020-08-30 20:54:27,571 - 2 - INFO - 页面"原神冒险家尾羽怎么样-冒险家尾羽装备属性详解"跳转正常,该类元素共2个，当前第2个
2020-08-30 20:54:28,228 - basepage - INFO - Click back on current page.
2020-08-30 20:54:35,091 - 2 - INFO - 页面"变态手游公益服_bt手游变态服_无限元宝bt手游下载_BT手游中心-最笨下载"跳转正常,该类元素共28个，当前第1个
2020-08-30 20:54:35,532 - basepage - INFO - Click back on current page.
2020-08-30 20:54:42,282 - 2 - INFO - 页面"武器之王（满屏爆装）_武器之王（满屏爆装）无限元宝服_SF变态版武器之王（满屏爆装）公益服下载 - 最笨下载"跳转正常,该类元素共28个，当前第2个
2020-08-30 20:54:42,684 - basepage - INFO - Click back on current page.
2020-08-30 20:54:49,287 - 2 - INFO - 页面"满vip版手游_手游sf送顶级vip_满级vip无限元宝手游下载-最笨下载"跳转正常,该类元素共28个，当前第3个
2020-08-30 20:54:49,878 - basepage - INFO - Click back on current page.
2020-08-30 20:54:56,613 - 2 - INFO - 页面"仙风道骨（送GM海量充）_仙风道骨（送GM海量充）无限元宝服_SF变态版仙风道骨（送GM海量充）公益服下载 - 最笨下载"跳转正常,该类元素共28个，当前第4个
2020-08-30 20:54:56,991 - basepage - INFO - Click back on current page.
2020-08-30 20:55:03,651 - 2 - INFO - 页面"变态手游公益服_bt手游变态服_无限元宝bt手游下载_BT手游中心-最笨下载"跳转正常,该类元素共28个，当前第5个
2020-08-30 20:55:04,050 - basepage - INFO - Click back on current page.
2020-08-30 20:55:11,109 - 2 - INFO - 页面"少年群侠传（送千元充值）_少年群侠传（送千元充值）无限元宝服_SF变态版少年群侠传（送千元充值）公益服下载 - 最笨下载"跳转正常,该类元素共28个，当前第6个
2020-08-30 20:55:11,745 - basepage - INFO - Click back on current page.
2020-08-30 20:55:18,439 - 2 - INFO - 页面"满vip版手游_手游sf送顶级vip_满级vip无限元宝手游下载-最笨下载"跳转正常,该类元素共28个，当前第7个
2020-08-30 20:55:18,832 - basepage - INFO - Click back on current page.
2020-08-30 20:55:25,659 - 2 - INFO - 页面"女神联盟2（送500充值）_女神联盟2（送500充值）无限元宝服_SF变态版女神联盟2（送500充值）公益服下载 - 最笨下载"跳转正常,该类元素共28个，当前第8个
2020-08-30 20:55:26,082 - basepage - INFO - Click back on current page.
2020-08-30 20:55:32,712 - 2 - INFO - 页面"变态手游公益服_bt手游变态服_无限元宝bt手游下载_BT手游中心-最笨下载"跳转正常,该类元素共28个，当前第9个
2020-08-30 20:55:33,288 - basepage - INFO - Click back on current page.
2020-08-30 20:55:40,201 - 2 - INFO - 页面"星辰变（送百元永抽）_星辰变（送百元永抽）无限元宝服_SF变态版星辰变（送百元永抽）公益服下载 - 最笨下载"跳转正常,该类元素共28个，当前第10个
2020-08-30 20:55:40,633 - basepage - INFO - Click back on current page.
2020-08-30 20:55:47,440 - 2 - INFO - 页面"满vip版手游_手游sf送顶级vip_满级vip无限元宝手游下载-最笨下载"跳转正常,该类元素共28个，当前第11个
2020-08-30 20:55:47,886 - basepage - INFO - Click back on current page.
2020-08-30 20:55:54,765 - 2 - INFO - 页面"魔侠传（开服送2000充）_魔侠传（开服送2000充）无限元宝服_SF变态版魔侠传（开服送2000充）公益服下载 - 最笨下载"跳转正常,该类元素共28个，当前第12个
2020-08-30 20:55:55,408 - basepage - INFO - Click back on current page.
2020-08-30 20:56:02,142 - 2 - INFO - 页面"变态手游公益服_bt手游变态服_无限元宝bt手游下载_BT手游中心-最笨下载"跳转正常,该类元素共28个，当前第13个
2020-08-30 20:56:02,512 - basepage - INFO - Click back on current page.
2020-08-30 20:56:09,264 - 2 - INFO - 页面"不思议地下城（百抽特权）_不思议地下城（百抽特权）无限元宝服_SF变态版不思议地下城（百抽特权）公益服下载 - 最笨下载"跳转正常,该类元素共28个，当前第14个
2020-08-30 20:56:09,679 - basepage - INFO - Click back on current page.
2020-08-30 20:56:16,413 - 2 - INFO - 页面"满vip版手游_手游sf送顶级vip_满级vip无限元宝手游下载-最笨下载"跳转正常,该类元素共28个，当前第15个
2020-08-30 20:56:17,016 - basepage - INFO - Click back on current page.
2020-08-30 20:56:23,827 - 2 - INFO - 页面"仙灵世界（送海量连抽）_仙灵世界（送海量连抽）无限元宝服_SF变态版仙灵世界（送海量连抽）公益服下载 - 最笨下载"跳转正常,该类元素共28个，当前第16个
2020-08-30 20:56:24,165 - basepage - INFO - Click back on current page.
2020-08-30 20:56:30,766 - 2 - INFO - 页面"变态手游公益服_bt手游变态服_无限元宝bt手游下载_BT手游中心-最笨下载"跳转正常,该类元素共28个，当前第17个
2020-08-30 20:56:31,110 - basepage - INFO - Click back on current page.
2020-08-30 20:56:37,944 - 2 - INFO - 页面"神龙猎手（开局送万抽）_神龙猎手（开局送万抽）无限元宝服_SF变态版神龙猎手（开局送万抽）公益服下载 - 最笨下载"跳转正常,该类元素共28个，当前第18个
2020-08-30 20:56:38,573 - basepage - INFO - Click back on current page.
2020-08-30 20:56:45,238 - 2 - INFO - 页面"满vip版手游_手游sf送顶级vip_满级vip无限元宝手游下载-最笨下载"跳转正常,该类元素共28个，当前第19个
2020-08-30 20:56:45,595 - basepage - INFO - Click back on current page.
2020-08-30 20:56:52,406 - 2 - INFO - 页面"机甲战纪（送GM特权）_机甲战纪（送GM特权）无限元宝服_SF变态版机甲战纪（送GM特权）公益服下载 - 最笨下载"跳转正常,该类元素共28个，当前第20个
2020-08-30 20:56:52,728 - basepage - INFO - Click back on current page.
2020-08-30 20:56:59,255 - 2 - INFO - 页面"变态手游公益服_bt手游变态服_无限元宝bt手游下载_BT手游中心-最笨下载"跳转正常,该类元素共28个，当前第21个
2020-08-30 20:56:59,798 - basepage - INFO - Click back on current page.
2020-08-30 20:57:06,571 - 2 - INFO - 页面"梦幻江湖（送千万元宝）_梦幻江湖（送千万元宝）无限元宝服_SF变态版梦幻江湖（送千万元宝）公益服下载 - 最笨下载"跳转正常,该类元素共28个，当前第22个
2020-08-30 20:57:06,962 - basepage - INFO - Click back on current page.
2020-08-30 20:57:13,655 - 2 - INFO - 页面"变态手游公益服_bt手游变态服_无限元宝bt手游下载_BT手游中心-最笨下载"跳转正常,该类元素共28个，当前第23个
2020-08-30 20:57:14,383 - basepage - INFO - Click back on current page.
2020-08-30 20:57:21,212 - 2 - INFO - 页面"九曲封神（送海量充值）_九曲封神（送海量充值）无限元宝服_SF变态版九曲封神（送海量充值）公益服下载 - 最笨下载"跳转正常,该类元素共28个，当前第24个
2020-08-30 20:57:21,608 - basepage - INFO - Click back on current page.
2020-08-30 20:57:28,240 - 2 - INFO - 页面"变态手游公益服_bt手游变态服_无限元宝bt手游下载_BT手游中心-最笨下载"跳转正常,该类元素共28个，当前第25个
2020-08-30 20:57:28,644 - basepage - INFO - Click back on current page.
2020-08-30 20:57:35,501 - 2 - INFO - 页面"剑侠风云（送海量充值）_剑侠风云（送海量充值）无限元宝服_SF变态版剑侠风云（送海量充值）公益服下载 - 最笨下载"跳转正常,该类元素共28个，当前第26个
2020-08-30 20:57:36,297 - basepage - INFO - Click back on current page.
2020-08-30 20:57:42,953 - 2 - INFO - 页面"满vip版手游_手游sf送顶级vip_满级vip无限元宝手游下载-最笨下载"跳转正常,该类元素共28个，当前第27个
2020-08-30 20:57:43,344 - basepage - INFO - Click back on current page.
2020-08-30 20:57:50,229 - 2 - INFO - 页面"魔剑侠缘（万元兑换）_魔剑侠缘（万元兑换）无限元宝服_SF变态版魔剑侠缘（万元兑换）公益服下载 - 最笨下载"跳转正常,该类元素共28个，当前第28个
2020-08-30 20:57:50,614 - basepage - INFO - Click back on current page.
2020-08-30 20:58:01,957 - 2 - INFO - 页面"跟男生聊天有哪些软件-跟男生聊天的软件下载推"跳转正常,该类元素共2个，当前第1个
2020-08-30 20:58:02,285 - basepage - INFO - Click back on current page.
2020-08-30 20:58:10,709 - 2 - INFO - 页面"无广告看书全免费软件哪个好"跳转正常,该类元素共2个，当前第2个
2020-08-30 20:58:11,097 - basepage - INFO - Click back on current page.
2020-08-30 20:58:18,195 - 2 - INFO - 页面"【安卓娱乐软件】安卓娱乐软件下载_安卓娱乐软件推荐_安卓娱乐软件大全-最笨下载"跳转正常,该类元素共28个，当前第1个
2020-08-30 20:58:18,879 - basepage - INFO - Click back on current page.
2020-08-30 20:58:28,146 - 2 - INFO - 页面"最笨游戏盒子_最笨游戏盒子下载_最笨游戏盒子官方下载-最笨下载"跳转正常,该类元素共28个，当前第2个
2020-08-30 20:58:28,805 - basepage - INFO - Click back on current page.
2020-08-30 20:58:36,047 - 2 - INFO - 页面"【安卓聊天软件】安卓聊天软件下载_安卓聊天软件排行_安卓聊天软件大全-最笨下载"跳转正常,该类元素共28个，当前第3个
2020-08-30 20:58:36,440 - basepage - INFO - Click back on current page.
2020-08-30 20:58:44,736 - 2 - INFO - 页面"回复神器_回复神器下载_回复神器官方下载-最笨下载"跳转正常,该类元素共28个，当前第4个
2020-08-30 20:58:45,160 - basepage - INFO - Click back on current page.
2020-08-30 20:58:52,447 - 2 - INFO - 页面"【安卓应用软件】安卓应用软件排行_好玩的安卓应用软件_好用的安卓应用软件-最笨下载"跳转正常,该类元素共28个，当前第5个
2020-08-30 20:58:52,824 - basepage - INFO - Click back on current page.
2020-08-30 20:59:01,515 - 2 - INFO - 页面"破解游戏盒子_破解游戏盒子安卓版下载-最笨安卓软件下载"跳转正常,该类元素共28个，当前第6个
2020-08-30 20:59:02,292 - basepage - INFO - Click back on current page.
2020-08-30 20:59:08,931 - 2 - INFO - 页面"【安卓聊天软件】安卓聊天软件下载_安卓聊天软件排行_安卓聊天软件大全-最笨下载"跳转正常,该类元素共28个，当前第7个
2020-08-30 20:59:09,336 - basepage - INFO - Click back on current page.
2020-08-30 20:59:18,949 - 2 - INFO - 页面"撩吧_撩吧下载_撩吧官方下载-最笨下载"跳转正常,该类元素共28个，当前第8个
2020-08-30 20:59:19,325 - basepage - INFO - Click back on current page.
2020-08-30 20:59:25,920 - 2 - INFO - 页面"【安卓聊天软件】安卓聊天软件下载_安卓聊天软件排行_安卓聊天软件大全-最笨下载"跳转正常,该类元素共28个，当前第9个
2020-08-30 20:59:26,322 - basepage - INFO - Click back on current page.
2020-08-30 20:59:35,481 - 2 - INFO - 页面"蜜小助_蜜小助下载_蜜小助官方下载-最笨下载"跳转正常,该类元素共28个，当前第10个
2020-08-30 20:59:36,173 - basepage - INFO - Click back on current page.
2020-08-30 20:59:42,923 - 2 - INFO - 页面"【安卓娱乐软件】安卓娱乐软件下载_安卓娱乐软件推荐_安卓娱乐软件大全-最笨下载"跳转正常,该类元素共28个，当前第11个
2020-08-30 20:59:43,310 - basepage - INFO - Click back on current page.
2020-08-30 20:59:52,064 - 2 - INFO - 页面"3733游戏盒子_3733游戏盒子下载_3733游戏盒子官方下载-最笨下载"跳转正常,该类元素共28个，当前第12个
2020-08-30 20:59:52,420 - basepage - INFO - Click back on current page.
2020-08-30 20:59:59,053 - 2 - INFO - 页面"【安卓聊天软件】安卓聊天软件下载_安卓聊天软件排行_安卓聊天软件大全-最笨下载"跳转正常,该类元素共28个，当前第13个
2020-08-30 20:59:59,689 - basepage - INFO - Click back on current page.
2020-08-30 21:00:08,648 - 2 - INFO - 页面"土味情话_土味情话下载_土味情话官方下载-最笨下载"跳转正常,该类元素共28个，当前第14个
2020-08-30 21:00:09,225 - basepage - INFO - Click back on current page.
2020-08-30 21:00:15,802 - 2 - INFO - 页面"【安卓聊天软件】安卓聊天软件下载_安卓聊天软件排行_安卓聊天软件大全-最笨下载"跳转正常,该类元素共28个，当前第15个
2020-08-30 21:00:16,188 - basepage - INFO - Click back on current page.
2020-08-30 21:00:23,771 - 2 - INFO - 页面"恋爱话术_恋爱话术下载_恋爱话术官方下载-最笨下载"跳转正常,该类元素共28个，当前第16个
2020-08-30 21:00:24,179 - basepage - INFO - Click back on current page.
2020-08-30 21:00:31,179 - 2 - INFO - 页面"【安卓阅读软件】安卓阅读软件下载_安卓阅读软件哪个好_安卓阅读软件排行-最笨下载"跳转正常,该类元素共28个，当前第17个
2020-08-30 21:00:31,835 - basepage - INFO - Click back on current page.
2020-08-30 21:00:41,422 - 2 - INFO - 页面"吾爱看书_吾爱看书下载_吾爱看书官方下载-最笨下载"跳转正常,该类元素共28个，当前第18个
2020-08-30 21:00:41,972 - basepage - INFO - Click back on current page.
2020-08-30 21:00:48,504 - 2 - INFO - 页面"【安卓娱乐软件】安卓娱乐软件下载_安卓娱乐软件推荐_安卓娱乐软件大全-最笨下载"跳转正常,该类元素共28个，当前第19个
2020-08-30 21:00:48,852 - basepage - INFO - Click back on current page.
2020-08-30 21:00:58,277 - 2 - INFO - 页面"gm游戏盒_gm游戏盒下载_gm游戏盒官方下载-最笨下载"跳转正常,该类元素共28个，当前第20个
2020-08-30 21:00:58,738 - basepage - INFO - Click back on current page.
2020-08-30 21:01:05,467 - 2 - INFO - 页面"【安卓聊天软件】安卓聊天软件下载_安卓聊天软件排行_安卓聊天软件大全-最笨下载"跳转正常,该类元素共28个，当前第21个
2020-08-30 21:01:05,847 - basepage - INFO - Click back on current page.
2020-08-30 21:01:13,501 - 2 - INFO - 页面"恋爱话术库_恋爱话术库下载_恋爱话术库官方下载-最笨下载"跳转正常,该类元素共28个，当前第22个
2020-08-30 21:01:14,048 - basepage - INFO - Click back on current page.
2020-08-30 21:01:20,666 - 2 - INFO - 页面"【安卓聊天软件】安卓聊天软件下载_安卓聊天软件排行_安卓聊天软件大全-最笨下载"跳转正常,该类元素共28个，当前第23个
2020-08-30 21:01:21,012 - basepage - INFO - Click back on current page.
2020-08-30 21:01:35,112 - 2 - INFO - 页面"遇知音_遇知音下载_遇知音官方下载-最笨下载"跳转正常,该类元素共28个，当前第24个
2020-08-30 21:01:35,616 - basepage - INFO - Click back on current page.
2020-08-30 21:01:42,291 - 2 - INFO - 页面"【安卓聊天软件】安卓聊天软件下载_安卓聊天软件排行_安卓聊天软件大全-最笨下载"跳转正常,该类元素共28个，当前第25个
2020-08-30 21:01:42,672 - basepage - INFO - Click back on current page.
2020-08-30 21:01:49,596 - 2 - INFO - 页面"脱单大师_脱单大师下载_脱单大师官方下载-最笨下载"跳转正常,该类元素共28个，当前第26个
2020-08-30 21:01:49,999 - basepage - INFO - Click back on current page.
2020-08-30 21:01:57,297 - 2 - INFO - 页面"【安卓聊天软件】安卓聊天软件下载_安卓聊天软件排行_安卓聊天软件大全-最笨下载"跳转正常,该类元素共28个，当前第27个
2020-08-30 21:01:57,895 - basepage - INFO - Click back on current page.
2020-08-30 21:02:06,336 - 2 - INFO - 页面"爱情套路_爱情套路下载_爱情套路官方下载-最笨下载"跳转正常,该类元素共28个，当前第28个
2020-08-30 21:02:06,971 - basepage - INFO - Click back on current page.
2020-08-30 21:02:17,646 - 2 - INFO - 页面"【安卓播放器】安卓播放器下载_安卓播放器哪个最好_安卓播放器下载排行-最笨下载"跳转正常,该类元素共19个，当前第1个
2020-08-30 21:02:18,103 - basepage - INFO - Click back on current page.
2020-08-30 21:02:25,142 - 2 - INFO - 页面"【安卓学习软件】安卓学习软件下载_安卓学习软件免费下载_安卓学习软件大全-最笨下载"跳转正常,该类元素共19个，当前第2个
2020-08-30 21:02:25,745 - basepage - INFO - Click back on current page.
2020-08-30 21:02:33,070 - 2 - INFO - 页面"【安卓辅助软件】安卓辅助软件下载_安卓辅助软件推荐_安卓辅助软件大全-最笨下载"跳转正常,该类元素共19个，当前第3个
2020-08-30 21:02:33,364 - basepage - INFO - Click back on current page.
2020-08-30 21:02:40,320 - 2 - INFO - 页面"【安卓输入法】安卓输入法下载_安卓输入法哪个好_安卓输入法怎么用-最笨下载"跳转正常,该类元素共19个，当前第4个
2020-08-30 21:02:40,763 - basepage - INFO - Click back on current page.
2020-08-30 21:02:48,420 - 2 - INFO - 页面"【安卓通信软件】安卓通信软件下载_安卓通信软件推荐_安卓通信软件大全-最笨下载"跳转正常,该类元素共19个，当前第5个
2020-08-30 21:02:49,219 - basepage - INFO - Click back on current page.
2020-08-30 21:02:57,007 - 2 - INFO - 页面"【安卓固件】安卓固件下载_安卓固件包下载_安卓固件管理器-最笨下载"跳转正常,该类元素共19个，当前第6个
2020-08-30 21:02:57,542 - basepage - INFO - Click back on current page.
2020-08-30 21:03:04,686 - 2 - INFO - 页面"【安卓文件管理器】安卓文件管理器下载_安卓文件管理器哪个好_安卓文件管理器中文版-最笨下载"跳转正常,该类元素共19个，当前第7个
2020-08-30 21:03:05,119 - basepage - INFO - Click back on current page.
2020-08-30 21:03:12,141 - 2 - INFO - 页面"【安卓同步软件】安卓同步软件下载_安卓同步软件哪个好_安卓手机同步软件-最笨下载"跳转正常,该类元素共19个，当前第8个
2020-08-30 21:03:12,591 - basepage - INFO - Click back on current page.
2020-08-30 21:03:20,466 - 2 - INFO - 页面"【安卓办公软件】安卓办公软件下载_安卓办公软件哪个好_安卓办公软件哪种最好-最笨下载"跳转正常,该类元素共19个，当前第9个
2020-08-30 21:03:20,934 - basepage - INFO - Click back on current page.
2020-08-30 21:03:28,707 - 2 - INFO - 页面"【安卓理财软件】安卓理财软件下载_安卓理财软件哪个好_安卓理财软件大全-最笨下载"跳转正常,该类元素共19个，当前第10个
2020-08-30 21:03:29,028 - basepage - INFO - Click back on current page.
2020-08-30 21:03:36,495 - 2 - INFO - 页面"【安卓备份软件】安卓备份软件下载_安卓备份软件哪个好_安卓手机备份软件-最笨下载"跳转正常,该类元素共19个，当前第11个
2020-08-30 21:03:36,864 - basepage - INFO - Click back on current page.
2020-08-30 21:03:44,364 - 2 - INFO - 页面"【安卓跑步软件】安卓跑步软件下载_安卓跑步软件哪个好_安卓跑步软件大全-最笨下载"跳转正常,该类元素共19个，当前第12个
2020-08-30 21:03:44,678 - basepage - INFO - Click back on current page.
2020-08-30 21:03:52,012 - 2 - INFO - 页面"【安卓健康管理软件】安卓健康管理软件下载_安卓健康管理软件推荐_安卓健康管理软件大全-最笨下载"跳转正常,该类元素共19个，当前第13个
2020-08-30 21:03:52,327 - basepage - INFO - Click back on current page.
2020-08-30 21:03:59,598 - 2 - INFO - 页面"【安卓系统软件】安卓系统软件下载_安卓系统软件免费下载_安卓系统软件下载工具-最笨下载"跳转正常,该类元素共19个，当前第14个
2020-08-30 21:04:00,093 - basepage - INFO - Click back on current page.
2020-08-30 21:04:06,625 - 2 - INFO - 页面"【安卓聊天软件】安卓聊天软件下载_安卓聊天软件排行_安卓聊天软件大全-最笨下载"跳转正常,该类元素共19个，当前第15个
2020-08-30 21:04:06,942 - basepage - INFO - Click back on current page.
2020-08-30 21:04:13,610 - 2 - INFO - 页面"【安卓应用软件】安卓应用软件排行_好玩的安卓应用软件_好用的安卓应用软件-最笨下载"跳转正常,该类元素共19个，当前第16个
2020-08-30 21:04:13,993 - basepage - INFO - Click back on current page.
2020-08-30 21:04:20,571 - 2 - INFO - 页面"【安卓娱乐软件】安卓娱乐软件下载_安卓娱乐软件推荐_安卓娱乐软件大全-最笨下载"跳转正常,该类元素共19个，当前第17个
2020-08-30 21:04:21,106 - basepage - INFO - Click back on current page.
2020-08-30 21:04:28,659 - 2 - INFO - 页面"【安卓导航软件】安卓导航软件下载_安卓导航软件哪个好_安卓导航软件排名-最笨下载"跳转正常,该类元素共19个，当前第18个
2020-08-30 21:04:29,041 - basepage - INFO - Click back on current page.
2020-08-30 21:04:35,993 - 2 - INFO - 页面"【安卓网络软件】安卓网络软件下载_安卓网络软件推荐_安卓网络软件大全-最笨下载"跳转正常,该类元素共19个，当前第19个
2020-08-30 21:04:36,487 - basepage - INFO - Click back on current page.
2020-08-30 21:04:44,857 - 2 - INFO - 页面"3733手游游戏平台_3733手游游戏平台下载_3733手游游戏平台官方下载-最笨下载"跳转正常,该类元素共18个，当前第1个
2020-08-30 21:04:51,000 - 2 - INFO - 页面"破解游戏盒子_破解游戏盒子安卓版下载-最笨安卓软件下载"跳转正常,该类元素共18个，当前第2个
2020-08-30 21:04:57,122 - 2 - INFO - 页面"最笨游戏盒_最笨游戏盒下载_最笨游戏盒官方下载-最笨下载"跳转正常,该类元素共18个，当前第3个
2020-08-30 21:05:03,265 - 2 - INFO - 页面"安致手游游戏平台_安致手游游戏平台下载_安致手游游戏平台官方下载-最笨下载"跳转正常,该类元素共18个，当前第4个
2020-08-30 21:05:09,394 - 2 - INFO - 页面"蜜小助会员破解版_蜜小助会员破解版下载_蜜小助会员破解版官方下载-最笨下载"跳转正常,该类元素共18个，当前第5个
2020-08-30 21:05:15,541 - 2 - INFO - 页面"蜜小助vip破解版_蜜小助vip破解版下载_蜜小助vip破解版官方下载-最笨下载"跳转正常,该类元素共18个，当前第6个
2020-08-30 21:05:21,697 - 2 - INFO - 页面"蜜小助内购版_蜜小助内购版下载_蜜小助内购版官方下载-最笨下载"跳转正常,该类元素共18个，当前第7个
2020-08-30 21:05:27,845 - 2 - INFO - 页面"聊天套路安卓版_聊天套路安卓版下载_聊天套路安卓版官方下载-最笨下载"跳转正常,该类元素共18个，当前第8个
2020-08-30 21:05:33,980 - 2 - INFO - 页面"聊天套路破解版_聊天套路破解版下载_聊天套路破解版官方下载-最笨下载"跳转正常,该类元素共18个，当前第9个
2020-08-30 21:05:40,112 - 2 - INFO - 页面"聊天套路软件_聊天套路软件下载_聊天套路软件官方下载-最笨下载"跳转正常,该类元素共18个，当前第10个
2020-08-30 21:05:46,268 - 2 - INFO - 页面"聊天套路_聊天套路下载_聊天套路官方下载-最笨下载"跳转正常,该类元素共18个，当前第11个
2020-08-30 21:05:52,403 - 2 - INFO - 页面"信息回复神器_信息回复神器下载_信息回复神器官方下载-最笨下载"跳转正常,该类元素共18个，当前第12个
2020-08-30 21:05:58,538 - 2 - INFO - 页面"消息回复神器_消息回复神器下载_消息回复神器官方下载-最笨下载"跳转正常,该类元素共18个，当前第13个
2020-08-30 21:06:04,702 - 2 - INFO - 页面"消息回复辅助神器_消息回复辅助神器下载_消息回复辅助神器官方下载-最笨下载"跳转正常,该类元素共18个，当前第14个
2020-08-30 21:06:10,830 - 2 - INFO - 页面"回复神器_回复神器下载_回复神器官方下载-最笨下载"跳转正常,该类元素共18个，当前第15个
2020-08-30 21:06:16,979 - 2 - INFO - 页面"神撩话术大全库_神撩话术大全库下载_神撩话术大全库官方下载-最笨下载"跳转正常,该类元素共18个，当前第16个
2020-08-30 21:06:23,120 - 2 - INFO - 页面"扑鹿_扑鹿下载_扑鹿官方下载-最笨下载"跳转正常,该类元素共18个，当前第17个
2020-08-30 21:06:29,251 - 2 - INFO - 页面"日杂相机_日杂相机下载_日杂相机官方下载-最笨下载"跳转正常,该类元素共18个，当前第18个
2020-08-30 21:06:35,650 - 2 - INFO - 页面"【安卓益智游戏】好玩的安卓益智游戏大全_安卓益智类游戏_益智游戏下载-最笨下载"跳转正常,该类元素共17个，当前第1个
2020-08-30 21:06:35,952 - basepage - INFO - Click back on current page.
2020-08-30 21:06:43,218 - 2 - INFO - 页面"【安卓其他游戏】好玩的安卓其他游戏大全_安卓其他类游戏_其他游戏下载-最笨下载"跳转正常,该类元素共17个，当前第2个
2020-08-30 21:06:43,553 - basepage - INFO - Click back on current page.
2020-08-30 21:06:50,589 - 2 - INFO - 页面"【安卓音乐游戏】好玩的安卓音乐游戏大全_安卓音乐类游戏_音乐游戏下载-最笨下载"跳转正常,该类元素共17个，当前第3个
2020-08-30 21:06:51,098 - basepage - INFO - Click back on current page.
2020-08-30 21:06:58,783 - 2 - INFO - 页面"【安卓网络游戏】好玩的安卓网络游戏大全_安卓网络类游戏_网络游戏下载-最笨下载"跳转正常,该类元素共17个，当前第4个
2020-08-30 21:06:59,330 - basepage - INFO - Click back on current page.
2020-08-30 21:07:07,068 - 2 - INFO - 页面"【安卓格斗游戏】好玩的安卓格斗游戏大全_安卓格斗类游戏_格斗游戏下载-最笨下载"跳转正常,该类元素共17个，当前第5个
2020-08-30 21:07:07,453 - basepage - INFO - Click back on current page.
2020-08-30 21:07:15,432 - 2 - INFO - 页面"【安卓飞行游戏】好玩的安卓飞行游戏大全_安卓飞行类游戏_飞行游戏下载-最笨下载"跳转正常,该类元素共17个，当前第6个
2020-08-30 21:07:15,885 - basepage - INFO - Click back on current page.
2020-08-30 21:07:23,730 - 2 - INFO - 页面"【安卓体育运动游戏】好玩的安卓体育运动游戏大全_安卓体育运动类游戏_体育运动游戏下载-最笨下载"跳转正常,该类元素共17个，当前第7个
2020-08-30 21:07:24,298 - basepage - INFO - Click back on current page.
2020-08-30 21:07:32,691 - 2 - INFO - 页面"【安卓模拟经营游戏】好玩的安卓模拟经营游戏大全_安卓模拟经营类游戏_模拟经营游戏下载-最笨下载"跳转正常,该类元素共17个，当前第8个
2020-08-30 21:07:33,003 - basepage - INFO - Click back on current page.
2020-08-30 21:07:41,827 - 2 - INFO - 页面"【安卓策略游戏】好玩的安卓策略游戏大全_安卓策略类游戏_策略游戏下载-最笨下载"跳转正常,该类元素共17个，当前第9个
2020-08-30 21:07:42,292 - basepage - INFO - Click back on current page.
2020-08-30 21:07:51,233 - 2 - INFO - 页面"【安卓塔防游戏】好玩的安卓塔防游戏大全_安卓塔防类游戏_塔防游戏下载-最笨下载"跳转正常,该类元素共17个，当前第10个
2020-08-30 21:07:51,770 - basepage - INFO - Click back on current page.
2020-08-30 21:08:00,406 - 2 - INFO - 页面"【安卓解谜冒险游戏】好玩的安卓解谜冒险游戏大全_安卓解谜冒险类游戏_解谜冒险游戏下载-最笨下载"跳转正常,该类元素共17个，当前第11个
2020-08-30 21:08:01,020 - basepage - INFO - Click back on current page.
2020-08-30 21:08:10,048 - 2 - INFO - 页面"【安卓射击游戏】好玩的安卓射击游戏大全_安卓射击类游戏_射击游戏下载-最笨下载"跳转正常,该类元素共17个，当前第12个
2020-08-30 21:08:10,450 - basepage - INFO - Click back on current page.
2020-08-30 21:08:18,928 - 2 - INFO - 页面"【安卓棋牌游戏】好玩的安卓棋牌游戏大全_安卓棋牌类游戏_棋牌游戏下载-最笨下载"跳转正常,该类元素共17个，当前第13个
2020-08-30 21:08:19,334 - basepage - INFO - Click back on current page.
2020-08-30 21:08:31,255 - 2 - INFO - 页面"【安卓赛车游戏】好玩的安卓赛车游戏大全_安卓赛车类游戏_赛车游戏下载-最笨下载"跳转正常,该类元素共17个，当前第14个
2020-08-30 21:08:31,969 - basepage - INFO - Click back on current page.
2020-08-30 21:08:43,262 - 2 - INFO - 页面"【安卓角色扮演游戏】好玩的安卓角色扮演游戏大全_安卓角色扮演类游戏_角色扮演游戏下载-最笨下载"跳转正常,该类元素共17个，当前第15个
2020-08-30 21:08:43,858 - basepage - INFO - Click back on current page.
2020-08-30 21:08:52,013 - 2 - INFO - 页面"【安卓动作游戏】好玩的安卓动作游戏大全_安卓动作类游戏_动作游戏下载-最笨下载"跳转正常,该类元素共17个，当前第16个
2020-08-30 21:08:52,654 - basepage - INFO - Click back on current page.
2020-08-30 21:09:00,736 - 2 - INFO - 页面"【安卓休闲游戏】好玩的安卓休闲游戏大全_安卓休闲类游戏_休闲游戏下载-最笨下载"跳转正常,该类元素共17个，当前第17个
2020-08-30 21:09:01,119 - basepage - INFO - Click back on current page.
2020-08-30 21:09:09,478 - 2 - INFO - 页面"阴阳师_阴阳师下载_阴阳师官方下载-最笨下载"跳转正常,该类元素共18个，当前第1个
2020-08-30 21:09:15,596 - 2 - INFO - 页面"王者荣耀_王者荣耀安卓版下载-最笨安卓游戏下载"跳转正常,该类元素共18个，当前第2个
2020-08-30 21:09:21,716 - 2 - INFO - 页面"炼金国度（送1000元充值）ios版_炼金国度（送1000元充值）ios版下载_炼金国度（送1000元充值）ios版官方下载-最笨下载"跳转正常,该类元素共18个，当前第3个
2020-08-30 21:09:27,860 - 2 - INFO - 页面"国贼顾挽之_国贼顾挽之下载_国贼顾挽之官方下载-最笨下载"跳转正常,该类元素共18个，当前第4个
2020-08-30 21:09:34,001 - 2 - INFO - 页面"大秦黎明_大秦黎明下载_大秦黎明官方下载-最笨下载"跳转正常,该类元素共18个，当前第5个
2020-08-30 21:09:40,175 - 2 - INFO - 页面"怒焰三国杀手游_怒焰三国杀手游下载_怒焰三国杀手游官方下载-最笨下载"跳转正常,该类元素共18个，当前第6个
2020-08-30 21:09:46,311 - 2 - INFO - 页面"末日围城_末日围城下载_末日围城官方下载-最笨下载"跳转正常,该类元素共18个，当前第7个
2020-08-30 21:09:52,449 - 2 - INFO - 页面"天将雄师九游版_天将雄师九游版下载_天将雄师九游版官方下载-最笨下载"跳转正常,该类元素共18个，当前第8个
2020-08-30 21:09:58,596 - 2 - INFO - 页面"诸王黎明_诸王黎明下载_诸王黎明官方下载-最笨下载"跳转正常,该类元素共18个，当前第9个
2020-08-30 21:10:04,715 - 2 - INFO - 页面"一梦江湖九游版_一梦江湖九游版下载_一梦江湖九游版官方下载-最笨下载"跳转正常,该类元素共18个，当前第10个
2020-08-30 21:10:10,832 - 2 - INFO - 页面"NBA篮球大师_NBA篮球大师下载_NBA篮球大师官方下载-最笨下载"跳转正常,该类元素共18个，当前第11个
2020-08-30 21:10:16,956 - 2 - INFO - 页面"萌妖传手游_萌妖传手游下载_萌妖传手游官方下载-最笨下载"跳转正常,该类元素共18个，当前第12个
2020-08-30 21:10:23,085 - 2 - INFO - 页面"中超英雄手游_中超英雄手游下载_中超英雄手游官方下载-最笨下载"跳转正常,该类元素共18个，当前第13个
2020-08-30 21:10:29,213 - 2 - INFO - 页面"三国战天下手游_三国战天下手游下载_三国战天下手游官方下载-最笨下载"跳转正常,该类元素共18个，当前第14个
2020-08-30 21:10:39,426 - 2 - INFO - 页面"拳皇命运_拳皇命运下载_拳皇命运官方下载-最笨下载"跳转正常,该类元素共18个，当前第15个
2020-08-30 21:10:45,564 - 2 - INFO - 页面"电能大亨_电能大亨下载_电能大亨官方下载-最笨下载"跳转正常,该类元素共18个，当前第16个
2020-08-30 21:10:51,700 - 2 - INFO - 页面"驾校模拟器_驾校模拟器下载_驾校模拟器官方下载-最笨下载"跳转正常,该类元素共18个，当前第17个
2020-08-30 21:10:57,901 - 2 - INFO - 页面"暗黑探险2_暗黑探险2下载_暗黑探险2官方下载-最笨下载"跳转正常,该类元素共18个，当前第18个
2020-08-30 21:11:06,604 - 2 - INFO - 页面"变态手游公益服_bt手游变态服_无限元宝bt手游下载_BT手游中心-最笨下载"跳转正常,该类元素共13个，当前第1个
2020-08-30 21:11:06,958 - basepage - INFO - Click back on current page.
2020-08-30 21:11:18,253 - 2 - INFO - 页面"变态手游公益服_bt手游变态服_无限元宝bt手游下载_BT手游中心-最笨下载"跳转正常,该类元素共13个，当前第2个
2020-08-30 21:11:18,627 - basepage - INFO - Click back on current page.
2020-08-30 21:11:27,569 - 2 - INFO - 页面"变态手游公益服_bt手游变态服_无限元宝bt手游下载_BT手游中心-最笨下载"跳转正常,该类元素共13个，当前第3个
2020-08-30 21:11:27,875 - basepage - INFO - Click back on current page.
2020-08-30 21:11:38,914 - 2 - INFO - 页面"变态手游公益服_bt手游变态服_无限元宝bt手游下载_BT手游中心-最笨下载"跳转正常,该类元素共13个，当前第4个
2020-08-30 21:11:39,243 - basepage - INFO - Click back on current page.
2020-08-30 21:11:48,590 - 2 - INFO - 页面"变态手游公益服_bt手游变态服_无限元宝bt手游下载_BT手游中心-最笨下载"跳转正常,该类元素共13个，当前第5个
2020-08-30 21:11:48,938 - basepage - INFO - Click back on current page.
2020-08-30 21:11:58,471 - 2 - INFO - 页面"变态手游公益服_bt手游变态服_无限元宝bt手游下载_BT手游中心-最笨下载"跳转正常,该类元素共13个，当前第6个
2020-08-30 21:11:58,808 - basepage - INFO - Click back on current page.
2020-08-30 21:12:07,885 - 2 - INFO - 页面"变态手游公益服_bt手游变态服_无限元宝bt手游下载_BT手游中心-最笨下载"跳转正常,该类元素共13个，当前第7个
2020-08-30 21:12:08,208 - basepage - INFO - Click back on current page.
2020-08-30 21:12:17,312 - 2 - INFO - 页面"变态手游公益服_bt手游变态服_无限元宝bt手游下载_BT手游中心-最笨下载"跳转正常,该类元素共13个，当前第8个
2020-08-30 21:12:17,673 - basepage - INFO - Click back on current page.
2020-08-30 21:12:27,748 - 2 - INFO - 页面"变态手游公益服_bt手游变态服_无限元宝bt手游下载_BT手游中心-最笨下载"跳转正常,该类元素共13个，当前第9个
2020-08-30 21:12:28,157 - basepage - INFO - Click back on current page.
2020-08-30 21:12:37,189 - 2 - INFO - 页面"变态手游公益服_bt手游变态服_无限元宝bt手游下载_BT手游中心-最笨下载"跳转正常,该类元素共13个，当前第10个
2020-08-30 21:12:37,540 - basepage - INFO - Click back on current page.
2020-08-30 21:12:45,817 - 2 - INFO - 页面"变态手游公益服_bt手游变态服_无限元宝bt手游下载_BT手游中心-最笨下载"跳转正常,该类元素共13个，当前第11个
2020-08-30 21:12:46,273 - basepage - INFO - Click back on current page.
2020-08-30 21:12:55,134 - 2 - INFO - 页面"变态手游公益服_bt手游变态服_无限元宝bt手游下载_BT手游中心-最笨下载"跳转正常,该类元素共13个，当前第12个
2020-08-30 21:12:55,693 - basepage - INFO - Click back on current page.
2020-08-30 21:13:04,390 - 2 - INFO - 页面"变态手游公益服_bt手游变态服_无限元宝bt手游下载_BT手游中心-最笨下载"跳转正常,该类元素共13个，当前第13个
2020-08-30 21:13:04,674 - basepage - INFO - Click back on current page.
2020-08-30 21:13:13,060 - 2 - INFO - 页面"惊天战神（送千元充值）_惊天战神（送千元充值）无限元宝服_SF变态版惊天战神（送千元充值）公益服下载 - 最笨下载"跳转正常,该类元素共18个，当前第1个
2020-08-30 21:13:19,199 - 2 - INFO - 页面"迷城起源（送极品红宠）_迷城起源（送极品红宠）无限元宝服_SF变态版迷城起源（送极品红宠）公益服下载 - 最笨下载"跳转正常,该类元素共18个，当前第2个
2020-08-30 21:13:25,345 - 2 - INFO - 页面"斗转武林（爆海量充值卡）_斗转武林（爆海量充值卡）无限元宝服_SF变态版斗转武林（爆海量充值卡）公益服下载 - 最笨下载"跳转正常,该类元素共18个，当前第3个
2020-08-30 21:13:31,480 - 2 - INFO - 页面"小黑的宝藏（送海量充值）_小黑的宝藏（送海量充值）无限元宝服_SF变态版小黑的宝藏（送海量充值）公益服下载 - 最笨下载"跳转正常,该类元素共18个，当前第4个
2020-08-30 21:13:37,624 - 2 - INFO - 页面"小小三国志（送充值卡）_小小三国志（送充值卡）无限元宝服_SF变态版小小三国志（送充值卡）公益服下载 - 最笨下载"跳转正常,该类元素共18个，当前第5个
2020-08-30 21:13:43,768 - 2 - INFO - 页面"天使圣域（欧皇海量抽）_天使圣域（欧皇海量抽）无限元宝服_SF变态版天使圣域（欧皇海量抽）公益服下载 - 最笨下载"跳转正常,该类元素共18个，当前第6个
2020-08-30 21:13:49,906 - 2 - INFO - 页面"斗罗大陆神界传说Ⅱ（天天送充值）_斗罗大陆神界传说Ⅱ（天天送充值）无限元宝服_SF变态版斗罗大陆神界传说Ⅱ（天天送充值）公益服下载 - 最笨下载"跳转正常,该类元素共18个，当前第7个
2020-08-30 21:13:56,047 - 2 - INFO - 页面"龙之霸业（送千元充值）_龙之霸业（送千元充值）无限元宝服_SF变态版龙之霸业（送千元充值）公益服下载 - 最笨下载"跳转正常,该类元素共18个，当前第8个
2020-08-30 21:14:02,183 - 2 - INFO - 页面"无双三国（送328充值）_无双三国（送328充值）无限元宝服_SF变态版无双三国（送328充值）公益服下载 - 最笨下载"跳转正常,该类元素共18个，当前第9个
2020-08-30 21:14:08,323 - 2 - INFO - 页面"六界之门（百抽海量特权）_六界之门（百抽海量特权）无限元宝服_SF变态版六界之门（百抽海量特权）公益服下载 - 最笨下载"跳转正常,该类元素共18个，当前第10个
2020-08-30 21:14:14,460 - 2 - INFO - 页面"阴阳界（送1000充值）_阴阳界（送1000充值）无限元宝服_SF变态版阴阳界（送1000充值）公益服下载 - 最笨下载"跳转正常,该类元素共18个，当前第11个
2020-08-30 21:14:20,599 - 2 - INFO - 页面"天域战记（天天送充值）_天域战记（天天送充值）无限元宝服_SF变态版天域战记（天天送充值）公益服下载 - 最笨下载"跳转正常,该类元素共18个，当前第12个
2020-08-30 21:14:26,739 - 2 - INFO - 页面"黑暗与荣耀（送史诗宠物）_黑暗与荣耀（送史诗宠物）无限元宝服_SF变态版黑暗与荣耀（送史诗宠物）公益服下载 - 最笨下载"跳转正常,该类元素共18个，当前第13个
2020-08-30 21:14:32,878 - 2 - INFO - 页面"剑心吟（送648充值）_剑心吟（送648充值）无限元宝服_SF变态版剑心吟（送648充值）公益服下载 - 最笨下载"跳转正常,该类元素共18个，当前第14个
2020-08-30 21:14:39,017 - 2 - INFO - 页面"一剑问情（海量充值特权）_一剑问情（海量充值特权）无限元宝服_SF变态版一剑问情（海量充值特权）公益服下载 - 最笨下载"跳转正常,该类元素共18个，当前第15个
2020-08-30 21:14:45,152 - 2 - INFO - 页面"少年勇者团（天天送充值）_少年勇者团（天天送充值）无限元宝服_SF变态版少年勇者团（天天送充值）公益服下载 - 最笨下载"跳转正常,该类元素共18个，当前第16个
2020-08-30 21:14:51,319 - 2 - INFO - 页面"修仙记（送海量充值）_修仙记（送海量充值）无限元宝服_SF变态版修仙记（送海量充值）公益服下载 - 最笨下载"跳转正常,该类元素共18个，当前第17个
2020-08-30 21:14:57,460 - 2 - INFO - 页面"御龙三国志（送真百抽）_御龙三国志（送真百抽）无限元宝服_SF变态版御龙三国志（送真百抽）公益服下载 - 最笨下载"跳转正常,该类元素共18个，当前第18个
2020-08-30 21:15:11,637 - 2 - INFO - 页面"满vip版手游_手游sf送顶级vip_满级vip无限元宝手游下载-最笨下载"跳转正常,该类元素共13个，当前第1个
2020-08-30 21:15:12,282 - basepage - INFO - Click back on current page.
2020-08-30 21:15:20,635 - 2 - INFO - 页面"满vip版手游_手游sf送顶级vip_满级vip无限元宝手游下载-最笨下载"跳转正常,该类元素共13个，当前第2个
2020-08-30 21:15:21,230 - basepage - INFO - Click back on current page.
2020-08-30 21:15:33,234 - 2 - INFO - 页面"满vip版手游_手游sf送顶级vip_满级vip无限元宝手游下载-最笨下载"跳转正常,该类元素共13个，当前第3个
2020-08-30 21:15:33,853 - basepage - INFO - Click back on current page.
2020-08-30 21:15:44,256 - 2 - INFO - 页面"满vip版手游_手游sf送顶级vip_满级vip无限元宝手游下载-最笨下载"跳转正常,该类元素共13个，当前第4个
2020-08-30 21:15:44,801 - basepage - INFO - Click back on current page.
2020-08-30 21:15:53,405 - 2 - INFO - 页面"满vip版手游_手游sf送顶级vip_满级vip无限元宝手游下载-最笨下载"跳转正常,该类元素共13个，当前第5个
2020-08-30 21:15:53,967 - basepage - INFO - Click back on current page.
2020-08-30 21:16:04,201 - 2 - INFO - 页面"满vip版手游_手游sf送顶级vip_满级vip无限元宝手游下载-最笨下载"跳转正常,该类元素共13个，当前第6个
2020-08-30 21:16:04,784 - basepage - INFO - Click back on current page.
2020-08-30 21:16:14,266 - 2 - INFO - 页面"满vip版手游_手游sf送顶级vip_满级vip无限元宝手游下载-最笨下载"跳转正常,该类元素共13个，当前第7个
2020-08-30 21:16:14,694 - basepage - INFO - Click back on current page.
2020-08-30 21:16:23,453 - 2 - INFO - 页面"满vip版手游_手游sf送顶级vip_满级vip无限元宝手游下载-最笨下载"跳转正常,该类元素共13个，当前第8个
2020-08-30 21:16:23,981 - basepage - INFO - Click back on current page.
2020-08-30 21:16:33,540 - 2 - INFO - 页面"满vip版手游_手游sf送顶级vip_满级vip无限元宝手游下载-最笨下载"跳转正常,该类元素共13个，当前第9个
2020-08-30 21:16:33,971 - basepage - INFO - Click back on current page.
2020-08-30 21:16:48,276 - 2 - INFO - 页面"满vip版手游_手游sf送顶级vip_满级vip无限元宝手游下载-最笨下载"跳转正常,该类元素共13个，当前第10个
2020-08-30 21:16:48,817 - basepage - INFO - Click back on current page.
2020-08-30 21:16:57,142 - 2 - INFO - 页面"满vip版手游_手游sf送顶级vip_满级vip无限元宝手游下载-最笨下载"跳转正常,该类元素共13个，当前第11个
2020-08-30 21:16:57,644 - basepage - INFO - Click back on current page.
2020-08-30 21:17:09,473 - 2 - INFO - 页面"满vip版手游_手游sf送顶级vip_满级vip无限元宝手游下载-最笨下载"跳转正常,该类元素共13个，当前第12个
2020-08-30 21:17:09,955 - basepage - INFO - Click back on current page.
2020-08-30 21:17:18,019 - 2 - INFO - 页面"满vip版手游_手游sf送顶级vip_满级vip无限元宝手游下载-最笨下载"跳转正常,该类元素共13个，当前第13个
2020-08-30 21:17:18,618 - basepage - INFO - Click back on current page.
2020-08-30 21:17:27,003 - 2 - INFO - 页面"操戈天下（送海量元宝）_操戈天下（送海量元宝）无限元宝服_SF变态版操戈天下（送海量元宝）公益服下载 - 最笨下载"跳转正常,该类元素共18个，当前第1个
2020-08-30 21:17:33,149 - 2 - INFO - 页面"幻剑情缘（送千元充值）_幻剑情缘（送千元充值）无限元宝服_SF变态版幻剑情缘（送千元充值）公益服下载 - 最笨下载"跳转正常,该类元素共18个，当前第2个
2020-08-30 21:17:39,288 - 2 - INFO - 页面"影歌（海量打金特权）_影歌（海量打金特权）无限元宝服_SF变态版影歌（海量打金特权）公益服下载 - 最笨下载"跳转正常,该类元素共18个，当前第3个
2020-08-30 21:17:45,456 - 2 - INFO - 页面"闪将三国（送千元充值）_闪将三国（送千元充值）无限元宝服_SF变态版闪将三国（送千元充值）公益服下载 - 最笨下载"跳转正常,该类元素共18个，当前第4个
2020-08-30 21:17:51,604 - 2 - INFO - 页面"乱戳三国2（送GM特权）_乱戳三国2（送GM特权）无限元宝服_SF变态版乱戳三国2（送GM特权）公益服下载 - 最笨下载"跳转正常,该类元素共18个，当前第5个
2020-08-30 21:17:57,747 - 2 - INFO - 页面"吞噬苍穹（海量充值卡）_吞噬苍穹（海量充值卡）无限元宝服_SF变态版吞噬苍穹（海量充值卡）公益服下载 - 最笨下载"跳转正常,该类元素共18个，当前第6个
2020-08-30 21:18:03,898 - 2 - INFO - 页面"刀剑神魔录（1元商城特权）_刀剑神魔录（1元商城特权）无限元宝服_SF变态版刀剑神魔录（1元商城特权）公益服下载 - 最笨下载"跳转正常,该类元素共18个，当前第7个
2020-08-30 21:18:10,057 - 2 - INFO - 页面"乱世江湖（天天送充值）_乱世江湖（天天送充值）无限元宝服_SF变态版乱世江湖（天天送充值）公益服下载 - 最笨下载"跳转正常,该类元素共18个，当前第8个
2020-08-30 21:18:16,221 - 2 - INFO - 页面"王者战歌（送千元充值）_王者战歌（送千元充值）无限元宝服_SF变态版王者战歌（送千元充值）公益服下载 - 最笨下载"跳转正常,该类元素共18个，当前第9个
2020-08-30 21:18:22,370 - 2 - INFO - 页面"齐天记（海量资源特权）_齐天记（海量资源特权）无限元宝服_SF变态版齐天记（海量资源特权）公益服下载 - 最笨下载"跳转正常,该类元素共18个，当前第10个
2020-08-30 21:18:28,530 - 2 - INFO - 页面"征程三国（送百抽S神将）_征程三国（送百抽S神将）无限元宝服_SF变态版征程三国（送百抽S神将）公益服下载 - 最笨下载"跳转正常,该类元素共18个，当前第11个
2020-08-30 21:18:34,683 - 2 - INFO - 页面"净化（海量商城特权）_净化（海量商城特权）无限元宝服_SF变态版净化（海量商城特权）公益服下载 - 最笨下载"跳转正常,该类元素共18个，当前第12个
2020-08-30 21:18:40,837 - 2 - INFO - 页面"机甲战纪（送GM特权）_机甲战纪（送GM特权）无限元宝服_SF变态版机甲战纪（送GM特权）公益服下载 - 最笨下载"跳转正常,该类元素共18个，当前第13个
2020-08-30 21:18:46,982 - 2 - INFO - 页面"星星喵（送千元充值）_星星喵（送千元充值）无限元宝服_SF变态版星星喵（送千元充值）公益服下载 - 最笨下载"跳转正常,该类元素共18个，当前第14个
2020-08-30 21:18:53,118 - 2 - INFO - 页面"轩辕剑群侠传（商城特权）_轩辕剑群侠传（商城特权）无限元宝服_SF变态版轩辕剑群侠传（商城特权）公益服下载 - 最笨下载"跳转正常,该类元素共18个，当前第15个
2020-08-30 21:18:59,255 - 2 - INFO - 页面"大秦之帝国崛起（送法拉利）_大秦之帝国崛起（送法拉利）无限元宝服_SF变态版大秦之帝国崛起（送法拉利）公益服下载 - 最笨下载"跳转正常,该类元素共18个，当前第16个
2020-08-30 21:19:05,413 - 2 - INFO - 页面"进击的少女（闯关爆充值）_进击的少女（闯关爆充值）无限元宝服_SF变态版进击的少女（闯关爆充值）公益服下载 - 最笨下载"跳转正常,该类元素共18个，当前第17个
2020-08-30 21:19:11,547 - 2 - INFO - 页面"小小虎将（海量特权）_小小虎将（海量特权）无限元宝服_SF变态版小小虎将（海量特权）公益服下载 - 最笨下载"跳转正常,该类元素共18个，当前第18个
2020-08-30 21:19:18,726 - 2 - INFO - 页面"gm版手游_无限元宝/钻石公益服_0元免费gm权限手游下载-最笨下载"跳转正常,该类元素共13个，当前第1个
2020-08-30 21:19:19,090 - basepage - INFO - Click back on current page.
2020-08-30 21:19:27,364 - 2 - INFO - 页面"gm版手游_无限元宝/钻石公益服_0元免费gm权限手游下载-最笨下载"跳转正常,该类元素共13个，当前第2个
2020-08-30 21:19:27,947 - basepage - INFO - Click back on current page.
2020-08-30 21:19:36,248 - 2 - INFO - 页面"gm版手游_无限元宝/钻石公益服_0元免费gm权限手游下载-最笨下载"跳转正常,该类元素共13个，当前第3个
2020-08-30 21:19:36,858 - basepage - INFO - Click back on current page.
2020-08-30 21:19:44,784 - 2 - INFO - 页面"gm版手游_无限元宝/钻石公益服_0元免费gm权限手游下载-最笨下载"跳转正常,该类元素共13个，当前第4个
2020-08-30 21:19:45,095 - basepage - INFO - Click back on current page.
2020-08-30 21:19:53,292 - 2 - INFO - 页面"gm版手游_无限元宝/钻石公益服_0元免费gm权限手游下载-最笨下载"跳转正常,该类元素共13个，当前第5个
2020-08-30 21:19:53,889 - basepage - INFO - Click back on current page.
2020-08-30 21:20:01,787 - 2 - INFO - 页面"gm版手游_无限元宝/钻石公益服_0元免费gm权限手游下载-最笨下载"跳转正常,该类元素共13个，当前第6个
2020-08-30 21:20:02,367 - basepage - INFO - Click back on current page.
2020-08-30 21:20:10,340 - 2 - INFO - 页面"gm版手游_无限元宝/钻石公益服_0元免费gm权限手游下载-最笨下载"跳转正常,该类元素共13个，当前第7个
2020-08-30 21:20:10,689 - basepage - INFO - Click back on current page.
2020-08-30 21:20:18,654 - 2 - INFO - 页面"gm版手游_无限元宝/钻石公益服_0元免费gm权限手游下载-最笨下载"跳转正常,该类元素共13个，当前第8个
2020-08-30 21:20:19,254 - basepage - INFO - Click back on current page.
2020-08-30 21:20:27,351 - 2 - INFO - 页面"gm版手游_无限元宝/钻石公益服_0元免费gm权限手游下载-最笨下载"跳转正常,该类元素共13个，当前第9个
2020-08-30 21:20:27,919 - basepage - INFO - Click back on current page.
2020-08-30 21:20:35,950 - 2 - INFO - 页面"gm版手游_无限元宝/钻石公益服_0元免费gm权限手游下载-最笨下载"跳转正常,该类元素共13个，当前第10个
2020-08-30 21:20:36,288 - basepage - INFO - Click back on current page.
2020-08-30 21:20:44,229 - 2 - INFO - 页面"gm版手游_无限元宝/钻石公益服_0元免费gm权限手游下载-最笨下载"跳转正常,该类元素共13个，当前第11个
2020-08-30 21:20:44,797 - basepage - INFO - Click back on current page.
2020-08-30 21:20:52,767 - 2 - INFO - 页面"gm版手游_无限元宝/钻石公益服_0元免费gm权限手游下载-最笨下载"跳转正常,该类元素共13个，当前第12个
2020-08-30 21:20:53,317 - basepage - INFO - Click back on current page.
2020-08-30 21:21:01,187 - 2 - INFO - 页面"gm版手游_无限元宝/钻石公益服_0元免费gm权限手游下载-最笨下载"跳转正常,该类元素共13个，当前第13个
2020-08-30 21:21:01,553 - basepage - INFO - Click back on current page.
2020-08-30 21:21:09,928 - 2 - INFO - 页面"九州剑灵（GM版）_九州剑灵（GM版）免费gm权限安卓下载 - 最笨下载"跳转正常,该类元素共18个，当前第1个
2020-08-30 21:21:16,082 - 2 - INFO - 页面"仙游（GM版）_仙游（GM版）免费gm权限安卓下载 - 最笨下载"跳转正常,该类元素共18个，当前第2个
2020-08-30 21:21:22,233 - 2 - INFO - 页面"高达（GM版）_高达（GM版）免费gm权限安卓下载 - 最笨下载"跳转正常,该类元素共18个，当前第3个
2020-08-30 21:21:28,380 - 2 - INFO - 页面"暗黑王者（GM版）_暗黑王者（GM版）免费gm权限安卓下载 - 最笨下载"跳转正常,该类元素共18个，当前第4个
2020-08-30 21:21:34,517 - 2 - INFO - 页面"问鼎封神（GM版）_问鼎封神（GM版）免费gm权限安卓下载 - 最笨下载"跳转正常,该类元素共18个，当前第5个
2020-08-30 21:21:40,664 - 2 - INFO - 页面"仙剑轮回（GM版）_仙剑轮回（GM版）免费gm权限安卓下载 - 最笨下载"跳转正常,该类元素共18个，当前第6个
2020-08-30 21:21:46,798 - 2 - INFO - 页面"神道仙尊（GM版）_神道仙尊（GM版）免费gm权限安卓下载 - 最笨下载"跳转正常,该类元素共18个，当前第7个
2020-08-30 21:21:52,935 - 2 - INFO - 页面"大将无双（GM版）_大将无双（GM版）免费gm权限安卓下载 - 最笨下载"跳转正常,该类元素共18个，当前第8个
2020-08-30 21:21:59,083 - 2 - INFO - 页面"青云剑诀（GM版）_青云剑诀（GM版）免费gm权限安卓下载 - 最笨下载"跳转正常,该类元素共18个，当前第9个
2020-08-30 21:22:05,224 - 2 - INFO - 页面"寂灭剑诀（GM版）_寂灭剑诀（GM版）免费gm权限安卓下载 - 最笨下载"跳转正常,该类元素共18个，当前第10个
2020-08-30 21:22:11,360 - 2 - INFO - 页面"封神记（GM版）_封神记（GM版）免费gm权限安卓下载 - 最笨下载"跳转正常,该类元素共18个，当前第11个
2020-08-30 21:22:17,501 - 2 - INFO - 页面"豪门小老婆（GM版）_豪门小老婆（GM版）免费gm权限安卓下载 - 最笨下载"跳转正常,该类元素共18个，当前第12个
2020-08-30 21:22:23,649 - 2 - INFO - 页面"三生三誓青丘传（GM版）_三生三誓青丘传（GM版）免费gm权限安卓下载 - 最笨下载"跳转正常,该类元素共18个，当前第13个
2020-08-30 21:22:29,787 - 2 - INFO - 页面"毒尊三国（GM版）_毒尊三国（GM版）免费gm权限安卓下载 - 最笨下载"跳转正常,该类元素共18个，当前第14个
2020-08-30 21:22:35,934 - 2 - INFO - 页面"乱世神话（GM版）_乱世神话（GM版）免费gm权限安卓下载 - 最笨下载"跳转正常,该类元素共18个，当前第15个
2020-08-30 21:22:42,075 - 2 - INFO - 页面"天子问剑（GM版）_天子问剑（GM版）免费gm权限安卓下载 - 最笨下载"跳转正常,该类元素共18个，当前第16个
2020-08-30 21:22:48,222 - 2 - INFO - 页面"风云三国（GM版）_风云三国（GM版）免费gm权限安卓下载 - 最笨下载"跳转正常,该类元素共18个，当前第17个
2020-08-30 21:22:54,361 - 2 - INFO - 页面"古惑三国志（GM版）_古惑三国志（GM版）免费gm权限安卓下载 - 最笨下载"跳转正常,该类元素共18个，当前第18个
2020-08-30 21:23:14,256 - 2 - INFO - 页面"免费权限GM游戏"跳转正常,该类元素共4个，当前第1个
2020-08-30 21:23:15,059 - basepage - INFO - Click back on current page.
2020-08-30 21:23:28,292 - 2 - INFO - 页面"聊天回复神器合集"跳转正常,该类元素共4个，当前第2个
2020-08-30 21:23:29,037 - basepage - INFO - Click back on current page.
2020-08-30 21:24:09,302 - 2 - INFO - 页面"超变私服传奇一刀999999级"跳转正常,该类元素共4个，当前第3个
2020-08-30 21:24:10,088 - basepage - INFO - Click back on current page.
2020-08-30 21:24:34,949 - 2 - INFO - 页面"美女爆衣游戏手游"跳转正常,该类元素共4个，当前第4个
2020-08-30 21:24:35,847 - basepage - INFO - Click back on current page.
2020-08-30 21:24:43,826 - 2 - INFO - 页面"【苹果播放器】iPhone手机播放器,iPhone播放器免费下载大全-最笨下载"跳转正常,该类元素共19个，当前第1个
2020-08-30 21:24:44,484 - basepage - INFO - Click back on current page.
2020-08-30 21:24:51,425 - 2 - INFO - 页面"【苹果学习软件】iPhone手机学习软件_iPhone学习软件免费下载大全-最笨下载"跳转正常,该类元素共19个，当前第2个
2020-08-30 21:24:51,920 - basepage - INFO - Click back on current page.
2020-08-30 21:24:59,311 - 2 - INFO - 页面"【苹果辅助软件】iPhone手机辅助软件_iPhone辅助软件免费下载大全-最笨下载"跳转正常,该类元素共19个，当前第3个
2020-08-30 21:24:59,689 - basepage - INFO - Click back on current page.
2020-08-30 21:25:07,057 - 2 - INFO - 页面"【苹果输入法】iPhone手机输入法_iPhone输入法免费下载大全-最笨下载"跳转正常,该类元素共19个，当前第4个
2020-08-30 21:25:07,725 - basepage - INFO - Click back on current page.
2020-08-30 21:25:15,250 - 2 - INFO - 页面"【苹果通信软件】iPhone手机通信软件_iPhone通信软件免费下载大全-最笨下载"跳转正常,该类元素共19个，当前第5个
2020-08-30 21:25:15,906 - basepage - INFO - Click back on current page.
2020-08-30 21:25:22,989 - 2 - INFO - 页面"【苹果固件】iPhone手机固件软件_iPhone固件软件免费下载大全-最笨下载"跳转正常,该类元素共19个，当前第6个
2020-08-30 21:25:23,336 - basepage - INFO - Click back on current page.
2020-08-30 21:25:30,658 - 2 - INFO - 页面"【苹果文件管理软件】iPhone手机文件管理软件_iPhone文件管理软件免费下载大全-最笨下载"跳转正常,该类元素共19个，当前第7个
2020-08-30 21:25:31,332 - basepage - INFO - Click back on current page.
2020-08-30 21:25:38,621 - 2 - INFO - 页面"【苹果同步软件】iPhone手机同步软件_iPhone同步软件免费下载大全-最笨下载"跳转正常,该类元素共19个，当前第8个
2020-08-30 21:25:38,982 - basepage - INFO - Click back on current page.
2020-08-30 21:25:46,209 - 2 - INFO - 页面"【苹果办公软件】iPhone手机办公软件_iPhone办公软件免费下载大全-最笨下载"跳转正常,该类元素共19个，当前第9个
2020-08-30 21:25:46,640 - basepage - INFO - Click back on current page.
2020-08-30 21:25:54,346 - 2 - INFO - 页面"【苹果理财软件】iPhone手机理财软件_iPhone理财软件免费下载大全-最笨下载"跳转正常,该类元素共19个，当前第10个
2020-08-30 21:25:54,984 - basepage - INFO - Click back on current page.
2020-08-30 21:26:02,811 - 2 - INFO - 页面"【苹果备份软件】iPhone手机备份软件_iPhone备份软件免费下载大全-最笨下载"跳转正常,该类元素共19个，当前第11个
2020-08-30 21:26:03,500 - basepage - INFO - Click back on current page.
2020-08-30 21:26:10,962 - 2 - INFO - 页面"【苹果健身软件】iPhone手机健身软件_iPhone健身软件免费下载大全-最笨下载"跳转正常,该类元素共19个，当前第12个
2020-08-30 21:26:11,315 - basepage - INFO - Click back on current page.
2020-08-30 21:26:18,896 - 2 - INFO - 页面"【苹果健康管理软件】iPhone手机健康管理软件_iPhone健康管理软件免费下载大全-最笨下载"跳转正常,该类元素共19个，当前第13个
2020-08-30 21:26:19,570 - basepage - INFO - Click back on current page.
2020-08-30 21:26:27,019 - 2 - INFO - 页面"【苹果系统软件】iPhone手机系统软件_iPhone系统软件免费下载大全-最笨下载"跳转正常,该类元素共19个，当前第14个
2020-08-30 21:26:27,669 - basepage - INFO - Click back on current page.
2020-08-30 21:26:34,703 - 2 - INFO - 页面"【苹果社交软件】iphone手机社交软件_iphone社交软件免费下载大全-最笨下载"跳转正常,该类元素共19个，当前第15个
2020-08-30 21:26:35,099 - basepage - INFO - Click back on current page.
2020-08-30 21:26:42,339 - 2 - INFO - 页面"【苹果娱乐软件】iPhone手机娱乐软件_iPhone娱乐软件免费下载大全-最笨下载"跳转正常,该类元素共19个，当前第16个
2020-08-30 21:26:43,004 - basepage - INFO - Click back on current page.
2020-08-30 21:26:50,340 - 2 - INFO - 页面"【苹果导航】iPhone手机导航软件,iPhone导航软件免费下载大全-最笨下载"跳转正常,该类元素共19个，当前第17个
2020-08-30 21:26:50,775 - basepage - INFO - Click back on current page.
2020-08-30 21:26:58,353 - 2 - INFO - 页面"【苹果网络软件】iPhone手机网络软件,iPhone网络软件免费下载大全-最笨下载"跳转正常,该类元素共19个，当前第18个
2020-08-30 21:26:58,777 - basepage - INFO - Click back on current page.
2020-08-30 21:27:06,087 - 2 - INFO - 页面"【苹果助手软件】iPhone生活助手软件_iPhone生活助手软件免费下载大全-最笨下载"跳转正常,该类元素共19个，当前第19个
2020-08-30 21:27:06,781 - basepage - INFO - Click back on current page.
2020-08-30 21:27:15,163 - 2 - INFO - 页面"安致手游盒子ios版_安致手游盒子ios版下载_安致手游盒子ios版官方下载-最笨下载"跳转正常,该类元素共18个，当前第1个
2020-08-30 21:27:21,306 - 2 - INFO - 页面"爪游控游戏盒子ios版_爪游控游戏盒子ios版下载_爪游控游戏盒子ios版官方下载-最笨下载"跳转正常,该类元素共18个，当前第2个
2020-08-30 21:27:27,448 - 2 - INFO - 页面"手机玩盒子ios版_手机玩盒子ios版下载_手机玩盒子ios版官方下载-最笨下载"跳转正常,该类元素共18个，当前第3个
2020-08-30 21:27:33,586 - 2 - INFO - 页面"蜜小助ios版_蜜小助ios版下载_蜜小助ios版官方下载-最笨下载"跳转正常,该类元素共18个，当前第4个
2020-08-30 21:27:39,727 - 2 - INFO - 页面"BT游戏大全ios_BT游戏大全ios下载_BT游戏大全ios官方下载-最笨下载"跳转正常,该类元素共18个，当前第5个
2020-08-30 21:27:45,864 - 2 - INFO - 页面"小8游戏盒子ios_小8游戏盒子ios下载_小8游戏盒子ios官方下载-最笨下载"跳转正常,该类元素共18个，当前第6个
2020-08-30 21:27:52,003 - 2 - INFO - 页面"安卓市场ios版_安卓市场ios版下载_安卓市场ios版官方下载-最笨下载"跳转正常,该类元素共18个，当前第7个
2020-08-30 21:27:58,141 - 2 - INFO - 页面"剪映_剪映下载_剪映官方下载-最笨下载"跳转正常,该类元素共18个，当前第8个
2020-08-30 21:28:04,281 - 2 - INFO - 页面"吾爱看书ios版_吾爱看书ios版下载_吾爱看书ios版官方下载-最笨下载"跳转正常,该类元素共18个，当前第9个
2020-08-30 21:28:10,420 - 2 - INFO - 页面"7743游戏平台_7743游戏平台下载_7743游戏平台官方下载-最笨下载"跳转正常,该类元素共18个，当前第10个
2020-08-30 21:28:16,559 - 2 - INFO - 页面"搜书帝ios_搜书帝ios下载_搜书帝ios官方下载-最笨下载"跳转正常,该类元素共18个，当前第11个
2020-08-30 21:28:22,696 - 2 - INFO - 页面"大塘小鱼_大塘小鱼下载_大塘小鱼官方下载-最笨下载"跳转正常,该类元素共18个，当前第12个
2020-08-30 21:28:28,832 - 2 - INFO - 页面"花溪小说_花溪小说下载_花溪小说官方下载-最笨下载"跳转正常,该类元素共18个，当前第13个
2020-08-30 21:28:34,974 - 2 - INFO - 页面"手译_手译下载_手译官方下载-最笨下载"跳转正常,该类元素共18个，当前第14个
2020-08-30 21:28:41,113 - 2 - INFO - 页面"sjcam_sjcam下载_sjcam官方下载-最笨下载"跳转正常,该类元素共18个，当前第15个
2020-08-30 21:28:47,240 - 2 - INFO - 页面"WearHeart_WearHeart下载_WearHeart官方下载-最笨下载"跳转正常,该类元素共18个，当前第16个
2020-08-30 21:28:53,389 - 2 - INFO - 页面"仓鼠阅读_仓鼠阅读下载_仓鼠阅读官方下载-最笨下载"跳转正常,该类元素共18个，当前第17个
2020-08-30 21:28:59,524 - 2 - INFO - 页面"漫番漫画_漫番漫画下载_漫番漫画官方下载-最笨下载"跳转正常,该类元素共18个，当前第18个
2020-08-30 21:29:06,971 - 2 - INFO - 页面"变态手游公益服_bt手游变态服_无限元宝bt手游下载_BT手游中心-最笨下载"跳转正常,该类元素共13个，当前第1个
2020-08-30 21:29:07,338 - basepage - INFO - Click back on current page.
2020-08-30 21:29:15,600 - 2 - INFO - 页面"变态手游公益服_bt手游变态服_无限元宝bt手游下载_BT手游中心-最笨下载"跳转正常,该类元素共13个，当前第2个
2020-08-30 21:29:15,928 - basepage - INFO - Click back on current page.
2020-08-30 21:29:25,304 - 2 - INFO - 页面"变态手游公益服_bt手游变态服_无限元宝bt手游下载_BT手游中心-最笨下载"跳转正常,该类元素共13个，当前第3个
2020-08-30 21:29:26,071 - basepage - INFO - Click back on current page.
2020-08-30 21:29:34,194 - 2 - INFO - 页面"变态手游公益服_bt手游变态服_无限元宝bt手游下载_BT手游中心-最笨下载"跳转正常,该类元素共13个，当前第4个
2020-08-30 21:29:34,928 - basepage - INFO - Click back on current page.
2020-08-30 21:29:43,166 - 2 - INFO - 页面"变态手游公益服_bt手游变态服_无限元宝bt手游下载_BT手游中心-最笨下载"跳转正常,该类元素共13个，当前第5个
2020-08-30 21:29:43,593 - basepage - INFO - Click back on current page.
2020-08-30 21:29:51,944 - 2 - INFO - 页面"变态手游公益服_bt手游变态服_无限元宝bt手游下载_BT手游中心-最笨下载"跳转正常,该类元素共13个，当前第6个
2020-08-30 21:29:52,302 - basepage - INFO - Click back on current page.
2020-08-30 21:30:00,654 - 2 - INFO - 页面"变态手游公益服_bt手游变态服_无限元宝bt手游下载_BT手游中心-最笨下载"跳转正常,该类元素共13个，当前第7个
2020-08-30 21:30:01,428 - basepage - INFO - Click back on current page.
2020-08-30 21:30:10,216 - 2 - INFO - 页面"变态手游公益服_bt手游变态服_无限元宝bt手游下载_BT手游中心-最笨下载"跳转正常,该类元素共13个，当前第8个
2020-08-30 21:30:10,567 - basepage - INFO - Click back on current page.
2020-08-30 21:30:18,984 - 2 - INFO - 页面"变态手游公益服_bt手游变态服_无限元宝bt手游下载_BT手游中心-最笨下载"跳转正常,该类元素共13个，当前第9个
2020-08-30 21:30:19,435 - basepage - INFO - Click back on current page.
2020-08-30 21:30:28,390 - 2 - INFO - 页面"变态手游公益服_bt手游变态服_无限元宝bt手游下载_BT手游中心-最笨下载"跳转正常,该类元素共13个，当前第10个
2020-08-30 21:30:28,769 - basepage - INFO - Click back on current page.
2020-08-30 21:30:36,906 - 2 - INFO - 页面"变态手游公益服_bt手游变态服_无限元宝bt手游下载_BT手游中心-最笨下载"跳转正常,该类元素共13个，当前第11个
2020-08-30 21:30:37,626 - basepage - INFO - Click back on current page.
2020-08-30 21:30:46,023 - 2 - INFO - 页面"变态手游公益服_bt手游变态服_无限元宝bt手游下载_BT手游中心-最笨下载"跳转正常,该类元素共13个，当前第12个
2020-08-30 21:30:46,394 - basepage - INFO - Click back on current page.
2020-08-30 21:30:55,141 - 2 - INFO - 页面"变态手游公益服_bt手游变态服_无限元宝bt手游下载_BT手游中心-最笨下载"跳转正常,该类元素共13个，当前第13个
2020-08-30 21:30:55,518 - basepage - INFO - Click back on current page.
2020-08-30 21:31:03,882 - 2 - INFO - 页面"惊天战神（送千元充值）_惊天战神（送千元充值）无限元宝服_SF变态版惊天战神（送千元充值）公益服下载 - 最笨下载"跳转正常,该类元素共18个，当前第1个
2020-08-30 21:31:10,024 - 2 - INFO - 页面"迷城起源（送极品红宠）_迷城起源（送极品红宠）无限元宝服_SF变态版迷城起源（送极品红宠）公益服下载 - 最笨下载"跳转正常,该类元素共18个，当前第2个
2020-08-30 21:31:16,165 - 2 - INFO - 页面"斗转武林（爆海量充值卡）_斗转武林（爆海量充值卡）无限元宝服_SF变态版斗转武林（爆海量充值卡）公益服下载 - 最笨下载"跳转正常,该类元素共18个，当前第3个
2020-08-30 21:31:22,303 - 2 - INFO - 页面"小黑的宝藏（送海量充值）_小黑的宝藏（送海量充值）无限元宝服_SF变态版小黑的宝藏（送海量充值）公益服下载 - 最笨下载"跳转正常,该类元素共18个，当前第4个
2020-08-30 21:31:28,440 - 2 - INFO - 页面"小小三国志（送充值卡）_小小三国志（送充值卡）无限元宝服_SF变态版小小三国志（送充值卡）公益服下载 - 最笨下载"跳转正常,该类元素共18个，当前第5个
2020-08-30 21:31:36,620 - 2 - INFO - 页面"神谕传奇（送648充值）_神谕传奇（送648充值）无限元宝服_SF变态版神谕传奇（送648充值）公益服下载 - 最笨下载"跳转正常,该类元素共18个，当前第6个
2020-08-30 21:31:42,754 - 2 - INFO - 页面"天使圣域（欧皇海量抽）_天使圣域（欧皇海量抽）无限元宝服_SF变态版天使圣域（欧皇海量抽）公益服下载 - 最笨下载"跳转正常,该类元素共18个，当前第7个
2020-08-30 21:31:48,894 - 2 - INFO - 页面"斗罗大陆神界传说Ⅱ（天天送充值）_斗罗大陆神界传说Ⅱ（天天送充值）无限元宝服_SF变态版斗罗大陆神界传说Ⅱ（天天送充值）公益服下载 - 最笨下载"跳转正常,该类元素共18个，当前第8个
2020-08-30 21:31:55,033 - 2 - INFO - 页面"龙之霸业（送千元充值）_龙之霸业（送千元充值）无限元宝服_SF变态版龙之霸业（送千元充值）公益服下载 - 最笨下载"跳转正常,该类元素共18个，当前第9个
2020-08-30 21:32:01,172 - 2 - INFO - 页面"无双三国（送328充值）_无双三国（送328充值）无限元宝服_SF变态版无双三国（送328充值）公益服下载 - 最笨下载"跳转正常,该类元素共18个，当前第10个
2020-08-30 21:32:07,304 - 2 - INFO - 页面"六界之门（百抽海量特权）_六界之门（百抽海量特权）无限元宝服_SF变态版六界之门（百抽海量特权）公益服下载 - 最笨下载"跳转正常,该类元素共18个，当前第11个
2020-08-30 21:32:13,441 - 2 - INFO - 页面"阴阳界（送1000充值）_阴阳界（送1000充值）无限元宝服_SF变态版阴阳界（送1000充值）公益服下载 - 最笨下载"跳转正常,该类元素共18个，当前第12个
2020-08-30 21:32:19,590 - 2 - INFO - 页面"天域战记（天天送充值）_天域战记（天天送充值）无限元宝服_SF变态版天域战记（天天送充值）公益服下载 - 最笨下载"跳转正常,该类元素共18个，当前第13个
2020-08-30 21:32:25,733 - 2 - INFO - 页面"黑暗与荣耀（送史诗宠物）_黑暗与荣耀（送史诗宠物）无限元宝服_SF变态版黑暗与荣耀（送史诗宠物）公益服下载 - 最笨下载"跳转正常,该类元素共18个，当前第14个
2020-08-30 21:32:31,870 - 2 - INFO - 页面"剑心吟（送648充值）_剑心吟（送648充值）无限元宝服_SF变态版剑心吟（送648充值）公益服下载 - 最笨下载"跳转正常,该类元素共18个，当前第15个
2020-08-30 21:32:38,010 - 2 - INFO - 页面"一剑问情（海量充值特权）_一剑问情（海量充值特权）无限元宝服_SF变态版一剑问情（海量充值特权）公益服下载 - 最笨下载"跳转正常,该类元素共18个，当前第16个
2020-08-30 21:32:44,143 - 2 - INFO - 页面"少年勇者团（天天送充值）_少年勇者团（天天送充值）无限元宝服_SF变态版少年勇者团（天天送充值）公益服下载 - 最笨下载"跳转正常,该类元素共18个，当前第17个
2020-08-30 21:32:50,284 - 2 - INFO - 页面"修仙记（送海量充值）_修仙记（送海量充值）无限元宝服_SF变态版修仙记（送海量充值）公益服下载 - 最笨下载"跳转正常,该类元素共18个，当前第18个
2020-08-30 21:32:58,014 - 2 - INFO - 页面"满vip版手游_手游sf送顶级vip_满级vip无限元宝手游下载-最笨下载"跳转正常,该类元素共13个，当前第1个
2020-08-30 21:32:58,460 - basepage - INFO - Click back on current page.
2020-08-30 21:33:06,621 - 2 - INFO - 页面"满vip版手游_手游sf送顶级vip_满级vip无限元宝手游下载-最笨下载"跳转正常,该类元素共13个，当前第2个
2020-08-30 21:33:07,311 - basepage - INFO - Click back on current page.
2020-08-30 21:33:16,164 - 2 - INFO - 页面"满vip版手游_手游sf送顶级vip_满级vip无限元宝手游下载-最笨下载"跳转正常,该类元素共13个，当前第3个
2020-08-30 21:33:16,831 - basepage - INFO - Click back on current page.
2020-08-30 21:33:25,045 - 2 - INFO - 页面"满vip版手游_手游sf送顶级vip_满级vip无限元宝手游下载-最笨下载"跳转正常,该类元素共13个，当前第4个
2020-08-30 21:33:25,613 - basepage - INFO - Click back on current page.
2020-08-30 21:33:33,646 - 2 - INFO - 页面"满vip版手游_手游sf送顶级vip_满级vip无限元宝手游下载-最笨下载"跳转正常,该类元素共13个，当前第5个
2020-08-30 21:33:34,193 - basepage - INFO - Click back on current page.
2020-08-30 21:33:42,573 - 2 - INFO - 页面"满vip版手游_手游sf送顶级vip_满级vip无限元宝手游下载-最笨下载"跳转正常,该类元素共13个，当前第6个
2020-08-30 21:33:42,998 - basepage - INFO - Click back on current page.
2020-08-30 21:33:51,134 - 2 - INFO - 页面"满vip版手游_手游sf送顶级vip_满级vip无限元宝手游下载-最笨下载"跳转正常,该类元素共13个，当前第7个
2020-08-30 21:33:51,879 - basepage - INFO - Click back on current page.
2020-08-30 21:34:00,086 - 2 - INFO - 页面"满vip版手游_手游sf送顶级vip_满级vip无限元宝手游下载-最笨下载"跳转正常,该类元素共13个，当前第8个
2020-08-30 21:34:00,845 - basepage - INFO - Click back on current page.
2020-08-30 21:34:09,092 - 2 - INFO - 页面"满vip版手游_手游sf送顶级vip_满级vip无限元宝手游下载-最笨下载"跳转正常,该类元素共13个，当前第9个
2020-08-30 21:34:09,815 - basepage - INFO - Click back on current page.
2020-08-30 21:34:19,227 - 2 - INFO - 页面"满vip版手游_手游sf送顶级vip_满级vip无限元宝手游下载-最笨下载"跳转正常,该类元素共13个，当前第10个
2020-08-30 21:34:19,997 - basepage - INFO - Click back on current page.
2020-08-30 21:34:28,163 - 2 - INFO - 页面"满vip版手游_手游sf送顶级vip_满级vip无限元宝手游下载-最笨下载"跳转正常,该类元素共13个，当前第11个
2020-08-30 21:34:28,911 - basepage - INFO - Click back on current page.
2020-08-30 21:34:37,289 - 2 - INFO - 页面"满vip版手游_手游sf送顶级vip_满级vip无限元宝手游下载-最笨下载"跳转正常,该类元素共13个，当前第12个
2020-08-30 21:34:38,059 - basepage - INFO - Click back on current page.
2020-08-30 21:34:46,616 - 2 - INFO - 页面"满vip版手游_手游sf送顶级vip_满级vip无限元宝手游下载-最笨下载"跳转正常,该类元素共13个，当前第13个
2020-08-30 21:34:47,352 - basepage - INFO - Click back on current page.
2020-08-30 21:34:55,729 - 2 - INFO - 页面"操戈天下（送海量元宝）_操戈天下（送海量元宝）无限元宝服_SF变态版操戈天下（送海量元宝）公益服下载 - 最笨下载"跳转正常,该类元素共18个，当前第1个
2020-08-30 21:35:01,878 - 2 - INFO - 页面"幻剑情缘（送千元充值）_幻剑情缘（送千元充值）无限元宝服_SF变态版幻剑情缘（送千元充值）公益服下载 - 最笨下载"跳转正常,该类元素共18个，当前第2个
2020-08-30 21:35:08,023 - 2 - INFO - 页面"影歌（海量打金特权）_影歌（海量打金特权）无限元宝服_SF变态版影歌（海量打金特权）公益服下载 - 最笨下载"跳转正常,该类元素共18个，当前第3个
2020-08-30 21:35:14,159 - 2 - INFO - 页面"闪将三国（送千元充值）_闪将三国（送千元充值）无限元宝服_SF变态版闪将三国（送千元充值）公益服下载 - 最笨下载"跳转正常,该类元素共18个，当前第4个
2020-08-30 21:35:20,299 - 2 - INFO - 页面"乱戳三国2（送GM特权）_乱戳三国2（送GM特权）无限元宝服_SF变态版乱戳三国2（送GM特权）公益服下载 - 最笨下载"跳转正常,该类元素共18个，当前第5个
2020-08-30 21:35:26,445 - 2 - INFO - 页面"吞噬苍穹（海量充值卡）_吞噬苍穹（海量充值卡）无限元宝服_SF变态版吞噬苍穹（海量充值卡）公益服下载 - 最笨下载"跳转正常,该类元素共18个，当前第6个
2020-08-30 21:35:32,589 - 2 - INFO - 页面"刀剑神魔录（1元商城特权）_刀剑神魔录（1元商城特权）无限元宝服_SF变态版刀剑神魔录（1元商城特权）公益服下载 - 最笨下载"跳转正常,该类元素共18个，当前第7个
2020-08-30 21:35:38,734 - 2 - INFO - 页面"乱世江湖（天天送充值）_乱世江湖（天天送充值）无限元宝服_SF变态版乱世江湖（天天送充值）公益服下载 - 最笨下载"跳转正常,该类元素共18个，当前第8个
2020-08-30 21:35:44,873 - 2 - INFO - 页面"王者战歌（送千元充值）_王者战歌（送千元充值）无限元宝服_SF变态版王者战歌（送千元充值）公益服下载 - 最笨下载"跳转正常,该类元素共18个，当前第9个
2020-08-30 21:35:51,023 - 2 - INFO - 页面"齐天记（海量资源特权）_齐天记（海量资源特权）无限元宝服_SF变态版齐天记（海量资源特权）公益服下载 - 最笨下载"跳转正常,该类元素共18个，当前第10个
2020-08-30 21:35:57,173 - 2 - INFO - 页面"征程三国（送百抽S神将）_征程三国（送百抽S神将）无限元宝服_SF变态版征程三国（送百抽S神将）公益服下载 - 最笨下载"跳转正常,该类元素共18个，当前第11个
2020-08-30 21:36:03,313 - 2 - INFO - 页面"机甲战纪（送GM特权）_机甲战纪（送GM特权）无限元宝服_SF变态版机甲战纪（送GM特权）公益服下载 - 最笨下载"跳转正常,该类元素共18个，当前第12个
2020-08-30 21:36:09,461 - 2 - INFO - 页面"星星喵（送千元充值）_星星喵（送千元充值）无限元宝服_SF变态版星星喵（送千元充值）公益服下载 - 最笨下载"跳转正常,该类元素共18个，当前第13个
2020-08-30 21:36:15,625 - 2 - INFO - 页面"轩辕剑群侠传（商城特权）_轩辕剑群侠传（商城特权）无限元宝服_SF变态版轩辕剑群侠传（商城特权）公益服下载 - 最笨下载"跳转正常,该类元素共18个，当前第14个
2020-08-30 21:36:21,770 - 2 - INFO - 页面"大秦之帝国崛起（送法拉利）_大秦之帝国崛起（送法拉利）无限元宝服_SF变态版大秦之帝国崛起（送法拉利）公益服下载 - 最笨下载"跳转正常,该类元素共18个，当前第15个
2020-08-30 21:36:27,915 - 2 - INFO - 页面"进击的少女（闯关爆充值）_进击的少女（闯关爆充值）无限元宝服_SF变态版进击的少女（闯关爆充值）公益服下载 - 最笨下载"跳转正常,该类元素共18个，当前第16个
2020-08-30 21:36:34,070 - 2 - INFO - 页面"小小虎将（海量特权）_小小虎将（海量特权）无限元宝服_SF变态版小小虎将（海量特权）公益服下载 - 最笨下载"跳转正常,该类元素共18个，当前第17个
2020-08-30 21:36:40,224 - 2 - INFO - 页面"妖游记（海量送充值）_妖游记（海量送充值）无限元宝服_SF变态版妖游记（海量送充值）公益服下载 - 最笨下载"跳转正常,该类元素共18个，当前第18个
2020-08-30 21:36:48,110 - 2 - INFO - 页面"【苹果益智休闲游戏】好玩的iPhone益智休闲游戏大全_iPhone益智休闲类游戏下载-最笨下载"跳转正常,该类元素共16个，当前第1个
2020-08-30 21:36:48,472 - basepage - INFO - Click back on current page.
2020-08-30 21:36:55,547 - 2 - INFO - 页面"【苹果其他游戏】好玩的iphone其他游戏大全_iphone其他类游戏下载-最笨下载"跳转正常,该类元素共16个，当前第2个
2020-08-30 21:36:55,960 - basepage - INFO - Click back on current page.
2020-08-30 21:37:03,379 - 2 - INFO - 页面"【苹果音乐游戏】好玩的iphone音乐游戏大全_iphone音乐类游戏下载-最笨下载"跳转正常,该类元素共16个，当前第3个
2020-08-30 21:37:04,071 - basepage - INFO - Click back on current page.
2020-08-30 21:37:11,395 - 2 - INFO - 页面"【苹果网络游戏】好玩的iphone网络游戏大全_iphone网络类游戏下载-最笨下载"跳转正常,该类元素共16个，当前第4个
2020-08-30 21:37:11,788 - basepage - INFO - Click back on current page.
2020-08-30 21:37:21,565 - 2 - INFO - 页面"【苹果格斗游戏】好玩的iPhone格斗游戏大全_iPhone格斗类游戏下载-最笨下载"跳转正常,该类元素共16个，当前第5个
2020-08-30 21:37:21,954 - basepage - INFO - Click back on current page.
2020-08-30 21:37:30,269 - 2 - INFO - 页面"【苹果飞行游戏】好玩的iPhone飞行游戏大全_iPhone飞行类游戏下载-最笨下载"跳转正常,该类元素共16个，当前第6个
2020-08-30 21:37:30,950 - basepage - INFO - Click back on current page.
2020-08-30 21:37:38,168 - 2 - INFO - 页面"【苹果体育运动游戏】好玩的iPhone体育运动游戏大全_iPhone体育运动类游戏下载-最笨下载"跳转正常,该类元素共16个，当前第7个
2020-08-30 21:37:38,548 - basepage - INFO - Click back on current page.
2020-08-30 21:37:45,927 - 2 - INFO - 页面"【苹果模拟经营游戏】好玩的iPhone模拟经营游戏大全_iPhone模拟经营类游戏下载-最笨下载"跳转正常,该类元素共16个，当前第8个
2020-08-30 21:37:46,348 - basepage - INFO - Click back on current page.
2020-08-30 21:37:54,126 - 2 - INFO - 页面"【苹果策略游戏】好玩的iphone策略游戏大全_iphone策略类游戏下载-最笨下载"跳转正常,该类元素共16个，当前第9个
2020-08-30 21:37:54,794 - basepage - INFO - Click back on current page.
2020-08-30 21:38:02,324 - 2 - INFO - 页面"【苹果塔防游戏】好玩的iphone塔防游戏大全_iphone塔防类游戏下载-最笨下载"跳转正常,该类元素共16个，当前第10个
2020-08-30 21:38:02,990 - basepage - INFO - Click back on current page.
2020-08-30 21:38:10,064 - 2 - INFO - 页面"【苹果解谜游戏】好玩的iphone解谜游戏大全_iphone解谜类游戏下载-最笨下载"跳转正常,该类元素共16个，当前第11个
2020-08-30 21:38:10,499 - basepage - INFO - Click back on current page.
2020-08-30 21:38:20,778 - 2 - INFO - 页面"【苹果射击游戏】好玩的iphone射击游戏大全_iphone射击类游戏下载-最笨下载"跳转正常,该类元素共16个，当前第12个
2020-08-30 21:38:21,470 - basepage - INFO - Click back on current page.
2020-08-30 21:38:29,125 - 2 - INFO - 页面"【苹果棋牌游戏】好玩的iphone棋牌游戏大全_iphone棋牌类游戏下载-最笨下载"跳转正常,该类元素共16个，当前第13个
2020-08-30 21:38:29,807 - basepage - INFO - Click back on current page.
2020-08-30 21:38:37,394 - 2 - INFO - 页面"【苹果赛车游戏】好玩的iPhone赛车游戏大全_iPhone赛车类游戏下载-最笨下载"跳转正常,该类元素共16个，当前第14个
2020-08-30 21:38:37,748 - basepage - INFO - Click back on current page.
2020-08-30 21:38:44,932 - 2 - INFO - 页面"【苹果角色扮演游戏】好玩的iphone角色扮演游戏_iPhone角色扮演类游戏下载-最笨下载"跳转正常,该类元素共16个，当前第15个
2020-08-30 21:38:45,539 - basepage - INFO - Click back on current page.
2020-08-30 21:38:55,107 - 2 - INFO - 页面"【安卓动作游戏】好玩的iPhone动作游戏大全_iPhone动作类游戏下载-最笨下载"跳转正常,该类元素共16个，当前第16个
2020-08-30 21:38:55,766 - basepage - INFO - Click back on current page.
2020-08-30 21:39:04,137 - 2 - INFO - 页面"真龙战魂（天天送元宝）ios版_真龙战魂（天天送元宝）ios版下载_真龙战魂（天天送元宝）ios版官方下载-最笨下载"跳转正常,该类元素共18个，当前第1个
2020-08-30 21:39:10,284 - 2 - INFO - 页面"魔域王牌（天天送抽卡）iOS版_魔域王牌（天天送抽卡）iOS版下载_魔域王牌（天天送抽卡）iOS版官方下载-最笨下载"跳转正常,该类元素共18个，当前第2个
2020-08-30 21:39:16,426 - 2 - INFO - 页面"冒险王2（送海量充值）ios版_冒险王2（送海量充值）ios版下载_冒险王2（送海量充值）ios版官方下载-最笨下载"跳转正常,该类元素共18个，当前第3个
2020-08-30 21:39:22,569 - 2 - INFO - 页面"恋三国（送百抽）ios版_恋三国（送百抽）ios版下载_恋三国（送百抽）ios版官方下载-最笨下载"跳转正常,该类元素共18个，当前第4个
2020-08-30 21:39:28,710 - 2 - INFO - 页面"屠龙世界（送GM特权）ios版_屠龙世界（送GM特权）ios版下载_屠龙世界（送GM特权）ios版官方下载-最笨下载"跳转正常,该类元素共18个，当前第5个
2020-08-30 21:39:34,846 - 2 - INFO - 页面"将军道（送百连海量抽）ios版_将军道（送百连海量抽）ios版下载_将军道（送百连海量抽）ios版官方下载-最笨下载"跳转正常,该类元素共18个，当前第6个
2020-08-30 21:39:40,993 - 2 - INFO - 页面"塔防镇魂师（送328代金券）ios版_塔防镇魂师（送328代金券）ios版下载_塔防镇魂师（送328代金券）ios版官方下载-最笨下载"跳转正常,该类元素共18个，当前第7个
2020-08-30 21:39:47,135 - 2 - INFO - 页面"乱斗三国ios版_乱斗三国ios版下载_乱斗三国ios版官方下载-最笨下载"跳转正常,该类元素共18个，当前第8个
2020-08-30 21:39:53,282 - 2 - INFO - 页面"兵器少女（无门槛送充）ios版_兵器少女（无门槛送充）ios版下载_兵器少女（无门槛送充）ios版官方下载-最笨下载"跳转正常,该类元素共18个，当前第9个
2020-08-30 21:39:59,428 - 2 - INFO - 页面"猎手之王ios版_猎手之王ios版下载_猎手之王ios版官方下载-最笨下载"跳转正常,该类元素共18个，当前第10个
2020-08-30 21:40:05,567 - 2 - INFO - 页面"古墓迷城ios版_古墓迷城ios版下载_古墓迷城ios版官方下载-最笨下载"跳转正常,该类元素共18个，当前第11个
2020-08-30 21:40:11,709 - 2 - INFO - 页面"国战纪元ios版_国战纪元ios版下载_国战纪元ios版官方下载-最笨下载"跳转正常,该类元素共18个，当前第12个
2020-08-30 21:40:17,849 - 2 - INFO - 页面"天诀ios版_天诀ios版下载_天诀ios版官方下载-最笨下载"跳转正常,该类元素共18个，当前第13个
2020-08-30 21:40:23,996 - 2 - INFO - 页面"仙剑缘（星耀特权）ios版_仙剑缘（星耀特权）ios版下载_仙剑缘（星耀特权）ios版官方下载-最笨下载"跳转正常,该类元素共18个，当前第14个
2020-08-30 21:40:30,131 - 2 - INFO - 页面"九灵神域ios版_九灵神域ios版下载_九灵神域ios版官方下载-最笨下载"跳转正常,该类元素共18个，当前第15个
2020-08-30 21:40:36,281 - 2 - INFO - 页面"天之命（海量特权）ios版_天之命（海量特权）ios版下载_天之命（海量特权）ios版官方下载-最笨下载"跳转正常,该类元素共18个，当前第16个
2020-08-30 21:40:42,423 - 2 - INFO - 页面"魔剑侠缘（星耀特权）ios版_魔剑侠缘（星耀特权）ios版下载_魔剑侠缘（星耀特权）ios版官方下载-最笨下载"跳转正常,该类元素共18个，当前第17个
2020-08-30 21:40:48,565 - 2 - INFO - 页面"仙灵世界（复古绿色服）ios版_仙灵世界（复古绿色服）ios版下载_仙灵世界（复古绿色服）ios版官方下载-最笨下载"跳转正常,该类元素共18个，当前第18个
2020-08-30 21:41:24,040 - 2 - INFO - 页面"ios无限元宝的手游"跳转正常,该类元素共4个，当前第1个
2020-08-30 21:41:24,807 - basepage - INFO - Click back on current page.
2020-08-30 21:41:37,567 - 2 - INFO - 页面"gm手游助手ios"跳转正常,该类元素共4个，当前第2个
2020-08-30 21:41:38,203 - basepage - INFO - Click back on current page.
2020-08-30 21:42:06,536 - 2 - INFO - 页面"ios变态服游戏"跳转正常,该类元素共4个，当前第3个
2020-08-30 21:42:07,215 - basepage - INFO - Click back on current page.
2020-08-30 21:42:20,083 - 2 - INFO - 页面"ios看小说神器"跳转正常,该类元素共4个，当前第4个
2020-08-30 21:42:20,692 - basepage - INFO - Click back on current page.
2020-08-30 21:42:46,025 - 2 - INFO - 页面"【最笨周末活动】8.14周末活动壕礼送不停"跳转正常,该类元素共4个，当前第1个
2020-08-30 21:42:46,654 - basepage - INFO - Click back on current page.
2020-08-30 21:42:56,899 - 2 - INFO - 页面"【最笨周末活动】8.7周末活动海量惊喜等你来拿"跳转正常,该类元素共4个，当前第2个
2020-08-30 21:42:57,442 - basepage - INFO - Click back on current page.
2020-08-30 21:43:07,693 - 2 - INFO - 页面"【最笨周末活动】7月10日晴了一夏周末福利活动"跳转正常,该类元素共4个，当前第3个
2020-08-30 21:43:08,240 - basepage - INFO - Click back on current page.
2020-08-30 21:43:15,223 - 2 - INFO - 页面"【最笨周末活动】7月3日清凉一夏活动来袭~"跳转正常,该类元素共4个，当前第4个
2020-08-30 21:43:15,536 - basepage - INFO - Click back on current page.
2020-08-30 21:43:21,609 - 2 - INFO - 页面"跟男生聊天有哪些软件-跟男生聊天的软件下载推"跳转正常,该类元素共20个，当前第1个
2020-08-30 21:43:27,729 - 2 - INFO - 页面"无广告看书全免费软件哪个好"跳转正常,该类元素共20个，当前第2个
2020-08-30 21:43:33,849 - 2 - INFO - 页面"回复女朋友的软件叫什么"跳转正常,该类元素共20个，当前第3个
2020-08-30 21:43:39,996 - 2 - INFO - 页面"抖音聊天的软件叫什么"跳转正常,该类元素共20个，当前第4个
2020-08-30 21:43:46,125 - 2 - INFO - 页面"苹果哪个软件可以免费看小说"跳转正常,该类元素共20个，当前第5个
2020-08-30 21:43:52,261 - 2 - INFO - 页面"英雄联盟TES夺冠半价皮肤怎么样-半价皮肤购入性"跳转正常,该类元素共20个，当前第6个
2020-08-30 21:43:58,404 - 2 - INFO - 页面"明日方舟不期而遇旅行友商选项怎么样-不期而遇"跳转正常,该类元素共20个，当前第7个
2020-08-30 21:44:04,560 - 2 - INFO - 页面"枪火重生怎么操作-基础操作攻略"跳转正常,该类元素共20个，当前第8个
2020-08-30 21:44:10,711 - 2 - INFO - 页面"原神白铁大剑怎么样-白铁大剑属性详解"跳转正常,该类元素共20个，当前第9个
2020-08-30 21:44:16,854 - 2 - INFO - 页面"阴阳师百闻牌海茨灯鸦卡组怎么搭配-海茨灯鸦卡"跳转正常,该类元素共20个，当前第10个
2020-08-30 21:44:24,497 - 2 - INFO - 页面"无限钻石无限金币的游戏有哪些-2020无限金币无限"跳转正常,该类元素共20个，当前第11个
2020-08-30 21:44:41,556 - 2 - INFO - 页面"2020挂机类bt手游排行榜-好玩的挂机类bt手机游戏"跳转正常,该类元素共20个，当前第12个
2020-08-30 21:44:47,692 - 2 - INFO - 页面"有什么可以聊天哄女孩子的软件-哄女孩子聊天的"跳转正常,该类元素共20个，当前第13个
2020-08-30 21:44:53,835 - 2 - INFO - 页面"正当防卫无限钻石无限金币下载-正当防卫无限金"跳转正常,该类元素共20个，当前第14个
2020-08-30 21:45:16,472 - 2 - INFO - 页面"有哪些好玩的bt手机游戏排行榜-十大好玩bt网络手"跳转正常,该类元素共20个，当前第15个
2020-08-30 21:45:22,617 - 2 - INFO - 页面"战魂铭人钢蛋怎么得"跳转正常,该类元素共20个，当前第16个
2020-08-30 21:45:28,759 - 2 - INFO - 页面"王者荣耀50强怎么显示"跳转正常,该类元素共20个，当前第17个
2020-08-30 21:45:34,900 - 2 - INFO - 页面"江南百景图桃花村铲子在哪"跳转正常,该类元素共20个，当前第18个
2020-08-30 21:45:41,316 - 2 - INFO - 页面"脑洞先生关卡124怎么过"跳转正常,该类元素共20个，当前第19个
2020-08-30 21:45:47,455 - 2 - INFO - 页面"脑洞先生131关怎么过"跳转正常,该类元素共20个，当前第20个
2020-08-30 21:46:43,614 - 2 - INFO - 页面"apk3安卓网-2020最新apk安卓游戏-热门apk软件下载平台"跳转正常,该类元素共34个，当前第1个
2020-08-30 21:46:49,737 - 2 - INFO - 页面"小游戏,在线小游戏,小游戏大全,双人小游戏,3199小游戏"跳转正常,该类元素共34个，当前第2个
2020-08-30 21:46:56,982 - 2 - INFO - 页面"中文网站排行榜_alexa排行 - 爱站网站排行榜"跳转正常,该类元素共34个，当前第3个
2020-08-30 21:47:20,916 - 2 - INFO - 页面"9号下载_下载软件_免费下载单机游戏_手机游戏下载大全"跳转正常,该类元素共34个，当前第4个
2020-08-30 21:48:02,272 - 2 - INFO - 页面"软件下载中心_绿色免费软件,手机游戏|软件下载,到超人软件站"跳转正常,该类元素共34个，当前第5个
2020-08-30 21:48:21,265 - 2 - INFO - 页面"系统圣地,绿色免费软件,手游下载等软件下载网站"跳转正常,该类元素共34个，当前第6个
2020-08-30 21:48:27,426 - 2 - INFO - 页面"腾讯手游助手官网，官网指定模拟器，海量游戏玩不停"跳转正常,该类元素共34个，当前第7个
2020-08-30 21:48:35,520 - 2 - INFO - 页面"好看小说推荐_热门小说大全_小说排行榜 - 玖陆文学"跳转正常,该类元素共34个，当前第8个
2020-08-30 21:48:41,669 - 2 - INFO - 页面"www.iefans.net"跳转正常,该类元素共34个，当前第9个
2020-08-30 21:49:09,785 - 2 - INFO - 页面"bt手游平台_满v手游公益服_gm手游排行榜_3733游戏盒子官网"跳转正常,该类元素共34个，当前第10个
2020-08-30 21:50:02,047 - 2 - INFO - 页面"bt公益服变态手游排行榜前十名[新开公测热门+在线人多+免费大型网游]新开最热门好玩人气高的网络游戏有什么_安卓苹果ios客户端游戏下载大全_8979游戏官网"跳转正常,该类元素共34个，当前第11个
2020-08-30 21:50:08,185 - 2 - INFO - 页面"【破解版手机游戏】手机破解游戏下载_安卓手机游戏破解版下载大全-最笨下载"跳转正常,该类元素共34个，当前第12个
2020-08-30 21:50:14,334 - 2 - INFO - 页面"windows10系统之家 - 系统之家提供win10专业版,ISO镜像,企业版等win10系统下载"跳转正常,该类元素共34个，当前第13个
2020-08-30 21:50:24,479 - 2 - INFO - 页面"39整形美容_中国专业医学整形美容门户"跳转正常,该类元素共34个，当前第14个
2020-08-30 21:50:32,644 - 2 - INFO - 页面"零度软件园_官方软件下载_绿色软件_游戏下载_值得信赖的下载站！"跳转正常,该类元素共34个，当前第15个
2020-08-30 21:50:38,796 - 2 - INFO - 页面"单机游戏_单机游戏下载大全中文版下载_好玩的单机游戏下载基地 - 99单机游戏"跳转正常,该类元素共34个，当前第16个
2020-08-30 21:51:54,954 - 2 - INFO - 页面"安卓市场_安卓游戏破解版下载_单机破解版游戏大全_手机网游下载"跳转正常,该类元素共34个，当前第17个
2020-08-30 21:52:46,747 - 2 - INFO - 页面"手机游戏下载-手机软件下载-电脑软件下载-小黑游戏"跳转正常,该类元素共34个，当前第18个
2020-08-30 21:52:55,355 - 2 - INFO - 页面"手机游戏_手机游戏排行榜_好玩的手机游戏_安卓手机游戏推荐_易玩网"跳转正常,该类元素共34个，当前第19个
2020-08-30 21:53:10,551 - 2 - INFO - 页面"手机游戏_好玩的手机游戏下载_手机游戏排行榜-游戏吧"跳转正常,该类元素共34个，当前第20个
2020-08-30 21:54:20,887 - 2 - INFO - 页面"免费手机游戏_好玩的单机游戏_安卓破解版游戏下载_apk8安卓网"跳转正常,该类元素共34个，当前第21个
2020-08-30 21:54:27,032 - 2 - INFO - 页面"免费手机游戏_好玩的单机游戏_安卓破解版游戏下载_apk8安卓网"跳转正常,该类元素共34个，当前第22个
2020-08-30 21:54:33,715 - 2 - INFO - 页面"安卓破解版游戏下载_单机手机破解游戏大全_免费游戏破解版下载-最笨下载"跳转正常,该类元素共34个，当前第23个
2020-08-30 21:54:39,845 - 2 - INFO - 页面"app.3987.com"跳转正常,该类元素共34个，当前第24个
2020-08-30 21:54:51,547 - 2 - INFO - 页面"可可出招表-流星蝴蝶剑出招表-拳皇97出招表-手机游戏-绿色软件下载"跳转正常,该类元素共34个，当前第25个
2020-08-30 21:56:46,248 - 2 - INFO - 页面"爪游控 | 新锐综合资讯媒体"跳转正常,该类元素共34个，当前第26个
2020-08-30 21:56:57,418 - 2 - INFO - 页面"3733游戏盒官网_bt游戏_满vip手游_gm手游大全_破解游戏盒子下载"跳转正常,该类元素共34个，当前第27个
2020-08-30 21:59:23,068 - 2 - INFO - 页面"绿色免费电脑软件下载_手机软件游戏下载中心-520下载站"跳转正常,该类元素共34个，当前第28个
2020-08-30 22:02:17,199 - 2 - INFO - 页面"免费大型经典安卓破解版单机游戏下载排行榜_手机最火爆最新出热门好玩人气高3DBT网络游戏有什么_破解游戏盒子软件大全-下载多"跳转正常,该类元素共34个，当前第29个
2020-08-30 22:02:27,803 - 2 - INFO - 页面"3733游戏盒官网_bt游戏_满vip手游_gm手游大全_破解游戏盒子下载"跳转正常,该类元素共34个，当前第30个
