2020-08-17 18:20:07,569 - basepage - INFO - zuiben自动化测试开始
2020-08-17 18:20:07,572 - basepage - INFO - 隐性等待 10 秒
2020-08-17 18:20:13,304 - basepage - INFO - 跳转至https://www.zuiben.com/
2020-08-17 18:20:15,419 - basepage - INFO - 窗口已经最大化
2020-08-17 18:20:21,180 - 2 - INFO - 页面"【安卓游戏】好玩的安卓游戏下载_安卓游戏排行榜_安卓游戏免费下载大全-最笨下载"跳转正常,该类元素共21个，当前第1个
2020-08-17 18:20:21,484 - basepage - INFO - Click back on current page.
2020-08-17 18:20:26,688 - 2 - INFO - 页面"变态手游公益服_bt手游变态服_无限元宝bt手游下载_BT手游中心-最笨下载"跳转正常,该类元素共21个，当前第2个
2020-08-17 18:20:26,951 - basepage - INFO - Click back on current page.
2020-08-17 18:20:31,355 - 2 - INFO - 页面"gm版手游_无限元宝/钻石公益服_0元免费gm权限手游下载-最笨下载"跳转正常,该类元素共21个，当前第3个
2020-08-17 18:20:31,620 - basepage - INFO - Click back on current page.
2020-08-17 18:20:38,040 - 2 - INFO - 页面"【苹果游戏】iphone苹果手机游戏下载_iphone苹果游戏排行榜-最笨下载"跳转正常,该类元素共21个，当前第4个
2020-08-17 18:20:38,326 - basepage - INFO - Click back on current page.
2020-08-17 18:20:43,204 - 2 - INFO - 页面"满vip版手游_手游sf送顶级vip_满级vip无限元宝手游下载-最笨下载"跳转正常,该类元素共21个，当前第5个
2020-08-17 18:20:43,455 - basepage - INFO - Click back on current page.
2020-08-17 18:20:49,554 - 2 - INFO - 页面"【安卓软件】安卓软件下载_安卓手机软件下载_安卓软件免费下载大全-最笨下载"跳转正常,该类元素共21个，当前第6个
2020-08-17 18:20:49,808 - basepage - INFO - Click back on current page.
2020-08-17 18:20:54,893 - 2 - INFO - 页面"【苹果软件】iphone苹果下载软件_iphone苹果软件免费下载_苹果软件下载大全-最笨下载"跳转正常,该类元素共21个，当前第7个
2020-08-17 18:20:55,170 - basepage - INFO - Click back on current page.
2020-08-17 18:20:59,770 - 2 - INFO - 页面"【安卓资讯】安卓资讯推荐_安卓资讯大全-最笨下载"跳转正常,该类元素共21个，当前第8个
2020-08-17 18:21:00,032 - basepage - INFO - Click back on current page.
2020-08-17 18:21:04,803 - 2 - INFO - 页面"【安卓游戏攻略】安卓游戏攻略推荐_安卓游戏攻略大全-最笨下载"跳转正常,该类元素共21个，当前第9个
2020-08-17 18:21:05,104 - basepage - INFO - Click back on current page.
2020-08-17 18:21:09,967 - 2 - INFO - 页面"【安卓软件教程】安卓软件教程推荐_安卓软件教程大全-最笨下载"跳转正常,该类元素共21个，当前第10个
2020-08-17 18:21:10,218 - basepage - INFO - Click back on current page.
2020-08-17 18:21:15,010 - 2 - INFO - 页面"【iphone资讯】iphone资讯推荐_iphone资讯大全-最笨下载"跳转正常,该类元素共21个，当前第11个
2020-08-17 18:21:15,268 - basepage - INFO - Click back on current page.
2020-08-17 18:21:20,311 - 2 - INFO - 页面"【iPhone游戏攻略】iPhone游戏攻略推荐_iPhone游戏攻略大全-最笨下载"跳转正常,该类元素共21个，当前第12个
2020-08-17 18:21:20,575 - basepage - INFO - Click back on current page.
2020-08-17 18:21:25,544 - 2 - INFO - 页面"【系统重装教程】电脑重装系统教程_电脑怎么重装系统_重装系统步骤-最笨下载"跳转正常,该类元素共21个，当前第13个
2020-08-17 18:21:25,841 - basepage - INFO - Click back on current page.
2020-08-17 18:21:31,140 - 2 - INFO - 页面"安卓专题-最笨下载"跳转正常,该类元素共21个，当前第14个
2020-08-17 18:21:31,423 - basepage - INFO - Click back on current page.
2020-08-17 18:21:36,836 - 2 - INFO - 页面"游戏专题-最笨下载"跳转正常,该类元素共21个，当前第15个
2020-08-17 18:21:37,159 - basepage - INFO - Click back on current page.
2020-08-17 18:21:42,292 - 2 - INFO - 页面"苹果专题-最笨下载"跳转正常,该类元素共21个，当前第16个
2020-08-17 18:21:42,875 - basepage - INFO - Click back on current page.
2020-08-17 18:21:47,650 - 2 - INFO - 页面"【电脑软件】电脑软件下载_电脑装机必备软件_电脑常用软件下载_电脑软件大全-最笨下载"跳转正常,该类元素共21个，当前第17个
2020-08-17 18:21:47,900 - basepage - INFO - Click back on current page.
2020-08-17 18:21:53,124 - 2 - INFO - 页面"【电脑软件】电脑软件下载_电脑装机必备软件_电脑常用软件下载_电脑软件大全-最笨下载"跳转正常,该类元素共21个，当前第18个
2020-08-17 18:21:53,408 - basepage - INFO - Click back on current page.
2020-08-17 18:21:58,589 - 2 - INFO - 页面"【激活工具】激活windows工具_万能激活工具_windows激活工具下载_自动激活工具-最笨下载"跳转正常,该类元素共21个，当前第19个
2020-08-17 18:21:58,838 - basepage - INFO - Click back on current page.
2020-08-17 18:22:03,025 - 2 - INFO - 页面"【系统重装教程】电脑重装系统教程_电脑怎么重装系统_重装系统步骤-最笨下载"跳转正常,该类元素共21个，当前第20个
2020-08-17 18:22:03,279 - basepage - INFO - Click back on current page.
2020-08-17 18:22:07,511 - 2 - INFO - 页面"【系统重装教程】电脑重装系统教程_电脑怎么重装系统_重装系统步骤-最笨下载"跳转正常,该类元素共21个，当前第21个
2020-08-17 18:22:08,122 - basepage - INFO - Click back on current page.
2020-08-17 18:22:16,067 - 2 - INFO - 页面"家庭教师OL手游"跳转正常,该类元素共10个，当前第1个
2020-08-17 18:22:22,226 - 2 - INFO - 页面"魔女骑士团手游"跳转正常,该类元素共10个，当前第2个
2020-08-17 18:22:28,385 - 2 - INFO - 页面"决胜足球手游"跳转正常,该类元素共10个，当前第3个
2020-08-17 18:22:34,539 - 2 - INFO - 页面"少女战争手游"跳转正常,该类元素共10个，当前第4个
2020-08-17 18:22:40,700 - 2 - INFO - 页面"天神战（魔灵特权）"跳转正常,该类元素共10个，当前第5个
2020-08-17 18:22:46,862 - 2 - INFO - 页面"最Q幻想手游"跳转正常,该类元素共10个，当前第6个
2020-08-17 18:22:53,035 - 2 - INFO - 页面"霸途手游"跳转正常,该类元素共10个，当前第7个
2020-08-17 18:22:59,191 - 2 - INFO - 页面"回到三国志手游"跳转正常,该类元素共10个，当前第8个
2020-08-17 18:23:05,349 - 2 - INFO - 页面"幻游猎人手游"跳转正常,该类元素共10个，当前第9个
2020-08-17 18:23:11,499 - 2 - INFO - 页面"王者荣耀"跳转正常,该类元素共10个，当前第10个
2020-08-17 18:23:17,693 - 2 - INFO - 页面"武器之王（福利特权）"跳转正常,该类元素共20个，当前第1个
2020-08-17 18:23:23,849 - 2 - INFO - 页面"女神联盟2（送500充值）"跳转正常,该类元素共20个，当前第2个
2020-08-17 18:23:30,009 - 2 - INFO - 页面"妖神记（抽动漫周边）"跳转正常,该类元素共20个，当前第3个
2020-08-17 18:23:36,172 - 2 - INFO - 页面"天天怼三国（送千元充值）"跳转正常,该类元素共20个，当前第4个
2020-08-17 18:23:42,285 - 2 - INFO - 页面"仙灵世界（送海量连抽）"跳转正常,该类元素共20个，当前第5个
2020-08-17 18:23:48,445 - 2 - INFO - 页面"魔剑侠缘（万元兑换）"跳转正常,该类元素共20个，当前第6个
2020-08-17 18:23:54,601 - 2 - INFO - 页面"纵剑仙界（送VIP代金券）"跳转正常,该类元素共20个，当前第7个
2020-08-17 18:24:00,719 - 2 - INFO - 页面"崩坏西游（送1688元充值）"跳转正常,该类元素共20个，当前第8个
2020-08-17 18:24:06,874 - 2 - INFO - 页面"仙风道骨（送GM海量充）"跳转正常,该类元素共20个，当前第9个
2020-08-17 18:24:12,994 - 2 - INFO - 页面"天使之吻"跳转正常,该类元素共20个，当前第10个
2020-08-17 18:24:19,154 - 2 - INFO - 页面"唐门六道（送千元充值）"跳转正常,该类元素共20个，当前第11个
2020-08-17 18:24:25,272 - 2 - INFO - 页面"魔法之光（红忍海量抽）"跳转正常,该类元素共20个，当前第12个
2020-08-17 18:24:31,435 - 2 - INFO - 页面"武动九天（GM免费特权）"跳转正常,该类元素共20个，当前第13个
2020-08-17 18:24:37,587 - 2 - INFO - 页面"大话许仙（钱庄特权）"跳转正常,该类元素共20个，当前第14个
2020-08-17 18:24:43,748 - 2 - INFO - 页面"影刃传说（天天送千充）"跳转正常,该类元素共20个，当前第15个
2020-08-17 18:24:49,865 - 2 - INFO - 页面"九幽仙域（海量送充值）"跳转正常,该类元素共20个，当前第16个
2020-08-17 18:24:56,016 - 2 - INFO - 页面"皇者：至尊传奇"跳转正常,该类元素共20个，当前第17个
2020-08-17 18:25:02,133 - 2 - INFO - 页面"魔龙诀（全屏爆宝）"跳转正常,该类元素共20个，当前第18个
2020-08-17 18:25:08,294 - 2 - INFO - 页面"真江湖HD（星耀特权）"跳转正常,该类元素共20个，当前第19个
2020-08-17 18:25:14,410 - 2 - INFO - 页面"诸世王者（福利特权）"跳转正常,该类元素共20个，当前第20个
2020-08-17 18:25:22,374 - 2 - INFO - 页面"武器之王（福利特权）"跳转正常,该类元素共10个，当前第1个
2020-08-17 18:25:28,543 - 2 - INFO - 页面"女神联盟2（送500充值）"跳转正常,该类元素共10个，当前第2个
2020-08-17 18:25:34,715 - 2 - INFO - 页面"妖神记（抽动漫周边）"跳转正常,该类元素共10个，当前第3个
2020-08-17 18:25:40,873 - 2 - INFO - 页面"天天怼三国（送千元充值）"跳转正常,该类元素共10个，当前第4个
2020-08-17 18:25:47,043 - 2 - INFO - 页面"仙灵世界（送海量连抽）"跳转正常,该类元素共10个，当前第5个
2020-08-17 18:25:53,208 - 2 - INFO - 页面"魔剑侠缘（万元兑换）"跳转正常,该类元素共10个，当前第6个
2020-08-17 18:25:59,366 - 2 - INFO - 页面"纵剑仙界（送VIP代金券）"跳转正常,该类元素共10个，当前第7个
2020-08-17 18:26:05,544 - 2 - INFO - 页面"崩坏西游（送1688元充值）"跳转正常,该类元素共10个，当前第8个
2020-08-17 18:26:11,725 - 2 - INFO - 页面"仙风道骨（送GM海量充）"跳转正常,该类元素共10个，当前第9个
2020-08-17 18:26:17,853 - 2 - INFO - 页面"天使之吻"跳转正常,该类元素共10个，当前第10个
2020-08-17 18:26:24,043 - 2 - INFO - 页面"妖游记（海量送充值）"跳转正常,该类元素共20个，当前第1个
2020-08-17 18:26:30,189 - 2 - INFO - 页面"塔防西游记（送千元充值）"跳转正常,该类元素共20个，当前第2个
2020-08-17 18:26:36,350 - 2 - INFO - 页面"武器之王（福利特权）"跳转正常,该类元素共20个，当前第3个
2020-08-17 18:26:42,511 - 2 - INFO - 页面"女神联盟2（送500充值）"跳转正常,该类元素共20个，当前第4个
2020-08-17 18:26:48,666 - 2 - INFO - 页面"凡人飞仙传（充值特权）"跳转正常,该类元素共20个，当前第5个
2020-08-17 18:26:54,785 - 2 - INFO - 页面"妖神记（抽动漫周边）"跳转正常,该类元素共20个，当前第6个
2020-08-17 18:27:00,931 - 2 - INFO - 页面"天天怼三国（送千元充值）"跳转正常,该类元素共20个，当前第7个
2020-08-17 18:27:07,086 - 2 - INFO - 页面"仙灵世界（送海量连抽）"跳转正常,该类元素共20个，当前第8个
2020-08-17 18:27:13,238 - 2 - INFO - 页面"魔剑侠缘（万元兑换）"跳转正常,该类元素共20个，当前第9个
2020-08-17 18:27:19,382 - 2 - INFO - 页面"纵剑仙界（送VIP代金券）"跳转正常,该类元素共20个，当前第10个
2020-08-17 18:27:25,556 - 2 - INFO - 页面"崩坏西游（送1688元充值）"跳转正常,该类元素共20个，当前第11个
2020-08-17 18:27:31,682 - 2 - INFO - 页面"仙风道骨（送GM海量充）"跳转正常,该类元素共20个，当前第12个
2020-08-17 18:27:37,825 - 2 - INFO - 页面"天使之吻"跳转正常,该类元素共20个，当前第13个
2020-08-17 18:27:43,926 - 2 - INFO - 页面"唐门六道（送千元充值）"跳转正常,该类元素共20个，当前第14个
2020-08-17 18:27:50,097 - 2 - INFO - 页面"魔法之光（红忍海量抽）"跳转正常,该类元素共20个，当前第15个
2020-08-17 18:27:56,263 - 2 - INFO - 页面"武动九天（GM免费特权）"跳转正常,该类元素共20个，当前第16个
2020-08-17 18:28:02,409 - 2 - INFO - 页面"大话许仙（钱庄特权）"跳转正常,该类元素共20个，当前第17个
2020-08-17 18:28:08,594 - 2 - INFO - 页面"影刃传说（天天送千充）"跳转正常,该类元素共20个，当前第18个
2020-08-17 18:28:14,750 - 2 - INFO - 页面"九幽仙域（海量送充值）"跳转正常,该类元素共20个，当前第19个
2020-08-17 18:28:20,895 - 2 - INFO - 页面"皇者：至尊传奇"跳转正常,该类元素共20个，当前第20个
2020-08-17 18:28:28,861 - 2 - INFO - 页面"武器之王（福利特权）"跳转正常,该类元素共10个，当前第1个
2020-08-17 18:28:35,042 - 2 - INFO - 页面"女神联盟2（送500充值）"跳转正常,该类元素共10个，当前第2个
2020-08-17 18:28:41,188 - 2 - INFO - 页面"凡人飞仙传（充值特权）"跳转正常,该类元素共10个，当前第3个
2020-08-17 18:28:47,345 - 2 - INFO - 页面"天天怼三国（送千元充值）"跳转正常,该类元素共10个，当前第4个
2020-08-17 18:28:53,522 - 2 - INFO - 页面"仙灵世界（送海量连抽）"跳转正常,该类元素共10个，当前第5个
2020-08-17 18:28:59,687 - 2 - INFO - 页面"纵剑仙界（送VIP代金券）"跳转正常,该类元素共10个，当前第6个
2020-08-17 18:29:05,852 - 2 - INFO - 页面"唐门六道（送千元充值）"跳转正常,该类元素共10个，当前第7个
2020-08-17 18:29:12,000 - 2 - INFO - 页面"魔法之光（红忍海量抽）"跳转正常,该类元素共10个，当前第8个
2020-08-17 18:29:18,149 - 2 - INFO - 页面"武动九天（GM免费特权）"跳转正常,该类元素共10个，当前第9个
2020-08-17 18:29:24,278 - 2 - INFO - 页面"大话许仙（钱庄特权）"跳转正常,该类元素共10个，当前第10个
2020-08-17 18:29:30,445 - 2 - INFO - 页面"妖游记（海量送充值）"跳转正常,该类元素共20个，当前第1个
2020-08-17 18:29:36,611 - 2 - INFO - 页面"塔防西游记（送千元充值）"跳转正常,该类元素共20个，当前第2个
2020-08-17 18:29:42,771 - 2 - INFO - 页面"武器之王（福利特权）"跳转正常,该类元素共20个，当前第3个
2020-08-17 18:29:48,916 - 2 - INFO - 页面"女神联盟2（送500充值）"跳转正常,该类元素共20个，当前第4个
2020-08-17 18:29:55,078 - 2 - INFO - 页面"凡人飞仙传（充值特权）"跳转正常,该类元素共20个，当前第5个
2020-08-17 18:30:01,250 - 2 - INFO - 页面"妖神记（抽动漫周边）"跳转正常,该类元素共20个，当前第6个
2020-08-17 18:30:07,364 - 2 - INFO - 页面"天天怼三国（送千元充值）"跳转正常,该类元素共20个，当前第7个
2020-08-17 18:30:13,534 - 2 - INFO - 页面"仙灵世界（送海量连抽）"跳转正常,该类元素共20个，当前第8个
2020-08-17 18:30:19,635 - 2 - INFO - 页面"魔剑侠缘（万元兑换）"跳转正常,该类元素共20个，当前第9个
2020-08-17 18:30:25,787 - 2 - INFO - 页面"纵剑仙界（送VIP代金券）"跳转正常,该类元素共20个，当前第10个
2020-08-17 18:30:31,969 - 2 - INFO - 页面"崩坏西游（送1688元充值）"跳转正常,该类元素共20个，当前第11个
2020-08-17 18:30:38,137 - 2 - INFO - 页面"仙风道骨（送GM海量充）"跳转正常,该类元素共20个，当前第12个
2020-08-17 18:30:44,283 - 2 - INFO - 页面"天使之吻"跳转正常,该类元素共20个，当前第13个
2020-08-17 18:30:50,448 - 2 - INFO - 页面"唐门六道（送千元充值）"跳转正常,该类元素共20个，当前第14个
2020-08-17 18:30:56,621 - 2 - INFO - 页面"魔法之光（红忍海量抽）"跳转正常,该类元素共20个，当前第15个
2020-08-17 18:31:02,785 - 2 - INFO - 页面"武动九天（GM免费特权）"跳转正常,该类元素共20个，当前第16个
2020-08-17 18:31:08,947 - 2 - INFO - 页面"大话许仙（钱庄特权）"跳转正常,该类元素共20个，当前第17个
2020-08-17 18:31:15,093 - 2 - INFO - 页面"影刃传说（天天送千充）"跳转正常,该类元素共20个，当前第18个
2020-08-17 18:31:21,237 - 2 - INFO - 页面"九幽仙域（海量送充值）"跳转正常,该类元素共20个，当前第19个
2020-08-17 18:31:27,425 - 2 - INFO - 页面"皇者：至尊传奇"跳转正常,该类元素共20个，当前第20个
2020-08-17 18:31:36,166 - 2 - INFO - 页面"【最笨周末活动】8.7 周末活动海量惊喜等你来拿"跳转正常,该类元素共1个，当前第1个
2020-08-17 18:31:36,729 - basepage - INFO - Click back on current page.
2020-08-17 18:31:42,465 - 2 - INFO - 页面"【武动九天（GM免费特权）】上线满V，8W8绑元和"跳转正常,该类元素共1个，当前第1个
2020-08-17 18:31:42,681 - basepage - INFO - Click back on current page.
2020-08-17 18:31:49,060 - 2 - INFO - 页面"【梦幻沙城（海量抽充值）】上线即送GM2商城特"跳转正常,该类元素共1个，当前第1个
2020-08-17 18:31:49,558 - basepage - INFO - Click back on current page.
2020-08-17 18:31:56,119 - 2 - INFO - 页面"【六界仙尊（送充值）】上线直送VIP12，送88888元"跳转正常,该类元素共1个，当前第1个
2020-08-17 18:31:56,342 - basepage - INFO - Click back on current page.
2020-08-17 18:32:02,250 - 2 - INFO - 页面"【唐门六道（送千元充值）】上线送满级VIP19、礼"跳转正常,该类元素共1个，当前第1个
2020-08-17 18:32:02,733 - basepage - INFO - Click back on current page.
2020-08-17 18:32:08,499 - 2 - INFO - 页面"【武器之王（福利特权）】上线送VIP10,50万福利钻"跳转正常,该类元素共1个，当前第1个
2020-08-17 18:32:08,720 - basepage - INFO - Click back on current page.
2020-08-17 18:32:14,002 - 2 - INFO - 页面"天途（折扣特权）"跳转正常,该类元素共12个，当前第1个
2020-08-17 18:32:14,226 - basepage - INFO - Click back on current page.
2020-08-17 18:32:18,673 - 2 - INFO - 页面"妖游记（海量送充值）"跳转正常,该类元素共12个，当前第2个
2020-08-17 18:32:18,906 - basepage - INFO - Click back on current page.
2020-08-17 18:32:23,308 - 2 - INFO - 页面"塔防西游记（送千元充值）"跳转正常,该类元素共12个，当前第3个
2020-08-17 18:32:23,533 - basepage - INFO - Click back on current page.
2020-08-17 18:32:29,156 - 2 - INFO - 页面"天行道（送SR百抽充值劵）"跳转正常,该类元素共12个，当前第4个
2020-08-17 18:32:29,368 - basepage - INFO - Click back on current page.
2020-08-17 18:32:34,390 - 2 - INFO - 页面"大国战"跳转正常,该类元素共12个，当前第5个
2020-08-17 18:32:34,894 - basepage - INFO - Click back on current page.
2020-08-17 18:32:39,966 - 2 - INFO - 页面"武龙争道（送海量红将）"跳转正常,该类元素共12个，当前第6个
2020-08-17 18:32:40,182 - basepage - INFO - Click back on current page.
2020-08-17 18:32:45,207 - 2 - INFO - 页面"斗战三国志（送328充值）"跳转正常,该类元素共12个，当前第7个
2020-08-17 18:32:45,423 - basepage - INFO - Click back on current page.
2020-08-17 18:32:50,542 - 2 - INFO - 页面"炫斗英雄（送648充值）"跳转正常,该类元素共12个，当前第8个
2020-08-17 18:32:50,800 - basepage - INFO - Click back on current page.
2020-08-17 18:32:55,901 - 2 - INFO - 页面"次元幻境（送海量寻宝）"跳转正常,该类元素共12个，当前第9个
2020-08-17 18:32:56,110 - basepage - INFO - Click back on current page.
2020-08-17 18:33:01,186 - 2 - INFO - 页面"萌神战姬（送千元充值）"跳转正常,该类元素共12个，当前第10个
2020-08-17 18:33:01,401 - basepage - INFO - Click back on current page.
2020-08-17 18:33:06,505 - 2 - INFO - 页面"小小三国无双（送千抽）"跳转正常,该类元素共12个，当前第11个
2020-08-17 18:33:06,720 - basepage - INFO - Click back on current page.
2020-08-17 18:33:11,844 - 2 - INFO - 页面"忍者学园"跳转正常,该类元素共12个，当前第12个
2020-08-17 18:33:12,136 - basepage - INFO - Click back on current page.
2020-08-17 18:33:18,037 - 2 - INFO - 页面"魔兽世界怀旧服2020年6月7日人口普查一览"跳转正常,该类元素共2个，当前第1个
2020-08-17 18:33:18,539 - basepage - INFO - Click back on current page.
2020-08-17 18:33:25,898 - 2 - INFO - 页面"DNF萌噬噬宠物属性怎么样？萌噬噬属性介绍"跳转正常,该类元素共2个，当前第2个
2020-08-17 18:33:26,112 - basepage - INFO - Click back on current page.
2020-08-17 18:33:33,429 - 2 - INFO - 页面"大千世界奇艺碎片怎么获得 奇艺碎片的获得方法及作用介绍-最笨下载"跳转正常,该类元素共14个，当前第1个
2020-08-17 18:33:33,644 - basepage - INFO - Click back on current page.
2020-08-17 18:33:40,404 - 2 - INFO - 页面"炉石传说通灵学院任务萨卡组怎么搭配 任务萨卡组推荐-最笨下载"跳转正常,该类元素共14个，当前第2个
2020-08-17 18:33:40,951 - basepage - INFO - Click back on current page.
2020-08-17 18:33:48,051 - 2 - INFO - 页面"炉石传说通灵学院扫把脏牧卡组怎么搭配 扫把脏牧卡组推荐-最笨下载"跳转正常,该类元素共14个，当前第3个
2020-08-17 18:33:48,268 - basepage - INFO - Click back on current page.
2020-08-17 18:33:54,974 - 2 - INFO - 页面"炉石传说通灵学院祈求战卡组怎么搭配 祈求战卡组推荐-最笨下载"跳转正常,该类元素共14个，当前第4个
2020-08-17 18:33:55,463 - basepage - INFO - Click back on current page.
2020-08-17 18:34:02,146 - 2 - INFO - 页面"迷你世界8月14日皮肤激活码分享-最笨下载"跳转正常,该类元素共14个，当前第5个
2020-08-17 18:34:02,373 - basepage - INFO - Click back on current page.
2020-08-17 18:34:09,632 - 2 - INFO - 页面"崩坏3华为雷鸣彻空突击礼包兑换码分享-最笨下载"跳转正常,该类元素共14个，当前第6个
2020-08-17 18:34:10,097 - basepage - INFO - Click back on current page.
2020-08-17 18:34:17,392 - 2 - INFO - 页面"下一站江湖结局有哪些 全结局触发条件介绍-最笨下载"跳转正常,该类元素共14个，当前第7个
2020-08-17 18:34:17,619 - basepage - INFO - Click back on current page.
2020-08-17 18:34:25,007 - 2 - INFO - 页面"跑跑卡丁车手游S8赛季奖励有哪些 S8赛季奖励一览-最笨下载"跳转正常,该类元素共14个，当前第8个
2020-08-17 18:34:25,230 - basepage - INFO - Click back on current page.
2020-08-17 18:34:32,615 - 2 - INFO - 页面"火影忍者手游白漂泊武士登场礼包分享-最笨下载"跳转正常,该类元素共14个，当前第9个
2020-08-17 18:34:33,132 - basepage - INFO - Click back on current page.
2020-08-17 18:34:39,885 - 2 - INFO - 页面"王者荣耀夏日盛典皮肤兑换推荐-最笨下载"跳转正常,该类元素共14个，当前第10个
2020-08-17 18:34:40,106 - basepage - INFO - Click back on current page.
2020-08-17 18:34:47,271 - 2 - INFO - 页面"王者荣耀曜FMVP永久皮肤礼包分享-最笨下载"跳转正常,该类元素共14个，当前第11个
2020-08-17 18:34:47,504 - basepage - INFO - Click back on current page.
2020-08-17 18:34:54,850 - 2 - INFO - 页面"香肠派对S6冥王身份卡怎么样 冥王身份卡技能介绍-最笨下载"跳转正常,该类元素共14个，当前第12个
2020-08-17 18:34:55,293 - basepage - INFO - Click back on current page.
2020-08-17 18:35:02,403 - 2 - INFO - 页面"奇迹暖暖素盏仙缘套装怎么样 素盏仙缘套装介绍-最笨下载"跳转正常,该类元素共14个，当前第13个
2020-08-17 18:35:02,626 - basepage - INFO - Click back on current page.
2020-08-17 18:35:09,820 - 2 - INFO - 页面"我的世界me终端怎么用 me终端使用攻略-最笨下载"跳转正常,该类元素共14个，当前第14个
2020-08-17 18:35:10,040 - basepage - INFO - Click back on current page.
2020-08-17 18:35:18,813 - 2 - INFO - 页面"2020阴阳师7月新式神紧那罗即将上线 高颜值紧那"跳转正常,该类元素共2个，当前第1个
2020-08-17 18:35:19,307 - basepage - INFO - Click back on current page.
2020-08-17 18:35:26,532 - 2 - INFO - 页面"英雄联盟2020灵魂莲华皮肤原画汇总"跳转正常,该类元素共2个，当前第2个
2020-08-17 18:35:26,748 - basepage - INFO - Click back on current page.
2020-08-17 18:35:33,271 - 2 - INFO - 页面"满vip版手游_手游sf送顶级vip_满级vip无限元宝手游下载-最笨下载"跳转正常,该类元素共28个，当前第1个
2020-08-17 18:35:33,495 - basepage - INFO - Click back on current page.
2020-08-17 18:35:40,263 - 2 - INFO - 页面"妖游记（海量送充值）_妖游记（海量送充值）无限元宝服_SF变态版妖游记（海量送充值）公益服下载 - 最笨下载"跳转正常,该类元素共28个，当前第2个
2020-08-17 18:35:40,851 - basepage - INFO - Click back on current page.
2020-08-17 18:35:47,354 - 2 - INFO - 页面"变态手游公益服_bt手游变态服_无限元宝bt手游下载_BT手游中心-最笨下载"跳转正常,该类元素共28个，当前第3个
2020-08-17 18:35:47,577 - basepage - INFO - Click back on current page.
2020-08-17 18:35:54,338 - 2 - INFO - 页面"塔防西游记（送千元充值）_塔防西游记（送千元充值）无限元宝服_SF变态版塔防西游记（送千元充值）公益服下载 - 最笨下载"跳转正常,该类元素共28个，当前第4个
2020-08-17 18:35:55,002 - basepage - INFO - Click back on current page.
2020-08-17 18:36:01,469 - 2 - INFO - 页面"变态手游公益服_bt手游变态服_无限元宝bt手游下载_BT手游中心-最笨下载"跳转正常,该类元素共28个，当前第5个
2020-08-17 18:36:01,701 - basepage - INFO - Click back on current page.
2020-08-17 18:36:08,529 - 2 - INFO - 页面"武器之王（福利特权）_武器之王（福利特权）无限元宝服_SF变态版武器之王（福利特权）公益服下载 - 最笨下载"跳转正常,该类元素共28个，当前第6个
2020-08-17 18:36:09,029 - basepage - INFO - Click back on current page.
2020-08-17 18:36:15,504 - 2 - INFO - 页面"满vip版手游_手游sf送顶级vip_满级vip无限元宝手游下载-最笨下载"跳转正常,该类元素共28个，当前第7个
2020-08-17 18:36:15,723 - basepage - INFO - Click back on current page.
2020-08-17 18:36:22,444 - 2 - INFO - 页面"女神联盟2（送500充值）_女神联盟2（送500充值）无限元宝服_SF变态版女神联盟2（送500充值）公益服下载 - 最笨下载"跳转正常,该类元素共28个，当前第8个
2020-08-17 18:36:22,961 - basepage - INFO - Click back on current page.
2020-08-17 18:36:29,421 - 2 - INFO - 页面"变态手游公益服_bt手游变态服_无限元宝bt手游下载_BT手游中心-最笨下载"跳转正常,该类元素共28个，当前第9个
2020-08-17 18:36:29,655 - basepage - INFO - Click back on current page.
2020-08-17 18:36:36,361 - 2 - INFO - 页面"凡人飞仙传（充值特权）_凡人飞仙传（充值特权）无限元宝服_SF变态版凡人飞仙传（充值特权）公益服下载 - 最笨下载"跳转正常,该类元素共28个，当前第10个
2020-08-17 18:36:36,857 - basepage - INFO - Click back on current page.
2020-08-17 18:36:43,364 - 2 - INFO - 页面"变态手游公益服_bt手游变态服_无限元宝bt手游下载_BT手游中心-最笨下载"跳转正常,该类元素共28个，当前第11个
2020-08-17 18:36:43,587 - basepage - INFO - Click back on current page.
2020-08-17 18:36:50,291 - 2 - INFO - 页面"妖神记（抽动漫周边）_妖神记（抽动漫周边）无限元宝服_SF变态版妖神记（抽动漫周边）公益服下载 - 最笨下载"跳转正常,该类元素共28个，当前第12个
2020-08-17 18:36:50,783 - basepage - INFO - Click back on current page.
2020-08-17 18:36:57,303 - 2 - INFO - 页面"变态手游公益服_bt手游变态服_无限元宝bt手游下载_BT手游中心-最笨下载"跳转正常,该类元素共28个，当前第13个
2020-08-17 18:36:57,618 - basepage - INFO - Click back on current page.
2020-08-17 18:37:04,389 - 2 - INFO - 页面"天天怼三国（送千元充值）_天天怼三国（送千元充值）无限元宝服_SF变态版天天怼三国（送千元充值）公益服下载 - 最笨下载"跳转正常,该类元素共28个，当前第14个
2020-08-17 18:37:04,817 - basepage - INFO - Click back on current page.
2020-08-17 18:37:11,293 - 2 - INFO - 页面"满vip版手游_手游sf送顶级vip_满级vip无限元宝手游下载-最笨下载"跳转正常,该类元素共28个，当前第15个
2020-08-17 18:37:11,510 - basepage - INFO - Click back on current page.
2020-08-17 18:37:18,291 - 2 - INFO - 页面"仙灵世界（送海量连抽）_仙灵世界（送海量连抽）无限元宝服_SF变态版仙灵世界（送海量连抽）公益服下载 - 最笨下载"跳转正常,该类元素共28个，当前第16个
2020-08-17 18:37:18,514 - basepage - INFO - Click back on current page.
2020-08-17 18:37:24,995 - 2 - INFO - 页面"满vip版手游_手游sf送顶级vip_满级vip无限元宝手游下载-最笨下载"跳转正常,该类元素共28个，当前第17个
2020-08-17 18:37:25,409 - basepage - INFO - Click back on current page.
2020-08-17 18:37:32,160 - 2 - INFO - 页面"魔剑侠缘（万元兑换）_魔剑侠缘（万元兑换）无限元宝服_SF变态版魔剑侠缘（万元兑换）公益服下载 - 最笨下载"跳转正常,该类元素共28个，当前第18个
2020-08-17 18:37:32,386 - basepage - INFO - Click back on current page.
2020-08-17 18:37:38,895 - 2 - INFO - 页面"变态手游公益服_bt手游变态服_无限元宝bt手游下载_BT手游中心-最笨下载"跳转正常,该类元素共28个，当前第19个
2020-08-17 18:37:39,401 - basepage - INFO - Click back on current page.
2020-08-17 18:39:42,917 - 2 - INFO - 页面"纵剑仙界（送VIP代金券）_纵剑仙界（送VIP代金券）无限元宝服_SF变态版纵剑仙界（送VIP代金券）公益服下载 - 最笨下载"跳转正常,该类元素共28个，当前第20个
2020-08-17 18:39:45,061 - basepage - INFO - Click back on current page.
2020-08-17 18:39:51,508 - 2 - INFO - 页面"满vip版手游_手游sf送顶级vip_满级vip无限元宝手游下载-最笨下载"跳转正常,该类元素共28个，当前第21个
2020-08-17 18:39:51,730 - basepage - INFO - Click back on current page.
2020-08-17 18:39:58,609 - 2 - INFO - 页面"崩坏西游（送1688元充值）_崩坏西游（送1688元充值）无限元宝服_SF变态版崩坏西游（送1688元充值）公益服下载 - 最笨下载"跳转正常,该类元素共28个，当前第22个
2020-08-17 18:39:59,063 - basepage - INFO - Click back on current page.
2020-08-17 18:40:05,497 - 2 - INFO - 页面"满vip版手游_手游sf送顶级vip_满级vip无限元宝手游下载-最笨下载"跳转正常,该类元素共28个，当前第23个
2020-08-17 18:40:05,725 - basepage - INFO - Click back on current page.
2020-08-17 18:40:12,436 - 2 - INFO - 页面"仙风道骨（送GM海量充）_仙风道骨（送GM海量充）无限元宝服_SF变态版仙风道骨（送GM海量充）公益服下载 - 最笨下载"跳转正常,该类元素共28个，当前第24个
2020-08-17 18:40:12,947 - basepage - INFO - Click back on current page.
2020-08-17 18:40:19,401 - 2 - INFO - 页面"变态手游公益服_bt手游变态服_无限元宝bt手游下载_BT手游中心-最笨下载"跳转正常,该类元素共28个，当前第25个
2020-08-17 18:40:19,615 - basepage - INFO - Click back on current page.
2020-08-17 18:40:26,441 - 2 - INFO - 页面"天使之吻_天使之吻无限元宝服_SF变态版天使之吻公益服下载 - 最笨下载"跳转正常,该类元素共28个，当前第26个
2020-08-17 18:40:26,897 - basepage - INFO - Click back on current page.
2020-08-17 18:40:33,350 - 2 - INFO - 页面"满vip版手游_手游sf送顶级vip_满级vip无限元宝手游下载-最笨下载"跳转正常,该类元素共28个，当前第27个
2020-08-17 18:40:33,607 - basepage - INFO - Click back on current page.
2020-08-17 18:40:40,362 - 2 - INFO - 页面"唐门六道（送千元充值）_唐门六道（送千元充值）无限元宝服_SF变态版唐门六道（送千元充值）公益服下载 - 最笨下载"跳转正常,该类元素共28个，当前第28个
2020-08-17 18:40:40,911 - basepage - INFO - Click back on current page.
2020-08-17 18:40:49,214 - 2 - INFO - 页面"回复女朋友的软件叫什么"跳转正常,该类元素共2个，当前第1个
2020-08-17 18:40:49,424 - basepage - INFO - Click back on current page.
2020-08-17 18:40:56,722 - 2 - INFO - 页面"抖音聊天的软件叫什么"跳转正常,该类元素共2个，当前第2个
2020-08-17 18:40:57,147 - basepage - INFO - Click back on current page.
2020-08-17 18:41:03,702 - 2 - INFO - 页面"【苹果娱乐软件】iPhone手机娱乐软件_iPhone娱乐软件免费下载大全-最笨下载"跳转正常,该类元素共28个，当前第1个
2020-08-17 18:41:04,039 - basepage - INFO - Click back on current page.
2020-08-17 18:41:10,750 - 2 - INFO - 页面"最笨游戏盒子iOS版_最笨游戏盒子iOS版下载_最笨游戏盒子iOS版官方下载-最笨下载"跳转正常,该类元素共28个，当前第2个
2020-08-17 18:41:10,964 - basepage - INFO - Click back on current page.
2020-08-17 18:41:17,475 - 2 - INFO - 页面"【安卓娱乐软件】安卓娱乐软件下载_安卓娱乐软件推荐_安卓娱乐软件大全-最笨下载"跳转正常,该类元素共28个，当前第3个
2020-08-17 18:41:18,005 - basepage - INFO - Click back on current page.
2020-08-17 18:41:31,692 - 2 - INFO - 页面"最笨游戏盒子_最笨游戏盒子下载_最笨游戏盒子官方下载-最笨下载"跳转正常,该类元素共28个，当前第4个
2020-08-17 18:41:32,093 - basepage - INFO - Click back on current page.
2020-08-17 18:41:38,612 - 2 - INFO - 页面"【安卓聊天软件】安卓聊天软件下载_安卓聊天软件排行_安卓聊天软件大全-最笨下载"跳转正常,该类元素共28个，当前第5个
2020-08-17 18:41:38,841 - basepage - INFO - Click back on current page.
2020-08-17 18:41:46,163 - 2 - INFO - 页面"蜜小助_蜜小助下载_蜜小助官方下载-最笨下载"跳转正常,该类元素共28个，当前第6个
2020-08-17 18:41:46,372 - basepage - INFO - Click back on current page.
2020-08-17 18:41:52,824 - 2 - INFO - 页面"【安卓娱乐软件】安卓娱乐软件下载_安卓娱乐软件推荐_安卓娱乐软件大全-最笨下载"跳转正常,该类元素共28个，当前第7个
2020-08-17 18:41:53,288 - basepage - INFO - Click back on current page.
2020-08-17 18:42:00,030 - 2 - INFO - 页面"3733游戏盒子_3733游戏盒子下载_3733游戏盒子官方下载-最笨下载"跳转正常,该类元素共28个，当前第8个
2020-08-17 18:42:00,429 - basepage - INFO - Click back on current page.
2020-08-17 18:42:06,861 - 2 - INFO - 页面"【安卓聊天软件】安卓聊天软件下载_安卓聊天软件排行_安卓聊天软件大全-最笨下载"跳转正常,该类元素共28个，当前第9个
2020-08-17 18:42:07,410 - basepage - INFO - Click back on current page.
2020-08-17 18:42:14,387 - 2 - INFO - 页面"土味情话_土味情话下载_土味情话官方下载-最笨下载"跳转正常,该类元素共28个，当前第10个
2020-08-17 18:42:14,598 - basepage - INFO - Click back on current page.
2020-08-17 18:42:21,057 - 2 - INFO - 页面"【安卓聊天软件】安卓聊天软件下载_安卓聊天软件排行_安卓聊天软件大全-最笨下载"跳转正常,该类元素共28个，当前第11个
2020-08-17 18:42:21,498 - basepage - INFO - Click back on current page.
2020-08-17 18:42:29,393 - 2 - INFO - 页面"恋爱话术_恋爱话术下载_恋爱话术官方下载-最笨下载"跳转正常,该类元素共28个，当前第12个
2020-08-17 18:42:29,605 - basepage - INFO - Click back on current page.
2020-08-17 18:42:36,053 - 2 - INFO - 页面"【安卓聊天软件】安卓聊天软件下载_安卓聊天软件排行_安卓聊天软件大全-最笨下载"跳转正常,该类元素共28个，当前第13个
2020-08-17 18:42:36,520 - basepage - INFO - Click back on current page.
2020-08-17 18:42:43,535 - 2 - INFO - 页面"土味情话社_土味情话社下载_土味情话社官方下载-最笨下载"跳转正常,该类元素共28个，当前第14个
2020-08-17 18:42:43,756 - basepage - INFO - Click back on current page.
2020-08-17 18:42:50,656 - 2 - INFO - 页面"【安卓阅读软件】安卓阅读软件下载_安卓阅读软件哪个好_安卓阅读软件排行-最笨下载"跳转正常,该类元素共28个，当前第15个
2020-08-17 18:42:50,872 - basepage - INFO - Click back on current page.
2020-08-17 18:42:57,920 - 2 - INFO - 页面"吾爱看书_吾爱看书下载_吾爱看书官方下载-最笨下载"跳转正常,该类元素共28个，当前第16个
2020-08-17 18:42:58,378 - basepage - INFO - Click back on current page.
2020-08-17 18:43:05,232 - 2 - INFO - 页面"【苹果阅读软件】iPhone手机阅读软件_iPhone阅读软件免费下载大全-最笨下载"跳转正常,该类元素共28个，当前第17个
2020-08-17 18:43:05,444 - basepage - INFO - Click back on current page.
2020-08-17 18:43:12,373 - 2 - INFO - 页面"吾爱看书ios版_吾爱看书ios版下载_吾爱看书ios版官方下载-最笨下载"跳转正常,该类元素共28个，当前第18个
2020-08-17 18:43:12,578 - basepage - INFO - Click back on current page.
2020-08-17 18:43:19,026 - 2 - INFO - 页面"【安卓聊天软件】安卓聊天软件下载_安卓聊天软件排行_安卓聊天软件大全-最笨下载"跳转正常,该类元素共28个，当前第19个
2020-08-17 18:43:19,559 - basepage - INFO - Click back on current page.
2020-08-17 18:43:26,194 - 2 - INFO - 页面"恋爱话术库_恋爱话术库下载_恋爱话术库官方下载-最笨下载"跳转正常,该类元素共28个，当前第20个
2020-08-17 18:43:26,401 - basepage - INFO - Click back on current page.
2020-08-17 18:43:32,846 - 2 - INFO - 页面"【安卓聊天软件】安卓聊天软件下载_安卓聊天软件排行_安卓聊天软件大全-最笨下载"跳转正常,该类元素共28个，当前第21个
2020-08-17 18:43:33,302 - basepage - INFO - Click back on current page.
2020-08-17 18:43:40,089 - 2 - INFO - 页面"撩吧_撩吧下载_撩吧官方下载-最笨下载"跳转正常,该类元素共28个，当前第22个
2020-08-17 18:43:40,298 - basepage - INFO - Click back on current page.
2020-08-17 18:43:46,750 - 2 - INFO - 页面"【安卓聊天软件】安卓聊天软件下载_安卓聊天软件排行_安卓聊天软件大全-最笨下载"跳转正常,该类元素共28个，当前第23个
2020-08-17 18:43:47,292 - basepage - INFO - Click back on current page.
2020-08-17 18:43:54,897 - 2 - INFO - 页面"遇知音_遇知音下载_遇知音官方下载-最笨下载"跳转正常,该类元素共28个，当前第24个
2020-08-17 18:43:55,106 - basepage - INFO - Click back on current page.
2020-08-17 18:44:01,571 - 2 - INFO - 页面"【安卓聊天软件】安卓聊天软件下载_安卓聊天软件排行_安卓聊天软件大全-最笨下载"跳转正常,该类元素共28个，当前第25个
2020-08-17 18:44:02,074 - basepage - INFO - Click back on current page.
2020-08-17 18:44:08,999 - 2 - INFO - 页面"脱单大师_脱单大师下载_脱单大师官方下载-最笨下载"跳转正常,该类元素共28个，当前第26个
2020-08-17 18:44:09,209 - basepage - INFO - Click back on current page.
2020-08-17 18:44:15,666 - 2 - INFO - 页面"【安卓聊天软件】安卓聊天软件下载_安卓聊天软件排行_安卓聊天软件大全-最笨下载"跳转正常,该类元素共28个，当前第27个
2020-08-17 18:44:15,893 - basepage - INFO - Click back on current page.
2020-08-17 18:44:23,025 - 2 - INFO - 页面"爱情套路_爱情套路下载_爱情套路官方下载-最笨下载"跳转正常,该类元素共28个，当前第28个
2020-08-17 18:44:23,509 - basepage - INFO - Click back on current page.
2020-08-17 18:44:33,405 - 2 - INFO - 页面"【安卓播放器】安卓播放器下载_安卓播放器哪个最好_安卓播放器下载排行-最笨下载"跳转正常,该类元素共19个，当前第1个
2020-08-17 18:44:33,889 - basepage - INFO - Click back on current page.
2020-08-17 18:44:40,887 - 2 - INFO - 页面"【安卓学习软件】安卓学习软件下载_安卓学习软件免费下载_安卓学习软件大全-最笨下载"跳转正常,该类元素共19个，当前第2个
2020-08-17 18:44:41,231 - basepage - INFO - Click back on current page.
2020-08-17 18:44:48,406 - 2 - INFO - 页面"【安卓辅助软件】安卓辅助软件下载_安卓辅助软件推荐_安卓辅助软件大全-最笨下载"跳转正常,该类元素共19个，当前第3个
2020-08-17 18:44:48,635 - basepage - INFO - Click back on current page.
2020-08-17 18:44:55,591 - 2 - INFO - 页面"【安卓输入法】安卓输入法下载_安卓输入法哪个好_安卓输入法怎么用-最笨下载"跳转正常,该类元素共19个，当前第4个
2020-08-17 18:44:56,096 - basepage - INFO - Click back on current page.
2020-08-17 18:45:03,066 - 2 - INFO - 页面"【安卓通信软件】安卓通信软件下载_安卓通信软件推荐_安卓通信软件大全-最笨下载"跳转正常,该类元素共19个，当前第5个
2020-08-17 18:45:03,290 - basepage - INFO - Click back on current page.
2020-08-17 18:45:10,505 - 2 - INFO - 页面"【安卓固件】安卓固件下载_安卓固件包下载_安卓固件管理器-最笨下载"跳转正常,该类元素共19个，当前第6个
2020-08-17 18:45:10,725 - basepage - INFO - Click back on current page.
2020-08-17 18:45:17,746 - 2 - INFO - 页面"【安卓文件管理器】安卓文件管理器下载_安卓文件管理器哪个好_安卓文件管理器中文版-最笨下载"跳转正常,该类元素共19个，当前第7个
2020-08-17 18:45:18,248 - basepage - INFO - Click back on current page.
2020-08-17 18:45:25,499 - 2 - INFO - 页面"【安卓同步软件】安卓同步软件下载_安卓同步软件哪个好_安卓手机同步软件-最笨下载"跳转正常,该类元素共19个，当前第8个
2020-08-17 18:45:25,722 - basepage - INFO - Click back on current page.
2020-08-17 18:45:32,975 - 2 - INFO - 页面"【安卓办公软件】安卓办公软件下载_安卓办公软件哪个好_安卓办公软件哪种最好-最笨下载"跳转正常,该类元素共19个，当前第9个
2020-08-17 18:45:33,197 - basepage - INFO - Click back on current page.
2020-08-17 18:45:40,478 - 2 - INFO - 页面"【安卓理财软件】安卓理财软件下载_安卓理财软件哪个好_安卓理财软件大全-最笨下载"跳转正常,该类元素共19个，当前第10个
2020-08-17 18:45:40,942 - basepage - INFO - Click back on current page.
2020-08-17 18:45:47,926 - 2 - INFO - 页面"【安卓备份软件】安卓备份软件下载_安卓备份软件哪个好_安卓手机备份软件-最笨下载"跳转正常,该类元素共19个，当前第11个
2020-08-17 18:45:48,169 - basepage - INFO - Click back on current page.
2020-08-17 18:45:55,411 - 2 - INFO - 页面"【安卓跑步软件】安卓跑步软件下载_安卓跑步软件哪个好_安卓跑步软件大全-最笨下载"跳转正常,该类元素共19个，当前第12个
2020-08-17 18:45:55,632 - basepage - INFO - Click back on current page.
2020-08-17 18:46:02,952 - 2 - INFO - 页面"【安卓健康管理软件】安卓健康管理软件下载_安卓健康管理软件推荐_安卓健康管理软件大全-最笨下载"跳转正常,该类元素共19个，当前第13个
2020-08-17 18:46:03,454 - basepage - INFO - Click back on current page.
2020-08-17 18:46:10,352 - 2 - INFO - 页面"【安卓系统软件】安卓系统软件下载_安卓系统软件免费下载_安卓系统软件下载工具-最笨下载"跳转正常,该类元素共19个，当前第14个
2020-08-17 18:46:10,572 - basepage - INFO - Click back on current page.
2020-08-17 18:46:17,037 - 2 - INFO - 页面"【安卓聊天软件】安卓聊天软件下载_安卓聊天软件排行_安卓聊天软件大全-最笨下载"跳转正常,该类元素共19个，当前第15个
2020-08-17 18:46:17,256 - basepage - INFO - Click back on current page.
2020-08-17 18:46:24,188 - 2 - INFO - 页面"【安卓应用软件】安卓应用软件排行_好玩的安卓应用软件_好用的安卓应用软件-最笨下载"跳转正常,该类元素共19个，当前第16个
2020-08-17 18:46:24,646 - basepage - INFO - Click back on current page.
2020-08-17 18:46:31,128 - 2 - INFO - 页面"【安卓娱乐软件】安卓娱乐软件下载_安卓娱乐软件推荐_安卓娱乐软件大全-最笨下载"跳转正常,该类元素共19个，当前第17个
2020-08-17 18:46:31,339 - basepage - INFO - Click back on current page.
2020-08-17 18:46:38,504 - 2 - INFO - 页面"【安卓导航软件】安卓导航软件下载_安卓导航软件哪个好_安卓导航软件排名-最笨下载"跳转正常,该类元素共19个，当前第18个
2020-08-17 18:46:38,997 - basepage - INFO - Click back on current page.
2020-08-17 18:46:46,229 - 2 - INFO - 页面"【安卓网络软件】安卓网络软件下载_安卓网络软件推荐_安卓网络软件大全-最笨下载"跳转正常,该类元素共19个，当前第19个
2020-08-17 18:46:46,458 - basepage - INFO - Click back on current page.
2020-08-17 18:46:54,850 - 2 - INFO - 页面"3733手游游戏平台_3733手游游戏平台下载_3733手游游戏平台官方下载-最笨下载"跳转正常,该类元素共18个，当前第1个
2020-08-17 18:47:00,979 - 2 - INFO - 页面"安致手游游戏平台_安致手游游戏平台下载_安致手游游戏平台官方下载-最笨下载"跳转正常,该类元素共18个，当前第2个
2020-08-17 18:47:07,144 - 2 - INFO - 页面"蜜小助会员破解版_蜜小助会员破解版下载_蜜小助会员破解版官方下载-最笨下载"跳转正常,该类元素共18个，当前第3个
2020-08-17 18:47:13,280 - 2 - INFO - 页面"蜜小助vip破解版_蜜小助vip破解版下载_蜜小助vip破解版官方下载-最笨下载"跳转正常,该类元素共18个，当前第4个
2020-08-17 18:47:19,432 - 2 - INFO - 页面"蜜小助内购版_蜜小助内购版下载_蜜小助内购版官方下载-最笨下载"跳转正常,该类元素共18个，当前第5个
2020-08-17 18:47:25,562 - 2 - INFO - 页面"聊天套路安卓版_聊天套路安卓版下载_聊天套路安卓版官方下载-最笨下载"跳转正常,该类元素共18个，当前第6个
2020-08-17 18:47:31,721 - 2 - INFO - 页面"聊天套路破解版_聊天套路破解版下载_聊天套路破解版官方下载-最笨下载"跳转正常,该类元素共18个，当前第7个
2020-08-17 18:47:37,862 - 2 - INFO - 页面"聊天套路软件_聊天套路软件下载_聊天套路软件官方下载-最笨下载"跳转正常,该类元素共18个，当前第8个
2020-08-17 18:47:43,977 - 2 - INFO - 页面"聊天套路_聊天套路下载_聊天套路官方下载-最笨下载"跳转正常,该类元素共18个，当前第9个
2020-08-17 18:47:50,132 - 2 - INFO - 页面"信息回复神器_信息回复神器下载_信息回复神器官方下载-最笨下载"跳转正常,该类元素共18个，当前第10个
2020-08-17 18:47:56,309 - 2 - INFO - 页面"消息回复神器_消息回复神器下载_消息回复神器官方下载-最笨下载"跳转正常,该类元素共18个，当前第11个
2020-08-17 18:48:02,445 - 2 - INFO - 页面"消息回复辅助神器_消息回复辅助神器下载_消息回复辅助神器官方下载-最笨下载"跳转正常,该类元素共18个，当前第12个
2020-08-17 18:48:08,579 - 2 - INFO - 页面"回复神器_回复神器下载_回复神器官方下载-最笨下载"跳转正常,该类元素共18个，当前第13个
2020-08-17 18:48:14,717 - 2 - INFO - 页面"神撩话术大全库_神撩话术大全库下载_神撩话术大全库官方下载-最笨下载"跳转正常,该类元素共18个，当前第14个
2020-08-17 18:48:20,813 - 2 - INFO - 页面"扑鹿_扑鹿下载_扑鹿官方下载-最笨下载"跳转正常,该类元素共18个，当前第15个
2020-08-17 18:48:26,959 - 2 - INFO - 页面"日杂相机_日杂相机下载_日杂相机官方下载-最笨下载"跳转正常,该类元素共18个，当前第16个
2020-08-17 18:48:33,105 - 2 - INFO - 页面"皮皮虾_皮皮虾下载_皮皮虾官方下载-最笨下载"跳转正常,该类元素共18个，当前第17个
2020-08-17 18:48:39,243 - 2 - INFO - 页面"吾爱看书_吾爱看书下载_吾爱看书官方下载-最笨下载"跳转正常,该类元素共18个，当前第18个
2020-08-17 18:48:45,249 - 2 - INFO - 页面"【安卓益智游戏】好玩的安卓益智游戏大全_安卓益智类游戏_益智游戏下载-最笨下载"跳转正常,该类元素共17个，当前第1个
2020-08-17 18:48:45,470 - basepage - INFO - Click back on current page.
2020-08-17 18:48:52,463 - 2 - INFO - 页面"【安卓其他游戏】好玩的安卓其他游戏大全_安卓其他类游戏_其他游戏下载-最笨下载"跳转正常,该类元素共17个，当前第2个
2020-08-17 18:48:52,950 - basepage - INFO - Click back on current page.
2020-08-17 18:49:00,317 - 2 - INFO - 页面"【安卓音乐游戏】好玩的安卓音乐游戏大全_安卓音乐类游戏_音乐游戏下载-最笨下载"跳转正常,该类元素共17个，当前第3个
2020-08-17 18:49:00,534 - basepage - INFO - Click back on current page.
2020-08-17 18:49:07,609 - 2 - INFO - 页面"【安卓网络游戏】好玩的安卓网络游戏大全_安卓网络类游戏_网络游戏下载-最笨下载"跳转正常,该类元素共17个，当前第4个
2020-08-17 18:49:07,841 - basepage - INFO - Click back on current page.
2020-08-17 18:49:14,843 - 2 - INFO - 页面"【安卓格斗游戏】好玩的安卓格斗游戏大全_安卓格斗类游戏_格斗游戏下载-最笨下载"跳转正常,该类元素共17个，当前第5个
2020-08-17 18:49:15,347 - basepage - INFO - Click back on current page.
2020-08-17 18:49:22,749 - 2 - INFO - 页面"【安卓飞行游戏】好玩的安卓飞行游戏大全_安卓飞行类游戏_飞行游戏下载-最笨下载"跳转正常,该类元素共17个，当前第6个
2020-08-17 18:49:22,976 - basepage - INFO - Click back on current page.
2020-08-17 18:49:29,954 - 2 - INFO - 页面"【安卓体育运动游戏】好玩的安卓体育运动游戏大全_安卓体育运动类游戏_体育运动游戏下载-最笨下载"跳转正常,该类元素共17个，当前第7个
2020-08-17 18:49:30,165 - basepage - INFO - Click back on current page.
2020-08-17 18:49:37,408 - 2 - INFO - 页面"【安卓模拟经营游戏】好玩的安卓模拟经营游戏大全_安卓模拟经营类游戏_模拟经营游戏下载-最笨下载"跳转正常,该类元素共17个，当前第8个
2020-08-17 18:49:37,883 - basepage - INFO - Click back on current page.
2020-08-17 18:49:45,158 - 2 - INFO - 页面"【安卓策略游戏】好玩的安卓策略游戏大全_安卓策略类游戏_策略游戏下载-最笨下载"跳转正常,该类元素共17个，当前第9个
2020-08-17 18:49:45,375 - basepage - INFO - Click back on current page.
2020-08-17 18:49:52,211 - 2 - INFO - 页面"【安卓塔防游戏】好玩的安卓塔防游戏大全_安卓塔防类游戏_塔防游戏下载-最笨下载"跳转正常,该类元素共17个，当前第10个
2020-08-17 18:49:52,448 - basepage - INFO - Click back on current page.
2020-08-17 18:49:59,484 - 2 - INFO - 页面"【安卓解谜冒险游戏】好玩的安卓解谜冒险游戏大全_安卓解谜冒险类游戏_解谜冒险游戏下载-最笨下载"跳转正常,该类元素共17个，当前第11个
2020-08-17 18:49:59,941 - basepage - INFO - Click back on current page.
2020-08-17 18:50:09,690 - 2 - INFO - 页面"【安卓射击游戏】好玩的安卓射击游戏大全_安卓射击类游戏_射击游戏下载-最笨下载"跳转正常,该类元素共17个，当前第12个
2020-08-17 18:50:10,131 - basepage - INFO - Click back on current page.
2020-08-17 18:50:17,428 - 2 - INFO - 页面"【安卓棋牌游戏】好玩的安卓棋牌游戏大全_安卓棋牌类游戏_棋牌游戏下载-最笨下载"跳转正常,该类元素共17个，当前第13个
2020-08-17 18:50:17,641 - basepage - INFO - Click back on current page.
2020-08-17 18:50:24,990 - 2 - INFO - 页面"【安卓赛车游戏】好玩的安卓赛车游戏大全_安卓赛车类游戏_赛车游戏下载-最笨下载"跳转正常,该类元素共17个，当前第14个
2020-08-17 18:50:25,274 - basepage - INFO - Click back on current page.
2020-08-17 18:50:31,837 - 2 - INFO - 页面"【安卓角色扮演游戏】好玩的安卓角色扮演游戏大全_安卓角色扮演类游戏_角色扮演游戏下载-最笨下载"跳转正常,该类元素共17个，当前第15个
2020-08-17 18:50:32,320 - basepage - INFO - Click back on current page.
2020-08-17 18:50:39,316 - 2 - INFO - 页面"【安卓动作游戏】好玩的安卓动作游戏大全_安卓动作类游戏_动作游戏下载-最笨下载"跳转正常,该类元素共17个，当前第16个
2020-08-17 18:50:39,537 - basepage - INFO - Click back on current page.
2020-08-17 18:50:46,457 - 2 - INFO - 页面"【安卓休闲游戏】好玩的安卓休闲游戏大全_安卓休闲类游戏_休闲游戏下载-最笨下载"跳转正常,该类元素共17个，当前第17个
2020-08-17 18:50:46,678 - basepage - INFO - Click back on current page.
2020-08-17 18:50:55,035 - 2 - INFO - 页面"炼金国度（送1000元充值）ios版_炼金国度（送1000元充值）ios版下载_炼金国度（送1000元充值）ios版官方下载-最笨下载"跳转正常,该类元素共18个，当前第1个
2020-08-17 18:51:01,210 - 2 - INFO - 页面"国贼顾挽之_国贼顾挽之下载_国贼顾挽之官方下载-最笨下载"跳转正常,该类元素共18个，当前第2个
2020-08-17 18:51:07,373 - 2 - INFO - 页面"大秦黎明_大秦黎明下载_大秦黎明官方下载-最笨下载"跳转正常,该类元素共18个，当前第3个
2020-08-17 18:51:13,506 - 2 - INFO - 页面"怒焰三国杀手游_怒焰三国杀手游下载_怒焰三国杀手游官方下载-最笨下载"跳转正常,该类元素共18个，当前第4个
2020-08-17 18:51:19,676 - 2 - INFO - 页面"末日围城_末日围城下载_末日围城官方下载-最笨下载"跳转正常,该类元素共18个，当前第5个
2020-08-17 18:51:25,834 - 2 - INFO - 页面"天将雄师九游版_天将雄师九游版下载_天将雄师九游版官方下载-最笨下载"跳转正常,该类元素共18个，当前第6个
2020-08-17 18:51:31,951 - 2 - INFO - 页面"诸王黎明_诸王黎明下载_诸王黎明官方下载-最笨下载"跳转正常,该类元素共18个，当前第7个
2020-08-17 18:51:38,096 - 2 - INFO - 页面"一梦江湖九游版_一梦江湖九游版下载_一梦江湖九游版官方下载-最笨下载"跳转正常,该类元素共18个，当前第8个
2020-08-17 18:51:44,238 - 2 - INFO - 页面"NBA篮球大师_NBA篮球大师下载_NBA篮球大师官方下载-最笨下载"跳转正常,该类元素共18个，当前第9个
2020-08-17 18:51:50,384 - 2 - INFO - 页面"萌妖传手游_萌妖传手游下载_萌妖传手游官方下载-最笨下载"跳转正常,该类元素共18个，当前第10个
2020-08-17 18:51:56,511 - 2 - INFO - 页面"中超英雄手游_中超英雄手游下载_中超英雄手游官方下载-最笨下载"跳转正常,该类元素共18个，当前第11个
2020-08-17 18:52:02,644 - 2 - INFO - 页面"三国战天下手游_三国战天下手游下载_三国战天下手游官方下载-最笨下载"跳转正常,该类元素共18个，当前第12个
2020-08-17 18:52:08,795 - 2 - INFO - 页面"拳皇命运_拳皇命运下载_拳皇命运官方下载-最笨下载"跳转正常,该类元素共18个，当前第13个
2020-08-17 18:52:14,934 - 2 - INFO - 页面"电能大亨_电能大亨下载_电能大亨官方下载-最笨下载"跳转正常,该类元素共18个，当前第14个
2020-08-17 18:52:21,097 - 2 - INFO - 页面"驾校模拟器_驾校模拟器下载_驾校模拟器官方下载-最笨下载"跳转正常,该类元素共18个，当前第15个
2020-08-17 18:52:27,234 - 2 - INFO - 页面"暗黑探险2_暗黑探险2下载_暗黑探险2官方下载-最笨下载"跳转正常,该类元素共18个，当前第16个
2020-08-17 18:52:33,419 - 2 - INFO - 页面"风暴山之谜_风暴山之谜下载_风暴山之谜官方下载-最笨下载"跳转正常,该类元素共18个，当前第17个
2020-08-17 18:52:39,562 - 2 - INFO - 页面"炸弹投石机:卡牌战斗_炸弹投石机:卡牌战斗下载_炸弹投石机:卡牌战斗官方下载-最笨下载"跳转正常,该类元素共18个，当前第18个
2020-08-17 18:52:46,961 - 2 - INFO - 页面"变态手游公益服_bt手游变态服_无限元宝bt手游下载_BT手游中心-最笨下载"跳转正常,该类元素共13个，当前第1个
2020-08-17 18:52:47,184 - basepage - INFO - Click back on current page.
2020-08-17 18:52:55,280 - 2 - INFO - 页面"变态手游公益服_bt手游变态服_无限元宝bt手游下载_BT手游中心-最笨下载"跳转正常,该类元素共13个，当前第2个
2020-08-17 18:52:55,810 - basepage - INFO - Click back on current page.
2020-08-17 18:53:04,117 - 2 - INFO - 页面"变态手游公益服_bt手游变态服_无限元宝bt手游下载_BT手游中心-最笨下载"跳转正常,该类元素共13个，当前第3个
2020-08-17 18:53:04,577 - basepage - INFO - Click back on current page.
2020-08-17 18:53:12,601 - 2 - INFO - 页面"变态手游公益服_bt手游变态服_无限元宝bt手游下载_BT手游中心-最笨下载"跳转正常,该类元素共13个，当前第4个
2020-08-17 18:53:12,822 - basepage - INFO - Click back on current page.
2020-08-17 18:53:20,639 - 2 - INFO - 页面"变态手游公益服_bt手游变态服_无限元宝bt手游下载_BT手游中心-最笨下载"跳转正常,该类元素共13个，当前第5个
2020-08-17 18:53:21,123 - basepage - INFO - Click back on current page.
2020-08-17 18:53:29,540 - 2 - INFO - 页面"变态手游公益服_bt手游变态服_无限元宝bt手游下载_BT手游中心-最笨下载"跳转正常,该类元素共13个，当前第6个
2020-08-17 18:53:30,034 - basepage - INFO - Click back on current page.
2020-08-17 18:53:38,344 - 2 - INFO - 页面"变态手游公益服_bt手游变态服_无限元宝bt手游下载_BT手游中心-最笨下载"跳转正常,该类元素共13个，当前第7个
2020-08-17 18:53:38,555 - basepage - INFO - Click back on current page.
2020-08-17 18:53:46,376 - 2 - INFO - 页面"变态手游公益服_bt手游变态服_无限元宝bt手游下载_BT手游中心-最笨下载"跳转正常,该类元素共13个，当前第8个
2020-08-17 18:53:46,889 - basepage - INFO - Click back on current page.
2020-08-17 18:53:54,959 - 2 - INFO - 页面"变态手游公益服_bt手游变态服_无限元宝bt手游下载_BT手游中心-最笨下载"跳转正常,该类元素共13个，当前第9个
2020-08-17 18:53:55,479 - basepage - INFO - Click back on current page.
2020-08-17 18:54:03,745 - 2 - INFO - 页面"变态手游公益服_bt手游变态服_无限元宝bt手游下载_BT手游中心-最笨下载"跳转正常,该类元素共13个，当前第10个
2020-08-17 18:54:03,953 - basepage - INFO - Click back on current page.
2020-08-17 18:54:11,747 - 2 - INFO - 页面"变态手游公益服_bt手游变态服_无限元宝bt手游下载_BT手游中心-最笨下载"跳转正常,该类元素共13个，当前第11个
2020-08-17 18:54:12,187 - basepage - INFO - Click back on current page.
2020-08-17 18:54:20,351 - 2 - INFO - 页面"变态手游公益服_bt手游变态服_无限元宝bt手游下载_BT手游中心-最笨下载"跳转正常,该类元素共13个，当前第12个
2020-08-17 18:54:20,865 - basepage - INFO - Click back on current page.
2020-08-17 18:54:29,413 - 2 - INFO - 页面"变态手游公益服_bt手游变态服_无限元宝bt手游下载_BT手游中心-最笨下载"跳转正常,该类元素共13个，当前第13个
2020-08-17 18:54:29,620 - basepage - INFO - Click back on current page.
2020-08-17 18:54:38,002 - 2 - INFO - 页面"天途（折扣特权）_天途（折扣特权）无限元宝服_SF变态版天途（折扣特权）公益服下载 - 最笨下载"跳转正常,该类元素共18个，当前第1个
2020-08-17 18:54:44,167 - 2 - INFO - 页面"塔防西游记（送千元充值）_塔防西游记（送千元充值）无限元宝服_SF变态版塔防西游记（送千元充值）公益服下载 - 最笨下载"跳转正常,该类元素共18个，当前第2个
2020-08-17 18:54:50,313 - 2 - INFO - 页面"天行道（送SR百抽充值劵）_天行道（送SR百抽充值劵）无限元宝服_SF变态版天行道（送SR百抽充值劵）公益服下载 - 最笨下载"跳转正常,该类元素共18个，当前第3个
2020-08-17 18:54:56,453 - 2 - INFO - 页面"大国战_大国战无限元宝服_SF变态版大国战公益服下载 - 最笨下载"跳转正常,该类元素共18个，当前第4个
2020-08-17 18:55:02,586 - 2 - INFO - 页面"炫斗英雄（送648充值）_炫斗英雄（送648充值）无限元宝服_SF变态版炫斗英雄（送648充值）公益服下载 - 最笨下载"跳转正常,该类元素共18个，当前第5个
2020-08-17 18:55:08,674 - 2 - INFO - 页面"次元幻境（送海量寻宝）_次元幻境（送海量寻宝）无限元宝服_SF变态版次元幻境（送海量寻宝）公益服下载 - 最笨下载"跳转正常,该类元素共18个，当前第6个
2020-08-17 18:55:14,826 - 2 - INFO - 页面"萌神战姬（送千元充值）_萌神战姬（送千元充值）无限元宝服_SF变态版萌神战姬（送千元充值）公益服下载 - 最笨下载"跳转正常,该类元素共18个，当前第7个
2020-08-17 18:55:20,957 - 2 - INFO - 页面"小小三国无双（送千抽）_小小三国无双（送千抽）无限元宝服_SF变态版小小三国无双（送千抽）公益服下载 - 最笨下载"跳转正常,该类元素共18个，当前第8个
2020-08-17 18:55:27,062 - 2 - INFO - 页面"忍者学园_忍者学园无限元宝服_SF变态版忍者学园公益服下载 - 最笨下载"跳转正常,该类元素共18个，当前第9个
2020-08-17 18:55:33,228 - 2 - INFO - 页面"全民热血（无限切割）_全民热血（无限切割）无限元宝服_SF变态版全民热血（无限切割）公益服下载 - 最笨下载"跳转正常,该类元素共18个，当前第10个
2020-08-17 18:55:39,360 - 2 - INFO - 页面"神之荣耀（送2020元充值）_神之荣耀（送2020元充值）无限元宝服_SF变态版神之荣耀（送2020元充值）公益服下载 - 最笨下载"跳转正常,该类元素共18个，当前第11个
2020-08-17 18:55:45,493 - 2 - INFO - 页面"全民斗西游（福利特权）_全民斗西游（福利特权）无限元宝服_SF变态版全民斗西游（福利特权）公益服下载 - 最笨下载"跳转正常,该类元素共18个，当前第12个
2020-08-17 18:55:51,627 - 2 - INFO - 页面"天行道（送520充值）_天行道（送520充值）无限元宝服_SF变态版天行道（送520充值）公益服下载 - 最笨下载"跳转正常,该类元素共18个，当前第13个
2020-08-17 18:55:57,767 - 2 - INFO - 页面"幻域神姬（折扣特权）_幻域神姬（折扣特权）无限元宝服_SF变态版幻域神姬（折扣特权）公益服下载 - 最笨下载"跳转正常,该类元素共18个，当前第14个
2020-08-17 18:56:03,906 - 2 - INFO - 页面"战魔（每日送真充）_战魔（每日送真充）无限元宝服_SF变态版战魔（每日送真充）公益服下载 - 最笨下载"跳转正常,该类元素共18个，当前第15个
2020-08-17 18:56:10,049 - 2 - INFO - 页面"无上道（每日领充值）_无上道（每日领充值）无限元宝服_SF变态版无上道（每日领充值）公益服下载 - 最笨下载"跳转正常,该类元素共18个，当前第16个
2020-08-17 18:56:16,181 - 2 - INFO - 页面"飘渺寻仙曲（星耀特权）_飘渺寻仙曲（星耀特权）无限元宝服_SF变态版飘渺寻仙曲（星耀特权）公益服下载 - 最笨下载"跳转正常,该类元素共18个，当前第17个
2020-08-17 18:56:22,352 - 2 - INFO - 页面"九曲封神（送海量充值）_九曲封神（送海量充值）无限元宝服_SF变态版九曲封神（送海量充值）公益服下载 - 最笨下载"跳转正常,该类元素共18个，当前第18个
2020-08-17 18:56:30,048 - 2 - INFO - 页面"满vip版手游_手游sf送顶级vip_满级vip无限元宝手游下载-最笨下载"跳转正常,该类元素共13个，当前第1个
2020-08-17 18:56:30,260 - basepage - INFO - Click back on current page.
2020-08-17 18:56:38,580 - 2 - INFO - 页面"满vip版手游_手游sf送顶级vip_满级vip无限元宝手游下载-最笨下载"跳转正常,该类元素共13个，当前第2个
2020-08-17 18:56:39,076 - basepage - INFO - Click back on current page.
2020-08-17 18:56:47,365 - 2 - INFO - 页面"满vip版手游_手游sf送顶级vip_满级vip无限元宝手游下载-最笨下载"跳转正常,该类元素共13个，当前第3个
2020-08-17 18:56:47,775 - basepage - INFO - Click back on current page.
2020-08-17 18:56:55,950 - 2 - INFO - 页面"满vip版手游_手游sf送顶级vip_满级vip无限元宝手游下载-最笨下载"跳转正常,该类元素共13个，当前第4个
2020-08-17 18:56:56,162 - basepage - INFO - Click back on current page.
2020-08-17 18:57:04,105 - 2 - INFO - 页面"满vip版手游_手游sf送顶级vip_满级vip无限元宝手游下载-最笨下载"跳转正常,该类元素共13个，当前第5个
2020-08-17 18:57:04,642 - basepage - INFO - Click back on current page.
2020-08-17 18:57:12,572 - 2 - INFO - 页面"满vip版手游_手游sf送顶级vip_满级vip无限元宝手游下载-最笨下载"跳转正常,该类元素共13个，当前第6个
2020-08-17 18:57:12,994 - basepage - INFO - Click back on current page.
2020-08-17 18:57:21,123 - 2 - INFO - 页面"满vip版手游_手游sf送顶级vip_满级vip无限元宝手游下载-最笨下载"跳转正常,该类元素共13个，当前第7个
2020-08-17 18:57:21,334 - basepage - INFO - Click back on current page.
2020-08-17 18:57:32,068 - 2 - INFO - 页面"满vip版手游_手游sf送顶级vip_满级vip无限元宝手游下载-最笨下载"跳转正常,该类元素共13个，当前第8个
2020-08-17 18:57:32,493 - basepage - INFO - Click back on current page.
2020-08-17 18:57:40,705 - 2 - INFO - 页面"满vip版手游_手游sf送顶级vip_满级vip无限元宝手游下载-最笨下载"跳转正常,该类元素共13个，当前第9个
2020-08-17 18:57:41,194 - basepage - INFO - Click back on current page.
2020-08-17 18:57:49,570 - 2 - INFO - 页面"满vip版手游_手游sf送顶级vip_满级vip无限元宝手游下载-最笨下载"跳转正常,该类元素共13个，当前第10个
2020-08-17 18:57:49,780 - basepage - INFO - Click back on current page.
2020-08-17 18:57:57,933 - 2 - INFO - 页面"满vip版手游_手游sf送顶级vip_满级vip无限元宝手游下载-最笨下载"跳转正常,该类元素共13个，当前第11个
2020-08-17 18:57:58,408 - basepage - INFO - Click back on current page.
2020-08-17 18:58:06,482 - 2 - INFO - 页面"满vip版手游_手游sf送顶级vip_满级vip无限元宝手游下载-最笨下载"跳转正常,该类元素共13个，当前第12个
2020-08-17 18:58:06,940 - basepage - INFO - Click back on current page.
2020-08-17 18:58:14,679 - 2 - INFO - 页面"满vip版手游_手游sf送顶级vip_满级vip无限元宝手游下载-最笨下载"跳转正常,该类元素共13个，当前第13个
2020-08-17 18:58:14,888 - basepage - INFO - Click back on current page.
2020-08-17 18:58:23,255 - 2 - INFO - 页面"妖游记（海量送充值）_妖游记（海量送充值）无限元宝服_SF变态版妖游记（海量送充值）公益服下载 - 最笨下载"跳转正常,该类元素共18个，当前第1个
2020-08-17 18:58:29,392 - 2 - INFO - 页面"武龙争道（送海量红将）_武龙争道（送海量红将）无限元宝服_SF变态版武龙争道（送海量红将）公益服下载 - 最笨下载"跳转正常,该类元素共18个，当前第2个
2020-08-17 18:58:35,536 - 2 - INFO - 页面"斗战三国志（送328充值）_斗战三国志（送328充值）无限元宝服_SF变态版斗战三国志（送328充值）公益服下载 - 最笨下载"跳转正常,该类元素共18个，当前第3个
2020-08-17 18:58:41,720 - 2 - INFO - 页面"魔侠传（开服送2000充）_魔侠传（开服送2000充）无限元宝服_SF变态版魔侠传（开服送2000充）公益服下载 - 最笨下载"跳转正常,该类元素共18个，当前第4个
2020-08-17 18:58:47,851 - 2 - INFO - 页面"剑道仙语（送海量元宝）_剑道仙语（送海量元宝）无限元宝服_SF变态版剑道仙语（送海量元宝）公益服下载 - 最笨下载"跳转正常,该类元素共18个，当前第5个
2020-08-17 18:58:54,004 - 2 - INFO - 页面"飞升三国（送2048真充）_飞升三国（送2048真充）无限元宝服_SF变态版飞升三国（送2048真充）公益服下载 - 最笨下载"跳转正常,该类元素共18个，当前第6个
2020-08-17 18:59:00,155 - 2 - INFO - 页面"主宰之王（领海量红包）_主宰之王（领海量红包）无限元宝服_SF变态版主宰之王（领海量红包）公益服下载 - 最笨下载"跳转正常,该类元素共18个，当前第7个
2020-08-17 18:59:06,289 - 2 - INFO - 页面"圣堂之战（送千元充值）_圣堂之战（送千元充值）无限元宝服_SF变态版圣堂之战（送千元充值）公益服下载 - 最笨下载"跳转正常,该类元素共18个，当前第8个
2020-08-17 18:59:12,422 - 2 - INFO - 页面"梦道（商城特权）_梦道（商城特权）无限元宝服_SF变态版梦道（商城特权）公益服下载 - 最笨下载"跳转正常,该类元素共18个，当前第9个
2020-08-17 18:59:18,589 - 2 - INFO - 页面"征程三国（送充值）_征程三国（送充值）无限元宝服_SF变态版征程三国（送充值）公益服下载 - 最笨下载"跳转正常,该类元素共18个，当前第10个
2020-08-17 18:59:24,736 - 2 - INFO - 页面"战龙归来（送千元礼包）_战龙归来（送千元礼包）无限元宝服_SF变态版战龙归来（送千元礼包）公益服下载 - 最笨下载"跳转正常,该类元素共18个，当前第11个
2020-08-17 18:59:30,866 - 2 - INFO - 页面"斩仙录（送海量充值）_斩仙录（送海量充值）无限元宝服_SF变态版斩仙录（送海量充值）公益服下载 - 最笨下载"跳转正常,该类元素共18个，当前第12个
2020-08-17 18:59:37,018 - 2 - INFO - 页面"仙风道骨（送GM海量充）_仙风道骨（送GM海量充）无限元宝服_SF变态版仙风道骨（送GM海量充）公益服下载 - 最笨下载"跳转正常,该类元素共18个，当前第13个
2020-08-17 18:59:43,168 - 2 - INFO - 页面"口袋暴龙（海量特权）_口袋暴龙（海量特权）无限元宝服_SF变态版口袋暴龙（海量特权）公益服下载 - 最笨下载"跳转正常,该类元素共18个，当前第14个
2020-08-17 18:59:49,318 - 2 - INFO - 页面"苍穹灭（星耀特权）_苍穹灭（星耀特权）无限元宝服_SF变态版苍穹灭（星耀特权）公益服下载 - 最笨下载"跳转正常,该类元素共18个，当前第15个
2020-08-17 18:59:55,467 - 2 - INFO - 页面"传奇世界之仗剑天涯（至尊特权）_传奇世界之仗剑天涯（至尊特权）无限元宝服_SF变态版传奇世界之仗剑天涯（至尊特权）公益服下载 - 最笨下载"跳转正常,该类元素共18个，当前第16个
2020-08-17 19:00:01,627 - 2 - INFO - 页面"三国之旅（日送千充）_三国之旅（日送千充）无限元宝服_SF变态版三国之旅（日送千充）公益服下载 - 最笨下载"跳转正常,该类元素共18个，当前第17个
2020-08-17 19:00:07,793 - 2 - INFO - 页面"神魔传说（登录送神器）_神魔传说（登录送神器）无限元宝服_SF变态版神魔传说（登录送神器）公益服下载 - 最笨下载"跳转正常,该类元素共18个，当前第18个
2020-08-17 19:00:14,553 - 2 - INFO - 页面"gm版手游_无限元宝/钻石公益服_0元免费gm权限手游下载-最笨下载"跳转正常,该类元素共13个，当前第1个
2020-08-17 19:00:14,769 - basepage - INFO - Click back on current page.
2020-08-17 19:00:22,403 - 2 - INFO - 页面"gm版手游_无限元宝/钻石公益服_0元免费gm权限手游下载-最笨下载"跳转正常,该类元素共13个，当前第2个
2020-08-17 19:00:22,840 - basepage - INFO - Click back on current page.
2020-08-17 19:00:31,041 - 2 - INFO - 页面"gm版手游_无限元宝/钻石公益服_0元免费gm权限手游下载-最笨下载"跳转正常,该类元素共13个，当前第3个
2020-08-17 19:00:31,504 - basepage - INFO - Click back on current page.
2020-08-17 19:00:39,232 - 2 - INFO - 页面"gm版手游_无限元宝/钻石公益服_0元免费gm权限手游下载-最笨下载"跳转正常,该类元素共13个，当前第4个
2020-08-17 19:00:39,445 - basepage - INFO - Click back on current page.
2020-08-17 19:00:47,193 - 2 - INFO - 页面"gm版手游_无限元宝/钻石公益服_0元免费gm权限手游下载-最笨下载"跳转正常,该类元素共13个，当前第5个
2020-08-17 19:00:47,634 - basepage - INFO - Click back on current page.
2020-08-17 19:00:55,326 - 2 - INFO - 页面"gm版手游_无限元宝/钻石公益服_0元免费gm权限手游下载-最笨下载"跳转正常,该类元素共13个，当前第6个
2020-08-17 19:00:55,809 - basepage - INFO - Click back on current page.
2020-08-17 19:01:03,524 - 2 - INFO - 页面"gm版手游_无限元宝/钻石公益服_0元免费gm权限手游下载-最笨下载"跳转正常,该类元素共13个，当前第7个
2020-08-17 19:01:03,729 - basepage - INFO - Click back on current page.
2020-08-17 19:01:11,347 - 2 - INFO - 页面"gm版手游_无限元宝/钻石公益服_0元免费gm权限手游下载-最笨下载"跳转正常,该类元素共13个，当前第8个
2020-08-17 19:01:11,889 - basepage - INFO - Click back on current page.
2020-08-17 19:01:19,731 - 2 - INFO - 页面"gm版手游_无限元宝/钻石公益服_0元免费gm权限手游下载-最笨下载"跳转正常,该类元素共13个，当前第9个
2020-08-17 19:01:20,144 - basepage - INFO - Click back on current page.
2020-08-17 19:01:27,847 - 2 - INFO - 页面"gm版手游_无限元宝/钻石公益服_0元免费gm权限手游下载-最笨下载"跳转正常,该类元素共13个，当前第10个
2020-08-17 19:01:28,107 - basepage - INFO - Click back on current page.
2020-08-17 19:01:35,848 - 2 - INFO - 页面"gm版手游_无限元宝/钻石公益服_0元免费gm权限手游下载-最笨下载"跳转正常,该类元素共13个，当前第11个
2020-08-17 19:01:36,306 - basepage - INFO - Click back on current page.
2020-08-17 19:01:44,063 - 2 - INFO - 页面"gm版手游_无限元宝/钻石公益服_0元免费gm权限手游下载-最笨下载"跳转正常,该类元素共13个，当前第12个
2020-08-17 19:01:44,524 - basepage - INFO - Click back on current page.
2020-08-17 19:01:52,306 - 2 - INFO - 页面"gm版手游_无限元宝/钻石公益服_0元免费gm权限手游下载-最笨下载"跳转正常,该类元素共13个，当前第13个
2020-08-17 19:01:52,514 - basepage - INFO - Click back on current page.
2020-08-17 19:02:00,894 - 2 - INFO - 页面"仙游（GM版）_仙游（GM版）免费gm权限安卓下载 - 最笨下载"跳转正常,该类元素共18个，当前第1个
2020-08-17 19:02:07,058 - 2 - INFO - 页面"高达（GM版）_高达（GM版）免费gm权限安卓下载 - 最笨下载"跳转正常,该类元素共18个，当前第2个
2020-08-17 19:02:13,195 - 2 - INFO - 页面"暗黑王者（GM版）_暗黑王者（GM版）免费gm权限安卓下载 - 最笨下载"跳转正常,该类元素共18个，当前第3个
2020-08-17 19:02:19,325 - 2 - INFO - 页面"问鼎封神（GM版）_问鼎封神（GM版）免费gm权限安卓下载 - 最笨下载"跳转正常,该类元素共18个，当前第4个
2020-08-17 19:02:25,485 - 2 - INFO - 页面"仙剑轮回（GM版）_仙剑轮回（GM版）免费gm权限安卓下载 - 最笨下载"跳转正常,该类元素共18个，当前第5个
2020-08-17 19:02:31,628 - 2 - INFO - 页面"神道仙尊（GM版）_神道仙尊（GM版）免费gm权限安卓下载 - 最笨下载"跳转正常,该类元素共18个，当前第6个
2020-08-17 19:02:37,769 - 2 - INFO - 页面"大将无双（GM版）_大将无双（GM版）免费gm权限安卓下载 - 最笨下载"跳转正常,该类元素共18个，当前第7个
2020-08-17 19:02:43,920 - 2 - INFO - 页面"青云剑诀（GM版）_青云剑诀（GM版）免费gm权限安卓下载 - 最笨下载"跳转正常,该类元素共18个，当前第8个
2020-08-17 19:02:50,058 - 2 - INFO - 页面"寂灭剑诀（GM版）_寂灭剑诀（GM版）免费gm权限安卓下载 - 最笨下载"跳转正常,该类元素共18个，当前第9个
2020-08-17 19:02:56,209 - 2 - INFO - 页面"封神记（GM版）_封神记（GM版）免费gm权限安卓下载 - 最笨下载"跳转正常,该类元素共18个，当前第10个
2020-08-17 19:03:02,356 - 2 - INFO - 页面"豪门小老婆（GM版）_豪门小老婆（GM版）免费gm权限安卓下载 - 最笨下载"跳转正常,该类元素共18个，当前第11个
2020-08-17 19:03:08,489 - 2 - INFO - 页面"三生三誓青丘传（GM版）_三生三誓青丘传（GM版）免费gm权限安卓下载 - 最笨下载"跳转正常,该类元素共18个，当前第12个
2020-08-17 19:03:14,631 - 2 - INFO - 页面"毒尊三国（GM版）_毒尊三国（GM版）免费gm权限安卓下载 - 最笨下载"跳转正常,该类元素共18个，当前第13个
2020-08-17 19:03:20,789 - 2 - INFO - 页面"乱世神话（GM版）_乱世神话（GM版）免费gm权限安卓下载 - 最笨下载"跳转正常,该类元素共18个，当前第14个
2020-08-17 19:03:26,937 - 2 - INFO - 页面"天子问剑（GM版）_天子问剑（GM版）免费gm权限安卓下载 - 最笨下载"跳转正常,该类元素共18个，当前第15个
2020-08-17 19:03:33,094 - 2 - INFO - 页面"风云三国（GM版）_风云三国（GM版）免费gm权限安卓下载 - 最笨下载"跳转正常,该类元素共18个，当前第16个
2020-08-17 19:03:39,239 - 2 - INFO - 页面"古惑三国志（GM版）_古惑三国志（GM版）免费gm权限安卓下载 - 最笨下载"跳转正常,该类元素共18个，当前第17个
2020-08-17 19:03:45,375 - 2 - INFO - 页面"少年悟空传（GM版）_少年悟空传（GM版）免费gm权限安卓下载 - 最笨下载"跳转正常,该类元素共18个，当前第18个
2020-08-17 19:03:52,528 - 2 - INFO - 页面"免费权限GM游戏"跳转正常,该类元素共4个，当前第1个
2020-08-17 19:03:52,787 - basepage - INFO - Click back on current page.
2020-08-17 19:03:57,597 - 2 - INFO - 页面"聊天回复神器合集"跳转正常,该类元素共4个，当前第2个
2020-08-17 19:03:57,914 - basepage - INFO - Click back on current page.
2020-08-17 19:04:05,170 - 2 - INFO - 页面"超变私服传奇一刀999999级"跳转正常,该类元素共4个，当前第3个
2020-08-17 19:04:05,415 - basepage - INFO - Click back on current page.
2020-08-17 19:04:11,172 - 2 - INFO - 页面"美女爆衣游戏手游"跳转正常,该类元素共4个，当前第4个
2020-08-17 19:04:11,672 - basepage - INFO - Click back on current page.
2020-08-17 19:04:19,589 - 2 - INFO - 页面"【苹果播放器】iPhone手机播放器,iPhone播放器免费下载大全-最笨下载"跳转正常,该类元素共19个，当前第1个
2020-08-17 19:04:20,076 - basepage - INFO - Click back on current page.
2020-08-17 19:04:27,022 - 2 - INFO - 页面"【苹果学习软件】iPhone手机学习软件_iPhone学习软件免费下载大全-最笨下载"跳转正常,该类元素共19个，当前第2个
2020-08-17 19:04:27,272 - basepage - INFO - Click back on current page.
2020-08-17 19:04:33,782 - 2 - INFO - 页面"【苹果辅助软件】iPhone手机辅助软件_iPhone辅助软件免费下载大全-最笨下载"跳转正常,该类元素共19个，当前第3个
2020-08-17 19:04:34,245 - basepage - INFO - Click back on current page.
2020-08-17 19:04:41,220 - 2 - INFO - 页面"【苹果输入法】iPhone手机输入法_iPhone输入法免费下载大全-最笨下载"跳转正常,该类元素共19个，当前第4个
2020-08-17 19:04:41,463 - basepage - INFO - Click back on current page.
2020-08-17 19:04:48,750 - 2 - INFO - 页面"【苹果通信软件】iPhone手机通信软件_iPhone通信软件免费下载大全-最笨下载"跳转正常,该类元素共19个，当前第5个
2020-08-17 19:04:48,992 - basepage - INFO - Click back on current page.
2020-08-17 19:04:56,347 - 2 - INFO - 页面"【苹果固件】iPhone手机固件软件_iPhone固件软件免费下载大全-最笨下载"跳转正常,该类元素共19个，当前第6个
2020-08-17 19:04:56,780 - basepage - INFO - Click back on current page.
2020-08-17 19:05:03,711 - 2 - INFO - 页面"【苹果文件管理软件】iPhone手机文件管理软件_iPhone文件管理软件免费下载大全-最笨下载"跳转正常,该类元素共19个，当前第7个
2020-08-17 19:05:03,925 - basepage - INFO - Click back on current page.
2020-08-17 19:05:10,991 - 2 - INFO - 页面"【苹果同步软件】iPhone手机同步软件_iPhone同步软件免费下载大全-最笨下载"跳转正常,该类元素共19个，当前第8个
2020-08-17 19:05:11,252 - basepage - INFO - Click back on current page.
2020-08-17 19:05:18,497 - 2 - INFO - 页面"【苹果办公软件】iPhone手机办公软件_iPhone办公软件免费下载大全-最笨下载"跳转正常,该类元素共19个，当前第9个
2020-08-17 19:05:18,987 - basepage - INFO - Click back on current page.
2020-08-17 19:05:26,290 - 2 - INFO - 页面"【苹果理财软件】iPhone手机理财软件_iPhone理财软件免费下载大全-最笨下载"跳转正常,该类元素共19个，当前第10个
2020-08-17 19:05:26,506 - basepage - INFO - Click back on current page.
2020-08-17 19:05:33,707 - 2 - INFO - 页面"【苹果备份软件】iPhone手机备份软件_iPhone备份软件免费下载大全-最笨下载"跳转正常,该类元素共19个，当前第11个
2020-08-17 19:05:33,943 - basepage - INFO - Click back on current page.
2020-08-17 19:05:40,862 - 2 - INFO - 页面"【苹果健身软件】iPhone手机健身软件_iPhone健身软件免费下载大全-最笨下载"跳转正常,该类元素共19个，当前第12个
2020-08-17 19:05:41,423 - basepage - INFO - Click back on current page.
2020-08-17 19:05:48,607 - 2 - INFO - 页面"【苹果健康管理软件】iPhone手机健康管理软件_iPhone健康管理软件免费下载大全-最笨下载"跳转正常,该类元素共19个，当前第13个
2020-08-17 19:05:48,835 - basepage - INFO - Click back on current page.
2020-08-17 19:05:56,163 - 2 - INFO - 页面"【苹果系统软件】iPhone手机系统软件_iPhone系统软件免费下载大全-最笨下载"跳转正常,该类元素共19个，当前第14个
2020-08-17 19:05:56,491 - basepage - INFO - Click back on current page.
2020-08-17 19:06:11,317 - 2 - INFO - 页面"【苹果社交软件】iphone手机社交软件_iphone社交软件免费下载大全-最笨下载"跳转正常,该类元素共19个，当前第15个
2020-08-17 19:06:11,827 - basepage - INFO - Click back on current page.
2020-08-17 19:06:18,307 - 2 - INFO - 页面"【苹果娱乐软件】iPhone手机娱乐软件_iPhone娱乐软件免费下载大全-最笨下载"跳转正常,该类元素共19个，当前第16个
2020-08-17 19:06:18,524 - basepage - INFO - Click back on current page.
2020-08-17 19:06:25,553 - 2 - INFO - 页面"【苹果导航】iPhone手机导航软件,iPhone导航软件免费下载大全-最笨下载"跳转正常,该类元素共19个，当前第17个
2020-08-17 19:06:25,815 - basepage - INFO - Click back on current page.
2020-08-17 19:06:33,045 - 2 - INFO - 页面"【苹果网络软件】iPhone手机网络软件,iPhone网络软件免费下载大全-最笨下载"跳转正常,该类元素共19个，当前第18个
2020-08-17 19:06:33,492 - basepage - INFO - Click back on current page.
2020-08-17 19:06:40,518 - 2 - INFO - 页面"【苹果助手软件】iPhone生活助手软件_iPhone生活助手软件免费下载大全-最笨下载"跳转正常,该类元素共19个，当前第19个
2020-08-17 19:06:40,737 - basepage - INFO - Click back on current page.
2020-08-17 19:06:49,108 - 2 - INFO - 页面"安致手游盒子ios版_安致手游盒子ios版下载_安致手游盒子ios版官方下载-最笨下载"跳转正常,该类元素共18个，当前第1个
2020-08-17 19:06:55,243 - 2 - INFO - 页面"爪游控游戏盒子ios版_爪游控游戏盒子ios版下载_爪游控游戏盒子ios版官方下载-最笨下载"跳转正常,该类元素共18个，当前第2个
2020-08-17 19:07:01,382 - 2 - INFO - 页面"手机玩盒子ios版_手机玩盒子ios版下载_手机玩盒子ios版官方下载-最笨下载"跳转正常,该类元素共18个，当前第3个
2020-08-17 19:07:07,512 - 2 - INFO - 页面"蜜小助ios版_蜜小助ios版下载_蜜小助ios版官方下载-最笨下载"跳转正常,该类元素共18个，当前第4个
2020-08-17 19:07:13,650 - 2 - INFO - 页面"BT游戏大全ios_BT游戏大全ios下载_BT游戏大全ios官方下载-最笨下载"跳转正常,该类元素共18个，当前第5个
2020-08-17 19:07:19,784 - 2 - INFO - 页面"小8游戏盒子ios_小8游戏盒子ios下载_小8游戏盒子ios官方下载-最笨下载"跳转正常,该类元素共18个，当前第6个
2020-08-17 19:07:25,927 - 2 - INFO - 页面"安卓市场ios版_安卓市场ios版下载_安卓市场ios版官方下载-最笨下载"跳转正常,该类元素共18个，当前第7个
2020-08-17 19:07:32,096 - 2 - INFO - 页面"剪映_剪映下载_剪映官方下载-最笨下载"跳转正常,该类元素共18个，当前第8个
2020-08-17 19:07:38,244 - 2 - INFO - 页面"吾爱看书ios版_吾爱看书ios版下载_吾爱看书ios版官方下载-最笨下载"跳转正常,该类元素共18个，当前第9个
2020-08-17 19:07:44,397 - 2 - INFO - 页面"7743游戏平台_7743游戏平台下载_7743游戏平台官方下载-最笨下载"跳转正常,该类元素共18个，当前第10个
2020-08-17 19:07:50,532 - 2 - INFO - 页面"搜书帝ios_搜书帝ios下载_搜书帝ios官方下载-最笨下载"跳转正常,该类元素共18个，当前第11个
2020-08-17 19:07:56,698 - 2 - INFO - 页面"大塘小鱼_大塘小鱼下载_大塘小鱼官方下载-最笨下载"跳转正常,该类元素共18个，当前第12个
2020-08-17 19:08:02,844 - 2 - INFO - 页面"花溪小说_花溪小说下载_花溪小说官方下载-最笨下载"跳转正常,该类元素共18个，当前第13个
2020-08-17 19:08:08,978 - 2 - INFO - 页面"手译_手译下载_手译官方下载-最笨下载"跳转正常,该类元素共18个，当前第14个
2020-08-17 19:08:15,109 - 2 - INFO - 页面"sjcam_sjcam下载_sjcam官方下载-最笨下载"跳转正常,该类元素共18个，当前第15个
2020-08-17 19:08:21,249 - 2 - INFO - 页面"WearHeart_WearHeart下载_WearHeart官方下载-最笨下载"跳转正常,该类元素共18个，当前第16个
2020-08-17 19:08:27,426 - 2 - INFO - 页面"仓鼠阅读_仓鼠阅读下载_仓鼠阅读官方下载-最笨下载"跳转正常,该类元素共18个，当前第17个
2020-08-17 19:08:33,596 - 2 - INFO - 页面"漫番漫画_漫番漫画下载_漫番漫画官方下载-最笨下载"跳转正常,该类元素共18个，当前第18个
2020-08-17 19:08:40,658 - 2 - INFO - 页面"变态手游公益服_bt手游变态服_无限元宝bt手游下载_BT手游中心-最笨下载"跳转正常,该类元素共13个，当前第1个
2020-08-17 19:08:40,946 - basepage - INFO - Click back on current page.
2020-08-17 19:08:48,686 - 2 - INFO - 页面"变态手游公益服_bt手游变态服_无限元宝bt手游下载_BT手游中心-最笨下载"跳转正常,该类元素共13个，当前第2个
2020-08-17 19:08:49,196 - basepage - INFO - Click back on current page.
2020-08-17 19:08:57,170 - 2 - INFO - 页面"变态手游公益服_bt手游变态服_无限元宝bt手游下载_BT手游中心-最笨下载"跳转正常,该类元素共13个，当前第3个
2020-08-17 19:08:57,683 - basepage - INFO - Click back on current page.
2020-08-17 19:09:05,345 - 2 - INFO - 页面"变态手游公益服_bt手游变态服_无限元宝bt手游下载_BT手游中心-最笨下载"跳转正常,该类元素共13个，当前第4个
2020-08-17 19:09:05,638 - basepage - INFO - Click back on current page.
2020-08-17 19:09:13,464 - 2 - INFO - 页面"变态手游公益服_bt手游变态服_无限元宝bt手游下载_BT手游中心-最笨下载"跳转正常,该类元素共13个，当前第5个
2020-08-17 19:09:13,968 - basepage - INFO - Click back on current page.
2020-08-17 19:09:22,085 - 2 - INFO - 页面"变态手游公益服_bt手游变态服_无限元宝bt手游下载_BT手游中心-最笨下载"跳转正常,该类元素共13个，当前第6个
2020-08-17 19:09:22,565 - basepage - INFO - Click back on current page.
2020-08-17 19:09:31,347 - 2 - INFO - 页面"变态手游公益服_bt手游变态服_无限元宝bt手游下载_BT手游中心-最笨下载"跳转正常,该类元素共13个，当前第7个
2020-08-17 19:09:31,609 - basepage - INFO - Click back on current page.
2020-08-17 19:09:39,463 - 2 - INFO - 页面"变态手游公益服_bt手游变态服_无限元宝bt手游下载_BT手游中心-最笨下载"跳转正常,该类元素共13个，当前第8个
2020-08-17 19:09:39,956 - basepage - INFO - Click back on current page.
2020-08-17 19:09:47,795 - 2 - INFO - 页面"变态手游公益服_bt手游变态服_无限元宝bt手游下载_BT手游中心-最笨下载"跳转正常,该类元素共13个，当前第9个
2020-08-17 19:09:48,260 - basepage - INFO - Click back on current page.
2020-08-17 19:09:56,200 - 2 - INFO - 页面"变态手游公益服_bt手游变态服_无限元宝bt手游下载_BT手游中心-最笨下载"跳转正常,该类元素共13个，当前第10个
2020-08-17 19:09:56,460 - basepage - INFO - Click back on current page.
2020-08-17 19:10:04,287 - 2 - INFO - 页面"变态手游公益服_bt手游变态服_无限元宝bt手游下载_BT手游中心-最笨下载"跳转正常,该类元素共13个，当前第11个
2020-08-17 19:10:04,791 - basepage - INFO - Click back on current page.
2020-08-17 19:10:12,495 - 2 - INFO - 页面"变态手游公益服_bt手游变态服_无限元宝bt手游下载_BT手游中心-最笨下载"跳转正常,该类元素共13个，当前第12个
2020-08-17 19:10:12,981 - basepage - INFO - Click back on current page.
2020-08-17 19:10:21,494 - 2 - INFO - 页面"变态手游公益服_bt手游变态服_无限元宝bt手游下载_BT手游中心-最笨下载"跳转正常,该类元素共13个，当前第13个
2020-08-17 19:10:21,742 - basepage - INFO - Click back on current page.
2020-08-17 19:10:30,108 - 2 - INFO - 页面"天途（折扣特权）_天途（折扣特权）无限元宝服_SF变态版天途（折扣特权）公益服下载 - 最笨下载"跳转正常,该类元素共18个，当前第1个
2020-08-17 19:10:36,261 - 2 - INFO - 页面"塔防西游记（送千元充值）_塔防西游记（送千元充值）无限元宝服_SF变态版塔防西游记（送千元充值）公益服下载 - 最笨下载"跳转正常,该类元素共18个，当前第2个
2020-08-17 19:10:42,401 - 2 - INFO - 页面"无双魏蜀吴（折扣特权）_无双魏蜀吴（折扣特权）无限元宝服_SF变态版无双魏蜀吴（折扣特权）公益服下载 - 最笨下载"跳转正常,该类元素共18个，当前第3个
2020-08-17 19:10:48,534 - 2 - INFO - 页面"兵器少女（无门槛送充）_兵器少女（无门槛送充）无限元宝服_SF变态版兵器少女（无门槛送充）公益服下载 - 最笨下载"跳转正常,该类元素共18个，当前第4个
2020-08-17 19:10:54,680 - 2 - INFO - 页面"乱斗三国_乱斗三国无限元宝服_SF变态版乱斗三国公益服下载 - 最笨下载"跳转正常,该类元素共18个，当前第5个
2020-08-17 19:11:00,814 - 2 - INFO - 页面"塔防镇魂师（送328代金券）_塔防镇魂师（送328代金券）无限元宝服_SF变态版塔防镇魂师（送328代金券）公益服下载 - 最笨下载"跳转正常,该类元素共18个，当前第6个
2020-08-17 19:11:06,971 - 2 - INFO - 页面"恋三国（送百抽）_恋三国（送百抽）无限元宝服_SF变态版恋三国（送百抽）公益服下载 - 最笨下载"跳转正常,该类元素共18个，当前第7个
2020-08-17 19:11:13,133 - 2 - INFO - 页面"风云天下·重燃（海量抽充值）_风云天下·重燃（海量抽充值）无限元宝服_SF变态版风云天下·重燃（海量抽充值）公益服下载 - 最笨下载"跳转正常,该类元素共18个，当前第8个
2020-08-17 19:11:19,289 - 2 - INFO - 页面"一剑成仙（海量打金）_一剑成仙（海量打金）无限元宝服_SF变态版一剑成仙（海量打金）公益服下载 - 最笨下载"跳转正常,该类元素共18个，当前第9个
2020-08-17 19:11:25,424 - 2 - INFO - 页面"天域幻想（送海量充值）_天域幻想（送海量充值）无限元宝服_SF变态版天域幻想（送海量充值）公益服下载 - 最笨下载"跳转正常,该类元素共18个，当前第10个
2020-08-17 19:11:31,555 - 2 - INFO - 页面"修仙无双（折扣特权）_修仙无双（折扣特权）无限元宝服_SF变态版修仙无双（折扣特权）公益服下载 - 最笨下载"跳转正常,该类元素共18个，当前第11个
2020-08-17 19:11:37,700 - 2 - INFO - 页面"天诀_天诀无限元宝服_SF变态版天诀公益服下载 - 最笨下载"跳转正常,该类元素共18个，当前第12个
2020-08-17 19:11:43,845 - 2 - INFO - 页面"乱世江湖（卖血送真充）_乱世江湖（卖血送真充）无限元宝服_SF变态版乱世江湖（卖血送真充）公益服下载 - 最笨下载"跳转正常,该类元素共18个，当前第13个
2020-08-17 19:11:49,999 - 2 - INFO - 页面"联盟契约（送神将百抽）_联盟契约（送神将百抽）无限元宝服_SF变态版联盟契约（送神将百抽）公益服下载 - 最笨下载"跳转正常,该类元素共18个，当前第14个
2020-08-17 19:11:56,131 - 2 - INFO - 页面"九灵神域_九灵神域无限元宝服_SF变态版九灵神域公益服下载 - 最笨下载"跳转正常,该类元素共18个，当前第15个
2020-08-17 19:12:02,288 - 2 - INFO - 页面"教主之家（至尊特权）_教主之家（至尊特权）无限元宝服_SF变态版教主之家（至尊特权）公益服下载 - 最笨下载"跳转正常,该类元素共18个，当前第16个
2020-08-17 19:12:08,424 - 2 - INFO - 页面"魔星狂点（送海量连抽）_魔星狂点（送海量连抽）无限元宝服_SF变态版魔星狂点（送海量连抽）公益服下载 - 最笨下载"跳转正常,该类元素共18个，当前第17个
2020-08-17 19:12:14,569 - 2 - INFO - 页面"主公别闹_主公别闹无限元宝服_SF变态版主公别闹公益服下载 - 最笨下载"跳转正常,该类元素共18个，当前第18个
2020-08-17 19:12:21,487 - 2 - INFO - 页面"满vip版手游_手游sf送顶级vip_满级vip无限元宝手游下载-最笨下载"跳转正常,该类元素共13个，当前第1个
2020-08-17 19:12:21,754 - basepage - INFO - Click back on current page.
2020-08-17 19:12:29,523 - 2 - INFO - 页面"满vip版手游_手游sf送顶级vip_满级vip无限元宝手游下载-最笨下载"跳转正常,该类元素共13个，当前第2个
2020-08-17 19:12:30,033 - basepage - INFO - Click back on current page.
2020-08-17 19:12:38,444 - 2 - INFO - 页面"满vip版手游_手游sf送顶级vip_满级vip无限元宝手游下载-最笨下载"跳转正常,该类元素共13个，当前第3个
2020-08-17 19:12:38,902 - basepage - INFO - Click back on current page.
2020-08-17 19:12:46,669 - 2 - INFO - 页面"满vip版手游_手游sf送顶级vip_满级vip无限元宝手游下载-最笨下载"跳转正常,该类元素共13个，当前第4个
2020-08-17 19:12:47,152 - basepage - INFO - Click back on current page.
2020-08-17 19:12:54,933 - 2 - INFO - 页面"满vip版手游_手游sf送顶级vip_满级vip无限元宝手游下载-最笨下载"跳转正常,该类元素共13个，当前第5个
2020-08-17 19:12:55,194 - basepage - INFO - Click back on current page.
2020-08-17 19:13:03,079 - 2 - INFO - 页面"满vip版手游_手游sf送顶级vip_满级vip无限元宝手游下载-最笨下载"跳转正常,该类元素共13个，当前第6个
2020-08-17 19:13:03,557 - basepage - INFO - Click back on current page.
2020-08-17 19:13:11,344 - 2 - INFO - 页面"满vip版手游_手游sf送顶级vip_满级vip无限元宝手游下载-最笨下载"跳转正常,该类元素共13个，当前第7个
2020-08-17 19:13:11,834 - basepage - INFO - Click back on current page.
2020-08-17 19:13:19,613 - 2 - INFO - 页面"满vip版手游_手游sf送顶级vip_满级vip无限元宝手游下载-最笨下载"跳转正常,该类元素共13个，当前第8个
2020-08-17 19:13:19,870 - basepage - INFO - Click back on current page.
2020-08-17 19:13:27,566 - 2 - INFO - 页面"满vip版手游_手游sf送顶级vip_满级vip无限元宝手游下载-最笨下载"跳转正常,该类元素共13个，当前第9个
2020-08-17 19:13:28,058 - basepage - INFO - Click back on current page.
2020-08-17 19:13:35,898 - 2 - INFO - 页面"满vip版手游_手游sf送顶级vip_满级vip无限元宝手游下载-最笨下载"跳转正常,该类元素共13个，当前第10个
2020-08-17 19:13:36,391 - basepage - INFO - Click back on current page.
2020-08-17 19:13:44,182 - 2 - INFO - 页面"满vip版手游_手游sf送顶级vip_满级vip无限元宝手游下载-最笨下载"跳转正常,该类元素共13个，当前第11个
2020-08-17 19:13:44,416 - basepage - INFO - Click back on current page.
2020-08-17 19:13:52,751 - 2 - INFO - 页面"满vip版手游_手游sf送顶级vip_满级vip无限元宝手游下载-最笨下载"跳转正常,该类元素共13个，当前第12个
2020-08-17 19:13:53,240 - basepage - INFO - Click back on current page.
2020-08-17 19:14:01,925 - 2 - INFO - 页面"满vip版手游_手游sf送顶级vip_满级vip无限元宝手游下载-最笨下载"跳转正常,该类元素共13个，当前第13个
2020-08-17 19:14:02,389 - basepage - INFO - Click back on current page.
2020-08-17 19:14:10,733 - 2 - INFO - 页面"妖游记（海量送充值）_妖游记（海量送充值）无限元宝服_SF变态版妖游记（海量送充值）公益服下载 - 最笨下载"跳转正常,该类元素共18个，当前第1个
2020-08-17 19:14:16,867 - 2 - INFO - 页面"屠龙世界（送GM特权）_屠龙世界（送GM特权）无限元宝服_SF变态版屠龙世界（送GM特权）公益服下载 - 最笨下载"跳转正常,该类元素共18个，当前第2个
2020-08-17 19:14:22,955 - 2 - INFO - 页面"将军道（送百连海量抽）_将军道（送百连海量抽）无限元宝服_SF变态版将军道（送百连海量抽）公益服下载 - 最笨下载"跳转正常,该类元素共18个，当前第3个
2020-08-17 19:14:29,102 - 2 - INFO - 页面"七战（无门槛送首充）_七战（无门槛送首充）无限元宝服_SF变态版七战（无门槛送首充）公益服下载 - 最笨下载"跳转正常,该类元素共18个，当前第4个
2020-08-17 19:14:35,251 - 2 - INFO - 页面"炼金国度（送1000元充值）_炼金国度（送1000元充值）无限元宝服_SF变态版炼金国度（送1000元充值）公益服下载 - 最笨下载"跳转正常,该类元素共18个，当前第5个
2020-08-17 19:14:41,392 - 2 - INFO - 页面"冒险王2（送海量充值）_冒险王2（送海量充值）无限元宝服_SF变态版冒险王2（送海量充值）公益服下载 - 最笨下载"跳转正常,该类元素共18个，当前第6个
2020-08-17 19:14:47,532 - 2 - INFO - 页面"帝国光辉（每日送1000R）_帝国光辉（每日送1000R）无限元宝服_SF变态版帝国光辉（每日送1000R）公益服下载 - 最笨下载"跳转正常,该类元素共18个，当前第7个
2020-08-17 19:14:53,661 - 2 - INFO - 页面"围攻大菠萝（送328充值）_围攻大菠萝（送328充值）无限元宝服_SF变态版围攻大菠萝（送328充值）公益服下载 - 最笨下载"跳转正常,该类元素共18个，当前第8个
2020-08-17 19:14:59,797 - 2 - INFO - 页面"女神联盟2（送500充值）_女神联盟2（送500充值）无限元宝服_SF变态版女神联盟2（送500充值）公益服下载 - 最笨下载"跳转正常,该类元素共18个，当前第9个
2020-08-17 19:15:05,949 - 2 - INFO - 页面"九天仙梦（商城特权）_九天仙梦（商城特权）无限元宝服_SF变态版九天仙梦（商城特权）公益服下载 - 最笨下载"跳转正常,该类元素共18个，当前第10个
2020-08-17 19:15:12,095 - 2 - INFO - 页面"仙剑缘（星耀特权）_仙剑缘（星耀特权）无限元宝服_SF变态版仙剑缘（星耀特权）公益服下载 - 最笨下载"跳转正常,该类元素共18个，当前第11个
2020-08-17 19:15:22,814 - 2 - INFO - 页面"我叫MT：奇幻之旅（送一万连抽）_我叫MT：奇幻之旅（送一万连抽）无限元宝服_SF变态版我叫MT：奇幻之旅（送一万连抽）公益服下载 - 最笨下载"跳转正常,该类元素共18个，当前第12个
2020-08-17 19:15:28,948 - 2 - INFO - 页面"天天驯兽师（每日送百抽）_天天驯兽师（每日送百抽）无限元宝服_SF变态版天天驯兽师（每日送百抽）公益服下载 - 最笨下载"跳转正常,该类元素共18个，当前第13个
2020-08-17 19:15:35,111 - 2 - INFO - 页面"神契幻奇谭（海量特权）_神契幻奇谭（海量特权）无限元宝服_SF变态版神契幻奇谭（海量特权）公益服下载 - 最笨下载"跳转正常,该类元素共18个，当前第14个
2020-08-17 19:15:41,241 - 2 - INFO - 页面"冒险者集结（送650充值）_冒险者集结（送650充值）无限元宝服_SF变态版冒险者集结（送650充值）公益服下载 - 最笨下载"跳转正常,该类元素共18个，当前第15个
2020-08-17 19:15:47,378 - 2 - INFO - 页面"御剑封神录（送海量充值）_御剑封神录（送海量充值）无限元宝服_SF变态版御剑封神录（送海量充值）公益服下载 - 最笨下载"跳转正常,该类元素共18个，当前第16个
2020-08-17 19:15:53,529 - 2 - INFO - 页面"无敌战舰（送百元充值）_无敌战舰（送百元充值）无限元宝服_SF变态版无敌战舰（送百元充值）公益服下载 - 最笨下载"跳转正常,该类元素共18个，当前第17个
2020-08-17 19:15:59,694 - 2 - INFO - 页面"孤龙山（送GM海量充）_孤龙山（送GM海量充）无限元宝服_SF变态版孤龙山（送GM海量充）公益服下载 - 最笨下载"跳转正常,该类元素共18个，当前第18个
2020-08-17 19:16:06,224 - 2 - INFO - 页面"【苹果益智休闲游戏】好玩的iPhone益智休闲游戏大全_iPhone益智休闲类游戏下载-最笨下载"跳转正常,该类元素共16个，当前第1个
2020-08-17 19:16:06,561 - basepage - INFO - Click back on current page.
2020-08-17 19:16:14,022 - 2 - INFO - 页面"【苹果其他游戏】好玩的iphone其他游戏大全_iphone其他类游戏下载-最笨下载"跳转正常,该类元素共16个，当前第2个
2020-08-17 19:16:14,236 - basepage - INFO - Click back on current page.
2020-08-17 19:16:21,211 - 2 - INFO - 页面"【苹果音乐游戏】好玩的iphone音乐游戏大全_iphone音乐类游戏下载-最笨下载"跳转正常,该类元素共16个，当前第3个
2020-08-17 19:16:21,691 - basepage - INFO - Click back on current page.
2020-08-17 19:16:28,979 - 2 - INFO - 页面"【苹果网络游戏】好玩的iphone网络游戏大全_iphone网络类游戏下载-最笨下载"跳转正常,该类元素共16个，当前第4个
2020-08-17 19:16:29,202 - basepage - INFO - Click back on current page.
2020-08-17 19:16:36,214 - 2 - INFO - 页面"【苹果格斗游戏】好玩的iPhone格斗游戏大全_iPhone格斗类游戏下载-最笨下载"跳转正常,该类元素共16个，当前第5个
2020-08-17 19:16:36,444 - basepage - INFO - Click back on current page.
2020-08-17 19:16:43,493 - 2 - INFO - 页面"【苹果飞行游戏】好玩的iPhone飞行游戏大全_iPhone飞行类游戏下载-最笨下载"跳转正常,该类元素共16个，当前第6个
2020-08-17 19:16:43,988 - basepage - INFO - Click back on current page.
2020-08-17 19:16:51,277 - 2 - INFO - 页面"【苹果体育运动游戏】好玩的iPhone体育运动游戏大全_iPhone体育运动类游戏下载-最笨下载"跳转正常,该类元素共16个，当前第7个
2020-08-17 19:16:51,509 - basepage - INFO - Click back on current page.
2020-08-17 19:16:58,873 - 2 - INFO - 页面"【苹果模拟经营游戏】好玩的iPhone模拟经营游戏大全_iPhone模拟经营类游戏下载-最笨下载"跳转正常,该类元素共16个，当前第8个
2020-08-17 19:16:59,144 - basepage - INFO - Click back on current page.
2020-08-17 19:17:05,958 - 2 - INFO - 页面"【苹果策略游戏】好玩的iphone策略游戏大全_iphone策略类游戏下载-最笨下载"跳转正常,该类元素共16个，当前第9个
2020-08-17 19:17:06,412 - basepage - INFO - Click back on current page.
2020-08-17 19:17:13,563 - 2 - INFO - 页面"【苹果塔防游戏】好玩的iphone塔防游戏大全_iphone塔防类游戏下载-最笨下载"跳转正常,该类元素共16个，当前第10个
2020-08-17 19:17:13,806 - basepage - INFO - Click back on current page.
2020-08-17 19:17:20,756 - 2 - INFO - 页面"【苹果解谜游戏】好玩的iphone解谜游戏大全_iphone解谜类游戏下载-最笨下载"跳转正常,该类元素共16个，当前第11个
2020-08-17 19:17:21,021 - basepage - INFO - Click back on current page.
2020-08-17 19:17:28,564 - 2 - INFO - 页面"【苹果射击游戏】好玩的iphone射击游戏大全_iphone射击类游戏下载-最笨下载"跳转正常,该类元素共16个，当前第12个
2020-08-17 19:17:29,064 - basepage - INFO - Click back on current page.
2020-08-17 19:17:36,506 - 2 - INFO - 页面"【苹果棋牌游戏】好玩的iphone棋牌游戏大全_iphone棋牌类游戏下载-最笨下载"跳转正常,该类元素共16个，当前第13个
2020-08-17 19:17:36,775 - basepage - INFO - Click back on current page.
2020-08-17 19:17:44,040 - 2 - INFO - 页面"【苹果赛车游戏】好玩的iPhone赛车游戏大全_iPhone赛车类游戏下载-最笨下载"跳转正常,该类元素共16个，当前第14个
2020-08-17 19:17:44,307 - basepage - INFO - Click back on current page.
2020-08-17 19:17:51,042 - 2 - INFO - 页面"【苹果角色扮演游戏】好玩的iphone角色扮演游戏_iPhone角色扮演类游戏下载-最笨下载"跳转正常,该类元素共16个，当前第15个
2020-08-17 19:17:51,525 - basepage - INFO - Click back on current page.
2020-08-17 19:17:58,293 - 2 - INFO - 页面"【安卓动作游戏】好玩的iPhone动作游戏大全_iPhone动作类游戏下载-最笨下载"跳转正常,该类元素共16个，当前第16个
2020-08-17 19:17:58,570 - basepage - INFO - Click back on current page.
2020-08-17 19:18:06,956 - 2 - INFO - 页面"真龙战魂（天天送元宝）ios版_真龙战魂（天天送元宝）ios版下载_真龙战魂（天天送元宝）ios版官方下载-最笨下载"跳转正常,该类元素共18个，当前第1个
2020-08-17 19:18:18,500 - 2 - INFO - 页面"魔域王牌（天天送抽卡）iOS版_魔域王牌（天天送抽卡）iOS版下载_魔域王牌（天天送抽卡）iOS版官方下载-最笨下载"跳转正常,该类元素共18个，当前第2个
2020-08-17 19:18:24,653 - 2 - INFO - 页面"冒险王2（送海量充值）ios版_冒险王2（送海量充值）ios版下载_冒险王2（送海量充值）ios版官方下载-最笨下载"跳转正常,该类元素共18个，当前第3个
2020-08-17 19:18:30,799 - 2 - INFO - 页面"恋三国（送百抽）ios版_恋三国（送百抽）ios版下载_恋三国（送百抽）ios版官方下载-最笨下载"跳转正常,该类元素共18个，当前第4个
2020-08-17 19:18:36,981 - 2 - INFO - 页面"屠龙世界（送GM特权）ios版_屠龙世界（送GM特权）ios版下载_屠龙世界（送GM特权）ios版官方下载-最笨下载"跳转正常,该类元素共18个，当前第5个
2020-08-17 19:18:43,147 - 2 - INFO - 页面"将军道（送百连海量抽）ios版_将军道（送百连海量抽）ios版下载_将军道（送百连海量抽）ios版官方下载-最笨下载"跳转正常,该类元素共18个，当前第6个
2020-08-17 19:18:49,289 - 2 - INFO - 页面"塔防镇魂师（送328代金券）ios版_塔防镇魂师（送328代金券）ios版下载_塔防镇魂师（送328代金券）ios版官方下载-最笨下载"跳转正常,该类元素共18个，当前第7个
2020-08-17 19:18:55,453 - 2 - INFO - 页面"乱斗三国ios版_乱斗三国ios版下载_乱斗三国ios版官方下载-最笨下载"跳转正常,该类元素共18个，当前第8个
2020-08-17 19:19:01,582 - 2 - INFO - 页面"兵器少女（无门槛送充）ios版_兵器少女（无门槛送充）ios版下载_兵器少女（无门槛送充）ios版官方下载-最笨下载"跳转正常,该类元素共18个，当前第9个
2020-08-17 19:19:07,746 - 2 - INFO - 页面"猎手之王ios版_猎手之王ios版下载_猎手之王ios版官方下载-最笨下载"跳转正常,该类元素共18个，当前第10个
2020-08-17 19:19:13,906 - 2 - INFO - 页面"古墓迷城ios版_古墓迷城ios版下载_古墓迷城ios版官方下载-最笨下载"跳转正常,该类元素共18个，当前第11个
2020-08-17 19:19:20,045 - 2 - INFO - 页面"国战纪元ios版_国战纪元ios版下载_国战纪元ios版官方下载-最笨下载"跳转正常,该类元素共18个，当前第12个
2020-08-17 19:19:26,179 - 2 - INFO - 页面"天诀ios版_天诀ios版下载_天诀ios版官方下载-最笨下载"跳转正常,该类元素共18个，当前第13个
2020-08-17 19:19:32,322 - 2 - INFO - 页面"仙剑缘（星耀特权）ios版_仙剑缘（星耀特权）ios版下载_仙剑缘（星耀特权）ios版官方下载-最笨下载"跳转正常,该类元素共18个，当前第14个
2020-08-17 19:19:38,461 - 2 - INFO - 页面"九灵神域ios版_九灵神域ios版下载_九灵神域ios版官方下载-最笨下载"跳转正常,该类元素共18个，当前第15个
2020-08-17 19:19:44,619 - 2 - INFO - 页面"天之命（海量特权）ios版_天之命（海量特权）ios版下载_天之命（海量特权）ios版官方下载-最笨下载"跳转正常,该类元素共18个，当前第16个
2020-08-17 19:19:50,755 - 2 - INFO - 页面"魔剑侠缘（星耀特权）ios版_魔剑侠缘（星耀特权）ios版下载_魔剑侠缘（星耀特权）ios版官方下载-最笨下载"跳转正常,该类元素共18个，当前第17个
2020-08-17 19:19:56,902 - 2 - INFO - 页面"仙灵世界（复古绿色服）ios版_仙灵世界（复古绿色服）ios版下载_仙灵世界（复古绿色服）ios版官方下载-最笨下载"跳转正常,该类元素共18个，当前第18个
2020-08-17 19:20:04,493 - 2 - INFO - 页面"ios无限元宝的手游"跳转正常,该类元素共4个，当前第1个
2020-08-17 19:20:04,714 - basepage - INFO - Click back on current page.
2020-08-17 19:20:09,693 - 2 - INFO - 页面"gm手游助手ios"跳转正常,该类元素共4个，当前第2个
2020-08-17 19:20:09,909 - basepage - INFO - Click back on current page.
2020-08-17 19:20:15,245 - 2 - INFO - 页面"ios变态服游戏"跳转正常,该类元素共4个，当前第3个
2020-08-17 19:20:15,657 - basepage - INFO - Click back on current page.
2020-08-17 19:20:20,614 - 2 - INFO - 页面"ios看小说神器"跳转正常,该类元素共4个，当前第4个
2020-08-17 19:20:20,849 - basepage - INFO - Click back on current page.
2020-08-17 19:20:27,715 - 2 - INFO - 页面"【最笨周末活动】8.14周末活动壕礼送不停"跳转正常,该类元素共4个，当前第1个
2020-08-17 19:20:28,142 - basepage - INFO - Click back on current page.
2020-08-17 19:20:33,273 - 2 - INFO - 页面"【最笨周末活动】8.7周末活动海量惊喜等你来拿"跳转正常,该类元素共4个，当前第2个
2020-08-17 19:20:33,485 - basepage - INFO - Click back on current page.
2020-08-17 19:20:38,879 - 2 - INFO - 页面"【最笨周末活动】7月10日晴了一夏周末福利活动"跳转正常,该类元素共4个，当前第3个
2020-08-17 19:20:39,288 - basepage - INFO - Click back on current page.
2020-08-17 19:20:44,106 - 2 - INFO - 页面"【最笨周末活动】7月3日清凉一夏活动来袭~"跳转正常,该类元素共4个，当前第4个
2020-08-17 19:20:44,318 - basepage - INFO - Click back on current page.
2020-08-17 19:20:50,410 - 2 - INFO - 页面"回复女朋友的软件叫什么"跳转正常,该类元素共20个，当前第1个
2020-08-17 19:20:56,551 - 2 - INFO - 页面"抖音聊天的软件叫什么"跳转正常,该类元素共20个，当前第2个
2020-08-17 19:21:02,695 - 2 - INFO - 页面"苹果哪个软件可以免费看小说"跳转正常,该类元素共20个，当前第3个
2020-08-17 19:21:08,854 - 2 - INFO - 页面"有什么回复女生的聊天软件"跳转正常,该类元素共20个，当前第4个
2020-08-17 19:21:15,103 - 2 - INFO - 页面"看小说不要钱的软件推荐"跳转正常,该类元素共20个，当前第5个
2020-08-17 19:21:21,265 - 2 - INFO - 页面"下一站江湖洛城宝箱在哪里 洛城宝箱位置介绍"跳转正常,该类元素共20个，当前第6个
2020-08-17 19:21:27,490 - 2 - INFO - 页面"阴阳师怎么打屋荒骷髅头 荒骷髅boss打法攻略"跳转正常,该类元素共20个，当前第7个
2020-08-17 19:21:33,629 - 2 - INFO - 页面"大千世界奇艺碎片怎么获得 奇艺碎片的获得方法"跳转正常,该类元素共20个，当前第8个
2020-08-17 19:21:39,782 - 2 - INFO - 页面"炉石传说通灵学院任务萨卡组怎么搭配 任务萨卡"跳转正常,该类元素共20个，当前第9个
2020-08-17 19:21:45,939 - 2 - INFO - 页面"炉石传说通灵学院扫把脏牧卡组怎么搭配 扫把脏"跳转正常,该类元素共20个，当前第10个
2020-08-17 19:21:52,076 - 2 - INFO - 页面"不用wifi也能玩的游戏女生 不用wifi也能玩的女生"跳转正常,该类元素共20个，当前第11个
2020-08-17 19:21:58,217 - 2 - INFO - 页面"自由度高的手机武侠单机游戏 高自由武侠单机手"跳转正常,该类元素共20个，当前第12个
2020-08-17 19:22:04,353 - 2 - INFO - 页面"安卓苹果混服传奇手游 安卓与苹果混服传奇手游"跳转正常,该类元素共20个，当前第13个
2020-08-17 19:22:10,495 - 2 - INFO - 页面"恋爱话术库破解版苹果版-撩妹恋爱话术库app苹果"跳转正常,该类元素共20个，当前第14个
2020-08-17 19:22:16,641 - 2 - INFO - 页面"火影忍者单机版破解版-火影忍者手游单机版破解"跳转正常,该类元素共20个，当前第15个
2020-08-17 19:22:22,777 - 2 - INFO - 页面"下一站江湖伙伴怎么选择"跳转正常,该类元素共20个，当前第16个
2020-08-17 19:22:28,930 - 2 - INFO - 页面"我的世界天堂传送门怎么做"跳转正常,该类元素共20个，当前第17个
2020-08-17 19:22:35,062 - 2 - INFO - 页面"我的世界开学抽奖礼盒怎么用"跳转正常,该类元素共20个，当前第18个
2020-08-17 19:22:41,211 - 2 - INFO - 页面"我的世界死亡掉落的指令是什么"跳转正常,该类元素共20个，当前第19个
2020-08-17 19:22:47,342 - 2 - INFO - 页面"dnf手游在哪预创建角色"跳转正常,该类元素共20个，当前第20个
2020-08-17 19:22:53,582 - 2 - INFO - 页面"apk3安卓网-2020最新apk安卓游戏-热门apk软件下载平台"跳转正常,该类元素共34个，当前第1个
2020-08-17 19:22:59,684 - 2 - INFO - 页面"小游戏,在线小游戏,小游戏大全,双人小游戏,3199小游戏"跳转正常,该类元素共34个，当前第2个
2020-08-17 19:23:05,833 - 2 - INFO - 页面"中文网站排行榜_alexa排行 - 爱站网站排行榜"跳转正常,该类元素共34个，当前第3个
2020-08-17 19:23:11,981 - 2 - INFO - 页面"9号下载_下载软件_免费下载单机游戏_手机游戏下载大全"跳转正常,该类元素共34个，当前第4个
2020-08-17 19:23:39,650 - 2 - INFO - 页面"软件下载中心_绿色免费软件,手机游戏|软件下载,到超人软件站"跳转正常,该类元素共34个，当前第5个
2020-08-17 19:23:45,799 - 2 - INFO - 页面"系统圣地,绿色免费软件,手游下载等软件下载网站"跳转正常,该类元素共34个，当前第6个
2020-08-17 19:23:51,967 - 2 - INFO - 页面"天天安卓模拟器_安卓模拟器电脑版下载_天天模拟器官网"跳转正常,该类元素共34个，当前第7个
2020-08-17 19:23:58,129 - 2 - INFO - 页面"好看小说推荐_热门小说大全_小说排行榜 - 玖陆文学"跳转正常,该类元素共34个，当前第8个
2020-08-17 19:24:04,223 - 2 - INFO - 页面"IE8 IE9 IE10 IE浏览器下载 - IE浏览器中文网站"跳转正常,该类元素共34个，当前第9个
2020-08-17 19:24:17,394 - 2 - INFO - 页面"bt手游平台_满v手游公益服_gm手游排行榜_3733游戏盒子官网"跳转正常,该类元素共34个，当前第10个
2020-08-17 19:24:23,753 - 2 - INFO - 页面"bt公益服变态手游排行榜前十名[新开公测热门+在线人多+免费大型网游]新开最热门好玩人气高的网络游戏有什么_安卓苹果ios客户端游戏下载大全_8979游戏官网"跳转正常,该类元素共34个，当前第11个
2020-08-17 19:24:29,884 - 2 - INFO - 页面"【破解版手机游戏】手机破解游戏下载_安卓手机游戏破解版下载大全-最笨下载"跳转正常,该类元素共34个，当前第12个
2020-08-17 19:24:36,036 - 2 - INFO - 页面"windows10系统之家 - 系统之家提供win10专业版,ISO镜像,企业版等win10系统下载"跳转正常,该类元素共34个，当前第13个
2020-08-17 19:24:51,657 - 2 - INFO - 页面"39整形美容_中国专业医学整形美容门户"跳转正常,该类元素共34个，当前第14个
2020-08-17 19:24:57,804 - 2 - INFO - 页面"零度软件园_官方软件下载_绿色软件_游戏下载_值得信赖的下载站！"跳转正常,该类元素共34个，当前第15个
2020-08-17 19:25:03,981 - 2 - INFO - 页面"单机游戏_单机游戏下载大全中文版下载_好玩的单机游戏下载基地 - 99单机游戏"跳转正常,该类元素共34个，当前第16个
2020-08-17 19:25:11,488 - 2 - INFO - 页面"安卓市场_安卓游戏破解版下载_单机破解版游戏大全_手机网游下载"跳转正常,该类元素共34个，当前第17个
2020-08-17 19:25:27,797 - 2 - INFO - 页面"手机游戏下载-手机软件下载-电脑软件下载-小黑游戏"跳转正常,该类元素共34个，当前第18个
2020-08-17 19:26:06,694 - 2 - INFO - 页面"手机游戏_手机游戏排行榜_好玩的手机游戏_安卓手机游戏推荐_易玩网"跳转正常,该类元素共34个，当前第19个
2020-08-17 19:26:12,839 - 2 - INFO - 页面"手机游戏_好玩的手机游戏下载_手机游戏排行榜-游戏吧"跳转正常,该类元素共34个，当前第20个
2020-08-17 19:26:19,004 - 2 - INFO - 页面"免费手机游戏_好玩的单机游戏_安卓破解版游戏下载_apk8安卓网"跳转正常,该类元素共34个，当前第21个
2020-08-17 19:26:25,147 - 2 - INFO - 页面"免费手机游戏_好玩的单机游戏_安卓破解版游戏下载_apk8安卓网"跳转正常,该类元素共34个，当前第22个
2020-08-17 19:26:31,299 - 2 - INFO - 页面"安卓破解版游戏下载_单机手机破解游戏大全_免费游戏破解版下载-最笨下载"跳转正常,该类元素共34个，当前第23个
2020-08-17 19:26:37,439 - 2 - INFO - 页面"app.3987.com"跳转正常,该类元素共34个，当前第24个
2020-08-17 19:26:43,560 - 2 - INFO - 页面"可可出招表-流星蝴蝶剑出招表-拳皇97出招表-手机游戏-绿色软件下载"跳转正常,该类元素共34个，当前第25个
2020-08-17 19:26:51,401 - 2 - INFO - 页面"爪游控 | 新锐综合资讯媒体"跳转正常,该类元素共34个，当前第26个
2020-08-17 19:26:57,552 - 2 - INFO - 页面"3733游戏盒官网_bt游戏_满vip手游_gm手游大全_破解游戏盒子下载"跳转正常,该类元素共34个，当前第27个
2020-08-17 19:27:03,690 - 2 - INFO - 页面"绿色免费电脑软件下载_手机软件游戏下载中心-520下载站"跳转正常,该类元素共34个，当前第28个
2020-08-17 19:27:15,067 - 2 - INFO - 页面"免费大型经典安卓破解版单机游戏下载排行榜_手机最火爆最新出热门好玩人气高3DBT网络游戏有什么_破解游戏盒子软件大全-下载多"跳转正常,该类元素共34个，当前第29个
2020-08-17 19:27:21,219 - 2 - INFO - 页面"3733游戏盒官网_bt游戏_满vip手游_gm手游大全_破解游戏盒子下载"跳转正常,该类元素共34个，当前第30个
2020-08-17 19:27:30,918 - 2 - INFO - 页面"VR之家_专业VR游戏软件下载网站_VR应用_VR电影_VR视频_VR资源-VR之家"跳转正常,该类元素共34个，当前第31个
2020-08-17 19:27:37,066 - 2 - INFO - 页面"手机玩_免费安卓手机游戏_安卓游戏破解版下载_破解游戏盒子下载"跳转正常,该类元素共34个，当前第32个
2020-08-17 19:27:43,227 - 2 - INFO - 页面"gm手游平台_gm手游盒子_gm版手游下载_3733游戏官网"跳转正常,该类元素共34个，当前第33个
2020-08-17 19:27:55,968 - 2 - INFO - 页面"gm手游平台_gm版无限元宝手游_gm手游盒子下载_gm助手官网"跳转正常,该类元素共34个，当前第34个
2020-08-17 19:28:01,557 - 2 - INFO - 进入"游戏"模块，将执行随机函数
2020-08-17 19:28:04,176 - 2 - INFO - 随机页面"大秦之帝国崛起（送法拉利）"跳转正常，当前第1个
2020-08-17 19:28:04,262 - basepage - INFO - Click back on current page.
2020-08-17 19:28:09,023 - 2 - INFO - 随机页面"进击的少女（闯关爆充值）"跳转正常，当前第2个
2020-08-17 19:28:09,119 - basepage - INFO - Click back on current page.
2020-08-17 19:28:13,902 - 2 - INFO - 随机页面"不思议地下城（百抽特权）"跳转正常，当前第3个
2020-08-17 19:28:14,009 - basepage - INFO - Click back on current page.
2020-08-17 19:28:18,957 - 2 - INFO - 随机页面"小小虎将（海量特权）"跳转正常，当前第1个
2020-08-17 19:28:19,071 - basepage - INFO - Click back on current page.
2020-08-17 19:28:23,373 - 2 - INFO - 随机页面"进击的少女（闯关爆充值）"跳转正常，当前第2个
2020-08-17 19:28:23,447 - basepage - INFO - Click back on current page.
2020-08-17 19:28:28,259 - 2 - INFO - 随机页面"神奇三国（超高爆率）"跳转正常，当前第3个
2020-08-17 19:28:28,346 - basepage - INFO - Click back on current page.
2020-08-17 19:28:34,134 - 2 - INFO - 进入"应用"模块，将执行随机函数
2020-08-17 19:28:37,486 - 2 - INFO - 随机页面"遇知音"跳转正常，当前第1个
2020-08-17 19:28:37,593 - basepage - INFO - Click back on current page.
2020-08-17 19:28:41,891 - 2 - INFO - 随机页面"爱情套路"跳转正常，当前第2个
2020-08-17 19:28:41,981 - basepage - INFO - Click back on current page.
2020-08-17 19:28:46,339 - 2 - INFO - 随机页面"恋爱话术"跳转正常，当前第3个
2020-08-17 19:28:46,443 - basepage - INFO - Click back on current page.
2020-08-17 19:28:50,738 - 2 - INFO - 随机页面"吾爱看书"跳转正常，当前第1个
2020-08-17 19:28:50,834 - basepage - INFO - Click back on current page.
2020-08-17 19:28:55,134 - 2 - INFO - 随机页面"3733游戏盒子"跳转正常，当前第2个
2020-08-17 19:28:55,246 - basepage - INFO - Click back on current page.
2020-08-17 19:28:59,555 - 2 - INFO - 随机页面"最笨游戏盒子"跳转正常，当前第3个
2020-08-17 19:28:59,652 - basepage - INFO - Click back on current page.
2020-08-17 19:29:06,459 - 2 - INFO - 进入"资讯"模块，将执行随机函数
2020-08-17 19:29:09,485 - 2 - INFO - 随机页面"剑侠情缘2剑歌行哪个职业好"跳转正常，当前第1个
2020-08-17 19:29:09,597 - basepage - INFO - Click back on current page.
2020-08-17 19:29:14,480 - 2 - INFO - 随机页面"光遇烟花魔法怎么用"跳转正常，当前第2个
2020-08-17 19:29:14,561 - basepage - INFO - Click back on current page.
2020-08-17 19:29:19,443 - 2 - INFO - 随机页面"gta5黄金左轮爆头50奖励是什么"跳转正常，当前第3个
2020-08-17 19:29:19,564 - basepage - INFO - Click back on current page.
2020-08-17 19:29:23,830 - 2 - INFO - 随机页面"不思议地下城（百抽特权）"跳转正常，当前第1个
2020-08-17 19:29:23,918 - basepage - INFO - Click back on current page.
2020-08-17 19:29:28,179 - 2 - INFO - 随机页面"小小虎将（海量特权）"跳转正常，当前第2个
2020-08-17 19:29:28,291 - basepage - INFO - Click back on current page.
2020-08-17 19:29:32,918 - 2 - INFO - 随机页面"大兵小将（天朝小将）"跳转正常，当前第3个
2020-08-17 19:29:33,008 - basepage - INFO - Click back on current page.
2020-08-17 19:29:38,196 - 2 - INFO - 进入"专题"模块，将执行随机函数
2020-08-17 19:29:40,856 - 2 - INFO - 页面"免内购破解版游戏盒子"跳转正常,该类元素共1个，当前第1个
2020-08-17 19:29:41,044 - basepage - INFO - Click back on current page.
2020-08-17 19:29:45,419 - 2 - INFO - 随机页面"gm手游盒子"跳转正常，当前第1个
2020-08-17 19:29:46,469 - basepage - INFO - Click back on current page.
2020-08-17 19:29:50,734 - 2 - INFO - 随机页面"最笨游戏盒子iOS版"跳转正常，当前第2个
2020-08-17 19:29:50,924 - basepage - INFO - Click back on current page.
2020-08-17 19:29:55,216 - 2 - INFO - 随机页面"3733游戏盒子"跳转正常，当前第3个
2020-08-17 19:29:55,317 - basepage - INFO - Click back on current page.
2020-08-17 19:30:01,618 - 2 - INFO - 页面"苹果手游sf变态版"跳转正常,该类元素共1个，当前第1个
2020-08-17 19:30:01,796 - basepage - INFO - Click back on current page.
2020-08-17 19:30:06,835 - 2 - INFO - 随机页面"名侦探柯南-业火的向日葵ios版"跳转正常，当前第1个
2020-08-17 19:30:06,943 - basepage - INFO - Click back on current page.
2020-08-17 19:30:12,437 - 2 - INFO - 随机页面"三国大领主（送海量连抽）ios版"跳转正常，当前第2个
2020-08-17 19:30:13,511 - basepage - INFO - Click back on current page.
2020-08-17 19:30:18,518 - 2 - INFO - 随机页面"天域至尊（送648充值）ios版"跳转正常，当前第3个
2020-08-17 19:30:18,613 - basepage - INFO - Click back on current page.
2020-08-17 19:30:24,006 - 2 - INFO - 页面"2020不收费看小说的软件"跳转正常,该类元素共1个，当前第1个
2020-08-17 19:30:24,194 - basepage - INFO - Click back on current page.
2020-08-17 19:30:29,114 - 2 - INFO - 随机页面"菠萝包轻小说"跳转正常，当前第1个
2020-08-17 19:30:29,211 - basepage - INFO - Click back on current page.
2020-08-17 19:30:34,324 - 2 - INFO - 随机页面"好听FM"跳转正常，当前第2个
2020-08-17 19:30:34,557 - basepage - INFO - Click back on current page.
2020-08-17 19:30:39,169 - 2 - INFO - 随机页面"熊掌阅读"跳转正常，当前第3个
2020-08-17 19:30:39,278 - basepage - INFO - Click back on current page.
2020-08-17 19:30:44,059 - 2 - INFO - 页面"微信撩妹自动回复软件"跳转正常,该类元素共1个，当前第1个
2020-08-17 19:30:44,298 - basepage - INFO - Click back on current page.
2020-08-17 19:30:48,995 - 2 - INFO - 随机页面"恋爱撩吧app"跳转正常，当前第1个
2020-08-17 19:30:50,049 - basepage - INFO - Click back on current page.
2020-08-17 19:30:54,785 - 2 - INFO - 随机页面"撩妹聊天套路"跳转正常，当前第2个
2020-08-17 19:30:54,957 - basepage - INFO - Click back on current page.
2020-08-17 19:30:59,535 - 2 - INFO - 随机页面"恋爱辅助器"跳转正常，当前第3个
2020-08-17 19:30:59,713 - basepage - INFO - Click back on current page.
2020-08-17 19:31:05,578 - 2 - INFO - 页面"类似全球行动的手游"跳转正常,该类元素共1个，当前第1个
2020-08-17 19:31:05,770 - basepage - INFO - Click back on current page.
2020-08-17 19:31:10,726 - 2 - INFO - 随机页面"星际迷途手游"跳转正常，当前第1个
2020-08-17 19:31:13,791 - basepage - INFO - Click back on current page.
2020-08-17 19:31:18,716 - 2 - INFO - 随机页面"无敌士兵手游"跳转正常，当前第2个
2020-08-17 19:31:18,825 - basepage - INFO - Click back on current page.
2020-08-17 19:31:23,703 - 2 - INFO - 随机页面"王者英雄之枪战传奇（送火麒麟）"跳转正常，当前第3个
2020-08-17 19:31:23,854 - basepage - INFO - Click back on current page.
2020-08-17 19:31:30,898 - 2 - INFO - 页面"塔防手游无限元宝"跳转正常,该类元素共1个，当前第1个
2020-08-17 19:31:31,006 - basepage - INFO - Click back on current page.
2020-08-17 19:31:36,056 - 2 - INFO - 随机页面"机器人防御战"跳转正常，当前第1个
2020-08-17 19:31:36,238 - basepage - INFO - Click back on current page.
2020-08-17 19:31:41,077 - 2 - INFO - 随机页面"猴子塔防6"跳转正常，当前第2个
2020-08-17 19:31:41,187 - basepage - INFO - Click back on current page.
2020-08-17 19:31:46,047 - 2 - INFO - 随机页面"银河防御失落的星球"跳转正常，当前第3个
2020-08-17 19:31:46,260 - basepage - INFO - Click back on current page.
2020-08-17 19:31:52,215 - 2 - INFO - 页面"打击感强3d动作手游"跳转正常,该类元素共1个，当前第1个
2020-08-17 19:31:52,311 - basepage - INFO - Click back on current page.
2020-08-17 19:31:57,328 - 2 - INFO - 随机页面"破坏神（福利特权）"跳转正常，当前第1个
2020-08-17 19:31:57,508 - basepage - INFO - Click back on current page.
2020-08-17 19:32:01,771 - 2 - INFO - 随机页面"女神联盟2（送500充值）"跳转正常，当前第2个
2020-08-17 19:32:01,867 - basepage - INFO - Click back on current page.
2020-08-17 19:32:06,861 - 2 - INFO - 随机页面"暴走神话"跳转正常，当前第3个
2020-08-17 19:32:07,046 - basepage - INFO - Click back on current page.
2020-08-17 19:32:13,298 - 2 - INFO - 页面"像素游戏大全破解版"跳转正常,该类元素共1个，当前第1个
2020-08-17 19:32:13,406 - basepage - INFO - Click back on current page.
2020-08-17 19:32:18,353 - 2 - INFO - 随机页面"机器人攻城战内购版"跳转正常，当前第1个
2020-08-17 19:32:18,535 - basepage - INFO - Click back on current page.
2020-08-17 19:32:23,376 - 2 - INFO - 随机页面"迷宫追逐"跳转正常，当前第2个
2020-08-17 19:32:23,475 - basepage - INFO - Click back on current page.
2020-08-17 19:32:28,551 - 2 - INFO - 随机页面"机器人攻城战无敌版"跳转正常，当前第3个
2020-08-17 19:32:28,736 - basepage - INFO - Click back on current page.
2020-08-17 19:32:34,827 - 2 - INFO - 页面"单机仙侠rpg手游破解版"跳转正常,该类元素共1个，当前第1个
2020-08-17 19:32:34,958 - basepage - INFO - Click back on current page.
2020-08-17 19:32:39,820 - 2 - INFO - 随机页面"悬谋仙侠之御焰之剑"跳转正常，当前第1个
2020-08-17 19:32:40,009 - basepage - INFO - Click back on current page.
2020-08-17 19:32:44,965 - 2 - INFO - 随机页面"农场仙境"跳转正常，当前第2个
2020-08-17 19:32:45,073 - basepage - INFO - Click back on current page.
2020-08-17 19:32:49,938 - 2 - INFO - 随机页面"益智仙境"跳转正常，当前第3个
2020-08-17 19:32:50,179 - basepage - INFO - Click back on current page.
2020-08-17 19:32:57,237 - 2 - INFO - 页面"十大手机治愈系游戏"跳转正常,该类元素共1个，当前第1个
2020-08-17 19:32:57,336 - basepage - INFO - Click back on current page.
2020-08-17 19:33:02,299 - 2 - INFO - 随机页面"旅行青蛙"跳转正常，当前第1个
2020-08-17 19:33:02,404 - basepage - INFO - Click back on current page.
2020-08-17 19:33:06,996 - 2 - INFO - 随机页面"我家猫咪很任性"跳转正常，当前第2个
2020-08-17 19:33:07,102 - basepage - INFO - Click back on current page.
2020-08-17 19:33:17,782 - 2 - INFO - 随机页面"治愈之泪2"跳转正常，当前第3个
2020-08-17 19:33:17,885 - basepage - INFO - Click back on current page.
2020-08-17 19:33:24,165 - 2 - INFO - 进入"电脑"模块，将执行随机函数
2020-08-17 19:33:26,432 - 2 - INFO - 随机页面"不思议地下城（百抽特权）"跳转正常，当前第1个
2020-08-17 19:33:26,501 - basepage - INFO - Click back on current page.
2020-08-17 19:33:30,776 - 2 - INFO - 随机页面"大兵小将（天朝小将）"跳转正常，当前第2个
2020-08-17 19:33:30,877 - basepage - INFO - Click back on current page.
2020-08-17 19:33:35,151 - 2 - INFO - 随机页面"大秦之帝国崛起（送法拉利）"跳转正常，当前第3个
2020-08-17 19:33:35,231 - basepage - INFO - Click back on current page.
2020-08-17 19:33:42,245 - 2 - INFO - 进入"APP大全"模块，将执行随机函数
2020-08-17 19:33:46,317 - 2 - INFO - 页面"游戏盒"跳转正常,该类元素共16个，当前第1个
2020-08-17 19:33:52,430 - 2 - INFO - 页面"龙之谷2"跳转正常,该类元素共16个，当前第2个
2020-08-17 19:33:58,522 - 2 - INFO - 页面"光遇"跳转正常,该类元素共16个，当前第3个
2020-08-17 19:34:04,620 - 2 - INFO - 页面"最强蜗牛"跳转正常,该类元素共16个，当前第4个
2020-08-17 19:34:10,706 - 2 - INFO - 页面"塞尔达"跳转正常,该类元素共16个，当前第5个
2020-08-17 19:34:16,794 - 2 - INFO - 页面"山海镜花"跳转正常,该类元素共16个，当前第6个
2020-08-17 19:34:22,880 - 2 - INFO - 页面"公主连结"跳转正常,该类元素共16个，当前第7个
2020-08-17 19:34:28,974 - 2 - INFO - 页面"网络工具"跳转正常,该类元素共16个，当前第8个
2020-08-17 19:34:35,060 - 2 - INFO - 页面"集合啦动物森友会"跳转正常,该类元素共16个，当前第9个
2020-08-17 19:34:41,145 - 2 - INFO - 页面"龙族幻想"跳转正常,该类元素共16个，当前第10个
2020-08-17 19:34:47,252 - 2 - INFO - 页面"剑与远征"跳转正常,该类元素共16个，当前第11个
2020-08-17 19:34:53,344 - 2 - INFO - 页面"烟雨江湖"跳转正常,该类元素共16个，当前第12个
2020-08-17 19:34:59,429 - 2 - INFO - 页面"云顶之弈"跳转正常,该类元素共16个，当前第13个
2020-08-17 19:35:05,519 - 2 - INFO - 页面"家国梦"跳转正常,该类元素共16个，当前第14个
2020-08-17 19:35:11,611 - 2 - INFO - 页面"棋牌"跳转正常,该类元素共16个，当前第15个
2020-08-17 19:35:17,749 - 2 - INFO - 页面"gta5"跳转正常,该类元素共16个，当前第16个
2020-08-17 19:35:19,774 - basepage - INFO - zuiben自动化测试结束
