2020-08-20 19:04:52,706 - basepage - INFO - zuiben自动化测试开始
2020-08-20 19:04:52,708 - basepage - INFO - 隐性等待 10 秒
2020-08-20 19:05:06,469 - basepage - INFO - 跳转至https://www.zuiben.com/
2020-08-20 19:05:08,588 - basepage - INFO - 窗口已经最大化
2020-08-20 19:05:14,702 - 2 - INFO - 页面"【安卓游戏】好玩的安卓游戏下载_安卓游戏排行榜_安卓游戏免费下载大全-最笨下载"跳转正常,该类元素共21个，当前第1个
2020-08-20 19:05:14,923 - basepage - INFO - Click back on current page.
2020-08-20 19:05:19,184 - 2 - INFO - 页面"变态手游公益服_bt手游变态服_无限元宝bt手游下载_BT手游中心-最笨下载"跳转正常,该类元素共21个，当前第2个
2020-08-20 19:05:19,577 - basepage - INFO - Click back on current page.
2020-08-20 19:05:23,950 - 2 - INFO - 页面"gm版手游_无限元宝/钻石公益服_0元免费gm权限手游下载-最笨下载"跳转正常,该类元素共21个，当前第3个
2020-08-20 19:05:24,169 - basepage - INFO - Click back on current page.
2020-08-20 19:05:30,696 - 2 - INFO - 页面"【苹果游戏】iphone苹果手机游戏下载_iphone苹果游戏排行榜-最笨下载"跳转正常,该类元素共21个，当前第4个
2020-08-20 19:05:31,103 - basepage - INFO - Click back on current page.
2020-08-20 19:05:35,533 - 2 - INFO - 页面"满vip版手游_手游sf送顶级vip_满级vip无限元宝手游下载-最笨下载"跳转正常,该类元素共21个，当前第5个
2020-08-20 19:05:35,748 - basepage - INFO - Click back on current page.
2020-08-20 19:05:42,217 - 2 - INFO - 页面"【安卓软件】安卓软件下载_安卓手机软件下载_安卓软件免费下载大全-最笨下载"跳转正常,该类元素共21个，当前第6个
2020-08-20 19:05:43,009 - basepage - INFO - Click back on current page.
2020-08-20 19:05:50,156 - 2 - INFO - 页面"【苹果软件】iphone苹果下载软件_iphone苹果软件免费下载_苹果软件下载大全-最笨下载"跳转正常,该类元素共21个，当前第7个
2020-08-20 19:05:50,516 - basepage - INFO - Click back on current page.
2020-08-20 19:05:55,227 - 2 - INFO - 页面"【安卓资讯】安卓资讯推荐_安卓资讯大全-最笨下载"跳转正常,该类元素共21个，当前第8个
2020-08-20 19:05:55,547 - basepage - INFO - Click back on current page.
2020-08-20 19:06:00,173 - 2 - INFO - 页面"【安卓游戏攻略】安卓游戏攻略推荐_安卓游戏攻略大全-最笨下载"跳转正常,该类元素共21个，当前第9个
2020-08-20 19:06:00,410 - basepage - INFO - Click back on current page.
2020-08-20 19:06:05,343 - 2 - INFO - 页面"【安卓软件教程】安卓软件教程推荐_安卓软件教程大全-最笨下载"跳转正常,该类元素共21个，当前第10个
2020-08-20 19:06:05,646 - basepage - INFO - Click back on current page.
2020-08-20 19:06:10,487 - 2 - INFO - 页面"【iphone资讯】iphone资讯推荐_iphone资讯大全-最笨下载"跳转正常,该类元素共21个，当前第11个
2020-08-20 19:06:10,790 - basepage - INFO - Click back on current page.
2020-08-20 19:06:16,771 - 2 - INFO - 页面"【iPhone游戏攻略】iPhone游戏攻略推荐_iPhone游戏攻略大全-最笨下载"跳转正常,该类元素共21个，当前第12个
2020-08-20 19:06:17,150 - basepage - INFO - Click back on current page.
2020-08-20 19:06:21,842 - 2 - INFO - 页面"【系统重装教程】电脑重装系统教程_电脑怎么重装系统_重装系统步骤-最笨下载"跳转正常,该类元素共21个，当前第13个
2020-08-20 19:06:22,076 - basepage - INFO - Click back on current page.
2020-08-20 19:06:27,265 - 2 - INFO - 页面"安卓专题-最笨下载"跳转正常,该类元素共21个，当前第14个
2020-08-20 19:06:27,501 - basepage - INFO - Click back on current page.
2020-08-20 19:06:35,642 - 2 - INFO - 页面"游戏专题-最笨下载"跳转正常,该类元素共21个，当前第15个
2020-08-20 19:06:35,875 - basepage - INFO - Click back on current page.
2020-08-20 19:06:41,687 - 2 - INFO - 页面"苹果专题-最笨下载"跳转正常,该类元素共21个，当前第16个
2020-08-20 19:06:41,907 - basepage - INFO - Click back on current page.
2020-08-20 19:06:48,191 - 2 - INFO - 页面"【电脑软件】电脑软件下载_电脑装机必备软件_电脑常用软件下载_电脑软件大全-最笨下载"跳转正常,该类元素共21个，当前第17个
2020-08-20 19:06:48,632 - basepage - INFO - Click back on current page.
2020-08-20 19:06:54,742 - 2 - INFO - 页面"【电脑软件】电脑软件下载_电脑装机必备软件_电脑常用软件下载_电脑软件大全-最笨下载"跳转正常,该类元素共21个，当前第18个
2020-08-20 19:06:54,973 - basepage - INFO - Click back on current page.
2020-08-20 19:06:59,668 - 2 - INFO - 页面"【激活工具】激活windows工具_万能激活工具_windows激活工具下载_自动激活工具-最笨下载"跳转正常,该类元素共21个，当前第19个
2020-08-20 19:07:00,120 - basepage - INFO - Click back on current page.
2020-08-20 19:07:04,289 - 2 - INFO - 页面"【系统重装教程】电脑重装系统教程_电脑怎么重装系统_重装系统步骤-最笨下载"跳转正常,该类元素共21个，当前第20个
2020-08-20 19:07:04,538 - basepage - INFO - Click back on current page.
2020-08-20 19:07:08,696 - 2 - INFO - 页面"【系统重装教程】电脑重装系统教程_电脑怎么重装系统_重装系统步骤-最笨下载"跳转正常,该类元素共21个，当前第21个
2020-08-20 19:07:09,204 - basepage - INFO - Click back on current page.
2020-08-20 19:07:17,056 - 2 - INFO - 页面"家庭教师OL手游"跳转正常,该类元素共10个，当前第1个
2020-08-20 19:07:23,181 - 2 - INFO - 页面"魔女骑士团手游"跳转正常,该类元素共10个，当前第2个
2020-08-20 19:07:29,332 - 2 - INFO - 页面"决胜足球手游"跳转正常,该类元素共10个，当前第3个
2020-08-20 19:07:35,491 - 2 - INFO - 页面"少女战争手游"跳转正常,该类元素共10个，当前第4个
2020-08-20 19:07:41,642 - 2 - INFO - 页面"天神战（魔灵特权）"跳转正常,该类元素共10个，当前第5个
2020-08-20 19:07:47,777 - 2 - INFO - 页面"最Q幻想手游"跳转正常,该类元素共10个，当前第6个
2020-08-20 19:07:53,911 - 2 - INFO - 页面"霸途手游"跳转正常,该类元素共10个，当前第7个
2020-08-20 19:08:00,048 - 2 - INFO - 页面"回到三国志手游"跳转正常,该类元素共10个，当前第8个
2020-08-20 19:08:06,183 - 2 - INFO - 页面"幻游猎人手游"跳转正常,该类元素共10个，当前第9个
2020-08-20 19:08:12,331 - 2 - INFO - 页面"王者荣耀"跳转正常,该类元素共10个，当前第10个
2020-08-20 19:08:18,476 - 2 - INFO - 页面"仙风道骨（送GM海量充）"跳转正常,该类元素共20个，当前第1个
2020-08-20 19:08:24,598 - 2 - INFO - 页面"女神联盟2（送500充值）"跳转正常,该类元素共20个，当前第2个
2020-08-20 19:08:30,734 - 2 - INFO - 页面"天天怼三国（送千元充值）"跳转正常,该类元素共20个，当前第3个
2020-08-20 19:08:36,870 - 2 - INFO - 页面"魔龙诀（全屏爆宝）"跳转正常,该类元素共20个，当前第4个
2020-08-20 19:08:43,009 - 2 - INFO - 页面"仙灵世界（送海量连抽）"跳转正常,该类元素共20个，当前第5个
2020-08-20 19:08:49,155 - 2 - INFO - 页面"妖神记（抽动漫周边）"跳转正常,该类元素共20个，当前第6个
2020-08-20 19:08:55,284 - 2 - INFO - 页面"大话许仙（钱庄特权）"跳转正常,该类元素共20个，当前第7个
2020-08-20 19:09:01,420 - 2 - INFO - 页面"魔剑侠缘（万元兑换）"跳转正常,该类元素共20个，当前第8个
2020-08-20 19:09:07,544 - 2 - INFO - 页面"征程三国（送充值）"跳转正常,该类元素共20个，当前第9个
2020-08-20 19:09:13,690 - 2 - INFO - 页面"纵剑仙界（送VIP代金券）"跳转正常,该类元素共20个，当前第10个
2020-08-20 19:09:19,844 - 2 - INFO - 页面"魔侠传（开服送2000充）"跳转正常,该类元素共20个，当前第11个
2020-08-20 19:09:25,984 - 2 - INFO - 页面"冒险之旅（百抽特权）"跳转正常,该类元素共20个，当前第12个
2020-08-20 19:09:32,102 - 2 - INFO - 页面"武动九天（GM免费特权）"跳转正常,该类元素共20个，当前第13个
2020-08-20 19:09:38,234 - 2 - INFO - 页面"无敌战舰（送百元充值）"跳转正常,该类元素共20个，当前第14个
2020-08-20 19:09:44,332 - 2 - INFO - 页面"异能勇者"跳转正常,该类元素共20个，当前第15个
2020-08-20 19:09:50,497 - 2 - INFO - 页面"崩坏西游（送1688元充值）"跳转正常,该类元素共20个，当前第16个
2020-08-20 19:09:56,649 - 2 - INFO - 页面"诸世王者（福利特权）"跳转正常,该类元素共20个，当前第17个
2020-08-20 19:10:02,802 - 2 - INFO - 页面"武器之王（福利特权）"跳转正常,该类元素共20个，当前第18个
2020-08-20 19:10:08,942 - 2 - INFO - 页面"天使之吻"跳转正常,该类元素共20个，当前第19个
2020-08-20 19:10:15,093 - 2 - INFO - 页面"唐门六道（送千元充值）"跳转正常,该类元素共20个，当前第20个
2020-08-20 19:10:23,014 - 2 - INFO - 页面"仙风道骨（送GM海量充）"跳转正常,该类元素共10个，当前第1个
2020-08-20 19:10:29,141 - 2 - INFO - 页面"女神联盟2（送500充值）"跳转正常,该类元素共10个，当前第2个
2020-08-20 19:10:35,272 - 2 - INFO - 页面"天天怼三国（送千元充值）"跳转正常,该类元素共10个，当前第3个
2020-08-20 19:10:41,427 - 2 - INFO - 页面"魔龙诀（全屏爆宝）"跳转正常,该类元素共10个，当前第4个
2020-08-20 19:10:47,593 - 2 - INFO - 页面"仙灵世界（送海量连抽）"跳转正常,该类元素共10个，当前第5个
2020-08-20 19:10:53,734 - 2 - INFO - 页面"妖神记（抽动漫周边）"跳转正常,该类元素共10个，当前第6个
2020-08-20 19:10:59,855 - 2 - INFO - 页面"大话许仙（钱庄特权）"跳转正常,该类元素共10个，当前第7个
2020-08-20 19:11:05,985 - 2 - INFO - 页面"魔剑侠缘（万元兑换）"跳转正常,该类元素共10个，当前第8个
2020-08-20 19:11:12,133 - 2 - INFO - 页面"征程三国（送充值）"跳转正常,该类元素共10个，当前第9个
2020-08-20 19:11:18,260 - 2 - INFO - 页面"纵剑仙界（送VIP代金券）"跳转正常,该类元素共10个，当前第10个
2020-08-20 19:11:24,394 - 2 - INFO - 页面"仙风道骨（送GM海量充）"跳转正常,该类元素共20个，当前第1个
2020-08-20 19:11:30,527 - 2 - INFO - 页面"武器之王（满屏爆装）"跳转正常,该类元素共20个，当前第2个
2020-08-20 19:11:36,693 - 2 - INFO - 页面"女神联盟2（送500充值）"跳转正常,该类元素共20个，当前第3个
2020-08-20 19:11:42,840 - 2 - INFO - 页面"九曲封神（送海量充值）"跳转正常,该类元素共20个，当前第4个
2020-08-20 19:11:48,981 - 2 - INFO - 页面"天天怼三国（送千元充值）"跳转正常,该类元素共20个，当前第5个
2020-08-20 19:11:55,134 - 2 - INFO - 页面"魔龙诀（全屏爆宝）"跳转正常,该类元素共20个，当前第6个
2020-08-20 19:12:01,360 - 2 - INFO - 页面"仙灵世界（送海量连抽）"跳转正常,该类元素共20个，当前第7个
2020-08-20 19:12:07,551 - 2 - INFO - 页面"凡人飞仙传（六界纷争）"跳转正常,该类元素共20个，当前第8个
2020-08-20 19:12:13,717 - 2 - INFO - 页面"妖神记（抽动漫周边）"跳转正常,该类元素共20个，当前第9个
2020-08-20 19:12:19,861 - 2 - INFO - 页面"大话许仙（钱庄特权）"跳转正常,该类元素共20个，当前第10个
2020-08-20 19:12:25,998 - 2 - INFO - 页面"魔剑侠缘（万元兑换）"跳转正常,该类元素共20个，当前第11个
2020-08-20 19:12:32,139 - 2 - INFO - 页面"怒火一刀（天天送充值）"跳转正常,该类元素共20个，当前第12个
2020-08-20 19:12:38,265 - 2 - INFO - 页面"征程三国（送充值）"跳转正常,该类元素共20个，当前第13个
2020-08-20 19:12:44,397 - 2 - INFO - 页面"纵剑仙界（送VIP代金券）"跳转正常,该类元素共20个，当前第14个
2020-08-20 19:12:50,536 - 2 - INFO - 页面"魔侠传（开服送2000充）"跳转正常,该类元素共20个，当前第15个
2020-08-20 19:12:56,658 - 2 - INFO - 页面"传奇盛世（高返定制服）"跳转正常,该类元素共20个，当前第16个
2020-08-20 19:13:02,816 - 2 - INFO - 页面"烈火战神（满屏福利）"跳转正常,该类元素共20个，当前第17个
2020-08-20 19:13:08,940 - 2 - INFO - 页面"神谕幻想（送海量充值）"跳转正常,该类元素共20个，当前第18个
2020-08-20 19:13:15,067 - 2 - INFO - 页面"口袋逆袭（送GM特权）"跳转正常,该类元素共20个，当前第19个
2020-08-20 19:13:21,192 - 2 - INFO - 页面"冒险之旅（百抽特权）"跳转正常,该类元素共20个，当前第20个
2020-08-20 19:13:29,128 - 2 - INFO - 页面"女神联盟2（送500充值）"跳转正常,该类元素共10个，当前第1个
2020-08-20 19:13:35,250 - 2 - INFO - 页面"天天怼三国（送千元充值）"跳转正常,该类元素共10个，当前第2个
2020-08-20 19:13:41,392 - 2 - INFO - 页面"魔龙诀（全屏爆宝）"跳转正常,该类元素共10个，当前第3个
2020-08-20 19:13:47,507 - 2 - INFO - 页面"仙灵世界（送海量连抽）"跳转正常,该类元素共10个，当前第4个
2020-08-20 19:13:53,630 - 2 - INFO - 页面"妖神记（抽动漫周边）"跳转正常,该类元素共10个，当前第5个
2020-08-20 19:13:59,746 - 2 - INFO - 页面"大话许仙（钱庄特权）"跳转正常,该类元素共10个，当前第6个
2020-08-20 19:14:05,891 - 2 - INFO - 页面"魔剑侠缘（万元兑换）"跳转正常,该类元素共10个，当前第7个
2020-08-20 19:14:12,012 - 2 - INFO - 页面"征程三国（送充值）"跳转正常,该类元素共10个，当前第8个
2020-08-20 19:14:18,135 - 2 - INFO - 页面"纵剑仙界（送VIP代金券）"跳转正常,该类元素共10个，当前第9个
2020-08-20 19:14:24,261 - 2 - INFO - 页面"魔侠传（开服送2000充）"跳转正常,该类元素共10个，当前第10个
2020-08-20 19:14:30,393 - 2 - INFO - 页面"仙风道骨（送GM海量充）"跳转正常,该类元素共20个，当前第1个
2020-08-20 19:14:36,521 - 2 - INFO - 页面"武器之王（满屏爆装）"跳转正常,该类元素共20个，当前第2个
2020-08-20 19:14:42,648 - 2 - INFO - 页面"女神联盟2（送500充值）"跳转正常,该类元素共20个，当前第3个
2020-08-20 19:14:48,797 - 2 - INFO - 页面"九曲封神（送海量充值）"跳转正常,该类元素共20个，当前第4个
2020-08-20 19:14:54,942 - 2 - INFO - 页面"天天怼三国（送千元充值）"跳转正常,该类元素共20个，当前第5个
2020-08-20 19:15:01,062 - 2 - INFO - 页面"魔龙诀（全屏爆宝）"跳转正常,该类元素共20个，当前第6个
2020-08-20 19:15:07,202 - 2 - INFO - 页面"仙灵世界（送海量连抽）"跳转正常,该类元素共20个，当前第7个
2020-08-20 19:15:13,328 - 2 - INFO - 页面"凡人飞仙传（六界纷争）"跳转正常,该类元素共20个，当前第8个
2020-08-20 19:15:19,464 - 2 - INFO - 页面"妖神记（抽动漫周边）"跳转正常,该类元素共20个，当前第9个
2020-08-20 19:15:25,580 - 2 - INFO - 页面"大话许仙（钱庄特权）"跳转正常,该类元素共20个，当前第10个
2020-08-20 19:15:31,733 - 2 - INFO - 页面"魔剑侠缘（万元兑换）"跳转正常,该类元素共20个，当前第11个
2020-08-20 19:15:37,885 - 2 - INFO - 页面"怒火一刀（天天送充值）"跳转正常,该类元素共20个，当前第12个
2020-08-20 19:15:44,036 - 2 - INFO - 页面"征程三国（送充值）"跳转正常,该类元素共20个，当前第13个
2020-08-20 19:15:50,147 - 2 - INFO - 页面"纵剑仙界（送VIP代金券）"跳转正常,该类元素共20个，当前第14个
2020-08-20 19:15:56,278 - 2 - INFO - 页面"魔侠传（开服送2000充）"跳转正常,该类元素共20个，当前第15个
2020-08-20 19:16:02,446 - 2 - INFO - 页面"传奇盛世（高返定制服）"跳转正常,该类元素共20个，当前第16个
2020-08-20 19:16:08,564 - 2 - INFO - 页面"烈火战神（满屏福利）"跳转正常,该类元素共20个，当前第17个
2020-08-20 19:16:14,690 - 2 - INFO - 页面"神谕幻想（送海量充值）"跳转正常,该类元素共20个，当前第18个
2020-08-20 19:16:20,830 - 2 - INFO - 页面"口袋逆袭（送GM特权）"跳转正常,该类元素共20个，当前第19个
2020-08-20 19:16:26,994 - 2 - INFO - 页面"冒险之旅（百抽特权）"跳转正常,该类元素共20个，当前第20个
2020-08-20 19:16:34,870 - 2 - INFO - 页面"《武器之王（满屏爆装）》上线送VIP10，50万福利"跳转正常,该类元素共1个，当前第1个
2020-08-20 19:16:35,129 - basepage - INFO - Click back on current page.
2020-08-20 19:16:40,928 - 2 - INFO - 页面"《怒火一刀（天天送充值）》创角送满Vip，6888"跳转正常,该类元素共1个，当前第1个
2020-08-20 19:16:41,343 - basepage - INFO - Click back on current page.
2020-08-20 19:16:47,050 - 2 - ERROR - 页面"《凡人飞仙传（六界纷争）》上线赠送VIP8、元宝"跳转异常,该类元素共1个，当前第1个
2020-08-20 19:16:47,578 - basepage - INFO - Click back on current page.
2020-08-20 19:16:53,256 - 2 - ERROR - 页面"《九曲封神（送海量充值）》上线就送VIP8，388"跳转异常,该类元素共1个，当前第1个
2020-08-20 19:16:53,884 - basepage - INFO - Click back on current page.
2020-08-20 19:17:00,988 - 2 - INFO - 页面"《契约战记（送648充值）》上线即送金币1888万"跳转正常,该类元素共1个，当前第1个
2020-08-20 19:17:01,262 - basepage - INFO - Click back on current page.
2020-08-20 19:17:08,399 - 2 - INFO - 页面"【最笨周末活动】8.7 周末活动海量惊喜等你来拿"跳转正常,该类元素共1个，当前第1个
2020-08-20 19:17:08,795 - basepage - INFO - Click back on current page.
2020-08-20 19:17:13,801 - 2 - INFO - 页面"机甲战纪（送GM特权）"跳转正常,该类元素共12个，当前第1个
2020-08-20 19:17:14,022 - basepage - INFO - Click back on current page.
2020-08-20 19:17:19,073 - 2 - INFO - 页面"风之旅团（每日送充值）"跳转正常,该类元素共12个，当前第2个
2020-08-20 19:17:19,460 - basepage - INFO - Click back on current page.
2020-08-20 19:17:24,558 - 2 - INFO - 页面"兰陵王（0元购）"跳转正常,该类元素共12个，当前第3个
2020-08-20 19:17:24,818 - basepage - INFO - Click back on current page.
2020-08-20 19:17:29,841 - 2 - INFO - 页面"少年群侠传（送千元充值）"跳转正常,该类元素共12个，当前第4个
2020-08-20 19:17:30,303 - basepage - INFO - Click back on current page.
2020-08-20 19:17:35,591 - 2 - INFO - 页面"龙枪（登录送千充）"跳转正常,该类元素共12个，当前第5个
2020-08-20 19:17:35,865 - basepage - INFO - Click back on current page.
2020-08-20 19:17:40,344 - 2 - INFO - 页面"武林霸业（送2000充值）"跳转正常,该类元素共12个，当前第6个
2020-08-20 19:17:40,772 - basepage - INFO - Click back on current page.
2020-08-20 19:17:45,212 - 2 - INFO - 页面"武器之王（满屏爆装）"跳转正常,该类元素共12个，当前第7个
2020-08-20 19:17:45,421 - basepage - INFO - Click back on current page.
2020-08-20 19:17:50,313 - 2 - INFO - 页面"星星喵（送千元充值）"跳转正常,该类元素共12个，当前第8个
2020-08-20 19:17:50,697 - basepage - INFO - Click back on current page.
2020-08-20 19:17:55,713 - 2 - INFO - 页面"暴击猎人（海量抽充值）"跳转正常,该类元素共12个，当前第9个
2020-08-20 19:17:55,923 - basepage - INFO - Click back on current page.
2020-08-20 19:18:01,109 - 2 - INFO - 页面"星辰变（送百元永抽）"跳转正常,该类元素共12个，当前第10个
2020-08-20 19:18:01,509 - basepage - INFO - Click back on current page.
2020-08-20 19:18:06,378 - 2 - INFO - 页面"冒险大当家（送1000真充）"跳转正常,该类元素共12个，当前第11个
2020-08-20 19:18:06,641 - basepage - INFO - Click back on current page.
2020-08-20 19:18:11,526 - 2 - INFO - 页面"魔法仙灵（送68元红包）"跳转正常,该类元素共12个，当前第12个
2020-08-20 19:18:11,960 - basepage - INFO - Click back on current page.
2020-08-20 19:18:17,982 - 2 - INFO - 页面"魔兽世界怀旧服2020年6月7日人口普查一览"跳转正常,该类元素共2个，当前第1个
2020-08-20 19:18:18,221 - basepage - INFO - Click back on current page.
2020-08-20 19:18:24,961 - 2 - INFO - 页面"DNF萌噬噬宠物属性怎么样？萌噬噬属性介绍"跳转正常,该类元素共2个，当前第2个
2020-08-20 19:18:25,232 - basepage - INFO - Click back on current page.
2020-08-20 19:18:32,964 - 2 - INFO - 页面"天谕手游伞村声望如何刷-伞村声望任务攻略-最笨下载"跳转正常,该类元素共14个，当前第1个
2020-08-20 19:18:33,368 - basepage - INFO - Click back on current page.
2020-08-20 19:18:40,709 - 2 - INFO - 页面"三国志战略版零元党怎么玩-零充玩法技巧-最笨下载"跳转正常,该类元素共14个，当前第2个
2020-08-20 19:18:40,979 - basepage - INFO - Click back on current page.
2020-08-20 19:18:48,148 - 2 - INFO - 页面"战魂铭人NPC有什么作用-NPC功能用途-最笨下载"跳转正常,该类元素共14个，当前第3个
2020-08-20 19:18:48,394 - basepage - INFO - Click back on current page.
2020-08-20 19:18:55,493 - 2 - INFO - 页面"魔渊之刃魔气满了如何控制-魔气控制方法-最笨下载"跳转正常,该类元素共14个，当前第4个
2020-08-20 19:18:55,854 - basepage - INFO - Click back on current page.
2020-08-20 19:19:02,545 - 2 - INFO - 页面"英雄联盟9周年宇宙竞技场在哪-9周年宇宙竞技场活动位置-最笨下载"跳转正常,该类元素共14个，当前第5个
2020-08-20 19:19:02,776 - basepage - INFO - Click back on current page.
2020-08-20 19:19:10,021 - 2 - INFO - 页面"崩坏3焕新补给活动怎么玩-焕新补给活动攻略-最笨下载"跳转正常,该类元素共14个，当前第6个
2020-08-20 19:19:10,286 - basepage - INFO - Click back on current page.
2020-08-20 19:19:17,488 - 2 - INFO - 页面"DNF手游狂战士PK场怎么玩-狂战士PK技巧-最笨下载"跳转正常,该类元素共14个，当前第7个
2020-08-20 19:19:17,859 - basepage - INFO - Click back on current page.
2020-08-20 19:19:25,162 - 2 - INFO - 页面"云顶之弈10.17高清装备合成图有哪些-10.17高清装备合成图攻略-最笨下载"跳转正常,该类元素共14个，当前第8个
2020-08-20 19:19:25,394 - basepage - INFO - Click back on current page.
2020-08-20 19:19:32,764 - 2 - INFO - 页面"和平精英ss9赛季手册什么时候上线-ss9赛季手册上线时间-最笨下载"跳转正常,该类元素共14个，当前第9个
2020-08-20 19:19:32,982 - basepage - INFO - Click back on current page.
2020-08-20 19:19:40,418 - 2 - INFO - 页面"王者荣耀怎么观战好友正在进行的游戏-观战好友的方法-最笨下载"跳转正常,该类元素共14个，当前第10个
2020-08-20 19:19:40,806 - basepage - INFO - Click back on current page.
2020-08-20 19:19:47,912 - 2 - INFO - 页面"元素方尖暗号有哪些-暗号大全-最笨下载"跳转正常,该类元素共14个，当前第11个
2020-08-20 19:19:48,132 - basepage - INFO - Click back on current page.
2020-08-20 19:19:55,471 - 2 - INFO - 页面"战魂铭人权虎鹰带什么装备-权虎鹰装备搭配-最笨下载"跳转正常,该类元素共14个，当前第12个
2020-08-20 19:19:55,691 - basepage - INFO - Click back on current page.
2020-08-20 19:20:02,865 - 2 - INFO - 页面"剑与远征黑鞘森林怎么过-黑鞘森林通关路线-最笨下载"跳转正常,该类元素共14个，当前第13个
2020-08-20 19:20:03,348 - basepage - INFO - Click back on current page.
2020-08-20 19:20:10,118 - 2 - INFO - 页面"剑与远征珍爱之珠奖励先换什么好-珍爱之珠奖励兑换优先级-最笨下载"跳转正常,该类元素共14个，当前第14个
2020-08-20 19:20:10,354 - basepage - INFO - Click back on current page.
2020-08-20 19:20:19,035 - 2 - INFO - 页面"2020阴阳师7月新式神紧那罗即将上线 高颜值紧那"跳转正常,该类元素共2个，当前第1个
2020-08-20 19:20:19,273 - basepage - INFO - Click back on current page.
2020-08-20 19:20:26,893 - 2 - INFO - 页面"英雄联盟2020灵魂莲华皮肤原画汇总"跳转正常,该类元素共2个，当前第2个
2020-08-20 19:20:27,394 - basepage - INFO - Click back on current page.
2020-08-20 19:20:34,131 - 2 - INFO - 页面"满vip版手游_手游sf送顶级vip_满级vip无限元宝手游下载-最笨下载"跳转正常,该类元素共28个，当前第1个
2020-08-20 19:20:34,350 - basepage - INFO - Click back on current page.
2020-08-20 19:20:41,252 - 2 - INFO - 页面"仙风道骨（送GM海量充）_仙风道骨（送GM海量充）无限元宝服_SF变态版仙风道骨（送GM海量充）公益服下载 - 最笨下载"跳转正常,该类元素共28个，当前第2个
2020-08-20 19:20:41,518 - basepage - INFO - Click back on current page.
2020-08-20 19:20:48,230 - 2 - INFO - 页面"变态手游公益服_bt手游变态服_无限元宝bt手游下载_BT手游中心-最笨下载"跳转正常,该类元素共28个，当前第3个
2020-08-20 19:20:48,640 - basepage - INFO - Click back on current page.
2020-08-20 19:20:55,315 - 2 - INFO - 页面"武器之王（满屏爆装）_武器之王（满屏爆装）无限元宝服_SF变态版武器之王（满屏爆装）公益服下载 - 最笨下载"跳转正常,该类元素共28个，当前第4个
2020-08-20 19:20:55,584 - basepage - INFO - Click back on current page.
2020-08-20 19:21:02,030 - 2 - INFO - 页面"满vip版手游_手游sf送顶级vip_满级vip无限元宝手游下载-最笨下载"跳转正常,该类元素共28个，当前第5个
2020-08-20 19:21:02,480 - basepage - INFO - Click back on current page.
2020-08-20 19:21:09,216 - 2 - INFO - 页面"女神联盟2（送500充值）_女神联盟2（送500充值）无限元宝服_SF变态版女神联盟2（送500充值）公益服下载 - 最笨下载"跳转正常,该类元素共28个，当前第6个
2020-08-20 19:21:09,692 - basepage - INFO - Click back on current page.
2020-08-20 19:21:16,221 - 2 - INFO - 页面"变态手游公益服_bt手游变态服_无限元宝bt手游下载_BT手游中心-最笨下载"跳转正常,该类元素共28个，当前第7个
2020-08-20 19:21:16,463 - basepage - INFO - Click back on current page.
2020-08-20 19:21:23,324 - 2 - INFO - 页面"九曲封神（送海量充值）_九曲封神（送海量充值）无限元宝服_SF变态版九曲封神（送海量充值）公益服下载 - 最笨下载"跳转正常,该类元素共28个，当前第8个
2020-08-20 19:21:23,584 - basepage - INFO - Click back on current page.
2020-08-20 19:21:30,043 - 2 - INFO - 页面"变态手游公益服_bt手游变态服_无限元宝bt手游下载_BT手游中心-最笨下载"跳转正常,该类元素共28个，当前第9个
2020-08-20 19:21:30,462 - basepage - INFO - Click back on current page.
2020-08-20 19:21:37,159 - 2 - INFO - 页面"天天怼三国（送千元充值）_天天怼三国（送千元充值）无限元宝服_SF变态版天天怼三国（送千元充值）公益服下载 - 最笨下载"跳转正常,该类元素共28个，当前第10个
2020-08-20 19:21:37,451 - basepage - INFO - Click back on current page.
2020-08-20 19:21:43,921 - 2 - INFO - 页面"变态手游公益服_bt手游变态服_无限元宝bt手游下载_BT手游中心-最笨下载"跳转正常,该类元素共28个，当前第11个
2020-08-20 19:21:44,381 - basepage - INFO - Click back on current page.
2020-08-20 19:21:51,071 - 2 - INFO - 页面"魔龙诀（全屏爆宝）_魔龙诀（全屏爆宝）无限元宝服_SF变态版魔龙诀（全屏爆宝）公益服下载 - 最笨下载"跳转正常,该类元素共28个，当前第12个
2020-08-20 19:21:51,280 - basepage - INFO - Click back on current page.
2020-08-20 19:21:57,766 - 2 - INFO - 页面"满vip版手游_手游sf送顶级vip_满级vip无限元宝手游下载-最笨下载"跳转正常,该类元素共28个，当前第13个
2020-08-20 19:21:58,176 - basepage - INFO - Click back on current page.
2020-08-20 19:22:05,014 - 2 - INFO - 页面"仙灵世界（送海量连抽）_仙灵世界（送海量连抽）无限元宝服_SF变态版仙灵世界（送海量连抽）公益服下载 - 最笨下载"跳转正常,该类元素共28个，当前第14个
2020-08-20 19:22:05,282 - basepage - INFO - Click back on current page.
2020-08-20 19:22:11,749 - 2 - INFO - 页面"变态手游公益服_bt手游变态服_无限元宝bt手游下载_BT手游中心-最笨下载"跳转正常,该类元素共28个，当前第15个
2020-08-20 19:22:12,127 - basepage - INFO - Click back on current page.
2020-08-20 19:22:19,020 - 2 - INFO - 页面"凡人飞仙传（六界纷争）_凡人飞仙传（六界纷争）无限元宝服_SF变态版凡人飞仙传（六界纷争）公益服下载 - 最笨下载"跳转正常,该类元素共28个，当前第16个
2020-08-20 19:22:19,264 - basepage - INFO - Click back on current page.
2020-08-20 19:22:25,732 - 2 - INFO - 页面"变态手游公益服_bt手游变态服_无限元宝bt手游下载_BT手游中心-最笨下载"跳转正常,该类元素共28个，当前第17个
2020-08-20 19:22:26,121 - basepage - INFO - Click back on current page.
2020-08-20 19:22:32,976 - 2 - INFO - 页面"妖神记（抽动漫周边）_妖神记（抽动漫周边）无限元宝服_SF变态版妖神记（抽动漫周边）公益服下载 - 最笨下载"跳转正常,该类元素共28个，当前第18个
2020-08-20 19:22:33,215 - basepage - INFO - Click back on current page.
2020-08-20 19:22:39,674 - 2 - INFO - 页面"满vip版手游_手游sf送顶级vip_满级vip无限元宝手游下载-最笨下载"跳转正常,该类元素共28个，当前第19个
2020-08-20 19:22:40,028 - basepage - INFO - Click back on current page.
2020-08-20 19:22:46,724 - 2 - INFO - 页面"大话许仙（钱庄特权）_大话许仙（钱庄特权）无限元宝服_SF变态版大话许仙（钱庄特权）公益服下载 - 最笨下载"跳转正常,该类元素共28个，当前第20个
2020-08-20 19:22:46,965 - basepage - INFO - Click back on current page.
2020-08-20 19:22:53,402 - 2 - INFO - 页面"满vip版手游_手游sf送顶级vip_满级vip无限元宝手游下载-最笨下载"跳转正常,该类元素共28个，当前第21个
2020-08-20 19:22:53,789 - basepage - INFO - Click back on current page.
2020-08-20 19:23:00,502 - 2 - INFO - 页面"魔剑侠缘（万元兑换）_魔剑侠缘（万元兑换）无限元宝服_SF变态版魔剑侠缘（万元兑换）公益服下载 - 最笨下载"跳转正常,该类元素共28个，当前第22个
2020-08-20 19:23:00,780 - basepage - INFO - Click back on current page.
2020-08-20 19:23:07,246 - 2 - INFO - 页面"变态手游公益服_bt手游变态服_无限元宝bt手游下载_BT手游中心-最笨下载"跳转正常,该类元素共28个，当前第23个
2020-08-20 19:23:07,680 - basepage - INFO - Click back on current page.
2020-08-20 19:23:14,343 - 2 - INFO - 页面"怒火一刀（天天送充值）_怒火一刀（天天送充值）无限元宝服_SF变态版怒火一刀（天天送充值）公益服下载 - 最笨下载"跳转正常,该类元素共28个，当前第24个
2020-08-20 19:23:14,600 - basepage - INFO - Click back on current page.
2020-08-20 19:23:21,069 - 2 - INFO - 页面"满vip版手游_手游sf送顶级vip_满级vip无限元宝手游下载-最笨下载"跳转正常,该类元素共28个，当前第25个
2020-08-20 19:23:21,574 - basepage - INFO - Click back on current page.
2020-08-20 19:23:28,351 - 2 - INFO - 页面"征程三国（送充值）_征程三国（送充值）无限元宝服_SF变态版征程三国（送充值）公益服下载 - 最笨下载"跳转正常,该类元素共28个，当前第26个
2020-08-20 19:23:28,559 - basepage - INFO - Click back on current page.
2020-08-20 19:23:35,029 - 2 - INFO - 页面"变态手游公益服_bt手游变态服_无限元宝bt手游下载_BT手游中心-最笨下载"跳转正常,该类元素共28个，当前第27个
2020-08-20 19:23:35,478 - basepage - INFO - Click back on current page.
2020-08-20 19:23:42,181 - 2 - INFO - 页面"纵剑仙界（送VIP代金券）_纵剑仙界（送VIP代金券）无限元宝服_SF变态版纵剑仙界（送VIP代金券）公益服下载 - 最笨下载"跳转正常,该类元素共28个，当前第28个
2020-08-20 19:23:42,413 - basepage - INFO - Click back on current page.
2020-08-20 19:23:51,394 - 2 - INFO - 页面"无广告看书全免费软件哪个好"跳转正常,该类元素共2个，当前第1个
2020-08-20 19:23:51,769 - basepage - INFO - Click back on current page.
2020-08-20 19:23:59,574 - 2 - INFO - 页面"回复女朋友的软件叫什么"跳转正常,该类元素共2个，当前第2个
2020-08-20 19:23:59,994 - basepage - INFO - Click back on current page.
2020-08-20 19:24:07,071 - 2 - INFO - 页面"【苹果娱乐软件】iPhone手机娱乐软件_iPhone娱乐软件免费下载大全-最笨下载"跳转正常,该类元素共28个，当前第1个
2020-08-20 19:24:07,327 - basepage - INFO - Click back on current page.
2020-08-20 19:24:15,139 - 2 - INFO - 页面"最笨游戏盒子iOS版_最笨游戏盒子iOS版下载_最笨游戏盒子iOS版官方下载-最笨下载"跳转正常,该类元素共28个，当前第2个
2020-08-20 19:24:15,640 - basepage - INFO - Click back on current page.
2020-08-20 19:24:22,666 - 2 - INFO - 页面"【安卓娱乐软件】安卓娱乐软件下载_安卓娱乐软件推荐_安卓娱乐软件大全-最笨下载"跳转正常,该类元素共28个，当前第3个
2020-08-20 19:24:22,884 - basepage - INFO - Click back on current page.
2020-08-20 19:24:30,685 - 2 - INFO - 页面"最笨游戏盒子_最笨游戏盒子下载_最笨游戏盒子官方下载-最笨下载"跳转正常,该类元素共28个，当前第4个
2020-08-20 19:24:30,949 - basepage - INFO - Click back on current page.
2020-08-20 19:24:37,572 - 2 - INFO - 页面"【安卓聊天软件】安卓聊天软件下载_安卓聊天软件排行_安卓聊天软件大全-最笨下载"跳转正常,该类元素共28个，当前第5个
2020-08-20 19:24:38,010 - basepage - INFO - Click back on current page.
2020-08-20 19:24:44,836 - 2 - INFO - 页面"蜜小助_蜜小助下载_蜜小助官方下载-最笨下载"跳转正常,该类元素共28个，当前第6个
2020-08-20 19:24:45,064 - basepage - INFO - Click back on current page.
2020-08-20 19:24:51,539 - 2 - INFO - 页面"【安卓娱乐软件】安卓娱乐软件下载_安卓娱乐软件推荐_安卓娱乐软件大全-最笨下载"跳转正常,该类元素共28个，当前第7个
2020-08-20 19:24:51,816 - basepage - INFO - Click back on current page.
2020-08-20 19:24:58,559 - 2 - INFO - 页面"3733游戏盒子_3733游戏盒子下载_3733游戏盒子官方下载-最笨下载"跳转正常,该类元素共28个，当前第8个
2020-08-20 19:24:59,009 - basepage - INFO - Click back on current page.
2020-08-20 19:25:05,459 - 2 - INFO - 页面"【安卓聊天软件】安卓聊天软件下载_安卓聊天软件排行_安卓聊天软件大全-最笨下载"跳转正常,该类元素共28个，当前第9个
2020-08-20 19:25:05,939 - basepage - INFO - Click back on current page.
2020-08-20 19:25:13,665 - 2 - INFO - 页面"土味情话_土味情话下载_土味情话官方下载-最笨下载"跳转正常,该类元素共28个，当前第10个
2020-08-20 19:25:14,287 - basepage - INFO - Click back on current page.
2020-08-20 19:25:20,755 - 2 - INFO - 页面"【安卓聊天软件】安卓聊天软件下载_安卓聊天软件排行_安卓聊天软件大全-最笨下载"跳转正常,该类元素共28个，当前第11个
2020-08-20 19:25:20,996 - basepage - INFO - Click back on current page.
2020-08-20 19:25:28,639 - 2 - INFO - 页面"恋爱话术_恋爱话术下载_恋爱话术官方下载-最笨下载"跳转正常,该类元素共28个，当前第12个
2020-08-20 19:25:28,895 - basepage - INFO - Click back on current page.
2020-08-20 19:25:35,378 - 2 - INFO - 页面"【安卓聊天软件】安卓聊天软件下载_安卓聊天软件排行_安卓聊天软件大全-最笨下载"跳转正常,该类元素共28个，当前第13个
2020-08-20 19:25:35,736 - basepage - INFO - Click back on current page.
2020-08-20 19:25:43,313 - 2 - INFO - 页面"土味情话社_土味情话社下载_土味情话社官方下载-最笨下载"跳转正常,该类元素共28个，当前第14个
2020-08-20 19:25:43,552 - basepage - INFO - Click back on current page.
2020-08-20 19:25:50,653 - 2 - INFO - 页面"【安卓阅读软件】安卓阅读软件下载_安卓阅读软件哪个好_安卓阅读软件排行-最笨下载"跳转正常,该类元素共28个，当前第15个
2020-08-20 19:25:50,960 - basepage - INFO - Click back on current page.
2020-08-20 19:25:58,669 - 2 - INFO - 页面"吾爱看书_吾爱看书下载_吾爱看书官方下载-最笨下载"跳转正常,该类元素共28个，当前第16个
2020-08-20 19:25:59,049 - basepage - INFO - Click back on current page.
2020-08-20 19:26:05,637 - 2 - INFO - 页面"【苹果阅读软件】iPhone手机阅读软件_iPhone阅读软件免费下载大全-最笨下载"跳转正常,该类元素共28个，当前第17个
2020-08-20 19:26:05,853 - basepage - INFO - Click back on current page.
2020-08-20 19:26:13,111 - 2 - INFO - 页面"吾爱看书ios版_吾爱看书ios版下载_吾爱看书ios版官方下载-最笨下载"跳转正常,该类元素共28个，当前第18个
2020-08-20 19:26:13,378 - basepage - INFO - Click back on current page.
2020-08-20 19:26:19,850 - 2 - INFO - 页面"【安卓聊天软件】安卓聊天软件下载_安卓聊天软件排行_安卓聊天软件大全-最笨下载"跳转正常,该类元素共28个，当前第19个
2020-08-20 19:26:20,422 - basepage - INFO - Click back on current page.
2020-08-20 19:26:27,981 - 2 - INFO - 页面"恋爱话术库_恋爱话术库下载_恋爱话术库官方下载-最笨下载"跳转正常,该类元素共28个，当前第20个
2020-08-20 19:26:28,259 - basepage - INFO - Click back on current page.
2020-08-20 19:26:34,745 - 2 - INFO - 页面"【安卓聊天软件】安卓聊天软件下载_安卓聊天软件排行_安卓聊天软件大全-最笨下载"跳转正常,该类元素共28个，当前第21个
2020-08-20 19:26:35,114 - basepage - INFO - Click back on current page.
2020-08-20 19:26:42,015 - 2 - INFO - 页面"撩吧_撩吧下载_撩吧官方下载-最笨下载"跳转正常,该类元素共28个，当前第22个
2020-08-20 19:26:42,242 - basepage - INFO - Click back on current page.
2020-08-20 19:26:48,727 - 2 - INFO - 页面"【安卓聊天软件】安卓聊天软件下载_安卓聊天软件排行_安卓聊天软件大全-最笨下载"跳转正常,该类元素共28个，当前第23个
2020-08-20 19:26:49,308 - basepage - INFO - Click back on current page.
2020-08-20 19:26:56,686 - 2 - INFO - 页面"遇知音_遇知音下载_遇知音官方下载-最笨下载"跳转正常,该类元素共28个，当前第24个
2020-08-20 19:26:57,157 - basepage - INFO - Click back on current page.
2020-08-20 19:27:03,629 - 2 - INFO - 页面"【安卓聊天软件】安卓聊天软件下载_安卓聊天软件排行_安卓聊天软件大全-最笨下载"跳转正常,该类元素共28个，当前第25个
2020-08-20 19:27:03,853 - basepage - INFO - Click back on current page.
2020-08-20 19:27:11,181 - 2 - INFO - 页面"脱单大师_脱单大师下载_脱单大师官方下载-最笨下载"跳转正常,该类元素共28个，当前第26个
2020-08-20 19:27:11,453 - basepage - INFO - Click back on current page.
2020-08-20 19:27:17,892 - 2 - INFO - 页面"【安卓聊天软件】安卓聊天软件下载_安卓聊天软件排行_安卓聊天软件大全-最笨下载"跳转正常,该类元素共28个，当前第27个
2020-08-20 19:27:18,335 - basepage - INFO - Click back on current page.
2020-08-20 19:27:25,708 - 2 - INFO - 页面"爱情套路_爱情套路下载_爱情套路官方下载-最笨下载"跳转正常,该类元素共28个，当前第28个
2020-08-20 19:27:26,003 - basepage - INFO - Click back on current page.
2020-08-20 19:27:36,170 - 2 - INFO - 页面"【安卓播放器】安卓播放器下载_安卓播放器哪个最好_安卓播放器下载排行-最笨下载"跳转正常,该类元素共19个，当前第1个
2020-08-20 19:27:36,452 - basepage - INFO - Click back on current page.
2020-08-20 19:27:43,290 - 2 - INFO - 页面"【安卓学习软件】安卓学习软件下载_安卓学习软件免费下载_安卓学习软件大全-最笨下载"跳转正常,该类元素共19个，当前第2个
2020-08-20 19:27:43,764 - basepage - INFO - Click back on current page.
2020-08-20 19:27:50,931 - 2 - INFO - 页面"【安卓辅助软件】安卓辅助软件下载_安卓辅助软件推荐_安卓辅助软件大全-最笨下载"跳转正常,该类元素共19个，当前第3个
2020-08-20 19:27:51,231 - basepage - INFO - Click back on current page.
2020-08-20 19:27:58,419 - 2 - INFO - 页面"【安卓输入法】安卓输入法下载_安卓输入法哪个好_安卓输入法怎么用-最笨下载"跳转正常,该类元素共19个，当前第4个
2020-08-20 19:27:58,726 - basepage - INFO - Click back on current page.
2020-08-20 19:28:06,128 - 2 - INFO - 页面"【安卓通信软件】安卓通信软件下载_安卓通信软件推荐_安卓通信软件大全-最笨下载"跳转正常,该类元素共19个，当前第5个
2020-08-20 19:28:06,543 - basepage - INFO - Click back on current page.
2020-08-20 19:28:13,613 - 2 - INFO - 页面"【安卓固件】安卓固件下载_安卓固件包下载_安卓固件管理器-最笨下载"跳转正常,该类元素共19个，当前第6个
2020-08-20 19:28:13,848 - basepage - INFO - Click back on current page.
2020-08-20 19:28:20,620 - 2 - INFO - 页面"【安卓文件管理器】安卓文件管理器下载_安卓文件管理器哪个好_安卓文件管理器中文版-最笨下载"跳转正常,该类元素共19个，当前第7个
2020-08-20 19:28:20,902 - basepage - INFO - Click back on current page.
2020-08-20 19:28:28,379 - 2 - INFO - 页面"【安卓同步软件】安卓同步软件下载_安卓同步软件哪个好_安卓手机同步软件-最笨下载"跳转正常,该类元素共19个，当前第8个
2020-08-20 19:28:28,849 - basepage - INFO - Click back on current page.
2020-08-20 19:28:36,072 - 2 - INFO - 页面"【安卓办公软件】安卓办公软件下载_安卓办公软件哪个好_安卓办公软件哪种最好-最笨下载"跳转正常,该类元素共19个，当前第9个
2020-08-20 19:28:36,351 - basepage - INFO - Click back on current page.
2020-08-20 19:28:43,842 - 2 - INFO - 页面"【安卓理财软件】安卓理财软件下载_安卓理财软件哪个好_安卓理财软件大全-最笨下载"跳转正常,该类元素共19个，当前第10个
2020-08-20 19:28:44,117 - basepage - INFO - Click back on current page.
2020-08-20 19:28:51,522 - 2 - INFO - 页面"【安卓备份软件】安卓备份软件下载_安卓备份软件哪个好_安卓手机备份软件-最笨下载"跳转正常,该类元素共19个，当前第11个
2020-08-20 19:28:51,925 - basepage - INFO - Click back on current page.
2020-08-20 19:28:59,226 - 2 - INFO - 页面"【安卓跑步软件】安卓跑步软件下载_安卓跑步软件哪个好_安卓跑步软件大全-最笨下载"跳转正常,该类元素共19个，当前第12个
2020-08-20 19:28:59,516 - basepage - INFO - Click back on current page.
2020-08-20 19:29:06,915 - 2 - INFO - 页面"【安卓健康管理软件】安卓健康管理软件下载_安卓健康管理软件推荐_安卓健康管理软件大全-最笨下载"跳转正常,该类元素共19个，当前第13个
2020-08-20 19:29:07,200 - basepage - INFO - Click back on current page.
2020-08-20 19:29:14,289 - 2 - INFO - 页面"【安卓系统软件】安卓系统软件下载_安卓系统软件免费下载_安卓系统软件下载工具-最笨下载"跳转正常,该类元素共19个，当前第14个
2020-08-20 19:29:14,795 - basepage - INFO - Click back on current page.
2020-08-20 19:29:21,249 - 2 - INFO - 页面"【安卓聊天软件】安卓聊天软件下载_安卓聊天软件排行_安卓聊天软件大全-最笨下载"跳转正常,该类元素共19个，当前第15个
2020-08-20 19:29:21,514 - basepage - INFO - Click back on current page.
2020-08-20 19:29:28,796 - 2 - INFO - 页面"【安卓应用软件】安卓应用软件排行_好玩的安卓应用软件_好用的安卓应用软件-最笨下载"跳转正常,该类元素共19个，当前第16个
2020-08-20 19:29:29,064 - basepage - INFO - Click back on current page.
2020-08-20 19:29:35,540 - 2 - INFO - 页面"【安卓娱乐软件】安卓娱乐软件下载_安卓娱乐软件推荐_安卓娱乐软件大全-最笨下载"跳转正常,该类元素共19个，当前第17个
2020-08-20 19:29:35,918 - basepage - INFO - Click back on current page.
2020-08-20 19:29:43,050 - 2 - INFO - 页面"【安卓导航软件】安卓导航软件下载_安卓导航软件哪个好_安卓导航软件排名-最笨下载"跳转正常,该类元素共19个，当前第18个
2020-08-20 19:29:43,314 - basepage - INFO - Click back on current page.
2020-08-20 19:29:50,304 - 2 - INFO - 页面"【安卓网络软件】安卓网络软件下载_安卓网络软件推荐_安卓网络软件大全-最笨下载"跳转正常,该类元素共19个，当前第19个
2020-08-20 19:29:50,560 - basepage - INFO - Click back on current page.
2020-08-20 19:29:58,907 - 2 - INFO - 页面"3733手游游戏平台_3733手游游戏平台下载_3733手游游戏平台官方下载-最笨下载"跳转正常,该类元素共18个，当前第1个
2020-08-20 19:30:05,051 - 2 - INFO - 页面"安致手游游戏平台_安致手游游戏平台下载_安致手游游戏平台官方下载-最笨下载"跳转正常,该类元素共18个，当前第2个
2020-08-20 19:30:11,197 - 2 - INFO - 页面"蜜小助会员破解版_蜜小助会员破解版下载_蜜小助会员破解版官方下载-最笨下载"跳转正常,该类元素共18个，当前第3个
2020-08-20 19:30:17,340 - 2 - INFO - 页面"蜜小助vip破解版_蜜小助vip破解版下载_蜜小助vip破解版官方下载-最笨下载"跳转正常,该类元素共18个，当前第4个
2020-08-20 19:30:23,505 - 2 - INFO - 页面"蜜小助内购版_蜜小助内购版下载_蜜小助内购版官方下载-最笨下载"跳转正常,该类元素共18个，当前第5个
2020-08-20 19:30:29,632 - 2 - INFO - 页面"聊天套路安卓版_聊天套路安卓版下载_聊天套路安卓版官方下载-最笨下载"跳转正常,该类元素共18个，当前第6个
2020-08-20 19:30:35,763 - 2 - INFO - 页面"聊天套路破解版_聊天套路破解版下载_聊天套路破解版官方下载-最笨下载"跳转正常,该类元素共18个，当前第7个
2020-08-20 19:30:41,935 - 2 - INFO - 页面"聊天套路软件_聊天套路软件下载_聊天套路软件官方下载-最笨下载"跳转正常,该类元素共18个，当前第8个
2020-08-20 19:30:48,056 - 2 - INFO - 页面"聊天套路_聊天套路下载_聊天套路官方下载-最笨下载"跳转正常,该类元素共18个，当前第9个
2020-08-20 19:30:54,190 - 2 - INFO - 页面"信息回复神器_信息回复神器下载_信息回复神器官方下载-最笨下载"跳转正常,该类元素共18个，当前第10个
2020-08-20 19:31:00,343 - 2 - INFO - 页面"消息回复神器_消息回复神器下载_消息回复神器官方下载-最笨下载"跳转正常,该类元素共18个，当前第11个
2020-08-20 19:31:06,493 - 2 - INFO - 页面"消息回复辅助神器_消息回复辅助神器下载_消息回复辅助神器官方下载-最笨下载"跳转正常,该类元素共18个，当前第12个
2020-08-20 19:31:12,630 - 2 - INFO - 页面"回复神器_回复神器下载_回复神器官方下载-最笨下载"跳转正常,该类元素共18个，当前第13个
2020-08-20 19:31:18,768 - 2 - INFO - 页面"神撩话术大全库_神撩话术大全库下载_神撩话术大全库官方下载-最笨下载"跳转正常,该类元素共18个，当前第14个
2020-08-20 19:31:24,887 - 2 - INFO - 页面"扑鹿_扑鹿下载_扑鹿官方下载-最笨下载"跳转正常,该类元素共18个，当前第15个
2020-08-20 19:31:31,045 - 2 - INFO - 页面"日杂相机_日杂相机下载_日杂相机官方下载-最笨下载"跳转正常,该类元素共18个，当前第16个
2020-08-20 19:31:37,192 - 2 - INFO - 页面"皮皮虾_皮皮虾下载_皮皮虾官方下载-最笨下载"跳转正常,该类元素共18个，当前第17个
2020-08-20 19:31:43,350 - 2 - INFO - 页面"吾爱看书_吾爱看书下载_吾爱看书官方下载-最笨下载"跳转正常,该类元素共18个，当前第18个
2020-08-20 19:31:49,977 - 2 - INFO - 页面"【安卓益智游戏】好玩的安卓益智游戏大全_安卓益智类游戏_益智游戏下载-最笨下载"跳转正常,该类元素共17个，当前第1个
2020-08-20 19:31:50,249 - basepage - INFO - Click back on current page.
2020-08-20 19:31:57,300 - 2 - INFO - 页面"【安卓其他游戏】好玩的安卓其他游戏大全_安卓其他类游戏_其他游戏下载-最笨下载"跳转正常,该类元素共17个，当前第2个
2020-08-20 19:31:57,712 - basepage - INFO - Click back on current page.
2020-08-20 19:32:04,958 - 2 - INFO - 页面"【安卓音乐游戏】好玩的安卓音乐游戏大全_安卓音乐类游戏_音乐游戏下载-最笨下载"跳转正常,该类元素共17个，当前第3个
2020-08-20 19:32:05,263 - basepage - INFO - Click back on current page.
2020-08-20 19:32:12,528 - 2 - INFO - 页面"【安卓网络游戏】好玩的安卓网络游戏大全_安卓网络类游戏_网络游戏下载-最笨下载"跳转正常,该类元素共17个，当前第4个
2020-08-20 19:32:12,738 - basepage - INFO - Click back on current page.
2020-08-20 19:32:19,724 - 2 - INFO - 页面"【安卓格斗游戏】好玩的安卓格斗游戏大全_安卓格斗类游戏_格斗游戏下载-最笨下载"跳转正常,该类元素共17个，当前第5个
2020-08-20 19:32:20,093 - basepage - INFO - Click back on current page.
2020-08-20 19:32:27,585 - 2 - INFO - 页面"【安卓飞行游戏】好玩的安卓飞行游戏大全_安卓飞行类游戏_飞行游戏下载-最笨下载"跳转正常,该类元素共17个，当前第6个
2020-08-20 19:32:27,826 - basepage - INFO - Click back on current page.
2020-08-20 19:32:35,169 - 2 - INFO - 页面"【安卓体育运动游戏】好玩的安卓体育运动游戏大全_安卓体育运动类游戏_体育运动游戏下载-最笨下载"跳转正常,该类元素共17个，当前第7个
2020-08-20 19:32:35,408 - basepage - INFO - Click back on current page.
2020-08-20 19:32:42,266 - 2 - INFO - 页面"【安卓模拟经营游戏】好玩的安卓模拟经营游戏大全_安卓模拟经营类游戏_模拟经营游戏下载-最笨下载"跳转正常,该类元素共17个，当前第8个
2020-08-20 19:32:42,668 - basepage - INFO - Click back on current page.
2020-08-20 19:32:49,948 - 2 - INFO - 页面"【安卓策略游戏】好玩的安卓策略游戏大全_安卓策略类游戏_策略游戏下载-最笨下载"跳转正常,该类元素共17个，当前第9个
2020-08-20 19:32:50,230 - basepage - INFO - Click back on current page.
2020-08-20 19:32:57,307 - 2 - INFO - 页面"【安卓塔防游戏】好玩的安卓塔防游戏大全_安卓塔防类游戏_塔防游戏下载-最笨下载"跳转正常,该类元素共17个，当前第10个
2020-08-20 19:32:57,567 - basepage - INFO - Click back on current page.
2020-08-20 19:33:04,427 - 2 - INFO - 页面"【安卓解谜冒险游戏】好玩的安卓解谜冒险游戏大全_安卓解谜冒险类游戏_解谜冒险游戏下载-最笨下载"跳转正常,该类元素共17个，当前第11个
2020-08-20 19:33:04,795 - basepage - INFO - Click back on current page.
2020-08-20 19:33:11,746 - 2 - INFO - 页面"【安卓射击游戏】好玩的安卓射击游戏大全_安卓射击类游戏_射击游戏下载-最笨下载"跳转正常,该类元素共17个，当前第12个
2020-08-20 19:33:12,006 - basepage - INFO - Click back on current page.
2020-08-20 19:33:18,993 - 2 - INFO - 页面"【安卓棋牌游戏】好玩的安卓棋牌游戏大全_安卓棋牌类游戏_棋牌游戏下载-最笨下载"跳转正常,该类元素共17个，当前第13个
2020-08-20 19:33:19,272 - basepage - INFO - Click back on current page.
2020-08-20 19:33:27,011 - 2 - INFO - 页面"【安卓赛车游戏】好玩的安卓赛车游戏大全_安卓赛车类游戏_赛车游戏下载-最笨下载"跳转正常,该类元素共17个，当前第14个
2020-08-20 19:33:27,420 - basepage - INFO - Click back on current page.
2020-08-20 19:33:34,772 - 2 - INFO - 页面"【安卓角色扮演游戏】好玩的安卓角色扮演游戏大全_安卓角色扮演类游戏_角色扮演游戏下载-最笨下载"跳转正常,该类元素共17个，当前第15个
2020-08-20 19:33:35,038 - basepage - INFO - Click back on current page.
2020-08-20 19:33:42,286 - 2 - INFO - 页面"【安卓动作游戏】好玩的安卓动作游戏大全_安卓动作类游戏_动作游戏下载-最笨下载"跳转正常,该类元素共17个，当前第16个
2020-08-20 19:33:42,571 - basepage - INFO - Click back on current page.
2020-08-20 19:33:49,505 - 2 - INFO - 页面"【安卓休闲游戏】好玩的安卓休闲游戏大全_安卓休闲类游戏_休闲游戏下载-最笨下载"跳转正常,该类元素共17个，当前第17个
2020-08-20 19:33:49,946 - basepage - INFO - Click back on current page.
2020-08-20 19:33:58,303 - 2 - INFO - 页面"炼金国度（送1000元充值）ios版_炼金国度（送1000元充值）ios版下载_炼金国度（送1000元充值）ios版官方下载-最笨下载"跳转正常,该类元素共18个，当前第1个
2020-08-20 19:34:04,441 - 2 - INFO - 页面"国贼顾挽之_国贼顾挽之下载_国贼顾挽之官方下载-最笨下载"跳转正常,该类元素共18个，当前第2个
2020-08-20 19:34:10,563 - 2 - INFO - 页面"大秦黎明_大秦黎明下载_大秦黎明官方下载-最笨下载"跳转正常,该类元素共18个，当前第3个
2020-08-20 19:34:16,707 - 2 - INFO - 页面"怒焰三国杀手游_怒焰三国杀手游下载_怒焰三国杀手游官方下载-最笨下载"跳转正常,该类元素共18个，当前第4个
2020-08-20 19:34:22,854 - 2 - INFO - 页面"末日围城_末日围城下载_末日围城官方下载-最笨下载"跳转正常,该类元素共18个，当前第5个
2020-08-20 19:34:28,976 - 2 - INFO - 页面"天将雄师九游版_天将雄师九游版下载_天将雄师九游版官方下载-最笨下载"跳转正常,该类元素共18个，当前第6个
2020-08-20 19:34:35,114 - 2 - INFO - 页面"诸王黎明_诸王黎明下载_诸王黎明官方下载-最笨下载"跳转正常,该类元素共18个，当前第7个
2020-08-20 19:34:41,239 - 2 - INFO - 页面"一梦江湖九游版_一梦江湖九游版下载_一梦江湖九游版官方下载-最笨下载"跳转正常,该类元素共18个，当前第8个
2020-08-20 19:34:47,350 - 2 - INFO - 页面"NBA篮球大师_NBA篮球大师下载_NBA篮球大师官方下载-最笨下载"跳转正常,该类元素共18个，当前第9个
2020-08-20 19:34:53,480 - 2 - INFO - 页面"萌妖传手游_萌妖传手游下载_萌妖传手游官方下载-最笨下载"跳转正常,该类元素共18个，当前第10个
2020-08-20 19:34:59,632 - 2 - INFO - 页面"中超英雄手游_中超英雄手游下载_中超英雄手游官方下载-最笨下载"跳转正常,该类元素共18个，当前第11个
2020-08-20 19:35:05,765 - 2 - INFO - 页面"三国战天下手游_三国战天下手游下载_三国战天下手游官方下载-最笨下载"跳转正常,该类元素共18个，当前第12个
2020-08-20 19:35:11,900 - 2 - INFO - 页面"拳皇命运_拳皇命运下载_拳皇命运官方下载-最笨下载"跳转正常,该类元素共18个，当前第13个
2020-08-20 19:35:18,043 - 2 - INFO - 页面"电能大亨_电能大亨下载_电能大亨官方下载-最笨下载"跳转正常,该类元素共18个，当前第14个
2020-08-20 19:35:24,173 - 2 - INFO - 页面"驾校模拟器_驾校模拟器下载_驾校模拟器官方下载-最笨下载"跳转正常,该类元素共18个，当前第15个
2020-08-20 19:35:30,315 - 2 - INFO - 页面"暗黑探险2_暗黑探险2下载_暗黑探险2官方下载-最笨下载"跳转正常,该类元素共18个，当前第16个
2020-08-20 19:35:36,438 - 2 - INFO - 页面"风暴山之谜_风暴山之谜下载_风暴山之谜官方下载-最笨下载"跳转正常,该类元素共18个，当前第17个
2020-08-20 19:35:42,555 - 2 - INFO - 页面"炸弹投石机:卡牌战斗_炸弹投石机:卡牌战斗下载_炸弹投石机:卡牌战斗官方下载-最笨下载"跳转正常,该类元素共18个，当前第18个
2020-08-20 19:35:50,018 - 2 - INFO - 页面"变态手游公益服_bt手游变态服_无限元宝bt手游下载_BT手游中心-最笨下载"跳转正常,该类元素共13个，当前第1个
2020-08-20 19:35:50,283 - basepage - INFO - Click back on current page.
2020-08-20 19:35:58,430 - 2 - INFO - 页面"变态手游公益服_bt手游变态服_无限元宝bt手游下载_BT手游中心-最笨下载"跳转正常,该类元素共13个，当前第2个
2020-08-20 19:35:58,865 - basepage - INFO - Click back on current page.
2020-08-20 19:36:07,320 - 2 - INFO - 页面"变态手游公益服_bt手游变态服_无限元宝bt手游下载_BT手游中心-最笨下载"跳转正常,该类元素共13个，当前第3个
2020-08-20 19:36:07,712 - basepage - INFO - Click back on current page.
2020-08-20 19:36:16,534 - 2 - INFO - 页面"变态手游公益服_bt手游变态服_无限元宝bt手游下载_BT手游中心-最笨下载"跳转正常,该类元素共13个，当前第4个
2020-08-20 19:36:16,816 - basepage - INFO - Click back on current page.
2020-08-20 19:36:24,847 - 2 - INFO - 页面"变态手游公益服_bt手游变态服_无限元宝bt手游下载_BT手游中心-最笨下载"跳转正常,该类元素共13个，当前第5个
2020-08-20 19:36:25,115 - basepage - INFO - Click back on current page.
2020-08-20 19:36:33,961 - 2 - INFO - 页面"变态手游公益服_bt手游变态服_无限元宝bt手游下载_BT手游中心-最笨下载"跳转正常,该类元素共13个，当前第6个
2020-08-20 19:36:34,378 - basepage - INFO - Click back on current page.
2020-08-20 19:36:42,506 - 2 - INFO - 页面"变态手游公益服_bt手游变态服_无限元宝bt手游下载_BT手游中心-最笨下载"跳转正常,该类元素共13个，当前第7个
2020-08-20 19:36:42,892 - basepage - INFO - Click back on current page.
2020-08-20 19:36:51,108 - 2 - INFO - 页面"变态手游公益服_bt手游变态服_无限元宝bt手游下载_BT手游中心-最笨下载"跳转正常,该类元素共13个，当前第8个
2020-08-20 19:36:51,381 - basepage - INFO - Click back on current page.
2020-08-20 19:37:00,089 - 2 - INFO - 页面"变态手游公益服_bt手游变态服_无限元宝bt手游下载_BT手游中心-最笨下载"跳转正常,该类元素共13个，当前第9个
2020-08-20 19:37:00,430 - basepage - INFO - Click back on current page.
2020-08-20 19:37:08,673 - 2 - INFO - 页面"变态手游公益服_bt手游变态服_无限元宝bt手游下载_BT手游中心-最笨下载"跳转正常,该类元素共13个，当前第10个
2020-08-20 19:37:09,100 - basepage - INFO - Click back on current page.
2020-08-20 19:37:17,207 - 2 - INFO - 页面"变态手游公益服_bt手游变态服_无限元宝bt手游下载_BT手游中心-最笨下载"跳转正常,该类元素共13个，当前第11个
2020-08-20 19:37:17,497 - basepage - INFO - Click back on current page.
2020-08-20 19:37:25,708 - 2 - INFO - 页面"变态手游公益服_bt手游变态服_无限元宝bt手游下载_BT手游中心-最笨下载"跳转正常,该类元素共13个，当前第12个
2020-08-20 19:37:26,161 - basepage - INFO - Click back on current page.
2020-08-20 19:37:34,921 - 2 - INFO - 页面"变态手游公益服_bt手游变态服_无限元宝bt手游下载_BT手游中心-最笨下载"跳转正常,该类元素共13个，当前第13个
2020-08-20 19:37:35,335 - basepage - INFO - Click back on current page.
2020-08-20 19:37:43,696 - 2 - INFO - 页面"风之旅团（每日送充值）_风之旅团（每日送充值）无限元宝服_SF变态版风之旅团（每日送充值）公益服下载 - 最笨下载"跳转正常,该类元素共18个，当前第1个
2020-08-20 19:37:49,834 - 2 - INFO - 页面"兰陵王（0元购）_兰陵王（0元购）无限元宝服_SF变态版兰陵王（0元购）公益服下载 - 最笨下载"跳转正常,该类元素共18个，当前第2个
2020-08-20 19:37:55,948 - 2 - INFO - 页面"少年群侠传（送千元充值）_少年群侠传（送千元充值）无限元宝服_SF变态版少年群侠传（送千元充值）公益服下载 - 最笨下载"跳转正常,该类元素共18个，当前第3个
2020-08-20 19:38:02,081 - 2 - INFO - 页面"龙枪（登录送千充）_龙枪（登录送千充）无限元宝服_SF变态版龙枪（登录送千充）公益服下载 - 最笨下载"跳转正常,该类元素共18个，当前第4个
2020-08-20 19:38:08,214 - 2 - INFO - 页面"武林霸业（送2000充值）_武林霸业（送2000充值）无限元宝服_SF变态版武林霸业（送2000充值）公益服下载 - 最笨下载"跳转正常,该类元素共18个，当前第5个
2020-08-20 19:38:14,341 - 2 - INFO - 页面"武器之王（满屏爆装）_武器之王（满屏爆装）无限元宝服_SF变态版武器之王（满屏爆装）公益服下载 - 最笨下载"跳转正常,该类元素共18个，当前第6个
2020-08-20 19:38:20,465 - 2 - INFO - 页面"暴击猎人（海量抽充值）_暴击猎人（海量抽充值）无限元宝服_SF变态版暴击猎人（海量抽充值）公益服下载 - 最笨下载"跳转正常,该类元素共18个，当前第7个
2020-08-20 19:38:26,625 - 2 - INFO - 页面"星辰变（送百元永抽）_星辰变（送百元永抽）无限元宝服_SF变态版星辰变（送百元永抽）公益服下载 - 最笨下载"跳转正常,该类元素共18个，当前第8个
2020-08-20 19:38:32,747 - 2 - INFO - 页面"冒险大当家（送1000真充）_冒险大当家（送1000真充）无限元宝服_SF变态版冒险大当家（送1000真充）公益服下载 - 最笨下载"跳转正常,该类元素共18个，当前第9个
2020-08-20 19:38:38,866 - 2 - INFO - 页面"魔法仙灵（送68元红包）_魔法仙灵（送68元红包）无限元宝服_SF变态版魔法仙灵（送68元红包）公益服下载 - 最笨下载"跳转正常,该类元素共18个，当前第10个
2020-08-20 19:38:44,984 - 2 - INFO - 页面"魅灵物语（送极品校花）_魅灵物语（送极品校花）无限元宝服_SF变态版魅灵物语（送极品校花）公益服下载 - 最笨下载"跳转正常,该类元素共18个，当前第11个
2020-08-20 19:38:51,120 - 2 - INFO - 页面"啪啪游侠（送海量充值）_啪啪游侠（送海量充值）无限元宝服_SF变态版啪啪游侠（送海量充值）公益服下载 - 最笨下载"跳转正常,该类元素共18个，当前第12个
2020-08-20 19:38:57,257 - 2 - INFO - 页面"战神世纪（送万抽）_战神世纪（送万抽）无限元宝服_SF变态版战神世纪（送万抽）公益服下载 - 最笨下载"跳转正常,该类元素共18个，当前第13个
2020-08-20 19:39:03,401 - 2 - INFO - 页面"蜀山天下（送满级千充）_蜀山天下（送满级千充）无限元宝服_SF变态版蜀山天下（送满级千充）公益服下载 - 最笨下载"跳转正常,该类元素共18个，当前第14个
2020-08-20 19:39:09,559 - 2 - INFO - 页面"大兵小将（天朝小将）_大兵小将（天朝小将）无限元宝服_SF变态版大兵小将（天朝小将）公益服下载 - 最笨下载"跳转正常,该类元素共18个，当前第15个
2020-08-20 19:39:15,727 - 2 - INFO - 页面"尘缘（兑换990真充）_尘缘（兑换990真充）无限元宝服_SF变态版尘缘（兑换990真充）公益服下载 - 最笨下载"跳转正常,该类元素共18个，当前第16个
2020-08-20 19:39:21,858 - 2 - INFO - 页面"神奇三国（超高爆率）_神奇三国（超高爆率）无限元宝服_SF变态版神奇三国（超高爆率）公益服下载 - 最笨下载"跳转正常,该类元素共18个，当前第17个
2020-08-20 19:39:27,985 - 2 - INFO - 页面"契约战记（送648充值）_契约战记（送648充值）无限元宝服_SF变态版契约战记（送648充值）公益服下载 - 最笨下载"跳转正常,该类元素共18个，当前第18个
2020-08-20 19:39:36,058 - 2 - INFO - 页面"满vip版手游_手游sf送顶级vip_满级vip无限元宝手游下载-最笨下载"跳转正常,该类元素共13个，当前第1个
2020-08-20 19:39:36,324 - basepage - INFO - Click back on current page.
2020-08-20 19:39:44,481 - 2 - INFO - 页面"满vip版手游_手游sf送顶级vip_满级vip无限元宝手游下载-最笨下载"跳转正常,该类元素共13个，当前第2个
2020-08-20 19:39:44,921 - basepage - INFO - Click back on current page.
2020-08-20 19:39:53,360 - 2 - INFO - 页面"满vip版手游_手游sf送顶级vip_满级vip无限元宝手游下载-最笨下载"跳转正常,该类元素共13个，当前第3个
2020-08-20 19:39:53,898 - basepage - INFO - Click back on current page.
2020-08-20 19:40:02,534 - 2 - INFO - 页面"满vip版手游_手游sf送顶级vip_满级vip无限元宝手游下载-最笨下载"跳转正常,该类元素共13个，当前第4个
2020-08-20 19:40:02,792 - basepage - INFO - Click back on current page.
2020-08-20 19:40:11,461 - 2 - INFO - 页面"满vip版手游_手游sf送顶级vip_满级vip无限元宝手游下载-最笨下载"跳转正常,该类元素共13个，当前第5个
2020-08-20 19:40:12,004 - basepage - INFO - Click back on current page.
2020-08-20 19:40:21,504 - 2 - INFO - 页面"满vip版手游_手游sf送顶级vip_满级vip无限元宝手游下载-最笨下载"跳转正常,该类元素共13个，当前第6个
2020-08-20 19:40:21,974 - basepage - INFO - Click back on current page.
2020-08-20 19:40:30,593 - 2 - INFO - 页面"满vip版手游_手游sf送顶级vip_满级vip无限元宝手游下载-最笨下载"跳转正常,该类元素共13个，当前第7个
2020-08-20 19:40:31,014 - basepage - INFO - Click back on current page.
2020-08-20 19:40:39,263 - 2 - INFO - 页面"满vip版手游_手游sf送顶级vip_满级vip无限元宝手游下载-最笨下载"跳转正常,该类元素共13个，当前第8个
2020-08-20 19:40:39,652 - basepage - INFO - Click back on current page.
2020-08-20 19:40:47,834 - 2 - INFO - 页面"满vip版手游_手游sf送顶级vip_满级vip无限元宝手游下载-最笨下载"跳转正常,该类元素共13个，当前第9个
2020-08-20 19:40:48,093 - basepage - INFO - Click back on current page.
2020-08-20 19:40:58,000 - 2 - INFO - 页面"满vip版手游_手游sf送顶级vip_满级vip无限元宝手游下载-最笨下载"跳转正常,该类元素共13个，当前第10个
2020-08-20 19:40:58,467 - basepage - INFO - Click back on current page.
2020-08-20 19:41:06,769 - 2 - INFO - 页面"满vip版手游_手游sf送顶级vip_满级vip无限元宝手游下载-最笨下载"跳转正常,该类元素共13个，当前第11个
2020-08-20 19:41:07,211 - basepage - INFO - Click back on current page.
2020-08-20 19:41:17,171 - 2 - INFO - 页面"满vip版手游_手游sf送顶级vip_满级vip无限元宝手游下载-最笨下载"跳转正常,该类元素共13个，当前第12个
2020-08-20 19:41:17,485 - basepage - INFO - Click back on current page.
2020-08-20 19:41:25,432 - 2 - INFO - 页面"满vip版手游_手游sf送顶级vip_满级vip无限元宝手游下载-最笨下载"跳转正常,该类元素共13个，当前第13个
2020-08-20 19:41:25,725 - basepage - INFO - Click back on current page.
2020-08-20 19:41:34,072 - 2 - INFO - 页面"机甲战纪（送GM特权）_机甲战纪（送GM特权）无限元宝服_SF变态版机甲战纪（送GM特权）公益服下载 - 最笨下载"跳转正常,该类元素共18个，当前第1个
2020-08-20 19:41:40,204 - 2 - INFO - 页面"星星喵（送千元充值）_星星喵（送千元充值）无限元宝服_SF变态版星星喵（送千元充值）公益服下载 - 最笨下载"跳转正常,该类元素共18个，当前第2个
2020-08-20 19:41:46,338 - 2 - INFO - 页面"轩辕剑群侠传（商城特权）_轩辕剑群侠传（商城特权）无限元宝服_SF变态版轩辕剑群侠传（商城特权）公益服下载 - 最笨下载"跳转正常,该类元素共18个，当前第3个
2020-08-20 19:41:52,477 - 2 - INFO - 页面"大秦之帝国崛起（送法拉利）_大秦之帝国崛起（送法拉利）无限元宝服_SF变态版大秦之帝国崛起（送法拉利）公益服下载 - 最笨下载"跳转正常,该类元素共18个，当前第4个
2020-08-20 19:41:58,608 - 2 - INFO - 页面"进击的少女（闯关爆充值）_进击的少女（闯关爆充值）无限元宝服_SF变态版进击的少女（闯关爆充值）公益服下载 - 最笨下载"跳转正常,该类元素共18个，当前第5个
2020-08-20 19:42:04,752 - 2 - INFO - 页面"小小虎将（海量特权）_小小虎将（海量特权）无限元宝服_SF变态版小小虎将（海量特权）公益服下载 - 最笨下载"跳转正常,该类元素共18个，当前第6个
2020-08-20 19:42:10,895 - 2 - INFO - 页面"妖游记（海量送充值）_妖游记（海量送充值）无限元宝服_SF变态版妖游记（海量送充值）公益服下载 - 最笨下载"跳转正常,该类元素共18个，当前第7个
2020-08-20 19:42:17,020 - 2 - INFO - 页面"武龙争道（送海量红将）_武龙争道（送海量红将）无限元宝服_SF变态版武龙争道（送海量红将）公益服下载 - 最笨下载"跳转正常,该类元素共18个，当前第8个
2020-08-20 19:42:23,141 - 2 - INFO - 页面"斗战三国志（送328充值）_斗战三国志（送328充值）无限元宝服_SF变态版斗战三国志（送328充值）公益服下载 - 最笨下载"跳转正常,该类元素共18个，当前第9个
2020-08-20 19:42:29,273 - 2 - INFO - 页面"魔侠传（开服送2000充）_魔侠传（开服送2000充）无限元宝服_SF变态版魔侠传（开服送2000充）公益服下载 - 最笨下载"跳转正常,该类元素共18个，当前第10个
2020-08-20 19:42:35,386 - 2 - INFO - 页面"剑道仙语（送海量元宝）_剑道仙语（送海量元宝）无限元宝服_SF变态版剑道仙语（送海量元宝）公益服下载 - 最笨下载"跳转正常,该类元素共18个，当前第11个
2020-08-20 19:42:41,523 - 2 - INFO - 页面"飞升三国（送2048真充）_飞升三国（送2048真充）无限元宝服_SF变态版飞升三国（送2048真充）公益服下载 - 最笨下载"跳转正常,该类元素共18个，当前第12个
2020-08-20 19:42:47,641 - 2 - INFO - 页面"主宰之王（领海量红包）_主宰之王（领海量红包）无限元宝服_SF变态版主宰之王（领海量红包）公益服下载 - 最笨下载"跳转正常,该类元素共18个，当前第13个
2020-08-20 19:42:53,776 - 2 - INFO - 页面"圣堂之战（送千元充值）_圣堂之战（送千元充值）无限元宝服_SF变态版圣堂之战（送千元充值）公益服下载 - 最笨下载"跳转正常,该类元素共18个，当前第14个
2020-08-20 19:42:59,902 - 2 - INFO - 页面"梦道（商城特权）_梦道（商城特权）无限元宝服_SF变态版梦道（商城特权）公益服下载 - 最笨下载"跳转正常,该类元素共18个，当前第15个
2020-08-20 19:43:06,075 - 2 - INFO - 页面"征程三国（送充值）_征程三国（送充值）无限元宝服_SF变态版征程三国（送充值）公益服下载 - 最笨下载"跳转正常,该类元素共18个，当前第16个
2020-08-20 19:43:12,217 - 2 - INFO - 页面"战龙归来（送千元礼包）_战龙归来（送千元礼包）无限元宝服_SF变态版战龙归来（送千元礼包）公益服下载 - 最笨下载"跳转正常,该类元素共18个，当前第17个
2020-08-20 19:43:18,353 - 2 - INFO - 页面"斩仙录（送海量充值）_斩仙录（送海量充值）无限元宝服_SF变态版斩仙录（送海量充值）公益服下载 - 最笨下载"跳转正常,该类元素共18个，当前第18个
2020-08-20 19:43:25,328 - 2 - INFO - 页面"gm版手游_无限元宝/钻石公益服_0元免费gm权限手游下载-最笨下载"跳转正常,该类元素共13个，当前第1个
2020-08-20 19:43:25,539 - basepage - INFO - Click back on current page.
2020-08-20 19:43:33,503 - 2 - INFO - 页面"gm版手游_无限元宝/钻石公益服_0元免费gm权限手游下载-最笨下载"跳转正常,该类元素共13个，当前第2个
2020-08-20 19:43:33,887 - basepage - INFO - Click back on current page.
2020-08-20 19:43:42,402 - 2 - INFO - 页面"gm版手游_无限元宝/钻石公益服_0元免费gm权限手游下载-最笨下载"跳转正常,该类元素共13个，当前第3个
2020-08-20 19:43:42,803 - basepage - INFO - Click back on current page.
2020-08-20 19:43:50,812 - 2 - INFO - 页面"gm版手游_无限元宝/钻石公益服_0元免费gm权限手游下载-最笨下载"跳转正常,该类元素共13个，当前第4个
2020-08-20 19:43:51,046 - basepage - INFO - Click back on current page.
2020-08-20 19:43:59,120 - 2 - INFO - 页面"gm版手游_无限元宝/钻石公益服_0元免费gm权限手游下载-最笨下载"跳转正常,该类元素共13个，当前第5个
2020-08-20 19:43:59,521 - basepage - INFO - Click back on current page.
2020-08-20 19:44:07,399 - 2 - INFO - 页面"gm版手游_无限元宝/钻石公益服_0元免费gm权限手游下载-最笨下载"跳转正常,该类元素共13个，当前第6个
2020-08-20 19:44:07,865 - basepage - INFO - Click back on current page.
2020-08-20 19:44:16,089 - 2 - INFO - 页面"gm版手游_无限元宝/钻石公益服_0元免费gm权限手游下载-最笨下载"跳转正常,该类元素共13个，当前第7个
2020-08-20 19:44:16,362 - basepage - INFO - Click back on current page.
2020-08-20 19:44:24,257 - 2 - INFO - 页面"gm版手游_无限元宝/钻石公益服_0元免费gm权限手游下载-最笨下载"跳转正常,该类元素共13个，当前第8个
2020-08-20 19:44:24,681 - basepage - INFO - Click back on current page.
2020-08-20 19:44:32,664 - 2 - INFO - 页面"gm版手游_无限元宝/钻石公益服_0元免费gm权限手游下载-最笨下载"跳转正常,该类元素共13个，当前第9个
2020-08-20 19:44:33,055 - basepage - INFO - Click back on current page.
2020-08-20 19:44:41,038 - 2 - INFO - 页面"gm版手游_无限元宝/钻石公益服_0元免费gm权限手游下载-最笨下载"跳转正常,该类元素共13个，当前第10个
2020-08-20 19:44:41,272 - basepage - INFO - Click back on current page.
2020-08-20 19:44:49,215 - 2 - INFO - 页面"gm版手游_无限元宝/钻石公益服_0元免费gm权限手游下载-最笨下载"跳转正常,该类元素共13个，当前第11个
2020-08-20 19:44:49,650 - basepage - INFO - Click back on current page.
2020-08-20 19:44:57,536 - 2 - INFO - 页面"gm版手游_无限元宝/钻石公益服_0元免费gm权限手游下载-最笨下载"跳转正常,该类元素共13个，当前第12个
2020-08-20 19:44:57,961 - basepage - INFO - Click back on current page.
2020-08-20 19:45:05,883 - 2 - INFO - 页面"gm版手游_无限元宝/钻石公益服_0元免费gm权限手游下载-最笨下载"跳转正常,该类元素共13个，当前第13个
2020-08-20 19:45:06,125 - basepage - INFO - Click back on current page.
2020-08-20 19:45:14,476 - 2 - INFO - 页面"九州剑灵（GM版）_九州剑灵（GM版）免费gm权限安卓下载 - 最笨下载"跳转正常,该类元素共18个，当前第1个
2020-08-20 19:45:20,610 - 2 - INFO - 页面"仙游（GM版）_仙游（GM版）免费gm权限安卓下载 - 最笨下载"跳转正常,该类元素共18个，当前第2个
2020-08-20 19:45:26,740 - 2 - INFO - 页面"高达（GM版）_高达（GM版）免费gm权限安卓下载 - 最笨下载"跳转正常,该类元素共18个，当前第3个
2020-08-20 19:45:32,868 - 2 - INFO - 页面"暗黑王者（GM版）_暗黑王者（GM版）免费gm权限安卓下载 - 最笨下载"跳转正常,该类元素共18个，当前第4个
2020-08-20 19:45:39,006 - 2 - INFO - 页面"问鼎封神（GM版）_问鼎封神（GM版）免费gm权限安卓下载 - 最笨下载"跳转正常,该类元素共18个，当前第5个
2020-08-20 19:45:45,155 - 2 - INFO - 页面"仙剑轮回（GM版）_仙剑轮回（GM版）免费gm权限安卓下载 - 最笨下载"跳转正常,该类元素共18个，当前第6个
2020-08-20 19:45:51,314 - 2 - INFO - 页面"神道仙尊（GM版）_神道仙尊（GM版）免费gm权限安卓下载 - 最笨下载"跳转正常,该类元素共18个，当前第7个
2020-08-20 19:45:57,458 - 2 - INFO - 页面"大将无双（GM版）_大将无双（GM版）免费gm权限安卓下载 - 最笨下载"跳转正常,该类元素共18个，当前第8个
2020-08-20 19:46:03,612 - 2 - INFO - 页面"青云剑诀（GM版）_青云剑诀（GM版）免费gm权限安卓下载 - 最笨下载"跳转正常,该类元素共18个，当前第9个
2020-08-20 19:46:09,774 - 2 - INFO - 页面"寂灭剑诀（GM版）_寂灭剑诀（GM版）免费gm权限安卓下载 - 最笨下载"跳转正常,该类元素共18个，当前第10个
2020-08-20 19:46:15,897 - 2 - INFO - 页面"封神记（GM版）_封神记（GM版）免费gm权限安卓下载 - 最笨下载"跳转正常,该类元素共18个，当前第11个
2020-08-20 19:46:22,039 - 2 - INFO - 页面"豪门小老婆（GM版）_豪门小老婆（GM版）免费gm权限安卓下载 - 最笨下载"跳转正常,该类元素共18个，当前第12个
2020-08-20 19:46:28,200 - 2 - INFO - 页面"三生三誓青丘传（GM版）_三生三誓青丘传（GM版）免费gm权限安卓下载 - 最笨下载"跳转正常,该类元素共18个，当前第13个
2020-08-20 19:46:34,360 - 2 - INFO - 页面"毒尊三国（GM版）_毒尊三国（GM版）免费gm权限安卓下载 - 最笨下载"跳转正常,该类元素共18个，当前第14个
2020-08-20 19:46:40,486 - 2 - INFO - 页面"乱世神话（GM版）_乱世神话（GM版）免费gm权限安卓下载 - 最笨下载"跳转正常,该类元素共18个，当前第15个
2020-08-20 19:46:46,641 - 2 - INFO - 页面"天子问剑（GM版）_天子问剑（GM版）免费gm权限安卓下载 - 最笨下载"跳转正常,该类元素共18个，当前第16个
2020-08-20 19:46:52,774 - 2 - INFO - 页面"风云三国（GM版）_风云三国（GM版）免费gm权限安卓下载 - 最笨下载"跳转正常,该类元素共18个，当前第17个
2020-08-20 19:46:58,906 - 2 - INFO - 页面"古惑三国志（GM版）_古惑三国志（GM版）免费gm权限安卓下载 - 最笨下载"跳转正常,该类元素共18个，当前第18个
2020-08-20 19:47:09,662 - 2 - INFO - 页面"免费权限GM游戏"跳转正常,该类元素共4个，当前第1个
2020-08-20 19:47:09,991 - basepage - INFO - Click back on current page.
2020-08-20 19:47:14,685 - 2 - INFO - 页面"聊天回复神器合集"跳转正常,该类元素共4个，当前第2个
2020-08-20 19:47:14,958 - basepage - INFO - Click back on current page.
2020-08-20 19:47:21,830 - 2 - INFO - 页面"超变私服传奇一刀999999级"跳转正常,该类元素共4个，当前第3个
2020-08-20 19:47:22,077 - basepage - INFO - Click back on current page.
2020-08-20 19:47:27,678 - 2 - INFO - 页面"美女爆衣游戏手游"跳转正常,该类元素共4个，当前第4个
2020-08-20 19:47:28,182 - basepage - INFO - Click back on current page.
2020-08-20 19:47:36,210 - 2 - INFO - 页面"【苹果播放器】iPhone手机播放器,iPhone播放器免费下载大全-最笨下载"跳转正常,该类元素共19个，当前第1个
2020-08-20 19:47:36,682 - basepage - INFO - Click back on current page.
2020-08-20 19:47:43,771 - 2 - INFO - 页面"【苹果学习软件】iPhone手机学习软件_iPhone学习软件免费下载大全-最笨下载"跳转正常,该类元素共19个，当前第2个
2020-08-20 19:47:44,080 - basepage - INFO - Click back on current page.
2020-08-20 19:47:50,956 - 2 - INFO - 页面"【苹果辅助软件】iPhone手机辅助软件_iPhone辅助软件免费下载大全-最笨下载"跳转正常,该类元素共19个，当前第3个
2020-08-20 19:47:51,435 - basepage - INFO - Click back on current page.
2020-08-20 19:47:58,256 - 2 - INFO - 页面"【苹果输入法】iPhone手机输入法_iPhone输入法免费下载大全-最笨下载"跳转正常,该类元素共19个，当前第4个
2020-08-20 19:47:58,533 - basepage - INFO - Click back on current page.
2020-08-20 19:48:05,779 - 2 - INFO - 页面"【苹果通信软件】iPhone手机通信软件_iPhone通信软件免费下载大全-最笨下载"跳转正常,该类元素共19个，当前第5个
2020-08-20 19:48:06,073 - basepage - INFO - Click back on current page.
2020-08-20 19:48:12,872 - 2 - INFO - 页面"【苹果固件】iPhone手机固件软件_iPhone固件软件免费下载大全-最笨下载"跳转正常,该类元素共19个，当前第6个
2020-08-20 19:48:13,355 - basepage - INFO - Click back on current page.
2020-08-20 19:48:20,287 - 2 - INFO - 页面"【苹果文件管理软件】iPhone手机文件管理软件_iPhone文件管理软件免费下载大全-最笨下载"跳转正常,该类元素共19个，当前第7个
2020-08-20 19:48:20,581 - basepage - INFO - Click back on current page.
2020-08-20 19:48:27,915 - 2 - INFO - 页面"【苹果同步软件】iPhone手机同步软件_iPhone同步软件免费下载大全-最笨下载"跳转正常,该类元素共19个，当前第8个
2020-08-20 19:48:28,143 - basepage - INFO - Click back on current page.
2020-08-20 19:48:35,171 - 2 - INFO - 页面"【苹果办公软件】iPhone手机办公软件_iPhone办公软件免费下载大全-最笨下载"跳转正常,该类元素共19个，当前第9个
2020-08-20 19:48:35,625 - basepage - INFO - Click back on current page.
2020-08-20 19:48:42,920 - 2 - INFO - 页面"【苹果理财软件】iPhone手机理财软件_iPhone理财软件免费下载大全-最笨下载"跳转正常,该类元素共19个，当前第10个
2020-08-20 19:48:43,205 - basepage - INFO - Click back on current page.
2020-08-20 19:48:50,495 - 2 - INFO - 页面"【苹果备份软件】iPhone手机备份软件_iPhone备份软件免费下载大全-最笨下载"跳转正常,该类元素共19个，当前第11个
2020-08-20 19:48:50,747 - basepage - INFO - Click back on current page.
2020-08-20 19:48:57,587 - 2 - INFO - 页面"【苹果健身软件】iPhone手机健身软件_iPhone健身软件免费下载大全-最笨下载"跳转正常,该类元素共19个，当前第12个
2020-08-20 19:48:57,980 - basepage - INFO - Click back on current page.
2020-08-20 19:49:04,990 - 2 - INFO - 页面"【苹果健康管理软件】iPhone手机健康管理软件_iPhone健康管理软件免费下载大全-最笨下载"跳转正常,该类元素共19个，当前第13个
2020-08-20 19:49:05,330 - basepage - INFO - Click back on current page.
2020-08-20 19:49:12,356 - 2 - INFO - 页面"【苹果系统软件】iPhone手机系统软件_iPhone系统软件免费下载大全-最笨下载"跳转正常,该类元素共19个，当前第14个
2020-08-20 19:49:12,636 - basepage - INFO - Click back on current page.
2020-08-20 19:49:19,631 - 2 - INFO - 页面"【苹果社交软件】iphone手机社交软件_iphone社交软件免费下载大全-最笨下载"跳转正常,该类元素共19个，当前第15个
2020-08-20 19:49:20,089 - basepage - INFO - Click back on current page.
2020-08-20 19:49:26,548 - 2 - INFO - 页面"【苹果娱乐软件】iPhone手机娱乐软件_iPhone娱乐软件免费下载大全-最笨下载"跳转正常,该类元素共19个，当前第16个
2020-08-20 19:49:26,854 - basepage - INFO - Click back on current page.
2020-08-20 19:49:34,114 - 2 - INFO - 页面"【苹果导航】iPhone手机导航软件,iPhone导航软件免费下载大全-最笨下载"跳转正常,该类元素共19个，当前第17个
2020-08-20 19:49:34,413 - basepage - INFO - Click back on current page.
2020-08-20 19:49:41,501 - 2 - INFO - 页面"【苹果网络软件】iPhone手机网络软件,iPhone网络软件免费下载大全-最笨下载"跳转正常,该类元素共19个，当前第18个
2020-08-20 19:49:41,987 - basepage - INFO - Click back on current page.
2020-08-20 19:49:49,004 - 2 - INFO - 页面"【苹果助手软件】iPhone生活助手软件_iPhone生活助手软件免费下载大全-最笨下载"跳转正常,该类元素共19个，当前第19个
2020-08-20 19:49:49,285 - basepage - INFO - Click back on current page.
2020-08-20 19:49:57,636 - 2 - INFO - 页面"安致手游盒子ios版_安致手游盒子ios版下载_安致手游盒子ios版官方下载-最笨下载"跳转正常,该类元素共18个，当前第1个
2020-08-20 19:50:03,769 - 2 - INFO - 页面"爪游控游戏盒子ios版_爪游控游戏盒子ios版下载_爪游控游戏盒子ios版官方下载-最笨下载"跳转正常,该类元素共18个，当前第2个
2020-08-20 19:50:09,904 - 2 - INFO - 页面"手机玩盒子ios版_手机玩盒子ios版下载_手机玩盒子ios版官方下载-最笨下载"跳转正常,该类元素共18个，当前第3个
2020-08-20 19:50:16,032 - 2 - INFO - 页面"蜜小助ios版_蜜小助ios版下载_蜜小助ios版官方下载-最笨下载"跳转正常,该类元素共18个，当前第4个
2020-08-20 19:50:22,166 - 2 - INFO - 页面"BT游戏大全ios_BT游戏大全ios下载_BT游戏大全ios官方下载-最笨下载"跳转正常,该类元素共18个，当前第5个
2020-08-20 19:50:28,260 - 2 - INFO - 页面"小8游戏盒子ios_小8游戏盒子ios下载_小8游戏盒子ios官方下载-最笨下载"跳转正常,该类元素共18个，当前第6个
2020-08-20 19:50:34,413 - 2 - INFO - 页面"安卓市场ios版_安卓市场ios版下载_安卓市场ios版官方下载-最笨下载"跳转正常,该类元素共18个，当前第7个
2020-08-20 19:50:40,570 - 2 - INFO - 页面"剪映_剪映下载_剪映官方下载-最笨下载"跳转正常,该类元素共18个，当前第8个
2020-08-20 19:50:46,725 - 2 - INFO - 页面"吾爱看书ios版_吾爱看书ios版下载_吾爱看书ios版官方下载-最笨下载"跳转正常,该类元素共18个，当前第9个
2020-08-20 19:50:52,842 - 2 - INFO - 页面"7743游戏平台_7743游戏平台下载_7743游戏平台官方下载-最笨下载"跳转正常,该类元素共18个，当前第10个
2020-08-20 19:50:58,975 - 2 - INFO - 页面"搜书帝ios_搜书帝ios下载_搜书帝ios官方下载-最笨下载"跳转正常,该类元素共18个，当前第11个
2020-08-20 19:51:05,136 - 2 - INFO - 页面"大塘小鱼_大塘小鱼下载_大塘小鱼官方下载-最笨下载"跳转正常,该类元素共18个，当前第12个
2020-08-20 19:51:11,290 - 2 - INFO - 页面"花溪小说_花溪小说下载_花溪小说官方下载-最笨下载"跳转正常,该类元素共18个，当前第13个
2020-08-20 19:51:17,412 - 2 - INFO - 页面"手译_手译下载_手译官方下载-最笨下载"跳转正常,该类元素共18个，当前第14个
2020-08-20 19:51:23,553 - 2 - INFO - 页面"sjcam_sjcam下载_sjcam官方下载-最笨下载"跳转正常,该类元素共18个，当前第15个
2020-08-20 19:51:29,675 - 2 - INFO - 页面"WearHeart_WearHeart下载_WearHeart官方下载-最笨下载"跳转正常,该类元素共18个，当前第16个
2020-08-20 19:51:35,819 - 2 - INFO - 页面"仓鼠阅读_仓鼠阅读下载_仓鼠阅读官方下载-最笨下载"跳转正常,该类元素共18个，当前第17个
2020-08-20 19:51:41,999 - 2 - INFO - 页面"漫番漫画_漫番漫画下载_漫番漫画官方下载-最笨下载"跳转正常,该类元素共18个，当前第18个
2020-08-20 19:51:49,323 - 2 - INFO - 页面"变态手游公益服_bt手游变态服_无限元宝bt手游下载_BT手游中心-最笨下载"跳转正常,该类元素共13个，当前第1个
2020-08-20 19:51:49,663 - basepage - INFO - Click back on current page.
2020-08-20 19:51:57,947 - 2 - INFO - 页面"变态手游公益服_bt手游变态服_无限元宝bt手游下载_BT手游中心-最笨下载"跳转正常,该类元素共13个，当前第2个
2020-08-20 19:51:58,454 - basepage - INFO - Click back on current page.
2020-08-20 19:52:06,450 - 2 - INFO - 页面"变态手游公益服_bt手游变态服_无限元宝bt手游下载_BT手游中心-最笨下载"跳转正常,该类元素共13个，当前第3个
2020-08-20 19:52:07,050 - basepage - INFO - Click back on current page.
2020-08-20 19:52:14,989 - 2 - INFO - 页面"变态手游公益服_bt手游变态服_无限元宝bt手游下载_BT手游中心-最笨下载"跳转正常,该类元素共13个，当前第4个
2020-08-20 19:52:15,271 - basepage - INFO - Click back on current page.
2020-08-20 19:52:23,228 - 2 - INFO - 页面"变态手游公益服_bt手游变态服_无限元宝bt手游下载_BT手游中心-最笨下载"跳转正常,该类元素共13个，当前第5个
2020-08-20 19:52:23,719 - basepage - INFO - Click back on current page.
2020-08-20 19:52:31,674 - 2 - INFO - 页面"变态手游公益服_bt手游变态服_无限元宝bt手游下载_BT手游中心-最笨下载"跳转正常,该类元素共13个，当前第6个
2020-08-20 19:52:32,089 - basepage - INFO - Click back on current page.
2020-08-20 19:52:40,919 - 2 - INFO - 页面"变态手游公益服_bt手游变态服_无限元宝bt手游下载_BT手游中心-最笨下载"跳转正常,该类元素共13个，当前第7个
2020-08-20 19:52:41,197 - basepage - INFO - Click back on current page.
2020-08-20 19:52:49,211 - 2 - INFO - 页面"变态手游公益服_bt手游变态服_无限元宝bt手游下载_BT手游中心-最笨下载"跳转正常,该类元素共13个，当前第8个
2020-08-20 19:52:49,434 - basepage - INFO - Click back on current page.
2020-08-20 19:52:57,351 - 2 - INFO - 页面"变态手游公益服_bt手游变态服_无限元宝bt手游下载_BT手游中心-最笨下载"跳转正常,该类元素共13个，当前第9个
2020-08-20 19:52:57,760 - basepage - INFO - Click back on current page.
2020-08-20 19:53:05,703 - 2 - INFO - 页面"变态手游公益服_bt手游变态服_无限元宝bt手游下载_BT手游中心-最笨下载"跳转正常,该类元素共13个，当前第10个
2020-08-20 19:53:05,973 - basepage - INFO - Click back on current page.
2020-08-20 19:53:13,974 - 2 - INFO - 页面"变态手游公益服_bt手游变态服_无限元宝bt手游下载_BT手游中心-最笨下载"跳转正常,该类元素共13个，当前第11个
2020-08-20 19:53:14,472 - basepage - INFO - Click back on current page.
2020-08-20 19:53:22,425 - 2 - INFO - 页面"变态手游公益服_bt手游变态服_无限元宝bt手游下载_BT手游中心-最笨下载"跳转正常,该类元素共13个，当前第12个
2020-08-20 19:53:23,025 - basepage - INFO - Click back on current page.
2020-08-20 19:53:31,530 - 2 - INFO - 页面"变态手游公益服_bt手游变态服_无限元宝bt手游下载_BT手游中心-最笨下载"跳转正常,该类元素共13个，当前第13个
2020-08-20 19:53:31,827 - basepage - INFO - Click back on current page.
2020-08-20 19:53:40,192 - 2 - INFO - 页面"风之旅团（每日送充值）_风之旅团（每日送充值）无限元宝服_SF变态版风之旅团（每日送充值）公益服下载 - 最笨下载"跳转正常,该类元素共18个，当前第1个
2020-08-20 19:53:46,345 - 2 - INFO - 页面"兰陵王（0元购）_兰陵王（0元购）无限元宝服_SF变态版兰陵王（0元购）公益服下载 - 最笨下载"跳转正常,该类元素共18个，当前第2个
2020-08-20 19:53:52,457 - 2 - INFO - 页面"少年群侠传（送千元充值）_少年群侠传（送千元充值）无限元宝服_SF变态版少年群侠传（送千元充值）公益服下载 - 最笨下载"跳转正常,该类元素共18个，当前第3个
2020-08-20 19:53:58,590 - 2 - INFO - 页面"龙枪（登录送千充）_龙枪（登录送千充）无限元宝服_SF变态版龙枪（登录送千充）公益服下载 - 最笨下载"跳转正常,该类元素共18个，当前第4个
2020-08-20 19:54:04,725 - 2 - INFO - 页面"武林霸业（送2000充值）_武林霸业（送2000充值）无限元宝服_SF变态版武林霸业（送2000充值）公益服下载 - 最笨下载"跳转正常,该类元素共18个，当前第5个
2020-08-20 19:54:10,850 - 2 - INFO - 页面"武器之王（满屏爆装）_武器之王（满屏爆装）无限元宝服_SF变态版武器之王（满屏爆装）公益服下载 - 最笨下载"跳转正常,该类元素共18个，当前第6个
2020-08-20 19:54:16,986 - 2 - INFO - 页面"暴击猎人（海量抽充值）_暴击猎人（海量抽充值）无限元宝服_SF变态版暴击猎人（海量抽充值）公益服下载 - 最笨下载"跳转正常,该类元素共18个，当前第7个
2020-08-20 19:54:23,138 - 2 - INFO - 页面"星辰变（送百元永抽）_星辰变（送百元永抽）无限元宝服_SF变态版星辰变（送百元永抽）公益服下载 - 最笨下载"跳转正常,该类元素共18个，当前第8个
2020-08-20 19:54:29,282 - 2 - INFO - 页面"冒险大当家（送1000真充）_冒险大当家（送1000真充）无限元宝服_SF变态版冒险大当家（送1000真充）公益服下载 - 最笨下载"跳转正常,该类元素共18个，当前第9个
2020-08-20 19:54:35,420 - 2 - INFO - 页面"魔法仙灵（送68元红包）_魔法仙灵（送68元红包）无限元宝服_SF变态版魔法仙灵（送68元红包）公益服下载 - 最笨下载"跳转正常,该类元素共18个，当前第10个
2020-08-20 19:54:41,539 - 2 - INFO - 页面"魅灵物语（送极品校花）_魅灵物语（送极品校花）无限元宝服_SF变态版魅灵物语（送极品校花）公益服下载 - 最笨下载"跳转正常,该类元素共18个，当前第11个
2020-08-20 19:54:47,692 - 2 - INFO - 页面"啪啪游侠（送海量充值）_啪啪游侠（送海量充值）无限元宝服_SF变态版啪啪游侠（送海量充值）公益服下载 - 最笨下载"跳转正常,该类元素共18个，当前第12个
2020-08-20 19:54:53,854 - 2 - INFO - 页面"战神世纪（送万抽）_战神世纪（送万抽）无限元宝服_SF变态版战神世纪（送万抽）公益服下载 - 最笨下载"跳转正常,该类元素共18个，当前第13个
2020-08-20 19:55:00,005 - 2 - INFO - 页面"蜀山天下（送满级千充）_蜀山天下（送满级千充）无限元宝服_SF变态版蜀山天下（送满级千充）公益服下载 - 最笨下载"跳转正常,该类元素共18个，当前第14个
2020-08-20 19:55:06,152 - 2 - INFO - 页面"尘缘（兑换990真充）_尘缘（兑换990真充）无限元宝服_SF变态版尘缘（兑换990真充）公益服下载 - 最笨下载"跳转正常,该类元素共18个，当前第15个
2020-08-20 19:55:12,288 - 2 - INFO - 页面"契约战记（送648充值）_契约战记（送648充值）无限元宝服_SF变态版契约战记（送648充值）公益服下载 - 最笨下载"跳转正常,该类元素共18个，当前第16个
2020-08-20 19:55:18,432 - 2 - INFO - 页面"暗黑传奇（福利特权）_暗黑传奇（福利特权）无限元宝服_SF变态版暗黑传奇（福利特权）公益服下载 - 最笨下载"跳转正常,该类元素共18个，当前第17个
2020-08-20 19:55:24,571 - 2 - INFO - 页面"不思议地下城（百抽特权）_不思议地下城（百抽特权）无限元宝服_SF变态版不思议地下城（百抽特权）公益服下载 - 最笨下载"跳转正常,该类元素共18个，当前第18个
2020-08-20 19:55:31,861 - 2 - INFO - 页面"满vip版手游_手游sf送顶级vip_满级vip无限元宝手游下载-最笨下载"跳转正常,该类元素共13个，当前第1个
2020-08-20 19:55:32,124 - basepage - INFO - Click back on current page.
2020-08-20 19:55:40,226 - 2 - INFO - 页面"满vip版手游_手游sf送顶级vip_满级vip无限元宝手游下载-最笨下载"跳转正常,该类元素共13个，当前第2个
2020-08-20 19:55:40,709 - basepage - INFO - Click back on current page.
2020-08-20 19:55:48,822 - 2 - INFO - 页面"满vip版手游_手游sf送顶级vip_满级vip无限元宝手游下载-最笨下载"跳转正常,该类元素共13个，当前第3个
2020-08-20 19:55:49,359 - basepage - INFO - Click back on current page.
2020-08-20 19:55:57,315 - 2 - INFO - 页面"满vip版手游_手游sf送顶级vip_满级vip无限元宝手游下载-最笨下载"跳转正常,该类元素共13个，当前第4个
2020-08-20 19:55:57,664 - basepage - INFO - Click back on current page.
2020-08-20 19:56:05,796 - 2 - INFO - 页面"满vip版手游_手游sf送顶级vip_满级vip无限元宝手游下载-最笨下载"跳转正常,该类元素共13个，当前第5个
2020-08-20 19:56:06,388 - basepage - INFO - Click back on current page.
2020-08-20 19:56:14,456 - 2 - INFO - 页面"满vip版手游_手游sf送顶级vip_满级vip无限元宝手游下载-最笨下载"跳转正常,该类元素共13个，当前第6个
2020-08-20 19:56:14,925 - basepage - INFO - Click back on current page.
2020-08-20 19:56:22,814 - 2 - INFO - 页面"满vip版手游_手游sf送顶级vip_满级vip无限元宝手游下载-最笨下载"跳转正常,该类元素共13个，当前第7个
2020-08-20 19:56:23,043 - basepage - INFO - Click back on current page.
2020-08-20 19:56:31,036 - 2 - INFO - 页面"满vip版手游_手游sf送顶级vip_满级vip无限元宝手游下载-最笨下载"跳转正常,该类元素共13个，当前第8个
2020-08-20 19:56:31,478 - basepage - INFO - Click back on current page.
2020-08-20 19:56:39,446 - 2 - INFO - 页面"满vip版手游_手游sf送顶级vip_满级vip无限元宝手游下载-最笨下载"跳转正常,该类元素共13个，当前第9个
2020-08-20 19:56:39,864 - basepage - INFO - Click back on current page.
2020-08-20 19:56:47,848 - 2 - INFO - 页面"满vip版手游_手游sf送顶级vip_满级vip无限元宝手游下载-最笨下载"跳转正常,该类元素共13个，当前第10个
2020-08-20 19:56:48,129 - basepage - INFO - Click back on current page.
2020-08-20 19:56:56,082 - 2 - INFO - 页面"满vip版手游_手游sf送顶级vip_满级vip无限元宝手游下载-最笨下载"跳转正常,该类元素共13个，当前第11个
2020-08-20 19:56:56,522 - basepage - INFO - Click back on current page.
2020-08-20 19:57:04,526 - 2 - INFO - 页面"满vip版手游_手游sf送顶级vip_满级vip无限元宝手游下载-最笨下载"跳转正常,该类元素共13个，当前第12个
2020-08-20 19:57:04,955 - basepage - INFO - Click back on current page.
2020-08-20 19:57:13,687 - 2 - INFO - 页面"满vip版手游_手游sf送顶级vip_满级vip无限元宝手游下载-最笨下载"跳转正常,该类元素共13个，当前第13个
2020-08-20 19:57:13,953 - basepage - INFO - Click back on current page.
2020-08-20 19:57:22,333 - 2 - INFO - 页面"机甲战纪（送GM特权）_机甲战纪（送GM特权）无限元宝服_SF变态版机甲战纪（送GM特权）公益服下载 - 最笨下载"跳转正常,该类元素共18个，当前第1个
2020-08-20 19:57:28,478 - 2 - INFO - 页面"星星喵（送千元充值）_星星喵（送千元充值）无限元宝服_SF变态版星星喵（送千元充值）公益服下载 - 最笨下载"跳转正常,该类元素共18个，当前第2个
2020-08-20 19:57:34,596 - 2 - INFO - 页面"轩辕剑群侠传（商城特权）_轩辕剑群侠传（商城特权）无限元宝服_SF变态版轩辕剑群侠传（商城特权）公益服下载 - 最笨下载"跳转正常,该类元素共18个，当前第3个
2020-08-20 19:57:40,728 - 2 - INFO - 页面"大秦之帝国崛起（送法拉利）_大秦之帝国崛起（送法拉利）无限元宝服_SF变态版大秦之帝国崛起（送法拉利）公益服下载 - 最笨下载"跳转正常,该类元素共18个，当前第4个
2020-08-20 19:57:46,855 - 2 - INFO - 页面"进击的少女（闯关爆充值）_进击的少女（闯关爆充值）无限元宝服_SF变态版进击的少女（闯关爆充值）公益服下载 - 最笨下载"跳转正常,该类元素共18个，当前第5个
2020-08-20 19:57:52,996 - 2 - INFO - 页面"小小虎将（海量特权）_小小虎将（海量特权）无限元宝服_SF变态版小小虎将（海量特权）公益服下载 - 最笨下载"跳转正常,该类元素共18个，当前第6个
2020-08-20 19:57:59,127 - 2 - INFO - 页面"妖游记（海量送充值）_妖游记（海量送充值）无限元宝服_SF变态版妖游记（海量送充值）公益服下载 - 最笨下载"跳转正常,该类元素共18个，当前第7个
2020-08-20 19:58:05,266 - 2 - INFO - 页面"魔侠传（开服送2000充）_魔侠传（开服送2000充）无限元宝服_SF变态版魔侠传（开服送2000充）公益服下载 - 最笨下载"跳转正常,该类元素共18个，当前第8个
2020-08-20 19:58:11,413 - 2 - INFO - 页面"主宰之王（领海量红包）_主宰之王（领海量红包）无限元宝服_SF变态版主宰之王（领海量红包）公益服下载 - 最笨下载"跳转正常,该类元素共18个，当前第9个
2020-08-20 19:58:17,530 - 2 - INFO - 页面"征程三国（送充值）_征程三国（送充值）无限元宝服_SF变态版征程三国（送充值）公益服下载 - 最笨下载"跳转正常,该类元素共18个，当前第10个
2020-08-20 19:58:23,656 - 2 - INFO - 页面"魔剑侠缘（万元兑换）_魔剑侠缘（万元兑换）无限元宝服_SF变态版魔剑侠缘（万元兑换）公益服下载 - 最笨下载"跳转正常,该类元素共18个，当前第11个
2020-08-20 19:58:29,777 - 2 - INFO - 页面"崩坏西游（送1688元充值）_崩坏西游（送1688元充值）无限元宝服_SF变态版崩坏西游（送1688元充值）公益服下载 - 最笨下载"跳转正常,该类元素共18个，当前第12个
2020-08-20 19:58:35,948 - 2 - INFO - 页面"屠龙世界（送GM特权）_屠龙世界（送GM特权）无限元宝服_SF变态版屠龙世界（送GM特权）公益服下载 - 最笨下载"跳转正常,该类元素共18个，当前第13个
2020-08-20 19:58:42,119 - 2 - INFO - 页面"将军道（送百连海量抽）_将军道（送百连海量抽）无限元宝服_SF变态版将军道（送百连海量抽）公益服下载 - 最笨下载"跳转正常,该类元素共18个，当前第14个
2020-08-20 19:58:48,270 - 2 - INFO - 页面"七战（无门槛送首充）_七战（无门槛送首充）无限元宝服_SF变态版七战（无门槛送首充）公益服下载 - 最笨下载"跳转正常,该类元素共18个，当前第15个
2020-08-20 19:58:54,438 - 2 - INFO - 页面"炼金国度（送1000元充值）_炼金国度（送1000元充值）无限元宝服_SF变态版炼金国度（送1000元充值）公益服下载 - 最笨下载"跳转正常,该类元素共18个，当前第16个
2020-08-20 19:59:00,601 - 2 - INFO - 页面"冒险王2（送海量充值）_冒险王2（送海量充值）无限元宝服_SF变态版冒险王2（送海量充值）公益服下载 - 最笨下载"跳转正常,该类元素共18个，当前第17个
2020-08-20 19:59:06,747 - 2 - INFO - 页面"帝国光辉（每日送1000R）_帝国光辉（每日送1000R）无限元宝服_SF变态版帝国光辉（每日送1000R）公益服下载 - 最笨下载"跳转正常,该类元素共18个，当前第18个
2020-08-20 19:59:13,213 - 2 - INFO - 页面"【苹果益智休闲游戏】好玩的iPhone益智休闲游戏大全_iPhone益智休闲类游戏下载-最笨下载"跳转正常,该类元素共16个，当前第1个
2020-08-20 19:59:13,503 - basepage - INFO - Click back on current page.
2020-08-20 19:59:20,698 - 2 - INFO - 页面"【苹果其他游戏】好玩的iphone其他游戏大全_iphone其他类游戏下载-最笨下载"跳转正常,该类元素共16个，当前第2个
2020-08-20 19:59:21,153 - basepage - INFO - Click back on current page.
2020-08-20 19:59:28,138 - 2 - INFO - 页面"【苹果音乐游戏】好玩的iphone音乐游戏大全_iphone音乐类游戏下载-最笨下载"跳转正常,该类元素共16个，当前第3个
2020-08-20 19:59:28,429 - basepage - INFO - Click back on current page.
2020-08-20 19:59:35,539 - 2 - INFO - 页面"【苹果网络游戏】好玩的iphone网络游戏大全_iphone网络类游戏下载-最笨下载"跳转正常,该类元素共16个，当前第4个
2020-08-20 19:59:35,796 - basepage - INFO - Click back on current page.
2020-08-20 19:59:42,983 - 2 - INFO - 页面"【苹果格斗游戏】好玩的iPhone格斗游戏大全_iPhone格斗类游戏下载-最笨下载"跳转正常,该类元素共16个，当前第5个
2020-08-20 19:59:43,548 - basepage - INFO - Click back on current page.
2020-08-20 19:59:50,873 - 2 - INFO - 页面"【苹果飞行游戏】好玩的iPhone飞行游戏大全_iPhone飞行类游戏下载-最笨下载"跳转正常,该类元素共16个，当前第6个
2020-08-20 19:59:51,168 - basepage - INFO - Click back on current page.
2020-08-20 19:59:58,289 - 2 - INFO - 页面"【苹果体育运动游戏】好玩的iPhone体育运动游戏大全_iPhone体育运动类游戏下载-最笨下载"跳转正常,该类元素共16个，当前第7个
2020-08-20 19:59:58,571 - basepage - INFO - Click back on current page.
2020-08-20 20:00:05,244 - 2 - INFO - 页面"【苹果模拟经营游戏】好玩的iPhone模拟经营游戏大全_iPhone模拟经营类游戏下载-最笨下载"跳转正常,该类元素共16个，当前第8个
2020-08-20 20:00:05,669 - basepage - INFO - Click back on current page.
2020-08-20 20:00:12,602 - 2 - INFO - 页面"【苹果策略游戏】好玩的iphone策略游戏大全_iphone策略类游戏下载-最笨下载"跳转正常,该类元素共16个，当前第9个
2020-08-20 20:00:12,880 - basepage - INFO - Click back on current page.
2020-08-20 20:00:20,089 - 2 - INFO - 页面"【苹果塔防游戏】好玩的iphone塔防游戏大全_iphone塔防类游戏下载-最笨下载"跳转正常,该类元素共16个，当前第10个
2020-08-20 20:00:20,363 - basepage - INFO - Click back on current page.
2020-08-20 20:00:27,407 - 2 - INFO - 页面"【苹果解谜游戏】好玩的iphone解谜游戏大全_iphone解谜类游戏下载-最笨下载"跳转正常,该类元素共16个，当前第11个
2020-08-20 20:00:27,835 - basepage - INFO - Click back on current page.
2020-08-20 20:00:34,965 - 2 - INFO - 页面"【苹果射击游戏】好玩的iphone射击游戏大全_iphone射击类游戏下载-最笨下载"跳转正常,该类元素共16个，当前第12个
2020-08-20 20:00:35,283 - basepage - INFO - Click back on current page.
2020-08-20 20:00:42,517 - 2 - INFO - 页面"【苹果棋牌游戏】好玩的iphone棋牌游戏大全_iphone棋牌类游戏下载-最笨下载"跳转正常,该类元素共16个，当前第13个
2020-08-20 20:00:42,759 - basepage - INFO - Click back on current page.
2020-08-20 20:00:49,763 - 2 - INFO - 页面"【苹果赛车游戏】好玩的iPhone赛车游戏大全_iPhone赛车类游戏下载-最笨下载"跳转正常,该类元素共16个，当前第14个
2020-08-20 20:00:50,331 - basepage - INFO - Click back on current page.
2020-08-20 20:00:57,263 - 2 - INFO - 页面"【苹果角色扮演游戏】好玩的iphone角色扮演游戏_iPhone角色扮演类游戏下载-最笨下载"跳转正常,该类元素共16个，当前第15个
2020-08-20 20:00:57,546 - basepage - INFO - Click back on current page.
2020-08-20 20:01:04,445 - 2 - INFO - 页面"【安卓动作游戏】好玩的iPhone动作游戏大全_iPhone动作类游戏下载-最笨下载"跳转正常,该类元素共16个，当前第16个
2020-08-20 20:01:04,796 - basepage - INFO - Click back on current page.
2020-08-20 20:01:13,172 - 2 - INFO - 页面"真龙战魂（天天送元宝）ios版_真龙战魂（天天送元宝）ios版下载_真龙战魂（天天送元宝）ios版官方下载-最笨下载"跳转正常,该类元素共18个，当前第1个
2020-08-20 20:01:19,297 - 2 - INFO - 页面"魔域王牌（天天送抽卡）iOS版_魔域王牌（天天送抽卡）iOS版下载_魔域王牌（天天送抽卡）iOS版官方下载-最笨下载"跳转正常,该类元素共18个，当前第2个
2020-08-20 20:01:25,438 - 2 - INFO - 页面"冒险王2（送海量充值）ios版_冒险王2（送海量充值）ios版下载_冒险王2（送海量充值）ios版官方下载-最笨下载"跳转正常,该类元素共18个，当前第3个
2020-08-20 20:01:31,565 - 2 - INFO - 页面"恋三国（送百抽）ios版_恋三国（送百抽）ios版下载_恋三国（送百抽）ios版官方下载-最笨下载"跳转正常,该类元素共18个，当前第4个
2020-08-20 20:01:37,722 - 2 - INFO - 页面"屠龙世界（送GM特权）ios版_屠龙世界（送GM特权）ios版下载_屠龙世界（送GM特权）ios版官方下载-最笨下载"跳转正常,该类元素共18个，当前第5个
2020-08-20 20:01:43,885 - 2 - INFO - 页面"将军道（送百连海量抽）ios版_将军道（送百连海量抽）ios版下载_将军道（送百连海量抽）ios版官方下载-最笨下载"跳转正常,该类元素共18个，当前第6个
2020-08-20 20:01:50,016 - 2 - INFO - 页面"塔防镇魂师（送328代金券）ios版_塔防镇魂师（送328代金券）ios版下载_塔防镇魂师（送328代金券）ios版官方下载-最笨下载"跳转正常,该类元素共18个，当前第7个
2020-08-20 20:01:56,135 - 2 - INFO - 页面"乱斗三国ios版_乱斗三国ios版下载_乱斗三国ios版官方下载-最笨下载"跳转正常,该类元素共18个，当前第8个
2020-08-20 20:02:02,266 - 2 - INFO - 页面"兵器少女（无门槛送充）ios版_兵器少女（无门槛送充）ios版下载_兵器少女（无门槛送充）ios版官方下载-最笨下载"跳转正常,该类元素共18个，当前第9个
2020-08-20 20:02:08,460 - 2 - INFO - 页面"猎手之王ios版_猎手之王ios版下载_猎手之王ios版官方下载-最笨下载"跳转正常,该类元素共18个，当前第10个
2020-08-20 20:02:14,606 - 2 - INFO - 页面"古墓迷城ios版_古墓迷城ios版下载_古墓迷城ios版官方下载-最笨下载"跳转正常,该类元素共18个，当前第11个
2020-08-20 20:02:20,745 - 2 - INFO - 页面"国战纪元ios版_国战纪元ios版下载_国战纪元ios版官方下载-最笨下载"跳转正常,该类元素共18个，当前第12个
2020-08-20 20:02:26,889 - 2 - INFO - 页面"天诀ios版_天诀ios版下载_天诀ios版官方下载-最笨下载"跳转正常,该类元素共18个，当前第13个
2020-08-20 20:02:33,038 - 2 - INFO - 页面"仙剑缘（星耀特权）ios版_仙剑缘（星耀特权）ios版下载_仙剑缘（星耀特权）ios版官方下载-最笨下载"跳转正常,该类元素共18个，当前第14个
2020-08-20 20:02:39,182 - 2 - INFO - 页面"九灵神域ios版_九灵神域ios版下载_九灵神域ios版官方下载-最笨下载"跳转正常,该类元素共18个，当前第15个
2020-08-20 20:02:45,301 - 2 - INFO - 页面"天之命（海量特权）ios版_天之命（海量特权）ios版下载_天之命（海量特权）ios版官方下载-最笨下载"跳转正常,该类元素共18个，当前第16个
2020-08-20 20:02:51,459 - 2 - INFO - 页面"魔剑侠缘（星耀特权）ios版_魔剑侠缘（星耀特权）ios版下载_魔剑侠缘（星耀特权）ios版官方下载-最笨下载"跳转正常,该类元素共18个，当前第17个
2020-08-20 20:02:57,599 - 2 - INFO - 页面"仙灵世界（复古绿色服）ios版_仙灵世界（复古绿色服）ios版下载_仙灵世界（复古绿色服）ios版官方下载-最笨下载"跳转正常,该类元素共18个，当前第18个
2020-08-20 20:03:05,323 - 2 - INFO - 页面"ios无限元宝的手游"跳转正常,该类元素共4个，当前第1个
2020-08-20 20:03:05,580 - basepage - INFO - Click back on current page.
2020-08-20 20:03:10,338 - 2 - INFO - 页面"gm手游助手ios"跳转正常,该类元素共4个，当前第2个
2020-08-20 20:03:10,711 - basepage - INFO - Click back on current page.
2020-08-20 20:03:15,879 - 2 - INFO - 页面"ios变态服游戏"跳转正常,该类元素共4个，当前第3个
2020-08-20 20:03:16,120 - basepage - INFO - Click back on current page.
2020-08-20 20:03:21,106 - 2 - INFO - 页面"ios看小说神器"跳转正常,该类元素共4个，当前第4个
2020-08-20 20:03:21,340 - basepage - INFO - Click back on current page.
2020-08-20 20:03:28,398 - 2 - INFO - 页面"【最笨周末活动】8.14周末活动壕礼送不停"跳转正常,该类元素共4个，当前第1个
2020-08-20 20:03:28,653 - basepage - INFO - Click back on current page.
2020-08-20 20:03:33,273 - 2 - INFO - 页面"【最笨周末活动】8.7周末活动海量惊喜等你来拿"跳转正常,该类元素共4个，当前第2个
2020-08-20 20:03:33,486 - basepage - INFO - Click back on current page.
2020-08-20 20:03:38,545 - 2 - INFO - 页面"【最笨周末活动】7月10日晴了一夏周末福利活动"跳转正常,该类元素共4个，当前第3个
2020-08-20 20:03:38,785 - basepage - INFO - Click back on current page.
2020-08-20 20:03:43,879 - 2 - INFO - 页面"【最笨周末活动】7月3日清凉一夏活动来袭~"跳转正常,该类元素共4个，当前第4个
2020-08-20 20:03:44,121 - basepage - INFO - Click back on current page.
2020-08-20 20:03:50,189 - 2 - INFO - 页面"无广告看书全免费软件哪个好"跳转正常,该类元素共20个，当前第1个
2020-08-20 20:03:56,300 - 2 - INFO - 页面"回复女朋友的软件叫什么"跳转正常,该类元素共20个，当前第2个
2020-08-20 20:04:02,429 - 2 - INFO - 页面"抖音聊天的软件叫什么"跳转正常,该类元素共20个，当前第3个
2020-08-20 20:04:08,547 - 2 - INFO - 页面"苹果哪个软件可以免费看小说"跳转正常,该类元素共20个，当前第4个
2020-08-20 20:04:14,662 - 2 - INFO - 页面"有什么回复女生的聊天软件"跳转正常,该类元素共20个，当前第5个
2020-08-20 20:04:20,776 - 2 - INFO - 页面"王者荣耀蔷薇之心怎么兑换皮肤-蔷薇之心兑换"跳转正常,该类元素共20个，当前第6个
2020-08-20 20:04:26,905 - 2 - INFO - 页面"天谕手游护身符如何塑灵-塑灵的方法"跳转正常,该类元素共20个，当前第7个
2020-08-20 20:04:33,035 - 2 - INFO - 页面"天谕手游伞村声望如何刷-伞村声望任务攻略"跳转正常,该类元素共20个，当前第8个
2020-08-20 20:04:39,162 - 2 - INFO - 页面"三国志战略版零元党怎么玩-零充玩法技巧"跳转正常,该类元素共20个，当前第9个
2020-08-20 20:04:45,308 - 2 - INFO - 页面"战魂铭人NPC有什么作用-NPC功能用途"跳转正常,该类元素共20个，当前第10个
2020-08-20 20:04:51,441 - 2 - INFO - 页面"不用wifi也能玩的游戏女生 不用wifi也能玩的女生"跳转正常,该类元素共20个，当前第11个
2020-08-20 20:04:57,585 - 2 - INFO - 页面"自由度高的手机武侠单机游戏 高自由武侠单机手"跳转正常,该类元素共20个，当前第12个
2020-08-20 20:05:03,730 - 2 - INFO - 页面"安卓苹果混服传奇手游 安卓与苹果混服传奇手游"跳转正常,该类元素共20个，当前第13个
2020-08-20 20:05:09,869 - 2 - INFO - 页面"恋爱话术库破解版苹果版-撩妹恋爱话术库app苹果"跳转正常,该类元素共20个，当前第14个
2020-08-20 20:05:16,009 - 2 - INFO - 页面"火影忍者单机版破解版-火影忍者手游单机版破解"跳转正常,该类元素共20个，当前第15个
2020-08-20 20:05:22,127 - 2 - INFO - 页面"光遇背人动作需要多少蜡烛"跳转正常,该类元素共20个，当前第16个
2020-08-20 20:05:28,264 - 2 - INFO - 页面"侠盗猎车4秘籍大全代码-全部秘籍"跳转正常,该类元素共20个，当前第17个
2020-08-20 20:05:34,414 - 2 - INFO - 页面"gta5狙击枪热感应解锁"跳转正常,该类元素共20个，当前第18个
2020-08-20 20:05:40,568 - 2 - INFO - 页面"王者荣耀神秘商店2020最低几折-神秘商店折扣"跳转正常,该类元素共20个，当前第19个
2020-08-20 20:05:46,691 - 2 - INFO - 页面"王者荣耀全能高手称号获取条件是什么-全能高手"跳转正常,该类元素共20个，当前第20个
2020-08-20 20:05:53,664 - 2 - INFO - 页面"apk3安卓网-2020最新apk安卓游戏-热门apk软件下载平台"跳转正常,该类元素共34个，当前第1个
2020-08-20 20:05:59,768 - 2 - INFO - 页面"小游戏,在线小游戏,小游戏大全,双人小游戏,3199小游戏"跳转正常,该类元素共34个，当前第2个
2020-08-20 20:06:05,907 - 2 - INFO - 页面"中文网站排行榜_alexa排行 - 爱站网站排行榜"跳转正常,该类元素共34个，当前第3个
2020-08-20 20:06:12,051 - 2 - INFO - 页面"9号下载_下载软件_免费下载单机游戏_手机游戏下载大全"跳转正常,该类元素共34个，当前第4个
2020-08-20 20:06:44,098 - 2 - INFO - 页面"软件下载中心_绿色免费软件,手机游戏|软件下载,到超人软件站"跳转正常,该类元素共34个，当前第5个
2020-08-20 20:06:50,238 - 2 - INFO - 页面"系统圣地,绿色免费软件,手游下载等软件下载网站"跳转正常,该类元素共34个，当前第6个
2020-08-20 20:06:56,385 - 2 - INFO - 页面"天天安卓模拟器_安卓模拟器电脑版下载_天天模拟器官网"跳转正常,该类元素共34个，当前第7个
2020-08-20 20:07:02,542 - 2 - INFO - 页面"好看小说推荐_热门小说大全_小说排行榜 - 玖陆文学"跳转正常,该类元素共34个，当前第8个
2020-08-20 20:07:08,673 - 2 - INFO - 页面"IE8 IE9 IE10 IE浏览器下载 - IE浏览器中文网站"跳转正常,该类元素共34个，当前第9个
2020-08-20 20:07:14,819 - 2 - INFO - 页面"bt手游平台_满v手游公益服_gm手游排行榜_3733游戏盒子官网"跳转正常,该类元素共34个，当前第10个
2020-08-20 20:07:40,193 - 2 - INFO - 页面"bt公益服变态手游排行榜前十名[新开公测热门+在线人多+免费大型网游]新开最热门好玩人气高的网络游戏有什么_安卓苹果ios客户端游戏下载大全_8979游戏官网"跳转正常,该类元素共34个，当前第11个
2020-08-20 20:07:46,335 - 2 - INFO - 页面"【破解版手机游戏】手机破解游戏下载_安卓手机游戏破解版下载大全-最笨下载"跳转正常,该类元素共34个，当前第12个
2020-08-20 20:07:52,472 - 2 - INFO - 页面"windows10系统之家 - 系统之家提供win10专业版,ISO镜像,企业版等win10系统下载"跳转正常,该类元素共34个，当前第13个
2020-08-20 20:07:59,772 - 2 - INFO - 页面"39整形美容_中国专业医学整形美容门户"跳转正常,该类元素共34个，当前第14个
2020-08-20 20:08:26,803 - 2 - INFO - 页面"www.05sun.com"跳转正常,该类元素共34个，当前第15个
2020-08-20 20:08:32,901 - 2 - INFO - 页面"单机游戏_单机游戏下载大全中文版下载_好玩的单机游戏下载基地 - 99单机游戏"跳转正常,该类元素共34个，当前第16个
2020-08-20 20:08:41,085 - 2 - INFO - 页面"安卓市场_安卓游戏破解版下载_单机破解版游戏大全_手机网游下载"跳转正常,该类元素共34个，当前第17个
2020-08-20 20:10:02,381 - 2 - INFO - 页面"手机游戏下载-手机软件下载-电脑软件下载-小黑游戏"跳转正常,该类元素共34个，当前第18个
2020-08-20 20:10:08,523 - 2 - INFO - 页面"手机游戏_手机游戏排行榜_好玩的手机游戏_安卓手机游戏推荐_易玩网"跳转正常,该类元素共34个，当前第19个
2020-08-20 20:10:14,660 - 2 - INFO - 页面"手机游戏_好玩的手机游戏下载_手机游戏排行榜-游戏吧"跳转正常,该类元素共34个，当前第20个
2020-08-20 20:10:21,389 - 2 - INFO - 页面"免费手机游戏_好玩的单机游戏_安卓破解版游戏下载_apk8安卓网"跳转正常,该类元素共34个，当前第21个
2020-08-20 20:10:27,523 - 2 - INFO - 页面"免费手机游戏_好玩的单机游戏_安卓破解版游戏下载_apk8安卓网"跳转正常,该类元素共34个，当前第22个
2020-08-20 20:10:33,649 - 2 - INFO - 页面"安卓破解版游戏下载_单机手机破解游戏大全_免费游戏破解版下载-最笨下载"跳转正常,该类元素共34个，当前第23个
2020-08-20 20:10:39,802 - 2 - INFO - 页面"app.3987.com"跳转正常,该类元素共34个，当前第24个
2020-08-20 20:10:45,951 - 2 - INFO - 页面"可可出招表-流星蝴蝶剑出招表-拳皇97出招表-手机游戏-绿色软件下载"跳转正常,该类元素共34个，当前第25个
2020-08-20 20:10:52,138 - 2 - INFO - 页面"爪游控 | 新锐综合资讯媒体"跳转正常,该类元素共34个，当前第26个
2020-08-20 20:10:58,288 - 2 - INFO - 页面"3733游戏盒官网_bt游戏_满vip手游_gm手游大全_破解游戏盒子下载"跳转正常,该类元素共34个，当前第27个
2020-08-20 20:11:04,425 - 2 - INFO - 页面"绿色免费电脑软件下载_手机软件游戏下载中心-520下载站"跳转正常,该类元素共34个，当前第28个
2020-08-20 20:11:13,920 - 2 - INFO - 页面"免费大型经典安卓破解版单机游戏下载排行榜_手机最火爆最新出热门好玩人气高3DBT网络游戏有什么_破解游戏盒子软件大全-下载多"跳转正常,该类元素共34个，当前第29个
2020-08-20 20:11:20,052 - 2 - INFO - 页面"3733游戏盒官网_bt游戏_满vip手游_gm手游大全_破解游戏盒子下载"跳转正常,该类元素共34个，当前第30个
2020-08-20 20:11:29,103 - 2 - INFO - 页面"VR之家_专业VR游戏软件下载网站_VR应用_VR电影_VR视频_VR资源-VR之家"跳转正常,该类元素共34个，当前第31个
2020-08-20 20:11:36,039 - 2 - INFO - 页面"手机玩_免费安卓手机游戏_安卓游戏破解版下载_破解游戏盒子下载"跳转正常,该类元素共34个，当前第32个
2020-08-20 20:11:42,177 - 2 - INFO - 页面"gm手游平台_gm手游盒子_gm版手游下载_3733游戏官网"跳转正常,该类元素共34个，当前第33个
2020-08-20 20:11:54,658 - 2 - INFO - 页面"gm手游平台_gm版无限元宝手游_gm手游盒子下载_gm助手官网"跳转正常,该类元素共34个，当前第34个
2020-08-20 20:11:59,642 - 2 - INFO - 进入"游戏"模块，将执行随机函数
2020-08-20 20:12:02,203 - 2 - INFO - 随机页面"女神联盟2（送500充值）"跳转正常，当前第1个
2020-08-20 20:12:02,304 - basepage - INFO - Click back on current page.
2020-08-20 20:12:06,897 - 2 - INFO - 随机页面"凡人飞仙传（六界纷争）"跳转正常，当前第2个
2020-08-20 20:12:07,002 - basepage - INFO - Click back on current page.
2020-08-20 20:12:11,352 - 2 - INFO - 随机页面"怒火一刀（天天送充值）"跳转正常，当前第3个
2020-08-20 20:12:11,467 - basepage - INFO - Click back on current page.
2020-08-20 20:12:16,134 - 2 - INFO - 随机页面"九曲封神（送海量充值）"跳转正常，当前第1个
2020-08-20 20:12:16,225 - basepage - INFO - Click back on current page.
2020-08-20 20:12:20,825 - 2 - INFO - 随机页面"仙灵世界（送海量连抽）"跳转正常，当前第2个
2020-08-20 20:12:20,934 - basepage - INFO - Click back on current page.
2020-08-20 20:12:25,576 - 2 - INFO - 随机页面"武器之王（满屏爆装）"跳转正常，当前第3个
2020-08-20 20:12:25,689 - basepage - INFO - Click back on current page.
2020-08-20 20:12:31,729 - 2 - INFO - 进入"应用"模块，将执行随机函数
2020-08-20 20:12:34,480 - 2 - INFO - 随机页面"恋爱话术库"跳转正常，当前第1个
2020-08-20 20:12:34,637 - basepage - INFO - Click back on current page.
2020-08-20 20:12:39,081 - 2 - INFO - 随机页面"最笨游戏盒子"跳转正常，当前第2个
2020-08-20 20:12:39,183 - basepage - INFO - Click back on current page.
2020-08-20 20:12:43,729 - 2 - INFO - 随机页面"3733游戏盒子"跳转正常，当前第3个
2020-08-20 20:12:43,860 - basepage - INFO - Click back on current page.
2020-08-20 20:12:48,424 - 2 - INFO - 随机页面"恋爱话术"跳转正常，当前第1个
2020-08-20 20:12:48,535 - basepage - INFO - Click back on current page.
2020-08-20 20:12:53,132 - 2 - INFO - 随机页面"土味情话"跳转正常，当前第2个
2020-08-20 20:12:53,239 - basepage - INFO - Click back on current page.
2020-08-20 20:12:57,750 - 2 - INFO - 随机页面"蜜小助"跳转正常，当前第3个
2020-08-20 20:12:57,872 - basepage - INFO - Click back on current page.
2020-08-20 20:13:04,432 - 2 - INFO - 进入"资讯"模块，将执行随机函数
2020-08-20 20:13:06,793 - 2 - INFO - 随机页面"英雄联盟9周年宇宙竞技场在哪-9周年宇宙竞技场活动位置"跳转正常，当前第1个
2020-08-20 20:13:06,917 - basepage - INFO - Click back on current page.
2020-08-20 20:13:11,613 - 2 - INFO - 随机页面"DNF手游狂战士PK场怎么玩-狂战士PK技巧"跳转正常，当前第2个
2020-08-20 20:13:11,709 - basepage - INFO - Click back on current page.
2020-08-20 20:13:15,914 - 2 - INFO - 随机页面"三国志战略版零元党怎么玩-零充玩法技巧"跳转正常，当前第3个
2020-08-20 20:13:16,026 - basepage - INFO - Click back on current page.
2020-08-20 20:13:20,693 - 2 - INFO - 随机页面"仙风道骨（送GM海量充）"跳转正常，当前第1个
2020-08-20 20:13:20,800 - basepage - INFO - Click back on current page.
2020-08-20 20:13:25,163 - 2 - INFO - 随机页面"九曲封神（送海量充值）"跳转正常，当前第2个
2020-08-20 20:13:25,273 - basepage - INFO - Click back on current page.
2020-08-20 20:13:29,643 - 2 - INFO - 随机页面"凡人飞仙传（六界纷争）"跳转正常，当前第3个
2020-08-20 20:13:29,764 - basepage - INFO - Click back on current page.
2020-08-20 20:13:35,164 - 2 - INFO - 进入"专题"模块，将执行随机函数
2020-08-20 20:13:38,454 - 2 - INFO - 页面"春节吃鸡破解版下载"跳转正常,该类元素共1个，当前第1个
2020-08-20 20:13:38,665 - basepage - INFO - Click back on current page.
2020-08-20 20:13:43,473 - 2 - INFO - 随机页面"战斗打击"跳转正常，当前第1个
2020-08-20 20:13:43,603 - basepage - INFO - Click back on current page.
2020-08-20 20:13:48,312 - 2 - INFO - 随机页面"无人机:暗影打击3"跳转正常，当前第2个
2020-08-20 20:13:48,561 - basepage - INFO - Click back on current page.
2020-08-20 20:13:53,352 - 2 - INFO - 随机页面"最笨手游盒子"跳转正常，当前第3个
2020-08-20 20:13:53,467 - basepage - INFO - Click back on current page.
2020-08-20 20:13:58,081 - 2 - INFO - 页面"破解单机游戏盒子"跳转正常,该类元素共1个，当前第1个
2020-08-20 20:13:58,323 - basepage - INFO - Click back on current page.
2020-08-20 20:14:03,065 - 2 - INFO - 随机页面"3733变态游戏盒子"跳转正常，当前第1个
2020-08-20 20:14:03,210 - basepage - INFO - Click back on current page.
2020-08-20 20:14:08,008 - 2 - INFO - 随机页面"3733bt游戏盒子"跳转正常，当前第2个
2020-08-20 20:14:08,312 - basepage - INFO - Click back on current page.
2020-08-20 20:14:13,057 - 2 - INFO - 随机页面"百分游戏中心"跳转正常，当前第3个
2020-08-20 20:14:13,178 - basepage - INFO - Click back on current page.
2020-08-20 20:14:18,151 - 2 - INFO - 页面"哪个小说软件最好用"跳转正常,该类元素共1个，当前第1个
2020-08-20 20:14:18,392 - basepage - INFO - Click back on current page.
2020-08-20 20:14:23,376 - 2 - INFO - 随机页面"白马时光"跳转正常，当前第1个
2020-08-20 20:14:23,502 - basepage - INFO - Click back on current page.
2020-08-20 20:14:28,134 - 2 - INFO - 随机页面"你懂小说"跳转正常，当前第2个
2020-08-20 20:14:28,364 - basepage - INFO - Click back on current page.
2020-08-20 20:14:33,049 - 2 - INFO - 随机页面"指尖阅读"跳转正常，当前第3个
2020-08-20 20:14:33,193 - basepage - INFO - Click back on current page.
2020-08-20 20:14:38,007 - 2 - INFO - 页面"回复女生信息的app"跳转正常,该类元素共1个，当前第1个
2020-08-20 20:14:38,232 - basepage - INFO - Click back on current page.
2020-08-20 20:14:43,043 - 2 - INFO - 随机页面"回复神器"跳转正常，当前第1个
2020-08-20 20:14:43,160 - basepage - INFO - Click back on current page.
2020-08-20 20:14:47,927 - 2 - INFO - 随机页面"消息回复辅助神器"跳转正常，当前第2个
2020-08-20 20:14:48,177 - basepage - INFO - Click back on current page.
2020-08-20 20:14:52,932 - 2 - INFO - 随机页面"聊天套路软件"跳转正常，当前第3个
2020-08-20 20:14:53,050 - basepage - INFO - Click back on current page.
2020-08-20 20:14:58,318 - 2 - INFO - 页面"ios最新变态卡牌手游"跳转正常,该类元素共1个，当前第1个
2020-08-20 20:14:58,590 - basepage - INFO - Click back on current page.
2020-08-20 20:15:03,289 - 2 - INFO - 随机页面"魔域王牌（天天送抽卡）iOS版"跳转正常，当前第1个
2020-08-20 20:15:03,416 - basepage - INFO - Click back on current page.
2020-08-20 20:15:08,953 - 2 - INFO - 随机页面"三国大领主（送海量连抽）ios版"跳转正常，当前第2个
2020-08-20 20:15:09,226 - basepage - INFO - Click back on current page.
2020-08-20 20:15:13,603 - 2 - INFO - 随机页面"将军道（送百连海量抽）ios版"跳转正常，当前第3个
2020-08-20 20:15:13,728 - basepage - INFO - Click back on current page.
2020-08-20 20:15:18,923 - 2 - ERROR - 页面"角色扮演类苹果游戏"跳转异常,该类元素共1个，当前第1个
2020-08-20 20:15:19,524 - basepage - INFO - Click back on current page.
2020-08-20 20:15:24,510 - 2 - INFO - 随机页面"古剑仙域（送海量充值）ios版"跳转正常，当前第1个
2020-08-20 20:15:24,632 - basepage - INFO - Click back on current page.
2020-08-20 20:15:29,675 - 2 - INFO - 随机页面"战神不败（GM送充值）ios版"跳转正常，当前第2个
2020-08-20 20:15:29,883 - basepage - INFO - Click back on current page.
2020-08-20 20:15:34,979 - 2 - INFO - 随机页面"名侦探柯南-业火的向日葵ios版"跳转正常，当前第3个
2020-08-20 20:15:35,107 - basepage - INFO - Click back on current page.
2020-08-20 20:15:39,369 - 2 - INFO - 页面"上线送满v99999亿元宝"跳转正常,该类元素共1个，当前第1个
2020-08-20 20:15:39,594 - basepage - INFO - Click back on current page.
2020-08-20 20:15:44,465 - 2 - INFO - 随机页面"传奇盛世（商城特权）"跳转正常，当前第1个
2020-08-20 20:15:44,599 - basepage - INFO - Click back on current page.
2020-08-20 20:15:49,867 - 2 - INFO - 随机页面"烈火传奇"跳转正常，当前第2个
2020-08-20 20:15:50,125 - basepage - INFO - Click back on current page.
2020-08-20 20:15:54,908 - 2 - INFO - 随机页面"传奇世界之仗剑天涯（商城特权）"跳转正常，当前第3个
2020-08-20 20:15:55,027 - basepage - INFO - Click back on current page.
2020-08-20 20:15:59,926 - 2 - INFO - 页面"免费gm无限元宝游戏"跳转正常,该类元素共1个，当前第1个
2020-08-20 20:16:00,195 - basepage - INFO - Click back on current page.
2020-08-20 20:16:05,029 - 2 - INFO - 随机页面"金蛇剑GM版"跳转正常，当前第1个
2020-08-20 20:16:05,149 - basepage - INFO - Click back on current page.
2020-08-20 20:16:09,960 - 2 - INFO - 随机页面"天宫奇缘GM版"跳转正常，当前第2个
2020-08-20 20:16:10,182 - basepage - INFO - Click back on current page.
2020-08-20 20:16:15,010 - 2 - INFO - 随机页面"风云战神GM版"跳转正常，当前第3个
2020-08-20 20:16:15,127 - basepage - INFO - Click back on current page.
2020-08-20 20:16:20,240 - 2 - INFO - 页面"手游9999999金币破解版"跳转正常,该类元素共1个，当前第1个
2020-08-20 20:16:20,463 - basepage - INFO - Click back on current page.
2020-08-20 20:16:24,834 - 2 - INFO - 随机页面"蜀山天下（送满级千充）"跳转正常，当前第1个
2020-08-20 20:16:24,965 - basepage - INFO - Click back on current page.
2020-08-20 20:16:29,637 - 2 - INFO - 随机页面"轩辕剑群侠传（商城特权）"跳转正常，当前第2个
2020-08-20 20:16:29,869 - basepage - INFO - Click back on current page.
2020-08-20 20:16:34,239 - 2 - INFO - 随机页面"尘缘（兑换990真充）"跳转正常，当前第3个
2020-08-20 20:16:34,358 - basepage - INFO - Click back on current page.
2020-08-20 20:16:39,066 - 2 - INFO - 页面"又全又免费的看书软件"跳转正常,该类元素共1个，当前第1个
2020-08-20 20:16:39,297 - basepage - INFO - Click back on current page.
2020-08-20 20:16:44,008 - 2 - INFO - 随机页面"悦享看"跳转正常，当前第1个
2020-08-20 20:16:44,130 - basepage - INFO - Click back on current page.
2020-08-20 20:16:48,390 - 2 - INFO - 随机页面"仓鼠阅读"跳转正常，当前第2个
2020-08-20 20:16:48,662 - basepage - INFO - Click back on current page.
2020-08-20 20:16:53,180 - 2 - INFO - 随机页面"吾爱看书ios版"跳转正常，当前第3个
2020-08-20 20:16:53,310 - basepage - INFO - Click back on current page.
2020-08-20 20:16:59,746 - 2 - INFO - 进入"电脑"模块，将执行随机函数
2020-08-20 20:17:02,144 - 2 - INFO - 随机页面"仙灵世界（送海量连抽）"跳转正常，当前第1个
2020-08-20 20:17:02,228 - basepage - INFO - Click back on current page.
2020-08-20 20:17:06,801 - 2 - INFO - 随机页面"妖神记（抽动漫周边）"跳转正常，当前第2个
2020-08-20 20:17:06,892 - basepage - INFO - Click back on current page.
2020-08-20 20:17:11,232 - 2 - INFO - 随机页面"仙风道骨（送GM海量充）"跳转正常，当前第3个
2020-08-20 20:17:11,344 - basepage - INFO - Click back on current page.
2020-08-20 20:17:18,385 - 2 - INFO - 进入"APP大全"模块，将执行随机函数
2020-08-20 20:17:22,468 - 2 - INFO - 页面"暗黑系列"跳转正常,该类元素共16个，当前第1个
2020-08-20 20:17:28,545 - 2 - INFO - 页面"小说改编"跳转正常,该类元素共16个，当前第2个
2020-08-20 20:17:34,639 - 2 - INFO - 页面"游戏盒"跳转正常,该类元素共16个，当前第3个
2020-08-20 20:17:40,746 - 2 - INFO - 页面"龙之谷2"跳转正常,该类元素共16个，当前第4个
2020-08-20 20:17:46,831 - 2 - INFO - 页面"光遇"跳转正常,该类元素共16个，当前第5个
2020-08-20 20:17:52,935 - 2 - INFO - 页面"最强蜗牛"跳转正常,该类元素共16个，当前第6个
2020-08-20 20:17:59,018 - 2 - INFO - 页面"塞尔达"跳转正常,该类元素共16个，当前第7个
2020-08-20 20:18:05,094 - 2 - INFO - 页面"山海镜花"跳转正常,该类元素共16个，当前第8个
2020-08-20 20:18:11,173 - 2 - INFO - 页面"公主连结"跳转正常,该类元素共16个，当前第9个
2020-08-20 20:18:17,252 - 2 - INFO - 页面"网络工具"跳转正常,该类元素共16个，当前第10个
2020-08-20 20:18:23,336 - 2 - INFO - 页面"集合啦动物森友会"跳转正常,该类元素共16个，当前第11个
2020-08-20 20:18:29,404 - 2 - INFO - 页面"龙族幻想"跳转正常,该类元素共16个，当前第12个
2020-08-20 20:18:35,492 - 2 - INFO - 页面"剑与远征"跳转正常,该类元素共16个，当前第13个
2020-08-20 20:18:41,609 - 2 - INFO - 页面"烟雨江湖"跳转正常,该类元素共16个，当前第14个
2020-08-20 20:18:47,702 - 2 - INFO - 页面"云顶之弈"跳转正常,该类元素共16个，当前第15个
2020-08-20 20:18:53,777 - 2 - INFO - 页面"家国梦"跳转正常,该类元素共16个，当前第16个
2020-08-20 20:18:55,800 - basepage - INFO - zuiben自动化测试结束
