2020-07-27 18:20:06,659 - basepage - INFO - zuiben自动化测试开始
2020-07-27 18:20:06,661 - basepage - INFO - 隐性等待 10 秒
2020-07-27 18:20:14,582 - basepage - INFO - 跳转至https://www.zuiben.com/
2020-07-27 18:20:16,701 - basepage - INFO - 窗口已经最大化
2020-07-27 18:20:22,552 - 2 - INFO - 页面"【安卓游戏】好玩的安卓游戏下载_安卓游戏排行榜_安卓游戏免费下载大全-最笨下载"跳转正常,该类元素共21个，当前第1个
2020-07-27 18:20:22,775 - basepage - INFO - Click back on current page.
2020-07-27 18:20:27,699 - 2 - INFO - 页面"变态手游公益服_bt手游变态服_无限元宝bt手游下载_BT手游中心-最笨下载"跳转正常,该类元素共21个，当前第2个
2020-07-27 18:20:27,925 - basepage - INFO - Click back on current page.
2020-07-27 18:20:32,377 - 2 - INFO - 页面"gm版手游_无限元宝/钻石公益服_0元免费gm权限手游下载-最笨下载"跳转正常,该类元素共21个，当前第3个
2020-07-27 18:20:32,684 - basepage - INFO - Click back on current page.
2020-07-27 18:20:39,519 - 2 - INFO - 页面"【苹果游戏】iphone苹果手机游戏下载_iphone苹果游戏排行榜-最笨下载"跳转正常,该类元素共21个，当前第4个
2020-07-27 18:20:39,919 - basepage - INFO - Click back on current page.
2020-07-27 18:20:44,365 - 2 - INFO - 页面"满vip版手游_手游sf送顶级vip_满级vip无限元宝手游下载-最笨下载"跳转正常,该类元素共21个，当前第5个
2020-07-27 18:20:44,566 - basepage - INFO - Click back on current page.
2020-07-27 18:20:50,648 - 2 - INFO - 页面"【安卓软件】安卓软件下载_安卓手机软件下载_安卓软件免费下载大全-最笨下载"跳转正常,该类元素共21个，当前第6个
2020-07-27 18:20:51,002 - basepage - INFO - Click back on current page.
2020-07-27 18:20:56,768 - 2 - INFO - 页面"【苹果软件】iphone苹果下载软件_iphone苹果软件免费下载_苹果软件下载大全-最笨下载"跳转正常,该类元素共21个，当前第7个
2020-07-27 18:20:56,982 - basepage - INFO - Click back on current page.
2020-07-27 18:21:02,259 - 2 - INFO - 页面"【安卓资讯】安卓资讯推荐_安卓资讯大全-最笨下载"跳转正常,该类元素共21个，当前第8个
2020-07-27 18:21:02,616 - basepage - INFO - Click back on current page.
2020-07-27 18:21:07,751 - 2 - INFO - 页面"【安卓游戏攻略】安卓游戏攻略推荐_安卓游戏攻略大全-最笨下载"跳转正常,该类元素共21个，当前第9个
2020-07-27 18:21:07,960 - basepage - INFO - Click back on current page.
2020-07-27 18:21:13,003 - 2 - INFO - 页面"【安卓软件教程】安卓软件教程推荐_安卓软件教程大全-最笨下载"跳转正常,该类元素共21个，当前第10个
2020-07-27 18:21:13,359 - basepage - INFO - Click back on current page.
2020-07-27 18:21:18,399 - 2 - INFO - 页面"【iphone资讯】iphone资讯推荐_iphone资讯大全-最笨下载"跳转正常,该类元素共21个，当前第11个
2020-07-27 18:21:18,594 - basepage - INFO - Click back on current page.
2020-07-27 18:21:23,760 - 2 - INFO - 页面"【iPhone游戏攻略】iPhone游戏攻略推荐_iPhone游戏攻略大全-最笨下载"跳转正常,该类元素共21个，当前第12个
2020-07-27 18:21:24,110 - basepage - INFO - Click back on current page.
2020-07-27 18:21:29,735 - 2 - INFO - 页面"【系统重装教程】电脑重装系统教程_电脑怎么重装系统_重装系统步骤-最笨下载"跳转正常,该类元素共21个，当前第13个
2020-07-27 18:21:29,944 - basepage - INFO - Click back on current page.
2020-07-27 18:21:36,934 - 2 - INFO - 页面"安卓专题-最笨下载"跳转正常,该类元素共21个，当前第14个
2020-07-27 18:21:37,303 - basepage - INFO - Click back on current page.
2020-07-27 18:21:42,878 - 2 - INFO - 页面"游戏专题-最笨下载"跳转正常,该类元素共21个，当前第15个
2020-07-27 18:21:43,131 - basepage - INFO - Click back on current page.
2020-07-27 18:21:48,644 - 2 - INFO - 页面"苹果专题-最笨下载"跳转正常,该类元素共21个，当前第16个
2020-07-27 18:21:48,991 - basepage - INFO - Click back on current page.
2020-07-27 18:21:55,050 - 2 - INFO - 页面"【电脑软件】电脑软件下载_电脑装机必备软件_电脑常用软件下载_电脑软件大全-最笨下载"跳转正常,该类元素共21个，当前第17个
2020-07-27 18:21:55,327 - basepage - INFO - Click back on current page.
2020-07-27 18:22:00,611 - 2 - INFO - 页面"【电脑软件】电脑软件下载_电脑装机必备软件_电脑常用软件下载_电脑软件大全-最笨下载"跳转正常,该类元素共21个，当前第18个
2020-07-27 18:22:00,828 - basepage - INFO - Click back on current page.
2020-07-27 18:22:05,791 - 2 - INFO - 页面"【激活工具】激活windows工具_万能激活工具_windows激活工具下载_自动激活工具-最笨下载"跳转正常,该类元素共21个，当前第19个
2020-07-27 18:22:06,028 - basepage - INFO - Click back on current page.
2020-07-27 18:22:10,208 - 2 - INFO - 页面"【系统重装教程】电脑重装系统教程_电脑怎么重装系统_重装系统步骤-最笨下载"跳转正常,该类元素共21个，当前第20个
2020-07-27 18:22:10,430 - basepage - INFO - Click back on current page.
2020-07-27 18:22:14,625 - 2 - INFO - 页面"【系统重装教程】电脑重装系统教程_电脑怎么重装系统_重装系统步骤-最笨下载"跳转正常,该类元素共21个，当前第21个
2020-07-27 18:22:14,833 - basepage - INFO - Click back on current page.
2020-07-27 18:22:22,747 - 2 - INFO - 页面"家庭教师OL手游"跳转正常,该类元素共10个，当前第1个
2020-07-27 18:22:28,932 - 2 - INFO - 页面"魔女骑士团手游"跳转正常,该类元素共10个，当前第2个
2020-07-27 18:22:35,094 - 2 - INFO - 页面"决胜足球手游"跳转正常,该类元素共10个，当前第3个
2020-07-27 18:22:41,229 - 2 - INFO - 页面"少女战争手游"跳转正常,该类元素共10个，当前第4个
2020-07-27 18:22:47,332 - 2 - INFO - 页面"天神战（魔灵特权）"跳转正常,该类元素共10个，当前第5个
2020-07-27 18:22:53,456 - 2 - INFO - 页面"最Q幻想手游"跳转正常,该类元素共10个，当前第6个
2020-07-27 18:22:59,580 - 2 - INFO - 页面"霸途手游"跳转正常,该类元素共10个，当前第7个
2020-07-27 18:23:05,724 - 2 - INFO - 页面"回到三国志手游"跳转正常,该类元素共10个，当前第8个
2020-07-27 18:23:11,855 - 2 - INFO - 页面"幻游猎人手游"跳转正常,该类元素共10个，当前第9个
2020-07-27 18:23:17,975 - 2 - INFO - 页面"神武4手游"跳转正常,该类元素共10个，当前第10个
2020-07-27 18:23:24,134 - 2 - INFO - 页面"仙灵世界（送海量连抽）"跳转正常,该类元素共20个，当前第1个
2020-07-27 18:23:30,300 - 2 - INFO - 页面"武器之王（福利特权）"跳转正常,该类元素共20个，当前第2个
2020-07-27 18:23:36,428 - 2 - INFO - 页面"战神不败（GM送充值）"跳转正常,该类元素共20个，当前第3个
2020-07-27 18:23:42,601 - 2 - INFO - 页面"唐门六道（送千元充值）"跳转正常,该类元素共20个，当前第4个
2020-07-27 18:23:48,716 - 2 - INFO - 页面"魔法之光（红忍海量抽）"跳转正常,该类元素共20个，当前第5个
2020-07-27 18:23:54,896 - 2 - INFO - 页面"大军师（送海量橙将）"跳转正常,该类元素共20个，当前第6个
2020-07-27 18:24:01,025 - 2 - INFO - 页面"武动九天（GM免费特权）"跳转正常,该类元素共20个，当前第7个
2020-07-27 18:24:07,159 - 2 - INFO - 页面"六界仙尊（送充值）"跳转正常,该类元素共20个，当前第8个
2020-07-27 18:24:13,269 - 2 - INFO - 页面"梦幻沙城（海量抽充值）"跳转正常,该类元素共20个，当前第9个
2020-07-27 18:24:19,414 - 2 - INFO - 页面"刀剑神魔录（送真·充值卡）"跳转正常,该类元素共20个，当前第10个
2020-07-27 18:24:25,557 - 2 - INFO - 页面"纵剑仙界（送VIP代金券）"跳转正常,该类元素共20个，当前第11个
2020-07-27 18:24:31,700 - 2 - INFO - 页面"仙域无双（海量送充值）"跳转正常,该类元素共20个，当前第12个
2020-07-27 18:24:37,818 - 2 - INFO - 页面"萌三国（海量送充值）"跳转正常,该类元素共20个，当前第13个
2020-07-27 18:24:43,952 - 2 - INFO - 页面"大话许仙（钱庄特权）"跳转正常,该类元素共20个，当前第14个
2020-07-27 18:24:50,100 - 2 - INFO - 页面"英雄三国志（福利特权）"跳转正常,该类元素共20个，当前第15个
2020-07-27 18:24:56,262 - 2 - INFO - 页面"剑灭逍遥（特惠代金券）"跳转正常,该类元素共20个，当前第16个
2020-07-27 18:25:02,403 - 2 - INFO - 页面"九幽仙域（海量送充值）"跳转正常,该类元素共20个，当前第17个
2020-07-27 18:25:08,560 - 2 - INFO - 页面"遮天斩（送千元充值）"跳转正常,该类元素共20个，当前第18个
2020-07-27 18:25:14,710 - 2 - INFO - 页面"醉红楼（星耀特权）"跳转正常,该类元素共20个，当前第19个
2020-07-27 18:25:20,862 - 2 - INFO - 页面"思仙星耀版"跳转正常,该类元素共20个，当前第20个
2020-07-27 18:25:28,817 - 2 - INFO - 页面"仙灵世界（送海量连抽）"跳转正常,该类元素共10个，当前第1个
2020-07-27 18:25:34,944 - 2 - INFO - 页面"武器之王（福利特权）"跳转正常,该类元素共10个，当前第2个
2020-07-27 18:25:41,047 - 2 - INFO - 页面"战神不败（GM送充值）"跳转正常,该类元素共10个，当前第3个
2020-07-27 18:25:47,185 - 2 - INFO - 页面"唐门六道（送千元充值）"跳转正常,该类元素共10个，当前第4个
2020-07-27 18:25:53,330 - 2 - INFO - 页面"魔法之光（红忍海量抽）"跳转正常,该类元素共10个，当前第5个
2020-07-27 18:25:59,467 - 2 - INFO - 页面"大军师（送海量橙将）"跳转正常,该类元素共10个，当前第6个
2020-07-27 18:26:05,597 - 2 - INFO - 页面"武动九天（GM免费特权）"跳转正常,该类元素共10个，当前第7个
2020-07-27 18:26:11,729 - 2 - INFO - 页面"六界仙尊（送充值）"跳转正常,该类元素共10个，当前第8个
2020-07-27 18:26:17,879 - 2 - INFO - 页面"梦幻沙城（海量抽充值）"跳转正常,该类元素共10个，当前第9个
2020-07-27 18:26:24,105 - 2 - INFO - 页面"刀剑神魔录（送真·充值卡）"跳转正常,该类元素共10个，当前第10个
2020-07-27 18:26:30,253 - 2 - INFO - 页面"仙灵世界（送海量连抽）"跳转正常,该类元素共20个，当前第1个
2020-07-27 18:26:36,360 - 2 - INFO - 页面"凡人飞仙传（充值特权）"跳转正常,该类元素共20个，当前第2个
2020-07-27 18:26:42,497 - 2 - INFO - 页面"武器之王（福利特权）"跳转正常,该类元素共20个，当前第3个
2020-07-27 18:26:48,658 - 2 - INFO - 页面"战神不败（GM送充值）"跳转正常,该类元素共20个，当前第4个
2020-07-27 18:26:54,776 - 2 - INFO - 页面"唐门六道（送千元充值）"跳转正常,该类元素共20个，当前第5个
2020-07-27 18:27:00,955 - 2 - INFO - 页面"魔法之光（红忍海量抽）"跳转正常,该类元素共20个，当前第6个
2020-07-27 18:27:07,092 - 2 - INFO - 页面"大军师（送海量橙将）"跳转正常,该类元素共20个，当前第7个
2020-07-27 18:27:13,271 - 2 - INFO - 页面"武动九天（GM免费特权）"跳转正常,该类元素共20个，当前第8个
2020-07-27 18:27:19,435 - 2 - INFO - 页面"六界仙尊（送充值）"跳转正常,该类元素共20个，当前第9个
2020-07-27 18:27:25,561 - 2 - INFO - 页面"梦幻沙城（海量抽充值）"跳转正常,该类元素共20个，当前第10个
2020-07-27 18:27:31,720 - 2 - INFO - 页面"刀剑神魔录（送真·充值卡）"跳转正常,该类元素共20个，当前第11个
2020-07-27 18:27:37,889 - 2 - INFO - 页面"横扫天下之万年强者（1元超值）"跳转正常,该类元素共20个，当前第12个
2020-07-27 18:27:44,059 - 2 - INFO - 页面"烈火战神（海量特权）"跳转正常,该类元素共20个，当前第13个
2020-07-27 18:27:50,190 - 2 - INFO - 页面"纵剑仙界（送VIP代金券）"跳转正常,该类元素共20个，当前第14个
2020-07-27 18:27:56,300 - 2 - INFO - 页面"仙域无双（海量送充值）"跳转正常,该类元素共20个，当前第15个
2020-07-27 18:28:02,468 - 2 - INFO - 页面"萌三国（海量送充值）"跳转正常,该类元素共20个，当前第16个
2020-07-27 18:28:08,586 - 2 - INFO - 页面"大话许仙（钱庄特权）"跳转正常,该类元素共20个，当前第17个
2020-07-27 18:28:14,710 - 2 - INFO - 页面"英雄三国志（福利特权）"跳转正常,该类元素共20个，当前第18个
2020-07-27 18:28:20,853 - 2 - INFO - 页面"剑灭逍遥（特惠代金券）"跳转正常,该类元素共20个，当前第19个
2020-07-27 18:28:26,982 - 2 - INFO - 页面"九幽仙域（海量送充值）"跳转正常,该类元素共20个，当前第20个
2020-07-27 18:28:34,972 - 2 - INFO - 页面"仙灵世界（送海量连抽）"跳转正常,该类元素共10个，当前第1个
2020-07-27 18:28:41,115 - 2 - INFO - 页面"凡人飞仙传（充值特权）"跳转正常,该类元素共10个，当前第2个
2020-07-27 18:28:47,261 - 2 - INFO - 页面"武器之王（福利特权）"跳转正常,该类元素共10个，当前第3个
2020-07-27 18:28:53,394 - 2 - INFO - 页面"战神不败（GM送充值）"跳转正常,该类元素共10个，当前第4个
2020-07-27 18:28:59,519 - 2 - INFO - 页面"唐门六道（送千元充值）"跳转正常,该类元素共10个，当前第5个
2020-07-27 18:29:05,667 - 2 - INFO - 页面"魔法之光（红忍海量抽）"跳转正常,该类元素共10个，当前第6个
2020-07-27 18:29:11,816 - 2 - INFO - 页面"大军师（送海量橙将）"跳转正常,该类元素共10个，当前第7个
2020-07-27 18:29:17,956 - 2 - INFO - 页面"武动九天（GM免费特权）"跳转正常,该类元素共10个，当前第8个
2020-07-27 18:29:24,062 - 2 - INFO - 页面"六界仙尊（送充值）"跳转正常,该类元素共10个，当前第9个
2020-07-27 18:29:30,224 - 2 - INFO - 页面"梦幻沙城（海量抽充值）"跳转正常,该类元素共10个，当前第10个
2020-07-27 18:29:36,368 - 2 - INFO - 页面"仙灵世界（送海量连抽）"跳转正常,该类元素共20个，当前第1个
2020-07-27 18:29:42,549 - 2 - INFO - 页面"凡人飞仙传（充值特权）"跳转正常,该类元素共20个，当前第2个
2020-07-27 18:29:48,676 - 2 - INFO - 页面"武器之王（福利特权）"跳转正常,该类元素共20个，当前第3个
2020-07-27 18:29:54,834 - 2 - INFO - 页面"战神不败（GM送充值）"跳转正常,该类元素共20个，当前第4个
2020-07-27 18:30:00,979 - 2 - INFO - 页面"唐门六道（送千元充值）"跳转正常,该类元素共20个，当前第5个
2020-07-27 18:30:07,150 - 2 - INFO - 页面"魔法之光（红忍海量抽）"跳转正常,该类元素共20个，当前第6个
2020-07-27 18:30:13,286 - 2 - INFO - 页面"大军师（送海量橙将）"跳转正常,该类元素共20个，当前第7个
2020-07-27 18:30:19,391 - 2 - INFO - 页面"武动九天（GM免费特权）"跳转正常,该类元素共20个，当前第8个
2020-07-27 18:30:25,550 - 2 - INFO - 页面"六界仙尊（送充值）"跳转正常,该类元素共20个，当前第9个
2020-07-27 18:30:31,715 - 2 - INFO - 页面"梦幻沙城（海量抽充值）"跳转正常,该类元素共20个，当前第10个
2020-07-27 18:30:37,863 - 2 - INFO - 页面"刀剑神魔录（送真·充值卡）"跳转正常,该类元素共20个，当前第11个
2020-07-27 18:30:43,987 - 2 - INFO - 页面"横扫天下之万年强者（1元超值）"跳转正常,该类元素共20个，当前第12个
2020-07-27 18:30:50,087 - 2 - INFO - 页面"烈火战神（海量特权）"跳转正常,该类元素共20个，当前第13个
2020-07-27 18:30:56,220 - 2 - INFO - 页面"纵剑仙界（送VIP代金券）"跳转正常,该类元素共20个，当前第14个
2020-07-27 18:31:02,332 - 2 - INFO - 页面"仙域无双（海量送充值）"跳转正常,该类元素共20个，当前第15个
2020-07-27 18:31:08,441 - 2 - INFO - 页面"萌三国（海量送充值）"跳转正常,该类元素共20个，当前第16个
2020-07-27 18:31:14,591 - 2 - INFO - 页面"大话许仙（钱庄特权）"跳转正常,该类元素共20个，当前第17个
2020-07-27 18:31:20,749 - 2 - INFO - 页面"英雄三国志（福利特权）"跳转正常,该类元素共20个，当前第18个
2020-07-27 18:31:26,853 - 2 - INFO - 页面"剑灭逍遥（特惠代金券）"跳转正常,该类元素共20个，当前第19个
2020-07-27 18:31:33,024 - 2 - INFO - 页面"九幽仙域（海量送充值）"跳转正常,该类元素共20个，当前第20个
2020-07-27 18:31:42,204 - 2 - INFO - 页面"【最笨周末活动】炎炎夏日~ 让福利活动给你冰凉"跳转正常,该类元素共1个，当前第1个
2020-07-27 18:31:42,421 - basepage - INFO - Click back on current page.
2020-07-27 18:31:48,131 - 2 - INFO - 页面"【武动九天（GM免费特权）】上线满V，8W8绑元和"跳转正常,该类元素共1个，当前第1个
2020-07-27 18:31:48,489 - basepage - INFO - Click back on current page.
2020-07-27 18:31:54,190 - 2 - INFO - 页面"【梦幻沙城（海量抽充值）】上线即送GM2商城特"跳转正常,该类元素共1个，当前第1个
2020-07-27 18:31:54,394 - basepage - INFO - Click back on current page.
2020-07-27 18:32:00,097 - 2 - INFO - 页面"【六界仙尊（送充值）】上线直送VIP12，送88888元"跳转正常,该类元素共1个，当前第1个
2020-07-27 18:32:00,379 - basepage - INFO - Click back on current page.
2020-07-27 18:32:06,037 - 2 - INFO - 页面"【唐门六道（送千元充值）】上线送满级VIP19、礼"跳转正常,该类元素共1个，当前第1个
2020-07-27 18:32:06,448 - basepage - INFO - Click back on current page.
2020-07-27 18:32:12,167 - 2 - INFO - 页面"【武器之王（福利特权）】上线送VIP10,50万福利钻"跳转正常,该类元素共1个，当前第1个
2020-07-27 18:32:12,384 - basepage - INFO - Click back on current page.
2020-07-27 18:32:17,825 - 2 - INFO - 页面"天域幻想（送海量充值）"跳转正常,该类元素共12个，当前第1个
2020-07-27 18:32:18,094 - basepage - INFO - Click back on current page.
2020-07-27 18:32:23,664 - 2 - INFO - 页面"天诀"跳转正常,该类元素共12个，当前第2个
2020-07-27 18:32:23,878 - basepage - INFO - Click back on current page.
2020-07-27 18:32:28,950 - 2 - INFO - 页面"修仙无双（折扣特权）"跳转正常,该类元素共12个，当前第3个
2020-07-27 18:32:29,382 - basepage - INFO - Click back on current page.
2020-07-27 18:32:34,845 - 2 - INFO - 页面"联盟契约（送神将百抽）"跳转正常,该类元素共12个，当前第4个
2020-07-27 18:32:35,057 - basepage - INFO - Click back on current page.
2020-07-27 18:32:40,137 - 2 - INFO - 页面"乱世江湖（卖血送真充）"跳转正常,该类元素共12个，当前第5个
2020-07-27 18:32:40,510 - basepage - INFO - Click back on current page.
2020-07-27 18:32:45,492 - 2 - INFO - 页面"女神联盟2（送500充值）"跳转正常,该类元素共12个，当前第6个
2020-07-27 18:32:45,691 - basepage - INFO - Click back on current page.
2020-07-27 18:32:50,879 - 2 - INFO - 页面"围攻大菠萝（送328充值）"跳转正常,该类元素共12个，当前第7个
2020-07-27 18:32:51,087 - basepage - INFO - Click back on current page.
2020-07-27 18:32:56,442 - 2 - INFO - 页面"帝国光辉（每日送1000R）"跳转正常,该类元素共12个，当前第8个
2020-07-27 18:32:56,679 - basepage - INFO - Click back on current page.
2020-07-27 18:33:01,703 - 2 - INFO - 页面"九灵神域"跳转正常,该类元素共12个，当前第9个
2020-07-27 18:33:01,926 - basepage - INFO - Click back on current page.
2020-07-27 18:33:07,556 - 2 - INFO - 页面"仙剑缘（星耀特权）"跳转正常,该类元素共12个，当前第10个
2020-07-27 18:33:07,779 - basepage - INFO - Click back on current page.
2020-07-27 18:33:13,467 - 2 - INFO - 页面"九天仙梦（商城特权）"跳转正常,该类元素共12个，当前第11个
2020-07-27 18:33:13,875 - basepage - INFO - Click back on current page.
2020-07-27 18:33:18,948 - 2 - INFO - 页面"我叫MT：奇幻之旅（送一万连抽）"跳转正常,该类元素共12个，当前第12个
2020-07-27 18:33:19,155 - basepage - INFO - Click back on current page.
2020-07-27 18:33:24,943 - 2 - INFO - 页面"魔兽世界怀旧服2020年6月7日人口普查一览"跳转正常,该类元素共2个，当前第1个
2020-07-27 18:33:25,342 - basepage - INFO - Click back on current page.
2020-07-27 18:33:32,440 - 2 - INFO - 页面"DNF萌噬噬宠物属性怎么样？萌噬噬属性介绍"跳转正常,该类元素共2个，当前第2个
2020-07-27 18:33:32,661 - basepage - INFO - Click back on current page.
2020-07-27 18:33:39,730 - 2 - INFO - 页面"云顶之弈10.15星守拼多多怎么玩 星守拼多多阵容玩法介绍-最笨下载"跳转正常,该类元素共14个，当前第1个
2020-07-27 18:33:40,084 - basepage - INFO - Click back on current page.
2020-07-27 18:33:47,456 - 2 - INFO - 页面"炉石传说通灵学院战士新卡介绍 战士史诗级随从卡效果-最笨下载"跳转正常,该类元素共14个，当前第2个
2020-07-27 18:33:47,707 - basepage - INFO - Click back on current page.
2020-07-27 18:33:54,799 - 2 - INFO - 页面"王者荣耀李信世界冠军杯皮肤签到礼包领取地址介绍-最笨下载"跳转正常,该类元素共14个，当前第3个
2020-07-27 18:33:55,018 - basepage - INFO - Click back on current page.
2020-07-27 18:34:02,165 - 2 - INFO - 页面"咔叽探险队圣女皮肤兑换码分享-最笨下载"跳转正常,该类元素共14个，当前第4个
2020-07-27 18:34:02,514 - basepage - INFO - Click back on current page.
2020-07-27 18:34:09,577 - 2 - INFO - 页面"QQ飞车手游极夜幽冥多少钱出？极夜幽冥保底价格介绍-最笨下载"跳转正常,该类元素共14个，当前第5个
2020-07-27 18:34:09,809 - basepage - INFO - Click back on current page.
2020-07-27 18:34:17,078 - 2 - INFO - 页面"CF手游雷神季现世礼包领取地址介绍-最笨下载"跳转正常,该类元素共14个，当前第6个
2020-07-27 18:34:17,293 - basepage - INFO - Click back on current page.
2020-07-27 18:34:24,620 - 2 - INFO - 页面"忍者必须死3暑假金钥匙兑换码分享-最笨下载"跳转正常,该类元素共14个，当前第7个
2020-07-27 18:34:24,977 - basepage - INFO - Click back on current page.
2020-07-27 18:34:32,686 - 2 - INFO - 页面"全球行动反抗军怎么玩 反抗军玩法技巧介绍-最笨下载"跳转正常,该类元素共14个，当前第8个
2020-07-27 18:34:32,914 - basepage - INFO - Click back on current page.
2020-07-27 18:34:40,347 - 2 - INFO - 页面"纸人2如意宝箱密码是什么？宝箱解谜方法介绍-最笨下载"跳转正常,该类元素共14个，当前第9个
2020-07-27 18:34:40,563 - basepage - INFO - Click back on current page.
2020-07-27 18:34:47,632 - 2 - INFO - 页面"纸人2朱砂在哪里？各药材位置介绍-最笨下载"跳转正常,该类元素共14个，当前第10个
2020-07-27 18:34:48,014 - basepage - INFO - Click back on current page.
2020-07-27 18:34:55,165 - 2 - INFO - 页面"纸人2药材怎么配重？各药材配重方法介绍-最笨下载"跳转正常,该类元素共14个，当前第11个
2020-07-27 18:34:55,387 - basepage - INFO - Click back on current page.
2020-07-27 18:35:02,269 - 2 - INFO - 页面"纸人2戏子宿舍鬼打墙怎么过？戏子宿舍鬼打墙通关攻略-最笨下载"跳转正常,该类元素共14个，当前第12个
2020-07-27 18:35:02,554 - basepage - INFO - Click back on current page.
2020-07-27 18:35:09,470 - 2 - INFO - 页面"纸人2梧枝怎么封印？梧枝封印方法介绍-最笨下载"跳转正常,该类元素共14个，当前第13个
2020-07-27 18:35:09,843 - basepage - INFO - Click back on current page.
2020-07-27 18:35:17,093 - 2 - INFO - 页面"纸人2怎么为夫人熬药？为夫人熬药完成攻略-最笨下载"跳转正常,该类元素共14个，当前第14个
2020-07-27 18:35:17,314 - basepage - INFO - Click back on current page.
2020-07-27 18:35:26,151 - 2 - INFO - 页面"2020阴阳师7月新式神紧那罗即将上线 高颜值紧那"跳转正常,该类元素共2个，当前第1个
2020-07-27 18:35:26,366 - basepage - INFO - Click back on current page.
2020-07-27 18:35:33,776 - 2 - INFO - 页面"英雄联盟2020灵魂莲华皮肤原画汇总"跳转正常,该类元素共2个，当前第2个
2020-07-27 18:35:34,141 - basepage - INFO - Click back on current page.
2020-07-27 18:35:40,663 - 2 - INFO - 页面"满vip版手游_手游sf送顶级vip_满级vip无限元宝手游下载-最笨下载"跳转正常,该类元素共28个，当前第1个
2020-07-27 18:35:40,936 - basepage - INFO - Click back on current page.
2020-07-27 18:35:47,619 - 2 - INFO - 页面"仙灵世界（送海量连抽）_仙灵世界（送海量连抽）无限元宝服_SF变态版仙灵世界（送海量连抽）公益服下载 - 最笨下载"跳转正常,该类元素共28个，当前第2个
2020-07-27 18:35:47,855 - basepage - INFO - Click back on current page.
2020-07-27 18:35:54,329 - 2 - INFO - 页面"变态手游公益服_bt手游变态服_无限元宝bt手游下载_BT手游中心-最笨下载"跳转正常,该类元素共28个，当前第3个
2020-07-27 18:35:54,756 - basepage - INFO - Click back on current page.
2020-07-27 18:36:01,485 - 2 - INFO - 页面"凡人飞仙传（充值特权）_凡人飞仙传（充值特权）无限元宝服_SF变态版凡人飞仙传（充值特权）公益服下载 - 最笨下载"跳转正常,该类元素共28个，当前第4个
2020-07-27 18:36:01,735 - basepage - INFO - Click back on current page.
2020-07-27 18:36:08,214 - 2 - INFO - 页面"变态手游公益服_bt手游变态服_无限元宝bt手游下载_BT手游中心-最笨下载"跳转正常,该类元素共28个，当前第5个
2020-07-27 18:36:08,602 - basepage - INFO - Click back on current page.
2020-07-27 18:36:15,318 - 2 - INFO - 页面"武器之王（福利特权）_武器之王（福利特权）无限元宝服_SF变态版武器之王（福利特权）公益服下载 - 最笨下载"跳转正常,该类元素共28个，当前第6个
2020-07-27 18:36:15,527 - basepage - INFO - Click back on current page.
2020-07-27 18:36:22,023 - 2 - INFO - 页面"满vip版手游_手游sf送顶级vip_满级vip无限元宝手游下载-最笨下载"跳转正常,该类元素共28个，当前第7个
2020-07-27 18:36:22,422 - basepage - INFO - Click back on current page.
2020-07-27 18:36:29,079 - 2 - INFO - 页面"战神不败（GM送充值）_战神不败（GM送充值）无限元宝服_SF变态版战神不败（GM送充值）公益服下载 - 最笨下载"跳转正常,该类元素共28个，当前第8个
2020-07-27 18:36:29,278 - basepage - INFO - Click back on current page.
2020-07-27 18:36:35,744 - 2 - INFO - 页面"满vip版手游_手游sf送顶级vip_满级vip无限元宝手游下载-最笨下载"跳转正常,该类元素共28个，当前第9个
2020-07-27 18:36:36,180 - basepage - INFO - Click back on current page.
2020-07-27 18:36:42,855 - 2 - INFO - 页面"唐门六道（送千元充值）_唐门六道（送千元充值）无限元宝服_SF变态版唐门六道（送千元充值）公益服下载 - 最笨下载"跳转正常,该类元素共28个，当前第10个
2020-07-27 18:36:43,171 - basepage - INFO - Click back on current page.
2020-07-27 18:36:49,679 - 2 - INFO - 页面"满vip版手游_手游sf送顶级vip_满级vip无限元宝手游下载-最笨下载"跳转正常,该类元素共28个，当前第11个
2020-07-27 18:36:50,054 - basepage - INFO - Click back on current page.
2020-07-27 18:36:56,740 - 2 - INFO - 页面"魔法之光（红忍海量抽）_魔法之光（红忍海量抽）无限元宝服_SF变态版魔法之光（红忍海量抽）公益服下载 - 最笨下载"跳转正常,该类元素共28个，当前第12个
2020-07-27 18:36:57,017 - basepage - INFO - Click back on current page.
2020-07-27 18:37:03,512 - 2 - INFO - 页面"变态手游公益服_bt手游变态服_无限元宝bt手游下载_BT手游中心-最笨下载"跳转正常,该类元素共28个，当前第13个
2020-07-27 18:37:03,905 - basepage - INFO - Click back on current page.
2020-07-27 18:37:10,604 - 2 - INFO - 页面"大军师（送海量橙将）_大军师（送海量橙将）无限元宝服_SF变态版大军师（送海量橙将）公益服下载 - 最笨下载"跳转正常,该类元素共28个，当前第14个
2020-07-27 18:37:10,802 - basepage - INFO - Click back on current page.
2020-07-27 18:37:17,270 - 2 - INFO - 页面"满vip版手游_手游sf送顶级vip_满级vip无限元宝手游下载-最笨下载"跳转正常,该类元素共28个，当前第15个
2020-07-27 18:37:17,716 - basepage - INFO - Click back on current page.
2020-07-27 18:37:24,508 - 2 - INFO - 页面"武动九天（GM免费特权）_武动九天（GM免费特权）无限元宝服_SF变态版武动九天（GM免费特权）公益服下载 - 最笨下载"跳转正常,该类元素共28个，当前第16个
2020-07-27 18:37:24,722 - basepage - INFO - Click back on current page.
2020-07-27 18:37:31,207 - 2 - INFO - 页面"满vip版手游_手游sf送顶级vip_满级vip无限元宝手游下载-最笨下载"跳转正常,该类元素共28个，当前第17个
2020-07-27 18:37:31,634 - basepage - INFO - Click back on current page.
2020-07-27 18:37:38,315 - 2 - INFO - 页面"六界仙尊（送充值）_六界仙尊（送充值）无限元宝服_SF变态版六界仙尊（送充值）公益服下载 - 最笨下载"跳转正常,该类元素共28个，当前第18个
2020-07-27 18:37:38,522 - basepage - INFO - Click back on current page.
2020-07-27 18:37:45,013 - 2 - INFO - 页面"满vip版手游_手游sf送顶级vip_满级vip无限元宝手游下载-最笨下载"跳转正常,该类元素共28个，当前第19个
2020-07-27 18:37:45,397 - basepage - INFO - Click back on current page.
2020-07-27 18:37:52,119 - 2 - INFO - 页面"梦幻沙城（海量抽充值）_梦幻沙城（海量抽充值）无限元宝服_SF变态版梦幻沙城（海量抽充值）公益服下载 - 最笨下载"跳转正常,该类元素共28个，当前第20个
2020-07-27 18:37:52,323 - basepage - INFO - Click back on current page.
2020-07-27 18:37:58,794 - 2 - INFO - 页面"满vip版手游_手游sf送顶级vip_满级vip无限元宝手游下载-最笨下载"跳转正常,该类元素共28个，当前第21个
2020-07-27 18:37:59,200 - basepage - INFO - Click back on current page.
2020-07-27 18:38:05,987 - 2 - INFO - 页面"刀剑神魔录（送真·充值卡）_刀剑神魔录（送真·充值卡）无限元宝服_SF变态版刀剑神魔录（送真·充值卡）公益服下载 - 最笨下载"跳转正常,该类元素共28个，当前第22个
2020-07-27 18:38:06,224 - basepage - INFO - Click back on current page.
2020-07-27 18:38:12,698 - 2 - INFO - 页面"变态手游公益服_bt手游变态服_无限元宝bt手游下载_BT手游中心-最笨下载"跳转正常,该类元素共28个，当前第23个
2020-07-27 18:38:13,067 - basepage - INFO - Click back on current page.
2020-07-27 18:38:19,772 - 2 - INFO - 页面"横扫天下之万年强者（1元超值）_横扫天下之万年强者（1元超值）无限元宝服_SF变态版横扫天下之万年强者（1元超值）公益服下载 - 最笨下载"跳转正常,该类元素共28个，当前第24个
2020-07-27 18:38:19,976 - basepage - INFO - Click back on current page.
2020-07-27 18:38:26,452 - 2 - INFO - 页面"满vip版手游_手游sf送顶级vip_满级vip无限元宝手游下载-最笨下载"跳转正常,该类元素共28个，当前第25个
2020-07-27 18:38:26,865 - basepage - INFO - Click back on current page.
2020-07-27 18:38:33,538 - 2 - INFO - 页面"烈火战神（海量特权）_烈火战神（海量特权）无限元宝服_SF变态版烈火战神（海量特权）公益服下载 - 最笨下载"跳转正常,该类元素共28个，当前第26个
2020-07-27 18:38:33,758 - basepage - INFO - Click back on current page.
2020-07-27 18:38:40,201 - 2 - INFO - 页面"变态手游公益服_bt手游变态服_无限元宝bt手游下载_BT手游中心-最笨下载"跳转正常,该类元素共28个，当前第27个
2020-07-27 18:38:40,615 - basepage - INFO - Click back on current page.
2020-07-27 18:38:47,376 - 2 - INFO - 页面"纵剑仙界（送VIP代金券）_纵剑仙界（送VIP代金券）无限元宝服_SF变态版纵剑仙界（送VIP代金券）公益服下载 - 最笨下载"跳转正常,该类元素共28个，当前第28个
2020-07-27 18:38:47,577 - basepage - INFO - Click back on current page.
2020-07-27 18:38:56,261 - 2 - INFO - 页面"有翡原著小说简介 有匪小说剧情介绍"跳转正常,该类元素共2个，当前第1个
2020-07-27 18:38:56,618 - basepage - INFO - Click back on current page.
2020-07-27 18:39:03,616 - 2 - INFO - 页面"有翡小说免费阅读 有匪小说周翡全文阅读"跳转正常,该类元素共2个，当前第2个
2020-07-27 18:39:03,841 - basepage - INFO - Click back on current page.
2020-07-27 18:39:11,606 - 2 - INFO - 页面"【苹果娱乐软件】iPhone手机娱乐软件_iPhone娱乐软件免费下载大全-最笨下载"跳转正常,该类元素共28个，当前第1个
2020-07-27 18:39:11,831 - basepage - INFO - Click back on current page.
2020-07-27 18:39:19,093 - 2 - INFO - 页面"最笨游戏盒子iOS版_最笨游戏盒子iOS版下载_最笨游戏盒子iOS版官方下载-最笨下载"跳转正常,该类元素共28个，当前第2个
2020-07-27 18:39:19,473 - basepage - INFO - Click back on current page.
2020-07-27 18:39:26,235 - 2 - INFO - 页面"【安卓娱乐软件】安卓娱乐软件下载_安卓娱乐软件推荐_安卓娱乐软件大全-最笨下载"跳转正常,该类元素共28个，当前第3个
2020-07-27 18:39:26,459 - basepage - INFO - Click back on current page.
2020-07-27 18:39:40,405 - 2 - INFO - 页面"最笨游戏盒子_最笨游戏盒子下载_最笨游戏盒子官方下载-最笨下载"跳转正常,该类元素共28个，当前第4个
2020-07-27 18:39:40,762 - basepage - INFO - Click back on current page.
2020-07-27 18:39:48,204 - 2 - INFO - 页面"【安卓聊天软件】安卓聊天软件下载_安卓聊天软件排行_安卓聊天软件大全-最笨下载"跳转正常,该类元素共28个，当前第5个
2020-07-27 18:39:48,445 - basepage - INFO - Click back on current page.
2020-07-27 18:39:55,495 - 2 - INFO - 页面"蜜小助_蜜小助下载_蜜小助官方下载-最笨下载"跳转正常,该类元素共28个，当前第6个
2020-07-27 18:39:55,715 - basepage - INFO - Click back on current page.
2020-07-27 18:40:02,155 - 2 - INFO - 页面"【安卓娱乐软件】安卓娱乐软件下载_安卓娱乐软件推荐_安卓娱乐软件大全-最笨下载"跳转正常,该类元素共28个，当前第7个
2020-07-27 18:40:02,576 - basepage - INFO - Click back on current page.
2020-07-27 18:40:09,998 - 2 - INFO - 页面"3733游戏盒子_3733游戏盒子下载_3733游戏盒子官方下载-最笨下载"跳转正常,该类元素共28个，当前第8个
2020-07-27 18:40:10,214 - basepage - INFO - Click back on current page.
2020-07-27 18:40:16,724 - 2 - INFO - 页面"【安卓聊天软件】安卓聊天软件下载_安卓聊天软件排行_安卓聊天软件大全-最笨下载"跳转正常,该类元素共28个，当前第9个
2020-07-27 18:40:17,161 - basepage - INFO - Click back on current page.
2020-07-27 18:40:24,664 - 2 - INFO - 页面"土味情话_土味情话下载_土味情话官方下载-最笨下载"跳转正常,该类元素共28个，当前第10个
2020-07-27 18:40:25,021 - basepage - INFO - Click back on current page.
2020-07-27 18:40:31,516 - 2 - INFO - 页面"【安卓聊天软件】安卓聊天软件下载_安卓聊天软件排行_安卓聊天软件大全-最笨下载"跳转正常,该类元素共28个，当前第11个
2020-07-27 18:40:31,725 - basepage - INFO - Click back on current page.
2020-07-27 18:40:38,733 - 2 - INFO - 页面"恋爱话术_恋爱话术下载_恋爱话术官方下载-最笨下载"跳转正常,该类元素共28个，当前第12个
2020-07-27 18:40:39,134 - basepage - INFO - Click back on current page.
2020-07-27 18:40:45,638 - 2 - INFO - 页面"【安卓聊天软件】安卓聊天软件下载_安卓聊天软件排行_安卓聊天软件大全-最笨下载"跳转正常,该类元素共28个，当前第13个
2020-07-27 18:40:45,874 - basepage - INFO - Click back on current page.
2020-07-27 18:40:52,765 - 2 - INFO - 页面"土味情话社_土味情话社下载_土味情话社官方下载-最笨下载"跳转正常,该类元素共28个，当前第14个
2020-07-27 18:40:52,971 - basepage - INFO - Click back on current page.
2020-07-27 18:40:59,705 - 2 - INFO - 页面"【安卓阅读软件】安卓阅读软件下载_安卓阅读软件哪个好_安卓阅读软件排行-最笨下载"跳转正常,该类元素共28个，当前第15个
2020-07-27 18:41:00,095 - basepage - INFO - Click back on current page.
2020-07-27 18:41:07,732 - 2 - INFO - 页面"吾爱看书_吾爱看书下载_吾爱看书官方下载-最笨下载"跳转正常,该类元素共28个，当前第16个
2020-07-27 18:41:07,934 - basepage - INFO - Click back on current page.
2020-07-27 18:41:15,398 - 2 - INFO - 页面"【苹果阅读软件】iPhone手机阅读软件_iPhone阅读软件免费下载大全-最笨下载"跳转正常,该类元素共28个，当前第17个
2020-07-27 18:41:15,806 - basepage - INFO - Click back on current page.
2020-07-27 18:41:22,821 - 2 - INFO - 页面"吾爱看书ios版_吾爱看书ios版下载_吾爱看书ios版官方下载-最笨下载"跳转正常,该类元素共28个，当前第18个
2020-07-27 18:41:23,140 - basepage - INFO - Click back on current page.
2020-07-27 18:41:29,626 - 2 - INFO - 页面"【安卓聊天软件】安卓聊天软件下载_安卓聊天软件排行_安卓聊天软件大全-最笨下载"跳转正常,该类元素共28个，当前第19个
2020-07-27 18:41:29,835 - basepage - INFO - Click back on current page.
2020-07-27 18:41:37,149 - 2 - INFO - 页面"恋爱话术库_恋爱话术库下载_恋爱话术库官方下载-最笨下载"跳转正常,该类元素共28个，当前第20个
2020-07-27 18:41:37,528 - basepage - INFO - Click back on current page.
2020-07-27 18:41:44,030 - 2 - INFO - 页面"【安卓聊天软件】安卓聊天软件下载_安卓聊天软件排行_安卓聊天软件大全-最笨下载"跳转正常,该类元素共28个，当前第21个
2020-07-27 18:41:44,234 - basepage - INFO - Click back on current page.
2020-07-27 18:41:51,553 - 2 - INFO - 页面"撩吧_撩吧下载_撩吧官方下载-最笨下载"跳转正常,该类元素共28个，当前第22个
2020-07-27 18:41:51,774 - basepage - INFO - Click back on current page.
2020-07-27 18:41:58,249 - 2 - INFO - 页面"【安卓聊天软件】安卓聊天软件下载_安卓聊天软件排行_安卓聊天软件大全-最笨下载"跳转正常,该类元素共28个，当前第23个
2020-07-27 18:41:58,638 - basepage - INFO - Click back on current page.
2020-07-27 18:42:06,148 - 2 - INFO - 页面"遇知音_遇知音下载_遇知音官方下载-最笨下载"跳转正常,该类元素共28个，当前第24个
2020-07-27 18:42:06,438 - basepage - INFO - Click back on current page.
2020-07-27 18:42:13,019 - 2 - INFO - 页面"【安卓聊天软件】安卓聊天软件下载_安卓聊天软件排行_安卓聊天软件大全-最笨下载"跳转正常,该类元素共28个，当前第25个
2020-07-27 18:42:13,228 - basepage - INFO - Click back on current page.
2020-07-27 18:42:20,785 - 2 - INFO - 页面"脱单大师_脱单大师下载_脱单大师官方下载-最笨下载"跳转正常,该类元素共28个，当前第26个
2020-07-27 18:42:21,147 - basepage - INFO - Click back on current page.
2020-07-27 18:42:27,608 - 2 - INFO - 页面"【安卓聊天软件】安卓聊天软件下载_安卓聊天软件排行_安卓聊天软件大全-最笨下载"跳转正常,该类元素共28个，当前第27个
2020-07-27 18:42:27,827 - basepage - INFO - Click back on current page.
2020-07-27 18:42:35,173 - 2 - INFO - 页面"爱情套路_爱情套路下载_爱情套路官方下载-最笨下载"跳转正常,该类元素共28个，当前第28个
2020-07-27 18:42:35,421 - basepage - INFO - Click back on current page.
2020-07-27 18:42:45,933 - 2 - INFO - 页面"【安卓播放器】安卓播放器下载_安卓播放器哪个最好_安卓播放器下载排行-最笨下载"跳转正常,该类元素共20个，当前第1个
2020-07-27 18:42:46,237 - basepage - INFO - Click back on current page.
2020-07-27 18:42:53,644 - 2 - INFO - 页面"【安卓学习软件】安卓学习软件下载_安卓学习软件免费下载_安卓学习软件大全-最笨下载"跳转正常,该类元素共20个，当前第2个
2020-07-27 18:42:54,021 - basepage - INFO - Click back on current page.
2020-07-27 18:43:01,816 - 2 - INFO - 页面"【安卓辅助软件】安卓辅助软件下载_安卓辅助软件推荐_安卓辅助软件大全-最笨下载"跳转正常,该类元素共20个，当前第3个
2020-07-27 18:43:02,219 - basepage - INFO - Click back on current page.
2020-07-27 18:43:09,383 - 2 - INFO - 页面"【安卓输入法】安卓输入法下载_安卓输入法哪个好_安卓输入法怎么用-最笨下载"跳转正常,该类元素共20个，当前第4个
2020-07-27 18:43:09,685 - basepage - INFO - Click back on current page.
2020-07-27 18:43:17,317 - 2 - INFO - 页面"【安卓通信软件】安卓通信软件下载_安卓通信软件推荐_安卓通信软件大全-最笨下载"跳转正常,该类元素共20个，当前第5个
2020-07-27 18:43:17,815 - basepage - INFO - Click back on current page.
2020-07-27 18:43:25,632 - 2 - INFO - 页面"【安卓固件】安卓固件下载_安卓固件包下载_安卓固件管理器-最笨下载"跳转正常,该类元素共20个，当前第6个
2020-07-27 18:43:25,991 - basepage - INFO - Click back on current page.
2020-07-27 18:43:33,136 - 2 - INFO - 页面"【安卓文件管理器】安卓文件管理器下载_安卓文件管理器哪个好_安卓文件管理器中文版-最笨下载"跳转正常,该类元素共20个，当前第7个
2020-07-27 18:43:33,347 - basepage - INFO - Click back on current page.
2020-07-27 18:43:41,929 - 2 - INFO - 页面"【安卓同步软件】安卓同步软件下载_安卓同步软件哪个好_安卓手机同步软件-最笨下载"跳转正常,该类元素共20个，当前第8个
2020-07-27 18:43:42,323 - basepage - INFO - Click back on current page.
2020-07-27 18:43:49,757 - 2 - INFO - 页面"【安卓办公软件】安卓办公软件下载_安卓办公软件哪个好_安卓办公软件哪种最好-最笨下载"跳转正常,该类元素共20个，当前第9个
2020-07-27 18:43:49,977 - basepage - INFO - Click back on current page.
2020-07-27 18:43:57,934 - 2 - INFO - 页面"【安卓新闻软件】安卓新闻软件下载_安卓新闻软件哪个好_安卓新闻软件大全-最笨下载"跳转正常,该类元素共20个，当前第10个
2020-07-27 18:43:58,217 - basepage - INFO - Click back on current page.
2020-07-27 18:44:05,901 - 2 - INFO - 页面"【安卓理财软件】安卓理财软件下载_安卓理财软件哪个好_安卓理财软件大全-最笨下载"跳转正常,该类元素共20个，当前第11个
2020-07-27 18:44:06,253 - basepage - INFO - Click back on current page.
2020-07-27 18:44:13,605 - 2 - INFO - 页面"【安卓备份软件】安卓备份软件下载_安卓备份软件哪个好_安卓手机备份软件-最笨下载"跳转正常,该类元素共20个，当前第12个
2020-07-27 18:44:13,884 - basepage - INFO - Click back on current page.
2020-07-27 18:44:21,473 - 2 - INFO - 页面"【安卓跑步软件】安卓跑步软件下载_安卓跑步软件哪个好_安卓跑步软件大全-最笨下载"跳转正常,该类元素共20个，当前第13个
2020-07-27 18:44:21,692 - basepage - INFO - Click back on current page.
2020-07-27 18:44:29,401 - 2 - INFO - 页面"【安卓健康管理软件】安卓健康管理软件下载_安卓健康管理软件推荐_安卓健康管理软件大全-最笨下载"跳转正常,该类元素共20个，当前第14个
2020-07-27 18:44:29,785 - basepage - INFO - Click back on current page.
2020-07-27 18:44:37,057 - 2 - INFO - 页面"【安卓系统软件】安卓系统软件下载_安卓系统软件免费下载_安卓系统软件下载工具-最笨下载"跳转正常,该类元素共20个，当前第15个
2020-07-27 18:44:37,332 - basepage - INFO - Click back on current page.
2020-07-27 18:44:43,859 - 2 - INFO - 页面"【安卓聊天软件】安卓聊天软件下载_安卓聊天软件排行_安卓聊天软件大全-最笨下载"跳转正常,该类元素共20个，当前第16个
2020-07-27 18:44:44,133 - basepage - INFO - Click back on current page.
2020-07-27 18:44:51,887 - 2 - INFO - 页面"【安卓应用软件】安卓应用软件排行_好玩的安卓应用软件_好用的安卓应用软件-最笨下载"跳转正常,该类元素共20个，当前第17个
2020-07-27 18:44:52,267 - basepage - INFO - Click back on current page.
2020-07-27 18:44:58,720 - 2 - INFO - 页面"【安卓娱乐软件】安卓娱乐软件下载_安卓娱乐软件推荐_安卓娱乐软件大全-最笨下载"跳转正常,该类元素共20个，当前第18个
2020-07-27 18:44:59,031 - basepage - INFO - Click back on current page.
2020-07-27 18:45:06,767 - 2 - INFO - 页面"【安卓导航软件】安卓导航软件下载_安卓导航软件哪个好_安卓导航软件排名-最笨下载"跳转正常,该类元素共20个，当前第19个
2020-07-27 18:45:07,051 - basepage - INFO - Click back on current page.
2020-07-27 18:45:14,523 - 2 - INFO - 页面"【安卓网络软件】安卓网络软件下载_安卓网络软件推荐_安卓网络软件大全-最笨下载"跳转正常,该类元素共20个，当前第20个
2020-07-27 18:45:14,897 - basepage - INFO - Click back on current page.
2020-07-27 18:45:23,304 - 2 - INFO - 页面"3733手游游戏平台_3733手游游戏平台下载_3733手游游戏平台官方下载-最笨下载"跳转正常,该类元素共18个，当前第1个
2020-07-27 18:45:29,487 - 2 - INFO - 页面"安致手游游戏平台_安致手游游戏平台下载_安致手游游戏平台官方下载-最笨下载"跳转正常,该类元素共18个，当前第2个
2020-07-27 18:45:35,636 - 2 - INFO - 页面"皮皮虾_皮皮虾下载_皮皮虾官方下载-最笨下载"跳转正常,该类元素共18个，当前第3个
2020-07-27 18:45:41,767 - 2 - INFO - 页面"吾爱看书_吾爱看书下载_吾爱看书官方下载-最笨下载"跳转正常,该类元素共18个，当前第4个
2020-07-27 18:45:47,895 - 2 - INFO - 页面"7732游戏中心_7732游戏中心下载_7732游戏中心官方下载-最笨下载"跳转正常,该类元素共18个，当前第5个
2020-07-27 18:45:54,027 - 2 - INFO - 页面"7743手游盒子_7743手游盒子下载_7743手游盒子官方下载-最笨下载"跳转正常,该类元素共18个，当前第6个
2020-07-27 18:46:00,182 - 2 - INFO - 页面"7743游戏中心_7743游戏中心下载_7743游戏中心官方下载-最笨下载"跳转正常,该类元素共18个，当前第7个
2020-07-27 18:46:06,336 - 2 - INFO - 页面"7743手游平台_7743手游平台下载_7743手游平台官方下载-最笨下载"跳转正常,该类元素共18个，当前第8个
2020-07-27 18:46:12,458 - 2 - INFO - 页面"gm手游平台_gm手游平台下载_gm手游平台官方下载-最笨下载"跳转正常,该类元素共18个，当前第9个
2020-07-27 18:46:18,564 - 2 - INFO - 页面"gm游戏中心_gm游戏中心下载_gm游戏中心官方下载-最笨下载"跳转正常,该类元素共18个，当前第10个
2020-07-27 18:46:24,689 - 2 - INFO - 页面"gm游戏盒_gm游戏盒下载_gm游戏盒官方下载-最笨下载"跳转正常,该类元素共18个，当前第11个
2020-07-27 18:46:30,838 - 2 - INFO - 页面"gm手游游戏平台_gm手游游戏平台下载_gm手游游戏平台官方下载-最笨下载"跳转正常,该类元素共18个，当前第12个
2020-07-27 18:46:37,021 - 2 - INFO - 页面"gm游戏平台_gm游戏平台下载_gm游戏平台官方下载-最笨下载"跳转正常,该类元素共18个，当前第13个
2020-07-27 18:46:43,157 - 2 - INFO - 页面"gm游戏盒子_gm游戏盒子下载_gm游戏盒子官方下载-最笨下载"跳转正常,该类元素共18个，当前第14个
2020-07-27 18:46:49,322 - 2 - INFO - 页面"3733手游盒子_3733手游盒子下载_3733手游盒子官方下载-最笨下载"跳转正常,该类元素共18个，当前第15个
2020-07-27 18:46:55,462 - 2 - INFO - 页面"3733游戏平台_3733游戏平台下载_3733游戏平台官方下载-最笨下载"跳转正常,该类元素共18个，当前第16个
2020-07-27 18:47:01,608 - 2 - INFO - 页面"小8手游游戏平台_小8手游游戏平台下载_小8手游游戏平台官方下载-最笨下载"跳转正常,该类元素共18个，当前第17个
2020-07-27 18:47:07,755 - 2 - INFO - 页面"小8游戏平台_小8游戏平台下载_小8游戏平台官方下载-最笨下载"跳转正常,该类元素共18个，当前第18个
2020-07-27 18:47:14,521 - 2 - INFO - 页面"【安卓益智游戏】好玩的安卓益智游戏大全_安卓益智类游戏_益智游戏下载-最笨下载"跳转正常,该类元素共17个，当前第1个
2020-07-27 18:47:14,723 - basepage - INFO - Click back on current page.
2020-07-27 18:47:23,578 - 2 - INFO - 页面"【安卓其他游戏】好玩的安卓其他游戏大全_安卓其他类游戏_其他游戏下载-最笨下载"跳转正常,该类元素共17个，当前第2个
2020-07-27 18:47:23,781 - basepage - INFO - Click back on current page.
2020-07-27 18:47:31,435 - 2 - INFO - 页面"【安卓音乐游戏】好玩的安卓音乐游戏大全_安卓音乐类游戏_音乐游戏下载-最笨下载"跳转正常,该类元素共17个，当前第3个
2020-07-27 18:47:31,963 - basepage - INFO - Click back on current page.
2020-07-27 18:47:39,572 - 2 - INFO - 页面"【安卓网络游戏】好玩的安卓网络游戏大全_安卓网络类游戏_网络游戏下载-最笨下载"跳转正常,该类元素共17个，当前第4个
2020-07-27 18:47:39,944 - basepage - INFO - Click back on current page.
2020-07-27 18:47:47,449 - 2 - INFO - 页面"【安卓格斗游戏】好玩的安卓格斗游戏大全_安卓格斗类游戏_格斗游戏下载-最笨下载"跳转正常,该类元素共17个，当前第5个
2020-07-27 18:47:47,652 - basepage - INFO - Click back on current page.
2020-07-27 18:47:55,287 - 2 - INFO - 页面"【安卓飞行游戏】好玩的安卓飞行游戏大全_安卓飞行类游戏_飞行游戏下载-最笨下载"跳转正常,该类元素共17个，当前第6个
2020-07-27 18:47:55,664 - basepage - INFO - Click back on current page.
2020-07-27 18:48:03,279 - 2 - INFO - 页面"【安卓体育运动游戏】好玩的安卓体育运动游戏大全_安卓体育运动类游戏_体育运动游戏下载-最笨下载"跳转正常,该类元素共17个，当前第7个
2020-07-27 18:48:03,506 - basepage - INFO - Click back on current page.
2020-07-27 18:48:10,561 - 2 - INFO - 页面"【安卓模拟经营游戏】好玩的安卓模拟经营游戏大全_安卓模拟经营类游戏_模拟经营游戏下载-最笨下载"跳转正常,该类元素共17个，当前第8个
2020-07-27 18:48:10,823 - basepage - INFO - Click back on current page.
2020-07-27 18:48:18,380 - 2 - INFO - 页面"【安卓策略游戏】好玩的安卓策略游戏大全_安卓策略类游戏_策略游戏下载-最笨下载"跳转正常,该类元素共17个，当前第9个
2020-07-27 18:48:18,793 - basepage - INFO - Click back on current page.
2020-07-27 18:48:26,783 - 2 - INFO - 页面"【安卓塔防游戏】好玩的安卓塔防游戏大全_安卓塔防类游戏_塔防游戏下载-最笨下载"跳转正常,该类元素共17个，当前第10个
2020-07-27 18:48:27,197 - basepage - INFO - Click back on current page.
2020-07-27 18:48:35,057 - 2 - INFO - 页面"【安卓解谜冒险游戏】好玩的安卓解谜冒险游戏大全_安卓解谜冒险类游戏_解谜冒险游戏下载-最笨下载"跳转正常,该类元素共17个，当前第11个
2020-07-27 18:48:35,276 - basepage - INFO - Click back on current page.
2020-07-27 18:48:42,818 - 2 - INFO - 页面"【安卓射击游戏】好玩的安卓射击游戏大全_安卓射击类游戏_射击游戏下载-最笨下载"跳转正常,该类元素共17个，当前第12个
2020-07-27 18:48:43,186 - basepage - INFO - Click back on current page.
2020-07-27 18:48:50,749 - 2 - INFO - 页面"【安卓棋牌游戏】好玩的安卓棋牌游戏大全_安卓棋牌类游戏_棋牌游戏下载-最笨下载"跳转正常,该类元素共17个，当前第13个
2020-07-27 18:48:50,989 - basepage - INFO - Click back on current page.
2020-07-27 18:48:58,651 - 2 - INFO - 页面"【安卓赛车游戏】好玩的安卓赛车游戏大全_安卓赛车类游戏_赛车游戏下载-最笨下载"跳转正常,该类元素共17个，当前第14个
2020-07-27 18:48:58,867 - basepage - INFO - Click back on current page.
2020-07-27 18:49:06,248 - 2 - INFO - 页面"【安卓角色扮演游戏】好玩的安卓角色扮演游戏大全_安卓角色扮演类游戏_角色扮演游戏下载-最笨下载"跳转正常,该类元素共17个，当前第15个
2020-07-27 18:49:06,618 - basepage - INFO - Click back on current page.
2020-07-27 18:49:14,133 - 2 - INFO - 页面"【安卓动作游戏】好玩的安卓动作游戏大全_安卓动作类游戏_动作游戏下载-最笨下载"跳转正常,该类元素共17个，当前第16个
2020-07-27 18:49:14,348 - basepage - INFO - Click back on current page.
2020-07-27 18:49:22,069 - 2 - INFO - 页面"【安卓休闲游戏】好玩的安卓休闲游戏大全_安卓休闲类游戏_休闲游戏下载-最笨下载"跳转正常,该类元素共17个，当前第17个
2020-07-27 18:49:22,297 - basepage - INFO - Click back on current page.
2020-07-27 18:49:30,692 - 2 - INFO - 页面"国贼顾挽之_国贼顾挽之下载_国贼顾挽之官方下载-最笨下载"跳转正常,该类元素共18个，当前第1个
2020-07-27 18:49:36,805 - 2 - INFO - 页面"大秦黎明_大秦黎明下载_大秦黎明官方下载-最笨下载"跳转正常,该类元素共18个，当前第2个
2020-07-27 18:49:42,931 - 2 - INFO - 页面"怒焰三国杀手游_怒焰三国杀手游下载_怒焰三国杀手游官方下载-最笨下载"跳转正常,该类元素共18个，当前第3个
2020-07-27 18:49:49,057 - 2 - INFO - 页面"末日围城_末日围城下载_末日围城官方下载-最笨下载"跳转正常,该类元素共18个，当前第4个
2020-07-27 18:49:55,176 - 2 - INFO - 页面"天将雄师九游版_天将雄师九游版下载_天将雄师九游版官方下载-最笨下载"跳转正常,该类元素共18个，当前第5个
2020-07-27 18:50:01,307 - 2 - INFO - 页面"诸王黎明_诸王黎明下载_诸王黎明官方下载-最笨下载"跳转正常,该类元素共18个，当前第6个
2020-07-27 18:50:07,402 - 2 - INFO - 页面"一梦江湖九游版_一梦江湖九游版下载_一梦江湖九游版官方下载-最笨下载"跳转正常,该类元素共18个，当前第7个
2020-07-27 18:50:13,549 - 2 - INFO - 页面"NBA篮球大师_NBA篮球大师下载_NBA篮球大师官方下载-最笨下载"跳转正常,该类元素共18个，当前第8个
2020-07-27 18:50:19,705 - 2 - INFO - 页面"萌妖传手游_萌妖传手游下载_萌妖传手游官方下载-最笨下载"跳转正常,该类元素共18个，当前第9个
2020-07-27 18:50:25,855 - 2 - INFO - 页面"中超英雄手游_中超英雄手游下载_中超英雄手游官方下载-最笨下载"跳转正常,该类元素共18个，当前第10个
2020-07-27 18:50:31,991 - 2 - INFO - 页面"三国战天下手游_三国战天下手游下载_三国战天下手游官方下载-最笨下载"跳转正常,该类元素共18个，当前第11个
2020-07-27 18:50:38,153 - 2 - INFO - 页面"拳皇命运_拳皇命运下载_拳皇命运官方下载-最笨下载"跳转正常,该类元素共18个，当前第12个
2020-07-27 18:50:44,299 - 2 - INFO - 页面"电能大亨_电能大亨下载_电能大亨官方下载-最笨下载"跳转正常,该类元素共18个，当前第13个
2020-07-27 18:50:50,437 - 2 - INFO - 页面"驾校模拟器_驾校模拟器下载_驾校模拟器官方下载-最笨下载"跳转正常,该类元素共18个，当前第14个
2020-07-27 18:50:56,603 - 2 - INFO - 页面"暗黑探险2_暗黑探险2下载_暗黑探险2官方下载-最笨下载"跳转正常,该类元素共18个，当前第15个
2020-07-27 18:51:02,765 - 2 - INFO - 页面"风暴山之谜_风暴山之谜下载_风暴山之谜官方下载-最笨下载"跳转正常,该类元素共18个，当前第16个
2020-07-27 18:51:08,890 - 2 - INFO - 页面"炸弹投石机:卡牌战斗_炸弹投石机:卡牌战斗下载_炸弹投石机:卡牌战斗官方下载-最笨下载"跳转正常,该类元素共18个，当前第17个
2020-07-27 18:51:15,093 - 2 - INFO - 页面"地下城故事_地下城故事下载_地下城故事官方下载-最笨下载"跳转正常,该类元素共18个，当前第18个
2020-07-27 18:51:22,980 - 2 - INFO - 页面"变态手游公益服_bt手游变态服_无限元宝bt手游下载_BT手游中心-最笨下载"跳转正常,该类元素共13个，当前第1个
2020-07-27 18:51:23,209 - basepage - INFO - Click back on current page.
2020-07-27 18:51:31,668 - 2 - INFO - 页面"变态手游公益服_bt手游变态服_无限元宝bt手游下载_BT手游中心-最笨下载"跳转正常,该类元素共13个，当前第2个
2020-07-27 18:51:32,051 - basepage - INFO - Click back on current page.
2020-07-27 18:51:40,517 - 2 - INFO - 页面"变态手游公益服_bt手游变态服_无限元宝bt手游下载_BT手游中心-最笨下载"跳转正常,该类元素共13个，当前第3个
2020-07-27 18:51:41,013 - basepage - INFO - Click back on current page.
2020-07-27 18:51:49,745 - 2 - INFO - 页面"变态手游公益服_bt手游变态服_无限元宝bt手游下载_BT手游中心-最笨下载"跳转正常,该类元素共13个，当前第4个
2020-07-27 18:51:50,150 - basepage - INFO - Click back on current page.
2020-07-27 18:51:58,162 - 2 - INFO - 页面"变态手游公益服_bt手游变态服_无限元宝bt手游下载_BT手游中心-最笨下载"跳转正常,该类元素共13个，当前第5个
2020-07-27 18:51:58,434 - basepage - INFO - Click back on current page.
2020-07-27 18:52:07,177 - 2 - INFO - 页面"变态手游公益服_bt手游变态服_无限元宝bt手游下载_BT手游中心-最笨下载"跳转正常,该类元素共13个，当前第6个
2020-07-27 18:52:07,542 - basepage - INFO - Click back on current page.
2020-07-27 18:52:16,308 - 2 - INFO - 页面"变态手游公益服_bt手游变态服_无限元宝bt手游下载_BT手游中心-最笨下载"跳转正常,该类元素共13个，当前第7个
2020-07-27 18:52:16,750 - basepage - INFO - Click back on current page.
2020-07-27 18:52:24,753 - 2 - INFO - 页面"变态手游公益服_bt手游变态服_无限元宝bt手游下载_BT手游中心-最笨下载"跳转正常,该类元素共13个，当前第8个
2020-07-27 18:52:25,143 - basepage - INFO - Click back on current page.
2020-07-27 18:52:33,635 - 2 - INFO - 页面"变态手游公益服_bt手游变态服_无限元宝bt手游下载_BT手游中心-最笨下载"跳转正常,该类元素共13个，当前第9个
2020-07-27 18:52:33,851 - basepage - INFO - Click back on current page.
2020-07-27 18:52:42,297 - 2 - INFO - 页面"变态手游公益服_bt手游变态服_无限元宝bt手游下载_BT手游中心-最笨下载"跳转正常,该类元素共13个，当前第10个
2020-07-27 18:52:42,683 - basepage - INFO - Click back on current page.
2020-07-27 18:52:51,440 - 2 - INFO - 页面"变态手游公益服_bt手游变态服_无限元宝bt手游下载_BT手游中心-最笨下载"跳转正常,该类元素共13个，当前第11个
2020-07-27 18:52:51,857 - basepage - INFO - Click back on current page.
2020-07-27 18:52:59,571 - 2 - ERROR - 页面"404-最笨下载"跳转异常,该类元素共13个，当前第12个
2020-07-27 18:53:00,247 - basepage - INFO - Click back on current page.
2020-07-27 18:53:09,094 - 2 - INFO - 页面"变态手游公益服_bt手游变态服_无限元宝bt手游下载_BT手游中心-最笨下载"跳转正常,该类元素共13个，当前第13个
2020-07-27 18:53:09,377 - basepage - INFO - Click back on current page.
2020-07-27 18:53:17,760 - 2 - INFO - 页面"天域幻想（送海量充值）_天域幻想（送海量充值）无限元宝服_SF变态版天域幻想（送海量充值）公益服下载 - 最笨下载"跳转正常,该类元素共18个，当前第1个
2020-07-27 18:53:23,914 - 2 - INFO - 页面"天诀_天诀无限元宝服_SF变态版天诀公益服下载 - 最笨下载"跳转正常,该类元素共18个，当前第2个
2020-07-27 18:53:30,075 - 2 - INFO - 页面"修仙无双（折扣特权）_修仙无双（折扣特权）无限元宝服_SF变态版修仙无双（折扣特权）公益服下载 - 最笨下载"跳转正常,该类元素共18个，当前第3个
2020-07-27 18:53:36,196 - 2 - INFO - 页面"联盟契约（送神将百抽）_联盟契约（送神将百抽）无限元宝服_SF变态版联盟契约（送神将百抽）公益服下载 - 最笨下载"跳转正常,该类元素共18个，当前第4个
2020-07-27 18:53:42,319 - 2 - INFO - 页面"乱世江湖（卖血送真充）_乱世江湖（卖血送真充）无限元宝服_SF变态版乱世江湖（卖血送真充）公益服下载 - 最笨下载"跳转正常,该类元素共18个，当前第5个
2020-07-27 18:53:48,440 - 2 - INFO - 页面"九灵神域_九灵神域无限元宝服_SF变态版九灵神域公益服下载 - 最笨下载"跳转正常,该类元素共18个，当前第6个
2020-07-27 18:53:54,596 - 2 - INFO - 页面"教主之家（至尊特权）_教主之家（至尊特权）无限元宝服_SF变态版教主之家（至尊特权）公益服下载 - 最笨下载"跳转正常,该类元素共18个，当前第7个
2020-07-27 18:54:00,701 - 2 - INFO - 页面"魔星狂点（送海量连抽）_魔星狂点（送海量连抽）无限元宝服_SF变态版魔星狂点（送海量连抽）公益服下载 - 最笨下载"跳转正常,该类元素共18个，当前第8个
2020-07-27 18:54:06,816 - 2 - INFO - 页面"主公别闹_主公别闹无限元宝服_SF变态版主公别闹公益服下载 - 最笨下载"跳转正常,该类元素共18个，当前第9个
2020-07-27 18:54:12,936 - 2 - INFO - 页面"天天怼三国（送千元充值）_天天怼三国（送千元充值）无限元宝服_SF变态版天天怼三国（送千元充值）公益服下载 - 最笨下载"跳转正常,该类元素共18个，当前第10个
2020-07-27 18:54:19,059 - 2 - INFO - 页面"全民祖玛（爆装加强版）_全民祖玛（爆装加强版）无限元宝服_SF变态版全民祖玛（爆装加强版）公益服下载 - 最笨下载"跳转正常,该类元素共18个，当前第11个
2020-07-27 18:54:25,214 - 2 - INFO - 页面"百恋成仙（送千元充值）_百恋成仙（送千元充值）无限元宝服_SF变态版百恋成仙（送千元充值）公益服下载 - 最笨下载"跳转正常,该类元素共18个，当前第12个
2020-07-27 18:54:31,326 - 2 - INFO - 页面"幻游猎人_幻游猎人无限元宝服_SF变态版幻游猎人公益服下载 - 最笨下载"跳转正常,该类元素共18个，当前第13个
2020-07-27 18:54:37,467 - 2 - INFO - 页面"国战纪元_国战纪元无限元宝服_SF变态版国战纪元公益服下载 - 最笨下载"跳转正常,该类元素共18个，当前第14个
2020-07-27 18:54:43,646 - 2 - INFO - 页面"古墓迷城_古墓迷城无限元宝服_SF变态版古墓迷城公益服下载 - 最笨下载"跳转正常,该类元素共18个，当前第15个
2020-07-27 18:54:49,792 - 2 - INFO - 页面"坦克军团（送198充值卡）_坦克军团（送198充值卡）无限元宝服_SF变态版坦克军团（送198充值卡）公益服下载 - 最笨下载"跳转正常,该类元素共18个，当前第16个
2020-07-27 18:54:55,907 - 2 - INFO - 页面"卧虎藏龙（复古满级特权）_卧虎藏龙（复古满级特权）无限元宝服_SF变态版卧虎藏龙（复古满级特权）公益服下载 - 最笨下载"跳转正常,该类元素共18个，当前第17个
2020-07-27 18:55:02,088 - 2 - INFO - 页面"大天劫（商城特权）_大天劫（商城特权）无限元宝服_SF变态版大天劫（商城特权）公益服下载 - 最笨下载"跳转正常,该类元素共18个，当前第18个
2020-07-27 18:55:09,756 - 2 - INFO - 页面"满vip版手游_手游sf送顶级vip_满级vip无限元宝手游下载-最笨下载"跳转正常,该类元素共13个，当前第1个
2020-07-27 18:55:09,966 - basepage - INFO - Click back on current page.
2020-07-27 18:55:18,562 - 2 - INFO - 页面"满vip版手游_手游sf送顶级vip_满级vip无限元宝手游下载-最笨下载"跳转正常,该类元素共13个，当前第2个
2020-07-27 18:55:18,903 - basepage - INFO - Click back on current page.
2020-07-27 18:55:27,611 - 2 - INFO - 页面"满vip版手游_手游sf送顶级vip_满级vip无限元宝手游下载-最笨下载"跳转正常,该类元素共13个，当前第3个
2020-07-27 18:55:28,012 - basepage - INFO - Click back on current page.
2020-07-27 18:55:36,685 - 2 - INFO - 页面"满vip版手游_手游sf送顶级vip_满级vip无限元宝手游下载-最笨下载"跳转正常,该类元素共13个，当前第4个
2020-07-27 18:55:37,057 - basepage - INFO - Click back on current page.
2020-07-27 18:55:45,576 - 2 - INFO - 页面"满vip版手游_手游sf送顶级vip_满级vip无限元宝手游下载-最笨下载"跳转正常,该类元素共13个，当前第5个
2020-07-27 18:55:46,109 - basepage - INFO - Click back on current page.
2020-07-27 18:55:54,473 - 2 - INFO - 页面"满vip版手游_手游sf送顶级vip_满级vip无限元宝手游下载-最笨下载"跳转正常,该类元素共13个，当前第6个
2020-07-27 18:55:55,009 - basepage - INFO - Click back on current page.
2020-07-27 18:56:03,568 - 2 - INFO - 页面"满vip版手游_手游sf送顶级vip_满级vip无限元宝手游下载-最笨下载"跳转正常,该类元素共13个，当前第7个
2020-07-27 18:56:03,988 - basepage - INFO - Click back on current page.
2020-07-27 18:56:12,424 - 2 - INFO - 页面"满vip版手游_手游sf送顶级vip_满级vip无限元宝手游下载-最笨下载"跳转正常,该类元素共13个，当前第8个
2020-07-27 18:56:12,831 - basepage - INFO - Click back on current page.
2020-07-27 18:56:21,321 - 2 - INFO - 页面"满vip版手游_手游sf送顶级vip_满级vip无限元宝手游下载-最笨下载"跳转正常,该类元素共13个，当前第9个
2020-07-27 18:56:21,756 - basepage - INFO - Click back on current page.
2020-07-27 18:56:30,669 - 2 - INFO - 页面"满vip版手游_手游sf送顶级vip_满级vip无限元宝手游下载-最笨下载"跳转正常,该类元素共13个，当前第10个
2020-07-27 18:56:31,007 - basepage - INFO - Click back on current page.
2020-07-27 18:56:39,382 - 2 - INFO - 页面"满vip版手游_手游sf送顶级vip_满级vip无限元宝手游下载-最笨下载"跳转正常,该类元素共13个，当前第11个
2020-07-27 18:56:39,724 - basepage - INFO - Click back on current page.
2020-07-27 18:56:46,493 - 2 - ERROR - 页面"404-最笨下载"跳转异常,该类元素共13个，当前第12个
2020-07-27 18:56:46,988 - basepage - INFO - Click back on current page.
2020-07-27 18:56:55,759 - 2 - INFO - 页面"满vip版手游_手游sf送顶级vip_满级vip无限元宝手游下载-最笨下载"跳转正常,该类元素共13个，当前第13个
2020-07-27 18:56:56,116 - basepage - INFO - Click back on current page.
2020-07-27 18:57:04,520 - 2 - INFO - 页面"帝国光辉（每日送1000R）_帝国光辉（每日送1000R）无限元宝服_SF变态版帝国光辉（每日送1000R）公益服下载 - 最笨下载"跳转正常,该类元素共18个，当前第1个
2020-07-27 18:57:10,704 - 2 - INFO - 页面"围攻大菠萝（送328充值）_围攻大菠萝（送328充值）无限元宝服_SF变态版围攻大菠萝（送328充值）公益服下载 - 最笨下载"跳转正常,该类元素共18个，当前第2个
2020-07-27 18:57:16,846 - 2 - INFO - 页面"女神联盟2（送500充值）_女神联盟2（送500充值）无限元宝服_SF变态版女神联盟2（送500充值）公益服下载 - 最笨下载"跳转正常,该类元素共18个，当前第3个
2020-07-27 18:57:22,973 - 2 - INFO - 页面"九天仙梦（商城特权）_九天仙梦（商城特权）无限元宝服_SF变态版九天仙梦（商城特权）公益服下载 - 最笨下载"跳转正常,该类元素共18个，当前第4个
2020-07-27 18:57:29,146 - 2 - INFO - 页面"仙剑缘（星耀特权）_仙剑缘（星耀特权）无限元宝服_SF变态版仙剑缘（星耀特权）公益服下载 - 最笨下载"跳转正常,该类元素共18个，当前第5个
2020-07-27 18:57:35,309 - 2 - INFO - 页面"我叫MT：奇幻之旅（送一万连抽）_我叫MT：奇幻之旅（送一万连抽）无限元宝服_SF变态版我叫MT：奇幻之旅（送一万连抽）公益服下载 - 最笨下载"跳转正常,该类元素共18个，当前第6个
2020-07-27 18:57:41,439 - 2 - INFO - 页面"天天驯兽师（每日送百抽）_天天驯兽师（每日送百抽）无限元宝服_SF变态版天天驯兽师（每日送百抽）公益服下载 - 最笨下载"跳转正常,该类元素共18个，当前第7个
2020-07-27 18:57:47,585 - 2 - INFO - 页面"神契幻奇谭（海量特权）_神契幻奇谭（海量特权）无限元宝服_SF变态版神契幻奇谭（海量特权）公益服下载 - 最笨下载"跳转正常,该类元素共18个，当前第8个
2020-07-27 18:57:53,719 - 2 - INFO - 页面"冒险者集结（送650充值）_冒险者集结（送650充值）无限元宝服_SF变态版冒险者集结（送650充值）公益服下载 - 最笨下载"跳转正常,该类元素共18个，当前第9个
2020-07-27 18:57:59,852 - 2 - INFO - 页面"御剑封神录（送海量充值）_御剑封神录（送海量充值）无限元宝服_SF变态版御剑封神录（送海量充值）公益服下载 - 最笨下载"跳转正常,该类元素共18个，当前第10个
2020-07-27 18:58:06,015 - 2 - INFO - 页面"无敌战舰（送百元充值）_无敌战舰（送百元充值）无限元宝服_SF变态版无敌战舰（送百元充值）公益服下载 - 最笨下载"跳转正常,该类元素共18个，当前第11个
2020-07-27 18:58:12,110 - 2 - INFO - 页面"孤龙山（送GM海量充）_孤龙山（送GM海量充）无限元宝服_SF变态版孤龙山（送GM海量充）公益服下载 - 最笨下载"跳转正常,该类元素共18个，当前第12个
2020-07-27 18:58:18,209 - 2 - INFO - 页面"圣痕觉醒（送万元充值）_圣痕觉醒（送万元充值）无限元宝服_SF变态版圣痕觉醒（送万元充值）公益服下载 - 最笨下载"跳转正常,该类元素共18个，当前第13个
2020-07-27 18:58:24,322 - 2 - INFO - 页面"怪兽宝贝（星耀特权）_怪兽宝贝（星耀特权）无限元宝服_SF变态版怪兽宝贝（星耀特权）公益服下载 - 最笨下载"跳转正常,该类元素共18个，当前第14个
2020-07-27 18:58:30,463 - 2 - INFO - 页面"乱世祭（豪华特权）_乱世祭（豪华特权）无限元宝服_SF变态版乱世祭（豪华特权）公益服下载 - 最笨下载"跳转正常,该类元素共18个，当前第15个
2020-07-27 18:58:36,607 - 2 - INFO - 页面"仙灵世界（送海量连抽）_仙灵世界（送海量连抽）无限元宝服_SF变态版仙灵世界（送海量连抽）公益服下载 - 最笨下载"跳转正常,该类元素共18个，当前第16个
2020-07-27 18:58:42,748 - 2 - INFO - 页面"刀剑神魔录（送真·充值卡）_刀剑神魔录（送真·充值卡）无限元宝服_SF变态版刀剑神魔录（送真·充值卡）公益服下载 - 最笨下载"跳转正常,该类元素共18个，当前第17个
2020-07-27 18:58:48,854 - 2 - INFO - 页面"小小三国（送2000充值）_小小三国（送2000充值）无限元宝服_SF变态版小小三国（送2000充值）公益服下载 - 最笨下载"跳转正常,该类元素共18个，当前第18个
2020-07-27 18:58:56,062 - 2 - INFO - 页面"gm版手游_无限元宝/钻石公益服_0元免费gm权限手游下载-最笨下载"跳转正常,该类元素共13个，当前第1个
2020-07-27 18:58:56,273 - basepage - INFO - Click back on current page.
2020-07-27 18:59:04,251 - 2 - INFO - 页面"gm版手游_无限元宝/钻石公益服_0元免费gm权限手游下载-最笨下载"跳转正常,该类元素共13个，当前第2个
2020-07-27 18:59:04,463 - basepage - INFO - Click back on current page.
2020-07-27 18:59:12,505 - 2 - INFO - 页面"gm版手游_无限元宝/钻石公益服_0元免费gm权限手游下载-最笨下载"跳转正常,该类元素共13个，当前第3个
2020-07-27 18:59:12,962 - basepage - INFO - Click back on current page.
2020-07-27 18:59:20,929 - 2 - INFO - 页面"gm版手游_无限元宝/钻石公益服_0元免费gm权限手游下载-最笨下载"跳转正常,该类元素共13个，当前第4个
2020-07-27 18:59:21,293 - basepage - INFO - Click back on current page.
2020-07-27 18:59:29,163 - 2 - INFO - 页面"gm版手游_无限元宝/钻石公益服_0元免费gm权限手游下载-最笨下载"跳转正常,该类元素共13个，当前第5个
2020-07-27 18:59:29,374 - basepage - INFO - Click back on current page.
2020-07-27 19:01:08,990 - 2 - INFO - 页面"gm版手游_无限元宝/钻石公益服_0元免费gm权限手游下载-最笨下载"跳转正常,该类元素共13个，当前第6个
2020-07-27 19:01:10,138 - basepage - INFO - Click back on current page.
2020-07-27 19:01:22,774 - 2 - INFO - 页面"gm版手游_无限元宝/钻石公益服_0元免费gm权限手游下载-最笨下载"跳转正常,该类元素共13个，当前第7个
2020-07-27 19:01:22,993 - basepage - INFO - Click back on current page.
2020-07-27 19:01:30,991 - 2 - INFO - 页面"gm版手游_无限元宝/钻石公益服_0元免费gm权限手游下载-最笨下载"跳转正常,该类元素共13个，当前第8个
2020-07-27 19:01:31,388 - basepage - INFO - Click back on current page.
2020-07-27 19:01:39,261 - 2 - INFO - 页面"gm版手游_无限元宝/钻石公益服_0元免费gm权限手游下载-最笨下载"跳转正常,该类元素共13个，当前第9个
2020-07-27 19:01:39,704 - basepage - INFO - Click back on current page.
2020-07-27 19:01:47,708 - 2 - INFO - 页面"gm版手游_无限元宝/钻石公益服_0元免费gm权限手游下载-最笨下载"跳转正常,该类元素共13个，当前第10个
2020-07-27 19:01:48,099 - basepage - INFO - Click back on current page.
2020-07-27 19:01:56,005 - 2 - INFO - 页面"gm版手游_无限元宝/钻石公益服_0元免费gm权限手游下载-最笨下载"跳转正常,该类元素共13个，当前第11个
2020-07-27 19:01:56,351 - basepage - INFO - Click back on current page.
2020-07-27 19:02:03,124 - 2 - ERROR - 页面"404-最笨下载"跳转异常,该类元素共13个，当前第12个
2020-07-27 19:02:03,576 - basepage - INFO - Click back on current page.
2020-07-27 19:02:11,558 - 2 - INFO - 页面"gm版手游_无限元宝/钻石公益服_0元免费gm权限手游下载-最笨下载"跳转正常,该类元素共13个，当前第13个
2020-07-27 19:02:11,788 - basepage - INFO - Click back on current page.
2020-07-27 19:02:20,158 - 2 - INFO - 页面"高达（GM版）_高达（GM版）免费gm权限安卓下载 - 最笨下载"跳转正常,该类元素共18个，当前第1个
2020-07-27 19:02:26,302 - 2 - INFO - 页面"暗黑王者（GM版）_暗黑王者（GM版）免费gm权限安卓下载 - 最笨下载"跳转正常,该类元素共18个，当前第2个
2020-07-27 19:02:32,409 - 2 - INFO - 页面"问鼎封神（GM版）_问鼎封神（GM版）免费gm权限安卓下载 - 最笨下载"跳转正常,该类元素共18个，当前第3个
2020-07-27 19:02:38,513 - 2 - INFO - 页面"仙剑轮回（GM版）_仙剑轮回（GM版）免费gm权限安卓下载 - 最笨下载"跳转正常,该类元素共18个，当前第4个
2020-07-27 19:02:44,656 - 2 - INFO - 页面"神道仙尊（GM版）_神道仙尊（GM版）免费gm权限安卓下载 - 最笨下载"跳转正常,该类元素共18个，当前第5个
2020-07-27 19:02:50,776 - 2 - INFO - 页面"大将无双（GM版）_大将无双（GM版）免费gm权限安卓下载 - 最笨下载"跳转正常,该类元素共18个，当前第6个
2020-07-27 19:02:56,910 - 2 - INFO - 页面"青云剑诀（GM版）_青云剑诀（GM版）免费gm权限安卓下载 - 最笨下载"跳转正常,该类元素共18个，当前第7个
2020-07-27 19:03:03,023 - 2 - INFO - 页面"寂灭剑诀（GM版）_寂灭剑诀（GM版）免费gm权限安卓下载 - 最笨下载"跳转正常,该类元素共18个，当前第8个
2020-07-27 19:03:09,200 - 2 - INFO - 页面"封神记（GM版）_封神记（GM版）免费gm权限安卓下载 - 最笨下载"跳转正常,该类元素共18个，当前第9个
2020-07-27 19:03:15,330 - 2 - INFO - 页面"豪门小老婆（GM版）_豪门小老婆（GM版）免费gm权限安卓下载 - 最笨下载"跳转正常,该类元素共18个，当前第10个
2020-07-27 19:03:21,511 - 2 - INFO - 页面"三生三誓青丘传（GM版）_三生三誓青丘传（GM版）免费gm权限安卓下载 - 最笨下载"跳转正常,该类元素共18个，当前第11个
2020-07-27 19:03:27,670 - 2 - INFO - 页面"毒尊三国（GM版）_毒尊三国（GM版）免费gm权限安卓下载 - 最笨下载"跳转正常,该类元素共18个，当前第12个
2020-07-27 19:03:33,847 - 2 - INFO - 页面"乱世神话（GM版）_乱世神话（GM版）免费gm权限安卓下载 - 最笨下载"跳转正常,该类元素共18个，当前第13个
2020-07-27 19:03:40,023 - 2 - INFO - 页面"天子问剑（GM版）_天子问剑（GM版）免费gm权限安卓下载 - 最笨下载"跳转正常,该类元素共18个，当前第14个
2020-07-27 19:03:46,130 - 2 - INFO - 页面"风云三国（GM版）_风云三国（GM版）免费gm权限安卓下载 - 最笨下载"跳转正常,该类元素共18个，当前第15个
2020-07-27 19:03:52,260 - 2 - INFO - 页面"古惑三国志（GM版）_古惑三国志（GM版）免费gm权限安卓下载 - 最笨下载"跳转正常,该类元素共18个，当前第16个
2020-07-27 19:03:58,459 - 2 - INFO - 页面"少年悟空传（GM版）_少年悟空传（GM版）免费gm权限安卓下载 - 最笨下载"跳转正常,该类元素共18个，当前第17个
2020-07-27 19:04:04,591 - 2 - INFO - 页面"诛神之战（GM版）_诛神之战（GM版）免费gm权限安卓下载 - 最笨下载"跳转正常,该类元素共18个，当前第18个
2020-07-27 19:04:12,610 - 2 - INFO - 页面"免费权限GM游戏"跳转正常,该类元素共4个，当前第1个
2020-07-27 19:04:12,880 - basepage - INFO - Click back on current page.
2020-07-27 19:04:18,443 - 2 - INFO - 页面"聊天回复神器合集"跳转正常,该类元素共4个，当前第2个
2020-07-27 19:04:18,874 - basepage - INFO - Click back on current page.
2020-07-27 19:04:28,480 - 2 - INFO - 页面"超变私服传奇一刀999999级"跳转正常,该类元素共4个，当前第3个
2020-07-27 19:04:28,737 - basepage - INFO - Click back on current page.
2020-07-27 19:04:35,686 - 2 - INFO - 页面"美女爆衣游戏手游"跳转正常,该类元素共4个，当前第4个
2020-07-27 19:04:35,918 - basepage - INFO - Click back on current page.
2020-07-27 19:04:45,272 - 2 - INFO - 页面"【苹果播放器】iPhone手机播放器,iPhone播放器免费下载大全-最笨下载"跳转正常,该类元素共20个，当前第1个
2020-07-27 19:04:45,530 - basepage - INFO - Click back on current page.
2020-07-27 19:04:53,291 - 2 - INFO - 页面"【苹果学习软件】iPhone手机学习软件_iPhone学习软件免费下载大全-最笨下载"跳转正常,该类元素共20个，当前第2个
2020-07-27 19:04:53,723 - basepage - INFO - Click back on current page.
2020-07-27 19:05:00,850 - 2 - INFO - 页面"【苹果辅助软件】iPhone手机辅助软件_iPhone辅助软件免费下载大全-最笨下载"跳转正常,该类元素共20个，当前第3个
2020-07-27 19:05:01,066 - basepage - INFO - Click back on current page.
2020-07-27 19:05:08,945 - 2 - INFO - 页面"【苹果输入法】iPhone手机输入法_iPhone输入法免费下载大全-最笨下载"跳转正常,该类元素共20个，当前第4个
2020-07-27 19:05:09,181 - basepage - INFO - Click back on current page.
2020-07-27 19:05:16,883 - 2 - INFO - 页面"【苹果通信软件】iPhone手机通信软件_iPhone通信软件免费下载大全-最笨下载"跳转正常,该类元素共20个，当前第5个
2020-07-27 19:05:17,264 - basepage - INFO - Click back on current page.
2020-07-27 19:05:24,744 - 2 - INFO - 页面"【苹果固件】iPhone手机固件软件_iPhone固件软件免费下载大全-最笨下载"跳转正常,该类元素共20个，当前第6个
2020-07-27 19:05:25,028 - basepage - INFO - Click back on current page.
2020-07-27 19:05:32,830 - 2 - INFO - 页面"【苹果文件管理软件】iPhone手机文件管理软件_iPhone文件管理软件免费下载大全-最笨下载"跳转正常,该类元素共20个，当前第7个
2020-07-27 19:05:33,088 - basepage - INFO - Click back on current page.
2020-07-27 19:05:40,789 - 2 - INFO - 页面"【苹果同步软件】iPhone手机同步软件_iPhone同步软件免费下载大全-最笨下载"跳转正常,该类元素共20个，当前第8个
2020-07-27 19:05:41,233 - basepage - INFO - Click back on current page.
2020-07-27 19:05:48,640 - 2 - INFO - 页面"【苹果办公软件】iPhone手机办公软件_iPhone办公软件免费下载大全-最笨下载"跳转正常,该类元素共20个，当前第9个
2020-07-27 19:05:48,862 - basepage - INFO - Click back on current page.
2020-07-27 19:05:56,515 - 2 - INFO - 页面"【苹果新闻软件】iPhone手机新闻软件_iPhone新闻软件免费下载大全-最笨下载"跳转正常,该类元素共20个，当前第10个
2020-07-27 19:05:56,740 - basepage - INFO - Click back on current page.
2020-07-27 19:06:04,465 - 2 - INFO - 页面"【苹果理财软件】iPhone手机理财软件_iPhone理财软件免费下载大全-最笨下载"跳转正常,该类元素共20个，当前第11个
2020-07-27 19:06:04,861 - basepage - INFO - Click back on current page.
2020-07-27 19:06:12,553 - 2 - INFO - 页面"【苹果备份软件】iPhone手机备份软件_iPhone备份软件免费下载大全-最笨下载"跳转正常,该类元素共20个，当前第12个
2020-07-27 19:06:12,848 - basepage - INFO - Click back on current page.
2020-07-27 19:06:21,191 - 2 - INFO - 页面"【苹果健身软件】iPhone手机健身软件_iPhone健身软件免费下载大全-最笨下载"跳转正常,该类元素共20个，当前第13个
2020-07-27 19:06:21,477 - basepage - INFO - Click back on current page.
2020-07-27 19:06:29,727 - 2 - INFO - 页面"【苹果健康管理软件】iPhone手机健康管理软件_iPhone健康管理软件免费下载大全-最笨下载"跳转正常,该类元素共20个，当前第14个
2020-07-27 19:06:30,184 - basepage - INFO - Click back on current page.
2020-07-27 19:06:38,120 - 2 - INFO - 页面"【苹果系统软件】iPhone手机系统软件_iPhone系统软件免费下载大全-最笨下载"跳转正常,该类元素共20个，当前第15个
2020-07-27 19:06:38,684 - basepage - INFO - Click back on current page.
2020-07-27 19:06:46,435 - 2 - INFO - 页面"【苹果社交软件】iphone手机社交软件_iphone社交软件免费下载大全-最笨下载"跳转正常,该类元素共20个，当前第16个
2020-07-27 19:06:46,693 - basepage - INFO - Click back on current page.
2020-07-27 19:06:53,205 - 2 - INFO - 页面"【苹果娱乐软件】iPhone手机娱乐软件_iPhone娱乐软件免费下载大全-最笨下载"跳转正常,该类元素共20个，当前第17个
2020-07-27 19:06:53,718 - basepage - INFO - Click back on current page.
2020-07-27 19:07:01,493 - 2 - INFO - 页面"【苹果导航】iPhone手机导航软件,iPhone导航软件免费下载大全-最笨下载"跳转正常,该类元素共20个，当前第18个
2020-07-27 19:07:01,958 - basepage - INFO - Click back on current page.
2020-07-27 19:07:09,790 - 2 - INFO - 页面"【苹果网络软件】iPhone手机网络软件,iPhone网络软件免费下载大全-最笨下载"跳转正常,该类元素共20个，当前第19个
2020-07-27 19:07:10,095 - basepage - INFO - Click back on current page.
2020-07-27 19:07:17,578 - 2 - INFO - 页面"【苹果助手软件】iPhone生活助手软件_iPhone生活助手软件免费下载大全-最笨下载"跳转正常,该类元素共20个，当前第20个
2020-07-27 19:07:18,079 - basepage - INFO - Click back on current page.
2020-07-27 19:07:26,484 - 2 - INFO - 页面"蜜小助ios版_蜜小助ios版下载_蜜小助ios版官方下载-最笨下载"跳转正常,该类元素共18个，当前第1个
2020-07-27 19:07:32,596 - 2 - INFO - 页面"BT游戏大全ios_BT游戏大全ios下载_BT游戏大全ios官方下载-最笨下载"跳转正常,该类元素共18个，当前第2个
2020-07-27 19:07:38,702 - 2 - INFO - 页面"小8游戏盒子ios_小8游戏盒子ios下载_小8游戏盒子ios官方下载-最笨下载"跳转正常,该类元素共18个，当前第3个
2020-07-27 19:07:44,804 - 2 - INFO - 页面"安卓市场ios版_安卓市场ios版下载_安卓市场ios版官方下载-最笨下载"跳转正常,该类元素共18个，当前第4个
2020-07-27 19:07:50,930 - 2 - INFO - 页面"剪映_剪映下载_剪映官方下载-最笨下载"跳转正常,该类元素共18个，当前第5个
2020-07-27 19:07:57,076 - 2 - INFO - 页面"吾爱看书ios版_吾爱看书ios版下载_吾爱看书ios版官方下载-最笨下载"跳转正常,该类元素共18个，当前第6个
2020-07-27 19:08:03,230 - 2 - INFO - 页面"7743游戏平台_7743游戏平台下载_7743游戏平台官方下载-最笨下载"跳转正常,该类元素共18个，当前第7个
2020-07-27 19:08:09,355 - 2 - INFO - 页面"搜书帝ios_搜书帝ios下载_搜书帝ios官方下载-最笨下载"跳转正常,该类元素共18个，当前第8个
2020-07-27 19:08:15,461 - 2 - INFO - 页面"大塘小鱼_大塘小鱼下载_大塘小鱼官方下载-最笨下载"跳转正常,该类元素共18个，当前第9个
2020-07-27 19:08:21,597 - 2 - INFO - 页面"花溪小说_花溪小说下载_花溪小说官方下载-最笨下载"跳转正常,该类元素共18个，当前第10个
2020-07-27 19:08:27,739 - 2 - INFO - 页面"手译_手译下载_手译官方下载-最笨下载"跳转正常,该类元素共18个，当前第11个
2020-07-27 19:08:33,904 - 2 - INFO - 页面"sjcam_sjcam下载_sjcam官方下载-最笨下载"跳转正常,该类元素共18个，当前第12个
2020-07-27 19:08:40,048 - 2 - INFO - 页面"WearHeart_WearHeart下载_WearHeart官方下载-最笨下载"跳转正常,该类元素共18个，当前第13个
2020-07-27 19:08:46,180 - 2 - INFO - 页面"仓鼠阅读_仓鼠阅读下载_仓鼠阅读官方下载-最笨下载"跳转正常,该类元素共18个，当前第14个
2020-07-27 19:08:52,316 - 2 - INFO - 页面"漫番漫画_漫番漫画下载_漫番漫画官方下载-最笨下载"跳转正常,该类元素共18个，当前第15个
2020-07-27 19:08:58,510 - 2 - INFO - 页面"腾讯时光_腾讯时光下载_腾讯时光官方下载-最笨下载"跳转正常,该类元素共18个，当前第16个
2020-07-27 19:09:04,628 - 2 - INFO - 页面"GK扫描仪_GK扫描仪下载_GK扫描仪官方下载-最笨下载"跳转正常,该类元素共18个，当前第17个
2020-07-27 19:09:10,785 - 2 - INFO - 页面"海报制作_海报制作下载_海报制作官方下载-最笨下载"跳转正常,该类元素共18个，当前第18个
2020-07-27 19:09:18,167 - 2 - INFO - 页面"变态手游公益服_bt手游变态服_无限元宝bt手游下载_BT手游中心-最笨下载"跳转正常,该类元素共13个，当前第1个
2020-07-27 19:09:18,441 - basepage - INFO - Click back on current page.
2020-07-27 19:09:26,995 - 2 - INFO - 页面"变态手游公益服_bt手游变态服_无限元宝bt手游下载_BT手游中心-最笨下载"跳转正常,该类元素共13个，当前第2个
2020-07-27 19:09:27,452 - basepage - INFO - Click back on current page.
2020-07-27 19:09:35,712 - 2 - INFO - 页面"变态手游公益服_bt手游变态服_无限元宝bt手游下载_BT手游中心-最笨下载"跳转正常,该类元素共13个，当前第3个
2020-07-27 19:09:36,108 - basepage - INFO - Click back on current page.
2020-07-27 19:09:44,303 - 2 - INFO - 页面"变态手游公益服_bt手游变态服_无限元宝bt手游下载_BT手游中心-最笨下载"跳转正常,该类元素共13个，当前第4个
2020-07-27 19:09:44,571 - basepage - INFO - Click back on current page.
2020-07-27 19:09:51,989 - 2 - INFO - 页面"变态手游公益服_bt手游变态服_无限元宝bt手游下载_BT手游中心-最笨下载"跳转正常,该类元素共13个，当前第5个
2020-07-27 19:09:52,405 - basepage - INFO - Click back on current page.
2020-07-27 19:10:00,538 - 2 - INFO - 页面"变态手游公益服_bt手游变态服_无限元宝bt手游下载_BT手游中心-最笨下载"跳转正常,该类元素共13个，当前第6个
2020-07-27 19:10:01,005 - basepage - INFO - Click back on current page.
2020-07-27 19:10:09,474 - 2 - INFO - 页面"变态手游公益服_bt手游变态服_无限元宝bt手游下载_BT手游中心-最笨下载"跳转正常,该类元素共13个，当前第7个
2020-07-27 19:10:09,773 - basepage - INFO - Click back on current page.
2020-07-27 19:10:18,484 - 2 - INFO - 页面"变态手游公益服_bt手游变态服_无限元宝bt手游下载_BT手游中心-最笨下载"跳转正常,该类元素共13个，当前第8个
2020-07-27 19:10:18,874 - basepage - INFO - Click back on current page.
2020-07-27 19:10:27,232 - 2 - INFO - 页面"变态手游公益服_bt手游变态服_无限元宝bt手游下载_BT手游中心-最笨下载"跳转正常,该类元素共13个，当前第9个
2020-07-27 19:10:27,625 - basepage - INFO - Click back on current page.
2020-07-27 19:10:36,150 - 2 - INFO - 页面"变态手游公益服_bt手游变态服_无限元宝bt手游下载_BT手游中心-最笨下载"跳转正常,该类元素共13个，当前第10个
2020-07-27 19:10:36,574 - basepage - INFO - Click back on current page.
2020-07-27 19:10:44,872 - 2 - INFO - 页面"变态手游公益服_bt手游变态服_无限元宝bt手游下载_BT手游中心-最笨下载"跳转正常,该类元素共13个，当前第11个
2020-07-27 19:10:45,319 - basepage - INFO - Click back on current page.
2020-07-27 19:10:53,208 - 2 - ERROR - 页面"404-最笨下载"跳转异常,该类元素共13个，当前第12个
2020-07-27 19:10:53,965 - basepage - INFO - Click back on current page.
2020-07-27 19:11:02,711 - 2 - INFO - 页面"变态手游公益服_bt手游变态服_无限元宝bt手游下载_BT手游中心-最笨下载"跳转正常,该类元素共13个，当前第13个
2020-07-27 19:11:02,981 - basepage - INFO - Click back on current page.
2020-07-27 19:11:11,359 - 2 - INFO - 页面"天域幻想（送海量充值）_天域幻想（送海量充值）无限元宝服_SF变态版天域幻想（送海量充值）公益服下载 - 最笨下载"跳转正常,该类元素共18个，当前第1个
2020-07-27 19:11:17,460 - 2 - INFO - 页面"修仙无双（折扣特权）_修仙无双（折扣特权）无限元宝服_SF变态版修仙无双（折扣特权）公益服下载 - 最笨下载"跳转正常,该类元素共18个，当前第2个
2020-07-27 19:11:23,610 - 2 - INFO - 页面"天诀_天诀无限元宝服_SF变态版天诀公益服下载 - 最笨下载"跳转正常,该类元素共18个，当前第3个
2020-07-27 19:11:29,768 - 2 - INFO - 页面"乱世江湖（卖血送真充）_乱世江湖（卖血送真充）无限元宝服_SF变态版乱世江湖（卖血送真充）公益服下载 - 最笨下载"跳转正常,该类元素共18个，当前第4个
2020-07-27 19:11:35,917 - 2 - INFO - 页面"联盟契约（送神将百抽）_联盟契约（送神将百抽）无限元宝服_SF变态版联盟契约（送神将百抽）公益服下载 - 最笨下载"跳转正常,该类元素共18个，当前第5个
2020-07-27 19:11:42,043 - 2 - INFO - 页面"九灵神域_九灵神域无限元宝服_SF变态版九灵神域公益服下载 - 最笨下载"跳转正常,该类元素共18个，当前第6个
2020-07-27 19:11:48,182 - 2 - INFO - 页面"教主之家（至尊特权）_教主之家（至尊特权）无限元宝服_SF变态版教主之家（至尊特权）公益服下载 - 最笨下载"跳转正常,该类元素共18个，当前第7个
2020-07-27 19:11:54,365 - 2 - INFO - 页面"魔星狂点（送海量连抽）_魔星狂点（送海量连抽）无限元宝服_SF变态版魔星狂点（送海量连抽）公益服下载 - 最笨下载"跳转正常,该类元素共18个，当前第8个
2020-07-27 19:12:00,471 - 2 - INFO - 页面"主公别闹_主公别闹无限元宝服_SF变态版主公别闹公益服下载 - 最笨下载"跳转正常,该类元素共18个，当前第9个
2020-07-27 19:12:06,576 - 2 - INFO - 页面"全民祖玛（爆装加强版）_全民祖玛（爆装加强版）无限元宝服_SF变态版全民祖玛（爆装加强版）公益服下载 - 最笨下载"跳转正常,该类元素共18个，当前第10个
2020-07-27 19:12:12,680 - 2 - INFO - 页面"天天怼三国（送千元充值）_天天怼三国（送千元充值）无限元宝服_SF变态版天天怼三国（送千元充值）公益服下载 - 最笨下载"跳转正常,该类元素共18个，当前第11个
2020-07-27 19:12:18,817 - 2 - INFO - 页面"百恋成仙（送千元充值）_百恋成仙（送千元充值）无限元宝服_SF变态版百恋成仙（送千元充值）公益服下载 - 最笨下载"跳转正常,该类元素共18个，当前第12个
2020-07-27 19:12:24,911 - 2 - INFO - 页面"国战纪元_国战纪元无限元宝服_SF变态版国战纪元公益服下载 - 最笨下载"跳转正常,该类元素共18个，当前第13个
2020-07-27 19:12:31,047 - 2 - INFO - 页面"幻游猎人_幻游猎人无限元宝服_SF变态版幻游猎人公益服下载 - 最笨下载"跳转正常,该类元素共18个，当前第14个
2020-07-27 19:12:37,184 - 2 - INFO - 页面"坦克军团（送198充值卡）_坦克军团（送198充值卡）无限元宝服_SF变态版坦克军团（送198充值卡）公益服下载 - 最笨下载"跳转正常,该类元素共18个，当前第15个
2020-07-27 19:12:43,326 - 2 - INFO - 页面"古墓迷城_古墓迷城无限元宝服_SF变态版古墓迷城公益服下载 - 最笨下载"跳转正常,该类元素共18个，当前第16个
2020-07-27 19:12:49,446 - 2 - INFO - 页面"大天劫（商城特权）_大天劫（商城特权）无限元宝服_SF变态版大天劫（商城特权）公益服下载 - 最笨下载"跳转正常,该类元素共18个，当前第17个
2020-07-27 19:12:55,557 - 2 - INFO - 页面"卧虎藏龙（复古满级特权）_卧虎藏龙（复古满级特权）无限元宝服_SF变态版卧虎藏龙（复古满级特权）公益服下载 - 最笨下载"跳转正常,该类元素共18个，当前第18个
2020-07-27 19:13:02,868 - 2 - INFO - 页面"满vip版手游_手游sf送顶级vip_满级vip无限元宝手游下载-最笨下载"跳转正常,该类元素共13个，当前第1个
2020-07-27 19:13:03,148 - basepage - INFO - Click back on current page.
2020-07-27 19:13:10,525 - 2 - INFO - 页面"满vip版手游_手游sf送顶级vip_满级vip无限元宝手游下载-最笨下载"跳转正常,该类元素共13个，当前第2个
2020-07-27 19:13:10,964 - basepage - INFO - Click back on current page.
2020-07-27 19:13:19,475 - 2 - INFO - 页面"满vip版手游_手游sf送顶级vip_满级vip无限元宝手游下载-最笨下载"跳转正常,该类元素共13个，当前第3个
2020-07-27 19:13:19,915 - basepage - INFO - Click back on current page.
2020-07-27 19:13:28,131 - 2 - INFO - 页面"满vip版手游_手游sf送顶级vip_满级vip无限元宝手游下载-最笨下载"跳转正常,该类元素共13个，当前第4个
2020-07-27 19:13:28,398 - basepage - INFO - Click back on current page.
2020-07-27 19:13:37,159 - 2 - INFO - 页面"满vip版手游_手游sf送顶级vip_满级vip无限元宝手游下载-最笨下载"跳转正常,该类元素共13个，当前第5个
2020-07-27 19:13:37,567 - basepage - INFO - Click back on current page.
2020-07-27 19:13:45,938 - 2 - INFO - 页面"满vip版手游_手游sf送顶级vip_满级vip无限元宝手游下载-最笨下载"跳转正常,该类元素共13个，当前第6个
2020-07-27 19:13:46,345 - basepage - INFO - Click back on current page.
2020-07-27 19:13:54,435 - 2 - INFO - 页面"满vip版手游_手游sf送顶级vip_满级vip无限元宝手游下载-最笨下载"跳转正常,该类元素共13个，当前第7个
2020-07-27 19:13:54,902 - basepage - INFO - Click back on current page.
2020-07-27 19:14:03,152 - 2 - INFO - 页面"满vip版手游_手游sf送顶级vip_满级vip无限元宝手游下载-最笨下载"跳转正常,该类元素共13个，当前第8个
2020-07-27 19:14:03,409 - basepage - INFO - Click back on current page.
2020-07-27 19:14:11,800 - 2 - INFO - 页面"满vip版手游_手游sf送顶级vip_满级vip无限元宝手游下载-最笨下载"跳转正常,该类元素共13个，当前第9个
2020-07-27 19:14:12,238 - basepage - INFO - Click back on current page.
2020-07-27 19:14:20,444 - 2 - INFO - 页面"满vip版手游_手游sf送顶级vip_满级vip无限元宝手游下载-最笨下载"跳转正常,该类元素共13个，当前第10个
2020-07-27 19:14:20,833 - basepage - INFO - Click back on current page.
2020-07-27 19:14:28,971 - 2 - INFO - 页面"满vip版手游_手游sf送顶级vip_满级vip无限元宝手游下载-最笨下载"跳转正常,该类元素共13个，当前第11个
2020-07-27 19:14:29,249 - basepage - INFO - Click back on current page.
2020-07-27 19:14:36,004 - 2 - ERROR - 页面"404-最笨下载"跳转异常,该类元素共13个，当前第12个
2020-07-27 19:14:36,757 - basepage - INFO - Click back on current page.
2020-07-27 19:14:45,566 - 2 - INFO - 页面"满vip版手游_手游sf送顶级vip_满级vip无限元宝手游下载-最笨下载"跳转正常,该类元素共13个，当前第13个
2020-07-27 19:14:46,008 - basepage - INFO - Click back on current page.
2020-07-27 19:14:54,433 - 2 - INFO - 页面"帝国光辉（每日送1000R）_帝国光辉（每日送1000R）无限元宝服_SF变态版帝国光辉（每日送1000R）公益服下载 - 最笨下载"跳转正常,该类元素共18个，当前第1个
2020-07-27 19:15:00,606 - 2 - INFO - 页面"围攻大菠萝（送328充值）_围攻大菠萝（送328充值）无限元宝服_SF变态版围攻大菠萝（送328充值）公益服下载 - 最笨下载"跳转正常,该类元素共18个，当前第2个
2020-07-27 19:15:06,729 - 2 - INFO - 页面"女神联盟2（送500充值）_女神联盟2（送500充值）无限元宝服_SF变态版女神联盟2（送500充值）公益服下载 - 最笨下载"跳转正常,该类元素共18个，当前第3个
2020-07-27 19:15:12,838 - 2 - INFO - 页面"九天仙梦（商城特权）_九天仙梦（商城特权）无限元宝服_SF变态版九天仙梦（商城特权）公益服下载 - 最笨下载"跳转正常,该类元素共18个，当前第4个
2020-07-27 19:15:18,951 - 2 - INFO - 页面"仙剑缘（星耀特权）_仙剑缘（星耀特权）无限元宝服_SF变态版仙剑缘（星耀特权）公益服下载 - 最笨下载"跳转正常,该类元素共18个，当前第5个
2020-07-27 19:15:25,124 - 2 - INFO - 页面"我叫MT：奇幻之旅（送一万连抽）_我叫MT：奇幻之旅（送一万连抽）无限元宝服_SF变态版我叫MT：奇幻之旅（送一万连抽）公益服下载 - 最笨下载"跳转正常,该类元素共18个，当前第6个
2020-07-27 19:15:31,254 - 2 - INFO - 页面"天天驯兽师（每日送百抽）_天天驯兽师（每日送百抽）无限元宝服_SF变态版天天驯兽师（每日送百抽）公益服下载 - 最笨下载"跳转正常,该类元素共18个，当前第7个
2020-07-27 19:15:37,378 - 2 - INFO - 页面"神契幻奇谭（海量特权）_神契幻奇谭（海量特权）无限元宝服_SF变态版神契幻奇谭（海量特权）公益服下载 - 最笨下载"跳转正常,该类元素共18个，当前第8个
2020-07-27 19:15:43,493 - 2 - INFO - 页面"冒险者集结（送650充值）_冒险者集结（送650充值）无限元宝服_SF变态版冒险者集结（送650充值）公益服下载 - 最笨下载"跳转正常,该类元素共18个，当前第9个
2020-07-27 19:15:49,640 - 2 - INFO - 页面"御剑封神录（送海量充值）_御剑封神录（送海量充值）无限元宝服_SF变态版御剑封神录（送海量充值）公益服下载 - 最笨下载"跳转正常,该类元素共18个，当前第10个
2020-07-27 19:15:55,759 - 2 - INFO - 页面"无敌战舰（送百元充值）_无敌战舰（送百元充值）无限元宝服_SF变态版无敌战舰（送百元充值）公益服下载 - 最笨下载"跳转正常,该类元素共18个，当前第11个
2020-07-27 19:16:01,898 - 2 - INFO - 页面"孤龙山（送GM海量充）_孤龙山（送GM海量充）无限元宝服_SF变态版孤龙山（送GM海量充）公益服下载 - 最笨下载"跳转正常,该类元素共18个，当前第12个
2020-07-27 19:16:08,070 - 2 - INFO - 页面"圣痕觉醒（送万元充值）_圣痕觉醒（送万元充值）无限元宝服_SF变态版圣痕觉醒（送万元充值）公益服下载 - 最笨下载"跳转正常,该类元素共18个，当前第13个
2020-07-27 19:16:14,212 - 2 - INFO - 页面"怪兽宝贝（星耀特权）_怪兽宝贝（星耀特权）无限元宝服_SF变态版怪兽宝贝（星耀特权）公益服下载 - 最笨下载"跳转正常,该类元素共18个，当前第14个
2020-07-27 19:16:20,333 - 2 - INFO - 页面"乱世祭（豪华特权）_乱世祭（豪华特权）无限元宝服_SF变态版乱世祭（豪华特权）公益服下载 - 最笨下载"跳转正常,该类元素共18个，当前第15个
2020-07-27 19:16:26,455 - 2 - INFO - 页面"仙灵世界（送海量连抽）_仙灵世界（送海量连抽）无限元宝服_SF变态版仙灵世界（送海量连抽）公益服下载 - 最笨下载"跳转正常,该类元素共18个，当前第16个
2020-07-27 19:16:32,646 - 2 - INFO - 页面"刀剑神魔录（送真·充值卡）_刀剑神魔录（送真·充值卡）无限元宝服_SF变态版刀剑神魔录（送真·充值卡）公益服下载 - 最笨下载"跳转正常,该类元素共18个，当前第17个
2020-07-27 19:16:38,793 - 2 - INFO - 页面"小小三国（送2000充值）_小小三国（送2000充值）无限元宝服_SF变态版小小三国（送2000充值）公益服下载 - 最笨下载"跳转正常,该类元素共18个，当前第18个
2020-07-27 19:16:45,306 - 2 - INFO - 页面"【苹果益智休闲游戏】好玩的iPhone益智休闲游戏大全_iPhone益智休闲类游戏下载-最笨下载"跳转正常,该类元素共16个，当前第1个
2020-07-27 19:16:45,574 - basepage - INFO - Click back on current page.
2020-07-27 19:16:53,209 - 2 - INFO - 页面"【苹果其他游戏】好玩的iphone其他游戏大全_iphone其他类游戏下载-最笨下载"跳转正常,该类元素共16个，当前第2个
2020-07-27 19:16:53,635 - basepage - INFO - Click back on current page.
2020-07-27 19:17:01,303 - 2 - INFO - 页面"【苹果音乐游戏】好玩的iphone音乐游戏大全_iphone音乐类游戏下载-最笨下载"跳转正常,该类元素共16个，当前第3个
2020-07-27 19:17:01,709 - basepage - INFO - Click back on current page.
2020-07-27 19:17:09,481 - 2 - INFO - 页面"【苹果网络游戏】好玩的iphone网络游戏大全_iphone网络类游戏下载-最笨下载"跳转正常,该类元素共16个，当前第4个
2020-07-27 19:17:09,791 - basepage - INFO - Click back on current page.
2020-07-27 19:17:17,496 - 2 - INFO - 页面"【苹果格斗游戏】好玩的iPhone格斗游戏大全_iPhone格斗类游戏下载-最笨下载"跳转正常,该类元素共16个，当前第5个
2020-07-27 19:17:17,935 - basepage - INFO - Click back on current page.
2020-07-27 19:17:28,831 - 2 - INFO - 页面"【苹果飞行游戏】好玩的iPhone飞行游戏大全_iPhone飞行类游戏下载-最笨下载"跳转正常,该类元素共16个，当前第6个
2020-07-27 19:17:29,236 - basepage - INFO - Click back on current page.
2020-07-27 19:17:36,596 - 2 - INFO - 页面"【苹果体育运动游戏】好玩的iPhone体育运动游戏大全_iPhone体育运动类游戏下载-最笨下载"跳转正常,该类元素共16个，当前第7个
2020-07-27 19:17:36,873 - basepage - INFO - Click back on current page.
2020-07-27 19:17:44,542 - 2 - INFO - 页面"【苹果模拟经营游戏】好玩的iPhone模拟经营游戏大全_iPhone模拟经营类游戏下载-最笨下载"跳转正常,该类元素共16个，当前第8个
2020-07-27 19:17:44,823 - basepage - INFO - Click back on current page.
2020-07-27 19:17:51,858 - 2 - INFO - 页面"【苹果策略游戏】好玩的iphone策略游戏大全_iphone策略类游戏下载-最笨下载"跳转正常,该类元素共16个，当前第9个
2020-07-27 19:17:52,315 - basepage - INFO - Click back on current page.
2020-07-27 19:17:59,861 - 2 - INFO - 页面"【苹果塔防游戏】好玩的iphone塔防游戏大全_iphone塔防类游戏下载-最笨下载"跳转正常,该类元素共16个，当前第10个
2020-07-27 19:18:00,131 - basepage - INFO - Click back on current page.
2020-07-27 19:18:07,905 - 2 - INFO - 页面"【苹果解谜游戏】好玩的iphone解谜游戏大全_iphone解谜类游戏下载-最笨下载"跳转正常,该类元素共16个，当前第11个
2020-07-27 19:18:08,118 - basepage - INFO - Click back on current page.
2020-07-27 19:18:15,888 - 2 - INFO - 页面"【苹果射击游戏】好玩的iphone射击游戏大全_iphone射击类游戏下载-最笨下载"跳转正常,该类元素共16个，当前第12个
2020-07-27 19:18:16,313 - basepage - INFO - Click back on current page.
2020-07-27 19:18:23,970 - 2 - INFO - 页面"【苹果棋牌游戏】好玩的iphone棋牌游戏大全_iphone棋牌类游戏下载-最笨下载"跳转正常,该类元素共16个，当前第13个
2020-07-27 19:18:24,227 - basepage - INFO - Click back on current page.
2020-07-27 19:18:31,781 - 2 - INFO - 页面"【苹果赛车游戏】好玩的iPhone赛车游戏大全_iPhone赛车类游戏下载-最笨下载"跳转正常,该类元素共16个，当前第14个
2020-07-27 19:18:32,009 - basepage - INFO - Click back on current page.
2020-07-27 19:18:39,090 - 2 - INFO - 页面"【苹果角色扮演游戏】好玩的iphone角色扮演游戏_iPhone角色扮演类游戏下载-最笨下载"跳转正常,该类元素共16个，当前第15个
2020-07-27 19:18:39,498 - basepage - INFO - Click back on current page.
2020-07-27 19:18:46,815 - 2 - INFO - 页面"【安卓动作游戏】好玩的iPhone动作游戏大全_iPhone动作类游戏下载-最笨下载"跳转正常,该类元素共16个，当前第16个
2020-07-27 19:18:47,065 - basepage - INFO - Click back on current page.
2020-07-27 19:18:58,421 - 2 - INFO - 页面"猎手之王ios版_猎手之王ios版下载_猎手之王ios版官方下载-最笨下载"跳转正常,该类元素共18个，当前第1个
2020-07-27 19:19:04,559 - 2 - INFO - 页面"古墓迷城ios版_古墓迷城ios版下载_古墓迷城ios版官方下载-最笨下载"跳转正常,该类元素共18个，当前第2个
2020-07-27 19:19:10,707 - 2 - INFO - 页面"国战纪元ios版_国战纪元ios版下载_国战纪元ios版官方下载-最笨下载"跳转正常,该类元素共18个，当前第3个
2020-07-27 19:19:16,865 - 2 - INFO - 页面"天诀ios版_天诀ios版下载_天诀ios版官方下载-最笨下载"跳转正常,该类元素共18个，当前第4个
2020-07-27 19:19:22,998 - 2 - INFO - 页面"仙剑缘（星耀特权）ios版_仙剑缘（星耀特权）ios版下载_仙剑缘（星耀特权）ios版官方下载-最笨下载"跳转正常,该类元素共18个，当前第5个
2020-07-27 19:19:29,143 - 2 - INFO - 页面"九灵神域ios版_九灵神域ios版下载_九灵神域ios版官方下载-最笨下载"跳转正常,该类元素共18个，当前第6个
2020-07-27 19:19:35,292 - 2 - INFO - 页面"天之命（海量特权）ios版_天之命（海量特权）ios版下载_天之命（海量特权）ios版官方下载-最笨下载"跳转正常,该类元素共18个，当前第7个
2020-07-27 19:19:41,473 - 2 - INFO - 页面"魔剑侠缘（星耀特权）ios版_魔剑侠缘（星耀特权）ios版下载_魔剑侠缘（星耀特权）ios版官方下载-最笨下载"跳转正常,该类元素共18个，当前第8个
2020-07-27 19:19:47,585 - 2 - INFO - 页面"仙灵世界（复古绿色服）ios版_仙灵世界（复古绿色服）ios版下载_仙灵世界（复古绿色服）ios版官方下载-最笨下载"跳转正常,该类元素共18个，当前第9个
2020-07-27 19:19:53,704 - 2 - INFO - 页面"风之剑舞（至尊特权）ios版_风之剑舞（至尊特权）ios版下载_风之剑舞（至尊特权）ios版官方下载-最笨下载"跳转正常,该类元素共18个，当前第10个
2020-07-27 19:19:59,813 - 2 - INFO - 页面"塔塔星座（送328充值）ios版_塔塔星座（送328充值）ios版下载_塔塔星座（送328充值）ios版官方下载-最笨下载"跳转正常,该类元素共18个，当前第11个
2020-07-27 19:20:05,915 - 2 - INFO - 页面"烈焰封天（激爽特权）ios版_烈焰封天（激爽特权）ios版下载_烈焰封天（激爽特权）ios版官方下载-最笨下载"跳转正常,该类元素共18个，当前第12个
2020-07-27 19:20:12,029 - 2 - INFO - 页面"亿次元（送千元充值）ios版_亿次元（送千元充值）ios版下载_亿次元（送千元充值）ios版官方下载-最笨下载"跳转正常,该类元素共18个，当前第13个
2020-07-27 19:20:18,189 - 2 - INFO - 页面"古剑仙域（送海量充值）ios版_古剑仙域（送海量充值）ios版下载_古剑仙域（送海量充值）ios版官方下载-最笨下载"跳转正常,该类元素共18个，当前第14个
2020-07-27 19:20:24,316 - 2 - INFO - 页面"大军师（送海量橙将）ios版_大军师（送海量橙将）ios版下载_大军师（送海量橙将）ios版官方下载-最笨下载"跳转正常,该类元素共18个，当前第15个
2020-07-27 19:20:30,485 - 2 - INFO - 页面"传奇盛世2（星耀特权）ios版_传奇盛世2（星耀特权）ios版下载_传奇盛世2（星耀特权）ios版官方下载-最笨下载"跳转正常,该类元素共18个，当前第16个
2020-07-27 19:20:36,619 - 2 - INFO - 页面"雷霆狂暴（永久百连抽）ios版_雷霆狂暴（永久百连抽）ios版下载_雷霆狂暴（永久百连抽）ios版官方下载-最笨下载"跳转正常,该类元素共18个，当前第17个
2020-07-27 19:20:42,741 - 2 - INFO - 页面"暗黑纪元（送海量充值）ios版_暗黑纪元（送海量充值）ios版下载_暗黑纪元（送海量充值）ios版官方下载-最笨下载"跳转正常,该类元素共18个，当前第18个
2020-07-27 19:20:50,400 - 2 - INFO - 页面"ios无限元宝的手游"跳转正常,该类元素共4个，当前第1个
2020-07-27 19:20:50,636 - basepage - INFO - Click back on current page.
2020-07-27 19:20:55,805 - 2 - INFO - 页面"gm手游助手ios"跳转正常,该类元素共4个，当前第2个
2020-07-27 19:20:56,175 - basepage - INFO - Click back on current page.
2020-07-27 19:21:02,248 - 2 - INFO - 页面"ios变态服游戏"跳转正常,该类元素共4个，当前第3个
2020-07-27 19:21:02,477 - basepage - INFO - Click back on current page.
2020-07-27 19:21:07,739 - 2 - INFO - 页面"ios看小说神器"跳转正常,该类元素共4个，当前第4个
2020-07-27 19:21:08,123 - basepage - INFO - Click back on current page.
2020-07-27 19:21:15,598 - 2 - INFO - 页面"【最笨周末活动】7月10日晴了一夏周末福利活动"跳转正常,该类元素共4个，当前第1个
2020-07-27 19:21:15,817 - basepage - INFO - Click back on current page.
2020-07-27 19:21:20,945 - 2 - INFO - 页面"【最笨周末活动】7月3日清凉一夏活动来袭~"跳转正常,该类元素共4个，当前第2个
2020-07-27 19:21:21,332 - basepage - INFO - Click back on current page.
2020-07-27 19:21:26,289 - 2 - INFO - 页面"【最笨周末活动】炎炎夏日~让福利活动给你冰凉"跳转正常,该类元素共4个，当前第3个
2020-07-27 19:21:26,514 - basepage - INFO - Click back on current page.
2020-07-27 19:21:31,489 - 2 - INFO - 页面"【最笨周末活动】7月17日夏日活动 福利好礼一夏"跳转正常,该类元素共4个，当前第4个
2020-07-27 19:21:31,720 - basepage - INFO - Click back on current page.
2020-07-27 19:21:37,840 - 2 - INFO - 页面"有翡原著小说简介 有匪小说剧情介绍"跳转正常,该类元素共20个，当前第1个
2020-07-27 19:21:43,994 - 2 - INFO - 页面"有翡小说免费阅读 有匪小说周翡全文阅读"跳转正常,该类元素共20个，当前第2个
2020-07-27 19:21:50,139 - 2 - INFO - 页面"有翡原著小说在线阅读 有翡原著小说全文免费"跳转正常,该类元素共20个，当前第3个
2020-07-27 19:21:56,307 - 2 - INFO - 页面"聊天第一句幽默技巧 微信聊天第一句怎么开场"跳转正常,该类元素共20个，当前第4个
2020-07-27 19:22:02,416 - 2 - INFO - 页面"陌陌怎么聊天 陌陌聊天技巧分享"跳转正常,该类元素共20个，当前第5个
2020-07-27 19:22:08,524 - 2 - INFO - 页面"LOL绽灵节阿狸好感度任务怎么做 绽灵节阿狸好感"跳转正常,该类元素共20个，当前第6个
2020-07-27 19:22:14,656 - 2 - INFO - 页面"光遇暮土遇到螃蟹怎么办 螃蟹应对方法"跳转正常,该类元素共20个，当前第7个
2020-07-27 19:22:20,856 - 2 - INFO - 页面"云顶之弈10.15星守拼多多怎么玩 星守拼多多阵容"跳转正常,该类元素共20个，当前第8个
2020-07-27 19:22:26,996 - 2 - INFO - 页面"炉石传说通灵学院战士新卡介绍 战士史诗级随从"跳转正常,该类元素共20个，当前第9个
2020-07-27 19:22:33,156 - 2 - INFO - 页面"王者荣耀李信世界冠军杯皮肤签到礼包领取地址"跳转正常,该类元素共20个，当前第10个
2020-07-27 19:22:39,294 - 2 - INFO - 页面"什么软件可以下破解版游戏 免费下载破解版的游"跳转正常,该类元素共20个，当前第11个
2020-07-27 19:22:45,411 - 2 - INFO - 页面"现在什么游戏玩的人多-游戏玩的人多的排名202"跳转正常,该类元素共20个，当前第12个
2020-07-27 19:22:51,536 - 2 - INFO - 页面"2020有什么好玩的网游推荐-2020新网游排行榜"跳转正常,该类元素共20个，当前第13个
2020-07-27 19:22:57,679 - 2 - INFO - 页面"有什么好玩的游戏吗-2020好玩的游戏手游排行榜"跳转正常,该类元素共20个，当前第14个
2020-07-27 19:23:03,820 - 2 - INFO - 页面"好玩的修真网游-修真网游游戏排行榜2020"跳转正常,该类元素共20个，当前第15个
2020-07-27 19:23:09,949 - 2 - INFO - 页面"2020有什么无限元宝的游戏"跳转正常,该类元素共20个，当前第16个
2020-07-27 19:23:16,112 - 2 - INFO - 页面"什么软件可以下载变态游戏"跳转正常,该类元素共20个，当前第17个
2020-07-27 19:23:22,262 - 2 - INFO - 页面"有什么好玩的卡牌手游"跳转正常,该类元素共20个，当前第18个
2020-07-27 19:23:28,389 - 2 - INFO - 页面"王者荣耀S19自定义布局在哪设置"跳转正常,该类元素共20个，当前第19个
2020-07-27 19:23:34,510 - 2 - INFO - 页面"全球行动反抗军怎么玩"跳转正常,该类元素共20个，当前第20个
2020-07-27 19:23:43,484 - 2 - INFO - 页面"apk3安卓网-2020最新apk安卓游戏-热门apk软件下载平台"跳转正常,该类元素共34个，当前第1个
2020-07-27 19:23:49,643 - 2 - INFO - 页面"小游戏,在线小游戏,小游戏大全,双人小游戏,3199小游戏"跳转正常,该类元素共34个，当前第2个
2020-07-27 19:24:00,075 - 2 - INFO - 页面"中文网站排行榜_alexa排行 - 爱站网站排行榜"跳转正常,该类元素共34个，当前第3个
2020-07-27 19:24:13,541 - 2 - INFO - 页面"9号下载_下载软件_免费下载单机游戏_手机游戏下载大全"跳转正常,该类元素共34个，当前第4个
2020-07-27 19:24:42,090 - 2 - INFO - 页面"软件下载中心_绿色免费软件,手机游戏|软件下载,到超人软件站"跳转正常,该类元素共34个，当前第5个
2020-07-27 19:24:48,854 - 2 - INFO - 页面"系统圣地,绿色免费软件,手游下载等软件下载网站"跳转正常,该类元素共34个，当前第6个
2020-07-27 19:24:55,063 - 2 - INFO - 页面"天天安卓模拟器_安卓模拟器电脑版下载_天天模拟器官网"跳转正常,该类元素共34个，当前第7个
2020-07-27 19:25:01,240 - 2 - INFO - 页面"好看小说推荐_热门小说大全_小说排行榜 - 玖陆文学"跳转正常,该类元素共34个，当前第8个
2020-07-27 19:25:07,386 - 2 - INFO - 页面"IE8 IE9 IE10 IE浏览器下载 - IE浏览器中文网站"跳转正常,该类元素共34个，当前第9个
2020-07-27 19:25:15,152 - 2 - INFO - 页面"bt手游平台_满v手游公益服_gm手游排行榜_3733游戏盒子官网"跳转正常,该类元素共34个，当前第10个
2020-07-27 19:25:35,428 - 2 - INFO - 页面"bt公益服变态手游排行榜前十名[新开公测热门+在线人多+免费大型网游]新开最热门好玩人气高的网络游戏有什么_安卓苹果ios客户端游戏下载大全_8979游戏官网"跳转正常,该类元素共34个，当前第11个
2020-07-27 19:25:41,630 - 2 - INFO - 页面"【破解版手机游戏】手机破解游戏下载_安卓手机游戏破解版下载大全-最笨下载"跳转正常,该类元素共34个，当前第12个
2020-07-27 19:25:47,816 - 2 - INFO - 页面"windows10系统之家 - 系统之家提供win10专业版,ISO镜像,企业版等win10系统下载"跳转正常,该类元素共34个，当前第13个
2020-07-27 19:25:54,973 - 2 - INFO - 页面"39整形美容_中国专业医学整形美容门户"跳转正常,该类元素共34个，当前第14个
2020-07-27 19:26:01,116 - 2 - INFO - 页面"零度软件园_官方软件下载_绿色软件_游戏下载_值得信赖的下载站！"跳转正常,该类元素共34个，当前第15个
2020-07-27 19:26:07,298 - 2 - INFO - 页面"单机游戏_单机游戏下载大全中文版下载_好玩的单机游戏下载基地 - 99单机游戏"跳转正常,该类元素共34个，当前第16个
2020-07-27 19:26:13,498 - 2 - INFO - 页面"安卓市场_安卓游戏破解版下载_单机破解版游戏大全_手机网游下载"跳转正常,该类元素共34个，当前第17个
2020-07-27 19:27:34,309 - 2 - INFO - 页面"手机游戏下载-手机软件下载-电脑软件下载-小黑游戏"跳转正常,该类元素共34个，当前第18个
2020-07-27 19:27:40,494 - 2 - INFO - 页面"手机游戏_手机游戏排行榜_好玩的手机游戏_安卓手机游戏推荐_易玩网"跳转正常,该类元素共34个，当前第19个
2020-07-27 19:27:46,679 - 2 - INFO - 页面"手机游戏_好玩的手机游戏下载_手机游戏排行榜-游戏吧"跳转正常,该类元素共34个，当前第20个
2020-07-27 19:27:54,945 - 2 - INFO - 页面"免费手机游戏_好玩的单机游戏_安卓破解版游戏下载_apk8安卓网"跳转正常,该类元素共34个，当前第21个
2020-07-27 19:28:01,127 - 2 - INFO - 页面"免费手机游戏_好玩的单机游戏_安卓破解版游戏下载_apk8安卓网"跳转正常,该类元素共34个，当前第22个
2020-07-27 19:28:07,314 - 2 - INFO - 页面"安卓破解版游戏下载_单机手机破解游戏大全_免费游戏破解版下载-最笨下载"跳转正常,该类元素共34个，当前第23个
2020-07-27 19:28:13,462 - 2 - INFO - 页面"app.3987.com"跳转正常,该类元素共34个，当前第24个
2020-07-27 19:28:19,612 - 2 - INFO - 页面"可可出招表-流星蝴蝶剑出招表-拳皇97出招表-手机游戏-绿色软件下载"跳转正常,该类元素共34个，当前第25个
2020-07-27 19:28:30,044 - 2 - INFO - 页面"爪游控 | 新锐综合资讯媒体"跳转正常,该类元素共34个，当前第26个
2020-07-27 19:28:36,211 - 2 - INFO - 页面"3733游戏盒官网_bt游戏_满vip手游_gm手游大全_破解游戏盒子下载"跳转正常,该类元素共34个，当前第27个
2020-07-27 19:28:42,428 - 2 - INFO - 页面"绿色免费电脑软件下载_手机软件游戏下载中心-520下载站"跳转正常,该类元素共34个，当前第28个
2020-07-27 19:28:48,618 - 2 - INFO - 页面"免费大型经典安卓破解版单机游戏下载排行榜_手机最火爆最新出热门好玩人气高3DBT网络游戏有什么_破解游戏盒子软件大全-下载多"跳转正常,该类元素共34个，当前第29个
2020-07-27 19:28:54,778 - 2 - INFO - 页面"3733游戏盒官网_bt游戏_满vip手游_gm手游大全_破解游戏盒子下载"跳转正常,该类元素共34个，当前第30个
2020-07-27 19:29:04,176 - 2 - INFO - 页面"VR之家_专业VR游戏软件下载网站_VR应用_VR电影_VR视频_VR资源-VR之家"跳转正常,该类元素共34个，当前第31个
2020-07-27 19:29:10,370 - 2 - INFO - 页面"手机玩_免费安卓手机游戏_安卓游戏破解版下载_破解游戏盒子下载"跳转正常,该类元素共34个，当前第32个
2020-07-27 19:29:16,577 - 2 - INFO - 页面"gm手游平台_gm手游盒子_gm版手游下载_3733游戏官网"跳转正常,该类元素共34个，当前第33个
2020-07-27 19:29:29,204 - 2 - INFO - 页面"gm手游平台_gm版无限元宝手游_gm手游盒子下载_gm助手官网"跳转正常,该类元素共34个，当前第34个
2020-07-27 19:29:34,983 - 2 - INFO - 进入"游戏"模块，将执行随机函数
2020-07-27 19:29:37,673 - 2 - INFO - 随机页面"凡人飞仙传（充值特权）"跳转正常，当前第1个
2020-07-27 19:29:37,765 - basepage - INFO - Click back on current page.
2020-07-27 19:29:42,911 - 2 - INFO - 随机页面"横扫天下之万年强者（1元超值）"跳转正常，当前第2个
2020-07-27 19:29:42,998 - basepage - INFO - Click back on current page.
2020-07-27 19:29:47,874 - 2 - INFO - 随机页面"女神联盟2（送500充值）"跳转正常，当前第3个
2020-07-27 19:29:47,983 - basepage - INFO - Click back on current page.
2020-07-27 19:29:52,371 - 2 - INFO - 随机页面"凡人飞仙传（充值特权）"跳转正常，当前第1个
2020-07-27 19:29:52,460 - basepage - INFO - Click back on current page.
2020-07-27 19:29:56,876 - 2 - INFO - 随机页面"魔法之光（红忍海量抽）"跳转正常，当前第2个
2020-07-27 19:29:56,994 - basepage - INFO - Click back on current page.
2020-07-27 19:30:01,443 - 2 - INFO - 随机页面"大军师（送海量橙将）"跳转正常，当前第3个
2020-07-27 19:30:01,569 - basepage - INFO - Click back on current page.
2020-07-27 19:30:07,821 - 2 - INFO - 进入"应用"模块，将执行随机函数
2020-07-27 19:30:13,556 - 2 - INFO - 随机页面"畅乐读"跳转正常，当前第1个
2020-07-27 19:30:13,700 - basepage - INFO - Click back on current page.
2020-07-27 19:30:18,932 - 2 - INFO - 随机页面"脱单大师"跳转正常，当前第2个
2020-07-27 19:30:19,037 - basepage - INFO - Click back on current page.
2020-07-27 19:30:23,989 - 2 - INFO - 随机页面"最笨游戏盒子"跳转正常，当前第3个
2020-07-27 19:30:24,137 - basepage - INFO - Click back on current page.
2020-07-27 19:30:28,902 - 2 - INFO - 随机页面"土味情话社"跳转正常，当前第1个
2020-07-27 19:30:29,014 - basepage - INFO - Click back on current page.
2020-07-27 19:30:33,733 - 2 - INFO - 随机页面"3733游戏盒子"跳转正常，当前第2个
2020-07-27 19:30:33,853 - basepage - INFO - Click back on current page.
2020-07-27 19:30:39,185 - 2 - INFO - 随机页面"撩吧"跳转正常，当前第3个
2020-07-27 19:30:39,305 - basepage - INFO - Click back on current page.
2020-07-27 19:30:46,793 - 2 - INFO - 进入"资讯"模块，将执行随机函数
2020-07-27 19:30:49,517 - 2 - INFO - 随机页面"和平精英特斯拉兑换徽章获取攻略"跳转正常，当前第1个
2020-07-27 19:30:49,607 - basepage - INFO - Click back on current page.
2020-07-27 19:30:54,359 - 2 - INFO - 随机页面"王者荣耀张飞虎魄皮肤签到礼包领取地址介绍"跳转正常，当前第2个
2020-07-27 19:30:54,496 - basepage - INFO - Click back on current page.
2020-07-27 19:30:59,493 - 2 - INFO - 随机页面"梦幻西游天罡星级图怎么玩-天罡星级图玩法技巧"跳转正常，当前第3个
2020-07-27 19:30:59,592 - basepage - INFO - Click back on current page.
2020-07-27 19:31:04,054 - 2 - INFO - 随机页面"主公别闹"跳转正常，当前第1个
2020-07-27 19:31:04,183 - basepage - INFO - Click back on current page.
2020-07-27 19:31:08,614 - 2 - INFO - 随机页面"凡人飞仙传（充值特权）"跳转正常，当前第2个
2020-07-27 19:31:08,707 - basepage - INFO - Click back on current page.
2020-07-27 19:31:13,311 - 2 - INFO - 随机页面"大军师（送海量橙将）"跳转正常，当前第3个
2020-07-27 19:31:13,431 - basepage - INFO - Click back on current page.
2020-07-27 19:31:19,984 - 2 - INFO - 进入"专题"模块，将执行随机函数
2020-07-27 19:31:23,409 - 2 - INFO - 页面"高情商聊天神器app"跳转正常,该类元素共1个，当前第1个
2020-07-27 19:31:23,513 - basepage - INFO - Click back on current page.
2020-07-27 19:31:28,734 - 2 - INFO - 随机页面"聊天回复神器"跳转正常，当前第1个
2020-07-27 19:31:31,788 - basepage - INFO - Click back on current page.
2020-07-27 19:31:36,616 - 2 - INFO - 随机页面"撩吧恋爱大师"跳转正常，当前第2个
2020-07-27 19:31:36,797 - basepage - INFO - Click back on current page.
2020-07-27 19:31:42,167 - 2 - INFO - 随机页面"神撩话术"跳转正常，当前第3个
2020-07-27 19:31:42,279 - basepage - INFO - Click back on current page.
2020-07-27 19:31:47,896 - 2 - INFO - 页面"聊天技巧软件大全下载"跳转正常,该类元素共1个，当前第1个
2020-07-27 19:31:48,097 - basepage - INFO - Click back on current page.
2020-07-27 19:31:52,667 - 2 - INFO - 随机页面"恋爱撩吧app"跳转正常，当前第1个
2020-07-27 19:31:52,787 - basepage - INFO - Click back on current page.
2020-07-27 19:31:57,708 - 2 - INFO - 随机页面"蜜小助"跳转正常，当前第2个
2020-07-27 19:31:57,915 - basepage - INFO - Click back on current page.
2020-07-27 19:32:02,897 - 2 - INFO - 随机页面"恋爱辅助器"跳转正常，当前第3个
2020-07-27 19:32:05,979 - basepage - INFO - Click back on current page.
2020-07-27 19:32:11,101 - 2 - INFO - 页面"ios看小说神器"跳转正常,该类元素共1个，当前第1个
2020-07-27 19:32:11,208 - basepage - INFO - Click back on current page.
2020-07-27 19:32:16,070 - 2 - INFO - 随机页面"优看小说"跳转正常，当前第1个
2020-07-27 19:32:27,136 - basepage - INFO - Click back on current page.
2020-07-27 19:32:31,947 - 2 - INFO - 随机页面"花溪小说"跳转正常，当前第2个
2020-07-27 19:32:32,059 - basepage - INFO - Click back on current page.
2020-07-27 19:32:37,180 - 2 - INFO - 随机页面"泡泡读书"跳转正常，当前第3个
2020-07-27 19:32:37,296 - basepage - INFO - Click back on current page.
2020-07-27 19:32:42,562 - 2 - INFO - 页面"免费无广告看小说神器"跳转正常,该类元素共1个，当前第1个
2020-07-27 19:32:42,670 - basepage - INFO - Click back on current page.
2020-07-27 19:32:47,903 - 2 - INFO - 随机页面"豆阅免费小说"跳转正常，当前第1个
2020-07-27 19:32:48,114 - basepage - INFO - Click back on current page.
2020-07-27 19:32:52,877 - 2 - INFO - 随机页面"搜书帝"跳转正常，当前第2个
2020-07-27 19:32:52,984 - basepage - INFO - Click back on current page.
2020-07-27 19:32:57,783 - 2 - INFO - 随机页面"好看阅读"跳转正常，当前第3个
2020-07-27 19:32:57,910 - basepage - INFO - Click back on current page.
2020-07-27 19:33:04,219 - 2 - INFO - 页面"ios送满v手游"跳转正常,该类元素共1个，当前第1个
2020-07-27 19:33:04,364 - basepage - INFO - Click back on current page.
2020-07-27 19:33:09,255 - 2 - INFO - 随机页面"传奇盛世2（星耀特权）ios版"跳转正常，当前第1个
2020-07-27 19:33:09,472 - basepage - INFO - Click back on current page.
2020-07-27 19:33:14,571 - 2 - INFO - 随机页面"仙灵世界（复古绿色服）ios版"跳转正常，当前第2个
2020-07-27 19:33:14,674 - basepage - INFO - Click back on current page.
2020-07-27 19:33:20,186 - 2 - INFO - 随机页面"仙界幻世录（元宝尊享）ios版"跳转正常，当前第3个
2020-07-27 19:33:20,361 - basepage - INFO - Click back on current page.
2020-07-27 19:33:26,097 - 2 - INFO - 页面"ios对战游戏"跳转正常,该类元素共1个，当前第1个
2020-07-27 19:33:26,226 - basepage - INFO - Click back on current page.
2020-07-27 19:33:31,015 - 2 - INFO - 随机页面"塔塔星座（送328充值）ios版"跳转正常，当前第1个
2020-07-27 19:33:31,126 - basepage - INFO - Click back on current page.
2020-07-27 19:33:35,506 - 2 - INFO - 随机页面"仙灵世界（复古绿色服）ios版"跳转正常，当前第2个
2020-07-27 19:33:35,612 - basepage - INFO - Click back on current page.
2020-07-27 19:33:40,374 - 2 - INFO - 随机页面"亿次元（送千元充值）ios版"跳转正常，当前第3个
2020-07-27 19:33:40,489 - basepage - INFO - Click back on current page.
2020-07-27 19:33:46,446 - 2 - INFO - 页面"ios回合手游变态版"跳转正常,该类元素共1个，当前第1个
2020-07-27 19:33:46,560 - basepage - INFO - Click back on current page.
2020-07-27 19:33:51,897 - 2 - INFO - 随机页面"萌三国（海量送充值）ios版"跳转正常，当前第1个
2020-07-27 19:33:52,077 - basepage - INFO - Click back on current page.
2020-07-27 19:33:57,450 - 2 - INFO - 随机页面"三国群将传（送1000充值）ios版"跳转正常，当前第2个
2020-07-27 19:33:57,573 - basepage - INFO - Click back on current page.
2020-07-27 19:34:02,902 - 2 - INFO - 随机页面"仙剑客栈-巅峰回合ios版"跳转正常，当前第3个
2020-07-27 19:34:03,107 - basepage - INFO - Click back on current page.
2020-07-27 19:34:09,411 - 2 - INFO - 页面"修仙类手游内购破解版"跳转正常,该类元素共1个，当前第1个
2020-07-27 19:34:09,543 - basepage - INFO - Click back on current page.
2020-07-27 19:34:14,251 - 2 - INFO - 随机页面"仙剑轮回（GM版）"跳转正常，当前第1个
2020-07-27 19:34:14,426 - basepage - INFO - Click back on current page.
2020-07-27 19:34:19,796 - 2 - INFO - 随机页面"剑道仙语（定制商城）"跳转正常，当前第2个
2020-07-27 19:34:20,014 - basepage - INFO - Click back on current page.
2020-07-27 19:34:25,050 - 2 - INFO - 随机页面"神道仙尊（GM版）"跳转正常，当前第3个
2020-07-27 19:34:25,164 - basepage - INFO - Click back on current page.
2020-07-27 19:34:31,118 - 2 - INFO - 页面"苹果手机生存游戏排行"跳转正常,该类元素共1个，当前第1个
2020-07-27 19:34:31,235 - basepage - INFO - Click back on current page.
2020-07-27 19:34:36,079 - 2 - INFO - 随机页面"西部土地：生存ios版"跳转正常，当前第1个
2020-07-27 19:34:36,258 - basepage - INFO - Click back on current page.
2020-07-27 19:34:41,743 - 2 - INFO - 随机页面"APEX大逃杀"跳转正常，当前第2个
2020-07-27 19:34:41,858 - basepage - INFO - Click back on current page.
2020-07-27 19:34:47,164 - 2 - INFO - 随机页面"死亡岛：幸存者ios版"跳转正常，当前第3个
2020-07-27 19:34:47,352 - basepage - INFO - Click back on current page.
2020-07-27 19:34:53,125 - 2 - INFO - 页面"免费破解版游戏大全"跳转正常,该类元素共1个，当前第1个
2020-07-27 19:34:53,258 - basepage - INFO - Click back on current page.
2020-07-27 19:34:58,510 - 2 - INFO - 随机页面"机器人攻城战内购版"跳转正常，当前第1个
2020-07-27 19:34:58,701 - basepage - INFO - Click back on current page.
2020-07-27 19:35:03,368 - 2 - INFO - 随机页面"闪翼双星中文版"跳转正常，当前第2个
2020-07-27 19:35:03,508 - basepage - INFO - Click back on current page.
2020-07-27 19:35:08,469 - 2 - INFO - 随机页面"帕拉狗骑士无限金币"跳转正常，当前第3个
2020-07-27 19:35:08,572 - basepage - INFO - Click back on current page.
2020-07-27 19:35:15,386 - 2 - INFO - 进入"电脑"模块，将执行随机函数
2020-07-27 19:35:17,704 - 2 - INFO - 随机页面"大军师（送海量橙将）"跳转正常，当前第1个
2020-07-27 19:35:17,790 - basepage - INFO - Click back on current page.
2020-07-27 19:35:22,409 - 2 - INFO - 随机页面"武动九天（GM免费特权）"跳转正常，当前第2个
2020-07-27 19:35:22,509 - basepage - INFO - Click back on current page.
2020-07-27 19:35:26,911 - 2 - INFO - 随机页面"唐门六道（送千元充值）"跳转正常，当前第3个
2020-07-27 19:35:27,014 - basepage - INFO - Click back on current page.
2020-07-27 19:35:34,601 - 2 - INFO - 进入"APP大全"模块，将执行随机函数
2020-07-27 19:35:38,682 - 2 - INFO - 页面"游戏盒"跳转正常,该类元素共16个，当前第1个
2020-07-27 19:35:44,821 - 2 - INFO - 页面"龙之谷2"跳转正常,该类元素共16个，当前第2个
2020-07-27 19:35:50,943 - 2 - INFO - 页面"光遇"跳转正常,该类元素共16个，当前第3个
2020-07-27 19:35:57,114 - 2 - INFO - 页面"最强蜗牛"跳转正常,该类元素共16个，当前第4个
2020-07-27 19:36:03,282 - 2 - INFO - 页面"塞尔达"跳转正常,该类元素共16个，当前第5个
2020-07-27 19:36:09,418 - 2 - INFO - 页面"山海镜花"跳转正常,该类元素共16个，当前第6个
2020-07-27 19:36:15,552 - 2 - INFO - 页面"公主连结"跳转正常,该类元素共16个，当前第7个
2020-07-27 19:36:21,690 - 2 - INFO - 页面"网络工具"跳转正常,该类元素共16个，当前第8个
2020-07-27 19:36:27,834 - 2 - INFO - 页面"集合啦动物森友会"跳转正常,该类元素共16个，当前第9个
2020-07-27 19:36:34,018 - 2 - INFO - 页面"龙族幻想"跳转正常,该类元素共16个，当前第10个
2020-07-27 19:36:40,237 - 2 - INFO - 页面"剑与远征"跳转正常,该类元素共16个，当前第11个
2020-07-27 19:36:46,368 - 2 - INFO - 页面"烟雨江湖"跳转正常,该类元素共16个，当前第12个
2020-07-27 19:36:52,502 - 2 - INFO - 页面"云顶之弈"跳转正常,该类元素共16个，当前第13个
2020-07-27 19:36:58,632 - 2 - INFO - 页面"家国梦"跳转正常,该类元素共16个，当前第14个
2020-07-27 19:37:04,738 - 2 - INFO - 页面"棋牌"跳转正常,该类元素共16个，当前第15个
2020-07-27 19:37:10,851 - 2 - INFO - 页面"gta5"跳转正常,该类元素共16个，当前第16个
2020-07-27 19:37:12,882 - basepage - INFO - zuiben自动化测试结束
