2020-07-24 18:20:06,936 - basepage - INFO - zuiben自动化测试开始
2020-07-24 18:20:06,942 - basepage - INFO - 隐性等待 10 秒
2020-07-24 18:20:11,250 - basepage - INFO - 跳转至https://www.zuiben.com/
2020-07-24 18:20:13,392 - basepage - INFO - 窗口已经最大化
2020-07-24 18:20:19,289 - 2 - INFO - 页面"【安卓游戏】好玩的安卓游戏下载_安卓游戏排行榜_安卓游戏免费下载大全-最笨下载"跳转正常,该类元素共21个，当前第1个
2020-07-24 18:20:19,524 - basepage - INFO - Click back on current page.
2020-07-24 18:20:24,183 - 2 - INFO - 页面"变态手游公益服_bt手游变态服_无限元宝bt手游下载_BT手游中心-最笨下载"跳转正常,该类元素共21个，当前第2个
2020-07-24 18:20:24,409 - basepage - INFO - Click back on current page.
2020-07-24 18:20:28,639 - 2 - INFO - 页面"gm版手游_无限元宝/钻石公益服_0元免费gm权限手游下载-最笨下载"跳转正常,该类元素共21个，当前第3个
2020-07-24 18:20:28,872 - basepage - INFO - Click back on current page.
2020-07-24 18:20:35,455 - 2 - INFO - 页面"【苹果游戏】iphone苹果手机游戏下载_iphone苹果游戏排行榜-最笨下载"跳转正常,该类元素共21个，当前第4个
2020-07-24 18:20:35,834 - basepage - INFO - Click back on current page.
2020-07-24 18:20:40,384 - 2 - INFO - 页面"满vip版手游_手游sf送顶级vip_满级vip无限元宝手游下载-最笨下载"跳转正常,该类元素共21个，当前第5个
2020-07-24 18:20:40,586 - basepage - INFO - Click back on current page.
2020-07-24 18:20:46,901 - 2 - INFO - 页面"【安卓软件】安卓软件下载_安卓手机软件下载_安卓软件免费下载大全-最笨下载"跳转正常,该类元素共21个，当前第6个
2020-07-24 18:20:47,290 - basepage - INFO - Click back on current page.
2020-07-24 18:20:53,440 - 2 - INFO - 页面"【苹果软件】iphone苹果下载软件_iphone苹果软件免费下载_苹果软件下载大全-最笨下载"跳转正常,该类元素共21个，当前第7个
2020-07-24 18:20:53,653 - basepage - INFO - Click back on current page.
2020-07-24 18:20:58,663 - 2 - INFO - 页面"【安卓资讯】安卓资讯推荐_安卓资讯大全-最笨下载"跳转正常,该类元素共21个，当前第8个
2020-07-24 18:20:58,865 - basepage - INFO - Click back on current page.
2020-07-24 18:21:03,939 - 2 - INFO - 页面"【安卓游戏攻略】安卓游戏攻略推荐_安卓游戏攻略大全-最笨下载"跳转正常,该类元素共21个，当前第9个
2020-07-24 18:21:04,222 - basepage - INFO - Click back on current page.
2020-07-24 18:21:09,201 - 2 - INFO - 页面"【安卓软件教程】安卓软件教程推荐_安卓软件教程大全-最笨下载"跳转正常,该类元素共21个，当前第10个
2020-07-24 18:21:09,418 - basepage - INFO - Click back on current page.
2020-07-24 18:21:15,397 - 2 - INFO - 页面"【iphone资讯】iphone资讯推荐_iphone资讯大全-最笨下载"跳转正常,该类元素共21个，当前第11个
2020-07-24 18:21:15,598 - basepage - INFO - Click back on current page.
2020-07-24 18:21:20,983 - 2 - INFO - 页面"【iPhone游戏攻略】iPhone游戏攻略推荐_iPhone游戏攻略大全-最笨下载"跳转正常,该类元素共21个，当前第12个
2020-07-24 18:21:21,334 - basepage - INFO - Click back on current page.
2020-07-24 18:21:26,471 - 2 - INFO - 页面"【系统重装教程】电脑重装系统教程_电脑怎么重装系统_重装系统步骤-最笨下载"跳转正常,该类元素共21个，当前第13个
2020-07-24 18:21:26,689 - basepage - INFO - Click back on current page.
2020-07-24 18:21:33,133 - 2 - INFO - 页面"安卓专题-最笨下载"跳转正常,该类元素共21个，当前第14个
2020-07-24 18:21:33,476 - basepage - INFO - Click back on current page.
2020-07-24 18:21:38,822 - 2 - INFO - 页面"游戏专题-最笨下载"跳转正常,该类元素共21个，当前第15个
2020-07-24 18:21:39,023 - basepage - INFO - Click back on current page.
2020-07-24 18:21:44,291 - 2 - INFO - 页面"苹果专题-最笨下载"跳转正常,该类元素共21个，当前第16个
2020-07-24 18:21:44,639 - basepage - INFO - Click back on current page.
2020-07-24 18:21:49,439 - 2 - INFO - 页面"【电脑软件】电脑软件下载_电脑装机必备软件_电脑常用软件下载_电脑软件大全-最笨下载"跳转正常,该类元素共21个，当前第17个
2020-07-24 18:21:49,647 - basepage - INFO - Click back on current page.
2020-07-24 18:21:56,492 - 2 - INFO - 页面"【电脑软件】电脑软件下载_电脑装机必备软件_电脑常用软件下载_电脑软件大全-最笨下载"跳转正常,该类元素共21个，当前第18个
2020-07-24 18:21:56,699 - basepage - INFO - Click back on current page.
2020-07-24 18:22:01,594 - 2 - INFO - 页面"【激活工具】激活windows工具_万能激活工具_windows激活工具下载_自动激活工具-最笨下载"跳转正常,该类元素共21个，当前第19个
2020-07-24 18:22:01,826 - basepage - INFO - Click back on current page.
2020-07-24 18:22:06,038 - 2 - INFO - 页面"【系统重装教程】电脑重装系统教程_电脑怎么重装系统_重装系统步骤-最笨下载"跳转正常,该类元素共21个，当前第20个
2020-07-24 18:22:06,264 - basepage - INFO - Click back on current page.
2020-07-24 18:22:10,416 - 2 - INFO - 页面"【系统重装教程】电脑重装系统教程_电脑怎么重装系统_重装系统步骤-最笨下载"跳转正常,该类元素共21个，当前第21个
2020-07-24 18:22:10,637 - basepage - INFO - Click back on current page.
2020-07-24 18:22:18,487 - 2 - INFO - 页面"家庭教师OL手游"跳转正常,该类元素共10个，当前第1个
2020-07-24 18:22:24,614 - 2 - INFO - 页面"魔女骑士团手游"跳转正常,该类元素共10个，当前第2个
2020-07-24 18:22:30,734 - 2 - INFO - 页面"决胜足球手游"跳转正常,该类元素共10个，当前第3个
2020-07-24 18:22:36,863 - 2 - INFO - 页面"少女战争手游"跳转正常,该类元素共10个，当前第4个
2020-07-24 18:22:42,988 - 2 - INFO - 页面"天神战（魔灵特权）"跳转正常,该类元素共10个，当前第5个
2020-07-24 18:22:49,125 - 2 - INFO - 页面"最Q幻想手游"跳转正常,该类元素共10个，当前第6个
2020-07-24 18:22:55,272 - 2 - INFO - 页面"霸途手游"跳转正常,该类元素共10个，当前第7个
2020-07-24 18:23:01,430 - 2 - INFO - 页面"回到三国志手游"跳转正常,该类元素共10个，当前第8个
2020-07-24 18:23:07,570 - 2 - INFO - 页面"幻游猎人手游"跳转正常,该类元素共10个，当前第9个
2020-07-24 18:23:13,716 - 2 - INFO - 页面"神武4手游"跳转正常,该类元素共10个，当前第10个
2020-07-24 18:23:19,876 - 2 - INFO - 页面"大军师（送海量橙将）"跳转正常,该类元素共20个，当前第1个
2020-07-24 18:23:26,052 - 2 - INFO - 页面"唐门六道（送千元充值）"跳转正常,该类元素共20个，当前第2个
2020-07-24 18:23:32,197 - 2 - INFO - 页面"战神不败（GM送充值）"跳转正常,该类元素共20个，当前第3个
2020-07-24 18:23:38,357 - 2 - INFO - 页面"武器之王（福利特权）"跳转正常,该类元素共20个，当前第4个
2020-07-24 18:23:44,504 - 2 - INFO - 页面"魔法之光（红忍海量抽）"跳转正常,该类元素共20个，当前第5个
2020-07-24 18:23:50,692 - 2 - INFO - 页面"六界仙尊（送充值）"跳转正常,该类元素共20个，当前第6个
2020-07-24 18:23:56,820 - 2 - INFO - 页面"梦幻沙城（海量抽充值）"跳转正常,该类元素共20个，当前第7个
2020-07-24 18:24:02,949 - 2 - INFO - 页面"仙灵世界（送海量连抽）"跳转正常,该类元素共20个，当前第8个
2020-07-24 18:24:09,091 - 2 - INFO - 页面"武动九天（GM免费特权）"跳转正常,该类元素共20个，当前第9个
2020-07-24 18:24:15,275 - 2 - INFO - 页面"萌三国（海量送充值）"跳转正常,该类元素共20个，当前第10个
2020-07-24 18:24:21,406 - 2 - INFO - 页面"大话许仙（钱庄特权）"跳转正常,该类元素共20个，当前第11个
2020-07-24 18:24:27,549 - 2 - INFO - 页面"遮天斩（送千元充值）"跳转正常,该类元素共20个，当前第12个
2020-07-24 18:24:33,699 - 2 - INFO - 页面"进击的少女（百抽充值卡）"跳转正常,该类元素共20个，当前第13个
2020-07-24 18:24:39,866 - 2 - INFO - 页面"仙域无双（海量送充值）"跳转正常,该类元素共20个，当前第14个
2020-07-24 18:24:46,002 - 2 - INFO - 页面"纵剑仙界（送VIP代金券）"跳转正常,该类元素共20个，当前第15个
2020-07-24 18:24:52,151 - 2 - INFO - 页面"剑灭逍遥（特惠代金券）"跳转正常,该类元素共20个，当前第16个
2020-07-24 18:24:58,268 - 2 - INFO - 页面"漫画英雄3D（免费升GM）"跳转正常,该类元素共20个，当前第17个
2020-07-24 18:25:04,392 - 2 - INFO - 页面"九幽仙域（海量送充值）"跳转正常,该类元素共20个，当前第18个
2020-07-24 18:25:10,547 - 2 - INFO - 页面"山河（满屏光柱）"跳转正常,该类元素共20个，当前第19个
2020-07-24 18:25:16,694 - 2 - INFO - 页面"秘境寻宝英雄（星耀特权）"跳转正常,该类元素共20个，当前第20个
2020-07-24 18:25:24,620 - 2 - INFO - 页面"大军师（送海量橙将）"跳转正常,该类元素共10个，当前第1个
2020-07-24 18:25:30,757 - 2 - INFO - 页面"唐门六道（送千元充值）"跳转正常,该类元素共10个，当前第2个
2020-07-24 18:25:36,926 - 2 - INFO - 页面"战神不败（GM送充值）"跳转正常,该类元素共10个，当前第3个
2020-07-24 18:25:43,070 - 2 - INFO - 页面"武器之王（福利特权）"跳转正常,该类元素共10个，当前第4个
2020-07-24 18:25:49,207 - 2 - INFO - 页面"魔法之光（红忍海量抽）"跳转正常,该类元素共10个，当前第5个
2020-07-24 18:25:55,344 - 2 - INFO - 页面"六界仙尊（送充值）"跳转正常,该类元素共10个，当前第6个
2020-07-24 18:26:01,492 - 2 - INFO - 页面"梦幻沙城（海量抽充值）"跳转正常,该类元素共10个，当前第7个
2020-07-24 18:26:07,654 - 2 - INFO - 页面"仙灵世界（送海量连抽）"跳转正常,该类元素共10个，当前第8个
2020-07-24 18:26:13,783 - 2 - INFO - 页面"武动九天（GM免费特权）"跳转正常,该类元素共10个，当前第9个
2020-07-24 18:26:19,948 - 2 - INFO - 页面"萌三国（海量送充值）"跳转正常,该类元素共10个，当前第10个
2020-07-24 18:26:26,113 - 2 - INFO - 页面"凡人飞仙传（充值特权）"跳转正常,该类元素共20个，当前第1个
2020-07-24 18:26:32,291 - 2 - INFO - 页面"大军师（送海量橙将）"跳转正常,该类元素共20个，当前第2个
2020-07-24 18:26:38,483 - 2 - INFO - 页面"唐门六道（送千元充值）"跳转正常,该类元素共20个，当前第3个
2020-07-24 18:26:44,677 - 2 - INFO - 页面"战神不败（GM送充值）"跳转正常,该类元素共20个，当前第4个
2020-07-24 18:26:50,819 - 2 - INFO - 页面"武器之王（福利特权）"跳转正常,该类元素共20个，当前第5个
2020-07-24 18:26:56,977 - 2 - INFO - 页面"魔法之光（红忍海量抽）"跳转正常,该类元素共20个，当前第6个
2020-07-24 18:27:03,136 - 2 - INFO - 页面"六界仙尊（送充值）"跳转正常,该类元素共20个，当前第7个
2020-07-24 18:27:09,306 - 2 - INFO - 页面"梦幻沙城（海量抽充值）"跳转正常,该类元素共20个，当前第8个
2020-07-24 18:27:15,499 - 2 - INFO - 页面"仙灵世界（送海量连抽）"跳转正常,该类元素共20个，当前第9个
2020-07-24 18:27:21,654 - 2 - INFO - 页面"横扫天下之万年强者（1元超值）"跳转正常,该类元素共20个，当前第10个
2020-07-24 18:27:27,816 - 2 - INFO - 页面"武动九天（GM免费特权）"跳转正常,该类元素共20个，当前第11个
2020-07-24 18:27:34,000 - 2 - INFO - 页面"萌三国（海量送充值）"跳转正常,该类元素共20个，当前第12个
2020-07-24 18:27:40,180 - 2 - INFO - 页面"大话许仙（钱庄特权）"跳转正常,该类元素共20个，当前第13个
2020-07-24 18:27:46,331 - 2 - INFO - 页面"遮天斩（送千元充值）"跳转正常,该类元素共20个，当前第14个
2020-07-24 18:27:52,455 - 2 - INFO - 页面"进击的少女（百抽充值卡）"跳转正常,该类元素共20个，当前第15个
2020-07-24 18:27:58,585 - 2 - INFO - 页面"仙域无双（海量送充值）"跳转正常,该类元素共20个，当前第16个
2020-07-24 18:28:04,716 - 2 - INFO - 页面"纵剑仙界（送VIP代金券）"跳转正常,该类元素共20个，当前第17个
2020-07-24 18:28:10,856 - 2 - INFO - 页面"烈火战神（海量特权）"跳转正常,该类元素共20个，当前第18个
2020-07-24 18:28:17,029 - 2 - INFO - 页面"剑灭逍遥（特惠代金券）"跳转正常,该类元素共20个，当前第19个
2020-07-24 18:28:23,205 - 2 - INFO - 页面"漫画英雄3D（免费升GM）"跳转正常,该类元素共20个，当前第20个
2020-07-24 18:28:31,157 - 2 - INFO - 页面"凡人飞仙传（充值特权）"跳转正常,该类元素共10个，当前第1个
2020-07-24 18:28:37,297 - 2 - INFO - 页面"大军师（送海量橙将）"跳转正常,该类元素共10个，当前第2个
2020-07-24 18:28:43,459 - 2 - INFO - 页面"唐门六道（送千元充值）"跳转正常,该类元素共10个，当前第3个
2020-07-24 18:28:49,632 - 2 - INFO - 页面"战神不败（GM送充值）"跳转正常,该类元素共10个，当前第4个
2020-07-24 18:28:55,776 - 2 - INFO - 页面"武器之王（福利特权）"跳转正常,该类元素共10个，当前第5个
2020-07-24 18:29:01,897 - 2 - INFO - 页面"魔法之光（红忍海量抽）"跳转正常,该类元素共10个，当前第6个
2020-07-24 18:29:08,036 - 2 - INFO - 页面"六界仙尊（送充值）"跳转正常,该类元素共10个，当前第7个
2020-07-24 18:29:14,193 - 2 - INFO - 页面"梦幻沙城（海量抽充值）"跳转正常,该类元素共10个，当前第8个
2020-07-24 18:29:20,351 - 2 - INFO - 页面"仙灵世界（送海量连抽）"跳转正常,该类元素共10个，当前第9个
2020-07-24 18:29:26,542 - 2 - INFO - 页面"武动九天（GM免费特权）"跳转正常,该类元素共10个，当前第10个
2020-07-24 18:29:32,700 - 2 - INFO - 页面"凡人飞仙传（充值特权）"跳转正常,该类元素共20个，当前第1个
2020-07-24 18:29:38,868 - 2 - INFO - 页面"大军师（送海量橙将）"跳转正常,该类元素共20个，当前第2个
2020-07-24 18:29:45,048 - 2 - INFO - 页面"唐门六道（送千元充值）"跳转正常,该类元素共20个，当前第3个
2020-07-24 18:29:51,194 - 2 - INFO - 页面"战神不败（GM送充值）"跳转正常,该类元素共20个，当前第4个
2020-07-24 18:29:57,377 - 2 - INFO - 页面"武器之王（福利特权）"跳转正常,该类元素共20个，当前第5个
2020-07-24 18:30:03,548 - 2 - INFO - 页面"魔法之光（红忍海量抽）"跳转正常,该类元素共20个，当前第6个
2020-07-24 18:30:09,674 - 2 - INFO - 页面"六界仙尊（送充值）"跳转正常,该类元素共20个，当前第7个
2020-07-24 18:30:15,844 - 2 - INFO - 页面"梦幻沙城（海量抽充值）"跳转正常,该类元素共20个，当前第8个
2020-07-24 18:30:21,995 - 2 - INFO - 页面"仙灵世界（送海量连抽）"跳转正常,该类元素共20个，当前第9个
2020-07-24 18:30:28,118 - 2 - INFO - 页面"横扫天下之万年强者（1元超值）"跳转正常,该类元素共20个，当前第10个
2020-07-24 18:30:40,153 - 2 - INFO - 页面"武动九天（GM免费特权）"跳转正常,该类元素共20个，当前第11个
2020-07-24 18:30:47,905 - 2 - INFO - 页面"萌三国（海量送充值）"跳转正常,该类元素共20个，当前第12个
2020-07-24 18:30:54,030 - 2 - INFO - 页面"大话许仙（钱庄特权）"跳转正常,该类元素共20个，当前第13个
2020-07-24 18:31:00,150 - 2 - INFO - 页面"遮天斩（送千元充值）"跳转正常,该类元素共20个，当前第14个
2020-07-24 18:31:06,269 - 2 - INFO - 页面"进击的少女（百抽充值卡）"跳转正常,该类元素共20个，当前第15个
2020-07-24 18:31:12,399 - 2 - INFO - 页面"仙域无双（海量送充值）"跳转正常,该类元素共20个，当前第16个
2020-07-24 18:31:18,521 - 2 - INFO - 页面"纵剑仙界（送VIP代金券）"跳转正常,该类元素共20个，当前第17个
2020-07-24 18:31:24,647 - 2 - INFO - 页面"烈火战神（海量特权）"跳转正常,该类元素共20个，当前第18个
2020-07-24 18:31:30,766 - 2 - INFO - 页面"剑灭逍遥（特惠代金券）"跳转正常,该类元素共20个，当前第19个
2020-07-24 18:31:36,903 - 2 - INFO - 页面"漫画英雄3D（免费升GM）"跳转正常,该类元素共20个，当前第20个
2020-07-24 18:31:44,729 - 2 - INFO - 页面"【武动九天（GM免费特权）】上线满V，8W8绑元和"跳转正常,该类元素共1个，当前第1个
2020-07-24 18:31:44,995 - basepage - INFO - Click back on current page.
2020-07-24 18:31:50,706 - 2 - INFO - 页面"【梦幻沙城（海量抽充值）】上线即送GM2商城特"跳转正常,该类元素共1个，当前第1个
2020-07-24 18:31:51,130 - basepage - INFO - Click back on current page.
2020-07-24 18:31:56,868 - 2 - INFO - 页面"【六界仙尊（送充值）】上线直送VIP12，送88888元"跳转正常,该类元素共1个，当前第1个
2020-07-24 18:31:57,144 - basepage - INFO - Click back on current page.
2020-07-24 18:32:02,876 - 2 - INFO - 页面"【唐门六道（送千元充值）】上线送满级VIP19、礼"跳转正常,该类元素共1个，当前第1个
2020-07-24 18:32:03,249 - basepage - INFO - Click back on current page.
2020-07-24 18:32:08,988 - 2 - INFO - 页面"【战神不败（GM送充值）】 上线送88888元宝+铜钱"跳转正常,该类元素共1个，当前第1个
2020-07-24 18:32:09,196 - basepage - INFO - Click back on current page.
2020-07-24 18:32:14,917 - 2 - INFO - 页面"【武器之王（福利特权）】上线送VIP10,50万福利钻"跳转正常,该类元素共1个，当前第1个
2020-07-24 18:32:15,332 - basepage - INFO - Click back on current page.
2020-07-24 18:32:20,664 - 2 - INFO - 页面"九灵神域"跳转正常,该类元素共12个，当前第1个
2020-07-24 18:32:20,899 - basepage - INFO - Click back on current page.
2020-07-24 18:32:26,106 - 2 - INFO - 页面"仙剑缘（星耀特权）"跳转正常,该类元素共12个，当前第2个
2020-07-24 18:32:26,528 - basepage - INFO - Click back on current page.
2020-07-24 18:32:31,759 - 2 - INFO - 页面"九天仙梦（商城特权）"跳转正常,该类元素共12个，当前第3个
2020-07-24 18:32:31,966 - basepage - INFO - Click back on current page.
2020-07-24 18:32:36,806 - 2 - INFO - 页面"我叫MT：奇幻之旅（送一万连抽）"跳转正常,该类元素共12个，当前第4个
2020-07-24 18:32:37,076 - basepage - INFO - Click back on current page.
2020-07-24 18:32:42,260 - 2 - INFO - 页面"天天驯兽师（每日送百抽）"跳转正常,该类元素共12个，当前第5个
2020-07-24 18:32:42,502 - basepage - INFO - Click back on current page.
2020-07-24 18:32:47,511 - 2 - INFO - 页面"教主之家（至尊特权）"跳转正常,该类元素共12个，当前第6个
2020-07-24 18:32:47,739 - basepage - INFO - Click back on current page.
2020-07-24 18:32:53,108 - 2 - INFO - 页面"魔星狂点（送海量连抽）"跳转正常,该类元素共12个，当前第7个
2020-07-24 18:32:53,376 - basepage - INFO - Click back on current page.
2020-07-24 18:32:58,556 - 2 - INFO - 页面"主公别闹"跳转正常,该类元素共12个，当前第8个
2020-07-24 18:32:58,939 - basepage - INFO - Click back on current page.
2020-07-24 18:33:04,278 - 2 - INFO - 页面"天天怼三国（送千元充值）"跳转正常,该类元素共12个，当前第9个
2020-07-24 18:33:04,499 - basepage - INFO - Click back on current page.
2020-07-24 18:33:09,665 - 2 - INFO - 页面"全民祖玛（爆装加强版）"跳转正常,该类元素共12个，当前第10个
2020-07-24 18:33:10,033 - basepage - INFO - Click back on current page.
2020-07-24 18:33:15,360 - 2 - INFO - 页面"百恋成仙（送千元充值）"跳转正常,该类元素共12个，当前第11个
2020-07-24 18:33:15,624 - basepage - INFO - Click back on current page.
2020-07-24 18:33:20,297 - 2 - INFO - 页面"幻游猎人"跳转正常,该类元素共12个，当前第12个
2020-07-24 18:33:20,557 - basepage - INFO - Click back on current page.
2020-07-24 18:33:26,521 - 2 - INFO - 页面"魔兽世界怀旧服2020年6月7日人口普查一览"跳转正常,该类元素共2个，当前第1个
2020-07-24 18:33:26,758 - basepage - INFO - Click back on current page.
2020-07-24 18:33:33,463 - 2 - INFO - 页面"DNF萌噬噬宠物属性怎么样？萌噬噬属性介绍"跳转正常,该类元素共2个，当前第2个
2020-07-24 18:33:33,817 - basepage - INFO - Click back on current page.
2020-07-24 18:33:41,169 - 2 - INFO - 页面"全球行动步兵怎么玩 步兵运营思路-最笨下载"跳转正常,该类元素共14个，当前第1个
2020-07-24 18:33:41,427 - basepage - INFO - Click back on current page.
2020-07-24 18:33:47,975 - 2 - INFO - 页面"全球行动阵营怎么选择 全球行动阵营选择推荐-最笨下载"跳转正常,该类元素共14个，当前第2个
2020-07-24 18:33:48,239 - basepage - INFO - Click back on current page.
2020-07-24 18:33:54,759 - 2 - INFO - 页面"纸人2第十一章怎么过 第十一章通关攻略-最笨下载"跳转正常,该类元素共14个，当前第3个
2020-07-24 18:33:55,116 - basepage - INFO - Click back on current page.
2020-07-24 18:34:02,351 - 2 - INFO - 页面"纸人2全成就解锁条件汇总介绍-最笨下载"跳转正常,该类元素共14个，当前第4个
2020-07-24 18:34:02,562 - basepage - INFO - Click back on current page.
2020-07-24 18:34:09,488 - 2 - INFO - 页面"纸人2怎么打夫人 夫人打法技巧-最笨下载"跳转正常,该类元素共14个，当前第5个
2020-07-24 18:34:09,832 - basepage - INFO - Click back on current page.
2020-07-24 18:34:17,045 - 2 - INFO - 页面"全球行动狂欢夜活动玩法攻略-最笨下载"跳转正常,该类元素共14个，当前第6个
2020-07-24 18:34:17,304 - basepage - INFO - Click back on current page.
2020-07-24 18:34:24,677 - 2 - INFO - 页面"全球行动新手怎么玩？新手入坑指南-最笨下载"跳转正常,该类元素共14个，当前第7个
2020-07-24 18:34:24,915 - basepage - INFO - Click back on current page.
2020-07-24 18:34:32,088 - 2 - INFO - 页面"全球行动改装怎么玩？改装玩法技巧-最笨下载"跳转正常,该类元素共14个，当前第8个
2020-07-24 18:34:32,476 - basepage - INFO - Click back on current page.
2020-07-24 18:34:39,468 - 2 - INFO - 页面"全球行动礼包兑换码分享-最笨下载"跳转正常,该类元素共14个，当前第9个
2020-07-24 18:34:39,756 - basepage - INFO - Click back on current page.
2020-07-24 18:34:46,774 - 2 - INFO - 页面"纸人2听雨斋花瓶怎么解谜？听雨斋花瓶解谜攻略-最笨下载"跳转正常,该类元素共14个，当前第10个
2020-07-24 18:34:47,068 - basepage - INFO - Click back on current page.
2020-07-24 18:34:54,298 - 2 - INFO - 页面"纸人2殷夫人怎么打？殷夫人打法攻略-最笨下载"跳转正常,该类元素共14个，当前第11个
2020-07-24 18:34:54,912 - basepage - INFO - Click back on current page.
2020-07-24 18:35:02,035 - 2 - INFO - 页面"纸人2人物死亡顺序是什么？人物死亡顺序介绍-最笨下载"跳转正常,该类元素共14个，当前第12个
2020-07-24 18:35:02,270 - basepage - INFO - Click back on current page.
2020-07-24 18:35:09,482 - 2 - INFO - 页面"纸人2夫人结局是什么？全人物结局一览-最笨下载"跳转正常,该类元素共14个，当前第13个
2020-07-24 18:35:09,705 - basepage - INFO - Click back on current page.
2020-07-24 18:35:16,972 - 2 - INFO - 页面"忍者必须死3小椒武道大会限时兑换码分享-最笨下载"跳转正常,该类元素共14个，当前第14个
2020-07-24 18:35:17,594 - basepage - INFO - Click back on current page.
2020-07-24 18:35:26,194 - 2 - INFO - 页面"2020阴阳师7月新式神紧那罗即将上线 高颜值紧那"跳转正常,该类元素共2个，当前第1个
2020-07-24 18:35:26,620 - basepage - INFO - Click back on current page.
2020-07-24 18:35:33,142 - 2 - INFO - 页面"英雄联盟2020灵魂莲华皮肤原画汇总"跳转正常,该类元素共2个，当前第2个
2020-07-24 18:35:33,403 - basepage - INFO - Click back on current page.
2020-07-24 18:35:39,956 - 2 - INFO - 页面"变态手游公益服_bt手游变态服_无限元宝bt手游下载_BT手游中心-最笨下载"跳转正常,该类元素共28个，当前第1个
2020-07-24 18:35:40,218 - basepage - INFO - Click back on current page.
2020-07-24 18:35:46,965 - 2 - INFO - 页面"凡人飞仙传（充值特权）_凡人飞仙传（充值特权）无限元宝服_SF变态版凡人飞仙传（充值特权）公益服下载 - 最笨下载"跳转正常,该类元素共28个，当前第2个
2020-07-24 18:35:47,385 - basepage - INFO - Click back on current page.
2020-07-24 18:35:53,880 - 2 - INFO - 页面"变态手游公益服_bt手游变态服_无限元宝bt手游下载_BT手游中心-最笨下载"跳转正常,该类元素共28个，当前第3个
2020-07-24 18:35:54,153 - basepage - INFO - Click back on current page.
2020-07-24 18:36:00,979 - 2 - INFO - 页面"大军师（送海量橙将）_大军师（送海量橙将）无限元宝服_SF变态版大军师（送海量橙将）公益服下载 - 最笨下载"跳转正常,该类元素共28个，当前第4个
2020-07-24 18:36:01,328 - basepage - INFO - Click back on current page.
2020-07-24 18:36:07,856 - 2 - INFO - 页面"满vip版手游_手游sf送顶级vip_满级vip无限元宝手游下载-最笨下载"跳转正常,该类元素共28个，当前第5个
2020-07-24 18:36:08,077 - basepage - INFO - Click back on current page.
2020-07-24 18:36:14,824 - 2 - INFO - 页面"唐门六道（送千元充值）_唐门六道（送千元充值）无限元宝服_SF变态版唐门六道（送千元充值）公益服下载 - 最笨下载"跳转正常,该类元素共28个，当前第6个
2020-07-24 18:36:15,202 - basepage - INFO - Click back on current page.
2020-07-24 18:36:21,954 - 2 - INFO - 页面"满vip版手游_手游sf送顶级vip_满级vip无限元宝手游下载-最笨下载"跳转正常,该类元素共28个，当前第7个
2020-07-24 18:36:22,180 - basepage - INFO - Click back on current page.
2020-07-24 18:36:28,965 - 2 - INFO - 页面"战神不败（GM送充值）_战神不败（GM送充值）无限元宝服_SF变态版战神不败（GM送充值）公益服下载 - 最笨下载"跳转正常,该类元素共28个，当前第8个
2020-07-24 18:36:29,331 - basepage - INFO - Click back on current page.
2020-07-24 18:36:35,853 - 2 - INFO - 页面"变态手游公益服_bt手游变态服_无限元宝bt手游下载_BT手游中心-最笨下载"跳转正常,该类元素共28个，当前第9个
2020-07-24 18:36:36,115 - basepage - INFO - Click back on current page.
2020-07-24 18:36:42,869 - 2 - INFO - 页面"武器之王（福利特权）_武器之王（福利特权）无限元宝服_SF变态版武器之王（福利特权）公益服下载 - 最笨下载"跳转正常,该类元素共28个，当前第10个
2020-07-24 18:36:43,102 - basepage - INFO - Click back on current page.
2020-07-24 18:36:49,571 - 2 - INFO - 页面"满vip版手游_手游sf送顶级vip_满级vip无限元宝手游下载-最笨下载"跳转正常,该类元素共28个，当前第11个
2020-07-24 18:36:49,965 - basepage - INFO - Click back on current page.
2020-07-24 18:36:56,777 - 2 - INFO - 页面"魔法之光（红忍海量抽）_魔法之光（红忍海量抽）无限元宝服_SF变态版魔法之光（红忍海量抽）公益服下载 - 最笨下载"跳转正常,该类元素共28个，当前第12个
2020-07-24 18:36:57,005 - basepage - INFO - Click back on current page.
2020-07-24 18:37:03,494 - 2 - INFO - 页面"满vip版手游_手游sf送顶级vip_满级vip无限元宝手游下载-最笨下载"跳转正常,该类元素共28个，当前第13个
2020-07-24 18:37:03,869 - basepage - INFO - Click back on current page.
2020-07-24 18:37:10,646 - 2 - INFO - 页面"六界仙尊（送充值）_六界仙尊（送充值）无限元宝服_SF变态版六界仙尊（送充值）公益服下载 - 最笨下载"跳转正常,该类元素共28个，当前第14个
2020-07-24 18:37:10,860 - basepage - INFO - Click back on current page.
2020-07-24 18:37:17,344 - 2 - INFO - 页面"满vip版手游_手游sf送顶级vip_满级vip无限元宝手游下载-最笨下载"跳转正常,该类元素共28个，当前第15个
2020-07-24 18:37:17,704 - basepage - INFO - Click back on current page.
2020-07-24 18:37:24,468 - 2 - INFO - 页面"梦幻沙城（海量抽充值）_梦幻沙城（海量抽充值）无限元宝服_SF变态版梦幻沙城（海量抽充值）公益服下载 - 最笨下载"跳转正常,该类元素共28个，当前第16个
2020-07-24 18:37:24,714 - basepage - INFO - Click back on current page.
2020-07-24 18:37:31,211 - 2 - INFO - 页面"满vip版手游_手游sf送顶级vip_满级vip无限元宝手游下载-最笨下载"跳转正常,该类元素共28个，当前第17个
2020-07-24 18:37:31,561 - basepage - INFO - Click back on current page.
2020-07-24 18:37:38,362 - 2 - INFO - 页面"仙灵世界（送海量连抽）_仙灵世界（送海量连抽）无限元宝服_SF变态版仙灵世界（送海量连抽）公益服下载 - 最笨下载"跳转正常,该类元素共28个，当前第18个
2020-07-24 18:37:38,569 - basepage - INFO - Click back on current page.
2020-07-24 18:37:45,038 - 2 - INFO - 页面"变态手游公益服_bt手游变态服_无限元宝bt手游下载_BT手游中心-最笨下载"跳转正常,该类元素共28个，当前第19个
2020-07-24 18:37:45,435 - basepage - INFO - Click back on current page.
2020-07-24 18:37:52,220 - 2 - INFO - 页面"横扫天下之万年强者（1元超值）_横扫天下之万年强者（1元超值）无限元宝服_SF变态版横扫天下之万年强者（1元超值）公益服下载 - 最笨下载"跳转正常,该类元素共28个，当前第20个
2020-07-24 18:37:52,512 - basepage - INFO - Click back on current page.
2020-07-24 18:37:59,210 - 2 - INFO - 页面"满vip版手游_手游sf送顶级vip_满级vip无限元宝手游下载-最笨下载"跳转正常,该类元素共28个，当前第21个
2020-07-24 18:37:59,596 - basepage - INFO - Click back on current page.
2020-07-24 18:38:06,412 - 2 - INFO - 页面"武动九天（GM免费特权）_武动九天（GM免费特权）无限元宝服_SF变态版武动九天（GM免费特权）公益服下载 - 最笨下载"跳转正常,该类元素共28个，当前第22个
2020-07-24 18:38:06,681 - basepage - INFO - Click back on current page.
2020-07-24 18:38:13,151 - 2 - INFO - 页面"满vip版手游_手游sf送顶级vip_满级vip无限元宝手游下载-最笨下载"跳转正常,该类元素共28个，当前第23个
2020-07-24 18:38:13,401 - basepage - INFO - Click back on current page.
2020-07-24 18:38:20,176 - 2 - INFO - 页面"萌三国（海量送充值）_萌三国（海量送充值）无限元宝服_SF变态版萌三国（海量送充值）公益服下载 - 最笨下载"跳转正常,该类元素共28个，当前第24个
2020-07-24 18:38:20,596 - basepage - INFO - Click back on current page.
2020-07-24 18:38:27,085 - 2 - INFO - 页面"满vip版手游_手游sf送顶级vip_满级vip无限元宝手游下载-最笨下载"跳转正常,该类元素共28个，当前第25个
2020-07-24 18:38:27,306 - basepage - INFO - Click back on current page.
2020-07-24 18:38:34,047 - 2 - INFO - 页面"大话许仙（钱庄特权）_大话许仙（钱庄特权）无限元宝服_SF变态版大话许仙（钱庄特权）公益服下载 - 最笨下载"跳转正常,该类元素共28个，当前第26个
2020-07-24 18:38:34,400 - basepage - INFO - Click back on current page.
2020-07-24 18:38:40,879 - 2 - INFO - 页面"变态手游公益服_bt手游变态服_无限元宝bt手游下载_BT手游中心-最笨下载"跳转正常,该类元素共28个，当前第27个
2020-07-24 18:38:41,101 - basepage - INFO - Click back on current page.
2020-07-24 18:38:47,878 - 2 - INFO - 页面"遮天斩（送千元充值）_遮天斩（送千元充值）无限元宝服_SF变态版遮天斩（送千元充值）公益服下载 - 最笨下载"跳转正常,该类元素共28个，当前第28个
2020-07-24 18:38:48,239 - basepage - INFO - Click back on current page.
2020-07-24 18:38:56,743 - 2 - INFO - 页面"有翡原著小说简介 有匪小说剧情介绍"跳转正常,该类元素共2个，当前第1个
2020-07-24 18:38:56,955 - basepage - INFO - Click back on current page.
2020-07-24 18:39:03,948 - 2 - INFO - 页面"有翡小说免费阅读 有匪小说周翡全文阅读"跳转正常,该类元素共2个，当前第2个
2020-07-24 18:39:04,318 - basepage - INFO - Click back on current page.
2020-07-24 18:39:11,860 - 2 - INFO - 页面"【苹果娱乐软件】iPhone手机娱乐软件_iPhone娱乐软件免费下载大全-最笨下载"跳转正常,该类元素共28个，当前第1个
2020-07-24 18:39:12,126 - basepage - INFO - Click back on current page.
2020-07-24 18:39:19,183 - 2 - INFO - 页面"最笨游戏盒子iOS版_最笨游戏盒子iOS版下载_最笨游戏盒子iOS版官方下载-最笨下载"跳转正常,该类元素共28个，当前第2个
2020-07-24 18:39:19,405 - basepage - INFO - Click back on current page.
2020-07-24 18:39:26,136 - 2 - INFO - 页面"【安卓娱乐软件】安卓娱乐软件下载_安卓娱乐软件推荐_安卓娱乐软件大全-最笨下载"跳转正常,该类元素共28个，当前第3个
2020-07-24 18:39:26,531 - basepage - INFO - Click back on current page.
2020-07-24 18:39:33,510 - 2 - INFO - 页面"最笨游戏盒子_最笨游戏盒子下载_最笨游戏盒子官方下载-最笨下载"跳转正常,该类元素共28个，当前第4个
2020-07-24 18:39:33,761 - basepage - INFO - Click back on current page.
2020-07-24 18:39:40,883 - 2 - INFO - 页面"【安卓聊天软件】安卓聊天软件下载_安卓聊天软件排行_安卓聊天软件大全-最笨下载"跳转正常,该类元素共28个，当前第5个
2020-07-24 18:39:41,208 - basepage - INFO - Click back on current page.
2020-07-24 18:39:48,552 - 2 - INFO - 页面"蜜小助_蜜小助下载_蜜小助官方下载-最笨下载"跳转正常,该类元素共28个，当前第6个
2020-07-24 18:39:48,945 - basepage - INFO - Click back on current page.
2020-07-24 18:39:55,495 - 2 - INFO - 页面"【安卓娱乐软件】安卓娱乐软件下载_安卓娱乐软件推荐_安卓娱乐软件大全-最笨下载"跳转正常,该类元素共28个，当前第7个
2020-07-24 18:39:55,774 - basepage - INFO - Click back on current page.
2020-07-24 18:40:03,284 - 2 - INFO - 页面"3733游戏盒子_3733游戏盒子下载_3733游戏盒子官方下载-最笨下载"跳转正常,该类元素共28个，当前第8个
2020-07-24 18:40:03,525 - basepage - INFO - Click back on current page.
2020-07-24 18:40:09,984 - 2 - INFO - 页面"【安卓聊天软件】安卓聊天软件下载_安卓聊天软件排行_安卓聊天软件大全-最笨下载"跳转正常,该类元素共28个，当前第9个
2020-07-24 18:40:10,334 - basepage - INFO - Click back on current page.
2020-07-24 18:40:18,111 - 2 - INFO - 页面"土味情话_土味情话下载_土味情话官方下载-最笨下载"跳转正常,该类元素共28个，当前第10个
2020-07-24 18:40:18,479 - basepage - INFO - Click back on current page.
2020-07-24 18:40:24,960 - 2 - INFO - 页面"【安卓聊天软件】安卓聊天软件下载_安卓聊天软件排行_安卓聊天软件大全-最笨下载"跳转正常,该类元素共28个，当前第11个
2020-07-24 18:40:25,184 - basepage - INFO - Click back on current page.
2020-07-24 18:40:32,469 - 2 - INFO - 页面"恋爱话术_恋爱话术下载_恋爱话术官方下载-最笨下载"跳转正常,该类元素共28个，当前第12个
2020-07-24 18:40:32,870 - basepage - INFO - Click back on current page.
2020-07-24 18:40:39,378 - 2 - INFO - 页面"【安卓聊天软件】安卓聊天软件下载_安卓聊天软件排行_安卓聊天软件大全-最笨下载"跳转正常,该类元素共28个，当前第13个
2020-07-24 18:40:39,598 - basepage - INFO - Click back on current page.
2020-07-24 18:40:46,606 - 2 - INFO - 页面"土味情话社_土味情话社下载_土味情话社官方下载-最笨下载"跳转正常,该类元素共28个，当前第14个
2020-07-24 18:40:46,825 - basepage - INFO - Click back on current page.
2020-07-24 18:40:53,677 - 2 - INFO - 页面"【安卓阅读软件】安卓阅读软件下载_安卓阅读软件哪个好_安卓阅读软件排行-最笨下载"跳转正常,该类元素共28个，当前第15个
2020-07-24 18:40:54,092 - basepage - INFO - Click back on current page.
2020-07-24 18:41:01,364 - 2 - INFO - 页面"吾爱看书_吾爱看书下载_吾爱看书官方下载-最笨下载"跳转正常,该类元素共28个，当前第16个
2020-07-24 18:41:01,656 - basepage - INFO - Click back on current page.
2020-07-24 18:41:08,287 - 2 - INFO - 页面"【苹果阅读软件】iPhone手机阅读软件_iPhone阅读软件免费下载大全-最笨下载"跳转正常,该类元素共28个，当前第17个
2020-07-24 18:41:08,498 - basepage - INFO - Click back on current page.
2020-07-24 18:41:15,760 - 2 - INFO - 页面"吾爱看书ios版_吾爱看书ios版下载_吾爱看书ios版官方下载-最笨下载"跳转正常,该类元素共28个，当前第18个
2020-07-24 18:41:16,138 - basepage - INFO - Click back on current page.
2020-07-24 18:41:22,636 - 2 - INFO - 页面"【安卓聊天软件】安卓聊天软件下载_安卓聊天软件排行_安卓聊天软件大全-最笨下载"跳转正常,该类元素共28个，当前第19个
2020-07-24 18:41:22,873 - basepage - INFO - Click back on current page.
2020-07-24 18:41:30,187 - 2 - INFO - 页面"恋爱话术库_恋爱话术库下载_恋爱话术库官方下载-最笨下载"跳转正常,该类元素共28个，当前第20个
2020-07-24 18:41:30,470 - basepage - INFO - Click back on current page.
2020-07-24 18:41:36,950 - 2 - INFO - 页面"【安卓聊天软件】安卓聊天软件下载_安卓聊天软件排行_安卓聊天软件大全-最笨下载"跳转正常,该类元素共28个，当前第21个
2020-07-24 18:41:37,310 - basepage - INFO - Click back on current page.
2020-07-24 18:41:44,612 - 2 - INFO - 页面"撩吧_撩吧下载_撩吧官方下载-最笨下载"跳转正常,该类元素共28个，当前第22个
2020-07-24 18:41:44,904 - basepage - INFO - Click back on current page.
2020-07-24 18:41:51,402 - 2 - INFO - 页面"【安卓聊天软件】安卓聊天软件下载_安卓聊天软件排行_安卓聊天软件大全-最笨下载"跳转正常,该类元素共28个，当前第23个
2020-07-24 18:41:51,672 - basepage - INFO - Click back on current page.
2020-07-24 18:41:59,350 - 2 - INFO - 页面"遇知音_遇知音下载_遇知音官方下载-最笨下载"跳转正常,该类元素共28个，当前第24个
2020-07-24 18:41:59,742 - basepage - INFO - Click back on current page.
2020-07-24 18:42:06,240 - 2 - INFO - 页面"【安卓聊天软件】安卓聊天软件下载_安卓聊天软件排行_安卓聊天软件大全-最笨下载"跳转正常,该类元素共28个，当前第25个
2020-07-24 18:42:06,570 - basepage - INFO - Click back on current page.
2020-07-24 18:42:13,707 - 2 - INFO - 页面"脱单大师_脱单大师下载_脱单大师官方下载-最笨下载"跳转正常,该类元素共28个，当前第26个
2020-07-24 18:42:13,924 - basepage - INFO - Click back on current page.
2020-07-24 18:42:20,364 - 2 - INFO - 页面"【安卓聊天软件】安卓聊天软件下载_安卓聊天软件排行_安卓聊天软件大全-最笨下载"跳转正常,该类元素共28个，当前第27个
2020-07-24 18:42:20,745 - basepage - INFO - Click back on current page.
2020-07-24 18:42:28,249 - 2 - INFO - 页面"爱情套路_爱情套路下载_爱情套路官方下载-最笨下载"跳转正常,该类元素共28个，当前第28个
2020-07-24 18:42:28,458 - basepage - INFO - Click back on current page.
2020-07-24 18:42:38,944 - 2 - INFO - 页面"【安卓播放器】安卓播放器下载_安卓播放器哪个最好_安卓播放器下载排行-最笨下载"跳转正常,该类元素共20个，当前第1个
2020-07-24 18:42:39,234 - basepage - INFO - Click back on current page.
2020-07-24 18:42:46,246 - 2 - INFO - 页面"【安卓学习软件】安卓学习软件下载_安卓学习软件免费下载_安卓学习软件大全-最笨下载"跳转正常,该类元素共20个，当前第2个
2020-07-24 18:42:46,597 - basepage - INFO - Click back on current page.
2020-07-24 18:42:54,205 - 2 - INFO - 页面"【安卓辅助软件】安卓辅助软件下载_安卓辅助软件推荐_安卓辅助软件大全-最笨下载"跳转正常,该类元素共20个，当前第3个
2020-07-24 18:42:54,428 - basepage - INFO - Click back on current page.
2020-07-24 18:43:01,532 - 2 - INFO - 页面"【安卓输入法】安卓输入法下载_安卓输入法哪个好_安卓输入法怎么用-最笨下载"跳转正常,该类元素共20个，当前第4个
2020-07-24 18:43:01,781 - basepage - INFO - Click back on current page.
2020-07-24 18:43:09,173 - 2 - INFO - 页面"【安卓通信软件】安卓通信软件下载_安卓通信软件推荐_安卓通信软件大全-最笨下载"跳转正常,该类元素共20个，当前第5个
2020-07-24 18:43:09,532 - basepage - INFO - Click back on current page.
2020-07-24 18:43:16,891 - 2 - INFO - 页面"【安卓固件】安卓固件下载_安卓固件包下载_安卓固件管理器-最笨下载"跳转正常,该类元素共20个，当前第6个
2020-07-24 18:43:17,111 - basepage - INFO - Click back on current page.
2020-07-24 18:43:24,619 - 2 - INFO - 页面"【安卓文件管理器】安卓文件管理器下载_安卓文件管理器哪个好_安卓文件管理器中文版-最笨下载"跳转正常,该类元素共20个，当前第7个
2020-07-24 18:43:24,899 - basepage - INFO - Click back on current page.
2020-07-24 18:43:32,393 - 2 - INFO - 页面"【安卓同步软件】安卓同步软件下载_安卓同步软件哪个好_安卓手机同步软件-最笨下载"跳转正常,该类元素共20个，当前第8个
2020-07-24 18:43:32,740 - basepage - INFO - Click back on current page.
2020-07-24 18:43:39,595 - 2 - INFO - 页面"【安卓办公软件】安卓办公软件下载_安卓办公软件哪个好_安卓办公软件哪种最好-最笨下载"跳转正常,该类元素共20个，当前第9个
2020-07-24 18:43:39,883 - basepage - INFO - Click back on current page.
2020-07-24 18:43:47,220 - 2 - INFO - 页面"【安卓新闻软件】安卓新闻软件下载_安卓新闻软件哪个好_安卓新闻软件大全-最笨下载"跳转正常,该类元素共20个，当前第10个
2020-07-24 18:43:47,499 - basepage - INFO - Click back on current page.
2020-07-24 18:43:55,062 - 2 - INFO - 页面"【安卓理财软件】安卓理财软件下载_安卓理财软件哪个好_安卓理财软件大全-最笨下载"跳转正常,该类元素共20个，当前第11个
2020-07-24 18:43:55,462 - basepage - INFO - Click back on current page.
2020-07-24 18:44:02,964 - 2 - INFO - 页面"【安卓备份软件】安卓备份软件下载_安卓备份软件哪个好_安卓手机备份软件-最笨下载"跳转正常,该类元素共20个，当前第12个
2020-07-24 18:44:03,206 - basepage - INFO - Click back on current page.
2020-07-24 18:44:10,647 - 2 - INFO - 页面"【安卓跑步软件】安卓跑步软件下载_安卓跑步软件哪个好_安卓跑步软件大全-最笨下载"跳转正常,该类元素共20个，当前第13个
2020-07-24 18:44:10,931 - basepage - INFO - Click back on current page.
2020-07-24 18:44:18,499 - 2 - INFO - 页面"【安卓健康管理软件】安卓健康管理软件下载_安卓健康管理软件推荐_安卓健康管理软件大全-最笨下载"跳转正常,该类元素共20个，当前第14个
2020-07-24 18:44:18,846 - basepage - INFO - Click back on current page.
2020-07-24 18:44:26,557 - 2 - INFO - 页面"【安卓系统软件】安卓系统软件下载_安卓系统软件免费下载_安卓系统软件下载工具-最笨下载"跳转正常,该类元素共20个，当前第15个
2020-07-24 18:44:26,847 - basepage - INFO - Click back on current page.
2020-07-24 18:44:33,402 - 2 - INFO - 页面"【安卓聊天软件】安卓聊天软件下载_安卓聊天软件排行_安卓聊天软件大全-最笨下载"跳转正常,该类元素共20个，当前第16个
2020-07-24 18:44:33,673 - basepage - INFO - Click back on current page.
2020-07-24 18:44:40,967 - 2 - INFO - 页面"【安卓应用软件】安卓应用软件排行_好玩的安卓应用软件_好用的安卓应用软件-最笨下载"跳转正常,该类元素共20个，当前第17个
2020-07-24 18:44:41,313 - basepage - INFO - Click back on current page.
2020-07-24 18:44:47,791 - 2 - INFO - 页面"【安卓娱乐软件】安卓娱乐软件下载_安卓娱乐软件推荐_安卓娱乐软件大全-最笨下载"跳转正常,该类元素共20个，当前第18个
2020-07-24 18:44:48,079 - basepage - INFO - Click back on current page.
2020-07-24 18:44:55,599 - 2 - INFO - 页面"【安卓导航软件】安卓导航软件下载_安卓导航软件哪个好_安卓导航软件排名-最笨下载"跳转正常,该类元素共20个，当前第19个
2020-07-24 18:44:55,821 - basepage - INFO - Click back on current page.
2020-07-24 18:45:03,369 - 2 - INFO - 页面"【安卓网络软件】安卓网络软件下载_安卓网络软件推荐_安卓网络软件大全-最笨下载"跳转正常,该类元素共20个，当前第20个
2020-07-24 18:45:03,719 - basepage - INFO - Click back on current page.
2020-07-24 18:45:12,116 - 2 - INFO - 页面"3733手游游戏平台_3733手游游戏平台下载_3733手游游戏平台官方下载-最笨下载"跳转正常,该类元素共18个，当前第1个
2020-07-24 18:45:18,259 - 2 - INFO - 页面"安致手游游戏平台_安致手游游戏平台下载_安致手游游戏平台官方下载-最笨下载"跳转正常,该类元素共18个，当前第2个
2020-07-24 18:45:24,455 - 2 - INFO - 页面"皮皮虾_皮皮虾下载_皮皮虾官方下载-最笨下载"跳转正常,该类元素共18个，当前第3个
2020-07-24 18:45:30,590 - 2 - INFO - 页面"吾爱看书_吾爱看书下载_吾爱看书官方下载-最笨下载"跳转正常,该类元素共18个，当前第4个
2020-07-24 18:45:36,790 - 2 - INFO - 页面"7732游戏中心_7732游戏中心下载_7732游戏中心官方下载-最笨下载"跳转正常,该类元素共18个，当前第5个
2020-07-24 18:45:42,932 - 2 - INFO - 页面"7743手游盒子_7743手游盒子下载_7743手游盒子官方下载-最笨下载"跳转正常,该类元素共18个，当前第6个
2020-07-24 18:45:49,118 - 2 - INFO - 页面"7743游戏中心_7743游戏中心下载_7743游戏中心官方下载-最笨下载"跳转正常,该类元素共18个，当前第7个
2020-07-24 18:45:55,312 - 2 - INFO - 页面"7743手游平台_7743手游平台下载_7743手游平台官方下载-最笨下载"跳转正常,该类元素共18个，当前第8个
2020-07-24 18:46:03,067 - 2 - INFO - 页面"gm手游平台_gm手游平台下载_gm手游平台官方下载-最笨下载"跳转正常,该类元素共18个，当前第9个
2020-07-24 18:46:09,197 - 2 - INFO - 页面"gm游戏中心_gm游戏中心下载_gm游戏中心官方下载-最笨下载"跳转正常,该类元素共18个，当前第10个
2020-07-24 18:46:15,336 - 2 - INFO - 页面"gm游戏盒_gm游戏盒下载_gm游戏盒官方下载-最笨下载"跳转正常,该类元素共18个，当前第11个
2020-07-24 18:46:21,477 - 2 - INFO - 页面"gm手游游戏平台_gm手游游戏平台下载_gm手游游戏平台官方下载-最笨下载"跳转正常,该类元素共18个，当前第12个
2020-07-24 18:46:27,627 - 2 - INFO - 页面"gm游戏平台_gm游戏平台下载_gm游戏平台官方下载-最笨下载"跳转正常,该类元素共18个，当前第13个
2020-07-24 18:46:33,758 - 2 - INFO - 页面"gm游戏盒子_gm游戏盒子下载_gm游戏盒子官方下载-最笨下载"跳转正常,该类元素共18个，当前第14个
2020-07-24 18:46:39,884 - 2 - INFO - 页面"3733手游盒子_3733手游盒子下载_3733手游盒子官方下载-最笨下载"跳转正常,该类元素共18个，当前第15个
2020-07-24 18:46:46,022 - 2 - INFO - 页面"3733游戏平台_3733游戏平台下载_3733游戏平台官方下载-最笨下载"跳转正常,该类元素共18个，当前第16个
2020-07-24 18:46:52,165 - 2 - INFO - 页面"小8手游游戏平台_小8手游游戏平台下载_小8手游游戏平台官方下载-最笨下载"跳转正常,该类元素共18个，当前第17个
2020-07-24 18:46:58,317 - 2 - INFO - 页面"小8游戏平台_小8游戏平台下载_小8游戏平台官方下载-最笨下载"跳转正常,该类元素共18个，当前第18个
2020-07-24 18:47:05,141 - 2 - INFO - 页面"【安卓益智游戏】好玩的安卓益智游戏大全_安卓益智类游戏_益智游戏下载-最笨下载"跳转正常,该类元素共17个，当前第1个
2020-07-24 18:47:05,369 - basepage - INFO - Click back on current page.
2020-07-24 18:47:12,944 - 2 - INFO - 页面"【安卓其他游戏】好玩的安卓其他游戏大全_安卓其他类游戏_其他游戏下载-最笨下载"跳转正常,该类元素共17个，当前第2个
2020-07-24 18:47:13,223 - basepage - INFO - Click back on current page.
2020-07-24 18:47:20,656 - 2 - INFO - 页面"【安卓音乐游戏】好玩的安卓音乐游戏大全_安卓音乐类游戏_音乐游戏下载-最笨下载"跳转正常,该类元素共17个，当前第3个
2020-07-24 18:47:21,063 - basepage - INFO - Click back on current page.
2020-07-24 18:47:28,488 - 2 - INFO - 页面"【安卓网络游戏】好玩的安卓网络游戏大全_安卓网络类游戏_网络游戏下载-最笨下载"跳转正常,该类元素共17个，当前第4个
2020-07-24 18:47:28,701 - basepage - INFO - Click back on current page.
2020-07-24 18:47:35,705 - 2 - INFO - 页面"【安卓格斗游戏】好玩的安卓格斗游戏大全_安卓格斗类游戏_格斗游戏下载-最笨下载"跳转正常,该类元素共17个，当前第5个
2020-07-24 18:47:35,920 - basepage - INFO - Click back on current page.
2020-07-24 18:47:43,177 - 2 - INFO - 页面"【安卓飞行游戏】好玩的安卓飞行游戏大全_安卓飞行类游戏_飞行游戏下载-最笨下载"跳转正常,该类元素共17个，当前第6个
2020-07-24 18:47:43,574 - basepage - INFO - Click back on current page.
2020-07-24 18:47:50,975 - 2 - INFO - 页面"【安卓体育运动游戏】好玩的安卓体育运动游戏大全_安卓体育运动类游戏_体育运动游戏下载-最笨下载"跳转正常,该类元素共17个，当前第7个
2020-07-24 18:47:51,239 - basepage - INFO - Click back on current page.
2020-07-24 18:47:58,654 - 2 - INFO - 页面"【安卓模拟经营游戏】好玩的安卓模拟经营游戏大全_安卓模拟经营类游戏_模拟经营游戏下载-最笨下载"跳转正常,该类元素共17个，当前第8个
2020-07-24 18:47:58,939 - basepage - INFO - Click back on current page.
2020-07-24 18:48:06,465 - 2 - INFO - 页面"【安卓策略游戏】好玩的安卓策略游戏大全_安卓策略类游戏_策略游戏下载-最笨下载"跳转正常,该类元素共17个，当前第9个
2020-07-24 18:48:06,871 - basepage - INFO - Click back on current page.
2020-07-24 18:48:14,463 - 2 - INFO - 页面"【安卓塔防游戏】好玩的安卓塔防游戏大全_安卓塔防类游戏_塔防游戏下载-最笨下载"跳转正常,该类元素共17个，当前第10个
2020-07-24 18:48:14,738 - basepage - INFO - Click back on current page.
2020-07-24 18:48:22,396 - 2 - INFO - 页面"【安卓解谜冒险游戏】好玩的安卓解谜冒险游戏大全_安卓解谜冒险类游戏_解谜冒险游戏下载-最笨下载"跳转正常,该类元素共17个，当前第11个
2020-07-24 18:48:22,686 - basepage - INFO - Click back on current page.
2020-07-24 18:48:30,075 - 2 - INFO - 页面"【安卓射击游戏】好玩的安卓射击游戏大全_安卓射击类游戏_射击游戏下载-最笨下载"跳转正常,该类元素共17个，当前第12个
2020-07-24 18:48:30,485 - basepage - INFO - Click back on current page.
2020-07-24 18:48:37,684 - 2 - INFO - 页面"【安卓棋牌游戏】好玩的安卓棋牌游戏大全_安卓棋牌类游戏_棋牌游戏下载-最笨下载"跳转正常,该类元素共17个，当前第13个
2020-07-24 18:48:37,896 - basepage - INFO - Click back on current page.
2020-07-24 18:48:45,434 - 2 - INFO - 页面"【安卓赛车游戏】好玩的安卓赛车游戏大全_安卓赛车类游戏_赛车游戏下载-最笨下载"跳转正常,该类元素共17个，当前第14个
2020-07-24 18:48:45,674 - basepage - INFO - Click back on current page.
2020-07-24 18:48:52,943 - 2 - INFO - 页面"【安卓角色扮演游戏】好玩的安卓角色扮演游戏大全_安卓角色扮演类游戏_角色扮演游戏下载-最笨下载"跳转正常,该类元素共17个，当前第15个
2020-07-24 18:48:53,297 - basepage - INFO - Click back on current page.
2020-07-24 18:49:00,762 - 2 - INFO - 页面"【安卓动作游戏】好玩的安卓动作游戏大全_安卓动作类游戏_动作游戏下载-最笨下载"跳转正常,该类元素共17个，当前第16个
2020-07-24 18:49:00,996 - basepage - INFO - Click back on current page.
2020-07-24 18:49:08,481 - 2 - INFO - 页面"【安卓休闲游戏】好玩的安卓休闲游戏大全_安卓休闲类游戏_休闲游戏下载-最笨下载"跳转正常,该类元素共17个，当前第17个
2020-07-24 18:49:08,852 - basepage - INFO - Click back on current page.
2020-07-24 18:49:17,236 - 2 - INFO - 页面"国贼顾挽之_国贼顾挽之下载_国贼顾挽之官方下载-最笨下载"跳转正常,该类元素共18个，当前第1个
2020-07-24 18:49:23,372 - 2 - INFO - 页面"大秦黎明_大秦黎明下载_大秦黎明官方下载-最笨下载"跳转正常,该类元素共18个，当前第2个
2020-07-24 18:49:29,509 - 2 - INFO - 页面"怒焰三国杀手游_怒焰三国杀手游下载_怒焰三国杀手游官方下载-最笨下载"跳转正常,该类元素共18个，当前第3个
2020-07-24 18:49:35,673 - 2 - INFO - 页面"末日围城_末日围城下载_末日围城官方下载-最笨下载"跳转正常,该类元素共18个，当前第4个
2020-07-24 18:49:41,837 - 2 - INFO - 页面"天将雄师九游版_天将雄师九游版下载_天将雄师九游版官方下载-最笨下载"跳转正常,该类元素共18个，当前第5个
2020-07-24 18:49:47,967 - 2 - INFO - 页面"诸王黎明_诸王黎明下载_诸王黎明官方下载-最笨下载"跳转正常,该类元素共18个，当前第6个
2020-07-24 18:49:54,113 - 2 - INFO - 页面"一梦江湖九游版_一梦江湖九游版下载_一梦江湖九游版官方下载-最笨下载"跳转正常,该类元素共18个，当前第7个
2020-07-24 18:50:00,235 - 2 - INFO - 页面"NBA篮球大师_NBA篮球大师下载_NBA篮球大师官方下载-最笨下载"跳转正常,该类元素共18个，当前第8个
2020-07-24 18:50:06,386 - 2 - INFO - 页面"萌妖传手游_萌妖传手游下载_萌妖传手游官方下载-最笨下载"跳转正常,该类元素共18个，当前第9个
2020-07-24 18:50:12,528 - 2 - INFO - 页面"中超英雄手游_中超英雄手游下载_中超英雄手游官方下载-最笨下载"跳转正常,该类元素共18个，当前第10个
2020-07-24 18:50:18,669 - 2 - INFO - 页面"三国战天下手游_三国战天下手游下载_三国战天下手游官方下载-最笨下载"跳转正常,该类元素共18个，当前第11个
2020-07-24 18:50:24,821 - 2 - INFO - 页面"拳皇命运_拳皇命运下载_拳皇命运官方下载-最笨下载"跳转正常,该类元素共18个，当前第12个
2020-07-24 18:50:34,622 - 2 - INFO - 页面"电能大亨_电能大亨下载_电能大亨官方下载-最笨下载"跳转正常,该类元素共18个，当前第13个
2020-07-24 18:50:40,766 - 2 - INFO - 页面"驾校模拟器_驾校模拟器下载_驾校模拟器官方下载-最笨下载"跳转正常,该类元素共18个，当前第14个
2020-07-24 18:50:46,907 - 2 - INFO - 页面"暗黑探险2_暗黑探险2下载_暗黑探险2官方下载-最笨下载"跳转正常,该类元素共18个，当前第15个
2020-07-24 18:50:53,031 - 2 - INFO - 页面"风暴山之谜_风暴山之谜下载_风暴山之谜官方下载-最笨下载"跳转正常,该类元素共18个，当前第16个
2020-07-24 18:50:59,196 - 2 - INFO - 页面"炸弹投石机:卡牌战斗_炸弹投石机:卡牌战斗下载_炸弹投石机:卡牌战斗官方下载-最笨下载"跳转正常,该类元素共18个，当前第17个
2020-07-24 18:51:05,364 - 2 - INFO - 页面"地下城故事_地下城故事下载_地下城故事官方下载-最笨下载"跳转正常,该类元素共18个，当前第18个
2020-07-24 18:51:13,560 - 2 - INFO - 页面"变态手游公益服_bt手游变态服_无限元宝bt手游下载_BT手游中心-最笨下载"跳转正常,该类元素共13个，当前第1个
2020-07-24 18:51:13,830 - basepage - INFO - Click back on current page.
2020-07-24 18:51:22,424 - 2 - INFO - 页面"变态手游公益服_bt手游变态服_无限元宝bt手游下载_BT手游中心-最笨下载"跳转正常,该类元素共13个，当前第2个
2020-07-24 18:51:22,714 - basepage - INFO - Click back on current page.
2020-07-24 18:51:31,419 - 2 - INFO - 页面"变态手游公益服_bt手游变态服_无限元宝bt手游下载_BT手游中心-最笨下载"跳转正常,该类元素共13个，当前第3个
2020-07-24 18:51:31,822 - basepage - INFO - Click back on current page.
2020-07-24 18:51:40,490 - 2 - INFO - 页面"变态手游公益服_bt手游变态服_无限元宝bt手游下载_BT手游中心-最笨下载"跳转正常,该类元素共13个，当前第4个
2020-07-24 18:51:41,015 - basepage - INFO - Click back on current page.
2020-07-24 18:51:49,156 - 2 - INFO - 页面"变态手游公益服_bt手游变态服_无限元宝bt手游下载_BT手游中心-最笨下载"跳转正常,该类元素共13个，当前第5个
2020-07-24 18:51:49,543 - basepage - INFO - Click back on current page.
2020-07-24 18:51:57,678 - 2 - INFO - 页面"变态手游公益服_bt手游变态服_无限元宝bt手游下载_BT手游中心-最笨下载"跳转正常,该类元素共13个，当前第6个
2020-07-24 18:51:58,029 - basepage - INFO - Click back on current page.
2020-07-24 18:52:06,744 - 2 - INFO - 页面"变态手游公益服_bt手游变态服_无限元宝bt手游下载_BT手游中心-最笨下载"跳转正常,该类元素共13个，当前第7个
2020-07-24 18:52:07,127 - basepage - INFO - Click back on current page.
2020-07-24 18:52:15,383 - 2 - INFO - 页面"变态手游公益服_bt手游变态服_无限元宝bt手游下载_BT手游中心-最笨下载"跳转正常,该类元素共13个，当前第8个
2020-07-24 18:52:15,748 - basepage - INFO - Click back on current page.
2020-07-24 18:52:25,132 - 2 - INFO - 页面"变态手游公益服_bt手游变态服_无限元宝bt手游下载_BT手游中心-最笨下载"跳转正常,该类元素共13个，当前第9个
2020-07-24 18:52:25,394 - basepage - INFO - Click back on current page.
2020-07-24 18:52:34,327 - 2 - INFO - 页面"变态手游公益服_bt手游变态服_无限元宝bt手游下载_BT手游中心-最笨下载"跳转正常,该类元素共13个，当前第10个
2020-07-24 18:52:34,563 - basepage - INFO - Click back on current page.
2020-07-24 18:52:42,851 - 2 - INFO - 页面"变态手游公益服_bt手游变态服_无限元宝bt手游下载_BT手游中心-最笨下载"跳转正常,该类元素共13个，当前第11个
2020-07-24 18:52:43,348 - basepage - INFO - Click back on current page.
2020-07-24 18:52:51,026 - 2 - ERROR - 页面"404-最笨下载"跳转异常,该类元素共13个，当前第12个
2020-07-24 18:52:51,726 - basepage - INFO - Click back on current page.
2020-07-24 18:53:00,824 - 2 - INFO - 页面"变态手游公益服_bt手游变态服_无限元宝bt手游下载_BT手游中心-最笨下载"跳转正常,该类元素共13个，当前第13个
2020-07-24 18:53:01,143 - basepage - INFO - Click back on current page.
2020-07-24 18:53:09,558 - 2 - INFO - 页面"九灵神域_九灵神域无限元宝服_SF变态版九灵神域公益服下载 - 最笨下载"跳转正常,该类元素共18个，当前第1个
2020-07-24 18:53:15,711 - 2 - INFO - 页面"教主之家（至尊特权）_教主之家（至尊特权）无限元宝服_SF变态版教主之家（至尊特权）公益服下载 - 最笨下载"跳转正常,该类元素共18个，当前第2个
2020-07-24 18:53:21,858 - 2 - INFO - 页面"魔星狂点（送海量连抽）_魔星狂点（送海量连抽）无限元宝服_SF变态版魔星狂点（送海量连抽）公益服下载 - 最笨下载"跳转正常,该类元素共18个，当前第3个
2020-07-24 18:53:27,998 - 2 - INFO - 页面"主公别闹_主公别闹无限元宝服_SF变态版主公别闹公益服下载 - 最笨下载"跳转正常,该类元素共18个，当前第4个
2020-07-24 18:53:34,111 - 2 - INFO - 页面"天天怼三国（送千元充值）_天天怼三国（送千元充值）无限元宝服_SF变态版天天怼三国（送千元充值）公益服下载 - 最笨下载"跳转正常,该类元素共18个，当前第5个
2020-07-24 18:53:40,255 - 2 - INFO - 页面"全民祖玛（爆装加强版）_全民祖玛（爆装加强版）无限元宝服_SF变态版全民祖玛（爆装加强版）公益服下载 - 最笨下载"跳转正常,该类元素共18个，当前第6个
2020-07-24 18:53:46,374 - 2 - INFO - 页面"百恋成仙（送千元充值）_百恋成仙（送千元充值）无限元宝服_SF变态版百恋成仙（送千元充值）公益服下载 - 最笨下载"跳转正常,该类元素共18个，当前第7个
2020-07-24 18:53:52,496 - 2 - INFO - 页面"幻游猎人_幻游猎人无限元宝服_SF变态版幻游猎人公益服下载 - 最笨下载"跳转正常,该类元素共18个，当前第8个
2020-07-24 18:53:58,639 - 2 - INFO - 页面"国战纪元_国战纪元无限元宝服_SF变态版国战纪元公益服下载 - 最笨下载"跳转正常,该类元素共18个，当前第9个
2020-07-24 18:54:04,768 - 2 - INFO - 页面"古墓迷城_古墓迷城无限元宝服_SF变态版古墓迷城公益服下载 - 最笨下载"跳转正常,该类元素共18个，当前第10个
2020-07-24 18:54:10,899 - 2 - INFO - 页面"坦克军团（送198充值卡）_坦克军团（送198充值卡）无限元宝服_SF变态版坦克军团（送198充值卡）公益服下载 - 最笨下载"跳转正常,该类元素共18个，当前第11个
2020-07-24 18:54:17,046 - 2 - INFO - 页面"卧虎藏龙（复古满级特权）_卧虎藏龙（复古满级特权）无限元宝服_SF变态版卧虎藏龙（复古满级特权）公益服下载 - 最笨下载"跳转正常,该类元素共18个，当前第12个
2020-07-24 18:54:23,168 - 2 - INFO - 页面"大天劫（商城特权）_大天劫（商城特权）无限元宝服_SF变态版大天劫（商城特权）公益服下载 - 最笨下载"跳转正常,该类元素共18个，当前第13个
2020-07-24 18:54:29,309 - 2 - INFO - 页面"调教三国（海量爆充值）_调教三国（海量爆充值）无限元宝服_SF变态版调教三国（海量爆充值）公益服下载 - 最笨下载"跳转正常,该类元素共18个，当前第14个
2020-07-24 18:54:35,462 - 2 - INFO - 页面"同一个世界OL（送328充值）_同一个世界OL（送328充值）无限元宝服_SF变态版同一个世界OL（送328充值）公益服下载 - 最笨下载"跳转正常,该类元素共18个，当前第15个
2020-07-24 18:54:41,609 - 2 - INFO - 页面"楚汉传奇（送648充值）_楚汉传奇（送648充值）无限元宝服_SF变态版楚汉传奇（送648充值）公益服下载 - 最笨下载"跳转正常,该类元素共18个，当前第16个
2020-07-24 18:54:47,741 - 2 - INFO - 页面"猎手之王_猎手之王无限元宝服_SF变态版猎手之王公益服下载 - 最笨下载"跳转正常,该类元素共18个，当前第17个
2020-07-24 18:54:53,858 - 2 - INFO - 页面"莽荒天下（送388充值）_莽荒天下（送388充值）无限元宝服_SF变态版莽荒天下（送388充值）公益服下载 - 最笨下载"跳转正常,该类元素共18个，当前第18个
2020-07-24 18:55:01,999 - 2 - INFO - 页面"满vip版手游_手游sf送顶级vip_满级vip无限元宝手游下载-最笨下载"跳转正常,该类元素共13个，当前第1个
2020-07-24 18:55:02,255 - basepage - INFO - Click back on current page.
2020-07-24 18:55:10,573 - 2 - INFO - 页面"满vip版手游_手游sf送顶级vip_满级vip无限元宝手游下载-最笨下载"跳转正常,该类元素共13个，当前第2个
2020-07-24 18:55:10,929 - basepage - INFO - Click back on current page.
2020-07-24 18:55:19,623 - 2 - INFO - 页面"满vip版手游_手游sf送顶级vip_满级vip无限元宝手游下载-最笨下载"跳转正常,该类元素共13个，当前第3个
2020-07-24 18:55:20,037 - basepage - INFO - Click back on current page.
2020-07-24 18:55:28,464 - 2 - INFO - 页面"满vip版手游_手游sf送顶级vip_满级vip无限元宝手游下载-最笨下载"跳转正常,该类元素共13个，当前第4个
2020-07-24 18:55:28,692 - basepage - INFO - Click back on current page.
2020-07-24 18:55:37,225 - 2 - INFO - 页面"满vip版手游_手游sf送顶级vip_满级vip无限元宝手游下载-最笨下载"跳转正常,该类元素共13个，当前第5个
2020-07-24 18:55:37,592 - basepage - INFO - Click back on current page.
2020-07-24 18:55:46,205 - 2 - INFO - 页面"满vip版手游_手游sf送顶级vip_满级vip无限元宝手游下载-最笨下载"跳转正常,该类元素共13个，当前第6个
2020-07-24 18:55:46,580 - basepage - INFO - Click back on current page.
2020-07-24 18:55:55,086 - 2 - INFO - 页面"满vip版手游_手游sf送顶级vip_满级vip无限元宝手游下载-最笨下载"跳转正常,该类元素共13个，当前第7个
2020-07-24 18:55:55,466 - basepage - INFO - Click back on current page.
2020-07-24 18:56:04,160 - 2 - INFO - 页面"满vip版手游_手游sf送顶级vip_满级vip无限元宝手游下载-最笨下载"跳转正常,该类元素共13个，当前第8个
2020-07-24 18:56:04,585 - basepage - INFO - Click back on current page.
2020-07-24 18:56:12,589 - 2 - INFO - 页面"满vip版手游_手游sf送顶级vip_满级vip无限元宝手游下载-最笨下载"跳转正常,该类元素共13个，当前第9个
2020-07-24 18:56:12,975 - basepage - INFO - Click back on current page.
2020-07-24 18:56:21,658 - 2 - INFO - 页面"满vip版手游_手游sf送顶级vip_满级vip无限元宝手游下载-最笨下载"跳转正常,该类元素共13个，当前第10个
2020-07-24 18:56:21,877 - basepage - INFO - Click back on current page.
2020-07-24 18:56:30,425 - 2 - INFO - 页面"满vip版手游_手游sf送顶级vip_满级vip无限元宝手游下载-最笨下载"跳转正常,该类元素共13个，当前第11个
2020-07-24 18:56:30,700 - basepage - INFO - Click back on current page.
2020-07-24 18:56:37,458 - 2 - ERROR - 页面"404-最笨下载"跳转异常,该类元素共13个，当前第12个
2020-07-24 18:56:38,135 - basepage - INFO - Click back on current page.
2020-07-24 18:56:47,071 - 2 - INFO - 页面"满vip版手游_手游sf送顶级vip_满级vip无限元宝手游下载-最笨下载"跳转正常,该类元素共13个，当前第13个
2020-07-24 18:56:47,431 - basepage - INFO - Click back on current page.
2020-07-24 18:56:55,805 - 2 - INFO - 页面"九天仙梦（商城特权）_九天仙梦（商城特权）无限元宝服_SF变态版九天仙梦（商城特权）公益服下载 - 最笨下载"跳转正常,该类元素共18个，当前第1个
2020-07-24 18:57:01,923 - 2 - INFO - 页面"仙剑缘（星耀特权）_仙剑缘（星耀特权）无限元宝服_SF变态版仙剑缘（星耀特权）公益服下载 - 最笨下载"跳转正常,该类元素共18个，当前第2个
2020-07-24 18:57:08,069 - 2 - INFO - 页面"我叫MT：奇幻之旅（送一万连抽）_我叫MT：奇幻之旅（送一万连抽）无限元宝服_SF变态版我叫MT：奇幻之旅（送一万连抽）公益服下载 - 最笨下载"跳转正常,该类元素共18个，当前第3个
2020-07-24 18:57:14,236 - 2 - INFO - 页面"天天驯兽师（每日送百抽）_天天驯兽师（每日送百抽）无限元宝服_SF变态版天天驯兽师（每日送百抽）公益服下载 - 最笨下载"跳转正常,该类元素共18个，当前第4个
2020-07-24 18:57:20,378 - 2 - INFO - 页面"神契幻奇谭（海量特权）_神契幻奇谭（海量特权）无限元宝服_SF变态版神契幻奇谭（海量特权）公益服下载 - 最笨下载"跳转正常,该类元素共18个，当前第5个
2020-07-24 18:57:26,567 - 2 - INFO - 页面"冒险者集结（送650充值）_冒险者集结（送650充值）无限元宝服_SF变态版冒险者集结（送650充值）公益服下载 - 最笨下载"跳转正常,该类元素共18个，当前第6个
2020-07-24 18:57:32,739 - 2 - INFO - 页面"御剑封神录（送海量充值）_御剑封神录（送海量充值）无限元宝服_SF变态版御剑封神录（送海量充值）公益服下载 - 最笨下载"跳转正常,该类元素共18个，当前第7个
2020-07-24 18:57:38,890 - 2 - INFO - 页面"无敌战舰（送百元充值）_无敌战舰（送百元充值）无限元宝服_SF变态版无敌战舰（送百元充值）公益服下载 - 最笨下载"跳转正常,该类元素共18个，当前第8个
2020-07-24 18:57:45,025 - 2 - INFO - 页面"孤龙山（送GM海量充）_孤龙山（送GM海量充）无限元宝服_SF变态版孤龙山（送GM海量充）公益服下载 - 最笨下载"跳转正常,该类元素共18个，当前第9个
2020-07-24 18:57:51,167 - 2 - INFO - 页面"圣痕觉醒（送万元充值）_圣痕觉醒（送万元充值）无限元宝服_SF变态版圣痕觉醒（送万元充值）公益服下载 - 最笨下载"跳转正常,该类元素共18个，当前第10个
2020-07-24 18:57:57,345 - 2 - INFO - 页面"怪兽宝贝（星耀特权）_怪兽宝贝（星耀特权）无限元宝服_SF变态版怪兽宝贝（星耀特权）公益服下载 - 最笨下载"跳转正常,该类元素共18个，当前第11个
2020-07-24 18:58:03,527 - 2 - INFO - 页面"乱世祭（豪华特权）_乱世祭（豪华特权）无限元宝服_SF变态版乱世祭（豪华特权）公益服下载 - 最笨下载"跳转正常,该类元素共18个，当前第12个
2020-07-24 18:58:09,694 - 2 - INFO - 页面"仙灵世界（送海量连抽）_仙灵世界（送海量连抽）无限元宝服_SF变态版仙灵世界（送海量连抽）公益服下载 - 最笨下载"跳转正常,该类元素共18个，当前第13个
2020-07-24 18:58:15,843 - 2 - INFO - 页面"刀剑神魔录（送真·充值卡）_刀剑神魔录（送真·充值卡）无限元宝服_SF变态版刀剑神魔录（送真·充值卡）公益服下载 - 最笨下载"跳转正常,该类元素共18个，当前第14个
2020-07-24 18:58:21,999 - 2 - INFO - 页面"小小三国（送2000充值）_小小三国（送2000充值）无限元宝服_SF变态版小小三国（送2000充值）公益服下载 - 最笨下载"跳转正常,该类元素共18个，当前第15个
2020-07-24 18:58:28,145 - 2 - INFO - 页面"精灵战纪（送千元真充）_精灵战纪（送千元真充）无限元宝服_SF变态版精灵战纪（送千元真充）公益服下载 - 最笨下载"跳转正常,该类元素共18个，当前第16个
2020-07-24 18:58:34,302 - 2 - INFO - 页面"大话蜀山（星耀特权）_大话蜀山（星耀特权）无限元宝服_SF变态版大话蜀山（星耀特权）公益服下载 - 最笨下载"跳转正常,该类元素共18个，当前第17个
2020-07-24 18:58:40,466 - 2 - INFO - 页面"道天录（海量送充值）_道天录（海量送充值）无限元宝服_SF变态版道天录（海量送充值）公益服下载 - 最笨下载"跳转正常,该类元素共18个，当前第18个
2020-07-24 18:58:47,607 - 2 - INFO - 页面"gm版手游_无限元宝/钻石公益服_0元免费gm权限手游下载-最笨下载"跳转正常,该类元素共13个，当前第1个
2020-07-24 18:58:47,818 - basepage - INFO - Click back on current page.
2020-07-24 18:58:55,999 - 2 - INFO - 页面"gm版手游_无限元宝/钻石公益服_0元免费gm权限手游下载-最笨下载"跳转正常,该类元素共13个，当前第2个
2020-07-24 18:58:56,407 - basepage - INFO - Click back on current page.
2020-07-24 18:59:04,271 - 2 - INFO - 页面"gm版手游_无限元宝/钻石公益服_0元免费gm权限手游下载-最笨下载"跳转正常,该类元素共13个，当前第3个
2020-07-24 18:59:04,626 - basepage - INFO - Click back on current page.
2020-07-24 18:59:12,639 - 2 - INFO - 页面"gm版手游_无限元宝/钻石公益服_0元免费gm权限手游下载-最笨下载"跳转正常,该类元素共13个，当前第4个
2020-07-24 18:59:12,855 - basepage - INFO - Click back on current page.
2020-07-24 18:59:20,696 - 2 - INFO - 页面"gm版手游_无限元宝/钻石公益服_0元免费gm权限手游下载-最笨下载"跳转正常,该类元素共13个，当前第5个
2020-07-24 18:59:21,101 - basepage - INFO - Click back on current page.
2020-07-24 18:59:29,108 - 2 - INFO - 页面"gm版手游_无限元宝/钻石公益服_0元免费gm权限手游下载-最笨下载"跳转正常,该类元素共13个，当前第6个
2020-07-24 18:59:29,492 - basepage - INFO - Click back on current page.
2020-07-24 18:59:37,402 - 2 - INFO - 页面"gm版手游_无限元宝/钻石公益服_0元免费gm权限手游下载-最笨下载"跳转正常,该类元素共13个，当前第7个
2020-07-24 18:59:37,711 - basepage - INFO - Click back on current page.
2020-07-24 18:59:45,749 - 2 - INFO - 页面"gm版手游_无限元宝/钻石公益服_0元免费gm权限手游下载-最笨下载"跳转正常,该类元素共13个，当前第8个
2020-07-24 18:59:46,156 - basepage - INFO - Click back on current page.
2020-07-24 18:59:54,321 - 2 - INFO - 页面"gm版手游_无限元宝/钻石公益服_0元免费gm权限手游下载-最笨下载"跳转正常,该类元素共13个，当前第9个
2020-07-24 18:59:54,726 - basepage - INFO - Click back on current page.
2020-07-24 19:00:02,869 - 2 - INFO - 页面"gm版手游_无限元宝/钻石公益服_0元免费gm权限手游下载-最笨下载"跳转正常,该类元素共13个，当前第10个
2020-07-24 19:00:03,097 - basepage - INFO - Click back on current page.
2020-07-24 19:00:11,143 - 2 - INFO - 页面"gm版手游_无限元宝/钻石公益服_0元免费gm权限手游下载-最笨下载"跳转正常,该类元素共13个，当前第11个
2020-07-24 19:00:11,513 - basepage - INFO - Click back on current page.
2020-07-24 19:00:18,364 - 2 - ERROR - 页面"404-最笨下载"跳转异常,该类元素共13个，当前第12个
2020-07-24 19:00:18,876 - basepage - INFO - Click back on current page.
2020-07-24 19:00:26,732 - 2 - INFO - 页面"gm版手游_无限元宝/钻石公益服_0元免费gm权限手游下载-最笨下载"跳转正常,该类元素共13个，当前第13个
2020-07-24 19:00:27,026 - basepage - INFO - Click back on current page.
2020-07-24 19:00:35,417 - 2 - INFO - 页面"高达（GM版）_高达（GM版）免费gm权限安卓下载 - 最笨下载"跳转正常,该类元素共18个，当前第1个
2020-07-24 19:00:41,571 - 2 - INFO - 页面"暗黑王者（GM版）_暗黑王者（GM版）免费gm权限安卓下载 - 最笨下载"跳转正常,该类元素共18个，当前第2个
2020-07-24 19:00:47,731 - 2 - INFO - 页面"问鼎封神（GM版）_问鼎封神（GM版）免费gm权限安卓下载 - 最笨下载"跳转正常,该类元素共18个，当前第3个
2020-07-24 19:00:53,877 - 2 - INFO - 页面"仙剑轮回（GM版）_仙剑轮回（GM版）免费gm权限安卓下载 - 最笨下载"跳转正常,该类元素共18个，当前第4个
2020-07-24 19:01:00,036 - 2 - INFO - 页面"神道仙尊（GM版）_神道仙尊（GM版）免费gm权限安卓下载 - 最笨下载"跳转正常,该类元素共18个，当前第5个
2020-07-24 19:01:06,175 - 2 - INFO - 页面"大将无双（GM版）_大将无双（GM版）免费gm权限安卓下载 - 最笨下载"跳转正常,该类元素共18个，当前第6个
2020-07-24 19:01:12,325 - 2 - INFO - 页面"青云剑诀（GM版）_青云剑诀（GM版）免费gm权限安卓下载 - 最笨下载"跳转正常,该类元素共18个，当前第7个
2020-07-24 19:01:18,474 - 2 - INFO - 页面"寂灭剑诀（GM版）_寂灭剑诀（GM版）免费gm权限安卓下载 - 最笨下载"跳转正常,该类元素共18个，当前第8个
2020-07-24 19:01:24,666 - 2 - INFO - 页面"封神记（GM版）_封神记（GM版）免费gm权限安卓下载 - 最笨下载"跳转正常,该类元素共18个，当前第9个
2020-07-24 19:01:30,813 - 2 - INFO - 页面"豪门小老婆（GM版）_豪门小老婆（GM版）免费gm权限安卓下载 - 最笨下载"跳转正常,该类元素共18个，当前第10个
2020-07-24 19:01:36,957 - 2 - INFO - 页面"三生三誓青丘传（GM版）_三生三誓青丘传（GM版）免费gm权限安卓下载 - 最笨下载"跳转正常,该类元素共18个，当前第11个
2020-07-24 19:01:43,124 - 2 - INFO - 页面"毒尊三国（GM版）_毒尊三国（GM版）免费gm权限安卓下载 - 最笨下载"跳转正常,该类元素共18个，当前第12个
2020-07-24 19:01:49,244 - 2 - INFO - 页面"乱世神话（GM版）_乱世神话（GM版）免费gm权限安卓下载 - 最笨下载"跳转正常,该类元素共18个，当前第13个
2020-07-24 19:01:55,382 - 2 - INFO - 页面"天子问剑（GM版）_天子问剑（GM版）免费gm权限安卓下载 - 最笨下载"跳转正常,该类元素共18个，当前第14个
2020-07-24 19:02:01,505 - 2 - INFO - 页面"风云三国（GM版）_风云三国（GM版）免费gm权限安卓下载 - 最笨下载"跳转正常,该类元素共18个，当前第15个
2020-07-24 19:02:07,665 - 2 - INFO - 页面"古惑三国志（GM版）_古惑三国志（GM版）免费gm权限安卓下载 - 最笨下载"跳转正常,该类元素共18个，当前第16个
2020-07-24 19:02:13,776 - 2 - INFO - 页面"少年悟空传（GM版）_少年悟空传（GM版）免费gm权限安卓下载 - 最笨下载"跳转正常,该类元素共18个，当前第17个
2020-07-24 19:02:19,932 - 2 - INFO - 页面"诛神之战（GM版）_诛神之战（GM版）免费gm权限安卓下载 - 最笨下载"跳转正常,该类元素共18个，当前第18个
2020-07-24 19:02:27,082 - 2 - INFO - 页面"免费权限GM游戏"跳转正常,该类元素共4个，当前第1个
2020-07-24 19:02:27,326 - basepage - INFO - Click back on current page.
2020-07-24 19:02:32,538 - 2 - INFO - 页面"聊天回复神器合集"跳转正常,该类元素共4个，当前第2个
2020-07-24 19:02:32,938 - basepage - INFO - Click back on current page.
2020-07-24 19:02:39,534 - 2 - INFO - 页面"超变私服传奇一刀999999级"跳转正常,该类元素共4个，当前第3个
2020-07-24 19:02:39,811 - basepage - INFO - Click back on current page.
2020-07-24 19:02:45,359 - 2 - INFO - 页面"美女爆衣游戏手游"跳转正常,该类元素共4个，当前第4个
2020-07-24 19:02:45,799 - basepage - INFO - Click back on current page.
2020-07-24 19:02:54,338 - 2 - INFO - 页面"【苹果播放器】iPhone手机播放器,iPhone播放器免费下载大全-最笨下载"跳转正常,该类元素共20个，当前第1个
2020-07-24 19:02:54,806 - basepage - INFO - Click back on current page.
2020-07-24 19:03:02,181 - 2 - INFO - 页面"【苹果学习软件】iPhone手机学习软件_iPhone学习软件免费下载大全-最笨下载"跳转正常,该类元素共20个，当前第2个
2020-07-24 19:03:02,464 - basepage - INFO - Click back on current page.
2020-07-24 19:03:09,978 - 2 - INFO - 页面"【苹果辅助软件】iPhone手机辅助软件_iPhone辅助软件免费下载大全-最笨下载"跳转正常,该类元素共20个，当前第3个
2020-07-24 19:03:10,208 - basepage - INFO - Click back on current page.
2020-07-24 19:03:19,975 - 2 - INFO - 页面"【苹果输入法】iPhone手机输入法_iPhone输入法免费下载大全-最笨下载"跳转正常,该类元素共20个，当前第4个
2020-07-24 19:03:20,406 - basepage - INFO - Click back on current page.
2020-07-24 19:03:27,879 - 2 - INFO - 页面"【苹果通信软件】iPhone手机通信软件_iPhone通信软件免费下载大全-最笨下载"跳转正常,该类元素共20个，当前第5个
2020-07-24 19:03:28,129 - basepage - INFO - Click back on current page.
2020-07-24 19:03:35,362 - 2 - INFO - 页面"【苹果固件】iPhone手机固件软件_iPhone固件软件免费下载大全-最笨下载"跳转正常,该类元素共20个，当前第6个
2020-07-24 19:03:35,623 - basepage - INFO - Click back on current page.
2020-07-24 19:03:42,960 - 2 - INFO - 页面"【苹果文件管理软件】iPhone手机文件管理软件_iPhone文件管理软件免费下载大全-最笨下载"跳转正常,该类元素共20个，当前第7个
2020-07-24 19:03:43,408 - basepage - INFO - Click back on current page.
2020-07-24 19:03:50,722 - 2 - INFO - 页面"【苹果同步软件】iPhone手机同步软件_iPhone同步软件免费下载大全-最笨下载"跳转正常,该类元素共20个，当前第8个
2020-07-24 19:03:51,029 - basepage - INFO - Click back on current page.
2020-07-24 19:03:58,611 - 2 - INFO - 页面"【苹果办公软件】iPhone手机办公软件_iPhone办公软件免费下载大全-最笨下载"跳转正常,该类元素共20个，当前第9个
2020-07-24 19:03:58,845 - basepage - INFO - Click back on current page.
2020-07-24 19:04:06,156 - 2 - INFO - 页面"【苹果新闻软件】iPhone手机新闻软件_iPhone新闻软件免费下载大全-最笨下载"跳转正常,该类元素共20个，当前第10个
2020-07-24 19:04:06,574 - basepage - INFO - Click back on current page.
2020-07-24 19:04:14,604 - 2 - INFO - 页面"【苹果理财软件】iPhone手机理财软件_iPhone理财软件免费下载大全-最笨下载"跳转正常,该类元素共20个，当前第11个
2020-07-24 19:04:15,279 - basepage - INFO - Click back on current page.
2020-07-24 19:04:23,123 - 2 - INFO - 页面"【苹果备份软件】iPhone手机备份软件_iPhone备份软件免费下载大全-最笨下载"跳转正常,该类元素共20个，当前第12个
2020-07-24 19:04:23,405 - basepage - INFO - Click back on current page.
2020-07-24 19:04:30,840 - 2 - INFO - 页面"【苹果健身软件】iPhone手机健身软件_iPhone健身软件免费下载大全-最笨下载"跳转正常,该类元素共20个，当前第13个
2020-07-24 19:04:31,288 - basepage - INFO - Click back on current page.
2020-07-24 19:04:38,853 - 2 - INFO - 页面"【苹果健康管理软件】iPhone手机健康管理软件_iPhone健康管理软件免费下载大全-最笨下载"跳转正常,该类元素共20个，当前第14个
2020-07-24 19:04:39,073 - basepage - INFO - Click back on current page.
2020-07-24 19:04:46,744 - 2 - INFO - 页面"【苹果系统软件】iPhone手机系统软件_iPhone系统软件免费下载大全-最笨下载"跳转正常,该类元素共20个，当前第15个
2020-07-24 19:04:47,036 - basepage - INFO - Click back on current page.
2020-07-24 19:04:54,412 - 2 - INFO - 页面"【苹果社交软件】iphone手机社交软件_iphone社交软件免费下载大全-最笨下载"跳转正常,该类元素共20个，当前第16个
2020-07-24 19:04:54,909 - basepage - INFO - Click back on current page.
2020-07-24 19:05:01,416 - 2 - INFO - 页面"【苹果娱乐软件】iPhone手机娱乐软件_iPhone娱乐软件免费下载大全-最笨下载"跳转正常,该类元素共20个，当前第17个
2020-07-24 19:05:01,706 - basepage - INFO - Click back on current page.
2020-07-24 19:05:09,097 - 2 - INFO - 页面"【苹果导航】iPhone手机导航软件,iPhone导航软件免费下载大全-最笨下载"跳转正常,该类元素共20个，当前第18个
2020-07-24 19:05:09,390 - basepage - INFO - Click back on current page.
2020-07-24 19:05:16,855 - 2 - INFO - 页面"【苹果网络软件】iPhone手机网络软件,iPhone网络软件免费下载大全-最笨下载"跳转正常,该类元素共20个，当前第19个
2020-07-24 19:05:17,261 - basepage - INFO - Click back on current page.
2020-07-24 19:05:24,703 - 2 - INFO - 页面"【苹果助手软件】iPhone生活助手软件_iPhone生活助手软件免费下载大全-最笨下载"跳转正常,该类元素共20个，当前第20个
2020-07-24 19:05:24,992 - basepage - INFO - Click back on current page.
2020-07-24 19:05:33,362 - 2 - INFO - 页面"剪映_剪映下载_剪映官方下载-最笨下载"跳转正常,该类元素共18个，当前第1个
2020-07-24 19:05:39,540 - 2 - INFO - 页面"吾爱看书ios版_吾爱看书ios版下载_吾爱看书ios版官方下载-最笨下载"跳转正常,该类元素共18个，当前第2个
2020-07-24 19:05:45,662 - 2 - INFO - 页面"7743游戏平台_7743游戏平台下载_7743游戏平台官方下载-最笨下载"跳转正常,该类元素共18个，当前第3个
2020-07-24 19:05:51,786 - 2 - INFO - 页面"搜书帝ios_搜书帝ios下载_搜书帝ios官方下载-最笨下载"跳转正常,该类元素共18个，当前第4个
2020-07-24 19:05:57,943 - 2 - INFO - 页面"大塘小鱼_大塘小鱼下载_大塘小鱼官方下载-最笨下载"跳转正常,该类元素共18个，当前第5个
2020-07-24 19:06:04,094 - 2 - INFO - 页面"花溪小说_花溪小说下载_花溪小说官方下载-最笨下载"跳转正常,该类元素共18个，当前第6个
2020-07-24 19:06:10,235 - 2 - INFO - 页面"手译_手译下载_手译官方下载-最笨下载"跳转正常,该类元素共18个，当前第7个
2020-07-24 19:06:16,393 - 2 - INFO - 页面"sjcam_sjcam下载_sjcam官方下载-最笨下载"跳转正常,该类元素共18个，当前第8个
2020-07-24 19:06:22,517 - 2 - INFO - 页面"WearHeart_WearHeart下载_WearHeart官方下载-最笨下载"跳转正常,该类元素共18个，当前第9个
2020-07-24 19:06:28,673 - 2 - INFO - 页面"仓鼠阅读_仓鼠阅读下载_仓鼠阅读官方下载-最笨下载"跳转正常,该类元素共18个，当前第10个
2020-07-24 19:06:34,821 - 2 - INFO - 页面"漫番漫画_漫番漫画下载_漫番漫画官方下载-最笨下载"跳转正常,该类元素共18个，当前第11个
2020-07-24 19:06:40,970 - 2 - INFO - 页面"腾讯时光_腾讯时光下载_腾讯时光官方下载-最笨下载"跳转正常,该类元素共18个，当前第12个
2020-07-24 19:06:47,130 - 2 - INFO - 页面"GK扫描仪_GK扫描仪下载_GK扫描仪官方下载-最笨下载"跳转正常,该类元素共18个，当前第13个
2020-07-24 19:06:53,286 - 2 - INFO - 页面"海报制作_海报制作下载_海报制作官方下载-最笨下载"跳转正常,该类元素共18个，当前第14个
2020-07-24 19:06:59,450 - 2 - INFO - 页面"酷搜看书_酷搜看书下载_酷搜看书官方下载-最笨下载"跳转正常,该类元素共18个，当前第15个
2020-07-24 19:07:05,638 - 2 - INFO - 页面"悦想看_悦想看下载_悦想看官方下载-最笨下载"跳转正常,该类元素共18个，当前第16个
2020-07-24 19:07:11,755 - 2 - INFO - 页面"芒果动听_芒果动听下载_芒果动听官方下载-最笨下载"跳转正常,该类元素共18个，当前第17个
2020-07-24 19:07:17,892 - 2 - INFO - 页面"锁住备忘录_锁住备忘录下载_锁住备忘录官方下载-最笨下载"跳转正常,该类元素共18个，当前第18个
2020-07-24 19:07:25,496 - 2 - INFO - 页面"变态手游公益服_bt手游变态服_无限元宝bt手游下载_BT手游中心-最笨下载"跳转正常,该类元素共13个，当前第1个
2020-07-24 19:07:25,768 - basepage - INFO - Click back on current page.
2020-07-24 19:07:33,621 - 2 - INFO - 页面"变态手游公益服_bt手游变态服_无限元宝bt手游下载_BT手游中心-最笨下载"跳转正常,该类元素共13个，当前第2个
2020-07-24 19:07:34,079 - basepage - INFO - Click back on current page.
2020-07-24 19:07:42,360 - 2 - INFO - 页面"变态手游公益服_bt手游变态服_无限元宝bt手游下载_BT手游中心-最笨下载"跳转正常,该类元素共13个，当前第3个
2020-07-24 19:07:42,751 - basepage - INFO - Click back on current page.
2020-07-24 19:07:51,016 - 2 - INFO - 页面"变态手游公益服_bt手游变态服_无限元宝bt手游下载_BT手游中心-最笨下载"跳转正常,该类元素共13个，当前第4个
2020-07-24 19:07:51,430 - basepage - INFO - Click back on current page.
2020-07-24 19:07:59,531 - 2 - INFO - 页面"变态手游公益服_bt手游变态服_无限元宝bt手游下载_BT手游中心-最笨下载"跳转正常,该类元素共13个，当前第5个
2020-07-24 19:07:59,802 - basepage - INFO - Click back on current page.
2020-07-24 19:08:07,733 - 2 - INFO - 页面"变态手游公益服_bt手游变态服_无限元宝bt手游下载_BT手游中心-最笨下载"跳转正常,该类元素共13个，当前第6个
2020-07-24 19:08:08,183 - basepage - INFO - Click back on current page.
2020-07-24 19:08:16,890 - 2 - INFO - 页面"变态手游公益服_bt手游变态服_无限元宝bt手游下载_BT手游中心-最笨下载"跳转正常,该类元素共13个，当前第7个
2020-07-24 19:08:17,298 - basepage - INFO - Click back on current page.
2020-07-24 19:08:25,620 - 2 - INFO - 页面"变态手游公益服_bt手游变态服_无限元宝bt手游下载_BT手游中心-最笨下载"跳转正常,该类元素共13个，当前第8个
2020-07-24 19:08:26,021 - basepage - INFO - Click back on current page.
2020-07-24 19:08:33,937 - 2 - INFO - 页面"变态手游公益服_bt手游变态服_无限元宝bt手游下载_BT手游中心-最笨下载"跳转正常,该类元素共13个，当前第9个
2020-07-24 19:08:34,337 - basepage - INFO - Click back on current page.
2020-07-24 19:08:42,506 - 2 - INFO - 页面"变态手游公益服_bt手游变态服_无限元宝bt手游下载_BT手游中心-最笨下载"跳转正常,该类元素共13个，当前第10个
2020-07-24 19:08:42,776 - basepage - INFO - Click back on current page.
2020-07-24 19:08:50,803 - 2 - INFO - 页面"变态手游公益服_bt手游变态服_无限元宝bt手游下载_BT手游中心-最笨下载"跳转正常,该类元素共13个，当前第11个
2020-07-24 19:08:51,186 - basepage - INFO - Click back on current page.
2020-07-24 19:08:58,008 - 2 - ERROR - 页面"404-最笨下载"跳转异常,该类元素共13个，当前第12个
2020-07-24 19:08:58,551 - basepage - INFO - Click back on current page.
2020-07-24 19:09:07,441 - 2 - INFO - 页面"变态手游公益服_bt手游变态服_无限元宝bt手游下载_BT手游中心-最笨下载"跳转正常,该类元素共13个，当前第13个
2020-07-24 19:09:07,724 - basepage - INFO - Click back on current page.
2020-07-24 19:09:16,094 - 2 - INFO - 页面"九灵神域_九灵神域无限元宝服_SF变态版九灵神域公益服下载 - 最笨下载"跳转正常,该类元素共18个，当前第1个
2020-07-24 19:09:22,257 - 2 - INFO - 页面"教主之家（至尊特权）_教主之家（至尊特权）无限元宝服_SF变态版教主之家（至尊特权）公益服下载 - 最笨下载"跳转正常,该类元素共18个，当前第2个
2020-07-24 19:09:28,404 - 2 - INFO - 页面"魔星狂点（送海量连抽）_魔星狂点（送海量连抽）无限元宝服_SF变态版魔星狂点（送海量连抽）公益服下载 - 最笨下载"跳转正常,该类元素共18个，当前第3个
2020-07-24 19:09:34,551 - 2 - INFO - 页面"主公别闹_主公别闹无限元宝服_SF变态版主公别闹公益服下载 - 最笨下载"跳转正常,该类元素共18个，当前第4个
2020-07-24 19:09:40,695 - 2 - INFO - 页面"全民祖玛（爆装加强版）_全民祖玛（爆装加强版）无限元宝服_SF变态版全民祖玛（爆装加强版）公益服下载 - 最笨下载"跳转正常,该类元素共18个，当前第5个
2020-07-24 19:09:46,822 - 2 - INFO - 页面"天天怼三国（送千元充值）_天天怼三国（送千元充值）无限元宝服_SF变态版天天怼三国（送千元充值）公益服下载 - 最笨下载"跳转正常,该类元素共18个，当前第6个
2020-07-24 19:09:52,948 - 2 - INFO - 页面"百恋成仙（送千元充值）_百恋成仙（送千元充值）无限元宝服_SF变态版百恋成仙（送千元充值）公益服下载 - 最笨下载"跳转正常,该类元素共18个，当前第7个
2020-07-24 19:09:59,088 - 2 - INFO - 页面"国战纪元_国战纪元无限元宝服_SF变态版国战纪元公益服下载 - 最笨下载"跳转正常,该类元素共18个，当前第8个
2020-07-24 19:10:05,240 - 2 - INFO - 页面"幻游猎人_幻游猎人无限元宝服_SF变态版幻游猎人公益服下载 - 最笨下载"跳转正常,该类元素共18个，当前第9个
2020-07-24 19:10:11,411 - 2 - INFO - 页面"坦克军团（送198充值卡）_坦克军团（送198充值卡）无限元宝服_SF变态版坦克军团（送198充值卡）公益服下载 - 最笨下载"跳转正常,该类元素共18个，当前第10个
2020-07-24 19:10:17,530 - 2 - INFO - 页面"古墓迷城_古墓迷城无限元宝服_SF变态版古墓迷城公益服下载 - 最笨下载"跳转正常,该类元素共18个，当前第11个
2020-07-24 19:10:23,656 - 2 - INFO - 页面"大天劫（商城特权）_大天劫（商城特权）无限元宝服_SF变态版大天劫（商城特权）公益服下载 - 最笨下载"跳转正常,该类元素共18个，当前第12个
2020-07-24 19:10:29,798 - 2 - INFO - 页面"卧虎藏龙（复古满级特权）_卧虎藏龙（复古满级特权）无限元宝服_SF变态版卧虎藏龙（复古满级特权）公益服下载 - 最笨下载"跳转正常,该类元素共18个，当前第13个
2020-07-24 19:10:35,959 - 2 - INFO - 页面"调教三国（海量爆充值）_调教三国（海量爆充值）无限元宝服_SF变态版调教三国（海量爆充值）公益服下载 - 最笨下载"跳转正常,该类元素共18个，当前第14个
2020-07-24 19:10:42,102 - 2 - INFO - 页面"同一个世界OL（送328充值）_同一个世界OL（送328充值）无限元宝服_SF变态版同一个世界OL（送328充值）公益服下载 - 最笨下载"跳转正常,该类元素共18个，当前第15个
2020-07-24 19:10:48,241 - 2 - INFO - 页面"楚汉传奇（送648充值）_楚汉传奇（送648充值）无限元宝服_SF变态版楚汉传奇（送648充值）公益服下载 - 最笨下载"跳转正常,该类元素共18个，当前第16个
2020-07-24 19:10:54,402 - 2 - INFO - 页面"猎手之王_猎手之王无限元宝服_SF变态版猎手之王公益服下载 - 最笨下载"跳转正常,该类元素共18个，当前第17个
2020-07-24 19:11:00,542 - 2 - INFO - 页面"莽荒天下（送388充值）_莽荒天下（送388充值）无限元宝服_SF变态版莽荒天下（送388充值）公益服下载 - 最笨下载"跳转正常,该类元素共18个，当前第18个
2020-07-24 19:11:07,556 - 2 - INFO - 页面"满vip版手游_手游sf送顶级vip_满级vip无限元宝手游下载-最笨下载"跳转正常,该类元素共13个，当前第1个
2020-07-24 19:11:07,838 - basepage - INFO - Click back on current page.
2020-07-24 19:11:16,115 - 2 - INFO - 页面"满vip版手游_手游sf送顶级vip_满级vip无限元宝手游下载-最笨下载"跳转正常,该类元素共13个，当前第2个
2020-07-24 19:11:16,570 - basepage - INFO - Click back on current page.
2020-07-24 19:11:24,700 - 2 - INFO - 页面"满vip版手游_手游sf送顶级vip_满级vip无限元宝手游下载-最笨下载"跳转正常,该类元素共13个，当前第3个
2020-07-24 19:11:25,121 - basepage - INFO - Click back on current page.
2020-07-24 19:11:33,417 - 2 - INFO - 页面"满vip版手游_手游sf送顶级vip_满级vip无限元宝手游下载-最笨下载"跳转正常,该类元素共13个，当前第4个
2020-07-24 19:11:33,677 - basepage - INFO - Click back on current page.
2020-07-24 19:11:41,641 - 2 - INFO - 页面"满vip版手游_手游sf送顶级vip_满级vip无限元宝手游下载-最笨下载"跳转正常,该类元素共13个，当前第5个
2020-07-24 19:11:42,059 - basepage - INFO - Click back on current page.
2020-07-24 19:11:50,535 - 2 - INFO - 页面"满vip版手游_手游sf送顶级vip_满级vip无限元宝手游下载-最笨下载"跳转正常,该类元素共13个，当前第6个
2020-07-24 19:11:50,956 - basepage - INFO - Click back on current page.
2020-07-24 19:11:59,078 - 2 - INFO - 页面"满vip版手游_手游sf送顶级vip_满级vip无限元宝手游下载-最笨下载"跳转正常,该类元素共13个，当前第7个
2020-07-24 19:11:59,306 - basepage - INFO - Click back on current page.
2020-07-24 19:12:07,326 - 2 - INFO - 页面"满vip版手游_手游sf送顶级vip_满级vip无限元宝手游下载-最笨下载"跳转正常,该类元素共13个，当前第8个
2020-07-24 19:12:07,776 - basepage - INFO - Click back on current page.
2020-07-24 19:12:15,793 - 2 - INFO - 页面"满vip版手游_手游sf送顶级vip_满级vip无限元宝手游下载-最笨下载"跳转正常,该类元素共13个，当前第9个
2020-07-24 19:12:16,243 - basepage - INFO - Click back on current page.
2020-07-24 19:12:24,385 - 2 - INFO - 页面"满vip版手游_手游sf送顶级vip_满级vip无限元宝手游下载-最笨下载"跳转正常,该类元素共13个，当前第10个
2020-07-24 19:12:24,650 - basepage - INFO - Click back on current page.
2020-07-24 19:12:32,660 - 2 - INFO - 页面"满vip版手游_手游sf送顶级vip_满级vip无限元宝手游下载-最笨下载"跳转正常,该类元素共13个，当前第11个
2020-07-24 19:12:33,190 - basepage - INFO - Click back on current page.
2020-07-24 19:12:39,771 - 2 - ERROR - 页面"404-最笨下载"跳转异常,该类元素共13个，当前第12个
2020-07-24 19:12:40,306 - basepage - INFO - Click back on current page.
2020-07-24 19:12:49,079 - 2 - INFO - 页面"满vip版手游_手游sf送顶级vip_满级vip无限元宝手游下载-最笨下载"跳转正常,该类元素共13个，当前第13个
2020-07-24 19:12:49,361 - basepage - INFO - Click back on current page.
2020-07-24 19:12:57,724 - 2 - INFO - 页面"九天仙梦（商城特权）_九天仙梦（商城特权）无限元宝服_SF变态版九天仙梦（商城特权）公益服下载 - 最笨下载"跳转正常,该类元素共18个，当前第1个
2020-07-24 19:13:03,857 - 2 - INFO - 页面"仙剑缘（星耀特权）_仙剑缘（星耀特权）无限元宝服_SF变态版仙剑缘（星耀特权）公益服下载 - 最笨下载"跳转正常,该类元素共18个，当前第2个
2020-07-24 19:13:10,000 - 2 - INFO - 页面"我叫MT：奇幻之旅（送一万连抽）_我叫MT：奇幻之旅（送一万连抽）无限元宝服_SF变态版我叫MT：奇幻之旅（送一万连抽）公益服下载 - 最笨下载"跳转正常,该类元素共18个，当前第3个
2020-07-24 19:13:16,137 - 2 - INFO - 页面"天天驯兽师（每日送百抽）_天天驯兽师（每日送百抽）无限元宝服_SF变态版天天驯兽师（每日送百抽）公益服下载 - 最笨下载"跳转正常,该类元素共18个，当前第4个
2020-07-24 19:13:22,301 - 2 - INFO - 页面"神契幻奇谭（海量特权）_神契幻奇谭（海量特权）无限元宝服_SF变态版神契幻奇谭（海量特权）公益服下载 - 最笨下载"跳转正常,该类元素共18个，当前第5个
2020-07-24 19:13:28,452 - 2 - INFO - 页面"冒险者集结（送650充值）_冒险者集结（送650充值）无限元宝服_SF变态版冒险者集结（送650充值）公益服下载 - 最笨下载"跳转正常,该类元素共18个，当前第6个
2020-07-24 19:13:34,603 - 2 - INFO - 页面"御剑封神录（送海量充值）_御剑封神录（送海量充值）无限元宝服_SF变态版御剑封神录（送海量充值）公益服下载 - 最笨下载"跳转正常,该类元素共18个，当前第7个
2020-07-24 19:13:40,750 - 2 - INFO - 页面"无敌战舰（送百元充值）_无敌战舰（送百元充值）无限元宝服_SF变态版无敌战舰（送百元充值）公益服下载 - 最笨下载"跳转正常,该类元素共18个，当前第8个
2020-07-24 19:13:46,901 - 2 - INFO - 页面"孤龙山（送GM海量充）_孤龙山（送GM海量充）无限元宝服_SF变态版孤龙山（送GM海量充）公益服下载 - 最笨下载"跳转正常,该类元素共18个，当前第9个
2020-07-24 19:13:53,035 - 2 - INFO - 页面"圣痕觉醒（送万元充值）_圣痕觉醒（送万元充值）无限元宝服_SF变态版圣痕觉醒（送万元充值）公益服下载 - 最笨下载"跳转正常,该类元素共18个，当前第10个
2020-07-24 19:13:59,161 - 2 - INFO - 页面"怪兽宝贝（星耀特权）_怪兽宝贝（星耀特权）无限元宝服_SF变态版怪兽宝贝（星耀特权）公益服下载 - 最笨下载"跳转正常,该类元素共18个，当前第11个
2020-07-24 19:14:05,293 - 2 - INFO - 页面"乱世祭（豪华特权）_乱世祭（豪华特权）无限元宝服_SF变态版乱世祭（豪华特权）公益服下载 - 最笨下载"跳转正常,该类元素共18个，当前第12个
2020-07-24 19:14:11,429 - 2 - INFO - 页面"仙灵世界（送海量连抽）_仙灵世界（送海量连抽）无限元宝服_SF变态版仙灵世界（送海量连抽）公益服下载 - 最笨下载"跳转正常,该类元素共18个，当前第13个
2020-07-24 19:14:17,551 - 2 - INFO - 页面"刀剑神魔录（送真·充值卡）_刀剑神魔录（送真·充值卡）无限元宝服_SF变态版刀剑神魔录（送真·充值卡）公益服下载 - 最笨下载"跳转正常,该类元素共18个，当前第14个
2020-07-24 19:14:23,689 - 2 - INFO - 页面"小小三国（送2000充值）_小小三国（送2000充值）无限元宝服_SF变态版小小三国（送2000充值）公益服下载 - 最笨下载"跳转正常,该类元素共18个，当前第15个
2020-07-24 19:14:29,832 - 2 - INFO - 页面"精灵战纪（送千元真充）_精灵战纪（送千元真充）无限元宝服_SF变态版精灵战纪（送千元真充）公益服下载 - 最笨下载"跳转正常,该类元素共18个，当前第16个
2020-07-24 19:14:35,956 - 2 - INFO - 页面"大话蜀山（星耀特权）_大话蜀山（星耀特权）无限元宝服_SF变态版大话蜀山（星耀特权）公益服下载 - 最笨下载"跳转正常,该类元素共18个，当前第17个
2020-07-24 19:14:42,118 - 2 - INFO - 页面"道天录（海量送充值）_道天录（海量送充值）无限元宝服_SF变态版道天录（海量送充值）公益服下载 - 最笨下载"跳转正常,该类元素共18个，当前第18个
2020-07-24 19:14:48,836 - 2 - INFO - 页面"【苹果益智休闲游戏】好玩的iPhone益智休闲游戏大全_iPhone益智休闲类游戏下载-最笨下载"跳转正常,该类元素共16个，当前第1个
2020-07-24 19:14:49,070 - basepage - INFO - Click back on current page.
2020-07-24 19:15:03,572 - 2 - INFO - 页面"【苹果其他游戏】好玩的iphone其他游戏大全_iphone其他类游戏下载-最笨下载"跳转正常,该类元素共16个，当前第2个
2020-07-24 19:15:03,998 - basepage - INFO - Click back on current page.
2020-07-24 19:15:11,637 - 2 - INFO - 页面"【苹果音乐游戏】好玩的iphone音乐游戏大全_iphone音乐类游戏下载-最笨下载"跳转正常,该类元素共16个，当前第3个
2020-07-24 19:15:11,894 - basepage - INFO - Click back on current page.
2020-07-24 19:15:19,476 - 2 - INFO - 页面"【苹果网络游戏】好玩的iphone网络游戏大全_iphone网络类游戏下载-最笨下载"跳转正常,该类元素共16个，当前第4个
2020-07-24 19:15:19,764 - basepage - INFO - Click back on current page.
2020-07-24 19:15:27,155 - 2 - INFO - 页面"【苹果格斗游戏】好玩的iPhone格斗游戏大全_iPhone格斗类游戏下载-最笨下载"跳转正常,该类元素共16个，当前第5个
2020-07-24 19:15:27,596 - basepage - INFO - Click back on current page.
2020-07-24 19:15:35,383 - 2 - INFO - 页面"【苹果飞行游戏】好玩的iPhone飞行游戏大全_iPhone飞行类游戏下载-最笨下载"跳转正常,该类元素共16个，当前第6个
2020-07-24 19:15:35,769 - basepage - INFO - Click back on current page.
2020-07-24 19:15:43,176 - 2 - INFO - 页面"【苹果体育运动游戏】好玩的iPhone体育运动游戏大全_iPhone体育运动类游戏下载-最笨下载"跳转正常,该类元素共16个，当前第7个
2020-07-24 19:15:43,451 - basepage - INFO - Click back on current page.
2020-07-24 19:15:50,624 - 2 - INFO - 页面"【苹果模拟经营游戏】好玩的iPhone模拟经营游戏大全_iPhone模拟经营类游戏下载-最笨下载"跳转正常,该类元素共16个，当前第8个
2020-07-24 19:15:51,041 - basepage - INFO - Click back on current page.
2020-07-24 19:15:57,917 - 2 - INFO - 页面"【苹果策略游戏】好玩的iphone策略游戏大全_iphone策略类游戏下载-最笨下载"跳转正常,该类元素共16个，当前第9个
2020-07-24 19:15:58,209 - basepage - INFO - Click back on current page.
2020-07-24 19:16:05,613 - 2 - INFO - 页面"【苹果塔防游戏】好玩的iphone塔防游戏大全_iphone塔防类游戏下载-最笨下载"跳转正常,该类元素共16个，当前第10个
2020-07-24 19:16:05,841 - basepage - INFO - Click back on current page.
2020-07-24 19:16:13,676 - 2 - INFO - 页面"【苹果解谜游戏】好玩的iphone解谜游戏大全_iphone解谜类游戏下载-最笨下载"跳转正常,该类元素共16个，当前第11个
2020-07-24 19:16:14,084 - basepage - INFO - Click back on current page.
2020-07-24 19:16:21,942 - 2 - INFO - 页面"【苹果射击游戏】好玩的iphone射击游戏大全_iphone射击类游戏下载-最笨下载"跳转正常,该类元素共16个，当前第12个
2020-07-24 19:16:22,371 - basepage - INFO - Click back on current page.
2020-07-24 19:16:29,984 - 2 - INFO - 页面"【苹果棋牌游戏】好玩的iphone棋牌游戏大全_iphone棋牌类游戏下载-最笨下载"跳转正常,该类元素共16个，当前第13个
2020-07-24 19:16:30,241 - basepage - INFO - Click back on current page.
2020-07-24 19:16:37,559 - 2 - INFO - 页面"【苹果赛车游戏】好玩的iPhone赛车游戏大全_iPhone赛车类游戏下载-最笨下载"跳转正常,该类元素共16个，当前第14个
2020-07-24 19:16:37,980 - basepage - INFO - Click back on current page.
2020-07-24 19:16:44,968 - 2 - INFO - 页面"【苹果角色扮演游戏】好玩的iphone角色扮演游戏_iPhone角色扮演类游戏下载-最笨下载"跳转正常,该类元素共16个，当前第15个
2020-07-24 19:16:45,207 - basepage - INFO - Click back on current page.
2020-07-24 19:16:52,199 - 2 - INFO - 页面"【安卓动作游戏】好玩的iPhone动作游戏大全_iPhone动作类游戏下载-最笨下载"跳转正常,该类元素共16个，当前第16个
2020-07-24 19:16:52,457 - basepage - INFO - Click back on current page.
2020-07-24 19:17:00,824 - 2 - INFO - 页面"仙剑缘（星耀特权）ios版_仙剑缘（星耀特权）ios版下载_仙剑缘（星耀特权）ios版官方下载-最笨下载"跳转正常,该类元素共18个，当前第1个
2020-07-24 19:17:06,959 - 2 - INFO - 页面"九灵神域ios版_九灵神域ios版下载_九灵神域ios版官方下载-最笨下载"跳转正常,该类元素共18个，当前第2个
2020-07-24 19:17:13,111 - 2 - INFO - 页面"天之命（海量特权）ios版_天之命（海量特权）ios版下载_天之命（海量特权）ios版官方下载-最笨下载"跳转正常,该类元素共18个，当前第3个
2020-07-24 19:17:19,292 - 2 - INFO - 页面"魔剑侠缘（星耀特权）ios版_魔剑侠缘（星耀特权）ios版下载_魔剑侠缘（星耀特权）ios版官方下载-最笨下载"跳转正常,该类元素共18个，当前第4个
2020-07-24 19:17:25,470 - 2 - INFO - 页面"仙灵世界（复古绿色服）ios版_仙灵世界（复古绿色服）ios版下载_仙灵世界（复古绿色服）ios版官方下载-最笨下载"跳转正常,该类元素共18个，当前第5个
2020-07-24 19:17:31,633 - 2 - INFO - 页面"风之剑舞（至尊特权）ios版_风之剑舞（至尊特权）ios版下载_风之剑舞（至尊特权）ios版官方下载-最笨下载"跳转正常,该类元素共18个，当前第6个
2020-07-24 19:17:37,782 - 2 - INFO - 页面"塔塔星座（送328充值）ios版_塔塔星座（送328充值）ios版下载_塔塔星座（送328充值）ios版官方下载-最笨下载"跳转正常,该类元素共18个，当前第7个
2020-07-24 19:17:43,946 - 2 - INFO - 页面"烈焰封天（激爽特权）ios版_烈焰封天（激爽特权）ios版下载_烈焰封天（激爽特权）ios版官方下载-最笨下载"跳转正常,该类元素共18个，当前第8个
2020-07-24 19:17:50,090 - 2 - INFO - 页面"亿次元（送千元充值）ios版_亿次元（送千元充值）ios版下载_亿次元（送千元充值）ios版官方下载-最笨下载"跳转正常,该类元素共18个，当前第9个
2020-07-24 19:17:56,227 - 2 - INFO - 页面"古剑仙域（送海量充值）ios版_古剑仙域（送海量充值）ios版下载_古剑仙域（送海量充值）ios版官方下载-最笨下载"跳转正常,该类元素共18个，当前第10个
2020-07-24 19:18:02,391 - 2 - INFO - 页面"大军师（送海量橙将）ios版_大军师（送海量橙将）ios版下载_大军师（送海量橙将）ios版官方下载-最笨下载"跳转正常,该类元素共18个，当前第11个
2020-07-24 19:18:08,555 - 2 - INFO - 页面"传奇盛世2（星耀特权）ios版_传奇盛世2（星耀特权）ios版下载_传奇盛世2（星耀特权）ios版官方下载-最笨下载"跳转正常,该类元素共18个，当前第12个
2020-07-24 19:18:14,692 - 2 - INFO - 页面"雷霆狂暴（永久百连抽）ios版_雷霆狂暴（永久百连抽）ios版下载_雷霆狂暴（永久百连抽）ios版官方下载-最笨下载"跳转正常,该类元素共18个，当前第13个
2020-07-24 19:18:20,818 - 2 - INFO - 页面"暗黑纪元（送海量充值）ios版_暗黑纪元（送海量充值）ios版下载_暗黑纪元（送海量充值）ios版官方下载-最笨下载"跳转正常,该类元素共18个，当前第14个
2020-07-24 19:18:26,984 - 2 - INFO - 页面"进击的少女（百抽充值卡）ios版_进击的少女（百抽充值卡）ios版下载_进击的少女（百抽充值卡）ios版官方下载-最笨下载"跳转正常,该类元素共18个，当前第15个
2020-07-24 19:18:33,153 - 2 - INFO - 页面"战神不败（GM送充值）ios版_战神不败（GM送充值）ios版下载_战神不败（GM送充值）ios版官方下载-最笨下载"跳转正常,该类元素共18个，当前第16个
2020-07-24 19:18:39,315 - 2 - INFO - 页面"狩游世界ios版_狩游世界ios版下载_狩游世界ios版官方下载-最笨下载"跳转正常,该类元素共18个，当前第17个
2020-07-24 19:18:45,475 - 2 - INFO - 页面"雷霆英雄（送蝙蝠侠）ios版_雷霆英雄（送蝙蝠侠）ios版下载_雷霆英雄（送蝙蝠侠）ios版官方下载-最笨下载"跳转正常,该类元素共18个，当前第18个
2020-07-24 19:18:53,185 - 2 - INFO - 页面"ios无限元宝的手游"跳转正常,该类元素共4个，当前第1个
2020-07-24 19:18:53,418 - basepage - INFO - Click back on current page.
2020-07-24 19:18:58,612 - 2 - INFO - 页面"gm手游助手ios"跳转正常,该类元素共4个，当前第2个
2020-07-24 19:18:58,983 - basepage - INFO - Click back on current page.
2020-07-24 19:19:04,360 - 2 - INFO - 页面"ios变态服游戏"跳转正常,该类元素共4个，当前第3个
2020-07-24 19:19:04,584 - basepage - INFO - Click back on current page.
2020-07-24 19:19:09,157 - 2 - INFO - 页面"ios手游破解平台"跳转正常,该类元素共4个，当前第4个
2020-07-24 19:19:09,385 - basepage - INFO - Click back on current page.
2020-07-24 19:19:16,939 - 2 - INFO - 页面"【最笨周末活动】7月10日晴了一夏周末福利活动"跳转正常,该类元素共4个，当前第1个
2020-07-24 19:19:17,175 - basepage - INFO - Click back on current page.
2020-07-24 19:19:22,528 - 2 - INFO - 页面"【最笨周末活动】7月3日清凉一夏活动来袭~"跳转正常,该类元素共4个，当前第2个
2020-07-24 19:19:22,909 - basepage - INFO - Click back on current page.
2020-07-24 19:19:28,236 - 2 - INFO - 页面"【最笨周末活动】7月17日夏日活动 福利好礼一夏"跳转正常,该类元素共4个，当前第3个
2020-07-24 19:19:28,454 - basepage - INFO - Click back on current page.
2020-07-24 19:19:33,707 - 2 - INFO - 页面"【最笨活动】6.24端午节活动来袭~粽享福利壕礼！"跳转正常,该类元素共4个，当前第4个
2020-07-24 19:19:34,068 - basepage - INFO - Click back on current page.
2020-07-24 19:19:40,153 - 2 - INFO - 页面"有翡原著小说简介 有匪小说剧情介绍"跳转正常,该类元素共20个，当前第1个
2020-07-24 19:19:46,281 - 2 - INFO - 页面"有翡小说免费阅读 有匪小说周翡全文阅读"跳转正常,该类元素共20个，当前第2个
2020-07-24 19:19:52,421 - 2 - INFO - 页面"有翡原著小说在线阅读 有翡原著小说全文免费"跳转正常,该类元素共20个，当前第3个
2020-07-24 19:19:58,555 - 2 - INFO - 页面"聊天第一句幽默技巧 微信聊天第一句怎么开场"跳转正常,该类元素共20个，当前第4个
2020-07-24 19:20:04,675 - 2 - INFO - 页面"陌陌怎么聊天 陌陌聊天技巧分享"跳转正常,该类元素共20个，当前第5个
2020-07-24 19:20:10,811 - 2 - INFO - 页面"全球行动反抗军怎么改装 反抗军改装建议"跳转正常,该类元素共20个，当前第6个
2020-07-24 19:20:16,948 - 2 - INFO - 页面"全球行动改装怎么玩 全球行动改装玩法攻略"跳转正常,该类元素共20个，当前第7个
2020-07-24 19:20:23,081 - 2 - INFO - 页面"全球行动步兵怎么玩 步兵运营思路"跳转正常,该类元素共20个，当前第8个
2020-07-24 19:20:29,206 - 2 - INFO - 页面"全球行动阵营怎么选择 全球行动阵营选择推荐"跳转正常,该类元素共20个，当前第9个
2020-07-24 19:20:35,348 - 2 - INFO - 页面"纸人2第十一章怎么过 第十一章通关攻略"跳转正常,该类元素共20个，当前第10个
2020-07-24 19:20:41,518 - 2 - INFO - 页面"现在什么游戏玩的人多-游戏玩的人多的排名202"跳转正常,该类元素共20个，当前第11个
2020-07-24 19:20:47,681 - 2 - INFO - 页面"2020有什么好玩的网游推荐-2020新网游排行榜"跳转正常,该类元素共20个，当前第12个
2020-07-24 19:20:53,817 - 2 - INFO - 页面"有什么好玩的游戏吗-2020好玩的游戏手游排行榜"跳转正常,该类元素共20个，当前第13个
2020-07-24 19:20:59,994 - 2 - INFO - 页面"好玩的修真网游-修真网游游戏排行榜2020"跳转正常,该类元素共20个，当前第14个
2020-07-24 19:21:06,095 - 2 - INFO - 页面"新开变态传世手游-新开超变传世手游下载"跳转正常,该类元素共20个，当前第15个
2020-07-24 19:21:12,255 - 2 - INFO - 页面"全球行动钻石怎么得"跳转正常,该类元素共20个，当前第16个
2020-07-24 19:21:18,402 - 2 - INFO - 页面"纸人2杨明远的结局是什么"跳转正常,该类元素共20个，当前第17个
2020-07-24 19:21:24,584 - 2 - INFO - 页面"纸人2殷凌是谁"跳转正常,该类元素共20个，当前第18个
2020-07-24 19:21:30,749 - 2 - INFO - 页面"全球行动哪个阵营好"跳转正常,该类元素共20个，当前第19个
2020-07-24 19:21:36,900 - 2 - INFO - 页面"全球行动安卓和ios互通吗"跳转正常,该类元素共20个，当前第20个
2020-07-24 19:21:43,076 - 2 - INFO - 页面"apk3安卓网-2020最新apk安卓游戏-热门apk软件下载平台"跳转正常,该类元素共34个，当前第1个
2020-07-24 19:21:49,178 - 2 - INFO - 页面"小游戏,在线小游戏,小游戏大全,双人小游戏,3199小游戏"跳转正常,该类元素共34个，当前第2个
2020-07-24 19:21:55,320 - 2 - INFO - 页面"中文网站排行榜_alexa排行 - 爱站网站排行榜"跳转正常,该类元素共34个，当前第3个
2020-07-24 19:22:01,452 - 2 - INFO - 页面"9号下载_下载软件_免费下载单机游戏_手机游戏下载大全"跳转正常,该类元素共34个，当前第4个
2020-07-24 19:22:28,785 - 2 - INFO - 页面"软件下载中心_绿色免费软件,手机游戏|软件下载,到超人软件站"跳转正常,该类元素共34个，当前第5个
2020-07-24 19:22:34,930 - 2 - INFO - 页面"系统圣地,绿色免费软件,手游下载等软件下载网站"跳转正常,该类元素共34个，当前第6个
2020-07-24 19:22:41,063 - 2 - INFO - 页面"天天安卓模拟器_安卓模拟器电脑版下载_天天模拟器官网"跳转正常,该类元素共34个，当前第7个
2020-07-24 19:22:47,218 - 2 - INFO - 页面"好看小说推荐_热门小说大全_小说排行榜 - 玖陆文学"跳转正常,该类元素共34个，当前第8个
2020-07-24 19:22:53,305 - 2 - INFO - 页面"IE8 IE9 IE10 IE浏览器下载 - IE浏览器中文网站"跳转正常,该类元素共34个，当前第9个
2020-07-24 19:22:59,463 - 2 - INFO - 页面"bt手游平台_满v手游公益服_gm手游排行榜_3733游戏盒子官网"跳转正常,该类元素共34个，当前第10个
2020-07-24 19:23:30,828 - 2 - INFO - 页面"bt公益服变态手游排行榜前十名[新开公测热门+在线人多+免费大型网游]新开最热门好玩人气高的网络游戏有什么_安卓苹果ios客户端游戏下载大全_8979游戏官网"跳转正常,该类元素共34个，当前第11个
2020-07-24 19:23:36,987 - 2 - INFO - 页面"【破解版手机游戏】手机破解游戏下载_安卓手机游戏破解版下载大全-最笨下载"跳转正常,该类元素共34个，当前第12个
2020-07-24 19:23:43,156 - 2 - INFO - 页面"windows10系统之家 - 系统之家提供win10专业版,ISO镜像,企业版等win10系统下载"跳转正常,该类元素共34个，当前第13个
2020-07-24 19:24:17,543 - 2 - INFO - 页面"39整形美容_中国专业医学整形美容门户"跳转正常,该类元素共34个，当前第14个
2020-07-24 19:24:23,645 - 2 - INFO - 页面"零度软件园_官方软件下载_绿色软件_游戏下载_值得信赖的下载站！"跳转正常,该类元素共34个，当前第15个
2020-07-24 19:24:29,789 - 2 - INFO - 页面"单机游戏_单机游戏下载大全中文版下载_好玩的单机游戏下载基地 - 99单机游戏"跳转正常,该类元素共34个，当前第16个
2020-07-24 19:24:35,936 - 2 - INFO - 页面"安卓市场_安卓游戏破解版下载_单机破解版游戏大全_手机网游下载"跳转正常,该类元素共34个，当前第17个
2020-07-24 19:25:16,032 - 2 - INFO - 页面"手机游戏下载-手机软件下载-电脑软件下载-小黑游戏"跳转正常,该类元素共34个，当前第18个
2020-07-24 19:25:22,194 - 2 - INFO - 页面"手机游戏_手机游戏排行榜_好玩的手机游戏_安卓手机游戏推荐_易玩网"跳转正常,该类元素共34个，当前第19个
2020-07-24 19:25:28,339 - 2 - INFO - 页面"手机游戏_好玩的手机游戏下载_手机游戏排行榜-游戏吧"跳转正常,该类元素共34个，当前第20个
2020-07-24 19:25:34,482 - 2 - INFO - 页面"免费手机游戏_好玩的单机游戏_安卓破解版游戏下载_apk8安卓网"跳转正常,该类元素共34个，当前第21个
2020-07-24 19:25:40,656 - 2 - INFO - 页面"免费手机游戏_好玩的单机游戏_安卓破解版游戏下载_apk8安卓网"跳转正常,该类元素共34个，当前第22个
2020-07-24 19:25:46,797 - 2 - INFO - 页面"安卓破解版游戏下载_单机手机破解游戏大全_免费游戏破解版下载-最笨下载"跳转正常,该类元素共34个，当前第23个
2020-07-24 19:25:52,981 - 2 - INFO - 页面"app.3987.com"跳转正常,该类元素共34个，当前第24个
2020-07-24 19:25:59,092 - 2 - INFO - 页面"可可出招表-流星蝴蝶剑出招表-拳皇97出招表-手机游戏-绿色软件下载"跳转正常,该类元素共34个，当前第25个
2020-07-24 19:26:05,933 - 2 - INFO - 页面"爪游控 | 新锐综合资讯媒体"跳转正常,该类元素共34个，当前第26个
2020-07-24 19:26:12,073 - 2 - INFO - 页面"3733游戏盒官网_bt游戏_满vip手游_gm手游大全_破解游戏盒子下载"跳转正常,该类元素共34个，当前第27个
2020-07-24 19:26:18,203 - 2 - INFO - 页面"绿色免费电脑软件下载_手机软件游戏下载中心-520下载站"跳转正常,该类元素共34个，当前第28个
2020-07-24 19:26:24,333 - 2 - INFO - 页面"免费大型经典安卓破解版单机游戏下载排行榜_手机最火爆最新出热门好玩人气高3DBT网络游戏有什么_破解游戏盒子软件大全-下载多"跳转正常,该类元素共34个，当前第29个
2020-07-24 19:26:30,468 - 2 - INFO - 页面"3733游戏盒官网_bt游戏_满vip手游_gm手游大全_破解游戏盒子下载"跳转正常,该类元素共34个，当前第30个
2020-07-24 19:27:10,281 - 2 - INFO - 页面"VR之家_专业VR游戏软件下载网站_VR应用_VR电影_VR视频_VR资源-VR之家"跳转正常,该类元素共34个，当前第31个
2020-07-24 19:27:16,410 - 2 - INFO - 页面"手机玩_免费安卓手机游戏_安卓游戏破解版下载_破解游戏盒子下载"跳转正常,该类元素共34个，当前第32个
2020-07-24 19:27:22,567 - 2 - INFO - 页面"gm手游平台_gm手游盒子_gm版手游下载_3733游戏官网"跳转正常,该类元素共34个，当前第33个
2020-07-24 19:27:35,297 - 2 - INFO - 页面"gm手游平台_gm版无限元宝手游_gm手游盒子下载_gm助手官网"跳转正常,该类元素共34个，当前第34个
2020-07-24 19:27:41,306 - 2 - INFO - 进入"游戏"模块，将执行随机函数
2020-07-24 19:27:44,070 - 2 - INFO - 随机页面"遮天斩（送千元充值）"跳转正常，当前第1个
2020-07-24 19:27:44,169 - basepage - INFO - Click back on current page.
2020-07-24 19:27:48,876 - 2 - INFO - 随机页面"横扫天下之万年强者（1元超值）"跳转正常，当前第2个
2020-07-24 19:27:48,994 - basepage - INFO - Click back on current page.
2020-07-24 19:27:53,712 - 2 - INFO - 随机页面"进击的少女（百抽充值卡）"跳转正常，当前第3个
2020-07-24 19:27:53,808 - basepage - INFO - Click back on current page.
2020-07-24 19:27:58,876 - 2 - INFO - 随机页面"六界仙尊（送充值）"跳转正常，当前第1个
2020-07-24 19:27:58,980 - basepage - INFO - Click back on current page.
2020-07-24 19:28:03,699 - 2 - INFO - 随机页面"武器之王（福利特权）"跳转正常，当前第2个
2020-07-24 19:28:03,811 - basepage - INFO - Click back on current page.
2020-07-24 19:28:08,558 - 2 - INFO - 随机页面"战神不败（GM送充值）"跳转正常，当前第3个
2020-07-24 19:28:08,691 - basepage - INFO - Click back on current page.
2020-07-24 19:28:13,857 - 2 - INFO - 进入"应用"模块，将执行随机函数
2020-07-24 19:28:16,544 - 2 - INFO - 随机页面"3733游戏盒子"跳转正常，当前第1个
2020-07-24 19:28:16,666 - basepage - INFO - Click back on current page.
2020-07-24 19:28:21,365 - 2 - INFO - 随机页面"恋爱话术库"跳转正常，当前第2个
2020-07-24 19:28:21,468 - basepage - INFO - Click back on current page.
2020-07-24 19:28:26,266 - 2 - INFO - 随机页面"最笨游戏盒子"跳转正常，当前第3个
2020-07-24 19:28:26,393 - basepage - INFO - Click back on current page.
2020-07-24 19:28:31,038 - 2 - INFO - 随机页面"恋爱话术"跳转正常，当前第1个
2020-07-24 19:28:31,142 - basepage - INFO - Click back on current page.
2020-07-24 19:28:35,730 - 2 - INFO - 随机页面"撩吧"跳转正常，当前第2个
2020-07-24 19:28:35,868 - basepage - INFO - Click back on current page.
2020-07-24 19:28:40,494 - 2 - INFO - 随机页面"土味情话社"跳转正常，当前第3个
2020-07-24 19:28:40,595 - basepage - INFO - Click back on current page.
2020-07-24 19:28:47,656 - 2 - INFO - 进入"资讯"模块，将执行随机函数
2020-07-24 19:28:50,943 - 2 - INFO - 随机页面"全球行动怎么拆弹"跳转正常，当前第1个
2020-07-24 19:28:51,069 - basepage - INFO - Click back on current page.
2020-07-24 19:28:56,410 - 2 - INFO - 随机页面"2020有什么无限元宝的游戏"跳转正常，当前第2个
2020-07-24 19:28:56,525 - basepage - INFO - Click back on current page.
2020-07-24 19:29:01,227 - 2 - INFO - 随机页面"全球行动反抗军怎么玩"跳转正常，当前第3个
2020-07-24 19:29:01,320 - basepage - INFO - Click back on current page.
2020-07-24 19:29:05,955 - 2 - INFO - 随机页面"魔法之光（红忍海量抽）"跳转正常，当前第1个
2020-07-24 19:29:06,058 - basepage - INFO - Click back on current page.
2020-07-24 19:29:10,520 - 2 - INFO - 随机页面"武器之王（福利特权）"跳转正常，当前第2个
2020-07-24 19:29:10,634 - basepage - INFO - Click back on current page.
2020-07-24 19:29:15,324 - 2 - INFO - 随机页面"梦幻沙城（海量抽充值）"跳转正常，当前第3个
2020-07-24 19:29:15,423 - basepage - INFO - Click back on current page.
2020-07-24 19:29:20,318 - 2 - INFO - 进入"专题"模块，将执行随机函数
2020-07-24 19:29:23,318 - 2 - INFO - 页面"高情商聊天神器app"跳转正常,该类元素共1个，当前第1个
2020-07-24 19:29:23,434 - basepage - INFO - Click back on current page.
2020-07-24 19:29:28,663 - 2 - INFO - 随机页面"聊天回复神器"跳转正常，当前第1个
2020-07-24 19:29:28,796 - basepage - INFO - Click back on current page.
2020-07-24 19:29:33,818 - 2 - INFO - 随机页面"撩妹话术撩吧"跳转正常，当前第2个
2020-07-24 19:29:33,935 - basepage - INFO - Click back on current page.
2020-07-24 19:29:38,422 - 2 - INFO - 随机页面"撩吧爱情套路"跳转正常，当前第3个
2020-07-24 19:29:38,535 - basepage - INFO - Click back on current page.
2020-07-24 19:29:43,692 - 2 - INFO - 页面"聊天技巧软件大全下载"跳转正常,该类元素共1个，当前第1个
2020-07-24 19:29:43,807 - basepage - INFO - Click back on current page.
2020-07-24 19:29:49,057 - 2 - INFO - 随机页面"恋爱辅助器"跳转正常，当前第1个
2020-07-24 19:29:49,192 - basepage - INFO - Click back on current page.
2020-07-24 19:29:53,594 - 2 - INFO - 随机页面"撩吧恋爱大师"跳转正常，当前第2个
2020-07-24 19:29:53,711 - basepage - INFO - Click back on current page.
2020-07-24 19:29:58,396 - 2 - INFO - 随机页面"蜜小助"跳转正常，当前第3个
2020-07-24 19:29:58,506 - basepage - INFO - Click back on current page.
2020-07-24 19:30:03,951 - 2 - INFO - 页面"ios看小说神器"跳转正常,该类元素共1个，当前第1个
2020-07-24 19:30:04,061 - basepage - INFO - Click back on current page.
2020-07-24 19:30:09,195 - 2 - INFO - 随机页面"优看小说"跳转正常，当前第1个
2020-07-24 19:30:09,409 - basepage - INFO - Click back on current page.
2020-07-24 19:30:14,455 - 2 - INFO - 随机页面"全民小说"跳转正常，当前第2个
2020-07-24 19:30:14,590 - basepage - INFO - Click back on current page.
2020-07-24 19:30:19,056 - 2 - INFO - 随机页面"搜书帝ios"跳转正常，当前第3个
2020-07-24 19:30:19,172 - basepage - INFO - Click back on current page.
2020-07-24 19:30:24,645 - 2 - INFO - 页面"免费无广告看小说神器"跳转正常,该类元素共1个，当前第1个
2020-07-24 19:30:24,777 - basepage - INFO - Click back on current page.
2020-07-24 19:30:29,447 - 2 - INFO - 随机页面"搜书帝"跳转正常，当前第1个
2020-07-24 19:30:29,597 - basepage - INFO - Click back on current page.
2020-07-24 19:30:34,528 - 2 - INFO - 随机页面"全本追书阅读器"跳转正常，当前第2个
2020-07-24 19:30:34,641 - basepage - INFO - Click back on current page.
2020-07-24 19:30:39,762 - 2 - INFO - 随机页面"豆阅免费小说"跳转正常，当前第3个
2020-07-24 19:30:39,886 - basepage - INFO - Click back on current page.
2020-07-24 19:30:46,271 - 2 - INFO - 页面"ios送满v手游"跳转正常,该类元素共1个，当前第1个
2020-07-24 19:30:46,387 - basepage - INFO - Click back on current page.
2020-07-24 19:30:50,830 - 2 - INFO - 随机页面"暗黑纪元（送海量充值）ios版"跳转正常，当前第1个
2020-07-24 19:30:51,024 - basepage - INFO - Click back on current page.
2020-07-24 19:30:55,515 - 2 - INFO - 随机页面"烈焰封天（激爽特权）ios版"跳转正常，当前第2个
2020-07-24 19:30:55,618 - basepage - INFO - Click back on current page.
2020-07-24 19:31:00,399 - 2 - INFO - 随机页面"魔剑侠缘（星耀特权）ios版"跳转正常，当前第3个
2020-07-24 19:31:00,507 - basepage - INFO - Click back on current page.
2020-07-24 19:31:05,716 - 2 - INFO - 页面"ios对战游戏"跳转正常,该类元素共1个，当前第1个
2020-07-24 19:31:05,870 - basepage - INFO - Click back on current page.
2020-07-24 19:31:10,324 - 2 - INFO - 随机页面"仙灵世界（复古绿色服）ios版"跳转正常，当前第1个
2020-07-24 19:31:10,470 - basepage - INFO - Click back on current page.
2020-07-24 19:31:14,910 - 2 - INFO - 随机页面"仙剑缘（星耀特权）ios版"跳转正常，当前第2个
2020-07-24 19:31:15,018 - basepage - INFO - Click back on current page.
2020-07-24 19:31:19,464 - 2 - INFO - 随机页面"风之剑舞（至尊特权）ios版"跳转正常，当前第3个
2020-07-24 19:31:19,575 - basepage - INFO - Click back on current page.
2020-07-24 19:31:25,338 - 2 - INFO - 页面"ios回合手游变态版"跳转正常,该类元素共1个，当前第1个
2020-07-24 19:31:25,476 - basepage - INFO - Click back on current page.
2020-07-24 19:31:30,936 - 2 - INFO - 随机页面"三国华章（海量特权）ios版"跳转正常，当前第1个
2020-07-24 19:31:31,139 - basepage - INFO - Click back on current page.
2020-07-24 19:31:36,292 - 2 - INFO - 随机页面"三国群将传（送1000充值）ios版"跳转正常，当前第2个
2020-07-24 19:31:36,396 - basepage - INFO - Click back on current page.
2020-07-24 19:31:41,822 - 2 - INFO - 随机页面"天天怼三国（海量特权）ios版"跳转正常，当前第3个
2020-07-24 19:31:42,023 - basepage - INFO - Click back on current page.
2020-07-24 19:31:48,220 - 2 - INFO - 页面"修仙类手游内购破解版"跳转正常,该类元素共1个，当前第1个
2020-07-24 19:31:48,337 - basepage - INFO - Click back on current page.
2020-07-24 19:31:53,859 - 2 - INFO - 随机页面"剑道仙语（定制商城）"跳转正常，当前第1个
2020-07-24 19:31:54,078 - basepage - INFO - Click back on current page.
2020-07-24 19:31:58,580 - 2 - INFO - 随机页面"天子问剑（GM版）"跳转正常，当前第2个
2020-07-24 19:31:58,692 - basepage - INFO - Click back on current page.
2020-07-24 19:32:04,422 - 2 - INFO - 随机页面"神之荣耀（商城特权）"跳转正常，当前第3个
2020-07-24 19:32:04,605 - basepage - INFO - Click back on current page.
2020-07-24 19:32:10,570 - 2 - INFO - 页面"苹果手机生存游戏排行"跳转正常,该类元素共1个，当前第1个
2020-07-24 19:32:10,683 - basepage - INFO - Click back on current page.
2020-07-24 19:32:16,029 - 2 - INFO - 随机页面"西部土地：生存ios版"跳转正常，当前第1个
2020-07-24 19:32:16,235 - basepage - INFO - Click back on current page.
2020-07-24 19:32:21,388 - 2 - INFO - 随机页面"切尔诺贝利大逃亡ios版"跳转正常，当前第2个
2020-07-24 19:32:21,503 - basepage - INFO - Click back on current page.
2020-07-24 19:32:26,738 - 2 - INFO - 随机页面"战塔英雄ios版"跳转正常，当前第3个
2020-07-24 19:32:26,850 - basepage - INFO - Click back on current page.
2020-07-24 19:32:33,103 - 2 - INFO - 页面"免费破解版游戏大全"跳转正常,该类元素共1个，当前第1个
2020-07-24 19:32:33,244 - basepage - INFO - Click back on current page.
2020-07-24 19:32:38,586 - 2 - INFO - 随机页面"机器人攻城战内购版"跳转正常，当前第1个
2020-07-24 19:32:38,775 - basepage - INFO - Click back on current page.
2020-07-24 19:32:44,086 - 2 - INFO - 随机页面"末日生存法则无限金币版"跳转正常，当前第2个
2020-07-24 19:32:44,255 - basepage - INFO - Click back on current page.
2020-07-24 19:32:49,307 - 2 - INFO - 随机页面"闪翼双星中文版"跳转正常，当前第3个
2020-07-24 19:32:49,491 - basepage - INFO - Click back on current page.
2020-07-24 19:32:55,967 - 2 - INFO - 进入"电脑"模块，将执行随机函数
2020-07-24 19:32:58,433 - 2 - INFO - 随机页面"仙灵世界（送海量连抽）"跳转正常，当前第1个
2020-07-24 19:32:58,525 - basepage - INFO - Click back on current page.
2020-07-24 19:33:03,251 - 2 - INFO - 随机页面"唐门六道（送千元充值）"跳转正常，当前第2个
2020-07-24 19:33:03,373 - basepage - INFO - Click back on current page.
2020-07-24 19:33:07,799 - 2 - INFO - 随机页面"战神不败（GM送充值）"跳转正常，当前第3个
2020-07-24 19:33:07,875 - basepage - INFO - Click back on current page.
2020-07-24 19:33:15,216 - 2 - INFO - 进入"APP大全"模块，将执行随机函数
2020-07-24 19:33:19,308 - 2 - INFO - 页面"游戏盒"跳转正常,该类元素共16个，当前第1个
2020-07-24 19:33:25,416 - 2 - INFO - 页面"龙之谷2"跳转正常,该类元素共16个，当前第2个
2020-07-24 19:33:31,533 - 2 - INFO - 页面"光遇"跳转正常,该类元素共16个，当前第3个
2020-07-24 19:33:37,623 - 2 - INFO - 页面"最强蜗牛"跳转正常,该类元素共16个，当前第4个
2020-07-24 19:33:43,697 - 2 - INFO - 页面"塞尔达"跳转正常,该类元素共16个，当前第5个
2020-07-24 19:33:49,794 - 2 - INFO - 页面"山海镜花"跳转正常,该类元素共16个，当前第6个
2020-07-24 19:33:55,875 - 2 - INFO - 页面"公主连结"跳转正常,该类元素共16个，当前第7个
2020-07-24 19:34:01,953 - 2 - INFO - 页面"网络工具"跳转正常,该类元素共16个，当前第8个
2020-07-24 19:34:08,030 - 2 - INFO - 页面"集合啦动物森友会"跳转正常,该类元素共16个，当前第9个
2020-07-24 19:34:14,126 - 2 - INFO - 页面"龙族幻想"跳转正常,该类元素共16个，当前第10个
2020-07-24 19:34:20,207 - 2 - INFO - 页面"剑与远征"跳转正常,该类元素共16个，当前第11个
2020-07-24 19:34:26,281 - 2 - INFO - 页面"烟雨江湖"跳转正常,该类元素共16个，当前第12个
2020-07-24 19:34:32,356 - 2 - INFO - 页面"云顶之弈"跳转正常,该类元素共16个，当前第13个
2020-07-24 19:34:38,430 - 2 - INFO - 页面"家国梦"跳转正常,该类元素共16个，当前第14个
2020-07-24 19:34:44,524 - 2 - INFO - 页面"棋牌"跳转正常,该类元素共16个，当前第15个
2020-07-24 19:34:50,606 - 2 - INFO - 页面"gta5"跳转正常,该类元素共16个，当前第16个
2020-07-24 19:34:52,627 - basepage - INFO - zuiben自动化测试结束
