2020-08-12 18:20:07,805 - basepage - INFO - zuiben自动化测试开始
2020-08-12 18:20:07,807 - basepage - INFO - 隐性等待 10 秒
2020-08-12 18:20:13,309 - basepage - INFO - 跳转至https://www.zuiben.com/
2020-08-12 18:20:15,427 - basepage - INFO - 窗口已经最大化
2020-08-12 18:20:20,201 - 2 - INFO - 页面"【安卓游戏】好玩的安卓游戏下载_安卓游戏排行榜_安卓游戏免费下载大全-最笨下载"跳转正常,该类元素共21个，当前第1个
2020-08-12 18:20:20,514 - basepage - INFO - Click back on current page.
2020-08-12 18:20:25,341 - 2 - INFO - 页面"变态手游公益服_bt手游变态服_无限元宝bt手游下载_BT手游中心-最笨下载"跳转正常,该类元素共21个，当前第2个
2020-08-12 18:20:25,896 - basepage - INFO - Click back on current page.
2020-08-12 18:20:30,095 - 2 - INFO - 页面"gm版手游_无限元宝/钻石公益服_0元免费gm权限手游下载-最笨下载"跳转正常,该类元素共21个，当前第3个
2020-08-12 18:20:30,359 - basepage - INFO - Click back on current page.
2020-08-12 18:20:37,174 - 2 - INFO - 页面"【苹果游戏】iphone苹果手机游戏下载_iphone苹果游戏排行榜-最笨下载"跳转正常,该类元素共21个，当前第4个
2020-08-12 18:20:37,660 - basepage - INFO - Click back on current page.
2020-08-12 18:20:42,419 - 2 - INFO - 页面"满vip版手游_手游sf送顶级vip_满级vip无限元宝手游下载-最笨下载"跳转正常,该类元素共21个，当前第5个
2020-08-12 18:20:42,641 - basepage - INFO - Click back on current page.
2020-08-12 18:20:47,867 - 2 - INFO - 页面"【安卓软件】安卓软件下载_安卓手机软件下载_安卓软件免费下载大全-最笨下载"跳转正常,该类元素共21个，当前第6个
2020-08-12 18:20:48,110 - basepage - INFO - Click back on current page.
2020-08-12 18:20:53,253 - 2 - INFO - 页面"【苹果软件】iphone苹果下载软件_iphone苹果软件免费下载_苹果软件下载大全-最笨下载"跳转正常,该类元素共21个，当前第7个
2020-08-12 18:20:53,527 - basepage - INFO - Click back on current page.
2020-08-12 18:20:58,220 - 2 - INFO - 页面"【安卓资讯】安卓资讯推荐_安卓资讯大全-最笨下载"跳转正常,该类元素共21个，当前第8个
2020-08-12 18:20:58,475 - basepage - INFO - Click back on current page.
2020-08-12 18:21:03,232 - 2 - INFO - 页面"【安卓游戏攻略】安卓游戏攻略推荐_安卓游戏攻略大全-最笨下载"跳转正常,该类元素共21个，当前第9个
2020-08-12 18:21:03,460 - basepage - INFO - Click back on current page.
2020-08-12 18:21:08,667 - 2 - INFO - 页面"【安卓软件教程】安卓软件教程推荐_安卓软件教程大全-最笨下载"跳转正常,该类元素共21个，当前第10个
2020-08-12 18:21:08,911 - basepage - INFO - Click back on current page.
2020-08-12 18:21:13,934 - 2 - INFO - 页面"【iphone资讯】iphone资讯推荐_iphone资讯大全-最笨下载"跳转正常,该类元素共21个，当前第11个
2020-08-12 18:21:14,226 - basepage - INFO - Click back on current page.
2020-08-12 18:21:19,043 - 2 - INFO - 页面"【iPhone游戏攻略】iPhone游戏攻略推荐_iPhone游戏攻略大全-最笨下载"跳转正常,该类元素共21个，当前第12个
2020-08-12 18:21:19,294 - basepage - INFO - Click back on current page.
2020-08-12 18:21:23,982 - 2 - INFO - 页面"【系统重装教程】电脑重装系统教程_电脑怎么重装系统_重装系统步骤-最笨下载"跳转正常,该类元素共21个，当前第13个
2020-08-12 18:21:24,233 - basepage - INFO - Click back on current page.
2020-08-12 18:21:29,176 - 2 - INFO - 页面"安卓专题-最笨下载"跳转正常,该类元素共21个，当前第14个
2020-08-12 18:21:29,441 - basepage - INFO - Click back on current page.
2020-08-12 18:21:35,085 - 2 - INFO - 页面"游戏专题-最笨下载"跳转正常,该类元素共21个，当前第15个
2020-08-12 18:21:35,322 - basepage - INFO - Click back on current page.
2020-08-12 18:21:40,127 - 2 - INFO - 页面"苹果专题-最笨下载"跳转正常,该类元素共21个，当前第16个
2020-08-12 18:21:40,664 - basepage - INFO - Click back on current page.
2020-08-12 18:21:45,366 - 2 - INFO - 页面"【电脑软件】电脑软件下载_电脑装机必备软件_电脑常用软件下载_电脑软件大全-最笨下载"跳转正常,该类元素共21个，当前第17个
2020-08-12 18:21:45,595 - basepage - INFO - Click back on current page.
2020-08-12 18:21:52,052 - 2 - INFO - 页面"【电脑软件】电脑软件下载_电脑装机必备软件_电脑常用软件下载_电脑软件大全-最笨下载"跳转正常,该类元素共21个，当前第18个
2020-08-12 18:21:52,611 - basepage - INFO - Click back on current page.
2020-08-12 18:21:58,033 - 2 - INFO - 页面"【激活工具】激活windows工具_万能激活工具_windows激活工具下载_自动激活工具-最笨下载"跳转正常,该类元素共21个，当前第19个
2020-08-12 18:21:58,294 - basepage - INFO - Click back on current page.
2020-08-12 19:03:51,716 - 2 - INFO - 页面"【系统重装教程】电脑重装系统教程_电脑怎么重装系统_重装系统步骤-最笨下载"跳转正常,该类元素共21个，当前第20个
2020-08-12 19:03:57,296 - basepage - INFO - Click back on current page.
2020-08-12 19:04:03,420 - 2 - INFO - 页面"【系统重装教程】电脑重装系统教程_电脑怎么重装系统_重装系统步骤-最笨下载"跳转正常,该类元素共21个，当前第21个
2020-08-12 19:04:04,345 - basepage - INFO - Click back on current page.
2020-08-12 19:04:12,528 - 2 - INFO - 页面"家庭教师OL手游"跳转正常,该类元素共10个，当前第1个
2020-08-12 19:04:18,664 - 2 - INFO - 页面"魔女骑士团手游"跳转正常,该类元素共10个，当前第2个
2020-08-12 19:04:24,815 - 2 - INFO - 页面"决胜足球手游"跳转正常,该类元素共10个，当前第3个
2020-08-12 19:04:30,935 - 2 - INFO - 页面"少女战争手游"跳转正常,该类元素共10个，当前第4个
2020-08-12 19:04:37,069 - 2 - INFO - 页面"天神战（魔灵特权）"跳转正常,该类元素共10个，当前第5个
2020-08-12 19:04:43,206 - 2 - INFO - 页面"最Q幻想手游"跳转正常,该类元素共10个，当前第6个
2020-08-12 19:04:49,351 - 2 - INFO - 页面"霸途手游"跳转正常,该类元素共10个，当前第7个
2020-08-12 19:04:55,491 - 2 - INFO - 页面"回到三国志手游"跳转正常,该类元素共10个，当前第8个
2020-08-12 19:05:01,647 - 2 - INFO - 页面"幻游猎人手游"跳转正常,该类元素共10个，当前第9个
2020-08-12 19:05:07,787 - 2 - INFO - 页面"王者荣耀"跳转正常,该类元素共10个，当前第10个
2020-08-12 19:05:13,930 - 2 - INFO - 页面"武器之王（福利特权）"跳转正常,该类元素共20个，当前第1个
2020-08-12 19:05:20,054 - 2 - INFO - 页面"女神联盟2（送500充值）"跳转正常,该类元素共20个，当前第2个
2020-08-12 19:05:26,182 - 2 - INFO - 页面"妖神记（抽动漫周边）"跳转正常,该类元素共20个，当前第3个
2020-08-12 19:05:32,310 - 2 - INFO - 页面"天天怼三国（送千元充值）"跳转正常,该类元素共20个，当前第4个
2020-08-12 19:05:38,446 - 2 - INFO - 页面"仙灵世界（送海量连抽）"跳转正常,该类元素共20个，当前第5个
2020-08-12 19:05:44,613 - 2 - INFO - 页面"魔剑侠缘（万元兑换）"跳转正常,该类元素共20个，当前第6个
2020-08-12 19:05:50,746 - 2 - INFO - 页面"纵剑仙界（送VIP代金券）"跳转正常,该类元素共20个，当前第7个
2020-08-12 19:05:56,866 - 2 - INFO - 页面"崩坏西游（送1688元充值）"跳转正常,该类元素共20个，当前第8个
2020-08-12 19:06:02,995 - 2 - INFO - 页面"仙风道骨（送GM海量充）"跳转正常,该类元素共20个，当前第9个
2020-08-12 19:06:09,129 - 2 - INFO - 页面"天使之吻"跳转正常,该类元素共20个，当前第10个
2020-08-12 19:06:15,260 - 2 - INFO - 页面"唐门六道（送千元充值）"跳转正常,该类元素共20个，当前第11个
2020-08-12 19:06:21,384 - 2 - INFO - 页面"魔法之光（红忍海量抽）"跳转正常,该类元素共20个，当前第12个
2020-08-12 19:06:27,509 - 2 - INFO - 页面"武动九天（GM免费特权）"跳转正常,该类元素共20个，当前第13个
2020-08-12 19:06:33,634 - 2 - INFO - 页面"大话许仙（钱庄特权）"跳转正常,该类元素共20个，当前第14个
2020-08-12 19:06:39,740 - 2 - INFO - 页面"影刃传说（天天送千充）"跳转正常,该类元素共20个，当前第15个
2020-08-12 19:06:45,876 - 2 - INFO - 页面"九幽仙域（海量送充值）"跳转正常,该类元素共20个，当前第16个
2020-08-12 19:06:52,007 - 2 - INFO - 页面"皇者：至尊传奇"跳转正常,该类元素共20个，当前第17个
2020-08-12 19:06:58,132 - 2 - INFO - 页面"魔龙诀（全屏爆宝）"跳转正常,该类元素共20个，当前第18个
2020-08-12 19:07:04,265 - 2 - INFO - 页面"真江湖HD（星耀特权）"跳转正常,该类元素共20个，当前第19个
2020-08-12 19:07:10,386 - 2 - INFO - 页面"诸世王者（福利特权）"跳转正常,该类元素共20个，当前第20个
2020-08-12 19:07:18,307 - 2 - INFO - 页面"武器之王（福利特权）"跳转正常,该类元素共10个，当前第1个
2020-08-12 19:07:24,427 - 2 - INFO - 页面"女神联盟2（送500充值）"跳转正常,该类元素共10个，当前第2个
2020-08-12 19:07:30,552 - 2 - INFO - 页面"妖神记（抽动漫周边）"跳转正常,该类元素共10个，当前第3个
2020-08-12 19:07:36,681 - 2 - INFO - 页面"天天怼三国（送千元充值）"跳转正常,该类元素共10个，当前第4个
2020-08-12 19:07:42,987 - 2 - INFO - 页面"仙灵世界（送海量连抽）"跳转正常,该类元素共10个，当前第5个
2020-08-12 19:07:49,112 - 2 - INFO - 页面"魔剑侠缘（万元兑换）"跳转正常,该类元素共10个，当前第6个
2020-08-12 19:07:55,239 - 2 - INFO - 页面"纵剑仙界（送VIP代金券）"跳转正常,该类元素共10个，当前第7个
2020-08-12 19:08:01,373 - 2 - INFO - 页面"崩坏西游（送1688元充值）"跳转正常,该类元素共10个，当前第8个
2020-08-12 19:08:07,509 - 2 - INFO - 页面"仙风道骨（送GM海量充）"跳转正常,该类元素共10个，当前第9个
2020-08-12 19:08:13,666 - 2 - INFO - 页面"天使之吻"跳转正常,该类元素共10个，当前第10个
2020-08-12 19:08:19,799 - 2 - INFO - 页面"武器之王（福利特权）"跳转正常,该类元素共20个，当前第1个
2020-08-12 19:08:25,928 - 2 - INFO - 页面"女神联盟2（送500充值）"跳转正常,该类元素共20个，当前第2个
2020-08-12 19:08:32,069 - 2 - INFO - 页面"凡人飞仙传（充值特权）"跳转正常,该类元素共20个，当前第3个
2020-08-12 19:08:38,211 - 2 - INFO - 页面"妖神记（抽动漫周边）"跳转正常,该类元素共20个，当前第4个
2020-08-12 19:08:44,342 - 2 - INFO - 页面"天天怼三国（送千元充值）"跳转正常,该类元素共20个，当前第5个
2020-08-12 19:08:50,467 - 2 - INFO - 页面"仙灵世界（送海量连抽）"跳转正常,该类元素共20个，当前第6个
2020-08-12 19:08:56,593 - 2 - INFO - 页面"魔剑侠缘（万元兑换）"跳转正常,该类元素共20个，当前第7个
2020-08-12 19:09:02,712 - 2 - INFO - 页面"纵剑仙界（送VIP代金券）"跳转正常,该类元素共20个，当前第8个
2020-08-12 19:09:08,844 - 2 - INFO - 页面"崩坏西游（送1688元充值）"跳转正常,该类元素共20个，当前第9个
