2020-08-21 18:20:07,812 - basepage - INFO - zuiben自动化测试开始
2020-08-21 18:20:07,814 - basepage - INFO - 隐性等待 10 秒
2020-08-21 18:20:15,552 - basepage - INFO - 跳转至https://www.zuiben.com/
2020-08-21 18:20:17,664 - basepage - INFO - 窗口已经最大化
2020-08-21 18:20:23,434 - 2 - INFO - 页面"【安卓游戏】好玩的安卓游戏下载_安卓游戏排行榜_安卓游戏免费下载大全-最笨下载"跳转正常,该类元素共21个，当前第1个
2020-08-21 18:20:23,663 - basepage - INFO - Click back on current page.
2020-08-21 18:20:28,558 - 2 - INFO - 页面"变态手游公益服_bt手游变态服_无限元宝bt手游下载_BT手游中心-最笨下载"跳转正常,该类元素共21个，当前第2个
2020-08-21 18:20:28,783 - basepage - INFO - Click back on current page.
2020-08-21 18:20:33,056 - 2 - INFO - 页面"gm版手游_无限元宝/钻石公益服_0元免费gm权限手游下载-最笨下载"跳转正常,该类元素共21个，当前第3个
2020-08-21 18:20:33,283 - basepage - INFO - Click back on current page.
2020-08-21 18:20:39,729 - 2 - INFO - 页面"【苹果游戏】iphone苹果手机游戏下载_iphone苹果游戏排行榜-最笨下载"跳转正常,该类元素共21个，当前第4个
2020-08-21 18:20:40,099 - basepage - INFO - Click back on current page.
2020-08-21 18:20:44,405 - 2 - INFO - 页面"满vip版手游_手游sf送顶级vip_满级vip无限元宝手游下载-最笨下载"跳转正常,该类元素共21个，当前第5个
2020-08-21 18:20:44,624 - basepage - INFO - Click back on current page.
2020-08-21 18:20:50,830 - 2 - INFO - 页面"【安卓软件】安卓软件下载_安卓手机软件下载_安卓软件免费下载大全-最笨下载"跳转正常,该类元素共21个，当前第6个
2020-08-21 18:20:51,236 - basepage - INFO - Click back on current page.
2020-08-21 18:20:57,028 - 2 - INFO - 页面"【苹果软件】iphone苹果下载软件_iphone苹果软件免费下载_苹果软件下载大全-最笨下载"跳转正常,该类元素共21个，当前第7个
2020-08-21 18:20:57,244 - basepage - INFO - Click back on current page.
2020-08-21 18:21:02,236 - 2 - INFO - 页面"【安卓资讯】安卓资讯推荐_安卓资讯大全-最笨下载"跳转正常,该类元素共21个，当前第8个
2020-08-21 18:21:02,450 - basepage - INFO - Click back on current page.
2020-08-21 18:21:06,818 - 2 - INFO - 页面"【安卓游戏攻略】安卓游戏攻略推荐_安卓游戏攻略大全-最笨下载"跳转正常,该类元素共21个，当前第9个
2020-08-21 18:21:07,043 - basepage - INFO - Click back on current page.
2020-08-21 18:21:12,447 - 2 - INFO - 页面"【安卓软件教程】安卓软件教程推荐_安卓软件教程大全-最笨下载"跳转正常,该类元素共21个，当前第10个
2020-08-21 18:21:12,679 - basepage - INFO - Click back on current page.
2020-08-21 18:21:17,769 - 2 - INFO - 页面"【iphone资讯】iphone资讯推荐_iphone资讯大全-最笨下载"跳转正常,该类元素共21个，当前第11个
2020-08-21 18:21:17,991 - basepage - INFO - Click back on current page.
2020-08-21 18:21:23,091 - 2 - INFO - 页面"【iPhone游戏攻略】iPhone游戏攻略推荐_iPhone游戏攻略大全-最笨下载"跳转正常,该类元素共21个，当前第12个
2020-08-21 18:21:23,433 - basepage - INFO - Click back on current page.
2020-08-21 18:21:28,447 - 2 - INFO - 页面"【系统重装教程】电脑重装系统教程_电脑怎么重装系统_重装系统步骤-最笨下载"跳转正常,该类元素共21个，当前第13个
2020-08-21 18:21:28,767 - basepage - INFO - Click back on current page.
