2020-08-04 18:20:06,635 - basepage - INFO - zuiben自动化测试开始
2020-08-04 18:20:06,643 - basepage - INFO - 隐性等待 10 秒
2020-08-04 18:20:12,763 - basepage - INFO - 跳转至https://www.zuiben.com/
2020-08-04 18:20:14,885 - basepage - INFO - 窗口已经最大化
2020-08-04 18:20:21,158 - 2 - INFO - 页面"【安卓游戏】好玩的安卓游戏下载_安卓游戏排行榜_安卓游戏免费下载大全-最笨下载"跳转正常,该类元素共21个，当前第1个
2020-08-04 18:20:21,408 - basepage - INFO - Click back on current page.
2020-08-04 18:20:25,727 - 2 - INFO - 页面"变态手游公益服_bt手游变态服_无限元宝bt手游下载_BT手游中心-最笨下载"跳转正常,该类元素共21个，当前第2个
2020-08-04 18:20:25,955 - basepage - INFO - Click back on current page.
2020-08-04 18:20:30,194 - 2 - INFO - 页面"gm版手游_无限元宝/钻石公益服_0元免费gm权限手游下载-最笨下载"跳转正常,该类元素共21个，当前第3个
2020-08-04 18:20:30,410 - basepage - INFO - Click back on current page.
2020-08-04 18:20:37,306 - 2 - INFO - 页面"【苹果游戏】iphone苹果手机游戏下载_iphone苹果游戏排行榜-最笨下载"跳转正常,该类元素共21个，当前第4个
2020-08-04 18:20:37,755 - basepage - INFO - Click back on current page.
2020-08-04 18:20:42,211 - 2 - INFO - 页面"满vip版手游_手游sf送顶级vip_满级vip无限元宝手游下载-最笨下载"跳转正常,该类元素共21个，当前第5个
2020-08-04 18:20:42,433 - basepage - INFO - Click back on current page.
2020-08-04 18:20:48,793 - 2 - INFO - 页面"【安卓软件】安卓软件下载_安卓手机软件下载_安卓软件免费下载大全-最笨下载"跳转正常,该类元素共21个，当前第6个
2020-08-04 18:20:49,188 - basepage - INFO - Click back on current page.
2020-08-04 18:20:55,341 - 2 - INFO - 页面"【苹果软件】iphone苹果下载软件_iphone苹果软件免费下载_苹果软件下载大全-最笨下载"跳转正常,该类元素共21个，当前第7个
2020-08-04 18:20:55,553 - basepage - INFO - Click back on current page.
2020-08-04 18:21:00,273 - 2 - INFO - 页面"【安卓资讯】安卓资讯推荐_安卓资讯大全-最笨下载"跳转正常,该类元素共21个，当前第8个
2020-08-04 18:21:00,492 - basepage - INFO - Click back on current page.
2020-08-04 18:21:04,938 - 2 - INFO - 页面"【安卓游戏攻略】安卓游戏攻略推荐_安卓游戏攻略大全-最笨下载"跳转正常,该类元素共21个，当前第9个
2020-08-04 18:21:05,176 - basepage - INFO - Click back on current page.
2020-08-04 18:21:10,269 - 2 - INFO - 页面"【安卓软件教程】安卓软件教程推荐_安卓软件教程大全-最笨下载"跳转正常,该类元素共21个，当前第10个
2020-08-04 18:21:10,512 - basepage - INFO - Click back on current page.
2020-08-04 18:21:21,568 - 2 - INFO - 页面"【iphone资讯】iphone资讯推荐_iphone资讯大全-最笨下载"跳转正常,该类元素共21个，当前第11个
2020-08-04 18:21:21,851 - basepage - INFO - Click back on current page.
2020-08-04 18:21:27,141 - 2 - INFO - 页面"【iPhone游戏攻略】iPhone游戏攻略推荐_iPhone游戏攻略大全-最笨下载"跳转正常,该类元素共21个，当前第12个
2020-08-04 18:21:27,559 - basepage - INFO - Click back on current page.
2020-08-04 18:21:32,257 - 2 - INFO - 页面"【系统重装教程】电脑重装系统教程_电脑怎么重装系统_重装系统步骤-最笨下载"跳转正常,该类元素共21个，当前第13个
2020-08-04 18:21:32,491 - basepage - INFO - Click back on current page.
2020-08-04 18:21:37,396 - 2 - INFO - 页面"安卓专题-最笨下载"跳转正常,该类元素共21个，当前第14个
2020-08-04 18:21:37,617 - basepage - INFO - Click back on current page.
2020-08-04 18:21:42,708 - 2 - INFO - 页面"游戏专题-最笨下载"跳转正常,该类元素共21个，当前第15个
2020-08-04 18:21:42,936 - basepage - INFO - Click back on current page.
2020-08-04 18:21:47,523 - 2 - INFO - 页面"苹果专题-最笨下载"跳转正常,该类元素共21个，当前第16个
2020-08-04 18:21:47,749 - basepage - INFO - Click back on current page.
2020-08-04 18:21:52,465 - 2 - INFO - 页面"【电脑软件】电脑软件下载_电脑装机必备软件_电脑常用软件下载_电脑软件大全-最笨下载"跳转正常,该类元素共21个，当前第17个
2020-08-04 18:21:52,717 - basepage - INFO - Click back on current page.
2020-08-04 18:21:59,031 - 2 - INFO - 页面"【电脑软件】电脑软件下载_电脑装机必备软件_电脑常用软件下载_电脑软件大全-最笨下载"跳转正常,该类元素共21个，当前第18个
2020-08-04 18:21:59,429 - basepage - INFO - Click back on current page.
2020-08-04 18:22:04,675 - 2 - INFO - 页面"【激活工具】激活windows工具_万能激活工具_windows激活工具下载_自动激活工具-最笨下载"跳转正常,该类元素共21个，当前第19个
2020-08-04 18:22:04,936 - basepage - INFO - Click back on current page.
2020-08-04 18:22:09,154 - 2 - INFO - 页面"【系统重装教程】电脑重装系统教程_电脑怎么重装系统_重装系统步骤-最笨下载"跳转正常,该类元素共21个，当前第20个
2020-08-04 18:22:09,392 - basepage - INFO - Click back on current page.
2020-08-04 18:22:13,595 - 2 - INFO - 页面"【系统重装教程】电脑重装系统教程_电脑怎么重装系统_重装系统步骤-最笨下载"跳转正常,该类元素共21个，当前第21个
2020-08-04 18:22:13,803 - basepage - INFO - Click back on current page.
2020-08-04 18:22:21,688 - 2 - INFO - 页面"家庭教师OL手游"跳转正常,该类元素共10个，当前第1个
2020-08-04 18:22:27,840 - 2 - INFO - 页面"魔女骑士团手游"跳转正常,该类元素共10个，当前第2个
2020-08-04 18:22:33,987 - 2 - INFO - 页面"决胜足球手游"跳转正常,该类元素共10个，当前第3个
2020-08-04 18:22:40,164 - 2 - INFO - 页面"少女战争手游"跳转正常,该类元素共10个，当前第4个
2020-08-04 18:22:46,310 - 2 - INFO - 页面"天神战（魔灵特权）"跳转正常,该类元素共10个，当前第5个
2020-08-04 18:22:52,452 - 2 - INFO - 页面"最Q幻想手游"跳转正常,该类元素共10个，当前第6个
2020-08-04 18:22:58,599 - 2 - INFO - 页面"霸途手游"跳转正常,该类元素共10个，当前第7个
2020-08-04 18:23:04,763 - 2 - INFO - 页面"回到三国志手游"跳转正常,该类元素共10个，当前第8个
2020-08-04 18:23:10,904 - 2 - INFO - 页面"幻游猎人手游"跳转正常,该类元素共10个，当前第9个
2020-08-04 18:23:17,048 - 2 - INFO - 页面"王者荣耀"跳转正常,该类元素共10个，当前第10个
2020-08-04 18:23:23,205 - 2 - INFO - 页面"女神联盟2（送500充值）"跳转正常,该类元素共20个，当前第1个
2020-08-04 18:23:29,357 - 2 - INFO - 页面"仙灵世界（送海量连抽）"跳转正常,该类元素共20个，当前第2个
2020-08-04 18:23:35,510 - 2 - INFO - 页面"武器之王（福利特权）"跳转正常,该类元素共20个，当前第3个
2020-08-04 18:23:41,652 - 2 - INFO - 页面"天天怼三国（送千元充值）"跳转正常,该类元素共20个，当前第4个
2020-08-04 18:23:47,800 - 2 - INFO - 页面"武动九天（GM免费特权）"跳转正常,该类元素共20个，当前第5个
2020-08-04 18:23:53,965 - 2 - INFO - 页面"魔法之光（红忍海量抽）"跳转正常,该类元素共20个，当前第6个
2020-08-04 18:24:00,154 - 2 - INFO - 页面"大军师（送海量橙将）"跳转正常,该类元素共20个，当前第7个
2020-08-04 18:24:06,319 - 2 - INFO - 页面"唐门六道（送千元充值）"跳转正常,该类元素共20个，当前第8个
2020-08-04 18:24:12,466 - 2 - INFO - 页面"教主之家（至尊特权）"跳转正常,该类元素共20个，当前第9个
2020-08-04 18:24:18,601 - 2 - INFO - 页面"纵剑仙界（送VIP代金券）"跳转正常,该类元素共20个，当前第10个
2020-08-04 18:24:24,747 - 2 - INFO - 页面"冒险王2（送海量充值）"跳转正常,该类元素共20个，当前第11个
2020-08-04 18:24:40,811 - 2 - INFO - 页面"九幽仙域（海量送充值）"跳转正常,该类元素共20个，当前第12个
2020-08-04 18:24:46,981 - 2 - INFO - 页面"一剑成仙（海量打金）"跳转正常,该类元素共20个，当前第13个
2020-08-04 18:24:53,129 - 2 - INFO - 页面"梦幻沙城（海量抽充值）"跳转正常,该类元素共20个，当前第14个
2020-08-04 18:24:59,294 - 2 - INFO - 页面"真江湖HD（万抽特权）"跳转正常,该类元素共20个，当前第15个
2020-08-04 18:25:05,434 - 2 - INFO - 页面"龙刃（折扣特权）"跳转正常,该类元素共20个，当前第16个
2020-08-04 18:25:11,577 - 2 - INFO - 页面"战神不败（GM送充值）"跳转正常,该类元素共20个，当前第17个
2020-08-04 18:25:17,752 - 2 - INFO - 页面"思仙星耀版"跳转正常,该类元素共20个，当前第18个
2020-08-04 18:25:23,897 - 2 - INFO - 页面"暴走神话"跳转正常,该类元素共20个，当前第19个
2020-08-04 18:25:30,044 - 2 - INFO - 页面"围攻大菠萝（送328充值）"跳转正常,该类元素共20个，当前第20个
2020-08-04 18:25:37,958 - 2 - INFO - 页面"女神联盟2（送500充值）"跳转正常,该类元素共10个，当前第1个
2020-08-04 18:25:44,088 - 2 - INFO - 页面"仙灵世界（送海量连抽）"跳转正常,该类元素共10个，当前第2个
2020-08-04 18:25:50,229 - 2 - INFO - 页面"武器之王（福利特权）"跳转正常,该类元素共10个，当前第3个
2020-08-04 18:25:56,367 - 2 - INFO - 页面"天天怼三国（送千元充值）"跳转正常,该类元素共10个，当前第4个
2020-08-04 18:26:02,532 - 2 - INFO - 页面"武动九天（GM免费特权）"跳转正常,该类元素共10个，当前第5个
2020-08-04 18:26:08,682 - 2 - INFO - 页面"魔法之光（红忍海量抽）"跳转正常,该类元素共10个，当前第6个
2020-08-04 18:26:14,859 - 2 - INFO - 页面"大军师（送海量橙将）"跳转正常,该类元素共10个，当前第7个
2020-08-04 18:26:21,039 - 2 - INFO - 页面"唐门六道（送千元充值）"跳转正常,该类元素共10个，当前第8个
2020-08-04 18:26:27,220 - 2 - INFO - 页面"教主之家（至尊特权）"跳转正常,该类元素共10个，当前第9个
2020-08-04 18:26:33,413 - 2 - INFO - 页面"纵剑仙界（送VIP代金券）"跳转正常,该类元素共10个，当前第10个
2020-08-04 18:26:39,579 - 2 - INFO - 页面"女神联盟2（送500充值）"跳转正常,该类元素共20个，当前第1个
2020-08-04 18:26:45,722 - 2 - INFO - 页面"仙灵世界（送海量连抽）"跳转正常,该类元素共20个，当前第2个
2020-08-04 18:26:51,887 - 2 - INFO - 页面"武器之王（福利特权）"跳转正常,该类元素共20个，当前第3个
2020-08-04 18:26:58,050 - 2 - INFO - 页面"凡人飞仙传（充值特权）"跳转正常,该类元素共20个，当前第4个
2020-08-04 18:27:04,183 - 2 - INFO - 页面"天天怼三国（送千元充值）"跳转正常,该类元素共20个，当前第5个
2020-08-04 18:27:10,314 - 2 - INFO - 页面"武动九天（GM免费特权）"跳转正常,该类元素共20个，当前第6个
2020-08-04 18:27:16,442 - 2 - INFO - 页面"魔法之光（红忍海量抽）"跳转正常,该类元素共20个，当前第7个
2020-08-04 18:27:22,562 - 2 - INFO - 页面"大军师（送海量橙将）"跳转正常,该类元素共20个，当前第8个
2020-08-04 18:27:28,689 - 2 - INFO - 页面"唐门六道（送千元充值）"跳转正常,该类元素共20个，当前第9个
2020-08-04 18:27:34,817 - 2 - INFO - 页面"教主之家（至尊特权）"跳转正常,该类元素共20个，当前第10个
2020-08-04 18:27:40,988 - 2 - INFO - 页面"纵剑仙界（送VIP代金券）"跳转正常,该类元素共20个，当前第11个
2020-08-04 18:27:47,146 - 2 - INFO - 页面"冒险王2（送海量充值）"跳转正常,该类元素共20个，当前第12个
2020-08-04 18:27:53,318 - 2 - INFO - 页面"九幽仙域（海量送充值）"跳转正常,该类元素共20个，当前第13个
2020-08-04 18:27:59,445 - 2 - INFO - 页面"烈火战神（海量特权）"跳转正常,该类元素共20个，当前第14个
2020-08-04 18:28:05,621 - 2 - INFO - 页面"一剑成仙（海量打金）"跳转正常,该类元素共20个，当前第15个
2020-08-04 18:28:11,741 - 2 - INFO - 页面"梦幻沙城（海量抽充值）"跳转正常,该类元素共20个，当前第16个
2020-08-04 18:28:17,880 - 2 - INFO - 页面"真江湖HD（万抽特权）"跳转正常,该类元素共20个，当前第17个
2020-08-04 18:28:24,021 - 2 - INFO - 页面"龙刃（折扣特权）"跳转正常,该类元素共20个，当前第18个
2020-08-04 18:28:30,177 - 2 - INFO - 页面"横扫天下之万年强者（1元超值）"跳转正常,该类元素共20个，当前第19个
2020-08-04 18:28:36,357 - 2 - INFO - 页面"战神不败（GM送充值）"跳转正常,该类元素共20个，当前第20个
2020-08-04 18:28:44,304 - 2 - INFO - 页面"女神联盟2（送500充值）"跳转正常,该类元素共10个，当前第1个
2020-08-04 18:28:50,486 - 2 - INFO - 页面"仙灵世界（送海量连抽）"跳转正常,该类元素共10个，当前第2个
2020-08-04 18:28:56,651 - 2 - INFO - 页面"武器之王（福利特权）"跳转正常,该类元素共10个，当前第3个
2020-08-04 18:29:02,786 - 2 - INFO - 页面"凡人飞仙传（充值特权）"跳转正常,该类元素共10个，当前第4个
2020-08-04 18:29:08,909 - 2 - INFO - 页面"天天怼三国（送千元充值）"跳转正常,该类元素共10个，当前第5个
2020-08-04 18:29:15,032 - 2 - INFO - 页面"武动九天（GM免费特权）"跳转正常,该类元素共10个，当前第6个
2020-08-04 18:29:21,165 - 2 - INFO - 页面"魔法之光（红忍海量抽）"跳转正常,该类元素共10个，当前第7个
2020-08-04 18:29:27,311 - 2 - INFO - 页面"大军师（送海量橙将）"跳转正常,该类元素共10个，当前第8个
2020-08-04 18:29:33,440 - 2 - INFO - 页面"唐门六道（送千元充值）"跳转正常,该类元素共10个，当前第9个
2020-08-04 18:29:39,566 - 2 - INFO - 页面"教主之家（至尊特权）"跳转正常,该类元素共10个，当前第10个
2020-08-04 18:29:45,701 - 2 - INFO - 页面"女神联盟2（送500充值）"跳转正常,该类元素共20个，当前第1个
2020-08-04 18:29:51,848 - 2 - INFO - 页面"仙灵世界（送海量连抽）"跳转正常,该类元素共20个，当前第2个
2020-08-04 18:29:57,978 - 2 - INFO - 页面"武器之王（福利特权）"跳转正常,该类元素共20个，当前第3个
2020-08-04 18:30:04,105 - 2 - INFO - 页面"凡人飞仙传（充值特权）"跳转正常,该类元素共20个，当前第4个
2020-08-04 18:30:10,228 - 2 - INFO - 页面"天天怼三国（送千元充值）"跳转正常,该类元素共20个，当前第5个
2020-08-04 18:30:16,354 - 2 - INFO - 页面"武动九天（GM免费特权）"跳转正常,该类元素共20个，当前第6个
2020-08-04 18:30:22,481 - 2 - INFO - 页面"魔法之光（红忍海量抽）"跳转正常,该类元素共20个，当前第7个
2020-08-04 18:30:28,609 - 2 - INFO - 页面"大军师（送海量橙将）"跳转正常,该类元素共20个，当前第8个
2020-08-04 18:30:34,728 - 2 - INFO - 页面"唐门六道（送千元充值）"跳转正常,该类元素共20个，当前第9个
2020-08-04 18:30:40,850 - 2 - INFO - 页面"教主之家（至尊特权）"跳转正常,该类元素共20个，当前第10个
2020-08-04 18:30:46,993 - 2 - INFO - 页面"纵剑仙界（送VIP代金券）"跳转正常,该类元素共20个，当前第11个
2020-08-04 18:30:53,118 - 2 - INFO - 页面"冒险王2（送海量充值）"跳转正常,该类元素共20个，当前第12个
2020-08-04 18:30:59,243 - 2 - INFO - 页面"九幽仙域（海量送充值）"跳转正常,该类元素共20个，当前第13个
2020-08-04 18:31:05,360 - 2 - INFO - 页面"烈火战神（海量特权）"跳转正常,该类元素共20个，当前第14个
2020-08-04 18:31:11,493 - 2 - INFO - 页面"一剑成仙（海量打金）"跳转正常,该类元素共20个，当前第15个
2020-08-04 18:31:17,616 - 2 - INFO - 页面"梦幻沙城（海量抽充值）"跳转正常,该类元素共20个，当前第16个
2020-08-04 18:31:23,756 - 2 - INFO - 页面"真江湖HD（万抽特权）"跳转正常,该类元素共20个，当前第17个
2020-08-04 18:31:29,901 - 2 - INFO - 页面"龙刃（折扣特权）"跳转正常,该类元素共20个，当前第18个
2020-08-04 18:31:36,023 - 2 - INFO - 页面"横扫天下之万年强者（1元超值）"跳转正常,该类元素共20个，当前第19个
2020-08-04 18:31:42,165 - 2 - INFO - 页面"战神不败（GM送充值）"跳转正常,该类元素共20个，当前第20个
2020-08-04 18:31:50,801 - 2 - INFO - 页面"【最笨周末活动】7月31日周末活动火热来袭~"跳转正常,该类元素共1个，当前第1个
2020-08-04 18:31:51,291 - basepage - INFO - Click back on current page.
2020-08-04 18:31:56,924 - 2 - INFO - 页面"【武动九天（GM免费特权）】上线满V，8W8绑元和"跳转正常,该类元素共1个，当前第1个
2020-08-04 18:31:57,134 - basepage - INFO - Click back on current page.
2020-08-04 18:32:02,876 - 2 - INFO - 页面"【梦幻沙城（海量抽充值）】上线即送GM2商城特"跳转正常,该类元素共1个，当前第1个
2020-08-04 18:32:03,297 - basepage - INFO - Click back on current page.
2020-08-04 18:32:09,876 - 2 - INFO - 页面"【六界仙尊（送充值）】上线直送VIP12，送88888元"跳转正常,该类元素共1个，当前第1个
2020-08-04 18:32:10,155 - basepage - INFO - Click back on current page.
2020-08-04 18:32:15,847 - 2 - INFO - 页面"【唐门六道（送千元充值）】上线送满级VIP19、礼"跳转正常,该类元素共1个，当前第1个
2020-08-04 18:32:16,422 - basepage - INFO - Click back on current page.
2020-08-04 18:32:22,126 - 2 - INFO - 页面"【武器之王（福利特权）】上线送VIP10,50万福利钻"跳转正常,该类元素共1个，当前第1个
2020-08-04 18:32:22,404 - basepage - INFO - Click back on current page.
2020-08-04 18:32:28,346 - 2 - INFO - 页面"剑与纷争"跳转正常,该类元素共12个，当前第1个
2020-08-04 18:32:28,845 - basepage - INFO - Click back on current page.
2020-08-04 18:32:34,210 - 2 - INFO - 页面"天使之吻"跳转正常,该类元素共12个，当前第2个
2020-08-04 18:32:34,569 - basepage - INFO - Click back on current page.
2020-08-04 18:32:39,640 - 2 - INFO - 页面"新大主宰（送神将百抽）"跳转正常,该类元素共12个，当前第3个
2020-08-04 18:32:39,877 - basepage - INFO - Click back on current page.
2020-08-04 18:32:45,003 - 2 - INFO - 页面"神魔传说（登录送神器）"跳转正常,该类元素共12个，当前第4个
2020-08-04 18:32:45,273 - basepage - INFO - Click back on current page.
2020-08-04 18:32:50,337 - 2 - INFO - 页面"邪域战灵（送欧皇充值）"跳转正常,该类元素共12个，当前第5个
2020-08-04 18:32:50,575 - basepage - INFO - Click back on current page.
2020-08-04 18:32:55,532 - 2 - INFO - 页面"魔剑侠缘（万元兑换）"跳转正常,该类元素共12个，当前第6个
2020-08-04 18:32:55,869 - basepage - INFO - Click back on current page.
2020-08-04 18:33:01,305 - 2 - INFO - 页面"文明曙光"跳转正常,该类元素共12个，当前第7个
2020-08-04 18:33:01,575 - basepage - INFO - Click back on current page.
2020-08-04 18:33:06,799 - 2 - INFO - 页面"神龙猎手（内测）"跳转正常,该类元素共12个，当前第8个
2020-08-04 18:33:07,287 - basepage - INFO - Click back on current page.
2020-08-04 18:33:12,375 - 2 - INFO - 页面"疯神之战（送海量充值）"跳转正常,该类元素共12个，当前第9个
2020-08-04 18:33:12,601 - basepage - INFO - Click back on current page.
2020-08-04 18:33:17,754 - 2 - INFO - 页面"崩坏西游（送1688元充值）"跳转正常,该类元素共12个，当前第10个
2020-08-04 18:33:18,035 - basepage - INFO - Click back on current page.
2020-08-04 18:33:23,187 - 2 - INFO - 页面"神将降魔（送海量充值）"跳转正常,该类元素共12个，当前第11个
2020-08-04 18:33:23,424 - basepage - INFO - Click back on current page.
2020-08-04 18:33:28,782 - 2 - INFO - 页面"妖神记（抽动漫周边）"跳转正常,该类元素共12个，当前第12个
2020-08-04 18:33:29,196 - basepage - INFO - Click back on current page.
2020-08-04 18:33:34,738 - 2 - INFO - 页面"魔兽世界怀旧服2020年6月7日人口普查一览"跳转正常,该类元素共2个，当前第1个
2020-08-04 18:33:35,000 - basepage - INFO - Click back on current page.
2020-08-04 18:33:41,778 - 2 - INFO - 页面"DNF萌噬噬宠物属性怎么样？萌噬噬属性介绍"跳转正常,该类元素共2个，当前第2个
2020-08-04 18:33:42,306 - basepage - INFO - Click back on current page.
2020-08-04 18:33:49,845 - 2 - INFO - 页面"阴阳师破之歌奖励是什么 破之歌奖励一览-最笨下载"跳转正常,该类元素共14个，当前第1个
2020-08-04 18:33:50,152 - basepage - INFO - Click back on current page.
2020-08-04 18:33:57,501 - 2 - INFO - 页面"阴阳师8月神秘符咒图案怎么画 8月神秘符咒画法介绍-最笨下载"跳转正常,该类元素共14个，当前第2个
2020-08-04 18:33:57,962 - basepage - INFO - Click back on current page.
2020-08-04 18:34:07,995 - 2 - INFO - 页面"阴阳师序之律怎么打 序之律打法攻略-最笨下载"跳转正常,该类元素共14个，当前第3个
2020-08-04 18:34:08,487 - basepage - INFO - Click back on current page.
2020-08-04 18:34:16,052 - 2 - INFO - 页面"崩坏3好游快爆4.1新版本礼包兑换码分享-最笨下载"跳转正常,该类元素共14个，当前第4个
2020-08-04 18:34:16,313 - basepage - INFO - Click back on current page.
2020-08-04 18:34:23,808 - 2 - INFO - 页面"江南百景图武则天兑换码分享-最笨下载"跳转正常,该类元素共14个，当前第5个
2020-08-04 18:34:24,066 - basepage - INFO - Click back on current page.
2020-08-04 18:34:31,394 - 2 - INFO - 页面"光遇一个人怎么卡无翼 一个人卡无翼攻略-最笨下载"跳转正常,该类元素共14个，当前第6个
2020-08-04 18:34:31,825 - basepage - INFO - Click back on current page.
2020-08-04 18:34:39,127 - 2 - INFO - 页面"未定事件簿全角色故事开启条件一览-最笨下载"跳转正常,该类元素共14个，当前第7个
2020-08-04 18:34:39,387 - basepage - INFO - Click back on current page.
2020-08-04 18:34:46,540 - 2 - INFO - 页面"未定事件簿女神的试炼答案大全-最笨下载"跳转正常,该类元素共14个，当前第8个
2020-08-04 18:34:47,106 - basepage - INFO - Click back on current page.
2020-08-04 18:34:54,437 - 2 - INFO - 页面"未定事件簿友谊徽章兑换什么好 友谊徽章兑换推荐-最笨下载"跳转正常,该类元素共14个，当前第9个
2020-08-04 18:34:54,876 - basepage - INFO - Click back on current page.
2020-08-04 18:35:02,522 - 2 - INFO - 页面"元气骑士小黄鸭彩蛋如何触发 小黄鸭彩蛋触发攻略-最笨下载"跳转正常,该类元素共14个，当前第10个
2020-08-04 18:35:02,762 - basepage - INFO - Click back on current page.
2020-08-04 18:35:09,933 - 2 - INFO - 页面"江南百景图速生人物经验技巧分享-最笨下载"跳转正常,该类元素共14个，当前第11个
2020-08-04 18:35:10,201 - basepage - INFO - Click back on current page.
2020-08-04 18:35:17,173 - 2 - INFO - 页面"江南百景图杭州府什么时候上线 杭州府上线玩法介绍-最笨下载"跳转正常,该类元素共14个，当前第12个
2020-08-04 18:35:17,668 - basepage - INFO - Click back on current page.
2020-08-04 18:35:25,399 - 2 - INFO - 页面"问道手游8月3日迷仙镇每周探案任务攻略-最笨下载"跳转正常,该类元素共14个，当前第13个
2020-08-04 18:35:25,777 - basepage - INFO - Click back on current page.
2020-08-04 18:35:33,333 - 2 - INFO - 页面"最强蜗牛虫洞装置怎么开 虫洞装置开启攻略-最笨下载"跳转正常,该类元素共14个，当前第14个
2020-08-04 18:35:33,613 - basepage - INFO - Click back on current page.
2020-08-04 18:35:41,929 - 2 - INFO - 页面"2020阴阳师7月新式神紧那罗即将上线 高颜值紧那"跳转正常,该类元素共2个，当前第1个
2020-08-04 18:35:42,418 - basepage - INFO - Click back on current page.
2020-08-04 18:35:48,957 - 2 - INFO - 页面"英雄联盟2020灵魂莲华皮肤原画汇总"跳转正常,该类元素共2个，当前第2个
2020-08-04 18:35:49,246 - basepage - INFO - Click back on current page.
2020-08-04 18:35:55,894 - 2 - INFO - 页面"满vip版手游_手游sf送顶级vip_满级vip无限元宝手游下载-最笨下载"跳转正常,该类元素共28个，当前第1个
2020-08-04 18:35:56,130 - basepage - INFO - Click back on current page.
2020-08-04 18:36:02,828 - 2 - INFO - 页面"女神联盟2（送500充值）_女神联盟2（送500充值）无限元宝服_SF变态版女神联盟2（送500充值）公益服下载 - 最笨下载"跳转正常,该类元素共28个，当前第2个
2020-08-04 18:36:03,331 - basepage - INFO - Click back on current page.
2020-08-04 18:36:09,784 - 2 - INFO - 页面"满vip版手游_手游sf送顶级vip_满级vip无限元宝手游下载-最笨下载"跳转正常,该类元素共28个，当前第3个
2020-08-04 18:36:10,061 - basepage - INFO - Click back on current page.
2020-08-04 18:36:16,835 - 2 - INFO - 页面"仙灵世界（送海量连抽）_仙灵世界（送海量连抽）无限元宝服_SF变态版仙灵世界（送海量连抽）公益服下载 - 最笨下载"跳转正常,该类元素共28个，当前第4个
2020-08-04 18:36:17,223 - basepage - INFO - Click back on current page.
2020-08-04 18:36:23,735 - 2 - INFO - 页面"变态手游公益服_bt手游变态服_无限元宝bt手游下载_BT手游中心-最笨下载"跳转正常,该类元素共28个，当前第5个
2020-08-04 18:36:24,012 - basepage - INFO - Click back on current page.
2020-08-04 18:36:30,767 - 2 - INFO - 页面"武器之王（福利特权）_武器之王（福利特权）无限元宝服_SF变态版武器之王（福利特权）公益服下载 - 最笨下载"跳转正常,该类元素共28个，当前第6个
2020-08-04 18:36:31,281 - basepage - INFO - Click back on current page.
2020-08-04 18:36:37,767 - 2 - INFO - 页面"变态手游公益服_bt手游变态服_无限元宝bt手游下载_BT手游中心-最笨下载"跳转正常,该类元素共28个，当前第7个
2020-08-04 18:36:38,059 - basepage - INFO - Click back on current page.
2020-08-04 18:36:44,817 - 2 - INFO - 页面"凡人飞仙传（充值特权）_凡人飞仙传（充值特权）无限元宝服_SF变态版凡人飞仙传（充值特权）公益服下载 - 最笨下载"跳转正常,该类元素共28个，当前第8个
2020-08-04 18:36:45,315 - basepage - INFO - Click back on current page.
2020-08-04 18:36:51,799 - 2 - INFO - 页面"变态手游公益服_bt手游变态服_无限元宝bt手游下载_BT手游中心-最笨下载"跳转正常,该类元素共28个，当前第9个
2020-08-04 18:36:52,076 - basepage - INFO - Click back on current page.
2020-08-04 18:36:58,765 - 2 - INFO - 页面"天天怼三国（送千元充值）_天天怼三国（送千元充值）无限元宝服_SF变态版天天怼三国（送千元充值）公益服下载 - 最笨下载"跳转正常,该类元素共28个，当前第10个
2020-08-04 18:36:59,300 - basepage - INFO - Click back on current page.
2020-08-04 18:37:05,801 - 2 - INFO - 页面"满vip版手游_手游sf送顶级vip_满级vip无限元宝手游下载-最笨下载"跳转正常,该类元素共28个，当前第11个
2020-08-04 18:37:06,076 - basepage - INFO - Click back on current page.
2020-08-04 18:37:12,762 - 2 - INFO - 页面"武动九天（GM免费特权）_武动九天（GM免费特权）无限元宝服_SF变态版武动九天（GM免费特权）公益服下载 - 最笨下载"跳转正常,该类元素共28个，当前第12个
2020-08-04 18:37:13,153 - basepage - INFO - Click back on current page.
2020-08-04 18:37:19,621 - 2 - INFO - 页面"满vip版手游_手游sf送顶级vip_满级vip无限元宝手游下载-最笨下载"跳转正常,该类元素共28个，当前第13个
2020-08-04 18:37:19,891 - basepage - INFO - Click back on current page.
2020-08-04 18:37:26,652 - 2 - INFO - 页面"魔法之光（红忍海量抽）_魔法之光（红忍海量抽）无限元宝服_SF变态版魔法之光（红忍海量抽）公益服下载 - 最笨下载"跳转正常,该类元素共28个，当前第14个
2020-08-04 18:37:27,079 - basepage - INFO - Click back on current page.
2020-08-04 18:37:33,533 - 2 - INFO - 页面"变态手游公益服_bt手游变态服_无限元宝bt手游下载_BT手游中心-最笨下载"跳转正常,该类元素共28个，当前第15个
2020-08-04 18:37:33,760 - basepage - INFO - Click back on current page.
2020-08-04 18:37:40,432 - 2 - INFO - 页面"大军师（送海量橙将）_大军师（送海量橙将）无限元宝服_SF变态版大军师（送海量橙将）公益服下载 - 最笨下载"跳转正常,该类元素共28个，当前第16个
2020-08-04 18:37:40,707 - basepage - INFO - Click back on current page.
2020-08-04 18:37:47,189 - 2 - INFO - 页面"满vip版手游_手游sf送顶级vip_满级vip无限元宝手游下载-最笨下载"跳转正常,该类元素共28个，当前第17个
2020-08-04 18:37:47,551 - basepage - INFO - Click back on current page.
2020-08-04 18:37:54,268 - 2 - INFO - 页面"唐门六道（送千元充值）_唐门六道（送千元充值）无限元宝服_SF变态版唐门六道（送千元充值）公益服下载 - 最笨下载"跳转正常,该类元素共28个，当前第18个
2020-08-04 18:37:54,476 - basepage - INFO - Click back on current page.
2020-08-04 18:38:00,938 - 2 - INFO - 页面"变态手游公益服_bt手游变态服_无限元宝bt手游下载_BT手游中心-最笨下载"跳转正常,该类元素共28个，当前第19个
2020-08-04 18:38:01,344 - basepage - INFO - Click back on current page.
2020-08-04 18:38:08,109 - 2 - INFO - 页面"教主之家（至尊特权）_教主之家（至尊特权）无限元宝服_SF变态版教主之家（至尊特权）公益服下载 - 最笨下载"跳转正常,该类元素共28个，当前第20个
2020-08-04 18:38:08,373 - basepage - INFO - Click back on current page.
2020-08-04 18:38:14,853 - 2 - INFO - 页面"变态手游公益服_bt手游变态服_无限元宝bt手游下载_BT手游中心-最笨下载"跳转正常,该类元素共28个，当前第21个
2020-08-04 18:38:15,367 - basepage - INFO - Click back on current page.
2020-08-04 18:38:22,091 - 2 - INFO - 页面"纵剑仙界（送VIP代金券）_纵剑仙界（送VIP代金券）无限元宝服_SF变态版纵剑仙界（送VIP代金券）公益服下载 - 最笨下载"跳转正常,该类元素共28个，当前第22个
2020-08-04 18:38:22,404 - basepage - INFO - Click back on current page.
2020-08-04 18:38:28,851 - 2 - INFO - 页面"满vip版手游_手游sf送顶级vip_满级vip无限元宝手游下载-最笨下载"跳转正常,该类元素共28个，当前第23个
2020-08-04 18:38:29,354 - basepage - INFO - Click back on current page.
2020-08-04 18:38:36,087 - 2 - INFO - 页面"冒险王2（送海量充值）_冒险王2（送海量充值）无限元宝服_SF变态版冒险王2（送海量充值）公益服下载 - 最笨下载"跳转正常,该类元素共28个，当前第24个
2020-08-04 18:38:36,373 - basepage - INFO - Click back on current page.
2020-08-04 18:38:42,836 - 2 - INFO - 页面"满vip版手游_手游sf送顶级vip_满级vip无限元宝手游下载-最笨下载"跳转正常,该类元素共28个，当前第25个
2020-08-04 18:38:43,223 - basepage - INFO - Click back on current page.
2020-08-04 18:38:49,992 - 2 - INFO - 页面"九幽仙域（海量送充值）_九幽仙域（海量送充值）无限元宝服_SF变态版九幽仙域（海量送充值）公益服下载 - 最笨下载"跳转正常,该类元素共28个，当前第26个
2020-08-04 18:38:50,271 - basepage - INFO - Click back on current page.
2020-08-04 18:38:56,737 - 2 - INFO - 页面"满vip版手游_手游sf送顶级vip_满级vip无限元宝手游下载-最笨下载"跳转正常,该类元素共28个，当前第27个
2020-08-04 18:38:57,145 - basepage - INFO - Click back on current page.
2020-08-04 18:39:03,928 - 2 - INFO - 页面"烈火战神（海量特权）_烈火战神（海量特权）无限元宝服_SF变态版烈火战神（海量特权）公益服下载 - 最笨下载"跳转正常,该类元素共28个，当前第28个
2020-08-04 18:39:04,151 - basepage - INFO - Click back on current page.
2020-08-04 18:39:12,149 - 2 - INFO - 页面"有翡原著小说简介 有匪小说剧情介绍"跳转正常,该类元素共2个，当前第1个
2020-08-04 18:39:12,613 - basepage - INFO - Click back on current page.
2020-08-04 18:39:19,553 - 2 - INFO - 页面"有翡小说免费阅读 有匪小说周翡全文阅读"跳转正常,该类元素共2个，当前第2个
2020-08-04 18:39:19,820 - basepage - INFO - Click back on current page.
2020-08-04 18:39:27,682 - 2 - INFO - 页面"【苹果娱乐软件】iPhone手机娱乐软件_iPhone娱乐软件免费下载大全-最笨下载"跳转正常,该类元素共28个，当前第1个
2020-08-04 18:39:27,938 - basepage - INFO - Click back on current page.
2020-08-04 18:39:35,772 - 2 - INFO - 页面"最笨游戏盒子iOS版_最笨游戏盒子iOS版下载_最笨游戏盒子iOS版官方下载-最笨下载"跳转正常,该类元素共28个，当前第2个
2020-08-04 18:39:36,207 - basepage - INFO - Click back on current page.
2020-08-04 18:39:43,249 - 2 - INFO - 页面"【安卓娱乐软件】安卓娱乐软件下载_安卓娱乐软件推荐_安卓娱乐软件大全-最笨下载"跳转正常,该类元素共28个，当前第3个
2020-08-04 18:39:43,464 - basepage - INFO - Click back on current page.
2020-08-04 18:39:50,420 - 2 - INFO - 页面"最笨游戏盒子_最笨游戏盒子下载_最笨游戏盒子官方下载-最笨下载"跳转正常,该类元素共28个，当前第4个
2020-08-04 18:39:50,723 - basepage - INFO - Click back on current page.
2020-08-04 18:39:58,113 - 2 - INFO - 页面"【安卓聊天软件】安卓聊天软件下载_安卓聊天软件排行_安卓聊天软件大全-最笨下载"跳转正常,该类元素共28个，当前第5个
2020-08-04 18:39:58,534 - basepage - INFO - Click back on current page.
2020-08-04 18:40:05,345 - 2 - INFO - 页面"蜜小助_蜜小助下载_蜜小助官方下载-最笨下载"跳转正常,该类元素共28个，当前第6个
2020-08-04 18:40:05,576 - basepage - INFO - Click back on current page.
2020-08-04 18:40:12,037 - 2 - INFO - 页面"【安卓娱乐软件】安卓娱乐软件下载_安卓娱乐软件推荐_安卓娱乐软件大全-最笨下载"跳转正常,该类元素共28个，当前第7个
2020-08-04 18:40:12,319 - basepage - INFO - Click back on current page.
2020-08-04 18:40:19,620 - 2 - INFO - 页面"3733游戏盒子_3733游戏盒子下载_3733游戏盒子官方下载-最笨下载"跳转正常,该类元素共28个，当前第8个
2020-08-04 18:40:20,109 - basepage - INFO - Click back on current page.
2020-08-04 18:40:26,800 - 2 - INFO - 页面"【安卓聊天软件】安卓聊天软件下载_安卓聊天软件排行_安卓聊天软件大全-最笨下载"跳转正常,该类元素共28个，当前第9个
2020-08-04 18:40:27,134 - basepage - INFO - Click back on current page.
2020-08-04 18:40:35,115 - 2 - INFO - 页面"土味情话_土味情话下载_土味情话官方下载-最笨下载"跳转正常,该类元素共28个，当前第10个
2020-08-04 18:40:35,417 - basepage - INFO - Click back on current page.
2020-08-04 18:40:41,865 - 2 - INFO - 页面"【安卓聊天软件】安卓聊天软件下载_安卓聊天软件排行_安卓聊天软件大全-最笨下载"跳转正常,该类元素共28个，当前第11个
2020-08-04 18:40:42,391 - basepage - INFO - Click back on current page.
2020-08-04 18:40:49,796 - 2 - INFO - 页面"恋爱话术_恋爱话术下载_恋爱话术官方下载-最笨下载"跳转正常,该类元素共28个，当前第12个
2020-08-04 18:40:50,065 - basepage - INFO - Click back on current page.
2020-08-04 18:40:56,574 - 2 - INFO - 页面"【安卓聊天软件】安卓聊天软件下载_安卓聊天软件排行_安卓聊天软件大全-最笨下载"跳转正常,该类元素共28个，当前第13个
2020-08-04 18:40:56,849 - basepage - INFO - Click back on current page.
2020-08-04 18:41:04,087 - 2 - INFO - 页面"土味情话社_土味情话社下载_土味情话社官方下载-最笨下载"跳转正常,该类元素共28个，当前第14个
2020-08-04 18:41:04,499 - basepage - INFO - Click back on current page.
2020-08-04 18:41:11,695 - 2 - INFO - 页面"【安卓阅读软件】安卓阅读软件下载_安卓阅读软件哪个好_安卓阅读软件排行-最笨下载"跳转正常,该类元素共28个，当前第15个
2020-08-04 18:41:11,966 - basepage - INFO - Click back on current page.
2020-08-04 18:41:19,455 - 2 - INFO - 页面"吾爱看书_吾爱看书下载_吾爱看书官方下载-最笨下载"跳转正常,该类元素共28个，当前第16个
2020-08-04 18:41:19,748 - basepage - INFO - Click back on current page.
2020-08-04 18:41:27,228 - 2 - INFO - 页面"【苹果阅读软件】iPhone手机阅读软件_iPhone阅读软件免费下载大全-最笨下载"跳转正常,该类元素共28个，当前第17个
2020-08-04 18:41:27,692 - basepage - INFO - Click back on current page.
2020-08-04 18:41:35,009 - 2 - INFO - 页面"吾爱看书ios版_吾爱看书ios版下载_吾爱看书ios版官方下载-最笨下载"跳转正常,该类元素共28个，当前第18个
2020-08-04 18:41:35,255 - basepage - INFO - Click back on current page.
2020-08-04 18:41:41,724 - 2 - INFO - 页面"【安卓聊天软件】安卓聊天软件下载_安卓聊天软件排行_安卓聊天软件大全-最笨下载"跳转正常,该类元素共28个，当前第19个
2020-08-04 18:41:41,945 - basepage - INFO - Click back on current page.
2020-08-04 18:41:49,069 - 2 - INFO - 页面"恋爱话术库_恋爱话术库下载_恋爱话术库官方下载-最笨下载"跳转正常,该类元素共28个，当前第20个
2020-08-04 18:41:49,530 - basepage - INFO - Click back on current page.
2020-08-04 18:41:56,010 - 2 - INFO - 页面"【安卓聊天软件】安卓聊天软件下载_安卓聊天软件排行_安卓聊天软件大全-最笨下载"跳转正常,该类元素共28个，当前第21个
2020-08-04 18:41:56,235 - basepage - INFO - Click back on current page.
2020-08-04 18:42:03,706 - 2 - INFO - 页面"撩吧_撩吧下载_撩吧官方下载-最笨下载"跳转正常,该类元素共28个，当前第22个
2020-08-04 18:42:03,981 - basepage - INFO - Click back on current page.
2020-08-04 18:42:10,450 - 2 - INFO - 页面"【安卓聊天软件】安卓聊天软件下载_安卓聊天软件排行_安卓聊天软件大全-最笨下载"跳转正常,该类元素共28个，当前第23个
2020-08-04 18:42:10,970 - basepage - INFO - Click back on current page.
2020-08-04 18:42:18,385 - 2 - INFO - 页面"遇知音_遇知音下载_遇知音官方下载-最笨下载"跳转正常,该类元素共28个，当前第24个
2020-08-04 18:42:18,679 - basepage - INFO - Click back on current page.
2020-08-04 18:42:25,159 - 2 - INFO - 页面"【安卓聊天软件】安卓聊天软件下载_安卓聊天软件排行_安卓聊天软件大全-最笨下载"跳转正常,该类元素共28个，当前第25个
2020-08-04 18:42:25,429 - basepage - INFO - Click back on current page.
2020-08-04 18:42:34,961 - 2 - INFO - 页面"脱单大师_脱单大师下载_脱单大师官方下载-最笨下载"跳转正常,该类元素共28个，当前第26个
2020-08-04 18:42:35,360 - basepage - INFO - Click back on current page.
2020-08-04 18:42:41,859 - 2 - INFO - 页面"【安卓聊天软件】安卓聊天软件下载_安卓聊天软件排行_安卓聊天软件大全-最笨下载"跳转正常,该类元素共28个，当前第27个
2020-08-04 18:42:42,128 - basepage - INFO - Click back on current page.
2020-08-04 18:42:49,797 - 2 - INFO - 页面"爱情套路_爱情套路下载_爱情套路官方下载-最笨下载"跳转正常,该类元素共28个，当前第28个
2020-08-04 18:42:50,128 - basepage - INFO - Click back on current page.
2020-08-04 18:43:00,642 - 2 - INFO - 页面"【安卓播放器】安卓播放器下载_安卓播放器哪个最好_安卓播放器下载排行-最笨下载"跳转正常,该类元素共20个，当前第1个
2020-08-04 18:43:00,910 - basepage - INFO - Click back on current page.
2020-08-04 18:43:10,274 - 2 - INFO - 页面"【安卓学习软件】安卓学习软件下载_安卓学习软件免费下载_安卓学习软件大全-最笨下载"跳转正常,该类元素共20个，当前第2个
2020-08-04 18:43:10,707 - basepage - INFO - Click back on current page.
2020-08-04 18:43:18,073 - 2 - INFO - 页面"【安卓辅助软件】安卓辅助软件下载_安卓辅助软件推荐_安卓辅助软件大全-最笨下载"跳转正常,该类元素共20个，当前第3个
2020-08-04 18:43:18,344 - basepage - INFO - Click back on current page.
2020-08-04 18:43:27,699 - 2 - INFO - 页面"【安卓输入法】安卓输入法下载_安卓输入法哪个好_安卓输入法怎么用-最笨下载"跳转正常,该类元素共20个，当前第4个
2020-08-04 18:43:27,994 - basepage - INFO - Click back on current page.
2020-08-04 18:43:35,354 - 2 - INFO - 页面"【安卓通信软件】安卓通信软件下载_安卓通信软件推荐_安卓通信软件大全-最笨下载"跳转正常,该类元素共20个，当前第5个
2020-08-04 18:43:35,597 - basepage - INFO - Click back on current page.
2020-08-04 18:43:42,726 - 2 - INFO - 页面"【安卓固件】安卓固件下载_安卓固件包下载_安卓固件管理器-最笨下载"跳转正常,该类元素共20个，当前第6个
2020-08-04 18:43:43,156 - basepage - INFO - Click back on current page.
2020-08-04 18:43:50,451 - 2 - INFO - 页面"【安卓文件管理器】安卓文件管理器下载_安卓文件管理器哪个好_安卓文件管理器中文版-最笨下载"跳转正常,该类元素共20个，当前第7个
2020-08-04 18:43:50,899 - basepage - INFO - Click back on current page.
2020-08-04 18:43:58,219 - 2 - INFO - 页面"【安卓同步软件】安卓同步软件下载_安卓同步软件哪个好_安卓手机同步软件-最笨下载"跳转正常,该类元素共20个，当前第8个
2020-08-04 18:43:58,492 - basepage - INFO - Click back on current page.
2020-08-04 18:44:05,706 - 2 - INFO - 页面"【安卓办公软件】安卓办公软件下载_安卓办公软件哪个好_安卓办公软件哪种最好-最笨下载"跳转正常,该类元素共20个，当前第9个
2020-08-04 18:44:06,135 - basepage - INFO - Click back on current page.
2020-08-04 18:44:13,700 - 2 - INFO - 页面"【安卓新闻软件】安卓新闻软件下载_安卓新闻软件哪个好_安卓新闻软件大全-最笨下载"跳转正常,该类元素共20个，当前第10个
2020-08-04 18:44:13,974 - basepage - INFO - Click back on current page.
2020-08-04 18:44:21,431 - 2 - INFO - 页面"【安卓理财软件】安卓理财软件下载_安卓理财软件哪个好_安卓理财软件大全-最笨下载"跳转正常,该类元素共20个，当前第11个
2020-08-04 18:44:21,692 - basepage - INFO - Click back on current page.
2020-08-04 18:44:29,353 - 2 - INFO - 页面"【安卓备份软件】安卓备份软件下载_安卓备份软件哪个好_安卓手机备份软件-最笨下载"跳转正常,该类元素共20个，当前第12个
2020-08-04 18:44:29,788 - basepage - INFO - Click back on current page.
2020-08-04 18:44:37,054 - 2 - INFO - 页面"【安卓跑步软件】安卓跑步软件下载_安卓跑步软件哪个好_安卓跑步软件大全-最笨下载"跳转正常,该类元素共20个，当前第13个
2020-08-04 18:44:37,357 - basepage - INFO - Click back on current page.
2020-08-04 18:44:44,776 - 2 - INFO - 页面"【安卓健康管理软件】安卓健康管理软件下载_安卓健康管理软件推荐_安卓健康管理软件大全-最笨下载"跳转正常,该类元素共20个，当前第14个
2020-08-04 18:44:45,015 - basepage - INFO - Click back on current page.
2020-08-04 18:44:52,368 - 2 - INFO - 页面"【安卓系统软件】安卓系统软件下载_安卓系统软件免费下载_安卓系统软件下载工具-最笨下载"跳转正常,该类元素共20个，当前第15个
2020-08-04 18:44:52,863 - basepage - INFO - Click back on current page.
2020-08-04 18:44:59,329 - 2 - INFO - 页面"【安卓聊天软件】安卓聊天软件下载_安卓聊天软件排行_安卓聊天软件大全-最笨下载"跳转正常,该类元素共20个，当前第16个
2020-08-04 18:44:59,549 - basepage - INFO - Click back on current page.
2020-08-04 18:45:06,865 - 2 - INFO - 页面"【安卓应用软件】安卓应用软件排行_好玩的安卓应用软件_好用的安卓应用软件-最笨下载"跳转正常,该类元素共20个，当前第17个
2020-08-04 18:45:07,140 - basepage - INFO - Click back on current page.
2020-08-04 18:45:13,578 - 2 - INFO - 页面"【安卓娱乐软件】安卓娱乐软件下载_安卓娱乐软件推荐_安卓娱乐软件大全-最笨下载"跳转正常,该类元素共20个，当前第18个
2020-08-04 18:45:14,106 - basepage - INFO - Click back on current page.
2020-08-04 18:45:21,682 - 2 - INFO - 页面"【安卓导航软件】安卓导航软件下载_安卓导航软件哪个好_安卓导航软件排名-最笨下载"跳转正常,该类元素共20个，当前第19个
2020-08-04 18:45:21,945 - basepage - INFO - Click back on current page.
2020-08-04 18:45:29,259 - 2 - INFO - 页面"【安卓网络软件】安卓网络软件下载_安卓网络软件推荐_安卓网络软件大全-最笨下载"跳转正常,该类元素共20个，当前第20个
2020-08-04 18:45:29,747 - basepage - INFO - Click back on current page.
2020-08-04 18:45:38,102 - 2 - INFO - 页面"3733手游游戏平台_3733手游游戏平台下载_3733手游游戏平台官方下载-最笨下载"跳转正常,该类元素共18个，当前第1个
2020-08-04 18:45:44,273 - 2 - INFO - 页面"安致手游游戏平台_安致手游游戏平台下载_安致手游游戏平台官方下载-最笨下载"跳转正常,该类元素共18个，当前第2个
2020-08-04 18:45:50,435 - 2 - INFO - 页面"扑鹿_扑鹿下载_扑鹿官方下载-最笨下载"跳转正常,该类元素共18个，当前第3个
2020-08-04 18:45:56,584 - 2 - INFO - 页面"日杂相机_日杂相机下载_日杂相机官方下载-最笨下载"跳转正常,该类元素共18个，当前第4个
2020-08-04 18:46:02,751 - 2 - INFO - 页面"皮皮虾_皮皮虾下载_皮皮虾官方下载-最笨下载"跳转正常,该类元素共18个，当前第5个
2020-08-04 18:46:08,887 - 2 - INFO - 页面"吾爱看书_吾爱看书下载_吾爱看书官方下载-最笨下载"跳转正常,该类元素共18个，当前第6个
2020-08-04 18:46:15,032 - 2 - INFO - 页面"7732游戏中心_7732游戏中心下载_7732游戏中心官方下载-最笨下载"跳转正常,该类元素共18个，当前第7个
2020-08-04 18:46:21,160 - 2 - INFO - 页面"7743手游盒子_7743手游盒子下载_7743手游盒子官方下载-最笨下载"跳转正常,该类元素共18个，当前第8个
2020-08-04 18:46:27,306 - 2 - INFO - 页面"7743游戏中心_7743游戏中心下载_7743游戏中心官方下载-最笨下载"跳转正常,该类元素共18个，当前第9个
2020-08-04 18:46:33,471 - 2 - INFO - 页面"7743手游平台_7743手游平台下载_7743手游平台官方下载-最笨下载"跳转正常,该类元素共18个，当前第10个
2020-08-04 18:46:39,648 - 2 - INFO - 页面"gm手游平台_gm手游平台下载_gm手游平台官方下载-最笨下载"跳转正常,该类元素共18个，当前第11个
2020-08-04 18:46:45,829 - 2 - INFO - 页面"gm游戏中心_gm游戏中心下载_gm游戏中心官方下载-最笨下载"跳转正常,该类元素共18个，当前第12个
2020-08-04 18:46:51,996 - 2 - INFO - 页面"gm游戏盒_gm游戏盒下载_gm游戏盒官方下载-最笨下载"跳转正常,该类元素共18个，当前第13个
2020-08-04 18:46:58,150 - 2 - INFO - 页面"gm手游游戏平台_gm手游游戏平台下载_gm手游游戏平台官方下载-最笨下载"跳转正常,该类元素共18个，当前第14个
2020-08-04 18:47:04,336 - 2 - INFO - 页面"gm游戏平台_gm游戏平台下载_gm游戏平台官方下载-最笨下载"跳转正常,该类元素共18个，当前第15个
2020-08-04 18:47:10,540 - 2 - INFO - 页面"gm游戏盒子_gm游戏盒子下载_gm游戏盒子官方下载-最笨下载"跳转正常,该类元素共18个，当前第16个
2020-08-04 18:47:16,723 - 2 - INFO - 页面"3733手游盒子_3733手游盒子下载_3733手游盒子官方下载-最笨下载"跳转正常,该类元素共18个，当前第17个
2020-08-04 18:47:22,903 - 2 - INFO - 页面"3733游戏平台_3733游戏平台下载_3733游戏平台官方下载-最笨下载"跳转正常,该类元素共18个，当前第18个
2020-08-04 18:47:29,421 - 2 - INFO - 页面"【安卓益智游戏】好玩的安卓益智游戏大全_安卓益智类游戏_益智游戏下载-最笨下载"跳转正常,该类元素共17个，当前第1个
2020-08-04 18:47:29,701 - basepage - INFO - Click back on current page.
2020-08-04 18:47:36,984 - 2 - INFO - 页面"【安卓其他游戏】好玩的安卓其他游戏大全_安卓其他类游戏_其他游戏下载-最笨下载"跳转正常,该类元素共17个，当前第2个
2020-08-04 18:47:37,217 - basepage - INFO - Click back on current page.
2020-08-04 18:47:46,323 - 2 - INFO - 页面"【安卓音乐游戏】好玩的安卓音乐游戏大全_安卓音乐类游戏_音乐游戏下载-最笨下载"跳转正常,该类元素共17个，当前第3个
2020-08-04 18:47:46,848 - basepage - INFO - Click back on current page.
2020-08-04 18:47:54,221 - 2 - INFO - 页面"【安卓网络游戏】好玩的安卓网络游戏大全_安卓网络类游戏_网络游戏下载-最笨下载"跳转正常,该类元素共17个，当前第4个
2020-08-04 18:47:54,501 - basepage - INFO - Click back on current page.
2020-08-04 18:48:01,877 - 2 - INFO - 页面"【安卓格斗游戏】好玩的安卓格斗游戏大全_安卓格斗类游戏_格斗游戏下载-最笨下载"跳转正常,该类元素共17个，当前第5个
2020-08-04 18:48:02,119 - basepage - INFO - Click back on current page.
2020-08-04 18:48:09,759 - 2 - INFO - 页面"【安卓飞行游戏】好玩的安卓飞行游戏大全_安卓飞行类游戏_飞行游戏下载-最笨下载"跳转正常,该类元素共17个，当前第6个
2020-08-04 18:48:10,302 - basepage - INFO - Click back on current page.
2020-08-04 18:48:17,712 - 2 - INFO - 页面"【安卓体育运动游戏】好玩的安卓体育运动游戏大全_安卓体育运动类游戏_体育运动游戏下载-最笨下载"跳转正常,该类元素共17个，当前第7个
2020-08-04 18:48:17,983 - basepage - INFO - Click back on current page.
2020-08-04 18:48:27,909 - 2 - INFO - 页面"【安卓模拟经营游戏】好玩的安卓模拟经营游戏大全_安卓模拟经营类游戏_模拟经营游戏下载-最笨下载"跳转正常,该类元素共17个，当前第8个
2020-08-04 18:48:28,406 - basepage - INFO - Click back on current page.
2020-08-04 18:48:35,822 - 2 - INFO - 页面"【安卓策略游戏】好玩的安卓策略游戏大全_安卓策略类游戏_策略游戏下载-最笨下载"跳转正常,该类元素共17个，当前第9个
2020-08-04 18:48:36,061 - basepage - INFO - Click back on current page.
2020-08-04 18:48:43,367 - 2 - INFO - 页面"【安卓塔防游戏】好玩的安卓塔防游戏大全_安卓塔防类游戏_塔防游戏下载-最笨下载"跳转正常,该类元素共17个，当前第10个
2020-08-04 18:48:43,778 - basepage - INFO - Click back on current page.
2020-08-04 18:48:50,690 - 2 - INFO - 页面"【安卓解谜冒险游戏】好玩的安卓解谜冒险游戏大全_安卓解谜冒险类游戏_解谜冒险游戏下载-最笨下载"跳转正常,该类元素共17个，当前第11个
2020-08-04 18:48:50,981 - basepage - INFO - Click back on current page.
2020-08-04 18:48:58,210 - 2 - INFO - 页面"【安卓射击游戏】好玩的安卓射击游戏大全_安卓射击类游戏_射击游戏下载-最笨下载"跳转正常,该类元素共17个，当前第12个
2020-08-04 18:48:58,462 - basepage - INFO - Click back on current page.
2020-08-04 18:49:05,575 - 2 - INFO - 页面"【安卓棋牌游戏】好玩的安卓棋牌游戏大全_安卓棋牌类游戏_棋牌游戏下载-最笨下载"跳转正常,该类元素共17个，当前第13个
2020-08-04 18:49:06,102 - basepage - INFO - Click back on current page.
2020-08-04 18:49:13,417 - 2 - INFO - 页面"【安卓赛车游戏】好玩的安卓赛车游戏大全_安卓赛车类游戏_赛车游戏下载-最笨下载"跳转正常,该类元素共17个，当前第14个
2020-08-04 18:49:13,698 - basepage - INFO - Click back on current page.
2020-08-04 18:49:21,536 - 2 - INFO - 页面"【安卓角色扮演游戏】好玩的安卓角色扮演游戏大全_安卓角色扮演类游戏_角色扮演游戏下载-最笨下载"跳转正常,该类元素共17个，当前第15个
2020-08-04 18:49:21,813 - basepage - INFO - Click back on current page.
2020-08-04 18:49:28,921 - 2 - INFO - 页面"【安卓动作游戏】好玩的安卓动作游戏大全_安卓动作类游戏_动作游戏下载-最笨下载"跳转正常,该类元素共17个，当前第16个
2020-08-04 18:49:29,318 - basepage - INFO - Click back on current page.
2020-08-04 18:49:36,238 - 2 - INFO - 页面"【安卓休闲游戏】好玩的安卓休闲游戏大全_安卓休闲类游戏_休闲游戏下载-最笨下载"跳转正常,该类元素共17个，当前第17个
2020-08-04 18:49:36,478 - basepage - INFO - Click back on current page.
2020-08-04 18:49:44,840 - 2 - INFO - 页面"炼金国度（送1000元充值）ios版_炼金国度（送1000元充值）ios版下载_炼金国度（送1000元充值）ios版官方下载-最笨下载"跳转正常,该类元素共18个，当前第1个
2020-08-04 18:49:50,995 - 2 - INFO - 页面"国贼顾挽之_国贼顾挽之下载_国贼顾挽之官方下载-最笨下载"跳转正常,该类元素共18个，当前第2个
2020-08-04 18:49:57,135 - 2 - INFO - 页面"大秦黎明_大秦黎明下载_大秦黎明官方下载-最笨下载"跳转正常,该类元素共18个，当前第3个
2020-08-04 18:50:03,275 - 2 - INFO - 页面"怒焰三国杀手游_怒焰三国杀手游下载_怒焰三国杀手游官方下载-最笨下载"跳转正常,该类元素共18个，当前第4个
2020-08-04 18:50:09,396 - 2 - INFO - 页面"末日围城_末日围城下载_末日围城官方下载-最笨下载"跳转正常,该类元素共18个，当前第5个
2020-08-04 18:50:15,517 - 2 - INFO - 页面"天将雄师九游版_天将雄师九游版下载_天将雄师九游版官方下载-最笨下载"跳转正常,该类元素共18个，当前第6个
2020-08-04 18:50:21,641 - 2 - INFO - 页面"诸王黎明_诸王黎明下载_诸王黎明官方下载-最笨下载"跳转正常,该类元素共18个，当前第7个
2020-08-04 18:50:27,780 - 2 - INFO - 页面"一梦江湖九游版_一梦江湖九游版下载_一梦江湖九游版官方下载-最笨下载"跳转正常,该类元素共18个，当前第8个
2020-08-04 18:50:33,945 - 2 - INFO - 页面"NBA篮球大师_NBA篮球大师下载_NBA篮球大师官方下载-最笨下载"跳转正常,该类元素共18个，当前第9个
2020-08-04 18:50:40,106 - 2 - INFO - 页面"萌妖传手游_萌妖传手游下载_萌妖传手游官方下载-最笨下载"跳转正常,该类元素共18个，当前第10个
2020-08-04 18:50:46,260 - 2 - INFO - 页面"中超英雄手游_中超英雄手游下载_中超英雄手游官方下载-最笨下载"跳转正常,该类元素共18个，当前第11个
2020-08-04 18:50:52,356 - 2 - INFO - 页面"三国战天下手游_三国战天下手游下载_三国战天下手游官方下载-最笨下载"跳转正常,该类元素共18个，当前第12个
2020-08-04 18:50:58,494 - 2 - INFO - 页面"拳皇命运_拳皇命运下载_拳皇命运官方下载-最笨下载"跳转正常,该类元素共18个，当前第13个
2020-08-04 18:51:04,643 - 2 - INFO - 页面"电能大亨_电能大亨下载_电能大亨官方下载-最笨下载"跳转正常,该类元素共18个，当前第14个
2020-08-04 18:51:10,762 - 2 - INFO - 页面"驾校模拟器_驾校模拟器下载_驾校模拟器官方下载-最笨下载"跳转正常,该类元素共18个，当前第15个
2020-08-04 18:51:16,897 - 2 - INFO - 页面"暗黑探险2_暗黑探险2下载_暗黑探险2官方下载-最笨下载"跳转正常,该类元素共18个，当前第16个
2020-08-04 18:51:23,024 - 2 - INFO - 页面"风暴山之谜_风暴山之谜下载_风暴山之谜官方下载-最笨下载"跳转正常,该类元素共18个，当前第17个
2020-08-04 18:51:29,193 - 2 - INFO - 页面"炸弹投石机:卡牌战斗_炸弹投石机:卡牌战斗下载_炸弹投石机:卡牌战斗官方下载-最笨下载"跳转正常,该类元素共18个，当前第18个
2020-08-04 18:51:36,781 - 2 - INFO - 页面"变态手游公益服_bt手游变态服_无限元宝bt手游下载_BT手游中心-最笨下载"跳转正常,该类元素共13个，当前第1个
2020-08-04 18:51:37,058 - basepage - INFO - Click back on current page.
2020-08-04 18:51:45,558 - 2 - INFO - 页面"变态手游公益服_bt手游变态服_无限元宝bt手游下载_BT手游中心-最笨下载"跳转正常,该类元素共13个，当前第2个
2020-08-04 18:51:46,022 - basepage - INFO - Click back on current page.
2020-08-04 18:51:54,533 - 2 - INFO - 页面"变态手游公益服_bt手游变态服_无限元宝bt手游下载_BT手游中心-最笨下载"跳转正常,该类元素共13个，当前第3个
2020-08-04 18:51:54,938 - basepage - INFO - Click back on current page.
2020-08-04 18:52:03,578 - 2 - INFO - 页面"变态手游公益服_bt手游变态服_无限元宝bt手游下载_BT手游中心-最笨下载"跳转正常,该类元素共13个，当前第4个
2020-08-04 18:52:04,033 - basepage - INFO - Click back on current page.
2020-08-04 18:52:12,463 - 2 - INFO - 页面"变态手游公益服_bt手游变态服_无限元宝bt手游下载_BT手游中心-最笨下载"跳转正常,该类元素共13个，当前第5个
2020-08-04 18:52:12,880 - basepage - INFO - Click back on current page.
2020-08-04 18:52:21,111 - 2 - INFO - 页面"变态手游公益服_bt手游变态服_无限元宝bt手游下载_BT手游中心-最笨下载"跳转正常,该类元素共13个，当前第6个
2020-08-04 18:52:21,662 - basepage - INFO - Click back on current page.
2020-08-04 18:52:30,421 - 2 - INFO - 页面"变态手游公益服_bt手游变态服_无限元宝bt手游下载_BT手游中心-最笨下载"跳转正常,该类元素共13个，当前第7个
2020-08-04 18:52:30,673 - basepage - INFO - Click back on current page.
2020-08-04 18:52:39,043 - 2 - INFO - 页面"变态手游公益服_bt手游变态服_无限元宝bt手游下载_BT手游中心-最笨下载"跳转正常,该类元素共13个，当前第8个
2020-08-04 18:52:39,469 - basepage - INFO - Click back on current page.
2020-08-04 18:52:47,858 - 2 - INFO - 页面"变态手游公益服_bt手游变态服_无限元宝bt手游下载_BT手游中心-最笨下载"跳转正常,该类元素共13个，当前第9个
2020-08-04 18:52:48,250 - basepage - INFO - Click back on current page.
2020-08-04 18:52:56,586 - 2 - INFO - 页面"变态手游公益服_bt手游变态服_无限元宝bt手游下载_BT手游中心-最笨下载"跳转正常,该类元素共13个，当前第10个
2020-08-04 18:52:56,858 - basepage - INFO - Click back on current page.
2020-08-04 18:53:05,204 - 2 - INFO - 页面"变态手游公益服_bt手游变态服_无限元宝bt手游下载_BT手游中心-最笨下载"跳转正常,该类元素共13个，当前第11个
2020-08-04 18:53:05,717 - basepage - INFO - Click back on current page.
2020-08-04 18:53:12,790 - 2 - ERROR - 页面"404-最笨下载"跳转异常,该类元素共13个，当前第12个
2020-08-04 18:53:13,289 - basepage - INFO - Click back on current page.
2020-08-04 18:53:22,248 - 2 - INFO - 页面"变态手游公益服_bt手游变态服_无限元宝bt手游下载_BT手游中心-最笨下载"跳转正常,该类元素共13个，当前第13个
2020-08-04 18:53:22,536 - basepage - INFO - Click back on current page.
2020-08-04 18:53:30,940 - 2 - INFO - 页面"剑与纷争_剑与纷争无限元宝服_SF变态版剑与纷争公益服下载 - 最笨下载"跳转正常,该类元素共18个，当前第1个
2020-08-04 18:53:37,115 - 2 - INFO - 页面"天使之吻_天使之吻无限元宝服_SF变态版天使之吻公益服下载 - 最笨下载"跳转正常,该类元素共18个，当前第2个
2020-08-04 18:53:43,257 - 2 - INFO - 页面"新大主宰（送神将百抽）_新大主宰（送神将百抽）无限元宝服_SF变态版新大主宰（送神将百抽）公益服下载 - 最笨下载"跳转正常,该类元素共18个，当前第3个
2020-08-04 18:53:49,421 - 2 - INFO - 页面"邪域战灵（送欧皇充值）_邪域战灵（送欧皇充值）无限元宝服_SF变态版邪域战灵（送欧皇充值）公益服下载 - 最笨下载"跳转正常,该类元素共18个，当前第4个
2020-08-04 18:53:55,620 - 2 - INFO - 页面"文明曙光_文明曙光无限元宝服_SF变态版文明曙光公益服下载 - 最笨下载"跳转正常,该类元素共18个，当前第5个
2020-08-04 18:54:01,773 - 2 - INFO - 页面"神龙猎手（内测）_神龙猎手（内测）无限元宝服_SF变态版神龙猎手（内测）公益服下载 - 最笨下载"跳转正常,该类元素共18个，当前第6个
2020-08-04 18:54:07,919 - 2 - INFO - 页面"神将降魔（送海量充值）_神将降魔（送海量充值）无限元宝服_SF变态版神将降魔（送海量充值）公益服下载 - 最笨下载"跳转正常,该类元素共18个，当前第7个
2020-08-04 18:54:14,103 - 2 - INFO - 页面"妖神记（抽动漫周边）_妖神记（抽动漫周边）无限元宝服_SF变态版妖神记（抽动漫周边）公益服下载 - 最笨下载"跳转正常,该类元素共18个，当前第8个
2020-08-04 18:54:20,232 - 2 - INFO - 页面"命运守护：战歌（送充值卡）_命运守护：战歌（送充值卡）无限元宝服_SF变态版命运守护：战歌（送充值卡）公益服下载 - 最笨下载"跳转正常,该类元素共18个，当前第9个
2020-08-04 18:54:26,380 - 2 - INFO - 页面"西游女儿国（折扣特权）_西游女儿国（折扣特权）无限元宝服_SF变态版西游女儿国（折扣特权）公益服下载 - 最笨下载"跳转正常,该类元素共18个，当前第10个
2020-08-04 18:54:32,516 - 2 - INFO - 页面"剑舞乾坤（折扣特权）_剑舞乾坤（折扣特权）无限元宝服_SF变态版剑舞乾坤（折扣特权）公益服下载 - 最笨下载"跳转正常,该类元素共18个，当前第11个
2020-08-04 18:54:38,656 - 2 - INFO - 页面"正义荣耀（百抽特权）_正义荣耀（百抽特权）无限元宝服_SF变态版正义荣耀（百抽特权）公益服下载 - 最笨下载"跳转正常,该类元素共18个，当前第12个
2020-08-04 18:54:44,818 - 2 - INFO - 页面"江湖风云（内测）_江湖风云（内测）无限元宝服_SF变态版江湖风云（内测）公益服下载 - 最笨下载"跳转正常,该类元素共18个，当前第13个
2020-08-04 18:54:50,993 - 2 - INFO - 页面"修罗道Online（忍界对决）_修罗道Online（忍界对决）无限元宝服_SF变态版修罗道Online（忍界对决）公益服下载 - 最笨下载"跳转正常,该类元素共18个，当前第14个
2020-08-04 18:54:57,173 - 2 - INFO - 页面"暴走神话_暴走神话无限元宝服_SF变态版暴走神话公益服下载 - 最笨下载"跳转正常,该类元素共18个，当前第15个
2020-08-04 18:55:03,336 - 2 - INFO - 页面"霸气英雄（送梅利号）_霸气英雄（送梅利号）无限元宝服_SF变态版霸气英雄（送梅利号）公益服下载 - 最笨下载"跳转正常,该类元素共18个，当前第16个
2020-08-04 18:55:09,446 - 2 - INFO - 页面"斗圣传说（送两千白漂）_斗圣传说（送两千白漂）无限元宝服_SF变态版斗圣传说（送两千白漂）公益服下载 - 最笨下载"跳转正常,该类元素共18个，当前第17个
2020-08-04 18:55:15,588 - 2 - INFO - 页面"无界（送千元万抽）_无界（送千元万抽）无限元宝服_SF变态版无界（送千元万抽）公益服下载 - 最笨下载"跳转正常,该类元素共18个，当前第18个
2020-08-04 18:55:23,572 - 2 - INFO - 页面"满vip版手游_手游sf送顶级vip_满级vip无限元宝手游下载-最笨下载"跳转正常,该类元素共13个，当前第1个
2020-08-04 18:55:23,846 - basepage - INFO - Click back on current page.
2020-08-04 18:55:32,573 - 2 - INFO - 页面"满vip版手游_手游sf送顶级vip_满级vip无限元宝手游下载-最笨下载"跳转正常,该类元素共13个，当前第2个
2020-08-04 18:55:32,974 - basepage - INFO - Click back on current page.
2020-08-04 18:55:41,712 - 2 - INFO - 页面"满vip版手游_手游sf送顶级vip_满级vip无限元宝手游下载-最笨下载"跳转正常,该类元素共13个，当前第3个
2020-08-04 18:55:42,176 - basepage - INFO - Click back on current page.
2020-08-04 18:55:50,552 - 2 - INFO - 页面"满vip版手游_手游sf送顶级vip_满级vip无限元宝手游下载-最笨下载"跳转正常,该类元素共13个，当前第4个
2020-08-04 18:55:51,026 - basepage - INFO - Click back on current page.
2020-08-04 18:55:59,832 - 2 - INFO - 页面"满vip版手游_手游sf送顶级vip_满级vip无限元宝手游下载-最笨下载"跳转正常,该类元素共13个，当前第5个
2020-08-04 18:56:00,227 - basepage - INFO - Click back on current page.
2020-08-04 18:56:08,344 - 2 - INFO - 页面"满vip版手游_手游sf送顶级vip_满级vip无限元宝手游下载-最笨下载"跳转正常,该类元素共13个，当前第6个
2020-08-04 18:56:08,823 - basepage - INFO - Click back on current page.
2020-08-04 18:56:19,317 - 2 - INFO - 页面"满vip版手游_手游sf送顶级vip_满级vip无限元宝手游下载-最笨下载"跳转正常,该类元素共13个，当前第7个
2020-08-04 18:56:19,579 - basepage - INFO - Click back on current page.
2020-08-04 18:56:28,442 - 2 - INFO - 页面"满vip版手游_手游sf送顶级vip_满级vip无限元宝手游下载-最笨下载"跳转正常,该类元素共13个，当前第8个
2020-08-04 18:56:28,746 - basepage - INFO - Click back on current page.
2020-08-04 18:56:37,067 - 2 - INFO - 页面"满vip版手游_手游sf送顶级vip_满级vip无限元宝手游下载-最笨下载"跳转正常,该类元素共13个，当前第9个
2020-08-04 18:56:37,345 - basepage - INFO - Click back on current page.
2020-08-04 18:56:46,200 - 2 - INFO - 页面"满vip版手游_手游sf送顶级vip_满级vip无限元宝手游下载-最笨下载"跳转正常,该类元素共13个，当前第10个
2020-08-04 18:56:46,423 - basepage - INFO - Click back on current page.
2020-08-04 18:56:54,757 - 2 - INFO - 页面"满vip版手游_手游sf送顶级vip_满级vip无限元宝手游下载-最笨下载"跳转正常,该类元素共13个，当前第11个
2020-08-04 18:56:55,283 - basepage - INFO - Click back on current page.
2020-08-04 18:57:02,054 - 2 - ERROR - 页面"404-最笨下载"跳转异常,该类元素共13个，当前第12个
2020-08-04 18:57:02,644 - basepage - INFO - Click back on current page.
2020-08-04 18:57:11,409 - 2 - INFO - 页面"满vip版手游_手游sf送顶级vip_满级vip无限元宝手游下载-最笨下载"跳转正常,该类元素共13个，当前第13个
2020-08-04 18:57:11,883 - basepage - INFO - Click back on current page.
2020-08-04 18:57:20,236 - 2 - INFO - 页面"神魔传说（登录送神器）_神魔传说（登录送神器）无限元宝服_SF变态版神魔传说（登录送神器）公益服下载 - 最笨下载"跳转正常,该类元素共18个，当前第1个
2020-08-04 18:57:26,359 - 2 - INFO - 页面"魔剑侠缘（万元兑换）_魔剑侠缘（万元兑换）无限元宝服_SF变态版魔剑侠缘（万元兑换）公益服下载 - 最笨下载"跳转正常,该类元素共18个，当前第2个
2020-08-04 18:57:32,480 - 2 - INFO - 页面"疯神之战（送海量充值）_疯神之战（送海量充值）无限元宝服_SF变态版疯神之战（送海量充值）公益服下载 - 最笨下载"跳转正常,该类元素共18个，当前第3个
2020-08-04 18:57:38,626 - 2 - INFO - 页面"崩坏西游（送1688元充值）_崩坏西游（送1688元充值）无限元宝服_SF变态版崩坏西游（送1688元充值）公益服下载 - 最笨下载"跳转正常,该类元素共18个，当前第4个
2020-08-04 18:57:44,767 - 2 - INFO - 页面"破坏神（星耀特权）_破坏神（星耀特权）无限元宝服_SF变态版破坏神（星耀特权）公益服下载 - 最笨下载"跳转正常,该类元素共18个，当前第5个
2020-08-04 18:57:50,914 - 2 - INFO - 页面"影刃传说（天天送千充）_影刃传说（天天送千充）无限元宝服_SF变态版影刃传说（天天送千充）公益服下载 - 最笨下载"跳转正常,该类元素共18个，当前第6个
2020-08-04 18:57:57,052 - 2 - INFO - 页面"跑跑西游（送海量真充）_跑跑西游（送海量真充）无限元宝服_SF变态版跑跑西游（送海量真充）公益服下载 - 最笨下载"跳转正常,该类元素共18个，当前第7个
2020-08-04 18:58:03,193 - 2 - INFO - 页面"霸王传（送海量充值）_霸王传（送海量充值）无限元宝服_SF变态版霸王传（送海量充值）公益服下载 - 最笨下载"跳转正常,该类元素共18个，当前第8个
2020-08-04 18:58:09,312 - 2 - INFO - 页面"美人传（美人百抽）_美人传（美人百抽）无限元宝服_SF变态版美人传（美人百抽）公益服下载 - 最笨下载"跳转正常,该类元素共18个，当前第9个
2020-08-04 18:58:15,429 - 2 - INFO - 页面"侠客游（海量元宝）_侠客游（海量元宝）无限元宝服_SF变态版侠客游（海量元宝）公益服下载 - 最笨下载"跳转正常,该类元素共18个，当前第10个
2020-08-04 18:58:21,576 - 2 - INFO - 页面"混沌西游（星耀送充值）_混沌西游（星耀送充值）无限元宝服_SF变态版混沌西游（星耀送充值）公益服下载 - 最笨下载"跳转正常,该类元素共18个，当前第11个
2020-08-04 18:58:27,713 - 2 - INFO - 页面"裁决王座（定制商城）_裁决王座（定制商城）无限元宝服_SF变态版裁决王座（定制商城）公益服下载 - 最笨下载"跳转正常,该类元素共18个，当前第12个
2020-08-04 18:58:33,856 - 2 - INFO - 页面"真江湖HD（星耀特权）_真江湖HD（星耀特权）无限元宝服_SF变态版真江湖HD（星耀特权）公益服下载 - 最笨下载"跳转正常,该类元素共18个，当前第13个
2020-08-04 18:58:39,982 - 2 - INFO - 页面"刀塔守卫战_刀塔守卫战无限元宝服_SF变态版刀塔守卫战公益服下载 - 最笨下载"跳转正常,该类元素共18个，当前第14个
2020-08-04 18:58:46,119 - 2 - INFO - 页面"狂神无双（送千元充值）_狂神无双（送千元充值）无限元宝服_SF变态版狂神无双（送千元充值）公益服下载 - 最笨下载"跳转正常,该类元素共18个，当前第15个
2020-08-04 18:58:52,263 - 2 - INFO - 页面"屠龙世界（送GM特权）_屠龙世界（送GM特权）无限元宝服_SF变态版屠龙世界（送GM特权）公益服下载 - 最笨下载"跳转正常,该类元素共18个，当前第16个
2020-08-04 18:59:15,306 - 2 - INFO - 页面"www.zuiben.com"跳转正常,该类元素共18个，当前第17个
2020-08-04 18:59:21,432 - 2 - INFO - 页面"七战（无门槛送首充）_七战（无门槛送首充）无限元宝服_SF变态版七战（无门槛送首充）公益服下载 - 最笨下载"跳转正常,该类元素共18个，当前第18个
2020-08-04 18:59:28,799 - 2 - INFO - 页面"gm版手游_无限元宝/钻石公益服_0元免费gm权限手游下载-最笨下载"跳转正常,该类元素共13个，当前第1个
2020-08-04 18:59:29,014 - basepage - INFO - Click back on current page.
2020-08-04 18:59:37,245 - 2 - INFO - 页面"gm版手游_无限元宝/钻石公益服_0元免费gm权限手游下载-最笨下载"跳转正常,该类元素共13个，当前第2个
2020-08-04 18:59:37,677 - basepage - INFO - Click back on current page.
2020-08-04 18:59:45,609 - 2 - INFO - 页面"gm版手游_无限元宝/钻石公益服_0元免费gm权限手游下载-最笨下载"跳转正常,该类元素共13个，当前第3个
2020-08-04 18:59:45,997 - basepage - INFO - Click back on current page.
2020-08-04 18:59:54,007 - 2 - INFO - 页面"gm版手游_无限元宝/钻石公益服_0元免费gm权限手游下载-最笨下载"跳转正常,该类元素共13个，当前第4个
2020-08-04 18:59:54,244 - basepage - INFO - Click back on current page.
2020-08-04 19:00:02,264 - 2 - INFO - 页面"gm版手游_无限元宝/钻石公益服_0元免费gm权限手游下载-最笨下载"跳转正常,该类元素共13个，当前第5个
2020-08-04 19:00:02,950 - basepage - INFO - Click back on current page.
2020-08-04 19:00:10,902 - 2 - INFO - 页面"gm版手游_无限元宝/钻石公益服_0元免费gm权限手游下载-最笨下载"跳转正常,该类元素共13个，当前第6个
2020-08-04 19:00:11,323 - basepage - INFO - Click back on current page.
2020-08-04 19:00:19,227 - 2 - INFO - 页面"gm版手游_无限元宝/钻石公益服_0元免费gm权限手游下载-最笨下载"跳转正常,该类元素共13个，当前第7个
2020-08-04 19:00:19,521 - basepage - INFO - Click back on current page.
2020-08-04 19:00:27,519 - 2 - INFO - 页面"gm版手游_无限元宝/钻石公益服_0元免费gm权限手游下载-最笨下载"跳转正常,该类元素共13个，当前第8个
2020-08-04 19:00:27,944 - basepage - INFO - Click back on current page.
2020-08-04 19:00:35,903 - 2 - INFO - 页面"gm版手游_无限元宝/钻石公益服_0元免费gm权限手游下载-最笨下载"跳转正常,该类元素共13个，当前第9个
2020-08-04 19:00:36,404 - basepage - INFO - Click back on current page.
2020-08-04 19:00:44,283 - 2 - INFO - 页面"gm版手游_无限元宝/钻石公益服_0元免费gm权限手游下载-最笨下载"跳转正常,该类元素共13个，当前第10个
2020-08-04 19:00:44,569 - basepage - INFO - Click back on current page.
2020-08-04 19:00:52,395 - 2 - INFO - 页面"gm版手游_无限元宝/钻石公益服_0元免费gm权限手游下载-最笨下载"跳转正常,该类元素共13个，当前第11个
2020-08-04 19:00:52,923 - basepage - INFO - Click back on current page.
2020-08-04 19:00:59,702 - 2 - ERROR - 页面"404-最笨下载"跳转异常,该类元素共13个，当前第12个
2020-08-04 19:01:00,284 - basepage - INFO - Click back on current page.
2020-08-04 19:01:08,159 - 2 - INFO - 页面"gm版手游_无限元宝/钻石公益服_0元免费gm权限手游下载-最笨下载"跳转正常,该类元素共13个，当前第13个
2020-08-04 19:01:08,403 - basepage - INFO - Click back on current page.
2020-08-04 19:01:16,778 - 2 - INFO - 页面"高达（GM版）_高达（GM版）免费gm权限安卓下载 - 最笨下载"跳转正常,该类元素共18个，当前第1个
2020-08-04 19:01:22,986 - 2 - INFO - 页面"暗黑王者（GM版）_暗黑王者（GM版）免费gm权限安卓下载 - 最笨下载"跳转正常,该类元素共18个，当前第2个
2020-08-04 19:01:29,131 - 2 - INFO - 页面"问鼎封神（GM版）_问鼎封神（GM版）免费gm权限安卓下载 - 最笨下载"跳转正常,该类元素共18个，当前第3个
2020-08-04 19:01:35,293 - 2 - INFO - 页面"仙剑轮回（GM版）_仙剑轮回（GM版）免费gm权限安卓下载 - 最笨下载"跳转正常,该类元素共18个，当前第4个
2020-08-04 19:01:41,442 - 2 - INFO - 页面"神道仙尊（GM版）_神道仙尊（GM版）免费gm权限安卓下载 - 最笨下载"跳转正常,该类元素共18个，当前第5个
2020-08-04 19:01:47,575 - 2 - INFO - 页面"大将无双（GM版）_大将无双（GM版）免费gm权限安卓下载 - 最笨下载"跳转正常,该类元素共18个，当前第6个
2020-08-04 19:01:53,714 - 2 - INFO - 页面"青云剑诀（GM版）_青云剑诀（GM版）免费gm权限安卓下载 - 最笨下载"跳转正常,该类元素共18个，当前第7个
2020-08-04 19:01:59,851 - 2 - INFO - 页面"寂灭剑诀（GM版）_寂灭剑诀（GM版）免费gm权限安卓下载 - 最笨下载"跳转正常,该类元素共18个，当前第8个
2020-08-04 19:02:05,979 - 2 - INFO - 页面"封神记（GM版）_封神记（GM版）免费gm权限安卓下载 - 最笨下载"跳转正常,该类元素共18个，当前第9个
2020-08-04 19:02:12,127 - 2 - INFO - 页面"豪门小老婆（GM版）_豪门小老婆（GM版）免费gm权限安卓下载 - 最笨下载"跳转正常,该类元素共18个，当前第10个
2020-08-04 19:02:18,269 - 2 - INFO - 页面"三生三誓青丘传（GM版）_三生三誓青丘传（GM版）免费gm权限安卓下载 - 最笨下载"跳转正常,该类元素共18个，当前第11个
2020-08-04 19:02:24,392 - 2 - INFO - 页面"毒尊三国（GM版）_毒尊三国（GM版）免费gm权限安卓下载 - 最笨下载"跳转正常,该类元素共18个，当前第12个
2020-08-04 19:02:30,528 - 2 - INFO - 页面"乱世神话（GM版）_乱世神话（GM版）免费gm权限安卓下载 - 最笨下载"跳转正常,该类元素共18个，当前第13个
2020-08-04 19:02:36,660 - 2 - INFO - 页面"天子问剑（GM版）_天子问剑（GM版）免费gm权限安卓下载 - 最笨下载"跳转正常,该类元素共18个，当前第14个
2020-08-04 19:02:42,801 - 2 - INFO - 页面"风云三国（GM版）_风云三国（GM版）免费gm权限安卓下载 - 最笨下载"跳转正常,该类元素共18个，当前第15个
2020-08-04 19:02:48,949 - 2 - INFO - 页面"古惑三国志（GM版）_古惑三国志（GM版）免费gm权限安卓下载 - 最笨下载"跳转正常,该类元素共18个，当前第16个
2020-08-04 19:02:55,107 - 2 - INFO - 页面"少年悟空传（GM版）_少年悟空传（GM版）免费gm权限安卓下载 - 最笨下载"跳转正常,该类元素共18个，当前第17个
2020-08-04 19:03:01,263 - 2 - INFO - 页面"诛神之战（GM版）_诛神之战（GM版）免费gm权限安卓下载 - 最笨下载"跳转正常,该类元素共18个，当前第18个
2020-08-04 19:03:08,647 - 2 - INFO - 页面"免费权限GM游戏"跳转正常,该类元素共4个，当前第1个
2020-08-04 19:03:08,991 - basepage - INFO - Click back on current page.
2020-08-04 19:03:13,821 - 2 - INFO - 页面"聊天回复神器合集"跳转正常,该类元素共4个，当前第2个
2020-08-04 19:03:14,113 - basepage - INFO - Click back on current page.
2020-08-04 19:03:20,530 - 2 - INFO - 页面"超变私服传奇一刀999999级"跳转正常,该类元素共4个，当前第3个
2020-08-04 19:03:20,837 - basepage - INFO - Click back on current page.
2020-08-04 19:03:27,026 - 2 - INFO - 页面"美女爆衣游戏手游"跳转正常,该类元素共4个，当前第4个
2020-08-04 19:03:27,556 - basepage - INFO - Click back on current page.
2020-08-04 19:03:35,288 - 2 - INFO - 页面"【苹果播放器】iPhone手机播放器,iPhone播放器免费下载大全-最笨下载"跳转正常,该类元素共20个，当前第1个
2020-08-04 19:03:35,869 - basepage - INFO - Click back on current page.
2020-08-04 19:03:43,717 - 2 - INFO - 页面"【苹果学习软件】iPhone手机学习软件_iPhone学习软件免费下载大全-最笨下载"跳转正常,该类元素共20个，当前第2个
2020-08-04 19:03:43,984 - basepage - INFO - Click back on current page.
2020-08-04 19:03:51,380 - 2 - INFO - 页面"【苹果辅助软件】iPhone手机辅助软件_iPhone辅助软件免费下载大全-最笨下载"跳转正常,该类元素共20个，当前第3个
2020-08-04 19:03:51,864 - basepage - INFO - Click back on current page.
2020-08-04 19:03:59,147 - 2 - INFO - 页面"【苹果输入法】iPhone手机输入法_iPhone输入法免费下载大全-最笨下载"跳转正常,该类元素共20个，当前第4个
2020-08-04 19:03:59,425 - basepage - INFO - Click back on current page.
2020-08-04 19:04:06,985 - 2 - INFO - 页面"【苹果通信软件】iPhone手机通信软件_iPhone通信软件免费下载大全-最笨下载"跳转正常,该类元素共20个，当前第5个
2020-08-04 19:04:07,253 - basepage - INFO - Click back on current page.
2020-08-04 19:04:14,331 - 2 - INFO - 页面"【苹果固件】iPhone手机固件软件_iPhone固件软件免费下载大全-最笨下载"跳转正常,该类元素共20个，当前第6个
2020-08-04 19:04:14,872 - basepage - INFO - Click back on current page.
2020-08-04 19:04:22,421 - 2 - INFO - 页面"【苹果文件管理软件】iPhone手机文件管理软件_iPhone文件管理软件免费下载大全-最笨下载"跳转正常,该类元素共20个，当前第7个
2020-08-04 19:04:22,799 - basepage - INFO - Click back on current page.
2020-08-04 19:04:30,577 - 2 - INFO - 页面"【苹果同步软件】iPhone手机同步软件_iPhone同步软件免费下载大全-最笨下载"跳转正常,该类元素共20个，当前第8个
2020-08-04 19:04:30,848 - basepage - INFO - Click back on current page.
2020-08-04 19:04:39,623 - 2 - INFO - 页面"【苹果办公软件】iPhone手机办公软件_iPhone办公软件免费下载大全-最笨下载"跳转正常,该类元素共20个，当前第9个
2020-08-04 19:04:40,290 - basepage - INFO - Click back on current page.
2020-08-04 19:04:47,750 - 2 - INFO - 页面"【苹果新闻软件】iPhone手机新闻软件_iPhone新闻软件免费下载大全-最笨下载"跳转正常,该类元素共20个，当前第10个
2020-08-04 19:04:48,346 - basepage - INFO - Click back on current page.
2020-08-04 19:04:55,830 - 2 - INFO - 页面"【苹果理财软件】iPhone手机理财软件_iPhone理财软件免费下载大全-最笨下载"跳转正常,该类元素共20个，当前第11个
2020-08-04 19:04:56,097 - basepage - INFO - Click back on current page.
2020-08-04 19:05:03,641 - 2 - INFO - 页面"【苹果备份软件】iPhone手机备份软件_iPhone备份软件免费下载大全-最笨下载"跳转正常,该类元素共20个，当前第12个
2020-08-04 19:05:04,129 - basepage - INFO - Click back on current page.
2020-08-04 19:05:11,662 - 2 - INFO - 页面"【苹果健身软件】iPhone手机健身软件_iPhone健身软件免费下载大全-最笨下载"跳转正常,该类元素共20个，当前第13个
2020-08-04 19:05:12,019 - basepage - INFO - Click back on current page.
2020-08-04 19:05:19,476 - 2 - INFO - 页面"【苹果健康管理软件】iPhone手机健康管理软件_iPhone健康管理软件免费下载大全-最笨下载"跳转正常,该类元素共20个，当前第14个
2020-08-04 19:05:19,764 - basepage - INFO - Click back on current page.
2020-08-04 19:05:27,165 - 2 - INFO - 页面"【苹果系统软件】iPhone手机系统软件_iPhone系统软件免费下载大全-最笨下载"跳转正常,该类元素共20个，当前第15个
2020-08-04 19:05:27,670 - basepage - INFO - Click back on current page.
2020-08-04 19:05:34,974 - 2 - INFO - 页面"【苹果社交软件】iphone手机社交软件_iphone社交软件免费下载大全-最笨下载"跳转正常,该类元素共20个，当前第16个
2020-08-04 19:05:35,213 - basepage - INFO - Click back on current page.
2020-08-04 19:05:41,679 - 2 - INFO - 页面"【苹果娱乐软件】iPhone手机娱乐软件_iPhone娱乐软件免费下载大全-最笨下载"跳转正常,该类元素共20个，当前第17个
2020-08-04 19:05:41,948 - basepage - INFO - Click back on current page.
2020-08-04 19:05:49,288 - 2 - INFO - 页面"【苹果导航】iPhone手机导航软件,iPhone导航软件免费下载大全-最笨下载"跳转正常,该类元素共20个，当前第18个
2020-08-04 19:05:49,881 - basepage - INFO - Click back on current page.
2020-08-04 19:05:57,124 - 2 - INFO - 页面"【苹果网络软件】iPhone手机网络软件,iPhone网络软件免费下载大全-最笨下载"跳转正常,该类元素共20个，当前第19个
2020-08-04 19:05:57,378 - basepage - INFO - Click back on current page.
2020-08-04 19:06:04,568 - 2 - INFO - 页面"【苹果助手软件】iPhone生活助手软件_iPhone生活助手软件免费下载大全-最笨下载"跳转正常,该类元素共20个，当前第20个
2020-08-04 19:06:04,852 - basepage - INFO - Click back on current page.
2020-08-04 19:06:13,205 - 2 - INFO - 页面"安致手游盒子ios版_安致手游盒子ios版下载_安致手游盒子ios版官方下载-最笨下载"跳转正常,该类元素共18个，当前第1个
2020-08-04 19:06:19,353 - 2 - INFO - 页面"爪游控游戏盒子ios版_爪游控游戏盒子ios版下载_爪游控游戏盒子ios版官方下载-最笨下载"跳转正常,该类元素共18个，当前第2个
2020-08-04 19:06:25,498 - 2 - INFO - 页面"手机玩盒子ios版_手机玩盒子ios版下载_手机玩盒子ios版官方下载-最笨下载"跳转正常,该类元素共18个，当前第3个
2020-08-04 19:06:31,633 - 2 - INFO - 页面"蜜小助ios版_蜜小助ios版下载_蜜小助ios版官方下载-最笨下载"跳转正常,该类元素共18个，当前第4个
2020-08-04 19:06:37,775 - 2 - INFO - 页面"BT游戏大全ios_BT游戏大全ios下载_BT游戏大全ios官方下载-最笨下载"跳转正常,该类元素共18个，当前第5个
2020-08-04 19:06:43,894 - 2 - INFO - 页面"小8游戏盒子ios_小8游戏盒子ios下载_小8游戏盒子ios官方下载-最笨下载"跳转正常,该类元素共18个，当前第6个
2020-08-04 19:06:50,033 - 2 - INFO - 页面"安卓市场ios版_安卓市场ios版下载_安卓市场ios版官方下载-最笨下载"跳转正常,该类元素共18个，当前第7个
2020-08-04 19:06:56,173 - 2 - INFO - 页面"剪映_剪映下载_剪映官方下载-最笨下载"跳转正常,该类元素共18个，当前第8个
2020-08-04 19:07:02,319 - 2 - INFO - 页面"吾爱看书ios版_吾爱看书ios版下载_吾爱看书ios版官方下载-最笨下载"跳转正常,该类元素共18个，当前第9个
2020-08-04 19:07:08,444 - 2 - INFO - 页面"7743游戏平台_7743游戏平台下载_7743游戏平台官方下载-最笨下载"跳转正常,该类元素共18个，当前第10个
2020-08-04 19:07:14,572 - 2 - INFO - 页面"搜书帝ios_搜书帝ios下载_搜书帝ios官方下载-最笨下载"跳转正常,该类元素共18个，当前第11个
2020-08-04 19:07:20,711 - 2 - INFO - 页面"大塘小鱼_大塘小鱼下载_大塘小鱼官方下载-最笨下载"跳转正常,该类元素共18个，当前第12个
2020-08-04 19:07:26,839 - 2 - INFO - 页面"花溪小说_花溪小说下载_花溪小说官方下载-最笨下载"跳转正常,该类元素共18个，当前第13个
2020-08-04 19:07:32,992 - 2 - INFO - 页面"手译_手译下载_手译官方下载-最笨下载"跳转正常,该类元素共18个，当前第14个
2020-08-04 19:07:39,123 - 2 - INFO - 页面"sjcam_sjcam下载_sjcam官方下载-最笨下载"跳转正常,该类元素共18个，当前第15个
2020-08-04 19:07:45,246 - 2 - INFO - 页面"WearHeart_WearHeart下载_WearHeart官方下载-最笨下载"跳转正常,该类元素共18个，当前第16个
2020-08-04 19:07:51,375 - 2 - INFO - 页面"仓鼠阅读_仓鼠阅读下载_仓鼠阅读官方下载-最笨下载"跳转正常,该类元素共18个，当前第17个
2020-08-04 19:07:57,502 - 2 - INFO - 页面"漫番漫画_漫番漫画下载_漫番漫画官方下载-最笨下载"跳转正常,该类元素共18个，当前第18个
2020-08-04 19:08:04,688 - 2 - INFO - 页面"变态手游公益服_bt手游变态服_无限元宝bt手游下载_BT手游中心-最笨下载"跳转正常,该类元素共13个，当前第1个
2020-08-04 19:08:04,955 - basepage - INFO - Click back on current page.
2020-08-04 19:08:13,317 - 2 - INFO - 页面"变态手游公益服_bt手游变态服_无限元宝bt手游下载_BT手游中心-最笨下载"跳转正常,该类元素共13个，当前第2个
2020-08-04 19:08:13,809 - basepage - INFO - Click back on current page.
2020-08-04 19:08:22,501 - 2 - INFO - 页面"变态手游公益服_bt手游变态服_无限元宝bt手游下载_BT手游中心-最笨下载"跳转正常,该类元素共13个，当前第3个
2020-08-04 19:08:22,937 - basepage - INFO - Click back on current page.
2020-08-04 19:08:31,270 - 2 - INFO - 页面"变态手游公益服_bt手游变态服_无限元宝bt手游下载_BT手游中心-最笨下载"跳转正常,该类元素共13个，当前第4个
2020-08-04 19:08:31,742 - basepage - INFO - Click back on current page.
2020-08-04 19:08:39,748 - 2 - INFO - 页面"变态手游公益服_bt手游变态服_无限元宝bt手游下载_BT手游中心-最笨下载"跳转正常,该类元素共13个，当前第5个
2020-08-04 19:08:40,312 - basepage - INFO - Click back on current page.
2020-08-04 19:08:48,921 - 2 - INFO - 页面"变态手游公益服_bt手游变态服_无限元宝bt手游下载_BT手游中心-最笨下载"跳转正常,该类元素共13个，当前第6个
2020-08-04 19:08:49,231 - basepage - INFO - Click back on current page.
2020-08-04 19:09:13,362 - 2 - INFO - 页面"变态手游公益服_bt手游变态服_无限元宝bt手游下载_BT手游中心-最笨下载"跳转正常,该类元素共13个，当前第7个
2020-08-04 19:09:13,602 - basepage - INFO - Click back on current page.
2020-08-04 19:09:21,914 - 2 - INFO - 页面"变态手游公益服_bt手游变态服_无限元宝bt手游下载_BT手游中心-最笨下载"跳转正常,该类元素共13个，当前第8个
2020-08-04 19:09:22,468 - basepage - INFO - Click back on current page.
2020-08-04 19:09:30,640 - 2 - INFO - 页面"变态手游公益服_bt手游变态服_无限元宝bt手游下载_BT手游中心-最笨下载"跳转正常,该类元素共13个，当前第9个
2020-08-04 19:09:31,111 - basepage - INFO - Click back on current page.
2020-08-04 19:09:39,275 - 2 - INFO - 页面"变态手游公益服_bt手游变态服_无限元宝bt手游下载_BT手游中心-最笨下载"跳转正常,该类元素共13个，当前第10个
2020-08-04 19:09:39,712 - basepage - INFO - Click back on current page.
2020-08-04 19:09:47,825 - 2 - INFO - 页面"变态手游公益服_bt手游变态服_无限元宝bt手游下载_BT手游中心-最笨下载"跳转正常,该类元素共13个，当前第11个
2020-08-04 19:09:48,078 - basepage - INFO - Click back on current page.
2020-08-04 19:09:54,913 - 2 - ERROR - 页面"404-最笨下载"跳转异常,该类元素共13个，当前第12个
2020-08-04 19:09:55,748 - basepage - INFO - Click back on current page.
2020-08-04 19:10:04,508 - 2 - INFO - 页面"变态手游公益服_bt手游变态服_无限元宝bt手游下载_BT手游中心-最笨下载"跳转正常,该类元素共13个，当前第13个
2020-08-04 19:10:05,100 - basepage - INFO - Click back on current page.
2020-08-04 19:10:13,469 - 2 - INFO - 页面"无双魏蜀吴（折扣特权）_无双魏蜀吴（折扣特权）无限元宝服_SF变态版无双魏蜀吴（折扣特权）公益服下载 - 最笨下载"跳转正常,该类元素共18个，当前第1个
2020-08-04 19:10:19,613 - 2 - INFO - 页面"兵器少女（无门槛送充）_兵器少女（无门槛送充）无限元宝服_SF变态版兵器少女（无门槛送充）公益服下载 - 最笨下载"跳转正常,该类元素共18个，当前第2个
2020-08-04 19:10:25,767 - 2 - INFO - 页面"乱斗三国_乱斗三国无限元宝服_SF变态版乱斗三国公益服下载 - 最笨下载"跳转正常,该类元素共18个，当前第3个
2020-08-04 19:10:31,916 - 2 - INFO - 页面"塔防镇魂师（送328代金券）_塔防镇魂师（送328代金券）无限元宝服_SF变态版塔防镇魂师（送328代金券）公益服下载 - 最笨下载"跳转正常,该类元素共18个，当前第4个
2020-08-04 19:10:38,044 - 2 - INFO - 页面"恋三国（送百抽）_恋三国（送百抽）无限元宝服_SF变态版恋三国（送百抽）公益服下载 - 最笨下载"跳转正常,该类元素共18个，当前第5个
2020-08-04 19:10:44,188 - 2 - INFO - 页面"风云天下·重燃（海量抽充值）_风云天下·重燃（海量抽充值）无限元宝服_SF变态版风云天下·重燃（海量抽充值）公益服下载 - 最笨下载"跳转正常,该类元素共18个，当前第6个
2020-08-04 19:10:50,316 - 2 - INFO - 页面"一剑成仙（海量打金）_一剑成仙（海量打金）无限元宝服_SF变态版一剑成仙（海量打金）公益服下载 - 最笨下载"跳转正常,该类元素共18个，当前第7个
2020-08-04 19:10:56,441 - 2 - INFO - 页面"天域幻想（送海量充值）_天域幻想（送海量充值）无限元宝服_SF变态版天域幻想（送海量充值）公益服下载 - 最笨下载"跳转正常,该类元素共18个，当前第8个
2020-08-04 19:11:02,575 - 2 - INFO - 页面"修仙无双（折扣特权）_修仙无双（折扣特权）无限元宝服_SF变态版修仙无双（折扣特权）公益服下载 - 最笨下载"跳转正常,该类元素共18个，当前第9个
2020-08-04 19:11:08,701 - 2 - INFO - 页面"天诀_天诀无限元宝服_SF变态版天诀公益服下载 - 最笨下载"跳转正常,该类元素共18个，当前第10个
2020-08-04 19:11:14,838 - 2 - INFO - 页面"乱世江湖（卖血送真充）_乱世江湖（卖血送真充）无限元宝服_SF变态版乱世江湖（卖血送真充）公益服下载 - 最笨下载"跳转正常,该类元素共18个，当前第11个
2020-08-04 19:11:21,026 - 2 - INFO - 页面"联盟契约（送神将百抽）_联盟契约（送神将百抽）无限元宝服_SF变态版联盟契约（送神将百抽）公益服下载 - 最笨下载"跳转正常,该类元素共18个，当前第12个
2020-08-04 19:11:27,192 - 2 - INFO - 页面"九灵神域_九灵神域无限元宝服_SF变态版九灵神域公益服下载 - 最笨下载"跳转正常,该类元素共18个，当前第13个
2020-08-04 19:11:33,348 - 2 - INFO - 页面"教主之家（至尊特权）_教主之家（至尊特权）无限元宝服_SF变态版教主之家（至尊特权）公益服下载 - 最笨下载"跳转正常,该类元素共18个，当前第14个
2020-08-04 19:11:39,492 - 2 - INFO - 页面"魔星狂点（送海量连抽）_魔星狂点（送海量连抽）无限元宝服_SF变态版魔星狂点（送海量连抽）公益服下载 - 最笨下载"跳转正常,该类元素共18个，当前第15个
2020-08-04 19:11:45,610 - 2 - INFO - 页面"主公别闹_主公别闹无限元宝服_SF变态版主公别闹公益服下载 - 最笨下载"跳转正常,该类元素共18个，当前第16个
2020-08-04 19:11:51,753 - 2 - INFO - 页面"全民祖玛（爆装加强版）_全民祖玛（爆装加强版）无限元宝服_SF变态版全民祖玛（爆装加强版）公益服下载 - 最笨下载"跳转正常,该类元素共18个，当前第17个
2020-08-04 19:11:57,865 - 2 - INFO - 页面"天天怼三国（送千元充值）_天天怼三国（送千元充值）无限元宝服_SF变态版天天怼三国（送千元充值）公益服下载 - 最笨下载"跳转正常,该类元素共18个，当前第18个
2020-08-04 19:12:05,044 - 2 - INFO - 页面"满vip版手游_手游sf送顶级vip_满级vip无限元宝手游下载-最笨下载"跳转正常,该类元素共13个，当前第1个
2020-08-04 19:12:05,316 - basepage - INFO - Click back on current page.
2020-08-04 19:12:13,454 - 2 - INFO - 页面"满vip版手游_手游sf送顶级vip_满级vip无限元宝手游下载-最笨下载"跳转正常,该类元素共13个，当前第2个
2020-08-04 19:12:13,752 - basepage - INFO - Click back on current page.
2020-08-04 19:12:22,055 - 2 - INFO - 页面"满vip版手游_手游sf送顶级vip_满级vip无限元宝手游下载-最笨下载"跳转正常,该类元素共13个，当前第3个
2020-08-04 19:12:22,505 - basepage - INFO - Click back on current page.
2020-08-04 19:12:30,569 - 2 - INFO - 页面"满vip版手游_手游sf送顶级vip_满级vip无限元宝手游下载-最笨下载"跳转正常,该类元素共13个，当前第4个
2020-08-04 19:12:31,080 - basepage - INFO - Click back on current page.
2020-08-04 19:12:39,106 - 2 - INFO - 页面"满vip版手游_手游sf送顶级vip_满级vip无限元宝手游下载-最笨下载"跳转正常,该类元素共13个，当前第5个
2020-08-04 19:12:39,382 - basepage - INFO - Click back on current page.
2020-08-04 19:12:47,716 - 2 - INFO - 页面"满vip版手游_手游sf送顶级vip_满级vip无限元宝手游下载-最笨下载"跳转正常,该类元素共13个，当前第6个
2020-08-04 19:12:48,162 - basepage - INFO - Click back on current page.
2020-08-04 19:12:56,171 - 2 - INFO - 页面"满vip版手游_手游sf送顶级vip_满级vip无限元宝手游下载-最笨下载"跳转正常,该类元素共13个，当前第7个
2020-08-04 19:12:56,729 - basepage - INFO - Click back on current page.
2020-08-04 19:13:04,973 - 2 - INFO - 页面"满vip版手游_手游sf送顶级vip_满级vip无限元宝手游下载-最笨下载"跳转正常,该类元素共13个，当前第8个
2020-08-04 19:13:05,248 - basepage - INFO - Click back on current page.
2020-08-04 19:13:13,307 - 2 - INFO - 页面"满vip版手游_手游sf送顶级vip_满级vip无限元宝手游下载-最笨下载"跳转正常,该类元素共13个，当前第9个
2020-08-04 19:13:13,574 - basepage - INFO - Click back on current page.
2020-08-04 19:13:21,596 - 2 - INFO - 页面"满vip版手游_手游sf送顶级vip_满级vip无限元宝手游下载-最笨下载"跳转正常,该类元素共13个，当前第10个
2020-08-04 19:13:22,004 - basepage - INFO - Click back on current page.
2020-08-04 19:13:30,101 - 2 - INFO - 页面"满vip版手游_手游sf送顶级vip_满级vip无限元宝手游下载-最笨下载"跳转正常,该类元素共13个，当前第11个
2020-08-04 19:13:30,379 - basepage - INFO - Click back on current page.
2020-08-04 19:13:37,163 - 2 - ERROR - 页面"404-最笨下载"跳转异常,该类元素共13个，当前第12个
2020-08-04 19:13:37,951 - basepage - INFO - Click back on current page.
2020-08-04 19:13:46,616 - 2 - INFO - 页面"满vip版手游_手游sf送顶级vip_满级vip无限元宝手游下载-最笨下载"跳转正常,该类元素共13个，当前第13个
2020-08-04 19:13:47,090 - basepage - INFO - Click back on current page.
2020-08-04 19:13:55,457 - 2 - INFO - 页面"屠龙世界（送GM特权）_屠龙世界（送GM特权）无限元宝服_SF变态版屠龙世界（送GM特权）公益服下载 - 最笨下载"跳转正常,该类元素共18个，当前第1个
2020-08-04 19:14:01,620 - 2 - INFO - 页面"将军道（送百连海量抽）_将军道（送百连海量抽）无限元宝服_SF变态版将军道（送百连海量抽）公益服下载 - 最笨下载"跳转正常,该类元素共18个，当前第2个
2020-08-04 19:14:07,749 - 2 - INFO - 页面"七战（无门槛送首充）_七战（无门槛送首充）无限元宝服_SF变态版七战（无门槛送首充）公益服下载 - 最笨下载"跳转正常,该类元素共18个，当前第3个
2020-08-04 19:14:13,927 - 2 - INFO - 页面"炼金国度（送1000元充值）_炼金国度（送1000元充值）无限元宝服_SF变态版炼金国度（送1000元充值）公益服下载 - 最笨下载"跳转正常,该类元素共18个，当前第4个
2020-08-04 19:14:20,033 - 2 - INFO - 页面"冒险王2（送海量充值）_冒险王2（送海量充值）无限元宝服_SF变态版冒险王2（送海量充值）公益服下载 - 最笨下载"跳转正常,该类元素共18个，当前第5个
2020-08-04 19:14:26,156 - 2 - INFO - 页面"帝国光辉（每日送1000R）_帝国光辉（每日送1000R）无限元宝服_SF变态版帝国光辉（每日送1000R）公益服下载 - 最笨下载"跳转正常,该类元素共18个，当前第6个
2020-08-04 19:14:32,295 - 2 - INFO - 页面"围攻大菠萝（送328充值）_围攻大菠萝（送328充值）无限元宝服_SF变态版围攻大菠萝（送328充值）公益服下载 - 最笨下载"跳转正常,该类元素共18个，当前第7个
2020-08-04 19:14:38,464 - 2 - INFO - 页面"女神联盟2（送500充值）_女神联盟2（送500充值）无限元宝服_SF变态版女神联盟2（送500充值）公益服下载 - 最笨下载"跳转正常,该类元素共18个，当前第8个
2020-08-04 19:14:44,594 - 2 - INFO - 页面"九天仙梦（商城特权）_九天仙梦（商城特权）无限元宝服_SF变态版九天仙梦（商城特权）公益服下载 - 最笨下载"跳转正常,该类元素共18个，当前第9个
2020-08-04 19:14:50,717 - 2 - INFO - 页面"仙剑缘（星耀特权）_仙剑缘（星耀特权）无限元宝服_SF变态版仙剑缘（星耀特权）公益服下载 - 最笨下载"跳转正常,该类元素共18个，当前第10个
2020-08-04 19:14:56,860 - 2 - INFO - 页面"我叫MT：奇幻之旅（送一万连抽）_我叫MT：奇幻之旅（送一万连抽）无限元宝服_SF变态版我叫MT：奇幻之旅（送一万连抽）公益服下载 - 最笨下载"跳转正常,该类元素共18个，当前第11个
2020-08-04 19:15:03,003 - 2 - INFO - 页面"天天驯兽师（每日送百抽）_天天驯兽师（每日送百抽）无限元宝服_SF变态版天天驯兽师（每日送百抽）公益服下载 - 最笨下载"跳转正常,该类元素共18个，当前第12个
2020-08-04 19:15:09,143 - 2 - INFO - 页面"神契幻奇谭（海量特权）_神契幻奇谭（海量特权）无限元宝服_SF变态版神契幻奇谭（海量特权）公益服下载 - 最笨下载"跳转正常,该类元素共18个，当前第13个
2020-08-04 19:15:15,265 - 2 - INFO - 页面"冒险者集结（送650充值）_冒险者集结（送650充值）无限元宝服_SF变态版冒险者集结（送650充值）公益服下载 - 最笨下载"跳转正常,该类元素共18个，当前第14个
2020-08-04 19:15:21,408 - 2 - INFO - 页面"御剑封神录（送海量充值）_御剑封神录（送海量充值）无限元宝服_SF变态版御剑封神录（送海量充值）公益服下载 - 最笨下载"跳转正常,该类元素共18个，当前第15个
2020-08-04 19:15:27,532 - 2 - INFO - 页面"无敌战舰（送百元充值）_无敌战舰（送百元充值）无限元宝服_SF变态版无敌战舰（送百元充值）公益服下载 - 最笨下载"跳转正常,该类元素共18个，当前第16个
2020-08-04 19:15:33,665 - 2 - INFO - 页面"孤龙山（送GM海量充）_孤龙山（送GM海量充）无限元宝服_SF变态版孤龙山（送GM海量充）公益服下载 - 最笨下载"跳转正常,该类元素共18个，当前第17个
2020-08-04 19:15:39,788 - 2 - INFO - 页面"圣痕觉醒（送万元充值）_圣痕觉醒（送万元充值）无限元宝服_SF变态版圣痕觉醒（送万元充值）公益服下载 - 最笨下载"跳转正常,该类元素共18个，当前第18个
2020-08-04 19:15:46,102 - 2 - INFO - 页面"【苹果益智休闲游戏】好玩的iPhone益智休闲游戏大全_iPhone益智休闲类游戏下载-最笨下载"跳转正常,该类元素共16个，当前第1个
2020-08-04 19:15:46,386 - basepage - INFO - Click back on current page.
2020-08-04 19:15:53,871 - 2 - INFO - 页面"【苹果其他游戏】好玩的iphone其他游戏大全_iphone其他类游戏下载-最笨下载"跳转正常,该类元素共16个，当前第2个
2020-08-04 19:15:54,342 - basepage - INFO - Click back on current page.
2020-08-04 19:16:01,755 - 2 - INFO - 页面"【苹果音乐游戏】好玩的iphone音乐游戏大全_iphone音乐类游戏下载-最笨下载"跳转正常,该类元素共16个，当前第3个
2020-08-04 19:16:02,026 - basepage - INFO - Click back on current page.
2020-08-04 19:16:09,397 - 2 - INFO - 页面"【苹果网络游戏】好玩的iphone网络游戏大全_iphone网络类游戏下载-最笨下载"跳转正常,该类元素共16个，当前第4个
2020-08-04 19:16:09,679 - basepage - INFO - Click back on current page.
2020-08-04 19:16:17,129 - 2 - INFO - 页面"【苹果格斗游戏】好玩的iPhone格斗游戏大全_iPhone格斗类游戏下载-最笨下载"跳转正常,该类元素共16个，当前第5个
2020-08-04 19:16:17,671 - basepage - INFO - Click back on current page.
2020-08-04 19:16:25,443 - 2 - INFO - 页面"【苹果飞行游戏】好玩的iPhone飞行游戏大全_iPhone飞行类游戏下载-最笨下载"跳转正常,该类元素共16个，当前第6个
2020-08-04 19:16:25,919 - basepage - INFO - Click back on current page.
2020-08-04 19:16:33,479 - 2 - INFO - 页面"【苹果体育运动游戏】好玩的iPhone体育运动游戏大全_iPhone体育运动类游戏下载-最笨下载"跳转正常,该类元素共16个，当前第7个
2020-08-04 19:16:33,755 - basepage - INFO - Click back on current page.
2020-08-04 19:16:40,965 - 2 - INFO - 页面"【苹果模拟经营游戏】好玩的iPhone模拟经营游戏大全_iPhone模拟经营类游戏下载-最笨下载"跳转正常,该类元素共16个，当前第8个
2020-08-04 19:16:41,605 - basepage - INFO - Click back on current page.
2020-08-04 19:16:48,659 - 2 - INFO - 页面"【苹果策略游戏】好玩的iphone策略游戏大全_iphone策略类游戏下载-最笨下载"跳转正常,该类元素共16个，当前第9个
2020-08-04 19:16:48,937 - basepage - INFO - Click back on current page.
2020-08-04 19:16:56,426 - 2 - INFO - 页面"【苹果塔防游戏】好玩的iphone塔防游戏大全_iphone塔防类游戏下载-最笨下载"跳转正常,该类元素共16个，当前第10个
2020-08-04 19:16:56,774 - basepage - INFO - Click back on current page.
2020-08-04 19:17:04,230 - 2 - INFO - 页面"【苹果解谜游戏】好玩的iphone解谜游戏大全_iphone解谜类游戏下载-最笨下载"跳转正常,该类元素共16个，当前第11个
2020-08-04 19:17:04,685 - basepage - INFO - Click back on current page.
2020-08-04 19:17:15,244 - 2 - INFO - 页面"【苹果射击游戏】好玩的iphone射击游戏大全_iphone射击类游戏下载-最笨下载"跳转正常,该类元素共16个，当前第12个
2020-08-04 19:17:15,676 - basepage - INFO - Click back on current page.
2020-08-04 19:17:23,316 - 2 - INFO - 页面"【苹果棋牌游戏】好玩的iphone棋牌游戏大全_iphone棋牌类游戏下载-最笨下载"跳转正常,该类元素共16个，当前第13个
2020-08-04 19:17:23,600 - basepage - INFO - Click back on current page.
2020-08-04 19:17:30,974 - 2 - INFO - 页面"【苹果赛车游戏】好玩的iPhone赛车游戏大全_iPhone赛车类游戏下载-最笨下载"跳转正常,该类元素共16个，当前第14个
2020-08-04 19:17:31,244 - basepage - INFO - Click back on current page.
2020-08-04 19:17:38,581 - 2 - INFO - 页面"【苹果角色扮演游戏】好玩的iphone角色扮演游戏_iPhone角色扮演类游戏下载-最笨下载"跳转正常,该类元素共16个，当前第15个
2020-08-04 19:17:39,072 - basepage - INFO - Click back on current page.
2020-08-04 19:17:45,582 - 2 - INFO - 页面"【安卓动作游戏】好玩的iPhone动作游戏大全_iPhone动作类游戏下载-最笨下载"跳转正常,该类元素共16个，当前第16个
2020-08-04 19:17:45,871 - basepage - INFO - Click back on current page.
2020-08-04 19:17:54,211 - 2 - INFO - 页面"冒险王2（送海量充值）ios版_冒险王2（送海量充值）ios版下载_冒险王2（送海量充值）ios版官方下载-最笨下载"跳转正常,该类元素共18个，当前第1个
2020-08-04 19:18:00,355 - 2 - INFO - 页面"恋三国（送百抽）ios版_恋三国（送百抽）ios版下载_恋三国（送百抽）ios版官方下载-最笨下载"跳转正常,该类元素共18个，当前第2个
2020-08-04 19:18:06,481 - 2 - INFO - 页面"屠龙世界（送GM特权）ios版_屠龙世界（送GM特权）ios版下载_屠龙世界（送GM特权）ios版官方下载-最笨下载"跳转正常,该类元素共18个，当前第3个
2020-08-04 19:18:12,616 - 2 - INFO - 页面"将军道（送百连海量抽）ios版_将军道（送百连海量抽）ios版下载_将军道（送百连海量抽）ios版官方下载-最笨下载"跳转正常,该类元素共18个，当前第4个
2020-08-04 19:18:18,737 - 2 - INFO - 页面"塔防镇魂师（送328代金券）ios版_塔防镇魂师（送328代金券）ios版下载_塔防镇魂师（送328代金券）ios版官方下载-最笨下载"跳转正常,该类元素共18个，当前第5个
2020-08-04 19:18:24,859 - 2 - INFO - 页面"乱斗三国ios版_乱斗三国ios版下载_乱斗三国ios版官方下载-最笨下载"跳转正常,该类元素共18个，当前第6个
2020-08-04 19:18:30,993 - 2 - INFO - 页面"兵器少女（无门槛送充）ios版_兵器少女（无门槛送充）ios版下载_兵器少女（无门槛送充）ios版官方下载-最笨下载"跳转正常,该类元素共18个，当前第7个
2020-08-04 19:18:37,138 - 2 - INFO - 页面"猎手之王ios版_猎手之王ios版下载_猎手之王ios版官方下载-最笨下载"跳转正常,该类元素共18个，当前第8个
2020-08-04 19:18:43,259 - 2 - INFO - 页面"古墓迷城ios版_古墓迷城ios版下载_古墓迷城ios版官方下载-最笨下载"跳转正常,该类元素共18个，当前第9个
2020-08-04 19:18:49,408 - 2 - INFO - 页面"国战纪元ios版_国战纪元ios版下载_国战纪元ios版官方下载-最笨下载"跳转正常,该类元素共18个，当前第10个
2020-08-04 19:18:55,567 - 2 - INFO - 页面"天诀ios版_天诀ios版下载_天诀ios版官方下载-最笨下载"跳转正常,该类元素共18个，当前第11个
2020-08-04 19:19:01,733 - 2 - INFO - 页面"仙剑缘（星耀特权）ios版_仙剑缘（星耀特权）ios版下载_仙剑缘（星耀特权）ios版官方下载-最笨下载"跳转正常,该类元素共18个，当前第12个
2020-08-04 19:19:07,904 - 2 - INFO - 页面"九灵神域ios版_九灵神域ios版下载_九灵神域ios版官方下载-最笨下载"跳转正常,该类元素共18个，当前第13个
2020-08-04 19:19:14,064 - 2 - INFO - 页面"天之命（海量特权）ios版_天之命（海量特权）ios版下载_天之命（海量特权）ios版官方下载-最笨下载"跳转正常,该类元素共18个，当前第14个
2020-08-04 19:19:20,226 - 2 - INFO - 页面"魔剑侠缘（星耀特权）ios版_魔剑侠缘（星耀特权）ios版下载_魔剑侠缘（星耀特权）ios版官方下载-最笨下载"跳转正常,该类元素共18个，当前第15个
2020-08-04 19:19:26,372 - 2 - INFO - 页面"仙灵世界（复古绿色服）ios版_仙灵世界（复古绿色服）ios版下载_仙灵世界（复古绿色服）ios版官方下载-最笨下载"跳转正常,该类元素共18个，当前第16个
2020-08-04 19:19:32,543 - 2 - INFO - 页面"风之剑舞（至尊特权）ios版_风之剑舞（至尊特权）ios版下载_风之剑舞（至尊特权）ios版官方下载-最笨下载"跳转正常,该类元素共18个，当前第17个
2020-08-04 19:19:38,698 - 2 - INFO - 页面"塔塔星座（送328充值）ios版_塔塔星座（送328充值）ios版下载_塔塔星座（送328充值）ios版官方下载-最笨下载"跳转正常,该类元素共18个，当前第18个
2020-08-04 19:19:46,522 - 2 - INFO - 页面"ios无限元宝的手游"跳转正常,该类元素共4个，当前第1个
2020-08-04 19:19:46,775 - basepage - INFO - Click back on current page.
2020-08-04 19:19:52,006 - 2 - INFO - 页面"gm手游助手ios"跳转正常,该类元素共4个，当前第2个
2020-08-04 19:19:52,426 - basepage - INFO - Click back on current page.
2020-08-04 19:19:57,737 - 2 - INFO - 页面"ios变态服游戏"跳转正常,该类元素共4个，当前第3个
2020-08-04 19:19:57,962 - basepage - INFO - Click back on current page.
2020-08-04 19:20:03,412 - 2 - INFO - 页面"ios看小说神器"跳转正常,该类元素共4个，当前第4个
2020-08-04 19:20:03,832 - basepage - INFO - Click back on current page.
2020-08-04 19:20:11,184 - 2 - INFO - 页面"【最笨周末活动】7月10日晴了一夏周末福利活动"跳转正常,该类元素共4个，当前第1个
2020-08-04 19:20:11,411 - basepage - INFO - Click back on current page.
2020-08-04 19:20:16,887 - 2 - INFO - 页面"【最笨周末活动】7月3日清凉一夏活动来袭~"跳转正常,该类元素共4个，当前第2个
2020-08-04 19:20:17,308 - basepage - INFO - Click back on current page.
2020-08-04 19:20:22,200 - 2 - INFO - 页面"【最笨周末活动】7月31日周末活动火热来袭~"跳转正常,该类元素共4个，当前第3个
2020-08-04 19:20:22,410 - basepage - INFO - Click back on current page.
2020-08-04 19:20:28,278 - 2 - INFO - 页面"【最笨周末活动】炎炎夏日~让福利活动给你冰凉"跳转正常,该类元素共4个，当前第4个
2020-08-04 19:20:28,698 - basepage - INFO - Click back on current page.
2020-08-04 19:20:34,777 - 2 - INFO - 页面"有翡原著小说简介 有匪小说剧情介绍"跳转正常,该类元素共20个，当前第1个
2020-08-04 19:20:40,907 - 2 - INFO - 页面"有翡小说免费阅读 有匪小说周翡全文阅读"跳转正常,该类元素共20个，当前第2个
2020-08-04 19:20:47,042 - 2 - INFO - 页面"有翡原著小说在线阅读 有翡原著小说全文免费"跳转正常,该类元素共20个，当前第3个
2020-08-04 19:20:53,163 - 2 - INFO - 页面"聊天第一句幽默技巧 微信聊天第一句怎么开场"跳转正常,该类元素共20个，当前第4个
2020-08-04 19:20:59,298 - 2 - INFO - 页面"陌陌怎么聊天 陌陌聊天技巧分享"跳转正常,该类元素共20个，当前第5个
2020-08-04 19:21:05,452 - 2 - INFO - 页面"忍者必须死3 2020年夏日礼包兑换码分享"跳转正常,该类元素共20个，当前第6个
2020-08-04 19:21:11,603 - 2 - INFO - 页面"阴阳师终之音Boss怎么打 终之音Boss打法攻略"跳转正常,该类元素共20个，当前第7个
2020-08-04 19:21:17,744 - 2 - INFO - 页面"阴阳师破之歌奖励是什么 破之歌奖励一览"跳转正常,该类元素共20个，当前第8个
2020-08-04 19:21:23,865 - 2 - INFO - 页面"阴阳师8月神秘符咒图案怎么画 8月神秘符咒画法"跳转正常,该类元素共20个，当前第9个
2020-08-04 19:21:30,013 - 2 - INFO - 页面"阴阳师序之律怎么打 序之律打法攻略"跳转正常,该类元素共20个，当前第10个
2020-08-04 19:21:36,152 - 2 - INFO - 页面"火影忍者单机版破解版-火影忍者手游单机版破解"跳转正常,该类元素共20个，当前第11个
2020-08-04 19:21:42,285 - 2 - INFO - 页面"上线满v无限元宝h5游戏-上线送满v无限元宝h5游戏"跳转正常,该类元素共20个，当前第12个
2020-08-04 19:21:48,411 - 2 - INFO - 页面"贫民玩家回合制网游-适合贫民玩的回合制网游"跳转正常,该类元素共20个，当前第13个
2020-08-04 19:21:54,556 - 2 - INFO - 页面"上线就送十连抽的三国放置类卡牌游戏"跳转正常,该类元素共20个，当前第14个
2020-08-04 19:22:00,704 - 2 - INFO - 页面"q版休闲玩法的三国卡牌游戏 q版三国策略手游推"跳转正常,该类元素共20个，当前第15个
2020-08-04 19:22:06,853 - 2 - INFO - 页面"犯罪大师荒诞的人生答案是什么"跳转正常,该类元素共20个，当前第16个
2020-08-04 19:22:13,005 - 2 - INFO - 页面"江南百景图丹药怎么解锁"跳转正常,该类元素共20个，当前第17个
2020-08-04 19:22:19,146 - 2 - INFO - 页面"光遇墨镜在哪兑换"跳转正常,该类元素共20个，当前第18个
2020-08-04 19:22:25,321 - 2 - INFO - 页面"光遇水母发型在哪兑换"跳转正常,该类元素共20个，当前第19个
2020-08-04 19:22:31,497 - 2 - INFO - 页面"光遇白鸟发型怎么获得"跳转正常,该类元素共20个，当前第20个
2020-08-04 19:22:37,711 - 2 - INFO - 页面"apk3安卓网-2020最新apk安卓游戏-热门apk软件下载平台"跳转正常,该类元素共34个，当前第1个
2020-08-04 19:22:43,851 - 2 - INFO - 页面"小游戏,在线小游戏,小游戏大全,双人小游戏,3199小游戏"跳转正常,该类元素共34个，当前第2个
2020-08-04 19:22:49,988 - 2 - INFO - 页面"中文网站排行榜_alexa排行 - 爱站网站排行榜"跳转正常,该类元素共34个，当前第3个
2020-08-04 19:22:56,141 - 2 - INFO - 页面"9号下载_下载软件_免费下载单机游戏_手机游戏下载大全"跳转正常,该类元素共34个，当前第4个
2020-08-04 19:23:23,382 - 2 - INFO - 页面"软件下载中心_绿色免费软件,手机游戏|软件下载,到超人软件站"跳转正常,该类元素共34个，当前第5个
2020-08-04 19:23:29,550 - 2 - INFO - 页面"系统圣地,绿色免费软件,手游下载等软件下载网站"跳转正常,该类元素共34个，当前第6个
2020-08-04 19:23:35,686 - 2 - INFO - 页面"天天安卓模拟器_安卓模拟器电脑版下载_天天模拟器官网"跳转正常,该类元素共34个，当前第7个
2020-08-04 19:23:41,846 - 2 - INFO - 页面"好看小说推荐_热门小说大全_小说排行榜 - 玖陆文学"跳转正常,该类元素共34个，当前第8个
2020-08-04 19:23:47,997 - 2 - INFO - 页面"IE8 IE9 IE10 IE浏览器下载 - IE浏览器中文网站"跳转正常,该类元素共34个，当前第9个
2020-08-04 19:23:54,152 - 2 - INFO - 页面"bt手游平台_满v手游公益服_gm手游排行榜_3733游戏盒子官网"跳转正常,该类元素共34个，当前第10个
2020-08-04 19:24:32,008 - 2 - INFO - 页面"bt公益服变态手游排行榜前十名[新开公测热门+在线人多+免费大型网游]新开最热门好玩人气高的网络游戏有什么_安卓苹果ios客户端游戏下载大全_8979游戏官网"跳转正常,该类元素共34个，当前第11个
2020-08-04 19:24:38,141 - 2 - INFO - 页面"【破解版手机游戏】手机破解游戏下载_安卓手机游戏破解版下载大全-最笨下载"跳转正常,该类元素共34个，当前第12个
2020-08-04 19:24:44,300 - 2 - INFO - 页面"windows10系统之家 - 系统之家提供win10专业版,ISO镜像,企业版等win10系统下载"跳转正常,该类元素共34个，当前第13个
2020-08-04 19:24:50,442 - 2 - INFO - 页面"39整形美容_中国专业医学整形美容门户"跳转正常,该类元素共34个，当前第14个
2020-08-04 19:24:56,588 - 2 - INFO - 页面"零度软件园_官方软件下载_绿色软件_游戏下载_值得信赖的下载站！"跳转正常,该类元素共34个，当前第15个
2020-08-04 19:25:02,767 - 2 - INFO - 页面"单机游戏_单机游戏下载大全中文版下载_好玩的单机游戏下载基地 - 99单机游戏"跳转正常,该类元素共34个，当前第16个
2020-08-04 19:25:08,935 - 2 - INFO - 页面"安卓市场_安卓游戏破解版下载_单机破解版游戏大全_手机网游下载"跳转正常,该类元素共34个，当前第17个
2020-08-04 19:27:55,275 - 2 - INFO - 页面"手机游戏下载-手机软件下载-电脑软件下载-小黑游戏"跳转正常,该类元素共34个，当前第18个
2020-08-04 19:28:01,413 - 2 - INFO - 页面"手机游戏_手机游戏排行榜_好玩的手机游戏_安卓手机游戏推荐_易玩网"跳转正常,该类元素共34个，当前第19个
2020-08-04 19:28:07,547 - 2 - INFO - 页面"手机游戏_好玩的手机游戏下载_手机游戏排行榜-游戏吧"跳转正常,该类元素共34个，当前第20个
2020-08-04 19:28:13,841 - 2 - INFO - 页面"免费手机游戏_好玩的单机游戏_安卓破解版游戏下载_apk8安卓网"跳转正常,该类元素共34个，当前第21个
2020-08-04 19:28:19,990 - 2 - INFO - 页面"免费手机游戏_好玩的单机游戏_安卓破解版游戏下载_apk8安卓网"跳转正常,该类元素共34个，当前第22个
2020-08-04 19:28:26,133 - 2 - INFO - 页面"安卓破解版游戏下载_单机手机破解游戏大全_免费游戏破解版下载-最笨下载"跳转正常,该类元素共34个，当前第23个
2020-08-04 19:28:32,327 - 2 - INFO - 页面"app.3987.com"跳转正常,该类元素共34个，当前第24个
2020-08-04 19:28:38,468 - 2 - INFO - 页面"可可出招表-流星蝴蝶剑出招表-拳皇97出招表-手机游戏-绿色软件下载"跳转正常,该类元素共34个，当前第25个
2020-08-04 19:28:54,958 - 2 - INFO - 页面"爪游控 | 新锐综合资讯媒体"跳转正常,该类元素共34个，当前第26个
2020-08-04 19:29:01,056 - 2 - INFO - 页面"3733游戏盒官网_bt游戏_满vip手游_gm手游大全_破解游戏盒子下载"跳转正常,该类元素共34个，当前第27个
2020-08-04 19:29:07,196 - 2 - INFO - 页面"绿色免费电脑软件下载_手机软件游戏下载中心-520下载站"跳转正常,该类元素共34个，当前第28个
2020-08-04 19:29:13,624 - 2 - INFO - 页面"免费大型经典安卓破解版单机游戏下载排行榜_手机最火爆最新出热门好玩人气高3DBT网络游戏有什么_破解游戏盒子软件大全-下载多"跳转正常,该类元素共34个，当前第29个
2020-08-04 19:29:19,776 - 2 - INFO - 页面"3733游戏盒官网_bt游戏_满vip手游_gm手游大全_破解游戏盒子下载"跳转正常,该类元素共34个，当前第30个
2020-08-04 19:29:32,617 - 2 - INFO - 页面"VR之家_专业VR游戏软件下载网站_VR应用_VR电影_VR视频_VR资源-VR之家"跳转正常,该类元素共34个，当前第31个
2020-08-04 19:29:38,756 - 2 - INFO - 页面"手机玩_免费安卓手机游戏_安卓游戏破解版下载_破解游戏盒子下载"跳转正常,该类元素共34个，当前第32个
2020-08-04 19:29:44,903 - 2 - INFO - 页面"gm手游平台_gm手游盒子_gm版手游下载_3733游戏官网"跳转正常,该类元素共34个，当前第33个
2020-08-04 19:31:20,360 - 2 - INFO - 页面"gm手游平台_gm版无限元宝手游_gm手游盒子下载_gm助手官网"跳转正常,该类元素共34个，当前第34个
2020-08-04 19:31:26,642 - 2 - INFO - 进入"游戏"模块，将执行随机函数
2020-08-04 19:31:29,451 - 2 - INFO - 随机页面"武动九天（GM免费特权）"跳转正常，当前第1个
2020-08-04 19:31:29,567 - basepage - INFO - Click back on current page.
2020-08-04 19:31:33,935 - 2 - INFO - 随机页面"女神联盟2（送500充值）"跳转正常，当前第2个
2020-08-04 19:31:34,053 - basepage - INFO - Click back on current page.
2020-08-04 19:31:38,509 - 2 - INFO - 随机页面"烈火战神（海量特权）"跳转正常，当前第3个
2020-08-04 19:31:38,661 - basepage - INFO - Click back on current page.
2020-08-04 19:31:43,060 - 2 - INFO - 随机页面"纵剑仙界（送VIP代金券）"跳转正常，当前第1个
2020-08-04 19:31:43,167 - basepage - INFO - Click back on current page.
2020-08-04 19:31:47,596 - 2 - INFO - 随机页面"魔法之光（红忍海量抽）"跳转正常，当前第2个
2020-08-04 19:31:47,706 - basepage - INFO - Click back on current page.
2020-08-04 19:31:52,190 - 2 - INFO - 随机页面"唐门六道（送千元充值）"跳转正常，当前第3个
2020-08-04 19:31:52,346 - basepage - INFO - Click back on current page.
2020-08-04 19:31:58,926 - 2 - INFO - 进入"应用"模块，将执行随机函数
2020-08-04 19:32:01,467 - 2 - INFO - 随机页面"撩吧"跳转正常，当前第1个
2020-08-04 19:32:01,606 - basepage - INFO - Click back on current page.
2020-08-04 19:32:06,417 - 2 - INFO - 随机页面"土味情话社"跳转正常，当前第2个
2020-08-04 19:32:06,523 - basepage - INFO - Click back on current page.
2020-08-04 19:32:11,344 - 2 - INFO - 随机页面"恋爱教程"跳转正常，当前第3个
2020-08-04 19:32:11,471 - basepage - INFO - Click back on current page.
2020-08-04 19:32:16,231 - 2 - INFO - 随机页面"恋爱话术库"跳转正常，当前第1个
2020-08-04 19:32:16,340 - basepage - INFO - Click back on current page.
2020-08-04 19:32:20,750 - 2 - INFO - 随机页面"土味情话社"跳转正常，当前第2个
2020-08-04 19:32:20,876 - basepage - INFO - Click back on current page.
2020-08-04 19:32:25,384 - 2 - INFO - 随机页面"撩吧"跳转正常，当前第3个
2020-08-04 19:32:25,528 - basepage - INFO - Click back on current page.
2020-08-04 19:32:32,538 - 2 - INFO - 进入"资讯"模块，将执行随机函数
2020-08-04 19:32:35,708 - 2 - INFO - 随机页面"dnf100级传说怎么升级史诗"跳转正常，当前第1个
2020-08-04 19:32:35,864 - basepage - INFO - Click back on current page.
2020-08-04 19:32:41,053 - 2 - INFO - 随机页面"dnf90级装备能继承到100级吗"跳转正常，当前第2个
2020-08-04 19:32:41,161 - basepage - INFO - Click back on current page.
2020-08-04 19:32:46,035 - 2 - INFO - 随机页面"我的世界怎么设置100倍掉落"跳转正常，当前第3个
2020-08-04 19:32:46,248 - basepage - INFO - Click back on current page.
2020-08-04 19:32:50,764 - 2 - INFO - 随机页面"女神联盟2（送500充值）"跳转正常，当前第1个
2020-08-04 19:32:50,871 - basepage - INFO - Click back on current page.
2020-08-04 19:32:55,603 - 2 - INFO - 随机页面"真江湖HD（万抽特权）"跳转正常，当前第2个
2020-08-04 19:32:55,742 - basepage - INFO - Click back on current page.
2020-08-04 19:33:00,169 - 2 - INFO - 随机页面"凡人飞仙传（充值特权）"跳转正常，当前第3个
2020-08-04 19:33:00,287 - basepage - INFO - Click back on current page.
2020-08-04 19:33:05,770 - 2 - INFO - 进入"专题"模块，将执行随机函数
2020-08-04 19:33:09,285 - 2 - INFO - 页面"免费的撩妹回复神器"跳转正常,该类元素共1个，当前第1个
2020-08-04 19:33:09,411 - basepage - INFO - Click back on current page.
2020-08-04 19:33:14,240 - 2 - INFO - 随机页面"聊天回复神器"跳转正常，当前第1个
2020-08-04 19:33:14,360 - basepage - INFO - Click back on current page.
2020-08-04 19:33:19,190 - 2 - INFO - 随机页面"神撩话术"跳转正常，当前第2个
2020-08-04 19:33:19,355 - basepage - INFO - Click back on current page.
2020-08-04 19:33:23,980 - 2 - INFO - 随机页面"恋爱撩吧app"跳转正常，当前第3个
2020-08-04 19:33:24,107 - basepage - INFO - Click back on current page.
2020-08-04 19:33:29,489 - 2 - INFO - 页面"自动聊天回复神器app"跳转正常,该类元素共1个，当前第1个
2020-08-04 19:33:29,659 - basepage - INFO - Click back on current page.
2020-08-04 19:33:34,194 - 2 - INFO - 随机页面"撩妹聊天话术app"跳转正常，当前第1个
2020-08-04 19:33:34,330 - basepage - INFO - Click back on current page.
2020-08-04 19:33:39,453 - 2 - INFO - 随机页面"话术聊天实战"跳转正常，当前第2个
2020-08-04 19:33:39,584 - basepage - INFO - Click back on current page.
2020-08-04 19:33:43,995 - 2 - INFO - 随机页面"蜜小助"跳转正常，当前第3个
2020-08-04 19:33:44,121 - basepage - INFO - Click back on current page.
2020-08-04 19:33:50,666 - 2 - INFO - 页面"角色扮演单机游戏内购破解版"跳转正常,该类元素共1个，当前第1个
2020-08-04 19:33:50,795 - basepage - INFO - Click back on current page.
2020-08-04 19:33:55,907 - 2 - INFO - 随机页面"刺客信条:燎原"跳转正常，当前第1个
2020-08-04 19:33:56,127 - basepage - INFO - Click back on current page.
2020-08-04 19:34:01,298 - 2 - INFO - 随机页面"奥特曼传奇英雄"跳转正常，当前第2个
2020-08-04 19:34:01,436 - basepage - INFO - Click back on current page.
2020-08-04 19:34:06,043 - 2 - INFO - 随机页面"最笨游戏盒子"跳转正常，当前第3个
2020-08-04 19:34:06,155 - basepage - INFO - Click back on current page.
2020-08-04 19:34:12,019 - 2 - INFO - 页面"卡牌类手游公益服"跳转正常,该类元素共1个，当前第1个
2020-08-04 19:34:12,147 - basepage - INFO - Click back on current page.
2020-08-04 19:34:17,446 - 2 - INFO - 随机页面"雷霆狂暴（永久百连抽）"跳转正常，当前第1个
2020-08-04 19:34:17,640 - basepage - INFO - Click back on current page.
2020-08-04 19:34:22,007 - 2 - INFO - 随机页面"仙灵世界（送海量连抽）"跳转正常，当前第2个
2020-08-04 19:34:22,127 - basepage - INFO - Click back on current page.
2020-08-04 19:34:26,529 - 2 - INFO - 随机页面"纵剑仙界（送VIP代金券）"跳转正常，当前第3个
2020-08-04 19:34:26,644 - basepage - INFO - Click back on current page.
2020-08-04 19:34:32,124 - 2 - INFO - 页面"免费ios看小说的软件"跳转正常,该类元素共1个，当前第1个
2020-08-04 19:34:32,253 - basepage - INFO - Click back on current page.
2020-08-04 19:34:37,551 - 2 - INFO - 随机页面"怡阅小说"跳转正常，当前第1个
2020-08-04 19:34:37,781 - basepage - INFO - Click back on current page.
2020-08-04 19:34:42,265 - 2 - INFO - 随机页面"吾爱看书ios版"跳转正常，当前第2个
2020-08-04 19:34:42,392 - basepage - INFO - Click back on current page.
2020-08-04 19:34:47,114 - 2 - INFO - 随机页面"酷搜看书"跳转正常，当前第3个
2020-08-04 19:34:47,233 - basepage - INFO - Click back on current page.
2020-08-04 19:34:52,703 - 2 - INFO - 页面"安卓手机应用软件"跳转正常,该类元素共1个，当前第1个
2020-08-04 19:34:52,845 - basepage - INFO - Click back on current page.
2020-08-04 19:34:57,332 - 2 - INFO - 随机页面"土味情话社"跳转正常，当前第1个
2020-08-04 19:34:57,447 - basepage - INFO - Click back on current page.
2020-08-04 19:35:01,936 - 2 - INFO - 随机页面"恋爱话术库"跳转正常，当前第2个
2020-08-04 19:35:02,079 - basepage - INFO - Click back on current page.
2020-08-04 19:35:06,509 - 2 - INFO - 随机页面"吾爱看书"跳转正常，当前第3个
2020-08-04 19:35:06,634 - basepage - INFO - Click back on current page.
2020-08-04 19:35:12,891 - 2 - INFO - 页面"西游H5公益服"跳转正常,该类元素共1个，当前第1个
2020-08-04 19:35:13,088 - basepage - INFO - Click back on current page.
2020-08-04 19:35:17,771 - 2 - INFO - 随机页面"跑跑西游（送海量真充）"跳转正常，当前第1个
2020-08-04 19:35:17,957 - basepage - INFO - Click back on current page.
2020-08-04 19:35:23,450 - 2 - INFO - 随机页面"西游记：大话女儿国"跳转正常，当前第2个
2020-08-04 19:35:23,579 - basepage - INFO - Click back on current page.
2020-08-04 19:35:28,073 - 2 - INFO - 随机页面"最笨游戏盒子"跳转正常，当前第3个
2020-08-04 19:35:28,211 - basepage - INFO - Click back on current page.
2020-08-04 19:35:33,560 - 2 - INFO - 页面"全部游戏都是破解版的盒子"跳转正常,该类元素共1个，当前第1个
2020-08-04 19:35:33,698 - basepage - INFO - Click back on current page.
2020-08-04 19:35:38,434 - 2 - INFO - 随机页面"爱趣游戏平台"跳转正常，当前第1个
2020-08-04 19:35:38,636 - basepage - INFO - Click back on current page.
2020-08-04 19:35:43,616 - 2 - INFO - 随机页面"7753游戏平台"跳转正常，当前第2个
2020-08-04 19:35:43,755 - basepage - INFO - Click back on current page.
2020-08-04 19:35:48,785 - 2 - INFO - 随机页面"安卓市场手游游戏平台"跳转正常，当前第3个
2020-08-04 19:35:48,908 - basepage - INFO - Click back on current page.
2020-08-04 19:35:55,140 - 2 - INFO - 页面"类似放开那三国3游戏"跳转正常,该类元素共1个，当前第1个
2020-08-04 19:35:55,271 - basepage - INFO - Click back on current page.
2020-08-04 19:36:00,483 - 2 - INFO - 随机页面"英雄三国志（福利特权）"跳转正常，当前第1个
2020-08-04 19:36:00,682 - basepage - INFO - Click back on current page.
2020-08-04 19:36:05,724 - 2 - INFO - 随机页面"无双魏蜀吴（折扣特权）"跳转正常，当前第2个
2020-08-04 19:36:05,865 - basepage - INFO - Click back on current page.
2020-08-04 19:36:10,360 - 2 - INFO - 随机页面"天天怼三国（送千元充值）"跳转正常，当前第3个
2020-08-04 19:36:10,491 - basepage - INFO - Click back on current page.
2020-08-04 19:36:16,224 - 2 - INFO - 页面"三国志幻想大陆类似手游"跳转正常,该类元素共1个，当前第1个
2020-08-04 19:36:16,353 - basepage - INFO - Click back on current page.
2020-08-04 19:36:21,425 - 2 - INFO - 随机页面"主公别闹"跳转正常，当前第1个
2020-08-04 19:36:21,778 - basepage - INFO - Click back on current page.
2020-08-04 19:36:27,071 - 2 - INFO - 随机页面"天天怼三国（商城特权）"跳转正常，当前第2个
2020-08-04 19:36:27,206 - basepage - INFO - Click back on current page.
2020-08-04 19:36:32,648 - 2 - INFO - 随机页面"乱戳三国2（复古绿色服）"跳转正常，当前第3个
2020-08-04 19:36:32,858 - basepage - INFO - Click back on current page.
2020-08-04 19:36:39,281 - 2 - INFO - 进入"电脑"模块，将执行随机函数
2020-08-04 19:36:41,763 - 2 - INFO - 随机页面"唐门六道（送千元充值）"跳转正常，当前第1个
2020-08-04 19:36:41,874 - basepage - INFO - Click back on current page.
2020-08-04 19:36:46,320 - 2 - INFO - 随机页面"仙灵世界（送海量连抽）"跳转正常，当前第2个
2020-08-04 19:36:46,429 - basepage - INFO - Click back on current page.
2020-08-04 19:36:50,939 - 2 - INFO - 随机页面"纵剑仙界（送VIP代金券）"跳转正常，当前第3个
2020-08-04 19:36:51,047 - basepage - INFO - Click back on current page.
2020-08-04 19:36:58,317 - 2 - INFO - 进入"APP大全"模块，将执行随机函数
2020-08-04 19:37:02,411 - 2 - INFO - 页面"游戏盒"跳转正常,该类元素共16个，当前第1个
2020-08-04 19:37:08,530 - 2 - INFO - 页面"龙之谷2"跳转正常,该类元素共16个，当前第2个
2020-08-04 19:37:14,644 - 2 - INFO - 页面"光遇"跳转正常,该类元素共16个，当前第3个
2020-08-04 19:37:20,762 - 2 - INFO - 页面"最强蜗牛"跳转正常,该类元素共16个，当前第4个
2020-08-04 19:37:26,863 - 2 - INFO - 页面"塞尔达"跳转正常,该类元素共16个，当前第5个
2020-08-04 19:37:32,986 - 2 - INFO - 页面"山海镜花"跳转正常,该类元素共16个，当前第6个
2020-08-04 19:37:39,086 - 2 - INFO - 页面"公主连结"跳转正常,该类元素共16个，当前第7个
2020-08-04 19:37:45,201 - 2 - INFO - 页面"网络工具"跳转正常,该类元素共16个，当前第8个
2020-08-04 19:37:51,322 - 2 - INFO - 页面"集合啦动物森友会"跳转正常,该类元素共16个，当前第9个
2020-08-04 19:37:57,490 - 2 - INFO - 页面"龙族幻想"跳转正常,该类元素共16个，当前第10个
2020-08-04 19:38:03,599 - 2 - INFO - 页面"剑与远征"跳转正常,该类元素共16个，当前第11个
2020-08-04 19:38:09,739 - 2 - INFO - 页面"烟雨江湖"跳转正常,该类元素共16个，当前第12个
2020-08-04 19:38:15,831 - 2 - INFO - 页面"云顶之弈"跳转正常,该类元素共16个，当前第13个
2020-08-04 19:38:21,980 - 2 - INFO - 页面"家国梦"跳转正常,该类元素共16个，当前第14个
2020-08-04 19:38:28,133 - 2 - INFO - 页面"棋牌"跳转正常,该类元素共16个，当前第15个
2020-08-04 19:38:34,270 - 2 - INFO - 页面"gta5"跳转正常,该类元素共16个，当前第16个
2020-08-04 19:38:36,298 - basepage - INFO - zuiben自动化测试结束
