2020-08-26 19:01:00,048 - basepage - INFO - zuiben自动化测试开始
2020-08-26 19:01:00,050 - basepage - INFO - 隐性等待 10 秒
2020-08-26 19:01:05,741 - basepage - INFO - 跳转至https://www.zuiben.com/
2020-08-26 19:01:07,855 - basepage - INFO - 窗口已经最大化
2020-08-26 19:01:13,790 - 2 - INFO - 页面"【安卓游戏】好玩的安卓游戏下载_安卓游戏排行榜_安卓游戏免费下载大全-最笨下载"跳转正常,该类元素共21个，当前第1个
2020-08-26 19:01:14,027 - basepage - INFO - Click back on current page.
2020-08-26 19:01:18,387 - 2 - INFO - 页面"变态手游公益服_bt手游变态服_无限元宝bt手游下载_BT手游中心-最笨下载"跳转正常,该类元素共21个，当前第2个
2020-08-26 19:01:18,639 - basepage - INFO - Click back on current page.
2020-08-26 19:01:23,116 - 2 - INFO - 页面"gm版手游_无限元宝/钻石公益服_0元免费gm权限手游下载-最笨下载"跳转正常,该类元素共21个，当前第3个
2020-08-26 19:01:23,329 - basepage - INFO - Click back on current page.
2020-08-26 19:01:29,620 - 2 - INFO - 页面"【苹果游戏】iphone苹果手机游戏下载_iphone苹果游戏排行榜-最笨下载"跳转正常,该类元素共21个，当前第4个
2020-08-26 19:01:30,050 - basepage - INFO - Click back on current page.
2020-08-26 19:01:34,547 - 2 - INFO - 页面"满vip版手游_手游sf送顶级vip_满级vip无限元宝手游下载-最笨下载"跳转正常,该类元素共21个，当前第5个
2020-08-26 19:01:34,755 - basepage - INFO - Click back on current page.
2020-08-26 19:01:41,046 - 2 - INFO - 页面"【安卓软件】安卓软件下载_安卓手机软件下载_安卓软件免费下载大全-最笨下载"跳转正常,该类元素共21个，当前第6个
2020-08-26 19:01:41,484 - basepage - INFO - Click back on current page.
2020-08-26 19:01:47,511 - 2 - INFO - 页面"【苹果软件】iphone苹果下载软件_iphone苹果软件免费下载_苹果软件下载大全-最笨下载"跳转正常,该类元素共21个，当前第7个
2020-08-26 19:01:47,724 - basepage - INFO - Click back on current page.
2020-08-26 19:01:52,737 - 2 - INFO - 页面"【安卓资讯】安卓资讯推荐_安卓资讯大全-最笨下载"跳转正常,该类元素共21个，当前第8个
2020-08-26 19:01:52,958 - basepage - INFO - Click back on current page.
2020-08-26 19:01:57,649 - 2 - INFO - 页面"【安卓游戏攻略】安卓游戏攻略推荐_安卓游戏攻略大全-最笨下载"跳转正常,该类元素共21个，当前第9个
2020-08-26 19:01:57,876 - basepage - INFO - Click back on current page.
2020-08-26 19:02:02,856 - 2 - INFO - 页面"【安卓软件教程】安卓软件教程推荐_安卓软件教程大全-最笨下载"跳转正常,该类元素共21个，当前第10个
2020-08-26 19:02:03,099 - basepage - INFO - Click back on current page.
2020-08-26 19:02:07,833 - 2 - INFO - 页面"【iphone资讯】iphone资讯推荐_iphone资讯大全-最笨下载"跳转正常,该类元素共21个，当前第11个
2020-08-26 19:02:08,044 - basepage - INFO - Click back on current page.
2020-08-26 19:02:12,490 - 2 - INFO - 页面"【iPhone游戏攻略】iPhone游戏攻略推荐_iPhone游戏攻略大全-最笨下载"跳转正常,该类元素共21个，当前第12个
2020-08-26 19:02:12,692 - basepage - INFO - Click back on current page.
2020-08-26 19:02:17,200 - 2 - INFO - 页面"【系统重装教程】电脑重装系统教程_电脑怎么重装系统_重装系统步骤-最笨下载"跳转正常,该类元素共21个，当前第13个
2020-08-26 19:02:17,432 - basepage - INFO - Click back on current page.
2020-08-26 19:02:22,401 - 2 - INFO - 页面"安卓专题-最笨下载"跳转正常,该类元素共21个，当前第14个
2020-08-26 19:02:22,622 - basepage - INFO - Click back on current page.
2020-08-26 19:02:28,448 - 2 - INFO - 页面"游戏专题-最笨下载"跳转正常,该类元素共21个，当前第15个
2020-08-26 19:02:28,673 - basepage - INFO - Click back on current page.
2020-08-26 19:02:33,304 - 2 - INFO - 页面"苹果专题-最笨下载"跳转正常,该类元素共21个，当前第16个
2020-08-26 19:02:33,731 - basepage - INFO - Click back on current page.
2020-08-26 19:02:38,368 - 2 - INFO - 页面"【电脑软件】电脑软件下载_电脑装机必备软件_电脑常用软件下载_电脑软件大全-最笨下载"跳转正常,该类元素共21个，当前第17个
2020-08-26 19:02:38,587 - basepage - INFO - Click back on current page.
2020-08-26 19:02:44,594 - 2 - INFO - 页面"【电脑软件】电脑软件下载_电脑装机必备软件_电脑常用软件下载_电脑软件大全-最笨下载"跳转正常,该类元素共21个，当前第18个
2020-08-26 19:02:44,973 - basepage - INFO - Click back on current page.
2020-08-26 19:02:49,573 - 2 - INFO - 页面"【激活工具】激活windows工具_万能激活工具_windows激活工具下载_自动激活工具-最笨下载"跳转正常,该类元素共21个，当前第19个
2020-08-26 19:02:49,789 - basepage - INFO - Click back on current page.
2020-08-26 19:02:53,981 - 2 - INFO - 页面"【系统重装教程】电脑重装系统教程_电脑怎么重装系统_重装系统步骤-最笨下载"跳转正常,该类元素共21个，当前第20个
2020-08-26 19:02:54,208 - basepage - INFO - Click back on current page.
2020-08-26 19:02:58,388 - 2 - INFO - 页面"【系统重装教程】电脑重装系统教程_电脑怎么重装系统_重装系统步骤-最笨下载"跳转正常,该类元素共21个，当前第21个
2020-08-26 19:02:58,756 - basepage - INFO - Click back on current page.
2020-08-26 19:03:06,624 - 2 - INFO - 页面"家庭教师OL手游"跳转正常,该类元素共10个，当前第1个
2020-08-26 19:03:12,750 - 2 - INFO - 页面"魔女骑士团手游"跳转正常,该类元素共10个，当前第2个
2020-08-26 19:03:18,881 - 2 - INFO - 页面"决胜足球手游"跳转正常,该类元素共10个，当前第3个
2020-08-26 19:03:25,005 - 2 - INFO - 页面"少女战争手游"跳转正常,该类元素共10个，当前第4个
2020-08-26 19:03:31,140 - 2 - INFO - 页面"天神战（魔灵特权）"跳转正常,该类元素共10个，当前第5个
2020-08-26 19:03:37,261 - 2 - INFO - 页面"最Q幻想手游"跳转正常,该类元素共10个，当前第6个
2020-08-26 19:03:43,424 - 2 - INFO - 页面"霸途手游"跳转正常,该类元素共10个，当前第7个
2020-08-26 19:03:49,544 - 2 - INFO - 页面"回到三国志手游"跳转正常,该类元素共10个，当前第8个
2020-08-26 19:03:55,680 - 2 - INFO - 页面"幻游猎人手游"跳转正常,该类元素共10个，当前第9个
2020-08-26 19:04:01,828 - 2 - INFO - 页面"王者荣耀"跳转正常,该类元素共10个，当前第10个
2020-08-26 19:04:07,978 - 2 - INFO - 页面"仙风道骨（送GM海量充）"跳转正常,该类元素共20个，当前第1个
2020-08-26 19:04:14,103 - 2 - INFO - 页面"少年群侠传（送千元充值）"跳转正常,该类元素共20个，当前第2个
2020-08-26 19:04:20,263 - 2 - INFO - 页面"女神联盟2（送500充值）"跳转正常,该类元素共20个，当前第3个
2020-08-26 19:04:26,432 - 2 - INFO - 页面"魔侠传（开服送2000充）"跳转正常,该类元素共20个，当前第4个
2020-08-26 19:04:32,575 - 2 - INFO - 页面"不思议地下城（百抽特权）"跳转正常,该类元素共20个，当前第5个
2020-08-26 19:04:38,710 - 2 - INFO - 页面"仙灵世界（送海量连抽）"跳转正常,该类元素共20个，当前第6个
2020-08-26 19:04:44,829 - 2 - INFO - 页面"机甲战纪（送GM特权）"跳转正常,该类元素共20个，当前第7个
2020-08-26 19:04:50,953 - 2 - INFO - 页面"梦幻江湖（送千万元宝）"跳转正常,该类元素共20个，当前第8个
2020-08-26 19:04:57,153 - 2 - INFO - 页面"剑侠风云（送海量充值）"跳转正常,该类元素共20个，当前第9个
2020-08-26 19:05:03,332 - 2 - INFO - 页面"魔剑侠缘（万元兑换）"跳转正常,该类元素共20个，当前第10个
2020-08-26 19:05:09,496 - 2 - INFO - 页面"魔龙诀（全屏爆宝）"跳转正常,该类元素共20个，当前第11个
2020-08-26 19:05:15,629 - 2 - INFO - 页面"征程三国（送充值）"跳转正常,该类元素共20个，当前第12个
2020-08-26 19:05:21,758 - 2 - INFO - 页面"风之旅团（每日送充值）"跳转正常,该类元素共20个，当前第13个
2020-08-26 19:05:27,900 - 2 - INFO - 页面"冒险之旅（百抽特权）"跳转正常,该类元素共20个，当前第14个
2020-08-26 19:05:34,084 - 2 - INFO - 页面"天天怼三国（送千元充值）"跳转正常,该类元素共20个，当前第15个
2020-08-26 19:05:40,225 - 2 - INFO - 页面"无敌战舰（送百元充值）"跳转正常,该类元素共20个，当前第16个
2020-08-26 19:05:46,384 - 2 - INFO - 页面"妖神记（抽动漫周边）"跳转正常,该类元素共20个，当前第17个
2020-08-26 19:05:52,666 - 2 - INFO - 页面"异能勇者"跳转正常,该类元素共20个，当前第18个
2020-08-26 19:05:58,802 - 2 - INFO - 页面"崩坏西游（送1688元充值）"跳转正常,该类元素共20个，当前第19个
2020-08-26 19:06:04,933 - 2 - INFO - 页面"纵剑仙界（送VIP代金券）"跳转正常,该类元素共20个，当前第20个
2020-08-26 19:06:12,851 - 2 - INFO - 页面"仙风道骨（送GM海量充）"跳转正常,该类元素共10个，当前第1个
2020-08-26 19:06:18,975 - 2 - INFO - 页面"少年群侠传（送千元充值）"跳转正常,该类元素共10个，当前第2个
2020-08-26 19:06:25,149 - 2 - INFO - 页面"女神联盟2（送500充值）"跳转正常,该类元素共10个，当前第3个
2020-08-26 19:06:31,289 - 2 - INFO - 页面"魔侠传（开服送2000充）"跳转正常,该类元素共10个，当前第4个
2020-08-26 19:06:37,419 - 2 - INFO - 页面"不思议地下城（百抽特权）"跳转正常,该类元素共10个，当前第5个
2020-08-26 19:06:43,708 - 2 - INFO - 页面"仙灵世界（送海量连抽）"跳转正常,该类元素共10个，当前第6个
2020-08-26 19:06:49,828 - 2 - INFO - 页面"机甲战纪（送GM特权）"跳转正常,该类元素共10个，当前第7个
2020-08-26 19:06:55,957 - 2 - INFO - 页面"梦幻江湖（送千万元宝）"跳转正常,该类元素共10个，当前第8个
2020-08-26 19:07:02,111 - 2 - INFO - 页面"剑侠风云（送海量充值）"跳转正常,该类元素共10个，当前第9个
2020-08-26 19:07:08,275 - 2 - INFO - 页面"魔剑侠缘（万元兑换）"跳转正常,该类元素共10个，当前第10个
2020-08-26 19:07:14,457 - 2 - INFO - 页面"武器之王（满屏爆装）"跳转正常,该类元素共20个，当前第1个
2020-08-26 19:07:20,556 - 2 - INFO - 页面"仙风道骨（送GM海量充）"跳转正常,该类元素共20个，当前第2个
2020-08-26 19:07:26,708 - 2 - INFO - 页面"少年群侠传（送千元充值）"跳转正常,该类元素共20个，当前第3个
2020-08-26 19:07:32,873 - 2 - INFO - 页面"女神联盟2（送500充值）"跳转正常,该类元素共20个，当前第4个
2020-08-26 19:07:39,026 - 2 - INFO - 页面"星辰变（送百元永抽）"跳转正常,该类元素共20个，当前第5个
2020-08-26 19:07:45,328 - 2 - INFO - 页面"魔侠传（开服送2000充）"跳转正常,该类元素共20个，当前第6个
2020-08-26 19:07:51,630 - 2 - INFO - 页面"不思议地下城（百抽特权）"跳转正常,该类元素共20个，当前第7个
2020-08-26 19:07:57,755 - 2 - INFO - 页面"仙灵世界（送海量连抽）"跳转正常,该类元素共20个，当前第8个
2020-08-26 19:08:03,891 - 2 - INFO - 页面"神龙猎手（开局送万抽）"跳转正常,该类元素共20个，当前第9个
2020-08-26 19:08:10,036 - 2 - INFO - 页面"机甲战纪（送GM特权）"跳转正常,该类元素共20个，当前第10个
2020-08-26 19:08:16,467 - 2 - INFO - 页面"梦幻江湖（送千万元宝）"跳转正常,该类元素共20个，当前第11个
2020-08-26 19:08:22,585 - 2 - INFO - 页面"九曲封神（送海量充值）"跳转正常,该类元素共20个，当前第12个
2020-08-26 19:08:28,742 - 2 - INFO - 页面"剑侠风云（送海量充值）"跳转正常,该类元素共20个，当前第13个
2020-08-26 19:08:34,873 - 2 - INFO - 页面"魔剑侠缘（万元兑换）"跳转正常,该类元素共20个，当前第14个
2020-08-26 19:08:41,099 - 2 - INFO - 页面"怒火一刀（天天送充值）"跳转正常,该类元素共20个，当前第15个
2020-08-26 19:08:47,259 - 2 - INFO - 页面"魔龙诀（全屏爆宝）"跳转正常,该类元素共20个，当前第16个
2020-08-26 19:08:53,437 - 2 - INFO - 页面"征程三国（送充值）"跳转正常,该类元素共20个，当前第17个
2020-08-26 19:08:59,553 - 2 - INFO - 页面"凡人飞仙传（六界纷争）"跳转正常,该类元素共20个，当前第18个
2020-08-26 19:09:05,693 - 2 - INFO - 页面"风之旅团（每日送充值）"跳转正常,该类元素共20个，当前第19个
2020-08-26 19:09:11,854 - 2 - INFO - 页面"齐天记（海量资源特权）"跳转正常,该类元素共20个，当前第20个
2020-08-26 19:09:19,824 - 2 - INFO - 页面"少年群侠传（送千元充值）"跳转正常,该类元素共10个，当前第1个
2020-08-26 19:09:25,966 - 2 - INFO - 页面"女神联盟2（送500充值）"跳转正常,该类元素共10个，当前第2个
2020-08-26 19:09:32,118 - 2 - INFO - 页面"魔侠传（开服送2000充）"跳转正常,该类元素共10个，当前第3个
2020-08-26 19:09:38,224 - 2 - INFO - 页面"不思议地下城（百抽特权）"跳转正常,该类元素共10个，当前第4个
2020-08-26 19:09:44,346 - 2 - INFO - 页面"仙灵世界（送海量连抽）"跳转正常,该类元素共10个，当前第5个
2020-08-26 19:09:50,513 - 2 - INFO - 页面"机甲战纪（送GM特权）"跳转正常,该类元素共10个，当前第6个
2020-08-26 19:09:56,637 - 2 - INFO - 页面"梦幻江湖（送千万元宝）"跳转正常,该类元素共10个，当前第7个
2020-08-26 19:10:02,792 - 2 - INFO - 页面"剑侠风云（送海量充值）"跳转正常,该类元素共10个，当前第8个
2020-08-26 19:10:08,965 - 2 - INFO - 页面"魔剑侠缘（万元兑换）"跳转正常,该类元素共10个，当前第9个
2020-08-26 19:10:15,108 - 2 - INFO - 页面"魔龙诀（全屏爆宝）"跳转正常,该类元素共10个，当前第10个
2020-08-26 19:10:21,283 - 2 - INFO - 页面"武器之王（满屏爆装）"跳转正常,该类元素共20个，当前第1个
2020-08-26 19:10:27,438 - 2 - INFO - 页面"仙风道骨（送GM海量充）"跳转正常,该类元素共20个，当前第2个
2020-08-26 19:10:33,576 - 2 - INFO - 页面"少年群侠传（送千元充值）"跳转正常,该类元素共20个，当前第3个
2020-08-26 19:10:39,717 - 2 - INFO - 页面"女神联盟2（送500充值）"跳转正常,该类元素共20个，当前第4个
2020-08-26 19:10:45,873 - 2 - INFO - 页面"星辰变（送百元永抽）"跳转正常,该类元素共20个，当前第5个
2020-08-26 19:10:52,021 - 2 - INFO - 页面"魔侠传（开服送2000充）"跳转正常,该类元素共20个，当前第6个
2020-08-26 19:10:58,157 - 2 - INFO - 页面"不思议地下城（百抽特权）"跳转正常,该类元素共20个，当前第7个
2020-08-26 19:11:04,277 - 2 - INFO - 页面"仙灵世界（送海量连抽）"跳转正常,该类元素共20个，当前第8个
2020-08-26 19:11:10,423 - 2 - INFO - 页面"神龙猎手（开局送万抽）"跳转正常,该类元素共20个，当前第9个
2020-08-26 19:11:16,566 - 2 - INFO - 页面"机甲战纪（送GM特权）"跳转正常,该类元素共20个，当前第10个
2020-08-26 19:11:22,713 - 2 - INFO - 页面"梦幻江湖（送千万元宝）"跳转正常,该类元素共20个，当前第11个
2020-08-26 19:11:28,868 - 2 - INFO - 页面"九曲封神（送海量充值）"跳转正常,该类元素共20个，当前第12个
2020-08-26 19:11:35,010 - 2 - INFO - 页面"剑侠风云（送海量充值）"跳转正常,该类元素共20个，当前第13个
2020-08-26 19:11:41,160 - 2 - INFO - 页面"魔剑侠缘（万元兑换）"跳转正常,该类元素共20个，当前第14个
2020-08-26 19:11:47,316 - 2 - INFO - 页面"怒火一刀（天天送充值）"跳转正常,该类元素共20个，当前第15个
2020-08-26 19:11:53,460 - 2 - INFO - 页面"魔龙诀（全屏爆宝）"跳转正常,该类元素共20个，当前第16个
2020-08-26 19:11:59,615 - 2 - INFO - 页面"征程三国（送充值）"跳转正常,该类元素共20个，当前第17个
2020-08-26 19:12:05,751 - 2 - INFO - 页面"凡人飞仙传（六界纷争）"跳转正常,该类元素共20个，当前第18个
2020-08-26 19:12:11,874 - 2 - INFO - 页面"风之旅团（每日送充值）"跳转正常,该类元素共20个，当前第19个
2020-08-26 19:12:18,016 - 2 - INFO - 页面"齐天记（海量资源特权）"跳转正常,该类元素共20个，当前第20个
2020-08-26 19:12:25,921 - 2 - INFO - 页面"《星辰变（送百元永抽）》上线送百元充值卡*"跳转正常,该类元素共1个，当前第1个
2020-08-26 19:12:26,161 - basepage - INFO - Click back on current page.
2020-08-26 19:12:31,898 - 2 - INFO - 页面"《武器之王（满屏爆装）》上线送VIP10，50万福利"跳转正常,该类元素共1个，当前第1个
2020-08-26 19:12:32,160 - basepage - INFO - Click back on current page.
2020-08-26 19:12:37,862 - 2 - INFO - 页面"《怒火一刀（天天送充值）》创角送满Vip，6888"跳转正常,该类元素共1个，当前第1个
2020-08-26 19:12:38,295 - basepage - INFO - Click back on current page.
2020-08-26 19:12:44,334 - 2 - ERROR - 页面"《凡人飞仙传（六界纷争）》上线赠送VIP8、元宝"跳转异常,该类元素共1个，当前第1个
2020-08-26 19:12:44,859 - basepage - INFO - Click back on current page.
2020-08-26 19:12:50,880 - 2 - ERROR - 页面"《九曲封神（送海量充值）》上线就送VIP8，388"跳转异常,该类元素共1个，当前第1个
2020-08-26 19:12:51,543 - basepage - INFO - Click back on current page.
2020-08-26 19:12:58,925 - 2 - INFO - 页面"【最笨周末活动】8.7 周末活动海量惊喜等你来拿"跳转正常,该类元素共1个，当前第1个
2020-08-26 19:12:59,160 - basepage - INFO - Click back on current page.
2020-08-26 19:13:04,220 - 2 - INFO - 页面"闪将三国（送千元充值）"跳转正常,该类元素共12个，当前第1个
2020-08-26 19:13:04,689 - basepage - INFO - Click back on current page.
2020-08-26 19:13:09,785 - 2 - INFO - 页面"天使圣域（欧皇海量抽）"跳转正常,该类元素共12个，当前第2个
2020-08-26 19:13:10,006 - basepage - INFO - Click back on current page.
2020-08-26 19:13:15,017 - 2 - INFO - 页面"斗罗大陆神界传说Ⅱ（天天送充值）"跳转正常,该类元素共12个，当前第3个
2020-08-26 19:13:15,228 - basepage - INFO - Click back on current page.
2020-08-26 19:13:20,315 - 2 - INFO - 页面"龙之霸业（送千元充值）"跳转正常,该类元素共12个，当前第4个
2020-08-26 19:13:20,543 - basepage - INFO - Click back on current page.
2020-08-26 19:13:25,617 - 2 - INFO - 页面"乱戳三国2（送GM特权）"跳转正常,该类元素共12个，当前第5个
2020-08-26 19:13:25,874 - basepage - INFO - Click back on current page.
2020-08-26 19:13:30,612 - 2 - INFO - 页面"无双三国（送328充值）"跳转正常,该类元素共12个，当前第6个
2020-08-26 19:13:30,875 - basepage - INFO - Click back on current page.
2020-08-26 19:13:35,615 - 2 - INFO - 页面"六界之门（百抽海量特权）"跳转正常,该类元素共12个，当前第7个
2020-08-26 19:13:35,888 - basepage - INFO - Click back on current page.
2020-08-26 19:13:40,619 - 2 - INFO - 页面"阴阳界（送1000充值）"跳转正常,该类元素共12个，当前第8个
2020-08-26 19:13:40,858 - basepage - INFO - Click back on current page.
2020-08-26 19:13:45,596 - 2 - INFO - 页面"天域战记（天天送充值）"跳转正常,该类元素共12个，当前第9个
2020-08-26 19:13:45,815 - basepage - INFO - Click back on current page.
2020-08-26 19:13:50,889 - 2 - INFO - 页面"黑暗与荣耀（送史诗宠物）"跳转正常,该类元素共12个，当前第10个
2020-08-26 19:13:51,125 - basepage - INFO - Click back on current page.
2020-08-26 19:13:56,221 - 2 - INFO - 页面"剑心吟（送648充值）"跳转正常,该类元素共12个，当前第11个
2020-08-26 19:13:56,455 - basepage - INFO - Click back on current page.
2020-08-26 19:14:01,625 - 2 - INFO - 页面"一剑问情（海量充值特权）"跳转正常,该类元素共12个，当前第12个
2020-08-26 19:14:01,866 - basepage - INFO - Click back on current page.
2020-08-26 19:14:07,539 - 2 - INFO - 页面"魔兽世界怀旧服2020年6月7日人口普查一览"跳转正常,该类元素共2个，当前第1个
2020-08-26 19:14:08,200 - basepage - INFO - Click back on current page.
2020-08-26 19:14:15,372 - 2 - INFO - 页面"DNF萌噬噬宠物属性怎么样？萌噬噬属性介绍"跳转正常,该类元素共2个，当前第2个
2020-08-26 19:14:15,640 - basepage - INFO - Click back on current page.
2020-08-26 19:14:22,384 - 2 - INFO - 页面"崩坏3失落迷迭圣痕选择怎么搭配-失落迷迭圣痕选择搭配推荐-最笨下载"跳转正常,该类元素共14个，当前第1个
2020-08-26 19:14:22,862 - basepage - INFO - Click back on current page.
2020-08-26 19:14:29,888 - 2 - INFO - 页面"伊洛纳女皇怎么玩-女皇玩法攻略-最笨下载"跳转正常,该类元素共14个，当前第2个
2020-08-26 19:14:30,155 - basepage - INFO - Click back on current page.
2020-08-26 19:14:36,803 - 2 - INFO - 页面"登山赛车二无限金币钻石最新版-无限金币无限钻石版直接下载-最笨下载"跳转正常,该类元素共14个，当前第3个
2020-08-26 19:14:37,174 - basepage - INFO - Click back on current page.
2020-08-26 19:14:43,899 - 2 - INFO - 页面"剑与远征1.45版本更新什么-1.45版本更新内容-最笨下载"跳转正常,该类元素共14个，当前第4个
2020-08-26 19:14:44,239 - basepage - INFO - Click back on current page.
2020-08-26 19:14:51,014 - 2 - INFO - 页面"明日方舟俄柏的灰蕈迷境渗透与远袭怎么过-俄柏的灰蕈迷境渗透与远袭攻略-最笨下载"跳转正常,该类元素共14个，当前第5个
2020-08-26 19:14:51,226 - basepage - INFO - Click back on current page.
2020-08-26 19:14:58,285 - 2 - INFO - 页面"枪火重生太子护符流怎么玩-太子护符流攻略-最笨下载"跳转正常,该类元素共14个，当前第6个
2020-08-26 19:14:58,746 - basepage - INFO - Click back on current page.
2020-08-26 19:15:05,942 - 2 - INFO - 页面"DNF手游粉色武器怎么得-粉色武器获取攻略-最笨下载"跳转正常,该类元素共14个，当前第7个
2020-08-26 19:15:06,173 - basepage - INFO - Click back on current page.
2020-08-26 19:15:13,269 - 2 - INFO - 页面"战魂铭人客厅皮肤怎么得-客厅皮肤获取方法-最笨下载"跳转正常,该类元素共14个，当前第8个
2020-08-26 19:15:13,553 - basepage - INFO - Click back on current page.
2020-08-26 19:15:20,304 - 2 - INFO - 页面"剑与远征团队远征章鱼怎么打-团队远征章鱼通关攻略-最笨下载"跳转正常,该类元素共14个，当前第9个
2020-08-26 19:15:20,726 - basepage - INFO - Click back on current page.
2020-08-26 19:15:27,885 - 2 - INFO - 页面"原神手游在哪些地方氪金-氪金攻略-最笨下载"跳转正常,该类元素共14个，当前第10个
2020-08-26 19:15:28,137 - basepage - INFO - Click back on current page.
2020-08-26 19:15:35,278 - 2 - INFO - 页面"不朽之旅武器如何选择-武器选择攻略-最笨下载"跳转正常,该类元素共14个，当前第11个
2020-08-26 19:15:35,669 - basepage - INFO - Click back on current page.
2020-08-26 19:15:42,721 - 2 - INFO - 页面"天涯明月刀手游天香怎么玩-天香教学攻略-最笨下载"跳转正常,该类元素共14个，当前第12个
2020-08-26 19:15:42,941 - basepage - INFO - Click back on current page.
2020-08-26 19:15:49,940 - 2 - INFO - 页面"DNF100级版本天帝怎么加点-100级版本天帝加点推荐-最笨下载"跳转正常,该类元素共14个，当前第13个
2020-08-26 19:15:50,189 - basepage - INFO - Click back on current page.
2020-08-26 19:15:56,786 - 2 - INFO - 页面"王者荣耀2020年18888买哪个英雄-2020年18888英雄推荐-最笨下载"跳转正常,该类元素共14个，当前第14个
2020-08-26 19:15:57,295 - basepage - INFO - Click back on current page.
2020-08-26 19:16:06,395 - 2 - INFO - 页面"烟雨江湖道远禅师在哪-道远禅师位置攻略"跳转正常,该类元素共2个，当前第1个
2020-08-26 19:16:06,614 - basepage - INFO - Click back on current page.
2020-08-26 19:16:13,355 - 2 - INFO - 页面"剑与远征公会花仙BOSS怎么打-公会花仙BOSS攻略"跳转正常,该类元素共2个，当前第2个
2020-08-26 19:16:13,797 - basepage - INFO - Click back on current page.
2020-08-26 19:16:20,288 - 2 - INFO - 页面"变态手游公益服_bt手游变态服_无限元宝bt手游下载_BT手游中心-最笨下载"跳转正常,该类元素共28个，当前第1个
2020-08-26 19:16:20,550 - basepage - INFO - Click back on current page.
2020-08-26 19:16:27,233 - 2 - INFO - 页面"武器之王（满屏爆装）_武器之王（满屏爆装）无限元宝服_SF变态版武器之王（满屏爆装）公益服下载 - 最笨下载"跳转正常,该类元素共28个，当前第2个
2020-08-26 19:16:27,455 - basepage - INFO - Click back on current page.
2020-08-26 19:16:34,151 - 2 - INFO - 页面"满vip版手游_手游sf送顶级vip_满级vip无限元宝手游下载-最笨下载"跳转正常,该类元素共28个，当前第3个
2020-08-26 19:16:34,566 - basepage - INFO - Click back on current page.
2020-08-26 19:16:41,296 - 2 - INFO - 页面"仙风道骨（送GM海量充）_仙风道骨（送GM海量充）无限元宝服_SF变态版仙风道骨（送GM海量充）公益服下载 - 最笨下载"跳转正常,该类元素共28个，当前第4个
2020-08-26 19:16:41,566 - basepage - INFO - Click back on current page.
2020-08-26 19:16:48,028 - 2 - INFO - 页面"变态手游公益服_bt手游变态服_无限元宝bt手游下载_BT手游中心-最笨下载"跳转正常,该类元素共28个，当前第5个
2020-08-26 19:16:48,487 - basepage - INFO - Click back on current page.
2020-08-26 19:16:55,389 - 2 - INFO - 页面"少年群侠传（送千元充值）_少年群侠传（送千元充值）无限元宝服_SF变态版少年群侠传（送千元充值）公益服下载 - 最笨下载"跳转正常,该类元素共28个，当前第6个
2020-08-26 19:16:55,623 - basepage - INFO - Click back on current page.
2020-08-26 19:17:02,125 - 2 - INFO - 页面"满vip版手游_手游sf送顶级vip_满级vip无限元宝手游下载-最笨下载"跳转正常,该类元素共28个，当前第7个
2020-08-26 19:17:02,394 - basepage - INFO - Click back on current page.
2020-08-26 19:17:09,081 - 2 - INFO - 页面"女神联盟2（送500充值）_女神联盟2（送500充值）无限元宝服_SF变态版女神联盟2（送500充值）公益服下载 - 最笨下载"跳转正常,该类元素共28个，当前第8个
2020-08-26 19:17:09,524 - basepage - INFO - Click back on current page.
2020-08-26 19:17:15,987 - 2 - INFO - 页面"变态手游公益服_bt手游变态服_无限元宝bt手游下载_BT手游中心-最笨下载"跳转正常,该类元素共28个，当前第9个
2020-08-26 19:17:16,248 - basepage - INFO - Click back on current page.
2020-08-26 19:17:22,928 - 2 - INFO - 页面"星辰变（送百元永抽）_星辰变（送百元永抽）无限元宝服_SF变态版星辰变（送百元永抽）公益服下载 - 最笨下载"跳转正常,该类元素共28个，当前第10个
2020-08-26 19:17:23,455 - basepage - INFO - Click back on current page.
2020-08-26 19:17:29,918 - 2 - INFO - 页面"满vip版手游_手游sf送顶级vip_满级vip无限元宝手游下载-最笨下载"跳转正常,该类元素共28个，当前第11个
2020-08-26 19:17:30,199 - basepage - INFO - Click back on current page.
2020-08-26 19:17:36,908 - 2 - INFO - 页面"魔侠传（开服送2000充）_魔侠传（开服送2000充）无限元宝服_SF变态版魔侠传（开服送2000充）公益服下载 - 最笨下载"跳转正常,该类元素共28个，当前第12个
2020-08-26 19:17:37,352 - basepage - INFO - Click back on current page.
2020-08-26 19:17:43,865 - 2 - INFO - 页面"变态手游公益服_bt手游变态服_无限元宝bt手游下载_BT手游中心-最笨下载"跳转正常,该类元素共28个，当前第13个
2020-08-26 19:17:44,131 - basepage - INFO - Click back on current page.
2020-08-26 19:17:50,827 - 2 - INFO - 页面"不思议地下城（百抽特权）_不思议地下城（百抽特权）无限元宝服_SF变态版不思议地下城（百抽特权）公益服下载 - 最笨下载"跳转正常,该类元素共28个，当前第14个
2020-08-26 19:17:51,212 - basepage - INFO - Click back on current page.
2020-08-26 19:17:57,715 - 2 - INFO - 页面"满vip版手游_手游sf送顶级vip_满级vip无限元宝手游下载-最笨下载"跳转正常,该类元素共28个，当前第15个
2020-08-26 19:17:57,980 - basepage - INFO - Click back on current page.
2020-08-26 19:18:04,663 - 2 - INFO - 页面"仙灵世界（送海量连抽）_仙灵世界（送海量连抽）无限元宝服_SF变态版仙灵世界（送海量连抽）公益服下载 - 最笨下载"跳转正常,该类元素共28个，当前第16个
2020-08-26 19:18:05,202 - basepage - INFO - Click back on current page.
2020-08-26 19:18:11,645 - 2 - INFO - 页面"变态手游公益服_bt手游变态服_无限元宝bt手游下载_BT手游中心-最笨下载"跳转正常,该类元素共28个，当前第17个
2020-08-26 19:18:11,855 - basepage - INFO - Click back on current page.
2020-08-26 19:18:18,607 - 2 - INFO - 页面"神龙猎手（开局送万抽）_神龙猎手（开局送万抽）无限元宝服_SF变态版神龙猎手（开局送万抽）公益服下载 - 最笨下载"跳转正常,该类元素共28个，当前第18个
2020-08-26 19:18:18,982 - basepage - INFO - Click back on current page.
2020-08-26 19:18:25,449 - 2 - INFO - 页面"满vip版手游_手游sf送顶级vip_满级vip无限元宝手游下载-最笨下载"跳转正常,该类元素共28个，当前第19个
2020-08-26 19:18:25,729 - basepage - INFO - Click back on current page.
2020-08-26 19:18:32,436 - 2 - INFO - 页面"机甲战纪（送GM特权）_机甲战纪（送GM特权）无限元宝服_SF变态版机甲战纪（送GM特权）公益服下载 - 最笨下载"跳转正常,该类元素共28个，当前第20个
2020-08-26 19:18:32,962 - basepage - INFO - Click back on current page.
2020-08-26 19:18:39,445 - 2 - INFO - 页面"变态手游公益服_bt手游变态服_无限元宝bt手游下载_BT手游中心-最笨下载"跳转正常,该类元素共28个，当前第21个
2020-08-26 19:18:39,812 - basepage - INFO - Click back on current page.
2020-08-26 19:18:46,497 - 2 - INFO - 页面"梦幻江湖（送千万元宝）_梦幻江湖（送千万元宝）无限元宝服_SF变态版梦幻江湖（送千万元宝）公益服下载 - 最笨下载"跳转正常,该类元素共28个，当前第22个
2020-08-26 19:18:46,981 - basepage - INFO - Click back on current page.
2020-08-26 19:18:53,456 - 2 - INFO - 页面"变态手游公益服_bt手游变态服_无限元宝bt手游下载_BT手游中心-最笨下载"跳转正常,该类元素共28个，当前第23个
2020-08-26 19:18:53,762 - basepage - INFO - Click back on current page.
2020-08-26 19:19:00,426 - 2 - INFO - 页面"九曲封神（送海量充值）_九曲封神（送海量充值）无限元宝服_SF变态版九曲封神（送海量充值）公益服下载 - 最笨下载"跳转正常,该类元素共28个，当前第24个
2020-08-26 19:19:00,845 - basepage - INFO - Click back on current page.
2020-08-26 19:19:07,297 - 2 - INFO - 页面"变态手游公益服_bt手游变态服_无限元宝bt手游下载_BT手游中心-最笨下载"跳转正常,该类元素共28个，当前第25个
2020-08-26 19:19:07,561 - basepage - INFO - Click back on current page.
2020-08-26 19:19:14,308 - 2 - INFO - 页面"剑侠风云（送海量充值）_剑侠风云（送海量充值）无限元宝服_SF变态版剑侠风云（送海量充值）公益服下载 - 最笨下载"跳转正常,该类元素共28个，当前第26个
2020-08-26 19:19:14,738 - basepage - INFO - Click back on current page.
2020-08-26 19:19:21,344 - 2 - INFO - 页面"满vip版手游_手游sf送顶级vip_满级vip无限元宝手游下载-最笨下载"跳转正常,该类元素共28个，当前第27个
2020-08-26 19:19:21,611 - basepage - INFO - Click back on current page.
2020-08-26 19:19:28,262 - 2 - INFO - 页面"魔剑侠缘（万元兑换）_魔剑侠缘（万元兑换）无限元宝服_SF变态版魔剑侠缘（万元兑换）公益服下载 - 最笨下载"跳转正常,该类元素共28个，当前第28个
2020-08-26 19:19:28,774 - basepage - INFO - Click back on current page.
2020-08-26 19:19:37,241 - 2 - INFO - 页面"无广告看书全免费软件哪个好"跳转正常,该类元素共2个，当前第1个
2020-08-26 19:19:37,529 - basepage - INFO - Click back on current page.
2020-08-26 19:19:44,662 - 2 - INFO - 页面"回复女朋友的软件叫什么"跳转正常,该类元素共2个，当前第2个
2020-08-26 19:19:45,090 - basepage - INFO - Click back on current page.
2020-08-26 19:19:52,224 - 2 - INFO - 页面"【苹果娱乐软件】iPhone手机娱乐软件_iPhone娱乐软件免费下载大全-最笨下载"跳转正常,该类元素共28个，当前第1个
2020-08-26 19:19:52,460 - basepage - INFO - Click back on current page.
2020-08-26 19:19:59,873 - 2 - INFO - 页面"最笨游戏盒子iOS版_最笨游戏盒子iOS版下载_最笨游戏盒子iOS版官方下载-最笨下载"跳转正常,该类元素共28个，当前第2个
2020-08-26 19:20:00,110 - basepage - INFO - Click back on current page.
2020-08-26 19:20:07,010 - 2 - INFO - 页面"【安卓娱乐软件】安卓娱乐软件下载_安卓娱乐软件推荐_安卓娱乐软件大全-最笨下载"跳转正常,该类元素共28个，当前第3个
2020-08-26 19:20:07,511 - basepage - INFO - Click back on current page.
2020-08-26 19:20:14,568 - 2 - INFO - 页面"最笨游戏盒子_最笨游戏盒子下载_最笨游戏盒子官方下载-最笨下载"跳转正常,该类元素共28个，当前第4个
2020-08-26 19:20:14,779 - basepage - INFO - Click back on current page.
2020-08-26 19:20:21,860 - 2 - INFO - 页面"【安卓聊天软件】安卓聊天软件下载_安卓聊天软件排行_安卓聊天软件大全-最笨下载"跳转正常,该类元素共28个，当前第5个
2020-08-26 19:20:22,124 - basepage - INFO - Click back on current page.
2020-08-26 19:20:29,175 - 2 - INFO - 页面"蜜小助_蜜小助下载_蜜小助官方下载-最笨下载"跳转正常,该类元素共28个，当前第6个
2020-08-26 19:20:29,595 - basepage - INFO - Click back on current page.
2020-08-26 19:20:36,076 - 2 - INFO - 页面"【安卓娱乐软件】安卓娱乐软件下载_安卓娱乐软件推荐_安卓娱乐软件大全-最笨下载"跳转正常,该类元素共28个，当前第7个
2020-08-26 19:20:36,299 - basepage - INFO - Click back on current page.
2020-08-26 19:20:43,271 - 2 - INFO - 页面"3733游戏盒子_3733游戏盒子下载_3733游戏盒子官方下载-最笨下载"跳转正常,该类元素共28个，当前第8个
2020-08-26 19:20:43,552 - basepage - INFO - Click back on current page.
2020-08-26 19:20:50,012 - 2 - INFO - 页面"【安卓聊天软件】安卓聊天软件下载_安卓聊天软件排行_安卓聊天软件大全-最笨下载"跳转正常,该类元素共28个，当前第9个
2020-08-26 19:20:50,478 - basepage - INFO - Click back on current page.
2020-08-26 19:20:57,881 - 2 - INFO - 页面"土味情话_土味情话下载_土味情话官方下载-最笨下载"跳转正常,该类元素共28个，当前第10个
2020-08-26 19:20:58,274 - basepage - INFO - Click back on current page.
2020-08-26 19:21:04,737 - 2 - INFO - 页面"【安卓聊天软件】安卓聊天软件下载_安卓聊天软件排行_安卓聊天软件大全-最笨下载"跳转正常,该类元素共28个，当前第11个
2020-08-26 19:21:05,155 - basepage - INFO - Click back on current page.
2020-08-26 19:21:12,593 - 2 - INFO - 页面"恋爱话术_恋爱话术下载_恋爱话术官方下载-最笨下载"跳转正常,该类元素共28个，当前第12个
2020-08-26 19:21:12,832 - basepage - INFO - Click back on current page.
2020-08-26 19:21:19,287 - 2 - INFO - 页面"【安卓聊天软件】安卓聊天软件下载_安卓聊天软件排行_安卓聊天软件大全-最笨下载"跳转正常,该类元素共28个，当前第13个
2020-08-26 19:21:19,765 - basepage - INFO - Click back on current page.
2020-08-26 19:21:26,971 - 2 - INFO - 页面"土味情话社_土味情话社下载_土味情话社官方下载-最笨下载"跳转正常,该类元素共28个，当前第14个
2020-08-26 19:21:27,239 - basepage - INFO - Click back on current page.
2020-08-26 19:21:34,298 - 2 - INFO - 页面"【安卓阅读软件】安卓阅读软件下载_安卓阅读软件哪个好_安卓阅读软件排行-最笨下载"跳转正常,该类元素共28个，当前第15个
2020-08-26 19:21:34,741 - basepage - INFO - Click back on current page.
2020-08-26 19:21:41,775 - 2 - INFO - 页面"吾爱看书_吾爱看书下载_吾爱看书官方下载-最笨下载"跳转正常,该类元素共28个，当前第16个
2020-08-26 19:21:41,994 - basepage - INFO - Click back on current page.
2020-08-26 19:21:49,094 - 2 - INFO - 页面"【苹果阅读软件】iPhone手机阅读软件_iPhone阅读软件免费下载大全-最笨下载"跳转正常,该类元素共28个，当前第17个
2020-08-26 19:21:49,405 - basepage - INFO - Click back on current page.
2020-08-26 19:21:56,447 - 2 - INFO - 页面"吾爱看书ios版_吾爱看书ios版下载_吾爱看书ios版官方下载-最笨下载"跳转正常,该类元素共28个，当前第18个
2020-08-26 19:21:56,997 - basepage - INFO - Click back on current page.
2020-08-26 19:22:03,686 - 2 - INFO - 页面"【安卓聊天软件】安卓聊天软件下载_安卓聊天软件排行_安卓聊天软件大全-最笨下载"跳转正常,该类元素共28个，当前第19个
2020-08-26 19:22:03,940 - basepage - INFO - Click back on current page.
2020-08-26 19:22:10,939 - 2 - INFO - 页面"恋爱话术库_恋爱话术库下载_恋爱话术库官方下载-最笨下载"跳转正常,该类元素共28个，当前第20个
2020-08-26 19:22:11,174 - basepage - INFO - Click back on current page.
2020-08-26 19:22:17,683 - 2 - INFO - 页面"【安卓聊天软件】安卓聊天软件下载_安卓聊天软件排行_安卓聊天软件大全-最笨下载"跳转正常,该类元素共28个，当前第21个
2020-08-26 19:22:18,070 - basepage - INFO - Click back on current page.
2020-08-26 19:22:25,105 - 2 - INFO - 页面"撩吧_撩吧下载_撩吧官方下载-最笨下载"跳转正常,该类元素共28个，当前第22个
2020-08-26 19:22:25,387 - basepage - INFO - Click back on current page.
2020-08-26 19:22:31,815 - 2 - INFO - 页面"【安卓聊天软件】安卓聊天软件下载_安卓聊天软件排行_安卓聊天软件大全-最笨下载"跳转正常,该类元素共28个，当前第23个
2020-08-26 19:22:32,256 - basepage - INFO - Click back on current page.
2020-08-26 19:22:39,645 - 2 - INFO - 页面"遇知音_遇知音下载_遇知音官方下载-最笨下载"跳转正常,该类元素共28个，当前第24个
2020-08-26 19:22:39,896 - basepage - INFO - Click back on current page.
2020-08-26 19:22:46,336 - 2 - INFO - 页面"【安卓聊天软件】安卓聊天软件下载_安卓聊天软件排行_安卓聊天软件大全-最笨下载"跳转正常,该类元素共28个，当前第25个
2020-08-26 19:22:46,933 - basepage - INFO - Click back on current page.
2020-08-26 19:22:54,369 - 2 - INFO - 页面"脱单大师_脱单大师下载_脱单大师官方下载-最笨下载"跳转正常,该类元素共28个，当前第26个
2020-08-26 19:22:54,604 - basepage - INFO - Click back on current page.
2020-08-26 19:23:01,046 - 2 - INFO - 页面"【安卓聊天软件】安卓聊天软件下载_安卓聊天软件排行_安卓聊天软件大全-最笨下载"跳转正常,该类元素共28个，当前第27个
2020-08-26 19:23:01,640 - basepage - INFO - Click back on current page.
2020-08-26 19:23:08,952 - 2 - INFO - 页面"爱情套路_爱情套路下载_爱情套路官方下载-最笨下载"跳转正常,该类元素共28个，当前第28个
2020-08-26 19:23:09,251 - basepage - INFO - Click back on current page.
2020-08-26 19:23:19,239 - 2 - INFO - 页面"【安卓播放器】安卓播放器下载_安卓播放器哪个最好_安卓播放器下载排行-最笨下载"跳转正常,该类元素共19个，当前第1个
2020-08-26 19:23:19,500 - basepage - INFO - Click back on current page.
2020-08-26 19:23:26,543 - 2 - INFO - 页面"【安卓学习软件】安卓学习软件下载_安卓学习软件免费下载_安卓学习软件大全-最笨下载"跳转正常,该类元素共19个，当前第2个
2020-08-26 19:23:27,066 - basepage - INFO - Click back on current page.
2020-08-26 19:23:33,843 - 2 - INFO - 页面"【安卓辅助软件】安卓辅助软件下载_安卓辅助软件推荐_安卓辅助软件大全-最笨下载"跳转正常,该类元素共19个，当前第3个
2020-08-26 19:23:34,090 - basepage - INFO - Click back on current page.
2020-08-26 19:23:41,176 - 2 - INFO - 页面"【安卓输入法】安卓输入法下载_安卓输入法哪个好_安卓输入法怎么用-最笨下载"跳转正常,该类元素共19个，当前第4个
2020-08-26 19:23:41,466 - basepage - INFO - Click back on current page.
2020-08-26 19:23:48,432 - 2 - INFO - 页面"【安卓通信软件】安卓通信软件下载_安卓通信软件推荐_安卓通信软件大全-最笨下载"跳转正常,该类元素共19个，当前第5个
2020-08-26 19:23:48,877 - basepage - INFO - Click back on current page.
2020-08-26 19:23:55,989 - 2 - INFO - 页面"【安卓固件】安卓固件下载_安卓固件包下载_安卓固件管理器-最笨下载"跳转正常,该类元素共19个，当前第6个
2020-08-26 19:23:56,247 - basepage - INFO - Click back on current page.
2020-08-26 19:24:03,189 - 2 - INFO - 页面"【安卓文件管理器】安卓文件管理器下载_安卓文件管理器哪个好_安卓文件管理器中文版-最笨下载"跳转正常,该类元素共19个，当前第7个
2020-08-26 19:24:03,465 - basepage - INFO - Click back on current page.
2020-08-26 19:24:10,418 - 2 - INFO - 页面"【安卓同步软件】安卓同步软件下载_安卓同步软件哪个好_安卓手机同步软件-最笨下载"跳转正常,该类元素共19个，当前第8个
2020-08-26 19:24:10,836 - basepage - INFO - Click back on current page.
2020-08-26 19:24:17,919 - 2 - INFO - 页面"【安卓办公软件】安卓办公软件下载_安卓办公软件哪个好_安卓办公软件哪种最好-最笨下载"跳转正常,该类元素共19个，当前第9个
2020-08-26 19:24:18,250 - basepage - INFO - Click back on current page.
2020-08-26 19:24:25,390 - 2 - INFO - 页面"【安卓理财软件】安卓理财软件下载_安卓理财软件哪个好_安卓理财软件大全-最笨下载"跳转正常,该类元素共19个，当前第10个
2020-08-26 19:24:25,683 - basepage - INFO - Click back on current page.
2020-08-26 19:24:32,977 - 2 - INFO - 页面"【安卓备份软件】安卓备份软件下载_安卓备份软件哪个好_安卓手机备份软件-最笨下载"跳转正常,该类元素共19个，当前第11个
2020-08-26 19:24:33,476 - basepage - INFO - Click back on current page.
2020-08-26 19:24:40,449 - 2 - INFO - 页面"【安卓跑步软件】安卓跑步软件下载_安卓跑步软件哪个好_安卓跑步软件大全-最笨下载"跳转正常,该类元素共19个，当前第12个
2020-08-26 19:24:40,714 - basepage - INFO - Click back on current page.
2020-08-26 19:24:47,631 - 2 - INFO - 页面"【安卓健康管理软件】安卓健康管理软件下载_安卓健康管理软件推荐_安卓健康管理软件大全-最笨下载"跳转正常,该类元素共19个，当前第13个
2020-08-26 19:24:47,863 - basepage - INFO - Click back on current page.
2020-08-26 19:24:54,794 - 2 - INFO - 页面"【安卓系统软件】安卓系统软件下载_安卓系统软件免费下载_安卓系统软件下载工具-最笨下载"跳转正常,该类元素共19个，当前第14个
2020-08-26 19:24:55,297 - basepage - INFO - Click back on current page.
2020-08-26 19:25:01,782 - 2 - INFO - 页面"【安卓聊天软件】安卓聊天软件下载_安卓聊天软件排行_安卓聊天软件大全-最笨下载"跳转正常,该类元素共19个，当前第15个
2020-08-26 19:25:02,062 - basepage - INFO - Click back on current page.
2020-08-26 19:25:09,166 - 2 - INFO - 页面"【安卓应用软件】安卓应用软件排行_好玩的安卓应用软件_好用的安卓应用软件-最笨下载"跳转正常,该类元素共19个，当前第16个
2020-08-26 19:25:09,422 - basepage - INFO - Click back on current page.
2020-08-26 19:25:15,904 - 2 - INFO - 页面"【安卓娱乐软件】安卓娱乐软件下载_安卓娱乐软件推荐_安卓娱乐软件大全-最笨下载"跳转正常,该类元素共19个，当前第17个
2020-08-26 19:25:16,307 - basepage - INFO - Click back on current page.
2020-08-26 19:25:23,345 - 2 - INFO - 页面"【安卓导航软件】安卓导航软件下载_安卓导航软件哪个好_安卓导航软件排名-最笨下载"跳转正常,该类元素共19个，当前第18个
2020-08-26 19:25:23,580 - basepage - INFO - Click back on current page.
2020-08-26 19:25:30,523 - 2 - INFO - 页面"【安卓网络软件】安卓网络软件下载_安卓网络软件推荐_安卓网络软件大全-最笨下载"跳转正常,该类元素共19个，当前第19个
2020-08-26 19:25:30,956 - basepage - INFO - Click back on current page.
2020-08-26 19:25:39,344 - 2 - INFO - 页面"3733手游游戏平台_3733手游游戏平台下载_3733手游游戏平台官方下载-最笨下载"跳转正常,该类元素共18个，当前第1个
2020-08-26 19:25:45,470 - 2 - INFO - 页面"安致手游游戏平台_安致手游游戏平台下载_安致手游游戏平台官方下载-最笨下载"跳转正常,该类元素共18个，当前第2个
2020-08-26 19:25:51,587 - 2 - INFO - 页面"蜜小助会员破解版_蜜小助会员破解版下载_蜜小助会员破解版官方下载-最笨下载"跳转正常,该类元素共18个，当前第3个
2020-08-26 19:25:57,711 - 2 - INFO - 页面"蜜小助vip破解版_蜜小助vip破解版下载_蜜小助vip破解版官方下载-最笨下载"跳转正常,该类元素共18个，当前第4个
2020-08-26 19:26:03,856 - 2 - INFO - 页面"蜜小助内购版_蜜小助内购版下载_蜜小助内购版官方下载-最笨下载"跳转正常,该类元素共18个，当前第5个
2020-08-26 19:26:09,995 - 2 - INFO - 页面"聊天套路安卓版_聊天套路安卓版下载_聊天套路安卓版官方下载-最笨下载"跳转正常,该类元素共18个，当前第6个
2020-08-26 19:26:16,144 - 2 - INFO - 页面"聊天套路破解版_聊天套路破解版下载_聊天套路破解版官方下载-最笨下载"跳转正常,该类元素共18个，当前第7个
2020-08-26 19:26:22,274 - 2 - INFO - 页面"聊天套路软件_聊天套路软件下载_聊天套路软件官方下载-最笨下载"跳转正常,该类元素共18个，当前第8个
2020-08-26 19:26:28,418 - 2 - INFO - 页面"聊天套路_聊天套路下载_聊天套路官方下载-最笨下载"跳转正常,该类元素共18个，当前第9个
2020-08-26 19:26:34,524 - 2 - INFO - 页面"信息回复神器_信息回复神器下载_信息回复神器官方下载-最笨下载"跳转正常,该类元素共18个，当前第10个
2020-08-26 19:26:40,647 - 2 - INFO - 页面"消息回复神器_消息回复神器下载_消息回复神器官方下载-最笨下载"跳转正常,该类元素共18个，当前第11个
2020-08-26 19:26:46,817 - 2 - INFO - 页面"消息回复辅助神器_消息回复辅助神器下载_消息回复辅助神器官方下载-最笨下载"跳转正常,该类元素共18个，当前第12个
2020-08-26 19:26:52,954 - 2 - INFO - 页面"回复神器_回复神器下载_回复神器官方下载-最笨下载"跳转正常,该类元素共18个，当前第13个
2020-08-26 19:26:59,100 - 2 - INFO - 页面"神撩话术大全库_神撩话术大全库下载_神撩话术大全库官方下载-最笨下载"跳转正常,该类元素共18个，当前第14个
2020-08-26 19:27:05,262 - 2 - INFO - 页面"扑鹿_扑鹿下载_扑鹿官方下载-最笨下载"跳转正常,该类元素共18个，当前第15个
2020-08-26 19:27:11,429 - 2 - INFO - 页面"日杂相机_日杂相机下载_日杂相机官方下载-最笨下载"跳转正常,该类元素共18个，当前第16个
2020-08-26 19:27:17,584 - 2 - INFO - 页面"皮皮虾_皮皮虾下载_皮皮虾官方下载-最笨下载"跳转正常,该类元素共18个，当前第17个
2020-08-26 19:27:23,727 - 2 - INFO - 页面"吾爱看书_吾爱看书下载_吾爱看书官方下载-最笨下载"跳转正常,该类元素共18个，当前第18个
2020-08-26 19:27:29,842 - 2 - INFO - 页面"【安卓益智游戏】好玩的安卓益智游戏大全_安卓益智类游戏_益智游戏下载-最笨下载"跳转正常,该类元素共17个，当前第1个
2020-08-26 19:27:30,122 - basepage - INFO - Click back on current page.
2020-08-26 19:27:37,124 - 2 - INFO - 页面"【安卓其他游戏】好玩的安卓其他游戏大全_安卓其他类游戏_其他游戏下载-最笨下载"跳转正常,该类元素共17个，当前第2个
2020-08-26 19:27:37,359 - basepage - INFO - Click back on current page.
2020-08-26 19:27:44,497 - 2 - INFO - 页面"【安卓音乐游戏】好玩的安卓音乐游戏大全_安卓音乐类游戏_音乐游戏下载-最笨下载"跳转正常,该类元素共17个，当前第3个
2020-08-26 19:27:44,970 - basepage - INFO - Click back on current page.
2020-08-26 19:27:52,129 - 2 - INFO - 页面"【安卓网络游戏】好玩的安卓网络游戏大全_安卓网络类游戏_网络游戏下载-最笨下载"跳转正常,该类元素共17个，当前第4个
2020-08-26 19:27:52,398 - basepage - INFO - Click back on current page.
2020-08-26 19:27:59,063 - 2 - INFO - 页面"【安卓格斗游戏】好玩的安卓格斗游戏大全_安卓格斗类游戏_格斗游戏下载-最笨下载"跳转正常,该类元素共17个，当前第5个
2020-08-26 19:27:59,357 - basepage - INFO - Click back on current page.
2020-08-26 19:28:06,284 - 2 - INFO - 页面"【安卓飞行游戏】好玩的安卓飞行游戏大全_安卓飞行类游戏_飞行游戏下载-最笨下载"跳转正常,该类元素共17个，当前第6个
2020-08-26 19:28:06,719 - basepage - INFO - Click back on current page.
2020-08-26 19:28:13,428 - 2 - INFO - 页面"【安卓体育运动游戏】好玩的安卓体育运动游戏大全_安卓体育运动类游戏_体育运动游戏下载-最笨下载"跳转正常,该类元素共17个，当前第7个
2020-08-26 19:28:13,706 - basepage - INFO - Click back on current page.
2020-08-26 19:28:20,349 - 2 - INFO - 页面"【安卓模拟经营游戏】好玩的安卓模拟经营游戏大全_安卓模拟经营类游戏_模拟经营游戏下载-最笨下载"跳转正常,该类元素共17个，当前第8个
2020-08-26 19:28:20,609 - basepage - INFO - Click back on current page.
2020-08-26 19:28:27,926 - 2 - INFO - 页面"【安卓策略游戏】好玩的安卓策略游戏大全_安卓策略类游戏_策略游戏下载-最笨下载"跳转正常,该类元素共17个，当前第9个
2020-08-26 19:28:28,403 - basepage - INFO - Click back on current page.
2020-08-26 19:28:35,478 - 2 - INFO - 页面"【安卓塔防游戏】好玩的安卓塔防游戏大全_安卓塔防类游戏_塔防游戏下载-最笨下载"跳转正常,该类元素共17个，当前第10个
2020-08-26 19:28:35,721 - basepage - INFO - Click back on current page.
2020-08-26 19:28:42,686 - 2 - INFO - 页面"【安卓解谜冒险游戏】好玩的安卓解谜冒险游戏大全_安卓解谜冒险类游戏_解谜冒险游戏下载-最笨下载"跳转正常,该类元素共17个，当前第11个
2020-08-26 19:28:42,973 - basepage - INFO - Click back on current page.
2020-08-26 19:28:50,059 - 2 - INFO - 页面"【安卓射击游戏】好玩的安卓射击游戏大全_安卓射击类游戏_射击游戏下载-最笨下载"跳转正常,该类元素共17个，当前第12个
2020-08-26 19:28:50,490 - basepage - INFO - Click back on current page.
2020-08-26 19:28:57,129 - 2 - INFO - 页面"【安卓棋牌游戏】好玩的安卓棋牌游戏大全_安卓棋牌类游戏_棋牌游戏下载-最笨下载"跳转正常,该类元素共17个，当前第13个
2020-08-26 19:28:57,403 - basepage - INFO - Click back on current page.
2020-08-26 19:29:04,064 - 2 - INFO - 页面"【安卓赛车游戏】好玩的安卓赛车游戏大全_安卓赛车类游戏_赛车游戏下载-最笨下载"跳转正常,该类元素共17个，当前第14个
2020-08-26 19:29:04,337 - basepage - INFO - Click back on current page.
2020-08-26 19:29:11,447 - 2 - INFO - 页面"【安卓角色扮演游戏】好玩的安卓角色扮演游戏大全_安卓角色扮演类游戏_角色扮演游戏下载-最笨下载"跳转正常,该类元素共17个，当前第15个
2020-08-26 19:29:11,924 - basepage - INFO - Click back on current page.
2020-08-26 19:29:18,896 - 2 - INFO - 页面"【安卓动作游戏】好玩的安卓动作游戏大全_安卓动作类游戏_动作游戏下载-最笨下载"跳转正常,该类元素共17个，当前第16个
2020-08-26 19:29:19,203 - basepage - INFO - Click back on current page.
2020-08-26 19:29:26,442 - 2 - INFO - 页面"【安卓休闲游戏】好玩的安卓休闲游戏大全_安卓休闲类游戏_休闲游戏下载-最笨下载"跳转正常,该类元素共17个，当前第17个
2020-08-26 19:29:26,689 - basepage - INFO - Click back on current page.
2020-08-26 19:29:35,060 - 2 - INFO - 页面"炼金国度（送1000元充值）ios版_炼金国度（送1000元充值）ios版下载_炼金国度（送1000元充值）ios版官方下载-最笨下载"跳转正常,该类元素共18个，当前第1个
2020-08-26 19:29:41,223 - 2 - INFO - 页面"国贼顾挽之_国贼顾挽之下载_国贼顾挽之官方下载-最笨下载"跳转正常,该类元素共18个，当前第2个
2020-08-26 19:29:47,386 - 2 - INFO - 页面"大秦黎明_大秦黎明下载_大秦黎明官方下载-最笨下载"跳转正常,该类元素共18个，当前第3个
2020-08-26 19:29:53,540 - 2 - INFO - 页面"怒焰三国杀手游_怒焰三国杀手游下载_怒焰三国杀手游官方下载-最笨下载"跳转正常,该类元素共18个，当前第4个
2020-08-26 19:29:59,676 - 2 - INFO - 页面"末日围城_末日围城下载_末日围城官方下载-最笨下载"跳转正常,该类元素共18个，当前第5个
2020-08-26 19:30:05,847 - 2 - INFO - 页面"天将雄师九游版_天将雄师九游版下载_天将雄师九游版官方下载-最笨下载"跳转正常,该类元素共18个，当前第6个
2020-08-26 19:30:12,010 - 2 - INFO - 页面"诸王黎明_诸王黎明下载_诸王黎明官方下载-最笨下载"跳转正常,该类元素共18个，当前第7个
2020-08-26 19:30:18,174 - 2 - INFO - 页面"一梦江湖九游版_一梦江湖九游版下载_一梦江湖九游版官方下载-最笨下载"跳转正常,该类元素共18个，当前第8个
2020-08-26 19:30:24,315 - 2 - INFO - 页面"NBA篮球大师_NBA篮球大师下载_NBA篮球大师官方下载-最笨下载"跳转正常,该类元素共18个，当前第9个
2020-08-26 19:30:30,472 - 2 - INFO - 页面"萌妖传手游_萌妖传手游下载_萌妖传手游官方下载-最笨下载"跳转正常,该类元素共18个，当前第10个
2020-08-26 19:30:36,626 - 2 - INFO - 页面"中超英雄手游_中超英雄手游下载_中超英雄手游官方下载-最笨下载"跳转正常,该类元素共18个，当前第11个
2020-08-26 19:30:42,780 - 2 - INFO - 页面"三国战天下手游_三国战天下手游下载_三国战天下手游官方下载-最笨下载"跳转正常,该类元素共18个，当前第12个
2020-08-26 19:30:48,926 - 2 - INFO - 页面"拳皇命运_拳皇命运下载_拳皇命运官方下载-最笨下载"跳转正常,该类元素共18个，当前第13个
2020-08-26 19:30:55,067 - 2 - INFO - 页面"电能大亨_电能大亨下载_电能大亨官方下载-最笨下载"跳转正常,该类元素共18个，当前第14个
2020-08-26 19:31:01,205 - 2 - INFO - 页面"驾校模拟器_驾校模拟器下载_驾校模拟器官方下载-最笨下载"跳转正常,该类元素共18个，当前第15个
2020-08-26 19:31:07,370 - 2 - INFO - 页面"暗黑探险2_暗黑探险2下载_暗黑探险2官方下载-最笨下载"跳转正常,该类元素共18个，当前第16个
2020-08-26 19:31:13,508 - 2 - INFO - 页面"风暴山之谜_风暴山之谜下载_风暴山之谜官方下载-最笨下载"跳转正常,该类元素共18个，当前第17个
2020-08-26 19:31:19,632 - 2 - INFO - 页面"炸弹投石机:卡牌战斗_炸弹投石机:卡牌战斗下载_炸弹投石机:卡牌战斗官方下载-最笨下载"跳转正常,该类元素共18个，当前第18个
2020-08-26 19:31:26,971 - 2 - INFO - 页面"变态手游公益服_bt手游变态服_无限元宝bt手游下载_BT手游中心-最笨下载"跳转正常,该类元素共13个，当前第1个
2020-08-26 19:31:27,247 - basepage - INFO - Click back on current page.
2020-08-26 19:31:35,754 - 2 - INFO - 页面"变态手游公益服_bt手游变态服_无限元宝bt手游下载_BT手游中心-最笨下载"跳转正常,该类元素共13个，当前第2个
2020-08-26 19:31:36,159 - basepage - INFO - Click back on current page.
2020-08-26 19:31:44,346 - 2 - INFO - 页面"变态手游公益服_bt手游变态服_无限元宝bt手游下载_BT手游中心-最笨下载"跳转正常,该类元素共13个，当前第3个
2020-08-26 19:31:44,818 - basepage - INFO - Click back on current page.
2020-08-26 19:31:53,210 - 2 - INFO - 页面"变态手游公益服_bt手游变态服_无限元宝bt手游下载_BT手游中心-最笨下载"跳转正常,该类元素共13个，当前第4个
2020-08-26 19:31:53,497 - basepage - INFO - Click back on current page.
2020-08-26 19:32:01,874 - 2 - INFO - 页面"变态手游公益服_bt手游变态服_无限元宝bt手游下载_BT手游中心-最笨下载"跳转正常,该类元素共13个，当前第5个
2020-08-26 19:32:02,467 - basepage - INFO - Click back on current page.
2020-08-26 19:32:11,035 - 2 - INFO - 页面"变态手游公益服_bt手游变态服_无限元宝bt手游下载_BT手游中心-最笨下载"跳转正常,该类元素共13个，当前第6个
2020-08-26 19:32:11,454 - basepage - INFO - Click back on current page.
2020-08-26 19:32:19,613 - 2 - INFO - 页面"变态手游公益服_bt手游变态服_无限元宝bt手游下载_BT手游中心-最笨下载"跳转正常,该类元素共13个，当前第7个
2020-08-26 19:32:19,879 - basepage - INFO - Click back on current page.
2020-08-26 19:32:28,055 - 2 - INFO - 页面"变态手游公益服_bt手游变态服_无限元宝bt手游下载_BT手游中心-最笨下载"跳转正常,该类元素共13个，当前第8个
2020-08-26 19:32:28,549 - basepage - INFO - Click back on current page.
2020-08-26 19:32:36,622 - 2 - INFO - 页面"变态手游公益服_bt手游变态服_无限元宝bt手游下载_BT手游中心-最笨下载"跳转正常,该类元素共13个，当前第9个
2020-08-26 19:32:37,040 - basepage - INFO - Click back on current page.
2020-08-26 19:32:45,205 - 2 - INFO - 页面"变态手游公益服_bt手游变态服_无限元宝bt手游下载_BT手游中心-最笨下载"跳转正常,该类元素共13个，当前第10个
2020-08-26 19:32:45,478 - basepage - INFO - Click back on current page.
2020-08-26 19:32:53,494 - 2 - INFO - 页面"变态手游公益服_bt手游变态服_无限元宝bt手游下载_BT手游中心-最笨下载"跳转正常,该类元素共13个，当前第11个
2020-08-26 19:32:53,936 - basepage - INFO - Click back on current page.
2020-08-26 19:33:02,088 - 2 - INFO - 页面"变态手游公益服_bt手游变态服_无限元宝bt手游下载_BT手游中心-最笨下载"跳转正常,该类元素共13个，当前第12个
2020-08-26 19:33:02,556 - basepage - INFO - Click back on current page.
2020-08-26 19:33:11,389 - 2 - INFO - 页面"变态手游公益服_bt手游变态服_无限元宝bt手游下载_BT手游中心-最笨下载"跳转正常,该类元素共13个，当前第13个
2020-08-26 19:33:11,661 - basepage - INFO - Click back on current page.
2020-08-26 19:33:20,015 - 2 - INFO - 页面"天使圣域（欧皇海量抽）_天使圣域（欧皇海量抽）无限元宝服_SF变态版天使圣域（欧皇海量抽）公益服下载 - 最笨下载"跳转正常,该类元素共18个，当前第1个
2020-08-26 19:33:26,167 - 2 - INFO - 页面"斗罗大陆神界传说Ⅱ（天天送充值）_斗罗大陆神界传说Ⅱ（天天送充值）无限元宝服_SF变态版斗罗大陆神界传说Ⅱ（天天送充值）公益服下载 - 最笨下载"跳转正常,该类元素共18个，当前第2个
2020-08-26 19:33:32,331 - 2 - INFO - 页面"龙之霸业（送千元充值）_龙之霸业（送千元充值）无限元宝服_SF变态版龙之霸业（送千元充值）公益服下载 - 最笨下载"跳转正常,该类元素共18个，当前第3个
2020-08-26 19:33:38,499 - 2 - INFO - 页面"无双三国（送328充值）_无双三国（送328充值）无限元宝服_SF变态版无双三国（送328充值）公益服下载 - 最笨下载"跳转正常,该类元素共18个，当前第4个
2020-08-26 19:33:44,644 - 2 - INFO - 页面"六界之门（百抽海量特权）_六界之门（百抽海量特权）无限元宝服_SF变态版六界之门（百抽海量特权）公益服下载 - 最笨下载"跳转正常,该类元素共18个，当前第5个
2020-08-26 19:33:50,790 - 2 - INFO - 页面"阴阳界（送1000充值）_阴阳界（送1000充值）无限元宝服_SF变态版阴阳界（送1000充值）公益服下载 - 最笨下载"跳转正常,该类元素共18个，当前第6个
2020-08-26 19:33:56,918 - 2 - INFO - 页面"天域战记（天天送充值）_天域战记（天天送充值）无限元宝服_SF变态版天域战记（天天送充值）公益服下载 - 最笨下载"跳转正常,该类元素共18个，当前第7个
2020-08-26 19:34:03,057 - 2 - INFO - 页面"黑暗与荣耀（送史诗宠物）_黑暗与荣耀（送史诗宠物）无限元宝服_SF变态版黑暗与荣耀（送史诗宠物）公益服下载 - 最笨下载"跳转正常,该类元素共18个，当前第8个
2020-08-26 19:34:09,230 - 2 - INFO - 页面"剑心吟（送648充值）_剑心吟（送648充值）无限元宝服_SF变态版剑心吟（送648充值）公益服下载 - 最笨下载"跳转正常,该类元素共18个，当前第9个
2020-08-26 19:34:15,382 - 2 - INFO - 页面"一剑问情（海量充值特权）_一剑问情（海量充值特权）无限元宝服_SF变态版一剑问情（海量充值特权）公益服下载 - 最笨下载"跳转正常,该类元素共18个，当前第10个
2020-08-26 19:34:21,570 - 2 - INFO - 页面"少年勇者团（天天送充值）_少年勇者团（天天送充值）无限元宝服_SF变态版少年勇者团（天天送充值）公益服下载 - 最笨下载"跳转正常,该类元素共18个，当前第11个
2020-08-26 19:34:27,707 - 2 - INFO - 页面"修仙记（送海量充值）_修仙记（送海量充值）无限元宝服_SF变态版修仙记（送海量充值）公益服下载 - 最笨下载"跳转正常,该类元素共18个，当前第12个
2020-08-26 19:34:33,865 - 2 - INFO - 页面"御龙三国志（送真百抽）_御龙三国志（送真百抽）无限元宝服_SF变态版御龙三国志（送真百抽）公益服下载 - 最笨下载"跳转正常,该类元素共18个，当前第13个
2020-08-26 19:34:40,013 - 2 - INFO - 页面"神龙猎手（开局送万抽）_神龙猎手（开局送万抽）无限元宝服_SF变态版神龙猎手（开局送万抽）公益服下载 - 最笨下载"跳转正常,该类元素共18个，当前第14个
2020-08-26 19:34:46,159 - 2 - INFO - 页面"梦幻江湖（送千万元宝）_梦幻江湖（送千万元宝）无限元宝服_SF变态版梦幻江湖（送千万元宝）公益服下载 - 最笨下载"跳转正常,该类元素共18个，当前第15个
2020-08-26 19:34:52,308 - 2 - INFO - 页面"天际征服（送20连抽）_天际征服（送20连抽）无限元宝服_SF变态版天际征服（送20连抽）公益服下载 - 最笨下载"跳转正常,该类元素共18个，当前第16个
2020-08-26 19:34:58,478 - 2 - INFO - 页面"乱斗英雄坛（每日送真充）_乱斗英雄坛（每日送真充）无限元宝服_SF变态版乱斗英雄坛（每日送真充）公益服下载 - 最笨下载"跳转正常,该类元素共18个，当前第17个
2020-08-26 19:35:04,627 - 2 - INFO - 页面"爱宠大冒险（送2K充值）_爱宠大冒险（送2K充值）无限元宝服_SF变态版爱宠大冒险（送2K充值）公益服下载 - 最笨下载"跳转正常,该类元素共18个，当前第18个
2020-08-26 19:35:12,047 - 2 - INFO - 页面"满vip版手游_手游sf送顶级vip_满级vip无限元宝手游下载-最笨下载"跳转正常,该类元素共13个，当前第1个
2020-08-26 19:35:12,324 - basepage - INFO - Click back on current page.
2020-08-26 19:35:20,538 - 2 - INFO - 页面"满vip版手游_手游sf送顶级vip_满级vip无限元宝手游下载-最笨下载"跳转正常,该类元素共13个，当前第2个
2020-08-26 19:35:20,925 - basepage - INFO - Click back on current page.
2020-08-26 19:35:29,064 - 2 - INFO - 页面"满vip版手游_手游sf送顶级vip_满级vip无限元宝手游下载-最笨下载"跳转正常,该类元素共13个，当前第3个
2020-08-26 19:35:29,460 - basepage - INFO - Click back on current page.
2020-08-26 19:35:37,683 - 2 - INFO - 页面"满vip版手游_手游sf送顶级vip_满级vip无限元宝手游下载-最笨下载"跳转正常,该类元素共13个，当前第4个
2020-08-26 19:35:37,954 - basepage - INFO - Click back on current page.
2020-08-26 19:35:46,103 - 2 - INFO - 页面"满vip版手游_手游sf送顶级vip_满级vip无限元宝手游下载-最笨下载"跳转正常,该类元素共13个，当前第5个
2020-08-26 19:35:46,620 - basepage - INFO - Click back on current page.
2020-08-26 19:35:54,871 - 2 - INFO - 页面"满vip版手游_手游sf送顶级vip_满级vip无限元宝手游下载-最笨下载"跳转正常,该类元素共13个，当前第6个
2020-08-26 19:35:55,318 - basepage - INFO - Click back on current page.
2020-08-26 19:36:03,360 - 2 - INFO - 页面"满vip版手游_手游sf送顶级vip_满级vip无限元宝手游下载-最笨下载"跳转正常,该类元素共13个，当前第7个
2020-08-26 19:36:03,813 - basepage - INFO - Click back on current page.
2020-08-26 19:36:11,883 - 2 - INFO - 页面"满vip版手游_手游sf送顶级vip_满级vip无限元宝手游下载-最笨下载"跳转正常,该类元素共13个，当前第8个
2020-08-26 19:36:12,191 - basepage - INFO - Click back on current page.
2020-08-26 19:36:20,205 - 2 - INFO - 页面"满vip版手游_手游sf送顶级vip_满级vip无限元宝手游下载-最笨下载"跳转正常,该类元素共13个，当前第9个
2020-08-26 19:36:20,636 - basepage - INFO - Click back on current page.
2020-08-26 19:36:29,061 - 2 - INFO - 页面"满vip版手游_手游sf送顶级vip_满级vip无限元宝手游下载-最笨下载"跳转正常,该类元素共13个，当前第10个
2020-08-26 19:36:29,590 - basepage - INFO - Click back on current page.
2020-08-26 19:36:37,623 - 2 - INFO - 页面"满vip版手游_手游sf送顶级vip_满级vip无限元宝手游下载-最笨下载"跳转正常,该类元素共13个，当前第11个
2020-08-26 19:36:38,187 - basepage - INFO - Click back on current page.
2020-08-26 19:36:46,493 - 2 - INFO - 页面"满vip版手游_手游sf送顶级vip_满级vip无限元宝手游下载-最笨下载"跳转正常,该类元素共13个，当前第12个
2020-08-26 19:36:46,818 - basepage - INFO - Click back on current page.
2020-08-26 19:36:54,754 - 2 - INFO - 页面"满vip版手游_手游sf送顶级vip_满级vip无限元宝手游下载-最笨下载"跳转正常,该类元素共13个，当前第13个
2020-08-26 19:36:55,259 - basepage - INFO - Click back on current page.
2020-08-26 19:37:03,634 - 2 - INFO - 页面"闪将三国（送千元充值）_闪将三国（送千元充值）无限元宝服_SF变态版闪将三国（送千元充值）公益服下载 - 最笨下载"跳转正常,该类元素共18个，当前第1个
2020-08-26 19:37:09,774 - 2 - INFO - 页面"乱戳三国2（送GM特权）_乱戳三国2（送GM特权）无限元宝服_SF变态版乱戳三国2（送GM特权）公益服下载 - 最笨下载"跳转正常,该类元素共18个，当前第2个
2020-08-26 19:37:15,910 - 2 - INFO - 页面"吞噬苍穹（海量充值卡）_吞噬苍穹（海量充值卡）无限元宝服_SF变态版吞噬苍穹（海量充值卡）公益服下载 - 最笨下载"跳转正常,该类元素共18个，当前第3个
2020-08-26 19:37:22,063 - 2 - INFO - 页面"刀剑神魔录（1元商城特权）_刀剑神魔录（1元商城特权）无限元宝服_SF变态版刀剑神魔录（1元商城特权）公益服下载 - 最笨下载"跳转正常,该类元素共18个，当前第4个
2020-08-26 19:37:28,204 - 2 - INFO - 页面"乱世江湖（天天送充值）_乱世江湖（天天送充值）无限元宝服_SF变态版乱世江湖（天天送充值）公益服下载 - 最笨下载"跳转正常,该类元素共18个，当前第5个
2020-08-26 19:37:34,404 - 2 - INFO - 页面"王者战歌（送千元充值）_王者战歌（送千元充值）无限元宝服_SF变态版王者战歌（送千元充值）公益服下载 - 最笨下载"跳转正常,该类元素共18个，当前第6个
2020-08-26 19:37:40,559 - 2 - INFO - 页面"齐天记（海量资源特权）_齐天记（海量资源特权）无限元宝服_SF变态版齐天记（海量资源特权）公益服下载 - 最笨下载"跳转正常,该类元素共18个，当前第7个
2020-08-26 19:37:46,693 - 2 - INFO - 页面"征程三国（送百抽S神将）_征程三国（送百抽S神将）无限元宝服_SF变态版征程三国（送百抽S神将）公益服下载 - 最笨下载"跳转正常,该类元素共18个，当前第8个
2020-08-26 19:37:52,824 - 2 - INFO - 页面"净化（海量商城特权）_净化（海量商城特权）无限元宝服_SF变态版净化（海量商城特权）公益服下载 - 最笨下载"跳转正常,该类元素共18个，当前第9个
2020-08-26 19:37:58,968 - 2 - INFO - 页面"机甲战纪（送GM特权）_机甲战纪（送GM特权）无限元宝服_SF变态版机甲战纪（送GM特权）公益服下载 - 最笨下载"跳转正常,该类元素共18个，当前第10个
2020-08-26 19:38:05,150 - 2 - INFO - 页面"星星喵（送千元充值）_星星喵（送千元充值）无限元宝服_SF变态版星星喵（送千元充值）公益服下载 - 最笨下载"跳转正常,该类元素共18个，当前第11个
2020-08-26 19:38:11,331 - 2 - INFO - 页面"轩辕剑群侠传（商城特权）_轩辕剑群侠传（商城特权）无限元宝服_SF变态版轩辕剑群侠传（商城特权）公益服下载 - 最笨下载"跳转正常,该类元素共18个，当前第12个
2020-08-26 19:38:17,479 - 2 - INFO - 页面"大秦之帝国崛起（送法拉利）_大秦之帝国崛起（送法拉利）无限元宝服_SF变态版大秦之帝国崛起（送法拉利）公益服下载 - 最笨下载"跳转正常,该类元素共18个，当前第13个
2020-08-26 19:38:23,614 - 2 - INFO - 页面"进击的少女（闯关爆充值）_进击的少女（闯关爆充值）无限元宝服_SF变态版进击的少女（闯关爆充值）公益服下载 - 最笨下载"跳转正常,该类元素共18个，当前第14个
2020-08-26 19:38:29,755 - 2 - INFO - 页面"小小虎将（海量特权）_小小虎将（海量特权）无限元宝服_SF变态版小小虎将（海量特权）公益服下载 - 最笨下载"跳转正常,该类元素共18个，当前第15个
2020-08-26 19:38:35,893 - 2 - INFO - 页面"妖游记（海量送充值）_妖游记（海量送充值）无限元宝服_SF变态版妖游记（海量送充值）公益服下载 - 最笨下载"跳转正常,该类元素共18个，当前第16个
2020-08-26 19:38:42,029 - 2 - INFO - 页面"武龙争道（送海量红将）_武龙争道（送海量红将）无限元宝服_SF变态版武龙争道（送海量红将）公益服下载 - 最笨下载"跳转正常,该类元素共18个，当前第17个
2020-08-26 19:38:48,197 - 2 - INFO - 页面"斗战三国志（送328充值）_斗战三国志（送328充值）无限元宝服_SF变态版斗战三国志（送328充值）公益服下载 - 最笨下载"跳转正常,该类元素共18个，当前第18个
2020-08-26 19:38:55,376 - 2 - INFO - 页面"gm版手游_无限元宝/钻石公益服_0元免费gm权限手游下载-最笨下载"跳转正常,该类元素共13个，当前第1个
2020-08-26 19:38:55,630 - basepage - INFO - Click back on current page.
2020-08-26 19:39:03,685 - 2 - INFO - 页面"gm版手游_无限元宝/钻石公益服_0元免费gm权限手游下载-最笨下载"跳转正常,该类元素共13个，当前第2个
2020-08-26 19:39:04,070 - basepage - INFO - Click back on current page.
2020-08-26 19:39:12,019 - 2 - INFO - 页面"gm版手游_无限元宝/钻石公益服_0元免费gm权限手游下载-最笨下载"跳转正常,该类元素共13个，当前第3个
2020-08-26 19:39:12,522 - basepage - INFO - Click back on current page.
2020-08-26 19:39:20,517 - 2 - INFO - 页面"gm版手游_无限元宝/钻石公益服_0元免费gm权限手游下载-最笨下载"跳转正常,该类元素共13个，当前第4个
2020-08-26 19:39:20,798 - basepage - INFO - Click back on current page.
2020-08-26 19:39:28,964 - 2 - INFO - 页面"gm版手游_无限元宝/钻石公益服_0元免费gm权限手游下载-最笨下载"跳转正常,该类元素共13个，当前第5个
2020-08-26 19:39:29,472 - basepage - INFO - Click back on current page.
2020-08-26 19:39:37,404 - 2 - INFO - 页面"gm版手游_无限元宝/钻石公益服_0元免费gm权限手游下载-最笨下载"跳转正常,该类元素共13个，当前第6个
2020-08-26 19:39:37,910 - basepage - INFO - Click back on current page.
2020-08-26 19:39:45,896 - 2 - INFO - 页面"gm版手游_无限元宝/钻石公益服_0元免费gm权限手游下载-最笨下载"跳转正常,该类元素共13个，当前第7个
2020-08-26 19:39:46,200 - basepage - INFO - Click back on current page.
2020-08-26 19:39:54,162 - 2 - INFO - 页面"gm版手游_无限元宝/钻石公益服_0元免费gm权限手游下载-最笨下载"跳转正常,该类元素共13个，当前第8个
2020-08-26 19:39:54,638 - basepage - INFO - Click back on current page.
2020-08-26 19:40:02,742 - 2 - INFO - 页面"gm版手游_无限元宝/钻石公益服_0元免费gm权限手游下载-最笨下载"跳转正常,该类元素共13个，当前第9个
2020-08-26 19:40:03,281 - basepage - INFO - Click back on current page.
2020-08-26 19:40:11,333 - 2 - INFO - 页面"gm版手游_无限元宝/钻石公益服_0元免费gm权限手游下载-最笨下载"跳转正常,该类元素共13个，当前第10个
2020-08-26 19:40:11,593 - basepage - INFO - Click back on current page.
2020-08-26 19:40:19,539 - 2 - INFO - 页面"gm版手游_无限元宝/钻石公益服_0元免费gm权限手游下载-最笨下载"跳转正常,该类元素共13个，当前第11个
2020-08-26 19:40:20,089 - basepage - INFO - Click back on current page.
2020-08-26 19:40:28,102 - 2 - INFO - 页面"gm版手游_无限元宝/钻石公益服_0元免费gm权限手游下载-最笨下载"跳转正常,该类元素共13个，当前第12个
2020-08-26 19:40:28,626 - basepage - INFO - Click back on current page.
2020-08-26 19:40:36,547 - 2 - INFO - 页面"gm版手游_无限元宝/钻石公益服_0元免费gm权限手游下载-最笨下载"跳转正常,该类元素共13个，当前第13个
2020-08-26 19:40:36,861 - basepage - INFO - Click back on current page.
2020-08-26 19:40:45,232 - 2 - INFO - 页面"九州剑灵（GM版）_九州剑灵（GM版）免费gm权限安卓下载 - 最笨下载"跳转正常,该类元素共18个，当前第1个
2020-08-26 19:40:51,405 - 2 - INFO - 页面"仙游（GM版）_仙游（GM版）免费gm权限安卓下载 - 最笨下载"跳转正常,该类元素共18个，当前第2个
2020-08-26 19:40:57,581 - 2 - INFO - 页面"高达（GM版）_高达（GM版）免费gm权限安卓下载 - 最笨下载"跳转正常,该类元素共18个，当前第3个
2020-08-26 19:41:03,714 - 2 - INFO - 页面"暗黑王者（GM版）_暗黑王者（GM版）免费gm权限安卓下载 - 最笨下载"跳转正常,该类元素共18个，当前第4个
2020-08-26 19:41:09,832 - 2 - INFO - 页面"问鼎封神（GM版）_问鼎封神（GM版）免费gm权限安卓下载 - 最笨下载"跳转正常,该类元素共18个，当前第5个
2020-08-26 19:41:15,995 - 2 - INFO - 页面"仙剑轮回（GM版）_仙剑轮回（GM版）免费gm权限安卓下载 - 最笨下载"跳转正常,该类元素共18个，当前第6个
2020-08-26 19:41:22,147 - 2 - INFO - 页面"神道仙尊（GM版）_神道仙尊（GM版）免费gm权限安卓下载 - 最笨下载"跳转正常,该类元素共18个，当前第7个
2020-08-26 19:41:28,279 - 2 - INFO - 页面"大将无双（GM版）_大将无双（GM版）免费gm权限安卓下载 - 最笨下载"跳转正常,该类元素共18个，当前第8个
2020-08-26 19:41:34,430 - 2 - INFO - 页面"青云剑诀（GM版）_青云剑诀（GM版）免费gm权限安卓下载 - 最笨下载"跳转正常,该类元素共18个，当前第9个
2020-08-26 19:41:40,577 - 2 - INFO - 页面"寂灭剑诀（GM版）_寂灭剑诀（GM版）免费gm权限安卓下载 - 最笨下载"跳转正常,该类元素共18个，当前第10个
2020-08-26 19:41:46,764 - 2 - INFO - 页面"封神记（GM版）_封神记（GM版）免费gm权限安卓下载 - 最笨下载"跳转正常,该类元素共18个，当前第11个
2020-08-26 19:41:52,907 - 2 - INFO - 页面"豪门小老婆（GM版）_豪门小老婆（GM版）免费gm权限安卓下载 - 最笨下载"跳转正常,该类元素共18个，当前第12个
2020-08-26 19:41:59,028 - 2 - INFO - 页面"三生三誓青丘传（GM版）_三生三誓青丘传（GM版）免费gm权限安卓下载 - 最笨下载"跳转正常,该类元素共18个，当前第13个
2020-08-26 19:42:05,174 - 2 - INFO - 页面"毒尊三国（GM版）_毒尊三国（GM版）免费gm权限安卓下载 - 最笨下载"跳转正常,该类元素共18个，当前第14个
2020-08-26 19:42:11,296 - 2 - INFO - 页面"乱世神话（GM版）_乱世神话（GM版）免费gm权限安卓下载 - 最笨下载"跳转正常,该类元素共18个，当前第15个
2020-08-26 19:42:17,425 - 2 - INFO - 页面"天子问剑（GM版）_天子问剑（GM版）免费gm权限安卓下载 - 最笨下载"跳转正常,该类元素共18个，当前第16个
2020-08-26 19:42:23,591 - 2 - INFO - 页面"风云三国（GM版）_风云三国（GM版）免费gm权限安卓下载 - 最笨下载"跳转正常,该类元素共18个，当前第17个
2020-08-26 19:42:29,750 - 2 - INFO - 页面"古惑三国志（GM版）_古惑三国志（GM版）免费gm权限安卓下载 - 最笨下载"跳转正常,该类元素共18个，当前第18个
2020-08-26 19:42:37,321 - 2 - INFO - 页面"免费权限GM游戏"跳转正常,该类元素共4个，当前第1个
2020-08-26 19:42:37,608 - basepage - INFO - Click back on current page.
2020-08-26 19:42:42,368 - 2 - INFO - 页面"聊天回复神器合集"跳转正常,该类元素共4个，当前第2个
2020-08-26 19:42:42,613 - basepage - INFO - Click back on current page.
2020-08-26 19:42:50,209 - 2 - INFO - 页面"超变私服传奇一刀999999级"跳转正常,该类元素共4个，当前第3个
2020-08-26 19:42:50,458 - basepage - INFO - Click back on current page.
2020-08-26 19:42:56,277 - 2 - INFO - 页面"美女爆衣游戏手游"跳转正常,该类元素共4个，当前第4个
2020-08-26 19:42:56,761 - basepage - INFO - Click back on current page.
2020-08-26 19:43:04,746 - 2 - INFO - 页面"【苹果播放器】iPhone手机播放器,iPhone播放器免费下载大全-最笨下载"跳转正常,该类元素共19个，当前第1个
2020-08-26 19:43:05,226 - basepage - INFO - Click back on current page.
2020-08-26 19:43:12,414 - 2 - INFO - 页面"【苹果学习软件】iPhone手机学习软件_iPhone学习软件免费下载大全-最笨下载"跳转正常,该类元素共19个，当前第2个
2020-08-26 19:43:12,695 - basepage - INFO - Click back on current page.
2020-08-26 19:43:19,524 - 2 - INFO - 页面"【苹果辅助软件】iPhone手机辅助软件_iPhone辅助软件免费下载大全-最笨下载"跳转正常,该类元素共19个，当前第3个
2020-08-26 19:43:19,976 - basepage - INFO - Click back on current page.
2020-08-26 19:43:27,039 - 2 - INFO - 页面"【苹果输入法】iPhone手机输入法_iPhone输入法免费下载大全-最笨下载"跳转正常,该类元素共19个，当前第4个
2020-08-26 19:43:27,342 - basepage - INFO - Click back on current page.
2020-08-26 19:43:34,447 - 2 - INFO - 页面"【苹果通信软件】iPhone手机通信软件_iPhone通信软件免费下载大全-最笨下载"跳转正常,该类元素共19个，当前第5个
2020-08-26 19:43:34,940 - basepage - INFO - Click back on current page.
2020-08-26 19:43:42,057 - 2 - INFO - 页面"【苹果固件】iPhone手机固件软件_iPhone固件软件免费下载大全-最笨下载"跳转正常,该类元素共19个，当前第6个
2020-08-26 19:43:42,378 - basepage - INFO - Click back on current page.
2020-08-26 19:43:49,315 - 2 - INFO - 页面"【苹果文件管理软件】iPhone手机文件管理软件_iPhone文件管理软件免费下载大全-最笨下载"跳转正常,该类元素共19个，当前第7个
2020-08-26 19:43:49,611 - basepage - INFO - Click back on current page.
2020-08-26 19:43:56,561 - 2 - INFO - 页面"【苹果同步软件】iPhone手机同步软件_iPhone同步软件免费下载大全-最笨下载"跳转正常,该类元素共19个，当前第8个
2020-08-26 19:43:56,965 - basepage - INFO - Click back on current page.
2020-08-26 19:44:04,060 - 2 - INFO - 页面"【苹果办公软件】iPhone手机办公软件_iPhone办公软件免费下载大全-最笨下载"跳转正常,该类元素共19个，当前第9个
2020-08-26 19:44:04,342 - basepage - INFO - Click back on current page.
2020-08-26 19:44:11,365 - 2 - INFO - 页面"【苹果理财软件】iPhone手机理财软件_iPhone理财软件免费下载大全-最笨下载"跳转正常,该类元素共19个，当前第10个
2020-08-26 19:44:11,655 - basepage - INFO - Click back on current page.
2020-08-26 19:44:18,758 - 2 - INFO - 页面"【苹果备份软件】iPhone手机备份软件_iPhone备份软件免费下载大全-最笨下载"跳转正常,该类元素共19个，当前第11个
2020-08-26 19:44:19,213 - basepage - INFO - Click back on current page.
2020-08-26 19:44:26,206 - 2 - INFO - 页面"【苹果健身软件】iPhone手机健身软件_iPhone健身软件免费下载大全-最笨下载"跳转正常,该类元素共19个，当前第12个
2020-08-26 19:44:26,539 - basepage - INFO - Click back on current page.
2020-08-26 19:44:33,675 - 2 - INFO - 页面"【苹果健康管理软件】iPhone手机健康管理软件_iPhone健康管理软件免费下载大全-最笨下载"跳转正常,该类元素共19个，当前第13个
2020-08-26 19:44:33,904 - basepage - INFO - Click back on current page.
2020-08-26 19:44:40,984 - 2 - INFO - 页面"【苹果系统软件】iPhone手机系统软件_iPhone系统软件免费下载大全-最笨下载"跳转正常,该类元素共19个，当前第14个
2020-08-26 19:44:41,445 - basepage - INFO - Click back on current page.
2020-08-26 19:44:48,401 - 2 - INFO - 页面"【苹果社交软件】iphone手机社交软件_iphone社交软件免费下载大全-最笨下载"跳转正常,该类元素共19个，当前第15个
2020-08-26 19:44:48,730 - basepage - INFO - Click back on current page.
2020-08-26 19:44:55,211 - 2 - INFO - 页面"【苹果娱乐软件】iPhone手机娱乐软件_iPhone娱乐软件免费下载大全-最笨下载"跳转正常,该类元素共19个，当前第16个
2020-08-26 19:44:55,463 - basepage - INFO - Click back on current page.
2020-08-26 19:45:02,388 - 2 - INFO - 页面"【苹果导航】iPhone手机导航软件,iPhone导航软件免费下载大全-最笨下载"跳转正常,该类元素共19个，当前第17个
2020-08-26 19:45:02,810 - basepage - INFO - Click back on current page.
2020-08-26 19:45:09,931 - 2 - INFO - 页面"【苹果网络软件】iPhone手机网络软件,iPhone网络软件免费下载大全-最笨下载"跳转正常,该类元素共19个，当前第18个
2020-08-26 19:45:10,257 - basepage - INFO - Click back on current page.
2020-08-26 19:45:17,517 - 2 - INFO - 页面"【苹果助手软件】iPhone生活助手软件_iPhone生活助手软件免费下载大全-最笨下载"跳转正常,该类元素共19个，当前第19个
2020-08-26 19:45:17,886 - basepage - INFO - Click back on current page.
2020-08-26 19:45:26,243 - 2 - INFO - 页面"安致手游盒子ios版_安致手游盒子ios版下载_安致手游盒子ios版官方下载-最笨下载"跳转正常,该类元素共18个，当前第1个
2020-08-26 19:45:32,401 - 2 - INFO - 页面"爪游控游戏盒子ios版_爪游控游戏盒子ios版下载_爪游控游戏盒子ios版官方下载-最笨下载"跳转正常,该类元素共18个，当前第2个
2020-08-26 19:45:38,575 - 2 - INFO - 页面"手机玩盒子ios版_手机玩盒子ios版下载_手机玩盒子ios版官方下载-最笨下载"跳转正常,该类元素共18个，当前第3个
2020-08-26 19:45:44,736 - 2 - INFO - 页面"蜜小助ios版_蜜小助ios版下载_蜜小助ios版官方下载-最笨下载"跳转正常,该类元素共18个，当前第4个
2020-08-26 19:45:50,888 - 2 - INFO - 页面"BT游戏大全ios_BT游戏大全ios下载_BT游戏大全ios官方下载-最笨下载"跳转正常,该类元素共18个，当前第5个
2020-08-26 19:45:57,049 - 2 - INFO - 页面"小8游戏盒子ios_小8游戏盒子ios下载_小8游戏盒子ios官方下载-最笨下载"跳转正常,该类元素共18个，当前第6个
2020-08-26 19:46:03,214 - 2 - INFO - 页面"安卓市场ios版_安卓市场ios版下载_安卓市场ios版官方下载-最笨下载"跳转正常,该类元素共18个，当前第7个
2020-08-26 19:46:09,363 - 2 - INFO - 页面"剪映_剪映下载_剪映官方下载-最笨下载"跳转正常,该类元素共18个，当前第8个
2020-08-26 19:46:15,503 - 2 - INFO - 页面"吾爱看书ios版_吾爱看书ios版下载_吾爱看书ios版官方下载-最笨下载"跳转正常,该类元素共18个，当前第9个
2020-08-26 19:46:21,632 - 2 - INFO - 页面"7743游戏平台_7743游戏平台下载_7743游戏平台官方下载-最笨下载"跳转正常,该类元素共18个，当前第10个
2020-08-26 19:46:27,793 - 2 - INFO - 页面"搜书帝ios_搜书帝ios下载_搜书帝ios官方下载-最笨下载"跳转正常,该类元素共18个，当前第11个
2020-08-26 19:46:34,000 - 2 - INFO - 页面"大塘小鱼_大塘小鱼下载_大塘小鱼官方下载-最笨下载"跳转正常,该类元素共18个，当前第12个
2020-08-26 19:46:40,122 - 2 - INFO - 页面"花溪小说_花溪小说下载_花溪小说官方下载-最笨下载"跳转正常,该类元素共18个，当前第13个
2020-08-26 19:46:46,261 - 2 - INFO - 页面"手译_手译下载_手译官方下载-最笨下载"跳转正常,该类元素共18个，当前第14个
2020-08-26 19:46:52,387 - 2 - INFO - 页面"sjcam_sjcam下载_sjcam官方下载-最笨下载"跳转正常,该类元素共18个，当前第15个
2020-08-26 19:46:58,507 - 2 - INFO - 页面"WearHeart_WearHeart下载_WearHeart官方下载-最笨下载"跳转正常,该类元素共18个，当前第16个
2020-08-26 19:47:04,637 - 2 - INFO - 页面"仓鼠阅读_仓鼠阅读下载_仓鼠阅读官方下载-最笨下载"跳转正常,该类元素共18个，当前第17个
2020-08-26 19:47:10,768 - 2 - INFO - 页面"漫番漫画_漫番漫画下载_漫番漫画官方下载-最笨下载"跳转正常,该类元素共18个，当前第18个
2020-08-26 19:47:17,966 - 2 - INFO - 页面"变态手游公益服_bt手游变态服_无限元宝bt手游下载_BT手游中心-最笨下载"跳转正常,该类元素共13个，当前第1个
2020-08-26 19:47:18,299 - basepage - INFO - Click back on current page.
2020-08-26 19:47:26,695 - 2 - INFO - 页面"变态手游公益服_bt手游变态服_无限元宝bt手游下载_BT手游中心-最笨下载"跳转正常,该类元素共13个，当前第2个
2020-08-26 19:47:27,156 - basepage - INFO - Click back on current page.
2020-08-26 19:47:35,314 - 2 - INFO - 页面"变态手游公益服_bt手游变态服_无限元宝bt手游下载_BT手游中心-最笨下载"跳转正常,该类元素共13个，当前第3个
2020-08-26 19:47:35,766 - basepage - INFO - Click back on current page.
2020-08-26 19:47:43,863 - 2 - INFO - 页面"变态手游公益服_bt手游变态服_无限元宝bt手游下载_BT手游中心-最笨下载"跳转正常,该类元素共13个，当前第4个
2020-08-26 19:47:44,107 - basepage - INFO - Click back on current page.
2020-08-26 19:47:52,262 - 2 - INFO - 页面"变态手游公益服_bt手游变态服_无限元宝bt手游下载_BT手游中心-最笨下载"跳转正常,该类元素共13个，当前第5个
2020-08-26 19:47:52,732 - basepage - INFO - Click back on current page.
2020-08-26 19:48:00,670 - 2 - INFO - 页面"变态手游公益服_bt手游变态服_无限元宝bt手游下载_BT手游中心-最笨下载"跳转正常,该类元素共13个，当前第6个
2020-08-26 19:48:01,118 - basepage - INFO - Click back on current page.
2020-08-26 19:48:09,090 - 2 - INFO - 页面"变态手游公益服_bt手游变态服_无限元宝bt手游下载_BT手游中心-最笨下载"跳转正常,该类元素共13个，当前第7个
2020-08-26 19:48:09,320 - basepage - INFO - Click back on current page.
2020-08-26 19:48:17,303 - 2 - INFO - 页面"变态手游公益服_bt手游变态服_无限元宝bt手游下载_BT手游中心-最笨下载"跳转正常,该类元素共13个，当前第8个
2020-08-26 19:48:17,815 - basepage - INFO - Click back on current page.
2020-08-26 19:48:25,934 - 2 - INFO - 页面"变态手游公益服_bt手游变态服_无限元宝bt手游下载_BT手游中心-最笨下载"跳转正常,该类元素共13个，当前第9个
2020-08-26 19:48:26,401 - basepage - INFO - Click back on current page.
2020-08-26 19:48:34,531 - 2 - INFO - 页面"变态手游公益服_bt手游变态服_无限元宝bt手游下载_BT手游中心-最笨下载"跳转正常,该类元素共13个，当前第10个
2020-08-26 19:48:34,818 - basepage - INFO - Click back on current page.
2020-08-26 19:48:42,957 - 2 - INFO - 页面"变态手游公益服_bt手游变态服_无限元宝bt手游下载_BT手游中心-最笨下载"跳转正常,该类元素共13个，当前第11个
2020-08-26 19:48:43,453 - basepage - INFO - Click back on current page.
2020-08-26 19:48:51,679 - 2 - INFO - 页面"变态手游公益服_bt手游变态服_无限元宝bt手游下载_BT手游中心-最笨下载"跳转正常,该类元素共13个，当前第12个
2020-08-26 19:48:52,143 - basepage - INFO - Click back on current page.
2020-08-26 19:49:01,109 - 2 - INFO - 页面"变态手游公益服_bt手游变态服_无限元宝bt手游下载_BT手游中心-最笨下载"跳转正常,该类元素共13个，当前第13个
2020-08-26 19:49:01,569 - basepage - INFO - Click back on current page.
2020-08-26 19:49:09,940 - 2 - INFO - 页面"天使圣域（欧皇海量抽）_天使圣域（欧皇海量抽）无限元宝服_SF变态版天使圣域（欧皇海量抽）公益服下载 - 最笨下载"跳转正常,该类元素共18个，当前第1个
2020-08-26 19:49:16,114 - 2 - INFO - 页面"斗罗大陆神界传说Ⅱ（天天送充值）_斗罗大陆神界传说Ⅱ（天天送充值）无限元宝服_SF变态版斗罗大陆神界传说Ⅱ（天天送充值）公益服下载 - 最笨下载"跳转正常,该类元素共18个，当前第2个
2020-08-26 19:49:22,295 - 2 - INFO - 页面"龙之霸业（送千元充值）_龙之霸业（送千元充值）无限元宝服_SF变态版龙之霸业（送千元充值）公益服下载 - 最笨下载"跳转正常,该类元素共18个，当前第3个
2020-08-26 19:49:28,458 - 2 - INFO - 页面"无双三国（送328充值）_无双三国（送328充值）无限元宝服_SF变态版无双三国（送328充值）公益服下载 - 最笨下载"跳转正常,该类元素共18个，当前第4个
2020-08-26 19:49:34,591 - 2 - INFO - 页面"六界之门（百抽海量特权）_六界之门（百抽海量特权）无限元宝服_SF变态版六界之门（百抽海量特权）公益服下载 - 最笨下载"跳转正常,该类元素共18个，当前第5个
2020-08-26 19:49:40,743 - 2 - INFO - 页面"阴阳界（送1000充值）_阴阳界（送1000充值）无限元宝服_SF变态版阴阳界（送1000充值）公益服下载 - 最笨下载"跳转正常,该类元素共18个，当前第6个
2020-08-26 19:49:46,928 - 2 - INFO - 页面"天域战记（天天送充值）_天域战记（天天送充值）无限元宝服_SF变态版天域战记（天天送充值）公益服下载 - 最笨下载"跳转正常,该类元素共18个，当前第7个
2020-08-26 19:49:53,122 - 2 - INFO - 页面"黑暗与荣耀（送史诗宠物）_黑暗与荣耀（送史诗宠物）无限元宝服_SF变态版黑暗与荣耀（送史诗宠物）公益服下载 - 最笨下载"跳转正常,该类元素共18个，当前第8个
2020-08-26 19:49:59,290 - 2 - INFO - 页面"剑心吟（送648充值）_剑心吟（送648充值）无限元宝服_SF变态版剑心吟（送648充值）公益服下载 - 最笨下载"跳转正常,该类元素共18个，当前第9个
2020-08-26 19:50:05,491 - 2 - INFO - 页面"一剑问情（海量充值特权）_一剑问情（海量充值特权）无限元宝服_SF变态版一剑问情（海量充值特权）公益服下载 - 最笨下载"跳转正常,该类元素共18个，当前第10个
2020-08-26 19:50:11,646 - 2 - INFO - 页面"少年勇者团（天天送充值）_少年勇者团（天天送充值）无限元宝服_SF变态版少年勇者团（天天送充值）公益服下载 - 最笨下载"跳转正常,该类元素共18个，当前第11个
2020-08-26 19:50:17,795 - 2 - INFO - 页面"修仙记（送海量充值）_修仙记（送海量充值）无限元宝服_SF变态版修仙记（送海量充值）公益服下载 - 最笨下载"跳转正常,该类元素共18个，当前第12个
2020-08-26 19:50:23,959 - 2 - INFO - 页面"御龙三国志（送真百抽）_御龙三国志（送真百抽）无限元宝服_SF变态版御龙三国志（送真百抽）公益服下载 - 最笨下载"跳转正常,该类元素共18个，当前第13个
2020-08-26 19:50:30,107 - 2 - INFO - 页面"梦幻江湖（送千万元宝）_梦幻江湖（送千万元宝）无限元宝服_SF变态版梦幻江湖（送千万元宝）公益服下载 - 最笨下载"跳转正常,该类元素共18个，当前第14个
2020-08-26 19:50:36,245 - 2 - INFO - 页面"天际征服（送20连抽）_天际征服（送20连抽）无限元宝服_SF变态版天际征服（送20连抽）公益服下载 - 最笨下载"跳转正常,该类元素共18个，当前第15个
2020-08-26 19:50:42,393 - 2 - INFO - 页面"乱斗英雄坛（每日送真充）_乱斗英雄坛（每日送真充）无限元宝服_SF变态版乱斗英雄坛（每日送真充）公益服下载 - 最笨下载"跳转正常,该类元素共18个，当前第16个
2020-08-26 19:50:48,547 - 2 - INFO - 页面"爱宠大冒险（送2K充值）_爱宠大冒险（送2K充值）无限元宝服_SF变态版爱宠大冒险（送2K充值）公益服下载 - 最笨下载"跳转正常,该类元素共18个，当前第17个
2020-08-26 19:50:54,684 - 2 - INFO - 页面"剑侠风云（送海量充值）_剑侠风云（送海量充值）无限元宝服_SF变态版剑侠风云（送海量充值）公益服下载 - 最笨下载"跳转正常,该类元素共18个，当前第18个
2020-08-26 19:51:01,845 - 2 - INFO - 页面"满vip版手游_手游sf送顶级vip_满级vip无限元宝手游下载-最笨下载"跳转正常,该类元素共13个，当前第1个
2020-08-26 19:51:02,122 - basepage - INFO - Click back on current page.
2020-08-26 19:51:10,249 - 2 - INFO - 页面"满vip版手游_手游sf送顶级vip_满级vip无限元宝手游下载-最笨下载"跳转正常,该类元素共13个，当前第2个
2020-08-26 19:51:10,698 - basepage - INFO - Click back on current page.
2020-08-26 19:51:18,795 - 2 - INFO - 页面"满vip版手游_手游sf送顶级vip_满级vip无限元宝手游下载-最笨下载"跳转正常,该类元素共13个，当前第3个
2020-08-26 19:51:19,422 - basepage - INFO - Click back on current page.
2020-08-26 19:51:27,457 - 2 - INFO - 页面"满vip版手游_手游sf送顶级vip_满级vip无限元宝手游下载-最笨下载"跳转正常,该类元素共13个，当前第4个
2020-08-26 19:51:27,725 - basepage - INFO - Click back on current page.
2020-08-26 19:51:35,796 - 2 - INFO - 页面"满vip版手游_手游sf送顶级vip_满级vip无限元宝手游下载-最笨下载"跳转正常,该类元素共13个，当前第5个
2020-08-26 19:51:36,192 - basepage - INFO - Click back on current page.
2020-08-26 19:51:44,280 - 2 - INFO - 页面"满vip版手游_手游sf送顶级vip_满级vip无限元宝手游下载-最笨下载"跳转正常,该类元素共13个，当前第6个
2020-08-26 19:51:44,725 - basepage - INFO - Click back on current page.
2020-08-26 19:51:52,806 - 2 - INFO - 页面"满vip版手游_手游sf送顶级vip_满级vip无限元宝手游下载-最笨下载"跳转正常,该类元素共13个，当前第7个
2020-08-26 19:51:53,075 - basepage - INFO - Click back on current page.
2020-08-26 19:52:01,137 - 2 - INFO - 页面"满vip版手游_手游sf送顶级vip_满级vip无限元宝手游下载-最笨下载"跳转正常,该类元素共13个，当前第8个
2020-08-26 19:52:01,697 - basepage - INFO - Click back on current page.
2020-08-26 19:52:09,821 - 2 - INFO - 页面"满vip版手游_手游sf送顶级vip_满级vip无限元宝手游下载-最笨下载"跳转正常,该类元素共13个，当前第9个
2020-08-26 19:52:10,271 - basepage - INFO - Click back on current page.
2020-08-26 19:52:18,430 - 2 - INFO - 页面"满vip版手游_手游sf送顶级vip_满级vip无限元宝手游下载-最笨下载"跳转正常,该类元素共13个，当前第10个
2020-08-26 19:52:18,690 - basepage - INFO - Click back on current page.
2020-08-26 19:52:26,958 - 2 - INFO - 页面"满vip版手游_手游sf送顶级vip_满级vip无限元宝手游下载-最笨下载"跳转正常,该类元素共13个，当前第11个
2020-08-26 19:52:27,449 - basepage - INFO - Click back on current page.
2020-08-26 19:52:35,582 - 2 - INFO - 页面"满vip版手游_手游sf送顶级vip_满级vip无限元宝手游下载-最笨下载"跳转正常,该类元素共13个，当前第12个
2020-08-26 19:52:35,973 - basepage - INFO - Click back on current page.
2020-08-26 19:52:44,742 - 2 - INFO - 页面"满vip版手游_手游sf送顶级vip_满级vip无限元宝手游下载-最笨下载"跳转正常,该类元素共13个，当前第13个
2020-08-26 19:52:45,000 - basepage - INFO - Click back on current page.
2020-08-26 19:52:53,391 - 2 - INFO - 页面"闪将三国（送千元充值）_闪将三国（送千元充值）无限元宝服_SF变态版闪将三国（送千元充值）公益服下载 - 最笨下载"跳转正常,该类元素共18个，当前第1个
2020-08-26 19:52:59,522 - 2 - INFO - 页面"乱戳三国2（送GM特权）_乱戳三国2（送GM特权）无限元宝服_SF变态版乱戳三国2（送GM特权）公益服下载 - 最笨下载"跳转正常,该类元素共18个，当前第2个
2020-08-26 19:53:05,652 - 2 - INFO - 页面"吞噬苍穹（海量充值卡）_吞噬苍穹（海量充值卡）无限元宝服_SF变态版吞噬苍穹（海量充值卡）公益服下载 - 最笨下载"跳转正常,该类元素共18个，当前第3个
2020-08-26 19:53:11,790 - 2 - INFO - 页面"刀剑神魔录（1元商城特权）_刀剑神魔录（1元商城特权）无限元宝服_SF变态版刀剑神魔录（1元商城特权）公益服下载 - 最笨下载"跳转正常,该类元素共18个，当前第4个
2020-08-26 19:53:17,932 - 2 - INFO - 页面"乱世江湖（天天送充值）_乱世江湖（天天送充值）无限元宝服_SF变态版乱世江湖（天天送充值）公益服下载 - 最笨下载"跳转正常,该类元素共18个，当前第5个
2020-08-26 19:53:24,105 - 2 - INFO - 页面"王者战歌（送千元充值）_王者战歌（送千元充值）无限元宝服_SF变态版王者战歌（送千元充值）公益服下载 - 最笨下载"跳转正常,该类元素共18个，当前第6个
2020-08-26 19:53:30,268 - 2 - INFO - 页面"齐天记（海量资源特权）_齐天记（海量资源特权）无限元宝服_SF变态版齐天记（海量资源特权）公益服下载 - 最笨下载"跳转正常,该类元素共18个，当前第7个
2020-08-26 19:53:36,467 - 2 - INFO - 页面"征程三国（送百抽S神将）_征程三国（送百抽S神将）无限元宝服_SF变态版征程三国（送百抽S神将）公益服下载 - 最笨下载"跳转正常,该类元素共18个，当前第8个
2020-08-26 19:53:42,599 - 2 - INFO - 页面"机甲战纪（送GM特权）_机甲战纪（送GM特权）无限元宝服_SF变态版机甲战纪（送GM特权）公益服下载 - 最笨下载"跳转正常,该类元素共18个，当前第9个
2020-08-26 19:53:48,743 - 2 - INFO - 页面"星星喵（送千元充值）_星星喵（送千元充值）无限元宝服_SF变态版星星喵（送千元充值）公益服下载 - 最笨下载"跳转正常,该类元素共18个，当前第10个
2020-08-26 19:53:54,902 - 2 - INFO - 页面"轩辕剑群侠传（商城特权）_轩辕剑群侠传（商城特权）无限元宝服_SF变态版轩辕剑群侠传（商城特权）公益服下载 - 最笨下载"跳转正常,该类元素共18个，当前第11个
2020-08-26 19:54:01,063 - 2 - INFO - 页面"大秦之帝国崛起（送法拉利）_大秦之帝国崛起（送法拉利）无限元宝服_SF变态版大秦之帝国崛起（送法拉利）公益服下载 - 最笨下载"跳转正常,该类元素共18个，当前第12个
2020-08-26 19:54:07,184 - 2 - INFO - 页面"进击的少女（闯关爆充值）_进击的少女（闯关爆充值）无限元宝服_SF变态版进击的少女（闯关爆充值）公益服下载 - 最笨下载"跳转正常,该类元素共18个，当前第13个
2020-08-26 19:54:13,331 - 2 - INFO - 页面"小小虎将（海量特权）_小小虎将（海量特权）无限元宝服_SF变态版小小虎将（海量特权）公益服下载 - 最笨下载"跳转正常,该类元素共18个，当前第14个
2020-08-26 19:54:19,465 - 2 - INFO - 页面"妖游记（海量送充值）_妖游记（海量送充值）无限元宝服_SF变态版妖游记（海量送充值）公益服下载 - 最笨下载"跳转正常,该类元素共18个，当前第15个
2020-08-26 19:54:25,589 - 2 - INFO - 页面"魔侠传（开服送2000充）_魔侠传（开服送2000充）无限元宝服_SF变态版魔侠传（开服送2000充）公益服下载 - 最笨下载"跳转正常,该类元素共18个，当前第16个
2020-08-26 19:54:31,722 - 2 - INFO - 页面"主宰之王（领海量红包）_主宰之王（领海量红包）无限元宝服_SF变态版主宰之王（领海量红包）公益服下载 - 最笨下载"跳转正常,该类元素共18个，当前第17个
2020-08-26 19:54:37,870 - 2 - INFO - 页面"征程三国（送充值）_征程三国（送充值）无限元宝服_SF变态版征程三国（送充值）公益服下载 - 最笨下载"跳转正常,该类元素共18个，当前第18个
2020-08-26 19:54:44,222 - 2 - INFO - 页面"【苹果益智休闲游戏】好玩的iPhone益智休闲游戏大全_iPhone益智休闲类游戏下载-最笨下载"跳转正常,该类元素共16个，当前第1个
2020-08-26 19:54:44,478 - basepage - INFO - Click back on current page.
2020-08-26 19:54:51,536 - 2 - INFO - 页面"【苹果其他游戏】好玩的iphone其他游戏大全_iphone其他类游戏下载-最笨下载"跳转正常,该类元素共16个，当前第2个
2020-08-26 19:54:52,019 - basepage - INFO - Click back on current page.
2020-08-26 19:54:59,092 - 2 - INFO - 页面"【苹果音乐游戏】好玩的iphone音乐游戏大全_iphone音乐类游戏下载-最笨下载"跳转正常,该类元素共16个，当前第3个
2020-08-26 19:54:59,405 - basepage - INFO - Click back on current page.
2020-08-26 19:55:06,580 - 2 - INFO - 页面"【苹果网络游戏】好玩的iphone网络游戏大全_iphone网络类游戏下载-最笨下载"跳转正常,该类元素共16个，当前第4个
2020-08-26 19:55:06,839 - basepage - INFO - Click back on current page.
2020-08-26 19:55:14,809 - 2 - INFO - 页面"【苹果格斗游戏】好玩的iPhone格斗游戏大全_iPhone格斗类游戏下载-最笨下载"跳转正常,该类元素共16个，当前第5个
2020-08-26 19:55:15,254 - basepage - INFO - Click back on current page.
2020-08-26 19:55:22,259 - 2 - INFO - 页面"【苹果飞行游戏】好玩的iPhone飞行游戏大全_iPhone飞行类游戏下载-最笨下载"跳转正常,该类元素共16个，当前第6个
2020-08-26 19:55:22,610 - basepage - INFO - Click back on current page.
2020-08-26 19:55:29,534 - 2 - INFO - 页面"【苹果体育运动游戏】好玩的iPhone体育运动游戏大全_iPhone体育运动类游戏下载-最笨下载"跳转正常,该类元素共16个，当前第7个
2020-08-26 19:55:29,831 - basepage - INFO - Click back on current page.
2020-08-26 19:55:36,807 - 2 - INFO - 页面"【苹果模拟经营游戏】好玩的iPhone模拟经营游戏大全_iPhone模拟经营类游戏下载-最笨下载"跳转正常,该类元素共16个，当前第8个
2020-08-26 19:55:37,274 - basepage - INFO - Click back on current page.
2020-08-26 19:55:44,210 - 2 - INFO - 页面"【苹果策略游戏】好玩的iphone策略游戏大全_iphone策略类游戏下载-最笨下载"跳转正常,该类元素共16个，当前第9个
2020-08-26 19:55:44,501 - basepage - INFO - Click back on current page.
2020-08-26 19:55:51,555 - 2 - INFO - 页面"【苹果塔防游戏】好玩的iphone塔防游戏大全_iphone塔防类游戏下载-最笨下载"跳转正常,该类元素共16个，当前第10个
2020-08-26 19:55:51,801 - basepage - INFO - Click back on current page.
2020-08-26 19:55:58,724 - 2 - INFO - 页面"【苹果解谜游戏】好玩的iphone解谜游戏大全_iphone解谜类游戏下载-最笨下载"跳转正常,该类元素共16个，当前第11个
2020-08-26 19:55:59,164 - basepage - INFO - Click back on current page.
2020-08-26 19:56:06,427 - 2 - INFO - 页面"【苹果射击游戏】好玩的iphone射击游戏大全_iphone射击类游戏下载-最笨下载"跳转正常,该类元素共16个，当前第12个
2020-08-26 19:56:06,847 - basepage - INFO - Click back on current page.
2020-08-26 19:56:14,043 - 2 - INFO - 页面"【苹果棋牌游戏】好玩的iphone棋牌游戏大全_iphone棋牌类游戏下载-最笨下载"跳转正常,该类元素共16个，当前第13个
2020-08-26 19:56:14,379 - basepage - INFO - Click back on current page.
2020-08-26 19:56:21,435 - 2 - INFO - 页面"【苹果赛车游戏】好玩的iPhone赛车游戏大全_iPhone赛车类游戏下载-最笨下载"跳转正常,该类元素共16个，当前第14个
2020-08-26 19:56:21,869 - basepage - INFO - Click back on current page.
2020-08-26 19:56:28,986 - 2 - INFO - 页面"【苹果角色扮演游戏】好玩的iphone角色扮演游戏_iPhone角色扮演类游戏下载-最笨下载"跳转正常,该类元素共16个，当前第15个
2020-08-26 19:56:29,279 - basepage - INFO - Click back on current page.
2020-08-26 19:56:36,483 - 2 - INFO - 页面"【安卓动作游戏】好玩的iPhone动作游戏大全_iPhone动作类游戏下载-最笨下载"跳转正常,该类元素共16个，当前第16个
2020-08-26 19:56:36,730 - basepage - INFO - Click back on current page.
2020-08-26 19:56:45,098 - 2 - INFO - 页面"真龙战魂（天天送元宝）ios版_真龙战魂（天天送元宝）ios版下载_真龙战魂（天天送元宝）ios版官方下载-最笨下载"跳转正常,该类元素共18个，当前第1个
2020-08-26 19:56:51,253 - 2 - INFO - 页面"魔域王牌（天天送抽卡）iOS版_魔域王牌（天天送抽卡）iOS版下载_魔域王牌（天天送抽卡）iOS版官方下载-最笨下载"跳转正常,该类元素共18个，当前第2个
2020-08-26 19:56:57,415 - 2 - INFO - 页面"冒险王2（送海量充值）ios版_冒险王2（送海量充值）ios版下载_冒险王2（送海量充值）ios版官方下载-最笨下载"跳转正常,该类元素共18个，当前第3个
2020-08-26 19:57:03,534 - 2 - INFO - 页面"恋三国（送百抽）ios版_恋三国（送百抽）ios版下载_恋三国（送百抽）ios版官方下载-最笨下载"跳转正常,该类元素共18个，当前第4个
2020-08-26 19:57:09,691 - 2 - INFO - 页面"屠龙世界（送GM特权）ios版_屠龙世界（送GM特权）ios版下载_屠龙世界（送GM特权）ios版官方下载-最笨下载"跳转正常,该类元素共18个，当前第5个
2020-08-26 19:57:15,825 - 2 - INFO - 页面"将军道（送百连海量抽）ios版_将军道（送百连海量抽）ios版下载_将军道（送百连海量抽）ios版官方下载-最笨下载"跳转正常,该类元素共18个，当前第6个
2020-08-26 19:57:21,993 - 2 - INFO - 页面"塔防镇魂师（送328代金券）ios版_塔防镇魂师（送328代金券）ios版下载_塔防镇魂师（送328代金券）ios版官方下载-最笨下载"跳转正常,该类元素共18个，当前第7个
2020-08-26 19:57:28,147 - 2 - INFO - 页面"乱斗三国ios版_乱斗三国ios版下载_乱斗三国ios版官方下载-最笨下载"跳转正常,该类元素共18个，当前第8个
2020-08-26 19:57:34,306 - 2 - INFO - 页面"兵器少女（无门槛送充）ios版_兵器少女（无门槛送充）ios版下载_兵器少女（无门槛送充）ios版官方下载-最笨下载"跳转正常,该类元素共18个，当前第9个
2020-08-26 19:57:40,485 - 2 - INFO - 页面"猎手之王ios版_猎手之王ios版下载_猎手之王ios版官方下载-最笨下载"跳转正常,该类元素共18个，当前第10个
2020-08-26 19:57:46,635 - 2 - INFO - 页面"古墓迷城ios版_古墓迷城ios版下载_古墓迷城ios版官方下载-最笨下载"跳转正常,该类元素共18个，当前第11个
2020-08-26 19:57:52,784 - 2 - INFO - 页面"国战纪元ios版_国战纪元ios版下载_国战纪元ios版官方下载-最笨下载"跳转正常,该类元素共18个，当前第12个
2020-08-26 19:57:58,944 - 2 - INFO - 页面"天诀ios版_天诀ios版下载_天诀ios版官方下载-最笨下载"跳转正常,该类元素共18个，当前第13个
2020-08-26 19:58:05,094 - 2 - INFO - 页面"仙剑缘（星耀特权）ios版_仙剑缘（星耀特权）ios版下载_仙剑缘（星耀特权）ios版官方下载-最笨下载"跳转正常,该类元素共18个，当前第14个
2020-08-26 19:58:11,258 - 2 - INFO - 页面"九灵神域ios版_九灵神域ios版下载_九灵神域ios版官方下载-最笨下载"跳转正常,该类元素共18个，当前第15个
2020-08-26 19:58:17,437 - 2 - INFO - 页面"天之命（海量特权）ios版_天之命（海量特权）ios版下载_天之命（海量特权）ios版官方下载-最笨下载"跳转正常,该类元素共18个，当前第16个
2020-08-26 19:58:23,624 - 2 - INFO - 页面"魔剑侠缘（星耀特权）ios版_魔剑侠缘（星耀特权）ios版下载_魔剑侠缘（星耀特权）ios版官方下载-最笨下载"跳转正常,该类元素共18个，当前第17个
2020-08-26 19:58:33,828 - 2 - INFO - 页面"仙灵世界（复古绿色服）ios版_仙灵世界（复古绿色服）ios版下载_仙灵世界（复古绿色服）ios版官方下载-最笨下载"跳转正常,该类元素共18个，当前第18个
2020-08-26 19:58:41,388 - 2 - INFO - 页面"ios无限元宝的手游"跳转正常,该类元素共4个，当前第1个
2020-08-26 19:58:41,625 - basepage - INFO - Click back on current page.
2020-08-26 19:58:46,621 - 2 - INFO - 页面"gm手游助手ios"跳转正常,该类元素共4个，当前第2个
2020-08-26 19:58:46,884 - basepage - INFO - Click back on current page.
2020-08-26 19:58:52,290 - 2 - INFO - 页面"ios变态服游戏"跳转正常,该类元素共4个，当前第3个
2020-08-26 19:58:52,524 - basepage - INFO - Click back on current page.
2020-08-26 19:58:57,548 - 2 - INFO - 页面"ios看小说神器"跳转正常,该类元素共4个，当前第4个
2020-08-26 19:58:57,797 - basepage - INFO - Click back on current page.
2020-08-26 19:59:04,380 - 2 - INFO - 页面"【最笨周末活动】8.14周末活动壕礼送不停"跳转正常,该类元素共4个，当前第1个
2020-08-26 19:59:04,801 - basepage - INFO - Click back on current page.
2020-08-26 19:59:09,832 - 2 - INFO - 页面"【最笨周末活动】8.7周末活动海量惊喜等你来拿"跳转正常,该类元素共4个，当前第2个
2020-08-26 19:59:10,084 - basepage - INFO - Click back on current page.
2020-08-26 19:59:15,224 - 2 - INFO - 页面"【最笨周末活动】7月10日晴了一夏周末福利活动"跳转正常,该类元素共4个，当前第3个
2020-08-26 19:59:15,476 - basepage - INFO - Click back on current page.
2020-08-26 19:59:20,392 - 2 - INFO - 页面"【最笨周末活动】7月3日清凉一夏活动来袭~"跳转正常,该类元素共4个，当前第4个
2020-08-26 19:59:20,631 - basepage - INFO - Click back on current page.
2020-08-26 19:59:26,704 - 2 - INFO - 页面"无广告看书全免费软件哪个好"跳转正常,该类元素共20个，当前第1个
2020-08-26 19:59:32,855 - 2 - INFO - 页面"回复女朋友的软件叫什么"跳转正常,该类元素共20个，当前第2个
2020-08-26 19:59:39,006 - 2 - INFO - 页面"抖音聊天的软件叫什么"跳转正常,该类元素共20个，当前第3个
2020-08-26 19:59:45,164 - 2 - INFO - 页面"苹果哪个软件可以免费看小说"跳转正常,该类元素共20个，当前第4个
2020-08-26 19:59:51,341 - 2 - INFO - 页面"有什么回复女生的聊天软件"跳转正常,该类元素共20个，当前第5个
2020-08-26 19:59:57,496 - 2 - INFO - 页面"全网公敌第三章消失的证据怎么过-第三章消失的"跳转正常,该类元素共20个，当前第6个
2020-08-26 20:00:03,628 - 2 - INFO - 页面"崩坏3失落迷迭圣痕选择怎么搭配-失落迷迭圣痕选"跳转正常,该类元素共20个，当前第7个
2020-08-26 20:00:09,797 - 2 - INFO - 页面"伊洛纳女皇怎么玩-女皇玩法攻略"跳转正常,该类元素共20个，当前第8个
2020-08-26 20:00:15,963 - 2 - INFO - 页面"登山赛车二无限金币钻石最新版-无限金币无限钻"跳转正常,该类元素共20个，当前第9个
2020-08-26 20:00:22,125 - 2 - INFO - 页面"剑与远征1.45版本更新什么-1.45版本更新内容"跳转正常,该类元素共20个，当前第10个
2020-08-26 20:00:28,287 - 2 - INFO - 页面"安卓破解版游戏平台哪个好-最好安卓破解游戏平"跳转正常,该类元素共20个，当前第11个
2020-08-26 20:00:34,444 - 2 - INFO - 页面"2020年免费无限金币钻石游戏-无限钻石金币版游戏"跳转正常,该类元素共20个，当前第12个
2020-08-26 20:00:40,584 - 2 - INFO - 页面"2020耐玩的bt手游排行榜-bt手游排行榜2020前十名"跳转正常,该类元素共20个，当前第13个
2020-08-26 20:00:46,723 - 2 - INFO - 页面"不用wifi也能玩的游戏女生 不用wifi也能玩的女生"跳转正常,该类元素共20个，当前第14个
2020-08-26 20:00:52,880 - 2 - INFO - 页面"自由度高的手机武侠单机游戏 高自由武侠单机手"跳转正常,该类元素共20个，当前第15个
2020-08-26 20:00:59,039 - 2 - INFO - 页面"全网公敌第二章手机怎么解锁"跳转正常,该类元素共20个，当前第16个
2020-08-26 20:01:05,164 - 2 - INFO - 页面"江南百景图小新的店在哪"跳转正常,该类元素共20个，当前第17个
2020-08-26 20:01:11,284 - 2 - INFO - 页面"我的世界狐狸能驯服吗"跳转正常,该类元素共20个，当前第18个
2020-08-26 20:01:17,457 - 2 - INFO - 页面"我的世界怎么换摇杆控制"跳转正常,该类元素共20个，当前第19个
2020-08-26 20:01:23,614 - 2 - INFO - 页面"我的世界青金石在几层"跳转正常,该类元素共20个，当前第20个
2020-08-26 20:01:29,754 - 2 - INFO - 页面"apk3安卓网-2020最新apk安卓游戏-热门apk软件下载平台"跳转正常,该类元素共34个，当前第1个
2020-08-26 20:01:35,846 - 2 - INFO - 页面"小游戏,在线小游戏,小游戏大全,双人小游戏,3199小游戏"跳转正常,该类元素共34个，当前第2个
2020-08-26 20:01:41,981 - 2 - INFO - 页面"中文网站排行榜_alexa排行 - 爱站网站排行榜"跳转正常,该类元素共34个，当前第3个
2020-08-26 20:01:48,112 - 2 - INFO - 页面"9号下载_下载软件_免费下载单机游戏_手机游戏下载大全"跳转正常,该类元素共34个，当前第4个
2020-08-26 20:03:34,997 - 2 - INFO - 页面"软件下载中心_绿色免费软件,手机游戏|软件下载,到超人软件站"跳转正常,该类元素共34个，当前第5个
2020-08-26 20:03:41,156 - 2 - INFO - 页面"系统圣地,绿色免费软件,手游下载等软件下载网站"跳转正常,该类元素共34个，当前第6个
2020-08-26 20:03:47,329 - 2 - INFO - 页面"天天安卓模拟器_安卓模拟器电脑版下载_天天模拟器官网"跳转正常,该类元素共34个，当前第7个
2020-08-26 20:03:53,497 - 2 - INFO - 页面"好看小说推荐_热门小说大全_小说排行榜 - 玖陆文学"跳转正常,该类元素共34个，当前第8个
2020-08-26 20:03:59,631 - 2 - INFO - 页面"IE8 IE9 IE10 IE浏览器下载 - IE浏览器中文网站"跳转正常,该类元素共34个，当前第9个
2020-08-26 20:04:05,775 - 2 - INFO - 页面"bt手游平台_满v手游公益服_gm手游排行榜_3733游戏盒子官网"跳转正常,该类元素共34个，当前第10个
2020-08-26 20:04:23,741 - 2 - INFO - 页面"bt公益服变态手游排行榜前十名[新开公测热门+在线人多+免费大型网游]新开最热门好玩人气高的网络游戏有什么_安卓苹果ios客户端游戏下载大全_8979游戏官网"跳转正常,该类元素共34个，当前第11个
2020-08-26 20:04:29,890 - 2 - INFO - 页面"【破解版手机游戏】手机破解游戏下载_安卓手机游戏破解版下载大全-最笨下载"跳转正常,该类元素共34个，当前第12个
2020-08-26 20:04:36,061 - 2 - INFO - 页面"windows10系统之家 - 系统之家提供win10专业版,ISO镜像,企业版等win10系统下载"跳转正常,该类元素共34个，当前第13个
2020-08-26 20:04:42,222 - 2 - INFO - 页面"39整形美容_中国专业医学整形美容门户"跳转正常,该类元素共34个，当前第14个
2020-08-26 20:04:48,357 - 2 - INFO - 页面"零度软件园_官方软件下载_绿色软件_游戏下载_值得信赖的下载站！"跳转正常,该类元素共34个，当前第15个
2020-08-26 20:04:54,513 - 2 - INFO - 页面"单机游戏_单机游戏下载大全中文版下载_好玩的单机游戏下载基地 - 99单机游戏"跳转正常,该类元素共34个，当前第16个
2020-08-26 20:05:02,530 - 2 - INFO - 页面"安卓市场_安卓游戏破解版下载_单机破解版游戏大全_手机网游下载"跳转正常,该类元素共34个，当前第17个
2020-08-26 20:05:24,563 - 2 - INFO - 页面"手机游戏下载-手机软件下载-电脑软件下载-小黑游戏"跳转正常,该类元素共34个，当前第18个
2020-08-26 20:05:31,033 - 2 - INFO - 页面"手机游戏_手机游戏排行榜_好玩的手机游戏_安卓手机游戏推荐_易玩网"跳转正常,该类元素共34个，当前第19个
2020-08-26 20:05:37,170 - 2 - INFO - 页面"手机游戏_好玩的手机游戏下载_手机游戏排行榜-游戏吧"跳转正常,该类元素共34个，当前第20个
2020-08-26 20:05:43,299 - 2 - INFO - 页面"免费手机游戏_好玩的单机游戏_安卓破解版游戏下载_apk8安卓网"跳转正常,该类元素共34个，当前第21个
2020-08-26 20:05:49,438 - 2 - INFO - 页面"免费手机游戏_好玩的单机游戏_安卓破解版游戏下载_apk8安卓网"跳转正常,该类元素共34个，当前第22个
2020-08-26 20:05:55,577 - 2 - INFO - 页面"安卓破解版游戏下载_单机手机破解游戏大全_免费游戏破解版下载-最笨下载"跳转正常,该类元素共34个，当前第23个
2020-08-26 20:06:01,742 - 2 - INFO - 页面"app.3987.com"跳转正常,该类元素共34个，当前第24个
2020-08-26 20:06:09,520 - 2 - INFO - 页面"可可出招表-流星蝴蝶剑出招表-拳皇97出招表-手机游戏-绿色软件下载"跳转正常,该类元素共34个，当前第25个
2020-08-26 20:06:16,657 - 2 - INFO - 页面"爪游控 | 新锐综合资讯媒体"跳转正常,该类元素共34个，当前第26个
2020-08-26 20:06:22,801 - 2 - INFO - 页面"3733游戏盒官网_bt游戏_满vip手游_gm手游大全_破解游戏盒子下载"跳转正常,该类元素共34个，当前第27个
2020-08-26 20:06:28,946 - 2 - INFO - 页面"绿色免费电脑软件下载_手机软件游戏下载中心-520下载站"跳转正常,该类元素共34个，当前第28个
2020-08-26 20:06:42,808 - 2 - INFO - 页面"免费大型经典安卓破解版单机游戏下载排行榜_手机最火爆最新出热门好玩人气高3DBT网络游戏有什么_破解游戏盒子软件大全-下载多"跳转正常,该类元素共34个，当前第29个
2020-08-26 20:06:48,962 - 2 - INFO - 页面"3733游戏盒官网_bt游戏_满vip手游_gm手游大全_破解游戏盒子下载"跳转正常,该类元素共34个，当前第30个
2020-08-26 20:06:58,675 - 2 - INFO - 页面"VR之家_专业VR游戏软件下载网站_VR应用_VR电影_VR视频_VR资源-VR之家"跳转正常,该类元素共34个，当前第31个
2020-08-26 20:07:05,696 - 2 - INFO - 页面"手机玩_免费安卓手机游戏_安卓游戏破解版下载_破解游戏盒子下载"跳转正常,该类元素共34个，当前第32个
2020-08-26 20:07:11,876 - 2 - INFO - 页面"gm手游平台_gm手游盒子_gm版手游下载_3733游戏官网"跳转正常,该类元素共34个，当前第33个
2020-08-26 20:07:24,385 - 2 - INFO - 页面"gm手游平台_gm版无限元宝手游_gm手游盒子下载_gm助手官网"跳转正常,该类元素共34个，当前第34个
2020-08-26 20:07:30,033 - 2 - INFO - 进入"游戏"模块，将执行随机函数
2020-08-26 20:07:32,503 - 2 - INFO - 随机页面"怒火一刀（天天送充值）"跳转正常，当前第1个
2020-08-26 20:07:32,609 - basepage - INFO - Click back on current page.
2020-08-26 20:07:37,102 - 2 - INFO - 随机页面"少年群侠传（送千元充值）"跳转正常，当前第2个
2020-08-26 20:07:37,235 - basepage - INFO - Click back on current page.
2020-08-26 20:07:41,594 - 2 - INFO - 随机页面"魔龙诀（全屏爆宝）"跳转正常，当前第3个
2020-08-26 20:07:41,716 - basepage - INFO - Click back on current page.
2020-08-26 20:07:46,314 - 2 - INFO - 随机页面"仙灵世界（送海量连抽）"跳转正常，当前第1个
2020-08-26 20:07:46,434 - basepage - INFO - Click back on current page.
2020-08-26 20:07:54,016 - 2 - INFO - 随机页面"仙风道骨（送GM海量充）"跳转正常，当前第2个
2020-08-26 20:07:54,125 - basepage - INFO - Click back on current page.
2020-08-26 20:07:58,496 - 2 - INFO - 随机页面"女神联盟2（送500充值）"跳转正常，当前第3个
2020-08-26 20:07:58,630 - basepage - INFO - Click back on current page.
2020-08-26 20:08:03,726 - 2 - INFO - 进入"应用"模块，将执行随机函数
2020-08-26 20:08:06,382 - 2 - INFO - 随机页面"HB恋爱话术"跳转正常，当前第1个
2020-08-26 20:08:06,496 - basepage - INFO - Click back on current page.
2020-08-26 20:08:11,068 - 2 - INFO - 随机页面"3733游戏盒子"跳转正常，当前第2个
2020-08-26 20:08:11,176 - basepage - INFO - Click back on current page.
2020-08-26 20:08:16,450 - 2 - INFO - 随机页面"畅乐读"跳转正常，当前第3个
2020-08-26 20:08:16,544 - basepage - INFO - Click back on current page.
2020-08-26 20:08:21,069 - 2 - INFO - 随机页面"吾爱看书"跳转正常，当前第1个
2020-08-26 20:08:21,167 - basepage - INFO - Click back on current page.
2020-08-26 20:08:25,783 - 2 - INFO - 随机页面"最笨游戏盒子"跳转正常，当前第2个
2020-08-26 20:08:25,877 - basepage - INFO - Click back on current page.
2020-08-26 20:08:30,186 - 2 - INFO - 随机页面"3733游戏盒子"跳转正常，当前第3个
2020-08-26 20:08:30,331 - basepage - INFO - Click back on current page.
2020-08-26 20:08:36,729 - 2 - INFO - 进入"资讯"模块，将执行随机函数
2020-08-26 20:08:38,924 - 2 - INFO - 随机页面"剑与远征1.45版本更新什么-1.45版本更新内容"跳转正常，当前第1个
2020-08-26 20:08:39,054 - basepage - INFO - Click back on current page.
2020-08-26 20:08:44,004 - 2 - INFO - 随机页面"明日方舟俄柏的灰蕈迷境渗透与远袭怎么过-俄柏的灰蕈迷境渗透与远袭攻略"跳转正常，当前第2个
2020-08-26 20:08:44,112 - basepage - INFO - Click back on current page.
2020-08-26 20:08:48,332 - 2 - INFO - 随机页面"崩坏3失落迷迭圣痕选择怎么搭配-失落迷迭圣痕选择搭配推荐"跳转正常，当前第3个
2020-08-26 20:08:48,429 - basepage - INFO - Click back on current page.
2020-08-26 20:08:52,711 - 2 - INFO - 随机页面"仙灵世界（送海量连抽）"跳转正常，当前第1个
2020-08-26 20:08:52,844 - basepage - INFO - Click back on current page.
2020-08-26 20:08:57,469 - 2 - INFO - 随机页面"武器之王（满屏爆装）"跳转正常，当前第2个
2020-08-26 20:08:57,572 - basepage - INFO - Click back on current page.
2020-08-26 20:09:02,244 - 2 - INFO - 随机页面"神龙猎手（开局送万抽）"跳转正常，当前第3个
2020-08-26 20:09:02,386 - basepage - INFO - Click back on current page.
2020-08-26 20:09:07,562 - 2 - INFO - 进入"专题"模块，将执行随机函数
2020-08-26 20:09:10,370 - 2 - INFO - 页面"破解单机角色游戏"跳转正常,该类元素共1个，当前第1个
2020-08-26 20:09:10,577 - basepage - INFO - Click back on current page.
2020-08-26 20:09:15,447 - 2 - INFO - 随机页面"造梦无双手游"跳转正常，当前第1个
2020-08-26 20:09:15,575 - basepage - INFO - Click back on current page.
2020-08-26 20:09:20,369 - 2 - INFO - 随机页面"剑之痕"跳转正常，当前第2个
2020-08-26 20:09:20,491 - basepage - INFO - Click back on current page.
2020-08-26 20:09:25,474 - 2 - INFO - 随机页面"最笨手游盒子"跳转正常，当前第3个
2020-08-26 20:09:25,614 - basepage - INFO - Click back on current page.
2020-08-26 20:09:30,424 - 2 - INFO - 页面"苹果游戏盒子破解版本"跳转正常,该类元素共1个，当前第1个
2020-08-26 20:09:30,541 - basepage - INFO - Click back on current page.
2020-08-26 20:09:35,182 - 2 - INFO - 随机页面"BT游戏大全ios"跳转正常，当前第1个
2020-08-26 20:09:35,316 - basepage - INFO - Click back on current page.
2020-08-26 20:09:40,126 - 2 - INFO - 随机页面"爪游控游戏盒子ios版"跳转正常，当前第2个
2020-08-26 20:09:40,243 - basepage - INFO - Click back on current page.
2020-08-26 20:09:44,684 - 2 - INFO - 随机页面"安卓市场ios版"跳转正常，当前第3个
2020-08-26 20:09:44,807 - basepage - INFO - Click back on current page.
2020-08-26 20:09:49,972 - 2 - INFO - 页面"苹果手机经典游戏"跳转正常,该类元素共1个，当前第1个
2020-08-26 20:09:50,115 - basepage - INFO - Click back on current page.
2020-08-26 20:09:55,050 - 2 - INFO - 随机页面"名侦探柯南-业火的向日葵ios版"跳转正常，当前第1个
2020-08-26 20:09:55,178 - basepage - INFO - Click back on current page.
2020-08-26 20:10:00,340 - 2 - INFO - 随机页面"闪将三国（海量百抽）ios版"跳转正常，当前第2个
2020-08-26 20:10:00,459 - basepage - INFO - Click back on current page.
2020-08-26 20:10:05,482 - 2 - INFO - 随机页面"真龙战魂（天天送元宝）ios版"跳转正常，当前第3个
2020-08-26 20:10:05,600 - basepage - INFO - Click back on current page.
2020-08-26 20:10:10,598 - 2 - INFO - 页面"神奇宝贝破解无限钻石"跳转正常,该类元素共1个，当前第1个
2020-08-26 20:10:10,719 - basepage - INFO - Click back on current page.
2020-08-26 20:10:15,533 - 2 - INFO - 随机页面"心动小精灵（福利特权）"跳转正常，当前第1个
2020-08-26 20:10:15,647 - basepage - INFO - Click back on current page.
2020-08-26 20:10:20,703 - 2 - INFO - 随机页面"宠物星球（送千元充值）"跳转正常，当前第2个
2020-08-26 20:10:20,813 - basepage - INFO - Click back on current page.
2020-08-26 20:10:26,616 - 2 - INFO - 随机页面"萌妖出没（飞升特权）"跳转正常，当前第3个
2020-08-26 20:10:26,744 - basepage - INFO - Click back on current page.
2020-08-26 20:10:31,890 - 2 - INFO - 页面"2020不花钱好玩的手游"跳转正常,该类元素共1个，当前第1个
2020-08-26 20:10:32,127 - basepage - INFO - Click back on current page.
2020-08-26 20:10:36,377 - 2 - INFO - 随机页面"真龙战魂（天天送元宝）ios版"跳转正常，当前第1个
2020-08-26 20:10:36,489 - basepage - INFO - Click back on current page.
2020-08-26 20:10:41,405 - 2 - INFO - 随机页面"魔剑侠缘（星耀特权）ios版"跳转正常，当前第2个
2020-08-26 20:10:41,528 - basepage - INFO - Click back on current page.
2020-08-26 20:10:46,494 - 2 - INFO - 随机页面"亿次元（送千元充值）ios版"跳转正常，当前第3个
2020-08-26 20:10:46,613 - basepage - INFO - Click back on current page.
2020-08-26 20:10:51,466 - 2 - INFO - 页面"满v当官游戏"跳转正常,该类元素共1个，当前第1个
2020-08-26 20:10:51,592 - basepage - INFO - Click back on current page.
2020-08-26 20:10:56,555 - 2 - INFO - 随机页面"升官发财"跳转正常，当前第1个
2020-08-26 20:10:56,676 - basepage - INFO - Click back on current page.
2020-08-26 20:11:01,685 - 2 - INFO - 随机页面"大唐升官路星耀版"跳转正常，当前第2个
2020-08-26 20:11:01,805 - basepage - INFO - Click back on current page.
2020-08-26 20:11:06,686 - 2 - INFO - 随机页面"水浒好汉升官记一元版"跳转正常，当前第3个
2020-08-26 20:11:06,808 - basepage - INFO - Click back on current page.
2020-08-26 20:11:12,166 - 2 - INFO - 页面"可以自动升级vip的手游"跳转正常,该类元素共1个，当前第1个
2020-08-26 20:11:12,288 - basepage - INFO - Click back on current page.
2020-08-26 20:11:16,738 - 2 - INFO - 随机页面"魔侠传（开服送2000充）"跳转正常，当前第1个
2020-08-26 20:11:16,854 - basepage - INFO - Click back on current page.
2020-08-26 20:11:21,133 - 2 - INFO - 随机页面"仙风道骨（送GM海量充）"跳转正常，当前第2个
2020-08-26 20:11:21,263 - basepage - INFO - Click back on current page.
2020-08-26 20:11:25,621 - 2 - INFO - 随机页面"吞噬苍穹（海量充值卡）"跳转正常，当前第3个
2020-08-26 20:11:25,821 - basepage - INFO - Click back on current page.
2020-08-26 20:11:30,513 - 2 - INFO - 页面"安卓全本小说免费下载"跳转正常,该类元素共1个，当前第1个
2020-08-26 20:11:30,624 - basepage - INFO - Click back on current page.
2020-08-26 20:11:35,786 - 2 - INFO - 随机页面"漫友漫画"跳转正常，当前第1个
2020-08-26 20:11:36,002 - basepage - INFO - Click back on current page.
2020-08-26 20:11:40,289 - 2 - INFO - 随机页面"吾爱看书"跳转正常，当前第2个
2020-08-26 20:11:40,416 - basepage - INFO - Click back on current page.
2020-08-26 20:11:55,619 - 2 - INFO - 随机页面"饭团看书"跳转正常，当前第3个
2020-08-26 20:11:55,742 - basepage - INFO - Click back on current page.
2020-08-26 20:12:00,522 - 2 - INFO - 页面"2020撩女朋友的软件"跳转正常,该类元素共1个，当前第1个
2020-08-26 20:12:00,632 - basepage - INFO - Click back on current page.
2020-08-26 20:12:05,677 - 2 - INFO - 随机页面"神撩话术大全库"跳转正常，当前第1个
2020-08-26 20:12:05,788 - basepage - INFO - Click back on current page.
2020-08-26 20:12:10,651 - 2 - INFO - 随机页面"撩妹聊天套路"跳转正常，当前第2个
2020-08-26 20:12:10,764 - basepage - INFO - Click back on current page.
2020-08-26 20:12:15,724 - 2 - INFO - 随机页面"回复神器"跳转正常，当前第3个
2020-08-26 20:12:15,839 - basepage - INFO - Click back on current page.
2020-08-26 20:12:20,846 - 2 - INFO - 页面"聊天回复软件苹果版"跳转正常,该类元素共1个，当前第1个
2020-08-26 20:12:20,969 - basepage - INFO - Click back on current page.
2020-08-26 20:12:25,750 - 2 - INFO - 随机页面"女神呼叫app"跳转正常，当前第1个
2020-08-26 20:12:25,873 - basepage - INFO - Click back on current page.
2020-08-26 20:12:31,220 - 2 - INFO - 随机页面"撩妹神器"跳转正常，当前第2个
2020-08-26 20:12:31,364 - basepage - INFO - Click back on current page.
2020-08-26 20:12:36,200 - 2 - INFO - 随机页面"X计划"跳转正常，当前第3个
2020-08-26 20:12:36,319 - basepage - INFO - Click back on current page.
2020-08-26 20:12:41,577 - 2 - INFO - 进入"电脑"模块，将执行随机函数
2020-08-26 20:12:43,842 - 2 - INFO - 随机页面"少年群侠传（送千元充值）"跳转正常，当前第1个
2020-08-26 20:12:43,943 - basepage - INFO - Click back on current page.
2020-08-26 20:12:48,233 - 2 - INFO - 随机页面"魔侠传（开服送2000充）"跳转正常，当前第2个
2020-08-26 20:12:48,317 - basepage - INFO - Click back on current page.
2020-08-26 20:12:52,594 - 2 - INFO - 随机页面"武器之王（满屏爆装）"跳转正常，当前第3个
2020-08-26 20:12:52,701 - basepage - INFO - Click back on current page.
2020-08-26 20:12:59,407 - 2 - INFO - 进入"APP大全"模块，将执行随机函数
2020-08-26 20:13:03,498 - 2 - INFO - 页面"RTS"跳转正常,该类元素共16个，当前第1个
2020-08-26 20:13:09,591 - 2 - INFO - 页面"横版"跳转正常,该类元素共16个，当前第2个
2020-08-26 20:13:15,680 - 2 - INFO - 页面"玄幻"跳转正常,该类元素共16个，当前第3个
2020-08-26 20:13:21,786 - 2 - INFO - 页面"竖屏"跳转正常,该类元素共16个，当前第4个
2020-08-26 20:13:27,886 - 2 - INFO - 页面"MMORPG"跳转正常,该类元素共16个，当前第5个
2020-08-26 20:13:33,996 - 2 - INFO - 页面"Q萌"跳转正常,该类元素共16个，当前第6个
2020-08-26 20:13:40,086 - 2 - INFO - 页面"结婚"跳转正常,该类元素共16个，当前第7个
2020-08-26 20:13:46,193 - 2 - INFO - 页面"竞技"跳转正常,该类元素共16个，当前第8个
2020-08-26 20:13:52,296 - 2 - INFO - 页面"MOBA"跳转正常,该类元素共16个，当前第9个
2020-08-26 20:13:58,417 - 2 - INFO - 页面"对战"跳转正常,该类元素共16个，当前第10个
2020-08-26 20:14:04,557 - 2 - INFO - 页面"多人在线"跳转正常,该类元素共16个，当前第11个
2020-08-26 20:14:10,636 - 2 - INFO - 页面"暗黑系列"跳转正常,该类元素共16个，当前第12个
2020-08-26 20:14:16,738 - 2 - INFO - 页面"小说改编"跳转正常,该类元素共16个，当前第13个
2020-08-26 20:14:22,843 - 2 - INFO - 页面"游戏盒"跳转正常,该类元素共16个，当前第14个
2020-08-26 20:14:28,953 - 2 - INFO - 页面"龙之谷2"跳转正常,该类元素共16个，当前第15个
2020-08-26 20:14:35,046 - 2 - INFO - 页面"光遇"跳转正常,该类元素共16个，当前第16个
2020-08-26 20:14:37,068 - basepage - INFO - zuiben自动化测试结束
