2020-08-05 19:00:57,398 - basepage - INFO - zuiben自动化测试开始
2020-08-05 19:00:57,400 - basepage - INFO - 隐性等待 10 秒
2020-08-05 19:01:03,981 - basepage - INFO - 跳转至https://www.zuiben.com/
2020-08-05 19:01:06,097 - basepage - INFO - 窗口已经最大化
2020-08-05 19:01:12,120 - 2 - INFO - 页面"【安卓游戏】好玩的安卓游戏下载_安卓游戏排行榜_安卓游戏免费下载大全-最笨下载"跳转正常,该类元素共21个，当前第1个
2020-08-05 19:01:12,414 - basepage - INFO - Click back on current page.
2020-08-05 19:01:16,973 - 2 - INFO - 页面"变态手游公益服_bt手游变态服_无限元宝bt手游下载_BT手游中心-最笨下载"跳转正常,该类元素共21个，当前第2个
2020-08-05 19:01:17,493 - basepage - INFO - Click back on current page.
2020-08-05 19:01:22,136 - 2 - INFO - 页面"gm版手游_无限元宝/钻石公益服_0元免费gm权限手游下载-最笨下载"跳转正常,该类元素共21个，当前第3个
2020-08-05 19:01:22,383 - basepage - INFO - Click back on current page.
2020-08-05 19:01:27,689 - 2 - INFO - 页面"【苹果游戏】iphone苹果手机游戏下载_iphone苹果游戏排行榜-最笨下载"跳转正常,该类元素共21个，当前第4个
2020-08-05 19:01:28,263 - basepage - INFO - Click back on current page.
2020-08-05 19:01:32,529 - 2 - INFO - 页面"满vip版手游_手游sf送顶级vip_满级vip无限元宝手游下载-最笨下载"跳转正常,该类元素共21个，当前第5个
2020-08-05 19:01:32,801 - basepage - INFO - Click back on current page.
2020-08-05 19:01:39,739 - 2 - INFO - 页面"【安卓软件】安卓软件下载_安卓手机软件下载_安卓软件免费下载大全-最笨下载"跳转正常,该类元素共21个，当前第6个
2020-08-05 19:01:40,666 - basepage - INFO - Click back on current page.
2020-08-05 19:01:46,789 - 2 - INFO - 页面"【苹果软件】iphone苹果下载软件_iphone苹果软件免费下载_苹果软件下载大全-最笨下载"跳转正常,该类元素共21个，当前第7个
2020-08-05 19:01:47,091 - basepage - INFO - Click back on current page.
2020-08-05 19:01:52,051 - 2 - INFO - 页面"【安卓资讯】安卓资讯推荐_安卓资讯大全-最笨下载"跳转正常,该类元素共21个，当前第8个
2020-08-05 19:01:52,481 - basepage - INFO - Click back on current page.
2020-08-05 19:01:57,251 - 2 - INFO - 页面"【安卓游戏攻略】安卓游戏攻略推荐_安卓游戏攻略大全-最笨下载"跳转正常,该类元素共21个，当前第9个
2020-08-05 19:01:57,569 - basepage - INFO - Click back on current page.
2020-08-05 19:02:08,667 - 2 - INFO - 页面"【安卓软件教程】安卓软件教程推荐_安卓软件教程大全-最笨下载"跳转正常,该类元素共21个，当前第10个
2020-08-05 19:02:09,343 - basepage - INFO - Click back on current page.
2020-08-05 19:02:14,322 - 2 - INFO - 页面"【iphone资讯】iphone资讯推荐_iphone资讯大全-最笨下载"跳转正常,该类元素共21个，当前第11个
2020-08-05 19:02:14,625 - basepage - INFO - Click back on current page.
2020-08-05 19:02:19,930 - 2 - INFO - 页面"【iPhone游戏攻略】iPhone游戏攻略推荐_iPhone游戏攻略大全-最笨下载"跳转正常,该类元素共21个，当前第12个
2020-08-05 19:02:20,509 - basepage - INFO - Click back on current page.
2020-08-05 19:02:25,344 - 2 - INFO - 页面"【系统重装教程】电脑重装系统教程_电脑怎么重装系统_重装系统步骤-最笨下载"跳转正常,该类元素共21个，当前第13个
2020-08-05 19:02:25,592 - basepage - INFO - Click back on current page.
2020-08-05 19:02:31,399 - 2 - INFO - 页面"安卓专题-最笨下载"跳转正常,该类元素共21个，当前第14个
2020-08-05 19:02:31,940 - basepage - INFO - Click back on current page.
2020-08-05 19:02:38,539 - 2 - INFO - 页面"游戏专题-最笨下载"跳转正常,该类元素共21个，当前第15个
2020-08-05 19:02:39,195 - basepage - INFO - Click back on current page.
2020-08-05 19:02:44,319 - 2 - INFO - 页面"苹果专题-最笨下载"跳转正常,该类元素共21个，当前第16个
2020-08-05 19:02:44,907 - basepage - INFO - Click back on current page.
2020-08-05 19:02:52,380 - 2 - INFO - 页面"【电脑软件】电脑软件下载_电脑装机必备软件_电脑常用软件下载_电脑软件大全-最笨下载"跳转正常,该类元素共21个，当前第17个
2020-08-05 19:02:52,622 - basepage - INFO - Click back on current page.
2020-08-05 19:02:59,839 - 2 - INFO - 页面"【电脑软件】电脑软件下载_电脑装机必备软件_电脑常用软件下载_电脑软件大全-最笨下载"跳转正常,该类元素共21个，当前第18个
2020-08-05 19:03:00,346 - basepage - INFO - Click back on current page.
2020-08-05 19:03:05,479 - 2 - INFO - 页面"【激活工具】激活windows工具_万能激活工具_windows激活工具下载_自动激活工具-最笨下载"跳转正常,该类元素共21个，当前第19个
2020-08-05 19:03:05,714 - basepage - INFO - Click back on current page.
2020-08-05 19:03:09,908 - 2 - INFO - 页面"【系统重装教程】电脑重装系统教程_电脑怎么重装系统_重装系统步骤-最笨下载"跳转正常,该类元素共21个，当前第20个
2020-08-05 19:03:10,501 - basepage - INFO - Click back on current page.
2020-08-05 19:03:14,683 - 2 - INFO - 页面"【系统重装教程】电脑重装系统教程_电脑怎么重装系统_重装系统步骤-最笨下载"跳转正常,该类元素共21个，当前第21个
2020-08-05 19:03:14,972 - basepage - INFO - Click back on current page.
2020-08-05 19:03:22,880 - 2 - INFO - 页面"家庭教师OL手游"跳转正常,该类元素共10个，当前第1个
2020-08-05 19:03:29,057 - 2 - INFO - 页面"魔女骑士团手游"跳转正常,该类元素共10个，当前第2个
2020-08-05 19:03:35,200 - 2 - INFO - 页面"决胜足球手游"跳转正常,该类元素共10个，当前第3个
2020-08-05 19:03:41,349 - 2 - INFO - 页面"少女战争手游"跳转正常,该类元素共10个，当前第4个
2020-08-05 19:03:47,510 - 2 - INFO - 页面"天神战（魔灵特权）"跳转正常,该类元素共10个，当前第5个
2020-08-05 19:03:53,649 - 2 - INFO - 页面"最Q幻想手游"跳转正常,该类元素共10个，当前第6个
2020-08-05 19:03:59,800 - 2 - INFO - 页面"霸途手游"跳转正常,该类元素共10个，当前第7个
2020-08-05 19:04:05,949 - 2 - INFO - 页面"回到三国志手游"跳转正常,该类元素共10个，当前第8个
2020-08-05 19:04:12,132 - 2 - INFO - 页面"幻游猎人手游"跳转正常,该类元素共10个，当前第9个
2020-08-05 19:04:18,280 - 2 - INFO - 页面"王者荣耀"跳转正常,该类元素共10个，当前第10个
2020-08-05 19:04:24,427 - 2 - INFO - 页面"女神联盟2（送500充值）"跳转正常,该类元素共20个，当前第1个
2020-08-05 19:04:30,591 - 2 - INFO - 页面"仙灵世界（送海量连抽）"跳转正常,该类元素共20个，当前第2个
2020-08-05 19:04:36,727 - 2 - INFO - 页面"武器之王（福利特权）"跳转正常,该类元素共20个，当前第3个
2020-08-05 19:04:42,862 - 2 - INFO - 页面"天天怼三国（送千元充值）"跳转正常,该类元素共20个，当前第4个
2020-08-05 19:04:49,006 - 2 - INFO - 页面"武动九天（GM免费特权）"跳转正常,该类元素共20个，当前第5个
2020-08-05 19:04:55,135 - 2 - INFO - 页面"唐门六道（送千元充值）"跳转正常,该类元素共20个，当前第6个
2020-08-05 19:05:01,268 - 2 - INFO - 页面"魔法之光（红忍海量抽）"跳转正常,该类元素共20个，当前第7个
2020-08-05 19:05:07,417 - 2 - INFO - 页面"纵剑仙界（送VIP代金券）"跳转正常,该类元素共20个，当前第8个
2020-08-05 19:05:13,547 - 2 - INFO - 页面"真江湖HD（万抽特权）"跳转正常,该类元素共20个，当前第9个
2020-08-05 19:05:19,676 - 2 - INFO - 页面"冒险王2（送海量充值）"跳转正常,该类元素共20个，当前第10个
2020-08-05 19:05:25,823 - 2 - INFO - 页面"大军师（送海量橙将）"跳转正常,该类元素共20个，当前第11个
2020-08-05 19:05:31,972 - 2 - INFO - 页面"妖神记（抽动漫周边）"跳转正常,该类元素共20个，当前第12个
2020-08-05 19:05:38,109 - 2 - INFO - 页面"屠龙世界（送GM特权）"跳转正常,该类元素共20个，当前第13个
2020-08-05 19:05:44,257 - 2 - INFO - 页面"皇者：至尊传奇"跳转正常,该类元素共20个，当前第14个
2020-08-05 19:05:50,387 - 2 - INFO - 页面"崩坏西游（送1688元充值）"跳转正常,该类元素共20个，当前第15个
2020-08-05 19:05:56,516 - 2 - INFO - 页面"教主之家（至尊特权）"跳转正常,该类元素共20个，当前第16个
2020-08-05 19:06:02,660 - 2 - INFO - 页面"一剑成仙（海量打金）"跳转正常,该类元素共20个，当前第17个
2020-08-05 19:06:08,812 - 2 - INFO - 页面"将军道（送百连海量抽）"跳转正常,该类元素共20个，当前第18个
2020-08-05 19:06:14,950 - 2 - INFO - 页面"龙刃（折扣特权）"跳转正常,该类元素共20个，当前第19个
2020-08-05 19:06:21,097 - 2 - INFO - 页面"无界（送千元万抽）"跳转正常,该类元素共20个，当前第20个
2020-08-05 19:06:29,106 - 2 - INFO - 页面"女神联盟2（送500充值）"跳转正常,该类元素共10个，当前第1个
2020-08-05 19:06:35,272 - 2 - INFO - 页面"仙灵世界（送海量连抽）"跳转正常,该类元素共10个，当前第2个
2020-08-05 19:06:41,447 - 2 - INFO - 页面"武器之王（福利特权）"跳转正常,该类元素共10个，当前第3个
2020-08-05 19:06:47,595 - 2 - INFO - 页面"天天怼三国（送千元充值）"跳转正常,该类元素共10个，当前第4个
2020-08-05 19:06:53,736 - 2 - INFO - 页面"武动九天（GM免费特权）"跳转正常,该类元素共10个，当前第5个
2020-08-05 19:06:59,944 - 2 - INFO - 页面"唐门六道（送千元充值）"跳转正常,该类元素共10个，当前第6个
2020-08-05 19:07:06,091 - 2 - INFO - 页面"魔法之光（红忍海量抽）"跳转正常,该类元素共10个，当前第7个
2020-08-05 19:07:12,246 - 2 - INFO - 页面"纵剑仙界（送VIP代金券）"跳转正常,该类元素共10个，当前第8个
2020-08-05 19:07:18,391 - 2 - INFO - 页面"真江湖HD（万抽特权）"跳转正常,该类元素共10个，当前第9个
2020-08-05 19:07:24,647 - 2 - INFO - 页面"冒险王2（送海量充值）"跳转正常,该类元素共10个，当前第10个
2020-08-05 19:07:30,805 - 2 - INFO - 页面"女神联盟2（送500充值）"跳转正常,该类元素共20个，当前第1个
2020-08-05 19:07:36,930 - 2 - INFO - 页面"仙灵世界（送海量连抽）"跳转正常,该类元素共20个，当前第2个
