2020-08-07 18:20:07,110 - basepage - INFO - zuiben自动化测试开始
2020-08-07 18:20:07,120 - basepage - INFO - 隐性等待 10 秒
2020-08-07 18:20:17,186 - basepage - INFO - 跳转至https://www.zuiben.com/
2020-08-07 18:20:19,303 - basepage - INFO - 窗口已经最大化
2020-08-07 18:20:24,189 - 2 - INFO - 页面"【安卓游戏】好玩的安卓游戏下载_安卓游戏排行榜_安卓游戏免费下载大全-最笨下载"跳转正常,该类元素共21个，当前第1个
2020-08-07 18:20:24,450 - basepage - INFO - Click back on current page.
2020-08-07 18:20:29,257 - 2 - INFO - 页面"变态手游公益服_bt手游变态服_无限元宝bt手游下载_BT手游中心-最笨下载"跳转正常,该类元素共21个，当前第2个
2020-08-07 18:20:29,659 - basepage - INFO - Click back on current page.
2020-08-07 18:20:34,057 - 2 - INFO - 页面"gm版手游_无限元宝/钻石公益服_0元免费gm权限手游下载-最笨下载"跳转正常,该类元素共21个，当前第3个
2020-08-07 18:20:34,289 - basepage - INFO - Click back on current page.
2020-08-07 18:20:39,562 - 2 - INFO - 页面"【苹果游戏】iphone苹果手机游戏下载_iphone苹果游戏排行榜-最笨下载"跳转正常,该类元素共21个，当前第4个
2020-08-07 18:20:39,779 - basepage - INFO - Click back on current page.
2020-08-07 18:20:43,993 - 2 - INFO - 页面"满vip版手游_手游sf送顶级vip_满级vip无限元宝手游下载-最笨下载"跳转正常,该类元素共21个，当前第5个
2020-08-07 18:20:44,314 - basepage - INFO - Click back on current page.
2020-08-07 18:20:49,511 - 2 - INFO - 页面"【安卓软件】安卓软件下载_安卓手机软件下载_安卓软件免费下载大全-最笨下载"跳转正常,该类元素共21个，当前第6个
2020-08-07 18:20:49,759 - basepage - INFO - Click back on current page.
2020-08-07 18:20:54,865 - 2 - INFO - 页面"【苹果软件】iphone苹果下载软件_iphone苹果软件免费下载_苹果软件下载大全-最笨下载"跳转正常,该类元素共21个，当前第7个
2020-08-07 18:20:55,113 - basepage - INFO - Click back on current page.
2020-08-07 18:21:00,365 - 2 - INFO - 页面"【安卓资讯】安卓资讯推荐_安卓资讯大全-最笨下载"跳转正常,该类元素共21个，当前第8个
2020-08-07 18:21:00,578 - basepage - INFO - Click back on current page.
2020-08-07 18:21:05,593 - 2 - INFO - 页面"【安卓游戏攻略】安卓游戏攻略推荐_安卓游戏攻略大全-最笨下载"跳转正常,该类元素共21个，当前第9个
2020-08-07 18:21:05,806 - basepage - INFO - Click back on current page.
2020-08-07 18:21:10,283 - 2 - INFO - 页面"【安卓软件教程】安卓软件教程推荐_安卓软件教程大全-最笨下载"跳转正常,该类元素共21个，当前第10个
2020-08-07 18:21:10,518 - basepage - INFO - Click back on current page.
2020-08-07 18:21:15,343 - 2 - INFO - 页面"【iphone资讯】iphone资讯推荐_iphone资讯大全-最笨下载"跳转正常,该类元素共21个，当前第11个
2020-08-07 18:21:15,573 - basepage - INFO - Click back on current page.
2020-08-07 18:21:19,826 - 2 - INFO - 页面"【iPhone游戏攻略】iPhone游戏攻略推荐_iPhone游戏攻略大全-最笨下载"跳转正常,该类元素共21个，当前第12个
2020-08-07 18:21:20,079 - basepage - INFO - Click back on current page.
2020-08-07 18:21:24,521 - 2 - INFO - 页面"【系统重装教程】电脑重装系统教程_电脑怎么重装系统_重装系统步骤-最笨下载"跳转正常,该类元素共21个，当前第13个
2020-08-07 18:21:24,752 - basepage - INFO - Click back on current page.
2020-08-07 18:21:30,095 - 2 - INFO - 页面"安卓专题-最笨下载"跳转正常,该类元素共21个，当前第14个
2020-08-07 18:21:30,348 - basepage - INFO - Click back on current page.
2020-08-07 18:21:36,445 - 2 - INFO - 页面"游戏专题-最笨下载"跳转正常,该类元素共21个，当前第15个
2020-08-07 18:21:36,662 - basepage - INFO - Click back on current page.
2020-08-07 18:21:41,290 - 2 - INFO - 页面"苹果专题-最笨下载"跳转正常,该类元素共21个，当前第16个
2020-08-07 18:21:41,703 - basepage - INFO - Click back on current page.
2020-08-07 18:21:46,587 - 2 - INFO - 页面"【电脑软件】电脑软件下载_电脑装机必备软件_电脑常用软件下载_电脑软件大全-最笨下载"跳转正常,该类元素共21个，当前第17个
2020-08-07 18:21:46,818 - basepage - INFO - Click back on current page.
2020-08-07 18:21:51,968 - 2 - INFO - 页面"【电脑软件】电脑软件下载_电脑装机必备软件_电脑常用软件下载_电脑软件大全-最笨下载"跳转正常,该类元素共21个，当前第18个
2020-08-07 18:21:52,183 - basepage - INFO - Click back on current page.
2020-08-07 18:21:56,469 - 2 - INFO - 页面"【激活工具】激活windows工具_万能激活工具_windows激活工具下载_自动激活工具-最笨下载"跳转正常,该类元素共21个，当前第19个
2020-08-07 18:21:56,842 - basepage - INFO - Click back on current page.
2020-08-07 18:22:01,100 - 2 - INFO - 页面"【系统重装教程】电脑重装系统教程_电脑怎么重装系统_重装系统步骤-最笨下载"跳转正常,该类元素共21个，当前第20个
2020-08-07 18:22:01,428 - basepage - INFO - Click back on current page.
2020-08-07 18:22:05,692 - 2 - INFO - 页面"【系统重装教程】电脑重装系统教程_电脑怎么重装系统_重装系统步骤-最笨下载"跳转正常,该类元素共21个，当前第21个
2020-08-07 18:22:06,031 - basepage - INFO - Click back on current page.
2020-08-07 18:22:13,914 - 2 - INFO - 页面"家庭教师OL手游"跳转正常,该类元素共10个，当前第1个
2020-08-07 18:22:20,076 - 2 - INFO - 页面"魔女骑士团手游"跳转正常,该类元素共10个，当前第2个
2020-08-07 18:22:26,225 - 2 - INFO - 页面"决胜足球手游"跳转正常,该类元素共10个，当前第3个
2020-08-07 18:22:32,388 - 2 - INFO - 页面"少女战争手游"跳转正常,该类元素共10个，当前第4个
2020-08-07 18:22:38,559 - 2 - INFO - 页面"天神战（魔灵特权）"跳转正常,该类元素共10个，当前第5个
2020-08-07 18:22:44,715 - 2 - INFO - 页面"最Q幻想手游"跳转正常,该类元素共10个，当前第6个
2020-08-07 18:22:50,879 - 2 - INFO - 页面"霸途手游"跳转正常,该类元素共10个，当前第7个
2020-08-07 18:22:57,024 - 2 - INFO - 页面"回到三国志手游"跳转正常,该类元素共10个，当前第8个
2020-08-07 18:23:03,216 - 2 - INFO - 页面"幻游猎人手游"跳转正常,该类元素共10个，当前第9个
2020-08-07 18:23:09,446 - 2 - INFO - 页面"王者荣耀"跳转正常,该类元素共10个，当前第10个
2020-08-07 18:23:15,646 - 2 - INFO - 页面"女神联盟2（送500充值）"跳转正常,该类元素共20个，当前第1个
2020-08-07 18:23:21,791 - 2 - INFO - 页面"仙灵世界（送海量连抽）"跳转正常,该类元素共20个，当前第2个
2020-08-07 18:23:27,931 - 2 - INFO - 页面"武器之王（福利特权）"跳转正常,该类元素共20个，当前第3个
2020-08-07 18:23:34,057 - 2 - INFO - 页面"天天怼三国（送千元充值）"跳转正常,该类元素共20个，当前第4个
2020-08-07 18:23:40,212 - 2 - INFO - 页面"武动九天（GM免费特权）"跳转正常,该类元素共20个，当前第5个
2020-08-07 18:23:46,396 - 2 - INFO - 页面"唐门六道（送千元充值）"跳转正常,该类元素共20个，当前第6个
2020-08-07 18:23:52,569 - 2 - INFO - 页面"魔法之光（红忍海量抽）"跳转正常,该类元素共20个，当前第7个
2020-08-07 18:23:58,715 - 2 - INFO - 页面"纵剑仙界（送VIP代金券）"跳转正常,该类元素共20个，当前第8个
2020-08-07 18:24:04,871 - 2 - INFO - 页面"真江湖HD（万抽特权）"跳转正常,该类元素共20个，当前第9个
2020-08-07 18:24:11,034 - 2 - INFO - 页面"冒险王2（送海量充值）"跳转正常,该类元素共20个，当前第10个
2020-08-07 18:24:17,204 - 2 - INFO - 页面"大军师（送海量橙将）"跳转正常,该类元素共20个，当前第11个
2020-08-07 18:24:23,367 - 2 - INFO - 页面"妖神记（抽动漫周边）"跳转正常,该类元素共20个，当前第12个
2020-08-07 18:24:29,551 - 2 - INFO - 页面"屠龙世界（送GM特权）"跳转正常,该类元素共20个，当前第13个
2020-08-07 18:24:35,699 - 2 - INFO - 页面"皇者：至尊传奇"跳转正常,该类元素共20个，当前第14个
2020-08-07 18:24:41,870 - 2 - INFO - 页面"崩坏西游（送1688元充值）"跳转正常,该类元素共20个，当前第15个
2020-08-07 18:24:48,075 - 2 - INFO - 页面"教主之家（至尊特权）"跳转正常,该类元素共20个，当前第16个
2020-08-07 18:24:54,269 - 2 - INFO - 页面"一剑成仙（海量打金）"跳转正常,该类元素共20个，当前第17个
2020-08-07 18:25:00,408 - 2 - INFO - 页面"将军道（送百连海量抽）"跳转正常,该类元素共20个，当前第18个
2020-08-07 18:25:06,608 - 2 - INFO - 页面"龙刃（折扣特权）"跳转正常,该类元素共20个，当前第19个
2020-08-07 18:25:12,792 - 2 - INFO - 页面"无界（送千元万抽）"跳转正常,该类元素共20个，当前第20个
2020-08-07 18:25:20,740 - 2 - INFO - 页面"女神联盟2（送500充值）"跳转正常,该类元素共10个，当前第1个
2020-08-07 18:25:26,899 - 2 - INFO - 页面"仙灵世界（送海量连抽）"跳转正常,该类元素共10个，当前第2个
2020-08-07 18:25:33,065 - 2 - INFO - 页面"武器之王（福利特权）"跳转正常,该类元素共10个，当前第3个
2020-08-07 18:25:39,213 - 2 - INFO - 页面"天天怼三国（送千元充值）"跳转正常,该类元素共10个，当前第4个
2020-08-07 18:25:45,359 - 2 - INFO - 页面"武动九天（GM免费特权）"跳转正常,该类元素共10个，当前第5个
2020-08-07 18:25:51,465 - 2 - INFO - 页面"唐门六道（送千元充值）"跳转正常,该类元素共10个，当前第6个
2020-08-07 18:25:57,595 - 2 - INFO - 页面"魔法之光（红忍海量抽）"跳转正常,该类元素共10个，当前第7个
2020-08-07 18:26:03,759 - 2 - INFO - 页面"纵剑仙界（送VIP代金券）"跳转正常,该类元素共10个，当前第8个
2020-08-07 18:26:09,913 - 2 - INFO - 页面"真江湖HD（万抽特权）"跳转正常,该类元素共10个，当前第9个
2020-08-07 18:26:16,075 - 2 - INFO - 页面"冒险王2（送海量充值）"跳转正常,该类元素共10个，当前第10个
2020-08-07 18:26:22,243 - 2 - INFO - 页面"女神联盟2（送500充值）"跳转正常,该类元素共20个，当前第1个
2020-08-07 18:26:28,397 - 2 - INFO - 页面"仙灵世界（送海量连抽）"跳转正常,该类元素共20个，当前第2个
2020-08-07 18:26:34,563 - 2 - INFO - 页面"武器之王（福利特权）"跳转正常,该类元素共20个，当前第3个
2020-08-07 18:26:40,729 - 2 - INFO - 页面"凡人飞仙传（充值特权）"跳转正常,该类元素共20个，当前第4个
2020-08-07 18:26:46,858 - 2 - INFO - 页面"天天怼三国（送千元充值）"跳转正常,该类元素共20个，当前第5个
2020-08-07 18:26:52,984 - 2 - INFO - 页面"武动九天（GM免费特权）"跳转正常,该类元素共20个，当前第6个
2020-08-07 18:26:59,126 - 2 - INFO - 页面"唐门六道（送千元充值）"跳转正常,该类元素共20个，当前第7个
2020-08-07 18:27:05,308 - 2 - INFO - 页面"魔法之光（红忍海量抽）"跳转正常,该类元素共20个，当前第8个
2020-08-07 18:27:11,507 - 2 - INFO - 页面"纵剑仙界（送VIP代金券）"跳转正常,该类元素共20个，当前第9个
2020-08-07 18:27:17,679 - 2 - INFO - 页面"真江湖HD（万抽特权）"跳转正常,该类元素共20个，当前第10个
2020-08-07 18:27:23,832 - 2 - INFO - 页面"冒险王2（送海量充值）"跳转正常,该类元素共20个，当前第11个
2020-08-07 18:27:29,995 - 2 - INFO - 页面"烈火战神（海量特权）"跳转正常,该类元素共20个，当前第12个
2020-08-07 18:27:36,173 - 2 - INFO - 页面"大军师（送海量橙将）"跳转正常,该类元素共20个，当前第13个
2020-08-07 18:27:42,312 - 2 - INFO - 页面"妖神记（抽动漫周边）"跳转正常,该类元素共20个，当前第14个
2020-08-07 18:27:48,495 - 2 - INFO - 页面"屠龙世界（送GM特权）"跳转正常,该类元素共20个，当前第15个
2020-08-07 18:27:54,695 - 2 - INFO - 页面"皇者：至尊传奇"跳转正常,该类元素共20个，当前第16个
2020-08-07 18:28:00,895 - 2 - INFO - 页面"崩坏西游（送1688元充值）"跳转正常,该类元素共20个，当前第17个
2020-08-07 18:28:07,048 - 2 - INFO - 页面"教主之家（至尊特权）"跳转正常,该类元素共20个，当前第18个
2020-08-07 18:28:13,173 - 2 - INFO - 页面"一剑成仙（海量打金）"跳转正常,该类元素共20个，当前第19个
2020-08-07 18:28:19,321 - 2 - INFO - 页面"将军道（送百连海量抽）"跳转正常,该类元素共20个，当前第20个
2020-08-07 18:28:27,325 - 2 - INFO - 页面"女神联盟2（送500充值）"跳转正常,该类元素共10个，当前第1个
2020-08-07 18:28:33,476 - 2 - INFO - 页面"仙灵世界（送海量连抽）"跳转正常,该类元素共10个，当前第2个
2020-08-07 18:28:39,646 - 2 - INFO - 页面"武器之王（福利特权）"跳转正常,该类元素共10个，当前第3个
2020-08-07 18:28:45,807 - 2 - INFO - 页面"凡人飞仙传（充值特权）"跳转正常,该类元素共10个，当前第4个
2020-08-07 18:28:51,952 - 2 - INFO - 页面"天天怼三国（送千元充值）"跳转正常,该类元素共10个，当前第5个
2020-08-07 18:28:58,097 - 2 - INFO - 页面"武动九天（GM免费特权）"跳转正常,该类元素共10个，当前第6个
2020-08-07 18:29:04,244 - 2 - INFO - 页面"唐门六道（送千元充值）"跳转正常,该类元素共10个，当前第7个
2020-08-07 18:29:10,377 - 2 - INFO - 页面"魔法之光（红忍海量抽）"跳转正常,该类元素共10个，当前第8个
2020-08-07 18:29:16,552 - 2 - INFO - 页面"纵剑仙界（送VIP代金券）"跳转正常,该类元素共10个，当前第9个
2020-08-07 18:29:22,715 - 2 - INFO - 页面"冒险王2（送海量充值）"跳转正常,该类元素共10个，当前第10个
2020-08-07 18:29:28,905 - 2 - INFO - 页面"女神联盟2（送500充值）"跳转正常,该类元素共20个，当前第1个
2020-08-07 18:29:35,054 - 2 - INFO - 页面"仙灵世界（送海量连抽）"跳转正常,该类元素共20个，当前第2个
2020-08-07 18:29:41,220 - 2 - INFO - 页面"武器之王（福利特权）"跳转正常,该类元素共20个，当前第3个
2020-08-07 18:29:47,411 - 2 - INFO - 页面"凡人飞仙传（充值特权）"跳转正常,该类元素共20个，当前第4个
2020-08-07 18:29:53,587 - 2 - INFO - 页面"天天怼三国（送千元充值）"跳转正常,该类元素共20个，当前第5个
2020-08-07 18:29:59,732 - 2 - INFO - 页面"武动九天（GM免费特权）"跳转正常,该类元素共20个，当前第6个
2020-08-07 18:30:05,910 - 2 - INFO - 页面"唐门六道（送千元充值）"跳转正常,该类元素共20个，当前第7个
2020-08-07 18:30:12,039 - 2 - INFO - 页面"魔法之光（红忍海量抽）"跳转正常,该类元素共20个，当前第8个
2020-08-07 18:30:18,202 - 2 - INFO - 页面"纵剑仙界（送VIP代金券）"跳转正常,该类元素共20个，当前第9个
2020-08-07 18:30:24,369 - 2 - INFO - 页面"真江湖HD（万抽特权）"跳转正常,该类元素共20个，当前第10个
2020-08-07 18:30:30,555 - 2 - INFO - 页面"冒险王2（送海量充值）"跳转正常,该类元素共20个，当前第11个
2020-08-07 18:30:36,681 - 2 - INFO - 页面"烈火战神（海量特权）"跳转正常,该类元素共20个，当前第12个
2020-08-07 18:30:42,877 - 2 - INFO - 页面"大军师（送海量橙将）"跳转正常,该类元素共20个，当前第13个
2020-08-07 18:30:49,013 - 2 - INFO - 页面"妖神记（抽动漫周边）"跳转正常,该类元素共20个，当前第14个
2020-08-07 18:30:55,175 - 2 - INFO - 页面"屠龙世界（送GM特权）"跳转正常,该类元素共20个，当前第15个
2020-08-07 18:31:01,318 - 2 - INFO - 页面"皇者：至尊传奇"跳转正常,该类元素共20个，当前第16个
2020-08-07 18:31:07,524 - 2 - INFO - 页面"崩坏西游（送1688元充值）"跳转正常,该类元素共20个，当前第17个
2020-08-07 18:31:13,647 - 2 - INFO - 页面"教主之家（至尊特权）"跳转正常,该类元素共20个，当前第18个
2020-08-07 18:31:19,796 - 2 - INFO - 页面"一剑成仙（海量打金）"跳转正常,该类元素共20个，当前第19个
2020-08-07 18:31:25,960 - 2 - INFO - 页面"将军道（送百连海量抽）"跳转正常,该类元素共20个，当前第20个
2020-08-07 18:31:33,665 - 2 - INFO - 页面"【女神联盟2（送500充值）】开局赠送VIP17至尊特"跳转正常,该类元素共1个，当前第1个
2020-08-07 18:31:33,942 - basepage - INFO - Click back on current page.
2020-08-07 18:31:39,779 - 2 - INFO - 页面"【武动九天（GM免费特权）】上线满V，8W8绑元和"跳转正常,该类元素共1个，当前第1个
2020-08-07 18:31:40,089 - basepage - INFO - Click back on current page.
2020-08-07 18:31:48,219 - 2 - INFO - 页面"【梦幻沙城（海量抽充值）】上线即送GM2商城特"跳转正常,该类元素共1个，当前第1个
2020-08-07 19:03:20,801 - 2 - ERROR - 进入"游戏"模块异常
2020-08-07 19:03:40,890 - 2 - ERROR - 进入"应用"模块异常
2020-08-07 19:04:00,947 - 2 - ERROR - 进入"资讯"模块异常
2020-08-07 19:04:21,005 - 2 - ERROR - 进入"专题"模块异常
2020-08-07 19:04:41,079 - 2 - ERROR - 进入"电脑"模块异常
2020-08-07 19:05:01,120 - 2 - ERROR - 进入"APP大全"模块异常
2020-08-07 19:05:11,149 - basepage - INFO - zuiben自动化测试结束
