2020-08-10 18:24:16,440 - basepage - INFO - zuiben自动化测试开始
2020-08-10 18:24:16,442 - basepage - INFO - 隐性等待 10 秒
2020-08-10 18:24:22,655 - basepage - INFO - 跳转至https://www.zuiben.com/
2020-08-10 18:24:24,774 - basepage - INFO - 窗口已经最大化
2020-08-10 18:24:31,155 - 2 - INFO - 页面"【安卓游戏】好玩的安卓游戏下载_安卓游戏排行榜_安卓游戏免费下载大全-最笨下载"跳转正常,该类元素共21个，当前第1个
2020-08-10 18:24:31,387 - basepage - INFO - Click back on current page.
2020-08-10 18:24:35,846 - 2 - INFO - 页面"变态手游公益服_bt手游变态服_无限元宝bt手游下载_BT手游中心-最笨下载"跳转正常,该类元素共21个，当前第2个
2020-08-10 18:24:36,073 - basepage - INFO - Click back on current page.
2020-08-10 18:24:40,274 - 2 - INFO - 页面"gm版手游_无限元宝/钻石公益服_0元免费gm权限手游下载-最笨下载"跳转正常,该类元素共21个，当前第3个
2020-08-10 18:24:40,479 - basepage - INFO - Click back on current page.
2020-08-10 18:24:47,177 - 2 - INFO - 页面"【苹果游戏】iphone苹果手机游戏下载_iphone苹果游戏排行榜-最笨下载"跳转正常,该类元素共21个，当前第4个
2020-08-10 18:24:47,589 - basepage - INFO - Click back on current page.
2020-08-10 18:24:52,048 - 2 - INFO - 页面"满vip版手游_手游sf送顶级vip_满级vip无限元宝手游下载-最笨下载"跳转正常,该类元素共21个，当前第5个
2020-08-10 18:24:52,259 - basepage - INFO - Click back on current page.
2020-08-10 18:24:58,591 - 2 - INFO - 页面"【安卓软件】安卓软件下载_安卓手机软件下载_安卓软件免费下载大全-最笨下载"跳转正常,该类元素共21个，当前第6个
2020-08-10 18:24:59,047 - basepage - INFO - Click back on current page.
2020-08-10 18:25:05,694 - 2 - INFO - 页面"【苹果软件】iphone苹果下载软件_iphone苹果软件免费下载_苹果软件下载大全-最笨下载"跳转正常,该类元素共21个，当前第7个
2020-08-10 18:25:05,916 - basepage - INFO - Click back on current page.
2020-08-10 18:25:11,270 - 2 - INFO - 页面"【安卓资讯】安卓资讯推荐_安卓资讯大全-最笨下载"跳转正常,该类元素共21个，当前第8个
2020-08-10 18:25:11,653 - basepage - INFO - Click back on current page.
2020-08-10 18:25:16,474 - 2 - INFO - 页面"【安卓游戏攻略】安卓游戏攻略推荐_安卓游戏攻略大全-最笨下载"跳转正常,该类元素共21个，当前第9个
2020-08-10 18:25:16,686 - basepage - INFO - Click back on current page.
2020-08-10 18:25:21,918 - 2 - INFO - 页面"【安卓软件教程】安卓软件教程推荐_安卓软件教程大全-最笨下载"跳转正常,该类元素共21个，当前第10个
2020-08-10 18:25:22,144 - basepage - INFO - Click back on current page.
2020-08-10 18:25:27,350 - 2 - INFO - 页面"【iphone资讯】iphone资讯推荐_iphone资讯大全-最笨下载"跳转正常,该类元素共21个，当前第11个
2020-08-10 18:25:27,600 - basepage - INFO - Click back on current page.
2020-08-10 18:25:32,660 - 2 - INFO - 页面"【iPhone游戏攻略】iPhone游戏攻略推荐_iPhone游戏攻略大全-最笨下载"跳转正常,该类元素共21个，当前第12个
2020-08-10 18:25:33,043 - basepage - INFO - Click back on current page.
2020-08-10 18:25:37,779 - 2 - INFO - 页面"【系统重装教程】电脑重装系统教程_电脑怎么重装系统_重装系统步骤-最笨下载"跳转正常,该类元素共21个，当前第13个
2020-08-10 18:25:37,987 - basepage - INFO - Click back on current page.
2020-08-10 18:25:44,246 - 2 - INFO - 页面"安卓专题-最笨下载"跳转正常,该类元素共21个，当前第14个
2020-08-10 18:25:44,641 - basepage - INFO - Click back on current page.
2020-08-10 18:25:50,322 - 2 - INFO - 页面"游戏专题-最笨下载"跳转正常,该类元素共21个，当前第15个
2020-08-10 18:25:50,526 - basepage - INFO - Click back on current page.
2020-08-10 18:25:55,468 - 2 - INFO - 页面"苹果专题-最笨下载"跳转正常,该类元素共21个，当前第16个
2020-08-10 18:25:55,684 - basepage - INFO - Click back on current page.
2020-08-10 18:26:01,010 - 2 - INFO - 页面"【电脑软件】电脑软件下载_电脑装机必备软件_电脑常用软件下载_电脑软件大全-最笨下载"跳转正常,该类元素共21个，当前第17个
2020-08-10 18:26:01,218 - basepage - INFO - Click back on current page.
2020-08-10 18:26:07,813 - 2 - INFO - 页面"【电脑软件】电脑软件下载_电脑装机必备软件_电脑常用软件下载_电脑软件大全-最笨下载"跳转正常,该类元素共21个，当前第18个
2020-08-10 18:26:08,267 - basepage - INFO - Click back on current page.
2020-08-10 18:26:13,210 - 2 - INFO - 页面"【激活工具】激活windows工具_万能激活工具_windows激活工具下载_自动激活工具-最笨下载"跳转正常,该类元素共21个，当前第19个
2020-08-10 18:26:13,418 - basepage - INFO - Click back on current page.
2020-08-10 18:26:17,579 - 2 - INFO - 页面"【系统重装教程】电脑重装系统教程_电脑怎么重装系统_重装系统步骤-最笨下载"跳转正常,该类元素共21个，当前第20个
2020-08-10 18:26:18,060 - basepage - INFO - Click back on current page.
2020-08-10 18:26:22,218 - 2 - INFO - 页面"【系统重装教程】电脑重装系统教程_电脑怎么重装系统_重装系统步骤-最笨下载"跳转正常,该类元素共21个，当前第21个
2020-08-10 18:26:22,427 - basepage - INFO - Click back on current page.
2020-08-10 18:26:30,287 - 2 - INFO - 页面"家庭教师OL手游"跳转正常,该类元素共10个，当前第1个
2020-08-10 18:26:36,432 - 2 - INFO - 页面"魔女骑士团手游"跳转正常,该类元素共10个，当前第2个
2020-08-10 18:26:42,560 - 2 - INFO - 页面"决胜足球手游"跳转正常,该类元素共10个，当前第3个
2020-08-10 18:26:48,687 - 2 - INFO - 页面"少女战争手游"跳转正常,该类元素共10个，当前第4个
2020-08-10 18:26:54,818 - 2 - INFO - 页面"天神战（魔灵特权）"跳转正常,该类元素共10个，当前第5个
2020-08-10 18:27:00,950 - 2 - INFO - 页面"最Q幻想手游"跳转正常,该类元素共10个，当前第6个
2020-08-10 18:27:07,093 - 2 - INFO - 页面"霸途手游"跳转正常,该类元素共10个，当前第7个
2020-08-10 18:27:13,238 - 2 - INFO - 页面"回到三国志手游"跳转正常,该类元素共10个，当前第8个
2020-08-10 18:27:19,374 - 2 - INFO - 页面"幻游猎人手游"跳转正常,该类元素共10个，当前第9个
2020-08-10 18:27:25,536 - 2 - INFO - 页面"王者荣耀"跳转正常,该类元素共10个，当前第10个
2020-08-10 18:27:31,677 - 2 - INFO - 页面"武器之王（福利特权）"跳转正常,该类元素共20个，当前第1个
2020-08-10 18:27:37,825 - 2 - INFO - 页面"女神联盟2（送500充值）"跳转正常,该类元素共20个，当前第2个
2020-08-10 18:27:43,951 - 2 - INFO - 页面"仙灵世界（送海量连抽）"跳转正常,该类元素共20个，当前第3个
2020-08-10 18:27:50,101 - 2 - INFO - 页面"天天怼三国（送千元充值）"跳转正常,该类元素共20个，当前第4个
2020-08-10 18:27:56,251 - 2 - INFO - 页面"妖神记（抽动漫周边）"跳转正常,该类元素共20个，当前第5个
2020-08-10 18:28:02,415 - 2 - INFO - 页面"影刃传说（天天送千充）"跳转正常,该类元素共20个，当前第6个
2020-08-10 18:28:08,578 - 2 - INFO - 页面"崩坏西游（送1688元充值）"跳转正常,该类元素共20个，当前第7个
2020-08-10 18:28:14,763 - 2 - INFO - 页面"唐门六道（送千元充值）"跳转正常,该类元素共20个，当前第8个
2020-08-10 18:28:20,896 - 2 - INFO - 页面"纵剑仙界（送VIP代金券）"跳转正常,该类元素共20个，当前第9个
2020-08-10 18:28:27,057 - 2 - INFO - 页面"真江湖HD（万抽特权）"跳转正常,该类元素共20个，当前第10个
2020-08-10 18:28:33,207 - 2 - INFO - 页面"暴走神话"跳转正常,该类元素共20个，当前第11个
2020-08-10 18:28:39,359 - 2 - INFO - 页面"魔剑侠缘（万元兑换）"跳转正常,该类元素共20个，当前第12个
2020-08-10 18:28:45,484 - 2 - INFO - 页面"破坏神（福利特权）"跳转正常,该类元素共20个，当前第13个
2020-08-10 18:28:51,637 - 2 - INFO - 页面"武动九天（GM免费特权）"跳转正常,该类元素共20个，当前第14个
2020-08-10 18:28:57,754 - 2 - INFO - 页面"魔法之光（红忍海量抽）"跳转正常,该类元素共20个，当前第15个
2020-08-10 18:29:03,888 - 2 - INFO - 页面"霸王传（送海量充值）"跳转正常,该类元素共20个，当前第16个
2020-08-10 18:29:10,031 - 2 - INFO - 页面"烈焰遮天（天天送千充）"跳转正常,该类元素共20个，当前第17个
2020-08-10 18:29:16,221 - 2 - INFO - 页面"无界（送千元万抽）"跳转正常,该类元素共20个，当前第18个
2020-08-10 18:29:22,366 - 2 - INFO - 页面"皇者：至尊传奇"跳转正常,该类元素共20个，当前第19个
2020-08-10 18:29:28,492 - 2 - INFO - 页面"九幽仙域（海量送充值）"跳转正常,该类元素共20个，当前第20个
2020-08-10 18:29:36,408 - 2 - INFO - 页面"武器之王（福利特权）"跳转正常,该类元素共10个，当前第1个
2020-08-10 18:29:42,564 - 2 - INFO - 页面"女神联盟2（送500充值）"跳转正常,该类元素共10个，当前第2个
2020-08-10 18:29:48,681 - 2 - INFO - 页面"仙灵世界（送海量连抽）"跳转正常,该类元素共10个，当前第3个
2020-08-10 18:29:54,828 - 2 - INFO - 页面"天天怼三国（送千元充值）"跳转正常,该类元素共10个，当前第4个
2020-08-10 18:30:00,958 - 2 - INFO - 页面"妖神记（抽动漫周边）"跳转正常,该类元素共10个，当前第5个
2020-08-10 18:30:07,108 - 2 - INFO - 页面"影刃传说（天天送千充）"跳转正常,该类元素共10个，当前第6个
2020-08-10 18:30:13,224 - 2 - INFO - 页面"崩坏西游（送1688元充值）"跳转正常,该类元素共10个，当前第7个
2020-08-10 18:30:19,370 - 2 - INFO - 页面"唐门六道（送千元充值）"跳转正常,该类元素共10个，当前第8个
2020-08-10 18:30:25,473 - 2 - INFO - 页面"纵剑仙界（送VIP代金券）"跳转正常,该类元素共10个，当前第9个
2020-08-10 18:30:31,619 - 2 - INFO - 页面"真江湖HD（万抽特权）"跳转正常,该类元素共10个，当前第10个
2020-08-10 18:30:37,737 - 2 - INFO - 页面"武器之王（福利特权）"跳转正常,该类元素共20个，当前第1个
2020-08-10 18:30:43,867 - 2 - INFO - 页面"女神联盟2（送500充值）"跳转正常,该类元素共20个，当前第2个
2020-08-10 18:30:50,014 - 2 - INFO - 页面"凡人飞仙传（充值特权）"跳转正常,该类元素共20个，当前第3个
2020-08-10 18:30:56,161 - 2 - INFO - 页面"仙灵世界（送海量连抽）"跳转正常,该类元素共20个，当前第4个
2020-08-10 18:31:02,286 - 2 - INFO - 页面"天天怼三国（送千元充值）"跳转正常,该类元素共20个，当前第5个
2020-08-10 18:31:08,416 - 2 - INFO - 页面"妖神记（抽动漫周边）"跳转正常,该类元素共20个，当前第6个
2020-08-10 18:31:14,544 - 2 - INFO - 页面"影刃传说（天天送千充）"跳转正常,该类元素共20个，当前第7个
2020-08-10 18:31:20,697 - 2 - INFO - 页面"崩坏西游（送1688元充值）"跳转正常,该类元素共20个，当前第8个
2020-08-10 18:31:26,823 - 2 - INFO - 页面"唐门六道（送千元充值）"跳转正常,该类元素共20个，当前第9个
2020-08-10 18:31:32,975 - 2 - INFO - 页面"纵剑仙界（送VIP代金券）"跳转正常,该类元素共20个，当前第10个
2020-08-10 18:31:39,109 - 2 - INFO - 页面"真江湖HD（万抽特权）"跳转正常,该类元素共20个，当前第11个
2020-08-10 18:31:45,263 - 2 - INFO - 页面"暴走神话"跳转正常,该类元素共20个，当前第12个
2020-08-10 18:31:51,403 - 2 - INFO - 页面"魔剑侠缘（万元兑换）"跳转正常,该类元素共20个，当前第13个
2020-08-10 18:31:57,529 - 2 - INFO - 页面"破坏神（福利特权）"跳转正常,该类元素共20个，当前第14个
2020-08-10 18:32:03,653 - 2 - INFO - 页面"武动九天（GM免费特权）"跳转正常,该类元素共20个，当前第15个
2020-08-10 18:32:09,789 - 2 - INFO - 页面"魔法之光（红忍海量抽）"跳转正常,该类元素共20个，当前第16个
2020-08-10 18:32:15,934 - 2 - INFO - 页面"霸王传（送海量充值）"跳转正常,该类元素共20个，当前第17个
2020-08-10 18:32:22,060 - 2 - INFO - 页面"烈焰遮天（天天送千充）"跳转正常,该类元素共20个，当前第18个
2020-08-10 18:32:28,195 - 2 - INFO - 页面"无界（送千元万抽）"跳转正常,该类元素共20个，当前第19个
2020-08-10 18:32:34,348 - 2 - INFO - 页面"烈火战神（海量特权）"跳转正常,该类元素共20个，当前第20个
2020-08-10 18:32:42,290 - 2 - INFO - 页面"武器之王（福利特权）"跳转正常,该类元素共10个，当前第1个
2020-08-10 18:32:48,421 - 2 - INFO - 页面"女神联盟2（送500充值）"跳转正常,该类元素共10个，当前第2个
2020-08-10 18:32:54,552 - 2 - INFO - 页面"凡人飞仙传（充值特权）"跳转正常,该类元素共10个，当前第3个
2020-08-10 18:33:00,696 - 2 - INFO - 页面"仙灵世界（送海量连抽）"跳转正常,该类元素共10个，当前第4个
2020-08-10 18:33:06,835 - 2 - INFO - 页面"天天怼三国（送千元充值）"跳转正常,该类元素共10个，当前第5个
2020-08-10 18:33:12,993 - 2 - INFO - 页面"唐门六道（送千元充值）"跳转正常,该类元素共10个，当前第6个
2020-08-10 18:33:19,094 - 2 - INFO - 页面"纵剑仙界（送VIP代金券）"跳转正常,该类元素共10个，当前第7个
2020-08-10 18:33:25,225 - 2 - INFO - 页面"破坏神（福利特权）"跳转正常,该类元素共10个，当前第8个
2020-08-10 18:33:31,352 - 2 - INFO - 页面"武动九天（GM免费特权）"跳转正常,该类元素共10个，当前第9个
2020-08-10 18:33:37,491 - 2 - INFO - 页面"魔法之光（红忍海量抽）"跳转正常,该类元素共10个，当前第10个
2020-08-10 18:33:43,661 - 2 - INFO - 页面"武器之王（福利特权）"跳转正常,该类元素共20个，当前第1个
2020-08-10 18:33:49,837 - 2 - INFO - 页面"女神联盟2（送500充值）"跳转正常,该类元素共20个，当前第2个
2020-08-10 18:33:55,996 - 2 - INFO - 页面"凡人飞仙传（充值特权）"跳转正常,该类元素共20个，当前第3个
2020-08-10 18:34:02,122 - 2 - INFO - 页面"仙灵世界（送海量连抽）"跳转正常,该类元素共20个，当前第4个
2020-08-10 18:34:08,277 - 2 - INFO - 页面"天天怼三国（送千元充值）"跳转正常,该类元素共20个，当前第5个
2020-08-10 18:34:14,429 - 2 - INFO - 页面"妖神记（抽动漫周边）"跳转正常,该类元素共20个，当前第6个
2020-08-10 18:34:20,582 - 2 - INFO - 页面"影刃传说（天天送千充）"跳转正常,该类元素共20个，当前第7个
2020-08-10 18:34:26,730 - 2 - INFO - 页面"崩坏西游（送1688元充值）"跳转正常,该类元素共20个，当前第8个
2020-08-10 18:34:32,852 - 2 - INFO - 页面"唐门六道（送千元充值）"跳转正常,该类元素共20个，当前第9个
2020-08-10 18:34:38,995 - 2 - INFO - 页面"纵剑仙界（送VIP代金券）"跳转正常,该类元素共20个，当前第10个
2020-08-10 18:34:45,141 - 2 - INFO - 页面"真江湖HD（万抽特权）"跳转正常,该类元素共20个，当前第11个
2020-08-10 18:34:51,269 - 2 - INFO - 页面"暴走神话"跳转正常,该类元素共20个，当前第12个
2020-08-10 18:34:57,371 - 2 - INFO - 页面"魔剑侠缘（万元兑换）"跳转正常,该类元素共20个，当前第13个
2020-08-10 18:35:03,498 - 2 - INFO - 页面"破坏神（福利特权）"跳转正常,该类元素共20个，当前第14个
2020-08-10 18:35:09,637 - 2 - INFO - 页面"武动九天（GM免费特权）"跳转正常,该类元素共20个，当前第15个
2020-08-10 18:35:15,773 - 2 - INFO - 页面"魔法之光（红忍海量抽）"跳转正常,该类元素共20个，当前第16个
2020-08-10 18:35:21,906 - 2 - INFO - 页面"霸王传（送海量充值）"跳转正常,该类元素共20个，当前第17个
2020-08-10 18:35:28,043 - 2 - INFO - 页面"烈焰遮天（天天送千充）"跳转正常,该类元素共20个，当前第18个
2020-08-10 18:35:34,174 - 2 - INFO - 页面"无界（送千元万抽）"跳转正常,该类元素共20个，当前第19个
2020-08-10 18:35:40,319 - 2 - INFO - 页面"烈火战神（海量特权）"跳转正常,该类元素共20个，当前第20个
2020-08-10 18:35:49,262 - 2 - INFO - 页面"【最笨周末活动】8.7 周末活动海量惊喜等你来拿"跳转正常,该类元素共1个，当前第1个
2020-08-10 18:35:49,477 - basepage - INFO - Click back on current page.
2020-08-10 18:35:55,201 - 2 - INFO - 页面"【武动九天（GM免费特权）】上线满V，8W8绑元和"跳转正常,该类元素共1个，当前第1个
2020-08-10 18:35:55,604 - basepage - INFO - Click back on current page.
2020-08-10 18:36:01,961 - 2 - INFO - 页面"【梦幻沙城（海量抽充值）】上线即送GM2商城特"跳转正常,该类元素共1个，当前第1个
2020-08-10 18:36:02,182 - basepage - INFO - Click back on current page.
2020-08-10 18:36:08,855 - 2 - INFO - 页面"【六界仙尊（送充值）】上线直送VIP12，送88888元"跳转正常,该类元素共1个，当前第1个
2020-08-10 18:36:09,311 - basepage - INFO - Click back on current page.
2020-08-10 18:36:15,049 - 2 - INFO - 页面"【唐门六道（送千元充值）】上线送满级VIP19、礼"跳转正常,该类元素共1个，当前第1个
2020-08-10 18:36:15,277 - basepage - INFO - Click back on current page.
2020-08-10 18:36:21,017 - 2 - INFO - 页面"【武器之王（福利特权）】上线送VIP10,50万福利钻"跳转正常,该类元素共1个，当前第1个
2020-08-10 18:36:21,231 - basepage - INFO - Click back on current page.
2020-08-10 18:36:26,751 - 2 - INFO - 页面"烈焰遮天（三职业）"跳转正常,该类元素共12个，当前第1个
2020-08-10 18:36:27,238 - basepage - INFO - Click back on current page.
2020-08-10 18:36:32,723 - 2 - INFO - 页面"苍之纪元"跳转正常,该类元素共12个，当前第2个
2020-08-10 18:36:32,956 - basepage - INFO - Click back on current page.
2020-08-10 18:36:38,542 - 2 - INFO - 页面"飞仙问道"跳转正常,该类元素共12个，当前第3个
2020-08-10 18:36:38,961 - basepage - INFO - Click back on current page.
2020-08-10 18:36:44,563 - 2 - INFO - 页面"仙游（GM版）"跳转正常,该类元素共12个，当前第4个
2020-08-10 18:36:44,867 - basepage - INFO - Click back on current page.
2020-08-10 18:36:49,907 - 2 - INFO - 页面"仙魔令"跳转正常,该类元素共12个，当前第5个
2020-08-10 18:36:50,460 - basepage - INFO - Click back on current page.
2020-08-10 18:36:55,504 - 2 - INFO - 页面"艾德尔冒险（重制）"跳转正常,该类元素共12个，当前第6个
2020-08-10 18:36:55,711 - basepage - INFO - Click back on current page.
2020-08-10 18:37:00,836 - 2 - INFO - 页面"口袋精灵（送超梦送梦幻）"跳转正常,该类元素共12个，当前第7个
2020-08-10 18:37:01,084 - basepage - INFO - Click back on current page.
2020-08-10 18:37:06,284 - 2 - INFO - 页面"传奇盛世（高返定制服）"跳转正常,该类元素共12个，当前第8个
2020-08-10 18:37:06,505 - basepage - INFO - Click back on current page.
2020-08-10 18:37:11,553 - 2 - INFO - 页面"战龙归来（送千元礼包）"跳转正常,该类元素共12个，当前第9个
2020-08-10 18:37:11,953 - basepage - INFO - Click back on current page.
2020-08-10 18:37:16,928 - 2 - INFO - 页面"御剑三国（白漂福利）"跳转正常,该类元素共12个，当前第10个
2020-08-10 18:37:17,145 - basepage - INFO - Click back on current page.
2020-08-10 18:37:22,327 - 2 - INFO - 页面"斩仙录（送海量充值）"跳转正常,该类元素共12个，当前第11个
2020-08-10 18:37:22,597 - basepage - INFO - Click back on current page.
2020-08-10 18:37:28,070 - 2 - INFO - 页面"西游记之大圣归来（送海量充值）"跳转正常,该类元素共12个，当前第12个
2020-08-10 18:37:28,333 - basepage - INFO - Click back on current page.
2020-08-10 18:37:34,564 - 2 - INFO - 页面"魔兽世界怀旧服2020年6月7日人口普查一览"跳转正常,该类元素共2个，当前第1个
2020-08-10 18:37:35,098 - basepage - INFO - Click back on current page.
2020-08-10 18:37:42,988 - 2 - INFO - 页面"DNF萌噬噬宠物属性怎么样？萌噬噬属性介绍"跳转正常,该类元素共2个，当前第2个
2020-08-10 18:37:43,195 - basepage - INFO - Click back on current page.
2020-08-10 18:37:50,269 - 2 - INFO - 页面"炉石传说t7猎卡组2020搭配推荐-最笨下载"跳转正常,该类元素共14个，当前第1个
2020-08-10 18:37:50,740 - basepage - INFO - Click back on current page.
2020-08-10 18:37:57,924 - 2 - INFO - 页面"王者荣耀2020玄策出装铭文怎么搭配 玄策出装铭文推荐-最笨下载"跳转正常,该类元素共14个，当前第2个
2020-08-10 18:37:58,138 - basepage - INFO - Click back on current page.
2020-08-10 18:38:05,303 - 2 - INFO - 页面"绝地求生灵敏度怎么调最稳2020年 灵敏度调整推荐-最笨下载"跳转正常,该类元素共14个，当前第3个
2020-08-10 18:38:05,531 - basepage - INFO - Click back on current page.
2020-08-10 18:38:12,173 - 2 - INFO - 页面"王者荣耀青春决赛季2020年还会返场吗 青春决赛季2020返场预测-最笨下载"跳转正常,该类元素共14个，当前第4个
2020-08-10 18:38:12,628 - basepage - INFO - Click back on current page.
2020-08-10 18:38:19,649 - 2 - INFO - 页面"悠长假期农作物如何储存 农作物储存方法-最笨下载"跳转正常,该类元素共14个，当前第5个
2020-08-10 18:38:19,903 - basepage - INFO - Click back on current page.
2020-08-10 18:38:26,938 - 2 - INFO - 页面"悠长假期苹果树怎么种 苹果树种植技巧-最笨下载"跳转正常,该类元素共14个，当前第6个
2020-08-10 18:38:27,168 - basepage - INFO - Click back on current page.
2020-08-10 18:38:34,641 - 2 - INFO - 页面"剑与远征大海的馈赠心愿瓶如何兑换 心愿瓶兑换礼物攻略-最笨下载"跳转正常,该类元素共14个，当前第7个
2020-08-10 18:38:35,022 - basepage - INFO - Click back on current page.
2020-08-10 18:38:42,443 - 2 - INFO - 页面"剑侠情缘2剑歌行师门挑战是什么 师门挑战介绍-最笨下载"跳转正常,该类元素共14个，当前第8个
2020-08-10 18:38:42,675 - basepage - INFO - Click back on current page.
2020-08-10 18:38:49,718 - 2 - INFO - 页面"创造与魔法2020年8月7日兑换码分享-最笨下载"跳转正常,该类元素共14个，当前第9个
2020-08-10 18:38:49,948 - basepage - INFO - Click back on current page.
2020-08-10 18:38:57,226 - 2 - INFO - 页面"第五人格空军天赋加点图2020-最笨下载"跳转正常,该类元素共14个，当前第10个
2020-08-10 18:38:57,748 - basepage - INFO - Click back on current page.
2020-08-10 18:39:04,858 - 2 - INFO - 页面"dnf手游预约角色能改么 预约角色更改方式-最笨下载"跳转正常,该类元素共14个，当前第11个
2020-08-10 18:39:05,084 - basepage - INFO - Click back on current page.
2020-08-10 18:39:11,773 - 2 - INFO - 页面"dnf手游不在一个区能一起玩吗 不同区能不能一起玩-最笨下载"跳转正常,该类元素共14个，当前第12个
2020-08-10 18:39:11,992 - basepage - INFO - Click back on current page.
2020-08-10 18:39:18,687 - 2 - INFO - 页面"dnf手游氪金程度如何 氪金玩法推荐-最笨下载"跳转正常,该类元素共14个，当前第13个
2020-08-10 18:39:19,090 - basepage - INFO - Click back on current page.
2020-08-10 18:39:26,322 - 2 - INFO - 页面"dnf收集箱怎么弄2020-最笨下载"跳转正常,该类元素共14个，当前第14个
2020-08-10 18:39:26,528 - basepage - INFO - Click back on current page.
2020-08-10 18:39:35,488 - 2 - INFO - 页面"2020阴阳师7月新式神紧那罗即将上线 高颜值紧那"跳转正常,该类元素共2个，当前第1个
2020-08-10 18:39:35,706 - basepage - INFO - Click back on current page.
2020-08-10 18:39:43,430 - 2 - INFO - 页面"英雄联盟2020灵魂莲华皮肤原画汇总"跳转正常,该类元素共2个，当前第2个
2020-08-10 18:39:43,836 - basepage - INFO - Click back on current page.
2020-08-10 18:39:50,565 - 2 - INFO - 页面"变态手游公益服_bt手游变态服_无限元宝bt手游下载_BT手游中心-最笨下载"跳转正常,该类元素共28个，当前第1个
2020-08-10 18:39:50,895 - basepage - INFO - Click back on current page.
2020-08-10 18:40:08,057 - 2 - INFO - 页面"武器之王（福利特权）_武器之王（福利特权）无限元宝服_SF变态版武器之王（福利特权）公益服下载 - 最笨下载"跳转正常,该类元素共28个，当前第2个
2020-08-10 18:40:08,542 - basepage - INFO - Click back on current page.
2020-08-10 18:40:15,264 - 2 - INFO - 页面"满vip版手游_手游sf送顶级vip_满级vip无限元宝手游下载-最笨下载"跳转正常,该类元素共28个，当前第3个
2020-08-10 18:40:15,482 - basepage - INFO - Click back on current page.
2020-08-10 18:40:22,526 - 2 - INFO - 页面"女神联盟2（送500充值）_女神联盟2（送500充值）无限元宝服_SF变态版女神联盟2（送500充值）公益服下载 - 最笨下载"跳转正常,该类元素共28个，当前第4个
2020-08-10 18:40:22,734 - basepage - INFO - Click back on current page.
2020-08-10 18:40:29,201 - 2 - INFO - 页面"变态手游公益服_bt手游变态服_无限元宝bt手游下载_BT手游中心-最笨下载"跳转正常,该类元素共28个，当前第5个
2020-08-10 18:40:29,567 - basepage - INFO - Click back on current page.
2020-08-10 18:40:36,327 - 2 - INFO - 页面"凡人飞仙传（充值特权）_凡人飞仙传（充值特权）无限元宝服_SF变态版凡人飞仙传（充值特权）公益服下载 - 最笨下载"跳转正常,该类元素共28个，当前第6个
2020-08-10 18:40:36,556 - basepage - INFO - Click back on current page.
2020-08-10 18:40:43,009 - 2 - INFO - 页面"满vip版手游_手游sf送顶级vip_满级vip无限元宝手游下载-最笨下载"跳转正常,该类元素共28个，当前第7个
2020-08-10 18:40:43,369 - basepage - INFO - Click back on current page.
2020-08-10 18:40:50,557 - 2 - INFO - 页面"仙灵世界（送海量连抽）_仙灵世界（送海量连抽）无限元宝服_SF变态版仙灵世界（送海量连抽）公益服下载 - 最笨下载"跳转正常,该类元素共28个，当前第8个
2020-08-10 18:40:50,774 - basepage - INFO - Click back on current page.
2020-08-10 18:40:57,193 - 2 - INFO - 页面"变态手游公益服_bt手游变态服_无限元宝bt手游下载_BT手游中心-最笨下载"跳转正常,该类元素共28个，当前第9个
2020-08-10 18:40:57,612 - basepage - INFO - Click back on current page.
2020-08-10 18:41:07,865 - 2 - INFO - 页面"天天怼三国（送千元充值）_天天怼三国（送千元充值）无限元宝服_SF变态版天天怼三国（送千元充值）公益服下载 - 最笨下载"跳转正常,该类元素共28个，当前第10个
2020-08-10 18:41:08,352 - basepage - INFO - Click back on current page.
2020-08-10 18:41:14,853 - 2 - INFO - 页面"变态手游公益服_bt手游变态服_无限元宝bt手游下载_BT手游中心-最笨下载"跳转正常,该类元素共28个，当前第11个
2020-08-10 18:41:15,066 - basepage - INFO - Click back on current page.
2020-08-10 18:41:22,102 - 2 - INFO - 页面"妖神记（抽动漫周边）_妖神记（抽动漫周边）无限元宝服_SF变态版妖神记（抽动漫周边）公益服下载 - 最笨下载"跳转正常,该类元素共28个，当前第12个
2020-08-10 18:41:22,333 - basepage - INFO - Click back on current page.
2020-08-10 18:41:28,793 - 2 - INFO - 页面"满vip版手游_手游sf送顶级vip_满级vip无限元宝手游下载-最笨下载"跳转正常,该类元素共28个，当前第13个
2020-08-10 18:41:29,187 - basepage - INFO - Click back on current page.
2020-08-10 18:41:38,894 - 2 - INFO - 页面"影刃传说（天天送千充）_影刃传说（天天送千充）无限元宝服_SF变态版影刃传说（天天送千充）公益服下载 - 最笨下载"跳转正常,该类元素共28个，当前第14个
2020-08-10 18:41:39,299 - basepage - INFO - Click back on current page.
2020-08-10 18:41:45,781 - 2 - INFO - 页面"满vip版手游_手游sf送顶级vip_满级vip无限元宝手游下载-最笨下载"跳转正常,该类元素共28个，当前第15个
2020-08-10 18:41:46,034 - basepage - INFO - Click back on current page.
2020-08-10 18:41:55,217 - 2 - INFO - 页面"崩坏西游（送1688元充值）_崩坏西游（送1688元充值）无限元宝服_SF变态版崩坏西游（送1688元充值）公益服下载 - 最笨下载"跳转正常,该类元素共28个，当前第16个
2020-08-10 18:41:55,430 - basepage - INFO - Click back on current page.
2020-08-10 18:42:01,873 - 2 - INFO - 页面"满vip版手游_手游sf送顶级vip_满级vip无限元宝手游下载-最笨下载"跳转正常,该类元素共28个，当前第17个
2020-08-10 18:42:02,359 - basepage - INFO - Click back on current page.
2020-08-10 18:42:10,651 - 2 - INFO - 页面"唐门六道（送千元充值）_唐门六道（送千元充值）无限元宝服_SF变态版唐门六道（送千元充值）公益服下载 - 最笨下载"跳转正常,该类元素共28个，当前第18个
2020-08-10 18:42:11,032 - basepage - INFO - Click back on current page.
2020-08-10 18:42:17,519 - 2 - INFO - 页面"变态手游公益服_bt手游变态服_无限元宝bt手游下载_BT手游中心-最笨下载"跳转正常,该类元素共28个，当前第19个
2020-08-10 18:42:17,718 - basepage - INFO - Click back on current page.
2020-08-10 18:42:24,729 - 2 - INFO - 页面"纵剑仙界（送VIP代金券）_纵剑仙界（送VIP代金券）无限元宝服_SF变态版纵剑仙界（送VIP代金券）公益服下载 - 最笨下载"跳转正常,该类元素共28个，当前第20个
2020-08-10 18:42:25,190 - basepage - INFO - Click back on current page.
2020-08-10 18:42:31,663 - 2 - INFO - 页面"变态手游公益服_bt手游变态服_无限元宝bt手游下载_BT手游中心-最笨下载"跳转正常,该类元素共28个，当前第21个
2020-08-10 18:42:31,902 - basepage - INFO - Click back on current page.
2020-08-10 18:42:39,872 - 2 - INFO - 页面"真江湖HD（万抽特权）_真江湖HD（万抽特权）无限元宝服_SF变态版真江湖HD（万抽特权）公益服下载 - 最笨下载"跳转正常,该类元素共28个，当前第22个
2020-08-10 18:42:40,124 - basepage - INFO - Click back on current page.
2020-08-10 18:42:46,568 - 2 - INFO - 页面"变态手游公益服_bt手游变态服_无限元宝bt手游下载_BT手游中心-最笨下载"跳转正常,该类元素共28个，当前第23个
2020-08-10 18:42:47,001 - basepage - INFO - Click back on current page.
2020-08-10 18:42:58,476 - 2 - INFO - 页面"暴走神话_暴走神话无限元宝服_SF变态版暴走神话公益服下载 - 最笨下载"跳转正常,该类元素共28个，当前第24个
2020-08-10 18:42:58,942 - basepage - INFO - Click back on current page.
2020-08-10 18:43:05,403 - 2 - INFO - 页面"满vip版手游_手游sf送顶级vip_满级vip无限元宝手游下载-最笨下载"跳转正常,该类元素共28个，当前第25个
2020-08-10 18:43:05,652 - basepage - INFO - Click back on current page.
2020-08-10 18:43:22,072 - 2 - INFO - 页面"魔剑侠缘（万元兑换）_魔剑侠缘（万元兑换）无限元宝服_SF变态版魔剑侠缘（万元兑换）公益服下载 - 最笨下载"跳转正常,该类元素共28个，当前第26个
2020-08-10 18:43:22,467 - basepage - INFO - Click back on current page.
2020-08-10 18:43:28,917 - 2 - INFO - 页面"变态手游公益服_bt手游变态服_无限元宝bt手游下载_BT手游中心-最笨下载"跳转正常,该类元素共28个，当前第27个
2020-08-10 18:43:29,140 - basepage - INFO - Click back on current page.
2020-08-10 18:43:38,654 - 2 - INFO - 页面"破坏神（福利特权）_破坏神（福利特权）无限元宝服_SF变态版破坏神（福利特权）公益服下载 - 最笨下载"跳转正常,该类元素共28个，当前第28个
2020-08-10 18:43:38,876 - basepage - INFO - Click back on current page.
2020-08-10 18:43:47,338 - 2 - INFO - 页面"帝国霸业银河生存如何快速获取母舰 快速获取母"跳转正常,该类元素共2个，当前第1个
2020-08-10 18:43:47,575 - basepage - INFO - Click back on current page.
2020-08-10 18:43:54,523 - 2 - INFO - 页面"和软天空一样的软件有哪些"跳转正常,该类元素共2个，当前第2个
2020-08-10 18:43:54,978 - basepage - INFO - Click back on current page.
2020-08-10 18:44:01,853 - 2 - INFO - 页面"【苹果娱乐软件】iPhone手机娱乐软件_iPhone娱乐软件免费下载大全-最笨下载"跳转正常,该类元素共28个，当前第1个
2020-08-10 18:44:02,061 - basepage - INFO - Click back on current page.
2020-08-10 18:44:08,802 - 2 - INFO - 页面"最笨游戏盒子iOS版_最笨游戏盒子iOS版下载_最笨游戏盒子iOS版官方下载-最笨下载"跳转正常,该类元素共28个，当前第2个
2020-08-10 18:44:09,135 - basepage - INFO - Click back on current page.
2020-08-10 18:44:16,009 - 2 - INFO - 页面"【安卓娱乐软件】安卓娱乐软件下载_安卓娱乐软件推荐_安卓娱乐软件大全-最笨下载"跳转正常,该类元素共28个，当前第3个
2020-08-10 18:44:16,426 - basepage - INFO - Click back on current page.
2020-08-10 18:44:34,953 - 2 - INFO - 页面"最笨游戏盒子_最笨游戏盒子下载_最笨游戏盒子官方下载-最笨下载"跳转正常,该类元素共28个，当前第4个
2020-08-10 18:44:35,387 - basepage - INFO - Click back on current page.
2020-08-10 18:44:42,449 - 2 - INFO - 页面"【安卓聊天软件】安卓聊天软件下载_安卓聊天软件排行_安卓聊天软件大全-最笨下载"跳转正常,该类元素共28个，当前第5个
2020-08-10 18:44:42,685 - basepage - INFO - Click back on current page.
2020-08-10 18:44:49,580 - 2 - INFO - 页面"蜜小助_蜜小助下载_蜜小助官方下载-最笨下载"跳转正常,该类元素共28个，当前第6个
2020-08-10 18:44:49,805 - basepage - INFO - Click back on current page.
2020-08-10 18:44:56,282 - 2 - INFO - 页面"【安卓娱乐软件】安卓娱乐软件下载_安卓娱乐软件推荐_安卓娱乐软件大全-最笨下载"跳转正常,该类元素共28个，当前第7个
2020-08-10 18:44:56,801 - basepage - INFO - Click back on current page.
2020-08-10 18:45:03,910 - 2 - INFO - 页面"3733游戏盒子_3733游戏盒子下载_3733游戏盒子官方下载-最笨下载"跳转正常,该类元素共28个，当前第8个
2020-08-10 18:45:04,170 - basepage - INFO - Click back on current page.
2020-08-10 18:45:10,615 - 2 - INFO - 页面"【安卓聊天软件】安卓聊天软件下载_安卓聊天软件排行_安卓聊天软件大全-最笨下载"跳转正常,该类元素共28个，当前第9个
2020-08-10 18:45:11,107 - basepage - INFO - Click back on current page.
2020-08-10 18:45:18,284 - 2 - INFO - 页面"土味情话_土味情话下载_土味情话官方下载-最笨下载"跳转正常,该类元素共28个，当前第10个
2020-08-10 18:45:18,569 - basepage - INFO - Click back on current page.
2020-08-10 18:45:25,052 - 2 - INFO - 页面"【安卓聊天软件】安卓聊天软件下载_安卓聊天软件排行_安卓聊天软件大全-最笨下载"跳转正常,该类元素共28个，当前第11个
2020-08-10 18:45:25,274 - basepage - INFO - Click back on current page.
2020-08-10 18:45:32,728 - 2 - INFO - 页面"恋爱话术_恋爱话术下载_恋爱话术官方下载-最笨下载"跳转正常,该类元素共28个，当前第12个
2020-08-10 18:45:33,167 - basepage - INFO - Click back on current page.
2020-08-10 18:45:39,642 - 2 - INFO - 页面"【安卓聊天软件】安卓聊天软件下载_安卓聊天软件排行_安卓聊天软件大全-最笨下载"跳转正常,该类元素共28个，当前第13个
2020-08-10 18:45:39,844 - basepage - INFO - Click back on current page.
2020-08-10 18:45:47,352 - 2 - INFO - 页面"土味情话社_土味情话社下载_土味情话社官方下载-最笨下载"跳转正常,该类元素共28个，当前第14个
2020-08-10 18:45:47,600 - basepage - INFO - Click back on current page.
2020-08-10 18:45:54,501 - 2 - INFO - 页面"【安卓阅读软件】安卓阅读软件下载_安卓阅读软件哪个好_安卓阅读软件排行-最笨下载"跳转正常,该类元素共28个，当前第15个
2020-08-10 18:45:54,982 - basepage - INFO - Click back on current page.
2020-08-10 18:46:03,250 - 2 - INFO - 页面"吾爱看书_吾爱看书下载_吾爱看书官方下载-最笨下载"跳转正常,该类元素共28个，当前第16个
2020-08-10 18:46:03,638 - basepage - INFO - Click back on current page.
2020-08-10 18:46:10,728 - 2 - INFO - 页面"【苹果阅读软件】iPhone手机阅读软件_iPhone阅读软件免费下载大全-最笨下载"跳转正常,该类元素共28个，当前第17个
2020-08-10 18:46:11,046 - basepage - INFO - Click back on current page.
2020-08-10 18:46:18,094 - 2 - INFO - 页面"吾爱看书ios版_吾爱看书ios版下载_吾爱看书ios版官方下载-最笨下载"跳转正常,该类元素共28个，当前第18个
2020-08-10 18:46:18,485 - basepage - INFO - Click back on current page.
2020-08-10 18:46:24,922 - 2 - INFO - 页面"【安卓聊天软件】安卓聊天软件下载_安卓聊天软件排行_安卓聊天软件大全-最笨下载"跳转正常,该类元素共28个，当前第19个
2020-08-10 18:46:25,151 - basepage - INFO - Click back on current page.
2020-08-10 18:46:32,592 - 2 - INFO - 页面"恋爱话术库_恋爱话术库下载_恋爱话术库官方下载-最笨下载"跳转正常,该类元素共28个，当前第20个
2020-08-10 18:46:32,864 - basepage - INFO - Click back on current page.
2020-08-10 18:46:39,324 - 2 - INFO - 页面"【安卓聊天软件】安卓聊天软件下载_安卓聊天软件排行_安卓聊天软件大全-最笨下载"跳转正常,该类元素共28个，当前第21个
2020-08-10 18:46:39,793 - basepage - INFO - Click back on current page.
2020-08-10 18:46:47,692 - 2 - INFO - 页面"撩吧_撩吧下载_撩吧官方下载-最笨下载"跳转正常,该类元素共28个，当前第22个
2020-08-10 18:46:48,091 - basepage - INFO - Click back on current page.
2020-08-10 18:46:54,736 - 2 - INFO - 页面"【安卓聊天软件】安卓聊天软件下载_安卓聊天软件排行_安卓聊天软件大全-最笨下载"跳转正常,该类元素共28个，当前第23个
2020-08-10 18:46:54,948 - basepage - INFO - Click back on current page.
2020-08-10 18:47:02,248 - 2 - INFO - 页面"遇知音_遇知音下载_遇知音官方下载-最笨下载"跳转正常,该类元素共28个，当前第24个
2020-08-10 18:47:02,640 - basepage - INFO - Click back on current page.
2020-08-10 18:47:09,156 - 2 - INFO - 页面"【安卓聊天软件】安卓聊天软件下载_安卓聊天软件排行_安卓聊天软件大全-最笨下载"跳转正常,该类元素共28个，当前第25个
2020-08-10 18:47:09,367 - basepage - INFO - Click back on current page.
2020-08-10 18:47:16,357 - 2 - INFO - 页面"脱单大师_脱单大师下载_脱单大师官方下载-最笨下载"跳转正常,该类元素共28个，当前第26个
2020-08-10 18:47:16,636 - basepage - INFO - Click back on current page.
2020-08-10 18:47:23,079 - 2 - INFO - 页面"【安卓聊天软件】安卓聊天软件下载_安卓聊天软件排行_安卓聊天软件大全-最笨下载"跳转正常,该类元素共28个，当前第27个
2020-08-10 18:47:23,548 - basepage - INFO - Click back on current page.
2020-08-10 18:47:30,847 - 2 - INFO - 页面"爱情套路_爱情套路下载_爱情套路官方下载-最笨下载"跳转正常,该类元素共28个，当前第28个
2020-08-10 18:47:31,056 - basepage - INFO - Click back on current page.
2020-08-10 18:47:40,822 - 2 - INFO - 页面"【安卓播放器】安卓播放器下载_安卓播放器哪个最好_安卓播放器下载排行-最笨下载"跳转正常,该类元素共20个，当前第1个
2020-08-10 18:47:41,126 - basepage - INFO - Click back on current page.
2020-08-10 18:47:48,435 - 2 - INFO - 页面"【安卓学习软件】安卓学习软件下载_安卓学习软件免费下载_安卓学习软件大全-最笨下载"跳转正常,该类元素共20个，当前第2个
2020-08-10 18:47:48,873 - basepage - INFO - Click back on current page.
2020-08-10 18:47:56,112 - 2 - INFO - 页面"【安卓辅助软件】安卓辅助软件下载_安卓辅助软件推荐_安卓辅助软件大全-最笨下载"跳转正常,该类元素共20个，当前第3个
2020-08-10 18:47:56,323 - basepage - INFO - Click back on current page.
2020-08-10 18:48:04,094 - 2 - INFO - 页面"【安卓输入法】安卓输入法下载_安卓输入法哪个好_安卓输入法怎么用-最笨下载"跳转正常,该类元素共20个，当前第4个
2020-08-10 18:48:04,374 - basepage - INFO - Click back on current page.
2020-08-10 18:48:12,047 - 2 - INFO - 页面"【安卓通信软件】安卓通信软件下载_安卓通信软件推荐_安卓通信软件大全-最笨下载"跳转正常,该类元素共20个，当前第5个
2020-08-10 18:48:12,528 - basepage - INFO - Click back on current page.
2020-08-10 18:48:19,288 - 2 - INFO - 页面"【安卓固件】安卓固件下载_安卓固件包下载_安卓固件管理器-最笨下载"跳转正常,该类元素共20个，当前第6个
2020-08-10 18:48:19,545 - basepage - INFO - Click back on current page.
2020-08-10 18:48:26,795 - 2 - INFO - 页面"【安卓文件管理器】安卓文件管理器下载_安卓文件管理器哪个好_安卓文件管理器中文版-最笨下载"跳转正常,该类元素共20个，当前第7个
2020-08-10 18:48:27,091 - basepage - INFO - Click back on current page.
2020-08-10 18:48:34,923 - 2 - INFO - 页面"【安卓同步软件】安卓同步软件下载_安卓同步软件哪个好_安卓手机同步软件-最笨下载"跳转正常,该类元素共20个，当前第8个
2020-08-10 18:48:35,320 - basepage - INFO - Click back on current page.
2020-08-10 18:48:42,955 - 2 - INFO - 页面"【安卓办公软件】安卓办公软件下载_安卓办公软件哪个好_安卓办公软件哪种最好-最笨下载"跳转正常,该类元素共20个，当前第9个
2020-08-10 18:48:43,223 - basepage - INFO - Click back on current page.
2020-08-10 18:48:50,580 - 2 - INFO - 页面"【安卓新闻软件】安卓新闻软件下载_安卓新闻软件哪个好_安卓新闻软件大全-最笨下载"跳转正常,该类元素共20个，当前第10个
2020-08-10 18:48:50,839 - basepage - INFO - Click back on current page.
2020-08-10 18:48:58,352 - 2 - INFO - 页面"【安卓理财软件】安卓理财软件下载_安卓理财软件哪个好_安卓理财软件大全-最笨下载"跳转正常,该类元素共20个，当前第11个
2020-08-10 18:48:58,803 - basepage - INFO - Click back on current page.
2020-08-10 18:49:06,346 - 2 - INFO - 页面"【安卓备份软件】安卓备份软件下载_安卓备份软件哪个好_安卓手机备份软件-最笨下载"跳转正常,该类元素共20个，当前第12个
2020-08-10 18:49:06,596 - basepage - INFO - Click back on current page.
2020-08-10 18:49:14,093 - 2 - INFO - 页面"【安卓跑步软件】安卓跑步软件下载_安卓跑步软件哪个好_安卓跑步软件大全-最笨下载"跳转正常,该类元素共20个，当前第13个
2020-08-10 18:49:14,316 - basepage - INFO - Click back on current page.
2020-08-10 18:49:21,895 - 2 - INFO - 页面"【安卓健康管理软件】安卓健康管理软件下载_安卓健康管理软件推荐_安卓健康管理软件大全-最笨下载"跳转正常,该类元素共20个，当前第14个
2020-08-10 18:49:22,356 - basepage - INFO - Click back on current page.
2020-08-10 18:49:30,010 - 2 - INFO - 页面"【安卓系统软件】安卓系统软件下载_安卓系统软件免费下载_安卓系统软件下载工具-最笨下载"跳转正常,该类元素共20个，当前第15个
2020-08-10 18:49:30,287 - basepage - INFO - Click back on current page.
2020-08-10 18:49:36,742 - 2 - INFO - 页面"【安卓聊天软件】安卓聊天软件下载_安卓聊天软件排行_安卓聊天软件大全-最笨下载"跳转正常,该类元素共20个，当前第16个
2020-08-10 18:49:36,972 - basepage - INFO - Click back on current page.
2020-08-10 18:49:44,348 - 2 - INFO - 页面"【安卓应用软件】安卓应用软件排行_好玩的安卓应用软件_好用的安卓应用软件-最笨下载"跳转正常,该类元素共20个，当前第17个
2020-08-10 18:49:44,821 - basepage - INFO - Click back on current page.
2020-08-10 18:49:51,276 - 2 - INFO - 页面"【安卓娱乐软件】安卓娱乐软件下载_安卓娱乐软件推荐_安卓娱乐软件大全-最笨下载"跳转正常,该类元素共20个，当前第18个
2020-08-10 18:49:51,519 - basepage - INFO - Click back on current page.
2020-08-10 18:49:58,861 - 2 - INFO - 页面"【安卓导航软件】安卓导航软件下载_安卓导航软件哪个好_安卓导航软件排名-最笨下载"跳转正常,该类元素共20个，当前第19个
2020-08-10 18:49:59,154 - basepage - INFO - Click back on current page.
2020-08-10 18:50:06,194 - 2 - INFO - 页面"【安卓网络软件】安卓网络软件下载_安卓网络软件推荐_安卓网络软件大全-最笨下载"跳转正常,该类元素共20个，当前第20个
2020-08-10 18:50:06,601 - basepage - INFO - Click back on current page.
2020-08-10 18:50:14,966 - 2 - INFO - 页面"3733手游游戏平台_3733手游游戏平台下载_3733手游游戏平台官方下载-最笨下载"跳转正常,该类元素共18个，当前第1个
2020-08-10 18:50:21,131 - 2 - INFO - 页面"安致手游游戏平台_安致手游游戏平台下载_安致手游游戏平台官方下载-最笨下载"跳转正常,该类元素共18个，当前第2个
2020-08-10 18:50:27,263 - 2 - INFO - 页面"聊天套路安卓版_聊天套路安卓版下载_聊天套路安卓版官方下载-最笨下载"跳转正常,该类元素共18个，当前第3个
2020-08-10 18:50:33,393 - 2 - INFO - 页面"聊天套路破解版_聊天套路破解版下载_聊天套路破解版官方下载-最笨下载"跳转正常,该类元素共18个，当前第4个
2020-08-10 18:50:39,538 - 2 - INFO - 页面"聊天套路软件_聊天套路软件下载_聊天套路软件官方下载-最笨下载"跳转正常,该类元素共18个，当前第5个
2020-08-10 18:50:45,686 - 2 - INFO - 页面"聊天套路_聊天套路下载_聊天套路官方下载-最笨下载"跳转正常,该类元素共18个，当前第6个
2020-08-10 18:50:51,849 - 2 - INFO - 页面"信息回复神器_信息回复神器下载_信息回复神器官方下载-最笨下载"跳转正常,该类元素共18个，当前第7个
2020-08-10 18:50:57,991 - 2 - INFO - 页面"消息回复神器_消息回复神器下载_消息回复神器官方下载-最笨下载"跳转正常,该类元素共18个，当前第8个
2020-08-10 18:51:04,116 - 2 - INFO - 页面"消息回复辅助神器_消息回复辅助神器下载_消息回复辅助神器官方下载-最笨下载"跳转正常,该类元素共18个，当前第9个
2020-08-10 18:51:10,253 - 2 - INFO - 页面"回复神器_回复神器下载_回复神器官方下载-最笨下载"跳转正常,该类元素共18个，当前第10个
2020-08-10 18:51:16,401 - 2 - INFO - 页面"神撩话术大全库_神撩话术大全库下载_神撩话术大全库官方下载-最笨下载"跳转正常,该类元素共18个，当前第11个
2020-08-10 18:51:22,570 - 2 - INFO - 页面"扑鹿_扑鹿下载_扑鹿官方下载-最笨下载"跳转正常,该类元素共18个，当前第12个
2020-08-10 18:51:28,746 - 2 - INFO - 页面"日杂相机_日杂相机下载_日杂相机官方下载-最笨下载"跳转正常,该类元素共18个，当前第13个
2020-08-10 18:51:34,883 - 2 - INFO - 页面"皮皮虾_皮皮虾下载_皮皮虾官方下载-最笨下载"跳转正常,该类元素共18个，当前第14个
2020-08-10 18:51:41,016 - 2 - INFO - 页面"吾爱看书_吾爱看书下载_吾爱看书官方下载-最笨下载"跳转正常,该类元素共18个，当前第15个
2020-08-10 18:51:47,136 - 2 - INFO - 页面"7732游戏中心_7732游戏中心下载_7732游戏中心官方下载-最笨下载"跳转正常,该类元素共18个，当前第16个
2020-08-10 18:51:53,272 - 2 - INFO - 页面"7743手游盒子_7743手游盒子下载_7743手游盒子官方下载-最笨下载"跳转正常,该类元素共18个，当前第17个
2020-08-10 18:51:59,411 - 2 - INFO - 页面"7743游戏中心_7743游戏中心下载_7743游戏中心官方下载-最笨下载"跳转正常,该类元素共18个，当前第18个
2020-08-10 18:52:06,053 - 2 - INFO - 页面"【安卓益智游戏】好玩的安卓益智游戏大全_安卓益智类游戏_益智游戏下载-最笨下载"跳转正常,该类元素共17个，当前第1个
2020-08-10 18:52:06,271 - basepage - INFO - Click back on current page.
2020-08-10 18:52:13,985 - 2 - INFO - 页面"【安卓其他游戏】好玩的安卓其他游戏大全_安卓其他类游戏_其他游戏下载-最笨下载"跳转正常,该类元素共17个，当前第2个
2020-08-10 18:52:14,207 - basepage - INFO - Click back on current page.
2020-08-10 18:52:21,532 - 2 - INFO - 页面"【安卓音乐游戏】好玩的安卓音乐游戏大全_安卓音乐类游戏_音乐游戏下载-最笨下载"跳转正常,该类元素共17个，当前第3个
2020-08-10 18:52:21,990 - basepage - INFO - Click back on current page.
2020-08-10 18:52:29,440 - 2 - INFO - 页面"【安卓网络游戏】好玩的安卓网络游戏大全_安卓网络类游戏_网络游戏下载-最笨下载"跳转正常,该类元素共17个，当前第4个
2020-08-10 18:52:29,716 - basepage - INFO - Click back on current page.
2020-08-10 18:52:37,305 - 2 - INFO - 页面"【安卓格斗游戏】好玩的安卓格斗游戏大全_安卓格斗类游戏_格斗游戏下载-最笨下载"跳转正常,该类元素共17个，当前第5个
2020-08-10 18:52:37,579 - basepage - INFO - Click back on current page.
2020-08-10 18:52:45,098 - 2 - INFO - 页面"【安卓飞行游戏】好玩的安卓飞行游戏大全_安卓飞行类游戏_飞行游戏下载-最笨下载"跳转正常,该类元素共17个，当前第6个
2020-08-10 18:52:45,557 - basepage - INFO - Click back on current page.
2020-08-10 18:52:53,007 - 2 - INFO - 页面"【安卓体育运动游戏】好玩的安卓体育运动游戏大全_安卓体育运动类游戏_体育运动游戏下载-最笨下载"跳转正常,该类元素共17个，当前第7个
2020-08-10 18:52:53,282 - basepage - INFO - Click back on current page.
2020-08-10 18:53:00,837 - 2 - INFO - 页面"【安卓模拟经营游戏】好玩的安卓模拟经营游戏大全_安卓模拟经营类游戏_模拟经营游戏下载-最笨下载"跳转正常,该类元素共17个，当前第8个
2020-08-10 18:53:01,099 - basepage - INFO - Click back on current page.
2020-08-10 18:53:07,934 - 2 - INFO - 页面"【安卓策略游戏】好玩的安卓策略游戏大全_安卓策略类游戏_策略游戏下载-最笨下载"跳转正常,该类元素共17个，当前第9个
2020-08-10 18:53:08,420 - basepage - INFO - Click back on current page.
2020-08-10 18:53:15,480 - 2 - INFO - 页面"【安卓塔防游戏】好玩的安卓塔防游戏大全_安卓塔防类游戏_塔防游戏下载-最笨下载"跳转正常,该类元素共17个，当前第10个
2020-08-10 18:53:15,713 - basepage - INFO - Click back on current page.
2020-08-10 18:53:23,137 - 2 - INFO - 页面"【安卓解谜冒险游戏】好玩的安卓解谜冒险游戏大全_安卓解谜冒险类游戏_解谜冒险游戏下载-最笨下载"跳转正常,该类元素共17个，当前第11个
2020-08-10 18:53:23,357 - basepage - INFO - Click back on current page.
2020-08-10 18:53:31,186 - 2 - INFO - 页面"【安卓射击游戏】好玩的安卓射击游戏大全_安卓射击类游戏_射击游戏下载-最笨下载"跳转正常,该类元素共17个，当前第12个
2020-08-10 18:53:31,635 - basepage - INFO - Click back on current page.
2020-08-10 18:53:39,475 - 2 - INFO - 页面"【安卓棋牌游戏】好玩的安卓棋牌游戏大全_安卓棋牌类游戏_棋牌游戏下载-最笨下载"跳转正常,该类元素共17个，当前第13个
2020-08-10 18:53:39,945 - basepage - INFO - Click back on current page.
2020-08-10 18:53:47,571 - 2 - INFO - 页面"【安卓赛车游戏】好玩的安卓赛车游戏大全_安卓赛车类游戏_赛车游戏下载-最笨下载"跳转正常,该类元素共17个，当前第14个
2020-08-10 18:53:47,846 - basepage - INFO - Click back on current page.
2020-08-10 18:53:55,203 - 2 - INFO - 页面"【安卓角色扮演游戏】好玩的安卓角色扮演游戏大全_安卓角色扮演类游戏_角色扮演游戏下载-最笨下载"跳转正常,该类元素共17个，当前第15个
2020-08-10 18:53:55,679 - basepage - INFO - Click back on current page.
2020-08-10 18:54:03,359 - 2 - INFO - 页面"【安卓动作游戏】好玩的安卓动作游戏大全_安卓动作类游戏_动作游戏下载-最笨下载"跳转正常,该类元素共17个，当前第16个
2020-08-10 18:54:03,859 - basepage - INFO - Click back on current page.
2020-08-10 18:54:11,056 - 2 - INFO - 页面"【安卓休闲游戏】好玩的安卓休闲游戏大全_安卓休闲类游戏_休闲游戏下载-最笨下载"跳转正常,该类元素共17个，当前第17个
2020-08-10 18:54:11,279 - basepage - INFO - Click back on current page.
2020-08-10 18:54:19,680 - 2 - INFO - 页面"炼金国度（送1000元充值）ios版_炼金国度（送1000元充值）ios版下载_炼金国度（送1000元充值）ios版官方下载-最笨下载"跳转正常,该类元素共18个，当前第1个
2020-08-10 18:54:25,855 - 2 - INFO - 页面"国贼顾挽之_国贼顾挽之下载_国贼顾挽之官方下载-最笨下载"跳转正常,该类元素共18个，当前第2个
2020-08-10 18:54:31,985 - 2 - INFO - 页面"大秦黎明_大秦黎明下载_大秦黎明官方下载-最笨下载"跳转正常,该类元素共18个，当前第3个
2020-08-10 18:54:38,109 - 2 - INFO - 页面"怒焰三国杀手游_怒焰三国杀手游下载_怒焰三国杀手游官方下载-最笨下载"跳转正常,该类元素共18个，当前第4个
2020-08-10 18:54:44,231 - 2 - INFO - 页面"末日围城_末日围城下载_末日围城官方下载-最笨下载"跳转正常,该类元素共18个，当前第5个
2020-08-10 18:54:50,371 - 2 - INFO - 页面"天将雄师九游版_天将雄师九游版下载_天将雄师九游版官方下载-最笨下载"跳转正常,该类元素共18个，当前第6个
2020-08-10 18:54:56,525 - 2 - INFO - 页面"诸王黎明_诸王黎明下载_诸王黎明官方下载-最笨下载"跳转正常,该类元素共18个，当前第7个
2020-08-10 18:55:02,652 - 2 - INFO - 页面"一梦江湖九游版_一梦江湖九游版下载_一梦江湖九游版官方下载-最笨下载"跳转正常,该类元素共18个，当前第8个
2020-08-10 18:55:08,826 - 2 - INFO - 页面"NBA篮球大师_NBA篮球大师下载_NBA篮球大师官方下载-最笨下载"跳转正常,该类元素共18个，当前第9个
2020-08-10 18:55:14,969 - 2 - INFO - 页面"萌妖传手游_萌妖传手游下载_萌妖传手游官方下载-最笨下载"跳转正常,该类元素共18个，当前第10个
2020-08-10 18:55:21,099 - 2 - INFO - 页面"中超英雄手游_中超英雄手游下载_中超英雄手游官方下载-最笨下载"跳转正常,该类元素共18个，当前第11个
2020-08-10 18:55:27,236 - 2 - INFO - 页面"三国战天下手游_三国战天下手游下载_三国战天下手游官方下载-最笨下载"跳转正常,该类元素共18个，当前第12个
2020-08-10 18:55:33,438 - 2 - INFO - 页面"拳皇命运_拳皇命运下载_拳皇命运官方下载-最笨下载"跳转正常,该类元素共18个，当前第13个
2020-08-10 18:55:39,614 - 2 - INFO - 页面"电能大亨_电能大亨下载_电能大亨官方下载-最笨下载"跳转正常,该类元素共18个，当前第14个
2020-08-10 18:55:45,750 - 2 - INFO - 页面"驾校模拟器_驾校模拟器下载_驾校模拟器官方下载-最笨下载"跳转正常,该类元素共18个，当前第15个
2020-08-10 18:55:51,878 - 2 - INFO - 页面"暗黑探险2_暗黑探险2下载_暗黑探险2官方下载-最笨下载"跳转正常,该类元素共18个，当前第16个
2020-08-10 18:55:58,019 - 2 - INFO - 页面"风暴山之谜_风暴山之谜下载_风暴山之谜官方下载-最笨下载"跳转正常,该类元素共18个，当前第17个
2020-08-10 18:56:04,153 - 2 - INFO - 页面"炸弹投石机:卡牌战斗_炸弹投石机:卡牌战斗下载_炸弹投石机:卡牌战斗官方下载-最笨下载"跳转正常,该类元素共18个，当前第18个
2020-08-10 18:56:11,821 - 2 - INFO - 页面"变态手游公益服_bt手游变态服_无限元宝bt手游下载_BT手游中心-最笨下载"跳转正常,该类元素共13个，当前第1个
2020-08-10 18:56:12,031 - basepage - INFO - Click back on current page.
2020-08-10 18:56:20,654 - 2 - INFO - 页面"变态手游公益服_bt手游变态服_无限元宝bt手游下载_BT手游中心-最笨下载"跳转正常,该类元素共13个，当前第2个
2020-08-10 18:56:21,178 - basepage - INFO - Click back on current page.
2020-08-10 18:56:29,950 - 2 - INFO - 页面"变态手游公益服_bt手游变态服_无限元宝bt手游下载_BT手游中心-最笨下载"跳转正常,该类元素共13个，当前第3个
2020-08-10 18:56:30,454 - basepage - INFO - Click back on current page.
2020-08-10 18:56:39,043 - 2 - INFO - 页面"变态手游公益服_bt手游变态服_无限元宝bt手游下载_BT手游中心-最笨下载"跳转正常,该类元素共13个，当前第4个
2020-08-10 18:56:39,614 - basepage - INFO - Click back on current page.
2020-08-10 18:56:47,921 - 2 - INFO - 页面"变态手游公益服_bt手游变态服_无限元宝bt手游下载_BT手游中心-最笨下载"跳转正常,该类元素共13个，当前第5个
2020-08-10 18:56:48,406 - basepage - INFO - Click back on current page.
2020-08-10 18:56:56,925 - 2 - INFO - 页面"变态手游公益服_bt手游变态服_无限元宝bt手游下载_BT手游中心-最笨下载"跳转正常,该类元素共13个，当前第6个
2020-08-10 18:56:57,348 - basepage - INFO - Click back on current page.
2020-08-10 18:57:06,209 - 2 - INFO - 页面"变态手游公益服_bt手游变态服_无限元宝bt手游下载_BT手游中心-最笨下载"跳转正常,该类元素共13个，当前第7个
2020-08-10 18:57:06,634 - basepage - INFO - Click back on current page.
2020-08-10 18:57:15,088 - 2 - INFO - 页面"变态手游公益服_bt手游变态服_无限元宝bt手游下载_BT手游中心-最笨下载"跳转正常,该类元素共13个，当前第8个
2020-08-10 18:57:15,548 - basepage - INFO - Click back on current page.
2020-08-10 18:57:24,693 - 2 - INFO - 页面"变态手游公益服_bt手游变态服_无限元宝bt手游下载_BT手游中心-最笨下载"跳转正常,该类元素共13个，当前第9个
2020-08-10 18:57:25,401 - basepage - INFO - Click back on current page.
2020-08-10 18:57:34,171 - 2 - INFO - 页面"变态手游公益服_bt手游变态服_无限元宝bt手游下载_BT手游中心-最笨下载"跳转正常,该类元素共13个，当前第10个
2020-08-10 18:57:34,736 - basepage - INFO - Click back on current page.
2020-08-10 18:57:42,994 - 2 - INFO - 页面"变态手游公益服_bt手游变态服_无限元宝bt手游下载_BT手游中心-最笨下载"跳转正常,该类元素共13个，当前第11个
2020-08-10 18:57:43,500 - basepage - INFO - Click back on current page.
2020-08-10 18:57:50,605 - 2 - ERROR - 页面"404-最笨下载"跳转异常,该类元素共13个，当前第12个
2020-08-10 18:57:51,100 - basepage - INFO - Click back on current page.
2020-08-10 18:57:59,759 - 2 - INFO - 页面"变态手游公益服_bt手游变态服_无限元宝bt手游下载_BT手游中心-最笨下载"跳转正常,该类元素共13个，当前第13个
2020-08-10 18:58:00,024 - basepage - INFO - Click back on current page.
2020-08-10 18:58:08,401 - 2 - INFO - 页面"烈焰遮天（三职业）_烈焰遮天（三职业）无限元宝服_SF变态版烈焰遮天（三职业）公益服下载 - 最笨下载"跳转正常,该类元素共18个，当前第1个
2020-08-10 18:58:14,552 - 2 - INFO - 页面"苍之纪元_苍之纪元无限元宝服_SF变态版苍之纪元公益服下载 - 最笨下载"跳转正常,该类元素共18个，当前第2个
2020-08-10 18:58:20,678 - 2 - INFO - 页面"飞仙问道_飞仙问道无限元宝服_SF变态版飞仙问道公益服下载 - 最笨下载"跳转正常,该类元素共18个，当前第3个
2020-08-10 18:58:26,799 - 2 - INFO - 页面"仙魔令_仙魔令无限元宝服_SF变态版仙魔令公益服下载 - 最笨下载"跳转正常,该类元素共18个，当前第4个
2020-08-10 18:58:32,971 - 2 - INFO - 页面"艾德尔冒险（重制）_艾德尔冒险（重制）无限元宝服_SF变态版艾德尔冒险（重制）公益服下载 - 最笨下载"跳转正常,该类元素共18个，当前第5个
2020-08-10 18:58:39,137 - 2 - INFO - 页面"口袋精灵（送超梦送梦幻）_口袋精灵（送超梦送梦幻）无限元宝服_SF变态版口袋精灵（送超梦送梦幻）公益服下载 - 最笨下载"跳转正常,该类元素共18个，当前第6个
2020-08-10 18:58:45,293 - 2 - INFO - 页面"传奇盛世（高返定制服）_传奇盛世（高返定制服）无限元宝服_SF变态版传奇盛世（高返定制服）公益服下载 - 最笨下载"跳转正常,该类元素共18个，当前第7个
2020-08-10 18:58:51,418 - 2 - INFO - 页面"御剑三国（白漂福利）_御剑三国（白漂福利）无限元宝服_SF变态版御剑三国（白漂福利）公益服下载 - 最笨下载"跳转正常,该类元素共18个，当前第8个
2020-08-10 18:58:57,538 - 2 - INFO - 页面"西游记之大圣归来（送海量充值）_西游记之大圣归来（送海量充值）无限元宝服_SF变态版西游记之大圣归来（送海量充值）公益服下载 - 最笨下载"跳转正常,该类元素共18个，当前第9个
2020-08-10 18:59:03,670 - 2 - INFO - 页面"怒火一刀（天天送充值）_怒火一刀（天天送充值）无限元宝服_SF变态版怒火一刀（天天送充值）公益服下载 - 最笨下载"跳转正常,该类元素共18个，当前第10个
2020-08-10 18:59:09,799 - 2 - INFO - 页面"异能勇者_异能勇者无限元宝服_SF变态版异能勇者公益服下载 - 最笨下载"跳转正常,该类元素共18个，当前第11个
2020-08-10 18:59:15,949 - 2 - INFO - 页面"江湖风云（海量抽充值）_江湖风云（海量抽充值）无限元宝服_SF变态版江湖风云（海量抽充值）公益服下载 - 最笨下载"跳转正常,该类元素共18个，当前第12个
2020-08-10 18:59:22,072 - 2 - INFO - 页面"暴风战记（送2000充值）_暴风战记（送2000充值）无限元宝服_SF变态版暴风战记（送2000充值）公益服下载 - 最笨下载"跳转正常,该类元素共18个，当前第13个
2020-08-10 18:59:28,201 - 2 - INFO - 页面"霸战三国（登录送百抽）_霸战三国（登录送百抽）无限元宝服_SF变态版霸战三国（登录送百抽）公益服下载 - 最笨下载"跳转正常,该类元素共18个，当前第14个
2020-08-10 18:59:34,331 - 2 - INFO - 页面"恋光明（送千元礼包）_恋光明（送千元礼包）无限元宝服_SF变态版恋光明（送千元礼包）公益服下载 - 最笨下载"跳转正常,该类元素共18个，当前第15个
2020-08-10 18:59:40,455 - 2 - INFO - 页面"校花的贴身高手：天阶岛_校花的贴身高手：天阶岛无限元宝服_SF变态版校花的贴身高手：天阶岛公益服下载 - 最笨下载"跳转正常,该类元素共18个，当前第16个
2020-08-10 18:59:46,605 - 2 - INFO - 页面"天宫传说_天宫传说无限元宝服_SF变态版天宫传说公益服下载 - 最笨下载"跳转正常,该类元素共18个，当前第17个
2020-08-10 18:59:52,749 - 2 - INFO - 页面"圣魂_圣魂无限元宝服_SF变态版圣魂公益服下载 - 最笨下载"跳转正常,该类元素共18个，当前第18个
2020-08-10 19:00:00,478 - 2 - INFO - 页面"满vip版手游_手游sf送顶级vip_满级vip无限元宝手游下载-最笨下载"跳转正常,该类元素共13个，当前第1个
2020-08-10 19:00:00,729 - basepage - INFO - Click back on current page.
2020-08-10 19:00:09,608 - 2 - INFO - 页面"满vip版手游_手游sf送顶级vip_满级vip无限元宝手游下载-最笨下载"跳转正常,该类元素共13个，当前第2个
2020-08-10 19:00:10,195 - basepage - INFO - Click back on current page.
2020-08-10 19:00:18,869 - 2 - INFO - 页面"满vip版手游_手游sf送顶级vip_满级vip无限元宝手游下载-最笨下载"跳转正常,该类元素共13个，当前第3个
2020-08-10 19:00:19,418 - basepage - INFO - Click back on current page.
2020-08-10 19:00:28,176 - 2 - INFO - 页面"满vip版手游_手游sf送顶级vip_满级vip无限元宝手游下载-最笨下载"跳转正常,该类元素共13个，当前第4个
2020-08-10 19:00:28,386 - basepage - INFO - Click back on current page.
2020-08-10 19:00:36,841 - 2 - INFO - 页面"满vip版手游_手游sf送顶级vip_满级vip无限元宝手游下载-最笨下载"跳转正常,该类元素共13个，当前第5个
2020-08-10 19:00:37,111 - basepage - INFO - Click back on current page.
2020-08-10 19:00:45,285 - 2 - INFO - 页面"满vip版手游_手游sf送顶级vip_满级vip无限元宝手游下载-最笨下载"跳转正常,该类元素共13个，当前第6个
2020-08-10 19:00:45,800 - basepage - INFO - Click back on current page.
2020-08-10 19:00:54,384 - 2 - INFO - 页面"满vip版手游_手游sf送顶级vip_满级vip无限元宝手游下载-最笨下载"跳转正常,该类元素共13个，当前第7个
2020-08-10 19:00:55,032 - basepage - INFO - Click back on current page.
2020-08-10 19:01:03,749 - 2 - INFO - 页面"满vip版手游_手游sf送顶级vip_满级vip无限元宝手游下载-最笨下载"跳转正常,该类元素共13个，当前第8个
2020-08-10 19:01:04,190 - basepage - INFO - Click back on current page.
2020-08-10 19:01:12,708 - 2 - INFO - 页面"满vip版手游_手游sf送顶级vip_满级vip无限元宝手游下载-最笨下载"跳转正常,该类元素共13个，当前第9个
2020-08-10 19:01:13,179 - basepage - INFO - Click back on current page.
2020-08-10 19:01:21,869 - 2 - INFO - 页面"满vip版手游_手游sf送顶级vip_满级vip无限元宝手游下载-最笨下载"跳转正常,该类元素共13个，当前第10个
2020-08-10 19:01:22,400 - basepage - INFO - Click back on current page.
2020-08-10 19:01:30,752 - 2 - INFO - 页面"满vip版手游_手游sf送顶级vip_满级vip无限元宝手游下载-最笨下载"跳转正常,该类元素共13个，当前第11个
2020-08-10 19:01:31,184 - basepage - INFO - Click back on current page.
2020-08-10 19:01:37,975 - 2 - ERROR - 页面"404-最笨下载"跳转异常,该类元素共13个，当前第12个
2020-08-10 19:01:38,578 - basepage - INFO - Click back on current page.
2020-08-10 19:01:46,678 - 2 - INFO - 页面"满vip版手游_手游sf送顶级vip_满级vip无限元宝手游下载-最笨下载"跳转正常,该类元素共13个，当前第13个
2020-08-10 19:01:47,147 - basepage - INFO - Click back on current page.
2020-08-10 19:01:55,511 - 2 - INFO - 页面"战龙归来（送千元礼包）_战龙归来（送千元礼包）无限元宝服_SF变态版战龙归来（送千元礼包）公益服下载 - 最笨下载"跳转正常,该类元素共18个，当前第1个
2020-08-10 19:02:01,637 - 2 - INFO - 页面"斩仙录（送海量充值）_斩仙录（送海量充值）无限元宝服_SF变态版斩仙录（送海量充值）公益服下载 - 最笨下载"跳转正常,该类元素共18个，当前第2个
2020-08-10 19:02:07,765 - 2 - INFO - 页面"仙风道骨（送GM海量充）_仙风道骨（送GM海量充）无限元宝服_SF变态版仙风道骨（送GM海量充）公益服下载 - 最笨下载"跳转正常,该类元素共18个，当前第3个
2020-08-10 19:02:13,896 - 2 - INFO - 页面"口袋暴龙（海量特权）_口袋暴龙（海量特权）无限元宝服_SF变态版口袋暴龙（海量特权）公益服下载 - 最笨下载"跳转正常,该类元素共18个，当前第4个
2020-08-10 19:02:20,038 - 2 - INFO - 页面"苍穹灭（星耀特权）_苍穹灭（星耀特权）无限元宝服_SF变态版苍穹灭（星耀特权）公益服下载 - 最笨下载"跳转正常,该类元素共18个，当前第5个
2020-08-10 19:02:26,172 - 2 - INFO - 页面"传奇世界之仗剑天涯（至尊特权）_传奇世界之仗剑天涯（至尊特权）无限元宝服_SF变态版传奇世界之仗剑天涯（至尊特权）公益服下载 - 最笨下载"跳转正常,该类元素共18个，当前第6个
2020-08-10 19:02:32,323 - 2 - INFO - 页面"三国之旅（日送千充）_三国之旅（日送千充）无限元宝服_SF变态版三国之旅（日送千充）公益服下载 - 最笨下载"跳转正常,该类元素共18个，当前第7个
2020-08-10 19:02:38,452 - 2 - INFO - 页面"神魔传说（登录送神器）_神魔传说（登录送神器）无限元宝服_SF变态版神魔传说（登录送神器）公益服下载 - 最笨下载"跳转正常,该类元素共18个，当前第8个
2020-08-10 19:02:44,580 - 2 - INFO - 页面"魔剑侠缘（万元兑换）_魔剑侠缘（万元兑换）无限元宝服_SF变态版魔剑侠缘（万元兑换）公益服下载 - 最笨下载"跳转正常,该类元素共18个，当前第9个
2020-08-10 19:02:50,724 - 2 - INFO - 页面"疯神之战（送海量充值）_疯神之战（送海量充值）无限元宝服_SF变态版疯神之战（送海量充值）公益服下载 - 最笨下载"跳转正常,该类元素共18个，当前第10个
2020-08-10 19:02:56,873 - 2 - INFO - 页面"崩坏西游（送1688元充值）_崩坏西游（送1688元充值）无限元宝服_SF变态版崩坏西游（送1688元充值）公益服下载 - 最笨下载"跳转正常,该类元素共18个，当前第11个
2020-08-10 19:03:03,060 - 2 - INFO - 页面"破坏神（星耀特权）_破坏神（星耀特权）无限元宝服_SF变态版破坏神（星耀特权）公益服下载 - 最笨下载"跳转正常,该类元素共18个，当前第12个
2020-08-10 19:03:09,208 - 2 - INFO - 页面"影刃传说（天天送千充）_影刃传说（天天送千充）无限元宝服_SF变态版影刃传说（天天送千充）公益服下载 - 最笨下载"跳转正常,该类元素共18个，当前第13个
2020-08-10 19:03:15,341 - 2 - INFO - 页面"跑跑西游（送海量真充）_跑跑西游（送海量真充）无限元宝服_SF变态版跑跑西游（送海量真充）公益服下载 - 最笨下载"跳转正常,该类元素共18个，当前第14个
2020-08-10 19:03:21,505 - 2 - INFO - 页面"霸王传（送海量充值）_霸王传（送海量充值）无限元宝服_SF变态版霸王传（送海量充值）公益服下载 - 最笨下载"跳转正常,该类元素共18个，当前第15个
2020-08-10 19:03:27,654 - 2 - INFO - 页面"美人传（美人百抽）_美人传（美人百抽）无限元宝服_SF变态版美人传（美人百抽）公益服下载 - 最笨下载"跳转正常,该类元素共18个，当前第16个
2020-08-10 19:03:33,805 - 2 - INFO - 页面"侠客游（海量元宝）_侠客游（海量元宝）无限元宝服_SF变态版侠客游（海量元宝）公益服下载 - 最笨下载"跳转正常,该类元素共18个，当前第17个
2020-08-10 19:03:39,936 - 2 - INFO - 页面"混沌西游（星耀送充值）_混沌西游（星耀送充值）无限元宝服_SF变态版混沌西游（星耀送充值）公益服下载 - 最笨下载"跳转正常,该类元素共18个，当前第18个
2020-08-10 19:03:47,035 - 2 - INFO - 页面"gm版手游_无限元宝/钻石公益服_0元免费gm权限手游下载-最笨下载"跳转正常,该类元素共13个，当前第1个
2020-08-10 19:03:47,304 - basepage - INFO - Click back on current page.
2020-08-10 19:03:55,384 - 2 - INFO - 页面"gm版手游_无限元宝/钻石公益服_0元免费gm权限手游下载-最笨下载"跳转正常,该类元素共13个，当前第2个
2020-08-10 19:03:55,896 - basepage - INFO - Click back on current page.
2020-08-10 19:04:03,922 - 2 - INFO - 页面"gm版手游_无限元宝/钻石公益服_0元免费gm权限手游下载-最笨下载"跳转正常,该类元素共13个，当前第3个
2020-08-10 19:04:04,413 - basepage - INFO - Click back on current page.
2020-08-10 19:04:12,386 - 2 - INFO - 页面"gm版手游_无限元宝/钻石公益服_0元免费gm权限手游下载-最笨下载"跳转正常,该类元素共13个，当前第4个
2020-08-10 19:04:12,672 - basepage - INFO - Click back on current page.
2020-08-10 19:04:20,697 - 2 - INFO - 页面"gm版手游_无限元宝/钻石公益服_0元免费gm权限手游下载-最笨下载"跳转正常,该类元素共13个，当前第5个
2020-08-10 19:04:21,150 - basepage - INFO - Click back on current page.
2020-08-10 19:04:29,206 - 2 - INFO - 页面"gm版手游_无限元宝/钻石公益服_0元免费gm权限手游下载-最笨下载"跳转正常,该类元素共13个，当前第6个
2020-08-10 19:04:29,691 - basepage - INFO - Click back on current page.
2020-08-10 19:04:37,770 - 2 - INFO - 页面"gm版手游_无限元宝/钻石公益服_0元免费gm权限手游下载-最笨下载"跳转正常,该类元素共13个，当前第7个
2020-08-10 19:04:37,979 - basepage - INFO - Click back on current page.
2020-08-10 19:04:45,916 - 2 - INFO - 页面"gm版手游_无限元宝/钻石公益服_0元免费gm权限手游下载-最笨下载"跳转正常,该类元素共13个，当前第8个
2020-08-10 19:04:46,501 - basepage - INFO - Click back on current page.
2020-08-10 19:04:54,366 - 2 - INFO - 页面"gm版手游_无限元宝/钻石公益服_0元免费gm权限手游下载-最笨下载"跳转正常,该类元素共13个，当前第9个
2020-08-10 19:04:54,908 - basepage - INFO - Click back on current page.
2020-08-10 19:05:03,019 - 2 - INFO - 页面"gm版手游_无限元宝/钻石公益服_0元免费gm权限手游下载-最笨下载"跳转正常,该类元素共13个，当前第10个
2020-08-10 19:05:03,301 - basepage - INFO - Click back on current page.
2020-08-10 19:05:11,222 - 2 - INFO - 页面"gm版手游_无限元宝/钻石公益服_0元免费gm权限手游下载-最笨下载"跳转正常,该类元素共13个，当前第11个
2020-08-10 19:05:11,758 - basepage - INFO - Click back on current page.
2020-08-10 19:05:18,530 - 2 - ERROR - 页面"404-最笨下载"跳转异常,该类元素共13个，当前第12个
2020-08-10 19:05:18,992 - basepage - INFO - Click back on current page.
2020-08-10 19:05:26,927 - 2 - INFO - 页面"gm版手游_无限元宝/钻石公益服_0元免费gm权限手游下载-最笨下载"跳转正常,该类元素共13个，当前第13个
2020-08-10 19:05:27,233 - basepage - INFO - Click back on current page.
2020-08-10 19:05:35,625 - 2 - INFO - 页面"仙游（GM版）_仙游（GM版）免费gm权限安卓下载 - 最笨下载"跳转正常,该类元素共18个，当前第1个
2020-08-10 19:05:41,761 - 2 - INFO - 页面"高达（GM版）_高达（GM版）免费gm权限安卓下载 - 最笨下载"跳转正常,该类元素共18个，当前第2个
2020-08-10 19:05:47,911 - 2 - INFO - 页面"暗黑王者（GM版）_暗黑王者（GM版）免费gm权限安卓下载 - 最笨下载"跳转正常,该类元素共18个，当前第3个
2020-08-10 19:05:54,065 - 2 - INFO - 页面"问鼎封神（GM版）_问鼎封神（GM版）免费gm权限安卓下载 - 最笨下载"跳转正常,该类元素共18个，当前第4个
2020-08-10 19:06:00,192 - 2 - INFO - 页面"仙剑轮回（GM版）_仙剑轮回（GM版）免费gm权限安卓下载 - 最笨下载"跳转正常,该类元素共18个，当前第5个
2020-08-10 19:06:06,337 - 2 - INFO - 页面"神道仙尊（GM版）_神道仙尊（GM版）免费gm权限安卓下载 - 最笨下载"跳转正常,该类元素共18个，当前第6个
2020-08-10 19:06:12,489 - 2 - INFO - 页面"大将无双（GM版）_大将无双（GM版）免费gm权限安卓下载 - 最笨下载"跳转正常,该类元素共18个，当前第7个
2020-08-10 19:06:18,652 - 2 - INFO - 页面"青云剑诀（GM版）_青云剑诀（GM版）免费gm权限安卓下载 - 最笨下载"跳转正常,该类元素共18个，当前第8个
2020-08-10 19:06:24,802 - 2 - INFO - 页面"寂灭剑诀（GM版）_寂灭剑诀（GM版）免费gm权限安卓下载 - 最笨下载"跳转正常,该类元素共18个，当前第9个
2020-08-10 19:06:30,942 - 2 - INFO - 页面"封神记（GM版）_封神记（GM版）免费gm权限安卓下载 - 最笨下载"跳转正常,该类元素共18个，当前第10个
2020-08-10 19:06:37,088 - 2 - INFO - 页面"豪门小老婆（GM版）_豪门小老婆（GM版）免费gm权限安卓下载 - 最笨下载"跳转正常,该类元素共18个，当前第11个
2020-08-10 19:06:43,234 - 2 - INFO - 页面"三生三誓青丘传（GM版）_三生三誓青丘传（GM版）免费gm权限安卓下载 - 最笨下载"跳转正常,该类元素共18个，当前第12个
2020-08-10 19:06:49,363 - 2 - INFO - 页面"毒尊三国（GM版）_毒尊三国（GM版）免费gm权限安卓下载 - 最笨下载"跳转正常,该类元素共18个，当前第13个
2020-08-10 19:06:55,508 - 2 - INFO - 页面"乱世神话（GM版）_乱世神话（GM版）免费gm权限安卓下载 - 最笨下载"跳转正常,该类元素共18个，当前第14个
2020-08-10 19:07:01,655 - 2 - INFO - 页面"天子问剑（GM版）_天子问剑（GM版）免费gm权限安卓下载 - 最笨下载"跳转正常,该类元素共18个，当前第15个
2020-08-10 19:07:07,787 - 2 - INFO - 页面"风云三国（GM版）_风云三国（GM版）免费gm权限安卓下载 - 最笨下载"跳转正常,该类元素共18个，当前第16个
2020-08-10 19:07:13,915 - 2 - INFO - 页面"古惑三国志（GM版）_古惑三国志（GM版）免费gm权限安卓下载 - 最笨下载"跳转正常,该类元素共18个，当前第17个
2020-08-10 19:07:20,052 - 2 - INFO - 页面"少年悟空传（GM版）_少年悟空传（GM版）免费gm权限安卓下载 - 最笨下载"跳转正常,该类元素共18个，当前第18个
2020-08-10 19:07:27,029 - 2 - INFO - 页面"免费权限GM游戏"跳转正常,该类元素共4个，当前第1个
2020-08-10 19:07:27,353 - basepage - INFO - Click back on current page.
2020-08-10 19:07:32,368 - 2 - INFO - 页面"聊天回复神器合集"跳转正常,该类元素共4个，当前第2个
2020-08-10 19:07:32,805 - basepage - INFO - Click back on current page.
2020-08-10 19:07:40,098 - 2 - INFO - 页面"超变私服传奇一刀999999级"跳转正常,该类元素共4个，当前第3个
2020-08-10 19:07:40,386 - basepage - INFO - Click back on current page.
2020-08-10 19:07:46,427 - 2 - INFO - 页面"美女爆衣游戏手游"跳转正常,该类元素共4个，当前第4个
2020-08-10 19:07:46,991 - basepage - INFO - Click back on current page.
2020-08-10 19:07:55,171 - 2 - INFO - 页面"【苹果播放器】iPhone手机播放器,iPhone播放器免费下载大全-最笨下载"跳转正常,该类元素共20个，当前第1个
2020-08-10 19:07:55,753 - basepage - INFO - Click back on current page.
2020-08-10 19:08:03,547 - 2 - INFO - 页面"【苹果学习软件】iPhone手机学习软件_iPhone学习软件免费下载大全-最笨下载"跳转正常,该类元素共20个，当前第2个
2020-08-10 19:08:04,036 - basepage - INFO - Click back on current page.
2020-08-10 19:08:11,685 - 2 - INFO - 页面"【苹果辅助软件】iPhone手机辅助软件_iPhone辅助软件免费下载大全-最笨下载"跳转正常,该类元素共20个，当前第3个
2020-08-10 19:08:11,963 - basepage - INFO - Click back on current page.
2020-08-10 19:08:19,209 - 2 - INFO - 页面"【苹果输入法】iPhone手机输入法_iPhone输入法免费下载大全-最笨下载"跳转正常,该类元素共20个，当前第4个
2020-08-10 19:08:19,696 - basepage - INFO - Click back on current page.
2020-08-10 19:08:27,354 - 2 - INFO - 页面"【苹果通信软件】iPhone手机通信软件_iPhone通信软件免费下载大全-最笨下载"跳转正常,该类元素共20个，当前第5个
2020-08-10 19:08:27,805 - basepage - INFO - Click back on current page.
2020-08-10 19:08:34,634 - 2 - INFO - 页面"【苹果固件】iPhone手机固件软件_iPhone固件软件免费下载大全-最笨下载"跳转正常,该类元素共20个，当前第6个
2020-08-10 19:08:34,896 - basepage - INFO - Click back on current page.
2020-08-10 19:08:42,163 - 2 - INFO - 页面"【苹果文件管理软件】iPhone手机文件管理软件_iPhone文件管理软件免费下载大全-最笨下载"跳转正常,该类元素共20个，当前第7个
2020-08-10 19:08:42,812 - basepage - INFO - Click back on current page.
2020-08-10 19:08:50,039 - 2 - INFO - 页面"【苹果同步软件】iPhone手机同步软件_iPhone同步软件免费下载大全-最笨下载"跳转正常,该类元素共20个，当前第8个
2020-08-10 19:08:50,333 - basepage - INFO - Click back on current page.
2020-08-10 19:08:57,621 - 2 - INFO - 页面"【苹果办公软件】iPhone手机办公软件_iPhone办公软件免费下载大全-最笨下载"跳转正常,该类元素共20个，当前第9个
2020-08-10 19:08:57,914 - basepage - INFO - Click back on current page.
2020-08-10 19:09:05,687 - 2 - INFO - 页面"【苹果新闻软件】iPhone手机新闻软件_iPhone新闻软件免费下载大全-最笨下载"跳转正常,该类元素共20个，当前第10个
2020-08-10 19:09:06,120 - basepage - INFO - Click back on current page.
2020-08-10 19:09:13,789 - 2 - INFO - 页面"【苹果理财软件】iPhone手机理财软件_iPhone理财软件免费下载大全-最笨下载"跳转正常,该类元素共20个，当前第11个
2020-08-10 19:09:14,367 - basepage - INFO - Click back on current page.
2020-08-10 19:09:21,859 - 2 - INFO - 页面"【苹果备份软件】iPhone手机备份软件_iPhone备份软件免费下载大全-最笨下载"跳转正常,该类元素共20个，当前第12个
2020-08-10 19:09:22,128 - basepage - INFO - Click back on current page.
2020-08-10 19:09:29,870 - 2 - INFO - 页面"【苹果健身软件】iPhone手机健身软件_iPhone健身软件免费下载大全-最笨下载"跳转正常,该类元素共20个，当前第13个
2020-08-10 19:09:30,334 - basepage - INFO - Click back on current page.
2020-08-10 19:09:37,896 - 2 - INFO - 页面"【苹果健康管理软件】iPhone手机健康管理软件_iPhone健康管理软件免费下载大全-最笨下载"跳转正常,该类元素共20个，当前第14个
2020-08-10 19:09:38,141 - basepage - INFO - Click back on current page.
2020-08-10 19:09:45,878 - 2 - INFO - 页面"【苹果系统软件】iPhone手机系统软件_iPhone系统软件免费下载大全-最笨下载"跳转正常,该类元素共20个，当前第15个
2020-08-10 19:09:46,206 - basepage - INFO - Click back on current page.
2020-08-10 19:09:52,923 - 2 - INFO - 页面"【苹果社交软件】iphone手机社交软件_iphone社交软件免费下载大全-最笨下载"跳转正常,该类元素共20个，当前第16个
2020-08-10 19:09:53,425 - basepage - INFO - Click back on current page.
2020-08-10 19:09:59,913 - 2 - INFO - 页面"【苹果娱乐软件】iPhone手机娱乐软件_iPhone娱乐软件免费下载大全-最笨下载"跳转正常,该类元素共20个，当前第17个
2020-08-10 19:10:00,186 - basepage - INFO - Click back on current page.
2020-08-10 19:10:07,778 - 2 - INFO - 页面"【苹果导航】iPhone手机导航软件,iPhone导航软件免费下载大全-最笨下载"跳转正常,该类元素共20个，当前第18个
2020-08-10 19:10:08,064 - basepage - INFO - Click back on current page.
2020-08-10 19:10:15,253 - 2 - INFO - 页面"【苹果网络软件】iPhone手机网络软件,iPhone网络软件免费下载大全-最笨下载"跳转正常,该类元素共20个，当前第19个
2020-08-10 19:10:15,727 - basepage - INFO - Click back on current page.
2020-08-10 19:10:23,606 - 2 - INFO - 页面"【苹果助手软件】iPhone生活助手软件_iPhone生活助手软件免费下载大全-最笨下载"跳转正常,该类元素共20个，当前第20个
2020-08-10 19:10:24,199 - basepage - INFO - Click back on current page.
2020-08-10 19:10:32,566 - 2 - INFO - 页面"安致手游盒子ios版_安致手游盒子ios版下载_安致手游盒子ios版官方下载-最笨下载"跳转正常,该类元素共18个，当前第1个
2020-08-10 19:10:38,680 - 2 - INFO - 页面"爪游控游戏盒子ios版_爪游控游戏盒子ios版下载_爪游控游戏盒子ios版官方下载-最笨下载"跳转正常,该类元素共18个，当前第2个
2020-08-10 19:10:44,809 - 2 - INFO - 页面"手机玩盒子ios版_手机玩盒子ios版下载_手机玩盒子ios版官方下载-最笨下载"跳转正常,该类元素共18个，当前第3个
2020-08-10 19:10:50,936 - 2 - INFO - 页面"蜜小助ios版_蜜小助ios版下载_蜜小助ios版官方下载-最笨下载"跳转正常,该类元素共18个，当前第4个
2020-08-10 19:10:57,101 - 2 - INFO - 页面"BT游戏大全ios_BT游戏大全ios下载_BT游戏大全ios官方下载-最笨下载"跳转正常,该类元素共18个，当前第5个
2020-08-10 19:11:03,245 - 2 - INFO - 页面"小8游戏盒子ios_小8游戏盒子ios下载_小8游戏盒子ios官方下载-最笨下载"跳转正常,该类元素共18个，当前第6个
2020-08-10 19:11:09,369 - 2 - INFO - 页面"安卓市场ios版_安卓市场ios版下载_安卓市场ios版官方下载-最笨下载"跳转正常,该类元素共18个，当前第7个
2020-08-10 19:11:15,491 - 2 - INFO - 页面"剪映_剪映下载_剪映官方下载-最笨下载"跳转正常,该类元素共18个，当前第8个
2020-08-10 19:11:21,634 - 2 - INFO - 页面"吾爱看书ios版_吾爱看书ios版下载_吾爱看书ios版官方下载-最笨下载"跳转正常,该类元素共18个，当前第9个
2020-08-10 19:11:27,771 - 2 - INFO - 页面"7743游戏平台_7743游戏平台下载_7743游戏平台官方下载-最笨下载"跳转正常,该类元素共18个，当前第10个
2020-08-10 19:11:33,898 - 2 - INFO - 页面"搜书帝ios_搜书帝ios下载_搜书帝ios官方下载-最笨下载"跳转正常,该类元素共18个，当前第11个
2020-08-10 19:11:40,046 - 2 - INFO - 页面"大塘小鱼_大塘小鱼下载_大塘小鱼官方下载-最笨下载"跳转正常,该类元素共18个，当前第12个
2020-08-10 19:11:46,186 - 2 - INFO - 页面"花溪小说_花溪小说下载_花溪小说官方下载-最笨下载"跳转正常,该类元素共18个，当前第13个
2020-08-10 19:11:52,314 - 2 - INFO - 页面"手译_手译下载_手译官方下载-最笨下载"跳转正常,该类元素共18个，当前第14个
2020-08-10 19:11:58,441 - 2 - INFO - 页面"sjcam_sjcam下载_sjcam官方下载-最笨下载"跳转正常,该类元素共18个，当前第15个
2020-08-10 19:12:04,601 - 2 - INFO - 页面"WearHeart_WearHeart下载_WearHeart官方下载-最笨下载"跳转正常,该类元素共18个，当前第16个
2020-08-10 19:12:10,757 - 2 - INFO - 页面"仓鼠阅读_仓鼠阅读下载_仓鼠阅读官方下载-最笨下载"跳转正常,该类元素共18个，当前第17个
2020-08-10 19:12:16,888 - 2 - INFO - 页面"漫番漫画_漫番漫画下载_漫番漫画官方下载-最笨下载"跳转正常,该类元素共18个，当前第18个
2020-08-10 19:12:24,794 - 2 - INFO - 页面"变态手游公益服_bt手游变态服_无限元宝bt手游下载_BT手游中心-最笨下载"跳转正常,该类元素共13个，当前第1个
2020-08-10 19:12:25,106 - basepage - INFO - Click back on current page.
2020-08-10 19:12:33,266 - 2 - INFO - 页面"变态手游公益服_bt手游变态服_无限元宝bt手游下载_BT手游中心-最笨下载"跳转正常,该类元素共13个，当前第2个
2020-08-10 19:12:33,731 - basepage - INFO - Click back on current page.
2020-08-10 19:12:42,132 - 2 - INFO - 页面"变态手游公益服_bt手游变态服_无限元宝bt手游下载_BT手游中心-最笨下载"跳转正常,该类元素共13个，当前第3个
2020-08-10 19:12:42,585 - basepage - INFO - Click back on current page.
2020-08-10 19:12:51,022 - 2 - INFO - 页面"变态手游公益服_bt手游变态服_无限元宝bt手游下载_BT手游中心-最笨下载"跳转正常,该类元素共13个，当前第4个
2020-08-10 19:12:51,530 - basepage - INFO - Click back on current page.
2020-08-10 19:12:59,677 - 2 - INFO - 页面"变态手游公益服_bt手游变态服_无限元宝bt手游下载_BT手游中心-最笨下载"跳转正常,该类元素共13个，当前第5个
2020-08-10 19:13:00,267 - basepage - INFO - Click back on current page.
2020-08-10 19:13:08,402 - 2 - INFO - 页面"变态手游公益服_bt手游变态服_无限元宝bt手游下载_BT手游中心-最笨下载"跳转正常,该类元素共13个，当前第6个
2020-08-10 19:13:08,670 - basepage - INFO - Click back on current page.
2020-08-10 19:13:17,079 - 2 - INFO - 页面"变态手游公益服_bt手游变态服_无限元宝bt手游下载_BT手游中心-最笨下载"跳转正常,该类元素共13个，当前第7个
2020-08-10 19:13:17,567 - basepage - INFO - Click back on current page.
2020-08-10 19:13:25,965 - 2 - INFO - 页面"变态手游公益服_bt手游变态服_无限元宝bt手游下载_BT手游中心-最笨下载"跳转正常,该类元素共13个，当前第8个
2020-08-10 19:13:26,460 - basepage - INFO - Click back on current page.
2020-08-10 19:13:34,564 - 2 - INFO - 页面"变态手游公益服_bt手游变态服_无限元宝bt手游下载_BT手游中心-最笨下载"跳转正常,该类元素共13个，当前第9个
2020-08-10 19:13:34,871 - basepage - INFO - Click back on current page.
2020-08-10 19:13:43,145 - 2 - INFO - 页面"变态手游公益服_bt手游变态服_无限元宝bt手游下载_BT手游中心-最笨下载"跳转正常,该类元素共13个，当前第10个
2020-08-10 19:13:43,636 - basepage - INFO - Click back on current page.
2020-08-10 19:13:51,786 - 2 - INFO - 页面"变态手游公益服_bt手游变态服_无限元宝bt手游下载_BT手游中心-最笨下载"跳转正常,该类元素共13个，当前第11个
2020-08-10 19:13:52,317 - basepage - INFO - Click back on current page.
2020-08-10 19:13:59,019 - 2 - ERROR - 页面"404-最笨下载"跳转异常,该类元素共13个，当前第12个
2020-08-10 19:13:59,540 - basepage - INFO - Click back on current page.
2020-08-10 19:14:08,168 - 2 - INFO - 页面"变态手游公益服_bt手游变态服_无限元宝bt手游下载_BT手游中心-最笨下载"跳转正常,该类元素共13个，当前第13个
2020-08-10 19:14:08,658 - basepage - INFO - Click back on current page.
2020-08-10 19:14:17,050 - 2 - INFO - 页面"无双魏蜀吴（折扣特权）_无双魏蜀吴（折扣特权）无限元宝服_SF变态版无双魏蜀吴（折扣特权）公益服下载 - 最笨下载"跳转正常,该类元素共18个，当前第1个
2020-08-10 19:14:23,187 - 2 - INFO - 页面"兵器少女（无门槛送充）_兵器少女（无门槛送充）无限元宝服_SF变态版兵器少女（无门槛送充）公益服下载 - 最笨下载"跳转正常,该类元素共18个，当前第2个
2020-08-10 19:14:29,332 - 2 - INFO - 页面"乱斗三国_乱斗三国无限元宝服_SF变态版乱斗三国公益服下载 - 最笨下载"跳转正常,该类元素共18个，当前第3个
2020-08-10 19:14:35,501 - 2 - INFO - 页面"塔防镇魂师（送328代金券）_塔防镇魂师（送328代金券）无限元宝服_SF变态版塔防镇魂师（送328代金券）公益服下载 - 最笨下载"跳转正常,该类元素共18个，当前第4个
2020-08-10 19:14:41,667 - 2 - INFO - 页面"恋三国（送百抽）_恋三国（送百抽）无限元宝服_SF变态版恋三国（送百抽）公益服下载 - 最笨下载"跳转正常,该类元素共18个，当前第5个
2020-08-10 19:14:47,804 - 2 - INFO - 页面"风云天下·重燃（海量抽充值）_风云天下·重燃（海量抽充值）无限元宝服_SF变态版风云天下·重燃（海量抽充值）公益服下载 - 最笨下载"跳转正常,该类元素共18个，当前第6个
2020-08-10 19:14:53,953 - 2 - INFO - 页面"一剑成仙（海量打金）_一剑成仙（海量打金）无限元宝服_SF变态版一剑成仙（海量打金）公益服下载 - 最笨下载"跳转正常,该类元素共18个，当前第7个
2020-08-10 19:15:00,090 - 2 - INFO - 页面"天域幻想（送海量充值）_天域幻想（送海量充值）无限元宝服_SF变态版天域幻想（送海量充值）公益服下载 - 最笨下载"跳转正常,该类元素共18个，当前第8个
2020-08-10 19:15:06,240 - 2 - INFO - 页面"修仙无双（折扣特权）_修仙无双（折扣特权）无限元宝服_SF变态版修仙无双（折扣特权）公益服下载 - 最笨下载"跳转正常,该类元素共18个，当前第9个
2020-08-10 19:15:12,371 - 2 - INFO - 页面"天诀_天诀无限元宝服_SF变态版天诀公益服下载 - 最笨下载"跳转正常,该类元素共18个，当前第10个
2020-08-10 19:15:18,531 - 2 - INFO - 页面"乱世江湖（卖血送真充）_乱世江湖（卖血送真充）无限元宝服_SF变态版乱世江湖（卖血送真充）公益服下载 - 最笨下载"跳转正常,该类元素共18个，当前第11个
2020-08-10 19:15:24,669 - 2 - INFO - 页面"联盟契约（送神将百抽）_联盟契约（送神将百抽）无限元宝服_SF变态版联盟契约（送神将百抽）公益服下载 - 最笨下载"跳转正常,该类元素共18个，当前第12个
2020-08-10 19:15:30,792 - 2 - INFO - 页面"九灵神域_九灵神域无限元宝服_SF变态版九灵神域公益服下载 - 最笨下载"跳转正常,该类元素共18个，当前第13个
2020-08-10 19:15:36,917 - 2 - INFO - 页面"教主之家（至尊特权）_教主之家（至尊特权）无限元宝服_SF变态版教主之家（至尊特权）公益服下载 - 最笨下载"跳转正常,该类元素共18个，当前第14个
2020-08-10 19:15:43,048 - 2 - INFO - 页面"魔星狂点（送海量连抽）_魔星狂点（送海量连抽）无限元宝服_SF变态版魔星狂点（送海量连抽）公益服下载 - 最笨下载"跳转正常,该类元素共18个，当前第15个
2020-08-10 19:15:49,194 - 2 - INFO - 页面"主公别闹_主公别闹无限元宝服_SF变态版主公别闹公益服下载 - 最笨下载"跳转正常,该类元素共18个，当前第16个
2020-08-10 19:15:55,340 - 2 - INFO - 页面"全民祖玛（爆装加强版）_全民祖玛（爆装加强版）无限元宝服_SF变态版全民祖玛（爆装加强版）公益服下载 - 最笨下载"跳转正常,该类元素共18个，当前第17个
2020-08-10 19:16:01,465 - 2 - INFO - 页面"天天怼三国（送千元充值）_天天怼三国（送千元充值）无限元宝服_SF变态版天天怼三国（送千元充值）公益服下载 - 最笨下载"跳转正常,该类元素共18个，当前第18个
2020-08-10 19:16:08,646 - 2 - INFO - 页面"满vip版手游_手游sf送顶级vip_满级vip无限元宝手游下载-最笨下载"跳转正常,该类元素共13个，当前第1个
2020-08-10 19:16:08,931 - basepage - INFO - Click back on current page.
2020-08-10 19:16:16,271 - 2 - INFO - 页面"满vip版手游_手游sf送顶级vip_满级vip无限元宝手游下载-最笨下载"跳转正常,该类元素共13个，当前第2个
2020-08-10 19:16:16,763 - basepage - INFO - Click back on current page.
2020-08-10 19:16:25,206 - 2 - INFO - 页面"满vip版手游_手游sf送顶级vip_满级vip无限元宝手游下载-最笨下载"跳转正常,该类元素共13个，当前第3个
2020-08-10 19:16:25,841 - basepage - INFO - Click back on current page.
2020-08-10 19:16:33,880 - 2 - INFO - 页面"满vip版手游_手游sf送顶级vip_满级vip无限元宝手游下载-最笨下载"跳转正常,该类元素共13个，当前第4个
2020-08-10 19:16:34,160 - basepage - INFO - Click back on current page.
2020-08-10 19:16:42,344 - 2 - INFO - 页面"满vip版手游_手游sf送顶级vip_满级vip无限元宝手游下载-最笨下载"跳转正常,该类元素共13个，当前第5个
2020-08-10 19:16:43,003 - basepage - INFO - Click back on current page.
2020-08-10 19:16:51,573 - 2 - INFO - 页面"满vip版手游_手游sf送顶级vip_满级vip无限元宝手游下载-最笨下载"跳转正常,该类元素共13个，当前第6个
2020-08-10 19:16:52,119 - basepage - INFO - Click back on current page.
2020-08-10 19:17:00,333 - 2 - INFO - 页面"满vip版手游_手游sf送顶级vip_满级vip无限元宝手游下载-最笨下载"跳转正常,该类元素共13个，当前第7个
2020-08-10 19:17:00,940 - basepage - INFO - Click back on current page.
2020-08-10 19:17:08,891 - 2 - INFO - 页面"满vip版手游_手游sf送顶级vip_满级vip无限元宝手游下载-最笨下载"跳转正常,该类元素共13个，当前第8个
2020-08-10 19:17:09,602 - basepage - INFO - Click back on current page.
2020-08-10 19:17:17,520 - 2 - INFO - 页面"满vip版手游_手游sf送顶级vip_满级vip无限元宝手游下载-最笨下载"跳转正常,该类元素共13个，当前第9个
2020-08-10 19:17:17,790 - basepage - INFO - Click back on current page.
2020-08-10 19:17:26,607 - 2 - INFO - 页面"满vip版手游_手游sf送顶级vip_满级vip无限元宝手游下载-最笨下载"跳转正常,该类元素共13个，当前第10个
2020-08-10 19:17:27,133 - basepage - INFO - Click back on current page.
2020-08-10 19:17:35,102 - 2 - INFO - 页面"满vip版手游_手游sf送顶级vip_满级vip无限元宝手游下载-最笨下载"跳转正常,该类元素共13个，当前第11个
2020-08-10 19:17:35,685 - basepage - INFO - Click back on current page.
2020-08-10 19:17:42,317 - 2 - ERROR - 页面"404-最笨下载"跳转异常,该类元素共13个，当前第12个
2020-08-10 19:17:42,799 - basepage - INFO - Click back on current page.
2020-08-10 19:17:51,674 - 2 - INFO - 页面"满vip版手游_手游sf送顶级vip_满级vip无限元宝手游下载-最笨下载"跳转正常,该类元素共13个，当前第13个
2020-08-10 19:17:51,934 - basepage - INFO - Click back on current page.
2020-08-10 19:18:00,294 - 2 - INFO - 页面"屠龙世界（送GM特权）_屠龙世界（送GM特权）无限元宝服_SF变态版屠龙世界（送GM特权）公益服下载 - 最笨下载"跳转正常,该类元素共18个，当前第1个
2020-08-10 19:18:06,437 - 2 - INFO - 页面"将军道（送百连海量抽）_将军道（送百连海量抽）无限元宝服_SF变态版将军道（送百连海量抽）公益服下载 - 最笨下载"跳转正常,该类元素共18个，当前第2个
2020-08-10 19:18:12,578 - 2 - INFO - 页面"七战（无门槛送首充）_七战（无门槛送首充）无限元宝服_SF变态版七战（无门槛送首充）公益服下载 - 最笨下载"跳转正常,该类元素共18个，当前第3个
2020-08-10 19:18:18,712 - 2 - INFO - 页面"炼金国度（送1000元充值）_炼金国度（送1000元充值）无限元宝服_SF变态版炼金国度（送1000元充值）公益服下载 - 最笨下载"跳转正常,该类元素共18个，当前第4个
2020-08-10 19:18:24,838 - 2 - INFO - 页面"冒险王2（送海量充值）_冒险王2（送海量充值）无限元宝服_SF变态版冒险王2（送海量充值）公益服下载 - 最笨下载"跳转正常,该类元素共18个，当前第5个
2020-08-10 19:18:30,979 - 2 - INFO - 页面"帝国光辉（每日送1000R）_帝国光辉（每日送1000R）无限元宝服_SF变态版帝国光辉（每日送1000R）公益服下载 - 最笨下载"跳转正常,该类元素共18个，当前第6个
2020-08-10 19:18:37,113 - 2 - INFO - 页面"围攻大菠萝（送328充值）_围攻大菠萝（送328充值）无限元宝服_SF变态版围攻大菠萝（送328充值）公益服下载 - 最笨下载"跳转正常,该类元素共18个，当前第7个
2020-08-10 19:18:43,277 - 2 - INFO - 页面"女神联盟2（送500充值）_女神联盟2（送500充值）无限元宝服_SF变态版女神联盟2（送500充值）公益服下载 - 最笨下载"跳转正常,该类元素共18个，当前第8个
2020-08-10 19:18:49,458 - 2 - INFO - 页面"九天仙梦（商城特权）_九天仙梦（商城特权）无限元宝服_SF变态版九天仙梦（商城特权）公益服下载 - 最笨下载"跳转正常,该类元素共18个，当前第9个
2020-08-10 19:18:55,626 - 2 - INFO - 页面"仙剑缘（星耀特权）_仙剑缘（星耀特权）无限元宝服_SF变态版仙剑缘（星耀特权）公益服下载 - 最笨下载"跳转正常,该类元素共18个，当前第10个
2020-08-10 19:19:01,768 - 2 - INFO - 页面"我叫MT：奇幻之旅（送一万连抽）_我叫MT：奇幻之旅（送一万连抽）无限元宝服_SF变态版我叫MT：奇幻之旅（送一万连抽）公益服下载 - 最笨下载"跳转正常,该类元素共18个，当前第11个
2020-08-10 19:19:07,941 - 2 - INFO - 页面"天天驯兽师（每日送百抽）_天天驯兽师（每日送百抽）无限元宝服_SF变态版天天驯兽师（每日送百抽）公益服下载 - 最笨下载"跳转正常,该类元素共18个，当前第12个
2020-08-10 19:19:14,085 - 2 - INFO - 页面"神契幻奇谭（海量特权）_神契幻奇谭（海量特权）无限元宝服_SF变态版神契幻奇谭（海量特权）公益服下载 - 最笨下载"跳转正常,该类元素共18个，当前第13个
2020-08-10 19:19:20,197 - 2 - INFO - 页面"冒险者集结（送650充值）_冒险者集结（送650充值）无限元宝服_SF变态版冒险者集结（送650充值）公益服下载 - 最笨下载"跳转正常,该类元素共18个，当前第14个
2020-08-10 19:19:26,373 - 2 - INFO - 页面"御剑封神录（送海量充值）_御剑封神录（送海量充值）无限元宝服_SF变态版御剑封神录（送海量充值）公益服下载 - 最笨下载"跳转正常,该类元素共18个，当前第15个
2020-08-10 19:19:32,516 - 2 - INFO - 页面"无敌战舰（送百元充值）_无敌战舰（送百元充值）无限元宝服_SF变态版无敌战舰（送百元充值）公益服下载 - 最笨下载"跳转正常,该类元素共18个，当前第16个
2020-08-10 19:19:38,683 - 2 - INFO - 页面"孤龙山（送GM海量充）_孤龙山（送GM海量充）无限元宝服_SF变态版孤龙山（送GM海量充）公益服下载 - 最笨下载"跳转正常,该类元素共18个，当前第17个
2020-08-10 19:19:44,846 - 2 - INFO - 页面"圣痕觉醒（送万元充值）_圣痕觉醒（送万元充值）无限元宝服_SF变态版圣痕觉醒（送万元充值）公益服下载 - 最笨下载"跳转正常,该类元素共18个，当前第18个
2020-08-10 19:19:51,315 - 2 - INFO - 页面"【苹果益智休闲游戏】好玩的iPhone益智休闲游戏大全_iPhone益智休闲类游戏下载-最笨下载"跳转正常,该类元素共16个，当前第1个
2020-08-10 19:19:51,589 - basepage - INFO - Click back on current page.
2020-08-10 19:19:59,241 - 2 - INFO - 页面"【苹果其他游戏】好玩的iphone其他游戏大全_iphone其他类游戏下载-最笨下载"跳转正常,该类元素共16个，当前第2个
2020-08-10 19:19:59,535 - basepage - INFO - Click back on current page.
2020-08-10 19:20:07,178 - 2 - INFO - 页面"【苹果音乐游戏】好玩的iphone音乐游戏大全_iphone音乐类游戏下载-最笨下载"跳转正常,该类元素共16个，当前第3个
2020-08-10 19:20:07,770 - basepage - INFO - Click back on current page.
2020-08-10 19:20:15,365 - 2 - INFO - 页面"【苹果网络游戏】好玩的iphone网络游戏大全_iphone网络类游戏下载-最笨下载"跳转正常,该类元素共16个，当前第4个
2020-08-10 19:20:15,824 - basepage - INFO - Click back on current page.
2020-08-10 19:20:23,362 - 2 - INFO - 页面"【苹果格斗游戏】好玩的iPhone格斗游戏大全_iPhone格斗类游戏下载-最笨下载"跳转正常,该类元素共16个，当前第5个
2020-08-10 19:20:23,574 - basepage - INFO - Click back on current page.
2020-08-10 19:20:31,435 - 2 - INFO - 页面"【苹果飞行游戏】好玩的iPhone飞行游戏大全_iPhone飞行类游戏下载-最笨下载"跳转正常,该类元素共16个，当前第6个
2020-08-10 19:20:31,962 - basepage - INFO - Click back on current page.
2020-08-10 19:20:39,579 - 2 - INFO - 页面"【苹果体育运动游戏】好玩的iPhone体育运动游戏大全_iPhone体育运动类游戏下载-最笨下载"跳转正常,该类元素共16个，当前第7个
2020-08-10 19:20:40,061 - basepage - INFO - Click back on current page.
2020-08-10 19:20:47,398 - 2 - INFO - 页面"【苹果模拟经营游戏】好玩的iPhone模拟经营游戏大全_iPhone模拟经营类游戏下载-最笨下载"跳转正常,该类元素共16个，当前第8个
2020-08-10 19:20:47,658 - basepage - INFO - Click back on current page.
2020-08-10 19:20:54,629 - 2 - INFO - 页面"【苹果策略游戏】好玩的iphone策略游戏大全_iphone策略类游戏下载-最笨下载"跳转正常,该类元素共16个，当前第9个
2020-08-10 19:20:55,105 - basepage - INFO - Click back on current page.
2020-08-10 19:21:02,779 - 2 - INFO - 页面"【苹果塔防游戏】好玩的iphone塔防游戏大全_iphone塔防类游戏下载-最笨下载"跳转正常,该类元素共16个，当前第10个
2020-08-10 19:21:03,302 - basepage - INFO - Click back on current page.
2020-08-10 19:21:11,084 - 2 - INFO - 页面"【苹果解谜游戏】好玩的iphone解谜游戏大全_iphone解谜类游戏下载-最笨下载"跳转正常,该类元素共16个，当前第11个
2020-08-10 19:21:11,365 - basepage - INFO - Click back on current page.
2020-08-10 19:21:19,095 - 2 - INFO - 页面"【苹果射击游戏】好玩的iphone射击游戏大全_iphone射击类游戏下载-最笨下载"跳转正常,该类元素共16个，当前第12个
2020-08-10 19:21:19,571 - basepage - INFO - Click back on current page.
2020-08-10 19:21:27,200 - 2 - INFO - 页面"【苹果棋牌游戏】好玩的iphone棋牌游戏大全_iphone棋牌类游戏下载-最笨下载"跳转正常,该类元素共16个，当前第13个
2020-08-10 19:21:27,482 - basepage - INFO - Click back on current page.
2020-08-10 19:21:35,042 - 2 - INFO - 页面"【苹果赛车游戏】好玩的iPhone赛车游戏大全_iPhone赛车类游戏下载-最笨下载"跳转正常,该类元素共16个，当前第14个
2020-08-10 19:21:35,350 - basepage - INFO - Click back on current page.
2020-08-10 19:21:42,269 - 2 - INFO - 页面"【苹果角色扮演游戏】好玩的iphone角色扮演游戏_iPhone角色扮演类游戏下载-最笨下载"跳转正常,该类元素共16个，当前第15个
2020-08-10 19:21:42,834 - basepage - INFO - Click back on current page.
2020-08-10 19:21:50,080 - 2 - INFO - 页面"【安卓动作游戏】好玩的iPhone动作游戏大全_iPhone动作类游戏下载-最笨下载"跳转正常,该类元素共16个，当前第16个
2020-08-10 19:21:50,337 - basepage - INFO - Click back on current page.
2020-08-10 19:21:58,704 - 2 - INFO - 页面"冒险王2（送海量充值）ios版_冒险王2（送海量充值）ios版下载_冒险王2（送海量充值）ios版官方下载-最笨下载"跳转正常,该类元素共18个，当前第1个
2020-08-10 19:22:04,853 - 2 - INFO - 页面"恋三国（送百抽）ios版_恋三国（送百抽）ios版下载_恋三国（送百抽）ios版官方下载-最笨下载"跳转正常,该类元素共18个，当前第2个
2020-08-10 19:22:11,004 - 2 - INFO - 页面"屠龙世界（送GM特权）ios版_屠龙世界（送GM特权）ios版下载_屠龙世界（送GM特权）ios版官方下载-最笨下载"跳转正常,该类元素共18个，当前第3个
2020-08-10 19:22:17,145 - 2 - INFO - 页面"将军道（送百连海量抽）ios版_将军道（送百连海量抽）ios版下载_将军道（送百连海量抽）ios版官方下载-最笨下载"跳转正常,该类元素共18个，当前第4个
2020-08-10 19:22:23,296 - 2 - INFO - 页面"塔防镇魂师（送328代金券）ios版_塔防镇魂师（送328代金券）ios版下载_塔防镇魂师（送328代金券）ios版官方下载-最笨下载"跳转正常,该类元素共18个，当前第5个
2020-08-10 19:22:29,452 - 2 - INFO - 页面"乱斗三国ios版_乱斗三国ios版下载_乱斗三国ios版官方下载-最笨下载"跳转正常,该类元素共18个，当前第6个
2020-08-10 19:22:35,594 - 2 - INFO - 页面"兵器少女（无门槛送充）ios版_兵器少女（无门槛送充）ios版下载_兵器少女（无门槛送充）ios版官方下载-最笨下载"跳转正常,该类元素共18个，当前第7个
2020-08-10 19:22:41,722 - 2 - INFO - 页面"猎手之王ios版_猎手之王ios版下载_猎手之王ios版官方下载-最笨下载"跳转正常,该类元素共18个，当前第8个
2020-08-10 19:22:47,868 - 2 - INFO - 页面"古墓迷城ios版_古墓迷城ios版下载_古墓迷城ios版官方下载-最笨下载"跳转正常,该类元素共18个，当前第9个
2020-08-10 19:22:53,992 - 2 - INFO - 页面"国战纪元ios版_国战纪元ios版下载_国战纪元ios版官方下载-最笨下载"跳转正常,该类元素共18个，当前第10个
2020-08-10 19:23:00,113 - 2 - INFO - 页面"天诀ios版_天诀ios版下载_天诀ios版官方下载-最笨下载"跳转正常,该类元素共18个，当前第11个
2020-08-10 19:23:06,241 - 2 - INFO - 页面"仙剑缘（星耀特权）ios版_仙剑缘（星耀特权）ios版下载_仙剑缘（星耀特权）ios版官方下载-最笨下载"跳转正常,该类元素共18个，当前第12个
2020-08-10 19:23:12,365 - 2 - INFO - 页面"九灵神域ios版_九灵神域ios版下载_九灵神域ios版官方下载-最笨下载"跳转正常,该类元素共18个，当前第13个
2020-08-10 19:23:18,495 - 2 - INFO - 页面"天之命（海量特权）ios版_天之命（海量特权）ios版下载_天之命（海量特权）ios版官方下载-最笨下载"跳转正常,该类元素共18个，当前第14个
2020-08-10 19:23:24,617 - 2 - INFO - 页面"魔剑侠缘（星耀特权）ios版_魔剑侠缘（星耀特权）ios版下载_魔剑侠缘（星耀特权）ios版官方下载-最笨下载"跳转正常,该类元素共18个，当前第15个
2020-08-10 19:23:30,763 - 2 - INFO - 页面"仙灵世界（复古绿色服）ios版_仙灵世界（复古绿色服）ios版下载_仙灵世界（复古绿色服）ios版官方下载-最笨下载"跳转正常,该类元素共18个，当前第16个
2020-08-10 19:23:36,905 - 2 - INFO - 页面"风之剑舞（至尊特权）ios版_风之剑舞（至尊特权）ios版下载_风之剑舞（至尊特权）ios版官方下载-最笨下载"跳转正常,该类元素共18个，当前第17个
2020-08-10 19:23:43,061 - 2 - INFO - 页面"塔塔星座（送328充值）ios版_塔塔星座（送328充值）ios版下载_塔塔星座（送328充值）ios版官方下载-最笨下载"跳转正常,该类元素共18个，当前第18个
2020-08-10 19:23:50,846 - 2 - INFO - 页面"ios无限元宝的手游"跳转正常,该类元素共4个，当前第1个
2020-08-10 19:23:51,069 - basepage - INFO - Click back on current page.
2020-08-10 19:23:56,440 - 2 - INFO - 页面"gm手游助手ios"跳转正常,该类元素共4个，当前第2个
2020-08-10 19:23:56,860 - basepage - INFO - Click back on current page.
2020-08-10 19:24:02,396 - 2 - INFO - 页面"ios变态服游戏"跳转正常,该类元素共4个，当前第3个
2020-08-10 19:24:02,648 - basepage - INFO - Click back on current page.
2020-08-10 19:24:07,967 - 2 - INFO - 页面"ios看小说神器"跳转正常,该类元素共4个，当前第4个
2020-08-10 19:24:08,390 - basepage - INFO - Click back on current page.
2020-08-10 19:24:14,979 - 2 - INFO - 页面"【最笨周末活动】8.7周末活动海量惊喜等你来拿"跳转正常,该类元素共4个，当前第1个
2020-08-10 19:24:15,216 - basepage - INFO - Click back on current page.
2020-08-10 19:24:20,352 - 2 - INFO - 页面"【最笨周末活动】7月10日晴了一夏周末福利活动"跳转正常,该类元素共4个，当前第2个
2020-08-10 19:24:20,608 - basepage - INFO - Click back on current page.
2020-08-10 19:24:26,112 - 2 - INFO - 页面"【最笨周末活动】7月3日清凉一夏活动来袭~"跳转正常,该类元素共4个，当前第3个
2020-08-10 19:24:26,399 - basepage - INFO - Click back on current page.
2020-08-10 19:24:31,866 - 2 - INFO - 页面"【最笨周末活动】7月31日周末活动火热来袭~"跳转正常,该类元素共4个，当前第4个
2020-08-10 19:24:32,379 - basepage - INFO - Click back on current page.
2020-08-10 19:24:38,453 - 2 - INFO - 页面"帝国霸业银河生存如何快速获取母舰 快速获取母"跳转正常,该类元素共20个，当前第1个
2020-08-10 19:24:44,557 - 2 - INFO - 页面"和软天空一样的软件有哪些"跳转正常,该类元素共20个，当前第2个
2020-08-10 19:24:50,686 - 2 - INFO - 页面"有什么软件是帮助别人高情商回复信息"跳转正常,该类元素共20个，当前第3个
2020-08-10 19:24:56,816 - 2 - INFO - 页面"和微信一样的小说软件有哪些"跳转正常,该类元素共20个，当前第4个
2020-08-10 19:25:02,946 - 2 - INFO - 页面"秘乐怎么兑换铭文"跳转正常,该类元素共20个，当前第5个
2020-08-10 19:25:09,077 - 2 - INFO - 页面"炉石传说通灵学院控制萨卡组怎么搭配 通灵学院"跳转正常,该类元素共20个，当前第6个
2020-08-10 19:25:15,220 - 2 - INFO - 页面"阴阳师白藏主狐影白狩如何获得 白藏主狐影白狩"跳转正常,该类元素共20个，当前第7个
2020-08-10 19:25:21,369 - 2 - INFO - 页面"炉石传说t7猎卡组2020搭配推荐"跳转正常,该类元素共20个，当前第8个
2020-08-10 19:25:27,511 - 2 - INFO - 页面"王者荣耀2020玄策出装铭文怎么搭配 玄策出装铭文"跳转正常,该类元素共20个，当前第9个
2020-08-10 19:25:33,657 - 2 - INFO - 页面"绝地求生灵敏度怎么调最稳2020年 灵敏度调整推荐"跳转正常,该类元素共20个，当前第10个
2020-08-10 19:25:39,815 - 2 - INFO - 页面"不用wifi也能玩的游戏女生 不用wifi也能玩的女生"跳转正常,该类元素共20个，当前第11个
2020-08-10 19:25:45,941 - 2 - INFO - 页面"自由度高的手机武侠单机游戏 高自由武侠单机手"跳转正常,该类元素共20个，当前第12个
2020-08-10 19:25:52,082 - 2 - INFO - 页面"安卓苹果混服传奇手游 安卓与苹果混服传奇手游"跳转正常,该类元素共20个，当前第13个
2020-08-10 19:25:58,252 - 2 - INFO - 页面"恋爱话术库破解版苹果版-撩妹恋爱话术库app苹果"跳转正常,该类元素共20个，当前第14个
2020-08-10 19:26:04,390 - 2 - INFO - 页面"火影忍者单机版破解版-火影忍者手游单机版破解"跳转正常,该类元素共20个，当前第15个
2020-08-10 19:26:10,528 - 2 - INFO - 页面"2020新版球球大作战炫光在哪里买"跳转正常,该类元素共20个，当前第16个
2020-08-10 19:26:16,680 - 2 - INFO - 页面"dnf手游怎么举报玩家"跳转正常,该类元素共20个，当前第17个
2020-08-10 19:26:22,826 - 2 - INFO - 页面"烟雨江湖田鹏学什么武功好"跳转正常,该类元素共20个，当前第18个
2020-08-10 19:26:28,948 - 2 - INFO - 页面"烟雨江湖孟翔怎么培养"跳转正常,该类元素共20个，当前第19个
2020-08-10 19:26:35,093 - 2 - INFO - 页面"我的世界路灯怎么做好看"跳转正常,该类元素共20个，当前第20个
2020-08-10 19:26:41,266 - 2 - INFO - 页面"apk3安卓网-2020最新apk安卓游戏-热门apk软件下载平台"跳转正常,该类元素共34个，当前第1个
2020-08-10 19:26:47,387 - 2 - INFO - 页面"小游戏,在线小游戏,小游戏大全,双人小游戏,3199小游戏"跳转正常,该类元素共34个，当前第2个
2020-08-10 19:26:53,546 - 2 - INFO - 页面"中文网站排行榜_alexa排行 - 爱站网站排行榜"跳转正常,该类元素共34个，当前第3个
2020-08-10 19:27:07,492 - 2 - INFO - 页面"9号下载_下载软件_免费下载单机游戏_手机游戏下载大全"跳转正常,该类元素共34个，当前第4个
2020-08-10 19:27:37,302 - 2 - INFO - 页面"软件下载中心_绿色免费软件,手机游戏|软件下载,到超人软件站"跳转正常,该类元素共34个，当前第5个
2020-08-10 19:27:43,457 - 2 - INFO - 页面"系统圣地,绿色免费软件,手游下载等软件下载网站"跳转正常,该类元素共34个，当前第6个
2020-08-10 19:27:49,603 - 2 - INFO - 页面"天天安卓模拟器_安卓模拟器电脑版下载_天天模拟器官网"跳转正常,该类元素共34个，当前第7个
2020-08-10 19:27:55,741 - 2 - INFO - 页面"好看小说推荐_热门小说大全_小说排行榜 - 玖陆文学"跳转正常,该类元素共34个，当前第8个
2020-08-10 19:28:01,852 - 2 - INFO - 页面"爱意技术分享"跳转正常,该类元素共34个，当前第9个
2020-08-10 19:28:07,989 - 2 - INFO - 页面"bt手游平台_满v手游公益服_gm手游排行榜_3733游戏盒子官网"跳转正常,该类元素共34个，当前第10个
2020-08-10 19:28:15,159 - 2 - INFO - 页面"bt公益服变态手游排行榜前十名[新开公测热门+在线人多+免费大型网游]新开最热门好玩人气高的网络游戏有什么_安卓苹果ios客户端游戏下载大全_8979游戏官网"跳转正常,该类元素共34个，当前第11个
2020-08-10 19:28:21,296 - 2 - INFO - 页面"【破解版手机游戏】手机破解游戏下载_安卓手机游戏破解版下载大全-最笨下载"跳转正常,该类元素共34个，当前第12个
2020-08-10 19:28:27,435 - 2 - INFO - 页面"windows10系统之家 - 系统之家提供win10专业版,ISO镜像,企业版等win10系统下载"跳转正常,该类元素共34个，当前第13个
2020-08-10 19:28:33,608 - 2 - INFO - 页面"39整形美容_中国专业医学整形美容门户"跳转正常,该类元素共34个，当前第14个
2020-08-10 19:28:39,767 - 2 - INFO - 页面"零度软件园_官方软件下载_绿色软件_游戏下载_值得信赖的下载站！"跳转正常,该类元素共34个，当前第15个
2020-08-10 19:28:45,966 - 2 - INFO - 页面"单机游戏_单机游戏下载大全中文版下载_好玩的单机游戏下载基地 - 99单机游戏"跳转正常,该类元素共34个，当前第16个
2020-08-10 19:28:52,104 - 2 - INFO - 页面"安卓市场_安卓游戏破解版下载_单机破解版游戏大全_手机网游下载"跳转正常,该类元素共34个，当前第17个
2020-08-10 19:28:58,248 - 2 - INFO - 页面"手机游戏下载-手机软件下载-电脑软件下载-小黑游戏"跳转正常,该类元素共34个，当前第18个
2020-08-10 19:29:04,383 - 2 - INFO - 页面"手机游戏_手机游戏排行榜_好玩的手机游戏_安卓手机游戏推荐_易玩网"跳转正常,该类元素共34个，当前第19个
2020-08-10 19:29:10,533 - 2 - INFO - 页面"手机游戏_好玩的手机游戏下载_手机游戏排行榜-游戏吧"跳转正常,该类元素共34个，当前第20个
2020-08-10 19:29:16,682 - 2 - INFO - 页面"免费手机游戏_好玩的单机游戏_安卓破解版游戏下载_apk8安卓网"跳转正常,该类元素共34个，当前第21个
2020-08-10 19:29:22,861 - 2 - INFO - 页面"免费手机游戏_好玩的单机游戏_安卓破解版游戏下载_apk8安卓网"跳转正常,该类元素共34个，当前第22个
2020-08-10 19:29:29,020 - 2 - INFO - 页面"安卓破解版游戏下载_单机手机破解游戏大全_免费游戏破解版下载-最笨下载"跳转正常,该类元素共34个，当前第23个
2020-08-10 19:29:35,178 - 2 - INFO - 页面"app.3987.com"跳转正常,该类元素共34个，当前第24个
2020-08-10 19:29:41,279 - 2 - INFO - 页面"可可出招表-流星蝴蝶剑出招表-拳皇97出招表-手机游戏-绿色软件下载"跳转正常,该类元素共34个，当前第25个
2020-08-10 19:29:48,226 - 2 - INFO - 页面"爪游控 | 新锐综合资讯媒体"跳转正常,该类元素共34个，当前第26个
2020-08-10 19:29:54,366 - 2 - INFO - 页面"3733游戏盒官网_bt游戏_满vip手游_gm手游大全_破解游戏盒子下载"跳转正常,该类元素共34个，当前第27个
2020-08-10 19:30:00,520 - 2 - INFO - 页面"绿色免费电脑软件下载_手机软件游戏下载中心-520下载站"跳转正常,该类元素共34个，当前第28个
2020-08-10 19:30:09,737 - 2 - INFO - 页面"免费大型经典安卓破解版单机游戏下载排行榜_手机最火爆最新出热门好玩人气高3DBT网络游戏有什么_破解游戏盒子软件大全-下载多"跳转正常,该类元素共34个，当前第29个
2020-08-10 19:30:15,887 - 2 - INFO - 页面"3733游戏盒官网_bt游戏_满vip手游_gm手游大全_破解游戏盒子下载"跳转正常,该类元素共34个，当前第30个
2020-08-10 19:30:24,916 - 2 - INFO - 页面"VR之家_专业VR游戏软件下载网站_VR应用_VR电影_VR视频_VR资源-VR之家"跳转正常,该类元素共34个，当前第31个
2020-08-10 19:30:31,083 - 2 - INFO - 页面"手机玩_免费安卓手机游戏_安卓游戏破解版下载_破解游戏盒子下载"跳转正常,该类元素共34个，当前第32个
2020-08-10 19:30:44,378 - 2 - INFO - 页面"gm手游平台_gm手游盒子_gm版手游下载_3733游戏官网"跳转正常,该类元素共34个，当前第33个
2020-08-10 19:30:57,099 - 2 - INFO - 页面"gm手游平台_gm版无限元宝手游_gm手游盒子下载_gm助手官网"跳转正常,该类元素共34个，当前第34个
2020-08-10 19:31:02,895 - 2 - INFO - 进入"游戏"模块，将执行随机函数
2020-08-10 19:31:05,460 - 2 - INFO - 随机页面"崩坏西游（送1688元充值）"跳转正常，当前第1个
2020-08-10 19:31:05,559 - basepage - INFO - Click back on current page.
2020-08-10 19:31:09,934 - 2 - INFO - 随机页面"妖神记（抽动漫周边）"跳转正常，当前第2个
2020-08-10 19:31:10,024 - basepage - INFO - Click back on current page.
2020-08-10 19:31:14,463 - 2 - INFO - 随机页面"破坏神（福利特权）"跳转正常，当前第3个
2020-08-10 19:31:14,581 - basepage - INFO - Click back on current page.
2020-08-10 19:31:19,136 - 2 - INFO - 随机页面"武器之王（福利特权）"跳转正常，当前第1个
2020-08-10 19:31:19,240 - basepage - INFO - Click back on current page.
2020-08-10 19:31:23,687 - 2 - INFO - 随机页面"崩坏西游（送1688元充值）"跳转正常，当前第2个
2020-08-10 19:31:23,801 - basepage - INFO - Click back on current page.
2020-08-10 19:31:28,319 - 2 - INFO - 随机页面"纵剑仙界（送VIP代金券）"跳转正常，当前第3个
2020-08-10 19:31:28,450 - basepage - INFO - Click back on current page.
2020-08-10 19:31:34,623 - 2 - INFO - 进入"应用"模块，将执行随机函数
2020-08-10 19:31:39,942 - 2 - INFO - 随机页面"恋爱话术"跳转正常，当前第1个
2020-08-10 19:31:40,070 - basepage - INFO - Click back on current page.
2020-08-10 19:31:44,585 - 2 - INFO - 随机页面"遇知音"跳转正常，当前第2个
2020-08-10 19:31:44,709 - basepage - INFO - Click back on current page.
2020-08-10 19:31:49,170 - 2 - INFO - 随机页面"土味情话"跳转正常，当前第3个
2020-08-10 19:31:49,460 - basepage - INFO - Click back on current page.
2020-08-10 19:31:54,001 - 2 - INFO - 随机页面"蜜小助"跳转正常，当前第1个
2020-08-10 19:31:54,123 - basepage - INFO - Click back on current page.
2020-08-10 19:31:58,635 - 2 - INFO - 随机页面"撩吧"跳转正常，当前第2个
2020-08-10 19:31:58,742 - basepage - INFO - Click back on current page.
2020-08-10 19:32:03,192 - 2 - INFO - 随机页面"遇知音"跳转正常，当前第3个
2020-08-10 19:32:03,304 - basepage - INFO - Click back on current page.
2020-08-10 19:32:10,536 - 2 - INFO - 进入"资讯"模块，将执行随机函数
2020-08-10 19:32:13,284 - 2 - INFO - 随机页面"有什么回复女生的聊天软件"跳转正常，当前第1个
2020-08-10 19:32:13,392 - basepage - INFO - Click back on current page.
2020-08-10 19:32:18,078 - 2 - INFO - 随机页面"炉石传说通灵学院超生德卡组怎么搭配 超生德卡组代码分享"跳转正常，当前第2个
2020-08-10 19:32:18,167 - basepage - INFO - Click back on current page.
2020-08-10 19:32:23,388 - 2 - INFO - 随机页面"看小说不要钱的软件推荐"跳转正常，当前第3个
2020-08-10 19:32:23,515 - basepage - INFO - Click back on current page.
2020-08-10 19:32:28,007 - 2 - INFO - 随机页面"女神联盟2（送500充值）"跳转正常，当前第1个
2020-08-10 19:32:28,103 - basepage - INFO - Click back on current page.
2020-08-10 19:32:32,618 - 2 - INFO - 随机页面"唐门六道（送千元充值）"跳转正常，当前第2个
2020-08-10 19:32:32,720 - basepage - INFO - Click back on current page.
2020-08-10 19:32:37,097 - 2 - INFO - 随机页面"妖神记（抽动漫周边）"跳转正常，当前第3个
2020-08-10 19:32:37,182 - basepage - INFO - Click back on current page.
2020-08-10 19:32:42,623 - 2 - INFO - 进入"专题"模块，将执行随机函数
2020-08-10 19:32:46,038 - 2 - INFO - 页面"回复女孩子聊天的软件"跳转正常,该类元素共1个，当前第1个
2020-08-10 19:32:46,239 - basepage - INFO - Click back on current page.
2020-08-10 19:32:51,305 - 2 - INFO - 随机页面"恋爱聊天话术宝典"跳转正常，当前第1个
2020-08-10 19:32:52,359 - basepage - INFO - Click back on current page.
2020-08-10 19:32:56,875 - 2 - INFO - 随机页面"撩妹话术app免费版"跳转正常，当前第2个
2020-08-10 19:32:57,071 - basepage - INFO - Click back on current page.
2020-08-10 19:33:02,146 - 2 - INFO - 随机页面"聊天秘籍"跳转正常，当前第3个
2020-08-10 19:33:02,253 - basepage - INFO - Click back on current page.
2020-08-10 19:33:08,915 - 2 - INFO - 页面"二次元养成游戏破解大全"跳转正常,该类元素共1个，当前第1个
2020-08-10 19:33:09,092 - basepage - INFO - Click back on current page.
2020-08-10 19:33:14,481 - 2 - INFO - 随机页面"青蛙旅行"跳转正常，当前第1个
2020-08-10 19:33:14,604 - basepage - INFO - Click back on current page.
2020-08-10 19:33:20,771 - 2 - INFO - 随机页面"宁有种乎"跳转正常，当前第2个
2020-08-10 19:33:20,979 - basepage - INFO - Click back on current page.
2020-08-10 19:33:25,488 - 2 - INFO - 随机页面"最笨游戏盒子"跳转正常，当前第3个
2020-08-10 19:33:25,704 - basepage - INFO - Click back on current page.
2020-08-10 19:33:32,483 - 2 - INFO - 页面"单机破解版无限金币钻石游戏大全"跳转正常,该类元素共1个，当前第1个
2020-08-10 19:33:32,727 - basepage - INFO - Click back on current page.
2020-08-10 19:33:37,124 - 2 - INFO - 随机页面"最笨游戏盒子iOS版"跳转正常，当前第1个
2020-08-10 19:33:37,229 - basepage - INFO - Click back on current page.
2020-08-10 19:33:42,303 - 2 - INFO - 随机页面"矿物粉碎机"跳转正常，当前第2个
2020-08-10 19:33:42,501 - basepage - INFO - Click back on current page.
2020-08-10 19:33:47,604 - 2 - INFO - 随机页面"打碎僵尸们"跳转正常，当前第3个
2020-08-10 19:33:47,703 - basepage - INFO - Click back on current page.
2020-08-10 19:33:52,704 - 2 - INFO - 页面"模拟聊天恋爱的软件"跳转正常,该类元素共1个，当前第1个
2020-08-10 19:33:52,903 - basepage - INFO - Click back on current page.
2020-08-10 19:33:57,964 - 2 - INFO - 随机页面"聊天神器"跳转正常，当前第1个
2020-08-10 19:33:58,070 - basepage - INFO - Click back on current page.
2020-08-10 19:34:03,599 - 2 - INFO - 随机页面"神撩话术"跳转正常，当前第2个
2020-08-10 19:34:03,801 - basepage - INFO - Click back on current page.
2020-08-10 19:34:08,270 - 2 - INFO - 随机页面"撩吧"跳转正常，当前第3个
2020-08-10 19:34:08,373 - basepage - INFO - Click back on current page.
2020-08-10 19:34:13,824 - 2 - INFO - 页面"斗罗大陆免费阅读小说软件"跳转正常,该类元素共1个，当前第1个
2020-08-10 19:34:14,074 - basepage - INFO - Click back on current page.
2020-08-10 19:34:19,293 - 2 - INFO - 随机页面"知鸟阅读"跳转正常，当前第1个
2020-08-10 19:34:19,398 - basepage - INFO - Click back on current page.
2020-08-10 19:34:23,925 - 2 - INFO - 随机页面"神奇小说"跳转正常，当前第2个
2020-08-10 19:34:24,160 - basepage - INFO - Click back on current page.
2020-08-10 19:34:28,635 - 2 - INFO - 随机页面"天天看书"跳转正常，当前第3个
2020-08-10 19:34:28,749 - basepage - INFO - Click back on current page.
2020-08-10 19:34:33,737 - 2 - INFO - 页面"变态手游sf盒子大全"跳转正常,该类元素共1个，当前第1个
2020-08-10 19:34:33,933 - basepage - INFO - Click back on current page.
2020-08-10 19:34:38,657 - 2 - INFO - 随机页面"爪游控游戏盒子"跳转正常，当前第1个
2020-08-10 19:34:38,759 - basepage - INFO - Click back on current page.
2020-08-10 19:34:43,739 - 2 - INFO - 随机页面"内购版手游盒子"跳转正常，当前第2个
2020-08-10 19:34:43,951 - basepage - INFO - Click back on current page.
2020-08-10 19:34:48,665 - 2 - INFO - 随机页面"小8手游盒子"跳转正常，当前第3个
2020-08-10 19:34:48,775 - basepage - INFO - Click back on current page.
2020-08-10 19:34:54,397 - 2 - INFO - 页面"手游ios无限元宝公益服"跳转正常,该类元素共1个，当前第1个
2020-08-10 19:34:54,591 - basepage - INFO - Click back on current page.
2020-08-10 19:34:59,954 - 2 - INFO - 随机页面"狩游世界ios版"跳转正常，当前第1个
2020-08-10 19:35:00,050 - basepage - INFO - Click back on current page.
2020-08-10 19:35:04,549 - 2 - INFO - 随机页面"屠龙世界（送GM特权）ios版"跳转正常，当前第2个
2020-08-10 19:35:04,735 - basepage - INFO - Click back on current page.
2020-08-10 19:35:09,872 - 2 - INFO - 随机页面"进击的少女（百抽充值卡）ios版"跳转正常，当前第3个
2020-08-10 19:35:09,975 - basepage - INFO - Click back on current page.
2020-08-10 19:35:16,396 - 2 - INFO - 页面"传奇送满v无限元宝"跳转正常,该类元素共1个，当前第1个
2020-08-10 19:35:16,579 - basepage - INFO - Click back on current page.
2020-08-10 19:35:21,084 - 2 - INFO - 随机页面"传奇盛世（高返定制服）"跳转正常，当前第1个
2020-08-10 19:35:21,198 - basepage - INFO - Click back on current page.
2020-08-10 19:35:25,690 - 2 - INFO - 随机页面"最笨游戏盒子"跳转正常，当前第2个
2020-08-10 19:35:25,902 - basepage - INFO - Click back on current page.
2020-08-10 19:35:31,017 - 2 - INFO - 随机页面"主宰之王（领海量红包）"跳转正常，当前第3个
2020-08-10 19:35:31,114 - basepage - INFO - Click back on current page.
2020-08-10 19:35:35,833 - 2 - INFO - 页面"ios公益服手游平台"跳转正常,该类元素共1个，当前第1个
2020-08-10 19:35:35,946 - basepage - INFO - Click back on current page.
2020-08-10 19:35:40,603 - 2 - INFO - 随机页面"安卓市场手游盒子"跳转正常，当前第1个
2020-08-10 19:35:40,718 - basepage - INFO - Click back on current page.
2020-08-10 19:35:46,002 - 2 - INFO - 随机页面"gm手游游戏平台"跳转正常，当前第2个
2020-08-10 19:35:46,115 - basepage - INFO - Click back on current page.
2020-08-10 19:35:51,283 - 2 - INFO - 随机页面"安卓市场游戏盒子"跳转正常，当前第3个
2020-08-10 19:35:51,431 - basepage - INFO - Click back on current page.
2020-08-10 19:35:56,963 - 2 - INFO - 页面"破解版的仙侠游戏无限元宝"跳转正常,该类元素共1个，当前第1个
2020-08-10 19:35:57,069 - basepage - INFO - Click back on current page.
2020-08-10 19:36:01,602 - 2 - INFO - 随机页面"最笨游戏盒子"跳转正常，当前第1个
2020-08-10 19:36:01,716 - basepage - INFO - Click back on current page.
2020-08-10 19:36:06,485 - 2 - INFO - 随机页面"仙侠世界丹师篇"跳转正常，当前第2个
2020-08-10 19:36:06,618 - basepage - INFO - Click back on current page.
2020-08-10 19:36:11,598 - 2 - INFO - 随机页面"悬谋仙侠之御焰之剑"跳转正常，当前第3个
2020-08-10 19:36:12,651 - basepage - INFO - Click back on current page.
2020-08-10 19:36:18,938 - 2 - INFO - 进入"电脑"模块，将执行随机函数
2020-08-10 19:36:21,421 - 2 - INFO - 随机页面"武器之王（福利特权）"跳转正常，当前第1个
2020-08-10 19:36:21,499 - basepage - INFO - Click back on current page.
2020-08-10 19:36:25,945 - 2 - INFO - 随机页面"仙灵世界（送海量连抽）"跳转正常，当前第2个
2020-08-10 19:36:26,026 - basepage - INFO - Click back on current page.
2020-08-10 19:36:30,517 - 2 - INFO - 随机页面"凡人飞仙传（充值特权）"跳转正常，当前第3个
2020-08-10 19:36:30,629 - basepage - INFO - Click back on current page.
2020-08-10 19:36:38,059 - 2 - INFO - 进入"APP大全"模块，将执行随机函数
2020-08-10 19:36:42,124 - 2 - INFO - 页面"游戏盒"跳转正常,该类元素共16个，当前第1个
2020-08-10 19:36:48,210 - 2 - INFO - 页面"龙之谷2"跳转正常,该类元素共16个，当前第2个
2020-08-10 19:36:54,304 - 2 - INFO - 页面"光遇"跳转正常,该类元素共16个，当前第3个
2020-08-10 19:37:00,381 - 2 - INFO - 页面"最强蜗牛"跳转正常,该类元素共16个，当前第4个
2020-08-10 19:37:06,469 - 2 - INFO - 页面"塞尔达"跳转正常,该类元素共16个，当前第5个
2020-08-10 19:37:12,562 - 2 - INFO - 页面"山海镜花"跳转正常,该类元素共16个，当前第6个
2020-08-10 19:37:18,658 - 2 - INFO - 页面"公主连结"跳转正常,该类元素共16个，当前第7个
2020-08-10 19:37:24,755 - 2 - INFO - 页面"网络工具"跳转正常,该类元素共16个，当前第8个
2020-08-10 19:37:30,842 - 2 - INFO - 页面"集合啦动物森友会"跳转正常,该类元素共16个，当前第9个
2020-08-10 19:37:36,962 - 2 - INFO - 页面"龙族幻想"跳转正常,该类元素共16个，当前第10个
2020-08-10 19:37:43,059 - 2 - INFO - 页面"剑与远征"跳转正常,该类元素共16个，当前第11个
2020-08-10 19:37:49,149 - 2 - INFO - 页面"烟雨江湖"跳转正常,该类元素共16个，当前第12个
2020-08-10 19:37:55,226 - 2 - INFO - 页面"云顶之弈"跳转正常,该类元素共16个，当前第13个
2020-08-10 19:38:01,302 - 2 - INFO - 页面"家国梦"跳转正常,该类元素共16个，当前第14个
2020-08-10 19:38:07,382 - 2 - INFO - 页面"棋牌"跳转正常,该类元素共16个，当前第15个
2020-08-10 19:38:13,457 - 2 - INFO - 页面"gta5"跳转正常,该类元素共16个，当前第16个
2020-08-10 19:38:15,481 - basepage - INFO - zuiben自动化测试结束
