2020-07-22 18:20:06,143 - basepage - INFO - zuiben自动化测试开始
2020-07-22 18:20:06,148 - basepage - INFO - 隐性等待 10 秒
2020-07-22 18:20:11,494 - basepage - INFO - 跳转至https://www.zuiben.com/
2020-07-22 18:20:13,615 - basepage - INFO - 窗口已经最大化
2020-07-22 18:20:19,826 - 2 - INFO - 页面"【安卓游戏】好玩的安卓游戏下载_安卓游戏排行榜_安卓游戏免费下载大全-最笨下载"跳转正常,该类元素共21个，当前第1个
2020-07-22 18:20:20,068 - basepage - INFO - Click back on current page.
2020-07-22 18:20:24,594 - 2 - INFO - 页面"变态手游公益服_bt手游变态服_无限元宝bt手游下载_BT手游中心-最笨下载"跳转正常,该类元素共21个，当前第2个
2020-07-22 18:20:24,805 - basepage - INFO - Click back on current page.
2020-07-22 18:20:29,410 - 2 - INFO - 页面"gm版手游_无限元宝/钻石公益服_0元免费gm权限手游下载-最笨下载"跳转正常,该类元素共21个，当前第3个
2020-07-22 18:20:29,615 - basepage - INFO - Click back on current page.
2020-07-22 18:20:36,596 - 2 - INFO - 页面"【苹果游戏】iphone苹果手机游戏下载_iphone苹果游戏排行榜-最笨下载"跳转正常,该类元素共21个，当前第4个
2020-07-22 18:20:36,977 - basepage - INFO - Click back on current page.
2020-07-22 18:20:41,491 - 2 - INFO - 页面"满vip版手游_手游sf送顶级vip_满级vip无限元宝手游下载-最笨下载"跳转正常,该类元素共21个，当前第5个
2020-07-22 18:20:41,700 - basepage - INFO - Click back on current page.
2020-07-22 18:20:48,044 - 2 - INFO - 页面"【安卓软件】安卓软件下载_安卓手机软件下载_安卓软件免费下载大全-最笨下载"跳转正常,该类元素共21个，当前第6个
2020-07-22 18:20:48,434 - basepage - INFO - Click back on current page.
2020-07-22 18:20:54,429 - 2 - INFO - 页面"【苹果软件】iphone苹果下载软件_iphone苹果软件免费下载_苹果软件下载大全-最笨下载"跳转正常,该类元素共21个，当前第7个
2020-07-22 18:20:54,661 - basepage - INFO - Click back on current page.
2020-07-22 18:21:00,048 - 2 - INFO - 页面"【安卓资讯】安卓资讯推荐_安卓资讯大全-最笨下载"跳转正常,该类元素共21个，当前第8个
2020-07-22 18:21:00,422 - basepage - INFO - Click back on current page.
2020-07-22 18:21:05,166 - 2 - INFO - 页面"【安卓游戏攻略】安卓游戏攻略推荐_安卓游戏攻略大全-最笨下载"跳转正常,该类元素共21个，当前第9个
2020-07-22 18:21:05,383 - basepage - INFO - Click back on current page.
2020-07-22 18:21:10,643 - 2 - INFO - 页面"【安卓软件教程】安卓软件教程推荐_安卓软件教程大全-最笨下载"跳转正常,该类元素共21个，当前第10个
2020-07-22 18:21:10,997 - basepage - INFO - Click back on current page.
2020-07-22 18:21:16,158 - 2 - INFO - 页面"【iphone资讯】iphone资讯推荐_iphone资讯大全-最笨下载"跳转正常,该类元素共21个，当前第11个
2020-07-22 18:21:16,378 - basepage - INFO - Click back on current page.
2020-07-22 18:21:21,613 - 2 - INFO - 页面"【iPhone游戏攻略】iPhone游戏攻略推荐_iPhone游戏攻略大全-最笨下载"跳转正常,该类元素共21个，当前第12个
2020-07-22 18:21:21,977 - basepage - INFO - Click back on current page.
2020-07-22 18:21:27,036 - 2 - INFO - 页面"【系统重装教程】电脑重装系统教程_电脑怎么重装系统_重装系统步骤-最笨下载"跳转正常,该类元素共21个，当前第13个
2020-07-22 18:21:27,279 - basepage - INFO - Click back on current page.
2020-07-22 18:21:33,022 - 2 - INFO - 页面"安卓专题-最笨下载"跳转正常,该类元素共21个，当前第14个
2020-07-22 18:21:33,409 - basepage - INFO - Click back on current page.
2020-07-22 18:21:38,473 - 2 - INFO - 页面"游戏专题-最笨下载"跳转正常,该类元素共21个，当前第15个
2020-07-22 18:21:38,690 - basepage - INFO - Click back on current page.
2020-07-22 18:21:43,933 - 2 - INFO - 页面"苹果专题-最笨下载"跳转正常,该类元素共21个，当前第16个
2020-07-22 18:21:44,307 - basepage - INFO - Click back on current page.
2020-07-22 18:21:49,398 - 2 - INFO - 页面"【电脑软件】电脑软件下载_电脑装机必备软件_电脑常用软件下载_电脑软件大全-最笨下载"跳转正常,该类元素共21个，当前第17个
2020-07-22 18:21:49,675 - basepage - INFO - Click back on current page.
2020-07-22 18:21:55,721 - 2 - INFO - 页面"【电脑软件】电脑软件下载_电脑装机必备软件_电脑常用软件下载_电脑软件大全-最笨下载"跳转正常,该类元素共21个，当前第18个
2020-07-22 18:21:55,943 - basepage - INFO - Click back on current page.
2020-07-22 18:22:00,811 - 2 - INFO - 页面"【激活工具】激活windows工具_万能激活工具_windows激活工具下载_自动激活工具-最笨下载"跳转正常,该类元素共21个，当前第19个
2020-07-22 18:22:01,030 - basepage - INFO - Click back on current page.
2020-07-22 18:22:05,225 - 2 - INFO - 页面"【系统重装教程】电脑重装系统教程_电脑怎么重装系统_重装系统步骤-最笨下载"跳转正常,该类元素共21个，当前第20个
2020-07-22 18:22:05,457 - basepage - INFO - Click back on current page.
2020-07-22 18:22:09,617 - 2 - INFO - 页面"【系统重装教程】电脑重装系统教程_电脑怎么重装系统_重装系统步骤-最笨下载"跳转正常,该类元素共21个，当前第21个
2020-07-22 18:22:09,843 - basepage - INFO - Click back on current page.
2020-07-22 18:22:17,701 - 2 - INFO - 页面"家庭教师OL手游"跳转正常,该类元素共10个，当前第1个
2020-07-22 18:22:23,871 - 2 - INFO - 页面"魔女骑士团手游"跳转正常,该类元素共10个，当前第2个
2020-07-22 18:22:30,052 - 2 - INFO - 页面"决胜足球手游"跳转正常,该类元素共10个，当前第3个
2020-07-22 18:22:36,220 - 2 - INFO - 页面"少女战争手游"跳转正常,该类元素共10个，当前第4个
2020-07-22 18:22:42,377 - 2 - INFO - 页面"天神战（魔灵特权）"跳转正常,该类元素共10个，当前第5个
2020-07-22 18:22:48,515 - 2 - INFO - 页面"最Q幻想手游"跳转正常,该类元素共10个，当前第6个
2020-07-22 18:22:54,695 - 2 - INFO - 页面"霸途手游"跳转正常,该类元素共10个，当前第7个
2020-07-22 18:23:00,860 - 2 - INFO - 页面"回到三国志手游"跳转正常,该类元素共10个，当前第8个
2020-07-22 18:23:07,055 - 2 - INFO - 页面"幻游猎人手游"跳转正常,该类元素共10个，当前第9个
2020-07-22 18:23:13,194 - 2 - INFO - 页面"神武4手游"跳转正常,该类元素共10个，当前第10个
2020-07-22 18:23:19,354 - 2 - INFO - 页面"大军师（送海量橙将）"跳转正常,该类元素共20个，当前第1个
2020-07-22 18:23:25,502 - 2 - INFO - 页面"唐门六道（送千元充值）"跳转正常,该类元素共20个，当前第2个
2020-07-22 18:23:31,622 - 2 - INFO - 页面"战神不败（GM送充值）"跳转正常,该类元素共20个，当前第3个
2020-07-22 18:23:37,751 - 2 - INFO - 页面"武器之王（福利特权）"跳转正常,该类元素共20个，当前第4个
2020-07-22 18:23:43,909 - 2 - INFO - 页面"魔法之光（红忍海量抽）"跳转正常,该类元素共20个，当前第5个
2020-07-22 18:23:50,072 - 2 - INFO - 页面"六界仙尊（送充值）"跳转正常,该类元素共20个，当前第6个
2020-07-22 18:23:56,227 - 2 - INFO - 页面"梦幻沙城（海量抽充值）"跳转正常,该类元素共20个，当前第7个
2020-07-22 18:24:02,391 - 2 - INFO - 页面"仙灵世界（送海量连抽）"跳转正常,该类元素共20个，当前第8个
2020-07-22 18:24:08,553 - 2 - INFO - 页面"武动九天（GM免费特权）"跳转正常,该类元素共20个，当前第9个
2020-07-22 18:24:14,720 - 2 - INFO - 页面"萌三国（海量送充值）"跳转正常,该类元素共20个，当前第10个
2020-07-22 18:24:20,877 - 2 - INFO - 页面"大话许仙（钱庄特权）"跳转正常,该类元素共20个，当前第11个
2020-07-22 18:24:27,035 - 2 - INFO - 页面"遮天斩（送千元充值）"跳转正常,该类元素共20个，当前第12个
2020-07-22 18:24:33,213 - 2 - INFO - 页面"进击的少女（百抽充值卡）"跳转正常,该类元素共20个，当前第13个
2020-07-22 18:24:39,374 - 2 - INFO - 页面"仙域无双（海量送充值）"跳转正常,该类元素共20个，当前第14个
2020-07-22 18:24:45,540 - 2 - INFO - 页面"纵剑仙界（送VIP代金券）"跳转正常,该类元素共20个，当前第15个
2020-07-22 18:24:51,674 - 2 - INFO - 页面"剑灭逍遥（特惠代金券）"跳转正常,该类元素共20个，当前第16个
2020-07-22 18:24:57,825 - 2 - INFO - 页面"漫画英雄3D（免费升GM）"跳转正常,该类元素共20个，当前第17个
2020-07-22 18:25:03,973 - 2 - INFO - 页面"九幽仙域（海量送充值）"跳转正常,该类元素共20个，当前第18个
2020-07-22 18:25:10,123 - 2 - INFO - 页面"山河（满屏光柱）"跳转正常,该类元素共20个，当前第19个
2020-07-22 18:25:16,260 - 2 - INFO - 页面"秘境寻宝英雄（星耀特权）"跳转正常,该类元素共20个，当前第20个
2020-07-22 18:25:24,211 - 2 - INFO - 页面"大军师（送海量橙将）"跳转正常,该类元素共10个，当前第1个
2020-07-22 18:25:30,391 - 2 - INFO - 页面"唐门六道（送千元充值）"跳转正常,该类元素共10个，当前第2个
2020-07-22 18:26:23,719 - 2 - INFO - 页面"战神不败（GM送充值）"跳转正常,该类元素共10个，当前第3个
2020-07-22 18:26:29,807 - 2 - INFO - 页面"武器之王（福利特权）"跳转正常,该类元素共10个，当前第4个
2020-07-22 18:26:35,887 - 2 - INFO - 页面"魔法之光（红忍海量抽）"跳转正常,该类元素共10个，当前第5个
2020-07-22 18:26:42,005 - 2 - INFO - 页面"六界仙尊（送充值）"跳转正常,该类元素共10个，当前第6个
2020-07-22 18:26:48,117 - 2 - INFO - 页面"梦幻沙城（海量抽充值）"跳转正常,该类元素共10个，当前第7个
2020-07-22 18:26:54,236 - 2 - INFO - 页面"仙灵世界（送海量连抽）"跳转正常,该类元素共10个，当前第8个
2020-07-22 18:27:00,355 - 2 - INFO - 页面"武动九天（GM免费特权）"跳转正常,该类元素共10个，当前第9个
2020-07-22 18:27:06,479 - 2 - INFO - 页面"萌三国（海量送充值）"跳转正常,该类元素共10个，当前第10个
2020-07-22 18:27:12,613 - 2 - INFO - 页面"凡人飞仙传（充值特权）"跳转正常,该类元素共20个，当前第1个
2020-07-22 18:27:18,733 - 2 - INFO - 页面"大军师（送海量橙将）"跳转正常,该类元素共20个，当前第2个
2020-07-22 18:27:24,848 - 2 - INFO - 页面"唐门六道（送千元充值）"跳转正常,该类元素共20个，当前第3个
2020-07-22 18:27:30,968 - 2 - INFO - 页面"战神不败（GM送充值）"跳转正常,该类元素共20个，当前第4个
2020-07-22 18:27:37,094 - 2 - INFO - 页面"武器之王（福利特权）"跳转正常,该类元素共20个，当前第5个
2020-07-22 18:27:43,219 - 2 - INFO - 页面"魔法之光（红忍海量抽）"跳转正常,该类元素共20个，当前第6个
2020-07-22 18:27:49,335 - 2 - INFO - 页面"六界仙尊（送充值）"跳转正常,该类元素共20个，当前第7个
2020-07-22 18:27:55,469 - 2 - INFO - 页面"梦幻沙城（海量抽充值）"跳转正常,该类元素共20个，当前第8个
2020-07-22 18:28:01,629 - 2 - INFO - 页面"仙灵世界（送海量连抽）"跳转正常,该类元素共20个，当前第9个
2020-07-22 18:28:07,782 - 2 - INFO - 页面"横扫天下之万年强者（1元超值）"跳转正常,该类元素共20个，当前第10个
2020-07-22 18:28:13,938 - 2 - INFO - 页面"武动九天（GM免费特权）"跳转正常,该类元素共20个，当前第11个
2020-07-22 18:28:20,096 - 2 - INFO - 页面"萌三国（海量送充值）"跳转正常,该类元素共20个，当前第12个
2020-07-22 18:28:26,243 - 2 - INFO - 页面"大话许仙（钱庄特权）"跳转正常,该类元素共20个，当前第13个
2020-07-22 18:28:32,406 - 2 - INFO - 页面"遮天斩（送千元充值）"跳转正常,该类元素共20个，当前第14个
2020-07-22 18:28:38,541 - 2 - INFO - 页面"进击的少女（百抽充值卡）"跳转正常,该类元素共20个，当前第15个
2020-07-22 18:28:44,684 - 2 - INFO - 页面"仙域无双（海量送充值）"跳转正常,该类元素共20个，当前第16个
2020-07-22 18:28:50,816 - 2 - INFO - 页面"纵剑仙界（送VIP代金券）"跳转正常,该类元素共20个，当前第17个
2020-07-22 18:28:56,965 - 2 - INFO - 页面"烈火战神（海量特权）"跳转正常,该类元素共20个，当前第18个
2020-07-22 18:29:03,147 - 2 - INFO - 页面"剑灭逍遥（特惠代金券）"跳转正常,该类元素共20个，当前第19个
2020-07-22 18:29:09,292 - 2 - INFO - 页面"漫画英雄3D（免费升GM）"跳转正常,该类元素共20个，当前第20个
2020-07-22 18:29:17,258 - 2 - INFO - 页面"凡人飞仙传（充值特权）"跳转正常,该类元素共10个，当前第1个
2020-07-22 18:29:23,441 - 2 - INFO - 页面"大军师（送海量橙将）"跳转正常,该类元素共10个，当前第2个
2020-07-22 18:29:29,583 - 2 - INFO - 页面"唐门六道（送千元充值）"跳转正常,该类元素共10个，当前第3个
2020-07-22 18:29:35,767 - 2 - INFO - 页面"战神不败（GM送充值）"跳转正常,该类元素共10个，当前第4个
2020-07-22 18:29:41,911 - 2 - INFO - 页面"武器之王（福利特权）"跳转正常,该类元素共10个，当前第5个
2020-07-22 18:29:48,097 - 2 - INFO - 页面"魔法之光（红忍海量抽）"跳转正常,该类元素共10个，当前第6个
2020-07-22 18:29:54,208 - 2 - INFO - 页面"六界仙尊（送充值）"跳转正常,该类元素共10个，当前第7个
2020-07-22 18:30:00,345 - 2 - INFO - 页面"梦幻沙城（海量抽充值）"跳转正常,该类元素共10个，当前第8个
2020-07-22 18:30:06,483 - 2 - INFO - 页面"仙灵世界（送海量连抽）"跳转正常,该类元素共10个，当前第9个
2020-07-22 18:30:12,648 - 2 - INFO - 页面"武动九天（GM免费特权）"跳转正常,该类元素共10个，当前第10个
2020-07-22 18:30:18,820 - 2 - INFO - 页面"凡人飞仙传（充值特权）"跳转正常,该类元素共20个，当前第1个
2020-07-22 18:30:24,982 - 2 - INFO - 页面"大军师（送海量橙将）"跳转正常,该类元素共20个，当前第2个
2020-07-22 18:30:31,168 - 2 - INFO - 页面"唐门六道（送千元充值）"跳转正常,该类元素共20个，当前第3个
2020-07-22 18:30:37,310 - 2 - INFO - 页面"战神不败（GM送充值）"跳转正常,该类元素共20个，当前第4个
2020-07-22 18:30:43,471 - 2 - INFO - 页面"武器之王（福利特权）"跳转正常,该类元素共20个，当前第5个
2020-07-22 18:30:49,636 - 2 - INFO - 页面"魔法之光（红忍海量抽）"跳转正常,该类元素共20个，当前第6个
2020-07-22 18:30:55,807 - 2 - INFO - 页面"六界仙尊（送充值）"跳转正常,该类元素共20个，当前第7个
2020-07-22 18:31:01,949 - 2 - INFO - 页面"梦幻沙城（海量抽充值）"跳转正常,该类元素共20个，当前第8个
2020-07-22 18:31:08,094 - 2 - INFO - 页面"仙灵世界（送海量连抽）"跳转正常,该类元素共20个，当前第9个
2020-07-22 18:31:14,261 - 2 - INFO - 页面"横扫天下之万年强者（1元超值）"跳转正常,该类元素共20个，当前第10个
2020-07-22 18:31:20,396 - 2 - INFO - 页面"武动九天（GM免费特权）"跳转正常,该类元素共20个，当前第11个
2020-07-22 18:31:26,519 - 2 - INFO - 页面"萌三国（海量送充值）"跳转正常,该类元素共20个，当前第12个
2020-07-22 18:31:32,656 - 2 - INFO - 页面"大话许仙（钱庄特权）"跳转正常,该类元素共20个，当前第13个
2020-07-22 18:31:38,824 - 2 - INFO - 页面"遮天斩（送千元充值）"跳转正常,该类元素共20个，当前第14个
2020-07-22 18:31:44,978 - 2 - INFO - 页面"进击的少女（百抽充值卡）"跳转正常,该类元素共20个，当前第15个
2020-07-22 18:31:51,162 - 2 - INFO - 页面"仙域无双（海量送充值）"跳转正常,该类元素共20个，当前第16个
2020-07-22 18:31:57,295 - 2 - INFO - 页面"纵剑仙界（送VIP代金券）"跳转正常,该类元素共20个，当前第17个
2020-07-22 18:32:03,439 - 2 - INFO - 页面"烈火战神（海量特权）"跳转正常,该类元素共20个，当前第18个
2020-07-22 18:32:09,578 - 2 - INFO - 页面"剑灭逍遥（特惠代金券）"跳转正常,该类元素共20个，当前第19个
2020-07-22 18:32:15,737 - 2 - INFO - 页面"漫画英雄3D（免费升GM）"跳转正常,该类元素共20个，当前第20个
2020-07-22 18:32:23,466 - 2 - INFO - 页面"【战神不败（GM送充值）】 上线送88888元宝+铜钱"跳转正常,该类元素共1个，当前第1个
2020-07-22 18:32:23,739 - basepage - INFO - Click back on current page.
2020-07-22 18:32:29,362 - 2 - INFO - 页面"【凡人飞仙传（抽华为p40）】上线赠送VIP8、元宝"跳转正常,该类元素共1个，当前第1个
2020-07-22 18:32:29,766 - basepage - INFO - Click back on current page.
2020-07-22 18:32:36,375 - 2 - INFO - 页面"【战神新世纪（每日送30充值）】充值比例1:100"跳转正常,该类元素共1个，当前第1个
2020-07-22 18:32:36,653 - basepage - INFO - Click back on current page.
2020-07-22 18:32:42,632 - 2 - INFO - 页面"【修罗道Online（忍界对决）】登录送vip7，钻石"跳转正常,该类元素共1个，当前第1个
2020-07-22 18:32:43,121 - basepage - INFO - Click back on current page.
2020-07-22 18:32:49,425 - 2 - INFO - 页面"【小小虎将（送百抽）】创角送永久真满v，钻石"跳转正常,该类元素共1个，当前第1个
2020-07-22 18:32:49,632 - basepage - INFO - Click back on current page.
2020-07-22 18:32:55,308 - 2 - INFO - 页面"【武器之王（福利特权）】上线送VIP10,50万福利钻"跳转正常,该类元素共1个，当前第1个
2020-07-22 18:32:55,698 - basepage - INFO - Click back on current page.
2020-07-22 18:33:01,019 - 2 - INFO - 页面"幻游猎人"跳转正常,该类元素共12个，当前第1个
2020-07-22 18:33:01,251 - basepage - INFO - Click back on current page.
2020-07-22 18:33:06,687 - 2 - INFO - 页面"国战纪元"跳转正常,该类元素共12个，当前第2个
2020-07-22 18:33:07,106 - basepage - INFO - Click back on current page.
2020-07-22 18:33:12,399 - 2 - INFO - 页面"古墓迷城"跳转正常,该类元素共12个，当前第3个
2020-07-22 18:33:12,636 - basepage - INFO - Click back on current page.
2020-07-22 18:33:17,914 - 2 - INFO - 页面"坦克军团（送198充值卡）"跳转正常,该类元素共12个，当前第4个
2020-07-22 18:33:18,352 - basepage - INFO - Click back on current page.
2020-07-22 18:33:23,928 - 2 - INFO - 页面"冒险者集结（送650充值）"跳转正常,该类元素共12个，当前第5个
2020-07-22 18:33:24,202 - basepage - INFO - Click back on current page.
2020-07-22 18:33:29,082 - 2 - INFO - 页面"神契幻奇谭（海量特权）"跳转正常,该类元素共12个，当前第6个
2020-07-22 18:33:29,473 - basepage - INFO - Click back on current page.
2020-07-22 18:33:34,934 - 2 - INFO - 页面"卧虎藏龙（复古满级特权）"跳转正常,该类元素共12个，当前第7个
2020-07-22 18:33:35,161 - basepage - INFO - Click back on current page.
2020-07-22 18:33:40,318 - 2 - INFO - 页面"大天劫（商城特权）"跳转正常,该类元素共12个，当前第8个
2020-07-22 18:33:40,681 - basepage - INFO - Click back on current page.
2020-07-22 18:33:45,766 - 2 - INFO - 页面"高达（GM版）"跳转正常,该类元素共12个，当前第9个
2020-07-22 18:33:46,085 - basepage - INFO - Click back on current page.
2020-07-22 18:33:50,856 - 2 - INFO - 页面"调教三国（海量爆充值）"跳转正常,该类元素共12个，当前第10个
2020-07-22 18:33:51,118 - basepage - INFO - Click back on current page.
2020-07-22 18:33:55,971 - 2 - INFO - 页面"无敌战舰（送百元充值）"跳转正常,该类元素共12个，当前第11个
2020-07-22 18:33:56,283 - basepage - INFO - Click back on current page.
2020-07-22 18:34:01,937 - 2 - INFO - 页面"御剑封神录（送海量充值）"跳转正常,该类元素共12个，当前第12个
2020-07-22 18:34:02,346 - basepage - INFO - Click back on current page.
2020-07-22 18:34:08,009 - 2 - INFO - 页面"魔兽世界怀旧服2020年6月7日人口普查一览"跳转正常,该类元素共2个，当前第1个
2020-07-22 18:34:08,234 - basepage - INFO - Click back on current page.
2020-07-22 18:34:15,042 - 2 - INFO - 页面"DNF萌噬噬宠物属性怎么样？萌噬噬属性介绍"跳转正常,该类元素共2个，当前第2个
2020-07-22 18:34:15,459 - basepage - INFO - Click back on current page.
2020-07-22 18:34:22,763 - 2 - INFO - 页面"对马岛之魂8个灯塔位置在哪 对马岛之魂8个灯塔位置介绍-最笨下载"跳转正常,该类元素共14个，当前第1个
2020-07-22 18:34:22,993 - basepage - INFO - Click back on current page.
2020-07-22 18:34:29,934 - 2 - INFO - 页面"和平精英神秘空投怎么触发？神秘空投高概率触发方法-最笨下载"跳转正常,该类元素共14个，当前第2个
2020-07-22 18:34:30,350 - basepage - INFO - Click back on current page.
2020-07-22 18:34:37,184 - 2 - INFO - 页面"和平精英五曜2.0活动奖励套装一览-最笨下载"跳转正常,该类元素共14个，当前第3个
2020-07-22 18:34:37,407 - basepage - INFO - Click back on current page.
2020-07-22 18:34:44,751 - 2 - INFO - 页面"王者荣耀张飞虎魄五虎将皮肤活动攻略-最笨下载"跳转正常,该类元素共14个，当前第4个
2020-07-22 18:34:44,973 - basepage - INFO - Click back on current page.
2020-07-22 18:34:52,335 - 2 - INFO - 页面"王者荣耀SNK新英雄是谁？SNK新英雄介绍-最笨下载"跳转正常,该类元素共14个，当前第5个
2020-07-22 18:34:52,765 - basepage - INFO - Click back on current page.
2020-07-22 18:34:59,669 - 2 - INFO - 页面"云顶之弈一周年限定奖励领取地址介绍-最笨下载"跳转正常,该类元素共14个，当前第6个
2020-07-22 18:34:59,932 - basepage - INFO - Click back on current page.
2020-07-22 18:35:07,748 - 2 - INFO - 页面"云顶之弈10.15新增星系爆金币星系介绍-最笨下载"跳转正常,该类元素共14个，当前第7个
2020-07-22 18:35:08,013 - basepage - INFO - Click back on current page.
2020-07-22 18:35:14,721 - 2 - INFO - 页面"烟雨江湖腾跃术怎么使用？腾跃术使用技巧-最笨下载"跳转正常,该类元素共14个，当前第8个
2020-07-22 18:35:15,111 - basepage - INFO - Click back on current page.
2020-07-22 18:35:22,381 - 2 - INFO - 页面"烟雨江湖将军冢石杯台倒酒顺序一览-最笨下载"跳转正常,该类元素共14个，当前第9个
2020-07-22 18:35:22,647 - basepage - INFO - Click back on current page.
2020-07-22 18:35:29,444 - 2 - INFO - 页面"烟雨江湖梅花桩全自动脚本设置方法-最笨下载"跳转正常,该类元素共14个，当前第10个
2020-07-22 18:35:29,712 - basepage - INFO - Click back on current page.
2020-07-22 18:35:37,182 - 2 - INFO - 页面"龙族幻想时光纪念册拍照地点坐标大全-最笨下载"跳转正常,该类元素共14个，当前第11个
2020-07-22 18:35:37,595 - basepage - INFO - Click back on current page.
2020-07-22 18:35:44,630 - 2 - INFO - 页面"崩坏3封锁地带阵容怎么搭配？封锁地带阵容搭配-最笨下载"跳转正常,该类元素共14个，当前第12个
2020-07-22 18:35:44,912 - basepage - INFO - Click back on current page.
2020-07-22 18:35:52,364 - 2 - INFO - 页面"对马岛之魂狐狸神社全位置图文介绍-最笨下载"跳转正常,该类元素共14个，当前第13个
2020-07-22 18:35:52,598 - basepage - INFO - Click back on current page.
2020-07-22 18:35:59,677 - 2 - INFO - 页面"阴阳师紧那罗传记是什么 紧那罗背景故事介绍-最笨下载"跳转正常,该类元素共14个，当前第14个
2020-07-22 18:36:00,056 - basepage - INFO - Click back on current page.
2020-07-22 18:36:08,904 - 2 - INFO - 页面"2020阴阳师7月新式神紧那罗即将上线 高颜值紧那"跳转正常,该类元素共2个，当前第1个
2020-07-22 18:36:09,281 - basepage - INFO - Click back on current page.
2020-07-22 18:36:16,080 - 2 - INFO - 页面"英雄联盟2020灵魂莲华皮肤原画汇总"跳转正常,该类元素共2个，当前第2个
2020-07-22 18:36:16,319 - basepage - INFO - Click back on current page.
2020-07-22 18:36:22,840 - 2 - INFO - 页面"变态手游公益服_bt手游变态服_无限元宝bt手游下载_BT手游中心-最笨下载"跳转正常,该类元素共28个，当前第1个
2020-07-22 18:36:23,056 - basepage - INFO - Click back on current page.
2020-07-22 18:36:29,716 - 2 - INFO - 页面"凡人飞仙传（充值特权）_凡人飞仙传（充值特权）无限元宝服_SF变态版凡人飞仙传（充值特权）公益服下载 - 最笨下载"跳转正常,该类元素共28个，当前第2个
2020-07-22 18:36:30,105 - basepage - INFO - Click back on current page.
2020-07-22 18:36:36,567 - 2 - INFO - 页面"变态手游公益服_bt手游变态服_无限元宝bt手游下载_BT手游中心-最笨下载"跳转正常,该类元素共28个，当前第3个
2020-07-22 18:36:36,828 - basepage - INFO - Click back on current page.
2020-07-22 18:36:43,494 - 2 - INFO - 页面"大军师（送海量橙将）_大军师（送海量橙将）无限元宝服_SF变态版大军师（送海量橙将）公益服下载 - 最笨下载"跳转正常,该类元素共28个，当前第4个
2020-07-22 18:36:43,876 - basepage - INFO - Click back on current page.
2020-07-22 18:36:50,379 - 2 - INFO - 页面"满vip版手游_手游sf送顶级vip_满级vip无限元宝手游下载-最笨下载"跳转正常,该类元素共28个，当前第5个
2020-07-22 18:36:50,675 - basepage - INFO - Click back on current page.
2020-07-22 18:36:57,340 - 2 - INFO - 页面"唐门六道（送千元充值）_唐门六道（送千元充值）无限元宝服_SF变态版唐门六道（送千元充值）公益服下载 - 最笨下载"跳转正常,该类元素共28个，当前第6个
2020-07-22 18:36:57,811 - basepage - INFO - Click back on current page.
2020-07-22 18:37:04,318 - 2 - INFO - 页面"满vip版手游_手游sf送顶级vip_满级vip无限元宝手游下载-最笨下载"跳转正常,该类元素共28个，当前第7个
2020-07-22 18:37:04,575 - basepage - INFO - Click back on current page.
2020-07-22 18:37:11,238 - 2 - INFO - 页面"战神不败（GM送充值）_战神不败（GM送充值）无限元宝服_SF变态版战神不败（GM送充值）公益服下载 - 最笨下载"跳转正常,该类元素共28个，当前第8个
2020-07-22 18:37:11,475 - basepage - INFO - Click back on current page.
2020-07-22 18:37:17,939 - 2 - INFO - 页面"变态手游公益服_bt手游变态服_无限元宝bt手游下载_BT手游中心-最笨下载"跳转正常,该类元素共28个，当前第9个
2020-07-22 18:37:18,312 - basepage - INFO - Click back on current page.
2020-07-22 18:37:25,005 - 2 - INFO - 页面"武器之王（福利特权）_武器之王（福利特权）无限元宝服_SF变态版武器之王（福利特权）公益服下载 - 最笨下载"跳转正常,该类元素共28个，当前第10个
2020-07-22 18:37:25,275 - basepage - INFO - Click back on current page.
2020-07-22 18:37:31,759 - 2 - INFO - 页面"满vip版手游_手游sf送顶级vip_满级vip无限元宝手游下载-最笨下载"跳转正常,该类元素共28个，当前第11个
2020-07-22 18:37:32,137 - basepage - INFO - Click back on current page.
2020-07-22 18:37:38,861 - 2 - INFO - 页面"魔法之光（红忍海量抽）_魔法之光（红忍海量抽）无限元宝服_SF变态版魔法之光（红忍海量抽）公益服下载 - 最笨下载"跳转正常,该类元素共28个，当前第12个
2020-07-22 18:37:39,123 - basepage - INFO - Click back on current page.
2020-07-22 18:37:45,562 - 2 - INFO - 页面"满vip版手游_手游sf送顶级vip_满级vip无限元宝手游下载-最笨下载"跳转正常,该类元素共28个，当前第13个
2020-07-22 18:37:45,915 - basepage - INFO - Click back on current page.
2020-07-22 18:37:52,596 - 2 - INFO - 页面"六界仙尊（送充值）_六界仙尊（送充值）无限元宝服_SF变态版六界仙尊（送充值）公益服下载 - 最笨下载"跳转正常,该类元素共28个，当前第14个
2020-07-22 18:37:52,859 - basepage - INFO - Click back on current page.
2020-07-22 18:37:59,334 - 2 - INFO - 页面"满vip版手游_手游sf送顶级vip_满级vip无限元宝手游下载-最笨下载"跳转正常,该类元素共28个，当前第15个
2020-07-22 18:37:59,714 - basepage - INFO - Click back on current page.
2020-07-22 18:38:06,438 - 2 - INFO - 页面"梦幻沙城（海量抽充值）_梦幻沙城（海量抽充值）无限元宝服_SF变态版梦幻沙城（海量抽充值）公益服下载 - 最笨下载"跳转正常,该类元素共28个，当前第16个
2020-07-22 18:38:06,910 - basepage - INFO - Click back on current page.
2020-07-22 18:38:13,379 - 2 - INFO - 页面"满vip版手游_手游sf送顶级vip_满级vip无限元宝手游下载-最笨下载"跳转正常,该类元素共28个，当前第17个
2020-07-22 18:38:13,753 - basepage - INFO - Click back on current page.
2020-07-22 18:38:20,443 - 2 - INFO - 页面"仙灵世界（送海量连抽）_仙灵世界（送海量连抽）无限元宝服_SF变态版仙灵世界（送海量连抽）公益服下载 - 最笨下载"跳转正常,该类元素共28个，当前第18个
2020-07-22 18:38:20,705 - basepage - INFO - Click back on current page.
2020-07-22 18:38:27,174 - 2 - INFO - 页面"变态手游公益服_bt手游变态服_无限元宝bt手游下载_BT手游中心-最笨下载"跳转正常,该类元素共28个，当前第19个
2020-07-22 18:38:27,438 - basepage - INFO - Click back on current page.
2020-07-22 18:38:34,111 - 2 - INFO - 页面"横扫天下之万年强者（1元超值）_横扫天下之万年强者（1元超值）无限元宝服_SF变态版横扫天下之万年强者（1元超值）公益服下载 - 最笨下载"跳转正常,该类元素共28个，当前第20个
2020-07-22 18:38:34,511 - basepage - INFO - Click back on current page.
2020-07-22 18:38:40,978 - 2 - INFO - 页面"满vip版手游_手游sf送顶级vip_满级vip无限元宝手游下载-最笨下载"跳转正常,该类元素共28个，当前第21个
2020-07-22 18:38:41,238 - basepage - INFO - Click back on current page.
2020-07-22 18:38:48,127 - 2 - INFO - 页面"武动九天（GM免费特权）_武动九天（GM免费特权）无限元宝服_SF变态版武动九天（GM免费特权）公益服下载 - 最笨下载"跳转正常,该类元素共28个，当前第22个
2020-07-22 18:38:48,592 - basepage - INFO - Click back on current page.
2020-07-22 18:38:55,075 - 2 - INFO - 页面"满vip版手游_手游sf送顶级vip_满级vip无限元宝手游下载-最笨下载"跳转正常,该类元素共28个，当前第23个
2020-07-22 18:38:55,338 - basepage - INFO - Click back on current page.
2020-07-22 18:39:02,433 - 2 - INFO - 页面"萌三国（海量送充值）_萌三国（海量送充值）无限元宝服_SF变态版萌三国（海量送充值）公益服下载 - 最笨下载"跳转正常,该类元素共28个，当前第24个
2020-07-22 18:39:02,833 - basepage - INFO - Click back on current page.
2020-07-22 18:39:09,276 - 2 - INFO - 页面"满vip版手游_手游sf送顶级vip_满级vip无限元宝手游下载-最笨下载"跳转正常,该类元素共28个，当前第25个
2020-07-22 18:39:09,537 - basepage - INFO - Click back on current page.
2020-07-22 18:39:16,469 - 2 - INFO - 页面"大话许仙（钱庄特权）_大话许仙（钱庄特权）无限元宝服_SF变态版大话许仙（钱庄特权）公益服下载 - 最笨下载"跳转正常,该类元素共28个，当前第26个
2020-07-22 18:39:16,736 - basepage - INFO - Click back on current page.
2020-07-22 18:39:23,201 - 2 - INFO - 页面"变态手游公益服_bt手游变态服_无限元宝bt手游下载_BT手游中心-最笨下载"跳转正常,该类元素共28个，当前第27个
2020-07-22 18:39:23,566 - basepage - INFO - Click back on current page.
2020-07-22 18:39:30,244 - 2 - INFO - 页面"遮天斩（送千元充值）_遮天斩（送千元充值）无限元宝服_SF变态版遮天斩（送千元充值）公益服下载 - 最笨下载"跳转正常,该类元素共28个，当前第28个
2020-07-22 18:39:30,520 - basepage - INFO - Click back on current page.
2020-07-22 18:39:39,160 - 2 - INFO - 页面"怎么和巨蟹男聊天 和巨蟹男聊天的技巧"跳转正常,该类元素共2个，当前第1个
2020-07-22 18:39:39,436 - basepage - INFO - Click back on current page.
2020-07-22 18:39:47,173 - 2 - INFO - 页面"和异性聊天的技巧 怎么和和异性聊天"跳转正常,该类元素共2个，当前第2个
2020-07-22 18:39:47,564 - basepage - INFO - Click back on current page.
2020-07-22 18:39:54,759 - 2 - INFO - 页面"【苹果娱乐软件】iPhone手机娱乐软件_iPhone娱乐软件免费下载大全-最笨下载"跳转正常,该类元素共28个，当前第1个
2020-07-22 18:39:55,019 - basepage - INFO - Click back on current page.
2020-07-22 18:40:02,214 - 2 - INFO - 页面"最笨游戏盒子iOS版_最笨游戏盒子iOS版下载_最笨游戏盒子iOS版官方下载-最笨下载"跳转正常,该类元素共28个，当前第2个
2020-07-22 18:40:02,446 - basepage - INFO - Click back on current page.
2020-07-22 18:40:09,386 - 2 - INFO - 页面"【安卓娱乐软件】安卓娱乐软件下载_安卓娱乐软件推荐_安卓娱乐软件大全-最笨下载"跳转正常,该类元素共28个，当前第3个
2020-07-22 18:40:09,771 - basepage - INFO - Click back on current page.
2020-07-22 18:40:16,933 - 2 - INFO - 页面"最笨游戏盒子_最笨游戏盒子下载_最笨游戏盒子官方下载-最笨下载"跳转正常,该类元素共28个，当前第4个
2020-07-22 18:40:17,154 - basepage - INFO - Click back on current page.
2020-07-22 18:40:24,267 - 2 - INFO - 页面"【安卓聊天软件】安卓聊天软件下载_安卓聊天软件排行_安卓聊天软件大全-最笨下载"跳转正常,该类元素共28个，当前第5个
2020-07-22 18:40:24,551 - basepage - INFO - Click back on current page.
2020-07-22 18:40:31,889 - 2 - INFO - 页面"蜜小助_蜜小助下载_蜜小助官方下载-最笨下载"跳转正常,该类元素共28个，当前第6个
2020-07-22 18:40:32,276 - basepage - INFO - Click back on current page.
2020-07-22 18:40:38,723 - 2 - INFO - 页面"【安卓娱乐软件】安卓娱乐软件下载_安卓娱乐软件推荐_安卓娱乐软件大全-最笨下载"跳转正常,该类元素共28个，当前第7个
2020-07-22 18:40:38,953 - basepage - INFO - Click back on current page.
2020-07-22 18:40:47,224 - 2 - INFO - 页面"3733游戏盒子_3733游戏盒子下载_3733游戏盒子官方下载-最笨下载"跳转正常,该类元素共28个，当前第8个
2020-07-22 18:40:47,518 - basepage - INFO - Click back on current page.
2020-07-22 18:40:53,991 - 2 - INFO - 页面"【安卓聊天软件】安卓聊天软件下载_安卓聊天软件排行_安卓聊天软件大全-最笨下载"跳转正常,该类元素共28个，当前第9个
2020-07-22 18:40:54,374 - basepage - INFO - Click back on current page.
2020-07-22 18:41:02,137 - 2 - INFO - 页面"土味情话_土味情话下载_土味情话官方下载-最笨下载"跳转正常,该类元素共28个，当前第10个
2020-07-22 18:41:02,547 - basepage - INFO - Click back on current page.
2020-07-22 18:41:09,038 - 2 - INFO - 页面"【安卓聊天软件】安卓聊天软件下载_安卓聊天软件排行_安卓聊天软件大全-最笨下载"跳转正常,该类元素共28个，当前第11个
2020-07-22 18:41:09,252 - basepage - INFO - Click back on current page.
2020-07-22 18:41:16,787 - 2 - INFO - 页面"恋爱话术_恋爱话术下载_恋爱话术官方下载-最笨下载"跳转正常,该类元素共28个，当前第12个
2020-07-22 18:41:17,180 - basepage - INFO - Click back on current page.
2020-07-22 18:41:23,678 - 2 - INFO - 页面"【安卓聊天软件】安卓聊天软件下载_安卓聊天软件排行_安卓聊天软件大全-最笨下载"跳转正常,该类元素共28个，当前第13个
2020-07-22 18:41:23,948 - basepage - INFO - Click back on current page.
2020-07-22 18:41:31,201 - 2 - INFO - 页面"土味情话社_土味情话社下载_土味情话社官方下载-最笨下载"跳转正常,该类元素共28个，当前第14个
2020-07-22 18:41:31,447 - basepage - INFO - Click back on current page.
2020-07-22 18:41:38,471 - 2 - INFO - 页面"【安卓学习软件】安卓学习软件下载_安卓学习软件免费下载_安卓学习软件大全-最笨下载"跳转正常,该类元素共28个，当前第15个
2020-07-22 18:41:38,901 - basepage - INFO - Click back on current page.
2020-07-22 18:41:46,043 - 2 - INFO - 页面"搜书帝_搜书帝下载_搜书帝官方下载-最笨下载"跳转正常,该类元素共28个，当前第16个
2020-07-22 18:41:46,316 - basepage - INFO - Click back on current page.
2020-07-22 18:41:53,429 - 2 - INFO - 页面"【苹果学习软件】iPhone手机学习软件_iPhone学习软件免费下载大全-最笨下载"跳转正常,该类元素共28个，当前第17个
2020-07-22 18:41:53,657 - basepage - INFO - Click back on current page.
2020-07-22 18:42:00,992 - 2 - INFO - 页面"搜书帝ios_搜书帝ios下载_搜书帝ios官方下载-最笨下载"跳转正常,该类元素共28个，当前第18个
2020-07-22 18:42:01,389 - basepage - INFO - Click back on current page.
2020-07-22 18:42:07,850 - 2 - INFO - 页面"【安卓聊天软件】安卓聊天软件下载_安卓聊天软件排行_安卓聊天软件大全-最笨下载"跳转正常,该类元素共28个，当前第19个
2020-07-22 18:42:08,113 - basepage - INFO - Click back on current page.
2020-07-22 18:42:15,111 - 2 - INFO - 页面"恋爱话术库_恋爱话术库下载_恋爱话术库官方下载-最笨下载"跳转正常,该类元素共28个，当前第20个
2020-07-22 18:42:15,397 - basepage - INFO - Click back on current page.
2020-07-22 18:42:21,872 - 2 - INFO - 页面"【安卓聊天软件】安卓聊天软件下载_安卓聊天软件排行_安卓聊天软件大全-最笨下载"跳转正常,该类元素共28个，当前第21个
2020-07-22 18:42:22,384 - basepage - INFO - Click back on current page.
2020-07-22 18:42:29,517 - 2 - INFO - 页面"撩吧_撩吧下载_撩吧官方下载-最笨下载"跳转正常,该类元素共28个，当前第22个
2020-07-22 18:42:29,779 - basepage - INFO - Click back on current page.
2020-07-22 18:42:36,536 - 2 - INFO - 页面"【安卓阅读软件】安卓阅读软件下载_安卓阅读软件哪个好_安卓阅读软件排行-最笨下载"跳转正常,该类元素共28个，当前第23个
2020-07-22 18:42:36,900 - basepage - INFO - Click back on current page.
2020-07-22 18:42:44,079 - 2 - INFO - 页面"搜书帝_搜书帝下载_搜书帝官方下载-最笨下载"跳转正常,该类元素共28个，当前第24个
2020-07-22 18:42:44,345 - basepage - INFO - Click back on current page.
2020-07-22 18:42:50,815 - 2 - INFO - 页面"【安卓聊天软件】安卓聊天软件下载_安卓聊天软件排行_安卓聊天软件大全-最笨下载"跳转正常,该类元素共28个，当前第25个
2020-07-22 18:42:51,024 - basepage - INFO - Click back on current page.
2020-07-22 18:42:58,317 - 2 - INFO - 页面"遇知音_遇知音下载_遇知音官方下载-最笨下载"跳转正常,该类元素共28个，当前第26个
2020-07-22 18:42:58,747 - basepage - INFO - Click back on current page.
2020-07-22 18:43:05,238 - 2 - INFO - 页面"【安卓聊天软件】安卓聊天软件下载_安卓聊天软件排行_安卓聊天软件大全-最笨下载"跳转正常,该类元素共28个，当前第27个
2020-07-22 18:43:05,511 - basepage - INFO - Click back on current page.
2020-07-22 18:43:12,690 - 2 - INFO - 页面"脱单大师_脱单大师下载_脱单大师官方下载-最笨下载"跳转正常,该类元素共28个，当前第28个
2020-07-22 18:43:12,923 - basepage - INFO - Click back on current page.
2020-07-22 18:43:23,147 - 2 - INFO - 页面"【安卓播放器】安卓播放器下载_安卓播放器哪个最好_安卓播放器下载排行-最笨下载"跳转正常,该类元素共20个，当前第1个
2020-07-22 18:43:23,426 - basepage - INFO - Click back on current page.
2020-07-22 18:43:29,921 - 2 - INFO - 页面"【安卓学习软件】安卓学习软件下载_安卓学习软件免费下载_安卓学习软件大全-最笨下载"跳转正常,该类元素共20个，当前第2个
2020-07-22 18:43:30,315 - basepage - INFO - Click back on current page.
2020-07-22 18:43:37,562 - 2 - INFO - 页面"【安卓辅助软件】安卓辅助软件下载_安卓辅助软件推荐_安卓辅助软件大全-最笨下载"跳转正常,该类元素共20个，当前第3个
2020-07-22 18:43:37,827 - basepage - INFO - Click back on current page.
2020-07-22 18:43:44,754 - 2 - INFO - 页面"【安卓输入法】安卓输入法下载_安卓输入法哪个好_安卓输入法怎么用-最笨下载"跳转正常,该类元素共20个，当前第4个
2020-07-22 18:43:45,168 - basepage - INFO - Click back on current page.
2020-07-22 18:43:51,954 - 2 - INFO - 页面"【安卓通信软件】安卓通信软件下载_安卓通信软件推荐_安卓通信软件大全-最笨下载"跳转正常,该类元素共20个，当前第5个
2020-07-22 18:43:52,226 - basepage - INFO - Click back on current page.
2020-07-22 18:43:59,203 - 2 - INFO - 页面"【安卓固件】安卓固件下载_安卓固件包下载_安卓固件管理器-最笨下载"跳转正常,该类元素共20个，当前第6个
2020-07-22 18:43:59,474 - basepage - INFO - Click back on current page.
2020-07-22 18:44:06,403 - 2 - INFO - 页面"【安卓文件管理器】安卓文件管理器下载_安卓文件管理器哪个好_安卓文件管理器中文版-最笨下载"跳转正常,该类元素共20个，当前第7个
2020-07-22 18:44:06,844 - basepage - INFO - Click back on current page.
2020-07-22 18:44:13,813 - 2 - INFO - 页面"【安卓同步软件】安卓同步软件下载_安卓同步软件哪个好_安卓手机同步软件-最笨下载"跳转正常,该类元素共20个，当前第8个
2020-07-22 18:44:14,042 - basepage - INFO - Click back on current page.
2020-07-22 18:44:21,158 - 2 - INFO - 页面"【安卓办公软件】安卓办公软件下载_安卓办公软件哪个好_安卓办公软件哪种最好-最笨下载"跳转正常,该类元素共20个，当前第9个
2020-07-22 18:44:21,441 - basepage - INFO - Click back on current page.
2020-07-22 18:44:28,253 - 2 - INFO - 页面"【安卓新闻软件】安卓新闻软件下载_安卓新闻软件哪个好_安卓新闻软件大全-最笨下载"跳转正常,该类元素共20个，当前第10个
2020-07-22 18:44:28,660 - basepage - INFO - Click back on current page.
2020-07-22 18:44:35,871 - 2 - INFO - 页面"【安卓理财软件】安卓理财软件下载_安卓理财软件哪个好_安卓理财软件大全-最笨下载"跳转正常,该类元素共20个，当前第11个
2020-07-22 18:44:36,158 - basepage - INFO - Click back on current page.
2020-07-22 18:44:42,979 - 2 - INFO - 页面"【安卓备份软件】安卓备份软件下载_安卓备份软件哪个好_安卓手机备份软件-最笨下载"跳转正常,该类元素共20个，当前第12个
2020-07-22 18:44:43,307 - basepage - INFO - Click back on current page.
2020-07-22 18:44:50,556 - 2 - INFO - 页面"【安卓跑步软件】安卓跑步软件下载_安卓跑步软件哪个好_安卓跑步软件大全-最笨下载"跳转正常,该类元素共20个，当前第13个
2020-07-22 18:44:50,993 - basepage - INFO - Click back on current page.
2020-07-22 18:44:58,035 - 2 - INFO - 页面"【安卓健康管理软件】安卓健康管理软件下载_安卓健康管理软件推荐_安卓健康管理软件大全-最笨下载"跳转正常,该类元素共20个，当前第14个
2020-07-22 18:44:58,274 - basepage - INFO - Click back on current page.
2020-07-22 18:45:05,127 - 2 - INFO - 页面"【安卓系统软件】安卓系统软件下载_安卓系统软件免费下载_安卓系统软件下载工具-最笨下载"跳转正常,该类元素共20个，当前第15个
2020-07-22 18:45:05,389 - basepage - INFO - Click back on current page.
2020-07-22 18:45:11,859 - 2 - INFO - 页面"【安卓聊天软件】安卓聊天软件下载_安卓聊天软件排行_安卓聊天软件大全-最笨下载"跳转正常,该类元素共20个，当前第16个
2020-07-22 18:45:12,258 - basepage - INFO - Click back on current page.
2020-07-22 18:45:19,206 - 2 - INFO - 页面"【安卓应用软件】安卓应用软件排行_好玩的安卓应用软件_好用的安卓应用软件-最笨下载"跳转正常,该类元素共20个，当前第17个
2020-07-22 18:45:19,474 - basepage - INFO - Click back on current page.
2020-07-22 18:45:25,917 - 2 - INFO - 页面"【安卓娱乐软件】安卓娱乐软件下载_安卓娱乐软件推荐_安卓娱乐软件大全-最笨下载"跳转正常,该类元素共20个，当前第18个
2020-07-22 18:45:26,322 - basepage - INFO - Click back on current page.
2020-07-22 18:45:33,468 - 2 - INFO - 页面"【安卓导航软件】安卓导航软件下载_安卓导航软件哪个好_安卓导航软件排名-最笨下载"跳转正常,该类元素共20个，当前第19个
2020-07-22 18:45:33,691 - basepage - INFO - Click back on current page.
2020-07-22 18:45:40,992 - 2 - INFO - 页面"【安卓网络软件】安卓网络软件下载_安卓网络软件推荐_安卓网络软件大全-最笨下载"跳转正常,该类元素共20个，当前第20个
2020-07-22 18:45:41,352 - basepage - INFO - Click back on current page.
2020-07-22 18:45:49,718 - 2 - INFO - 页面"3733手游游戏平台_3733手游游戏平台下载_3733手游游戏平台官方下载-最笨下载"跳转正常,该类元素共18个，当前第1个
2020-07-22 18:45:55,857 - 2 - INFO - 页面"安致手游游戏平台_安致手游游戏平台下载_安致手游游戏平台官方下载-最笨下载"跳转正常,该类元素共18个，当前第2个
2020-07-22 18:46:02,022 - 2 - INFO - 页面"7732游戏中心_7732游戏中心下载_7732游戏中心官方下载-最笨下载"跳转正常,该类元素共18个，当前第3个
2020-07-22 18:46:08,194 - 2 - INFO - 页面"7743手游盒子_7743手游盒子下载_7743手游盒子官方下载-最笨下载"跳转正常,该类元素共18个，当前第4个
2020-07-22 18:46:14,352 - 2 - INFO - 页面"7743游戏中心_7743游戏中心下载_7743游戏中心官方下载-最笨下载"跳转正常,该类元素共18个，当前第5个
2020-07-22 18:46:20,485 - 2 - INFO - 页面"7743手游平台_7743手游平台下载_7743手游平台官方下载-最笨下载"跳转正常,该类元素共18个，当前第6个
2020-07-22 18:46:26,606 - 2 - INFO - 页面"gm手游平台_gm手游平台下载_gm手游平台官方下载-最笨下载"跳转正常,该类元素共18个，当前第7个
2020-07-22 18:46:32,726 - 2 - INFO - 页面"gm游戏中心_gm游戏中心下载_gm游戏中心官方下载-最笨下载"跳转正常,该类元素共18个，当前第8个
2020-07-22 18:46:38,877 - 2 - INFO - 页面"gm游戏盒_gm游戏盒下载_gm游戏盒官方下载-最笨下载"跳转正常,该类元素共18个，当前第9个
2020-07-22 18:46:45,023 - 2 - INFO - 页面"gm手游游戏平台_gm手游游戏平台下载_gm手游游戏平台官方下载-最笨下载"跳转正常,该类元素共18个，当前第10个
2020-07-22 18:46:51,141 - 2 - INFO - 页面"gm游戏平台_gm游戏平台下载_gm游戏平台官方下载-最笨下载"跳转正常,该类元素共18个，当前第11个
2020-07-22 18:46:57,274 - 2 - INFO - 页面"gm游戏盒子_gm游戏盒子下载_gm游戏盒子官方下载-最笨下载"跳转正常,该类元素共18个，当前第12个
2020-07-22 18:47:03,398 - 2 - INFO - 页面"3733手游盒子_3733手游盒子下载_3733手游盒子官方下载-最笨下载"跳转正常,该类元素共18个，当前第13个
2020-07-22 18:47:09,542 - 2 - INFO - 页面"3733游戏平台_3733游戏平台下载_3733游戏平台官方下载-最笨下载"跳转正常,该类元素共18个，当前第14个
2020-07-22 18:47:15,671 - 2 - INFO - 页面"小8手游游戏平台_小8手游游戏平台下载_小8手游游戏平台官方下载-最笨下载"跳转正常,该类元素共18个，当前第15个
2020-07-22 18:47:21,803 - 2 - INFO - 页面"小8游戏平台_小8游戏平台下载_小8游戏平台官方下载-最笨下载"跳转正常,该类元素共18个，当前第16个
2020-07-22 18:47:27,962 - 2 - INFO - 页面"百分百游戏平台_百分百游戏平台下载_百分百游戏平台官方下载-最笨下载"跳转正常,该类元素共18个，当前第17个
2020-07-22 18:47:34,132 - 2 - INFO - 页面"内购版游戏平台_内购版游戏平台下载_内购版游戏平台官方下载-最笨下载"跳转正常,该类元素共18个，当前第18个
2020-07-22 18:47:40,555 - 2 - INFO - 页面"【安卓益智游戏】好玩的安卓益智游戏大全_安卓益智类游戏_益智游戏下载-最笨下载"跳转正常,该类元素共17个，当前第1个
2020-07-22 18:47:40,832 - basepage - INFO - Click back on current page.
2020-07-22 18:47:47,922 - 2 - INFO - 页面"【安卓其他游戏】好玩的安卓其他游戏大全_安卓其他类游戏_其他游戏下载-最笨下载"跳转正常,该类元素共17个，当前第2个
2020-07-22 18:47:48,200 - basepage - INFO - Click back on current page.
2020-07-22 18:47:55,163 - 2 - INFO - 页面"【安卓音乐游戏】好玩的安卓音乐游戏大全_安卓音乐类游戏_音乐游戏下载-最笨下载"跳转正常,该类元素共17个，当前第3个
2020-07-22 18:47:55,615 - basepage - INFO - Click back on current page.
2020-07-22 18:48:02,500 - 2 - INFO - 页面"【安卓网络游戏】好玩的安卓网络游戏大全_安卓网络类游戏_网络游戏下载-最笨下载"跳转正常,该类元素共17个，当前第4个
2020-07-22 18:48:02,766 - basepage - INFO - Click back on current page.
2020-07-22 18:48:09,829 - 2 - INFO - 页面"【安卓格斗游戏】好玩的安卓格斗游戏大全_安卓格斗类游戏_格斗游戏下载-最笨下载"跳转正常,该类元素共17个，当前第5个
2020-07-22 18:48:10,102 - basepage - INFO - Click back on current page.
2020-07-22 18:48:16,966 - 2 - INFO - 页面"【安卓飞行游戏】好玩的安卓飞行游戏大全_安卓飞行类游戏_飞行游戏下载-最笨下载"跳转正常,该类元素共17个，当前第6个
2020-07-22 18:48:17,364 - basepage - INFO - Click back on current page.
2020-07-22 18:48:24,523 - 2 - INFO - 页面"【安卓体育运动游戏】好玩的安卓体育运动游戏大全_安卓体育运动类游戏_体育运动游戏下载-最笨下载"跳转正常,该类元素共17个，当前第7个
2020-07-22 18:48:24,787 - basepage - INFO - Click back on current page.
2020-07-22 18:48:32,382 - 2 - INFO - 页面"【安卓模拟经营游戏】好玩的安卓模拟经营游戏大全_安卓模拟经营类游戏_模拟经营游戏下载-最笨下载"跳转正常,该类元素共17个，当前第8个
2020-07-22 18:48:32,664 - basepage - INFO - Click back on current page.
2020-07-22 18:48:40,002 - 2 - INFO - 页面"【安卓策略游戏】好玩的安卓策略游戏大全_安卓策略类游戏_策略游戏下载-最笨下载"跳转正常,该类元素共17个，当前第9个
2020-07-22 18:48:40,401 - basepage - INFO - Click back on current page.
2020-07-22 18:48:47,292 - 2 - INFO - 页面"【安卓塔防游戏】好玩的安卓塔防游戏大全_安卓塔防类游戏_塔防游戏下载-最笨下载"跳转正常,该类元素共17个，当前第10个
2020-07-22 18:48:47,564 - basepage - INFO - Click back on current page.
2020-07-22 18:48:54,774 - 2 - INFO - 页面"【安卓解谜冒险游戏】好玩的安卓解谜冒险游戏大全_安卓解谜冒险类游戏_解谜冒险游戏下载-最笨下载"跳转正常,该类元素共17个，当前第11个
2020-07-22 18:48:55,014 - basepage - INFO - Click back on current page.
2020-07-22 18:49:02,544 - 2 - INFO - 页面"【安卓射击游戏】好玩的安卓射击游戏大全_安卓射击类游戏_射击游戏下载-最笨下载"跳转正常,该类元素共17个，当前第12个
2020-07-22 18:49:02,967 - basepage - INFO - Click back on current page.
2020-07-22 18:49:10,170 - 2 - INFO - 页面"【安卓棋牌游戏】好玩的安卓棋牌游戏大全_安卓棋牌类游戏_棋牌游戏下载-最笨下载"跳转正常,该类元素共17个，当前第13个
2020-07-22 18:49:10,462 - basepage - INFO - Click back on current page.
2020-07-22 18:49:20,823 - 2 - INFO - 页面"【安卓赛车游戏】好玩的安卓赛车游戏大全_安卓赛车类游戏_赛车游戏下载-最笨下载"跳转正常,该类元素共17个，当前第14个
2020-07-22 18:49:21,099 - basepage - INFO - Click back on current page.
2020-07-22 18:49:28,556 - 2 - INFO - 页面"【安卓角色扮演游戏】好玩的安卓角色扮演游戏大全_安卓角色扮演类游戏_角色扮演游戏下载-最笨下载"跳转正常,该类元素共17个，当前第15个
2020-07-22 18:49:29,024 - basepage - INFO - Click back on current page.
2020-07-22 18:49:36,298 - 2 - INFO - 页面"【安卓动作游戏】好玩的安卓动作游戏大全_安卓动作类游戏_动作游戏下载-最笨下载"跳转正常,该类元素共17个，当前第16个
2020-07-22 18:49:36,578 - basepage - INFO - Click back on current page.
2020-07-22 18:49:44,149 - 2 - INFO - 页面"【安卓休闲游戏】好玩的安卓休闲游戏大全_安卓休闲类游戏_休闲游戏下载-最笨下载"跳转正常,该类元素共17个，当前第17个
2020-07-22 18:49:44,444 - basepage - INFO - Click back on current page.
2020-07-22 18:49:52,808 - 2 - INFO - 页面"国贼顾挽之_国贼顾挽之下载_国贼顾挽之官方下载-最笨下载"跳转正常,该类元素共18个，当前第1个
2020-07-22 18:49:58,963 - 2 - INFO - 页面"大秦黎明_大秦黎明下载_大秦黎明官方下载-最笨下载"跳转正常,该类元素共18个，当前第2个
2020-07-22 18:50:05,052 - 2 - INFO - 页面"怒焰三国杀手游_怒焰三国杀手游下载_怒焰三国杀手游官方下载-最笨下载"跳转正常,该类元素共18个，当前第3个
2020-07-22 18:50:11,190 - 2 - INFO - 页面"末日围城_末日围城下载_末日围城官方下载-最笨下载"跳转正常,该类元素共18个，当前第4个
2020-07-22 18:50:17,309 - 2 - INFO - 页面"天将雄师九游版_天将雄师九游版下载_天将雄师九游版官方下载-最笨下载"跳转正常,该类元素共18个，当前第5个
2020-07-22 18:50:23,447 - 2 - INFO - 页面"诸王黎明_诸王黎明下载_诸王黎明官方下载-最笨下载"跳转正常,该类元素共18个，当前第6个
2020-07-22 18:50:29,609 - 2 - INFO - 页面"一梦江湖九游版_一梦江湖九游版下载_一梦江湖九游版官方下载-最笨下载"跳转正常,该类元素共18个，当前第7个
2020-07-22 18:50:35,766 - 2 - INFO - 页面"NBA篮球大师_NBA篮球大师下载_NBA篮球大师官方下载-最笨下载"跳转正常,该类元素共18个，当前第8个
2020-07-22 18:50:41,927 - 2 - INFO - 页面"萌妖传手游_萌妖传手游下载_萌妖传手游官方下载-最笨下载"跳转正常,该类元素共18个，当前第9个
2020-07-22 18:50:48,105 - 2 - INFO - 页面"中超英雄手游_中超英雄手游下载_中超英雄手游官方下载-最笨下载"跳转正常,该类元素共18个，当前第10个
2020-07-22 18:50:54,268 - 2 - INFO - 页面"三国战天下手游_三国战天下手游下载_三国战天下手游官方下载-最笨下载"跳转正常,该类元素共18个，当前第11个
2020-07-22 18:51:00,407 - 2 - INFO - 页面"拳皇命运_拳皇命运下载_拳皇命运官方下载-最笨下载"跳转正常,该类元素共18个，当前第12个
2020-07-22 18:51:06,550 - 2 - INFO - 页面"电能大亨_电能大亨下载_电能大亨官方下载-最笨下载"跳转正常,该类元素共18个，当前第13个
2020-07-22 18:51:12,695 - 2 - INFO - 页面"驾校模拟器_驾校模拟器下载_驾校模拟器官方下载-最笨下载"跳转正常,该类元素共18个，当前第14个
2020-07-22 18:51:18,839 - 2 - INFO - 页面"暗黑探险2_暗黑探险2下载_暗黑探险2官方下载-最笨下载"跳转正常,该类元素共18个，当前第15个
2020-07-22 18:51:24,984 - 2 - INFO - 页面"风暴山之谜_风暴山之谜下载_风暴山之谜官方下载-最笨下载"跳转正常,该类元素共18个，当前第16个
2020-07-22 18:51:31,130 - 2 - INFO - 页面"炸弹投石机:卡牌战斗_炸弹投石机:卡牌战斗下载_炸弹投石机:卡牌战斗官方下载-最笨下载"跳转正常,该类元素共18个，当前第17个
2020-07-22 18:51:37,268 - 2 - INFO - 页面"地下城故事_地下城故事下载_地下城故事官方下载-最笨下载"跳转正常,该类元素共18个，当前第18个
2020-07-22 18:51:44,761 - 2 - INFO - 页面"变态手游公益服_bt手游变态服_无限元宝bt手游下载_BT手游中心-最笨下载"跳转正常,该类元素共13个，当前第1个
2020-07-22 18:51:45,057 - basepage - INFO - Click back on current page.
2020-07-22 18:51:53,560 - 2 - INFO - 页面"变态手游公益服_bt手游变态服_无限元宝bt手游下载_BT手游中心-最笨下载"跳转正常,该类元素共13个，当前第2个
2020-07-22 18:51:53,991 - basepage - INFO - Click back on current page.
2020-07-22 18:52:02,565 - 2 - INFO - 页面"变态手游公益服_bt手游变态服_无限元宝bt手游下载_BT手游中心-最笨下载"跳转正常,该类元素共13个，当前第3个
2020-07-22 18:52:02,962 - basepage - INFO - Click back on current page.
2020-07-22 18:52:11,255 - 2 - INFO - 页面"变态手游公益服_bt手游变态服_无限元宝bt手游下载_BT手游中心-最笨下载"跳转正常,该类元素共13个，当前第4个
2020-07-22 18:52:11,523 - basepage - INFO - Click back on current page.
2020-07-22 18:52:19,680 - 2 - INFO - 页面"变态手游公益服_bt手游变态服_无限元宝bt手游下载_BT手游中心-最笨下载"跳转正常,该类元素共13个，当前第5个
2020-07-22 18:52:20,052 - basepage - INFO - Click back on current page.
2020-07-22 18:52:28,075 - 2 - INFO - 页面"变态手游公益服_bt手游变态服_无限元宝bt手游下载_BT手游中心-最笨下载"跳转正常,该类元素共13个，当前第6个
2020-07-22 18:52:28,482 - basepage - INFO - Click back on current page.
2020-07-22 18:52:36,829 - 2 - INFO - 页面"变态手游公益服_bt手游变态服_无限元宝bt手游下载_BT手游中心-最笨下载"跳转正常,该类元素共13个，当前第7个
2020-07-22 18:52:37,089 - basepage - INFO - Click back on current page.
2020-07-22 18:52:45,155 - 2 - INFO - 页面"变态手游公益服_bt手游变态服_无限元宝bt手游下载_BT手游中心-最笨下载"跳转正常,该类元素共13个，当前第8个
2020-07-22 18:52:45,566 - basepage - INFO - Click back on current page.
2020-07-22 18:52:53,958 - 2 - INFO - 页面"变态手游公益服_bt手游变态服_无限元宝bt手游下载_BT手游中心-最笨下载"跳转正常,该类元素共13个，当前第9个
2020-07-22 18:52:54,430 - basepage - INFO - Click back on current page.
2020-07-22 18:53:02,604 - 2 - INFO - 页面"变态手游公益服_bt手游变态服_无限元宝bt手游下载_BT手游中心-最笨下载"跳转正常,该类元素共13个，当前第10个
2020-07-22 18:53:02,839 - basepage - INFO - Click back on current page.
2020-07-22 18:53:10,808 - 2 - INFO - 页面"变态手游公益服_bt手游变态服_无限元宝bt手游下载_BT手游中心-最笨下载"跳转正常,该类元素共13个，当前第11个
2020-07-22 18:53:11,191 - basepage - INFO - Click back on current page.
2020-07-22 18:53:19,151 - 2 - ERROR - 页面"404-最笨下载"跳转异常,该类元素共13个，当前第12个
2020-07-22 18:53:19,847 - basepage - INFO - Click back on current page.
2020-07-22 18:53:28,702 - 2 - INFO - 页面"变态手游公益服_bt手游变态服_无限元宝bt手游下载_BT手游中心-最笨下载"跳转正常,该类元素共13个，当前第13个
2020-07-22 18:53:29,120 - basepage - INFO - Click back on current page.
2020-07-22 18:53:37,482 - 2 - INFO - 页面"幻游猎人_幻游猎人无限元宝服_SF变态版幻游猎人公益服下载 - 最笨下载"跳转正常,该类元素共18个，当前第1个
2020-07-22 18:53:43,621 - 2 - INFO - 页面"国战纪元_国战纪元无限元宝服_SF变态版国战纪元公益服下载 - 最笨下载"跳转正常,该类元素共18个，当前第2个
2020-07-22 18:53:49,770 - 2 - INFO - 页面"古墓迷城_古墓迷城无限元宝服_SF变态版古墓迷城公益服下载 - 最笨下载"跳转正常,该类元素共18个，当前第3个
2020-07-22 18:53:55,937 - 2 - INFO - 页面"坦克军团（送198充值卡）_坦克军团（送198充值卡）无限元宝服_SF变态版坦克军团（送198充值卡）公益服下载 - 最笨下载"跳转正常,该类元素共18个，当前第4个
2020-07-22 18:54:02,107 - 2 - INFO - 页面"卧虎藏龙（复古满级特权）_卧虎藏龙（复古满级特权）无限元宝服_SF变态版卧虎藏龙（复古满级特权）公益服下载 - 最笨下载"跳转正常,该类元素共18个，当前第5个
2020-07-22 18:54:08,271 - 2 - INFO - 页面"大天劫（商城特权）_大天劫（商城特权）无限元宝服_SF变态版大天劫（商城特权）公益服下载 - 最笨下载"跳转正常,该类元素共18个，当前第6个
2020-07-22 18:54:14,431 - 2 - INFO - 页面"调教三国（海量爆充值）_调教三国（海量爆充值）无限元宝服_SF变态版调教三国（海量爆充值）公益服下载 - 最笨下载"跳转正常,该类元素共18个，当前第7个
2020-07-22 18:54:20,577 - 2 - INFO - 页面"同一个世界OL（送328充值）_同一个世界OL（送328充值）无限元宝服_SF变态版同一个世界OL（送328充值）公益服下载 - 最笨下载"跳转正常,该类元素共18个，当前第8个
2020-07-22 18:54:26,699 - 2 - INFO - 页面"楚汉传奇（送648充值）_楚汉传奇（送648充值）无限元宝服_SF变态版楚汉传奇（送648充值）公益服下载 - 最笨下载"跳转正常,该类元素共18个，当前第9个
2020-07-22 18:54:32,819 - 2 - INFO - 页面"猎手之王_猎手之王无限元宝服_SF变态版猎手之王公益服下载 - 最笨下载"跳转正常,该类元素共18个，当前第10个
2020-07-22 18:54:38,962 - 2 - INFO - 页面"莽荒天下（送388充值）_莽荒天下（送388充值）无限元宝服_SF变态版莽荒天下（送388充值）公益服下载 - 最笨下载"跳转正常,该类元素共18个，当前第11个
2020-07-22 18:54:45,126 - 2 - INFO - 页面"萌战无双（永抽特权）_萌战无双（永抽特权）无限元宝服_SF变态版萌战无双（永抽特权）公益服下载 - 最笨下载"跳转正常,该类元素共18个，当前第12个
2020-07-22 18:54:51,298 - 2 - INFO - 页面"龙城秘境（送648元充值）_龙城秘境（送648元充值）无限元宝服_SF变态版龙城秘境（送648元充值）公益服下载 - 最笨下载"跳转正常,该类元素共18个，当前第13个
2020-07-22 18:54:57,428 - 2 - INFO - 页面"武动六界（折扣特权）_武动六界（折扣特权）无限元宝服_SF变态版武动六界（折扣特权）公益服下载 - 最笨下载"跳转正常,该类元素共18个，当前第14个
2020-07-22 18:55:03,547 - 2 - INFO - 页面"黑暗使者（折扣特权）_黑暗使者（折扣特权）无限元宝服_SF变态版黑暗使者（折扣特权）公益服下载 - 最笨下载"跳转正常,该类元素共18个，当前第15个
2020-07-22 18:55:09,691 - 2 - INFO - 页面"小小村长_小小村长无限元宝服_SF变态版小小村长公益服下载 - 最笨下载"跳转正常,该类元素共18个，当前第16个
2020-07-22 18:55:15,807 - 2 - INFO - 页面"剑侠世界2_剑侠世界2无限元宝服_SF变态版剑侠世界2公益服下载 - 最笨下载"跳转正常,该类元素共18个，当前第17个
2020-07-22 18:55:21,966 - 2 - INFO - 页面"新世界的神（福利特权）_新世界的神（福利特权）无限元宝服_SF变态版新世界的神（福利特权）公益服下载 - 最笨下载"跳转正常,该类元素共18个，当前第18个
2020-07-22 18:55:29,445 - 2 - INFO - 页面"满vip版手游_手游sf送顶级vip_满级vip无限元宝手游下载-最笨下载"跳转正常,该类元素共13个，当前第1个
2020-07-22 18:55:29,683 - basepage - INFO - Click back on current page.
2020-07-22 18:55:37,870 - 2 - INFO - 页面"满vip版手游_手游sf送顶级vip_满级vip无限元宝手游下载-最笨下载"跳转正常,该类元素共13个，当前第2个
2020-07-22 18:55:38,250 - basepage - INFO - Click back on current page.
2020-07-22 18:55:46,362 - 2 - INFO - 页面"满vip版手游_手游sf送顶级vip_满级vip无限元宝手游下载-最笨下载"跳转正常,该类元素共13个，当前第3个
2020-07-22 18:55:46,806 - basepage - INFO - Click back on current page.
2020-07-22 18:55:55,180 - 2 - INFO - 页面"满vip版手游_手游sf送顶级vip_满级vip无限元宝手游下载-最笨下载"跳转正常,该类元素共13个，当前第4个
2020-07-22 18:55:55,465 - basepage - INFO - Click back on current page.
2020-07-22 18:56:03,591 - 2 - INFO - 页面"满vip版手游_手游sf送顶级vip_满级vip无限元宝手游下载-最笨下载"跳转正常,该类元素共13个，当前第5个
2020-07-22 18:56:03,989 - basepage - INFO - Click back on current page.
2020-07-22 18:56:12,298 - 2 - INFO - 页面"满vip版手游_手游sf送顶级vip_满级vip无限元宝手游下载-最笨下载"跳转正常,该类元素共13个，当前第6个
2020-07-22 18:56:12,674 - basepage - INFO - Click back on current page.
2020-07-22 18:56:20,847 - 2 - INFO - 页面"满vip版手游_手游sf送顶级vip_满级vip无限元宝手游下载-最笨下载"跳转正常,该类元素共13个，当前第7个
2020-07-22 18:56:21,098 - basepage - INFO - Click back on current page.
2020-07-22 18:56:29,321 - 2 - INFO - 页面"满vip版手游_手游sf送顶级vip_满级vip无限元宝手游下载-最笨下载"跳转正常,该类元素共13个，当前第8个
2020-07-22 18:56:29,781 - basepage - INFO - Click back on current page.
2020-07-22 18:56:38,319 - 2 - INFO - 页面"满vip版手游_手游sf送顶级vip_满级vip无限元宝手游下载-最笨下载"跳转正常,该类元素共13个，当前第9个
2020-07-22 18:56:38,720 - basepage - INFO - Click back on current page.
2020-07-22 18:56:46,842 - 2 - INFO - 页面"满vip版手游_手游sf送顶级vip_满级vip无限元宝手游下载-最笨下载"跳转正常,该类元素共13个，当前第10个
2020-07-22 18:56:47,096 - basepage - INFO - Click back on current page.
2020-07-22 18:56:55,114 - 2 - INFO - 页面"满vip版手游_手游sf送顶级vip_满级vip无限元宝手游下载-最笨下载"跳转正常,该类元素共13个，当前第11个
2020-07-22 18:56:55,510 - basepage - INFO - Click back on current page.
2020-07-22 18:57:02,302 - 2 - ERROR - 页面"404-最笨下载"跳转异常,该类元素共13个，当前第12个
2020-07-22 18:57:02,794 - basepage - INFO - Click back on current page.
2020-07-22 18:57:11,440 - 2 - INFO - 页面"满vip版手游_手游sf送顶级vip_满级vip无限元宝手游下载-最笨下载"跳转正常,该类元素共13个，当前第13个
2020-07-22 18:57:11,710 - basepage - INFO - Click back on current page.
2020-07-22 18:57:20,069 - 2 - INFO - 页面"神契幻奇谭（海量特权）_神契幻奇谭（海量特权）无限元宝服_SF变态版神契幻奇谭（海量特权）公益服下载 - 最笨下载"跳转正常,该类元素共18个，当前第1个
2020-07-22 18:57:26,254 - 2 - INFO - 页面"冒险者集结（送650充值）_冒险者集结（送650充值）无限元宝服_SF变态版冒险者集结（送650充值）公益服下载 - 最笨下载"跳转正常,该类元素共18个，当前第2个
2020-07-22 18:57:32,436 - 2 - INFO - 页面"御剑封神录（送海量充值）_御剑封神录（送海量充值）无限元宝服_SF变态版御剑封神录（送海量充值）公益服下载 - 最笨下载"跳转正常,该类元素共18个，当前第3个
2020-07-22 18:57:38,607 - 2 - INFO - 页面"无敌战舰（送百元充值）_无敌战舰（送百元充值）无限元宝服_SF变态版无敌战舰（送百元充值）公益服下载 - 最笨下载"跳转正常,该类元素共18个，当前第4个
2020-07-22 18:57:44,758 - 2 - INFO - 页面"孤龙山（送GM海量充）_孤龙山（送GM海量充）无限元宝服_SF变态版孤龙山（送GM海量充）公益服下载 - 最笨下载"跳转正常,该类元素共18个，当前第5个
2020-07-22 18:57:50,902 - 2 - INFO - 页面"圣痕觉醒（送万元充值）_圣痕觉醒（送万元充值）无限元宝服_SF变态版圣痕觉醒（送万元充值）公益服下载 - 最笨下载"跳转正常,该类元素共18个，当前第6个
2020-07-22 18:57:57,034 - 2 - INFO - 页面"怪兽宝贝（星耀特权）_怪兽宝贝（星耀特权）无限元宝服_SF变态版怪兽宝贝（星耀特权）公益服下载 - 最笨下载"跳转正常,该类元素共18个，当前第7个
2020-07-22 18:58:03,170 - 2 - INFO - 页面"乱世祭（豪华特权）_乱世祭（豪华特权）无限元宝服_SF变态版乱世祭（豪华特权）公益服下载 - 最笨下载"跳转正常,该类元素共18个，当前第8个
2020-07-22 18:58:09,309 - 2 - INFO - 页面"仙灵世界（送海量连抽）_仙灵世界（送海量连抽）无限元宝服_SF变态版仙灵世界（送海量连抽）公益服下载 - 最笨下载"跳转正常,该类元素共18个，当前第9个
2020-07-22 18:58:15,464 - 2 - INFO - 页面"刀剑神魔录（送真·充值卡）_刀剑神魔录（送真·充值卡）无限元宝服_SF变态版刀剑神魔录（送真·充值卡）公益服下载 - 最笨下载"跳转正常,该类元素共18个，当前第10个
2020-07-22 18:58:21,615 - 2 - INFO - 页面"小小三国（送2000充值）_小小三国（送2000充值）无限元宝服_SF变态版小小三国（送2000充值）公益服下载 - 最笨下载"跳转正常,该类元素共18个，当前第11个
2020-07-22 18:58:27,741 - 2 - INFO - 页面"精灵战纪（送千元真充）_精灵战纪（送千元真充）无限元宝服_SF变态版精灵战纪（送千元真充）公益服下载 - 最笨下载"跳转正常,该类元素共18个，当前第12个
2020-07-22 18:58:33,864 - 2 - INFO - 页面"大话蜀山（星耀特权）_大话蜀山（星耀特权）无限元宝服_SF变态版大话蜀山（星耀特权）公益服下载 - 最笨下载"跳转正常,该类元素共18个，当前第13个
2020-07-22 18:58:40,011 - 2 - INFO - 页面"道天录（海量送充值）_道天录（海量送充值）无限元宝服_SF变态版道天录（海量送充值）公益服下载 - 最笨下载"跳转正常,该类元素共18个，当前第14个
2020-07-22 18:58:46,178 - 2 - INFO - 页面"九天封神（狂抽代金券）_九天封神（狂抽代金券）无限元宝服_SF变态版九天封神（狂抽代金券）公益服下载 - 最笨下载"跳转正常,该类元素共18个，当前第15个
2020-07-22 18:58:52,342 - 2 - INFO - 页面"傲笑江湖（真·文字修仙）_傲笑江湖（真·文字修仙）无限元宝服_SF变态版傲笑江湖（真·文字修仙）公益服下载 - 最笨下载"跳转正常,该类元素共18个，当前第16个
2020-07-22 18:58:58,510 - 2 - INFO - 页面"女神联盟2（星耀内测）_女神联盟2（星耀内测）无限元宝服_SF变态版女神联盟2（星耀内测）公益服下载 - 最笨下载"跳转正常,该类元素共18个，当前第17个
2020-07-22 18:59:04,682 - 2 - INFO - 页面"大圣之怒（至尊特权）_大圣之怒（至尊特权）无限元宝服_SF变态版大圣之怒（至尊特权）公益服下载 - 最笨下载"跳转正常,该类元素共18个，当前第18个
2020-07-22 18:59:11,807 - 2 - INFO - 页面"gm版手游_无限元宝/钻石公益服_0元免费gm权限手游下载-最笨下载"跳转正常,该类元素共13个，当前第1个
2020-07-22 18:59:12,088 - basepage - INFO - Click back on current page.
2020-07-22 18:59:20,112 - 2 - INFO - 页面"gm版手游_无限元宝/钻石公益服_0元免费gm权限手游下载-最笨下载"跳转正常,该类元素共13个，当前第2个
2020-07-22 18:59:20,498 - basepage - INFO - Click back on current page.
2020-07-22 18:59:28,567 - 2 - INFO - 页面"gm版手游_无限元宝/钻石公益服_0元免费gm权限手游下载-最笨下载"跳转正常,该类元素共13个，当前第3个
2020-07-22 18:59:28,967 - basepage - INFO - Click back on current page.
2020-07-22 18:59:36,803 - 2 - INFO - 页面"gm版手游_无限元宝/钻石公益服_0元免费gm权限手游下载-最笨下载"跳转正常,该类元素共13个，当前第4个
2020-07-22 18:59:37,038 - basepage - INFO - Click back on current page.
2020-07-22 18:59:44,924 - 2 - INFO - 页面"gm版手游_无限元宝/钻石公益服_0元免费gm权限手游下载-最笨下载"跳转正常,该类元素共13个，当前第5个
2020-07-22 18:59:45,295 - basepage - INFO - Click back on current page.
2020-07-22 18:59:53,231 - 2 - INFO - 页面"gm版手游_无限元宝/钻石公益服_0元免费gm权限手游下载-最笨下载"跳转正常,该类元素共13个，当前第6个
2020-07-22 18:59:53,679 - basepage - INFO - Click back on current page.
2020-07-22 19:00:01,649 - 2 - INFO - 页面"gm版手游_无限元宝/钻石公益服_0元免费gm权限手游下载-最笨下载"跳转正常,该类元素共13个，当前第7个
2020-07-22 19:00:01,921 - basepage - INFO - Click back on current page.
2020-07-22 19:00:09,922 - 2 - INFO - 页面"gm版手游_无限元宝/钻石公益服_0元免费gm权限手游下载-最笨下载"跳转正常,该类元素共13个，当前第8个
2020-07-22 19:00:10,316 - basepage - INFO - Click back on current page.
2020-07-22 19:00:18,426 - 2 - INFO - 页面"gm版手游_无限元宝/钻石公益服_0元免费gm权限手游下载-最笨下载"跳转正常,该类元素共13个，当前第9个
2020-07-22 19:00:18,854 - basepage - INFO - Click back on current page.
2020-07-22 19:00:26,815 - 2 - INFO - 页面"gm版手游_无限元宝/钻石公益服_0元免费gm权限手游下载-最笨下载"跳转正常,该类元素共13个，当前第10个
2020-07-22 19:00:27,169 - basepage - INFO - Click back on current page.
2020-07-22 19:00:35,114 - 2 - INFO - 页面"gm版手游_无限元宝/钻石公益服_0元免费gm权限手游下载-最笨下载"跳转正常,该类元素共13个，当前第11个
2020-07-22 19:00:35,549 - basepage - INFO - Click back on current page.
2020-07-22 19:00:42,310 - 2 - ERROR - 页面"404-最笨下载"跳转异常,该类元素共13个，当前第12个
2020-07-22 19:00:42,802 - basepage - INFO - Click back on current page.
2020-07-22 19:00:50,693 - 2 - INFO - 页面"gm版手游_无限元宝/钻石公益服_0元免费gm权限手游下载-最笨下载"跳转正常,该类元素共13个，当前第13个
2020-07-22 19:00:51,021 - basepage - INFO - Click back on current page.
2020-07-22 19:00:59,398 - 2 - INFO - 页面"高达（GM版）_高达（GM版）免费gm权限安卓下载 - 最笨下载"跳转正常,该类元素共18个，当前第1个
2020-07-22 19:01:05,542 - 2 - INFO - 页面"暗黑王者（GM版）_暗黑王者（GM版）免费gm权限安卓下载 - 最笨下载"跳转正常,该类元素共18个，当前第2个
2020-07-22 19:01:11,683 - 2 - INFO - 页面"问鼎封神（GM版）_问鼎封神（GM版）免费gm权限安卓下载 - 最笨下载"跳转正常,该类元素共18个，当前第3个
2020-07-22 19:01:17,808 - 2 - INFO - 页面"仙剑轮回（GM版）_仙剑轮回（GM版）免费gm权限安卓下载 - 最笨下载"跳转正常,该类元素共18个，当前第4个
2020-07-22 19:01:23,931 - 2 - INFO - 页面"神道仙尊（GM版）_神道仙尊（GM版）免费gm权限安卓下载 - 最笨下载"跳转正常,该类元素共18个，当前第5个
2020-07-22 19:01:30,053 - 2 - INFO - 页面"大将无双（GM版）_大将无双（GM版）免费gm权限安卓下载 - 最笨下载"跳转正常,该类元素共18个，当前第6个
2020-07-22 19:01:36,191 - 2 - INFO - 页面"青云剑诀（GM版）_青云剑诀（GM版）免费gm权限安卓下载 - 最笨下载"跳转正常,该类元素共18个，当前第7个
2020-07-22 19:01:42,337 - 2 - INFO - 页面"寂灭剑诀（GM版）_寂灭剑诀（GM版）免费gm权限安卓下载 - 最笨下载"跳转正常,该类元素共18个，当前第8个
2020-07-22 19:01:48,480 - 2 - INFO - 页面"封神记（GM版）_封神记（GM版）免费gm权限安卓下载 - 最笨下载"跳转正常,该类元素共18个，当前第9个
2020-07-22 19:01:54,625 - 2 - INFO - 页面"豪门小老婆（GM版）_豪门小老婆（GM版）免费gm权限安卓下载 - 最笨下载"跳转正常,该类元素共18个，当前第10个
2020-07-22 19:02:00,751 - 2 - INFO - 页面"三生三誓青丘传（GM版）_三生三誓青丘传（GM版）免费gm权限安卓下载 - 最笨下载"跳转正常,该类元素共18个，当前第11个
2020-07-22 19:02:06,887 - 2 - INFO - 页面"毒尊三国（GM版）_毒尊三国（GM版）免费gm权限安卓下载 - 最笨下载"跳转正常,该类元素共18个，当前第12个
2020-07-22 19:02:13,010 - 2 - INFO - 页面"乱世神话（GM版）_乱世神话（GM版）免费gm权限安卓下载 - 最笨下载"跳转正常,该类元素共18个，当前第13个
2020-07-22 19:02:19,152 - 2 - INFO - 页面"天子问剑（GM版）_天子问剑（GM版）免费gm权限安卓下载 - 最笨下载"跳转正常,该类元素共18个，当前第14个
2020-07-22 19:02:25,292 - 2 - INFO - 页面"风云三国（GM版）_风云三国（GM版）免费gm权限安卓下载 - 最笨下载"跳转正常,该类元素共18个，当前第15个
2020-07-22 19:02:31,431 - 2 - INFO - 页面"古惑三国志（GM版）_古惑三国志（GM版）免费gm权限安卓下载 - 最笨下载"跳转正常,该类元素共18个，当前第16个
2020-07-22 19:02:37,568 - 2 - INFO - 页面"少年悟空传（GM版）_少年悟空传（GM版）免费gm权限安卓下载 - 最笨下载"跳转正常,该类元素共18个，当前第17个
2020-07-22 19:02:43,733 - 2 - INFO - 页面"诛神之战（GM版）_诛神之战（GM版）免费gm权限安卓下载 - 最笨下载"跳转正常,该类元素共18个，当前第18个
2020-07-22 19:02:51,259 - 2 - INFO - 页面"免费权限GM游戏"跳转正常,该类元素共4个，当前第1个
2020-07-22 19:02:51,559 - basepage - INFO - Click back on current page.
2020-07-22 19:02:56,894 - 2 - INFO - 页面"聊天回复神器合集"跳转正常,该类元素共4个，当前第2个
2020-07-22 19:02:57,358 - basepage - INFO - Click back on current page.
2020-07-22 19:03:04,257 - 2 - INFO - 页面"超变私服传奇一刀999999级"跳转正常,该类元素共4个，当前第3个
2020-07-22 19:03:04,499 - basepage - INFO - Click back on current page.
2020-07-22 19:03:10,174 - 2 - INFO - 页面"美女爆衣游戏手游"跳转正常,该类元素共4个，当前第4个
2020-07-22 19:03:10,660 - basepage - INFO - Click back on current page.
2020-07-22 19:03:18,683 - 2 - INFO - 页面"【苹果播放器】iPhone手机播放器,iPhone播放器免费下载大全-最笨下载"跳转正常,该类元素共20个，当前第1个
2020-07-22 19:03:19,140 - basepage - INFO - Click back on current page.
2020-07-22 19:03:25,646 - 2 - INFO - 页面"【苹果学习软件】iPhone手机学习软件_iPhone学习软件免费下载大全-最笨下载"跳转正常,该类元素共20个，当前第2个
2020-07-22 19:03:25,927 - basepage - INFO - Click back on current page.
2020-07-22 19:03:32,939 - 2 - INFO - 页面"【苹果辅助软件】iPhone手机辅助软件_iPhone辅助软件免费下载大全-最笨下载"跳转正常,该类元素共20个，当前第3个
2020-07-22 19:03:33,407 - basepage - INFO - Click back on current page.
2020-07-22 19:03:40,671 - 2 - INFO - 页面"【苹果输入法】iPhone手机输入法_iPhone输入法免费下载大全-最笨下载"跳转正常,该类元素共20个，当前第4个
2020-07-22 19:03:40,938 - basepage - INFO - Click back on current page.
2020-07-22 19:03:47,895 - 2 - INFO - 页面"【苹果通信软件】iPhone手机通信软件_iPhone通信软件免费下载大全-最笨下载"跳转正常,该类元素共20个，当前第5个
2020-07-22 19:03:48,180 - basepage - INFO - Click back on current page.
2020-07-22 19:03:54,991 - 2 - INFO - 页面"【苹果固件】iPhone手机固件软件_iPhone固件软件免费下载大全-最笨下载"跳转正常,该类元素共20个，当前第6个
2020-07-22 19:03:55,468 - basepage - INFO - Click back on current page.
2020-07-22 19:04:02,166 - 2 - INFO - 页面"【苹果文件管理软件】iPhone手机文件管理软件_iPhone文件管理软件免费下载大全-最笨下载"跳转正常,该类元素共20个，当前第7个
2020-07-22 19:04:02,421 - basepage - INFO - Click back on current page.
2020-07-22 19:04:09,386 - 2 - INFO - 页面"【苹果同步软件】iPhone手机同步软件_iPhone同步软件免费下载大全-最笨下载"跳转正常,该类元素共20个，当前第8个
2020-07-22 19:04:09,807 - basepage - INFO - Click back on current page.
2020-07-22 19:04:16,799 - 2 - INFO - 页面"【苹果办公软件】iPhone手机办公软件_iPhone办公软件免费下载大全-最笨下载"跳转正常,该类元素共20个，当前第9个
2020-07-22 19:04:17,117 - basepage - INFO - Click back on current page.
2020-07-22 19:04:23,860 - 2 - INFO - 页面"【苹果新闻软件】iPhone手机新闻软件_iPhone新闻软件免费下载大全-最笨下载"跳转正常,该类元素共20个，当前第10个
2020-07-22 19:04:24,138 - basepage - INFO - Click back on current page.
2020-07-22 19:04:31,156 - 2 - INFO - 页面"【苹果理财软件】iPhone手机理财软件_iPhone理财软件免费下载大全-最笨下载"跳转正常,该类元素共20个，当前第11个
2020-07-22 19:04:31,633 - basepage - INFO - Click back on current page.
2020-07-22 19:04:38,585 - 2 - INFO - 页面"【苹果备份软件】iPhone手机备份软件_iPhone备份软件免费下载大全-最笨下载"跳转正常,该类元素共20个，当前第12个
2020-07-22 19:04:38,848 - basepage - INFO - Click back on current page.
2020-07-22 19:04:45,980 - 2 - INFO - 页面"【苹果健身软件】iPhone手机健身软件_iPhone健身软件免费下载大全-最笨下载"跳转正常,该类元素共20个，当前第13个
2020-07-22 19:04:46,265 - basepage - INFO - Click back on current page.
2020-07-22 19:04:53,214 - 2 - INFO - 页面"【苹果健康管理软件】iPhone手机健康管理软件_iPhone健康管理软件免费下载大全-最笨下载"跳转正常,该类元素共20个，当前第14个
2020-07-22 19:04:53,681 - basepage - INFO - Click back on current page.
2020-07-22 19:05:00,862 - 2 - INFO - 页面"【苹果系统软件】iPhone手机系统软件_iPhone系统软件免费下载大全-最笨下载"跳转正常,该类元素共20个，当前第15个
2020-07-22 19:05:01,142 - basepage - INFO - Click back on current page.
2020-07-22 19:05:08,394 - 2 - INFO - 页面"【苹果社交软件】iphone手机社交软件_iphone社交软件免费下载大全-最笨下载"跳转正常,该类元素共20个，当前第16个
2020-07-22 19:05:08,802 - basepage - INFO - Click back on current page.
2020-07-22 19:05:15,264 - 2 - INFO - 页面"【苹果娱乐软件】iPhone手机娱乐软件_iPhone娱乐软件免费下载大全-最笨下载"跳转正常,该类元素共20个，当前第17个
2020-07-22 19:05:15,717 - basepage - INFO - Click back on current page.
2020-07-22 19:05:22,566 - 2 - INFO - 页面"【苹果导航】iPhone手机导航软件,iPhone导航软件免费下载大全-最笨下载"跳转正常,该类元素共20个，当前第18个
2020-07-22 19:05:22,835 - basepage - INFO - Click back on current page.
2020-07-22 19:05:29,800 - 2 - INFO - 页面"【苹果网络软件】iPhone手机网络软件,iPhone网络软件免费下载大全-最笨下载"跳转正常,该类元素共20个，当前第19个
2020-07-22 19:05:30,237 - basepage - INFO - Click back on current page.
2020-07-22 19:05:37,193 - 2 - INFO - 页面"【苹果助手软件】iPhone生活助手软件_iPhone生活助手软件免费下载大全-最笨下载"跳转正常,该类元素共20个，当前第20个
2020-07-22 19:05:37,479 - basepage - INFO - Click back on current page.
2020-07-22 19:05:45,858 - 2 - INFO - 页面"7743游戏平台_7743游戏平台下载_7743游戏平台官方下载-最笨下载"跳转正常,该类元素共18个，当前第1个
2020-07-22 19:05:52,002 - 2 - INFO - 页面"搜书帝ios_搜书帝ios下载_搜书帝ios官方下载-最笨下载"跳转正常,该类元素共18个，当前第2个
2020-07-22 19:05:58,159 - 2 - INFO - 页面"大塘小鱼_大塘小鱼下载_大塘小鱼官方下载-最笨下载"跳转正常,该类元素共18个，当前第3个
2020-07-22 19:06:04,317 - 2 - INFO - 页面"花溪小说_花溪小说下载_花溪小说官方下载-最笨下载"跳转正常,该类元素共18个，当前第4个
2020-07-22 19:06:10,487 - 2 - INFO - 页面"手译_手译下载_手译官方下载-最笨下载"跳转正常,该类元素共18个，当前第5个
2020-07-22 19:06:16,655 - 2 - INFO - 页面"sjcam_sjcam下载_sjcam官方下载-最笨下载"跳转正常,该类元素共18个，当前第6个
2020-07-22 19:06:22,798 - 2 - INFO - 页面"WearHeart_WearHeart下载_WearHeart官方下载-最笨下载"跳转正常,该类元素共18个，当前第7个
2020-07-22 19:06:28,918 - 2 - INFO - 页面"仓鼠阅读_仓鼠阅读下载_仓鼠阅读官方下载-最笨下载"跳转正常,该类元素共18个，当前第8个
2020-07-22 19:06:35,069 - 2 - INFO - 页面"漫番漫画_漫番漫画下载_漫番漫画官方下载-最笨下载"跳转正常,该类元素共18个，当前第9个
2020-07-22 19:06:41,193 - 2 - INFO - 页面"腾讯时光_腾讯时光下载_腾讯时光官方下载-最笨下载"跳转正常,该类元素共18个，当前第10个
2020-07-22 19:06:47,329 - 2 - INFO - 页面"GK扫描仪_GK扫描仪下载_GK扫描仪官方下载-最笨下载"跳转正常,该类元素共18个，当前第11个
2020-07-22 19:06:53,486 - 2 - INFO - 页面"海报制作_海报制作下载_海报制作官方下载-最笨下载"跳转正常,该类元素共18个，当前第12个
2020-07-22 19:06:59,653 - 2 - INFO - 页面"酷搜看书_酷搜看书下载_酷搜看书官方下载-最笨下载"跳转正常,该类元素共18个，当前第13个
2020-07-22 19:07:05,780 - 2 - INFO - 页面"悦想看_悦想看下载_悦想看官方下载-最笨下载"跳转正常,该类元素共18个，当前第14个
2020-07-22 19:07:11,915 - 2 - INFO - 页面"芒果动听_芒果动听下载_芒果动听官方下载-最笨下载"跳转正常,该类元素共18个，当前第15个
2020-07-22 19:07:18,039 - 2 - INFO - 页面"锁住备忘录_锁住备忘录下载_锁住备忘录官方下载-最笨下载"跳转正常,该类元素共18个，当前第16个
2020-07-22 19:07:24,180 - 2 - INFO - 页面"我的壁纸和主题_我的壁纸和主题下载_我的壁纸和主题官方下载-最笨下载"跳转正常,该类元素共18个，当前第17个
2020-07-22 19:07:30,332 - 2 - INFO - 页面"微书房_微书房下载_微书房官方下载-最笨下载"跳转正常,该类元素共18个，当前第18个
2020-07-22 19:07:37,609 - 2 - INFO - 页面"变态手游公益服_bt手游变态服_无限元宝bt手游下载_BT手游中心-最笨下载"跳转正常,该类元素共13个，当前第1个
2020-07-22 19:07:37,878 - basepage - INFO - Click back on current page.
2020-07-22 19:07:45,960 - 2 - INFO - 页面"变态手游公益服_bt手游变态服_无限元宝bt手游下载_BT手游中心-最笨下载"跳转正常,该类元素共13个，当前第2个
2020-07-22 19:07:46,441 - basepage - INFO - Click back on current page.
2020-07-22 19:07:54,645 - 2 - INFO - 页面"变态手游公益服_bt手游变态服_无限元宝bt手游下载_BT手游中心-最笨下载"跳转正常,该类元素共13个，当前第3个
2020-07-22 19:07:55,131 - basepage - INFO - Click back on current page.
2020-07-22 19:08:03,334 - 2 - INFO - 页面"变态手游公益服_bt手游变态服_无限元宝bt手游下载_BT手游中心-最笨下载"跳转正常,该类元素共13个，当前第4个
2020-07-22 19:08:03,581 - basepage - INFO - Click back on current page.
2020-07-22 19:08:11,758 - 2 - INFO - 页面"变态手游公益服_bt手游变态服_无限元宝bt手游下载_BT手游中心-最笨下载"跳转正常,该类元素共13个，当前第5个
2020-07-22 19:08:12,212 - basepage - INFO - Click back on current page.
2020-07-22 19:08:20,267 - 2 - INFO - 页面"变态手游公益服_bt手游变态服_无限元宝bt手游下载_BT手游中心-最笨下载"跳转正常,该类元素共13个，当前第6个
2020-07-22 19:08:20,713 - basepage - INFO - Click back on current page.
2020-07-22 19:08:28,752 - 2 - INFO - 页面"变态手游公益服_bt手游变态服_无限元宝bt手游下载_BT手游中心-最笨下载"跳转正常,该类元素共13个，当前第7个
2020-07-22 19:08:29,097 - basepage - INFO - Click back on current page.
2020-07-22 19:08:36,926 - 2 - INFO - 页面"变态手游公益服_bt手游变态服_无限元宝bt手游下载_BT手游中心-最笨下载"跳转正常,该类元素共13个，当前第8个
2020-07-22 19:08:37,387 - basepage - INFO - Click back on current page.
2020-07-22 19:08:45,458 - 2 - INFO - 页面"变态手游公益服_bt手游变态服_无限元宝bt手游下载_BT手游中心-最笨下载"跳转正常,该类元素共13个，当前第9个
2020-07-22 19:08:45,940 - basepage - INFO - Click back on current page.
2020-07-22 19:08:53,919 - 2 - INFO - 页面"变态手游公益服_bt手游变态服_无限元宝bt手游下载_BT手游中心-最笨下载"跳转正常,该类元素共13个，当前第10个
2020-07-22 19:08:54,177 - basepage - INFO - Click back on current page.
2020-07-22 19:09:02,150 - 2 - INFO - 页面"变态手游公益服_bt手游变态服_无限元宝bt手游下载_BT手游中心-最笨下载"跳转正常,该类元素共13个，当前第11个
2020-07-22 19:09:02,675 - basepage - INFO - Click back on current page.
2020-07-22 19:09:09,345 - 2 - ERROR - 页面"404-最笨下载"跳转异常,该类元素共13个，当前第12个
2020-07-22 19:09:09,823 - basepage - INFO - Click back on current page.
2020-07-22 19:09:18,502 - 2 - INFO - 页面"变态手游公益服_bt手游变态服_无限元宝bt手游下载_BT手游中心-最笨下载"跳转正常,该类元素共13个，当前第13个
2020-07-22 19:09:18,894 - basepage - INFO - Click back on current page.
2020-07-22 19:09:27,247 - 2 - INFO - 页面"猎手之王_猎手之王无限元宝服_SF变态版猎手之王公益服下载 - 最笨下载"跳转正常,该类元素共18个，当前第1个
2020-07-22 19:09:33,374 - 2 - INFO - 页面"莽荒天下（送388充值）_莽荒天下（送388充值）无限元宝服_SF变态版莽荒天下（送388充值）公益服下载 - 最笨下载"跳转正常,该类元素共18个，当前第2个
2020-07-22 19:09:39,526 - 2 - INFO - 页面"龙城秘境（送648元充值）_龙城秘境（送648元充值）无限元宝服_SF变态版龙城秘境（送648元充值）公益服下载 - 最笨下载"跳转正常,该类元素共18个，当前第3个
2020-07-22 19:09:45,681 - 2 - INFO - 页面"萌战无双（永抽特权）_萌战无双（永抽特权）无限元宝服_SF变态版萌战无双（永抽特权）公益服下载 - 最笨下载"跳转正常,该类元素共18个，当前第4个
2020-07-22 19:09:51,853 - 2 - INFO - 页面"新世界的神（福利特权）_新世界的神（福利特权）无限元宝服_SF变态版新世界的神（福利特权）公益服下载 - 最笨下载"跳转正常,该类元素共18个，当前第5个
2020-07-22 19:09:57,979 - 2 - INFO - 页面"逍遥天地（天天百连抽）_逍遥天地（天天百连抽）无限元宝服_SF变态版逍遥天地（天天百连抽）公益服下载 - 最笨下载"跳转正常,该类元素共18个，当前第6个
2020-07-22 19:10:04,100 - 2 - INFO - 页面"泡泡精灵（送7星超梦）_泡泡精灵（送7星超梦）无限元宝服_SF变态版泡泡精灵（送7星超梦）公益服下载 - 最笨下载"跳转正常,该类元素共18个，当前第7个
2020-07-22 19:10:10,218 - 2 - INFO - 页面"怒焰（送328充值）_怒焰（送328充值）无限元宝服_SF变态版怒焰（送328充值）公益服下载 - 最笨下载"跳转正常,该类元素共18个，当前第8个
2020-07-22 19:10:16,363 - 2 - INFO - 页面"无敌大航海（送328代金券）_无敌大航海（送328代金券）无限元宝服_SF变态版无敌大航海（送328代金券）公益服下载 - 最笨下载"跳转正常,该类元素共18个，当前第9个
2020-07-22 19:10:22,518 - 2 - INFO - 页面"诸神的试炼（送648充值卡）_诸神的试炼（送648充值卡）无限元宝服_SF变态版诸神的试炼（送648充值卡）公益服下载 - 最笨下载"跳转正常,该类元素共18个，当前第10个
2020-07-22 19:10:28,688 - 2 - INFO - 页面"英雄三国志（福利特权）_英雄三国志（福利特权）无限元宝服_SF变态版英雄三国志（福利特权）公益服下载 - 最笨下载"跳转正常,该类元素共18个，当前第11个
2020-07-22 19:10:34,879 - 2 - INFO - 页面"龙权天下（爬山送真充）_龙权天下（爬山送真充）无限元宝服_SF变态版龙权天下（爬山送真充）公益服下载 - 最笨下载"跳转正常,该类元素共18个，当前第12个
2020-07-22 19:10:41,011 - 2 - INFO - 页面"魔灵传说（福利特权）_魔灵传说（福利特权）无限元宝服_SF变态版魔灵传说（福利特权）公益服下载 - 最笨下载"跳转正常,该类元素共18个，当前第13个
2020-07-22 19:10:47,168 - 2 - INFO - 页面"大军师（送海量橙将）_大军师（送海量橙将）无限元宝服_SF变态版大军师（送海量橙将）公益服下载 - 最笨下载"跳转正常,该类元素共18个，当前第14个
2020-07-22 19:10:53,287 - 2 - INFO - 页面"仙域无双（海量送充值）_仙域无双（海量送充值）无限元宝服_SF变态版仙域无双（海量送充值）公益服下载 - 最笨下载"跳转正常,该类元素共18个，当前第15个
2020-07-22 19:10:59,488 - 2 - INFO - 页面"真龙战魂（复古绿色服）_真龙战魂（复古绿色服）无限元宝服_SF变态版真龙战魂（复古绿色服）公益服下载 - 最笨下载"跳转正常,该类元素共18个，当前第16个
2020-07-22 19:11:05,626 - 2 - INFO - 页面"剑灭逍遥（特惠代金券）_剑灭逍遥（特惠代金券）无限元宝服_SF变态版剑灭逍遥（特惠代金券）公益服下载 - 最笨下载"跳转正常,该类元素共18个，当前第17个
2020-07-22 19:11:11,745 - 2 - INFO - 页面"帝王崛起（送328充值）_帝王崛起（送328充值）无限元宝服_SF变态版帝王崛起（送328充值）公益服下载 - 最笨下载"跳转正常,该类元素共18个，当前第18个
2020-07-22 19:11:19,014 - 2 - INFO - 页面"满vip版手游_手游sf送顶级vip_满级vip无限元宝手游下载-最笨下载"跳转正常,该类元素共13个，当前第1个
2020-07-22 19:11:19,338 - basepage - INFO - Click back on current page.
2020-07-22 19:11:27,490 - 2 - INFO - 页面"满vip版手游_手游sf送顶级vip_满级vip无限元宝手游下载-最笨下载"跳转正常,该类元素共13个，当前第2个
2020-07-22 19:11:27,986 - basepage - INFO - Click back on current page.
2020-07-22 19:11:36,137 - 2 - INFO - 页面"满vip版手游_手游sf送顶级vip_满级vip无限元宝手游下载-最笨下载"跳转正常,该类元素共13个，当前第3个
2020-07-22 19:11:36,590 - basepage - INFO - Click back on current page.
2020-07-22 19:11:44,722 - 2 - INFO - 页面"满vip版手游_手游sf送顶级vip_满级vip无限元宝手游下载-最笨下载"跳转正常,该类元素共13个，当前第4个
2020-07-22 19:11:45,066 - basepage - INFO - Click back on current page.
2020-07-22 19:11:53,092 - 2 - INFO - 页面"满vip版手游_手游sf送顶级vip_满级vip无限元宝手游下载-最笨下载"跳转正常,该类元素共13个，当前第5个
2020-07-22 19:11:53,653 - basepage - INFO - Click back on current page.
2020-07-22 19:12:02,037 - 2 - INFO - 页面"满vip版手游_手游sf送顶级vip_满级vip无限元宝手游下载-最笨下载"跳转正常,该类元素共13个，当前第6个
2020-07-22 19:12:02,495 - basepage - INFO - Click back on current page.
2020-07-22 19:12:11,315 - 2 - INFO - 页面"满vip版手游_手游sf送顶级vip_满级vip无限元宝手游下载-最笨下载"跳转正常,该类元素共13个，当前第7个
2020-07-22 19:12:11,965 - basepage - INFO - Click back on current page.
2020-07-22 19:12:20,066 - 2 - INFO - 页面"满vip版手游_手游sf送顶级vip_满级vip无限元宝手游下载-最笨下载"跳转正常,该类元素共13个，当前第8个
2020-07-22 19:12:20,513 - basepage - INFO - Click back on current page.
2020-07-22 19:12:28,545 - 2 - INFO - 页面"满vip版手游_手游sf送顶级vip_满级vip无限元宝手游下载-最笨下载"跳转正常,该类元素共13个，当前第9个
2020-07-22 19:12:29,010 - basepage - INFO - Click back on current page.
2020-07-22 19:12:37,037 - 2 - INFO - 页面"满vip版手游_手游sf送顶级vip_满级vip无限元宝手游下载-最笨下载"跳转正常,该类元素共13个，当前第10个
2020-07-22 19:12:37,276 - basepage - INFO - Click back on current page.
2020-07-22 19:12:45,277 - 2 - INFO - 页面"满vip版手游_手游sf送顶级vip_满级vip无限元宝手游下载-最笨下载"跳转正常,该类元素共13个，当前第11个
2020-07-22 19:12:45,777 - basepage - INFO - Click back on current page.
2020-07-22 19:12:52,639 - 2 - ERROR - 页面"404-最笨下载"跳转异常,该类元素共13个，当前第12个
2020-07-22 19:12:53,169 - basepage - INFO - Click back on current page.
2020-07-22 19:13:01,828 - 2 - INFO - 页面"满vip版手游_手游sf送顶级vip_满级vip无限元宝手游下载-最笨下载"跳转正常,该类元素共13个，当前第13个
2020-07-22 19:13:02,191 - basepage - INFO - Click back on current page.
2020-07-22 19:13:10,584 - 2 - INFO - 页面"乱世祭（豪华特权）_乱世祭（豪华特权）无限元宝服_SF变态版乱世祭（豪华特权）公益服下载 - 最笨下载"跳转正常,该类元素共18个，当前第1个
2020-07-22 19:13:16,726 - 2 - INFO - 页面"仙灵世界（送海量连抽）_仙灵世界（送海量连抽）无限元宝服_SF变态版仙灵世界（送海量连抽）公益服下载 - 最笨下载"跳转正常,该类元素共18个，当前第2个
2020-07-22 19:13:22,853 - 2 - INFO - 页面"刀剑神魔录（送真·充值卡）_刀剑神魔录（送真·充值卡）无限元宝服_SF变态版刀剑神魔录（送真·充值卡）公益服下载 - 最笨下载"跳转正常,该类元素共18个，当前第3个
2020-07-22 19:13:28,978 - 2 - INFO - 页面"小小三国（送2000充值）_小小三国（送2000充值）无限元宝服_SF变态版小小三国（送2000充值）公益服下载 - 最笨下载"跳转正常,该类元素共18个，当前第4个
2020-07-22 19:13:35,123 - 2 - INFO - 页面"精灵战纪（送千元真充）_精灵战纪（送千元真充）无限元宝服_SF变态版精灵战纪（送千元真充）公益服下载 - 最笨下载"跳转正常,该类元素共18个，当前第5个
2020-07-22 19:13:41,258 - 2 - INFO - 页面"大话蜀山（星耀特权）_大话蜀山（星耀特权）无限元宝服_SF变态版大话蜀山（星耀特权）公益服下载 - 最笨下载"跳转正常,该类元素共18个，当前第6个
2020-07-22 19:13:47,411 - 2 - INFO - 页面"道天录（海量送充值）_道天录（海量送充值）无限元宝服_SF变态版道天录（海量送充值）公益服下载 - 最笨下载"跳转正常,该类元素共18个，当前第7个
2020-07-22 19:13:53,532 - 2 - INFO - 页面"九天封神（狂抽代金券）_九天封神（狂抽代金券）无限元宝服_SF变态版九天封神（狂抽代金券）公益服下载 - 最笨下载"跳转正常,该类元素共18个，当前第8个
2020-07-22 19:13:59,667 - 2 - INFO - 页面"傲笑江湖（真·文字修仙）_傲笑江湖（真·文字修仙）无限元宝服_SF变态版傲笑江湖（真·文字修仙）公益服下载 - 最笨下载"跳转正常,该类元素共18个，当前第9个
2020-07-22 19:14:05,805 - 2 - INFO - 页面"战神不败（GM送充值）_战神不败（GM送充值）无限元宝服_SF变态版战神不败（GM送充值）公益服下载 - 最笨下载"跳转正常,该类元素共18个，当前第10个
2020-07-22 19:14:11,941 - 2 - INFO - 页面"六界仙尊（送充值）_六界仙尊（送充值）无限元宝服_SF变态版六界仙尊（送充值）公益服下载 - 最笨下载"跳转正常,该类元素共18个，当前第11个
2020-07-22 19:14:18,109 - 2 - INFO - 页面"超进化战争（每日送充值）_超进化战争（每日送充值）无限元宝服_SF变态版超进化战争（每日送充值）公益服下载 - 最笨下载"跳转正常,该类元素共18个，当前第12个
2020-07-22 19:14:24,265 - 2 - INFO - 页面"三生三世十里桃花（星耀特权）_三生三世十里桃花（星耀特权）无限元宝服_SF变态版三生三世十里桃花（星耀特权）公益服下载 - 最笨下载"跳转正常,该类元素共18个，当前第13个
2020-07-22 19:14:30,400 - 2 - INFO - 页面"雷霆英雄（送海量钻石）_雷霆英雄（送海量钻石）无限元宝服_SF变态版雷霆英雄（送海量钻石）公益服下载 - 最笨下载"跳转正常,该类元素共18个，当前第14个
2020-07-22 19:14:36,544 - 2 - INFO - 页面"君临（至尊特权）_君临（至尊特权）无限元宝服_SF变态版君临（至尊特权）公益服下载 - 最笨下载"跳转正常,该类元素共18个，当前第15个
2020-07-22 19:14:42,705 - 2 - INFO - 页面"挂机吧主公（送海量元宝）_挂机吧主公（送海量元宝）无限元宝服_SF变态版挂机吧主公（送海量元宝）公益服下载 - 最笨下载"跳转正常,该类元素共18个，当前第16个
2020-07-22 19:14:48,843 - 2 - INFO - 页面"传奇盛世2（星耀特权）_传奇盛世2（星耀特权）无限元宝服_SF变态版传奇盛世2（星耀特权）公益服下载 - 最笨下载"跳转正常,该类元素共18个，当前第17个
2020-07-22 19:14:54,992 - 2 - INFO - 页面"战神世纪（送小龙女）_战神世纪（送小龙女）无限元宝服_SF变态版战神世纪（送小龙女）公益服下载 - 最笨下载"跳转正常,该类元素共18个，当前第18个
2020-07-22 19:15:01,388 - 2 - INFO - 页面"【苹果益智休闲游戏】好玩的iPhone益智休闲游戏大全_iPhone益智休闲类游戏下载-最笨下载"跳转正常,该类元素共16个，当前第1个
2020-07-22 19:15:01,680 - basepage - INFO - Click back on current page.
2020-07-22 19:15:08,680 - 2 - INFO - 页面"【苹果其他游戏】好玩的iphone其他游戏大全_iphone其他类游戏下载-最笨下载"跳转正常,该类元素共16个，当前第2个
2020-07-22 19:15:09,196 - basepage - INFO - Click back on current page.
2020-07-22 19:15:16,236 - 2 - INFO - 页面"【苹果音乐游戏】好玩的iphone音乐游戏大全_iphone音乐类游戏下载-最笨下载"跳转正常,该类元素共16个，当前第3个
2020-07-22 19:15:16,532 - basepage - INFO - Click back on current page.
2020-07-22 19:15:23,672 - 2 - INFO - 页面"【苹果网络游戏】好玩的iphone网络游戏大全_iphone网络类游戏下载-最笨下载"跳转正常,该类元素共16个，当前第4个
2020-07-22 19:15:24,015 - basepage - INFO - Click back on current page.
2020-07-22 19:15:30,883 - 2 - INFO - 页面"【苹果格斗游戏】好玩的iPhone格斗游戏大全_iPhone格斗类游戏下载-最笨下载"跳转正常,该类元素共16个，当前第5个
2020-07-22 19:15:31,326 - basepage - INFO - Click back on current page.
2020-07-22 19:15:38,474 - 2 - INFO - 页面"【苹果飞行游戏】好玩的iPhone飞行游戏大全_iPhone飞行类游戏下载-最笨下载"跳转正常,该类元素共16个，当前第6个
2020-07-22 19:15:38,742 - basepage - INFO - Click back on current page.
2020-07-22 19:15:46,322 - 2 - INFO - 页面"【苹果体育运动游戏】好玩的iPhone体育运动游戏大全_iPhone体育运动类游戏下载-最笨下载"跳转正常,该类元素共16个，当前第7个
2020-07-22 19:15:46,654 - basepage - INFO - Click back on current page.
2020-07-22 19:15:53,871 - 2 - INFO - 页面"【苹果模拟经营游戏】好玩的iPhone模拟经营游戏大全_iPhone模拟经营类游戏下载-最笨下载"跳转正常,该类元素共16个，当前第8个
2020-07-22 19:15:54,346 - basepage - INFO - Click back on current page.
2020-07-22 19:16:01,164 - 2 - INFO - 页面"【苹果策略游戏】好玩的iphone策略游戏大全_iphone策略类游戏下载-最笨下载"跳转正常,该类元素共16个，当前第9个
2020-07-22 19:16:01,430 - basepage - INFO - Click back on current page.
2020-07-22 19:16:08,511 - 2 - INFO - 页面"【苹果塔防游戏】好玩的iphone塔防游戏大全_iphone塔防类游戏下载-最笨下载"跳转正常,该类元素共16个，当前第10个
2020-07-22 19:16:08,756 - basepage - INFO - Click back on current page.
2020-07-22 19:16:15,927 - 2 - INFO - 页面"【苹果解谜游戏】好玩的iphone解谜游戏大全_iphone解谜类游戏下载-最笨下载"跳转正常,该类元素共16个，当前第11个
2020-07-22 19:16:16,454 - basepage - INFO - Click back on current page.
2020-07-22 19:16:23,580 - 2 - INFO - 页面"【苹果射击游戏】好玩的iphone射击游戏大全_iphone射击类游戏下载-最笨下载"跳转正常,该类元素共16个，当前第12个
2020-07-22 19:16:23,853 - basepage - INFO - Click back on current page.
2020-07-22 19:16:30,947 - 2 - INFO - 页面"【苹果棋牌游戏】好玩的iphone棋牌游戏大全_iphone棋牌类游戏下载-最笨下载"跳转正常,该类元素共16个，当前第13个
2020-07-22 19:16:31,223 - basepage - INFO - Click back on current page.
2020-07-22 19:16:38,440 - 2 - INFO - 页面"【苹果赛车游戏】好玩的iPhone赛车游戏大全_iPhone赛车类游戏下载-最笨下载"跳转正常,该类元素共16个，当前第14个
2020-07-22 19:16:38,892 - basepage - INFO - Click back on current page.
2020-07-22 19:16:45,948 - 2 - INFO - 页面"【苹果角色扮演游戏】好玩的iphone角色扮演游戏_iPhone角色扮演类游戏下载-最笨下载"跳转正常,该类元素共16个，当前第15个
2020-07-22 19:16:46,229 - basepage - INFO - Click back on current page.
2020-07-22 19:16:53,307 - 2 - INFO - 页面"【安卓动作游戏】好玩的iPhone动作游戏大全_iPhone动作类游戏下载-最笨下载"跳转正常,该类元素共16个，当前第16个
2020-07-22 19:16:53,599 - basepage - INFO - Click back on current page.
2020-07-22 19:17:01,984 - 2 - INFO - 页面"天之命（海量特权）ios版_天之命（海量特权）ios版下载_天之命（海量特权）ios版官方下载-最笨下载"跳转正常,该类元素共18个，当前第1个
2020-07-22 19:17:08,146 - 2 - INFO - 页面"魔剑侠缘（星耀特权）ios版_魔剑侠缘（星耀特权）ios版下载_魔剑侠缘（星耀特权）ios版官方下载-最笨下载"跳转正常,该类元素共18个，当前第2个
2020-07-22 19:17:14,333 - 2 - INFO - 页面"仙灵世界（复古绿色服）ios版_仙灵世界（复古绿色服）ios版下载_仙灵世界（复古绿色服）ios版官方下载-最笨下载"跳转正常,该类元素共18个，当前第3个
2020-07-22 19:17:20,515 - 2 - INFO - 页面"风之剑舞（至尊特权）ios版_风之剑舞（至尊特权）ios版下载_风之剑舞（至尊特权）ios版官方下载-最笨下载"跳转正常,该类元素共18个，当前第4个
2020-07-22 19:17:26,654 - 2 - INFO - 页面"塔塔星座（送328充值）ios版_塔塔星座（送328充值）ios版下载_塔塔星座（送328充值）ios版官方下载-最笨下载"跳转正常,该类元素共18个，当前第5个
2020-07-22 19:17:32,790 - 2 - INFO - 页面"烈焰封天（激爽特权）ios版_烈焰封天（激爽特权）ios版下载_烈焰封天（激爽特权）ios版官方下载-最笨下载"跳转正常,该类元素共18个，当前第6个
2020-07-22 19:17:38,912 - 2 - INFO - 页面"亿次元（送千元充值）ios版_亿次元（送千元充值）ios版下载_亿次元（送千元充值）ios版官方下载-最笨下载"跳转正常,该类元素共18个，当前第7个
2020-07-22 19:17:45,034 - 2 - INFO - 页面"古剑仙域（送海量充值）ios版_古剑仙域（送海量充值）ios版下载_古剑仙域（送海量充值）ios版官方下载-最笨下载"跳转正常,该类元素共18个，当前第8个
2020-07-22 19:17:51,156 - 2 - INFO - 页面"大军师（送海量橙将）ios版_大军师（送海量橙将）ios版下载_大军师（送海量橙将）ios版官方下载-最笨下载"跳转正常,该类元素共18个，当前第9个
2020-07-22 19:17:57,296 - 2 - INFO - 页面"传奇盛世2（星耀特权）ios版_传奇盛世2（星耀特权）ios版下载_传奇盛世2（星耀特权）ios版官方下载-最笨下载"跳转正常,该类元素共18个，当前第10个
2020-07-22 19:18:03,423 - 2 - INFO - 页面"雷霆狂暴（永久百连抽）ios版_雷霆狂暴（永久百连抽）ios版下载_雷霆狂暴（永久百连抽）ios版官方下载-最笨下载"跳转正常,该类元素共18个，当前第11个
2020-07-22 19:18:09,547 - 2 - INFO - 页面"暗黑纪元（送海量充值）ios版_暗黑纪元（送海量充值）ios版下载_暗黑纪元（送海量充值）ios版官方下载-最笨下载"跳转正常,该类元素共18个，当前第12个
2020-07-22 19:18:15,666 - 2 - INFO - 页面"进击的少女（百抽充值卡）ios版_进击的少女（百抽充值卡）ios版下载_进击的少女（百抽充值卡）ios版官方下载-最笨下载"跳转正常,该类元素共18个，当前第13个
2020-07-22 19:18:21,788 - 2 - INFO - 页面"战神不败（GM送充值）ios版_战神不败（GM送充值）ios版下载_战神不败（GM送充值）ios版官方下载-最笨下载"跳转正常,该类元素共18个，当前第14个
2020-07-22 19:18:27,908 - 2 - INFO - 页面"狩游世界ios版_狩游世界ios版下载_狩游世界ios版官方下载-最笨下载"跳转正常,该类元素共18个，当前第15个
2020-07-22 19:18:34,027 - 2 - INFO - 页面"雷霆英雄（送蝙蝠侠）ios版_雷霆英雄（送蝙蝠侠）ios版下载_雷霆英雄（送蝙蝠侠）ios版官方下载-最笨下载"跳转正常,该类元素共18个，当前第16个
2020-07-22 19:18:40,162 - 2 - INFO - 页面"破坏神（福利特权）ios版_破坏神（福利特权）ios版下载_破坏神（福利特权）ios版官方下载-最笨下载"跳转正常,该类元素共18个，当前第17个
2020-07-22 19:18:46,283 - 2 - INFO - 页面"仙界幻世录（元宝尊享）ios版_仙界幻世录（元宝尊享）ios版下载_仙界幻世录（元宝尊享）ios版官方下载-最笨下载"跳转正常,该类元素共18个，当前第18个
2020-07-22 19:18:54,200 - 2 - INFO - 页面"ios无限元宝的手游"跳转正常,该类元素共4个，当前第1个
2020-07-22 19:18:54,414 - basepage - INFO - Click back on current page.
2020-07-22 19:18:59,493 - 2 - INFO - 页面"gm手游助手ios"跳转正常,该类元素共4个，当前第2个
2020-07-22 19:18:59,888 - basepage - INFO - Click back on current page.
2020-07-22 19:19:05,653 - 2 - INFO - 页面"ios变态服游戏"跳转正常,该类元素共4个，当前第3个
2020-07-22 19:19:05,868 - basepage - INFO - Click back on current page.
2020-07-22 19:19:10,534 - 2 - INFO - 页面"ios手游破解平台"跳转正常,该类元素共4个，当前第4个
2020-07-22 19:19:10,784 - basepage - INFO - Click back on current page.
2020-07-22 19:19:18,178 - 2 - INFO - 页面"【最笨周末活动】7月10日晴了一夏周末福利活动"跳转正常,该类元素共4个，当前第1个
2020-07-22 19:19:18,437 - basepage - INFO - Click back on current page.
2020-07-22 19:19:23,761 - 2 - INFO - 页面"【最笨周末活动】7月3日清凉一夏活动来袭~"跳转正常,该类元素共4个，当前第2个
2020-07-22 19:19:24,281 - basepage - INFO - Click back on current page.
2020-07-22 19:19:28,958 - 2 - INFO - 页面"【最笨周末活动】7月17日夏日活动 福利好礼一夏"跳转正常,该类元素共4个，当前第3个
2020-07-22 19:19:29,184 - basepage - INFO - Click back on current page.
2020-07-22 19:19:33,804 - 2 - INFO - 页面"【最笨活动】6.24端午节活动来袭~粽享福利壕礼！"跳转正常,该类元素共4个，当前第4个
2020-07-22 19:19:34,033 - basepage - INFO - Click back on current page.
2020-07-22 19:19:40,130 - 2 - INFO - 页面"怎么和巨蟹男聊天 和巨蟹男聊天的技巧"跳转正常,该类元素共20个，当前第1个
2020-07-22 19:19:46,270 - 2 - INFO - 页面"和异性聊天的技巧 怎么和和异性聊天"跳转正常,该类元素共20个，当前第2个
2020-07-22 19:19:52,418 - 2 - INFO - 页面"和男生微信聊天技巧 和男生聊天技巧分享"跳转正常,该类元素共20个，当前第3个
2020-07-22 19:19:58,574 - 2 - INFO - 页面"微信和女孩聊天技巧 微信聊天技巧话术分享"跳转正常,该类元素共20个，当前第4个
2020-07-22 19:20:04,697 - 2 - INFO - 页面"跟人聊天的技巧-与人沟通的十大技巧"跳转正常,该类元素共20个，当前第5个
2020-07-22 19:20:10,828 - 2 - INFO - 页面"对马岛之魂白金奖杯怎么达成 白金奖杯达成技巧"跳转正常,该类元素共20个，当前第6个
2020-07-22 19:20:16,966 - 2 - INFO - 页面"对马岛之魂怎么格挡敌人技能 格挡快捷键使用技"跳转正常,该类元素共20个，当前第7个
2020-07-22 19:20:23,089 - 2 - INFO - 页面"对马岛之魂8个灯塔位置在哪 对马岛之魂8个灯塔"跳转正常,该类元素共20个，当前第8个
2020-07-22 19:20:29,212 - 2 - INFO - 页面"和平精英神秘空投怎么触发？神秘空投高概率触"跳转正常,该类元素共20个，当前第9个
2020-07-22 19:20:35,340 - 2 - INFO - 页面"和平精英五曜2.0活动奖励套装一览"跳转正常,该类元素共20个，当前第10个
2020-07-22 19:20:41,477 - 2 - INFO - 页面"现在什么游戏玩的人多-游戏玩的人多的排名202"跳转正常,该类元素共20个，当前第11个
2020-07-22 19:20:47,601 - 2 - INFO - 页面"2020有什么好玩的网游推荐-2020新网游排行榜"跳转正常,该类元素共20个，当前第12个
2020-07-22 19:20:53,758 - 2 - INFO - 页面"有什么好玩的游戏吗-2020好玩的游戏手游排行榜"跳转正常,该类元素共20个，当前第13个
2020-07-22 19:20:59,930 - 2 - INFO - 页面"好玩的修真网游-修真网游游戏排行榜2020"跳转正常,该类元素共20个，当前第14个
2020-07-22 19:21:06,083 - 2 - INFO - 页面"新开变态传世手游-新开超变传世手游下载"跳转正常,该类元素共20个，当前第15个
2020-07-22 19:21:12,237 - 2 - INFO - 页面"2020和平精英幸运空投怎么触发"跳转正常,该类元素共20个，当前第16个
2020-07-22 19:21:18,367 - 2 - INFO - 页面"对马岛之魂坚不可摧的吾作钥匙怎么得"跳转正常,该类元素共20个，当前第17个
2020-07-22 19:21:24,487 - 2 - INFO - 页面"DNF手游平民选什么职业"跳转正常,该类元素共20个，当前第18个
2020-07-22 19:21:30,648 - 2 - INFO - 页面"跑跑卡丁车手游粉红企鹅技能是什么"跳转正常,该类元素共20个，当前第19个
2020-07-22 19:21:36,831 - 2 - INFO - 页面"重装战姬空白记忆体怎么用"跳转正常,该类元素共20个，当前第20个
2020-07-22 19:21:43,317 - 2 - INFO - 页面"apk3安卓网-2020最新apk安卓游戏-热门apk软件下载平台"跳转正常,该类元素共34个，当前第1个
2020-07-22 19:21:49,448 - 2 - INFO - 页面"小游戏,在线小游戏,小游戏大全,双人小游戏,3199小游戏"跳转正常,该类元素共34个，当前第2个
2020-07-22 19:21:55,613 - 2 - INFO - 页面"中文网站排行榜_alexa排行 - 爱站网站排行榜"跳转正常,该类元素共34个，当前第3个
2020-07-22 19:22:01,749 - 2 - INFO - 页面"9号下载_下载软件_免费下载单机游戏_手机游戏下载大全"跳转正常,该类元素共34个，当前第4个
2020-07-22 19:22:37,179 - 2 - INFO - 页面"软件下载中心_绿色免费软件,手机游戏|软件下载,到超人软件站"跳转正常,该类元素共34个，当前第5个
2020-07-22 19:22:43,310 - 2 - INFO - 页面"系统圣地,绿色免费软件,手游下载等软件下载网站"跳转正常,该类元素共34个，当前第6个
2020-07-22 19:22:49,436 - 2 - INFO - 页面"天天安卓模拟器_安卓模拟器电脑版下载_天天模拟器官网"跳转正常,该类元素共34个，当前第7个
2020-07-22 19:22:55,567 - 2 - INFO - 页面"好看小说推荐_热门小说大全_小说排行榜 - 玖陆文学"跳转正常,该类元素共34个，当前第8个
2020-07-22 19:23:01,677 - 2 - INFO - 页面"IE8 IE9 IE10 IE浏览器下载 - IE浏览器中文网站"跳转正常,该类元素共34个，当前第9个
2020-07-22 19:23:07,857 - 2 - INFO - 页面"bt手游平台_满v手游公益服_gm手游排行榜_3733游戏盒子官网"跳转正常,该类元素共34个，当前第10个
2020-07-22 19:23:44,138 - 2 - INFO - 页面"bt公益服变态手游排行榜前十名[新开公测热门+在线人多+免费大型网游]新开最热门好玩人气高的网络游戏有什么_安卓苹果ios客户端游戏下载大全_8979游戏官网"跳转正常,该类元素共34个，当前第11个
2020-07-22 19:23:50,289 - 2 - INFO - 页面"【破解版手机游戏】手机破解游戏下载_安卓手机游戏破解版下载大全-最笨下载"跳转正常,该类元素共34个，当前第12个
2020-07-22 19:23:56,446 - 2 - INFO - 页面"windows10系统之家 - 系统之家提供win10专业版,ISO镜像,企业版等win10系统下载"跳转正常,该类元素共34个，当前第13个
2020-07-22 19:24:02,605 - 2 - INFO - 页面"39整形美容_中国专业医学整形美容门户"跳转正常,该类元素共34个，当前第14个
2020-07-22 19:24:08,734 - 2 - INFO - 页面"零度软件园_官方软件下载_绿色软件_游戏下载_值得信赖的下载站！"跳转正常,该类元素共34个，当前第15个
2020-07-22 19:24:14,882 - 2 - INFO - 页面"单机游戏_单机游戏下载大全中文版下载_好玩的单机游戏下载基地 - 99单机游戏"跳转正常,该类元素共34个，当前第16个
2020-07-22 19:24:20,986 - 2 - INFO - 页面"安卓市场_安卓游戏破解版下载_单机破解版游戏大全_手机网游下载"跳转正常,该类元素共34个，当前第17个
2020-07-22 19:25:17,247 - 2 - INFO - 页面"手机游戏下载-手机软件下载-电脑软件下载-小黑游戏"跳转正常,该类元素共34个，当前第18个
2020-07-22 19:25:23,384 - 2 - INFO - 页面"手机游戏_手机游戏排行榜_好玩的手机游戏_安卓手机游戏推荐_易玩网"跳转正常,该类元素共34个，当前第19个
2020-07-22 19:25:29,536 - 2 - INFO - 页面"手机游戏_好玩的手机游戏下载_手机游戏排行榜-游戏吧"跳转正常,该类元素共34个，当前第20个
2020-07-22 19:25:35,666 - 2 - INFO - 页面"免费手机游戏_好玩的单机游戏_安卓破解版游戏下载_apk8安卓网"跳转正常,该类元素共34个，当前第21个
2020-07-22 19:25:41,813 - 2 - INFO - 页面"免费手机游戏_好玩的单机游戏_安卓破解版游戏下载_apk8安卓网"跳转正常,该类元素共34个，当前第22个
2020-07-22 19:25:47,943 - 2 - INFO - 页面"安卓破解版游戏下载_单机手机破解游戏大全_免费游戏破解版下载-最笨下载"跳转正常,该类元素共34个，当前第23个
2020-07-22 19:25:54,066 - 2 - INFO - 页面"app.3987.com"跳转正常,该类元素共34个，当前第24个
2020-07-22 19:26:00,158 - 2 - INFO - 页面"可可出招表-流星蝴蝶剑出招表-拳皇97出招表-手机游戏-绿色软件下载"跳转正常,该类元素共34个，当前第25个
2020-07-22 19:26:07,203 - 2 - INFO - 页面"爪游控 | 新锐综合资讯媒体"跳转正常,该类元素共34个，当前第26个
2020-07-22 19:26:13,375 - 2 - INFO - 页面"3733游戏盒官网_bt游戏_满vip手游_gm手游大全_破解游戏盒子下载"跳转正常,该类元素共34个，当前第27个
2020-07-22 19:26:19,513 - 2 - INFO - 页面"绿色免费电脑软件下载_手机软件游戏下载中心-520下载站"跳转正常,该类元素共34个，当前第28个
2020-07-22 19:26:25,682 - 2 - INFO - 页面"免费大型经典安卓破解版单机游戏下载排行榜_手机最火爆最新出热门好玩人气高3DBT网络游戏有什么_破解游戏盒子软件大全-下载多"跳转正常,该类元素共34个，当前第29个
2020-07-22 19:26:31,851 - 2 - INFO - 页面"3733游戏盒官网_bt游戏_满vip手游_gm手游大全_破解游戏盒子下载"跳转正常,该类元素共34个，当前第30个
2020-07-22 19:26:42,077 - 2 - INFO - 页面"VR之家_专业VR游戏软件下载网站_VR应用_VR电影_VR视频_VR资源-VR之家"跳转正常,该类元素共34个，当前第31个
2020-07-22 19:26:48,221 - 2 - INFO - 页面"手机玩_免费安卓手机游戏_安卓游戏破解版下载_破解游戏盒子下载"跳转正常,该类元素共34个，当前第32个
2020-07-22 19:26:54,365 - 2 - INFO - 页面"gm手游平台_gm手游盒子_gm版手游下载_3733游戏官网"跳转正常,该类元素共34个，当前第33个
2020-07-22 19:27:06,795 - 2 - INFO - 页面"gm手游平台_gm版无限元宝手游_gm手游盒子下载_gm助手官网"跳转正常,该类元素共34个，当前第34个
2020-07-22 19:27:12,780 - 2 - INFO - 进入"游戏"模块，将执行随机函数
2020-07-22 19:27:15,225 - 2 - INFO - 随机页面"进击的少女（百抽充值卡）"跳转正常，当前第1个
2020-07-22 19:27:15,329 - basepage - INFO - Click back on current page.
2020-07-22 19:27:19,719 - 2 - INFO - 随机页面"大话许仙（钱庄特权）"跳转正常，当前第2个
2020-07-22 19:27:19,838 - basepage - INFO - Click back on current page.
2020-07-22 19:27:24,194 - 2 - INFO - 随机页面"萌三国（海量送充值）"跳转正常，当前第3个
2020-07-22 19:27:24,295 - basepage - INFO - Click back on current page.
2020-07-22 19:27:28,712 - 2 - INFO - 随机页面"六界仙尊（送充值）"跳转正常，当前第1个
2020-07-22 19:27:28,853 - basepage - INFO - Click back on current page.
2020-07-22 19:27:33,486 - 2 - INFO - 随机页面"唐门六道（送千元充值）"跳转正常，当前第2个
2020-07-22 19:27:33,586 - basepage - INFO - Click back on current page.
2020-07-22 19:27:38,098 - 2 - INFO - 随机页面"梦幻沙城（海量抽充值）"跳转正常，当前第3个
2020-07-22 19:27:38,231 - basepage - INFO - Click back on current page.
2020-07-22 19:27:43,339 - 2 - INFO - 进入"应用"模块，将执行随机函数
2020-07-22 19:27:45,972 - 2 - INFO - 随机页面"土味情话社"跳转正常，当前第1个
2020-07-22 19:27:46,109 - basepage - INFO - Click back on current page.
2020-07-22 19:27:50,760 - 2 - INFO - 随机页面"蜜小助"跳转正常，当前第2个
2020-07-22 19:27:50,873 - basepage - INFO - Click back on current page.
2020-07-22 19:27:55,827 - 2 - INFO - 随机页面"爱情套路"跳转正常，当前第3个
2020-07-22 19:27:55,950 - basepage - INFO - Click back on current page.
2020-07-22 19:28:00,331 - 2 - INFO - 随机页面"撩吧"跳转正常，当前第1个
2020-07-22 19:28:00,438 - basepage - INFO - Click back on current page.
2020-07-22 19:28:04,800 - 2 - INFO - 随机页面"遇知音"跳转正常，当前第2个
2020-07-22 19:28:04,912 - basepage - INFO - Click back on current page.
2020-07-22 19:28:09,592 - 2 - INFO - 随机页面"3733游戏盒子"跳转正常，当前第3个
2020-07-22 19:28:09,710 - basepage - INFO - Click back on current page.
2020-07-22 19:28:16,754 - 2 - INFO - 进入"资讯"模块，将执行随机函数
2020-07-22 19:28:20,356 - 2 - INFO - 随机页面"DNF手游怎么升级快？快速升级攻略"跳转正常，当前第1个
2020-07-22 19:28:20,453 - basepage - INFO - Click back on current page.
2020-07-22 19:28:25,820 - 2 - INFO - 随机页面"DNF手游宠物怎么获得？宠物获取途径一览"跳转正常，当前第2个
2020-07-22 19:28:25,932 - basepage - INFO - Click back on current page.
2020-07-22 19:28:31,228 - 2 - INFO - 随机页面"聊天技巧怎么幽默追女孩子 聊天套话技巧分享"跳转正常，当前第3个
2020-07-22 19:28:31,394 - basepage - INFO - Click back on current page.
2020-07-22 19:28:35,814 - 2 - INFO - 随机页面"唐门六道（送千元充值）"跳转正常，当前第1个
2020-07-22 19:28:35,908 - basepage - INFO - Click back on current page.
2020-07-22 19:28:40,252 - 2 - INFO - 随机页面"六界仙尊（送充值）"跳转正常，当前第2个
2020-07-22 19:28:40,352 - basepage - INFO - Click back on current page.
2020-07-22 19:28:45,026 - 2 - INFO - 随机页面"魔法之光（红忍海量抽）"跳转正常，当前第3个
2020-07-22 19:28:45,129 - basepage - INFO - Click back on current page.
2020-07-22 19:28:50,198 - 2 - INFO - 进入"专题"模块，将执行随机函数
2020-07-22 19:28:54,214 - 2 - INFO - 页面"开局就爆光柱的传奇手游"跳转正常,该类元素共1个，当前第1个
2020-07-22 19:28:54,348 - basepage - INFO - Click back on current page.
2020-07-22 19:29:00,077 - 2 - INFO - 随机页面"传奇世界之仗剑天涯（星耀特权）"跳转正常，当前第1个
2020-07-22 19:29:00,199 - basepage - INFO - Click back on current page.
2020-07-22 19:29:05,342 - 2 - INFO - 随机页面"巨龙之戒"跳转正常，当前第2个
2020-07-22 19:29:05,541 - basepage - INFO - Click back on current page.
2020-07-22 19:29:10,837 - 2 - INFO - 随机页面"传奇盛世2（福利特权）"跳转正常，当前第3个
2020-07-22 19:29:10,967 - basepage - INFO - Click back on current page.
2020-07-22 19:29:16,901 - 2 - INFO - 页面"2020网络游戏排行榜"跳转正常,该类元素共1个，当前第1个
2020-07-22 19:29:17,087 - basepage - INFO - Click back on current page.
2020-07-22 19:29:21,679 - 2 - INFO - 随机页面"战神新世纪（每日送30充值）"跳转正常，当前第1个
2020-07-22 19:29:21,791 - basepage - INFO - Click back on current page.
2020-07-22 19:29:26,835 - 2 - INFO - 随机页面"真江湖HD（万抽特权）"跳转正常，当前第2个
2020-07-22 19:29:26,952 - basepage - INFO - Click back on current page.
2020-07-22 19:29:32,461 - 2 - INFO - 随机页面"神战三国（送328充值）"跳转正常，当前第3个
2020-07-22 19:29:32,579 - basepage - INFO - Click back on current page.
2020-07-22 19:29:38,479 - 2 - INFO - 页面"宅男手游排行榜"跳转正常,该类元素共1个，当前第1个
2020-07-22 19:29:38,668 - basepage - INFO - Click back on current page.
2020-07-22 19:29:43,017 - 2 - INFO - 随机页面"进击的少女（百抽充值卡）"跳转正常，当前第1个
2020-07-22 19:29:43,134 - basepage - INFO - Click back on current page.
2020-07-22 19:29:47,530 - 2 - INFO - 随机页面"女神联盟2（星耀内测）"跳转正常，当前第2个
2020-07-22 19:29:47,647 - basepage - INFO - Click back on current page.
2020-07-22 19:29:52,024 - 2 - INFO - 随机页面"战神世纪（送小龙女）"跳转正常，当前第3个
2020-07-22 19:29:52,233 - basepage - INFO - Click back on current page.
2020-07-22 19:29:57,786 - 2 - INFO - 页面"免费十连抽的游戏"跳转正常,该类元素共1个，当前第1个
2020-07-22 19:29:57,903 - basepage - INFO - Click back on current page.
2020-07-22 19:30:02,893 - 2 - INFO - 随机页面"闪将三国（海量百抽）"跳转正常，当前第1个
2020-07-22 19:30:03,012 - basepage - INFO - Click back on current page.
2020-07-22 19:30:07,376 - 2 - INFO - 随机页面"魔法之光（红忍海量抽）"跳转正常，当前第2个
2020-07-22 19:30:07,498 - basepage - INFO - Click back on current page.
2020-07-22 19:30:11,860 - 2 - INFO - 随机页面"战神不败（GM送充值）"跳转正常，当前第3个
2020-07-22 19:30:12,050 - basepage - INFO - Click back on current page.
2020-07-22 19:30:18,737 - 2 - INFO - 页面"变态三国手游"跳转正常,该类元素共1个，当前第1个
2020-07-22 19:30:18,851 - basepage - INFO - Click back on current page.
2020-07-22 19:30:23,205 - 2 - INFO - 随机页面"萌三国（海量送充值）"跳转正常，当前第1个
2020-07-22 19:30:23,507 - basepage - INFO - Click back on current page.
2020-07-22 19:30:27,922 - 2 - INFO - 随机页面"闪将三国（海量百抽）"跳转正常，当前第2个
2020-07-22 19:30:28,037 - basepage - INFO - Click back on current page.
2020-07-22 19:30:33,003 - 2 - INFO - 随机页面"三国群将传（送1000充值）"跳转正常，当前第3个
2020-07-22 19:30:33,124 - basepage - INFO - Click back on current page.
2020-07-22 19:30:38,313 - 2 - INFO - 页面"变态版rpg手游"跳转正常,该类元素共1个，当前第1个
2020-07-22 19:30:38,419 - basepage - INFO - Click back on current page.
2020-07-22 19:30:42,832 - 2 - INFO - 随机页面"六界仙尊（送充值）"跳转正常，当前第1个
2020-07-22 19:30:42,964 - basepage - INFO - Click back on current page.
2020-07-22 19:30:47,311 - 2 - INFO - 随机页面"武器之王（福利特权）"跳转正常，当前第2个
2020-07-22 19:30:47,513 - basepage - INFO - Click back on current page.
2020-07-22 19:30:51,855 - 2 - INFO - 随机页面"仙域无双（海量送充值）"跳转正常，当前第3个
2020-07-22 19:30:51,982 - basepage - INFO - Click back on current page.
2020-07-22 19:30:57,450 - 2 - INFO - 页面"变态网页游戏"跳转正常,该类元素共1个，当前第1个
2020-07-22 19:30:57,579 - basepage - INFO - Click back on current page.
2020-07-22 19:31:02,600 - 2 - INFO - 随机页面"雷霆狂暴（永久百连抽）"跳转正常，当前第1个
2020-07-22 19:31:02,733 - basepage - INFO - Click back on current page.
2020-07-22 19:31:07,691 - 2 - INFO - 随机页面"亿次元（送千元充值）"跳转正常，当前第2个
2020-07-22 19:31:07,821 - basepage - INFO - Click back on current page.
2020-07-22 19:31:13,052 - 2 - INFO - 随机页面"至尊大主宰（送328充值）"跳转正常，当前第3个
2020-07-22 19:31:13,187 - basepage - INFO - Click back on current page.
2020-07-22 19:31:18,448 - 2 - INFO - 页面"网页游戏公益服"跳转正常,该类元素共1个，当前第1个
2020-07-22 19:31:18,691 - basepage - INFO - Click back on current page.
2020-07-22 19:31:23,066 - 2 - INFO - 随机页面"魔法之光（红忍海量抽）"跳转正常，当前第1个
2020-07-22 19:31:23,206 - basepage - INFO - Click back on current page.
2020-07-22 19:31:27,573 - 2 - INFO - 随机页面"仙灵世界（送海量连抽）"跳转正常，当前第2个
2020-07-22 19:31:27,774 - basepage - INFO - Click back on current page.
2020-07-22 19:31:32,112 - 2 - INFO - 随机页面"六界仙尊（送充值）"跳转正常，当前第3个
2020-07-22 19:31:32,225 - basepage - INFO - Click back on current page.
2020-07-22 19:31:37,786 - 2 - INFO - 页面"ios角色扮演游戏"跳转正常,该类元素共1个，当前第1个
2020-07-22 19:31:38,012 - basepage - INFO - Click back on current page.
2020-07-22 19:31:42,404 - 2 - INFO - 随机页面"古剑仙域（送海量充值）ios版"跳转正常，当前第1个
2020-07-22 19:31:42,559 - basepage - INFO - Click back on current page.
2020-07-22 19:31:47,012 - 2 - INFO - 随机页面"暗黑纪元（送海量充值）ios版"跳转正常，当前第2个
2020-07-22 19:31:47,208 - basepage - INFO - Click back on current page.
2020-07-22 19:31:51,615 - 2 - INFO - 随机页面"雷霆狂暴（永久百连抽）ios版"跳转正常，当前第3个
2020-07-22 19:31:51,776 - basepage - INFO - Click back on current page.
2020-07-22 19:31:57,644 - 2 - INFO - 页面"画面好看的网游"跳转正常,该类元素共1个，当前第1个
2020-07-22 19:31:57,838 - basepage - INFO - Click back on current page.
2020-07-22 19:32:02,713 - 2 - INFO - 随机页面"最笨游戏盒子"跳转正常，当前第1个
2020-07-22 19:32:02,841 - basepage - INFO - Click back on current page.
2020-07-22 19:32:08,018 - 2 - INFO - 随机页面"逍遥剑"跳转正常，当前第2个
2020-07-22 19:32:08,181 - basepage - INFO - Click back on current page.
2020-07-22 19:32:13,157 - 2 - INFO - 随机页面"最Q幻想"跳转正常，当前第3个
2020-07-22 19:32:13,280 - basepage - INFO - Click back on current page.
2020-07-22 19:32:19,622 - 2 - INFO - 进入"电脑"模块，将执行随机函数
2020-07-22 19:32:22,065 - 2 - INFO - 随机页面"仙灵世界（送海量连抽）"跳转正常，当前第1个
2020-07-22 19:32:22,257 - basepage - INFO - Click back on current page.
2020-07-22 19:32:26,639 - 2 - INFO - 随机页面"六界仙尊（送充值）"跳转正常，当前第2个
2020-07-22 19:32:26,729 - basepage - INFO - Click back on current page.
2020-07-22 19:32:31,074 - 2 - INFO - 随机页面"武器之王（福利特权）"跳转正常，当前第3个
2020-07-22 19:32:31,207 - basepage - INFO - Click back on current page.
2020-07-22 19:32:38,763 - 2 - INFO - 进入"APP大全"模块，将执行随机函数
2020-07-22 19:32:42,886 - 2 - INFO - 页面"龙之谷2"跳转正常,该类元素共16个，当前第1个
2020-07-22 19:32:49,016 - 2 - INFO - 页面"光遇"跳转正常,该类元素共16个，当前第2个
2020-07-22 19:32:55,104 - 2 - INFO - 页面"最强蜗牛"跳转正常,该类元素共16个，当前第3个
2020-07-22 19:33:01,209 - 2 - INFO - 页面"塞尔达"跳转正常,该类元素共16个，当前第4个
2020-07-22 19:33:07,294 - 2 - INFO - 页面"山海镜花"跳转正常,该类元素共16个，当前第5个
2020-07-22 19:33:13,405 - 2 - INFO - 页面"公主连结"跳转正常,该类元素共16个，当前第6个
2020-07-22 19:33:19,555 - 2 - INFO - 页面"网络工具"跳转正常,该类元素共16个，当前第7个
2020-07-22 19:33:25,671 - 2 - INFO - 页面"集合啦动物森友会"跳转正常,该类元素共16个，当前第8个
2020-07-22 19:33:31,770 - 2 - INFO - 页面"龙族幻想"跳转正常,该类元素共16个，当前第9个
2020-07-22 19:33:37,848 - 2 - INFO - 页面"剑与远征"跳转正常,该类元素共16个，当前第10个
2020-07-22 19:33:43,953 - 2 - INFO - 页面"烟雨江湖"跳转正常,该类元素共16个，当前第11个
2020-07-22 19:33:50,077 - 2 - INFO - 页面"云顶之弈"跳转正常,该类元素共16个，当前第12个
2020-07-22 19:33:56,174 - 2 - INFO - 页面"家国梦"跳转正常,该类元素共16个，当前第13个
2020-07-22 19:34:02,287 - 2 - INFO - 页面"棋牌"跳转正常,该类元素共16个，当前第14个
2020-07-22 19:34:08,415 - 2 - INFO - 页面"gta5"跳转正常,该类元素共16个，当前第15个
2020-07-22 19:34:14,553 - 2 - INFO - 页面"模拟江湖"跳转正常,该类元素共16个，当前第16个
2020-07-22 19:34:16,605 - basepage - INFO - zuiben自动化测试结束
