2020-07-28 18:20:07,759 - basepage - INFO - zuiben自动化测试开始
2020-07-28 18:20:07,765 - basepage - INFO - 隐性等待 10 秒
2020-07-28 18:20:11,695 - basepage - INFO - 跳转至https://www.zuiben.com/
2020-07-28 18:20:13,814 - basepage - INFO - 窗口已经最大化
2020-07-28 18:20:20,031 - 2 - INFO - 页面"【安卓游戏】好玩的安卓游戏下载_安卓游戏排行榜_安卓游戏免费下载大全-最笨下载"跳转正常,该类元素共21个，当前第1个
2020-07-28 18:20:20,272 - basepage - INFO - Click back on current page.
2020-07-28 18:20:24,784 - 2 - INFO - 页面"变态手游公益服_bt手游变态服_无限元宝bt手游下载_BT手游中心-最笨下载"跳转正常,该类元素共21个，当前第2个
2020-07-28 18:20:25,006 - basepage - INFO - Click back on current page.
2020-07-28 18:20:29,230 - 2 - INFO - 页面"gm版手游_无限元宝/钻石公益服_0元免费gm权限手游下载-最笨下载"跳转正常,该类元素共21个，当前第3个
2020-07-28 18:20:29,454 - basepage - INFO - Click back on current page.
2020-07-28 18:20:36,129 - 2 - INFO - 页面"【苹果游戏】iphone苹果手机游戏下载_iphone苹果游戏排行榜-最笨下载"跳转正常,该类元素共21个，当前第4个
2020-07-28 18:20:36,505 - basepage - INFO - Click back on current page.
2020-07-28 18:20:41,003 - 2 - INFO - 页面"满vip版手游_手游sf送顶级vip_满级vip无限元宝手游下载-最笨下载"跳转正常,该类元素共21个，当前第5个
2020-07-28 18:20:41,234 - basepage - INFO - Click back on current page.
2020-07-28 18:20:47,740 - 2 - INFO - 页面"【安卓软件】安卓软件下载_安卓手机软件下载_安卓软件免费下载大全-最笨下载"跳转正常,该类元素共21个，当前第6个
2020-07-28 18:20:48,112 - basepage - INFO - Click back on current page.
2020-07-28 18:20:54,420 - 2 - INFO - 页面"【苹果软件】iphone苹果下载软件_iphone苹果软件免费下载_苹果软件下载大全-最笨下载"跳转正常,该类元素共21个，当前第7个
2020-07-28 18:20:54,651 - basepage - INFO - Click back on current page.
2020-07-28 18:20:59,635 - 2 - INFO - 页面"【安卓资讯】安卓资讯推荐_安卓资讯大全-最笨下载"跳转正常,该类元素共21个，当前第8个
2020-07-28 18:20:59,849 - basepage - INFO - Click back on current page.
2020-07-28 18:21:04,279 - 2 - INFO - 页面"【安卓游戏攻略】安卓游戏攻略推荐_安卓游戏攻略大全-最笨下载"跳转正常,该类元素共21个，当前第9个
2020-07-28 18:21:04,508 - basepage - INFO - Click back on current page.
2020-07-28 18:21:09,524 - 2 - INFO - 页面"【安卓软件教程】安卓软件教程推荐_安卓软件教程大全-最笨下载"跳转正常,该类元素共21个，当前第10个
2020-07-28 18:21:09,751 - basepage - INFO - Click back on current page.
2020-07-28 18:21:14,702 - 2 - INFO - 页面"【iphone资讯】iphone资讯推荐_iphone资讯大全-最笨下载"跳转正常,该类元素共21个，当前第11个
2020-07-28 18:21:14,927 - basepage - INFO - Click back on current page.
2020-07-28 18:21:19,850 - 2 - INFO - 页面"【iPhone游戏攻略】iPhone游戏攻略推荐_iPhone游戏攻略大全-最笨下载"跳转正常,该类元素共21个，当前第12个
2020-07-28 18:21:20,088 - basepage - INFO - Click back on current page.
2020-07-28 18:21:25,021 - 2 - INFO - 页面"【系统重装教程】电脑重装系统教程_电脑怎么重装系统_重装系统步骤-最笨下载"跳转正常,该类元素共21个，当前第13个
2020-07-28 18:21:25,239 - basepage - INFO - Click back on current page.
2020-07-28 18:21:30,647 - 2 - INFO - 页面"安卓专题-最笨下载"跳转正常,该类元素共21个，当前第14个
2020-07-28 18:21:30,980 - basepage - INFO - Click back on current page.
2020-07-28 18:21:36,411 - 2 - INFO - 页面"游戏专题-最笨下载"跳转正常,该类元素共21个，当前第15个
2020-07-28 18:21:36,629 - basepage - INFO - Click back on current page.
2020-07-28 18:21:41,646 - 2 - INFO - 页面"苹果专题-最笨下载"跳转正常,该类元素共21个，当前第16个
2020-07-28 18:21:42,022 - basepage - INFO - Click back on current page.
2020-07-28 18:21:47,115 - 2 - INFO - 页面"【电脑软件】电脑软件下载_电脑装机必备软件_电脑常用软件下载_电脑软件大全-最笨下载"跳转正常,该类元素共21个，当前第17个
2020-07-28 18:21:47,318 - basepage - INFO - Click back on current page.
2020-07-28 18:21:53,567 - 2 - INFO - 页面"【电脑软件】电脑软件下载_电脑装机必备软件_电脑常用软件下载_电脑软件大全-最笨下载"跳转正常,该类元素共21个，当前第18个
2020-07-28 18:21:53,933 - basepage - INFO - Click back on current page.
2020-07-28 18:21:58,756 - 2 - INFO - 页面"【激活工具】激活windows工具_万能激活工具_windows激活工具下载_自动激活工具-最笨下载"跳转正常,该类元素共21个，当前第19个
2020-07-28 18:21:59,037 - basepage - INFO - Click back on current page.
2020-07-28 18:22:03,262 - 2 - INFO - 页面"【系统重装教程】电脑重装系统教程_电脑怎么重装系统_重装系统步骤-最笨下载"跳转正常,该类元素共21个，当前第20个
2020-07-28 18:22:03,613 - basepage - INFO - Click back on current page.
2020-07-28 18:22:07,806 - 2 - INFO - 页面"【系统重装教程】电脑重装系统教程_电脑怎么重装系统_重装系统步骤-最笨下载"跳转正常,该类元素共21个，当前第21个
2020-07-28 18:22:08,019 - basepage - INFO - Click back on current page.
2020-07-28 18:22:15,933 - 2 - INFO - 页面"家庭教师OL手游"跳转正常,该类元素共10个，当前第1个
2020-07-28 18:22:22,066 - 2 - INFO - 页面"魔女骑士团手游"跳转正常,该类元素共10个，当前第2个
2020-07-28 18:22:28,208 - 2 - INFO - 页面"决胜足球手游"跳转正常,该类元素共10个，当前第3个
2020-07-28 18:22:34,369 - 2 - INFO - 页面"少女战争手游"跳转正常,该类元素共10个，当前第4个
2020-07-28 18:22:40,484 - 2 - INFO - 页面"天神战（魔灵特权）"跳转正常,该类元素共10个，当前第5个
2020-07-28 18:22:46,620 - 2 - INFO - 页面"最Q幻想手游"跳转正常,该类元素共10个，当前第6个
2020-07-28 18:22:52,742 - 2 - INFO - 页面"霸途手游"跳转正常,该类元素共10个，当前第7个
2020-07-28 18:22:58,876 - 2 - INFO - 页面"回到三国志手游"跳转正常,该类元素共10个，当前第8个
2020-07-28 18:23:05,032 - 2 - INFO - 页面"幻游猎人手游"跳转正常,该类元素共10个，当前第9个
2020-07-28 18:23:11,151 - 2 - INFO - 页面"神武4手游"跳转正常,该类元素共10个，当前第10个
2020-07-28 18:23:17,288 - 2 - INFO - 页面"仙灵世界（送海量连抽）"跳转正常,该类元素共20个，当前第1个
2020-07-28 18:23:23,431 - 2 - INFO - 页面"武器之王（福利特权）"跳转正常,该类元素共20个，当前第2个
2020-07-28 18:23:29,579 - 2 - INFO - 页面"女神联盟2（送500充值）"跳转正常,该类元素共20个，当前第3个
2020-07-28 18:23:35,729 - 2 - INFO - 页面"武动九天（GM免费特权）"跳转正常,该类元素共20个，当前第4个
2020-07-28 18:23:41,853 - 2 - INFO - 页面"大军师（送海量橙将）"跳转正常,该类元素共20个，当前第5个
2020-07-28 18:23:47,974 - 2 - INFO - 页面"魔法之光（红忍海量抽）"跳转正常,该类元素共20个，当前第6个
2020-07-28 18:23:54,089 - 2 - INFO - 页面"唐门六道（送千元充值）"跳转正常,该类元素共20个，当前第7个
2020-07-28 18:24:00,220 - 2 - INFO - 页面"主公别闹"跳转正常,该类元素共20个，当前第8个
2020-07-28 18:24:06,341 - 2 - INFO - 页面"战神不败（GM送充值）"跳转正常,该类元素共20个，当前第9个
2020-07-28 18:24:12,459 - 2 - INFO - 页面"调教三国（海量爆充值）"跳转正常,该类元素共20个，当前第10个
2020-07-28 18:24:18,589 - 2 - INFO - 页面"天天怼三国（送千元充值）"跳转正常,该类元素共20个，当前第11个
2020-07-28 18:24:24,710 - 2 - INFO - 页面"梦幻沙城（海量抽充值）"跳转正常,该类元素共20个，当前第12个
2020-07-28 18:24:30,829 - 2 - INFO - 页面"无敌战舰（送百元充值）"跳转正常,该类元素共20个，当前第13个
2020-07-28 18:24:36,954 - 2 - INFO - 页面"纵剑仙界（送VIP代金券）"跳转正常,该类元素共20个，当前第14个
2020-07-28 18:24:43,081 - 2 - INFO - 页面"九幽仙域（海量送充值）"跳转正常,该类元素共20个，当前第15个
2020-07-28 18:24:49,203 - 2 - INFO - 页面"六界仙尊（送充值）"跳转正常,该类元素共20个，当前第16个
2020-07-28 18:24:55,325 - 2 - INFO - 页面"英雄三国志（福利特权）"跳转正常,该类元素共20个，当前第17个
2020-07-28 18:25:01,457 - 2 - INFO - 页面"醉红楼（星耀特权）"跳转正常,该类元素共20个，当前第18个
2020-07-28 18:25:07,682 - 2 - INFO - 页面"楚汉传奇（送648充值）"跳转正常,该类元素共20个，当前第19个
2020-07-28 18:25:13,971 - 2 - INFO - 页面"龙刃（折扣特权）"跳转正常,该类元素共20个，当前第20个
2020-07-28 18:25:21,975 - 2 - INFO - 页面"仙灵世界（送海量连抽）"跳转正常,该类元素共10个，当前第1个
2020-07-28 18:25:28,103 - 2 - INFO - 页面"武器之王（福利特权）"跳转正常,该类元素共10个，当前第2个
2020-07-28 18:25:34,223 - 2 - INFO - 页面"女神联盟2（送500充值）"跳转正常,该类元素共10个，当前第3个
2020-07-28 18:25:40,347 - 2 - INFO - 页面"武动九天（GM免费特权）"跳转正常,该类元素共10个，当前第4个
2020-07-28 18:25:46,485 - 2 - INFO - 页面"大军师（送海量橙将）"跳转正常,该类元素共10个，当前第5个
2020-07-28 18:25:52,671 - 2 - INFO - 页面"魔法之光（红忍海量抽）"跳转正常,该类元素共10个，当前第6个
2020-07-28 18:25:58,848 - 2 - INFO - 页面"唐门六道（送千元充值）"跳转正常,该类元素共10个，当前第7个
2020-07-28 18:26:05,015 - 2 - INFO - 页面"主公别闹"跳转正常,该类元素共10个，当前第8个
2020-07-28 18:26:11,155 - 2 - INFO - 页面"战神不败（GM送充值）"跳转正常,该类元素共10个，当前第9个
2020-07-28 18:26:17,297 - 2 - INFO - 页面"调教三国（海量爆充值）"跳转正常,该类元素共10个，当前第10个
2020-07-28 18:26:23,435 - 2 - INFO - 页面"仙灵世界（送海量连抽）"跳转正常,该类元素共20个，当前第1个
2020-07-28 18:26:29,551 - 2 - INFO - 页面"武器之王（福利特权）"跳转正常,该类元素共20个，当前第2个
2020-07-28 18:26:35,695 - 2 - INFO - 页面"凡人飞仙传（充值特权）"跳转正常,该类元素共20个，当前第3个
2020-07-28 18:26:41,816 - 2 - INFO - 页面"女神联盟2（送500充值）"跳转正常,该类元素共20个，当前第4个
2020-07-28 18:26:47,974 - 2 - INFO - 页面"武动九天（GM免费特权）"跳转正常,该类元素共20个，当前第5个
2020-07-28 18:26:54,138 - 2 - INFO - 页面"大军师（送海量橙将）"跳转正常,该类元素共20个，当前第6个
2020-07-28 18:27:00,288 - 2 - INFO - 页面"魔法之光（红忍海量抽）"跳转正常,该类元素共20个，当前第7个
2020-07-28 18:27:06,416 - 2 - INFO - 页面"唐门六道（送千元充值）"跳转正常,该类元素共20个，当前第8个
2020-07-28 18:27:12,549 - 2 - INFO - 页面"横扫天下之万年强者（1元超值）"跳转正常,该类元素共20个，当前第9个
2020-07-28 18:27:18,686 - 2 - INFO - 页面"主公别闹"跳转正常,该类元素共20个，当前第10个
2020-07-28 18:27:24,825 - 2 - INFO - 页面"战神不败（GM送充值）"跳转正常,该类元素共20个，当前第11个
2020-07-28 18:27:31,013 - 2 - INFO - 页面"调教三国（海量爆充值）"跳转正常,该类元素共20个，当前第12个
2020-07-28 18:27:37,139 - 2 - INFO - 页面"天天怼三国（送千元充值）"跳转正常,该类元素共20个，当前第13个
2020-07-28 18:27:43,269 - 2 - INFO - 页面"梦幻沙城（海量抽充值）"跳转正常,该类元素共20个，当前第14个
2020-07-28 18:27:49,419 - 2 - INFO - 页面"无敌战舰（送百元充值）"跳转正常,该类元素共20个，当前第15个
2020-07-28 18:27:55,584 - 2 - INFO - 页面"纵剑仙界（送VIP代金券）"跳转正常,该类元素共20个，当前第16个
2020-07-28 18:28:01,709 - 2 - INFO - 页面"九幽仙域（海量送充值）"跳转正常,该类元素共20个，当前第17个
2020-07-28 18:28:07,835 - 2 - INFO - 页面"烈火战神（海量特权）"跳转正常,该类元素共20个，当前第18个
2020-07-28 18:28:13,975 - 2 - INFO - 页面"六界仙尊（送充值）"跳转正常,该类元素共20个，当前第19个
2020-07-28 18:28:20,096 - 2 - INFO - 页面"孤龙山（送GM海量充）"跳转正常,该类元素共20个，当前第20个
2020-07-28 18:28:28,034 - 2 - INFO - 页面"仙灵世界（送海量连抽）"跳转正常,该类元素共10个，当前第1个
2020-07-28 18:28:34,198 - 2 - INFO - 页面"武器之王（福利特权）"跳转正常,该类元素共10个，当前第2个
2020-07-28 18:28:40,322 - 2 - INFO - 页面"凡人飞仙传（充值特权）"跳转正常,该类元素共10个，当前第3个
2020-07-28 18:28:46,487 - 2 - INFO - 页面"女神联盟2（送500充值）"跳转正常,该类元素共10个，当前第4个
2020-07-28 18:28:52,613 - 2 - INFO - 页面"武动九天（GM免费特权）"跳转正常,该类元素共10个，当前第5个
2020-07-28 18:28:58,733 - 2 - INFO - 页面"大军师（送海量橙将）"跳转正常,该类元素共10个，当前第6个
2020-07-28 18:29:04,860 - 2 - INFO - 页面"魔法之光（红忍海量抽）"跳转正常,该类元素共10个，当前第7个
2020-07-28 18:29:10,997 - 2 - INFO - 页面"唐门六道（送千元充值）"跳转正常,该类元素共10个，当前第8个
2020-07-28 18:29:17,137 - 2 - INFO - 页面"主公别闹"跳转正常,该类元素共10个，当前第9个
2020-07-28 18:29:23,316 - 2 - INFO - 页面"战神不败（GM送充值）"跳转正常,该类元素共10个，当前第10个
2020-07-28 18:29:29,435 - 2 - INFO - 页面"仙灵世界（送海量连抽）"跳转正常,该类元素共20个，当前第1个
2020-07-28 18:29:35,561 - 2 - INFO - 页面"武器之王（福利特权）"跳转正常,该类元素共20个，当前第2个
2020-07-28 18:29:41,703 - 2 - INFO - 页面"凡人飞仙传（充值特权）"跳转正常,该类元素共20个，当前第3个
2020-07-28 18:29:47,867 - 2 - INFO - 页面"女神联盟2（送500充值）"跳转正常,该类元素共20个，当前第4个
2020-07-28 18:29:54,033 - 2 - INFO - 页面"武动九天（GM免费特权）"跳转正常,该类元素共20个，当前第5个
2020-07-28 18:30:00,178 - 2 - INFO - 页面"大军师（送海量橙将）"跳转正常,该类元素共20个，当前第6个
2020-07-28 18:30:06,334 - 2 - INFO - 页面"魔法之光（红忍海量抽）"跳转正常,该类元素共20个，当前第7个
2020-07-28 18:30:12,522 - 2 - INFO - 页面"唐门六道（送千元充值）"跳转正常,该类元素共20个，当前第8个
2020-07-28 18:30:18,693 - 2 - INFO - 页面"横扫天下之万年强者（1元超值）"跳转正常,该类元素共20个，当前第9个
2020-07-28 18:30:24,851 - 2 - INFO - 页面"主公别闹"跳转正常,该类元素共20个，当前第10个
2020-07-28 18:30:31,005 - 2 - INFO - 页面"战神不败（GM送充值）"跳转正常,该类元素共20个，当前第11个
2020-07-28 18:30:37,178 - 2 - INFO - 页面"调教三国（海量爆充值）"跳转正常,该类元素共20个，当前第12个
2020-07-28 18:30:43,313 - 2 - INFO - 页面"天天怼三国（送千元充值）"跳转正常,该类元素共20个，当前第13个
2020-07-28 18:30:49,461 - 2 - INFO - 页面"梦幻沙城（海量抽充值）"跳转正常,该类元素共20个，当前第14个
2020-07-28 18:30:55,617 - 2 - INFO - 页面"无敌战舰（送百元充值）"跳转正常,该类元素共20个，当前第15个
2020-07-28 18:31:01,772 - 2 - INFO - 页面"纵剑仙界（送VIP代金券）"跳转正常,该类元素共20个，当前第16个
2020-07-28 18:31:07,911 - 2 - INFO - 页面"九幽仙域（海量送充值）"跳转正常,该类元素共20个，当前第17个
2020-07-28 18:31:14,057 - 2 - INFO - 页面"烈火战神（海量特权）"跳转正常,该类元素共20个，当前第18个
2020-07-28 18:31:20,182 - 2 - INFO - 页面"六界仙尊（送充值）"跳转正常,该类元素共20个，当前第19个
2020-07-28 18:31:26,303 - 2 - INFO - 页面"孤龙山（送GM海量充）"跳转正常,该类元素共20个，当前第20个
2020-07-28 18:31:34,976 - 2 - INFO - 页面"【最笨周末活动】炎炎夏日~ 让福利活动给你冰凉"跳转正常,该类元素共1个，当前第1个
2020-07-28 18:31:35,253 - basepage - INFO - Click back on current page.
2020-07-28 18:31:41,002 - 2 - INFO - 页面"【武动九天（GM免费特权）】上线满V，8W8绑元和"跳转正常,该类元素共1个，当前第1个
2020-07-28 18:31:41,377 - basepage - INFO - Click back on current page.
2020-07-28 18:31:47,107 - 2 - INFO - 页面"【梦幻沙城（海量抽充值）】上线即送GM2商城特"跳转正常,该类元素共1个，当前第1个
2020-07-28 18:31:47,353 - basepage - INFO - Click back on current page.
2020-07-28 18:31:53,070 - 2 - INFO - 页面"【六界仙尊（送充值）】上线直送VIP12，送88888元"跳转正常,该类元素共1个，当前第1个
2020-07-28 18:31:53,415 - basepage - INFO - Click back on current page.
2020-07-28 18:31:59,186 - 2 - INFO - 页面"【唐门六道（送千元充值）】上线送满级VIP19、礼"跳转正常,该类元素共1个，当前第1个
2020-07-28 18:31:59,419 - basepage - INFO - Click back on current page.
2020-07-28 18:32:05,127 - 2 - INFO - 页面"【武器之王（福利特权）】上线送VIP10,50万福利钻"跳转正常,该类元素共1个，当前第1个
2020-07-28 18:32:05,481 - basepage - INFO - Click back on current page.
2020-07-28 18:32:10,341 - 2 - INFO - 页面"无双魏蜀吴（折扣特权）"跳转正常,该类元素共12个，当前第1个
2020-07-28 18:32:10,618 - basepage - INFO - Click back on current page.
2020-07-28 18:32:15,941 - 2 - INFO - 页面"乱斗三国"跳转正常,该类元素共12个，当前第2个
2020-07-28 18:32:16,277 - basepage - INFO - Click back on current page.
2020-07-28 18:32:21,105 - 2 - INFO - 页面"兵器少女（无门槛送充）"跳转正常,该类元素共12个，当前第3个
2020-07-28 18:32:21,416 - basepage - INFO - Click back on current page.
2020-07-28 18:32:26,285 - 2 - INFO - 页面"屠龙世界（送GM特权）"跳转正常,该类元素共12个，当前第4个
2020-07-28 18:32:26,551 - basepage - INFO - Click back on current page.
2020-07-28 18:32:31,717 - 2 - INFO - 页面"塔防镇魂师（送328代金券）"跳转正常,该类元素共12个，当前第5个
2020-07-28 18:32:31,984 - basepage - INFO - Click back on current page.
2020-07-28 18:32:36,865 - 2 - INFO - 页面"将军道（送百连海量抽）"跳转正常,该类元素共12个，当前第6个
2020-07-28 18:32:37,133 - basepage - INFO - Click back on current page.
2020-07-28 18:32:42,030 - 2 - INFO - 页面"炼金国度（送1000元充值）"跳转正常,该类元素共12个，当前第7个
2020-07-28 18:32:42,277 - basepage - INFO - Click back on current page.
2020-07-28 18:32:47,206 - 2 - INFO - 页面"恋三国（送百抽）"跳转正常,该类元素共12个，当前第8个
2020-07-28 18:32:47,471 - basepage - INFO - Click back on current page.
2020-07-28 18:32:52,561 - 2 - INFO - 页面"七战（无门槛送首充）"跳转正常,该类元素共12个，当前第9个
2020-07-28 18:32:52,832 - basepage - INFO - Click back on current page.
2020-07-28 18:32:57,733 - 2 - INFO - 页面"风云天下·重燃（海量抽充值）"跳转正常,该类元素共12个，当前第10个
2020-07-28 18:32:58,051 - basepage - INFO - Click back on current page.
2020-07-28 18:33:02,839 - 2 - INFO - 页面"冒险王2（送海量充值）"跳转正常,该类元素共12个，当前第11个
2020-07-28 18:33:03,099 - basepage - INFO - Click back on current page.
2020-07-28 18:33:08,064 - 2 - INFO - 页面"一剑成仙（海量打金）"跳转正常,该类元素共12个，当前第12个
2020-07-28 18:33:08,288 - basepage - INFO - Click back on current page.
2020-07-28 18:33:14,094 - 2 - INFO - 页面"魔兽世界怀旧服2020年6月7日人口普查一览"跳转正常,该类元素共2个，当前第1个
2020-07-28 18:33:14,332 - basepage - INFO - Click back on current page.
2020-07-28 18:33:21,359 - 2 - INFO - 页面"DNF萌噬噬宠物属性怎么样？萌噬噬属性介绍"跳转正常,该类元素共2个，当前第2个
2020-07-28 18:33:21,817 - basepage - INFO - Click back on current page.
2020-07-28 18:33:29,009 - 2 - INFO - 页面"江南百景图怎么添加好友 加好友的方法-最笨下载"跳转正常,该类元素共14个，当前第1个
2020-07-28 18:33:29,235 - basepage - INFO - Click back on current page.
2020-07-28 18:33:36,551 - 2 - INFO - 页面"梦幻西游2020全民pk赛如何报名-pk赛报名流程介绍-最笨下载"跳转正常,该类元素共14个，当前第2个
2020-07-28 18:33:36,817 - basepage - INFO - Click back on current page.
2020-07-28 18:33:43,802 - 2 - INFO - 页面"DNF手游罗特斯副本怎么打 罗特斯团本打法技巧-最笨下载"跳转正常,该类元素共14个，当前第3个
2020-07-28 18:33:44,157 - basepage - INFO - Click back on current page.
2020-07-28 18:33:51,357 - 2 - INFO - 页面"和平精英音乐盛典夏日狂欢礼包领取地址介绍-最笨下载"跳转正常,该类元素共14个，当前第4个
2020-07-28 18:33:51,647 - basepage - INFO - Click back on current page.
2020-07-28 18:33:58,601 - 2 - INFO - 页面"和平精英特斯拉皮肤兑换码分享-最笨下载"跳转正常,该类元素共14个，当前第5个
2020-07-28 18:33:58,833 - basepage - INFO - Click back on current page.
2020-07-28 18:34:05,767 - 2 - INFO - 页面"和平精英特斯拉兑换徽章获取攻略-最笨下载"跳转正常,该类元素共14个，当前第6个
2020-07-28 18:34:06,139 - basepage - INFO - Click back on current page.
2020-07-28 18:34:13,148 - 2 - INFO - 页面"和平精英潮流音乐节多少钱抽完-最笨下载"跳转正常,该类元素共14个，当前第7个
2020-07-28 18:34:13,429 - basepage - INFO - Click back on current page.
2020-07-28 18:34:20,640 - 2 - INFO - 页面"王者荣耀王者市集活动地址分享-最笨下载"跳转正常,该类元素共14个，当前第8个
2020-07-28 18:34:20,895 - basepage - INFO - Click back on current page.
2020-07-28 18:34:28,064 - 2 - INFO - 页面"王者荣耀张飞虎魄皮肤签到礼包领取地址介绍-最笨下载"跳转正常,该类元素共14个，当前第9个
2020-07-28 18:34:28,428 - basepage - INFO - Click back on current page.
2020-07-28 18:34:35,740 - 2 - INFO - 页面"剑与远征7月启程礼包兑换码分享-最笨下载"跳转正常,该类元素共14个，当前第10个
2020-07-28 18:34:35,975 - basepage - INFO - Click back on current page.
2020-07-28 18:34:43,286 - 2 - INFO - 页面"火影忍者手游夏日祭小游戏礼包领取地址介绍-最笨下载"跳转正常,该类元素共14个，当前第11个
2020-07-28 18:34:43,519 - basepage - INFO - Click back on current page.
2020-07-28 18:34:50,680 - 2 - INFO - 页面"烟雨江湖7月新版本激活码分享-最笨下载"跳转正常,该类元素共14个，当前第12个
2020-07-28 18:34:51,042 - basepage - INFO - Click back on current page.
2020-07-28 18:34:58,122 - 2 - INFO - 页面"崩坏3为那抹樱色献上祝福水晶礼包领取地址介绍-最笨下载"跳转正常,该类元素共14个，当前第13个
2020-07-28 18:34:58,348 - basepage - INFO - Click back on current page.
2020-07-28 18:35:05,661 - 2 - INFO - 页面"元气骑士七月木材铁矿兑换码分享-最笨下载"跳转正常,该类元素共14个，当前第14个
2020-07-28 18:35:05,884 - basepage - INFO - Click back on current page.
2020-07-28 18:35:14,153 - 2 - INFO - 页面"2020阴阳师7月新式神紧那罗即将上线 高颜值紧那"跳转正常,该类元素共2个，当前第1个
2020-07-28 18:35:14,568 - basepage - INFO - Click back on current page.
2020-07-28 18:35:21,475 - 2 - INFO - 页面"英雄联盟2020灵魂莲华皮肤原画汇总"跳转正常,该类元素共2个，当前第2个
2020-07-28 18:35:21,708 - basepage - INFO - Click back on current page.
2020-07-28 18:35:28,220 - 2 - INFO - 页面"满vip版手游_手游sf送顶级vip_满级vip无限元宝手游下载-最笨下载"跳转正常,该类元素共28个，当前第1个
2020-07-28 18:35:28,462 - basepage - INFO - Click back on current page.
2020-07-28 18:35:35,218 - 2 - INFO - 页面"仙灵世界（送海量连抽）_仙灵世界（送海量连抽）无限元宝服_SF变态版仙灵世界（送海量连抽）公益服下载 - 最笨下载"跳转正常,该类元素共28个，当前第2个
2020-07-28 18:35:35,710 - basepage - INFO - Click back on current page.
2020-07-28 18:35:42,213 - 2 - INFO - 页面"变态手游公益服_bt手游变态服_无限元宝bt手游下载_BT手游中心-最笨下载"跳转正常,该类元素共28个，当前第3个
2020-07-28 18:35:42,493 - basepage - INFO - Click back on current page.
2020-07-28 18:35:49,247 - 2 - INFO - 页面"武器之王（福利特权）_武器之王（福利特权）无限元宝服_SF变态版武器之王（福利特权）公益服下载 - 最笨下载"跳转正常,该类元素共28个，当前第4个
2020-07-28 18:35:49,606 - basepage - INFO - Click back on current page.
2020-07-28 18:35:56,131 - 2 - INFO - 页面"变态手游公益服_bt手游变态服_无限元宝bt手游下载_BT手游中心-最笨下载"跳转正常,该类元素共28个，当前第5个
2020-07-28 18:35:56,378 - basepage - INFO - Click back on current page.
2020-07-28 18:36:03,134 - 2 - INFO - 页面"凡人飞仙传（充值特权）_凡人飞仙传（充值特权）无限元宝服_SF变态版凡人飞仙传（充值特权）公益服下载 - 最笨下载"跳转正常,该类元素共28个，当前第6个
2020-07-28 18:36:03,565 - basepage - INFO - Click back on current page.
2020-07-28 18:36:10,061 - 2 - INFO - 页面"满vip版手游_手游sf送顶级vip_满级vip无限元宝手游下载-最笨下载"跳转正常,该类元素共28个，当前第7个
2020-07-28 18:36:10,291 - basepage - INFO - Click back on current page.
2020-07-28 18:36:17,005 - 2 - INFO - 页面"女神联盟2（送500充值）_女神联盟2（送500充值）无限元宝服_SF变态版女神联盟2（送500充值）公益服下载 - 最笨下载"跳转正常,该类元素共28个，当前第8个
2020-07-28 18:36:17,351 - basepage - INFO - Click back on current page.
2020-07-28 18:36:23,838 - 2 - INFO - 页面"满vip版手游_手游sf送顶级vip_满级vip无限元宝手游下载-最笨下载"跳转正常,该类元素共28个，当前第9个
2020-07-28 18:36:24,108 - basepage - INFO - Click back on current page.
2020-07-28 18:36:30,883 - 2 - INFO - 页面"武动九天（GM免费特权）_武动九天（GM免费特权）无限元宝服_SF变态版武动九天（GM免费特权）公益服下载 - 最笨下载"跳转正常,该类元素共28个，当前第10个
2020-07-28 18:36:31,120 - basepage - INFO - Click back on current page.
2020-07-28 18:36:37,628 - 2 - INFO - 页面"变态手游公益服_bt手游变态服_无限元宝bt手游下载_BT手游中心-最笨下载"跳转正常,该类元素共28个，当前第11个
2020-07-28 18:36:37,984 - basepage - INFO - Click back on current page.
2020-07-28 18:36:44,765 - 2 - INFO - 页面"大军师（送海量橙将）_大军师（送海量橙将）无限元宝服_SF变态版大军师（送海量橙将）公益服下载 - 最笨下载"跳转正常,该类元素共28个，当前第12个
2020-07-28 18:36:45,040 - basepage - INFO - Click back on current page.
2020-07-28 18:36:51,488 - 2 - INFO - 页面"满vip版手游_手游sf送顶级vip_满级vip无限元宝手游下载-最笨下载"跳转正常,该类元素共28个，当前第13个
2020-07-28 18:36:51,891 - basepage - INFO - Click back on current page.
2020-07-28 18:36:58,608 - 2 - INFO - 页面"魔法之光（红忍海量抽）_魔法之光（红忍海量抽）无限元宝服_SF变态版魔法之光（红忍海量抽）公益服下载 - 最笨下载"跳转正常,该类元素共28个，当前第14个
2020-07-28 18:36:58,857 - basepage - INFO - Click back on current page.
2020-07-28 18:37:05,344 - 2 - INFO - 页面"满vip版手游_手游sf送顶级vip_满级vip无限元宝手游下载-最笨下载"跳转正常,该类元素共28个，当前第15个
2020-07-28 18:37:05,691 - basepage - INFO - Click back on current page.
2020-07-28 18:37:12,410 - 2 - INFO - 页面"唐门六道（送千元充值）_唐门六道（送千元充值）无限元宝服_SF变态版唐门六道（送千元充值）公益服下载 - 最笨下载"跳转正常,该类元素共28个，当前第16个
2020-07-28 18:37:12,646 - basepage - INFO - Click back on current page.
2020-07-28 18:37:19,111 - 2 - INFO - 页面"变态手游公益服_bt手游变态服_无限元宝bt手游下载_BT手游中心-最笨下载"跳转正常,该类元素共28个，当前第17个
2020-07-28 18:37:19,464 - basepage - INFO - Click back on current page.
2020-07-28 18:37:26,229 - 2 - INFO - 页面"横扫天下之万年强者（1元超值）_横扫天下之万年强者（1元超值）无限元宝服_SF变态版横扫天下之万年强者（1元超值）公益服下载 - 最笨下载"跳转正常,该类元素共28个，当前第18个
2020-07-28 18:37:26,491 - basepage - INFO - Click back on current page.
2020-07-28 18:37:32,954 - 2 - INFO - 页面"变态手游公益服_bt手游变态服_无限元宝bt手游下载_BT手游中心-最笨下载"跳转正常,该类元素共28个，当前第19个
2020-07-28 18:37:33,375 - basepage - INFO - Click back on current page.
2020-07-28 18:37:40,092 - 2 - INFO - 页面"主公别闹_主公别闹无限元宝服_SF变态版主公别闹公益服下载 - 最笨下载"跳转正常,该类元素共28个，当前第20个
2020-07-28 18:37:40,457 - basepage - INFO - Click back on current page.
2020-07-28 18:37:46,937 - 2 - INFO - 页面"满vip版手游_手游sf送顶级vip_满级vip无限元宝手游下载-最笨下载"跳转正常,该类元素共28个，当前第21个
2020-07-28 18:37:47,340 - basepage - INFO - Click back on current page.
2020-07-28 18:37:54,022 - 2 - INFO - 页面"战神不败（GM送充值）_战神不败（GM送充值）无限元宝服_SF变态版战神不败（GM送充值）公益服下载 - 最笨下载"跳转正常,该类元素共28个，当前第22个
2020-07-28 18:37:54,261 - basepage - INFO - Click back on current page.
2020-07-28 18:38:00,808 - 2 - INFO - 页面"变态手游公益服_bt手游变态服_无限元宝bt手游下载_BT手游中心-最笨下载"跳转正常,该类元素共28个，当前第23个
2020-07-28 18:38:01,201 - basepage - INFO - Click back on current page.
2020-07-28 18:38:07,947 - 2 - INFO - 页面"调教三国（海量爆充值）_调教三国（海量爆充值）无限元宝服_SF变态版调教三国（海量爆充值）公益服下载 - 最笨下载"跳转正常,该类元素共28个，当前第24个
2020-07-28 18:38:08,179 - basepage - INFO - Click back on current page.
2020-07-28 18:38:14,644 - 2 - INFO - 页面"变态手游公益服_bt手游变态服_无限元宝bt手游下载_BT手游中心-最笨下载"跳转正常,该类元素共28个，当前第25个
2020-07-28 18:38:15,026 - basepage - INFO - Click back on current page.
2020-07-28 18:38:21,736 - 2 - INFO - 页面"天天怼三国（送千元充值）_天天怼三国（送千元充值）无限元宝服_SF变态版天天怼三国（送千元充值）公益服下载 - 最笨下载"跳转正常,该类元素共28个，当前第26个
2020-07-28 18:38:22,002 - basepage - INFO - Click back on current page.
2020-07-28 18:38:28,441 - 2 - INFO - 页面"满vip版手游_手游sf送顶级vip_满级vip无限元宝手游下载-最笨下载"跳转正常,该类元素共28个，当前第27个
2020-07-28 18:38:28,776 - basepage - INFO - Click back on current page.
2020-07-28 18:38:35,481 - 2 - INFO - 页面"梦幻沙城（海量抽充值）_梦幻沙城（海量抽充值）无限元宝服_SF变态版梦幻沙城（海量抽充值）公益服下载 - 最笨下载"跳转正常,该类元素共28个，当前第28个
2020-07-28 18:38:35,753 - basepage - INFO - Click back on current page.
2020-07-28 18:38:43,982 - 2 - INFO - 页面"有翡原著小说简介 有匪小说剧情介绍"跳转正常,该类元素共2个，当前第1个
2020-07-28 18:38:44,326 - basepage - INFO - Click back on current page.
2020-07-28 18:38:51,335 - 2 - INFO - 页面"有翡小说免费阅读 有匪小说周翡全文阅读"跳转正常,该类元素共2个，当前第2个
2020-07-28 18:38:51,580 - basepage - INFO - Click back on current page.
2020-07-28 18:38:58,567 - 2 - INFO - 页面"【苹果娱乐软件】iPhone手机娱乐软件_iPhone娱乐软件免费下载大全-最笨下载"跳转正常,该类元素共28个，当前第1个
2020-07-28 18:38:58,835 - basepage - INFO - Click back on current page.
2020-07-28 18:39:06,042 - 2 - INFO - 页面"最笨游戏盒子iOS版_最笨游戏盒子iOS版下载_最笨游戏盒子iOS版官方下载-最笨下载"跳转正常,该类元素共28个，当前第2个
2020-07-28 18:39:06,408 - basepage - INFO - Click back on current page.
2020-07-28 18:39:13,301 - 2 - INFO - 页面"【安卓娱乐软件】安卓娱乐软件下载_安卓娱乐软件推荐_安卓娱乐软件大全-最笨下载"跳转正常,该类元素共28个，当前第3个
2020-07-28 18:39:13,566 - basepage - INFO - Click back on current page.
2020-07-28 18:39:20,735 - 2 - INFO - 页面"最笨游戏盒子_最笨游戏盒子下载_最笨游戏盒子官方下载-最笨下载"跳转正常,该类元素共28个，当前第4个
2020-07-28 18:39:20,968 - basepage - INFO - Click back on current page.
2020-07-28 18:39:27,873 - 2 - INFO - 页面"【安卓聊天软件】安卓聊天软件下载_安卓聊天软件排行_安卓聊天软件大全-最笨下载"跳转正常,该类元素共28个，当前第5个
2020-07-28 18:39:28,244 - basepage - INFO - Click back on current page.
2020-07-28 18:39:35,433 - 2 - INFO - 页面"蜜小助_蜜小助下载_蜜小助官方下载-最笨下载"跳转正常,该类元素共28个，当前第6个
2020-07-28 18:39:35,675 - basepage - INFO - Click back on current page.
2020-07-28 18:39:42,166 - 2 - INFO - 页面"【安卓娱乐软件】安卓娱乐软件下载_安卓娱乐软件推荐_安卓娱乐软件大全-最笨下载"跳转正常,该类元素共28个，当前第7个
2020-07-28 18:39:42,668 - basepage - INFO - Click back on current page.
2020-07-28 18:39:49,864 - 2 - INFO - 页面"3733游戏盒子_3733游戏盒子下载_3733游戏盒子官方下载-最笨下载"跳转正常,该类元素共28个，当前第8个
2020-07-28 18:39:50,354 - basepage - INFO - Click back on current page.
2020-07-28 18:39:56,946 - 2 - INFO - 页面"【安卓聊天软件】安卓聊天软件下载_安卓聊天软件排行_安卓聊天软件大全-最笨下载"跳转正常,该类元素共28个，当前第9个
2020-07-28 18:39:57,159 - basepage - INFO - Click back on current page.
2020-07-28 18:40:04,345 - 2 - INFO - 页面"土味情话_土味情话下载_土味情话官方下载-最笨下载"跳转正常,该类元素共28个，当前第10个
2020-07-28 18:40:04,587 - basepage - INFO - Click back on current page.
2020-07-28 18:40:11,078 - 2 - INFO - 页面"【安卓聊天软件】安卓聊天软件下载_安卓聊天软件排行_安卓聊天软件大全-最笨下载"跳转正常,该类元素共28个，当前第11个
2020-07-28 18:40:11,620 - basepage - INFO - Click back on current page.
2020-07-28 18:40:18,546 - 2 - INFO - 页面"恋爱话术_恋爱话术下载_恋爱话术官方下载-最笨下载"跳转正常,该类元素共28个，当前第12个
2020-07-28 18:40:18,775 - basepage - INFO - Click back on current page.
2020-07-28 18:40:25,276 - 2 - INFO - 页面"【安卓聊天软件】安卓聊天软件下载_安卓聊天软件排行_安卓聊天软件大全-最笨下载"跳转正常,该类元素共28个，当前第13个
2020-07-28 18:40:25,548 - basepage - INFO - Click back on current page.
2020-07-28 18:40:32,819 - 2 - INFO - 页面"土味情话社_土味情话社下载_土味情话社官方下载-最笨下载"跳转正常,该类元素共28个，当前第14个
2020-07-28 18:40:33,255 - basepage - INFO - Click back on current page.
2020-07-28 18:40:40,483 - 2 - INFO - 页面"【安卓阅读软件】安卓阅读软件下载_安卓阅读软件哪个好_安卓阅读软件排行-最笨下载"跳转正常,该类元素共28个，当前第15个
2020-07-28 18:40:40,715 - basepage - INFO - Click back on current page.
2020-07-28 18:40:47,986 - 2 - INFO - 页面"吾爱看书_吾爱看书下载_吾爱看书官方下载-最笨下载"跳转正常,该类元素共28个，当前第16个
2020-07-28 18:40:48,247 - basepage - INFO - Click back on current page.
2020-07-28 18:40:55,524 - 2 - INFO - 页面"【苹果阅读软件】iPhone手机阅读软件_iPhone阅读软件免费下载大全-最笨下载"跳转正常,该类元素共28个，当前第17个
2020-07-28 18:40:55,919 - basepage - INFO - Click back on current page.
2020-07-28 18:41:03,023 - 2 - INFO - 页面"吾爱看书ios版_吾爱看书ios版下载_吾爱看书ios版官方下载-最笨下载"跳转正常,该类元素共28个，当前第18个
2020-07-28 18:41:03,280 - basepage - INFO - Click back on current page.
2020-07-28 18:41:09,767 - 2 - INFO - 页面"【安卓聊天软件】安卓聊天软件下载_安卓聊天软件排行_安卓聊天软件大全-最笨下载"跳转正常,该类元素共28个，当前第19个
2020-07-28 18:41:10,029 - basepage - INFO - Click back on current page.
2020-07-28 18:41:16,987 - 2 - INFO - 页面"恋爱话术库_恋爱话术库下载_恋爱话术库官方下载-最笨下载"跳转正常,该类元素共28个，当前第20个
2020-07-28 18:41:17,343 - basepage - INFO - Click back on current page.
2020-07-28 18:41:23,791 - 2 - INFO - 页面"【安卓聊天软件】安卓聊天软件下载_安卓聊天软件排行_安卓聊天软件大全-最笨下载"跳转正常,该类元素共28个，当前第21个
2020-07-28 18:41:24,062 - basepage - INFO - Click back on current page.
2020-07-28 18:41:31,235 - 2 - INFO - 页面"撩吧_撩吧下载_撩吧官方下载-最笨下载"跳转正常,该类元素共28个，当前第22个
2020-07-28 18:41:31,457 - basepage - INFO - Click back on current page.
2020-07-28 18:41:37,950 - 2 - INFO - 页面"【安卓聊天软件】安卓聊天软件下载_安卓聊天软件排行_安卓聊天软件大全-最笨下载"跳转正常,该类元素共28个，当前第23个
2020-07-28 18:41:38,379 - basepage - INFO - Click back on current page.
2020-07-28 18:41:45,671 - 2 - INFO - 页面"遇知音_遇知音下载_遇知音官方下载-最笨下载"跳转正常,该类元素共28个，当前第24个
2020-07-28 18:41:45,881 - basepage - INFO - Click back on current page.
2020-07-28 18:41:52,349 - 2 - INFO - 页面"【安卓聊天软件】安卓聊天软件下载_安卓聊天软件排行_安卓聊天软件大全-最笨下载"跳转正常,该类元素共28个，当前第25个
2020-07-28 18:41:52,589 - basepage - INFO - Click back on current page.
2020-07-28 18:41:59,814 - 2 - INFO - 页面"脱单大师_脱单大师下载_脱单大师官方下载-最笨下载"跳转正常,该类元素共28个，当前第26个
2020-07-28 18:42:00,198 - basepage - INFO - Click back on current page.
2020-07-28 18:42:06,666 - 2 - INFO - 页面"【安卓聊天软件】安卓聊天软件下载_安卓聊天软件排行_安卓聊天软件大全-最笨下载"跳转正常,该类元素共28个，当前第27个
2020-07-28 18:42:07,011 - basepage - INFO - Click back on current page.
2020-07-28 18:42:14,458 - 2 - INFO - 页面"爱情套路_爱情套路下载_爱情套路官方下载-最笨下载"跳转正常,该类元素共28个，当前第28个
2020-07-28 18:42:14,743 - basepage - INFO - Click back on current page.
2020-07-28 18:42:25,132 - 2 - INFO - 页面"【安卓播放器】安卓播放器下载_安卓播放器哪个最好_安卓播放器下载排行-最笨下载"跳转正常,该类元素共20个，当前第1个
2020-07-28 18:42:25,427 - basepage - INFO - Click back on current page.
2020-07-28 18:42:32,526 - 2 - INFO - 页面"【安卓学习软件】安卓学习软件下载_安卓学习软件免费下载_安卓学习软件大全-最笨下载"跳转正常,该类元素共20个，当前第2个
2020-07-28 18:42:32,943 - basepage - INFO - Click back on current page.
2020-07-28 18:42:39,860 - 2 - INFO - 页面"【安卓辅助软件】安卓辅助软件下载_安卓辅助软件推荐_安卓辅助软件大全-最笨下载"跳转正常,该类元素共20个，当前第3个
2020-07-28 18:42:40,176 - basepage - INFO - Click back on current page.
2020-07-28 18:42:47,109 - 2 - INFO - 页面"【安卓输入法】安卓输入法下载_安卓输入法哪个好_安卓输入法怎么用-最笨下载"跳转正常,该类元素共20个，当前第4个
2020-07-28 18:42:47,377 - basepage - INFO - Click back on current page.
2020-07-28 18:42:54,526 - 2 - INFO - 页面"【安卓通信软件】安卓通信软件下载_安卓通信软件推荐_安卓通信软件大全-最笨下载"跳转正常,该类元素共20个，当前第5个
2020-07-28 18:42:54,942 - basepage - INFO - Click back on current page.
2020-07-28 18:43:02,165 - 2 - INFO - 页面"【安卓固件】安卓固件下载_安卓固件包下载_安卓固件管理器-最笨下载"跳转正常,该类元素共20个，当前第6个
2020-07-28 18:43:02,457 - basepage - INFO - Click back on current page.
2020-07-28 18:43:09,242 - 2 - INFO - 页面"【安卓文件管理器】安卓文件管理器下载_安卓文件管理器哪个好_安卓文件管理器中文版-最笨下载"跳转正常,该类元素共20个，当前第7个
2020-07-28 18:43:09,526 - basepage - INFO - Click back on current page.
2020-07-28 18:43:16,395 - 2 - INFO - 页面"【安卓同步软件】安卓同步软件下载_安卓同步软件哪个好_安卓手机同步软件-最笨下载"跳转正常,该类元素共20个，当前第8个
2020-07-28 18:43:16,788 - basepage - INFO - Click back on current page.
2020-07-28 18:43:24,422 - 2 - INFO - 页面"【安卓办公软件】安卓办公软件下载_安卓办公软件哪个好_安卓办公软件哪种最好-最笨下载"跳转正常,该类元素共20个，当前第9个
2020-07-28 18:43:24,691 - basepage - INFO - Click back on current page.
2020-07-28 18:43:31,846 - 2 - INFO - 页面"【安卓新闻软件】安卓新闻软件下载_安卓新闻软件哪个好_安卓新闻软件大全-最笨下载"跳转正常,该类元素共20个，当前第10个
2020-07-28 18:43:32,124 - basepage - INFO - Click back on current page.
2020-07-28 18:43:39,177 - 2 - INFO - 页面"【安卓理财软件】安卓理财软件下载_安卓理财软件哪个好_安卓理财软件大全-最笨下载"跳转正常,该类元素共20个，当前第11个
2020-07-28 18:43:39,576 - basepage - INFO - Click back on current page.
2020-07-28 18:43:46,624 - 2 - INFO - 页面"【安卓备份软件】安卓备份软件下载_安卓备份软件哪个好_安卓手机备份软件-最笨下载"跳转正常,该类元素共20个，当前第12个
2020-07-28 18:43:46,907 - basepage - INFO - Click back on current page.
2020-07-28 18:43:53,952 - 2 - INFO - 页面"【安卓跑步软件】安卓跑步软件下载_安卓跑步软件哪个好_安卓跑步软件大全-最笨下载"跳转正常,该类元素共20个，当前第13个
2020-07-28 18:43:54,190 - basepage - INFO - Click back on current page.
2020-07-28 18:44:01,233 - 2 - INFO - 页面"【安卓健康管理软件】安卓健康管理软件下载_安卓健康管理软件推荐_安卓健康管理软件大全-最笨下载"跳转正常,该类元素共20个，当前第14个
2020-07-28 18:44:01,621 - basepage - INFO - Click back on current page.
2020-07-28 18:44:08,869 - 2 - INFO - 页面"【安卓系统软件】安卓系统软件下载_安卓系统软件免费下载_安卓系统软件下载工具-最笨下载"跳转正常,该类元素共20个，当前第15个
2020-07-28 18:44:09,156 - basepage - INFO - Click back on current page.
2020-07-28 18:44:15,640 - 2 - INFO - 页面"【安卓聊天软件】安卓聊天软件下载_安卓聊天软件排行_安卓聊天软件大全-最笨下载"跳转正常,该类元素共20个，当前第16个
2020-07-28 18:44:15,939 - basepage - INFO - Click back on current page.
2020-07-28 18:44:23,231 - 2 - INFO - 页面"【安卓应用软件】安卓应用软件排行_好玩的安卓应用软件_好用的安卓应用软件-最笨下载"跳转正常,该类元素共20个，当前第17个
2020-07-28 18:44:23,655 - basepage - INFO - Click back on current page.
2020-07-28 18:44:30,134 - 2 - INFO - 页面"【安卓娱乐软件】安卓娱乐软件下载_安卓娱乐软件推荐_安卓娱乐软件大全-最笨下载"跳转正常,该类元素共20个，当前第18个
2020-07-28 18:44:30,372 - basepage - INFO - Click back on current page.
2020-07-28 18:44:37,461 - 2 - INFO - 页面"【安卓导航软件】安卓导航软件下载_安卓导航软件哪个好_安卓导航软件排名-最笨下载"跳转正常,该类元素共20个，当前第19个
2020-07-28 18:44:37,738 - basepage - INFO - Click back on current page.
2020-07-28 18:44:44,824 - 2 - INFO - 页面"【安卓网络软件】安卓网络软件下载_安卓网络软件推荐_安卓网络软件大全-最笨下载"跳转正常,该类元素共20个，当前第20个
2020-07-28 18:44:45,237 - basepage - INFO - Click back on current page.
2020-07-28 18:44:53,591 - 2 - INFO - 页面"3733手游游戏平台_3733手游游戏平台下载_3733手游游戏平台官方下载-最笨下载"跳转正常,该类元素共18个，当前第1个
2020-07-28 18:44:59,714 - 2 - INFO - 页面"安致手游游戏平台_安致手游游戏平台下载_安致手游游戏平台官方下载-最笨下载"跳转正常,该类元素共18个，当前第2个
2020-07-28 18:45:05,839 - 2 - INFO - 页面"日杂相机_日杂相机下载_日杂相机官方下载-最笨下载"跳转正常,该类元素共18个，当前第3个
2020-07-28 18:45:11,963 - 2 - INFO - 页面"皮皮虾_皮皮虾下载_皮皮虾官方下载-最笨下载"跳转正常,该类元素共18个，当前第4个
2020-07-28 18:45:18,086 - 2 - INFO - 页面"吾爱看书_吾爱看书下载_吾爱看书官方下载-最笨下载"跳转正常,该类元素共18个，当前第5个
2020-07-28 18:45:24,208 - 2 - INFO - 页面"7732游戏中心_7732游戏中心下载_7732游戏中心官方下载-最笨下载"跳转正常,该类元素共18个，当前第6个
2020-07-28 18:45:30,355 - 2 - INFO - 页面"7743手游盒子_7743手游盒子下载_7743手游盒子官方下载-最笨下载"跳转正常,该类元素共18个，当前第7个
2020-07-28 18:45:36,474 - 2 - INFO - 页面"7743游戏中心_7743游戏中心下载_7743游戏中心官方下载-最笨下载"跳转正常,该类元素共18个，当前第8个
2020-07-28 18:45:42,597 - 2 - INFO - 页面"7743手游平台_7743手游平台下载_7743手游平台官方下载-最笨下载"跳转正常,该类元素共18个，当前第9个
2020-07-28 18:45:48,719 - 2 - INFO - 页面"gm手游平台_gm手游平台下载_gm手游平台官方下载-最笨下载"跳转正常,该类元素共18个，当前第10个
2020-07-28 18:45:54,848 - 2 - INFO - 页面"gm游戏中心_gm游戏中心下载_gm游戏中心官方下载-最笨下载"跳转正常,该类元素共18个，当前第11个
2020-07-28 18:46:01,022 - 2 - INFO - 页面"gm游戏盒_gm游戏盒下载_gm游戏盒官方下载-最笨下载"跳转正常,该类元素共18个，当前第12个
2020-07-28 18:46:07,176 - 2 - INFO - 页面"gm手游游戏平台_gm手游游戏平台下载_gm手游游戏平台官方下载-最笨下载"跳转正常,该类元素共18个，当前第13个
2020-07-28 18:46:13,316 - 2 - INFO - 页面"gm游戏平台_gm游戏平台下载_gm游戏平台官方下载-最笨下载"跳转正常,该类元素共18个，当前第14个
2020-07-28 18:46:19,449 - 2 - INFO - 页面"gm游戏盒子_gm游戏盒子下载_gm游戏盒子官方下载-最笨下载"跳转正常,该类元素共18个，当前第15个
2020-07-28 18:46:25,607 - 2 - INFO - 页面"3733手游盒子_3733手游盒子下载_3733手游盒子官方下载-最笨下载"跳转正常,该类元素共18个，当前第16个
2020-07-28 18:46:31,769 - 2 - INFO - 页面"3733游戏平台_3733游戏平台下载_3733游戏平台官方下载-最笨下载"跳转正常,该类元素共18个，当前第17个
2020-07-28 18:46:37,892 - 2 - INFO - 页面"小8手游游戏平台_小8手游游戏平台下载_小8手游游戏平台官方下载-最笨下载"跳转正常,该类元素共18个，当前第18个
2020-07-28 18:46:44,225 - 2 - INFO - 页面"【安卓益智游戏】好玩的安卓益智游戏大全_安卓益智类游戏_益智游戏下载-最笨下载"跳转正常,该类元素共17个，当前第1个
2020-07-28 18:46:44,482 - basepage - INFO - Click back on current page.
2020-07-28 18:46:51,636 - 2 - INFO - 页面"【安卓其他游戏】好玩的安卓其他游戏大全_安卓其他类游戏_其他游戏下载-最笨下载"跳转正常,该类元素共17个，当前第2个
2020-07-28 18:46:52,016 - basepage - INFO - Click back on current page.
2020-07-28 18:46:59,146 - 2 - INFO - 页面"【安卓音乐游戏】好玩的安卓音乐游戏大全_安卓音乐类游戏_音乐游戏下载-最笨下载"跳转正常,该类元素共17个，当前第3个
2020-07-28 18:46:59,534 - basepage - INFO - Click back on current page.
2020-07-28 18:47:06,636 - 2 - INFO - 页面"【安卓网络游戏】好玩的安卓网络游戏大全_安卓网络类游戏_网络游戏下载-最笨下载"跳转正常,该类元素共17个，当前第4个
2020-07-28 18:47:06,915 - basepage - INFO - Click back on current page.
2020-07-28 18:47:14,282 - 2 - INFO - 页面"【安卓格斗游戏】好玩的安卓格斗游戏大全_安卓格斗类游戏_格斗游戏下载-最笨下载"跳转正常,该类元素共17个，当前第5个
2020-07-28 18:47:14,547 - basepage - INFO - Click back on current page.
2020-07-28 18:47:21,754 - 2 - INFO - 页面"【安卓飞行游戏】好玩的安卓飞行游戏大全_安卓飞行类游戏_飞行游戏下载-最笨下载"跳转正常,该类元素共17个，当前第6个
2020-07-28 18:47:22,136 - basepage - INFO - Click back on current page.
2020-07-28 18:47:29,378 - 2 - INFO - 页面"【安卓体育运动游戏】好玩的安卓体育运动游戏大全_安卓体育运动类游戏_体育运动游戏下载-最笨下载"跳转正常,该类元素共17个，当前第7个
2020-07-28 18:47:29,665 - basepage - INFO - Click back on current page.
2020-07-28 18:47:36,848 - 2 - INFO - 页面"【安卓模拟经营游戏】好玩的安卓模拟经营游戏大全_安卓模拟经营类游戏_模拟经营游戏下载-最笨下载"跳转正常,该类元素共17个，当前第8个
2020-07-28 18:47:37,114 - basepage - INFO - Click back on current page.
2020-07-28 18:47:44,389 - 2 - INFO - 页面"【安卓策略游戏】好玩的安卓策略游戏大全_安卓策略类游戏_策略游戏下载-最笨下载"跳转正常,该类元素共17个，当前第9个
2020-07-28 18:47:44,796 - basepage - INFO - Click back on current page.
2020-07-28 18:47:51,866 - 2 - INFO - 页面"【安卓塔防游戏】好玩的安卓塔防游戏大全_安卓塔防类游戏_塔防游戏下载-最笨下载"跳转正常,该类元素共17个，当前第10个
2020-07-28 18:47:52,148 - basepage - INFO - Click back on current page.
2020-07-28 18:47:59,366 - 2 - INFO - 页面"【安卓解谜冒险游戏】好玩的安卓解谜冒险游戏大全_安卓解谜冒险类游戏_解谜冒险游戏下载-最笨下载"跳转正常,该类元素共17个，当前第11个
2020-07-28 18:47:59,646 - basepage - INFO - Click back on current page.
2020-07-28 18:48:06,586 - 2 - INFO - 页面"【安卓射击游戏】好玩的安卓射击游戏大全_安卓射击类游戏_射击游戏下载-最笨下载"跳转正常,该类元素共17个，当前第12个
2020-07-28 18:48:06,997 - basepage - INFO - Click back on current page.
2020-07-28 18:48:14,124 - 2 - INFO - 页面"【安卓棋牌游戏】好玩的安卓棋牌游戏大全_安卓棋牌类游戏_棋牌游戏下载-最笨下载"跳转正常,该类元素共17个，当前第13个
2020-07-28 18:48:14,413 - basepage - INFO - Click back on current page.
2020-07-28 18:48:21,795 - 2 - INFO - 页面"【安卓赛车游戏】好玩的安卓赛车游戏大全_安卓赛车类游戏_赛车游戏下载-最笨下载"跳转正常,该类元素共17个，当前第14个
2020-07-28 18:48:22,063 - basepage - INFO - Click back on current page.
2020-07-28 18:48:29,295 - 2 - INFO - 页面"【安卓角色扮演游戏】好玩的安卓角色扮演游戏大全_安卓角色扮演类游戏_角色扮演游戏下载-最笨下载"跳转正常,该类元素共17个，当前第15个
2020-07-28 18:48:29,695 - basepage - INFO - Click back on current page.
2020-07-28 18:48:36,809 - 2 - INFO - 页面"【安卓动作游戏】好玩的安卓动作游戏大全_安卓动作类游戏_动作游戏下载-最笨下载"跳转正常,该类元素共17个，当前第16个
2020-07-28 18:48:37,115 - basepage - INFO - Click back on current page.
2020-07-28 18:48:44,301 - 2 - INFO - 页面"【安卓休闲游戏】好玩的安卓休闲游戏大全_安卓休闲类游戏_休闲游戏下载-最笨下载"跳转正常,该类元素共17个，当前第17个
2020-07-28 18:48:44,578 - basepage - INFO - Click back on current page.
2020-07-28 18:48:52,921 - 2 - INFO - 页面"国贼顾挽之_国贼顾挽之下载_国贼顾挽之官方下载-最笨下载"跳转正常,该类元素共18个，当前第1个
2020-07-28 18:48:59,078 - 2 - INFO - 页面"大秦黎明_大秦黎明下载_大秦黎明官方下载-最笨下载"跳转正常,该类元素共18个，当前第2个
2020-07-28 18:49:05,206 - 2 - INFO - 页面"怒焰三国杀手游_怒焰三国杀手游下载_怒焰三国杀手游官方下载-最笨下载"跳转正常,该类元素共18个，当前第3个
2020-07-28 18:49:11,345 - 2 - INFO - 页面"末日围城_末日围城下载_末日围城官方下载-最笨下载"跳转正常,该类元素共18个，当前第4个
2020-07-28 18:49:17,463 - 2 - INFO - 页面"天将雄师九游版_天将雄师九游版下载_天将雄师九游版官方下载-最笨下载"跳转正常,该类元素共18个，当前第5个
2020-07-28 18:49:23,587 - 2 - INFO - 页面"诸王黎明_诸王黎明下载_诸王黎明官方下载-最笨下载"跳转正常,该类元素共18个，当前第6个
2020-07-28 18:49:29,735 - 2 - INFO - 页面"一梦江湖九游版_一梦江湖九游版下载_一梦江湖九游版官方下载-最笨下载"跳转正常,该类元素共18个，当前第7个
2020-07-28 18:49:35,874 - 2 - INFO - 页面"NBA篮球大师_NBA篮球大师下载_NBA篮球大师官方下载-最笨下载"跳转正常,该类元素共18个，当前第8个
2020-07-28 18:49:42,009 - 2 - INFO - 页面"萌妖传手游_萌妖传手游下载_萌妖传手游官方下载-最笨下载"跳转正常,该类元素共18个，当前第9个
2020-07-28 18:49:48,159 - 2 - INFO - 页面"中超英雄手游_中超英雄手游下载_中超英雄手游官方下载-最笨下载"跳转正常,该类元素共18个，当前第10个
2020-07-28 18:49:54,294 - 2 - INFO - 页面"三国战天下手游_三国战天下手游下载_三国战天下手游官方下载-最笨下载"跳转正常,该类元素共18个，当前第11个
2020-07-28 18:50:00,434 - 2 - INFO - 页面"拳皇命运_拳皇命运下载_拳皇命运官方下载-最笨下载"跳转正常,该类元素共18个，当前第12个
2020-07-28 18:50:06,598 - 2 - INFO - 页面"电能大亨_电能大亨下载_电能大亨官方下载-最笨下载"跳转正常,该类元素共18个，当前第13个
2020-07-28 18:50:12,737 - 2 - INFO - 页面"驾校模拟器_驾校模拟器下载_驾校模拟器官方下载-最笨下载"跳转正常,该类元素共18个，当前第14个
2020-07-28 18:50:18,859 - 2 - INFO - 页面"暗黑探险2_暗黑探险2下载_暗黑探险2官方下载-最笨下载"跳转正常,该类元素共18个，当前第15个
2020-07-28 18:50:24,980 - 2 - INFO - 页面"风暴山之谜_风暴山之谜下载_风暴山之谜官方下载-最笨下载"跳转正常,该类元素共18个，当前第16个
2020-07-28 18:50:31,164 - 2 - INFO - 页面"炸弹投石机:卡牌战斗_炸弹投石机:卡牌战斗下载_炸弹投石机:卡牌战斗官方下载-最笨下载"跳转正常,该类元素共18个，当前第17个
2020-07-28 18:50:37,306 - 2 - INFO - 页面"地下城故事_地下城故事下载_地下城故事官方下载-最笨下载"跳转正常,该类元素共18个，当前第18个
2020-07-28 18:50:45,261 - 2 - INFO - 页面"变态手游公益服_bt手游变态服_无限元宝bt手游下载_BT手游中心-最笨下载"跳转正常,该类元素共13个，当前第1个
2020-07-28 18:50:45,540 - basepage - INFO - Click back on current page.
2020-07-28 18:50:54,707 - 2 - INFO - 页面"变态手游公益服_bt手游变态服_无限元宝bt手游下载_BT手游中心-最笨下载"跳转正常,该类元素共13个，当前第2个
2020-07-28 18:50:54,990 - basepage - INFO - Click back on current page.
2020-07-28 18:51:03,513 - 2 - INFO - 页面"变态手游公益服_bt手游变态服_无限元宝bt手游下载_BT手游中心-最笨下载"跳转正常,该类元素共13个，当前第3个
2020-07-28 18:51:03,897 - basepage - INFO - Click back on current page.
2020-07-28 18:51:12,579 - 2 - INFO - 页面"变态手游公益服_bt手游变态服_无限元宝bt手游下载_BT手游中心-最笨下载"跳转正常,该类元素共13个，当前第4个
2020-07-28 18:51:12,839 - basepage - INFO - Click back on current page.
2020-07-28 18:51:20,717 - 2 - INFO - 页面"变态手游公益服_bt手游变态服_无限元宝bt手游下载_BT手游中心-最笨下载"跳转正常,该类元素共13个，当前第5个
2020-07-28 18:51:20,975 - basepage - INFO - Click back on current page.
2020-07-28 18:51:29,488 - 2 - INFO - 页面"变态手游公益服_bt手游变态服_无限元宝bt手游下载_BT手游中心-最笨下载"跳转正常,该类元素共13个，当前第6个
2020-07-28 18:51:29,875 - basepage - INFO - Click back on current page.
2020-07-28 18:51:38,290 - 2 - INFO - 页面"变态手游公益服_bt手游变态服_无限元宝bt手游下载_BT手游中心-最笨下载"跳转正常,该类元素共13个，当前第7个
2020-07-28 18:51:38,723 - basepage - INFO - Click back on current page.
2020-07-28 18:51:46,918 - 2 - INFO - 页面"变态手游公益服_bt手游变态服_无限元宝bt手游下载_BT手游中心-最笨下载"跳转正常,该类元素共13个，当前第8个
2020-07-28 18:51:47,327 - basepage - INFO - Click back on current page.
2020-07-28 18:51:56,208 - 2 - INFO - 页面"变态手游公益服_bt手游变态服_无限元宝bt手游下载_BT手游中心-最笨下载"跳转正常,该类元素共13个，当前第9个
2020-07-28 18:51:56,487 - basepage - INFO - Click back on current page.
2020-07-28 18:52:05,251 - 2 - INFO - 页面"变态手游公益服_bt手游变态服_无限元宝bt手游下载_BT手游中心-最笨下载"跳转正常,该类元素共13个，当前第10个
2020-07-28 18:52:05,707 - basepage - INFO - Click back on current page.
2020-07-28 18:52:14,153 - 2 - INFO - 页面"变态手游公益服_bt手游变态服_无限元宝bt手游下载_BT手游中心-最笨下载"跳转正常,该类元素共13个，当前第11个
2020-07-28 18:52:14,543 - basepage - INFO - Click back on current page.
2020-07-28 18:52:22,300 - 2 - ERROR - 页面"404-最笨下载"跳转异常,该类元素共13个，当前第12个
2020-07-28 18:52:22,993 - basepage - INFO - Click back on current page.
2020-07-28 18:52:31,718 - 2 - INFO - 页面"变态手游公益服_bt手游变态服_无限元宝bt手游下载_BT手游中心-最笨下载"跳转正常,该类元素共13个，当前第13个
2020-07-28 18:52:32,007 - basepage - INFO - Click back on current page.
2020-07-28 18:52:40,393 - 2 - INFO - 页面"无双魏蜀吴（折扣特权）_无双魏蜀吴（折扣特权）无限元宝服_SF变态版无双魏蜀吴（折扣特权）公益服下载 - 最笨下载"跳转正常,该类元素共18个，当前第1个
2020-07-28 18:52:46,583 - 2 - INFO - 页面"乱斗三国_乱斗三国无限元宝服_SF变态版乱斗三国公益服下载 - 最笨下载"跳转正常,该类元素共18个，当前第2个
2020-07-28 18:52:52,707 - 2 - INFO - 页面"兵器少女（无门槛送充）_兵器少女（无门槛送充）无限元宝服_SF变态版兵器少女（无门槛送充）公益服下载 - 最笨下载"跳转正常,该类元素共18个，当前第3个
2020-07-28 18:52:58,861 - 2 - INFO - 页面"塔防镇魂师（送328代金券）_塔防镇魂师（送328代金券）无限元宝服_SF变态版塔防镇魂师（送328代金券）公益服下载 - 最笨下载"跳转正常,该类元素共18个，当前第4个
2020-07-28 18:53:04,999 - 2 - INFO - 页面"恋三国（送百抽）_恋三国（送百抽）无限元宝服_SF变态版恋三国（送百抽）公益服下载 - 最笨下载"跳转正常,该类元素共18个，当前第5个
2020-07-28 18:53:11,121 - 2 - INFO - 页面"风云天下·重燃（海量抽充值）_风云天下·重燃（海量抽充值）无限元宝服_SF变态版风云天下·重燃（海量抽充值）公益服下载 - 最笨下载"跳转正常,该类元素共18个，当前第6个
2020-07-28 18:53:17,262 - 2 - INFO - 页面"一剑成仙（海量打金）_一剑成仙（海量打金）无限元宝服_SF变态版一剑成仙（海量打金）公益服下载 - 最笨下载"跳转正常,该类元素共18个，当前第7个
2020-07-28 18:53:23,421 - 2 - INFO - 页面"天域幻想（送海量充值）_天域幻想（送海量充值）无限元宝服_SF变态版天域幻想（送海量充值）公益服下载 - 最笨下载"跳转正常,该类元素共18个，当前第8个
2020-07-28 18:53:29,573 - 2 - INFO - 页面"天诀_天诀无限元宝服_SF变态版天诀公益服下载 - 最笨下载"跳转正常,该类元素共18个，当前第9个
2020-07-28 18:53:35,707 - 2 - INFO - 页面"修仙无双（折扣特权）_修仙无双（折扣特权）无限元宝服_SF变态版修仙无双（折扣特权）公益服下载 - 最笨下载"跳转正常,该类元素共18个，当前第10个
2020-07-28 18:53:41,830 - 2 - INFO - 页面"联盟契约（送神将百抽）_联盟契约（送神将百抽）无限元宝服_SF变态版联盟契约（送神将百抽）公益服下载 - 最笨下载"跳转正常,该类元素共18个，当前第11个
2020-07-28 18:53:47,973 - 2 - INFO - 页面"乱世江湖（卖血送真充）_乱世江湖（卖血送真充）无限元宝服_SF变态版乱世江湖（卖血送真充）公益服下载 - 最笨下载"跳转正常,该类元素共18个，当前第12个
2020-07-28 18:53:54,105 - 2 - INFO - 页面"九灵神域_九灵神域无限元宝服_SF变态版九灵神域公益服下载 - 最笨下载"跳转正常,该类元素共18个，当前第13个
2020-07-28 18:54:00,184 - 2 - INFO - 页面"教主之家（至尊特权）_教主之家（至尊特权）无限元宝服_SF变态版教主之家（至尊特权）公益服下载 - 最笨下载"跳转正常,该类元素共18个，当前第14个
2020-07-28 18:54:06,326 - 2 - INFO - 页面"魔星狂点（送海量连抽）_魔星狂点（送海量连抽）无限元宝服_SF变态版魔星狂点（送海量连抽）公益服下载 - 最笨下载"跳转正常,该类元素共18个，当前第15个
2020-07-28 18:54:12,449 - 2 - INFO - 页面"主公别闹_主公别闹无限元宝服_SF变态版主公别闹公益服下载 - 最笨下载"跳转正常,该类元素共18个，当前第16个
2020-07-28 18:54:18,577 - 2 - INFO - 页面"天天怼三国（送千元充值）_天天怼三国（送千元充值）无限元宝服_SF变态版天天怼三国（送千元充值）公益服下载 - 最笨下载"跳转正常,该类元素共18个，当前第17个
2020-07-28 18:54:24,720 - 2 - INFO - 页面"全民祖玛（爆装加强版）_全民祖玛（爆装加强版）无限元宝服_SF变态版全民祖玛（爆装加强版）公益服下载 - 最笨下载"跳转正常,该类元素共18个，当前第18个
2020-07-28 18:54:32,418 - 2 - INFO - 页面"满vip版手游_手游sf送顶级vip_满级vip无限元宝手游下载-最笨下载"跳转正常,该类元素共13个，当前第1个
2020-07-28 18:54:32,683 - basepage - INFO - Click back on current page.
2020-07-28 18:54:41,462 - 2 - INFO - 页面"满vip版手游_手游sf送顶级vip_满级vip无限元宝手游下载-最笨下载"跳转正常,该类元素共13个，当前第2个
2020-07-28 18:54:41,841 - basepage - INFO - Click back on current page.
2020-07-28 18:54:50,165 - 2 - INFO - 页面"满vip版手游_手游sf送顶级vip_满级vip无限元宝手游下载-最笨下载"跳转正常,该类元素共13个，当前第3个
2020-07-28 18:54:50,514 - basepage - INFO - Click back on current page.
2020-07-28 18:54:59,148 - 2 - INFO - 页面"满vip版手游_手游sf送顶级vip_满级vip无限元宝手游下载-最笨下载"跳转正常,该类元素共13个，当前第4个
2020-07-28 18:54:59,430 - basepage - INFO - Click back on current page.
2020-07-28 18:55:07,814 - 2 - INFO - 页面"满vip版手游_手游sf送顶级vip_满级vip无限元宝手游下载-最笨下载"跳转正常,该类元素共13个，当前第5个
2020-07-28 18:55:08,154 - basepage - INFO - Click back on current page.
2020-07-28 18:55:16,598 - 2 - INFO - 页面"满vip版手游_手游sf送顶级vip_满级vip无限元宝手游下载-最笨下载"跳转正常,该类元素共13个，当前第6个
2020-07-28 18:55:17,113 - basepage - INFO - Click back on current page.
2020-07-28 18:55:25,941 - 2 - INFO - 页面"满vip版手游_手游sf送顶级vip_满级vip无限元宝手游下载-最笨下载"跳转正常,该类元素共13个，当前第7个
2020-07-28 18:55:26,323 - basepage - INFO - Click back on current page.
2020-07-28 18:55:34,770 - 2 - INFO - 页面"满vip版手游_手游sf送顶级vip_满级vip无限元宝手游下载-最笨下载"跳转正常,该类元素共13个，当前第8个
2020-07-28 18:55:35,231 - basepage - INFO - Click back on current page.
2020-07-28 18:55:43,718 - 2 - INFO - 页面"满vip版手游_手游sf送顶级vip_满级vip无限元宝手游下载-最笨下载"跳转正常,该类元素共13个，当前第9个
2020-07-28 18:55:44,162 - basepage - INFO - Click back on current page.
2020-07-28 18:55:53,179 - 2 - INFO - 页面"满vip版手游_手游sf送顶级vip_满级vip无限元宝手游下载-最笨下载"跳转正常,该类元素共13个，当前第10个
2020-07-28 18:55:53,714 - basepage - INFO - Click back on current page.
2020-07-28 18:56:02,167 - 2 - INFO - 页面"满vip版手游_手游sf送顶级vip_满级vip无限元宝手游下载-最笨下载"跳转正常,该类元素共13个，当前第11个
2020-07-28 18:56:02,679 - basepage - INFO - Click back on current page.
2020-07-28 18:56:09,497 - 2 - ERROR - 页面"404-最笨下载"跳转异常,该类元素共13个，当前第12个
2020-07-28 18:56:10,135 - basepage - INFO - Click back on current page.
2020-07-28 18:56:19,154 - 2 - INFO - 页面"满vip版手游_手游sf送顶级vip_满级vip无限元宝手游下载-最笨下载"跳转正常,该类元素共13个，当前第13个
2020-07-28 18:56:19,409 - basepage - INFO - Click back on current page.
2020-07-28 18:56:27,757 - 2 - INFO - 页面"屠龙世界（送GM特权）_屠龙世界（送GM特权）无限元宝服_SF变态版屠龙世界（送GM特权）公益服下载 - 最笨下载"跳转正常,该类元素共18个，当前第1个
2020-07-28 18:56:33,906 - 2 - INFO - 页面"将军道（送百连海量抽）_将军道（送百连海量抽）无限元宝服_SF变态版将军道（送百连海量抽）公益服下载 - 最笨下载"跳转正常,该类元素共18个，当前第2个
2020-07-28 18:56:40,032 - 2 - INFO - 页面"七战（无门槛送首充）_七战（无门槛送首充）无限元宝服_SF变态版七战（无门槛送首充）公益服下载 - 最笨下载"跳转正常,该类元素共18个，当前第3个
2020-07-28 18:56:46,167 - 2 - INFO - 页面"炼金国度（送1000元充值）_炼金国度（送1000元充值）无限元宝服_SF变态版炼金国度（送1000元充值）公益服下载 - 最笨下载"跳转正常,该类元素共18个，当前第4个
2020-07-28 18:56:52,300 - 2 - INFO - 页面"冒险王2（送海量充值）_冒险王2（送海量充值）无限元宝服_SF变态版冒险王2（送海量充值）公益服下载 - 最笨下载"跳转正常,该类元素共18个，当前第5个
2020-07-28 18:56:58,421 - 2 - INFO - 页面"帝国光辉（每日送1000R）_帝国光辉（每日送1000R）无限元宝服_SF变态版帝国光辉（每日送1000R）公益服下载 - 最笨下载"跳转正常,该类元素共18个，当前第6个
2020-07-28 18:57:04,582 - 2 - INFO - 页面"围攻大菠萝（送328充值）_围攻大菠萝（送328充值）无限元宝服_SF变态版围攻大菠萝（送328充值）公益服下载 - 最笨下载"跳转正常,该类元素共18个，当前第7个
2020-07-28 18:57:10,750 - 2 - INFO - 页面"女神联盟2（送500充值）_女神联盟2（送500充值）无限元宝服_SF变态版女神联盟2（送500充值）公益服下载 - 最笨下载"跳转正常,该类元素共18个，当前第8个
2020-07-28 18:57:16,887 - 2 - INFO - 页面"九天仙梦（商城特权）_九天仙梦（商城特权）无限元宝服_SF变态版九天仙梦（商城特权）公益服下载 - 最笨下载"跳转正常,该类元素共18个，当前第9个
2020-07-28 18:57:23,225 - 2 - INFO - 页面"仙剑缘（星耀特权）_仙剑缘（星耀特权）无限元宝服_SF变态版仙剑缘（星耀特权）公益服下载 - 最笨下载"跳转正常,该类元素共18个，当前第10个
2020-07-28 18:57:29,369 - 2 - INFO - 页面"我叫MT：奇幻之旅（送一万连抽）_我叫MT：奇幻之旅（送一万连抽）无限元宝服_SF变态版我叫MT：奇幻之旅（送一万连抽）公益服下载 - 最笨下载"跳转正常,该类元素共18个，当前第11个
2020-07-28 18:57:35,507 - 2 - INFO - 页面"天天驯兽师（每日送百抽）_天天驯兽师（每日送百抽）无限元宝服_SF变态版天天驯兽师（每日送百抽）公益服下载 - 最笨下载"跳转正常,该类元素共18个，当前第12个
2020-07-28 18:57:41,610 - 2 - INFO - 页面"神契幻奇谭（海量特权）_神契幻奇谭（海量特权）无限元宝服_SF变态版神契幻奇谭（海量特权）公益服下载 - 最笨下载"跳转正常,该类元素共18个，当前第13个
2020-07-28 18:57:47,757 - 2 - INFO - 页面"冒险者集结（送650充值）_冒险者集结（送650充值）无限元宝服_SF变态版冒险者集结（送650充值）公益服下载 - 最笨下载"跳转正常,该类元素共18个，当前第14个
2020-07-28 18:57:53,895 - 2 - INFO - 页面"御剑封神录（送海量充值）_御剑封神录（送海量充值）无限元宝服_SF变态版御剑封神录（送海量充值）公益服下载 - 最笨下载"跳转正常,该类元素共18个，当前第15个
2020-07-28 18:58:00,029 - 2 - INFO - 页面"无敌战舰（送百元充值）_无敌战舰（送百元充值）无限元宝服_SF变态版无敌战舰（送百元充值）公益服下载 - 最笨下载"跳转正常,该类元素共18个，当前第16个
2020-07-28 18:58:06,153 - 2 - INFO - 页面"孤龙山（送GM海量充）_孤龙山（送GM海量充）无限元宝服_SF变态版孤龙山（送GM海量充）公益服下载 - 最笨下载"跳转正常,该类元素共18个，当前第17个
2020-07-28 18:58:12,303 - 2 - INFO - 页面"圣痕觉醒（送万元充值）_圣痕觉醒（送万元充值）无限元宝服_SF变态版圣痕觉醒（送万元充值）公益服下载 - 最笨下载"跳转正常,该类元素共18个，当前第18个
2020-07-28 18:58:19,489 - 2 - INFO - 页面"gm版手游_无限元宝/钻石公益服_0元免费gm权限手游下载-最笨下载"跳转正常,该类元素共13个，当前第1个
2020-07-28 18:58:19,804 - basepage - INFO - Click back on current page.
2020-07-28 18:58:28,192 - 2 - INFO - 页面"gm版手游_无限元宝/钻石公益服_0元免费gm权限手游下载-最笨下载"跳转正常,该类元素共13个，当前第2个
2020-07-28 18:58:28,571 - basepage - INFO - Click back on current page.
2020-07-28 18:58:36,631 - 2 - INFO - 页面"gm版手游_无限元宝/钻石公益服_0元免费gm权限手游下载-最笨下载"跳转正常,该类元素共13个，当前第3个
2020-07-28 18:58:37,090 - basepage - INFO - Click back on current page.
2020-07-28 18:58:45,147 - 2 - INFO - 页面"gm版手游_无限元宝/钻石公益服_0元免费gm权限手游下载-最笨下载"跳转正常,该类元素共13个，当前第4个
2020-07-28 18:58:45,421 - basepage - INFO - Click back on current page.
2020-07-28 18:58:53,453 - 2 - INFO - 页面"gm版手游_无限元宝/钻石公益服_0元免费gm权限手游下载-最笨下载"跳转正常,该类元素共13个，当前第5个
2020-07-28 18:58:53,867 - basepage - INFO - Click back on current page.
2020-07-28 18:59:01,997 - 2 - INFO - 页面"gm版手游_无限元宝/钻石公益服_0元免费gm权限手游下载-最笨下载"跳转正常,该类元素共13个，当前第6个
2020-07-28 18:59:02,385 - basepage - INFO - Click back on current page.
2020-07-28 18:59:10,389 - 2 - INFO - 页面"gm版手游_无限元宝/钻石公益服_0元免费gm权限手游下载-最笨下载"跳转正常,该类元素共13个，当前第7个
2020-07-28 18:59:10,656 - basepage - INFO - Click back on current page.
2020-07-28 18:59:18,633 - 2 - INFO - 页面"gm版手游_无限元宝/钻石公益服_0元免费gm权限手游下载-最笨下载"跳转正常,该类元素共13个，当前第8个
2020-07-28 18:59:18,991 - basepage - INFO - Click back on current page.
2020-07-28 18:59:27,035 - 2 - INFO - 页面"gm版手游_无限元宝/钻石公益服_0元免费gm权限手游下载-最笨下载"跳转正常,该类元素共13个，当前第9个
2020-07-28 18:59:27,418 - basepage - INFO - Click back on current page.
2020-07-28 18:59:35,491 - 2 - INFO - 页面"gm版手游_无限元宝/钻石公益服_0元免费gm权限手游下载-最笨下载"跳转正常,该类元素共13个，当前第10个
2020-07-28 18:59:35,834 - basepage - INFO - Click back on current page.
2020-07-28 18:59:43,646 - 2 - INFO - 页面"gm版手游_无限元宝/钻石公益服_0元免费gm权限手游下载-最笨下载"跳转正常,该类元素共13个，当前第11个
2020-07-28 18:59:44,084 - basepage - INFO - Click back on current page.
2020-07-28 18:59:50,908 - 2 - ERROR - 页面"404-最笨下载"跳转异常,该类元素共13个，当前第12个
2020-07-28 18:59:51,451 - basepage - INFO - Click back on current page.
2020-07-28 18:59:59,493 - 2 - INFO - 页面"gm版手游_无限元宝/钻石公益服_0元免费gm权限手游下载-最笨下载"跳转正常,该类元素共13个，当前第13个
2020-07-28 18:59:59,784 - basepage - INFO - Click back on current page.
2020-07-28 19:00:08,161 - 2 - INFO - 页面"高达（GM版）_高达（GM版）免费gm权限安卓下载 - 最笨下载"跳转正常,该类元素共18个，当前第1个
2020-07-28 19:00:14,315 - 2 - INFO - 页面"暗黑王者（GM版）_暗黑王者（GM版）免费gm权限安卓下载 - 最笨下载"跳转正常,该类元素共18个，当前第2个
2020-07-28 19:00:20,434 - 2 - INFO - 页面"问鼎封神（GM版）_问鼎封神（GM版）免费gm权限安卓下载 - 最笨下载"跳转正常,该类元素共18个，当前第3个
2020-07-28 19:00:26,579 - 2 - INFO - 页面"仙剑轮回（GM版）_仙剑轮回（GM版）免费gm权限安卓下载 - 最笨下载"跳转正常,该类元素共18个，当前第4个
2020-07-28 19:00:32,697 - 2 - INFO - 页面"神道仙尊（GM版）_神道仙尊（GM版）免费gm权限安卓下载 - 最笨下载"跳转正常,该类元素共18个，当前第5个
2020-07-28 19:00:38,844 - 2 - INFO - 页面"大将无双（GM版）_大将无双（GM版）免费gm权限安卓下载 - 最笨下载"跳转正常,该类元素共18个，当前第6个
2020-07-28 19:00:44,981 - 2 - INFO - 页面"青云剑诀（GM版）_青云剑诀（GM版）免费gm权限安卓下载 - 最笨下载"跳转正常,该类元素共18个，当前第7个
2020-07-28 19:00:51,123 - 2 - INFO - 页面"寂灭剑诀（GM版）_寂灭剑诀（GM版）免费gm权限安卓下载 - 最笨下载"跳转正常,该类元素共18个，当前第8个
2020-07-28 19:00:57,242 - 2 - INFO - 页面"封神记（GM版）_封神记（GM版）免费gm权限安卓下载 - 最笨下载"跳转正常,该类元素共18个，当前第9个
2020-07-28 19:01:03,391 - 2 - INFO - 页面"豪门小老婆（GM版）_豪门小老婆（GM版）免费gm权限安卓下载 - 最笨下载"跳转正常,该类元素共18个，当前第10个
2020-07-28 19:01:09,533 - 2 - INFO - 页面"三生三誓青丘传（GM版）_三生三誓青丘传（GM版）免费gm权限安卓下载 - 最笨下载"跳转正常,该类元素共18个，当前第11个
2020-07-28 19:01:15,675 - 2 - INFO - 页面"毒尊三国（GM版）_毒尊三国（GM版）免费gm权限安卓下载 - 最笨下载"跳转正常,该类元素共18个，当前第12个
2020-07-28 19:01:21,822 - 2 - INFO - 页面"乱世神话（GM版）_乱世神话（GM版）免费gm权限安卓下载 - 最笨下载"跳转正常,该类元素共18个，当前第13个
2020-07-28 19:01:27,968 - 2 - INFO - 页面"天子问剑（GM版）_天子问剑（GM版）免费gm权限安卓下载 - 最笨下载"跳转正常,该类元素共18个，当前第14个
2020-07-28 19:01:34,106 - 2 - INFO - 页面"风云三国（GM版）_风云三国（GM版）免费gm权限安卓下载 - 最笨下载"跳转正常,该类元素共18个，当前第15个
2020-07-28 19:01:40,257 - 2 - INFO - 页面"古惑三国志（GM版）_古惑三国志（GM版）免费gm权限安卓下载 - 最笨下载"跳转正常,该类元素共18个，当前第16个
2020-07-28 19:01:46,394 - 2 - INFO - 页面"少年悟空传（GM版）_少年悟空传（GM版）免费gm权限安卓下载 - 最笨下载"跳转正常,该类元素共18个，当前第17个
2020-07-28 19:01:52,538 - 2 - INFO - 页面"诛神之战（GM版）_诛神之战（GM版）免费gm权限安卓下载 - 最笨下载"跳转正常,该类元素共18个，当前第18个
2020-07-28 19:02:00,046 - 2 - INFO - 页面"免费权限GM游戏"跳转正常,该类元素共4个，当前第1个
2020-07-28 19:02:00,332 - basepage - INFO - Click back on current page.
2020-07-28 19:02:05,633 - 2 - INFO - 页面"聊天回复神器合集"跳转正常,该类元素共4个，当前第2个
2020-07-28 19:02:05,990 - basepage - INFO - Click back on current page.
2020-07-28 19:02:14,723 - 2 - INFO - 页面"超变私服传奇一刀999999级"跳转正常,该类元素共4个，当前第3个
2020-07-28 19:02:14,998 - basepage - INFO - Click back on current page.
2020-07-28 19:02:21,563 - 2 - INFO - 页面"美女爆衣游戏手游"跳转正常,该类元素共4个，当前第4个
2020-07-28 19:02:21,837 - basepage - INFO - Click back on current page.
2020-07-28 19:02:30,158 - 2 - INFO - 页面"【苹果播放器】iPhone手机播放器,iPhone播放器免费下载大全-最笨下载"跳转正常,该类元素共20个，当前第1个
2020-07-28 19:02:30,479 - basepage - INFO - Click back on current page.
2020-07-28 19:02:37,523 - 2 - INFO - 页面"【苹果学习软件】iPhone手机学习软件_iPhone学习软件免费下载大全-最笨下载"跳转正常,该类元素共20个，当前第2个
2020-07-28 19:02:37,955 - basepage - INFO - Click back on current page.
2020-07-28 19:02:45,063 - 2 - INFO - 页面"【苹果辅助软件】iPhone手机辅助软件_iPhone辅助软件免费下载大全-最笨下载"跳转正常,该类元素共20个，当前第3个
2020-07-28 19:02:45,300 - basepage - INFO - Click back on current page.
2020-07-28 19:02:52,572 - 2 - INFO - 页面"【苹果输入法】iPhone手机输入法_iPhone输入法免费下载大全-最笨下载"跳转正常,该类元素共20个，当前第4个
2020-07-28 19:02:52,853 - basepage - INFO - Click back on current page.
2020-07-28 19:03:00,105 - 2 - INFO - 页面"【苹果通信软件】iPhone手机通信软件_iPhone通信软件免费下载大全-最笨下载"跳转正常,该类元素共20个，当前第5个
2020-07-28 19:03:00,820 - basepage - INFO - Click back on current page.
2020-07-28 19:03:07,746 - 2 - INFO - 页面"【苹果固件】iPhone手机固件软件_iPhone固件软件免费下载大全-最笨下载"跳转正常,该类元素共20个，当前第6个
2020-07-28 19:03:08,084 - basepage - INFO - Click back on current page.
2020-07-28 19:03:15,062 - 2 - INFO - 页面"【苹果文件管理软件】iPhone手机文件管理软件_iPhone文件管理软件免费下载大全-最笨下载"跳转正常,该类元素共20个，当前第7个
2020-07-28 19:03:15,351 - basepage - INFO - Click back on current page.
2020-07-28 19:03:22,600 - 2 - INFO - 页面"【苹果同步软件】iPhone手机同步软件_iPhone同步软件免费下载大全-最笨下载"跳转正常,该类元素共20个，当前第8个
2020-07-28 19:03:22,986 - basepage - INFO - Click back on current page.
2020-07-28 19:03:30,210 - 2 - INFO - 页面"【苹果办公软件】iPhone手机办公软件_iPhone办公软件免费下载大全-最笨下载"跳转正常,该类元素共20个，当前第9个
2020-07-28 19:03:30,496 - basepage - INFO - Click back on current page.
2020-07-28 19:03:37,587 - 2 - INFO - 页面"【苹果新闻软件】iPhone手机新闻软件_iPhone新闻软件免费下载大全-最笨下载"跳转正常,该类元素共20个，当前第10个
2020-07-28 19:03:37,906 - basepage - INFO - Click back on current page.
2020-07-28 19:04:03,984 - 2 - INFO - 页面"【苹果理财软件】iPhone手机理财软件_iPhone理财软件免费下载大全-最笨下载"跳转正常,该类元素共20个，当前第11个
2020-07-28 19:04:04,379 - basepage - INFO - Click back on current page.
2020-07-28 19:04:11,679 - 2 - INFO - 页面"【苹果备份软件】iPhone手机备份软件_iPhone备份软件免费下载大全-最笨下载"跳转正常,该类元素共20个，当前第12个
2020-07-28 19:04:11,986 - basepage - INFO - Click back on current page.
2020-07-28 19:04:19,261 - 2 - INFO - 页面"【苹果健身软件】iPhone手机健身软件_iPhone健身软件免费下载大全-最笨下载"跳转正常,该类元素共20个，当前第13个
2020-07-28 19:04:19,635 - basepage - INFO - Click back on current page.
2020-07-28 19:04:27,314 - 2 - INFO - 页面"【苹果健康管理软件】iPhone手机健康管理软件_iPhone健康管理软件免费下载大全-最笨下载"跳转正常,该类元素共20个，当前第14个
2020-07-28 19:04:27,686 - basepage - INFO - Click back on current page.
2020-07-28 19:04:35,186 - 2 - INFO - 页面"【苹果系统软件】iPhone手机系统软件_iPhone系统软件免费下载大全-最笨下载"跳转正常,该类元素共20个，当前第15个
2020-07-28 19:04:35,431 - basepage - INFO - Click back on current page.
2020-07-28 19:04:42,696 - 2 - INFO - 页面"【苹果社交软件】iphone手机社交软件_iphone社交软件免费下载大全-最笨下载"跳转正常,该类元素共20个，当前第16个
2020-07-28 19:04:43,019 - basepage - INFO - Click back on current page.
2020-07-28 19:04:49,665 - 2 - INFO - 页面"【苹果娱乐软件】iPhone手机娱乐软件_iPhone娱乐软件免费下载大全-最笨下载"跳转正常,该类元素共20个，当前第17个
2020-07-28 19:04:50,065 - basepage - INFO - Click back on current page.
2020-07-28 19:04:57,203 - 2 - INFO - 页面"【苹果导航】iPhone手机导航软件,iPhone导航软件免费下载大全-最笨下载"跳转正常,该类元素共20个，当前第18个
2020-07-28 19:04:57,489 - basepage - INFO - Click back on current page.
2020-07-28 19:05:04,802 - 2 - INFO - 页面"【苹果网络软件】iPhone手机网络软件,iPhone网络软件免费下载大全-最笨下载"跳转正常,该类元素共20个，当前第19个
2020-07-28 19:05:05,296 - basepage - INFO - Click back on current page.
2020-07-28 19:05:12,333 - 2 - INFO - 页面"【苹果助手软件】iPhone生活助手软件_iPhone生活助手软件免费下载大全-最笨下载"跳转正常,该类元素共20个，当前第20个
2020-07-28 19:05:12,811 - basepage - INFO - Click back on current page.
2020-07-28 19:05:21,201 - 2 - INFO - 页面"蜜小助ios版_蜜小助ios版下载_蜜小助ios版官方下载-最笨下载"跳转正常,该类元素共18个，当前第1个
2020-07-28 19:05:27,366 - 2 - INFO - 页面"BT游戏大全ios_BT游戏大全ios下载_BT游戏大全ios官方下载-最笨下载"跳转正常,该类元素共18个，当前第2个
2020-07-28 19:05:33,511 - 2 - INFO - 页面"小8游戏盒子ios_小8游戏盒子ios下载_小8游戏盒子ios官方下载-最笨下载"跳转正常,该类元素共18个，当前第3个
2020-07-28 19:05:39,637 - 2 - INFO - 页面"安卓市场ios版_安卓市场ios版下载_安卓市场ios版官方下载-最笨下载"跳转正常,该类元素共18个，当前第4个
2020-07-28 19:05:45,758 - 2 - INFO - 页面"剪映_剪映下载_剪映官方下载-最笨下载"跳转正常,该类元素共18个，当前第5个
2020-07-28 19:05:51,894 - 2 - INFO - 页面"吾爱看书ios版_吾爱看书ios版下载_吾爱看书ios版官方下载-最笨下载"跳转正常,该类元素共18个，当前第6个
2020-07-28 19:05:58,026 - 2 - INFO - 页面"7743游戏平台_7743游戏平台下载_7743游戏平台官方下载-最笨下载"跳转正常,该类元素共18个，当前第7个
2020-07-28 19:06:04,144 - 2 - INFO - 页面"搜书帝ios_搜书帝ios下载_搜书帝ios官方下载-最笨下载"跳转正常,该类元素共18个，当前第8个
2020-07-28 19:06:10,281 - 2 - INFO - 页面"大塘小鱼_大塘小鱼下载_大塘小鱼官方下载-最笨下载"跳转正常,该类元素共18个，当前第9个
2020-07-28 19:06:20,487 - 2 - INFO - 页面"花溪小说_花溪小说下载_花溪小说官方下载-最笨下载"跳转正常,该类元素共18个，当前第10个
2020-07-28 19:06:26,627 - 2 - INFO - 页面"手译_手译下载_手译官方下载-最笨下载"跳转正常,该类元素共18个，当前第11个
2020-07-28 19:06:32,768 - 2 - INFO - 页面"sjcam_sjcam下载_sjcam官方下载-最笨下载"跳转正常,该类元素共18个，当前第12个
2020-07-28 19:06:38,916 - 2 - INFO - 页面"WearHeart_WearHeart下载_WearHeart官方下载-最笨下载"跳转正常,该类元素共18个，当前第13个
2020-07-28 19:06:45,038 - 2 - INFO - 页面"仓鼠阅读_仓鼠阅读下载_仓鼠阅读官方下载-最笨下载"跳转正常,该类元素共18个，当前第14个
2020-07-28 19:06:51,178 - 2 - INFO - 页面"漫番漫画_漫番漫画下载_漫番漫画官方下载-最笨下载"跳转正常,该类元素共18个，当前第15个
2020-07-28 19:06:57,320 - 2 - INFO - 页面"腾讯时光_腾讯时光下载_腾讯时光官方下载-最笨下载"跳转正常,该类元素共18个，当前第16个
2020-07-28 19:07:03,461 - 2 - INFO - 页面"GK扫描仪_GK扫描仪下载_GK扫描仪官方下载-最笨下载"跳转正常,该类元素共18个，当前第17个
2020-07-28 19:07:09,639 - 2 - INFO - 页面"海报制作_海报制作下载_海报制作官方下载-最笨下载"跳转正常,该类元素共18个，当前第18个
2020-07-28 19:07:17,915 - 2 - INFO - 页面"变态手游公益服_bt手游变态服_无限元宝bt手游下载_BT手游中心-最笨下载"跳转正常,该类元素共13个，当前第1个
2020-07-28 19:07:18,309 - basepage - INFO - Click back on current page.
2020-07-28 19:07:26,203 - 2 - INFO - 页面"变态手游公益服_bt手游变态服_无限元宝bt手游下载_BT手游中心-最笨下载"跳转正常,该类元素共13个，当前第2个
2020-07-28 19:07:26,494 - basepage - INFO - Click back on current page.
2020-07-28 19:07:34,765 - 2 - INFO - 页面"变态手游公益服_bt手游变态服_无限元宝bt手游下载_BT手游中心-最笨下载"跳转正常,该类元素共13个，当前第3个
2020-07-28 19:07:35,244 - basepage - INFO - Click back on current page.
2020-07-28 19:07:43,533 - 2 - INFO - 页面"变态手游公益服_bt手游变态服_无限元宝bt手游下载_BT手游中心-最笨下载"跳转正常,该类元素共13个，当前第4个
2020-07-28 19:07:43,893 - basepage - INFO - Click back on current page.
2020-07-28 19:07:52,024 - 2 - INFO - 页面"变态手游公益服_bt手游变态服_无限元宝bt手游下载_BT手游中心-最笨下载"跳转正常,该类元素共13个，当前第5个
2020-07-28 19:07:52,504 - basepage - INFO - Click back on current page.
2020-07-28 19:08:00,633 - 2 - INFO - 页面"变态手游公益服_bt手游变态服_无限元宝bt手游下载_BT手游中心-最笨下载"跳转正常,该类元素共13个，当前第6个
2020-07-28 19:08:00,924 - basepage - INFO - Click back on current page.
2020-07-28 19:08:09,109 - 2 - INFO - 页面"变态手游公益服_bt手游变态服_无限元宝bt手游下载_BT手游中心-最笨下载"跳转正常,该类元素共13个，当前第7个
2020-07-28 19:08:09,553 - basepage - INFO - Click back on current page.
2020-07-28 19:08:17,906 - 2 - INFO - 页面"变态手游公益服_bt手游变态服_无限元宝bt手游下载_BT手游中心-最笨下载"跳转正常,该类元素共13个，当前第8个
2020-07-28 19:08:18,341 - basepage - INFO - Click back on current page.
2020-07-28 19:08:26,437 - 2 - INFO - 页面"变态手游公益服_bt手游变态服_无限元宝bt手游下载_BT手游中心-最笨下载"跳转正常,该类元素共13个，当前第9个
2020-07-28 19:08:26,884 - basepage - INFO - Click back on current page.
2020-07-28 19:08:34,947 - 2 - INFO - 页面"变态手游公益服_bt手游变态服_无限元宝bt手游下载_BT手游中心-最笨下载"跳转正常,该类元素共13个，当前第10个
2020-07-28 19:08:35,236 - basepage - INFO - Click back on current page.
2020-07-28 19:08:43,435 - 2 - INFO - 页面"变态手游公益服_bt手游变态服_无限元宝bt手游下载_BT手游中心-最笨下载"跳转正常,该类元素共13个，当前第11个
2020-07-28 19:08:43,893 - basepage - INFO - Click back on current page.
2020-07-28 19:08:50,654 - 2 - ERROR - 页面"404-最笨下载"跳转异常,该类元素共13个，当前第12个
2020-07-28 19:08:51,267 - basepage - INFO - Click back on current page.
2020-07-28 19:09:00,128 - 2 - INFO - 页面"变态手游公益服_bt手游变态服_无限元宝bt手游下载_BT手游中心-最笨下载"跳转正常,该类元素共13个，当前第13个
2020-07-28 19:09:00,433 - basepage - INFO - Click back on current page.
2020-07-28 19:09:08,785 - 2 - INFO - 页面"无双魏蜀吴（折扣特权）_无双魏蜀吴（折扣特权）无限元宝服_SF变态版无双魏蜀吴（折扣特权）公益服下载 - 最笨下载"跳转正常,该类元素共18个，当前第1个
2020-07-28 19:09:14,934 - 2 - INFO - 页面"兵器少女（无门槛送充）_兵器少女（无门槛送充）无限元宝服_SF变态版兵器少女（无门槛送充）公益服下载 - 最笨下载"跳转正常,该类元素共18个，当前第2个
2020-07-28 19:09:21,058 - 2 - INFO - 页面"乱斗三国_乱斗三国无限元宝服_SF变态版乱斗三国公益服下载 - 最笨下载"跳转正常,该类元素共18个，当前第3个
2020-07-28 19:09:27,228 - 2 - INFO - 页面"塔防镇魂师（送328代金券）_塔防镇魂师（送328代金券）无限元宝服_SF变态版塔防镇魂师（送328代金券）公益服下载 - 最笨下载"跳转正常,该类元素共18个，当前第4个
2020-07-28 19:09:33,356 - 2 - INFO - 页面"恋三国（送百抽）_恋三国（送百抽）无限元宝服_SF变态版恋三国（送百抽）公益服下载 - 最笨下载"跳转正常,该类元素共18个，当前第5个
2020-07-28 19:09:39,506 - 2 - INFO - 页面"风云天下·重燃（海量抽充值）_风云天下·重燃（海量抽充值）无限元宝服_SF变态版风云天下·重燃（海量抽充值）公益服下载 - 最笨下载"跳转正常,该类元素共18个，当前第6个
2020-07-28 19:09:45,650 - 2 - INFO - 页面"一剑成仙（海量打金）_一剑成仙（海量打金）无限元宝服_SF变态版一剑成仙（海量打金）公益服下载 - 最笨下载"跳转正常,该类元素共18个，当前第7个
2020-07-28 19:09:51,815 - 2 - INFO - 页面"天域幻想（送海量充值）_天域幻想（送海量充值）无限元宝服_SF变态版天域幻想（送海量充值）公益服下载 - 最笨下载"跳转正常,该类元素共18个，当前第8个
2020-07-28 19:09:57,968 - 2 - INFO - 页面"修仙无双（折扣特权）_修仙无双（折扣特权）无限元宝服_SF变态版修仙无双（折扣特权）公益服下载 - 最笨下载"跳转正常,该类元素共18个，当前第9个
2020-07-28 19:10:04,122 - 2 - INFO - 页面"天诀_天诀无限元宝服_SF变态版天诀公益服下载 - 最笨下载"跳转正常,该类元素共18个，当前第10个
2020-07-28 19:10:10,259 - 2 - INFO - 页面"乱世江湖（卖血送真充）_乱世江湖（卖血送真充）无限元宝服_SF变态版乱世江湖（卖血送真充）公益服下载 - 最笨下载"跳转正常,该类元素共18个，当前第11个
2020-07-28 19:10:16,422 - 2 - INFO - 页面"联盟契约（送神将百抽）_联盟契约（送神将百抽）无限元宝服_SF变态版联盟契约（送神将百抽）公益服下载 - 最笨下载"跳转正常,该类元素共18个，当前第12个
2020-07-28 19:10:22,571 - 2 - INFO - 页面"九灵神域_九灵神域无限元宝服_SF变态版九灵神域公益服下载 - 最笨下载"跳转正常,该类元素共18个，当前第13个
2020-07-28 19:10:28,739 - 2 - INFO - 页面"教主之家（至尊特权）_教主之家（至尊特权）无限元宝服_SF变态版教主之家（至尊特权）公益服下载 - 最笨下载"跳转正常,该类元素共18个，当前第14个
2020-07-28 19:10:34,872 - 2 - INFO - 页面"魔星狂点（送海量连抽）_魔星狂点（送海量连抽）无限元宝服_SF变态版魔星狂点（送海量连抽）公益服下载 - 最笨下载"跳转正常,该类元素共18个，当前第15个
2020-07-28 19:10:41,011 - 2 - INFO - 页面"主公别闹_主公别闹无限元宝服_SF变态版主公别闹公益服下载 - 最笨下载"跳转正常,该类元素共18个，当前第16个
2020-07-28 19:10:47,131 - 2 - INFO - 页面"全民祖玛（爆装加强版）_全民祖玛（爆装加强版）无限元宝服_SF变态版全民祖玛（爆装加强版）公益服下载 - 最笨下载"跳转正常,该类元素共18个，当前第17个
2020-07-28 19:10:53,262 - 2 - INFO - 页面"天天怼三国（送千元充值）_天天怼三国（送千元充值）无限元宝服_SF变态版天天怼三国（送千元充值）公益服下载 - 最笨下载"跳转正常,该类元素共18个，当前第18个
2020-07-28 19:11:00,513 - 2 - INFO - 页面"满vip版手游_手游sf送顶级vip_满级vip无限元宝手游下载-最笨下载"跳转正常,该类元素共13个，当前第1个
2020-07-28 19:11:00,897 - basepage - INFO - Click back on current page.
2020-07-28 19:11:08,999 - 2 - INFO - 页面"满vip版手游_手游sf送顶级vip_满级vip无限元宝手游下载-最笨下载"跳转正常,该类元素共13个，当前第2个
2020-07-28 19:11:09,431 - basepage - INFO - Click back on current page.
2020-07-28 19:11:18,018 - 2 - INFO - 页面"满vip版手游_手游sf送顶级vip_满级vip无限元宝手游下载-最笨下载"跳转正常,该类元素共13个，当前第3个
2020-07-28 19:11:18,419 - basepage - INFO - Click back on current page.
2020-07-28 19:11:26,798 - 2 - INFO - 页面"满vip版手游_手游sf送顶级vip_满级vip无限元宝手游下载-最笨下载"跳转正常,该类元素共13个，当前第4个
2020-07-28 19:11:27,236 - basepage - INFO - Click back on current page.
2020-07-28 19:11:35,299 - 2 - INFO - 页面"满vip版手游_手游sf送顶级vip_满级vip无限元宝手游下载-最笨下载"跳转正常,该类元素共13个，当前第5个
2020-07-28 19:11:35,725 - basepage - INFO - Click back on current page.
2020-07-28 19:11:44,385 - 2 - INFO - 页面"满vip版手游_手游sf送顶级vip_满级vip无限元宝手游下载-最笨下载"跳转正常,该类元素共13个，当前第6个
2020-07-28 19:11:44,650 - basepage - INFO - Click back on current page.
2020-07-28 19:11:52,745 - 2 - INFO - 页面"满vip版手游_手游sf送顶级vip_满级vip无限元宝手游下载-最笨下载"跳转正常,该类元素共13个，当前第7个
2020-07-28 19:11:53,215 - basepage - INFO - Click back on current page.
2020-07-28 19:12:01,386 - 2 - INFO - 页面"满vip版手游_手游sf送顶级vip_满级vip无限元宝手游下载-最笨下载"跳转正常,该类元素共13个，当前第8个
2020-07-28 19:12:01,853 - basepage - INFO - Click back on current page.
2020-07-28 19:12:09,846 - 2 - INFO - 页面"满vip版手游_手游sf送顶级vip_满级vip无限元宝手游下载-最笨下载"跳转正常,该类元素共13个，当前第9个
2020-07-28 19:12:10,195 - basepage - INFO - Click back on current page.
2020-07-28 19:12:18,239 - 2 - INFO - 页面"满vip版手游_手游sf送顶级vip_满级vip无限元宝手游下载-最笨下载"跳转正常,该类元素共13个，当前第10个
2020-07-28 19:12:18,748 - basepage - INFO - Click back on current page.
2020-07-28 19:12:26,855 - 2 - INFO - 页面"满vip版手游_手游sf送顶级vip_满级vip无限元宝手游下载-最笨下载"跳转正常,该类元素共13个，当前第11个
2020-07-28 19:12:27,308 - basepage - INFO - Click back on current page.
2020-07-28 19:12:34,068 - 2 - ERROR - 页面"404-最笨下载"跳转异常,该类元素共13个，当前第12个
2020-07-28 19:12:34,636 - basepage - INFO - Click back on current page.
2020-07-28 19:12:43,497 - 2 - INFO - 页面"满vip版手游_手游sf送顶级vip_满级vip无限元宝手游下载-最笨下载"跳转正常,该类元素共13个，当前第13个
2020-07-28 19:12:43,742 - basepage - INFO - Click back on current page.
2020-07-28 19:12:52,138 - 2 - INFO - 页面"屠龙世界（送GM特权）_屠龙世界（送GM特权）无限元宝服_SF变态版屠龙世界（送GM特权）公益服下载 - 最笨下载"跳转正常,该类元素共18个，当前第1个
2020-07-28 19:12:58,258 - 2 - INFO - 页面"将军道（送百连海量抽）_将军道（送百连海量抽）无限元宝服_SF变态版将军道（送百连海量抽）公益服下载 - 最笨下载"跳转正常,该类元素共18个，当前第2个
2020-07-28 19:13:04,393 - 2 - INFO - 页面"七战（无门槛送首充）_七战（无门槛送首充）无限元宝服_SF变态版七战（无门槛送首充）公益服下载 - 最笨下载"跳转正常,该类元素共18个，当前第3个
2020-07-28 19:13:10,548 - 2 - INFO - 页面"炼金国度（送1000元充值）_炼金国度（送1000元充值）无限元宝服_SF变态版炼金国度（送1000元充值）公益服下载 - 最笨下载"跳转正常,该类元素共18个，当前第4个
2020-07-28 19:13:16,695 - 2 - INFO - 页面"冒险王2（送海量充值）_冒险王2（送海量充值）无限元宝服_SF变态版冒险王2（送海量充值）公益服下载 - 最笨下载"跳转正常,该类元素共18个，当前第5个
2020-07-28 19:13:22,885 - 2 - INFO - 页面"帝国光辉（每日送1000R）_帝国光辉（每日送1000R）无限元宝服_SF变态版帝国光辉（每日送1000R）公益服下载 - 最笨下载"跳转正常,该类元素共18个，当前第6个
2020-07-28 19:13:29,022 - 2 - INFO - 页面"围攻大菠萝（送328充值）_围攻大菠萝（送328充值）无限元宝服_SF变态版围攻大菠萝（送328充值）公益服下载 - 最笨下载"跳转正常,该类元素共18个，当前第7个
2020-07-28 19:13:35,144 - 2 - INFO - 页面"女神联盟2（送500充值）_女神联盟2（送500充值）无限元宝服_SF变态版女神联盟2（送500充值）公益服下载 - 最笨下载"跳转正常,该类元素共18个，当前第8个
2020-07-28 19:13:41,276 - 2 - INFO - 页面"九天仙梦（商城特权）_九天仙梦（商城特权）无限元宝服_SF变态版九天仙梦（商城特权）公益服下载 - 最笨下载"跳转正常,该类元素共18个，当前第9个
2020-07-28 19:13:47,472 - 2 - INFO - 页面"仙剑缘（星耀特权）_仙剑缘（星耀特权）无限元宝服_SF变态版仙剑缘（星耀特权）公益服下载 - 最笨下载"跳转正常,该类元素共18个，当前第10个
2020-07-28 19:13:53,602 - 2 - INFO - 页面"我叫MT：奇幻之旅（送一万连抽）_我叫MT：奇幻之旅（送一万连抽）无限元宝服_SF变态版我叫MT：奇幻之旅（送一万连抽）公益服下载 - 最笨下载"跳转正常,该类元素共18个，当前第11个
2020-07-28 19:13:59,741 - 2 - INFO - 页面"天天驯兽师（每日送百抽）_天天驯兽师（每日送百抽）无限元宝服_SF变态版天天驯兽师（每日送百抽）公益服下载 - 最笨下载"跳转正常,该类元素共18个，当前第12个
2020-07-28 19:14:05,867 - 2 - INFO - 页面"神契幻奇谭（海量特权）_神契幻奇谭（海量特权）无限元宝服_SF变态版神契幻奇谭（海量特权）公益服下载 - 最笨下载"跳转正常,该类元素共18个，当前第13个
2020-07-28 19:14:12,004 - 2 - INFO - 页面"冒险者集结（送650充值）_冒险者集结（送650充值）无限元宝服_SF变态版冒险者集结（送650充值）公益服下载 - 最笨下载"跳转正常,该类元素共18个，当前第14个
2020-07-28 19:14:18,146 - 2 - INFO - 页面"御剑封神录（送海量充值）_御剑封神录（送海量充值）无限元宝服_SF变态版御剑封神录（送海量充值）公益服下载 - 最笨下载"跳转正常,该类元素共18个，当前第15个
2020-07-28 19:14:24,272 - 2 - INFO - 页面"无敌战舰（送百元充值）_无敌战舰（送百元充值）无限元宝服_SF变态版无敌战舰（送百元充值）公益服下载 - 最笨下载"跳转正常,该类元素共18个，当前第16个
2020-07-28 19:14:30,398 - 2 - INFO - 页面"孤龙山（送GM海量充）_孤龙山（送GM海量充）无限元宝服_SF变态版孤龙山（送GM海量充）公益服下载 - 最笨下载"跳转正常,该类元素共18个，当前第17个
2020-07-28 19:14:36,516 - 2 - INFO - 页面"圣痕觉醒（送万元充值）_圣痕觉醒（送万元充值）无限元宝服_SF变态版圣痕觉醒（送万元充值）公益服下载 - 最笨下载"跳转正常,该类元素共18个，当前第18个
2020-07-28 19:14:43,124 - 2 - INFO - 页面"【苹果益智休闲游戏】好玩的iPhone益智休闲游戏大全_iPhone益智休闲类游戏下载-最笨下载"跳转正常,该类元素共16个，当前第1个
2020-07-28 19:14:43,369 - basepage - INFO - Click back on current page.
2020-07-28 19:14:50,624 - 2 - INFO - 页面"【苹果其他游戏】好玩的iphone其他游戏大全_iphone其他类游戏下载-最笨下载"跳转正常,该类元素共16个，当前第2个
2020-07-28 19:14:51,030 - basepage - INFO - Click back on current page.
2020-07-28 19:14:58,017 - 2 - INFO - 页面"【苹果音乐游戏】好玩的iphone音乐游戏大全_iphone音乐类游戏下载-最笨下载"跳转正常,该类元素共16个，当前第3个
2020-07-28 19:14:58,301 - basepage - INFO - Click back on current page.
2020-07-28 19:15:05,487 - 2 - INFO - 页面"【苹果网络游戏】好玩的iphone网络游戏大全_iphone网络类游戏下载-最笨下载"跳转正常,该类元素共16个，当前第4个
2020-07-28 19:15:05,781 - basepage - INFO - Click back on current page.
2020-07-28 19:15:12,997 - 2 - INFO - 页面"【苹果格斗游戏】好玩的iPhone格斗游戏大全_iPhone格斗类游戏下载-最笨下载"跳转正常,该类元素共16个，当前第5个
2020-07-28 19:15:13,490 - basepage - INFO - Click back on current page.
2020-07-28 19:15:23,999 - 2 - INFO - 页面"【苹果飞行游戏】好玩的iPhone飞行游戏大全_iPhone飞行类游戏下载-最笨下载"跳转正常,该类元素共16个，当前第6个
2020-07-28 19:15:24,422 - basepage - INFO - Click back on current page.
2020-07-28 19:15:31,512 - 2 - INFO - 页面"【苹果体育运动游戏】好玩的iPhone体育运动游戏大全_iPhone体育运动类游戏下载-最笨下载"跳转正常,该类元素共16个，当前第7个
2020-07-28 19:15:31,744 - basepage - INFO - Click back on current page.
2020-07-28 19:15:38,802 - 2 - INFO - 页面"【苹果模拟经营游戏】好玩的iPhone模拟经营游戏大全_iPhone模拟经营类游戏下载-最笨下载"跳转正常,该类元素共16个，当前第8个
2020-07-28 19:15:39,089 - basepage - INFO - Click back on current page.
2020-07-28 19:15:45,953 - 2 - INFO - 页面"【苹果策略游戏】好玩的iphone策略游戏大全_iphone策略类游戏下载-最笨下载"跳转正常,该类元素共16个，当前第9个
2020-07-28 19:15:46,416 - basepage - INFO - Click back on current page.
2020-07-28 19:15:53,530 - 2 - INFO - 页面"【苹果塔防游戏】好玩的iphone塔防游戏大全_iphone塔防类游戏下载-最笨下载"跳转正常,该类元素共16个，当前第10个
2020-07-28 19:15:53,817 - basepage - INFO - Click back on current page.
2020-07-28 19:16:01,007 - 2 - INFO - 页面"【苹果解谜游戏】好玩的iphone解谜游戏大全_iphone解谜类游戏下载-最笨下载"跳转正常,该类元素共16个，当前第11个
2020-07-28 19:16:01,352 - basepage - INFO - Click back on current page.
2020-07-28 19:16:08,993 - 2 - INFO - 页面"【苹果射击游戏】好玩的iphone射击游戏大全_iphone射击类游戏下载-最笨下载"跳转正常,该类元素共16个，当前第12个
2020-07-28 19:16:09,434 - basepage - INFO - Click back on current page.
2020-07-28 19:16:16,496 - 2 - INFO - 页面"【苹果棋牌游戏】好玩的iphone棋牌游戏大全_iphone棋牌类游戏下载-最笨下载"跳转正常,该类元素共16个，当前第13个
2020-07-28 19:16:16,786 - basepage - INFO - Click back on current page.
2020-07-28 19:16:24,158 - 2 - INFO - 页面"【苹果赛车游戏】好玩的iPhone赛车游戏大全_iPhone赛车类游戏下载-最笨下载"跳转正常,该类元素共16个，当前第14个
2020-07-28 19:16:24,466 - basepage - INFO - Click back on current page.
2020-07-28 19:16:31,813 - 2 - INFO - 页面"【苹果角色扮演游戏】好玩的iphone角色扮演游戏_iPhone角色扮演类游戏下载-最笨下载"跳转正常,该类元素共16个，当前第15个
2020-07-28 19:16:32,206 - basepage - INFO - Click back on current page.
2020-07-28 19:16:39,167 - 2 - INFO - 页面"【安卓动作游戏】好玩的iPhone动作游戏大全_iPhone动作类游戏下载-最笨下载"跳转正常,该类元素共16个，当前第16个
2020-07-28 19:16:39,446 - basepage - INFO - Click back on current page.
2020-07-28 19:16:47,805 - 2 - INFO - 页面"乱斗三国ios版_乱斗三国ios版下载_乱斗三国ios版官方下载-最笨下载"跳转正常,该类元素共18个，当前第1个
2020-07-28 19:16:53,945 - 2 - INFO - 页面"兵器少女（无门槛送充）ios版_兵器少女（无门槛送充）ios版下载_兵器少女（无门槛送充）ios版官方下载-最笨下载"跳转正常,该类元素共18个，当前第2个
2020-07-28 19:17:00,066 - 2 - INFO - 页面"猎手之王ios版_猎手之王ios版下载_猎手之王ios版官方下载-最笨下载"跳转正常,该类元素共18个，当前第3个
2020-07-28 19:17:06,194 - 2 - INFO - 页面"古墓迷城ios版_古墓迷城ios版下载_古墓迷城ios版官方下载-最笨下载"跳转正常,该类元素共18个，当前第4个
2020-07-28 19:17:12,332 - 2 - INFO - 页面"国战纪元ios版_国战纪元ios版下载_国战纪元ios版官方下载-最笨下载"跳转正常,该类元素共18个，当前第5个
2020-07-28 19:17:18,497 - 2 - INFO - 页面"天诀ios版_天诀ios版下载_天诀ios版官方下载-最笨下载"跳转正常,该类元素共18个，当前第6个
2020-07-28 19:17:24,647 - 2 - INFO - 页面"仙剑缘（星耀特权）ios版_仙剑缘（星耀特权）ios版下载_仙剑缘（星耀特权）ios版官方下载-最笨下载"跳转正常,该类元素共18个，当前第7个
2020-07-28 19:17:30,817 - 2 - INFO - 页面"九灵神域ios版_九灵神域ios版下载_九灵神域ios版官方下载-最笨下载"跳转正常,该类元素共18个，当前第8个
2020-07-28 19:17:36,983 - 2 - INFO - 页面"天之命（海量特权）ios版_天之命（海量特权）ios版下载_天之命（海量特权）ios版官方下载-最笨下载"跳转正常,该类元素共18个，当前第9个
2020-07-28 19:17:43,103 - 2 - INFO - 页面"魔剑侠缘（星耀特权）ios版_魔剑侠缘（星耀特权）ios版下载_魔剑侠缘（星耀特权）ios版官方下载-最笨下载"跳转正常,该类元素共18个，当前第10个
2020-07-28 19:17:49,240 - 2 - INFO - 页面"仙灵世界（复古绿色服）ios版_仙灵世界（复古绿色服）ios版下载_仙灵世界（复古绿色服）ios版官方下载-最笨下载"跳转正常,该类元素共18个，当前第11个
2020-07-28 19:17:55,371 - 2 - INFO - 页面"风之剑舞（至尊特权）ios版_风之剑舞（至尊特权）ios版下载_风之剑舞（至尊特权）ios版官方下载-最笨下载"跳转正常,该类元素共18个，当前第12个
2020-07-28 19:18:01,503 - 2 - INFO - 页面"塔塔星座（送328充值）ios版_塔塔星座（送328充值）ios版下载_塔塔星座（送328充值）ios版官方下载-最笨下载"跳转正常,该类元素共18个，当前第13个
2020-07-28 19:18:07,645 - 2 - INFO - 页面"烈焰封天（激爽特权）ios版_烈焰封天（激爽特权）ios版下载_烈焰封天（激爽特权）ios版官方下载-最笨下载"跳转正常,该类元素共18个，当前第14个
2020-07-28 19:18:13,767 - 2 - INFO - 页面"亿次元（送千元充值）ios版_亿次元（送千元充值）ios版下载_亿次元（送千元充值）ios版官方下载-最笨下载"跳转正常,该类元素共18个，当前第15个
2020-07-28 19:18:19,914 - 2 - INFO - 页面"古剑仙域（送海量充值）ios版_古剑仙域（送海量充值）ios版下载_古剑仙域（送海量充值）ios版官方下载-最笨下载"跳转正常,该类元素共18个，当前第16个
2020-07-28 19:18:26,065 - 2 - INFO - 页面"大军师（送海量橙将）ios版_大军师（送海量橙将）ios版下载_大军师（送海量橙将）ios版官方下载-最笨下载"跳转正常,该类元素共18个，当前第17个
2020-07-28 19:18:32,205 - 2 - INFO - 页面"传奇盛世2（星耀特权）ios版_传奇盛世2（星耀特权）ios版下载_传奇盛世2（星耀特权）ios版官方下载-最笨下载"跳转正常,该类元素共18个，当前第18个
2020-07-28 19:18:39,964 - 2 - INFO - 页面"ios无限元宝的手游"跳转正常,该类元素共4个，当前第1个
2020-07-28 19:18:40,262 - basepage - INFO - Click back on current page.
2020-07-28 19:18:45,184 - 2 - INFO - 页面"gm手游助手ios"跳转正常,该类元素共4个，当前第2个
2020-07-28 19:18:45,562 - basepage - INFO - Click back on current page.
2020-07-28 19:18:50,763 - 2 - INFO - 页面"ios变态服游戏"跳转正常,该类元素共4个，当前第3个
2020-07-28 19:18:51,005 - basepage - INFO - Click back on current page.
2020-07-28 19:18:56,077 - 2 - INFO - 页面"ios看小说神器"跳转正常,该类元素共4个，当前第4个
2020-07-28 19:18:56,446 - basepage - INFO - Click back on current page.
2020-07-28 19:19:03,527 - 2 - INFO - 页面"【最笨周末活动】7月10日晴了一夏周末福利活动"跳转正常,该类元素共4个，当前第1个
2020-07-28 19:19:03,744 - basepage - INFO - Click back on current page.
2020-07-28 19:19:08,767 - 2 - INFO - 页面"【最笨周末活动】7月3日清凉一夏活动来袭~"跳转正常,该类元素共4个，当前第2个
2020-07-28 19:19:09,145 - basepage - INFO - Click back on current page.
2020-07-28 19:19:13,572 - 2 - INFO - 页面"【最笨周末活动】炎炎夏日~让福利活动给你冰凉"跳转正常,该类元素共4个，当前第3个
2020-07-28 19:19:13,797 - basepage - INFO - Click back on current page.
2020-07-28 19:19:19,181 - 2 - INFO - 页面"【最笨周末活动】7月17日夏日活动 福利好礼一夏"跳转正常,该类元素共4个，当前第4个
2020-07-28 19:19:19,398 - basepage - INFO - Click back on current page.
2020-07-28 19:19:25,472 - 2 - INFO - 页面"有翡原著小说简介 有匪小说剧情介绍"跳转正常,该类元素共20个，当前第1个
2020-07-28 19:19:31,613 - 2 - INFO - 页面"有翡小说免费阅读 有匪小说周翡全文阅读"跳转正常,该类元素共20个，当前第2个
2020-07-28 19:19:37,739 - 2 - INFO - 页面"有翡原著小说在线阅读 有翡原著小说全文免费"跳转正常,该类元素共20个，当前第3个
2020-07-28 19:19:43,879 - 2 - INFO - 页面"聊天第一句幽默技巧 微信聊天第一句怎么开场"跳转正常,该类元素共20个，当前第4个
2020-07-28 19:19:50,040 - 2 - INFO - 页面"陌陌怎么聊天 陌陌聊天技巧分享"跳转正常,该类元素共20个，当前第5个
2020-07-28 19:19:56,176 - 2 - INFO - 页面"元气骑士怎么打败触手怪 获取触手怪金框攻略"跳转正常,该类元素共20个，当前第6个
2020-07-28 19:20:02,295 - 2 - INFO - 页面"梦幻西游天罡星级图怎么玩-天罡星级图玩法技巧"跳转正常,该类元素共20个，当前第7个
2020-07-28 19:20:08,427 - 2 - INFO - 页面"江南百景图怎么添加好友 加好友的方法"跳转正常,该类元素共20个，当前第8个
2020-07-28 19:20:14,551 - 2 - INFO - 页面"梦幻西游2020全民pk赛如何报名-pk赛报名流程介绍"跳转正常,该类元素共20个，当前第9个
2020-07-28 19:20:20,680 - 2 - INFO - 页面"DNF手游罗特斯副本怎么打 罗特斯团本打法技巧"跳转正常,该类元素共20个，当前第10个
2020-07-28 19:20:26,800 - 2 - INFO - 页面"类似梦幻的ios变态手游排行榜"跳转正常,该类元素共20个，当前第11个
2020-07-28 19:20:32,942 - 2 - INFO - 页面"什么软件可以下破解版游戏 免费下载破解版的游"跳转正常,该类元素共20个，当前第12个
2020-07-28 19:20:39,081 - 2 - INFO - 页面"现在什么游戏玩的人多-游戏玩的人多的排名202"跳转正常,该类元素共20个，当前第13个
2020-07-28 19:20:45,202 - 2 - INFO - 页面"2020有什么好玩的网游推荐-2020新网游排行榜"跳转正常,该类元素共20个，当前第14个
2020-07-28 19:20:51,340 - 2 - INFO - 页面"有什么好玩的游戏吗-2020好玩的游戏手游排行榜"跳转正常,该类元素共20个，当前第15个
2020-07-28 19:20:57,497 - 2 - INFO - 页面"江南百景图怎么刷新出土行孙"跳转正常,该类元素共20个，当前第16个
2020-07-28 19:21:03,657 - 2 - INFO - 页面"dnf手游圣骑士十字架怎么做"跳转正常,该类元素共20个，当前第17个
2020-07-28 19:21:09,793 - 2 - INFO - 页面"泰拉瑞亚天界石哪里得"跳转正常,该类元素共20个，当前第18个
2020-07-28 19:21:15,945 - 2 - INFO - 页面"元气骑士小天狗皮肤怎么获得"跳转正常,该类元素共20个，当前第19个
2020-07-28 19:21:22,063 - 2 - INFO - 页面"最强蜗牛全息透镜值得买吗"跳转正常,该类元素共20个，当前第20个
2020-07-28 19:21:28,222 - 2 - INFO - 页面"apk3安卓网-2020最新apk安卓游戏-热门apk软件下载平台"跳转正常,该类元素共34个，当前第1个
2020-07-28 19:21:34,357 - 2 - INFO - 页面"小游戏,在线小游戏,小游戏大全,双人小游戏,3199小游戏"跳转正常,该类元素共34个，当前第2个
2020-07-28 19:21:40,493 - 2 - INFO - 页面"中文网站排行榜_alexa排行 - 爱站网站排行榜"跳转正常,该类元素共34个，当前第3个
2020-07-28 19:21:46,626 - 2 - INFO - 页面"9号下载_下载软件_免费下载单机游戏_手机游戏下载大全"跳转正常,该类元素共34个，当前第4个
2020-07-28 19:22:39,134 - 2 - INFO - 页面"软件下载中心_绿色免费软件,手机游戏|软件下载,到超人软件站"跳转正常,该类元素共34个，当前第5个
2020-07-28 19:22:45,307 - 2 - INFO - 页面"系统圣地,绿色免费软件,手游下载等软件下载网站"跳转正常,该类元素共34个，当前第6个
2020-07-28 19:22:51,472 - 2 - INFO - 页面"天天安卓模拟器_安卓模拟器电脑版下载_天天模拟器官网"跳转正常,该类元素共34个，当前第7个
2020-07-28 19:22:57,610 - 2 - INFO - 页面"好看小说推荐_热门小说大全_小说排行榜 - 玖陆文学"跳转正常,该类元素共34个，当前第8个
2020-07-28 19:23:03,703 - 2 - INFO - 页面"IE8 IE9 IE10 IE浏览器下载 - IE浏览器中文网站"跳转正常,该类元素共34个，当前第9个
2020-07-28 19:23:09,835 - 2 - INFO - 页面"bt手游平台_满v手游公益服_gm手游排行榜_3733游戏盒子官网"跳转正常,该类元素共34个，当前第10个
2020-07-28 19:23:17,901 - 2 - INFO - 页面"bt公益服变态手游排行榜前十名[新开公测热门+在线人多+免费大型网游]新开最热门好玩人气高的网络游戏有什么_安卓苹果ios客户端游戏下载大全_8979游戏官网"跳转正常,该类元素共34个，当前第11个
2020-07-28 19:23:24,023 - 2 - INFO - 页面"【破解版手机游戏】手机破解游戏下载_安卓手机游戏破解版下载大全-最笨下载"跳转正常,该类元素共34个，当前第12个
2020-07-28 19:23:30,212 - 2 - INFO - 页面"windows10系统之家 - 系统之家提供win10专业版,ISO镜像,企业版等win10系统下载"跳转正常,该类元素共34个，当前第13个
2020-07-28 19:23:36,370 - 2 - INFO - 页面"39整形美容_中国专业医学整形美容门户"跳转正常,该类元素共34个，当前第14个
2020-07-28 19:23:42,514 - 2 - INFO - 页面"零度软件园_官方软件下载_绿色软件_游戏下载_值得信赖的下载站！"跳转正常,该类元素共34个，当前第15个
2020-07-28 19:23:48,671 - 2 - INFO - 页面"单机游戏_单机游戏下载大全中文版下载_好玩的单机游戏下载基地 - 99单机游戏"跳转正常,该类元素共34个，当前第16个
2020-07-28 19:23:54,826 - 2 - INFO - 页面"安卓市场_安卓游戏破解版下载_单机破解版游戏大全_手机网游下载"跳转正常,该类元素共34个，当前第17个
2020-07-28 19:28:38,526 - 2 - INFO - 页面"手机游戏下载-手机软件下载-电脑软件下载-小黑游戏"跳转正常,该类元素共34个，当前第18个
2020-07-28 19:28:44,684 - 2 - INFO - 页面"手机游戏_手机游戏排行榜_好玩的手机游戏_安卓手机游戏推荐_易玩网"跳转正常,该类元素共34个，当前第19个
2020-07-28 19:28:50,822 - 2 - INFO - 页面"手机游戏_好玩的手机游戏下载_手机游戏排行榜-游戏吧"跳转正常,该类元素共34个，当前第20个
2020-07-28 19:28:57,963 - 2 - INFO - 页面"免费手机游戏_好玩的单机游戏_安卓破解版游戏下载_apk8安卓网"跳转正常,该类元素共34个，当前第21个
2020-07-28 19:29:04,103 - 2 - INFO - 页面"免费手机游戏_好玩的单机游戏_安卓破解版游戏下载_apk8安卓网"跳转正常,该类元素共34个，当前第22个
2020-07-28 19:29:10,232 - 2 - INFO - 页面"安卓破解版游戏下载_单机手机破解游戏大全_免费游戏破解版下载-最笨下载"跳转正常,该类元素共34个，当前第23个
2020-07-28 19:29:16,372 - 2 - INFO - 页面"app.3987.com"跳转正常,该类元素共34个，当前第24个
2020-07-28 19:29:22,470 - 2 - INFO - 页面"可可出招表-流星蝴蝶剑出招表-拳皇97出招表-手机游戏-绿色软件下载"跳转正常,该类元素共34个，当前第25个
2020-07-28 19:29:29,648 - 2 - INFO - 页面"爪游控 | 新锐综合资讯媒体"跳转正常,该类元素共34个，当前第26个
2020-07-28 19:29:35,784 - 2 - INFO - 页面"3733游戏盒官网_bt游戏_满vip手游_gm手游大全_破解游戏盒子下载"跳转正常,该类元素共34个，当前第27个
2020-07-28 19:29:41,939 - 2 - INFO - 页面"绿色免费电脑软件下载_手机软件游戏下载中心-520下载站"跳转正常,该类元素共34个，当前第28个
2020-07-28 19:29:48,093 - 2 - INFO - 页面"免费大型经典安卓破解版单机游戏下载排行榜_手机最火爆最新出热门好玩人气高3DBT网络游戏有什么_破解游戏盒子软件大全-下载多"跳转正常,该类元素共34个，当前第29个
2020-07-28 19:29:54,295 - 2 - INFO - 页面"3733游戏盒官网_bt游戏_满vip手游_gm手游大全_破解游戏盒子下载"跳转正常,该类元素共34个，当前第30个
2020-07-28 19:30:02,385 - 2 - INFO - 页面"VR之家_专业VR游戏软件下载网站_VR应用_VR电影_VR视频_VR资源-VR之家"跳转正常,该类元素共34个，当前第31个
2020-07-28 19:30:08,527 - 2 - INFO - 页面"手机玩_免费安卓手机游戏_安卓游戏破解版下载_破解游戏盒子下载"跳转正常,该类元素共34个，当前第32个
2020-07-28 19:30:14,673 - 2 - INFO - 页面"gm手游平台_gm手游盒子_gm版手游下载_3733游戏官网"跳转正常,该类元素共34个，当前第33个
2020-07-28 19:30:27,628 - 2 - INFO - 页面"gm手游平台_gm版无限元宝手游_gm手游盒子下载_gm助手官网"跳转正常,该类元素共34个，当前第34个
2020-07-28 19:30:33,015 - 2 - INFO - 进入"游戏"模块，将执行随机函数
2020-07-28 19:30:35,933 - 2 - INFO - 随机页面"主公别闹"跳转正常，当前第1个
2020-07-28 19:30:36,107 - basepage - INFO - Click back on current page.
2020-07-28 19:30:40,926 - 2 - INFO - 随机页面"大军师（送海量橙将）"跳转正常，当前第2个
2020-07-28 19:30:41,045 - basepage - INFO - Click back on current page.
2020-07-28 19:30:45,909 - 2 - INFO - 随机页面"凡人飞仙传（充值特权）"跳转正常，当前第3个
2020-07-28 19:30:46,024 - basepage - INFO - Click back on current page.
2020-07-28 19:30:50,531 - 2 - INFO - 随机页面"大军师（送海量橙将）"跳转正常，当前第1个
2020-07-28 19:30:50,647 - basepage - INFO - Click back on current page.
2020-07-28 19:30:55,180 - 2 - INFO - 随机页面"女神联盟2（送500充值）"跳转正常，当前第2个
2020-07-28 19:30:55,281 - basepage - INFO - Click back on current page.
2020-07-28 19:30:59,735 - 2 - INFO - 随机页面"凡人飞仙传（充值特权）"跳转正常，当前第3个
2020-07-28 19:30:59,842 - basepage - INFO - Click back on current page.
2020-07-28 19:31:05,017 - 2 - INFO - 进入"应用"模块，将执行随机函数
2020-07-28 19:31:07,806 - 2 - INFO - 随机页面"最笨游戏盒子"跳转正常，当前第1个
2020-07-28 19:31:08,112 - basepage - INFO - Click back on current page.
2020-07-28 19:31:12,742 - 2 - INFO - 随机页面"抖音撩妹话术app"跳转正常，当前第2个
2020-07-28 19:31:12,865 - basepage - INFO - Click back on current page.
2020-07-28 19:31:17,872 - 2 - INFO - 随机页面"土味情话"跳转正常，当前第3个
2020-07-28 19:31:17,978 - basepage - INFO - Click back on current page.
2020-07-28 19:31:22,440 - 2 - INFO - 随机页面"土味情话"跳转正常，当前第1个
2020-07-28 19:31:22,560 - basepage - INFO - Click back on current page.
2020-07-28 19:31:27,346 - 2 - INFO - 随机页面"3733游戏盒子"跳转正常，当前第2个
2020-07-28 19:31:27,451 - basepage - INFO - Click back on current page.
2020-07-28 19:31:32,333 - 2 - INFO - 随机页面"撩吧"跳转正常，当前第3个
2020-07-28 19:31:32,432 - basepage - INFO - Click back on current page.
2020-07-28 19:31:40,054 - 2 - INFO - 进入"资讯"模块，将执行随机函数
2020-07-28 19:31:42,725 - 2 - INFO - 随机页面"江南百景图大和抚子珍宝怎么搭配 大和抚子珍宝搭配攻略"跳转正常，当前第1个
2020-07-28 19:31:42,821 - basepage - INFO - Click back on current page.
2020-07-28 19:31:47,991 - 2 - INFO - 随机页面"龙之谷2神圣竞技场怎么玩 神圣竞技场玩法介绍"跳转正常，当前第2个
2020-07-28 19:31:48,086 - basepage - INFO - Click back on current page.
2020-07-28 19:31:53,350 - 2 - INFO - 随机页面"dnf攻坚商店周几刷新 攻坚商店刷新时间"跳转正常，当前第3个
2020-07-28 19:31:53,452 - basepage - INFO - Click back on current page.
2020-07-28 19:31:58,159 - 2 - INFO - 随机页面"仙灵世界（送海量连抽）"跳转正常，当前第1个
2020-07-28 19:31:58,264 - basepage - INFO - Click back on current page.
2020-07-28 19:32:03,239 - 2 - INFO - 随机页面"横扫天下之万年强者（1元超值）"跳转正常，当前第2个
2020-07-28 19:32:03,340 - basepage - INFO - Click back on current page.
2020-07-28 19:32:08,193 - 2 - INFO - 随机页面"唐门六道（送千元充值）"跳转正常，当前第3个
2020-07-28 19:32:08,308 - basepage - INFO - Click back on current page.
2020-07-28 19:32:13,634 - 2 - INFO - 进入"专题"模块，将执行随机函数
2020-07-28 19:32:16,483 - 2 - INFO - 页面"高情商聊天神器app"跳转正常,该类元素共1个，当前第1个
2020-07-28 19:32:16,595 - basepage - INFO - Click back on current page.
2020-07-28 19:32:21,321 - 2 - INFO - 随机页面"撩吧恋爱大师"跳转正常，当前第1个
2020-07-28 19:32:21,529 - basepage - INFO - Click back on current page.
2020-07-28 19:32:26,369 - 2 - INFO - 随机页面"蜜小助"跳转正常，当前第2个
2020-07-28 19:32:26,479 - basepage - INFO - Click back on current page.
2020-07-28 19:32:31,313 - 2 - INFO - 随机页面"撩妹话术撩吧"跳转正常，当前第3个
2020-07-28 19:32:31,516 - basepage - INFO - Click back on current page.
2020-07-28 19:32:36,573 - 2 - INFO - 页面"聊天技巧软件大全下载"跳转正常,该类元素共1个，当前第1个
2020-07-28 19:32:36,690 - basepage - INFO - Click back on current page.
2020-07-28 19:32:40,876 - 2 - INFO - 随机页面"撩妹话术撩吧"跳转正常，当前第1个
2020-07-28 19:32:41,086 - basepage - INFO - Click back on current page.
2020-07-28 19:32:45,545 - 2 - INFO - 随机页面"土味情话"跳转正常，当前第2个
2020-07-28 19:32:45,672 - basepage - INFO - Click back on current page.
2020-07-28 19:32:50,335 - 2 - INFO - 随机页面"撩吧爱情套路"跳转正常，当前第3个
2020-07-28 19:32:50,518 - basepage - INFO - Click back on current page.
2020-07-28 19:32:55,568 - 2 - INFO - 页面"ios看小说神器"跳转正常,该类元素共1个，当前第1个
2020-07-28 19:32:55,686 - basepage - INFO - Click back on current page.
2020-07-28 19:33:00,117 - 2 - INFO - 随机页面"吾爱看书ios版"跳转正常，当前第1个
2020-07-28 19:33:00,303 - basepage - INFO - Click back on current page.
2020-07-28 19:33:04,930 - 2 - INFO - 随机页面"搜书帝ios"跳转正常，当前第2个
2020-07-28 19:33:05,059 - basepage - INFO - Click back on current page.
2020-07-28 19:33:09,989 - 2 - INFO - 随机页面"酷搜看书"跳转正常，当前第3个
2020-07-28 19:33:10,180 - basepage - INFO - Click back on current page.
2020-07-28 19:33:15,276 - 2 - INFO - 页面"免费无广告看小说神器"跳转正常,该类元素共1个，当前第1个
2020-07-28 19:33:15,426 - basepage - INFO - Click back on current page.
2020-07-28 19:33:20,743 - 2 - INFO - 随机页面"好看阅读"跳转正常，当前第1个
2020-07-28 19:33:20,961 - basepage - INFO - Click back on current page.
2020-07-28 19:33:25,837 - 2 - INFO - 随机页面"搜书帝"跳转正常，当前第2个
2020-07-28 19:33:25,975 - basepage - INFO - Click back on current page.
2020-07-28 19:33:30,765 - 2 - INFO - 随机页面"吾爱看书"跳转正常，当前第3个
2020-07-28 19:33:30,962 - basepage - INFO - Click back on current page.
2020-07-28 19:33:36,869 - 2 - INFO - 页面"ios送满v手游"跳转正常,该类元素共1个，当前第1个
2020-07-28 19:33:37,014 - basepage - INFO - Click back on current page.
2020-07-28 19:33:42,061 - 2 - INFO - 随机页面"传奇盛世2（星耀特权）ios版"跳转正常，当前第1个
2020-07-28 19:33:42,263 - basepage - INFO - Click back on current page.
2020-07-28 19:33:47,456 - 2 - INFO - 随机页面"仙灵世界（复古绿色服）ios版"跳转正常，当前第2个
2020-07-28 19:33:47,571 - basepage - INFO - Click back on current page.
2020-07-28 19:33:53,000 - 2 - INFO - 随机页面"破坏神（福利特权）ios版"跳转正常，当前第3个
2020-07-28 19:33:53,195 - basepage - INFO - Click back on current page.
2020-07-28 19:33:58,709 - 2 - INFO - 页面"ios对战游戏"跳转正常,该类元素共1个，当前第1个
2020-07-28 19:33:58,822 - basepage - INFO - Click back on current page.
2020-07-28 19:34:03,645 - 2 - INFO - 随机页面"九灵神域ios版"跳转正常，当前第1个
2020-07-28 19:34:03,839 - basepage - INFO - Click back on current page.
2020-07-28 19:34:08,741 - 2 - INFO - 随机页面"塔塔星座（送328充值）ios版"跳转正常，当前第2个
2020-07-28 19:34:08,861 - basepage - INFO - Click back on current page.
2020-07-28 19:34:13,780 - 2 - INFO - 随机页面"风之剑舞（至尊特权）ios版"跳转正常，当前第3个
2020-07-28 19:34:14,072 - basepage - INFO - Click back on current page.
2020-07-28 19:34:19,538 - 2 - INFO - 页面"ios回合手游变态版"跳转正常,该类元素共1个，当前第1个
2020-07-28 19:34:19,656 - basepage - INFO - Click back on current page.
2020-07-28 19:34:24,857 - 2 - INFO - 随机页面"仙剑客栈-巅峰回合ios版"跳转正常，当前第1个
2020-07-28 19:34:25,078 - basepage - INFO - Click back on current page.
2020-07-28 19:34:30,548 - 2 - INFO - 随机页面"天天怼三国（海量特权）ios版"跳转正常，当前第2个
2020-07-28 19:34:30,670 - basepage - INFO - Click back on current page.
2020-07-28 19:34:35,140 - 2 - INFO - 随机页面"最笨游戏盒子"跳转正常，当前第3个
2020-07-28 19:34:35,328 - basepage - INFO - Click back on current page.
2020-07-28 19:34:42,475 - 2 - INFO - 页面"修仙类手游内购破解版"跳转正常,该类元素共1个，当前第1个
2020-07-28 19:34:42,588 - basepage - INFO - Click back on current page.
2020-07-28 19:34:48,098 - 2 - INFO - 随机页面"修真界（商城特权）"跳转正常，当前第1个
2020-07-28 19:34:48,230 - basepage - INFO - Click back on current page.
2020-07-28 19:34:53,597 - 2 - INFO - 随机页面"神之荣耀（商城特权）"跳转正常，当前第2个
2020-07-28 19:34:53,794 - basepage - INFO - Click back on current page.
2020-07-28 19:34:58,579 - 2 - INFO - 随机页面"神道仙尊（GM版）"跳转正常，当前第3个
2020-07-28 19:34:58,716 - basepage - INFO - Click back on current page.
2020-07-28 19:35:04,380 - 2 - INFO - 页面"苹果手机生存游戏排行"跳转正常,该类元素共1个，当前第1个
2020-07-28 19:35:04,572 - basepage - INFO - Click back on current page.
2020-07-28 19:35:09,931 - 2 - INFO - 随机页面"APEX大逃杀"跳转正常，当前第1个
2020-07-28 19:35:10,085 - basepage - INFO - Click back on current page.
2020-07-28 19:35:15,429 - 2 - INFO - 随机页面"战塔英雄ios版"跳转正常，当前第2个
2020-07-28 19:35:15,608 - basepage - INFO - Click back on current page.
2020-07-28 19:35:20,866 - 2 - INFO - 随机页面"生存2077 ios版"跳转正常，当前第3个
2020-07-28 19:35:20,996 - basepage - INFO - Click back on current page.
2020-07-28 19:35:27,168 - 2 - INFO - 页面"免费破解版游戏大全"跳转正常,该类元素共1个，当前第1个
2020-07-28 19:35:27,349 - basepage - INFO - Click back on current page.
2020-07-28 19:35:32,732 - 2 - INFO - 随机页面"气球塔防5无限金币"跳转正常，当前第1个
2020-07-28 19:35:32,845 - basepage - INFO - Click back on current page.
2020-07-28 19:35:45,027 - 2 - INFO - 随机页面"葫芦娃兄弟无限金币版"跳转正常，当前第2个
2020-07-28 19:35:45,240 - basepage - INFO - Click back on current page.
2020-07-28 19:35:50,998 - 2 - INFO - 随机页面"末日生存法则无限金币版"跳转正常，当前第3个
2020-07-28 19:35:51,113 - basepage - INFO - Click back on current page.
2020-07-28 19:35:57,552 - 2 - INFO - 进入"电脑"模块，将执行随机函数
2020-07-28 19:36:00,465 - 2 - INFO - 随机页面"武动九天（GM免费特权）"跳转正常，当前第1个
2020-07-28 19:36:00,569 - basepage - INFO - Click back on current page.
2020-07-28 19:36:05,431 - 2 - INFO - 随机页面"魔法之光（红忍海量抽）"跳转正常，当前第2个
2020-07-28 19:36:05,526 - basepage - INFO - Click back on current page.
2020-07-28 19:36:09,971 - 2 - INFO - 随机页面"横扫天下之万年强者（1元超值）"跳转正常，当前第3个
2020-07-28 19:36:10,070 - basepage - INFO - Click back on current page.
2020-07-28 19:36:16,117 - 2 - INFO - 进入"APP大全"模块，将执行随机函数
2020-07-28 19:36:20,195 - 2 - INFO - 页面"游戏盒"跳转正常,该类元素共16个，当前第1个
2020-07-28 19:36:26,280 - 2 - INFO - 页面"龙之谷2"跳转正常,该类元素共16个，当前第2个
2020-07-28 19:36:32,376 - 2 - INFO - 页面"光遇"跳转正常,该类元素共16个，当前第3个
2020-07-28 19:36:38,448 - 2 - INFO - 页面"最强蜗牛"跳转正常,该类元素共16个，当前第4个
2020-07-28 19:36:44,531 - 2 - INFO - 页面"塞尔达"跳转正常,该类元素共16个，当前第5个
2020-07-28 19:36:50,620 - 2 - INFO - 页面"山海镜花"跳转正常,该类元素共16个，当前第6个
2020-07-28 19:36:56,705 - 2 - INFO - 页面"公主连结"跳转正常,该类元素共16个，当前第7个
2020-07-28 19:37:02,787 - 2 - INFO - 页面"网络工具"跳转正常,该类元素共16个，当前第8个
2020-07-28 19:37:08,871 - 2 - INFO - 页面"集合啦动物森友会"跳转正常,该类元素共16个，当前第9个
2020-07-28 19:37:14,971 - 2 - INFO - 页面"龙族幻想"跳转正常,该类元素共16个，当前第10个
2020-07-28 19:37:21,078 - 2 - INFO - 页面"剑与远征"跳转正常,该类元素共16个，当前第11个
2020-07-28 19:37:27,161 - 2 - INFO - 页面"烟雨江湖"跳转正常,该类元素共16个，当前第12个
2020-07-28 19:37:33,238 - 2 - INFO - 页面"云顶之弈"跳转正常,该类元素共16个，当前第13个
2020-07-28 19:37:39,316 - 2 - INFO - 页面"家国梦"跳转正常,该类元素共16个，当前第14个
2020-07-28 19:37:45,408 - 2 - INFO - 页面"棋牌"跳转正常,该类元素共16个，当前第15个
2020-07-28 19:37:51,492 - 2 - INFO - 页面"gta5"跳转正常,该类元素共16个，当前第16个
2020-07-28 19:37:53,512 - basepage - INFO - zuiben自动化测试结束
