2020-08-06 18:20:06,629 - basepage - INFO - zuiben自动化测试开始
2020-08-06 18:20:06,631 - basepage - INFO - 隐性等待 10 秒
2020-08-06 18:20:12,534 - basepage - INFO - 跳转至https://www.zuiben.com/
2020-08-06 18:20:14,652 - basepage - INFO - 窗口已经最大化
2020-08-06 18:20:21,158 - 2 - INFO - 页面"【安卓游戏】好玩的安卓游戏下载_安卓游戏排行榜_安卓游戏免费下载大全-最笨下载"跳转正常,该类元素共21个，当前第1个
2020-08-06 18:20:21,494 - basepage - INFO - Click back on current page.
2020-08-06 18:20:26,095 - 2 - INFO - 页面"变态手游公益服_bt手游变态服_无限元宝bt手游下载_BT手游中心-最笨下载"跳转正常,该类元素共21个，当前第2个
2020-08-06 18:20:26,398 - basepage - INFO - Click back on current page.
2020-08-06 18:20:30,831 - 2 - INFO - 页面"gm版手游_无限元宝/钻石公益服_0元免费gm权限手游下载-最笨下载"跳转正常,该类元素共21个，当前第3个
2020-08-06 18:20:31,253 - basepage - INFO - Click back on current page.
2020-08-06 18:20:37,919 - 2 - INFO - 页面"【苹果游戏】iphone苹果手机游戏下载_iphone苹果游戏排行榜-最笨下载"跳转正常,该类元素共21个，当前第4个
2020-08-06 18:20:38,346 - basepage - INFO - Click back on current page.
2020-08-06 18:20:43,145 - 2 - INFO - 页面"满vip版手游_手游sf送顶级vip_满级vip无限元宝手游下载-最笨下载"跳转正常,该类元素共21个，当前第5个
2020-08-06 18:20:43,375 - basepage - INFO - Click back on current page.
2020-08-06 18:20:49,005 - 2 - INFO - 页面"【安卓软件】安卓软件下载_安卓手机软件下载_安卓软件免费下载大全-最笨下载"跳转正常,该类元素共21个，当前第6个
2020-08-06 18:20:49,431 - basepage - INFO - Click back on current page.
2020-08-06 18:20:55,606 - 2 - INFO - 页面"【苹果软件】iphone苹果下载软件_iphone苹果软件免费下载_苹果软件下载大全-最笨下载"跳转正常,该类元素共21个，当前第7个
2020-08-06 18:20:55,827 - basepage - INFO - Click back on current page.
2020-08-06 18:21:00,499 - 2 - INFO - 页面"【安卓资讯】安卓资讯推荐_安卓资讯大全-最笨下载"跳转正常,该类元素共21个，当前第8个
2020-08-06 18:21:00,733 - basepage - INFO - Click back on current page.
2020-08-06 18:21:05,223 - 2 - INFO - 页面"【安卓游戏攻略】安卓游戏攻略推荐_安卓游戏攻略大全-最笨下载"跳转正常,该类元素共21个，当前第9个
2020-08-06 18:21:05,446 - basepage - INFO - Click back on current page.
2020-08-06 18:21:10,248 - 2 - INFO - 页面"【安卓软件教程】安卓软件教程推荐_安卓软件教程大全-最笨下载"跳转正常,该类元素共21个，当前第10个
2020-08-06 18:21:10,479 - basepage - INFO - Click back on current page.
2020-08-06 18:21:15,217 - 2 - INFO - 页面"【iphone资讯】iphone资讯推荐_iphone资讯大全-最笨下载"跳转正常,该类元素共21个，当前第11个
2020-08-06 18:21:15,458 - basepage - INFO - Click back on current page.
2020-08-06 18:21:20,399 - 2 - INFO - 页面"【iPhone游戏攻略】iPhone游戏攻略推荐_iPhone游戏攻略大全-最笨下载"跳转正常,该类元素共21个，当前第12个
2020-08-06 18:21:20,653 - basepage - INFO - Click back on current page.
2020-08-06 18:21:25,471 - 2 - INFO - 页面"【系统重装教程】电脑重装系统教程_电脑怎么重装系统_重装系统步骤-最笨下载"跳转正常,该类元素共21个，当前第13个
2020-08-06 18:21:25,692 - basepage - INFO - Click back on current page.
2020-08-06 18:21:30,516 - 2 - INFO - 页面"安卓专题-最笨下载"跳转正常,该类元素共21个，当前第14个
2020-08-06 18:21:30,743 - basepage - INFO - Click back on current page.
2020-08-06 18:21:36,092 - 2 - INFO - 页面"游戏专题-最笨下载"跳转正常,该类元素共21个，当前第15个
2020-08-06 18:21:36,306 - basepage - INFO - Click back on current page.
2020-08-06 18:21:41,126 - 2 - INFO - 页面"苹果专题-最笨下载"跳转正常,该类元素共21个，当前第16个
2020-08-06 18:21:41,635 - basepage - INFO - Click back on current page.
2020-08-06 18:21:46,529 - 2 - INFO - 页面"【电脑软件】电脑软件下载_电脑装机必备软件_电脑常用软件下载_电脑软件大全-最笨下载"跳转正常,该类元素共21个，当前第17个
2020-08-06 18:21:46,762 - basepage - INFO - Click back on current page.
2020-08-06 18:21:53,132 - 2 - INFO - 页面"【电脑软件】电脑软件下载_电脑装机必备软件_电脑常用软件下载_电脑软件大全-最笨下载"跳转正常,该类元素共21个，当前第18个
2020-08-06 18:21:53,571 - basepage - INFO - Click back on current page.
2020-08-06 18:21:58,505 - 2 - INFO - 页面"【激活工具】激活windows工具_万能激活工具_windows激活工具下载_自动激活工具-最笨下载"跳转正常,该类元素共21个，当前第19个
2020-08-06 18:21:58,746 - basepage - INFO - Click back on current page.
2020-08-06 18:22:02,941 - 2 - INFO - 页面"【系统重装教程】电脑重装系统教程_电脑怎么重装系统_重装系统步骤-最笨下载"跳转正常,该类元素共21个，当前第20个
2020-08-06 18:22:03,173 - basepage - INFO - Click back on current page.
2020-08-06 18:22:07,356 - 2 - INFO - 页面"【系统重装教程】电脑重装系统教程_电脑怎么重装系统_重装系统步骤-最笨下载"跳转正常,该类元素共21个，当前第21个
2020-08-06 18:22:07,630 - basepage - INFO - Click back on current page.
2020-08-06 18:22:15,528 - 2 - INFO - 页面"家庭教师OL手游"跳转正常,该类元素共10个，当前第1个
2020-08-06 18:22:21,666 - 2 - INFO - 页面"魔女骑士团手游"跳转正常,该类元素共10个，当前第2个
2020-08-06 18:22:27,809 - 2 - INFO - 页面"决胜足球手游"跳转正常,该类元素共10个，当前第3个
2020-08-06 18:22:33,938 - 2 - INFO - 页面"少女战争手游"跳转正常,该类元素共10个，当前第4个
2020-08-06 18:22:40,090 - 2 - INFO - 页面"天神战（魔灵特权）"跳转正常,该类元素共10个，当前第5个
2020-08-06 18:22:46,236 - 2 - INFO - 页面"最Q幻想手游"跳转正常,该类元素共10个，当前第6个
2020-08-06 18:22:52,395 - 2 - INFO - 页面"霸途手游"跳转正常,该类元素共10个，当前第7个
2020-08-06 18:22:58,527 - 2 - INFO - 页面"回到三国志手游"跳转正常,该类元素共10个，当前第8个
2020-08-06 18:23:04,658 - 2 - INFO - 页面"幻游猎人手游"跳转正常,该类元素共10个，当前第9个
2020-08-06 18:23:10,817 - 2 - INFO - 页面"王者荣耀"跳转正常,该类元素共10个，当前第10个
2020-08-06 18:23:16,976 - 2 - INFO - 页面"女神联盟2（送500充值）"跳转正常,该类元素共20个，当前第1个
2020-08-06 18:23:23,104 - 2 - INFO - 页面"仙灵世界（送海量连抽）"跳转正常,该类元素共20个，当前第2个
2020-08-06 18:23:29,232 - 2 - INFO - 页面"武器之王（福利特权）"跳转正常,该类元素共20个，当前第3个
2020-08-06 18:23:35,356 - 2 - INFO - 页面"天天怼三国（送千元充值）"跳转正常,该类元素共20个，当前第4个
2020-08-06 18:23:41,494 - 2 - INFO - 页面"武动九天（GM免费特权）"跳转正常,该类元素共20个，当前第5个
2020-08-06 18:23:47,645 - 2 - INFO - 页面"唐门六道（送千元充值）"跳转正常,该类元素共20个，当前第6个
2020-08-06 18:23:53,816 - 2 - INFO - 页面"魔法之光（红忍海量抽）"跳转正常,该类元素共20个，当前第7个
2020-08-06 18:23:59,984 - 2 - INFO - 页面"纵剑仙界（送VIP代金券）"跳转正常,该类元素共20个，当前第8个
2020-08-06 18:24:06,107 - 2 - INFO - 页面"真江湖HD（万抽特权）"跳转正常,该类元素共20个，当前第9个
2020-08-06 18:24:12,259 - 2 - INFO - 页面"冒险王2（送海量充值）"跳转正常,该类元素共20个，当前第10个
2020-08-06 18:24:18,422 - 2 - INFO - 页面"大军师（送海量橙将）"跳转正常,该类元素共20个，当前第11个
2020-08-06 18:24:24,583 - 2 - INFO - 页面"妖神记（抽动漫周边）"跳转正常,该类元素共20个，当前第12个
2020-08-06 18:24:30,732 - 2 - INFO - 页面"屠龙世界（送GM特权）"跳转正常,该类元素共20个，当前第13个
2020-08-06 18:24:36,892 - 2 - INFO - 页面"皇者：至尊传奇"跳转正常,该类元素共20个，当前第14个
2020-08-06 18:24:43,069 - 2 - INFO - 页面"崩坏西游（送1688元充值）"跳转正常,该类元素共20个，当前第15个
2020-08-06 18:24:49,190 - 2 - INFO - 页面"教主之家（至尊特权）"跳转正常,该类元素共20个，当前第16个
2020-08-06 18:24:55,315 - 2 - INFO - 页面"一剑成仙（海量打金）"跳转正常,该类元素共20个，当前第17个
2020-08-06 18:25:01,438 - 2 - INFO - 页面"将军道（送百连海量抽）"跳转正常,该类元素共20个，当前第18个
2020-08-06 18:25:07,568 - 2 - INFO - 页面"龙刃（折扣特权）"跳转正常,该类元素共20个，当前第19个
2020-08-06 18:25:13,709 - 2 - INFO - 页面"无界（送千元万抽）"跳转正常,该类元素共20个，当前第20个
2020-08-06 18:25:21,622 - 2 - INFO - 页面"女神联盟2（送500充值）"跳转正常,该类元素共10个，当前第1个
2020-08-06 18:25:27,769 - 2 - INFO - 页面"仙灵世界（送海量连抽）"跳转正常,该类元素共10个，当前第2个
2020-08-06 18:25:33,920 - 2 - INFO - 页面"武器之王（福利特权）"跳转正常,该类元素共10个，当前第3个
2020-08-06 18:25:40,050 - 2 - INFO - 页面"天天怼三国（送千元充值）"跳转正常,该类元素共10个，当前第4个
2020-08-06 18:25:46,179 - 2 - INFO - 页面"武动九天（GM免费特权）"跳转正常,该类元素共10个，当前第5个
2020-08-06 18:25:52,300 - 2 - INFO - 页面"唐门六道（送千元充值）"跳转正常,该类元素共10个，当前第6个
2020-08-06 18:25:58,446 - 2 - INFO - 页面"魔法之光（红忍海量抽）"跳转正常,该类元素共10个，当前第7个
2020-08-06 18:26:04,572 - 2 - INFO - 页面"纵剑仙界（送VIP代金券）"跳转正常,该类元素共10个，当前第8个
2020-08-06 18:26:10,691 - 2 - INFO - 页面"真江湖HD（万抽特权）"跳转正常,该类元素共10个，当前第9个
2020-08-06 18:26:16,824 - 2 - INFO - 页面"冒险王2（送海量充值）"跳转正常,该类元素共10个，当前第10个
2020-08-06 18:26:22,979 - 2 - INFO - 页面"女神联盟2（送500充值）"跳转正常,该类元素共20个，当前第1个
2020-08-06 18:26:29,138 - 2 - INFO - 页面"仙灵世界（送海量连抽）"跳转正常,该类元素共20个，当前第2个
2020-08-06 18:26:35,309 - 2 - INFO - 页面"武器之王（福利特权）"跳转正常,该类元素共20个，当前第3个
2020-08-06 18:26:41,427 - 2 - INFO - 页面"凡人飞仙传（充值特权）"跳转正常,该类元素共20个，当前第4个
2020-08-06 18:26:47,556 - 2 - INFO - 页面"天天怼三国（送千元充值）"跳转正常,该类元素共20个，当前第5个
2020-08-06 18:26:53,680 - 2 - INFO - 页面"武动九天（GM免费特权）"跳转正常,该类元素共20个，当前第6个
2020-08-06 18:26:59,804 - 2 - INFO - 页面"唐门六道（送千元充值）"跳转正常,该类元素共20个，当前第7个
2020-08-06 18:27:05,930 - 2 - INFO - 页面"魔法之光（红忍海量抽）"跳转正常,该类元素共20个，当前第8个
2020-08-06 18:27:12,071 - 2 - INFO - 页面"纵剑仙界（送VIP代金券）"跳转正常,该类元素共20个，当前第9个
2020-08-06 18:27:18,212 - 2 - INFO - 页面"真江湖HD（万抽特权）"跳转正常,该类元素共20个，当前第10个
2020-08-06 18:27:24,340 - 2 - INFO - 页面"冒险王2（送海量充值）"跳转正常,该类元素共20个，当前第11个
2020-08-06 18:27:30,494 - 2 - INFO - 页面"烈火战神（海量特权）"跳转正常,该类元素共20个，当前第12个
2020-08-06 18:27:36,646 - 2 - INFO - 页面"大军师（送海量橙将）"跳转正常,该类元素共20个，当前第13个
2020-08-06 18:27:42,838 - 2 - INFO - 页面"妖神记（抽动漫周边）"跳转正常,该类元素共20个，当前第14个
2020-08-06 18:27:49,028 - 2 - INFO - 页面"屠龙世界（送GM特权）"跳转正常,该类元素共20个，当前第15个
2020-08-06 18:27:55,177 - 2 - INFO - 页面"皇者：至尊传奇"跳转正常,该类元素共20个，当前第16个
2020-08-06 18:28:01,308 - 2 - INFO - 页面"崩坏西游（送1688元充值）"跳转正常,该类元素共20个，当前第17个
2020-08-06 18:28:07,461 - 2 - INFO - 页面"教主之家（至尊特权）"跳转正常,该类元素共20个，当前第18个
2020-08-06 18:28:13,616 - 2 - INFO - 页面"一剑成仙（海量打金）"跳转正常,该类元素共20个，当前第19个
2020-08-06 18:28:19,746 - 2 - INFO - 页面"将军道（送百连海量抽）"跳转正常,该类元素共20个，当前第20个
2020-08-06 18:28:27,699 - 2 - INFO - 页面"女神联盟2（送500充值）"跳转正常,该类元素共10个，当前第1个
2020-08-06 18:28:33,846 - 2 - INFO - 页面"仙灵世界（送海量连抽）"跳转正常,该类元素共10个，当前第2个
2020-08-06 18:28:39,995 - 2 - INFO - 页面"武器之王（福利特权）"跳转正常,该类元素共10个，当前第3个
2020-08-06 18:28:46,145 - 2 - INFO - 页面"凡人飞仙传（充值特权）"跳转正常,该类元素共10个，当前第4个
2020-08-06 18:28:52,310 - 2 - INFO - 页面"天天怼三国（送千元充值）"跳转正常,该类元素共10个，当前第5个
2020-08-06 18:28:58,444 - 2 - INFO - 页面"武动九天（GM免费特权）"跳转正常,该类元素共10个，当前第6个
2020-08-06 18:29:04,628 - 2 - INFO - 页面"唐门六道（送千元充值）"跳转正常,该类元素共10个，当前第7个
2020-08-06 18:29:10,796 - 2 - INFO - 页面"魔法之光（红忍海量抽）"跳转正常,该类元素共10个，当前第8个
2020-08-06 18:29:16,973 - 2 - INFO - 页面"纵剑仙界（送VIP代金券）"跳转正常,该类元素共10个，当前第9个
2020-08-06 18:29:23,100 - 2 - INFO - 页面"冒险王2（送海量充值）"跳转正常,该类元素共10个，当前第10个
2020-08-06 18:29:29,279 - 2 - INFO - 页面"女神联盟2（送500充值）"跳转正常,该类元素共20个，当前第1个
2020-08-06 18:29:35,420 - 2 - INFO - 页面"仙灵世界（送海量连抽）"跳转正常,该类元素共20个，当前第2个
2020-08-06 18:29:41,566 - 2 - INFO - 页面"武器之王（福利特权）"跳转正常,该类元素共20个，当前第3个
2020-08-06 18:29:47,728 - 2 - INFO - 页面"凡人飞仙传（充值特权）"跳转正常,该类元素共20个，当前第4个
2020-08-06 18:29:53,893 - 2 - INFO - 页面"天天怼三国（送千元充值）"跳转正常,该类元素共20个，当前第5个
2020-08-06 18:30:00,053 - 2 - INFO - 页面"武动九天（GM免费特权）"跳转正常,该类元素共20个，当前第6个
2020-08-06 18:30:06,181 - 2 - INFO - 页面"唐门六道（送千元充值）"跳转正常,该类元素共20个，当前第7个
2020-08-06 18:30:12,310 - 2 - INFO - 页面"魔法之光（红忍海量抽）"跳转正常,该类元素共20个，当前第8个
2020-08-06 18:30:18,465 - 2 - INFO - 页面"纵剑仙界（送VIP代金券）"跳转正常,该类元素共20个，当前第9个
2020-08-06 18:30:24,581 - 2 - INFO - 页面"真江湖HD（万抽特权）"跳转正常,该类元素共20个，当前第10个
2020-08-06 18:30:30,709 - 2 - INFO - 页面"冒险王2（送海量充值）"跳转正常,该类元素共20个，当前第11个
2020-08-06 18:30:36,853 - 2 - INFO - 页面"烈火战神（海量特权）"跳转正常,该类元素共20个，当前第12个
2020-08-06 18:30:42,998 - 2 - INFO - 页面"大军师（送海量橙将）"跳转正常,该类元素共20个，当前第13个
2020-08-06 18:30:49,127 - 2 - INFO - 页面"妖神记（抽动漫周边）"跳转正常,该类元素共20个，当前第14个
2020-08-06 18:30:55,283 - 2 - INFO - 页面"屠龙世界（送GM特权）"跳转正常,该类元素共20个，当前第15个
2020-08-06 18:31:01,409 - 2 - INFO - 页面"皇者：至尊传奇"跳转正常,该类元素共20个，当前第16个
2020-08-06 18:31:07,539 - 2 - INFO - 页面"崩坏西游（送1688元充值）"跳转正常,该类元素共20个，当前第17个
2020-08-06 18:31:13,698 - 2 - INFO - 页面"教主之家（至尊特权）"跳转正常,该类元素共20个，当前第18个
2020-08-06 18:31:19,884 - 2 - INFO - 页面"一剑成仙（海量打金）"跳转正常,该类元素共20个，当前第19个
2020-08-06 18:31:26,037 - 2 - INFO - 页面"将军道（送百连海量抽）"跳转正常,该类元素共20个，当前第20个
2020-08-06 18:31:34,710 - 2 - INFO - 页面"【最笨周末活动】7月31日周末活动火热来袭~"跳转正常,该类元素共1个，当前第1个
2020-08-06 18:31:35,221 - basepage - INFO - Click back on current page.
2020-08-06 18:31:40,954 - 2 - INFO - 页面"【武动九天（GM免费特权）】上线满V，8W8绑元和"跳转正常,该类元素共1个，当前第1个
2020-08-06 18:31:41,230 - basepage - INFO - Click back on current page.
2020-08-06 18:31:47,732 - 2 - INFO - 页面"【梦幻沙城（海量抽充值）】上线即送GM2商城特"跳转正常,该类元素共1个，当前第1个
2020-08-06 18:31:48,227 - basepage - INFO - Click back on current page.
2020-08-06 18:31:54,360 - 2 - INFO - 页面"【六界仙尊（送充值）】上线直送VIP12，送88888元"跳转正常,该类元素共1个，当前第1个
2020-08-06 18:31:54,629 - basepage - INFO - Click back on current page.
2020-08-06 18:32:00,326 - 2 - INFO - 页面"【唐门六道（送千元充值）】上线送满级VIP19、礼"跳转正常,该类元素共1个，当前第1个
2020-08-06 18:32:00,805 - basepage - INFO - Click back on current page.
2020-08-06 19:03:31,849 - 2 - INFO - 页面"【武器之王（福利特权）】上线送VIP10,50万福利钻"跳转正常,该类元素共1个，当前第1个
2020-08-06 19:03:32,707 - basepage - INFO - Click back on current page.
2020-08-06 19:03:38,008 - 2 - INFO - 页面"校花的贴身高手：天阶岛"跳转正常,该类元素共12个，当前第1个
2020-08-06 19:03:38,356 - basepage - INFO - Click back on current page.
2020-08-06 19:03:43,809 - 2 - INFO - 页面"天宫传说"跳转正常,该类元素共12个，当前第2个
2020-08-06 19:03:44,463 - basepage - INFO - Click back on current page.
2020-08-06 19:03:49,683 - 2 - INFO - 页面"圣魂"跳转正常,该类元素共12个，当前第3个
2020-08-06 19:03:49,945 - basepage - INFO - Click back on current page.
2020-08-06 19:03:55,062 - 2 - INFO - 页面"大话女儿国（送千元充值）"跳转正常,该类元素共12个，当前第4个
2020-08-06 19:03:55,631 - basepage - INFO - Click back on current page.
2020-08-06 19:04:00,606 - 2 - INFO - 页面"魔狩战纪（送四大神器）"跳转正常,该类元素共12个，当前第5个
2020-08-06 19:04:01,096 - basepage - INFO - Click back on current page.
2020-08-06 19:04:06,144 - 2 - INFO - 页面"苍穹灭（星耀特权）"跳转正常,该类元素共12个，当前第6个
2020-08-06 19:04:06,763 - basepage - INFO - Click back on current page.
2020-08-06 19:04:11,705 - 2 - INFO - 页面"神座（送海量充值）"跳转正常,该类元素共12个，当前第7个
2020-08-06 19:04:12,223 - basepage - INFO - Click back on current page.
2020-08-06 19:04:20,036 - 2 - INFO - 页面"西游悟空传（送海量充值）"跳转正常,该类元素共12个，当前第8个
2020-08-06 19:04:20,445 - basepage - INFO - Click back on current page.
2020-08-06 19:04:25,395 - 2 - INFO - 页面"传奇世界之仗剑天涯（至尊特权）"跳转正常,该类元素共12个，当前第9个
2020-08-06 19:04:25,726 - basepage - INFO - Click back on current page.
2020-08-06 19:04:31,456 - 2 - INFO - 页面"三国之旅（日送千充）"跳转正常,该类元素共12个，当前第10个
2020-08-06 19:04:31,725 - basepage - INFO - Click back on current page.
2020-08-06 19:04:37,039 - 2 - INFO - 页面"疾风魔女（送328充值）"跳转正常,该类元素共12个，当前第11个
2020-08-06 19:04:37,645 - basepage - INFO - Click back on current page.
2020-08-06 19:04:42,404 - 2 - INFO - 页面"仙元天下（永久寻宝）"跳转正常,该类元素共12个，当前第12个
2020-08-06 19:04:42,676 - basepage - INFO - Click back on current page.
2020-08-06 19:04:48,546 - 2 - INFO - 页面"魔兽世界怀旧服2020年6月7日人口普查一览"跳转正常,该类元素共2个，当前第1个
2020-08-06 19:04:49,161 - basepage - INFO - Click back on current page.
2020-08-06 19:04:56,324 - 2 - INFO - 页面"DNF萌噬噬宠物属性怎么样？萌噬噬属性介绍"跳转正常,该类元素共2个，当前第2个
2020-08-06 19:04:56,738 - basepage - INFO - Click back on current page.
2020-08-06 19:05:03,708 - 2 - INFO - 页面"我的世界正版在哪里买-最笨下载"跳转正常,该类元素共14个，当前第1个
2020-08-06 19:05:04,114 - basepage - INFO - Click back on current page.
2020-08-06 19:05:11,372 - 2 - INFO - 页面"逃脱者2如何邀请好友 邀请好友攻略-最笨下载"跳转正常,该类元素共14个，当前第2个
2020-08-06 19:05:11,979 - basepage - INFO - Click back on current page.
2020-08-06 19:05:19,156 - 2 - INFO - 页面"荒野乱斗如何抽传说英雄 抽传说英雄攻略-最笨下载"跳转正常,该类元素共14个，当前第3个
2020-08-06 19:05:19,425 - basepage - INFO - Click back on current page.
2020-08-06 19:05:27,363 - 2 - INFO - 页面"炉石传说复活牧卡组怎么组 复活牧卡组推荐-最笨下载"跳转正常,该类元素共14个，当前第4个
2020-08-06 19:05:27,628 - basepage - INFO - Click back on current page.
2020-08-06 19:05:34,840 - 2 - INFO - 页面"炉石传说新卡莱斯霜语怎么样 莱斯霜语强度分析-最笨下载"跳转正常,该类元素共14个，当前第5个
2020-08-06 19:05:35,401 - basepage - INFO - Click back on current page.
2020-08-06 19:05:42,371 - 2 - INFO - 页面"炉石传说通灵学院恶魔猎手新卡强度详解-最笨下载"跳转正常,该类元素共14个，当前第6个
2020-08-06 19:05:42,613 - basepage - INFO - Click back on current page.
2020-08-06 19:05:49,659 - 2 - INFO - 页面"炉石传说通灵学院新版本白嫖橙卡攻略-最笨下载"跳转正常,该类元素共14个，当前第7个
2020-08-06 19:05:50,013 - basepage - INFO - Click back on current page.
2020-08-06 19:05:56,898 - 2 - INFO - 页面"炉石传说酒馆战棋猫咪怎么用 酒馆战棋猫咪玩法攻略-最笨下载"跳转正常,该类元素共14个，当前第8个
2020-08-06 19:05:57,476 - basepage - INFO - Click back on current page.
2020-08-06 19:06:04,640 - 2 - INFO - 页面"炉石传说6包黄金卡包免费拿活动介绍-最笨下载"跳转正常,该类元素共14个，当前第9个
2020-08-06 19:06:04,912 - basepage - INFO - Click back on current page.
2020-08-06 19:06:12,387 - 2 - INFO - 页面"王者荣耀冬冠传说云鹰飞将点券优惠活动介绍-最笨下载"跳转正常,该类元素共14个，当前第10个
2020-08-06 19:06:12,665 - basepage - INFO - Click back on current page.
2020-08-06 19:06:19,808 - 2 - INFO - 页面"王者荣耀夏日盛典蔷薇珍宝阁活动介绍-最笨下载"跳转正常,该类元素共14个，当前第11个
2020-08-06 19:06:20,407 - basepage - INFO - Click back on current page.
2020-08-06 19:06:27,530 - 2 - INFO - 页面"DNF手游黑钻值得开吗 黑钻性价比推荐-最笨下载"跳转正常,该类元素共14个，当前第12个
2020-08-06 19:06:27,783 - basepage - INFO - Click back on current page.
2020-08-06 19:06:35,501 - 2 - INFO - 页面"DNF手游微视充值返利活动介绍-最笨下载"跳转正常,该类元素共14个，当前第13个
2020-08-06 19:06:35,769 - basepage - INFO - Click back on current page.
2020-08-06 19:06:42,792 - 2 - INFO - 页面"DNF手游氪金买什么 开服氪金购买攻略-最笨下载"跳转正常,该类元素共14个，当前第14个
2020-08-06 19:06:43,391 - basepage - INFO - Click back on current page.
2020-08-06 19:06:52,407 - 2 - INFO - 页面"2020阴阳师7月新式神紧那罗即将上线 高颜值紧那"跳转正常,该类元素共2个，当前第1个
2020-08-06 19:06:52,996 - basepage - INFO - Click back on current page.
2020-08-06 19:06:59,977 - 2 - INFO - 页面"英雄联盟2020灵魂莲华皮肤原画汇总"跳转正常,该类元素共2个，当前第2个
2020-08-06 19:07:00,214 - basepage - INFO - Click back on current page.
2020-08-06 19:07:06,927 - 2 - INFO - 页面"满vip版手游_手游sf送顶级vip_满级vip无限元宝手游下载-最笨下载"跳转正常,该类元素共28个，当前第1个
2020-08-06 19:07:07,188 - basepage - INFO - Click back on current page.
2020-08-06 19:07:14,169 - 2 - INFO - 页面"女神联盟2（送500充值）_女神联盟2（送500充值）无限元宝服_SF变态版女神联盟2（送500充值）公益服下载 - 最笨下载"跳转正常,该类元素共28个，当前第2个
2020-08-06 19:07:14,733 - basepage - INFO - Click back on current page.
2020-08-06 19:07:21,185 - 2 - INFO - 页面"满vip版手游_手游sf送顶级vip_满级vip无限元宝手游下载-最笨下载"跳转正常,该类元素共28个，当前第3个
2020-08-06 19:07:21,491 - basepage - INFO - Click back on current page.
2020-08-06 19:07:28,392 - 2 - INFO - 页面"仙灵世界（送海量连抽）_仙灵世界（送海量连抽）无限元宝服_SF变态版仙灵世界（送海量连抽）公益服下载 - 最笨下载"跳转正常,该类元素共28个，当前第4个
2020-08-06 19:07:28,652 - basepage - INFO - Click back on current page.
2020-08-06 19:07:35,155 - 2 - INFO - 页面"变态手游公益服_bt手游变态服_无限元宝bt手游下载_BT手游中心-最笨下载"跳转正常,该类元素共28个，当前第5个
2020-08-06 19:07:35,700 - basepage - INFO - Click back on current page.
2020-08-06 19:07:42,419 - 2 - INFO - 页面"武器之王（福利特权）_武器之王（福利特权）无限元宝服_SF变态版武器之王（福利特权）公益服下载 - 最笨下载"跳转正常,该类元素共28个，当前第6个
2020-08-06 19:07:42,719 - basepage - INFO - Click back on current page.
2020-08-06 19:07:49,174 - 2 - INFO - 页面"变态手游公益服_bt手游变态服_无限元宝bt手游下载_BT手游中心-最笨下载"跳转正常,该类元素共28个，当前第7个
2020-08-06 19:07:49,655 - basepage - INFO - Click back on current page.
2020-08-06 19:07:56,754 - 2 - INFO - 页面"凡人飞仙传（充值特权）_凡人飞仙传（充值特权）无限元宝服_SF变态版凡人飞仙传（充值特权）公益服下载 - 最笨下载"跳转正常,该类元素共28个，当前第8个
2020-08-06 19:07:57,068 - basepage - INFO - Click back on current page.
2020-08-06 19:08:03,539 - 2 - INFO - 页面"变态手游公益服_bt手游变态服_无限元宝bt手游下载_BT手游中心-最笨下载"跳转正常,该类元素共28个，当前第9个
2020-08-06 19:08:04,064 - basepage - INFO - Click back on current page.
2020-08-06 19:08:11,157 - 2 - INFO - 页面"天天怼三国（送千元充值）_天天怼三国（送千元充值）无限元宝服_SF变态版天天怼三国（送千元充值）公益服下载 - 最笨下载"跳转正常,该类元素共28个，当前第10个
2020-08-06 19:08:11,484 - basepage - INFO - Click back on current page.
2020-08-06 19:08:17,931 - 2 - INFO - 页面"满vip版手游_手游sf送顶级vip_满级vip无限元宝手游下载-最笨下载"跳转正常,该类元素共28个，当前第11个
2020-08-06 19:08:18,453 - basepage - INFO - Click back on current page.
2020-08-06 19:08:25,219 - 2 - INFO - 页面"武动九天（GM免费特权）_武动九天（GM免费特权）无限元宝服_SF变态版武动九天（GM免费特权）公益服下载 - 最笨下载"跳转正常,该类元素共28个，当前第12个
2020-08-06 19:08:25,462 - basepage - INFO - Click back on current page.
2020-08-06 19:08:31,979 - 2 - INFO - 页面"满vip版手游_手游sf送顶级vip_满级vip无限元宝手游下载-最笨下载"跳转正常,该类元素共28个，当前第13个
2020-08-06 19:08:32,233 - basepage - INFO - Click back on current page.
2020-08-06 19:08:39,035 - 2 - INFO - 页面"唐门六道（送千元充值）_唐门六道（送千元充值）无限元宝服_SF变态版唐门六道（送千元充值）公益服下载 - 最笨下载"跳转正常,该类元素共28个，当前第14个
2020-08-06 19:08:39,582 - basepage - INFO - Click back on current page.
2020-08-06 19:08:46,064 - 2 - INFO - 页面"满vip版手游_手游sf送顶级vip_满级vip无限元宝手游下载-最笨下载"跳转正常,该类元素共28个，当前第15个
2020-08-06 19:08:46,333 - basepage - INFO - Click back on current page.
2020-08-06 19:08:53,146 - 2 - INFO - 页面"魔法之光（红忍海量抽）_魔法之光（红忍海量抽）无限元宝服_SF变态版魔法之光（红忍海量抽）公益服下载 - 最笨下载"跳转正常,该类元素共28个，当前第16个
2020-08-06 19:08:53,612 - basepage - INFO - Click back on current page.
2020-08-06 19:09:00,099 - 2 - INFO - 页面"变态手游公益服_bt手游变态服_无限元宝bt手游下载_BT手游中心-最笨下载"跳转正常,该类元素共28个，当前第17个
2020-08-06 19:09:00,367 - basepage - INFO - Click back on current page.
2020-08-06 19:09:07,191 - 2 - INFO - 页面"纵剑仙界（送VIP代金券）_纵剑仙界（送VIP代金券）无限元宝服_SF变态版纵剑仙界（送VIP代金券）公益服下载 - 最笨下载"跳转正常,该类元素共28个，当前第18个
2020-08-06 19:09:07,499 - basepage - INFO - Click back on current page.
2020-08-06 19:09:13,961 - 2 - INFO - 页面"变态手游公益服_bt手游变态服_无限元宝bt手游下载_BT手游中心-最笨下载"跳转正常,该类元素共28个，当前第19个
2020-08-06 19:09:14,492 - basepage - INFO - Click back on current page.
2020-08-06 19:09:21,411 - 2 - INFO - 页面"真江湖HD（万抽特权）_真江湖HD（万抽特权）无限元宝服_SF变态版真江湖HD（万抽特权）公益服下载 - 最笨下载"跳转正常,该类元素共28个，当前第20个
2020-08-06 19:09:21,633 - basepage - INFO - Click back on current page.
2020-08-06 19:09:28,164 - 2 - INFO - 页面"满vip版手游_手游sf送顶级vip_满级vip无限元宝手游下载-最笨下载"跳转正常,该类元素共28个，当前第21个
2020-08-06 19:09:28,603 - basepage - INFO - Click back on current page.
2020-08-06 19:09:35,391 - 2 - INFO - 页面"冒险王2（送海量充值）_冒险王2（送海量充值）无限元宝服_SF变态版冒险王2（送海量充值）公益服下载 - 最笨下载"跳转正常,该类元素共28个，当前第22个
2020-08-06 19:09:35,665 - basepage - INFO - Click back on current page.
2020-08-06 19:09:42,118 - 2 - INFO - 页面"满vip版手游_手游sf送顶级vip_满级vip无限元宝手游下载-最笨下载"跳转正常,该类元素共28个，当前第23个
2020-08-06 19:09:42,559 - basepage - INFO - Click back on current page.
2020-08-06 19:09:49,305 - 2 - INFO - 页面"烈火战神（海量特权）_烈火战神（海量特权）无限元宝服_SF变态版烈火战神（海量特权）公益服下载 - 最笨下载"跳转正常,该类元素共28个，当前第24个
2020-08-06 19:09:49,563 - basepage - INFO - Click back on current page.
2020-08-06 19:09:56,041 - 2 - INFO - 页面"变态手游公益服_bt手游变态服_无限元宝bt手游下载_BT手游中心-最笨下载"跳转正常,该类元素共28个，当前第25个
2020-08-06 19:09:56,479 - basepage - INFO - Click back on current page.
2020-08-06 19:10:03,228 - 2 - INFO - 页面"大军师（送海量橙将）_大军师（送海量橙将）无限元宝服_SF变态版大军师（送海量橙将）公益服下载 - 最笨下载"跳转正常,该类元素共28个，当前第26个
2020-08-06 19:10:03,455 - basepage - INFO - Click back on current page.
2020-08-06 19:10:09,926 - 2 - INFO - 页面"变态手游公益服_bt手游变态服_无限元宝bt手游下载_BT手游中心-最笨下载"跳转正常,该类元素共28个，当前第27个
2020-08-06 19:10:10,329 - basepage - INFO - Click back on current page.
2020-08-06 19:10:17,135 - 2 - INFO - 页面"妖神记（抽动漫周边）_妖神记（抽动漫周边）无限元宝服_SF变态版妖神记（抽动漫周边）公益服下载 - 最笨下载"跳转正常,该类元素共28个，当前第28个
2020-08-06 19:10:17,417 - basepage - INFO - Click back on current page.
2020-08-06 19:10:26,342 - 2 - INFO - 页面"什么软件可以看官场小说"跳转正常,该类元素共2个，当前第1个
2020-08-06 19:10:26,860 - basepage - INFO - Click back on current page.
2020-08-06 19:10:33,916 - 2 - INFO - 页面"下载什么软件可以看官场小说"跳转正常,该类元素共2个，当前第2个
2020-08-06 19:10:34,145 - basepage - INFO - Click back on current page.
2020-08-06 19:10:41,584 - 2 - INFO - 页面"【苹果娱乐软件】iPhone手机娱乐软件_iPhone娱乐软件免费下载大全-最笨下载"跳转正常,该类元素共28个，当前第1个
2020-08-06 19:10:41,817 - basepage - INFO - Click back on current page.
2020-08-06 19:10:49,081 - 2 - INFO - 页面"最笨游戏盒子iOS版_最笨游戏盒子iOS版下载_最笨游戏盒子iOS版官方下载-最笨下载"跳转正常,该类元素共28个，当前第2个
2020-08-06 19:10:49,489 - basepage - INFO - Click back on current page.
2020-08-06 19:10:56,612 - 2 - INFO - 页面"【安卓娱乐软件】安卓娱乐软件下载_安卓娱乐软件推荐_安卓娱乐软件大全-最笨下载"跳转正常,该类元素共28个，当前第3个
2020-08-06 19:10:56,932 - basepage - INFO - Click back on current page.
2020-08-06 19:11:04,662 - 2 - INFO - 页面"最笨游戏盒子_最笨游戏盒子下载_最笨游戏盒子官方下载-最笨下载"跳转正常,该类元素共28个，当前第4个
2020-08-06 19:11:05,061 - basepage - INFO - Click back on current page.
2020-08-06 19:11:12,249 - 2 - INFO - 页面"【安卓聊天软件】安卓聊天软件下载_安卓聊天软件排行_安卓聊天软件大全-最笨下载"跳转正常,该类元素共28个，当前第5个
2020-08-06 19:11:12,912 - basepage - INFO - Click back on current page.
2020-08-06 19:11:19,985 - 2 - INFO - 页面"蜜小助_蜜小助下载_蜜小助官方下载-最笨下载"跳转正常,该类元素共28个，当前第6个
2020-08-06 19:11:20,231 - basepage - INFO - Click back on current page.
2020-08-06 19:11:26,719 - 2 - INFO - 页面"【安卓娱乐软件】安卓娱乐软件下载_安卓娱乐软件推荐_安卓娱乐软件大全-最笨下载"跳转正常,该类元素共28个，当前第7个
2020-08-06 19:11:26,963 - basepage - INFO - Click back on current page.
2020-08-06 19:11:34,295 - 2 - INFO - 页面"3733游戏盒子_3733游戏盒子下载_3733游戏盒子官方下载-最笨下载"跳转正常,该类元素共28个，当前第8个
2020-08-06 19:11:34,759 - basepage - INFO - Click back on current page.
2020-08-06 19:11:41,240 - 2 - INFO - 页面"【安卓聊天软件】安卓聊天软件下载_安卓聊天软件排行_安卓聊天软件大全-最笨下载"跳转正常,该类元素共28个，当前第9个
2020-08-06 19:11:41,527 - basepage - INFO - Click back on current page.
2020-08-06 19:11:48,804 - 2 - INFO - 页面"土味情话_土味情话下载_土味情话官方下载-最笨下载"跳转正常,该类元素共28个，当前第10个
2020-08-06 19:11:49,044 - basepage - INFO - Click back on current page.
2020-08-06 19:11:55,520 - 2 - INFO - 页面"【安卓聊天软件】安卓聊天软件下载_安卓聊天软件排行_安卓聊天软件大全-最笨下载"跳转正常,该类元素共28个，当前第11个
2020-08-06 19:11:55,988 - basepage - INFO - Click back on current page.
2020-08-06 19:12:03,121 - 2 - INFO - 页面"恋爱话术_恋爱话术下载_恋爱话术官方下载-最笨下载"跳转正常,该类元素共28个，当前第12个
2020-08-06 19:12:03,376 - basepage - INFO - Click back on current page.
2020-08-06 19:12:10,048 - 2 - INFO - 页面"【安卓聊天软件】安卓聊天软件下载_安卓聊天软件排行_安卓聊天软件大全-最笨下载"跳转正常,该类元素共28个，当前第13个
2020-08-06 19:12:10,549 - basepage - INFO - Click back on current page.
2020-08-06 19:12:17,618 - 2 - INFO - 页面"土味情话社_土味情话社下载_土味情话社官方下载-最笨下载"跳转正常,该类元素共28个，当前第14个
2020-08-06 19:12:17,860 - basepage - INFO - Click back on current page.
2020-08-06 19:12:25,322 - 2 - INFO - 页面"【安卓阅读软件】安卓阅读软件下载_安卓阅读软件哪个好_安卓阅读软件排行-最笨下载"跳转正常,该类元素共28个，当前第15个
2020-08-06 19:12:25,558 - basepage - INFO - Click back on current page.
2020-08-06 19:12:32,551 - 2 - INFO - 页面"吾爱看书_吾爱看书下载_吾爱看书官方下载-最笨下载"跳转正常,该类元素共28个，当前第16个
2020-08-06 19:12:33,116 - basepage - INFO - Click back on current page.
2020-08-06 19:12:40,631 - 2 - INFO - 页面"【苹果阅读软件】iPhone手机阅读软件_iPhone阅读软件免费下载大全-最笨下载"跳转正常,该类元素共28个，当前第17个
2020-08-06 19:12:40,920 - basepage - INFO - Click back on current page.
2020-08-06 19:12:48,189 - 2 - INFO - 页面"吾爱看书ios版_吾爱看书ios版下载_吾爱看书ios版官方下载-最笨下载"跳转正常,该类元素共28个，当前第18个
2020-08-06 19:12:48,458 - basepage - INFO - Click back on current page.
2020-08-06 19:12:54,917 - 2 - INFO - 页面"【安卓聊天软件】安卓聊天软件下载_安卓聊天软件排行_安卓聊天软件大全-最笨下载"跳转正常,该类元素共28个，当前第19个
2020-08-06 19:12:55,329 - basepage - INFO - Click back on current page.
2020-08-06 19:13:02,619 - 2 - INFO - 页面"恋爱话术库_恋爱话术库下载_恋爱话术库官方下载-最笨下载"跳转正常,该类元素共28个，当前第20个
2020-08-06 19:13:02,889 - basepage - INFO - Click back on current page.
2020-08-06 19:13:09,369 - 2 - INFO - 页面"【安卓聊天软件】安卓聊天软件下载_安卓聊天软件排行_安卓聊天软件大全-最笨下载"跳转正常,该类元素共28个，当前第21个
2020-08-06 19:13:09,861 - basepage - INFO - Click back on current page.
2020-08-06 19:13:17,457 - 2 - INFO - 页面"撩吧_撩吧下载_撩吧官方下载-最笨下载"跳转正常,该类元素共28个，当前第22个
2020-08-06 19:13:18,042 - basepage - INFO - Click back on current page.
2020-08-06 19:13:24,544 - 2 - INFO - 页面"【安卓聊天软件】安卓聊天软件下载_安卓聊天软件排行_安卓聊天软件大全-最笨下载"跳转正常,该类元素共28个，当前第23个
2020-08-06 19:13:24,837 - basepage - INFO - Click back on current page.
2020-08-06 19:13:32,784 - 2 - INFO - 页面"遇知音_遇知音下载_遇知音官方下载-最笨下载"跳转正常,该类元素共28个，当前第24个
2020-08-06 19:13:33,279 - basepage - INFO - Click back on current page.
2020-08-06 19:13:39,746 - 2 - INFO - 页面"【安卓聊天软件】安卓聊天软件下载_安卓聊天软件排行_安卓聊天软件大全-最笨下载"跳转正常,该类元素共28个，当前第25个
2020-08-06 19:13:40,015 - basepage - INFO - Click back on current page.
2020-08-06 19:13:46,967 - 2 - INFO - 页面"脱单大师_脱单大师下载_脱单大师官方下载-最笨下载"跳转正常,该类元素共28个，当前第26个
2020-08-06 19:13:47,225 - basepage - INFO - Click back on current page.
2020-08-06 19:13:53,968 - 2 - INFO - 页面"【安卓聊天软件】安卓聊天软件下载_安卓聊天软件排行_安卓聊天软件大全-最笨下载"跳转正常,该类元素共28个，当前第27个
2020-08-06 19:13:54,455 - basepage - INFO - Click back on current page.
2020-08-06 19:14:01,919 - 2 - INFO - 页面"爱情套路_爱情套路下载_爱情套路官方下载-最笨下载"跳转正常,该类元素共28个，当前第28个
2020-08-06 19:14:02,145 - basepage - INFO - Click back on current page.
2020-08-06 19:14:12,654 - 2 - INFO - 页面"【安卓播放器】安卓播放器下载_安卓播放器哪个最好_安卓播放器下载排行-最笨下载"跳转正常,该类元素共20个，当前第1个
2020-08-06 19:14:12,943 - basepage - INFO - Click back on current page.
2020-08-06 19:14:20,377 - 2 - INFO - 页面"【安卓学习软件】安卓学习软件下载_安卓学习软件免费下载_安卓学习软件大全-最笨下载"跳转正常,该类元素共20个，当前第2个
2020-08-06 19:14:20,953 - basepage - INFO - Click back on current page.
2020-08-06 19:14:28,388 - 2 - INFO - 页面"【安卓辅助软件】安卓辅助软件下载_安卓辅助软件推荐_安卓辅助软件大全-最笨下载"跳转正常,该类元素共20个，当前第3个
2020-08-06 19:14:28,687 - basepage - INFO - Click back on current page.
2020-08-06 19:14:36,252 - 2 - INFO - 页面"【安卓输入法】安卓输入法下载_安卓输入法哪个好_安卓输入法怎么用-最笨下载"跳转正常,该类元素共20个，当前第4个
2020-08-06 19:14:36,487 - basepage - INFO - Click back on current page.
2020-08-06 19:14:44,110 - 2 - INFO - 页面"【安卓通信软件】安卓通信软件下载_安卓通信软件推荐_安卓通信软件大全-最笨下载"跳转正常,该类元素共20个，当前第5个
2020-08-06 19:14:44,576 - basepage - INFO - Click back on current page.
2020-08-06 19:14:52,006 - 2 - INFO - 页面"【安卓固件】安卓固件下载_安卓固件包下载_安卓固件管理器-最笨下载"跳转正常,该类元素共20个，当前第6个
2020-08-06 19:14:52,286 - basepage - INFO - Click back on current page.
2020-08-06 19:14:59,840 - 2 - INFO - 页面"【安卓文件管理器】安卓文件管理器下载_安卓文件管理器哪个好_安卓文件管理器中文版-最笨下载"跳转正常,该类元素共20个，当前第7个
2020-08-06 19:15:00,131 - basepage - INFO - Click back on current page.
2020-08-06 19:15:07,647 - 2 - INFO - 页面"【安卓同步软件】安卓同步软件下载_安卓同步软件哪个好_安卓手机同步软件-最笨下载"跳转正常,该类元素共20个，当前第8个
2020-08-06 19:15:08,122 - basepage - INFO - Click back on current page.
2020-08-06 19:15:15,332 - 2 - INFO - 页面"【安卓办公软件】安卓办公软件下载_安卓办公软件哪个好_安卓办公软件哪种最好-最笨下载"跳转正常,该类元素共20个，当前第9个
2020-08-06 19:15:15,602 - basepage - INFO - Click back on current page.
2020-08-06 19:15:23,831 - 2 - INFO - 页面"【安卓新闻软件】安卓新闻软件下载_安卓新闻软件哪个好_安卓新闻软件大全-最笨下载"跳转正常,该类元素共20个，当前第10个
2020-08-06 19:15:24,297 - basepage - INFO - Click back on current page.
2020-08-06 19:15:31,712 - 2 - INFO - 页面"【安卓理财软件】安卓理财软件下载_安卓理财软件哪个好_安卓理财软件大全-最笨下载"跳转正常,该类元素共20个，当前第11个
2020-08-06 19:15:32,202 - basepage - INFO - Click back on current page.
2020-08-06 19:15:39,416 - 2 - INFO - 页面"【安卓备份软件】安卓备份软件下载_安卓备份软件哪个好_安卓手机备份软件-最笨下载"跳转正常,该类元素共20个，当前第12个
2020-08-06 19:15:39,652 - basepage - INFO - Click back on current page.
2020-08-06 19:15:46,895 - 2 - INFO - 页面"【安卓跑步软件】安卓跑步软件下载_安卓跑步软件哪个好_安卓跑步软件大全-最笨下载"跳转正常,该类元素共20个，当前第13个
2020-08-06 19:15:47,201 - basepage - INFO - Click back on current page.
2020-08-06 19:16:01,504 - 2 - INFO - 页面"【安卓健康管理软件】安卓健康管理软件下载_安卓健康管理软件推荐_安卓健康管理软件大全-最笨下载"跳转正常,该类元素共20个，当前第14个
2020-08-06 19:16:02,026 - basepage - INFO - Click back on current page.
2020-08-06 19:16:09,759 - 2 - INFO - 页面"【安卓系统软件】安卓系统软件下载_安卓系统软件免费下载_安卓系统软件下载工具-最笨下载"跳转正常,该类元素共20个，当前第15个
2020-08-06 19:16:10,261 - basepage - INFO - Click back on current page.
2020-08-06 19:16:16,739 - 2 - INFO - 页面"【安卓聊天软件】安卓聊天软件下载_安卓聊天软件排行_安卓聊天软件大全-最笨下载"跳转正常,该类元素共20个，当前第16个
2020-08-06 19:16:17,050 - basepage - INFO - Click back on current page.
2020-08-06 19:16:24,665 - 2 - INFO - 页面"【安卓应用软件】安卓应用软件排行_好玩的安卓应用软件_好用的安卓应用软件-最笨下载"跳转正常,该类元素共20个，当前第17个
2020-08-06 19:16:25,126 - basepage - INFO - Click back on current page.
2020-08-06 19:16:31,604 - 2 - INFO - 页面"【安卓娱乐软件】安卓娱乐软件下载_安卓娱乐软件推荐_安卓娱乐软件大全-最笨下载"跳转正常,该类元素共20个，当前第18个
2020-08-06 19:16:31,865 - basepage - INFO - Click back on current page.
2020-08-06 19:16:39,157 - 2 - INFO - 页面"【安卓导航软件】安卓导航软件下载_安卓导航软件哪个好_安卓导航软件排名-最笨下载"跳转正常,该类元素共20个，当前第19个
2020-08-06 19:16:39,447 - basepage - INFO - Click back on current page.
2020-08-06 19:16:46,895 - 2 - INFO - 页面"【安卓网络软件】安卓网络软件下载_安卓网络软件推荐_安卓网络软件大全-最笨下载"跳转正常,该类元素共20个，当前第20个
2020-08-06 19:16:47,308 - basepage - INFO - Click back on current page.
2020-08-06 19:16:55,682 - 2 - INFO - 页面"3733手游游戏平台_3733手游游戏平台下载_3733手游游戏平台官方下载-最笨下载"跳转正常,该类元素共18个，当前第1个
2020-08-06 19:17:01,807 - 2 - INFO - 页面"安致手游游戏平台_安致手游游戏平台下载_安致手游游戏平台官方下载-最笨下载"跳转正常,该类元素共18个，当前第2个
2020-08-06 19:17:07,952 - 2 - INFO - 页面"回复神器_回复神器下载_回复神器官方下载-最笨下载"跳转正常,该类元素共18个，当前第3个
2020-08-06 19:17:14,103 - 2 - INFO - 页面"神撩话术大全库_神撩话术大全库下载_神撩话术大全库官方下载-最笨下载"跳转正常,该类元素共18个，当前第4个
2020-08-06 19:17:20,236 - 2 - INFO - 页面"扑鹿_扑鹿下载_扑鹿官方下载-最笨下载"跳转正常,该类元素共18个，当前第5个
2020-08-06 19:17:26,388 - 2 - INFO - 页面"日杂相机_日杂相机下载_日杂相机官方下载-最笨下载"跳转正常,该类元素共18个，当前第6个
2020-08-06 19:17:32,536 - 2 - INFO - 页面"皮皮虾_皮皮虾下载_皮皮虾官方下载-最笨下载"跳转正常,该类元素共18个，当前第7个
2020-08-06 19:17:38,714 - 2 - INFO - 页面"吾爱看书_吾爱看书下载_吾爱看书官方下载-最笨下载"跳转正常,该类元素共18个，当前第8个
2020-08-06 19:17:44,854 - 2 - INFO - 页面"7732游戏中心_7732游戏中心下载_7732游戏中心官方下载-最笨下载"跳转正常,该类元素共18个，当前第9个
2020-08-06 19:17:50,988 - 2 - INFO - 页面"7743手游盒子_7743手游盒子下载_7743手游盒子官方下载-最笨下载"跳转正常,该类元素共18个，当前第10个
2020-08-06 19:17:57,109 - 2 - INFO - 页面"7743游戏中心_7743游戏中心下载_7743游戏中心官方下载-最笨下载"跳转正常,该类元素共18个，当前第11个
2020-08-06 19:18:03,240 - 2 - INFO - 页面"7743手游平台_7743手游平台下载_7743手游平台官方下载-最笨下载"跳转正常,该类元素共18个，当前第12个
2020-08-06 19:18:09,386 - 2 - INFO - 页面"gm手游平台_gm手游平台下载_gm手游平台官方下载-最笨下载"跳转正常,该类元素共18个，当前第13个
2020-08-06 19:18:15,511 - 2 - INFO - 页面"gm游戏中心_gm游戏中心下载_gm游戏中心官方下载-最笨下载"跳转正常,该类元素共18个，当前第14个
2020-08-06 19:18:21,701 - 2 - INFO - 页面"gm游戏盒_gm游戏盒下载_gm游戏盒官方下载-最笨下载"跳转正常,该类元素共18个，当前第15个
2020-08-06 19:18:27,834 - 2 - INFO - 页面"gm手游游戏平台_gm手游游戏平台下载_gm手游游戏平台官方下载-最笨下载"跳转正常,该类元素共18个，当前第16个
2020-08-06 19:18:33,981 - 2 - INFO - 页面"gm游戏平台_gm游戏平台下载_gm游戏平台官方下载-最笨下载"跳转正常,该类元素共18个，当前第17个
2020-08-06 19:18:40,128 - 2 - INFO - 页面"gm游戏盒子_gm游戏盒子下载_gm游戏盒子官方下载-最笨下载"跳转正常,该类元素共18个，当前第18个
2020-08-06 19:18:46,752 - 2 - INFO - 页面"【安卓益智游戏】好玩的安卓益智游戏大全_安卓益智类游戏_益智游戏下载-最笨下载"跳转正常,该类元素共17个，当前第1个
2020-08-06 19:18:47,028 - basepage - INFO - Click back on current page.
2020-08-06 19:18:54,527 - 2 - INFO - 页面"【安卓其他游戏】好玩的安卓其他游戏大全_安卓其他类游戏_其他游戏下载-最笨下载"跳转正常,该类元素共17个，当前第2个
2020-08-06 19:18:55,086 - basepage - INFO - Click back on current page.
2020-08-06 19:19:02,625 - 2 - INFO - 页面"【安卓音乐游戏】好玩的安卓音乐游戏大全_安卓音乐类游戏_音乐游戏下载-最笨下载"跳转正常,该类元素共17个，当前第3个
2020-08-06 19:19:02,889 - basepage - INFO - Click back on current page.
2020-08-06 19:19:10,322 - 2 - INFO - 页面"【安卓网络游戏】好玩的安卓网络游戏大全_安卓网络类游戏_网络游戏下载-最笨下载"跳转正常,该类元素共17个，当前第4个
2020-08-06 19:19:10,608 - basepage - INFO - Click back on current page.
2020-08-06 19:19:18,044 - 2 - INFO - 页面"【安卓格斗游戏】好玩的安卓格斗游戏大全_安卓格斗类游戏_格斗游戏下载-最笨下载"跳转正常,该类元素共17个，当前第5个
2020-08-06 19:19:18,522 - basepage - INFO - Click back on current page.
2020-08-06 19:19:26,125 - 2 - INFO - 页面"【安卓飞行游戏】好玩的安卓飞行游戏大全_安卓飞行类游戏_飞行游戏下载-最笨下载"跳转正常,该类元素共17个，当前第6个
2020-08-06 19:19:26,407 - basepage - INFO - Click back on current page.
2020-08-06 19:19:33,963 - 2 - INFO - 页面"【安卓体育运动游戏】好玩的安卓体育运动游戏大全_安卓体育运动类游戏_体育运动游戏下载-最笨下载"跳转正常,该类元素共17个，当前第7个
2020-08-06 19:19:34,224 - basepage - INFO - Click back on current page.
2020-08-06 19:19:41,844 - 2 - INFO - 页面"【安卓模拟经营游戏】好玩的安卓模拟经营游戏大全_安卓模拟经营类游戏_模拟经营游戏下载-最笨下载"跳转正常,该类元素共17个，当前第8个
2020-08-06 19:19:42,424 - basepage - INFO - Click back on current page.
2020-08-06 19:19:49,946 - 2 - INFO - 页面"【安卓策略游戏】好玩的安卓策略游戏大全_安卓策略类游戏_策略游戏下载-最笨下载"跳转正常,该类元素共17个，当前第9个
2020-08-06 19:19:50,437 - basepage - INFO - Click back on current page.
2020-08-06 19:19:57,932 - 2 - INFO - 页面"【安卓塔防游戏】好玩的安卓塔防游戏大全_安卓塔防类游戏_塔防游戏下载-最笨下载"跳转正常,该类元素共17个，当前第10个
2020-08-06 19:19:58,224 - basepage - INFO - Click back on current page.
2020-08-06 19:20:05,685 - 2 - INFO - 页面"【安卓解谜冒险游戏】好玩的安卓解谜冒险游戏大全_安卓解谜冒险类游戏_解谜冒险游戏下载-最笨下载"跳转正常,该类元素共17个，当前第11个
2020-08-06 19:20:05,972 - basepage - INFO - Click back on current page.
2020-08-06 19:20:13,352 - 2 - INFO - 页面"【安卓射击游戏】好玩的安卓射击游戏大全_安卓射击类游戏_射击游戏下载-最笨下载"跳转正常,该类元素共17个，当前第12个
2020-08-06 19:20:13,882 - basepage - INFO - Click back on current page.
2020-08-06 19:20:21,142 - 2 - INFO - 页面"【安卓棋牌游戏】好玩的安卓棋牌游戏大全_安卓棋牌类游戏_棋牌游戏下载-最笨下载"跳转正常,该类元素共17个，当前第13个
2020-08-06 19:20:21,384 - basepage - INFO - Click back on current page.
2020-08-06 19:20:28,832 - 2 - INFO - 页面"【安卓赛车游戏】好玩的安卓赛车游戏大全_安卓赛车类游戏_赛车游戏下载-最笨下载"跳转正常,该类元素共17个，当前第14个
2020-08-06 19:20:29,138 - basepage - INFO - Click back on current page.
2020-08-06 19:20:36,798 - 2 - INFO - 页面"【安卓角色扮演游戏】好玩的安卓角色扮演游戏大全_安卓角色扮演类游戏_角色扮演游戏下载-最笨下载"跳转正常,该类元素共17个，当前第15个
2020-08-06 19:20:37,338 - basepage - INFO - Click back on current page.
2020-08-06 19:20:45,011 - 2 - INFO - 页面"【安卓动作游戏】好玩的安卓动作游戏大全_安卓动作类游戏_动作游戏下载-最笨下载"跳转正常,该类元素共17个，当前第16个
2020-08-06 19:20:45,584 - basepage - INFO - Click back on current page.
2020-08-06 19:20:53,011 - 2 - INFO - 页面"【安卓休闲游戏】好玩的安卓休闲游戏大全_安卓休闲类游戏_休闲游戏下载-最笨下载"跳转正常,该类元素共17个，当前第17个
2020-08-06 19:20:53,271 - basepage - INFO - Click back on current page.
2020-08-06 19:21:01,607 - 2 - INFO - 页面"炼金国度（送1000元充值）ios版_炼金国度（送1000元充值）ios版下载_炼金国度（送1000元充值）ios版官方下载-最笨下载"跳转正常,该类元素共18个，当前第1个
2020-08-06 19:21:07,758 - 2 - INFO - 页面"国贼顾挽之_国贼顾挽之下载_国贼顾挽之官方下载-最笨下载"跳转正常,该类元素共18个，当前第2个
2020-08-06 19:21:13,912 - 2 - INFO - 页面"大秦黎明_大秦黎明下载_大秦黎明官方下载-最笨下载"跳转正常,该类元素共18个，当前第3个
2020-08-06 19:21:20,062 - 2 - INFO - 页面"怒焰三国杀手游_怒焰三国杀手游下载_怒焰三国杀手游官方下载-最笨下载"跳转正常,该类元素共18个，当前第4个
2020-08-06 19:21:26,211 - 2 - INFO - 页面"末日围城_末日围城下载_末日围城官方下载-最笨下载"跳转正常,该类元素共18个，当前第5个
2020-08-06 19:21:32,335 - 2 - INFO - 页面"天将雄师九游版_天将雄师九游版下载_天将雄师九游版官方下载-最笨下载"跳转正常,该类元素共18个，当前第6个
2020-08-06 19:21:38,475 - 2 - INFO - 页面"诸王黎明_诸王黎明下载_诸王黎明官方下载-最笨下载"跳转正常,该类元素共18个，当前第7个
2020-08-06 19:21:44,619 - 2 - INFO - 页面"一梦江湖九游版_一梦江湖九游版下载_一梦江湖九游版官方下载-最笨下载"跳转正常,该类元素共18个，当前第8个
2020-08-06 19:21:50,746 - 2 - INFO - 页面"NBA篮球大师_NBA篮球大师下载_NBA篮球大师官方下载-最笨下载"跳转正常,该类元素共18个，当前第9个
2020-08-06 19:21:56,889 - 2 - INFO - 页面"萌妖传手游_萌妖传手游下载_萌妖传手游官方下载-最笨下载"跳转正常,该类元素共18个，当前第10个
2020-08-06 19:22:03,020 - 2 - INFO - 页面"中超英雄手游_中超英雄手游下载_中超英雄手游官方下载-最笨下载"跳转正常,该类元素共18个，当前第11个
2020-08-06 19:22:09,157 - 2 - INFO - 页面"三国战天下手游_三国战天下手游下载_三国战天下手游官方下载-最笨下载"跳转正常,该类元素共18个，当前第12个
2020-08-06 19:22:15,285 - 2 - INFO - 页面"拳皇命运_拳皇命运下载_拳皇命运官方下载-最笨下载"跳转正常,该类元素共18个，当前第13个
2020-08-06 19:22:21,427 - 2 - INFO - 页面"电能大亨_电能大亨下载_电能大亨官方下载-最笨下载"跳转正常,该类元素共18个，当前第14个
2020-08-06 19:22:27,575 - 2 - INFO - 页面"驾校模拟器_驾校模拟器下载_驾校模拟器官方下载-最笨下载"跳转正常,该类元素共18个，当前第15个
2020-08-06 19:22:33,761 - 2 - INFO - 页面"暗黑探险2_暗黑探险2下载_暗黑探险2官方下载-最笨下载"跳转正常,该类元素共18个，当前第16个
2020-08-06 19:22:39,924 - 2 - INFO - 页面"风暴山之谜_风暴山之谜下载_风暴山之谜官方下载-最笨下载"跳转正常,该类元素共18个，当前第17个
2020-08-06 19:22:46,100 - 2 - INFO - 页面"炸弹投石机:卡牌战斗_炸弹投石机:卡牌战斗下载_炸弹投石机:卡牌战斗官方下载-最笨下载"跳转正常,该类元素共18个，当前第18个
2020-08-06 19:22:53,900 - 2 - INFO - 页面"变态手游公益服_bt手游变态服_无限元宝bt手游下载_BT手游中心-最笨下载"跳转正常,该类元素共13个，当前第1个
2020-08-06 19:22:54,112 - basepage - INFO - Click back on current page.
2020-08-06 19:23:03,070 - 2 - INFO - 页面"变态手游公益服_bt手游变态服_无限元宝bt手游下载_BT手游中心-最笨下载"跳转正常,该类元素共13个，当前第2个
2020-08-06 19:23:03,759 - basepage - INFO - Click back on current page.
2020-08-06 19:23:12,396 - 2 - INFO - 页面"变态手游公益服_bt手游变态服_无限元宝bt手游下载_BT手游中心-最笨下载"跳转正常,该类元素共13个，当前第3个
2020-08-06 19:23:12,971 - basepage - INFO - Click back on current page.
2020-08-06 19:23:22,171 - 2 - INFO - 页面"变态手游公益服_bt手游变态服_无限元宝bt手游下载_BT手游中心-最笨下载"跳转正常,该类元素共13个，当前第4个
2020-08-06 19:23:22,642 - basepage - INFO - Click back on current page.
2020-08-06 19:23:31,013 - 2 - INFO - 页面"变态手游公益服_bt手游变态服_无限元宝bt手游下载_BT手游中心-最笨下载"跳转正常,该类元素共13个，当前第5个
2020-08-06 19:23:31,757 - basepage - INFO - Click back on current page.
2020-08-06 19:23:40,211 - 2 - INFO - 页面"变态手游公益服_bt手游变态服_无限元宝bt手游下载_BT手游中心-最笨下载"跳转正常,该类元素共13个，当前第6个
2020-08-06 19:23:40,514 - basepage - INFO - Click back on current page.
2020-08-06 19:23:49,051 - 2 - INFO - 页面"变态手游公益服_bt手游变态服_无限元宝bt手游下载_BT手游中心-最笨下载"跳转正常,该类元素共13个，当前第7个
2020-08-06 19:23:49,570 - basepage - INFO - Click back on current page.
2020-08-06 19:23:57,974 - 2 - INFO - 页面"变态手游公益服_bt手游变态服_无限元宝bt手游下载_BT手游中心-最笨下载"跳转正常,该类元素共13个，当前第8个
2020-08-06 19:23:58,435 - basepage - INFO - Click back on current page.
2020-08-06 19:24:06,918 - 2 - INFO - 页面"变态手游公益服_bt手游变态服_无限元宝bt手游下载_BT手游中心-最笨下载"跳转正常,该类元素共13个，当前第9个
2020-08-06 19:24:07,449 - basepage - INFO - Click back on current page.
2020-08-06 19:24:15,635 - 2 - INFO - 页面"变态手游公益服_bt手游变态服_无限元宝bt手游下载_BT手游中心-最笨下载"跳转正常,该类元素共13个，当前第10个
2020-08-06 19:24:16,105 - basepage - INFO - Click back on current page.
2020-08-06 19:24:24,229 - 2 - INFO - 页面"变态手游公益服_bt手游变态服_无限元宝bt手游下载_BT手游中心-最笨下载"跳转正常,该类元素共13个，当前第11个
2020-08-06 19:24:24,451 - basepage - INFO - Click back on current page.
2020-08-06 19:24:32,481 - 2 - ERROR - 页面"404-最笨下载"跳转异常,该类元素共13个，当前第12个
2020-08-06 19:24:33,249 - basepage - INFO - Click back on current page.
2020-08-06 19:24:41,832 - 2 - INFO - 页面"变态手游公益服_bt手游变态服_无限元宝bt手游下载_BT手游中心-最笨下载"跳转正常,该类元素共13个，当前第13个
2020-08-06 19:24:42,312 - basepage - INFO - Click back on current page.
2020-08-06 19:24:50,683 - 2 - INFO - 页面"校花的贴身高手：天阶岛_校花的贴身高手：天阶岛无限元宝服_SF变态版校花的贴身高手：天阶岛公益服下载 - 最笨下载"跳转正常,该类元素共18个，当前第1个
2020-08-06 19:24:56,935 - 2 - INFO - 页面"天宫传说_天宫传说无限元宝服_SF变态版天宫传说公益服下载 - 最笨下载"跳转正常,该类元素共18个，当前第2个
2020-08-06 19:25:03,059 - 2 - INFO - 页面"圣魂_圣魂无限元宝服_SF变态版圣魂公益服下载 - 最笨下载"跳转正常,该类元素共18个，当前第3个
2020-08-06 19:25:09,182 - 2 - INFO - 页面"大话女儿国（送千元充值）_大话女儿国（送千元充值）无限元宝服_SF变态版大话女儿国（送千元充值）公益服下载 - 最笨下载"跳转正常,该类元素共18个，当前第4个
2020-08-06 19:25:15,307 - 2 - INFO - 页面"魔狩战纪（送四大神器）_魔狩战纪（送四大神器）无限元宝服_SF变态版魔狩战纪（送四大神器）公益服下载 - 最笨下载"跳转正常,该类元素共18个，当前第5个
2020-08-06 19:25:21,427 - 2 - INFO - 页面"神座（送海量充值）_神座（送海量充值）无限元宝服_SF变态版神座（送海量充值）公益服下载 - 最笨下载"跳转正常,该类元素共18个，当前第6个
2020-08-06 19:25:27,562 - 2 - INFO - 页面"西游悟空传（送海量充值）_西游悟空传（送海量充值）无限元宝服_SF变态版西游悟空传（送海量充值）公益服下载 - 最笨下载"跳转正常,该类元素共18个，当前第7个
2020-08-06 19:25:33,699 - 2 - INFO - 页面"疾风魔女（送328充值）_疾风魔女（送328充值）无限元宝服_SF变态版疾风魔女（送328充值）公益服下载 - 最笨下载"跳转正常,该类元素共18个，当前第8个
2020-08-06 19:25:39,919 - 2 - INFO - 页面"仙元天下（永久寻宝）_仙元天下（永久寻宝）无限元宝服_SF变态版仙元天下（永久寻宝）公益服下载 - 最笨下载"跳转正常,该类元素共18个，当前第9个
2020-08-06 19:25:46,043 - 2 - INFO - 页面"剑与纷争_剑与纷争无限元宝服_SF变态版剑与纷争公益服下载 - 最笨下载"跳转正常,该类元素共18个，当前第10个
2020-08-06 19:25:52,165 - 2 - INFO - 页面"天使之吻_天使之吻无限元宝服_SF变态版天使之吻公益服下载 - 最笨下载"跳转正常,该类元素共18个，当前第11个
2020-08-06 19:25:58,315 - 2 - INFO - 页面"新大主宰（送神将百抽）_新大主宰（送神将百抽）无限元宝服_SF变态版新大主宰（送神将百抽）公益服下载 - 最笨下载"跳转正常,该类元素共18个，当前第12个
2020-08-06 19:26:04,449 - 2 - INFO - 页面"邪域战灵（送欧皇充值）_邪域战灵（送欧皇充值）无限元宝服_SF变态版邪域战灵（送欧皇充值）公益服下载 - 最笨下载"跳转正常,该类元素共18个，当前第13个
2020-08-06 19:26:10,588 - 2 - INFO - 页面"文明曙光_文明曙光无限元宝服_SF变态版文明曙光公益服下载 - 最笨下载"跳转正常,该类元素共18个，当前第14个
2020-08-06 19:26:16,732 - 2 - INFO - 页面"神龙猎手（内测）_神龙猎手（内测）无限元宝服_SF变态版神龙猎手（内测）公益服下载 - 最笨下载"跳转正常,该类元素共18个，当前第15个
2020-08-06 19:26:22,877 - 2 - INFO - 页面"神将降魔（送海量充值）_神将降魔（送海量充值）无限元宝服_SF变态版神将降魔（送海量充值）公益服下载 - 最笨下载"跳转正常,该类元素共18个，当前第16个
2020-08-06 19:26:29,028 - 2 - INFO - 页面"妖神记（抽动漫周边）_妖神记（抽动漫周边）无限元宝服_SF变态版妖神记（抽动漫周边）公益服下载 - 最笨下载"跳转正常,该类元素共18个，当前第17个
2020-08-06 19:26:35,192 - 2 - INFO - 页面"命运守护：战歌（送充值卡）_命运守护：战歌（送充值卡）无限元宝服_SF变态版命运守护：战歌（送充值卡）公益服下载 - 最笨下载"跳转正常,该类元素共18个，当前第18个
2020-08-06 19:26:43,056 - 2 - INFO - 页面"满vip版手游_手游sf送顶级vip_满级vip无限元宝手游下载-最笨下载"跳转正常,该类元素共13个，当前第1个
2020-08-06 19:26:43,280 - basepage - INFO - Click back on current page.
2020-08-06 19:26:51,719 - 2 - INFO - 页面"满vip版手游_手游sf送顶级vip_满级vip无限元宝手游下载-最笨下载"跳转正常,该类元素共13个，当前第2个
2020-08-06 19:26:52,282 - basepage - INFO - Click back on current page.
2020-08-06 19:27:00,463 - 2 - INFO - 页面"满vip版手游_手游sf送顶级vip_满级vip无限元宝手游下载-最笨下载"跳转正常,该类元素共13个，当前第3个
2020-08-06 19:27:01,122 - basepage - INFO - Click back on current page.
2020-08-06 19:27:09,794 - 2 - INFO - 页面"满vip版手游_手游sf送顶级vip_满级vip无限元宝手游下载-最笨下载"跳转正常,该类元素共13个，当前第4个
2020-08-06 19:27:10,056 - basepage - INFO - Click back on current page.
2020-08-06 19:27:18,499 - 2 - INFO - 页面"满vip版手游_手游sf送顶级vip_满级vip无限元宝手游下载-最笨下载"跳转正常,该类元素共13个，当前第5个
2020-08-06 19:27:19,143 - basepage - INFO - Click back on current page.
2020-08-06 19:27:27,050 - 2 - INFO - 页面"满vip版手游_手游sf送顶级vip_满级vip无限元宝手游下载-最笨下载"跳转正常,该类元素共13个，当前第6个
2020-08-06 19:27:27,484 - basepage - INFO - Click back on current page.
2020-08-06 19:27:35,756 - 2 - INFO - 页面"满vip版手游_手游sf送顶级vip_满级vip无限元宝手游下载-最笨下载"跳转正常,该类元素共13个，当前第7个
2020-08-06 19:27:36,055 - basepage - INFO - Click back on current page.
2020-08-06 19:27:44,315 - 2 - INFO - 页面"满vip版手游_手游sf送顶级vip_满级vip无限元宝手游下载-最笨下载"跳转正常,该类元素共13个，当前第8个
2020-08-06 19:27:44,803 - basepage - INFO - Click back on current page.
2020-08-06 19:27:53,131 - 2 - INFO - 页面"满vip版手游_手游sf送顶级vip_满级vip无限元宝手游下载-最笨下载"跳转正常,该类元素共13个，当前第9个
2020-08-06 19:27:53,679 - basepage - INFO - Click back on current page.
2020-08-06 19:28:02,053 - 2 - INFO - 页面"满vip版手游_手游sf送顶级vip_满级vip无限元宝手游下载-最笨下载"跳转正常,该类元素共13个，当前第10个
2020-08-06 19:28:02,535 - basepage - INFO - Click back on current page.
2020-08-06 19:28:10,677 - 2 - INFO - 页面"满vip版手游_手游sf送顶级vip_满级vip无限元宝手游下载-最笨下载"跳转正常,该类元素共13个，当前第11个
2020-08-06 19:28:11,176 - basepage - INFO - Click back on current page.
2020-08-06 19:28:18,097 - 2 - ERROR - 页面"404-最笨下载"跳转异常,该类元素共13个，当前第12个
2020-08-06 19:28:18,620 - basepage - INFO - Click back on current page.
2020-08-06 19:28:27,430 - 2 - INFO - 页面"满vip版手游_手游sf送顶级vip_满级vip无限元宝手游下载-最笨下载"跳转正常,该类元素共13个，当前第13个
2020-08-06 19:28:27,703 - basepage - INFO - Click back on current page.
2020-08-06 19:28:36,044 - 2 - INFO - 页面"苍穹灭（星耀特权）_苍穹灭（星耀特权）无限元宝服_SF变态版苍穹灭（星耀特权）公益服下载 - 最笨下载"跳转正常,该类元素共18个，当前第1个
2020-08-06 19:28:42,201 - 2 - INFO - 页面"传奇世界之仗剑天涯（至尊特权）_传奇世界之仗剑天涯（至尊特权）无限元宝服_SF变态版传奇世界之仗剑天涯（至尊特权）公益服下载 - 最笨下载"跳转正常,该类元素共18个，当前第2个
2020-08-06 19:28:48,350 - 2 - INFO - 页面"三国之旅（日送千充）_三国之旅（日送千充）无限元宝服_SF变态版三国之旅（日送千充）公益服下载 - 最笨下载"跳转正常,该类元素共18个，当前第3个
2020-08-06 19:28:54,491 - 2 - INFO - 页面"神魔传说（登录送神器）_神魔传说（登录送神器）无限元宝服_SF变态版神魔传说（登录送神器）公益服下载 - 最笨下载"跳转正常,该类元素共18个，当前第4个
2020-08-06 19:29:00,632 - 2 - INFO - 页面"魔剑侠缘（万元兑换）_魔剑侠缘（万元兑换）无限元宝服_SF变态版魔剑侠缘（万元兑换）公益服下载 - 最笨下载"跳转正常,该类元素共18个，当前第5个
2020-08-06 19:29:06,762 - 2 - INFO - 页面"疯神之战（送海量充值）_疯神之战（送海量充值）无限元宝服_SF变态版疯神之战（送海量充值）公益服下载 - 最笨下载"跳转正常,该类元素共18个，当前第6个
2020-08-06 19:29:12,886 - 2 - INFO - 页面"崩坏西游（送1688元充值）_崩坏西游（送1688元充值）无限元宝服_SF变态版崩坏西游（送1688元充值）公益服下载 - 最笨下载"跳转正常,该类元素共18个，当前第7个
2020-08-06 19:29:19,032 - 2 - INFO - 页面"破坏神（星耀特权）_破坏神（星耀特权）无限元宝服_SF变态版破坏神（星耀特权）公益服下载 - 最笨下载"跳转正常,该类元素共18个，当前第8个
2020-08-06 19:29:25,156 - 2 - INFO - 页面"影刃传说（天天送千充）_影刃传说（天天送千充）无限元宝服_SF变态版影刃传说（天天送千充）公益服下载 - 最笨下载"跳转正常,该类元素共18个，当前第9个
2020-08-06 19:29:31,324 - 2 - INFO - 页面"跑跑西游（送海量真充）_跑跑西游（送海量真充）无限元宝服_SF变态版跑跑西游（送海量真充）公益服下载 - 最笨下载"跳转正常,该类元素共18个，当前第10个
2020-08-06 19:29:37,455 - 2 - INFO - 页面"霸王传（送海量充值）_霸王传（送海量充值）无限元宝服_SF变态版霸王传（送海量充值）公益服下载 - 最笨下载"跳转正常,该类元素共18个，当前第11个
2020-08-06 19:29:43,610 - 2 - INFO - 页面"美人传（美人百抽）_美人传（美人百抽）无限元宝服_SF变态版美人传（美人百抽）公益服下载 - 最笨下载"跳转正常,该类元素共18个，当前第12个
2020-08-06 19:29:49,780 - 2 - INFO - 页面"侠客游（海量元宝）_侠客游（海量元宝）无限元宝服_SF变态版侠客游（海量元宝）公益服下载 - 最笨下载"跳转正常,该类元素共18个，当前第13个
2020-08-06 19:29:55,922 - 2 - INFO - 页面"混沌西游（星耀送充值）_混沌西游（星耀送充值）无限元宝服_SF变态版混沌西游（星耀送充值）公益服下载 - 最笨下载"跳转正常,该类元素共18个，当前第14个
2020-08-06 19:30:02,066 - 2 - INFO - 页面"裁决王座（定制商城）_裁决王座（定制商城）无限元宝服_SF变态版裁决王座（定制商城）公益服下载 - 最笨下载"跳转正常,该类元素共18个，当前第15个
2020-08-06 19:30:08,210 - 2 - INFO - 页面"真江湖HD（星耀特权）_真江湖HD（星耀特权）无限元宝服_SF变态版真江湖HD（星耀特权）公益服下载 - 最笨下载"跳转正常,该类元素共18个，当前第16个
2020-08-06 19:30:14,339 - 2 - INFO - 页面"刀塔守卫战_刀塔守卫战无限元宝服_SF变态版刀塔守卫战公益服下载 - 最笨下载"跳转正常,该类元素共18个，当前第17个
2020-08-06 19:30:20,488 - 2 - INFO - 页面"狂神无双（送千元充值）_狂神无双（送千元充值）无限元宝服_SF变态版狂神无双（送千元充值）公益服下载 - 最笨下载"跳转正常,该类元素共18个，当前第18个
2020-08-06 19:30:27,807 - 2 - INFO - 页面"gm版手游_无限元宝/钻石公益服_0元免费gm权限手游下载-最笨下载"跳转正常,该类元素共13个，当前第1个
2020-08-06 19:30:28,100 - basepage - INFO - Click back on current page.
2020-08-06 19:30:36,246 - 2 - INFO - 页面"gm版手游_无限元宝/钻石公益服_0元免费gm权限手游下载-最笨下载"跳转正常,该类元素共13个，当前第2个
2020-08-06 19:30:36,783 - basepage - INFO - Click back on current page.
2020-08-06 19:30:45,038 - 2 - INFO - 页面"gm版手游_无限元宝/钻石公益服_0元免费gm权限手游下载-最笨下载"跳转正常,该类元素共13个，当前第3个
2020-08-06 19:30:45,564 - basepage - INFO - Click back on current page.
2020-08-06 19:30:53,734 - 2 - INFO - 页面"gm版手游_无限元宝/钻石公益服_0元免费gm权限手游下载-最笨下载"跳转正常,该类元素共13个，当前第4个
2020-08-06 19:30:54,029 - basepage - INFO - Click back on current page.
2020-08-06 19:31:02,316 - 2 - INFO - 页面"gm版手游_无限元宝/钻石公益服_0元免费gm权限手游下载-最笨下载"跳转正常,该类元素共13个，当前第5个
2020-08-06 19:31:02,774 - basepage - INFO - Click back on current page.
2020-08-06 19:31:10,836 - 2 - INFO - 页面"gm版手游_无限元宝/钻石公益服_0元免费gm权限手游下载-最笨下载"跳转正常,该类元素共13个，当前第6个
2020-08-06 19:31:11,355 - basepage - INFO - Click back on current page.
2020-08-06 19:31:19,646 - 2 - INFO - 页面"gm版手游_无限元宝/钻石公益服_0元免费gm权限手游下载-最笨下载"跳转正常,该类元素共13个，当前第7个
2020-08-06 19:31:19,929 - basepage - INFO - Click back on current page.
2020-08-06 19:31:28,061 - 2 - INFO - 页面"gm版手游_无限元宝/钻石公益服_0元免费gm权限手游下载-最笨下载"跳转正常,该类元素共13个，当前第8个
2020-08-06 19:31:28,560 - basepage - INFO - Click back on current page.
2020-08-06 19:31:36,885 - 2 - INFO - 页面"gm版手游_无限元宝/钻石公益服_0元免费gm权限手游下载-最笨下载"跳转正常,该类元素共13个，当前第9个
2020-08-06 19:31:37,406 - basepage - INFO - Click back on current page.
