2020-08-28 18:20:07,868 - basepage - INFO - zuiben自动化测试开始
2020-08-28 18:20:07,869 - basepage - INFO - 隐性等待 10 秒
2020-08-28 18:20:14,364 - basepage - INFO - 跳转至https://www.zuiben.com/
2020-08-28 18:20:16,485 - basepage - INFO - 窗口已经最大化
2020-08-28 18:20:21,233 - 2 - INFO - 页面"【安卓游戏】好玩的安卓游戏下载_安卓游戏排行榜_安卓游戏免费下载大全-最笨下载"跳转正常,该类元素共21个，当前第1个
2020-08-28 18:20:21,489 - basepage - INFO - Click back on current page.
2020-08-28 18:20:25,810 - 2 - INFO - 页面"变态手游公益服_bt手游变态服_无限元宝bt手游下载_BT手游中心-最笨下载"跳转正常,该类元素共21个，当前第2个
2020-08-28 18:20:26,045 - basepage - INFO - Click back on current page.
2020-08-28 18:20:30,473 - 2 - INFO - 页面"gm版手游_无限元宝/钻石公益服_0元免费gm权限手游下载-最笨下载"跳转正常,该类元素共21个，当前第3个
2020-08-28 18:20:30,739 - basepage - INFO - Click back on current page.
2020-08-28 18:20:36,600 - 2 - INFO - 页面"【苹果游戏】iphone苹果手机游戏下载_iphone苹果游戏排行榜-最笨下载"跳转正常,该类元素共21个，当前第4个
2020-08-28 18:20:37,023 - basepage - INFO - Click back on current page.
2020-08-28 18:20:41,291 - 2 - INFO - 页面"满vip版手游_手游sf送顶级vip_满级vip无限元宝手游下载-最笨下载"跳转正常,该类元素共21个，当前第5个
2020-08-28 18:20:41,521 - basepage - INFO - Click back on current page.
2020-08-28 18:20:46,695 - 2 - INFO - 页面"【安卓软件】安卓软件下载_安卓手机软件下载_安卓软件免费下载大全-最笨下载"跳转正常,该类元素共21个，当前第6个
2020-08-28 18:20:46,916 - basepage - INFO - Click back on current page.
2020-08-28 18:20:52,731 - 2 - INFO - 页面"【苹果软件】iphone苹果下载软件_iphone苹果软件免费下载_苹果软件下载大全-最笨下载"跳转正常,该类元素共21个，当前第7个
2020-08-28 18:20:52,959 - basepage - INFO - Click back on current page.
2020-08-28 18:20:57,392 - 2 - INFO - 页面"【安卓资讯】安卓资讯推荐_安卓资讯大全-最笨下载"跳转正常,该类元素共21个，当前第8个
2020-08-28 18:20:57,610 - basepage - INFO - Click back on current page.
2020-08-28 18:21:01,904 - 2 - INFO - 页面"【安卓游戏攻略】安卓游戏攻略推荐_安卓游戏攻略大全-最笨下载"跳转正常,该类元素共21个，当前第9个
2020-08-28 18:21:02,283 - basepage - INFO - Click back on current page.
2020-08-28 18:21:07,248 - 2 - INFO - 页面"【安卓软件教程】安卓软件教程推荐_安卓软件教程大全-最笨下载"跳转正常,该类元素共21个，当前第10个
2020-08-28 18:21:07,477 - basepage - INFO - Click back on current page.
2020-08-28 18:21:12,519 - 2 - INFO - 页面"【iphone资讯】iphone资讯推荐_iphone资讯大全-最笨下载"跳转正常,该类元素共21个，当前第11个
2020-08-28 18:21:12,929 - basepage - INFO - Click back on current page.
2020-08-28 18:21:17,857 - 2 - INFO - 页面"【iPhone游戏攻略】iPhone游戏攻略推荐_iPhone游戏攻略大全-最笨下载"跳转正常,该类元素共21个，当前第12个
2020-08-28 18:21:18,103 - basepage - INFO - Click back on current page.
2020-08-28 18:21:23,247 - 2 - INFO - 页面"【系统重装教程】电脑重装系统教程_电脑怎么重装系统_重装系统步骤-最笨下载"跳转正常,该类元素共21个，当前第13个
2020-08-28 18:21:23,652 - basepage - INFO - Click back on current page.
2020-08-28 18:21:31,071 - 2 - INFO - 页面"安卓专题-最笨下载"跳转正常,该类元素共21个，当前第14个
2020-08-28 18:21:31,332 - basepage - INFO - Click back on current page.
2020-08-28 18:21:37,909 - 2 - INFO - 页面"游戏专题-最笨下载"跳转正常,该类元素共21个，当前第15个
2020-08-28 18:21:38,214 - basepage - INFO - Click back on current page.
2020-08-28 18:21:46,843 - 2 - INFO - 页面"苹果专题-最笨下载"跳转正常,该类元素共21个，当前第16个
2020-08-28 18:21:47,297 - basepage - INFO - Click back on current page.
2020-08-28 18:21:56,379 - 2 - INFO - 页面"【电脑软件】电脑软件下载_电脑装机必备软件_电脑常用软件下载_电脑软件大全-最笨下载"跳转正常,该类元素共21个，当前第17个
2020-08-28 18:21:56,823 - basepage - INFO - Click back on current page.
2020-08-28 18:22:02,698 - 2 - INFO - 页面"【电脑软件】电脑软件下载_电脑装机必备软件_电脑常用软件下载_电脑软件大全-最笨下载"跳转正常,该类元素共21个，当前第18个
2020-08-28 18:22:02,924 - basepage - INFO - Click back on current page.
2020-08-28 18:22:07,608 - 2 - INFO - 页面"【激活工具】激活windows工具_万能激活工具_windows激活工具下载_自动激活工具-最笨下载"跳转正常,该类元素共21个，当前第19个
2020-08-28 18:22:07,832 - basepage - INFO - Click back on current page.
2020-08-28 18:22:12,017 - 2 - INFO - 页面"【系统重装教程】电脑重装系统教程_电脑怎么重装系统_重装系统步骤-最笨下载"跳转正常,该类元素共21个，当前第20个
2020-08-28 18:22:12,242 - basepage - INFO - Click back on current page.
2020-08-28 18:22:16,430 - 2 - INFO - 页面"【系统重装教程】电脑重装系统教程_电脑怎么重装系统_重装系统步骤-最笨下载"跳转正常,该类元素共21个，当前第21个
2020-08-28 18:22:16,807 - basepage - INFO - Click back on current page.
2020-08-28 18:22:24,715 - 2 - INFO - 页面"家庭教师OL手游"跳转正常,该类元素共10个，当前第1个
2020-08-28 18:22:30,906 - 2 - INFO - 页面"魔女骑士团手游"跳转正常,该类元素共10个，当前第2个
2020-08-28 18:22:37,084 - 2 - INFO - 页面"决胜足球手游"跳转正常,该类元素共10个，当前第3个
2020-08-28 18:22:43,240 - 2 - INFO - 页面"少女战争手游"跳转正常,该类元素共10个，当前第4个
2020-08-28 18:22:49,412 - 2 - INFO - 页面"天神战（魔灵特权）"跳转正常,该类元素共10个，当前第5个
2020-08-28 18:22:55,571 - 2 - INFO - 页面"最Q幻想手游"跳转正常,该类元素共10个，当前第6个
2020-08-28 18:23:01,732 - 2 - INFO - 页面"回到三国志手游"跳转正常,该类元素共10个，当前第7个
2020-08-28 18:23:07,905 - 2 - INFO - 页面"幻游猎人手游"跳转正常,该类元素共10个，当前第8个
2020-08-28 18:23:14,055 - 2 - INFO - 页面"王者荣耀"跳转正常,该类元素共10个，当前第9个
2020-08-28 18:23:20,202 - 2 - INFO - 页面"公主连结手游"跳转正常,该类元素共10个，当前第10个
2020-08-28 18:23:26,373 - 2 - INFO - 页面"仙风道骨（送GM海量充）"跳转正常,该类元素共20个，当前第1个
2020-08-28 18:23:32,555 - 2 - INFO - 页面"少年群侠传（送千元充值）"跳转正常,该类元素共20个，当前第2个
2020-08-28 18:23:38,723 - 2 - INFO - 页面"女神联盟2（送500充值）"跳转正常,该类元素共20个，当前第3个
2020-08-28 18:23:44,888 - 2 - INFO - 页面"魔侠传（开服送2000充）"跳转正常,该类元素共20个，当前第4个
2020-08-28 18:23:51,059 - 2 - INFO - 页面"不思议地下城（百抽特权）"跳转正常,该类元素共20个，当前第5个
2020-08-28 18:23:57,225 - 2 - INFO - 页面"仙灵世界（送海量连抽）"跳转正常,该类元素共20个，当前第6个
2020-08-28 18:24:03,366 - 2 - INFO - 页面"机甲战纪（送GM特权）"跳转正常,该类元素共20个，当前第7个
2020-08-28 18:24:09,514 - 2 - INFO - 页面"梦幻江湖（送千万元宝）"跳转正常,该类元素共20个，当前第8个
2020-08-28 18:24:15,670 - 2 - INFO - 页面"剑侠风云（送海量充值）"跳转正常,该类元素共20个，当前第9个
2020-08-28 18:24:21,865 - 2 - INFO - 页面"魔剑侠缘（万元兑换）"跳转正常,该类元素共20个，当前第10个
2020-08-28 18:24:28,048 - 2 - INFO - 页面"魔龙诀（全屏爆宝）"跳转正常,该类元素共20个，当前第11个
2020-08-28 18:24:34,240 - 2 - INFO - 页面"征程三国（送充值）"跳转正常,该类元素共20个，当前第12个
2020-08-28 18:24:40,398 - 2 - INFO - 页面"风之旅团（每日送充值）"跳转正常,该类元素共20个，当前第13个
2020-08-28 18:24:46,563 - 2 - INFO - 页面"冒险之旅（百抽特权）"跳转正常,该类元素共20个，当前第14个
2020-08-28 18:24:52,727 - 2 - INFO - 页面"天天怼三国（送千元充值）"跳转正常,该类元素共20个，当前第15个
2020-08-28 18:24:58,892 - 2 - INFO - 页面"无敌战舰（送百元充值）"跳转正常,该类元素共20个，当前第16个
2020-08-28 18:25:05,058 - 2 - INFO - 页面"妖神记（抽动漫周边）"跳转正常,该类元素共20个，当前第17个
2020-08-28 18:25:11,223 - 2 - INFO - 页面"异能勇者"跳转正常,该类元素共20个，当前第18个
2020-08-28 18:25:17,376 - 2 - INFO - 页面"崩坏西游（送1688元充值）"跳转正常,该类元素共20个，当前第19个
2020-08-28 18:25:23,531 - 2 - INFO - 页面"纵剑仙界（送VIP代金券）"跳转正常,该类元素共20个，当前第20个
2020-08-28 18:25:31,483 - 2 - INFO - 页面"仙风道骨（送GM海量充）"跳转正常,该类元素共10个，当前第1个
2020-08-28 18:25:37,666 - 2 - INFO - 页面"少年群侠传（送千元充值）"跳转正常,该类元素共10个，当前第2个
2020-08-28 18:25:43,839 - 2 - INFO - 页面"女神联盟2（送500充值）"跳转正常,该类元素共10个，当前第3个
2020-08-28 18:25:49,990 - 2 - INFO - 页面"魔侠传（开服送2000充）"跳转正常,该类元素共10个，当前第4个
2020-08-28 18:25:56,135 - 2 - INFO - 页面"不思议地下城（百抽特权）"跳转正常,该类元素共10个，当前第5个
2020-08-28 18:26:02,276 - 2 - INFO - 页面"仙灵世界（送海量连抽）"跳转正常,该类元素共10个，当前第6个
2020-08-28 18:26:08,422 - 2 - INFO - 页面"机甲战纪（送GM特权）"跳转正常,该类元素共10个，当前第7个
2020-08-28 18:26:14,592 - 2 - INFO - 页面"梦幻江湖（送千万元宝）"跳转正常,该类元素共10个，当前第8个
2020-08-28 18:26:20,776 - 2 - INFO - 页面"剑侠风云（送海量充值）"跳转正常,该类元素共10个，当前第9个
2020-08-28 18:26:26,934 - 2 - INFO - 页面"魔剑侠缘（万元兑换）"跳转正常,该类元素共10个，当前第10个
2020-08-28 18:26:33,118 - 2 - INFO - 页面"武器之王（满屏爆装）"跳转正常,该类元素共20个，当前第1个
2020-08-28 18:26:39,293 - 2 - INFO - 页面"仙风道骨（送GM海量充）"跳转正常,该类元素共20个，当前第2个
2020-08-28 18:26:45,437 - 2 - INFO - 页面"少年群侠传（送千元充值）"跳转正常,该类元素共20个，当前第3个
2020-08-28 18:26:51,601 - 2 - INFO - 页面"女神联盟2（送500充值）"跳转正常,该类元素共20个，当前第4个
2020-08-28 18:26:57,760 - 2 - INFO - 页面"星辰变（送百元永抽）"跳转正常,该类元素共20个，当前第5个
2020-08-28 18:27:03,913 - 2 - INFO - 页面"魔侠传（开服送2000充）"跳转正常,该类元素共20个，当前第6个
2020-08-28 18:27:10,065 - 2 - INFO - 页面"不思议地下城（百抽特权）"跳转正常,该类元素共20个，当前第7个
2020-08-28 18:27:16,232 - 2 - INFO - 页面"仙灵世界（送海量连抽）"跳转正常,该类元素共20个，当前第8个
2020-08-28 18:27:22,411 - 2 - INFO - 页面"神龙猎手（开局送万抽）"跳转正常,该类元素共20个，当前第9个
2020-08-28 18:27:28,569 - 2 - INFO - 页面"机甲战纪（送GM特权）"跳转正常,该类元素共20个，当前第10个
2020-08-28 18:27:34,723 - 2 - INFO - 页面"梦幻江湖（送千万元宝）"跳转正常,该类元素共20个，当前第11个
2020-08-28 18:27:45,185 - 2 - INFO - 页面"九曲封神（送海量充值）"跳转正常,该类元素共20个，当前第12个
2020-08-28 18:27:51,355 - 2 - INFO - 页面"剑侠风云（送海量充值）"跳转正常,该类元素共20个，当前第13个
2020-08-28 18:27:57,484 - 2 - INFO - 页面"魔剑侠缘（万元兑换）"跳转正常,该类元素共20个，当前第14个
2020-08-28 18:28:03,636 - 2 - INFO - 页面"怒火一刀（天天送充值）"跳转正常,该类元素共20个，当前第15个
2020-08-28 18:28:09,778 - 2 - INFO - 页面"魔龙诀（全屏爆宝）"跳转正常,该类元素共20个，当前第16个
2020-08-28 18:28:15,932 - 2 - INFO - 页面"征程三国（送充值）"跳转正常,该类元素共20个，当前第17个
2020-08-28 18:28:22,105 - 2 - INFO - 页面"凡人飞仙传（六界纷争）"跳转正常,该类元素共20个，当前第18个
2020-08-28 18:28:28,234 - 2 - INFO - 页面"风之旅团（每日送充值）"跳转正常,该类元素共20个，当前第19个
2020-08-28 18:28:34,393 - 2 - INFO - 页面"齐天记（海量资源特权）"跳转正常,该类元素共20个，当前第20个
2020-08-28 18:28:42,365 - 2 - INFO - 页面"少年群侠传（送千元充值）"跳转正常,该类元素共10个，当前第1个
2020-08-28 18:28:48,551 - 2 - INFO - 页面"女神联盟2（送500充值）"跳转正常,该类元素共10个，当前第2个
2020-08-28 18:28:54,710 - 2 - INFO - 页面"魔侠传（开服送2000充）"跳转正常,该类元素共10个，当前第3个
2020-08-28 18:29:00,881 - 2 - INFO - 页面"不思议地下城（百抽特权）"跳转正常,该类元素共10个，当前第4个
2020-08-28 18:29:07,034 - 2 - INFO - 页面"仙灵世界（送海量连抽）"跳转正常,该类元素共10个，当前第5个
2020-08-28 18:29:13,203 - 2 - INFO - 页面"机甲战纪（送GM特权）"跳转正常,该类元素共10个，当前第6个
2020-08-28 18:29:19,365 - 2 - INFO - 页面"梦幻江湖（送千万元宝）"跳转正常,该类元素共10个，当前第7个
2020-08-28 18:29:25,549 - 2 - INFO - 页面"剑侠风云（送海量充值）"跳转正常,该类元素共10个，当前第8个
2020-08-28 18:29:31,713 - 2 - INFO - 页面"魔剑侠缘（万元兑换）"跳转正常,该类元素共10个，当前第9个
2020-08-28 18:29:37,860 - 2 - INFO - 页面"魔龙诀（全屏爆宝）"跳转正常,该类元素共10个，当前第10个
2020-08-28 18:29:44,046 - 2 - INFO - 页面"武器之王（满屏爆装）"跳转正常,该类元素共20个，当前第1个
2020-08-28 18:29:50,226 - 2 - INFO - 页面"仙风道骨（送GM海量充）"跳转正常,该类元素共20个，当前第2个
2020-08-28 18:29:56,394 - 2 - INFO - 页面"少年群侠传（送千元充值）"跳转正常,该类元素共20个，当前第3个
2020-08-28 18:30:02,587 - 2 - INFO - 页面"女神联盟2（送500充值）"跳转正常,该类元素共20个，当前第4个
2020-08-28 18:30:08,744 - 2 - INFO - 页面"星辰变（送百元永抽）"跳转正常,该类元素共20个，当前第5个
2020-08-28 18:30:14,890 - 2 - INFO - 页面"魔侠传（开服送2000充）"跳转正常,该类元素共20个，当前第6个
2020-08-28 18:30:21,053 - 2 - INFO - 页面"不思议地下城（百抽特权）"跳转正常,该类元素共20个，当前第7个
2020-08-28 18:30:27,212 - 2 - INFO - 页面"仙灵世界（送海量连抽）"跳转正常,该类元素共20个，当前第8个
2020-08-28 18:30:33,364 - 2 - INFO - 页面"神龙猎手（开局送万抽）"跳转正常,该类元素共20个，当前第9个
2020-08-28 18:30:39,524 - 2 - INFO - 页面"机甲战纪（送GM特权）"跳转正常,该类元素共20个，当前第10个
2020-08-28 18:30:45,673 - 2 - INFO - 页面"梦幻江湖（送千万元宝）"跳转正常,该类元素共20个，当前第11个
2020-08-28 18:30:51,865 - 2 - INFO - 页面"九曲封神（送海量充值）"跳转正常,该类元素共20个，当前第12个
2020-08-28 18:30:57,995 - 2 - INFO - 页面"剑侠风云（送海量充值）"跳转正常,该类元素共20个，当前第13个
2020-08-28 18:31:04,124 - 2 - INFO - 页面"魔剑侠缘（万元兑换）"跳转正常,该类元素共20个，当前第14个
2020-08-28 18:31:10,315 - 2 - INFO - 页面"怒火一刀（天天送充值）"跳转正常,该类元素共20个，当前第15个
2020-08-28 18:31:16,479 - 2 - INFO - 页面"魔龙诀（全屏爆宝）"跳转正常,该类元素共20个，当前第16个
2020-08-28 18:31:22,626 - 2 - INFO - 页面"征程三国（送充值）"跳转正常,该类元素共20个，当前第17个
2020-08-28 18:31:28,785 - 2 - INFO - 页面"凡人飞仙传（六界纷争）"跳转正常,该类元素共20个，当前第18个
2020-08-28 18:31:34,921 - 2 - INFO - 页面"风之旅团（每日送充值）"跳转正常,该类元素共20个，当前第19个
2020-08-28 18:31:41,088 - 2 - INFO - 页面"齐天记（海量资源特权）"跳转正常,该类元素共20个，当前第20个
2020-08-28 18:31:48,804 - 2 - INFO - 页面"《星辰变（送百元永抽）》上线送百元充值卡*"跳转正常,该类元素共1个，当前第1个
2020-08-28 18:31:49,080 - basepage - INFO - Click back on current page.
2020-08-28 18:31:54,912 - 2 - INFO - 页面"《武器之王（满屏爆装）》上线送VIP10，50万福利"跳转正常,该类元素共1个，当前第1个
2020-08-28 18:31:55,150 - basepage - INFO - Click back on current page.
2020-08-28 18:32:00,803 - 2 - INFO - 页面"《怒火一刀（天天送充值）》创角送满Vip，6888"跳转正常,该类元素共1个，当前第1个
2020-08-28 18:32:01,274 - basepage - INFO - Click back on current page.
2020-08-28 18:32:07,494 - 2 - ERROR - 页面"《凡人飞仙传（六界纷争）》上线赠送VIP8、元宝"跳转异常,该类元素共1个，当前第1个
2020-08-28 18:32:07,976 - basepage - INFO - Click back on current page.
2020-08-28 18:32:14,432 - 2 - ERROR - 页面"《九曲封神（送海量充值）》上线就送VIP8，388"跳转异常,该类元素共1个，当前第1个
2020-08-28 18:32:15,148 - basepage - INFO - Click back on current page.
2020-08-28 18:32:21,653 - 2 - INFO - 页面"【最笨周末活动】8.7 周末活动海量惊喜等你来拿"跳转正常,该类元素共1个，当前第1个
2020-08-28 18:32:21,875 - basepage - INFO - Click back on current page.
2020-08-28 18:32:27,144 - 2 - INFO - 页面"操戈天下（送海量元宝）"跳转正常,该类元素共12个，当前第1个
2020-08-28 18:32:27,399 - basepage - INFO - Click back on current page.
2020-08-28 18:32:32,775 - 2 - INFO - 页面"惊天战神（送千元充值）"跳转正常,该类元素共12个，当前第2个
2020-08-28 18:32:33,204 - basepage - INFO - Click back on current page.
2020-08-28 18:32:38,501 - 2 - INFO - 页面"迷城起源（送极品红宠）"跳转正常,该类元素共12个，当前第3个
2020-08-28 18:32:38,761 - basepage - INFO - Click back on current page.
2020-08-28 18:32:43,813 - 2 - INFO - 页面"幻剑情缘（送千元充值）"跳转正常,该类元素共12个，当前第4个
2020-08-28 18:32:44,289 - basepage - INFO - Click back on current page.
2020-08-28 18:32:49,374 - 2 - INFO - 页面"影歌（海量打金特权）"跳转正常,该类元素共12个，当前第5个
2020-08-28 18:32:49,645 - basepage - INFO - Click back on current page.
2020-08-28 18:32:54,795 - 2 - INFO - 页面"斗转武林（爆海量充值卡）"跳转正常,该类元素共12个，当前第6个
2020-08-28 18:32:55,254 - basepage - INFO - Click back on current page.
2020-08-28 18:33:00,533 - 2 - INFO - 页面"小黑的宝藏（送海量充值）"跳转正常,该类元素共12个，当前第7个
2020-08-28 18:33:00,744 - basepage - INFO - Click back on current page.
2020-08-28 18:33:05,123 - 2 - INFO - 页面"小小三国志（送充值卡）"跳转正常,该类元素共12个，当前第8个
2020-08-28 18:33:05,347 - basepage - INFO - Click back on current page.
2020-08-28 18:33:10,192 - 2 - INFO - 页面"闪将三国（送千元充值）"跳转正常,该类元素共12个，当前第9个
2020-08-28 18:33:10,461 - basepage - INFO - Click back on current page.
2020-08-28 18:33:15,133 - 2 - INFO - 页面"天使圣域（欧皇海量抽）"跳转正常,该类元素共12个，当前第10个
2020-08-28 18:33:15,392 - basepage - INFO - Click back on current page.
2020-08-28 18:33:20,621 - 2 - INFO - 页面"斗罗大陆神界传说Ⅱ（天天送充值）"跳转正常,该类元素共12个，当前第11个
2020-08-28 18:33:20,849 - basepage - INFO - Click back on current page.
2020-08-28 18:33:25,308 - 2 - INFO - 页面"龙之霸业（送千元充值）"跳转正常,该类元素共12个，当前第12个
2020-08-28 18:33:25,643 - basepage - INFO - Click back on current page.
2020-08-28 18:33:31,350 - 2 - INFO - 页面"魔兽世界怀旧服2020年6月7日人口普查一览"跳转正常,该类元素共2个，当前第1个
2020-08-28 18:33:31,579 - basepage - INFO - Click back on current page.
2020-08-28 18:33:38,926 - 2 - INFO - 页面"DNF萌噬噬宠物属性怎么样？萌噬噬属性介绍"跳转正常,该类元素共2个，当前第2个
2020-08-28 18:33:39,394 - basepage - INFO - Click back on current page.
2020-08-28 18:33:46,225 - 2 - INFO - 页面"枪火重生怎么操作-基础操作攻略-最笨下载"跳转正常,该类元素共14个，当前第1个
2020-08-28 18:33:46,437 - basepage - INFO - Click back on current page.
2020-08-28 18:33:53,562 - 2 - INFO - 页面"原神白铁大剑怎么样-白铁大剑属性详解-最笨下载"跳转正常,该类元素共14个，当前第2个
2020-08-28 18:33:53,796 - basepage - INFO - Click back on current page.
2020-08-28 18:34:00,826 - 2 - INFO - 页面"阴阳师百闻牌海茨灯鸦卡组怎么搭配-海茨灯鸦卡组搭配推荐-最笨下载"跳转正常,该类元素共14个，当前第3个
2020-08-28 18:34:01,281 - basepage - INFO - Click back on current page.
2020-08-28 18:34:08,947 - 2 - INFO - 页面"烟雨江湖长生诀支线任务怎么做-长生诀支线任务攻略-最笨下载"跳转正常,该类元素共14个，当前第4个
2020-08-28 18:34:09,431 - basepage - INFO - Click back on current page.
2020-08-28 18:34:16,563 - 2 - INFO - 页面"战魂铭人弓箭手怎么打-弓箭手打法技巧-最笨下载"跳转正常,该类元素共14个，当前第5个
2020-08-28 18:34:16,803 - basepage - INFO - Click back on current page.
2020-08-28 18:34:23,588 - 2 - INFO - 页面"秦时明月世界如何选择门派-选择门派推荐-最笨下载"跳转正常,该类元素共14个，当前第6个
2020-08-28 18:34:24,000 - basepage - INFO - Click back on current page.
2020-08-28 18:34:31,404 - 2 - INFO - 页面"战魂铭人天守阁怎么玩-天守阁通关攻略-最笨下载"跳转正常,该类元素共14个，当前第7个
2020-08-28 18:34:31,641 - basepage - INFO - Click back on current page.
2020-08-28 18:34:39,142 - 2 - INFO - 页面"元素方尖狼獾之心怎么获得-狼獾之心获取攻略-最笨下载"跳转正常,该类元素共14个，当前第8个
2020-08-28 18:34:39,383 - basepage - INFO - Click back on current page.
2020-08-28 18:34:46,385 - 2 - INFO - 页面"新笑傲江湖装备鉴定功能是什么-装备鉴定功能攻略-最笨下载"跳转正常,该类元素共14个，当前第9个
2020-08-28 18:34:46,799 - basepage - INFO - Click back on current page.
2020-08-28 18:34:54,192 - 2 - INFO - 页面"泰拉瑞亚静止钩有什么用-静止钩作用-最笨下载"跳转正常,该类元素共14个，当前第10个
2020-08-28 18:34:54,433 - basepage - INFO - Click back on current page.
2020-08-28 18:35:01,727 - 2 - INFO - 页面"黑潮之上角色自选盒选什么好-角色自选盒选择攻略-最笨下载"跳转正常,该类元素共14个，当前第11个
2020-08-28 18:35:01,974 - basepage - INFO - Click back on current page.
2020-08-28 18:35:09,527 - 2 - INFO - 页面"新笑傲江湖手游8月新增脚印怎么样-8月新增脚印攻略-最笨下载"跳转正常,该类元素共14个，当前第12个
2020-08-28 18:35:09,935 - basepage - INFO - Click back on current page.
2020-08-28 18:35:17,274 - 2 - INFO - 页面"公主连接巨蟹座五王狂暴弟弟刀怎么打-巨蟹座五王狂暴弟弟刀熊锤阵容推荐-最笨下载"跳转正常,该类元素共14个，当前第13个
2020-08-28 18:35:17,538 - basepage - INFO - Click back on current page.
2020-08-28 18:35:24,713 - 2 - ERROR - 页面"脑洞先生第407关怎么玩-第407关答案解析-最笨下载"跳转异常,该类元素共14个，当前第14个
2020-08-28 18:35:25,177 - basepage - INFO - Click back on current page.
2020-08-28 18:35:33,971 - 2 - INFO - 页面"原神冒险家尾羽怎么样-冒险家尾羽装备属性详解"跳转正常,该类元素共2个，当前第1个
2020-08-28 18:35:34,208 - basepage - INFO - Click back on current page.
2020-08-28 18:35:41,351 - 2 - INFO - 页面"江南百景图色系布局怎么玩-色系布局玩法攻"跳转正常,该类元素共2个，当前第2个
2020-08-28 18:35:41,560 - basepage - INFO - Click back on current page.
2020-08-28 18:35:48,262 - 2 - INFO - 页面"变态手游公益服_bt手游变态服_无限元宝bt手游下载_BT手游中心-最笨下载"跳转正常,该类元素共28个，当前第1个
2020-08-28 18:35:48,512 - basepage - INFO - Click back on current page.
2020-08-28 18:35:55,107 - 2 - INFO - 页面"武器之王（满屏爆装）_武器之王（满屏爆装）无限元宝服_SF变态版武器之王（满屏爆装）公益服下载 - 最笨下载"跳转正常,该类元素共28个，当前第2个
2020-08-28 18:35:55,583 - basepage - INFO - Click back on current page.
2020-08-28 18:36:02,288 - 2 - INFO - 页面"满vip版手游_手游sf送顶级vip_满级vip无限元宝手游下载-最笨下载"跳转正常,该类元素共28个，当前第3个
2020-08-28 18:36:02,570 - basepage - INFO - Click back on current page.
2020-08-28 18:36:09,214 - 2 - INFO - 页面"仙风道骨（送GM海量充）_仙风道骨（送GM海量充）无限元宝服_SF变态版仙风道骨（送GM海量充）公益服下载 - 最笨下载"跳转正常,该类元素共28个，当前第4个
2020-08-28 18:36:09,794 - basepage - INFO - Click back on current page.
2020-08-28 18:36:16,249 - 2 - INFO - 页面"变态手游公益服_bt手游变态服_无限元宝bt手游下载_BT手游中心-最笨下载"跳转正常,该类元素共28个，当前第5个
2020-08-28 18:36:16,490 - basepage - INFO - Click back on current page.
2020-08-28 18:36:23,087 - 2 - INFO - 页面"少年群侠传（送千元充值）_少年群侠传（送千元充值）无限元宝服_SF变态版少年群侠传（送千元充值）公益服下载 - 最笨下载"跳转正常,该类元素共28个，当前第6个
2020-08-28 18:36:23,552 - basepage - INFO - Click back on current page.
2020-08-28 18:36:30,034 - 2 - INFO - 页面"满vip版手游_手游sf送顶级vip_满级vip无限元宝手游下载-最笨下载"跳转正常,该类元素共28个，当前第7个
2020-08-28 18:36:30,244 - basepage - INFO - Click back on current page.
2020-08-28 18:36:36,903 - 2 - INFO - 页面"女神联盟2（送500充值）_女神联盟2（送500充值）无限元宝服_SF变态版女神联盟2（送500充值）公益服下载 - 最笨下载"跳转正常,该类元素共28个，当前第8个
2020-08-28 18:36:37,117 - basepage - INFO - Click back on current page.
2020-08-28 18:36:43,598 - 2 - INFO - 页面"变态手游公益服_bt手游变态服_无限元宝bt手游下载_BT手游中心-最笨下载"跳转正常,该类元素共28个，当前第9个
2020-08-28 18:36:43,867 - basepage - INFO - Click back on current page.
2020-08-28 18:36:50,457 - 2 - INFO - 页面"星辰变（送百元永抽）_星辰变（送百元永抽）无限元宝服_SF变态版星辰变（送百元永抽）公益服下载 - 最笨下载"跳转正常,该类元素共28个，当前第10个
2020-08-28 18:36:50,949 - basepage - INFO - Click back on current page.
2020-08-28 18:36:57,400 - 2 - INFO - 页面"满vip版手游_手游sf送顶级vip_满级vip无限元宝手游下载-最笨下载"跳转正常,该类元素共28个，当前第11个
2020-08-28 18:36:57,623 - basepage - INFO - Click back on current page.
2020-08-28 18:37:04,321 - 2 - INFO - 页面"魔侠传（开服送2000充）_魔侠传（开服送2000充）无限元宝服_SF变态版魔侠传（开服送2000充）公益服下载 - 最笨下载"跳转正常,该类元素共28个，当前第12个
2020-08-28 18:37:04,545 - basepage - INFO - Click back on current page.
2020-08-28 18:37:11,034 - 2 - INFO - 页面"变态手游公益服_bt手游变态服_无限元宝bt手游下载_BT手游中心-最笨下载"跳转正常,该类元素共28个，当前第13个
2020-08-28 18:37:11,452 - basepage - INFO - Click back on current page.
2020-08-28 18:37:18,197 - 2 - INFO - 页面"不思议地下城（百抽特权）_不思议地下城（百抽特权）无限元宝服_SF变态版不思议地下城（百抽特权）公益服下载 - 最笨下载"跳转正常,该类元素共28个，当前第14个
2020-08-28 18:37:18,409 - basepage - INFO - Click back on current page.
2020-08-28 18:37:24,888 - 2 - INFO - 页面"满vip版手游_手游sf送顶级vip_满级vip无限元宝手游下载-最笨下载"跳转正常,该类元素共28个，当前第15个
2020-08-28 18:37:25,310 - basepage - INFO - Click back on current page.
2020-08-28 18:37:32,090 - 2 - INFO - 页面"仙灵世界（送海量连抽）_仙灵世界（送海量连抽）无限元宝服_SF变态版仙灵世界（送海量连抽）公益服下载 - 最笨下载"跳转正常,该类元素共28个，当前第16个
2020-08-28 18:37:32,368 - basepage - INFO - Click back on current page.
2020-08-28 18:37:38,843 - 2 - INFO - 页面"变态手游公益服_bt手游变态服_无限元宝bt手游下载_BT手游中心-最笨下载"跳转正常,该类元素共28个，当前第17个
2020-08-28 18:37:39,233 - basepage - INFO - Click back on current page.
2020-08-28 18:37:45,845 - 2 - INFO - 页面"神龙猎手（开局送万抽）_神龙猎手（开局送万抽）无限元宝服_SF变态版神龙猎手（开局送万抽）公益服下载 - 最笨下载"跳转正常,该类元素共28个，当前第18个
2020-08-28 18:37:46,116 - basepage - INFO - Click back on current page.
2020-08-28 18:37:52,630 - 2 - INFO - 页面"满vip版手游_手游sf送顶级vip_满级vip无限元宝手游下载-最笨下载"跳转正常,该类元素共28个，当前第19个
2020-08-28 18:37:53,060 - basepage - INFO - Click back on current page.
2020-08-28 18:37:59,747 - 2 - INFO - 页面"机甲战纪（送GM特权）_机甲战纪（送GM特权）无限元宝服_SF变态版机甲战纪（送GM特权）公益服下载 - 最笨下载"跳转正常,该类元素共28个，当前第20个
2020-08-28 18:37:59,955 - basepage - INFO - Click back on current page.
2020-08-28 18:38:06,405 - 2 - INFO - 页面"变态手游公益服_bt手游变态服_无限元宝bt手游下载_BT手游中心-最笨下载"跳转正常,该类元素共28个，当前第21个
2020-08-28 18:38:06,909 - basepage - INFO - Click back on current page.
2020-08-28 18:38:13,612 - 2 - INFO - 页面"梦幻江湖（送千万元宝）_梦幻江湖（送千万元宝）无限元宝服_SF变态版梦幻江湖（送千万元宝）公益服下载 - 最笨下载"跳转正常,该类元素共28个，当前第22个
2020-08-28 18:38:13,849 - basepage - INFO - Click back on current page.
2020-08-28 18:38:20,319 - 2 - INFO - 页面"变态手游公益服_bt手游变态服_无限元宝bt手游下载_BT手游中心-最笨下载"跳转正常,该类元素共28个，当前第23个
2020-08-28 18:38:20,746 - basepage - INFO - Click back on current page.
2020-08-28 18:38:27,418 - 2 - INFO - 页面"九曲封神（送海量充值）_九曲封神（送海量充值）无限元宝服_SF变态版九曲封神（送海量充值）公益服下载 - 最笨下载"跳转正常,该类元素共28个，当前第24个
2020-08-28 18:38:27,626 - basepage - INFO - Click back on current page.
2020-08-28 18:38:34,137 - 2 - INFO - 页面"变态手游公益服_bt手游变态服_无限元宝bt手游下载_BT手游中心-最笨下载"跳转正常,该类元素共28个，当前第25个
2020-08-28 18:38:34,566 - basepage - INFO - Click back on current page.
2020-08-28 18:38:41,279 - 2 - INFO - 页面"剑侠风云（送海量充值）_剑侠风云（送海量充值）无限元宝服_SF变态版剑侠风云（送海量充值）公益服下载 - 最笨下载"跳转正常,该类元素共28个，当前第26个
2020-08-28 18:38:41,546 - basepage - INFO - Click back on current page.
2020-08-28 18:38:48,074 - 2 - INFO - 页面"满vip版手游_手游sf送顶级vip_满级vip无限元宝手游下载-最笨下载"跳转正常,该类元素共28个，当前第27个
2020-08-28 18:38:48,505 - basepage - INFO - Click back on current page.
2020-08-28 18:38:55,151 - 2 - INFO - 页面"魔剑侠缘（万元兑换）_魔剑侠缘（万元兑换）无限元宝服_SF变态版魔剑侠缘（万元兑换）公益服下载 - 最笨下载"跳转正常,该类元素共28个，当前第28个
2020-08-28 18:38:55,373 - basepage - INFO - Click back on current page.
2020-08-28 18:39:04,097 - 2 - INFO - 页面"跟男生聊天有哪些软件-跟男生聊天的软件下载推"跳转正常,该类元素共2个，当前第1个
2020-08-28 18:39:04,544 - basepage - INFO - Click back on current page.
2020-08-28 18:39:11,394 - 2 - INFO - 页面"无广告看书全免费软件哪个好"跳转正常,该类元素共2个，当前第2个
2020-08-28 18:39:11,603 - basepage - INFO - Click back on current page.
2020-08-28 18:39:18,417 - 2 - INFO - 页面"【安卓娱乐软件】安卓娱乐软件下载_安卓娱乐软件推荐_安卓娱乐软件大全-最笨下载"跳转正常,该类元素共28个，当前第1个
2020-08-28 18:39:18,678 - basepage - INFO - Click back on current page.
2020-08-28 18:39:25,596 - 2 - INFO - 页面"最笨游戏盒子_最笨游戏盒子下载_最笨游戏盒子官方下载-最笨下载"跳转正常,该类元素共28个，当前第2个
2020-08-28 18:39:26,045 - basepage - INFO - Click back on current page.
2020-08-28 18:39:32,813 - 2 - INFO - 页面"【安卓聊天软件】安卓聊天软件下载_安卓聊天软件排行_安卓聊天软件大全-最笨下载"跳转正常,该类元素共28个，当前第3个
2020-08-28 18:39:33,033 - basepage - INFO - Click back on current page.
2020-08-28 18:39:40,336 - 2 - INFO - 页面"回复神器_回复神器下载_回复神器官方下载-最笨下载"跳转正常,该类元素共28个，当前第4个
2020-08-28 18:39:40,597 - basepage - INFO - Click back on current page.
2020-08-28 18:39:47,986 - 2 - INFO - 页面"【安卓应用软件】安卓应用软件排行_好玩的安卓应用软件_好用的安卓应用软件-最笨下载"跳转正常,该类元素共28个，当前第5个
2020-08-28 18:39:48,479 - basepage - INFO - Click back on current page.
2020-08-28 18:40:06,234 - 2 - INFO - 页面"破解游戏盒子_破解游戏盒子安卓版下载-最笨安卓软件下载"跳转正常,该类元素共28个，当前第6个
2020-08-28 18:40:06,697 - basepage - INFO - Click back on current page.
2020-08-28 18:40:13,196 - 2 - INFO - 页面"【安卓聊天软件】安卓聊天软件下载_安卓聊天软件排行_安卓聊天软件大全-最笨下载"跳转正常,该类元素共28个，当前第7个
2020-08-28 18:40:13,431 - basepage - INFO - Click back on current page.
2020-08-28 18:40:20,356 - 2 - INFO - 页面"撩吧_撩吧下载_撩吧官方下载-最笨下载"跳转正常,该类元素共28个，当前第8个
2020-08-28 18:40:20,677 - basepage - INFO - Click back on current page.
2020-08-28 18:40:27,183 - 2 - INFO - 页面"【安卓聊天软件】安卓聊天软件下载_安卓聊天软件排行_安卓聊天软件大全-最笨下载"跳转正常,该类元素共28个，当前第9个
2020-08-28 18:40:27,581 - basepage - INFO - Click back on current page.
2020-08-28 18:40:34,523 - 2 - INFO - 页面"蜜小助_蜜小助下载_蜜小助官方下载-最笨下载"跳转正常,该类元素共28个，当前第10个
2020-08-28 18:40:34,810 - basepage - INFO - Click back on current page.
2020-08-28 18:40:41,304 - 2 - INFO - 页面"【安卓娱乐软件】安卓娱乐软件下载_安卓娱乐软件推荐_安卓娱乐软件大全-最笨下载"跳转正常,该类元素共28个，当前第11个
2020-08-28 18:40:41,860 - basepage - INFO - Click back on current page.
2020-08-28 18:40:48,677 - 2 - INFO - 页面"3733游戏盒子_3733游戏盒子下载_3733游戏盒子官方下载-最笨下载"跳转正常,该类元素共28个，当前第12个
2020-08-28 18:40:48,906 - basepage - INFO - Click back on current page.
2020-08-28 18:40:55,359 - 2 - INFO - 页面"【安卓聊天软件】安卓聊天软件下载_安卓聊天软件排行_安卓聊天软件大全-最笨下载"跳转正常,该类元素共28个，当前第13个
2020-08-28 18:40:55,870 - basepage - INFO - Click back on current page.
2020-08-28 18:41:03,363 - 2 - INFO - 页面"土味情话_土味情话下载_土味情话官方下载-最笨下载"跳转正常,该类元素共28个，当前第14个
2020-08-28 18:41:03,659 - basepage - INFO - Click back on current page.
2020-08-28 18:41:10,157 - 2 - INFO - 页面"【安卓聊天软件】安卓聊天软件下载_安卓聊天软件排行_安卓聊天软件大全-最笨下载"跳转正常,该类元素共28个，当前第15个
2020-08-28 18:41:10,584 - basepage - INFO - Click back on current page.
2020-08-28 18:41:17,903 - 2 - INFO - 页面"恋爱话术_恋爱话术下载_恋爱话术官方下载-最笨下载"跳转正常,该类元素共28个，当前第16个
2020-08-28 18:41:18,122 - basepage - INFO - Click back on current page.
2020-08-28 18:41:24,959 - 2 - INFO - 页面"【安卓阅读软件】安卓阅读软件下载_安卓阅读软件哪个好_安卓阅读软件排行-最笨下载"跳转正常,该类元素共28个，当前第17个
2020-08-28 18:41:25,169 - basepage - INFO - Click back on current page.
2020-08-28 18:41:31,939 - 2 - INFO - 页面"吾爱看书_吾爱看书下载_吾爱看书官方下载-最笨下载"跳转正常,该类元素共28个，当前第18个
2020-08-28 18:41:32,390 - basepage - INFO - Click back on current page.
2020-08-28 18:41:38,870 - 2 - INFO - 页面"【安卓娱乐软件】安卓娱乐软件下载_安卓娱乐软件推荐_安卓娱乐软件大全-最笨下载"跳转正常,该类元素共28个，当前第19个
2020-08-28 18:41:39,080 - basepage - INFO - Click back on current page.
2020-08-28 18:41:46,695 - 2 - INFO - 页面"gm游戏盒_gm游戏盒下载_gm游戏盒官方下载-最笨下载"跳转正常,该类元素共28个，当前第20个
2020-08-28 18:41:47,088 - basepage - INFO - Click back on current page.
2020-08-28 18:41:53,631 - 2 - INFO - 页面"【安卓聊天软件】安卓聊天软件下载_安卓聊天软件排行_安卓聊天软件大全-最笨下载"跳转正常,该类元素共28个，当前第21个
2020-08-28 18:41:53,888 - basepage - INFO - Click back on current page.
2020-08-28 18:42:00,580 - 2 - INFO - 页面"恋爱话术库_恋爱话术库下载_恋爱话术库官方下载-最笨下载"跳转正常,该类元素共28个，当前第22个
2020-08-28 18:42:00,818 - basepage - INFO - Click back on current page.
2020-08-28 18:42:07,260 - 2 - INFO - 页面"【安卓聊天软件】安卓聊天软件下载_安卓聊天软件排行_安卓聊天软件大全-最笨下载"跳转正常,该类元素共28个，当前第23个
2020-08-28 18:42:07,733 - basepage - INFO - Click back on current page.
2020-08-28 18:42:14,880 - 2 - INFO - 页面"遇知音_遇知音下载_遇知音官方下载-最笨下载"跳转正常,该类元素共28个，当前第24个
2020-08-28 18:42:15,093 - basepage - INFO - Click back on current page.
2020-08-28 18:42:21,582 - 2 - INFO - 页面"【安卓聊天软件】安卓聊天软件下载_安卓聊天软件排行_安卓聊天软件大全-最笨下载"跳转正常,该类元素共28个，当前第25个
2020-08-28 18:42:21,969 - basepage - INFO - Click back on current page.
2020-08-28 18:42:28,900 - 2 - INFO - 页面"脱单大师_脱单大师下载_脱单大师官方下载-最笨下载"跳转正常,该类元素共28个，当前第26个
2020-08-28 18:42:29,111 - basepage - INFO - Click back on current page.
2020-08-28 18:42:35,572 - 2 - INFO - 页面"【安卓聊天软件】安卓聊天软件下载_安卓聊天软件排行_安卓聊天软件大全-最笨下载"跳转正常,该类元素共28个，当前第27个
2020-08-28 18:42:35,792 - basepage - INFO - Click back on current page.
2020-08-28 18:42:43,408 - 2 - INFO - 页面"爱情套路_爱情套路下载_爱情套路官方下载-最笨下载"跳转正常,该类元素共28个，当前第28个
2020-08-28 18:42:43,867 - basepage - INFO - Click back on current page.
2020-08-28 18:42:53,890 - 2 - INFO - 页面"【安卓播放器】安卓播放器下载_安卓播放器哪个最好_安卓播放器下载排行-最笨下载"跳转正常,该类元素共19个，当前第1个
2020-08-28 18:42:54,352 - basepage - INFO - Click back on current page.
2020-08-28 18:43:01,719 - 2 - INFO - 页面"【安卓学习软件】安卓学习软件下载_安卓学习软件免费下载_安卓学习软件大全-最笨下载"跳转正常,该类元素共19个，当前第2个
2020-08-28 18:43:02,005 - basepage - INFO - Click back on current page.
2020-08-28 18:43:09,508 - 2 - INFO - 页面"【安卓辅助软件】安卓辅助软件下载_安卓辅助软件推荐_安卓辅助软件大全-最笨下载"跳转正常,该类元素共19个，当前第3个
2020-08-28 18:43:09,755 - basepage - INFO - Click back on current page.
2020-08-28 18:43:16,532 - 2 - INFO - 页面"【安卓输入法】安卓输入法下载_安卓输入法哪个好_安卓输入法怎么用-最笨下载"跳转正常,该类元素共19个，当前第4个
2020-08-28 18:43:17,055 - basepage - INFO - Click back on current page.
2020-08-28 18:43:24,463 - 2 - INFO - 页面"【安卓通信软件】安卓通信软件下载_安卓通信软件推荐_安卓通信软件大全-最笨下载"跳转正常,该类元素共19个，当前第5个
2020-08-28 18:43:24,685 - basepage - INFO - Click back on current page.
2020-08-28 18:43:32,091 - 2 - INFO - 页面"【安卓固件】安卓固件下载_安卓固件包下载_安卓固件管理器-最笨下载"跳转正常,该类元素共19个，当前第6个
2020-08-28 18:43:32,386 - basepage - INFO - Click back on current page.
2020-08-28 18:43:39,743 - 2 - INFO - 页面"【安卓文件管理器】安卓文件管理器下载_安卓文件管理器哪个好_安卓文件管理器中文版-最笨下载"跳转正常,该类元素共19个，当前第7个
2020-08-28 18:43:40,174 - basepage - INFO - Click back on current page.
2020-08-28 18:43:47,067 - 2 - INFO - 页面"【安卓同步软件】安卓同步软件下载_安卓同步软件哪个好_安卓手机同步软件-最笨下载"跳转正常,该类元素共19个，当前第8个
2020-08-28 18:43:47,320 - basepage - INFO - Click back on current page.
2020-08-28 18:43:54,277 - 2 - INFO - 页面"【安卓办公软件】安卓办公软件下载_安卓办公软件哪个好_安卓办公软件哪种最好-最笨下载"跳转正常,该类元素共19个，当前第9个
2020-08-28 18:43:54,534 - basepage - INFO - Click back on current page.
2020-08-28 18:44:02,067 - 2 - INFO - 页面"【安卓理财软件】安卓理财软件下载_安卓理财软件哪个好_安卓理财软件大全-最笨下载"跳转正常,该类元素共19个，当前第10个
2020-08-28 18:44:02,491 - basepage - INFO - Click back on current page.
2020-08-28 18:44:25,490 - 2 - INFO - 页面"【安卓备份软件】安卓备份软件下载_安卓备份软件哪个好_安卓手机备份软件-最笨下载"跳转正常,该类元素共19个，当前第11个
2020-08-28 18:44:25,700 - basepage - INFO - Click back on current page.
2020-08-28 18:44:33,846 - 2 - INFO - 页面"【安卓跑步软件】安卓跑步软件下载_安卓跑步软件哪个好_安卓跑步软件大全-最笨下载"跳转正常,该类元素共19个，当前第12个
2020-08-28 18:44:34,294 - basepage - INFO - Click back on current page.
2020-08-28 18:44:41,796 - 2 - INFO - 页面"【安卓健康管理软件】安卓健康管理软件下载_安卓健康管理软件推荐_安卓健康管理软件大全-最笨下载"跳转正常,该类元素共19个，当前第13个
2020-08-28 18:44:42,032 - basepage - INFO - Click back on current page.
2020-08-28 18:44:49,491 - 2 - INFO - 页面"【安卓系统软件】安卓系统软件下载_安卓系统软件免费下载_安卓系统软件下载工具-最笨下载"跳转正常,该类元素共19个，当前第14个
2020-08-28 18:44:49,726 - basepage - INFO - Click back on current page.
2020-08-28 18:44:56,272 - 2 - INFO - 页面"【安卓聊天软件】安卓聊天软件下载_安卓聊天软件排行_安卓聊天软件大全-最笨下载"跳转正常,该类元素共19个，当前第15个
2020-08-28 18:44:56,721 - basepage - INFO - Click back on current page.
2020-08-28 18:45:03,215 - 2 - INFO - 页面"【安卓应用软件】安卓应用软件排行_好玩的安卓应用软件_好用的安卓应用软件-最笨下载"跳转正常,该类元素共19个，当前第16个
2020-08-28 18:45:03,428 - basepage - INFO - Click back on current page.
2020-08-28 18:45:09,901 - 2 - INFO - 页面"【安卓娱乐软件】安卓娱乐软件下载_安卓娱乐软件推荐_安卓娱乐软件大全-最笨下载"跳转正常,该类元素共19个，当前第17个
2020-08-28 18:45:10,126 - basepage - INFO - Click back on current page.
2020-08-28 18:45:17,543 - 2 - INFO - 页面"【安卓导航软件】安卓导航软件下载_安卓导航软件哪个好_安卓导航软件排名-最笨下载"跳转正常,该类元素共19个，当前第18个
2020-08-28 18:45:18,011 - basepage - INFO - Click back on current page.
2020-08-28 18:45:25,468 - 2 - INFO - 页面"【安卓网络软件】安卓网络软件下载_安卓网络软件推荐_安卓网络软件大全-最笨下载"跳转正常,该类元素共19个，当前第19个
2020-08-28 18:45:25,765 - basepage - INFO - Click back on current page.
2020-08-28 18:45:34,169 - 2 - INFO - 页面"3733手游游戏平台_3733手游游戏平台下载_3733手游游戏平台官方下载-最笨下载"跳转正常,该类元素共18个，当前第1个
2020-08-28 18:45:40,324 - 2 - INFO - 页面"破解游戏盒子_破解游戏盒子安卓版下载-最笨安卓软件下载"跳转正常,该类元素共18个，当前第2个
2020-08-28 18:45:46,477 - 2 - INFO - 页面"最笨游戏盒_最笨游戏盒下载_最笨游戏盒官方下载-最笨下载"跳转正常,该类元素共18个，当前第3个
2020-08-28 18:45:52,649 - 2 - INFO - 页面"安致手游游戏平台_安致手游游戏平台下载_安致手游游戏平台官方下载-最笨下载"跳转正常,该类元素共18个，当前第4个
2020-08-28 18:45:58,799 - 2 - INFO - 页面"蜜小助会员破解版_蜜小助会员破解版下载_蜜小助会员破解版官方下载-最笨下载"跳转正常,该类元素共18个，当前第5个
2020-08-28 18:46:04,943 - 2 - INFO - 页面"蜜小助vip破解版_蜜小助vip破解版下载_蜜小助vip破解版官方下载-最笨下载"跳转正常,该类元素共18个，当前第6个
2020-08-28 18:46:11,084 - 2 - INFO - 页面"蜜小助内购版_蜜小助内购版下载_蜜小助内购版官方下载-最笨下载"跳转正常,该类元素共18个，当前第7个
2020-08-28 18:46:17,249 - 2 - INFO - 页面"聊天套路安卓版_聊天套路安卓版下载_聊天套路安卓版官方下载-最笨下载"跳转正常,该类元素共18个，当前第8个
2020-08-28 18:46:23,415 - 2 - INFO - 页面"聊天套路破解版_聊天套路破解版下载_聊天套路破解版官方下载-最笨下载"跳转正常,该类元素共18个，当前第9个
2020-08-28 18:46:29,595 - 2 - INFO - 页面"聊天套路软件_聊天套路软件下载_聊天套路软件官方下载-最笨下载"跳转正常,该类元素共18个，当前第10个
2020-08-28 18:46:35,776 - 2 - INFO - 页面"聊天套路_聊天套路下载_聊天套路官方下载-最笨下载"跳转正常,该类元素共18个，当前第11个
2020-08-28 18:46:41,907 - 2 - INFO - 页面"信息回复神器_信息回复神器下载_信息回复神器官方下载-最笨下载"跳转正常,该类元素共18个，当前第12个
2020-08-28 18:46:48,044 - 2 - INFO - 页面"消息回复神器_消息回复神器下载_消息回复神器官方下载-最笨下载"跳转正常,该类元素共18个，当前第13个
2020-08-28 18:46:54,182 - 2 - INFO - 页面"消息回复辅助神器_消息回复辅助神器下载_消息回复辅助神器官方下载-最笨下载"跳转正常,该类元素共18个，当前第14个
2020-08-28 18:47:00,332 - 2 - INFO - 页面"回复神器_回复神器下载_回复神器官方下载-最笨下载"跳转正常,该类元素共18个，当前第15个
2020-08-28 18:47:06,475 - 2 - INFO - 页面"神撩话术大全库_神撩话术大全库下载_神撩话术大全库官方下载-最笨下载"跳转正常,该类元素共18个，当前第16个
2020-08-28 18:47:12,620 - 2 - INFO - 页面"扑鹿_扑鹿下载_扑鹿官方下载-最笨下载"跳转正常,该类元素共18个，当前第17个
2020-08-28 18:47:18,776 - 2 - INFO - 页面"日杂相机_日杂相机下载_日杂相机官方下载-最笨下载"跳转正常,该类元素共18个，当前第18个
2020-08-28 18:47:25,393 - 2 - INFO - 页面"【安卓益智游戏】好玩的安卓益智游戏大全_安卓益智类游戏_益智游戏下载-最笨下载"跳转正常,该类元素共17个，当前第1个
2020-08-28 18:47:25,743 - basepage - INFO - Click back on current page.
2020-08-28 18:47:33,256 - 2 - INFO - 页面"【安卓其他游戏】好玩的安卓其他游戏大全_安卓其他类游戏_其他游戏下载-最笨下载"跳转正常,该类元素共17个，当前第2个
2020-08-28 18:47:33,726 - basepage - INFO - Click back on current page.
2020-08-28 18:47:41,092 - 2 - INFO - 页面"【安卓音乐游戏】好玩的安卓音乐游戏大全_安卓音乐类游戏_音乐游戏下载-最笨下载"跳转正常,该类元素共17个，当前第3个
2020-08-28 18:47:41,341 - basepage - INFO - Click back on current page.
2020-08-28 18:47:48,852 - 2 - INFO - 页面"【安卓网络游戏】好玩的安卓网络游戏大全_安卓网络类游戏_网络游戏下载-最笨下载"跳转正常,该类元素共17个，当前第4个
2020-08-28 18:47:49,141 - basepage - INFO - Click back on current page.
2020-08-28 18:47:56,444 - 2 - INFO - 页面"【安卓格斗游戏】好玩的安卓格斗游戏大全_安卓格斗类游戏_格斗游戏下载-最笨下载"跳转正常,该类元素共17个，当前第5个
2020-08-28 18:47:56,961 - basepage - INFO - Click back on current page.
2020-08-28 18:48:04,536 - 2 - INFO - 页面"【安卓飞行游戏】好玩的安卓飞行游戏大全_安卓飞行类游戏_飞行游戏下载-最笨下载"跳转正常,该类元素共17个，当前第6个
2020-08-28 18:48:05,050 - basepage - INFO - Click back on current page.
2020-08-28 18:48:12,506 - 2 - INFO - 页面"【安卓体育运动游戏】好玩的安卓体育运动游戏大全_安卓体育运动类游戏_体育运动游戏下载-最笨下载"跳转正常,该类元素共17个，当前第7个
2020-08-28 18:48:12,775 - basepage - INFO - Click back on current page.
2020-08-28 18:48:20,257 - 2 - INFO - 页面"【安卓模拟经营游戏】好玩的安卓模拟经营游戏大全_安卓模拟经营类游戏_模拟经营游戏下载-最笨下载"跳转正常,该类元素共17个，当前第8个
2020-08-28 18:48:20,691 - basepage - INFO - Click back on current page.
2020-08-28 18:48:28,003 - 2 - INFO - 页面"【安卓策略游戏】好玩的安卓策略游戏大全_安卓策略类游戏_策略游戏下载-最笨下载"跳转正常,该类元素共17个，当前第9个
2020-08-28 18:48:28,290 - basepage - INFO - Click back on current page.
2020-08-28 18:48:35,709 - 2 - INFO - 页面"【安卓塔防游戏】好玩的安卓塔防游戏大全_安卓塔防类游戏_塔防游戏下载-最笨下载"跳转正常,该类元素共17个，当前第10个
2020-08-28 18:48:35,989 - basepage - INFO - Click back on current page.
2020-08-28 18:48:43,550 - 2 - INFO - 页面"【安卓解谜冒险游戏】好玩的安卓解谜冒险游戏大全_安卓解谜冒险类游戏_解谜冒险游戏下载-最笨下载"跳转正常,该类元素共17个，当前第11个
2020-08-28 18:48:44,010 - basepage - INFO - Click back on current page.
2020-08-28 18:48:50,982 - 2 - INFO - 页面"【安卓射击游戏】好玩的安卓射击游戏大全_安卓射击类游戏_射击游戏下载-最笨下载"跳转正常,该类元素共17个，当前第12个
2020-08-28 18:48:51,232 - basepage - INFO - Click back on current page.
2020-08-28 18:48:58,568 - 2 - INFO - 页面"【安卓棋牌游戏】好玩的安卓棋牌游戏大全_安卓棋牌类游戏_棋牌游戏下载-最笨下载"跳转正常,该类元素共17个，当前第13个
2020-08-28 18:48:58,855 - basepage - INFO - Click back on current page.
2020-08-28 18:49:06,410 - 2 - INFO - 页面"【安卓赛车游戏】好玩的安卓赛车游戏大全_安卓赛车类游戏_赛车游戏下载-最笨下载"跳转正常,该类元素共17个，当前第14个
2020-08-28 18:49:06,894 - basepage - INFO - Click back on current page.
2020-08-28 18:49:13,760 - 2 - INFO - 页面"【安卓角色扮演游戏】好玩的安卓角色扮演游戏大全_安卓角色扮演类游戏_角色扮演游戏下载-最笨下载"跳转正常,该类元素共17个，当前第15个
2020-08-28 18:49:14,040 - basepage - INFO - Click back on current page.
2020-08-28 18:49:20,670 - 2 - INFO - 页面"【安卓动作游戏】好玩的安卓动作游戏大全_安卓动作类游戏_动作游戏下载-最笨下载"跳转正常,该类元素共17个，当前第16个
2020-08-28 18:49:20,956 - basepage - INFO - Click back on current page.
2020-08-28 18:49:28,047 - 2 - INFO - 页面"【安卓休闲游戏】好玩的安卓休闲游戏大全_安卓休闲类游戏_休闲游戏下载-最笨下载"跳转正常,该类元素共17个，当前第17个
2020-08-28 18:49:28,464 - basepage - INFO - Click back on current page.
2020-08-28 18:49:36,857 - 2 - INFO - 页面"阴阳师_阴阳师下载_阴阳师官方下载-最笨下载"跳转正常,该类元素共18个，当前第1个
2020-08-28 18:49:43,039 - 2 - INFO - 页面"王者荣耀_王者荣耀安卓版下载-最笨安卓游戏下载"跳转正常,该类元素共18个，当前第2个
2020-08-28 18:49:49,193 - 2 - INFO - 页面"炼金国度（送1000元充值）ios版_炼金国度（送1000元充值）ios版下载_炼金国度（送1000元充值）ios版官方下载-最笨下载"跳转正常,该类元素共18个，当前第3个
2020-08-28 18:49:55,352 - 2 - INFO - 页面"国贼顾挽之_国贼顾挽之下载_国贼顾挽之官方下载-最笨下载"跳转正常,该类元素共18个，当前第4个
2020-08-28 18:50:01,509 - 2 - INFO - 页面"大秦黎明_大秦黎明下载_大秦黎明官方下载-最笨下载"跳转正常,该类元素共18个，当前第5个
2020-08-28 18:50:07,641 - 2 - INFO - 页面"怒焰三国杀手游_怒焰三国杀手游下载_怒焰三国杀手游官方下载-最笨下载"跳转正常,该类元素共18个，当前第6个
2020-08-28 18:50:13,775 - 2 - INFO - 页面"末日围城_末日围城下载_末日围城官方下载-最笨下载"跳转正常,该类元素共18个，当前第7个
2020-08-28 18:50:19,919 - 2 - INFO - 页面"天将雄师九游版_天将雄师九游版下载_天将雄师九游版官方下载-最笨下载"跳转正常,该类元素共18个，当前第8个
2020-08-28 18:50:26,086 - 2 - INFO - 页面"诸王黎明_诸王黎明下载_诸王黎明官方下载-最笨下载"跳转正常,该类元素共18个，当前第9个
2020-08-28 18:50:32,245 - 2 - INFO - 页面"一梦江湖九游版_一梦江湖九游版下载_一梦江湖九游版官方下载-最笨下载"跳转正常,该类元素共18个，当前第10个
2020-08-28 18:50:38,408 - 2 - INFO - 页面"NBA篮球大师_NBA篮球大师下载_NBA篮球大师官方下载-最笨下载"跳转正常,该类元素共18个，当前第11个
2020-08-28 18:50:44,589 - 2 - INFO - 页面"萌妖传手游_萌妖传手游下载_萌妖传手游官方下载-最笨下载"跳转正常,该类元素共18个，当前第12个
2020-08-28 18:50:50,752 - 2 - INFO - 页面"中超英雄手游_中超英雄手游下载_中超英雄手游官方下载-最笨下载"跳转正常,该类元素共18个，当前第13个
2020-08-28 18:50:56,880 - 2 - INFO - 页面"三国战天下手游_三国战天下手游下载_三国战天下手游官方下载-最笨下载"跳转正常,该类元素共18个，当前第14个
2020-08-28 18:51:03,031 - 2 - INFO - 页面"拳皇命运_拳皇命运下载_拳皇命运官方下载-最笨下载"跳转正常,该类元素共18个，当前第15个
2020-08-28 18:51:09,190 - 2 - INFO - 页面"电能大亨_电能大亨下载_电能大亨官方下载-最笨下载"跳转正常,该类元素共18个，当前第16个
2020-08-28 18:51:15,379 - 2 - INFO - 页面"驾校模拟器_驾校模拟器下载_驾校模拟器官方下载-最笨下载"跳转正常,该类元素共18个，当前第17个
2020-08-28 18:51:21,563 - 2 - INFO - 页面"暗黑探险2_暗黑探险2下载_暗黑探险2官方下载-最笨下载"跳转正常,该类元素共18个，当前第18个
2020-08-28 18:51:28,738 - 2 - INFO - 页面"变态手游公益服_bt手游变态服_无限元宝bt手游下载_BT手游中心-最笨下载"跳转正常,该类元素共13个，当前第1个
2020-08-28 18:51:28,959 - basepage - INFO - Click back on current page.
2020-08-28 18:51:37,244 - 2 - INFO - 页面"变态手游公益服_bt手游变态服_无限元宝bt手游下载_BT手游中心-最笨下载"跳转正常,该类元素共13个，当前第2个
2020-08-28 18:51:37,569 - basepage - INFO - Click back on current page.
2020-08-28 18:51:45,385 - 2 - INFO - 页面"变态手游公益服_bt手游变态服_无限元宝bt手游下载_BT手游中心-最笨下载"跳转正常,该类元素共13个，当前第3个
2020-08-28 18:51:45,823 - basepage - INFO - Click back on current page.
2020-08-28 18:51:53,914 - 2 - INFO - 页面"变态手游公益服_bt手游变态服_无限元宝bt手游下载_BT手游中心-最笨下载"跳转正常,该类元素共13个，当前第4个
2020-08-28 18:51:54,464 - basepage - INFO - Click back on current page.
2020-08-28 18:52:02,487 - 2 - INFO - 页面"变态手游公益服_bt手游变态服_无限元宝bt手游下载_BT手游中心-最笨下载"跳转正常,该类元素共13个，当前第5个
2020-08-28 18:52:02,764 - basepage - INFO - Click back on current page.
2020-08-28 18:52:10,994 - 2 - INFO - 页面"变态手游公益服_bt手游变态服_无限元宝bt手游下载_BT手游中心-最笨下载"跳转正常,该类元素共13个，当前第6个
2020-08-28 18:52:11,472 - basepage - INFO - Click back on current page.
2020-08-28 18:52:19,436 - 2 - INFO - 页面"变态手游公益服_bt手游变态服_无限元宝bt手游下载_BT手游中心-最笨下载"跳转正常,该类元素共13个，当前第7个
2020-08-28 18:52:19,873 - basepage - INFO - Click back on current page.
2020-08-28 18:52:27,791 - 2 - INFO - 页面"变态手游公益服_bt手游变态服_无限元宝bt手游下载_BT手游中心-最笨下载"跳转正常,该类元素共13个，当前第8个
2020-08-28 18:52:28,021 - basepage - INFO - Click back on current page.
2020-08-28 18:52:35,878 - 2 - INFO - 页面"变态手游公益服_bt手游变态服_无限元宝bt手游下载_BT手游中心-最笨下载"跳转正常,该类元素共13个，当前第9个
2020-08-28 18:52:36,345 - basepage - INFO - Click back on current page.
2020-08-28 18:52:44,257 - 2 - INFO - 页面"变态手游公益服_bt手游变态服_无限元宝bt手游下载_BT手游中心-最笨下载"跳转正常,该类元素共13个，当前第10个
2020-08-28 18:52:44,738 - basepage - INFO - Click back on current page.
2020-08-28 18:52:52,788 - 2 - INFO - 页面"变态手游公益服_bt手游变态服_无限元宝bt手游下载_BT手游中心-最笨下载"跳转正常,该类元素共13个，当前第11个
2020-08-28 18:52:53,064 - basepage - INFO - Click back on current page.
2020-08-28 18:53:01,184 - 2 - INFO - 页面"变态手游公益服_bt手游变态服_无限元宝bt手游下载_BT手游中心-最笨下载"跳转正常,该类元素共13个，当前第12个
2020-08-28 18:53:01,639 - basepage - INFO - Click back on current page.
2020-08-28 18:53:10,310 - 2 - INFO - 页面"变态手游公益服_bt手游变态服_无限元宝bt手游下载_BT手游中心-最笨下载"跳转正常,该类元素共13个，当前第13个
2020-08-28 18:53:10,817 - basepage - INFO - Click back on current page.
2020-08-28 18:53:19,219 - 2 - INFO - 页面"惊天战神（送千元充值）_惊天战神（送千元充值）无限元宝服_SF变态版惊天战神（送千元充值）公益服下载 - 最笨下载"跳转正常,该类元素共18个，当前第1个
2020-08-28 18:53:25,399 - 2 - INFO - 页面"迷城起源（送极品红宠）_迷城起源（送极品红宠）无限元宝服_SF变态版迷城起源（送极品红宠）公益服下载 - 最笨下载"跳转正常,该类元素共18个，当前第2个
2020-08-28 18:53:31,541 - 2 - INFO - 页面"斗转武林（爆海量充值卡）_斗转武林（爆海量充值卡）无限元宝服_SF变态版斗转武林（爆海量充值卡）公益服下载 - 最笨下载"跳转正常,该类元素共18个，当前第3个
2020-08-28 18:53:37,702 - 2 - INFO - 页面"小黑的宝藏（送海量充值）_小黑的宝藏（送海量充值）无限元宝服_SF变态版小黑的宝藏（送海量充值）公益服下载 - 最笨下载"跳转正常,该类元素共18个，当前第4个
2020-08-28 18:53:43,854 - 2 - INFO - 页面"小小三国志（送充值卡）_小小三国志（送充值卡）无限元宝服_SF变态版小小三国志（送充值卡）公益服下载 - 最笨下载"跳转正常,该类元素共18个，当前第5个
2020-08-28 18:53:49,987 - 2 - INFO - 页面"天使圣域（欧皇海量抽）_天使圣域（欧皇海量抽）无限元宝服_SF变态版天使圣域（欧皇海量抽）公益服下载 - 最笨下载"跳转正常,该类元素共18个，当前第6个
2020-08-28 18:53:56,124 - 2 - INFO - 页面"斗罗大陆神界传说Ⅱ（天天送充值）_斗罗大陆神界传说Ⅱ（天天送充值）无限元宝服_SF变态版斗罗大陆神界传说Ⅱ（天天送充值）公益服下载 - 最笨下载"跳转正常,该类元素共18个，当前第7个
2020-08-28 18:54:02,271 - 2 - INFO - 页面"龙之霸业（送千元充值）_龙之霸业（送千元充值）无限元宝服_SF变态版龙之霸业（送千元充值）公益服下载 - 最笨下载"跳转正常,该类元素共18个，当前第8个
2020-08-28 18:54:08,427 - 2 - INFO - 页面"无双三国（送328充值）_无双三国（送328充值）无限元宝服_SF变态版无双三国（送328充值）公益服下载 - 最笨下载"跳转正常,该类元素共18个，当前第9个
2020-08-28 18:54:14,586 - 2 - INFO - 页面"六界之门（百抽海量特权）_六界之门（百抽海量特权）无限元宝服_SF变态版六界之门（百抽海量特权）公益服下载 - 最笨下载"跳转正常,该类元素共18个，当前第10个
2020-08-28 18:54:20,766 - 2 - INFO - 页面"阴阳界（送1000充值）_阴阳界（送1000充值）无限元宝服_SF变态版阴阳界（送1000充值）公益服下载 - 最笨下载"跳转正常,该类元素共18个，当前第11个
2020-08-28 18:54:26,939 - 2 - INFO - 页面"天域战记（天天送充值）_天域战记（天天送充值）无限元宝服_SF变态版天域战记（天天送充值）公益服下载 - 最笨下载"跳转正常,该类元素共18个，当前第12个
2020-08-28 18:54:33,078 - 2 - INFO - 页面"黑暗与荣耀（送史诗宠物）_黑暗与荣耀（送史诗宠物）无限元宝服_SF变态版黑暗与荣耀（送史诗宠物）公益服下载 - 最笨下载"跳转正常,该类元素共18个，当前第13个
2020-08-28 18:54:39,265 - 2 - INFO - 页面"剑心吟（送648充值）_剑心吟（送648充值）无限元宝服_SF变态版剑心吟（送648充值）公益服下载 - 最笨下载"跳转正常,该类元素共18个，当前第14个
2020-08-28 18:54:45,469 - 2 - INFO - 页面"一剑问情（海量充值特权）_一剑问情（海量充值特权）无限元宝服_SF变态版一剑问情（海量充值特权）公益服下载 - 最笨下载"跳转正常,该类元素共18个，当前第15个
2020-08-28 18:54:51,624 - 2 - INFO - 页面"少年勇者团（天天送充值）_少年勇者团（天天送充值）无限元宝服_SF变态版少年勇者团（天天送充值）公益服下载 - 最笨下载"跳转正常,该类元素共18个，当前第16个
2020-08-28 18:54:57,839 - 2 - INFO - 页面"修仙记（送海量充值）_修仙记（送海量充值）无限元宝服_SF变态版修仙记（送海量充值）公益服下载 - 最笨下载"跳转正常,该类元素共18个，当前第17个
2020-08-28 18:55:03,983 - 2 - INFO - 页面"御龙三国志（送真百抽）_御龙三国志（送真百抽）无限元宝服_SF变态版御龙三国志（送真百抽）公益服下载 - 最笨下载"跳转正常,该类元素共18个，当前第18个
2020-08-28 18:55:11,209 - 2 - INFO - 页面"满vip版手游_手游sf送顶级vip_满级vip无限元宝手游下载-最笨下载"跳转正常,该类元素共13个，当前第1个
2020-08-28 18:55:11,457 - basepage - INFO - Click back on current page.
2020-08-28 18:55:19,331 - 2 - INFO - 页面"满vip版手游_手游sf送顶级vip_满级vip无限元宝手游下载-最笨下载"跳转正常,该类元素共13个，当前第2个
2020-08-28 18:55:19,780 - basepage - INFO - Click back on current page.
2020-08-28 18:55:27,796 - 2 - INFO - 页面"满vip版手游_手游sf送顶级vip_满级vip无限元宝手游下载-最笨下载"跳转正常,该类元素共13个，当前第3个
2020-08-28 18:55:28,230 - basepage - INFO - Click back on current page.
2020-08-28 18:55:36,337 - 2 - INFO - 页面"满vip版手游_手游sf送顶级vip_满级vip无限元宝手游下载-最笨下载"跳转正常,该类元素共13个，当前第4个
2020-08-28 18:55:36,580 - basepage - INFO - Click back on current page.
2020-08-28 18:55:44,448 - 2 - INFO - 页面"满vip版手游_手游sf送顶级vip_满级vip无限元宝手游下载-最笨下载"跳转正常,该类元素共13个，当前第5个
2020-08-28 18:55:44,858 - basepage - INFO - Click back on current page.
2020-08-28 18:55:52,902 - 2 - INFO - 页面"满vip版手游_手游sf送顶级vip_满级vip无限元宝手游下载-最笨下载"跳转正常,该类元素共13个，当前第6个
2020-08-28 18:55:53,314 - basepage - INFO - Click back on current page.
2020-08-28 18:56:01,326 - 2 - INFO - 页面"满vip版手游_手游sf送顶级vip_满级vip无限元宝手游下载-最笨下载"跳转正常,该类元素共13个，当前第7个
2020-08-28 18:56:01,605 - basepage - INFO - Click back on current page.
2020-08-28 18:56:09,540 - 2 - INFO - 页面"满vip版手游_手游sf送顶级vip_满级vip无限元宝手游下载-最笨下载"跳转正常,该类元素共13个，当前第8个
2020-08-28 18:56:09,972 - basepage - INFO - Click back on current page.
2020-08-28 18:56:17,879 - 2 - INFO - 页面"满vip版手游_手游sf送顶级vip_满级vip无限元宝手游下载-最笨下载"跳转正常,该类元素共13个，当前第9个
2020-08-28 18:56:18,336 - basepage - INFO - Click back on current page.
2020-08-28 18:56:26,541 - 2 - INFO - 页面"满vip版手游_手游sf送顶级vip_满级vip无限元宝手游下载-最笨下载"跳转正常,该类元素共13个，当前第10个
2020-08-28 18:56:26,761 - basepage - INFO - Click back on current page.
2020-08-28 18:56:34,576 - 2 - INFO - 页面"满vip版手游_手游sf送顶级vip_满级vip无限元宝手游下载-最笨下载"跳转正常,该类元素共13个，当前第11个
2020-08-28 18:56:34,964 - basepage - INFO - Click back on current page.
2020-08-28 18:56:43,256 - 2 - INFO - 页面"满vip版手游_手游sf送顶级vip_满级vip无限元宝手游下载-最笨下载"跳转正常,该类元素共13个，当前第12个
2020-08-28 18:56:43,678 - basepage - INFO - Click back on current page.
2020-08-28 18:56:51,540 - 2 - INFO - 页面"满vip版手游_手游sf送顶级vip_满级vip无限元宝手游下载-最笨下载"跳转正常,该类元素共13个，当前第13个
2020-08-28 18:56:51,819 - basepage - INFO - Click back on current page.
2020-08-28 18:57:00,191 - 2 - INFO - 页面"操戈天下（送海量元宝）_操戈天下（送海量元宝）无限元宝服_SF变态版操戈天下（送海量元宝）公益服下载 - 最笨下载"跳转正常,该类元素共18个，当前第1个
2020-08-28 18:57:06,345 - 2 - INFO - 页面"幻剑情缘（送千元充值）_幻剑情缘（送千元充值）无限元宝服_SF变态版幻剑情缘（送千元充值）公益服下载 - 最笨下载"跳转正常,该类元素共18个，当前第2个
2020-08-28 18:57:12,508 - 2 - INFO - 页面"影歌（海量打金特权）_影歌（海量打金特权）无限元宝服_SF变态版影歌（海量打金特权）公益服下载 - 最笨下载"跳转正常,该类元素共18个，当前第3个
2020-08-28 18:57:18,658 - 2 - INFO - 页面"闪将三国（送千元充值）_闪将三国（送千元充值）无限元宝服_SF变态版闪将三国（送千元充值）公益服下载 - 最笨下载"跳转正常,该类元素共18个，当前第4个
2020-08-28 18:57:24,836 - 2 - INFO - 页面"乱戳三国2（送GM特权）_乱戳三国2（送GM特权）无限元宝服_SF变态版乱戳三国2（送GM特权）公益服下载 - 最笨下载"跳转正常,该类元素共18个，当前第5个
2020-08-28 18:57:31,014 - 2 - INFO - 页面"吞噬苍穹（海量充值卡）_吞噬苍穹（海量充值卡）无限元宝服_SF变态版吞噬苍穹（海量充值卡）公益服下载 - 最笨下载"跳转正常,该类元素共18个，当前第6个
2020-08-28 18:57:37,201 - 2 - INFO - 页面"刀剑神魔录（1元商城特权）_刀剑神魔录（1元商城特权）无限元宝服_SF变态版刀剑神魔录（1元商城特权）公益服下载 - 最笨下载"跳转正常,该类元素共18个，当前第7个
2020-08-28 18:57:43,361 - 2 - INFO - 页面"乱世江湖（天天送充值）_乱世江湖（天天送充值）无限元宝服_SF变态版乱世江湖（天天送充值）公益服下载 - 最笨下载"跳转正常,该类元素共18个，当前第8个
2020-08-28 18:57:49,532 - 2 - INFO - 页面"王者战歌（送千元充值）_王者战歌（送千元充值）无限元宝服_SF变态版王者战歌（送千元充值）公益服下载 - 最笨下载"跳转正常,该类元素共18个，当前第9个
2020-08-28 18:57:55,692 - 2 - INFO - 页面"齐天记（海量资源特权）_齐天记（海量资源特权）无限元宝服_SF变态版齐天记（海量资源特权）公益服下载 - 最笨下载"跳转正常,该类元素共18个，当前第10个
2020-08-28 18:58:01,857 - 2 - INFO - 页面"征程三国（送百抽S神将）_征程三国（送百抽S神将）无限元宝服_SF变态版征程三国（送百抽S神将）公益服下载 - 最笨下载"跳转正常,该类元素共18个，当前第11个
2020-08-28 18:58:08,007 - 2 - INFO - 页面"净化（海量商城特权）_净化（海量商城特权）无限元宝服_SF变态版净化（海量商城特权）公益服下载 - 最笨下载"跳转正常,该类元素共18个，当前第12个
2020-08-28 18:58:14,197 - 2 - INFO - 页面"机甲战纪（送GM特权）_机甲战纪（送GM特权）无限元宝服_SF变态版机甲战纪（送GM特权）公益服下载 - 最笨下载"跳转正常,该类元素共18个，当前第13个
2020-08-28 18:58:20,364 - 2 - INFO - 页面"星星喵（送千元充值）_星星喵（送千元充值）无限元宝服_SF变态版星星喵（送千元充值）公益服下载 - 最笨下载"跳转正常,该类元素共18个，当前第14个
2020-08-28 18:58:26,534 - 2 - INFO - 页面"轩辕剑群侠传（商城特权）_轩辕剑群侠传（商城特权）无限元宝服_SF变态版轩辕剑群侠传（商城特权）公益服下载 - 最笨下载"跳转正常,该类元素共18个，当前第15个
2020-08-28 18:58:32,707 - 2 - INFO - 页面"大秦之帝国崛起（送法拉利）_大秦之帝国崛起（送法拉利）无限元宝服_SF变态版大秦之帝国崛起（送法拉利）公益服下载 - 最笨下载"跳转正常,该类元素共18个，当前第16个
2020-08-28 18:58:38,872 - 2 - INFO - 页面"进击的少女（闯关爆充值）_进击的少女（闯关爆充值）无限元宝服_SF变态版进击的少女（闯关爆充值）公益服下载 - 最笨下载"跳转正常,该类元素共18个，当前第17个
2020-08-28 18:58:45,005 - 2 - INFO - 页面"小小虎将（海量特权）_小小虎将（海量特权）无限元宝服_SF变态版小小虎将（海量特权）公益服下载 - 最笨下载"跳转正常,该类元素共18个，当前第18个
2020-08-28 18:58:51,995 - 2 - INFO - 页面"gm版手游_无限元宝/钻石公益服_0元免费gm权限手游下载-最笨下载"跳转正常,该类元素共13个，当前第1个
2020-08-28 18:58:52,226 - basepage - INFO - Click back on current page.
2020-08-28 18:59:00,006 - 2 - INFO - 页面"gm版手游_无限元宝/钻石公益服_0元免费gm权限手游下载-最笨下载"跳转正常,该类元素共13个，当前第2个
2020-08-28 18:59:00,459 - basepage - INFO - Click back on current page.
2020-08-28 18:59:08,295 - 2 - INFO - 页面"gm版手游_无限元宝/钻石公益服_0元免费gm权限手游下载-最笨下载"跳转正常,该类元素共13个，当前第3个
2020-08-28 18:59:08,728 - basepage - INFO - Click back on current page.
2020-08-28 18:59:16,418 - 2 - INFO - 页面"gm版手游_无限元宝/钻石公益服_0元免费gm权限手游下载-最笨下载"跳转正常,该类元素共13个，当前第4个
2020-08-28 18:59:16,626 - basepage - INFO - Click back on current page.
2020-08-28 18:59:24,433 - 2 - INFO - 页面"gm版手游_无限元宝/钻石公益服_0元免费gm权限手游下载-最笨下载"跳转正常,该类元素共13个，当前第5个
2020-08-28 18:59:24,888 - basepage - INFO - Click back on current page.
2020-08-28 18:59:32,722 - 2 - INFO - 页面"gm版手游_无限元宝/钻石公益服_0元免费gm权限手游下载-最笨下载"跳转正常,该类元素共13个，当前第6个
2020-08-28 18:59:33,168 - basepage - INFO - Click back on current page.
2020-08-28 18:59:40,893 - 2 - INFO - 页面"gm版手游_无限元宝/钻石公益服_0元免费gm权限手游下载-最笨下载"跳转正常,该类元素共13个，当前第7个
2020-08-28 18:59:41,125 - basepage - INFO - Click back on current page.
2020-08-28 18:59:48,746 - 2 - INFO - 页面"gm版手游_无限元宝/钻石公益服_0元免费gm权限手游下载-最笨下载"跳转正常,该类元素共13个，当前第8个
2020-08-28 18:59:49,176 - basepage - INFO - Click back on current page.
2020-08-28 18:59:56,830 - 2 - INFO - 页面"gm版手游_无限元宝/钻石公益服_0元免费gm权限手游下载-最笨下载"跳转正常,该类元素共13个，当前第9个
2020-08-28 18:59:57,130 - basepage - INFO - Click back on current page.
2020-08-28 19:00:04,769 - 2 - INFO - 页面"gm版手游_无限元宝/钻石公益服_0元免费gm权限手游下载-最笨下载"跳转正常,该类元素共13个，当前第10个
2020-08-28 19:00:04,990 - basepage - INFO - Click back on current page.
2020-08-28 19:00:12,701 - 2 - INFO - 页面"gm版手游_无限元宝/钻石公益服_0元免费gm权限手游下载-最笨下载"跳转正常,该类元素共13个，当前第11个
2020-08-28 19:00:13,211 - basepage - INFO - Click back on current page.
2020-08-28 19:00:20,997 - 2 - INFO - 页面"gm版手游_无限元宝/钻石公益服_0元免费gm权限手游下载-最笨下载"跳转正常,该类元素共13个，当前第12个
2020-08-28 19:00:21,509 - basepage - INFO - Click back on current page.
2020-08-28 19:00:29,230 - 2 - INFO - 页面"gm版手游_无限元宝/钻石公益服_0元免费gm权限手游下载-最笨下载"跳转正常,该类元素共13个，当前第13个
2020-08-28 19:00:29,495 - basepage - INFO - Click back on current page.
2020-08-28 19:00:37,861 - 2 - INFO - 页面"九州剑灵（GM版）_九州剑灵（GM版）免费gm权限安卓下载 - 最笨下载"跳转正常,该类元素共18个，当前第1个
2020-08-28 19:00:44,000 - 2 - INFO - 页面"仙游（GM版）_仙游（GM版）免费gm权限安卓下载 - 最笨下载"跳转正常,该类元素共18个，当前第2个
2020-08-28 19:00:50,137 - 2 - INFO - 页面"高达（GM版）_高达（GM版）免费gm权限安卓下载 - 最笨下载"跳转正常,该类元素共18个，当前第3个
2020-08-28 19:00:56,278 - 2 - INFO - 页面"暗黑王者（GM版）_暗黑王者（GM版）免费gm权限安卓下载 - 最笨下载"跳转正常,该类元素共18个，当前第4个
2020-08-28 19:01:02,457 - 2 - INFO - 页面"问鼎封神（GM版）_问鼎封神（GM版）免费gm权限安卓下载 - 最笨下载"跳转正常,该类元素共18个，当前第5个
2020-08-28 19:01:08,594 - 2 - INFO - 页面"仙剑轮回（GM版）_仙剑轮回（GM版）免费gm权限安卓下载 - 最笨下载"跳转正常,该类元素共18个，当前第6个
2020-08-28 19:01:14,767 - 2 - INFO - 页面"神道仙尊（GM版）_神道仙尊（GM版）免费gm权限安卓下载 - 最笨下载"跳转正常,该类元素共18个，当前第7个
2020-08-28 19:01:20,904 - 2 - INFO - 页面"大将无双（GM版）_大将无双（GM版）免费gm权限安卓下载 - 最笨下载"跳转正常,该类元素共18个，当前第8个
2020-08-28 19:01:27,052 - 2 - INFO - 页面"青云剑诀（GM版）_青云剑诀（GM版）免费gm权限安卓下载 - 最笨下载"跳转正常,该类元素共18个，当前第9个
2020-08-28 19:01:33,215 - 2 - INFO - 页面"寂灭剑诀（GM版）_寂灭剑诀（GM版）免费gm权限安卓下载 - 最笨下载"跳转正常,该类元素共18个，当前第10个
2020-08-28 19:01:39,380 - 2 - INFO - 页面"封神记（GM版）_封神记（GM版）免费gm权限安卓下载 - 最笨下载"跳转正常,该类元素共18个，当前第11个
2020-08-28 19:01:45,540 - 2 - INFO - 页面"豪门小老婆（GM版）_豪门小老婆（GM版）免费gm权限安卓下载 - 最笨下载"跳转正常,该类元素共18个，当前第12个
2020-08-28 19:01:51,680 - 2 - INFO - 页面"三生三誓青丘传（GM版）_三生三誓青丘传（GM版）免费gm权限安卓下载 - 最笨下载"跳转正常,该类元素共18个，当前第13个
2020-08-28 19:01:57,839 - 2 - INFO - 页面"毒尊三国（GM版）_毒尊三国（GM版）免费gm权限安卓下载 - 最笨下载"跳转正常,该类元素共18个，当前第14个
2020-08-28 19:02:04,012 - 2 - INFO - 页面"乱世神话（GM版）_乱世神话（GM版）免费gm权限安卓下载 - 最笨下载"跳转正常,该类元素共18个，当前第15个
2020-08-28 19:02:10,169 - 2 - INFO - 页面"天子问剑（GM版）_天子问剑（GM版）免费gm权限安卓下载 - 最笨下载"跳转正常,该类元素共18个，当前第16个
2020-08-28 19:02:16,342 - 2 - INFO - 页面"风云三国（GM版）_风云三国（GM版）免费gm权限安卓下载 - 最笨下载"跳转正常,该类元素共18个，当前第17个
2020-08-28 19:02:22,514 - 2 - INFO - 页面"古惑三国志（GM版）_古惑三国志（GM版）免费gm权限安卓下载 - 最笨下载"跳转正常,该类元素共18个，当前第18个
2020-08-28 19:02:30,848 - 2 - INFO - 页面"免费权限GM游戏"跳转正常,该类元素共4个，当前第1个
2020-08-28 19:02:31,162 - basepage - INFO - Click back on current page.
2020-08-28 19:02:37,119 - 2 - INFO - 页面"聊天回复神器合集"跳转正常,该类元素共4个，当前第2个
2020-08-28 19:02:37,665 - basepage - INFO - Click back on current page.
2020-08-28 19:02:46,985 - 2 - INFO - 页面"超变私服传奇一刀999999级"跳转正常,该类元素共4个，当前第3个
2020-08-28 19:02:47,354 - basepage - INFO - Click back on current page.
2020-08-28 19:02:56,505 - 2 - INFO - 页面"美女爆衣游戏手游"跳转正常,该类元素共4个，当前第4个
2020-08-28 19:02:56,759 - basepage - INFO - Click back on current page.
2020-08-28 19:03:04,695 - 2 - INFO - 页面"【苹果播放器】iPhone手机播放器,iPhone播放器免费下载大全-最笨下载"跳转正常,该类元素共19个，当前第1个
2020-08-28 19:03:04,959 - basepage - INFO - Click back on current page.
2020-08-28 19:03:11,799 - 2 - INFO - 页面"【苹果学习软件】iPhone手机学习软件_iPhone学习软件免费下载大全-最笨下载"跳转正常,该类元素共19个，当前第2个
2020-08-28 19:03:12,325 - basepage - INFO - Click back on current page.
2020-08-28 19:03:19,068 - 2 - INFO - 页面"【苹果辅助软件】iPhone手机辅助软件_iPhone辅助软件免费下载大全-最笨下载"跳转正常,该类元素共19个，当前第3个
2020-08-28 19:03:19,395 - basepage - INFO - Click back on current page.
2020-08-28 19:03:26,229 - 2 - INFO - 页面"【苹果输入法】iPhone手机输入法_iPhone输入法免费下载大全-最笨下载"跳转正常,该类元素共19个，当前第4个
2020-08-28 19:03:26,508 - basepage - INFO - Click back on current page.
2020-08-28 19:03:33,679 - 2 - INFO - 页面"【苹果通信软件】iPhone手机通信软件_iPhone通信软件免费下载大全-最笨下载"跳转正常,该类元素共19个，当前第5个
2020-08-28 19:03:34,134 - basepage - INFO - Click back on current page.
2020-08-28 19:03:40,917 - 2 - INFO - 页面"【苹果固件】iPhone手机固件软件_iPhone固件软件免费下载大全-最笨下载"跳转正常,该类元素共19个，当前第6个
2020-08-28 19:03:41,192 - basepage - INFO - Click back on current page.
2020-08-28 19:03:48,009 - 2 - INFO - 页面"【苹果文件管理软件】iPhone手机文件管理软件_iPhone文件管理软件免费下载大全-最笨下载"跳转正常,该类元素共19个，当前第7个
2020-08-28 19:03:48,273 - basepage - INFO - Click back on current page.
2020-08-28 19:03:55,190 - 2 - INFO - 页面"【苹果同步软件】iPhone手机同步软件_iPhone同步软件免费下载大全-最笨下载"跳转正常,该类元素共19个，当前第8个
2020-08-28 19:03:55,664 - basepage - INFO - Click back on current page.
2020-08-28 19:04:02,770 - 2 - INFO - 页面"【苹果办公软件】iPhone手机办公软件_iPhone办公软件免费下载大全-最笨下载"跳转正常,该类元素共19个，当前第9个
2020-08-28 19:04:03,055 - basepage - INFO - Click back on current page.
2020-08-28 19:04:09,968 - 2 - INFO - 页面"【苹果理财软件】iPhone手机理财软件_iPhone理财软件免费下载大全-最笨下载"跳转正常,该类元素共19个，当前第10个
2020-08-28 19:04:10,216 - basepage - INFO - Click back on current page.
2020-08-28 19:04:17,382 - 2 - INFO - 页面"【苹果备份软件】iPhone手机备份软件_iPhone备份软件免费下载大全-最笨下载"跳转正常,该类元素共19个，当前第11个
2020-08-28 19:04:17,862 - basepage - INFO - Click back on current page.
2020-08-28 19:04:24,609 - 2 - INFO - 页面"【苹果健身软件】iPhone手机健身软件_iPhone健身软件免费下载大全-最笨下载"跳转正常,该类元素共19个，当前第12个
2020-08-28 19:04:24,903 - basepage - INFO - Click back on current page.
2020-08-28 19:04:31,751 - 2 - INFO - 页面"【苹果健康管理软件】iPhone手机健康管理软件_iPhone健康管理软件免费下载大全-最笨下载"跳转正常,该类元素共19个，当前第13个
2020-08-28 19:04:32,073 - basepage - INFO - Click back on current page.
2020-08-28 19:04:39,136 - 2 - INFO - 页面"【苹果系统软件】iPhone手机系统软件_iPhone系统软件免费下载大全-最笨下载"跳转正常,该类元素共19个，当前第14个
2020-08-28 19:04:39,563 - basepage - INFO - Click back on current page.
2020-08-28 19:04:46,418 - 2 - INFO - 页面"【苹果社交软件】iphone手机社交软件_iphone社交软件免费下载大全-最笨下载"跳转正常,该类元素共19个，当前第15个
2020-08-28 19:04:46,703 - basepage - INFO - Click back on current page.
2020-08-28 19:04:53,271 - 2 - INFO - 页面"【苹果娱乐软件】iPhone手机娱乐软件_iPhone娱乐软件免费下载大全-最笨下载"跳转正常,该类元素共19个，当前第16个
2020-08-28 19:04:53,557 - basepage - INFO - Click back on current page.
2020-08-28 19:05:00,681 - 2 - INFO - 页面"【苹果导航】iPhone手机导航软件,iPhone导航软件免费下载大全-最笨下载"跳转正常,该类元素共19个，当前第17个
2020-08-28 19:05:01,143 - basepage - INFO - Click back on current page.
2020-08-28 19:05:08,187 - 2 - INFO - 页面"【苹果网络软件】iPhone手机网络软件,iPhone网络软件免费下载大全-最笨下载"跳转正常,该类元素共19个，当前第18个
2020-08-28 19:05:08,433 - basepage - INFO - Click back on current page.
2020-08-28 19:05:15,327 - 2 - INFO - 页面"【苹果助手软件】iPhone生活助手软件_iPhone生活助手软件免费下载大全-最笨下载"跳转正常,该类元素共19个，当前第19个
2020-08-28 19:05:15,574 - basepage - INFO - Click back on current page.
2020-08-28 19:05:23,990 - 2 - INFO - 页面"安致手游盒子ios版_安致手游盒子ios版下载_安致手游盒子ios版官方下载-最笨下载"跳转正常,该类元素共18个，当前第1个
2020-08-28 19:05:30,171 - 2 - INFO - 页面"爪游控游戏盒子ios版_爪游控游戏盒子ios版下载_爪游控游戏盒子ios版官方下载-最笨下载"跳转正常,该类元素共18个，当前第2个
2020-08-28 19:05:36,332 - 2 - INFO - 页面"手机玩盒子ios版_手机玩盒子ios版下载_手机玩盒子ios版官方下载-最笨下载"跳转正常,该类元素共18个，当前第3个
2020-08-28 19:05:42,510 - 2 - INFO - 页面"蜜小助ios版_蜜小助ios版下载_蜜小助ios版官方下载-最笨下载"跳转正常,该类元素共18个，当前第4个
2020-08-28 19:05:48,642 - 2 - INFO - 页面"BT游戏大全ios_BT游戏大全ios下载_BT游戏大全ios官方下载-最笨下载"跳转正常,该类元素共18个，当前第5个
2020-08-28 19:05:54,793 - 2 - INFO - 页面"小8游戏盒子ios_小8游戏盒子ios下载_小8游戏盒子ios官方下载-最笨下载"跳转正常,该类元素共18个，当前第6个
2020-08-28 19:06:00,929 - 2 - INFO - 页面"安卓市场ios版_安卓市场ios版下载_安卓市场ios版官方下载-最笨下载"跳转正常,该类元素共18个，当前第7个
2020-08-28 19:06:07,079 - 2 - INFO - 页面"剪映_剪映下载_剪映官方下载-最笨下载"跳转正常,该类元素共18个，当前第8个
2020-08-28 19:06:13,241 - 2 - INFO - 页面"吾爱看书ios版_吾爱看书ios版下载_吾爱看书ios版官方下载-最笨下载"跳转正常,该类元素共18个，当前第9个
2020-08-28 19:06:19,368 - 2 - INFO - 页面"7743游戏平台_7743游戏平台下载_7743游戏平台官方下载-最笨下载"跳转正常,该类元素共18个，当前第10个
2020-08-28 19:06:25,502 - 2 - INFO - 页面"搜书帝ios_搜书帝ios下载_搜书帝ios官方下载-最笨下载"跳转正常,该类元素共18个，当前第11个
2020-08-28 19:06:31,658 - 2 - INFO - 页面"大塘小鱼_大塘小鱼下载_大塘小鱼官方下载-最笨下载"跳转正常,该类元素共18个，当前第12个
2020-08-28 19:06:37,808 - 2 - INFO - 页面"花溪小说_花溪小说下载_花溪小说官方下载-最笨下载"跳转正常,该类元素共18个，当前第13个
2020-08-28 19:06:43,945 - 2 - INFO - 页面"手译_手译下载_手译官方下载-最笨下载"跳转正常,该类元素共18个，当前第14个
2020-08-28 19:06:50,083 - 2 - INFO - 页面"sjcam_sjcam下载_sjcam官方下载-最笨下载"跳转正常,该类元素共18个，当前第15个
2020-08-28 19:06:56,254 - 2 - INFO - 页面"WearHeart_WearHeart下载_WearHeart官方下载-最笨下载"跳转正常,该类元素共18个，当前第16个
2020-08-28 19:07:02,416 - 2 - INFO - 页面"仓鼠阅读_仓鼠阅读下载_仓鼠阅读官方下载-最笨下载"跳转正常,该类元素共18个，当前第17个
2020-08-28 19:07:08,565 - 2 - INFO - 页面"漫番漫画_漫番漫画下载_漫番漫画官方下载-最笨下载"跳转正常,该类元素共18个，当前第18个
2020-08-28 19:07:15,858 - 2 - INFO - 页面"变态手游公益服_bt手游变态服_无限元宝bt手游下载_BT手游中心-最笨下载"跳转正常,该类元素共13个，当前第1个
2020-08-28 19:07:16,188 - basepage - INFO - Click back on current page.
2020-08-28 19:07:24,041 - 2 - INFO - 页面"变态手游公益服_bt手游变态服_无限元宝bt手游下载_BT手游中心-最笨下载"跳转正常,该类元素共13个，当前第2个
2020-08-28 19:07:24,933 - basepage - INFO - Click back on current page.
2020-08-28 19:07:33,013 - 2 - INFO - 页面"变态手游公益服_bt手游变态服_无限元宝bt手游下载_BT手游中心-最笨下载"跳转正常,该类元素共13个，当前第3个
2020-08-28 19:07:34,064 - basepage - INFO - Click back on current page.
2020-08-28 19:07:41,883 - 2 - INFO - 页面"变态手游公益服_bt手游变态服_无限元宝bt手游下载_BT手游中心-最笨下载"跳转正常,该类元素共13个，当前第4个
2020-08-28 19:07:42,171 - basepage - INFO - Click back on current page.
2020-08-28 19:07:50,120 - 2 - INFO - 页面"变态手游公益服_bt手游变态服_无限元宝bt手游下载_BT手游中心-最笨下载"跳转正常,该类元素共13个，当前第5个
2020-08-28 19:07:50,956 - basepage - INFO - Click back on current page.
2020-08-28 19:07:58,815 - 2 - INFO - 页面"变态手游公益服_bt手游变态服_无限元宝bt手游下载_BT手游中心-最笨下载"跳转正常,该类元素共13个，当前第6个
2020-08-28 19:07:59,292 - basepage - INFO - Click back on current page.
2020-08-28 19:08:07,096 - 2 - INFO - 页面"变态手游公益服_bt手游变态服_无限元宝bt手游下载_BT手游中心-最笨下载"跳转正常,该类元素共13个，当前第7个
2020-08-28 19:08:07,364 - basepage - INFO - Click back on current page.
2020-08-28 19:08:15,120 - 2 - INFO - 页面"变态手游公益服_bt手游变态服_无限元宝bt手游下载_BT手游中心-最笨下载"跳转正常,该类元素共13个，当前第8个
2020-08-28 19:08:15,657 - basepage - INFO - Click back on current page.
2020-08-28 19:08:23,578 - 2 - INFO - 页面"变态手游公益服_bt手游变态服_无限元宝bt手游下载_BT手游中心-最笨下载"跳转正常,该类元素共13个，当前第9个
2020-08-28 19:08:24,152 - basepage - INFO - Click back on current page.
2020-08-28 19:08:35,079 - 2 - INFO - 页面"变态手游公益服_bt手游变态服_无限元宝bt手游下载_BT手游中心-最笨下载"跳转正常,该类元素共13个，当前第10个
2020-08-28 19:08:35,363 - basepage - INFO - Click back on current page.
2020-08-28 19:08:43,210 - 2 - INFO - 页面"变态手游公益服_bt手游变态服_无限元宝bt手游下载_BT手游中心-最笨下载"跳转正常,该类元素共13个，当前第11个
2020-08-28 19:08:43,526 - basepage - INFO - Click back on current page.
2020-08-28 19:08:51,520 - 2 - INFO - 页面"变态手游公益服_bt手游变态服_无限元宝bt手游下载_BT手游中心-最笨下载"跳转正常,该类元素共13个，当前第12个
2020-08-28 19:08:52,026 - basepage - INFO - Click back on current page.
2020-08-28 19:09:00,607 - 2 - INFO - 页面"变态手游公益服_bt手游变态服_无限元宝bt手游下载_BT手游中心-最笨下载"跳转正常,该类元素共13个，当前第13个
2020-08-28 19:09:01,139 - basepage - INFO - Click back on current page.
2020-08-28 19:09:09,535 - 2 - INFO - 页面"惊天战神（送千元充值）_惊天战神（送千元充值）无限元宝服_SF变态版惊天战神（送千元充值）公益服下载 - 最笨下载"跳转正常,该类元素共18个，当前第1个
2020-08-28 19:09:15,688 - 2 - INFO - 页面"迷城起源（送极品红宠）_迷城起源（送极品红宠）无限元宝服_SF变态版迷城起源（送极品红宠）公益服下载 - 最笨下载"跳转正常,该类元素共18个，当前第2个
2020-08-28 19:09:21,824 - 2 - INFO - 页面"斗转武林（爆海量充值卡）_斗转武林（爆海量充值卡）无限元宝服_SF变态版斗转武林（爆海量充值卡）公益服下载 - 最笨下载"跳转正常,该类元素共18个，当前第3个
2020-08-28 19:09:28,000 - 2 - INFO - 页面"小黑的宝藏（送海量充值）_小黑的宝藏（送海量充值）无限元宝服_SF变态版小黑的宝藏（送海量充值）公益服下载 - 最笨下载"跳转正常,该类元素共18个，当前第4个
2020-08-28 19:09:34,170 - 2 - INFO - 页面"小小三国志（送充值卡）_小小三国志（送充值卡）无限元宝服_SF变态版小小三国志（送充值卡）公益服下载 - 最笨下载"跳转正常,该类元素共18个，当前第5个
2020-08-28 19:09:40,324 - 2 - INFO - 页面"神谕传奇（送648充值）_神谕传奇（送648充值）无限元宝服_SF变态版神谕传奇（送648充值）公益服下载 - 最笨下载"跳转正常,该类元素共18个，当前第6个
2020-08-28 19:09:46,460 - 2 - INFO - 页面"天使圣域（欧皇海量抽）_天使圣域（欧皇海量抽）无限元宝服_SF变态版天使圣域（欧皇海量抽）公益服下载 - 最笨下载"跳转正常,该类元素共18个，当前第7个
2020-08-28 19:09:52,612 - 2 - INFO - 页面"斗罗大陆神界传说Ⅱ（天天送充值）_斗罗大陆神界传说Ⅱ（天天送充值）无限元宝服_SF变态版斗罗大陆神界传说Ⅱ（天天送充值）公益服下载 - 最笨下载"跳转正常,该类元素共18个，当前第8个
2020-08-28 19:09:58,772 - 2 - INFO - 页面"龙之霸业（送千元充值）_龙之霸业（送千元充值）无限元宝服_SF变态版龙之霸业（送千元充值）公益服下载 - 最笨下载"跳转正常,该类元素共18个，当前第9个
2020-08-28 19:10:04,910 - 2 - INFO - 页面"无双三国（送328充值）_无双三国（送328充值）无限元宝服_SF变态版无双三国（送328充值）公益服下载 - 最笨下载"跳转正常,该类元素共18个，当前第10个
2020-08-28 19:10:11,052 - 2 - INFO - 页面"六界之门（百抽海量特权）_六界之门（百抽海量特权）无限元宝服_SF变态版六界之门（百抽海量特权）公益服下载 - 最笨下载"跳转正常,该类元素共18个，当前第11个
2020-08-28 19:10:17,187 - 2 - INFO - 页面"阴阳界（送1000充值）_阴阳界（送1000充值）无限元宝服_SF变态版阴阳界（送1000充值）公益服下载 - 最笨下载"跳转正常,该类元素共18个，当前第12个
2020-08-28 19:10:23,374 - 2 - INFO - 页面"天域战记（天天送充值）_天域战记（天天送充值）无限元宝服_SF变态版天域战记（天天送充值）公益服下载 - 最笨下载"跳转正常,该类元素共18个，当前第13个
2020-08-28 19:10:29,516 - 2 - INFO - 页面"黑暗与荣耀（送史诗宠物）_黑暗与荣耀（送史诗宠物）无限元宝服_SF变态版黑暗与荣耀（送史诗宠物）公益服下载 - 最笨下载"跳转正常,该类元素共18个，当前第14个
2020-08-28 19:10:35,691 - 2 - INFO - 页面"剑心吟（送648充值）_剑心吟（送648充值）无限元宝服_SF变态版剑心吟（送648充值）公益服下载 - 最笨下载"跳转正常,该类元素共18个，当前第15个
2020-08-28 19:10:41,820 - 2 - INFO - 页面"一剑问情（海量充值特权）_一剑问情（海量充值特权）无限元宝服_SF变态版一剑问情（海量充值特权）公益服下载 - 最笨下载"跳转正常,该类元素共18个，当前第16个
2020-08-28 19:10:47,991 - 2 - INFO - 页面"少年勇者团（天天送充值）_少年勇者团（天天送充值）无限元宝服_SF变态版少年勇者团（天天送充值）公益服下载 - 最笨下载"跳转正常,该类元素共18个，当前第17个
2020-08-28 19:10:54,133 - 2 - INFO - 页面"修仙记（送海量充值）_修仙记（送海量充值）无限元宝服_SF变态版修仙记（送海量充值）公益服下载 - 最笨下载"跳转正常,该类元素共18个，当前第18个
2020-08-28 19:11:01,064 - 2 - INFO - 页面"满vip版手游_手游sf送顶级vip_满级vip无限元宝手游下载-最笨下载"跳转正常,该类元素共13个，当前第1个
2020-08-28 19:11:01,354 - basepage - INFO - Click back on current page.
2020-08-28 19:11:09,155 - 2 - INFO - 页面"满vip版手游_手游sf送顶级vip_满级vip无限元宝手游下载-最笨下载"跳转正常,该类元素共13个，当前第2个
2020-08-28 19:11:09,697 - basepage - INFO - Click back on current page.
2020-08-28 19:11:17,790 - 2 - INFO - 页面"满vip版手游_手游sf送顶级vip_满级vip无限元宝手游下载-最笨下载"跳转正常,该类元素共13个，当前第3个
2020-08-28 19:11:18,316 - basepage - INFO - Click back on current page.
2020-08-28 19:11:26,170 - 2 - INFO - 页面"满vip版手游_手游sf送顶级vip_满级vip无限元宝手游下载-最笨下载"跳转正常,该类元素共13个，当前第4个
2020-08-28 19:11:26,445 - basepage - INFO - Click back on current page.
2020-08-28 19:11:34,138 - 2 - INFO - 页面"满vip版手游_手游sf送顶级vip_满级vip无限元宝手游下载-最笨下载"跳转正常,该类元素共13个，当前第5个
2020-08-28 19:11:34,648 - basepage - INFO - Click back on current page.
2020-08-28 19:11:42,701 - 2 - INFO - 页面"满vip版手游_手游sf送顶级vip_满级vip无限元宝手游下载-最笨下载"跳转正常,该类元素共13个，当前第6个
2020-08-28 19:11:43,259 - basepage - INFO - Click back on current page.
2020-08-28 19:11:50,918 - 2 - INFO - 页面"满vip版手游_手游sf送顶级vip_满级vip无限元宝手游下载-最笨下载"跳转正常,该类元素共13个，当前第7个
2020-08-28 19:11:51,273 - basepage - INFO - Click back on current page.
2020-08-28 19:11:59,032 - 2 - INFO - 页面"满vip版手游_手游sf送顶级vip_满级vip无限元宝手游下载-最笨下载"跳转正常,该类元素共13个，当前第8个
2020-08-28 19:11:59,740 - basepage - INFO - Click back on current page.
2020-08-28 19:12:07,534 - 2 - INFO - 页面"满vip版手游_手游sf送顶级vip_满级vip无限元宝手游下载-最笨下载"跳转正常,该类元素共13个，当前第9个
2020-08-28 19:12:08,058 - basepage - INFO - Click back on current page.
2020-08-28 19:12:16,214 - 2 - INFO - 页面"满vip版手游_手游sf送顶级vip_满级vip无限元宝手游下载-最笨下载"跳转正常,该类元素共13个，当前第10个
