2020-09-10 18:20:07,863 - basepage - INFO - zuiben自动化测试开始
2020-09-10 18:20:07,864 - basepage - INFO - 隐性等待 10 秒
2020-09-10 18:20:13,159 - basepage - INFO - 跳转至https://www.zuiben.com/
2020-09-10 18:20:15,281 - basepage - INFO - 窗口已经最大化
2020-09-10 18:20:20,914 - 2 - INFO - 页面"【安卓游戏】好玩的安卓游戏下载_安卓游戏排行榜_安卓游戏免费下载大全-最笨下载"跳转正常,该类元素共21个，当前第1个
2020-09-10 18:20:21,137 - basepage - INFO - Click back on current page.
2020-09-10 18:20:25,515 - 2 - INFO - 页面"变态手游公益服_bt手游变态服_无限元宝bt手游下载_BT手游中心-最笨下载"跳转正常,该类元素共21个，当前第2个
2020-09-10 18:20:25,850 - basepage - INFO - Click back on current page.
2020-09-10 18:20:30,683 - 2 - INFO - 页面"gm版手游_无限元宝/钻石公益服_0元免费gm权限手游下载-最笨下载"跳转正常,该类元素共21个，当前第3个
2020-09-10 18:20:30,912 - basepage - INFO - Click back on current page.
2020-09-10 18:20:37,119 - 2 - INFO - 页面"【苹果游戏】iphone苹果手机游戏下载_iphone苹果游戏排行榜-最笨下载"跳转正常,该类元素共21个，当前第4个
2020-09-10 18:20:37,463 - basepage - INFO - Click back on current page.
2020-09-10 18:20:41,929 - 2 - INFO - 页面"满vip版手游_手游sf送顶级vip_满级vip无限元宝手游下载-最笨下载"跳转正常,该类元素共21个，当前第5个
2020-09-10 18:20:42,145 - basepage - INFO - Click back on current page.
2020-09-10 18:20:48,102 - 2 - INFO - 页面"【安卓软件】安卓软件下载_安卓手机软件下载_安卓软件免费下载大全-最笨下载"跳转正常,该类元素共21个，当前第6个
2020-09-10 18:20:48,449 - basepage - INFO - Click back on current page.
2020-09-10 18:20:54,219 - 2 - INFO - 页面"【苹果软件】iphone苹果下载软件_iphone苹果软件免费下载_苹果软件下载大全-最笨下载"跳转正常,该类元素共21个，当前第7个
2020-09-10 18:20:54,423 - basepage - INFO - Click back on current page.
2020-09-10 18:20:58,881 - 2 - INFO - 页面"【安卓资讯】安卓资讯推荐_安卓资讯大全-最笨下载"跳转正常,该类元素共21个，当前第8个
2020-09-10 18:20:59,212 - basepage - INFO - Click back on current page.
2020-09-10 18:21:03,640 - 2 - INFO - 页面"【安卓游戏攻略】安卓游戏攻略推荐_安卓游戏攻略大全-最笨下载"跳转正常,该类元素共21个，当前第9个
2020-09-10 18:21:03,854 - basepage - INFO - Click back on current page.
2020-09-10 18:21:08,402 - 2 - INFO - 页面"【安卓软件教程】安卓软件教程推荐_安卓软件教程大全-最笨下载"跳转正常,该类元素共21个，当前第10个
2020-09-10 18:21:08,734 - basepage - INFO - Click back on current page.
2020-09-10 18:21:13,641 - 2 - INFO - 页面"【iphone资讯】iphone资讯推荐_iphone资讯大全-最笨下载"跳转正常,该类元素共21个，当前第11个
2020-09-10 18:21:13,848 - basepage - INFO - Click back on current page.
2020-09-10 18:21:18,387 - 2 - INFO - 页面"【iPhone游戏攻略】iPhone游戏攻略推荐_iPhone游戏攻略大全-最笨下载"跳转正常,该类元素共21个，当前第12个
2020-09-10 18:21:18,713 - basepage - INFO - Click back on current page.
2020-09-10 18:21:23,172 - 2 - INFO - 页面"【系统重装教程】电脑重装系统教程_电脑怎么重装系统_重装系统步骤-最笨下载"跳转正常,该类元素共21个，当前第13个
2020-09-10 18:21:23,381 - basepage - INFO - Click back on current page.
2020-09-10 18:21:29,190 - 2 - INFO - 页面"安卓专题-最笨下载"跳转正常,该类元素共21个，当前第14个
2020-09-10 18:21:29,532 - basepage - INFO - Click back on current page.
2020-09-10 18:21:35,592 - 2 - INFO - 页面"游戏专题-最笨下载"跳转正常,该类元素共21个，当前第15个
2020-09-10 18:21:35,793 - basepage - INFO - Click back on current page.
2020-09-10 18:21:41,418 - 2 - INFO - 页面"苹果专题-最笨下载"跳转正常,该类元素共21个，当前第16个
2020-09-10 18:21:41,640 - basepage - INFO - Click back on current page.
2020-09-10 18:21:49,673 - 2 - INFO - 页面"【电脑软件】电脑软件下载_电脑装机必备软件_电脑常用软件下载_电脑软件大全-最笨下载"跳转正常,该类元素共21个，当前第17个
2020-09-10 18:21:50,029 - basepage - INFO - Click back on current page.
2020-09-10 18:21:56,002 - 2 - INFO - 页面"【电脑软件】电脑软件下载_电脑装机必备软件_电脑常用软件下载_电脑软件大全-最笨下载"跳转正常,该类元素共21个，当前第18个
2020-09-10 18:21:56,197 - basepage - INFO - Click back on current page.
2020-09-10 18:22:00,694 - 2 - INFO - 页面"【激活工具】激活windows工具_万能激活工具_windows激活工具下载_自动激活工具-最笨下载"跳转正常,该类元素共21个，当前第19个
2020-09-10 18:22:01,026 - basepage - INFO - Click back on current page.
2020-09-10 18:22:05,188 - 2 - INFO - 页面"【系统重装教程】电脑重装系统教程_电脑怎么重装系统_重装系统步骤-最笨下载"跳转正常,该类元素共21个，当前第20个
2020-09-10 18:22:05,393 - basepage - INFO - Click back on current page.
2020-09-10 18:22:09,545 - 2 - INFO - 页面"【系统重装教程】电脑重装系统教程_电脑怎么重装系统_重装系统步骤-最笨下载"跳转正常,该类元素共21个，当前第21个
2020-09-10 18:22:09,903 - basepage - INFO - Click back on current page.
2020-09-10 18:22:17,793 - 2 - INFO - 页面"家庭教师OL手游"跳转正常,该类元素共10个，当前第1个
2020-09-10 18:22:23,939 - 2 - INFO - 页面"魔女骑士团手游"跳转正常,该类元素共10个，当前第2个
2020-09-10 18:22:30,078 - 2 - INFO - 页面"决胜足球手游"跳转正常,该类元素共10个，当前第3个
2020-09-10 18:22:36,227 - 2 - INFO - 页面"少女战争手游"跳转正常,该类元素共10个，当前第4个
2020-09-10 18:22:42,355 - 2 - INFO - 页面"天神战（魔灵特权）"跳转正常,该类元素共10个，当前第5个
2020-09-10 18:22:48,515 - 2 - INFO - 页面"最Q幻想手游"跳转正常,该类元素共10个，当前第6个
2020-09-10 18:22:54,666 - 2 - INFO - 页面"回到三国志手游"跳转正常,该类元素共10个，当前第7个
2020-09-10 18:23:00,823 - 2 - INFO - 页面"幻游猎人手游"跳转正常,该类元素共10个，当前第8个
2020-09-10 18:23:06,934 - 2 - INFO - 页面"王者荣耀"跳转正常,该类元素共10个，当前第9个
2020-09-10 18:23:13,073 - 2 - INFO - 页面"公主连结手游"跳转正常,该类元素共10个，当前第10个
2020-09-10 18:23:19,234 - 2 - INFO - 页面"魔侠传（开服送2000充）"跳转正常,该类元素共20个，当前第1个
2020-09-10 18:23:25,398 - 2 - INFO - 页面"仙风道骨（送GM海量充）"跳转正常,该类元素共20个，当前第2个
2020-09-10 18:23:31,542 - 2 - INFO - 页面"少年群侠传（送千元充值）"跳转正常,该类元素共20个，当前第3个
2020-09-10 18:23:37,688 - 2 - INFO - 页面"仙灵世界（送海量连抽）"跳转正常,该类元素共20个，当前第4个
2020-09-10 18:23:43,831 - 2 - INFO - 页面"不思议地下城（百抽特权）"跳转正常,该类元素共20个，当前第5个
2020-09-10 18:23:49,999 - 2 - INFO - 页面"妖神记（抽动漫周边）"跳转正常,该类元素共20个，当前第6个
2020-09-10 18:23:56,162 - 2 - INFO - 页面"魔龙诀（全屏爆宝）"跳转正常,该类元素共20个，当前第7个
2020-09-10 18:24:02,319 - 2 - INFO - 页面"天天怼三国（送千元充值）"跳转正常,该类元素共20个，当前第8个
2020-09-10 18:24:08,485 - 2 - INFO - 页面"剑侠风云（送海量充值）"跳转正常,该类元素共20个，当前第9个
2020-09-10 18:24:14,664 - 2 - INFO - 页面"小小三国志（送充值卡）"跳转正常,该类元素共20个，当前第10个
2020-09-10 18:24:20,823 - 2 - INFO - 页面"机甲战纪（送GM特权）"跳转正常,该类元素共20个，当前第11个
2020-09-10 18:24:26,980 - 2 - INFO - 页面"无敌战舰（送百元充值）"跳转正常,该类元素共20个，当前第12个
2020-09-10 18:24:33,123 - 2 - INFO - 页面"大话许仙（钱庄特权）"跳转正常,该类元素共20个，当前第13个
2020-09-10 18:24:39,282 - 2 - INFO - 页面"异能勇者"跳转正常,该类元素共20个，当前第14个
2020-09-10 18:24:45,402 - 2 - INFO - 页面"崩坏西游（送1688元充值）"跳转正常,该类元素共20个，当前第15个
2020-09-10 18:24:51,590 - 2 - INFO - 页面"武动九天（GM免费特权）"跳转正常,该类元素共20个，当前第16个
2020-09-10 18:24:57,698 - 2 - INFO - 页面"冒险之旅（百抽特权）"跳转正常,该类元素共20个，当前第17个
2020-09-10 18:25:03,820 - 2 - INFO - 页面"仙语奇缘（海量特权）"跳转正常,该类元素共20个，当前第18个
2020-09-10 18:25:09,960 - 2 - INFO - 页面"莽荒纪（海量充值卡）"跳转正常,该类元素共20个，当前第19个
2020-09-10 18:25:16,137 - 2 - INFO - 页面"纵剑仙界（送VIP代金券）"跳转正常,该类元素共20个，当前第20个
2020-09-10 18:25:24,100 - 2 - INFO - 页面"魔侠传（开服送2000充）"跳转正常,该类元素共10个，当前第1个
2020-09-10 18:25:30,243 - 2 - INFO - 页面"仙风道骨（送GM海量充）"跳转正常,该类元素共10个，当前第2个
2020-09-10 18:25:36,391 - 2 - INFO - 页面"少年群侠传（送千元充值）"跳转正常,该类元素共10个，当前第3个
2020-09-10 18:25:42,556 - 2 - INFO - 页面"仙灵世界（送海量连抽）"跳转正常,该类元素共10个，当前第4个
2020-09-10 18:25:48,667 - 2 - INFO - 页面"不思议地下城（百抽特权）"跳转正常,该类元素共10个，当前第5个
2020-09-10 18:25:54,790 - 2 - INFO - 页面"妖神记（抽动漫周边）"跳转正常,该类元素共10个，当前第6个
2020-09-10 18:26:00,923 - 2 - INFO - 页面"魔龙诀（全屏爆宝）"跳转正常,该类元素共10个，当前第7个
2020-09-10 18:26:07,050 - 2 - INFO - 页面"天天怼三国（送千元充值）"跳转正常,该类元素共10个，当前第8个
2020-09-10 18:26:13,191 - 2 - INFO - 页面"剑侠风云（送海量充值）"跳转正常,该类元素共10个，当前第9个
2020-09-10 18:26:19,327 - 2 - INFO - 页面"小小三国志（送充值卡）"跳转正常,该类元素共10个，当前第10个
2020-09-10 18:26:25,488 - 2 - INFO - 页面"魔侠传（开服送2000充）"跳转正常,该类元素共20个，当前第1个
2020-09-10 18:26:31,651 - 2 - INFO - 页面"仙风道骨（送GM海量充）"跳转正常,该类元素共20个，当前第2个
2020-09-10 18:26:37,776 - 2 - INFO - 页面"武器之王（满屏爆装）"跳转正常,该类元素共20个，当前第3个
2020-09-10 18:26:48,494 - 2 - INFO - 页面"凡人飞仙传（六界纷争）"跳转正常,该类元素共20个，当前第4个
2020-09-10 18:26:54,619 - 2 - INFO - 页面"少年群侠传（送千元充值）"跳转正常,该类元素共20个，当前第5个
2020-09-10 18:27:00,772 - 2 - INFO - 页面"神龙猎手（开局送万抽）"跳转正常,该类元素共20个，当前第6个
2020-09-10 18:27:06,924 - 2 - INFO - 页面"仙灵世界（送海量连抽）"跳转正常,该类元素共20个，当前第7个
2020-09-10 18:27:13,079 - 2 - INFO - 页面"怒火一刀（天天送充值）"跳转正常,该类元素共20个，当前第8个
2020-09-10 18:27:19,240 - 2 - INFO - 页面"女神联盟2（送500充值）"跳转正常,该类元素共20个，当前第9个
2020-09-10 18:27:25,367 - 2 - INFO - 页面"乱戳三国2（送GM特权）"跳转正常,该类元素共20个，当前第10个
2020-09-10 18:27:31,524 - 2 - INFO - 页面"烈火战神（满屏福利）"跳转正常,该类元素共20个，当前第11个
2020-09-10 18:27:37,619 - 2 - INFO - 页面"九曲封神（送海量充值）"跳转正常,该类元素共20个，当前第12个
2020-09-10 18:27:43,772 - 2 - INFO - 页面"不思议地下城（百抽特权）"跳转正常,该类元素共20个，当前第13个
2020-09-10 18:27:49,909 - 2 - INFO - 页面"妖神记（抽动漫周边）"跳转正常,该类元素共20个，当前第14个
2020-09-10 18:27:56,089 - 2 - INFO - 页面"魔龙诀（全屏爆宝）"跳转正常,该类元素共20个，当前第15个
2020-09-10 18:28:02,217 - 2 - INFO - 页面"天天怼三国（送千元充值）"跳转正常,该类元素共20个，当前第16个
2020-09-10 18:28:08,388 - 2 - INFO - 页面"乱世江湖（天天送充值）"跳转正常,该类元素共20个，当前第17个
2020-09-10 18:28:14,550 - 2 - INFO - 页面"传奇盛世（高返定制服）"跳转正常,该类元素共20个，当前第18个
2020-09-10 18:28:20,704 - 2 - INFO - 页面"黑暗与荣耀（送史诗宠物）"跳转正常,该类元素共20个，当前第19个
2020-09-10 18:28:26,844 - 2 - INFO - 页面"剑侠风云（送海量充值）"跳转正常,该类元素共20个，当前第20个
2020-09-10 18:28:34,795 - 2 - INFO - 页面"魔侠传（开服送2000充）"跳转正常,该类元素共10个，当前第1个
2020-09-10 19:01:19,079 - 2 - INFO - 页面"仙风道骨（送GM海量充）"跳转正常,该类元素共10个，当前第2个
2020-09-10 19:01:25,200 - 2 - INFO - 页面"少年群侠传（送千元充值）"跳转正常,该类元素共10个，当前第3个
2020-09-10 19:01:31,317 - 2 - INFO - 页面"仙灵世界（送海量连抽）"跳转正常,该类元素共10个，当前第4个
2020-09-10 19:01:37,433 - 2 - INFO - 页面"不思议地下城（百抽特权）"跳转正常,该类元素共10个，当前第5个
2020-09-10 19:01:43,543 - 2 - INFO - 页面"妖神记（抽动漫周边）"跳转正常,该类元素共10个，当前第6个
2020-09-10 19:01:49,660 - 2 - INFO - 页面"魔龙诀（全屏爆宝）"跳转正常,该类元素共10个，当前第7个
2020-09-10 19:01:55,776 - 2 - INFO - 页面"天天怼三国（送千元充值）"跳转正常,该类元素共10个，当前第8个
2020-09-10 19:02:01,888 - 2 - INFO - 页面"剑侠风云（送海量充值）"跳转正常,该类元素共10个，当前第9个
2020-09-10 19:02:08,002 - 2 - INFO - 页面"小小三国志（送充值卡）"跳转正常,该类元素共10个，当前第10个
2020-09-10 19:02:14,127 - 2 - INFO - 页面"魔侠传（开服送2000充）"跳转正常,该类元素共20个，当前第1个
2020-09-10 19:02:20,243 - 2 - INFO - 页面"仙风道骨（送GM海量充）"跳转正常,该类元素共20个，当前第2个
2020-09-10 19:02:26,357 - 2 - INFO - 页面"武器之王（满屏爆装）"跳转正常,该类元素共20个，当前第3个
2020-09-10 19:02:32,472 - 2 - INFO - 页面"凡人飞仙传（六界纷争）"跳转正常,该类元素共20个，当前第4个
2020-09-10 19:02:38,597 - 2 - INFO - 页面"少年群侠传（送千元充值）"跳转正常,该类元素共20个，当前第5个
2020-09-10 19:02:44,710 - 2 - INFO - 页面"神龙猎手（开局送万抽）"跳转正常,该类元素共20个，当前第6个
2020-09-10 19:02:50,848 - 2 - INFO - 页面"仙灵世界（送海量连抽）"跳转正常,该类元素共20个，当前第7个
2020-09-10 19:02:56,966 - 2 - INFO - 页面"怒火一刀（天天送充值）"跳转正常,该类元素共20个，当前第8个
2020-09-10 19:03:03,120 - 2 - INFO - 页面"女神联盟2（送500充值）"跳转正常,该类元素共20个，当前第9个
2020-09-10 19:03:09,269 - 2 - INFO - 页面"乱戳三国2（送GM特权）"跳转正常,该类元素共20个，当前第10个
2020-09-10 19:03:15,420 - 2 - INFO - 页面"烈火战神（满屏福利）"跳转正常,该类元素共20个，当前第11个
2020-09-10 19:03:21,592 - 2 - INFO - 页面"九曲封神（送海量充值）"跳转正常,该类元素共20个，当前第12个
2020-09-10 19:03:27,714 - 2 - INFO - 页面"不思议地下城（百抽特权）"跳转正常,该类元素共20个，当前第13个
2020-09-10 19:03:33,857 - 2 - INFO - 页面"妖神记（抽动漫周边）"跳转正常,该类元素共20个，当前第14个
2020-09-10 19:03:39,979 - 2 - INFO - 页面"魔龙诀（全屏爆宝）"跳转正常,该类元素共20个，当前第15个
2020-09-10 19:03:46,107 - 2 - INFO - 页面"天天怼三国（送千元充值）"跳转正常,该类元素共20个，当前第16个
2020-09-10 19:03:52,229 - 2 - INFO - 页面"乱世江湖（天天送充值）"跳转正常,该类元素共20个，当前第17个
2020-09-10 19:03:58,345 - 2 - INFO - 页面"传奇盛世（高返定制服）"跳转正常,该类元素共20个，当前第18个
2020-09-10 19:04:04,459 - 2 - INFO - 页面"黑暗与荣耀（送史诗宠物）"跳转正常,该类元素共20个，当前第19个
2020-09-10 19:04:10,575 - 2 - INFO - 页面"剑侠风云（送海量充值）"跳转正常,该类元素共20个，当前第20个
2020-09-10 19:04:18,188 - 2 - INFO - 页面"《乱戳三国2（送GM特权）》创角即送：VIP18、30"跳转正常,该类元素共1个，当前第1个
2020-09-10 19:04:18,387 - basepage - INFO - Click back on current page.
2020-09-10 19:04:23,899 - 2 - INFO - 页面"《九曲封神（送海量充值）》上线就送VIP8，388"跳转正常,该类元素共1个，当前第1个
2020-09-10 19:04:24,107 - basepage - INFO - Click back on current page.
2020-09-10 19:04:29,646 - 2 - INFO - 页面"《武器之王（满屏爆装）》上线送VIP10，50万福利"跳转正常,该类元素共1个，当前第1个
2020-09-10 19:04:29,909 - basepage - INFO - Click back on current page.
2020-09-10 19:04:35,463 - 2 - INFO - 页面"《怒火一刀（天天送充值）》创角送满Vip，6888"跳转正常,该类元素共1个，当前第1个
2020-09-10 19:04:35,726 - basepage - INFO - Click back on current page.
2020-09-10 19:04:41,863 - 2 - ERROR - 页面"《凡人飞仙传（六界纷争）》上线赠送VIP8、元宝"跳转异常,该类元素共1个，当前第1个
2020-09-10 19:04:42,622 - basepage - INFO - Click back on current page.
2020-09-10 19:04:48,913 - 2 - INFO - 页面"【最笨周末活动】8.7 周末活动海量惊喜等你来拿"跳转正常,该类元素共1个，当前第1个
2020-09-10 19:04:49,228 - basepage - INFO - Click back on current page.
2020-09-10 19:04:53,914 - 2 - INFO - 页面"我的西游（送648充值）"跳转正常,该类元素共12个，当前第1个
2020-09-10 19:04:54,143 - basepage - INFO - Click back on current page.
2020-09-10 19:04:58,809 - 2 - INFO - 页面"噢咿噢梦之起点（送海量钻石）"跳转正常,该类元素共12个，当前第2个
2020-09-10 19:04:59,108 - basepage - INFO - Click back on current page.
2020-09-10 19:05:03,704 - 2 - INFO - 页面"星聚（剪影风放置）"跳转正常,该类元素共12个，当前第3个
2020-09-10 19:05:03,942 - basepage - INFO - Click back on current page.
2020-09-10 19:05:08,863 - 2 - INFO - 页面"诸世王者（送海量充值）"跳转正常,该类元素共12个，当前第4个
2020-09-10 19:05:09,092 - basepage - INFO - Click back on current page.
2020-09-10 19:05:13,772 - 2 - INFO - 页面"龙之歌（放置城堡）"跳转正常,该类元素共12个，当前第5个
2020-09-10 19:05:14,026 - basepage - INFO - Click back on current page.
2020-09-10 19:05:18,759 - 2 - INFO - 页面"啪啪三国2（送328充值）"跳转正常,该类元素共12个，当前第6个
2020-09-10 19:05:18,991 - basepage - INFO - Click back on current page.
2020-09-10 19:05:23,808 - 2 - INFO - 页面"新世纪福音战士：破晓（终极火力）"跳转正常,该类元素共12个，当前第7个
2020-09-10 19:05:24,109 - basepage - INFO - Click back on current page.
2020-09-10 19:05:29,041 - 2 - INFO - 页面"进击的少女（送全GM商城）"跳转正常,该类元素共12个，当前第8个
2020-09-10 19:05:29,275 - basepage - INFO - Click back on current page.
2020-09-10 19:05:34,348 - 2 - INFO - 页面"修真界（爆海量充值）"跳转正常,该类元素共12个，当前第9个
2020-09-10 19:05:34,629 - basepage - INFO - Click back on current page.
2020-09-10 19:05:39,064 - 2 - INFO - 页面"轩辕剑3（送千元充值）"跳转正常,该类元素共12个，当前第10个
2020-09-10 19:05:39,307 - basepage - INFO - Click back on current page.
2020-09-10 19:05:43,780 - 2 - INFO - 页面"鬼武三国志（飞升特权）"跳转正常,该类元素共12个，当前第11个
2020-09-10 19:05:44,007 - basepage - INFO - Click back on current page.
2020-09-10 19:05:48,607 - 2 - INFO - 页面"封仙传奇（送神兽青龙）"跳转正常,该类元素共12个，当前第12个
2020-09-10 19:05:48,873 - basepage - INFO - Click back on current page.
2020-09-10 19:05:54,520 - 2 - INFO - 页面"魔兽世界怀旧服2020年6月7日人口普查一览"跳转正常,该类元素共2个，当前第1个
2020-09-10 19:05:54,952 - basepage - INFO - Click back on current page.
2020-09-10 19:06:01,766 - 2 - INFO - 页面"DNF萌噬噬宠物属性怎么样？萌噬噬属性介绍"跳转正常,该类元素共2个，当前第2个
2020-09-10 19:06:02,006 - basepage - INFO - Click back on current page.
2020-09-10 19:06:08,881 - 2 - INFO - 页面"原神北风之盏怎么样-北风之盏属性攻略-最笨下载"跳转正常,该类元素共14个，当前第1个
2020-09-10 19:06:09,334 - basepage - INFO - Click back on current page.
2020-09-10 19:06:15,867 - 2 - INFO - 页面"原神翠绿猎人的容器怎么样-翠绿猎人的容器属性攻略-最笨下载"跳转正常,该类元素共14个，当前第2个
2020-09-10 19:06:16,138 - basepage - INFO - Click back on current page.
2020-09-10 19:06:23,007 - 2 - INFO - 页面"原神角斗士的酣醉怎么样-角斗士的酣醉属性攻略-最笨下载"跳转正常,该类元素共14个，当前第3个
2020-09-10 19:06:23,272 - basepage - INFO - Click back on current page.
2020-09-10 19:06:30,476 - 2 - INFO - 页面"十三号病院怎么调配40克洗衣粉-40克洗衣粉调配攻略-最笨下载"跳转正常,该类元素共14个，当前第4个
2020-09-10 19:06:30,944 - basepage - INFO - Click back on current page.
2020-09-10 19:06:37,840 - 2 - INFO - 页面"不朽之旅贵族之后身份怎么样-贵族之后身份职业推荐-最笨下载"跳转正常,该类元素共14个，当前第5个
2020-09-10 19:06:38,072 - basepage - INFO - Click back on current page.
2020-09-10 19:06:44,960 - 2 - INFO - 页面"妄想山海吞噬什么巨兽能进化-吞噬进化巨兽解析-最笨下载"跳转正常,该类元素共14个，当前第6个
2020-09-10 19:06:45,188 - basepage - INFO - Click back on current page.
2020-09-10 19:06:51,970 - 2 - INFO - 页面"炉石传说机克牧怎么玩-机克牧攻略-最笨下载"跳转正常,该类元素共14个，当前第7个
2020-09-10 19:06:52,467 - basepage - INFO - Click back on current page.
2020-09-10 19:06:59,319 - 2 - INFO - 页面"炉石传说狂野otk怎么玩-狂野otk攻略-最笨下载"跳转正常,该类元素共14个，当前第8个
2020-09-10 19:06:59,588 - basepage - INFO - Click back on current page.
2020-09-10 19:07:06,506 - 2 - INFO - 页面"不朽之旅商贾之后怎么样-商贾之后身份适合流派推荐-最笨下载"跳转正常,该类元素共14个，当前第9个
2020-09-10 19:07:06,890 - basepage - INFO - Click back on current page.
2020-09-10 19:07:13,766 - 2 - INFO - 页面"炉石传说奇迹法怎么玩-奇迹法攻略-最笨下载"跳转正常,该类元素共14个，当前第10个
2020-09-10 19:07:14,109 - basepage - INFO - Click back on current page.
2020-09-10 19:07:20,892 - 2 - INFO - 页面"炉石传说中速猎怎么玩-中速猎攻略-最笨下载"跳转正常,该类元素共14个，当前第11个
2020-09-10 19:07:21,119 - basepage - INFO - Click back on current page.
2020-09-10 19:07:27,913 - 2 - INFO - 页面"炉石传说超生德怎么玩-超生德攻略-最笨下载"跳转正常,该类元素共14个，当前第12个
2020-09-10 19:07:28,349 - basepage - INFO - Click back on current page.
2020-09-10 19:07:35,467 - 2 - INFO - 页面"江南百景图汪五峰珍宝怎么搭配,江南百景图汪五峰珍宝搭配推荐-最笨下载"跳转正常,该类元素共14个，当前第13个
2020-09-10 19:07:35,679 - basepage - INFO - Click back on current page.
2020-09-10 19:07:42,698 - 2 - INFO - 页面"万象物语精炼魂能怎么刷-精炼魂能速刷攻略-最笨下载"跳转正常,该类元素共14个，当前第14个
2020-09-10 19:07:43,095 - basepage - INFO - Click back on current page.
2020-09-10 19:07:51,408 - 2 - INFO - 页面"我的生存无限钻石无限金币-我的生存无限资源破"跳转正常,该类元素共2个，当前第1个
2020-09-10 19:07:51,734 - basepage - INFO - Click back on current page.
2020-09-10 19:07:58,719 - 2 - INFO - 页面"钢铁之躯2新大陆中文版无限金币-我的生存破解版"跳转正常,该类元素共2个，当前第2个
2020-09-10 19:07:58,952 - basepage - INFO - Click back on current page.
2020-09-10 19:08:05,440 - 2 - INFO - 页面"满vip版手游_手游sf送顶级vip_满级vip无限元宝手游下载-最笨下载"跳转正常,该类元素共28个，当前第1个
2020-09-10 19:08:05,828 - basepage - INFO - Click back on current page.
2020-09-10 19:08:12,430 - 2 - INFO - 页面"魔侠传（开服送2000充）_魔侠传（开服送2000充）无限元宝服_SF变态版魔侠传（开服送2000充）公益服下载 - 最笨下载"跳转正常,该类元素共28个，当前第2个
2020-09-10 19:08:12,667 - basepage - INFO - Click back on current page.
2020-09-10 19:08:19,137 - 2 - INFO - 页面"满vip版手游_手游sf送顶级vip_满级vip无限元宝手游下载-最笨下载"跳转正常,该类元素共28个，当前第3个
2020-09-10 19:08:19,558 - basepage - INFO - Click back on current page.
2020-09-10 19:08:26,104 - 2 - INFO - 页面"仙风道骨（送GM海量充）_仙风道骨（送GM海量充）无限元宝服_SF变态版仙风道骨（送GM海量充）公益服下载 - 最笨下载"跳转正常,该类元素共28个，当前第4个
2020-09-10 19:08:26,334 - basepage - INFO - Click back on current page.
2020-09-10 19:08:32,822 - 2 - INFO - 页面"变态手游公益服_bt手游变态服_无限元宝bt手游下载_BT手游中心-最笨下载"跳转正常,该类元素共28个，当前第5个
2020-09-10 19:08:33,243 - basepage - INFO - Click back on current page.
2020-09-10 19:08:39,786 - 2 - INFO - 页面"武器之王（满屏爆装）_武器之王（满屏爆装）无限元宝服_SF变态版武器之王（满屏爆装）公益服下载 - 最笨下载"跳转正常,该类元素共28个，当前第6个
2020-09-10 19:08:40,016 - basepage - INFO - Click back on current page.
2020-09-10 19:08:46,465 - 2 - INFO - 页面"变态手游公益服_bt手游变态服_无限元宝bt手游下载_BT手游中心-最笨下载"跳转正常,该类元素共28个，当前第7个
2020-09-10 19:08:46,828 - basepage - INFO - Click back on current page.
2020-09-10 19:08:53,357 - 2 - INFO - 页面"凡人飞仙传（六界纷争）_凡人飞仙传（六界纷争）无限元宝服_SF变态版凡人飞仙传（六界纷争）公益服下载 - 最笨下载"跳转正常,该类元素共28个，当前第8个
2020-09-10 19:08:53,560 - basepage - INFO - Click back on current page.
2020-09-10 19:09:00,084 - 2 - INFO - 页面"变态手游公益服_bt手游变态服_无限元宝bt手游下载_BT手游中心-最笨下载"跳转正常,该类元素共28个，当前第9个
2020-09-10 19:09:00,498 - basepage - INFO - Click back on current page.
2020-09-10 19:09:07,111 - 2 - INFO - 页面"少年群侠传（送千元充值）_少年群侠传（送千元充值）无限元宝服_SF变态版少年群侠传（送千元充值）公益服下载 - 最笨下载"跳转正常,该类元素共28个，当前第10个
2020-09-10 19:09:07,398 - basepage - INFO - Click back on current page.
2020-09-10 19:09:13,876 - 2 - INFO - 页面"变态手游公益服_bt手游变态服_无限元宝bt手游下载_BT手游中心-最笨下载"跳转正常,该类元素共28个，当前第11个
2020-09-10 19:09:14,289 - basepage - INFO - Click back on current page.
2020-09-10 19:09:20,816 - 2 - INFO - 页面"神龙猎手（开局送万抽）_神龙猎手（开局送万抽）无限元宝服_SF变态版神龙猎手（开局送万抽）公益服下载 - 最笨下载"跳转正常,该类元素共28个，当前第12个
2020-09-10 19:09:21,048 - basepage - INFO - Click back on current page.
2020-09-10 19:09:27,494 - 2 - INFO - 页面"满vip版手游_手游sf送顶级vip_满级vip无限元宝手游下载-最笨下载"跳转正常,该类元素共28个，当前第13个
2020-09-10 19:09:27,890 - basepage - INFO - Click back on current page.
2020-09-10 19:09:34,422 - 2 - INFO - 页面"仙灵世界（送海量连抽）_仙灵世界（送海量连抽）无限元宝服_SF变态版仙灵世界（送海量连抽）公益服下载 - 最笨下载"跳转正常,该类元素共28个，当前第14个
2020-09-10 19:09:34,622 - basepage - INFO - Click back on current page.
2020-09-10 19:09:41,078 - 2 - INFO - 页面"变态手游公益服_bt手游变态服_无限元宝bt手游下载_BT手游中心-最笨下载"跳转正常,该类元素共28个，当前第15个
2020-09-10 19:09:41,507 - basepage - INFO - Click back on current page.
2020-09-10 19:09:48,021 - 2 - INFO - 页面"怒火一刀（天天送充值）_怒火一刀（天天送充值）无限元宝服_SF变态版怒火一刀（天天送充值）公益服下载 - 最笨下载"跳转正常,该类元素共28个，当前第16个
2020-09-10 19:09:48,248 - basepage - INFO - Click back on current page.
2020-09-10 19:09:54,728 - 2 - INFO - 页面"满vip版手游_手游sf送顶级vip_满级vip无限元宝手游下载-最笨下载"跳转正常,该类元素共28个，当前第17个
2020-09-10 19:09:55,130 - basepage - INFO - Click back on current page.
2020-09-10 19:10:01,722 - 2 - INFO - 页面"女神联盟2（送500充值）_女神联盟2（送500充值）无限元宝服_SF变态版女神联盟2（送500充值）公益服下载 - 最笨下载"跳转正常,该类元素共28个，当前第18个
2020-09-10 19:10:01,964 - basepage - INFO - Click back on current page.
2020-09-10 19:10:08,522 - 2 - INFO - 页面"满vip版手游_手游sf送顶级vip_满级vip无限元宝手游下载-最笨下载"跳转正常,该类元素共28个，当前第19个
2020-09-10 19:10:08,935 - basepage - INFO - Click back on current page.
2020-09-10 19:10:15,531 - 2 - INFO - 页面"乱戳三国2（送GM特权）_乱戳三国2（送GM特权）无限元宝服_SF变态版乱戳三国2（送GM特权）公益服下载 - 最笨下载"跳转正常,该类元素共28个，当前第20个
2020-09-10 19:10:15,735 - basepage - INFO - Click back on current page.
2020-09-10 19:10:22,185 - 2 - INFO - 页面"满vip版手游_手游sf送顶级vip_满级vip无限元宝手游下载-最笨下载"跳转正常,该类元素共28个，当前第21个
2020-09-10 19:10:22,592 - basepage - INFO - Click back on current page.
2020-09-10 19:10:29,200 - 2 - INFO - 页面"烈火战神（满屏福利）_烈火战神（满屏福利）无限元宝服_SF变态版烈火战神（满屏福利）公益服下载 - 最笨下载"跳转正常,该类元素共28个，当前第22个
2020-09-10 19:10:29,409 - basepage - INFO - Click back on current page.
2020-09-10 19:10:35,861 - 2 - INFO - 页面"变态手游公益服_bt手游变态服_无限元宝bt手游下载_BT手游中心-最笨下载"跳转正常,该类元素共28个，当前第23个
2020-09-10 19:10:36,273 - basepage - INFO - Click back on current page.
2020-09-10 19:10:42,813 - 2 - INFO - 页面"九曲封神（送海量充值）_九曲封神（送海量充值）无限元宝服_SF变态版九曲封神（送海量充值）公益服下载 - 最笨下载"跳转正常,该类元素共28个，当前第24个
2020-09-10 19:10:43,046 - basepage - INFO - Click back on current page.
2020-09-10 19:10:49,514 - 2 - INFO - 页面"变态手游公益服_bt手游变态服_无限元宝bt手游下载_BT手游中心-最笨下载"跳转正常,该类元素共28个，当前第25个
2020-09-10 19:10:49,924 - basepage - INFO - Click back on current page.
2020-09-10 19:10:56,472 - 2 - INFO - 页面"不思议地下城（百抽特权）_不思议地下城（百抽特权）无限元宝服_SF变态版不思议地下城（百抽特权）公益服下载 - 最笨下载"跳转正常,该类元素共28个，当前第26个
2020-09-10 19:10:56,711 - basepage - INFO - Click back on current page.
2020-09-10 19:11:03,161 - 2 - INFO - 页面"变态手游公益服_bt手游变态服_无限元宝bt手游下载_BT手游中心-最笨下载"跳转正常,该类元素共28个，当前第27个
2020-09-10 19:11:03,503 - basepage - INFO - Click back on current page.
2020-09-10 19:11:10,036 - 2 - INFO - 页面"妖神记（抽动漫周边）_妖神记（抽动漫周边）无限元宝服_SF变态版妖神记（抽动漫周边）公益服下载 - 最笨下载"跳转正常,该类元素共28个，当前第28个
2020-09-10 19:11:10,249 - basepage - INFO - Click back on current page.
2020-09-10 19:11:18,356 - 2 - INFO - 页面"蜜小助套路对方聊天教学"跳转正常,该类元素共2个，当前第1个
2020-09-10 19:11:18,786 - basepage - INFO - Click back on current page.
2020-09-10 19:11:25,935 - 2 - INFO - 页面"明日之后喷火器怎么用-喷火器使用攻略"跳转正常,该类元素共2个，当前第2个
2020-09-10 19:11:26,161 - basepage - INFO - Click back on current page.
2020-09-10 19:11:32,868 - 2 - INFO - 页面"【安卓娱乐软件】安卓娱乐软件下载_安卓娱乐软件推荐_安卓娱乐软件大全-最笨下载"跳转正常,该类元素共28个，当前第1个
2020-09-10 19:11:33,126 - basepage - INFO - Click back on current page.
2020-09-10 19:11:40,104 - 2 - INFO - 页面"最笨游戏盒子_最笨游戏盒子下载_最笨游戏盒子官方下载-最笨下载"跳转正常,该类元素共28个，当前第2个
2020-09-10 19:11:40,553 - basepage - INFO - Click back on current page.
2020-09-10 19:11:47,726 - 2 - INFO - 页面"【安卓聊天软件】安卓聊天软件下载_安卓聊天软件排行_安卓聊天软件大全-最笨下载"跳转正常,该类元素共28个，当前第3个
2020-09-10 19:11:47,960 - basepage - INFO - Click back on current page.
2020-09-10 19:11:54,960 - 2 - INFO - 页面"回复神器_回复神器下载_回复神器官方下载-最笨下载"跳转正常,该类元素共28个，当前第4个
2020-09-10 19:11:55,193 - basepage - INFO - Click back on current page.
2020-09-10 19:12:02,068 - 2 - INFO - 页面"【安卓应用软件】安卓应用软件排行_好玩的安卓应用软件_好用的安卓应用软件-最笨下载"跳转正常,该类元素共28个，当前第5个
2020-09-10 19:12:02,506 - basepage - INFO - Click back on current page.
2020-09-10 19:12:09,337 - 2 - INFO - 页面"破解游戏盒子_破解游戏盒子安卓版下载-最笨安卓软件下载"跳转正常,该类元素共28个，当前第6个
2020-09-10 19:12:09,642 - basepage - INFO - Click back on current page.
2020-09-10 19:12:16,097 - 2 - INFO - 页面"【安卓聊天软件】安卓聊天软件下载_安卓聊天软件排行_安卓聊天软件大全-最笨下载"跳转正常,该类元素共28个，当前第7个
2020-09-10 19:12:16,374 - basepage - INFO - Click back on current page.
2020-09-10 19:12:23,120 - 2 - INFO - 页面"撩吧_撩吧下载_撩吧官方下载-最笨下载"跳转正常,该类元素共28个，当前第8个
2020-09-10 19:12:23,557 - basepage - INFO - Click back on current page.
2020-09-10 19:12:30,017 - 2 - INFO - 页面"【安卓聊天软件】安卓聊天软件下载_安卓聊天软件排行_安卓聊天软件大全-最笨下载"跳转正常,该类元素共28个，当前第9个
2020-09-10 19:12:30,240 - basepage - INFO - Click back on current page.
2020-09-10 19:12:37,092 - 2 - INFO - 页面"蜜小助_蜜小助下载_蜜小助官方下载-最笨下载"跳转正常,该类元素共28个，当前第10个
2020-09-10 19:12:37,527 - basepage - INFO - Click back on current page.
2020-09-10 19:12:43,986 - 2 - INFO - 页面"【安卓娱乐软件】安卓娱乐软件下载_安卓娱乐软件推荐_安卓娱乐软件大全-最笨下载"跳转正常,该类元素共28个，当前第11个
2020-09-10 19:12:44,274 - basepage - INFO - Click back on current page.
2020-09-10 19:12:51,000 - 2 - INFO - 页面"3733游戏盒子_3733游戏盒子下载_3733游戏盒子官方下载-最笨下载"跳转正常,该类元素共28个，当前第12个
2020-09-10 19:12:51,466 - basepage - INFO - Click back on current page.
2020-09-10 19:12:57,924 - 2 - INFO - 页面"【安卓聊天软件】安卓聊天软件下载_安卓聊天软件排行_安卓聊天软件大全-最笨下载"跳转正常,该类元素共28个，当前第13个
2020-09-10 19:12:58,206 - basepage - INFO - Click back on current page.
2020-09-10 19:13:05,128 - 2 - INFO - 页面"土味情话_土味情话下载_土味情话官方下载-最笨下载"跳转正常,该类元素共28个，当前第14个
2020-09-10 19:13:05,512 - basepage - INFO - Click back on current page.
2020-09-10 19:13:11,957 - 2 - INFO - 页面"【安卓聊天软件】安卓聊天软件下载_安卓聊天软件排行_安卓聊天软件大全-最笨下载"跳转正常,该类元素共28个，当前第15个
2020-09-10 19:13:12,169 - basepage - INFO - Click back on current page.
2020-09-10 19:13:19,740 - 2 - INFO - 页面"恋爱话术_恋爱话术下载_恋爱话术官方下载-最笨下载"跳转正常,该类元素共28个，当前第16个
2020-09-10 19:13:20,005 - basepage - INFO - Click back on current page.
2020-09-10 19:13:26,736 - 2 - INFO - 页面"【安卓阅读软件】安卓阅读软件下载_安卓阅读软件哪个好_安卓阅读软件排行-最笨下载"跳转正常,该类元素共28个，当前第17个
2020-09-10 19:13:27,159 - basepage - INFO - Click back on current page.
2020-09-10 19:13:34,246 - 2 - INFO - 页面"吾爱看书_吾爱看书下载_吾爱看书官方下载-最笨下载"跳转正常,该类元素共28个，当前第18个
2020-09-10 19:13:34,520 - basepage - INFO - Click back on current page.
2020-09-10 19:13:41,032 - 2 - INFO - 页面"【安卓娱乐软件】安卓娱乐软件下载_安卓娱乐软件推荐_安卓娱乐软件大全-最笨下载"跳转正常,该类元素共28个，当前第19个
2020-09-10 19:13:41,288 - basepage - INFO - Click back on current page.
2020-09-10 19:13:48,001 - 2 - INFO - 页面"gm游戏盒_gm游戏盒下载_gm游戏盒官方下载-最笨下载"跳转正常,该类元素共28个，当前第20个
2020-09-10 19:13:48,419 - basepage - INFO - Click back on current page.
2020-09-10 19:13:54,916 - 2 - INFO - 页面"【安卓聊天软件】安卓聊天软件下载_安卓聊天软件排行_安卓聊天软件大全-最笨下载"跳转正常,该类元素共28个，当前第21个
2020-09-10 19:13:55,202 - basepage - INFO - Click back on current page.
2020-09-10 19:14:02,078 - 2 - INFO - 页面"恋爱话术库_恋爱话术库下载_恋爱话术库官方下载-最笨下载"跳转正常,该类元素共28个，当前第22个
2020-09-10 19:14:02,471 - basepage - INFO - Click back on current page.
2020-09-10 19:14:08,933 - 2 - INFO - 页面"【安卓聊天软件】安卓聊天软件下载_安卓聊天软件排行_安卓聊天软件大全-最笨下载"跳转正常,该类元素共28个，当前第23个
2020-09-10 19:14:09,153 - basepage - INFO - Click back on current page.
2020-09-10 19:14:16,193 - 2 - INFO - 页面"遇知音_遇知音下载_遇知音官方下载-最笨下载"跳转正常,该类元素共28个，当前第24个
2020-09-10 19:14:16,421 - basepage - INFO - Click back on current page.
2020-09-10 19:14:22,881 - 2 - INFO - 页面"【安卓聊天软件】安卓聊天软件下载_安卓聊天软件排行_安卓聊天软件大全-最笨下载"跳转正常,该类元素共28个，当前第25个
2020-09-10 19:14:23,253 - basepage - INFO - Click back on current page.
2020-09-10 19:14:30,298 - 2 - INFO - 页面"脱单大师_脱单大师下载_脱单大师官方下载-最笨下载"跳转正常,该类元素共28个，当前第26个
2020-09-10 19:14:30,520 - basepage - INFO - Click back on current page.
2020-09-10 19:14:37,182 - 2 - INFO - 页面"【安卓聊天软件】安卓聊天软件下载_安卓聊天软件排行_安卓聊天软件大全-最笨下载"跳转正常,该类元素共28个，当前第27个
2020-09-10 19:14:37,598 - basepage - INFO - Click back on current page.
2020-09-10 19:14:44,608 - 2 - INFO - 页面"爱情套路_爱情套路下载_爱情套路官方下载-最笨下载"跳转正常,该类元素共28个，当前第28个
2020-09-10 19:14:44,818 - basepage - INFO - Click back on current page.
2020-09-10 19:14:54,888 - 2 - INFO - 页面"【安卓播放器】安卓播放器下载_安卓播放器哪个最好_安卓播放器下载排行-最笨下载"跳转正常,该类元素共19个，当前第1个
2020-09-10 19:14:55,120 - basepage - INFO - Click back on current page.
2020-09-10 19:15:02,256 - 2 - INFO - 页面"【安卓学习软件】安卓学习软件下载_安卓学习软件免费下载_安卓学习软件大全-最笨下载"跳转正常,该类元素共19个，当前第2个
2020-09-10 19:15:02,640 - basepage - INFO - Click back on current page.
2020-09-10 19:15:09,676 - 2 - INFO - 页面"【安卓辅助软件】安卓辅助软件下载_安卓辅助软件推荐_安卓辅助软件大全-最笨下载"跳转正常,该类元素共19个，当前第3个
2020-09-10 19:15:09,918 - basepage - INFO - Click back on current page.
2020-09-10 19:15:17,006 - 2 - INFO - 页面"【安卓输入法】安卓输入法下载_安卓输入法哪个好_安卓输入法怎么用-最笨下载"跳转正常,该类元素共19个，当前第4个
2020-09-10 19:15:17,235 - basepage - INFO - Click back on current page.
2020-09-10 19:15:24,268 - 2 - INFO - 页面"【安卓通信软件】安卓通信软件下载_安卓通信软件推荐_安卓通信软件大全-最笨下载"跳转正常,该类元素共19个，当前第5个
2020-09-10 19:15:24,712 - basepage - INFO - Click back on current page.
2020-09-10 19:15:31,699 - 2 - INFO - 页面"【安卓固件】安卓固件下载_安卓固件包下载_安卓固件管理器-最笨下载"跳转正常,该类元素共19个，当前第6个
2020-09-10 19:15:31,935 - basepage - INFO - Click back on current page.
2020-09-10 19:15:38,881 - 2 - INFO - 页面"【安卓文件管理器】安卓文件管理器下载_安卓文件管理器哪个好_安卓文件管理器中文版-最笨下载"跳转正常,该类元素共19个，当前第7个
2020-09-10 19:15:39,183 - basepage - INFO - Click back on current page.
2020-09-10 19:15:46,155 - 2 - INFO - 页面"【安卓同步软件】安卓同步软件下载_安卓同步软件哪个好_安卓手机同步软件-最笨下载"跳转正常,该类元素共19个，当前第8个
2020-09-10 19:15:46,565 - basepage - INFO - Click back on current page.
2020-09-10 19:15:53,349 - 2 - INFO - 页面"【安卓办公软件】安卓办公软件下载_安卓办公软件哪个好_安卓办公软件哪种最好-最笨下载"跳转正常,该类元素共19个，当前第9个
2020-09-10 19:15:53,584 - basepage - INFO - Click back on current page.
2020-09-10 19:16:00,731 - 2 - INFO - 页面"【安卓理财软件】安卓理财软件下载_安卓理财软件哪个好_安卓理财软件大全-最笨下载"跳转正常,该类元素共19个，当前第10个
2020-09-10 19:16:00,967 - basepage - INFO - Click back on current page.
2020-09-10 19:16:07,921 - 2 - INFO - 页面"【安卓备份软件】安卓备份软件下载_安卓备份软件哪个好_安卓手机备份软件-最笨下载"跳转正常,该类元素共19个，当前第11个
2020-09-10 19:16:08,369 - basepage - INFO - Click back on current page.
2020-09-10 19:16:15,366 - 2 - INFO - 页面"【安卓跑步软件】安卓跑步软件下载_安卓跑步软件哪个好_安卓跑步软件大全-最笨下载"跳转正常,该类元素共19个，当前第12个
2020-09-10 19:16:15,604 - basepage - INFO - Click back on current page.
2020-09-10 19:16:22,361 - 2 - INFO - 页面"【安卓健康管理软件】安卓健康管理软件下载_安卓健康管理软件推荐_安卓健康管理软件大全-最笨下载"跳转正常,该类元素共19个，当前第13个
2020-09-10 19:16:22,598 - basepage - INFO - Click back on current page.
2020-09-10 19:16:29,529 - 2 - INFO - 页面"【安卓系统软件】安卓系统软件下载_安卓系统软件免费下载_安卓系统软件下载工具-最笨下载"跳转正常,该类元素共19个，当前第14个
2020-09-10 19:16:29,956 - basepage - INFO - Click back on current page.
2020-09-10 19:16:36,487 - 2 - INFO - 页面"【安卓聊天软件】安卓聊天软件下载_安卓聊天软件排行_安卓聊天软件大全-最笨下载"跳转正常,该类元素共19个，当前第15个
2020-09-10 19:16:36,747 - basepage - INFO - Click back on current page.
2020-09-10 19:16:43,186 - 2 - INFO - 页面"【安卓应用软件】安卓应用软件排行_好玩的安卓应用软件_好用的安卓应用软件-最笨下载"跳转正常,该类元素共19个，当前第16个
2020-09-10 19:16:43,448 - basepage - INFO - Click back on current page.
2020-09-10 19:16:49,909 - 2 - INFO - 页面"【安卓娱乐软件】安卓娱乐软件下载_安卓娱乐软件推荐_安卓娱乐软件大全-最笨下载"跳转正常,该类元素共19个，当前第17个
2020-09-10 19:16:50,379 - basepage - INFO - Click back on current page.
2020-09-10 19:16:57,460 - 2 - INFO - 页面"【安卓导航软件】安卓导航软件下载_安卓导航软件哪个好_安卓导航软件排名-最笨下载"跳转正常,该类元素共19个，当前第18个
2020-09-10 19:16:57,730 - basepage - INFO - Click back on current page.
2020-09-10 19:17:04,801 - 2 - INFO - 页面"【安卓网络软件】安卓网络软件下载_安卓网络软件推荐_安卓网络软件大全-最笨下载"跳转正常,该类元素共19个，当前第19个
2020-09-10 19:17:05,337 - basepage - INFO - Click back on current page.
2020-09-10 19:17:13,675 - 2 - INFO - 页面"3733手游游戏平台_3733手游游戏平台下载_3733手游游戏平台官方下载-最笨下载"跳转正常,该类元素共18个，当前第1个
2020-09-10 19:17:19,794 - 2 - INFO - 页面"我爱看片永久免费版_我爱看片永久免费版安卓版下载-最笨安卓软件下载"跳转正常,该类元素共18个，当前第2个
2020-09-10 19:17:25,912 - 2 - INFO - 页面"土味情话撩妹软件_土味情话撩妹软件下载_土味情话撩妹软件官方下载-最笨下载"跳转正常,该类元素共18个，当前第3个
2020-09-10 19:17:32,027 - 2 - INFO - 页面"土味情话破解版_土味情话破解版下载_土味情话破解版官方下载-最笨下载"跳转正常,该类元素共18个，当前第4个
2020-09-10 19:17:38,139 - 2 - INFO - 页面"土味情话回答软件_土味情话回答软件下载_土味情话回答软件官方下载-最笨下载"跳转正常,该类元素共18个，当前第5个
2020-09-10 19:17:44,258 - 2 - INFO - 页面"土味情话免费版_土味情话免费版下载_土味情话免费版官方下载-最笨下载"跳转正常,该类元素共18个，当前第6个
2020-09-10 19:17:50,369 - 2 - INFO - 页面"套路大全免费版_套路大全免费版下载_套路大全免费版官方下载-最笨下载"跳转正常,该类元素共18个，当前第7个
2020-09-10 19:17:56,486 - 2 - INFO - 页面"套路大全手机版_套路大全手机版下载_套路大全手机版官方下载-最笨下载"跳转正常,该类元素共18个，当前第8个
2020-09-10 19:18:02,596 - 2 - INFO - 页面"套路大全_套路大全下载_套路大全官方下载-最笨下载"跳转正常,该类元素共18个，当前第9个
2020-09-10 19:18:08,708 - 2 - INFO - 页面"回答神器_回答神器下载_回答神器官方下载-最笨下载"跳转正常,该类元素共18个，当前第10个
2020-09-10 19:18:14,822 - 2 - INFO - 页面"破解游戏盒子_破解游戏盒子安卓版下载-最笨安卓软件下载"跳转正常,该类元素共18个，当前第11个
2020-09-10 19:18:20,933 - 2 - INFO - 页面"最笨游戏盒_最笨游戏盒下载_最笨游戏盒官方下载-最笨下载"跳转正常,该类元素共18个，当前第12个
2020-09-10 19:18:27,048 - 2 - INFO - 页面"安致手游游戏平台_安致手游游戏平台下载_安致手游游戏平台官方下载-最笨下载"跳转正常,该类元素共18个，当前第13个
2020-09-10 19:18:33,160 - 2 - INFO - 页面"蜜小助会员破解版_蜜小助会员破解版下载_蜜小助会员破解版官方下载-最笨下载"跳转正常,该类元素共18个，当前第14个
2020-09-10 19:18:39,276 - 2 - INFO - 页面"蜜小助vip破解版_蜜小助vip破解版下载_蜜小助vip破解版官方下载-最笨下载"跳转正常,该类元素共18个，当前第15个
2020-09-10 19:18:45,389 - 2 - INFO - 页面"蜜小助内购版_蜜小助内购版下载_蜜小助内购版官方下载-最笨下载"跳转正常,该类元素共18个，当前第16个
2020-09-10 19:18:51,503 - 2 - INFO - 页面"聊天套路安卓版_聊天套路安卓版下载_聊天套路安卓版官方下载-最笨下载"跳转正常,该类元素共18个，当前第17个
2020-09-10 19:18:57,623 - 2 - INFO - 页面"聊天套路破解版_聊天套路破解版下载_聊天套路破解版官方下载-最笨下载"跳转正常,该类元素共18个，当前第18个
2020-09-10 19:19:03,664 - 2 - INFO - 页面"【安卓益智游戏】好玩的安卓益智游戏大全_安卓益智类游戏_益智游戏下载-最笨下载"跳转正常,该类元素共17个，当前第1个
2020-09-10 19:19:03,892 - basepage - INFO - Click back on current page.
2020-09-10 19:19:11,141 - 2 - INFO - 页面"【安卓其他游戏】好玩的安卓其他游戏大全_安卓其他类游戏_其他游戏下载-最笨下载"跳转正常,该类元素共17个，当前第2个
2020-09-10 19:19:11,377 - basepage - INFO - Click back on current page.
2020-09-10 19:19:18,349 - 2 - INFO - 页面"【安卓音乐游戏】好玩的安卓音乐游戏大全_安卓音乐类游戏_音乐游戏下载-最笨下载"跳转正常,该类元素共17个，当前第3个
2020-09-10 19:19:18,730 - basepage - INFO - Click back on current page.
2020-09-10 19:19:25,601 - 2 - INFO - 页面"【安卓网络游戏】好玩的安卓网络游戏大全_安卓网络类游戏_网络游戏下载-最笨下载"跳转正常,该类元素共17个，当前第4个
2020-09-10 19:19:25,825 - basepage - INFO - Click back on current page.
2020-09-10 19:19:32,758 - 2 - INFO - 页面"【安卓格斗游戏】好玩的安卓格斗游戏大全_安卓格斗类游戏_格斗游戏下载-最笨下载"跳转正常,该类元素共17个，当前第5个
2020-09-10 19:19:33,074 - basepage - INFO - Click back on current page.
2020-09-10 19:19:40,182 - 2 - INFO - 页面"【安卓飞行游戏】好玩的安卓飞行游戏大全_安卓飞行类游戏_飞行游戏下载-最笨下载"跳转正常,该类元素共17个，当前第6个
2020-09-10 19:19:40,561 - basepage - INFO - Click back on current page.
2020-09-10 19:19:47,482 - 2 - INFO - 页面"【安卓体育运动游戏】好玩的安卓体育运动游戏大全_安卓体育运动类游戏_体育运动游戏下载-最笨下载"跳转正常,该类元素共17个，当前第7个
2020-09-10 19:19:47,724 - basepage - INFO - Click back on current page.
2020-09-10 19:19:54,735 - 2 - INFO - 页面"【安卓模拟经营游戏】好玩的安卓模拟经营游戏大全_安卓模拟经营类游戏_模拟经营游戏下载-最笨下载"跳转正常,该类元素共17个，当前第8个
2020-09-10 19:19:54,976 - basepage - INFO - Click back on current page.
2020-09-10 19:20:01,692 - 2 - INFO - 页面"【安卓策略游戏】好玩的安卓策略游戏大全_安卓策略类游戏_策略游戏下载-最笨下载"跳转正常,该类元素共17个，当前第9个
2020-09-10 19:20:02,141 - basepage - INFO - Click back on current page.
2020-09-10 19:20:08,907 - 2 - INFO - 页面"【安卓塔防游戏】好玩的安卓塔防游戏大全_安卓塔防类游戏_塔防游戏下载-最笨下载"跳转正常,该类元素共17个，当前第10个
2020-09-10 19:20:09,139 - basepage - INFO - Click back on current page.
2020-09-10 19:20:15,938 - 2 - INFO - 页面"【安卓解谜冒险游戏】好玩的安卓解谜冒险游戏大全_安卓解谜冒险类游戏_解谜冒险游戏下载-最笨下载"跳转正常,该类元素共17个，当前第11个
2020-09-10 19:20:16,350 - basepage - INFO - Click back on current page.
2020-09-10 19:20:23,062 - 2 - INFO - 页面"【安卓射击游戏】好玩的安卓射击游戏大全_安卓射击类游戏_射击游戏下载-最笨下载"跳转正常,该类元素共17个，当前第12个
2020-09-10 19:20:23,322 - basepage - INFO - Click back on current page.
2020-09-10 19:20:30,165 - 2 - INFO - 页面"【安卓棋牌游戏】好玩的安卓棋牌游戏大全_安卓棋牌类游戏_棋牌游戏下载-最笨下载"跳转正常,该类元素共17个，当前第13个
2020-09-10 19:20:30,405 - basepage - INFO - Click back on current page.
2020-09-10 19:20:37,752 - 2 - INFO - 页面"【安卓赛车游戏】好玩的安卓赛车游戏大全_安卓赛车类游戏_赛车游戏下载-最笨下载"跳转正常,该类元素共17个，当前第14个
2020-09-10 19:20:38,246 - basepage - INFO - Click back on current page.
2020-09-10 19:20:44,979 - 2 - INFO - 页面"【安卓角色扮演游戏】好玩的安卓角色扮演游戏大全_安卓角色扮演类游戏_角色扮演游戏下载-最笨下载"跳转正常,该类元素共17个，当前第15个
2020-09-10 19:20:45,237 - basepage - INFO - Click back on current page.
2020-09-10 19:20:52,058 - 2 - INFO - 页面"【安卓动作游戏】好玩的安卓动作游戏大全_安卓动作类游戏_动作游戏下载-最笨下载"跳转正常,该类元素共17个，当前第16个
2020-09-10 19:20:52,338 - basepage - INFO - Click back on current page.
2020-09-10 19:20:59,075 - 2 - INFO - 页面"【安卓休闲游戏】好玩的安卓休闲游戏大全_安卓休闲类游戏_休闲游戏下载-最笨下载"跳转正常,该类元素共17个，当前第17个
2020-09-10 19:20:59,559 - basepage - INFO - Click back on current page.
2020-09-10 19:21:07,902 - 2 - INFO - 页面"阴阳师_阴阳师下载_阴阳师官方下载-最笨下载"跳转正常,该类元素共18个，当前第1个
2020-09-10 19:21:14,017 - 2 - INFO - 页面"王者荣耀_王者荣耀安卓版下载-最笨安卓游戏下载"跳转正常,该类元素共18个，当前第2个
2020-09-10 19:21:20,136 - 2 - INFO - 页面"炼金国度（送1000元充值）ios版_炼金国度（送1000元充值）ios版下载_炼金国度（送1000元充值）ios版官方下载-最笨下载"跳转正常,该类元素共18个，当前第3个
2020-09-10 19:21:26,253 - 2 - INFO - 页面"国贼顾挽之_国贼顾挽之下载_国贼顾挽之官方下载-最笨下载"跳转正常,该类元素共18个，当前第4个
2020-09-10 19:21:32,374 - 2 - INFO - 页面"大秦黎明_大秦黎明下载_大秦黎明官方下载-最笨下载"跳转正常,该类元素共18个，当前第5个
2020-09-10 19:21:38,490 - 2 - INFO - 页面"怒焰三国杀手游_怒焰三国杀手游下载_怒焰三国杀手游官方下载-最笨下载"跳转正常,该类元素共18个，当前第6个
2020-09-10 19:21:44,602 - 2 - INFO - 页面"末日围城_末日围城下载_末日围城官方下载-最笨下载"跳转正常,该类元素共18个，当前第7个
2020-09-10 19:21:50,725 - 2 - INFO - 页面"天将雄师九游版_天将雄师九游版下载_天将雄师九游版官方下载-最笨下载"跳转正常,该类元素共18个，当前第8个
2020-09-10 19:21:56,833 - 2 - INFO - 页面"诸王黎明_诸王黎明下载_诸王黎明官方下载-最笨下载"跳转正常,该类元素共18个，当前第9个
2020-09-10 19:22:02,951 - 2 - INFO - 页面"一梦江湖九游版_一梦江湖九游版下载_一梦江湖九游版官方下载-最笨下载"跳转正常,该类元素共18个，当前第10个
2020-09-10 19:22:09,064 - 2 - INFO - 页面"NBA篮球大师_NBA篮球大师下载_NBA篮球大师官方下载-最笨下载"跳转正常,该类元素共18个，当前第11个
2020-09-10 19:22:15,184 - 2 - INFO - 页面"萌妖传手游_萌妖传手游下载_萌妖传手游官方下载-最笨下载"跳转正常,该类元素共18个，当前第12个
2020-09-10 19:22:21,297 - 2 - INFO - 页面"中超英雄手游_中超英雄手游下载_中超英雄手游官方下载-最笨下载"跳转正常,该类元素共18个，当前第13个
2020-09-10 19:22:27,410 - 2 - INFO - 页面"三国战天下手游_三国战天下手游下载_三国战天下手游官方下载-最笨下载"跳转正常,该类元素共18个，当前第14个
2020-09-10 19:22:33,533 - 2 - INFO - 页面"拳皇命运_拳皇命运下载_拳皇命运官方下载-最笨下载"跳转正常,该类元素共18个，当前第15个
2020-09-10 19:22:39,647 - 2 - INFO - 页面"电能大亨_电能大亨下载_电能大亨官方下载-最笨下载"跳转正常,该类元素共18个，当前第16个
2020-09-10 19:22:45,764 - 2 - INFO - 页面"驾校模拟器_驾校模拟器下载_驾校模拟器官方下载-最笨下载"跳转正常,该类元素共18个，当前第17个
2020-09-10 19:22:51,880 - 2 - INFO - 页面"暗黑探险2_暗黑探险2下载_暗黑探险2官方下载-最笨下载"跳转正常,该类元素共18个，当前第18个
2020-09-10 19:22:58,862 - 2 - INFO - 页面"变态手游公益服_bt手游变态服_无限元宝bt手游下载_BT手游中心-最笨下载"跳转正常,该类元素共13个，当前第1个
2020-09-10 19:22:59,100 - basepage - INFO - Click back on current page.
2020-09-10 19:23:07,579 - 2 - INFO - 页面"变态手游公益服_bt手游变态服_无限元宝bt手游下载_BT手游中心-最笨下载"跳转正常,该类元素共13个，当前第2个
2020-09-10 19:23:07,816 - basepage - INFO - Click back on current page.
2020-09-10 19:23:15,722 - 2 - INFO - 页面"变态手游公益服_bt手游变态服_无限元宝bt手游下载_BT手游中心-最笨下载"跳转正常,该类元素共13个，当前第3个
2020-09-10 19:23:16,201 - basepage - INFO - Click back on current page.
2020-09-10 19:23:24,238 - 2 - INFO - 页面"变态手游公益服_bt手游变态服_无限元宝bt手游下载_BT手游中心-最笨下载"跳转正常,该类元素共13个，当前第4个
2020-09-10 19:23:24,660 - basepage - INFO - Click back on current page.
2020-09-10 19:23:32,698 - 2 - INFO - 页面"变态手游公益服_bt手游变态服_无限元宝bt手游下载_BT手游中心-最笨下载"跳转正常,该类元素共13个，当前第5个
2020-09-10 19:23:32,931 - basepage - INFO - Click back on current page.
2020-09-10 19:23:40,817 - 2 - INFO - 页面"变态手游公益服_bt手游变态服_无限元宝bt手游下载_BT手游中心-最笨下载"跳转正常,该类元素共13个，当前第6个
2020-09-10 19:23:41,429 - basepage - INFO - Click back on current page.
2020-09-10 19:23:49,663 - 2 - INFO - 页面"变态手游公益服_bt手游变态服_无限元宝bt手游下载_BT手游中心-最笨下载"跳转正常,该类元素共13个，当前第7个
2020-09-10 19:23:50,056 - basepage - INFO - Click back on current page.
2020-09-10 19:23:57,796 - 2 - INFO - 页面"变态手游公益服_bt手游变态服_无限元宝bt手游下载_BT手游中心-最笨下载"跳转正常,该类元素共13个，当前第8个
2020-09-10 19:23:58,275 - basepage - INFO - Click back on current page.
2020-09-10 19:24:06,518 - 2 - INFO - 页面"变态手游公益服_bt手游变态服_无限元宝bt手游下载_BT手游中心-最笨下载"跳转正常,该类元素共13个，当前第9个
2020-09-10 19:24:06,747 - basepage - INFO - Click back on current page.
2020-09-10 19:24:14,643 - 2 - INFO - 页面"变态手游公益服_bt手游变态服_无限元宝bt手游下载_BT手游中心-最笨下载"跳转正常,该类元素共13个，当前第10个
2020-09-10 19:24:15,078 - basepage - INFO - Click back on current page.
2020-09-10 19:24:22,909 - 2 - INFO - 页面"变态手游公益服_bt手游变态服_无限元宝bt手游下载_BT手游中心-最笨下载"跳转正常,该类元素共13个，当前第11个
2020-09-10 19:24:23,334 - basepage - INFO - Click back on current page.
2020-09-10 19:24:31,308 - 2 - INFO - 页面"变态手游公益服_bt手游变态服_无限元宝bt手游下载_BT手游中心-最笨下载"跳转正常,该类元素共13个，当前第12个
2020-09-10 19:24:31,578 - basepage - INFO - Click back on current page.
2020-09-10 19:24:39,542 - 2 - INFO - 页面"变态手游公益服_bt手游变态服_无限元宝bt手游下载_BT手游中心-最笨下载"跳转正常,该类元素共13个，当前第13个
2020-09-10 19:24:39,919 - basepage - INFO - Click back on current page.
2020-09-10 19:24:48,293 - 2 - INFO - 页面"我的西游（送648充值）_我的西游（送648充值）无限元宝服_SF变态版我的西游（送648充值）公益服下载 - 最笨下载"跳转正常,该类元素共18个，当前第1个
2020-09-10 19:24:54,447 - 2 - INFO - 页面"星聚（剪影风放置）_星聚（剪影风放置）无限元宝服_SF变态版星聚（剪影风放置）公益服下载 - 最笨下载"跳转正常,该类元素共18个，当前第2个
2020-09-10 19:25:00,592 - 2 - INFO - 页面"诸世王者（送海量充值）_诸世王者（送海量充值）无限元宝服_SF变态版诸世王者（送海量充值）公益服下载 - 最笨下载"跳转正常,该类元素共18个，当前第3个
2020-09-10 19:25:06,729 - 2 - INFO - 页面"龙之歌（放置城堡）_龙之歌（放置城堡）无限元宝服_SF变态版龙之歌（放置城堡）公益服下载 - 最笨下载"跳转正常,该类元素共18个，当前第4个
2020-09-10 19:25:12,882 - 2 - INFO - 页面"啪啪三国2（送328充值）_啪啪三国2（送328充值）无限元宝服_SF变态版啪啪三国2（送328充值）公益服下载 - 最笨下载"跳转正常,该类元素共18个，当前第5个
2020-09-10 19:25:19,020 - 2 - INFO - 页面"新世纪福音战士：破晓（终极火力）_新世纪福音战士：破晓（终极火力）无限元宝服_SF变态版新世纪福音战士：破晓（终极火力）公益服下载 - 最笨下载"跳转正常,该类元素共18个，当前第6个
2020-09-10 19:25:25,185 - 2 - INFO - 页面"轩辕剑3（送千元充值）_轩辕剑3（送千元充值）无限元宝服_SF变态版轩辕剑3（送千元充值）公益服下载 - 最笨下载"跳转正常,该类元素共18个，当前第7个
