2020-08-14 18:20:06,342 - basepage - INFO - zuiben自动化测试开始
2020-08-14 18:20:06,345 - basepage - INFO - 隐性等待 10 秒
2020-08-14 18:20:14,185 - basepage - INFO - 跳转至https://www.zuiben.com/
2020-08-14 18:20:16,306 - basepage - INFO - 窗口已经最大化
2020-08-14 18:20:22,122 - 2 - INFO - 页面"【安卓游戏】好玩的安卓游戏下载_安卓游戏排行榜_安卓游戏免费下载大全-最笨下载"跳转正常,该类元素共21个，当前第1个
2020-08-14 18:20:22,372 - basepage - INFO - Click back on current page.
2020-08-14 18:20:27,206 - 2 - INFO - 页面"变态手游公益服_bt手游变态服_无限元宝bt手游下载_BT手游中心-最笨下载"跳转正常,该类元素共21个，当前第2个
2020-08-14 18:20:27,435 - basepage - INFO - Click back on current page.
2020-08-14 18:20:31,655 - 2 - INFO - 页面"gm版手游_无限元宝/钻石公益服_0元免费gm权限手游下载-最笨下载"跳转正常,该类元素共21个，当前第3个
2020-08-14 18:20:31,880 - basepage - INFO - Click back on current page.
2020-08-14 18:20:37,501 - 2 - INFO - 页面"【苹果游戏】iphone苹果手机游戏下载_iphone苹果游戏排行榜-最笨下载"跳转正常,该类元素共21个，当前第4个
2020-08-14 18:20:37,724 - basepage - INFO - Click back on current page.
2020-08-14 18:20:42,032 - 2 - INFO - 页面"满vip版手游_手游sf送顶级vip_满级vip无限元宝手游下载-最笨下载"跳转正常,该类元素共21个，当前第5个
2020-08-14 18:20:42,322 - basepage - INFO - Click back on current page.
2020-08-14 18:20:48,505 - 2 - INFO - 页面"【安卓软件】安卓软件下载_安卓手机软件下载_安卓软件免费下载大全-最笨下载"跳转正常,该类元素共21个，当前第6个
2020-08-14 18:20:48,935 - basepage - INFO - Click back on current page.
2020-08-14 18:20:54,855 - 2 - INFO - 页面"【苹果软件】iphone苹果下载软件_iphone苹果软件免费下载_苹果软件下载大全-最笨下载"跳转正常,该类元素共21个，当前第7个
2020-08-14 18:20:55,069 - basepage - INFO - Click back on current page.
2020-08-14 18:21:00,005 - 2 - INFO - 页面"【安卓资讯】安卓资讯推荐_安卓资讯大全-最笨下载"跳转正常,该类元素共21个，当前第8个
2020-08-14 18:21:00,245 - basepage - INFO - Click back on current page.
2020-08-14 18:21:05,009 - 2 - INFO - 页面"【安卓游戏攻略】安卓游戏攻略推荐_安卓游戏攻略大全-最笨下载"跳转正常,该类元素共21个，当前第9个
2020-08-14 18:21:05,280 - basepage - INFO - Click back on current page.
2020-08-14 18:21:10,353 - 2 - INFO - 页面"【安卓软件教程】安卓软件教程推荐_安卓软件教程大全-最笨下载"跳转正常,该类元素共21个，当前第10个
2020-08-14 18:21:10,599 - basepage - INFO - Click back on current page.
2020-08-14 18:21:16,026 - 2 - INFO - 页面"【iphone资讯】iphone资讯推荐_iphone资讯大全-最笨下载"跳转正常,该类元素共21个，当前第11个
2020-08-14 18:21:16,241 - basepage - INFO - Click back on current page.
2020-08-14 18:21:20,831 - 2 - INFO - 页面"【iPhone游戏攻略】iPhone游戏攻略推荐_iPhone游戏攻略大全-最笨下载"跳转正常,该类元素共21个，当前第12个
2020-08-14 18:21:21,053 - basepage - INFO - Click back on current page.
2020-08-14 18:21:26,022 - 2 - INFO - 页面"【系统重装教程】电脑重装系统教程_电脑怎么重装系统_重装系统步骤-最笨下载"跳转正常,该类元素共21个，当前第13个
2020-08-14 18:21:26,237 - basepage - INFO - Click back on current page.
2020-08-14 18:21:31,688 - 2 - INFO - 页面"安卓专题-最笨下载"跳转正常,该类元素共21个，当前第14个
2020-08-14 18:21:32,185 - basepage - INFO - Click back on current page.
2020-08-14 18:21:37,904 - 2 - INFO - 页面"游戏专题-最笨下载"跳转正常,该类元素共21个，当前第15个
2020-08-14 18:21:38,129 - basepage - INFO - Click back on current page.
2020-08-14 18:21:43,128 - 2 - INFO - 页面"苹果专题-最笨下载"跳转正常,该类元素共21个，当前第16个
2020-08-14 18:21:43,570 - basepage - INFO - Click back on current page.
2020-08-14 18:21:48,597 - 2 - INFO - 页面"【电脑软件】电脑软件下载_电脑装机必备软件_电脑常用软件下载_电脑软件大全-最笨下载"跳转正常,该类元素共21个，当前第17个
2020-08-14 18:21:48,897 - basepage - INFO - Click back on current page.
2020-08-14 18:21:54,094 - 2 - INFO - 页面"【电脑软件】电脑软件下载_电脑装机必备软件_电脑常用软件下载_电脑软件大全-最笨下载"跳转正常,该类元素共21个，当前第18个
2020-08-14 18:21:54,566 - basepage - INFO - Click back on current page.
2020-08-14 18:21:59,104 - 2 - INFO - 页面"【激活工具】激活windows工具_万能激活工具_windows激活工具下载_自动激活工具-最笨下载"跳转正常,该类元素共21个，当前第19个
2020-08-14 18:21:59,329 - basepage - INFO - Click back on current page.
2020-08-14 18:22:03,534 - 2 - INFO - 页面"【系统重装教程】电脑重装系统教程_电脑怎么重装系统_重装系统步骤-最笨下载"跳转正常,该类元素共21个，当前第20个
2020-08-14 18:22:03,763 - basepage - INFO - Click back on current page.
2020-08-14 18:22:08,051 - 2 - INFO - 页面"【系统重装教程】电脑重装系统教程_电脑怎么重装系统_重装系统步骤-最笨下载"跳转正常,该类元素共21个，当前第21个
2020-08-14 18:22:08,600 - basepage - INFO - Click back on current page.
2020-08-14 18:22:16,489 - 2 - INFO - 页面"家庭教师OL手游"跳转正常,该类元素共10个，当前第1个
2020-08-14 18:22:22,647 - 2 - INFO - 页面"魔女骑士团手游"跳转正常,该类元素共10个，当前第2个
2020-08-14 18:22:28,804 - 2 - INFO - 页面"决胜足球手游"跳转正常,该类元素共10个，当前第3个
2020-08-14 18:22:34,940 - 2 - INFO - 页面"少女战争手游"跳转正常,该类元素共10个，当前第4个
2020-08-14 18:22:41,080 - 2 - INFO - 页面"天神战（魔灵特权）"跳转正常,该类元素共10个，当前第5个
2020-08-14 18:22:47,241 - 2 - INFO - 页面"最Q幻想手游"跳转正常,该类元素共10个，当前第6个
2020-08-14 18:22:53,392 - 2 - INFO - 页面"霸途手游"跳转正常,该类元素共10个，当前第7个
2020-08-14 18:22:59,540 - 2 - INFO - 页面"回到三国志手游"跳转正常,该类元素共10个，当前第8个
2020-08-14 18:23:05,674 - 2 - INFO - 页面"幻游猎人手游"跳转正常,该类元素共10个，当前第9个
2020-08-14 18:23:11,822 - 2 - INFO - 页面"王者荣耀"跳转正常,该类元素共10个，当前第10个
2020-08-14 18:23:17,959 - 2 - INFO - 页面"武器之王（福利特权）"跳转正常,该类元素共20个，当前第1个
2020-08-14 18:23:24,075 - 2 - INFO - 页面"女神联盟2（送500充值）"跳转正常,该类元素共20个，当前第2个
2020-08-14 18:23:30,244 - 2 - INFO - 页面"妖神记（抽动漫周边）"跳转正常,该类元素共20个，当前第3个
2020-08-14 18:23:36,380 - 2 - INFO - 页面"天天怼三国（送千元充值）"跳转正常,该类元素共20个，当前第4个
2020-08-14 18:23:42,515 - 2 - INFO - 页面"仙灵世界（送海量连抽）"跳转正常,该类元素共20个，当前第5个
2020-08-14 18:23:48,656 - 2 - INFO - 页面"魔剑侠缘（万元兑换）"跳转正常,该类元素共20个，当前第6个
2020-08-14 18:23:54,813 - 2 - INFO - 页面"纵剑仙界（送VIP代金券）"跳转正常,该类元素共20个，当前第7个
2020-08-14 18:24:00,961 - 2 - INFO - 页面"崩坏西游（送1688元充值）"跳转正常,该类元素共20个，当前第8个
2020-08-14 18:24:07,110 - 2 - INFO - 页面"仙风道骨（送GM海量充）"跳转正常,该类元素共20个，当前第9个
2020-08-14 18:24:13,249 - 2 - INFO - 页面"天使之吻"跳转正常,该类元素共20个，当前第10个
2020-08-14 18:24:19,388 - 2 - INFO - 页面"唐门六道（送千元充值）"跳转正常,该类元素共20个，当前第11个
2020-08-14 18:24:25,531 - 2 - INFO - 页面"魔法之光（红忍海量抽）"跳转正常,该类元素共20个，当前第12个
2020-08-14 18:24:31,669 - 2 - INFO - 页面"武动九天（GM免费特权）"跳转正常,该类元素共20个，当前第13个
2020-08-14 18:24:37,798 - 2 - INFO - 页面"大话许仙（钱庄特权）"跳转正常,该类元素共20个，当前第14个
2020-08-14 18:24:43,961 - 2 - INFO - 页面"影刃传说（天天送千充）"跳转正常,该类元素共20个，当前第15个
2020-08-14 18:24:50,107 - 2 - INFO - 页面"九幽仙域（海量送充值）"跳转正常,该类元素共20个，当前第16个
2020-08-14 18:24:56,253 - 2 - INFO - 页面"皇者：至尊传奇"跳转正常,该类元素共20个，当前第17个
2020-08-14 18:25:02,454 - 2 - INFO - 页面"魔龙诀（全屏爆宝）"跳转正常,该类元素共20个，当前第18个
2020-08-14 18:25:08,601 - 2 - INFO - 页面"真江湖HD（星耀特权）"跳转正常,该类元素共20个，当前第19个
2020-08-14 18:25:14,759 - 2 - INFO - 页面"诸世王者（福利特权）"跳转正常,该类元素共20个，当前第20个
2020-08-14 18:25:22,742 - 2 - INFO - 页面"武器之王（福利特权）"跳转正常,该类元素共10个，当前第1个
2020-08-14 18:25:28,884 - 2 - INFO - 页面"女神联盟2（送500充值）"跳转正常,该类元素共10个，当前第2个
2020-08-14 18:25:35,057 - 2 - INFO - 页面"妖神记（抽动漫周边）"跳转正常,该类元素共10个，当前第3个
2020-08-14 18:25:41,180 - 2 - INFO - 页面"天天怼三国（送千元充值）"跳转正常,该类元素共10个，当前第4个
2020-08-14 18:25:47,309 - 2 - INFO - 页面"仙灵世界（送海量连抽）"跳转正常,该类元素共10个，当前第5个
2020-08-14 18:25:53,465 - 2 - INFO - 页面"魔剑侠缘（万元兑换）"跳转正常,该类元素共10个，当前第6个
2020-08-14 18:25:59,603 - 2 - INFO - 页面"纵剑仙界（送VIP代金券）"跳转正常,该类元素共10个，当前第7个
2020-08-14 18:26:05,722 - 2 - INFO - 页面"崩坏西游（送1688元充值）"跳转正常,该类元素共10个，当前第8个
2020-08-14 18:26:11,847 - 2 - INFO - 页面"仙风道骨（送GM海量充）"跳转正常,该类元素共10个，当前第9个
2020-08-14 18:26:17,963 - 2 - INFO - 页面"天使之吻"跳转正常,该类元素共10个，当前第10个
2020-08-14 18:26:24,110 - 2 - INFO - 页面"武器之王（福利特权）"跳转正常,该类元素共20个，当前第1个
2020-08-14 18:26:30,282 - 2 - INFO - 页面"女神联盟2（送500充值）"跳转正常,该类元素共20个，当前第2个
2020-08-14 18:26:36,401 - 2 - INFO - 页面"凡人飞仙传（充值特权）"跳转正常,该类元素共20个，当前第3个
2020-08-14 18:26:42,562 - 2 - INFO - 页面"妖神记（抽动漫周边）"跳转正常,该类元素共20个，当前第4个
2020-08-14 18:26:48,677 - 2 - INFO - 页面"天天怼三国（送千元充值）"跳转正常,该类元素共20个，当前第5个
2020-08-14 18:26:54,799 - 2 - INFO - 页面"仙灵世界（送海量连抽）"跳转正常,该类元素共20个，当前第6个
2020-08-14 18:27:00,920 - 2 - INFO - 页面"魔剑侠缘（万元兑换）"跳转正常,该类元素共20个，当前第7个
2020-08-14 18:27:07,048 - 2 - INFO - 页面"纵剑仙界（送VIP代金券）"跳转正常,该类元素共20个，当前第8个
2020-08-14 18:27:13,167 - 2 - INFO - 页面"崩坏西游（送1688元充值）"跳转正常,该类元素共20个，当前第9个
2020-08-14 18:27:19,286 - 2 - INFO - 页面"仙风道骨（送GM海量充）"跳转正常,该类元素共20个，当前第10个
2020-08-14 18:27:25,403 - 2 - INFO - 页面"天使之吻"跳转正常,该类元素共20个，当前第11个
2020-08-14 18:27:31,526 - 2 - INFO - 页面"唐门六道（送千元充值）"跳转正常,该类元素共20个，当前第12个
2020-08-14 18:27:37,643 - 2 - INFO - 页面"魔法之光（红忍海量抽）"跳转正常,该类元素共20个，当前第13个
2020-08-14 18:27:43,761 - 2 - INFO - 页面"武动九天（GM免费特权）"跳转正常,该类元素共20个，当前第14个
2020-08-14 18:27:49,886 - 2 - INFO - 页面"大话许仙（钱庄特权）"跳转正常,该类元素共20个，当前第15个
2020-08-14 18:27:56,010 - 2 - INFO - 页面"影刃传说（天天送千充）"跳转正常,该类元素共20个，当前第16个
2020-08-14 18:28:02,131 - 2 - INFO - 页面"九幽仙域（海量送充值）"跳转正常,该类元素共20个，当前第17个
2020-08-14 18:28:08,278 - 2 - INFO - 页面"皇者：至尊传奇"跳转正常,该类元素共20个，当前第18个
2020-08-14 18:28:14,403 - 2 - INFO - 页面"魔龙诀（全屏爆宝）"跳转正常,该类元素共20个，当前第19个
2020-08-14 18:28:20,524 - 2 - INFO - 页面"真江湖HD（星耀特权）"跳转正常,该类元素共20个，当前第20个
2020-08-14 18:28:28,437 - 2 - INFO - 页面"武器之王（福利特权）"跳转正常,该类元素共10个，当前第1个
2020-08-14 18:28:34,554 - 2 - INFO - 页面"女神联盟2（送500充值）"跳转正常,该类元素共10个，当前第2个
2020-08-14 18:28:40,673 - 2 - INFO - 页面"凡人飞仙传（充值特权）"跳转正常,该类元素共10个，当前第3个
2020-08-14 18:28:46,809 - 2 - INFO - 页面"天天怼三国（送千元充值）"跳转正常,该类元素共10个，当前第4个
2020-08-14 18:28:52,948 - 2 - INFO - 页面"仙灵世界（送海量连抽）"跳转正常,该类元素共10个，当前第5个
2020-08-14 18:28:59,081 - 2 - INFO - 页面"纵剑仙界（送VIP代金券）"跳转正常,该类元素共10个，当前第6个
2020-08-14 18:29:05,210 - 2 - INFO - 页面"唐门六道（送千元充值）"跳转正常,该类元素共10个，当前第7个
2020-08-14 18:29:11,355 - 2 - INFO - 页面"魔法之光（红忍海量抽）"跳转正常,该类元素共10个，当前第8个
2020-08-14 18:29:17,473 - 2 - INFO - 页面"武动九天（GM免费特权）"跳转正常,该类元素共10个，当前第9个
2020-08-14 18:29:23,619 - 2 - INFO - 页面"大话许仙（钱庄特权）"跳转正常,该类元素共10个，当前第10个
2020-08-14 18:29:29,749 - 2 - INFO - 页面"武器之王（福利特权）"跳转正常,该类元素共20个，当前第1个
2020-08-14 18:29:35,858 - 2 - INFO - 页面"女神联盟2（送500充值）"跳转正常,该类元素共20个，当前第2个
2020-08-14 18:29:41,983 - 2 - INFO - 页面"凡人飞仙传（充值特权）"跳转正常,该类元素共20个，当前第3个
2020-08-14 18:29:48,102 - 2 - INFO - 页面"妖神记（抽动漫周边）"跳转正常,该类元素共20个，当前第4个
2020-08-14 18:29:54,220 - 2 - INFO - 页面"天天怼三国（送千元充值）"跳转正常,该类元素共20个，当前第5个
2020-08-14 18:30:00,358 - 2 - INFO - 页面"仙灵世界（送海量连抽）"跳转正常,该类元素共20个，当前第6个
2020-08-14 18:30:06,481 - 2 - INFO - 页面"魔剑侠缘（万元兑换）"跳转正常,该类元素共20个，当前第7个
2020-08-14 18:30:12,604 - 2 - INFO - 页面"纵剑仙界（送VIP代金券）"跳转正常,该类元素共20个，当前第8个
2020-08-14 18:30:18,738 - 2 - INFO - 页面"崩坏西游（送1688元充值）"跳转正常,该类元素共20个，当前第9个
2020-08-14 18:30:24,886 - 2 - INFO - 页面"仙风道骨（送GM海量充）"跳转正常,该类元素共20个，当前第10个
2020-08-14 18:30:31,015 - 2 - INFO - 页面"天使之吻"跳转正常,该类元素共20个，当前第11个
2020-08-14 18:30:37,136 - 2 - INFO - 页面"唐门六道（送千元充值）"跳转正常,该类元素共20个，当前第12个
2020-08-14 18:30:43,257 - 2 - INFO - 页面"魔法之光（红忍海量抽）"跳转正常,该类元素共20个，当前第13个
2020-08-14 18:30:49,401 - 2 - INFO - 页面"武动九天（GM免费特权）"跳转正常,该类元素共20个，当前第14个
2020-08-14 18:30:55,531 - 2 - INFO - 页面"大话许仙（钱庄特权）"跳转正常,该类元素共20个，当前第15个
2020-08-14 18:31:01,671 - 2 - INFO - 页面"影刃传说（天天送千充）"跳转正常,该类元素共20个，当前第16个
2020-08-14 18:31:07,785 - 2 - INFO - 页面"九幽仙域（海量送充值）"跳转正常,该类元素共20个，当前第17个
2020-08-14 18:31:13,902 - 2 - INFO - 页面"皇者：至尊传奇"跳转正常,该类元素共20个，当前第18个
2020-08-14 18:31:20,033 - 2 - INFO - 页面"魔龙诀（全屏爆宝）"跳转正常,该类元素共20个，当前第19个
2020-08-14 18:31:26,145 - 2 - INFO - 页面"真江湖HD（星耀特权）"跳转正常,该类元素共20个，当前第20个
2020-08-14 18:31:34,232 - 2 - INFO - 页面"【最笨周末活动】8.7 周末活动海量惊喜等你来拿"跳转正常,该类元素共1个，当前第1个
2020-08-14 18:31:34,584 - basepage - INFO - Click back on current page.
2020-08-14 18:31:40,252 - 2 - INFO - 页面"【武动九天（GM免费特权）】上线满V，8W8绑元和"跳转正常,该类元素共1个，当前第1个
2020-08-14 18:31:40,533 - basepage - INFO - Click back on current page.
2020-08-14 18:31:47,054 - 2 - INFO - 页面"【梦幻沙城（海量抽充值）】上线即送GM2商城特"跳转正常,该类元素共1个，当前第1个
2020-08-14 18:31:47,557 - basepage - INFO - Click back on current page.
2020-08-14 18:31:54,228 - 2 - INFO - 页面"【六界仙尊（送充值）】上线直送VIP12，送88888元"跳转正常,该类元素共1个，当前第1个
2020-08-14 18:31:54,516 - basepage - INFO - Click back on current page.
2020-08-14 18:32:00,254 - 2 - INFO - 页面"【唐门六道（送千元充值）】上线送满级VIP19、礼"跳转正常,该类元素共1个，当前第1个
2020-08-14 18:32:00,737 - basepage - INFO - Click back on current page.
2020-08-14 18:32:06,473 - 2 - INFO - 页面"【武器之王（福利特权）】上线送VIP10,50万福利钻"跳转正常,该类元素共1个，当前第1个
2020-08-14 18:32:06,732 - basepage - INFO - Click back on current page.
2020-08-14 18:32:11,917 - 2 - INFO - 页面"天行道（送SR百抽充值劵）"跳转正常,该类元素共12个，当前第1个
2020-08-14 18:32:12,182 - basepage - INFO - Click back on current page.
2020-08-14 18:32:17,804 - 2 - INFO - 页面"大国战"跳转正常,该类元素共12个，当前第2个
2020-08-14 18:32:18,026 - basepage - INFO - Click back on current page.
2020-08-14 18:32:23,241 - 2 - INFO - 页面"武龙争道（送海量红将）"跳转正常,该类元素共12个，当前第3个
2020-08-14 18:32:23,772 - basepage - INFO - Click back on current page.
2020-08-14 18:32:29,429 - 2 - INFO - 页面"斗战三国志（送328充值）"跳转正常,该类元素共12个，当前第4个
2020-08-14 18:32:29,666 - basepage - INFO - Click back on current page.
2020-08-14 18:32:34,626 - 2 - INFO - 页面"炫斗英雄（送648充值）"跳转正常,该类元素共12个，当前第5个
2020-08-14 18:32:34,946 - basepage - INFO - Click back on current page.
2020-08-14 18:32:40,248 - 2 - INFO - 页面"次元幻境（送海量寻宝）"跳转正常,该类元素共12个，当前第6个
2020-08-14 18:32:40,483 - basepage - INFO - Click back on current page.
2020-08-14 18:32:45,849 - 2 - INFO - 页面"萌神战姬（送千元充值）"跳转正常,该类元素共12个，当前第7个
2020-08-14 18:32:46,322 - basepage - INFO - Click back on current page.
2020-08-14 18:32:51,772 - 2 - INFO - 页面"小小三国无双（送千抽）"跳转正常,该类元素共12个，当前第8个
2020-08-14 18:32:52,032 - basepage - INFO - Click back on current page.
2020-08-14 18:32:57,010 - 2 - INFO - 页面"忍者学园"跳转正常,该类元素共12个，当前第9个
2020-08-14 18:32:57,240 - basepage - INFO - Click back on current page.
2020-08-14 18:33:02,404 - 2 - INFO - 页面"全民热血（无限切割）"跳转正常,该类元素共12个，当前第10个
2020-08-14 18:33:02,680 - basepage - INFO - Click back on current page.
2020-08-14 18:33:07,668 - 2 - INFO - 页面"神之荣耀（送2020元充值）"跳转正常,该类元素共12个，当前第11个
2020-08-14 18:33:07,893 - basepage - INFO - Click back on current page.
2020-08-14 18:33:13,298 - 2 - INFO - 页面"全民斗西游（福利特权）"跳转正常,该类元素共12个，当前第12个
2020-08-14 18:33:13,524 - basepage - INFO - Click back on current page.
2020-08-14 18:33:19,775 - 2 - INFO - 页面"魔兽世界怀旧服2020年6月7日人口普查一览"跳转正常,该类元素共2个，当前第1个
2020-08-14 18:33:20,378 - basepage - INFO - Click back on current page.
2020-08-14 18:33:27,926 - 2 - INFO - 页面"DNF萌噬噬宠物属性怎么样？萌噬噬属性介绍"跳转正常,该类元素共2个，当前第2个
2020-08-14 18:33:28,178 - basepage - INFO - Click back on current page.
2020-08-14 18:33:34,956 - 2 - INFO - 页面"DNF魔界大战护石怎么玩 大战护石升级方法介绍-最笨下载"跳转正常,该类元素共14个，当前第1个
2020-08-14 18:33:35,469 - basepage - INFO - Click back on current page.
2020-08-14 18:33:42,804 - 2 - INFO - 页面"炉石传说通灵学院奥秘贼卡组怎么搭配 奥秘贼卡组推荐-最笨下载"跳转正常,该类元素共14个，当前第2个
2020-08-14 18:33:43,045 - basepage - INFO - Click back on current page.
2020-08-14 18:33:50,249 - 2 - INFO - 页面"炉石传说通灵学院残片瞎卡组怎么搭配 残片瞎卡组推荐-最笨下载"跳转正常,该类元素共14个，当前第3个
2020-08-14 18:33:50,465 - basepage - INFO - Click back on current page.
2020-08-14 18:33:57,827 - 2 - INFO - 页面"崩坏3幻夜迷迭V4.2版本直播礼包分享-最笨下载"跳转正常,该类元素共14个，当前第4个
2020-08-14 18:33:58,289 - basepage - INFO - Click back on current page.
2020-08-14 18:34:05,451 - 2 - INFO - 页面"忍者必须死3 2020taptap新兑换码分享-最笨下载"跳转正常,该类元素共14个，当前第5个
2020-08-14 18:34:05,747 - basepage - INFO - Click back on current page.
2020-08-14 18:34:13,076 - 2 - INFO - 页面"王者荣耀世界冠军杯云门票活动介绍-最笨下载"跳转正常,该类元素共14个，当前第6个
2020-08-14 18:34:13,297 - basepage - INFO - Click back on current page.
2020-08-14 18:34:20,722 - 2 - INFO - 页面"王者荣耀新打野刀龙王之怒属性一览-最笨下载"跳转正常,该类元素共14个，当前第7个
2020-08-14 18:34:21,158 - basepage - INFO - Click back on current page.
2020-08-14 18:34:28,412 - 2 - INFO - 页面"和平精英SS9赛季手册皮肤奖励一览-最笨下载"跳转正常,该类元素共14个，当前第8个
2020-08-14 18:34:28,663 - basepage - INFO - Click back on current page.
2020-08-14 18:34:35,420 - 2 - INFO - 页面"和平精英睡衣套装怎么获得 睡衣套装免费获得攻略-最笨下载"跳转正常,该类元素共14个，当前第9个
2020-08-14 18:34:35,726 - basepage - INFO - Click back on current page.
2020-08-14 18:34:42,936 - 2 - INFO - 页面"光遇红狐狸面具和黄鼠狼面具外观对比-最笨下载"跳转正常,该类元素共14个，当前第10个
2020-08-14 18:34:43,424 - basepage - INFO - Click back on current page.
2020-08-14 18:34:50,922 - 2 - INFO - 页面"王者荣耀2020最新版本射手怎么玩-2020最新版本射手玩法介绍-最笨下载"跳转正常,该类元素共14个，当前第11个
2020-08-14 18:34:51,208 - basepage - INFO - Click back on current page.
2020-08-14 18:34:59,049 - 2 - INFO - 页面"奥拉星巅峰塔136层怎么过 136层通关攻略-最笨下载"跳转正常,该类元素共14个，当前第12个
2020-08-14 18:34:59,265 - basepage - INFO - Click back on current page.
2020-08-14 18:35:06,425 - 2 - INFO - 页面"猫和老鼠手游泰菲樱花小剑士皮肤怎么样 泰菲樱花小剑士皮肤获取攻略-最笨下载"跳转正常,该类元素共14个，当前第13个
2020-08-14 18:35:06,901 - basepage - INFO - Click back on current page.
2020-08-14 18:35:14,023 - 2 - INFO - 页面"未定事件簿七夕拼图活动玩法介绍-最笨下载"跳转正常,该类元素共14个，当前第14个
2020-08-14 18:35:14,273 - basepage - INFO - Click back on current page.
2020-08-14 18:35:23,156 - 2 - INFO - 页面"2020阴阳师7月新式神紧那罗即将上线 高颜值紧那"跳转正常,该类元素共2个，当前第1个
2020-08-14 18:35:23,368 - basepage - INFO - Click back on current page.
2020-08-14 18:35:31,213 - 2 - INFO - 页面"英雄联盟2020灵魂莲华皮肤原画汇总"跳转正常,该类元素共2个，当前第2个
2020-08-14 18:35:31,646 - basepage - INFO - Click back on current page.
2020-08-14 18:35:38,711 - 2 - INFO - 页面"变态手游公益服_bt手游变态服_无限元宝bt手游下载_BT手游中心-最笨下载"跳转正常,该类元素共28个，当前第1个
2020-08-14 18:35:38,972 - basepage - INFO - Click back on current page.
2020-08-14 18:35:46,250 - 2 - INFO - 页面"武器之王（福利特权）_武器之王（福利特权）无限元宝服_SF变态版武器之王（福利特权）公益服下载 - 最笨下载"跳转正常,该类元素共28个，当前第2个
2020-08-14 18:35:46,539 - basepage - INFO - Click back on current page.
2020-08-14 18:35:53,302 - 2 - INFO - 页面"满vip版手游_手游sf送顶级vip_满级vip无限元宝手游下载-最笨下载"跳转正常,该类元素共28个，当前第3个
2020-08-14 18:35:53,799 - basepage - INFO - Click back on current page.
2020-08-14 18:36:00,468 - 2 - INFO - 页面"女神联盟2（送500充值）_女神联盟2（送500充值）无限元宝服_SF变态版女神联盟2（送500充值）公益服下载 - 最笨下载"跳转正常,该类元素共28个，当前第4个
2020-08-14 18:36:00,706 - basepage - INFO - Click back on current page.
2020-08-14 18:36:07,207 - 2 - INFO - 页面"变态手游公益服_bt手游变态服_无限元宝bt手游下载_BT手游中心-最笨下载"跳转正常,该类元素共28个，当前第5个
2020-08-14 18:36:07,416 - basepage - INFO - Click back on current page.
2020-08-14 18:36:14,093 - 2 - INFO - 页面"凡人飞仙传（充值特权）_凡人飞仙传（充值特权）无限元宝服_SF变态版凡人飞仙传（充值特权）公益服下载 - 最笨下载"跳转正常,该类元素共28个，当前第6个
2020-08-14 18:36:14,580 - basepage - INFO - Click back on current page.
2020-08-14 18:36:21,022 - 2 - INFO - 页面"变态手游公益服_bt手游变态服_无限元宝bt手游下载_BT手游中心-最笨下载"跳转正常,该类元素共28个，当前第7个
2020-08-14 18:36:21,305 - basepage - INFO - Click back on current page.
2020-08-14 18:36:28,622 - 2 - INFO - 页面"妖神记（抽动漫周边）_妖神记（抽动漫周边）无限元宝服_SF变态版妖神记（抽动漫周边）公益服下载 - 最笨下载"跳转正常,该类元素共28个，当前第8个
2020-08-14 18:36:29,107 - basepage - INFO - Click back on current page.
2020-08-14 18:36:35,606 - 2 - INFO - 页面"变态手游公益服_bt手游变态服_无限元宝bt手游下载_BT手游中心-最笨下载"跳转正常,该类元素共28个，当前第9个
2020-08-14 18:36:35,871 - basepage - INFO - Click back on current page.
2020-08-14 18:36:42,803 - 2 - INFO - 页面"天天怼三国（送千元充值）_天天怼三国（送千元充值）无限元宝服_SF变态版天天怼三国（送千元充值）公益服下载 - 最笨下载"跳转正常,该类元素共28个，当前第10个
2020-08-14 18:36:43,044 - basepage - INFO - Click back on current page.
2020-08-14 18:36:49,499 - 2 - INFO - 页面"满vip版手游_手游sf送顶级vip_满级vip无限元宝手游下载-最笨下载"跳转正常,该类元素共28个，当前第11个
2020-08-14 18:36:49,977 - basepage - INFO - Click back on current page.
2020-08-14 18:36:57,176 - 2 - INFO - 页面"仙灵世界（送海量连抽）_仙灵世界（送海量连抽）无限元宝服_SF变态版仙灵世界（送海量连抽）公益服下载 - 最笨下载"跳转正常,该类元素共28个，当前第12个
2020-08-14 18:36:57,438 - basepage - INFO - Click back on current page.
2020-08-14 18:37:03,890 - 2 - INFO - 页面"满vip版手游_手游sf送顶级vip_满级vip无限元宝手游下载-最笨下载"跳转正常,该类元素共28个，当前第13个
2020-08-14 18:37:04,425 - basepage - INFO - Click back on current page.
2020-08-14 18:37:11,403 - 2 - INFO - 页面"魔剑侠缘（万元兑换）_魔剑侠缘（万元兑换）无限元宝服_SF变态版魔剑侠缘（万元兑换）公益服下载 - 最笨下载"跳转正常,该类元素共28个，当前第14个
2020-08-14 18:37:11,621 - basepage - INFO - Click back on current page.
2020-08-14 18:37:18,077 - 2 - INFO - 页面"变态手游公益服_bt手游变态服_无限元宝bt手游下载_BT手游中心-最笨下载"跳转正常,该类元素共28个，当前第15个
2020-08-14 18:37:18,335 - basepage - INFO - Click back on current page.
2020-08-14 18:37:25,041 - 2 - INFO - 页面"纵剑仙界（送VIP代金券）_纵剑仙界（送VIP代金券）无限元宝服_SF变态版纵剑仙界（送VIP代金券）公益服下载 - 最笨下载"跳转正常,该类元素共28个，当前第16个
2020-08-14 18:37:25,463 - basepage - INFO - Click back on current page.
2020-08-14 18:37:31,903 - 2 - INFO - 页面"满vip版手游_手游sf送顶级vip_满级vip无限元宝手游下载-最笨下载"跳转正常,该类元素共28个，当前第17个
2020-08-14 18:37:32,111 - basepage - INFO - Click back on current page.
2020-08-14 18:37:38,737 - 2 - INFO - 页面"崩坏西游（送1688元充值）_崩坏西游（送1688元充值）无限元宝服_SF变态版崩坏西游（送1688元充值）公益服下载 - 最笨下载"跳转正常,该类元素共28个，当前第18个
2020-08-14 18:37:39,272 - basepage - INFO - Click back on current page.
2020-08-14 18:37:45,779 - 2 - INFO - 页面"满vip版手游_手游sf送顶级vip_满级vip无限元宝手游下载-最笨下载"跳转正常,该类元素共28个，当前第19个
2020-08-14 18:37:46,052 - basepage - INFO - Click back on current page.
2020-08-14 18:37:52,689 - 2 - INFO - 页面"仙风道骨（送GM海量充）_仙风道骨（送GM海量充）无限元宝服_SF变态版仙风道骨（送GM海量充）公益服下载 - 最笨下载"跳转正常,该类元素共28个，当前第20个
2020-08-14 18:37:53,190 - basepage - INFO - Click back on current page.
2020-08-14 18:37:59,656 - 2 - INFO - 页面"变态手游公益服_bt手游变态服_无限元宝bt手游下载_BT手游中心-最笨下载"跳转正常,该类元素共28个，当前第21个
2020-08-14 18:37:59,921 - basepage - INFO - Click back on current page.
2020-08-14 18:38:06,599 - 2 - INFO - 页面"天使之吻_天使之吻无限元宝服_SF变态版天使之吻公益服下载 - 最笨下载"跳转正常,该类元素共28个，当前第22个
2020-08-14 18:38:07,051 - basepage - INFO - Click back on current page.
2020-08-14 18:38:13,516 - 2 - INFO - 页面"满vip版手游_手游sf送顶级vip_满级vip无限元宝手游下载-最笨下载"跳转正常,该类元素共28个，当前第23个
2020-08-14 18:38:13,770 - basepage - INFO - Click back on current page.
2020-08-14 18:38:20,443 - 2 - INFO - 页面"唐门六道（送千元充值）_唐门六道（送千元充值）无限元宝服_SF变态版唐门六道（送千元充值）公益服下载 - 最笨下载"跳转正常,该类元素共28个，当前第24个
2020-08-14 18:38:20,911 - basepage - INFO - Click back on current page.
2020-08-14 18:38:27,389 - 2 - INFO - 页面"满vip版手游_手游sf送顶级vip_满级vip无限元宝手游下载-最笨下载"跳转正常,该类元素共28个，当前第25个
2020-08-14 18:38:27,650 - basepage - INFO - Click back on current page.
2020-08-14 18:38:34,339 - 2 - INFO - 页面"魔法之光（红忍海量抽）_魔法之光（红忍海量抽）无限元宝服_SF变态版魔法之光（红忍海量抽）公益服下载 - 最笨下载"跳转正常,该类元素共28个，当前第26个
2020-08-14 18:38:34,819 - basepage - INFO - Click back on current page.
2020-08-14 18:38:41,331 - 2 - INFO - 页面"满vip版手游_手游sf送顶级vip_满级vip无限元宝手游下载-最笨下载"跳转正常,该类元素共28个，当前第27个
2020-08-14 18:38:41,601 - basepage - INFO - Click back on current page.
2020-08-14 18:38:48,253 - 2 - INFO - 页面"武动九天（GM免费特权）_武动九天（GM免费特权）无限元宝服_SF变态版武动九天（GM免费特权）公益服下载 - 最笨下载"跳转正常,该类元素共28个，当前第28个
2020-08-14 18:38:48,947 - basepage - INFO - Click back on current page.
2020-08-14 18:38:57,725 - 2 - INFO - 页面"回复女朋友的软件叫什么"跳转正常,该类元素共2个，当前第1个
2020-08-14 18:38:57,982 - basepage - INFO - Click back on current page.
2020-08-14 18:39:05,893 - 2 - INFO - 页面"抖音聊天的软件叫什么"跳转正常,该类元素共2个，当前第2个
2020-08-14 18:39:06,339 - basepage - INFO - Click back on current page.
2020-08-14 18:39:13,809 - 2 - INFO - 页面"【苹果娱乐软件】iPhone手机娱乐软件_iPhone娱乐软件免费下载大全-最笨下载"跳转正常,该类元素共28个，当前第1个
2020-08-14 18:39:14,064 - basepage - INFO - Click back on current page.
2020-08-14 18:39:21,190 - 2 - INFO - 页面"最笨游戏盒子iOS版_最笨游戏盒子iOS版下载_最笨游戏盒子iOS版官方下载-最笨下载"跳转正常,该类元素共28个，当前第2个
2020-08-14 18:39:21,404 - basepage - INFO - Click back on current page.
2020-08-14 18:39:28,233 - 2 - INFO - 页面"【安卓娱乐软件】安卓娱乐软件下载_安卓娱乐软件推荐_安卓娱乐软件大全-最笨下载"跳转正常,该类元素共28个，当前第3个
2020-08-14 18:39:28,789 - basepage - INFO - Click back on current page.
2020-08-14 18:39:35,598 - 2 - INFO - 页面"最笨游戏盒子_最笨游戏盒子下载_最笨游戏盒子官方下载-最笨下载"跳转正常,该类元素共28个，当前第4个
2020-08-14 18:39:35,897 - basepage - INFO - Click back on current page.
2020-08-14 18:39:42,698 - 2 - INFO - 页面"【安卓聊天软件】安卓聊天软件下载_安卓聊天软件排行_安卓聊天软件大全-最笨下载"跳转正常,该类元素共28个，当前第5个
2020-08-14 18:39:42,980 - basepage - INFO - Click back on current page.
2020-08-14 18:39:50,234 - 2 - INFO - 页面"蜜小助_蜜小助下载_蜜小助官方下载-最笨下载"跳转正常,该类元素共28个，当前第6个
2020-08-14 18:39:50,707 - basepage - INFO - Click back on current page.
2020-08-14 18:39:57,187 - 2 - INFO - 页面"【安卓娱乐软件】安卓娱乐软件下载_安卓娱乐软件推荐_安卓娱乐软件大全-最笨下载"跳转正常,该类元素共28个，当前第7个
2020-08-14 18:39:57,495 - basepage - INFO - Click back on current page.
2020-08-14 18:40:05,083 - 2 - INFO - 页面"3733游戏盒子_3733游戏盒子下载_3733游戏盒子官方下载-最笨下载"跳转正常,该类元素共28个，当前第8个
2020-08-14 18:40:05,314 - basepage - INFO - Click back on current page.
2020-08-14 18:40:11,759 - 2 - INFO - 页面"【安卓聊天软件】安卓聊天软件下载_安卓聊天软件排行_安卓聊天软件大全-最笨下载"跳转正常,该类元素共28个，当前第9个
2020-08-14 18:40:12,225 - basepage - INFO - Click back on current page.
2020-08-14 18:40:19,607 - 2 - INFO - 页面"土味情话_土味情话下载_土味情话官方下载-最笨下载"跳转正常,该类元素共28个，当前第10个
2020-08-14 18:40:19,883 - basepage - INFO - Click back on current page.
2020-08-14 18:40:26,357 - 2 - INFO - 页面"【安卓聊天软件】安卓聊天软件下载_安卓聊天软件排行_安卓聊天软件大全-最笨下载"跳转正常,该类元素共28个，当前第11个
2020-08-14 18:40:26,605 - basepage - INFO - Click back on current page.
2020-08-14 18:40:34,030 - 2 - INFO - 页面"恋爱话术_恋爱话术下载_恋爱话术官方下载-最笨下载"跳转正常,该类元素共28个，当前第12个
2020-08-14 18:40:34,530 - basepage - INFO - Click back on current page.
2020-08-14 18:40:41,001 - 2 - INFO - 页面"【安卓聊天软件】安卓聊天软件下载_安卓聊天软件排行_安卓聊天软件大全-最笨下载"跳转正常,该类元素共28个，当前第13个
2020-08-14 18:40:41,244 - basepage - INFO - Click back on current page.
2020-08-14 18:40:48,280 - 2 - INFO - 页面"土味情话社_土味情话社下载_土味情话社官方下载-最笨下载"跳转正常,该类元素共28个，当前第14个
2020-08-14 18:40:48,498 - basepage - INFO - Click back on current page.
2020-08-14 18:40:55,699 - 2 - INFO - 页面"【安卓阅读软件】安卓阅读软件下载_安卓阅读软件哪个好_安卓阅读软件排行-最笨下载"跳转正常,该类元素共28个，当前第15个
2020-08-14 18:40:56,143 - basepage - INFO - Click back on current page.
2020-08-14 18:41:03,394 - 2 - INFO - 页面"吾爱看书_吾爱看书下载_吾爱看书官方下载-最笨下载"跳转正常,该类元素共28个，当前第16个
2020-08-14 18:41:03,615 - basepage - INFO - Click back on current page.
2020-08-14 18:41:10,959 - 2 - INFO - 页面"【苹果阅读软件】iPhone手机阅读软件_iPhone阅读软件免费下载大全-最笨下载"跳转正常,该类元素共28个，当前第17个
2020-08-14 18:41:11,210 - basepage - INFO - Click back on current page.
2020-08-14 18:41:18,587 - 2 - INFO - 页面"吾爱看书ios版_吾爱看书ios版下载_吾爱看书ios版官方下载-最笨下载"跳转正常,该类元素共28个，当前第18个
2020-08-14 18:41:19,022 - basepage - INFO - Click back on current page.
2020-08-14 18:41:25,536 - 2 - INFO - 页面"【安卓聊天软件】安卓聊天软件下载_安卓聊天软件排行_安卓聊天软件大全-最笨下载"跳转正常,该类元素共28个，当前第19个
2020-08-14 18:41:25,776 - basepage - INFO - Click back on current page.
2020-08-14 18:41:33,153 - 2 - INFO - 页面"恋爱话术库_恋爱话术库下载_恋爱话术库官方下载-最笨下载"跳转正常,该类元素共28个，当前第20个
2020-08-14 18:41:33,394 - basepage - INFO - Click back on current page.
2020-08-14 18:41:39,858 - 2 - INFO - 页面"【安卓聊天软件】安卓聊天软件下载_安卓聊天软件排行_安卓聊天软件大全-最笨下载"跳转正常,该类元素共28个，当前第21个
2020-08-14 18:41:40,392 - basepage - INFO - Click back on current page.
2020-08-14 18:41:48,070 - 2 - INFO - 页面"撩吧_撩吧下载_撩吧官方下载-最笨下载"跳转正常,该类元素共28个，当前第22个
2020-08-14 18:41:48,556 - basepage - INFO - Click back on current page.
2020-08-14 18:41:55,037 - 2 - INFO - 页面"【安卓聊天软件】安卓聊天软件下载_安卓聊天软件排行_安卓聊天软件大全-最笨下载"跳转正常,该类元素共28个，当前第23个
2020-08-14 18:41:55,308 - basepage - INFO - Click back on current page.
2020-08-14 18:42:02,670 - 2 - INFO - 页面"遇知音_遇知音下载_遇知音官方下载-最笨下载"跳转正常,该类元素共28个，当前第24个
2020-08-14 18:42:03,186 - basepage - INFO - Click back on current page.
2020-08-14 18:42:09,665 - 2 - INFO - 页面"【安卓聊天软件】安卓聊天软件下载_安卓聊天软件排行_安卓聊天软件大全-最笨下载"跳转正常,该类元素共28个，当前第25个
2020-08-14 18:42:09,896 - basepage - INFO - Click back on current page.
2020-08-14 18:42:17,296 - 2 - INFO - 页面"脱单大师_脱单大师下载_脱单大师官方下载-最笨下载"跳转正常,该类元素共28个，当前第26个
2020-08-14 18:42:17,518 - basepage - INFO - Click back on current page.
2020-08-14 18:42:23,961 - 2 - INFO - 页面"【安卓聊天软件】安卓聊天软件下载_安卓聊天软件排行_安卓聊天软件大全-最笨下载"跳转正常,该类元素共28个，当前第27个
2020-08-14 18:42:24,499 - basepage - INFO - Click back on current page.
2020-08-14 18:42:32,638 - 2 - INFO - 页面"爱情套路_爱情套路下载_爱情套路官方下载-最笨下载"跳转正常,该类元素共28个，当前第28个
2020-08-14 18:42:33,197 - basepage - INFO - Click back on current page.
2020-08-14 18:42:44,256 - 2 - INFO - 页面"【安卓播放器】安卓播放器下载_安卓播放器哪个最好_安卓播放器下载排行-最笨下载"跳转正常,该类元素共19个，当前第1个
2020-08-14 18:42:44,555 - basepage - INFO - Click back on current page.
2020-08-14 18:42:51,937 - 2 - INFO - 页面"【安卓学习软件】安卓学习软件下载_安卓学习软件免费下载_安卓学习软件大全-最笨下载"跳转正常,该类元素共19个，当前第2个
2020-08-14 18:42:52,376 - basepage - INFO - Click back on current page.
2020-08-14 18:42:59,894 - 2 - INFO - 页面"【安卓辅助软件】安卓辅助软件下载_安卓辅助软件推荐_安卓辅助软件大全-最笨下载"跳转正常,该类元素共19个，当前第3个
2020-08-14 18:43:00,173 - basepage - INFO - Click back on current page.
2020-08-14 18:43:07,621 - 2 - INFO - 页面"【安卓输入法】安卓输入法下载_安卓输入法哪个好_安卓输入法怎么用-最笨下载"跳转正常,该类元素共19个，当前第4个
2020-08-14 18:43:07,922 - basepage - INFO - Click back on current page.
2020-08-14 18:43:15,486 - 2 - INFO - 页面"【安卓通信软件】安卓通信软件下载_安卓通信软件推荐_安卓通信软件大全-最笨下载"跳转正常,该类元素共19个，当前第5个
2020-08-14 18:43:15,994 - basepage - INFO - Click back on current page.
2020-08-14 18:43:23,593 - 2 - INFO - 页面"【安卓固件】安卓固件下载_安卓固件包下载_安卓固件管理器-最笨下载"跳转正常,该类元素共19个，当前第6个
2020-08-14 18:43:24,068 - basepage - INFO - Click back on current page.
2020-08-14 18:43:31,660 - 2 - INFO - 页面"【安卓文件管理器】安卓文件管理器下载_安卓文件管理器哪个好_安卓文件管理器中文版-最笨下载"跳转正常,该类元素共19个，当前第7个
2020-08-14 18:43:31,924 - basepage - INFO - Click back on current page.
2020-08-14 18:43:39,560 - 2 - INFO - 页面"【安卓同步软件】安卓同步软件下载_安卓同步软件哪个好_安卓手机同步软件-最笨下载"跳转正常,该类元素共19个，当前第8个
2020-08-14 18:43:40,047 - basepage - INFO - Click back on current page.
2020-08-14 18:43:47,654 - 2 - INFO - 页面"【安卓办公软件】安卓办公软件下载_安卓办公软件哪个好_安卓办公软件哪种最好-最笨下载"跳转正常,该类元素共19个，当前第9个
2020-08-14 18:43:47,936 - basepage - INFO - Click back on current page.
2020-08-14 18:43:55,520 - 2 - INFO - 页面"【安卓理财软件】安卓理财软件下载_安卓理财软件哪个好_安卓理财软件大全-最笨下载"跳转正常,该类元素共19个，当前第10个
2020-08-14 18:43:55,804 - basepage - INFO - Click back on current page.
2020-08-14 18:44:03,325 - 2 - INFO - 页面"【安卓备份软件】安卓备份软件下载_安卓备份软件哪个好_安卓手机备份软件-最笨下载"跳转正常,该类元素共19个，当前第11个
2020-08-14 18:44:03,886 - basepage - INFO - Click back on current page.
2020-08-14 18:44:11,386 - 2 - INFO - 页面"【安卓跑步软件】安卓跑步软件下载_安卓跑步软件哪个好_安卓跑步软件大全-最笨下载"跳转正常,该类元素共19个，当前第12个
2020-08-14 18:44:11,651 - basepage - INFO - Click back on current page.
2020-08-14 18:44:19,137 - 2 - INFO - 页面"【安卓健康管理软件】安卓健康管理软件下载_安卓健康管理软件推荐_安卓健康管理软件大全-最笨下载"跳转正常,该类元素共19个，当前第13个
2020-08-14 18:44:19,402 - basepage - INFO - Click back on current page.
2020-08-14 18:44:27,166 - 2 - INFO - 页面"【安卓系统软件】安卓系统软件下载_安卓系统软件免费下载_安卓系统软件下载工具-最笨下载"跳转正常,该类元素共19个，当前第14个
2020-08-14 18:44:27,566 - basepage - INFO - Click back on current page.
2020-08-14 18:44:34,031 - 2 - INFO - 页面"【安卓聊天软件】安卓聊天软件下载_安卓聊天软件排行_安卓聊天软件大全-最笨下载"跳转正常,该类元素共19个，当前第15个
2020-08-14 18:44:34,301 - basepage - INFO - Click back on current page.
2020-08-14 18:44:42,242 - 2 - INFO - 页面"【安卓应用软件】安卓应用软件排行_好玩的安卓应用软件_好用的安卓应用软件-最笨下载"跳转正常,该类元素共19个，当前第16个
2020-08-14 18:44:42,518 - basepage - INFO - Click back on current page.
2020-08-14 18:44:49,004 - 2 - INFO - 页面"【安卓娱乐软件】安卓娱乐软件下载_安卓娱乐软件推荐_安卓娱乐软件大全-最笨下载"跳转正常,该类元素共19个，当前第17个
2020-08-14 18:44:49,563 - basepage - INFO - Click back on current page.
2020-08-14 18:44:57,228 - 2 - INFO - 页面"【安卓导航软件】安卓导航软件下载_安卓导航软件哪个好_安卓导航软件排名-最笨下载"跳转正常,该类元素共19个，当前第18个
2020-08-14 18:44:57,732 - basepage - INFO - Click back on current page.
2020-08-14 18:45:05,227 - 2 - INFO - 页面"【安卓网络软件】安卓网络软件下载_安卓网络软件推荐_安卓网络软件大全-最笨下载"跳转正常,该类元素共19个，当前第19个
2020-08-14 18:45:05,483 - basepage - INFO - Click back on current page.
2020-08-14 18:45:13,817 - 2 - INFO - 页面"3733手游游戏平台_3733手游游戏平台下载_3733手游游戏平台官方下载-最笨下载"跳转正常,该类元素共18个，当前第1个
2020-08-14 18:45:19,944 - 2 - INFO - 页面"安致手游游戏平台_安致手游游戏平台下载_安致手游游戏平台官方下载-最笨下载"跳转正常,该类元素共18个，当前第2个
2020-08-14 18:45:26,085 - 2 - INFO - 页面"蜜小助会员破解版_蜜小助会员破解版下载_蜜小助会员破解版官方下载-最笨下载"跳转正常,该类元素共18个，当前第3个
2020-08-14 18:45:32,207 - 2 - INFO - 页面"蜜小助vip破解版_蜜小助vip破解版下载_蜜小助vip破解版官方下载-最笨下载"跳转正常,该类元素共18个，当前第4个
2020-08-14 18:45:38,338 - 2 - INFO - 页面"蜜小助内购版_蜜小助内购版下载_蜜小助内购版官方下载-最笨下载"跳转正常,该类元素共18个，当前第5个
2020-08-14 18:45:44,474 - 2 - INFO - 页面"聊天套路安卓版_聊天套路安卓版下载_聊天套路安卓版官方下载-最笨下载"跳转正常,该类元素共18个，当前第6个
2020-08-14 18:45:50,593 - 2 - INFO - 页面"聊天套路破解版_聊天套路破解版下载_聊天套路破解版官方下载-最笨下载"跳转正常,该类元素共18个，当前第7个
2020-08-14 18:45:56,707 - 2 - INFO - 页面"聊天套路软件_聊天套路软件下载_聊天套路软件官方下载-最笨下载"跳转正常,该类元素共18个，当前第8个
2020-08-14 18:46:02,823 - 2 - INFO - 页面"聊天套路_聊天套路下载_聊天套路官方下载-最笨下载"跳转正常,该类元素共18个，当前第9个
2020-08-14 18:46:08,942 - 2 - INFO - 页面"信息回复神器_信息回复神器下载_信息回复神器官方下载-最笨下载"跳转正常,该类元素共18个，当前第10个
2020-08-14 18:46:15,060 - 2 - INFO - 页面"消息回复神器_消息回复神器下载_消息回复神器官方下载-最笨下载"跳转正常,该类元素共18个，当前第11个
2020-08-14 18:46:21,180 - 2 - INFO - 页面"消息回复辅助神器_消息回复辅助神器下载_消息回复辅助神器官方下载-最笨下载"跳转正常,该类元素共18个，当前第12个
2020-08-14 18:46:27,294 - 2 - INFO - 页面"回复神器_回复神器下载_回复神器官方下载-最笨下载"跳转正常,该类元素共18个，当前第13个
2020-08-14 18:46:33,411 - 2 - INFO - 页面"神撩话术大全库_神撩话术大全库下载_神撩话术大全库官方下载-最笨下载"跳转正常,该类元素共18个，当前第14个
2020-08-14 18:46:39,530 - 2 - INFO - 页面"扑鹿_扑鹿下载_扑鹿官方下载-最笨下载"跳转正常,该类元素共18个，当前第15个
2020-08-14 18:46:49,654 - 2 - INFO - 页面"日杂相机_日杂相机下载_日杂相机官方下载-最笨下载"跳转正常,该类元素共18个，当前第16个
2020-08-14 18:46:55,792 - 2 - INFO - 页面"皮皮虾_皮皮虾下载_皮皮虾官方下载-最笨下载"跳转正常,该类元素共18个，当前第17个
2020-08-14 18:47:01,912 - 2 - INFO - 页面"吾爱看书_吾爱看书下载_吾爱看书官方下载-最笨下载"跳转正常,该类元素共18个，当前第18个
2020-08-14 18:47:08,674 - 2 - INFO - 页面"【安卓益智游戏】好玩的安卓益智游戏大全_安卓益智类游戏_益智游戏下载-最笨下载"跳转正常,该类元素共17个，当前第1个
2020-08-14 18:47:08,946 - basepage - INFO - Click back on current page.
2020-08-14 18:47:16,351 - 2 - INFO - 页面"【安卓其他游戏】好玩的安卓其他游戏大全_安卓其他类游戏_其他游戏下载-最笨下载"跳转正常,该类元素共17个，当前第2个
2020-08-14 18:47:16,615 - basepage - INFO - Click back on current page.
2020-08-14 18:47:24,364 - 2 - INFO - 页面"【安卓音乐游戏】好玩的安卓音乐游戏大全_安卓音乐类游戏_音乐游戏下载-最笨下载"跳转正常,该类元素共17个，当前第3个
2020-08-14 18:47:24,863 - basepage - INFO - Click back on current page.
2020-08-14 18:47:32,326 - 2 - INFO - 页面"【安卓网络游戏】好玩的安卓网络游戏大全_安卓网络类游戏_网络游戏下载-最笨下载"跳转正常,该类元素共17个，当前第4个
2020-08-14 18:47:32,543 - basepage - INFO - Click back on current page.
2020-08-14 18:47:40,053 - 2 - INFO - 页面"【安卓格斗游戏】好玩的安卓格斗游戏大全_安卓格斗类游戏_格斗游戏下载-最笨下载"跳转正常,该类元素共17个，当前第5个
2020-08-14 18:47:40,316 - basepage - INFO - Click back on current page.
2020-08-14 18:47:47,803 - 2 - INFO - 页面"【安卓飞行游戏】好玩的安卓飞行游戏大全_安卓飞行类游戏_飞行游戏下载-最笨下载"跳转正常,该类元素共17个，当前第6个
2020-08-14 18:47:48,307 - basepage - INFO - Click back on current page.
2020-08-14 18:48:03,268 - 2 - INFO - 页面"【安卓体育运动游戏】好玩的安卓体育运动游戏大全_安卓体育运动类游戏_体育运动游戏下载-最笨下载"跳转正常,该类元素共17个，当前第7个
2020-08-14 18:48:03,865 - basepage - INFO - Click back on current page.
2020-08-14 18:48:11,331 - 2 - INFO - 页面"【安卓模拟经营游戏】好玩的安卓模拟经营游戏大全_安卓模拟经营类游戏_模拟经营游戏下载-最笨下载"跳转正常,该类元素共17个，当前第8个
2020-08-14 18:48:11,581 - basepage - INFO - Click back on current page.
2020-08-14 18:48:19,153 - 2 - INFO - 页面"【安卓策略游戏】好玩的安卓策略游戏大全_安卓策略类游戏_策略游戏下载-最笨下载"跳转正常,该类元素共17个，当前第9个
2020-08-14 18:48:19,443 - basepage - INFO - Click back on current page.
2020-08-14 18:48:26,883 - 2 - INFO - 页面"【安卓塔防游戏】好玩的安卓塔防游戏大全_安卓塔防类游戏_塔防游戏下载-最笨下载"跳转正常,该类元素共17个，当前第10个
2020-08-14 18:48:27,412 - basepage - INFO - Click back on current page.
2020-08-14 18:48:35,443 - 2 - INFO - 页面"【安卓解谜冒险游戏】好玩的安卓解谜冒险游戏大全_安卓解谜冒险类游戏_解谜冒险游戏下载-最笨下载"跳转正常,该类元素共17个，当前第11个
2020-08-14 18:48:35,894 - basepage - INFO - Click back on current page.
2020-08-14 18:48:43,713 - 2 - INFO - 页面"【安卓射击游戏】好玩的安卓射击游戏大全_安卓射击类游戏_射击游戏下载-最笨下载"跳转正常,该类元素共17个，当前第12个
2020-08-14 18:48:43,998 - basepage - INFO - Click back on current page.
2020-08-14 18:48:51,483 - 2 - INFO - 页面"【安卓棋牌游戏】好玩的安卓棋牌游戏大全_安卓棋牌类游戏_棋牌游戏下载-最笨下载"跳转正常,该类元素共17个，当前第13个
2020-08-14 18:48:51,916 - basepage - INFO - Click back on current page.
2020-08-14 18:48:59,184 - 2 - INFO - 页面"【安卓赛车游戏】好玩的安卓赛车游戏大全_安卓赛车类游戏_赛车游戏下载-最笨下载"跳转正常,该类元素共17个，当前第14个
2020-08-14 18:48:59,460 - basepage - INFO - Click back on current page.
2020-08-14 18:49:06,267 - 2 - INFO - 页面"【安卓角色扮演游戏】好玩的安卓角色扮演游戏大全_安卓角色扮演类游戏_角色扮演游戏下载-最笨下载"跳转正常,该类元素共17个，当前第15个
2020-08-14 18:49:06,557 - basepage - INFO - Click back on current page.
2020-08-14 18:49:13,951 - 2 - INFO - 页面"【安卓动作游戏】好玩的安卓动作游戏大全_安卓动作类游戏_动作游戏下载-最笨下载"跳转正常,该类元素共17个，当前第16个
2020-08-14 18:49:14,487 - basepage - INFO - Click back on current page.
2020-08-14 18:49:21,293 - 2 - INFO - 页面"【安卓休闲游戏】好玩的安卓休闲游戏大全_安卓休闲类游戏_休闲游戏下载-最笨下载"跳转正常,该类元素共17个，当前第17个
2020-08-14 18:49:21,556 - basepage - INFO - Click back on current page.
2020-08-14 18:49:29,907 - 2 - INFO - 页面"炼金国度（送1000元充值）ios版_炼金国度（送1000元充值）ios版下载_炼金国度（送1000元充值）ios版官方下载-最笨下载"跳转正常,该类元素共18个，当前第1个
2020-08-14 18:49:36,025 - 2 - INFO - 页面"国贼顾挽之_国贼顾挽之下载_国贼顾挽之官方下载-最笨下载"跳转正常,该类元素共18个，当前第2个
2020-08-14 18:49:42,141 - 2 - INFO - 页面"大秦黎明_大秦黎明下载_大秦黎明官方下载-最笨下载"跳转正常,该类元素共18个，当前第3个
2020-08-14 18:49:48,286 - 2 - INFO - 页面"怒焰三国杀手游_怒焰三国杀手游下载_怒焰三国杀手游官方下载-最笨下载"跳转正常,该类元素共18个，当前第4个
2020-08-14 18:49:54,417 - 2 - INFO - 页面"末日围城_末日围城下载_末日围城官方下载-最笨下载"跳转正常,该类元素共18个，当前第5个
2020-08-14 18:50:00,538 - 2 - INFO - 页面"天将雄师九游版_天将雄师九游版下载_天将雄师九游版官方下载-最笨下载"跳转正常,该类元素共18个，当前第6个
2020-08-14 18:50:06,649 - 2 - INFO - 页面"诸王黎明_诸王黎明下载_诸王黎明官方下载-最笨下载"跳转正常,该类元素共18个，当前第7个
2020-08-14 18:50:12,766 - 2 - INFO - 页面"一梦江湖九游版_一梦江湖九游版下载_一梦江湖九游版官方下载-最笨下载"跳转正常,该类元素共18个，当前第8个
2020-08-14 18:50:18,903 - 2 - INFO - 页面"NBA篮球大师_NBA篮球大师下载_NBA篮球大师官方下载-最笨下载"跳转正常,该类元素共18个，当前第9个
2020-08-14 18:50:25,034 - 2 - INFO - 页面"萌妖传手游_萌妖传手游下载_萌妖传手游官方下载-最笨下载"跳转正常,该类元素共18个，当前第10个
2020-08-14 18:50:31,179 - 2 - INFO - 页面"中超英雄手游_中超英雄手游下载_中超英雄手游官方下载-最笨下载"跳转正常,该类元素共18个，当前第11个
2020-08-14 18:50:37,305 - 2 - INFO - 页面"三国战天下手游_三国战天下手游下载_三国战天下手游官方下载-最笨下载"跳转正常,该类元素共18个，当前第12个
2020-08-14 18:50:43,433 - 2 - INFO - 页面"拳皇命运_拳皇命运下载_拳皇命运官方下载-最笨下载"跳转正常,该类元素共18个，当前第13个
2020-08-14 18:50:49,553 - 2 - INFO - 页面"电能大亨_电能大亨下载_电能大亨官方下载-最笨下载"跳转正常,该类元素共18个，当前第14个
2020-08-14 18:50:55,670 - 2 - INFO - 页面"驾校模拟器_驾校模拟器下载_驾校模拟器官方下载-最笨下载"跳转正常,该类元素共18个，当前第15个
2020-08-14 18:51:06,483 - 2 - INFO - 页面"暗黑探险2_暗黑探险2下载_暗黑探险2官方下载-最笨下载"跳转正常,该类元素共18个，当前第16个
2020-08-14 18:51:12,604 - 2 - INFO - 页面"风暴山之谜_风暴山之谜下载_风暴山之谜官方下载-最笨下载"跳转正常,该类元素共18个，当前第17个
2020-08-14 18:51:18,719 - 2 - INFO - 页面"炸弹投石机:卡牌战斗_炸弹投石机:卡牌战斗下载_炸弹投石机:卡牌战斗官方下载-最笨下载"跳转正常,该类元素共18个，当前第18个
2020-08-14 18:51:26,341 - 2 - INFO - 页面"变态手游公益服_bt手游变态服_无限元宝bt手游下载_BT手游中心-最笨下载"跳转正常,该类元素共13个，当前第1个
2020-08-14 18:51:26,618 - basepage - INFO - Click back on current page.
2020-08-14 18:51:35,639 - 2 - INFO - 页面"变态手游公益服_bt手游变态服_无限元宝bt手游下载_BT手游中心-最笨下载"跳转正常,该类元素共13个，当前第2个
2020-08-14 18:51:35,968 - basepage - INFO - Click back on current page.
2020-08-14 18:51:44,524 - 2 - INFO - 页面"变态手游公益服_bt手游变态服_无限元宝bt手游下载_BT手游中心-最笨下载"跳转正常,该类元素共13个，当前第3个
2020-08-14 18:51:44,994 - basepage - INFO - Click back on current page.
2020-08-14 18:51:53,497 - 2 - INFO - 页面"变态手游公益服_bt手游变态服_无限元宝bt手游下载_BT手游中心-最笨下载"跳转正常,该类元素共13个，当前第4个
2020-08-14 18:51:53,970 - basepage - INFO - Click back on current page.
2020-08-14 18:52:02,158 - 2 - INFO - 页面"变态手游公益服_bt手游变态服_无限元宝bt手游下载_BT手游中心-最笨下载"跳转正常,该类元素共13个，当前第5个
2020-08-14 18:52:02,692 - basepage - INFO - Click back on current page.
2020-08-14 18:52:10,804 - 2 - INFO - 页面"变态手游公益服_bt手游变态服_无限元宝bt手游下载_BT手游中心-最笨下载"跳转正常,该类元素共13个，当前第6个
2020-08-14 18:52:11,026 - basepage - INFO - Click back on current page.
2020-08-14 18:52:19,787 - 2 - INFO - 页面"变态手游公益服_bt手游变态服_无限元宝bt手游下载_BT手游中心-最笨下载"跳转正常,该类元素共13个，当前第7个
2020-08-14 18:52:20,276 - basepage - INFO - Click back on current page.
2020-08-14 18:52:29,070 - 2 - INFO - 页面"变态手游公益服_bt手游变态服_无限元宝bt手游下载_BT手游中心-最笨下载"跳转正常,该类元素共13个，当前第8个
2020-08-14 18:52:29,535 - basepage - INFO - Click back on current page.
2020-08-14 18:52:37,682 - 2 - INFO - 页面"变态手游公益服_bt手游变态服_无限元宝bt手游下载_BT手游中心-最笨下载"跳转正常,该类元素共13个，当前第9个
2020-08-14 18:52:37,932 - basepage - INFO - Click back on current page.
2020-08-14 18:52:46,031 - 2 - INFO - 页面"变态手游公益服_bt手游变态服_无限元宝bt手游下载_BT手游中心-最笨下载"跳转正常,该类元素共13个，当前第10个
2020-08-14 18:52:46,492 - basepage - INFO - Click back on current page.
2020-08-14 18:52:55,080 - 2 - INFO - 页面"变态手游公益服_bt手游变态服_无限元宝bt手游下载_BT手游中心-最笨下载"跳转正常,该类元素共13个，当前第11个
2020-08-14 18:52:55,538 - basepage - INFO - Click back on current page.
2020-08-14 18:53:04,122 - 2 - INFO - 页面"变态手游公益服_bt手游变态服_无限元宝bt手游下载_BT手游中心-最笨下载"跳转正常,该类元素共13个，当前第12个
2020-08-14 18:53:04,677 - basepage - INFO - Click back on current page.
2020-08-14 18:58:55,171 - 2 - INFO - 页面"www.zuiben.com"跳转正常,该类元素共13个，当前第13个
2020-08-14 18:58:56,452 - basepage - INFO - Click back on current page.
2020-08-14 18:59:04,819 - 2 - INFO - 页面"天行道（送SR百抽充值劵）_天行道（送SR百抽充值劵）无限元宝服_SF变态版天行道（送SR百抽充值劵）公益服下载 - 最笨下载"跳转正常,该类元素共18个，当前第1个
2020-08-14 18:59:10,940 - 2 - INFO - 页面"大国战_大国战无限元宝服_SF变态版大国战公益服下载 - 最笨下载"跳转正常,该类元素共18个，当前第2个
2020-08-14 18:59:17,058 - 2 - INFO - 页面"炫斗英雄（送648充值）_炫斗英雄（送648充值）无限元宝服_SF变态版炫斗英雄（送648充值）公益服下载 - 最笨下载"跳转正常,该类元素共18个，当前第3个
2020-08-14 18:59:23,172 - 2 - INFO - 页面"次元幻境（送海量寻宝）_次元幻境（送海量寻宝）无限元宝服_SF变态版次元幻境（送海量寻宝）公益服下载 - 最笨下载"跳转正常,该类元素共18个，当前第4个
2020-08-14 18:59:29,294 - 2 - INFO - 页面"萌神战姬（送千元充值）_萌神战姬（送千元充值）无限元宝服_SF变态版萌神战姬（送千元充值）公益服下载 - 最笨下载"跳转正常,该类元素共18个，当前第5个
2020-08-14 18:59:35,418 - 2 - INFO - 页面"小小三国无双（送千抽）_小小三国无双（送千抽）无限元宝服_SF变态版小小三国无双（送千抽）公益服下载 - 最笨下载"跳转正常,该类元素共18个，当前第6个
2020-08-14 18:59:41,544 - 2 - INFO - 页面"忍者学园_忍者学园无限元宝服_SF变态版忍者学园公益服下载 - 最笨下载"跳转正常,该类元素共18个，当前第7个
2020-08-14 18:59:47,657 - 2 - INFO - 页面"全民热血（无限切割）_全民热血（无限切割）无限元宝服_SF变态版全民热血（无限切割）公益服下载 - 最笨下载"跳转正常,该类元素共18个，当前第8个
2020-08-14 18:59:53,772 - 2 - INFO - 页面"神之荣耀（送2020元充值）_神之荣耀（送2020元充值）无限元宝服_SF变态版神之荣耀（送2020元充值）公益服下载 - 最笨下载"跳转正常,该类元素共18个，当前第9个
2020-08-14 18:59:59,892 - 2 - INFO - 页面"全民斗西游（福利特权）_全民斗西游（福利特权）无限元宝服_SF变态版全民斗西游（福利特权）公益服下载 - 最笨下载"跳转正常,该类元素共18个，当前第10个
2020-08-14 19:00:06,007 - 2 - INFO - 页面"天行道（送520充值）_天行道（送520充值）无限元宝服_SF变态版天行道（送520充值）公益服下载 - 最笨下载"跳转正常,该类元素共18个，当前第11个
2020-08-14 19:00:12,121 - 2 - INFO - 页面"幻域神姬（折扣特权）_幻域神姬（折扣特权）无限元宝服_SF变态版幻域神姬（折扣特权）公益服下载 - 最笨下载"跳转正常,该类元素共18个，当前第12个
2020-08-14 19:00:18,241 - 2 - INFO - 页面"战魔（每日送真充）_战魔（每日送真充）无限元宝服_SF变态版战魔（每日送真充）公益服下载 - 最笨下载"跳转正常,该类元素共18个，当前第13个
2020-08-14 19:00:24,365 - 2 - INFO - 页面"无上道（每日领充值）_无上道（每日领充值）无限元宝服_SF变态版无上道（每日领充值）公益服下载 - 最笨下载"跳转正常,该类元素共18个，当前第14个
2020-08-14 19:00:30,509 - 2 - INFO - 页面"飘渺寻仙曲（星耀特权）_飘渺寻仙曲（星耀特权）无限元宝服_SF变态版飘渺寻仙曲（星耀特权）公益服下载 - 最笨下载"跳转正常,该类元素共18个，当前第15个
2020-08-14 19:00:36,625 - 2 - INFO - 页面"九曲封神（送海量充值）_九曲封神（送海量充值）无限元宝服_SF变态版九曲封神（送海量充值）公益服下载 - 最笨下载"跳转正常,该类元素共18个，当前第16个
2020-08-14 19:00:42,751 - 2 - INFO - 页面"口袋逆袭（送GM特权）_口袋逆袭（送GM特权）无限元宝服_SF变态版口袋逆袭（送GM特权）公益服下载 - 最笨下载"跳转正常,该类元素共18个，当前第17个
2020-08-14 19:00:48,873 - 2 - INFO - 页面"莽荒记（送千元白漂）_莽荒记（送千元白漂）无限元宝服_SF变态版莽荒记（送千元白漂）公益服下载 - 最笨下载"跳转正常,该类元素共18个，当前第18个
2020-08-14 19:00:56,700 - 2 - INFO - 页面"满vip版手游_手游sf送顶级vip_满级vip无限元宝手游下载-最笨下载"跳转正常,该类元素共13个，当前第1个
2020-08-14 19:00:56,944 - basepage - INFO - Click back on current page.
2020-08-14 19:01:05,269 - 2 - INFO - 页面"满vip版手游_手游sf送顶级vip_满级vip无限元宝手游下载-最笨下载"跳转正常,该类元素共13个，当前第2个
2020-08-14 19:01:05,574 - basepage - INFO - Click back on current page.
2020-08-14 19:01:14,420 - 2 - INFO - 页面"满vip版手游_手游sf送顶级vip_满级vip无限元宝手游下载-最笨下载"跳转正常,该类元素共13个，当前第3个
2020-08-14 19:01:14,901 - basepage - INFO - Click back on current page.
2020-08-14 19:01:23,505 - 2 - INFO - 页面"满vip版手游_手游sf送顶级vip_满级vip无限元宝手游下载-最笨下载"跳转正常,该类元素共13个，当前第4个
2020-08-14 19:01:23,989 - basepage - INFO - Click back on current page.
2020-08-14 19:01:31,916 - 2 - INFO - 页面"满vip版手游_手游sf送顶级vip_满级vip无限元宝手游下载-最笨下载"跳转正常,该类元素共13个，当前第5个
2020-08-14 19:01:32,126 - basepage - INFO - Click back on current page.
2020-08-14 19:01:40,262 - 2 - INFO - 页面"满vip版手游_手游sf送顶级vip_满级vip无限元宝手游下载-最笨下载"跳转正常,该类元素共13个，当前第6个
2020-08-14 19:01:40,839 - basepage - INFO - Click back on current page.
2020-08-14 19:01:49,510 - 2 - INFO - 页面"满vip版手游_手游sf送顶级vip_满级vip无限元宝手游下载-最笨下载"跳转正常,该类元素共13个，当前第7个
2020-08-14 19:01:50,337 - basepage - INFO - Click back on current page.
2020-08-14 19:01:59,083 - 2 - INFO - 页面"满vip版手游_手游sf送顶级vip_满级vip无限元宝手游下载-最笨下载"跳转正常,该类元素共13个，当前第8个
2020-08-14 19:01:59,584 - basepage - INFO - Click back on current page.
2020-08-14 19:02:07,742 - 2 - INFO - 页面"满vip版手游_手游sf送顶级vip_满级vip无限元宝手游下载-最笨下载"跳转正常,该类元素共13个，当前第9个
2020-08-14 19:02:08,277 - basepage - INFO - Click back on current page.
2020-08-14 19:02:16,674 - 2 - INFO - 页面"满vip版手游_手游sf送顶级vip_满级vip无限元宝手游下载-最笨下载"跳转正常,该类元素共13个，当前第10个
2020-08-14 19:02:16,953 - basepage - INFO - Click back on current page.
2020-08-14 19:02:25,560 - 2 - INFO - 页面"满vip版手游_手游sf送顶级vip_满级vip无限元宝手游下载-最笨下载"跳转正常,该类元素共13个，当前第11个
2020-08-14 19:02:25,894 - basepage - INFO - Click back on current page.
2020-08-14 19:02:34,419 - 2 - INFO - 页面"满vip版手游_手游sf送顶级vip_满级vip无限元宝手游下载-最笨下载"跳转正常,该类元素共13个，当前第12个
2020-08-14 19:02:34,947 - basepage - INFO - Click back on current page.
2020-08-14 19:02:42,927 - 2 - INFO - 页面"满vip版手游_手游sf送顶级vip_满级vip无限元宝手游下载-最笨下载"跳转正常,该类元素共13个，当前第13个
2020-08-14 19:02:43,495 - basepage - INFO - Click back on current page.
2020-08-14 19:02:51,853 - 2 - INFO - 页面"武龙争道（送海量红将）_武龙争道（送海量红将）无限元宝服_SF变态版武龙争道（送海量红将）公益服下载 - 最笨下载"跳转正常,该类元素共18个，当前第1个
2020-08-14 19:02:57,990 - 2 - INFO - 页面"斗战三国志（送328充值）_斗战三国志（送328充值）无限元宝服_SF变态版斗战三国志（送328充值）公益服下载 - 最笨下载"跳转正常,该类元素共18个，当前第2个
2020-08-14 19:03:04,121 - 2 - INFO - 页面"魔侠传（开服送2000充）_魔侠传（开服送2000充）无限元宝服_SF变态版魔侠传（开服送2000充）公益服下载 - 最笨下载"跳转正常,该类元素共18个，当前第3个
2020-08-14 19:03:10,263 - 2 - INFO - 页面"剑道仙语（送海量元宝）_剑道仙语（送海量元宝）无限元宝服_SF变态版剑道仙语（送海量元宝）公益服下载 - 最笨下载"跳转正常,该类元素共18个，当前第4个
2020-08-14 19:03:16,398 - 2 - INFO - 页面"飞升三国（送2048真充）_飞升三国（送2048真充）无限元宝服_SF变态版飞升三国（送2048真充）公益服下载 - 最笨下载"跳转正常,该类元素共18个，当前第5个
2020-08-14 19:03:22,536 - 2 - INFO - 页面"主宰之王（领海量红包）_主宰之王（领海量红包）无限元宝服_SF变态版主宰之王（领海量红包）公益服下载 - 最笨下载"跳转正常,该类元素共18个，当前第6个
2020-08-14 19:03:28,674 - 2 - INFO - 页面"圣堂之战（送千元充值）_圣堂之战（送千元充值）无限元宝服_SF变态版圣堂之战（送千元充值）公益服下载 - 最笨下载"跳转正常,该类元素共18个，当前第7个
2020-08-14 19:03:34,817 - 2 - INFO - 页面"梦道（商城特权）_梦道（商城特权）无限元宝服_SF变态版梦道（商城特权）公益服下载 - 最笨下载"跳转正常,该类元素共18个，当前第8个
2020-08-14 19:03:40,954 - 2 - INFO - 页面"征程三国（送充值）_征程三国（送充值）无限元宝服_SF变态版征程三国（送充值）公益服下载 - 最笨下载"跳转正常,该类元素共18个，当前第9个
2020-08-14 19:03:47,102 - 2 - INFO - 页面"战龙归来（送千元礼包）_战龙归来（送千元礼包）无限元宝服_SF变态版战龙归来（送千元礼包）公益服下载 - 最笨下载"跳转正常,该类元素共18个，当前第10个
2020-08-14 19:03:53,249 - 2 - INFO - 页面"斩仙录（送海量充值）_斩仙录（送海量充值）无限元宝服_SF变态版斩仙录（送海量充值）公益服下载 - 最笨下载"跳转正常,该类元素共18个，当前第11个
2020-08-14 19:03:59,381 - 2 - INFO - 页面"仙风道骨（送GM海量充）_仙风道骨（送GM海量充）无限元宝服_SF变态版仙风道骨（送GM海量充）公益服下载 - 最笨下载"跳转正常,该类元素共18个，当前第12个
2020-08-14 19:04:05,510 - 2 - INFO - 页面"口袋暴龙（海量特权）_口袋暴龙（海量特权）无限元宝服_SF变态版口袋暴龙（海量特权）公益服下载 - 最笨下载"跳转正常,该类元素共18个，当前第13个
2020-08-14 19:04:11,656 - 2 - INFO - 页面"苍穹灭（星耀特权）_苍穹灭（星耀特权）无限元宝服_SF变态版苍穹灭（星耀特权）公益服下载 - 最笨下载"跳转正常,该类元素共18个，当前第14个
2020-08-14 19:04:17,795 - 2 - INFO - 页面"传奇世界之仗剑天涯（至尊特权）_传奇世界之仗剑天涯（至尊特权）无限元宝服_SF变态版传奇世界之仗剑天涯（至尊特权）公益服下载 - 最笨下载"跳转正常,该类元素共18个，当前第15个
2020-08-14 19:04:23,940 - 2 - INFO - 页面"三国之旅（日送千充）_三国之旅（日送千充）无限元宝服_SF变态版三国之旅（日送千充）公益服下载 - 最笨下载"跳转正常,该类元素共18个，当前第16个
2020-08-14 19:04:34,502 - 2 - INFO - 页面"神魔传说（登录送神器）_神魔传说（登录送神器）无限元宝服_SF变态版神魔传说（登录送神器）公益服下载 - 最笨下载"跳转正常,该类元素共18个，当前第17个
2020-08-14 19:04:40,633 - 2 - INFO - 页面"魔剑侠缘（万元兑换）_魔剑侠缘（万元兑换）无限元宝服_SF变态版魔剑侠缘（万元兑换）公益服下载 - 最笨下载"跳转正常,该类元素共18个，当前第18个
2020-08-14 19:04:48,212 - 2 - INFO - 页面"gm版手游_无限元宝/钻石公益服_0元免费gm权限手游下载-最笨下载"跳转正常,该类元素共13个，当前第1个
2020-08-14 19:04:48,495 - basepage - INFO - Click back on current page.
2020-08-14 19:04:56,374 - 2 - INFO - 页面"gm版手游_无限元宝/钻石公益服_0元免费gm权限手游下载-最笨下载"跳转正常,该类元素共13个，当前第2个
2020-08-14 19:04:56,933 - basepage - INFO - Click back on current page.
2020-08-14 19:05:04,999 - 2 - INFO - 页面"gm版手游_无限元宝/钻石公益服_0元免费gm权限手游下载-最笨下载"跳转正常,该类元素共13个，当前第3个
2020-08-14 19:05:05,522 - basepage - INFO - Click back on current page.
2020-08-14 19:05:13,397 - 2 - INFO - 页面"gm版手游_无限元宝/钻石公益服_0元免费gm权限手游下载-最笨下载"跳转正常,该类元素共13个，当前第4个
2020-08-14 19:05:13,655 - basepage - INFO - Click back on current page.
2020-08-14 19:05:21,637 - 2 - INFO - 页面"gm版手游_无限元宝/钻石公益服_0元免费gm权限手游下载-最笨下载"跳转正常,该类元素共13个，当前第5个
2020-08-14 19:05:22,337 - basepage - INFO - Click back on current page.
2020-08-14 19:05:30,300 - 2 - INFO - 页面"gm版手游_无限元宝/钻石公益服_0元免费gm权限手游下载-最笨下载"跳转正常,该类元素共13个，当前第6个
2020-08-14 19:05:30,785 - basepage - INFO - Click back on current page.
2020-08-14 19:05:38,796 - 2 - INFO - 页面"gm版手游_无限元宝/钻石公益服_0元免费gm权限手游下载-最笨下载"跳转正常,该类元素共13个，当前第7个
2020-08-14 19:05:39,208 - basepage - INFO - Click back on current page.
2020-08-14 19:05:47,159 - 2 - INFO - 页面"gm版手游_无限元宝/钻石公益服_0元免费gm权限手游下载-最笨下载"跳转正常,该类元素共13个，当前第8个
2020-08-14 19:05:47,753 - basepage - INFO - Click back on current page.
2020-08-14 19:05:55,686 - 2 - INFO - 页面"gm版手游_无限元宝/钻石公益服_0元免费gm权限手游下载-最笨下载"跳转正常,该类元素共13个，当前第9个
2020-08-14 19:05:56,599 - basepage - INFO - Click back on current page.
2020-08-14 19:06:04,428 - 2 - INFO - 页面"gm版手游_无限元宝/钻石公益服_0元免费gm权限手游下载-最笨下载"跳转正常,该类元素共13个，当前第10个
2020-08-14 19:06:04,743 - basepage - INFO - Click back on current page.
2020-08-14 19:06:12,606 - 2 - INFO - 页面"gm版手游_无限元宝/钻石公益服_0元免费gm权限手游下载-最笨下载"跳转正常,该类元素共13个，当前第11个
2020-08-14 19:06:13,325 - basepage - INFO - Click back on current page.
2020-08-14 19:06:21,337 - 2 - INFO - 页面"gm版手游_无限元宝/钻石公益服_0元免费gm权限手游下载-最笨下载"跳转正常,该类元素共13个，当前第12个
2020-08-14 19:06:22,175 - basepage - INFO - Click back on current page.
2020-08-14 19:06:30,279 - 2 - INFO - 页面"gm版手游_无限元宝/钻石公益服_0元免费gm权限手游下载-最笨下载"跳转正常,该类元素共13个，当前第13个
2020-08-14 19:06:30,656 - basepage - INFO - Click back on current page.
2020-08-14 19:06:39,013 - 2 - INFO - 页面"仙游（GM版）_仙游（GM版）免费gm权限安卓下载 - 最笨下载"跳转正常,该类元素共18个，当前第1个
2020-08-14 19:06:45,139 - 2 - INFO - 页面"高达（GM版）_高达（GM版）免费gm权限安卓下载 - 最笨下载"跳转正常,该类元素共18个，当前第2个
2020-08-14 19:06:51,259 - 2 - INFO - 页面"暗黑王者（GM版）_暗黑王者（GM版）免费gm权限安卓下载 - 最笨下载"跳转正常,该类元素共18个，当前第3个
2020-08-14 19:06:57,371 - 2 - INFO - 页面"问鼎封神（GM版）_问鼎封神（GM版）免费gm权限安卓下载 - 最笨下载"跳转正常,该类元素共18个，当前第4个
2020-08-14 19:07:03,487 - 2 - INFO - 页面"仙剑轮回（GM版）_仙剑轮回（GM版）免费gm权限安卓下载 - 最笨下载"跳转正常,该类元素共18个，当前第5个
2020-08-14 19:07:09,609 - 2 - INFO - 页面"神道仙尊（GM版）_神道仙尊（GM版）免费gm权限安卓下载 - 最笨下载"跳转正常,该类元素共18个，当前第6个
2020-08-14 19:07:15,725 - 2 - INFO - 页面"大将无双（GM版）_大将无双（GM版）免费gm权限安卓下载 - 最笨下载"跳转正常,该类元素共18个，当前第7个
2020-08-14 19:07:21,866 - 2 - INFO - 页面"青云剑诀（GM版）_青云剑诀（GM版）免费gm权限安卓下载 - 最笨下载"跳转正常,该类元素共18个，当前第8个
2020-08-14 19:07:27,997 - 2 - INFO - 页面"寂灭剑诀（GM版）_寂灭剑诀（GM版）免费gm权限安卓下载 - 最笨下载"跳转正常,该类元素共18个，当前第9个
2020-08-14 19:07:34,123 - 2 - INFO - 页面"封神记（GM版）_封神记（GM版）免费gm权限安卓下载 - 最笨下载"跳转正常,该类元素共18个，当前第10个
2020-08-14 19:07:40,261 - 2 - INFO - 页面"豪门小老婆（GM版）_豪门小老婆（GM版）免费gm权限安卓下载 - 最笨下载"跳转正常,该类元素共18个，当前第11个
2020-08-14 19:07:46,388 - 2 - INFO - 页面"三生三誓青丘传（GM版）_三生三誓青丘传（GM版）免费gm权限安卓下载 - 最笨下载"跳转正常,该类元素共18个，当前第12个
2020-08-14 19:07:52,503 - 2 - INFO - 页面"毒尊三国（GM版）_毒尊三国（GM版）免费gm权限安卓下载 - 最笨下载"跳转正常,该类元素共18个，当前第13个
2020-08-14 19:07:58,664 - 2 - INFO - 页面"乱世神话（GM版）_乱世神话（GM版）免费gm权限安卓下载 - 最笨下载"跳转正常,该类元素共18个，当前第14个
2020-08-14 19:08:04,806 - 2 - INFO - 页面"天子问剑（GM版）_天子问剑（GM版）免费gm权限安卓下载 - 最笨下载"跳转正常,该类元素共18个，当前第15个
2020-08-14 19:08:10,948 - 2 - INFO - 页面"风云三国（GM版）_风云三国（GM版）免费gm权限安卓下载 - 最笨下载"跳转正常,该类元素共18个，当前第16个
2020-08-14 19:08:17,066 - 2 - INFO - 页面"古惑三国志（GM版）_古惑三国志（GM版）免费gm权限安卓下载 - 最笨下载"跳转正常,该类元素共18个，当前第17个
2020-08-14 19:08:23,181 - 2 - INFO - 页面"少年悟空传（GM版）_少年悟空传（GM版）免费gm权限安卓下载 - 最笨下载"跳转正常,该类元素共18个，当前第18个
2020-08-14 19:08:31,046 - 2 - INFO - 页面"免费权限GM游戏"跳转正常,该类元素共4个，当前第1个
2020-08-14 19:08:31,294 - basepage - INFO - Click back on current page.
2020-08-14 19:08:36,430 - 2 - INFO - 页面"聊天回复神器合集"跳转正常,该类元素共4个，当前第2个
2020-08-14 19:08:36,922 - basepage - INFO - Click back on current page.
2020-08-14 19:08:43,989 - 2 - INFO - 页面"超变私服传奇一刀999999级"跳转正常,该类元素共4个，当前第3个
2020-08-14 19:08:44,291 - basepage - INFO - Click back on current page.
2020-08-14 19:08:50,163 - 2 - INFO - 页面"美女爆衣游戏手游"跳转正常,该类元素共4个，当前第4个
2020-08-14 19:08:50,726 - basepage - INFO - Click back on current page.
2020-08-14 19:08:58,929 - 2 - INFO - 页面"【苹果播放器】iPhone手机播放器,iPhone播放器免费下载大全-最笨下载"跳转正常,该类元素共19个，当前第1个
2020-08-14 19:08:59,464 - basepage - INFO - Click back on current page.
2020-08-14 19:09:06,684 - 2 - INFO - 页面"【苹果学习软件】iPhone手机学习软件_iPhone学习软件免费下载大全-最笨下载"跳转正常,该类元素共19个，当前第2个
2020-08-14 19:09:06,958 - basepage - INFO - Click back on current page.
2020-08-14 19:09:13,666 - 2 - INFO - 页面"【苹果辅助软件】iPhone手机辅助软件_iPhone辅助软件免费下载大全-最笨下载"跳转正常,该类元素共19个，当前第3个
2020-08-14 19:09:14,247 - basepage - INFO - Click back on current page.
2020-08-14 19:09:21,792 - 2 - INFO - 页面"【苹果输入法】iPhone手机输入法_iPhone输入法免费下载大全-最笨下载"跳转正常,该类元素共19个，当前第4个
2020-08-14 19:09:22,359 - basepage - INFO - Click back on current page.
2020-08-14 19:09:30,246 - 2 - INFO - 页面"【苹果通信软件】iPhone手机通信软件_iPhone通信软件免费下载大全-最笨下载"跳转正常,该类元素共19个，当前第5个
2020-08-14 19:09:30,625 - basepage - INFO - Click back on current page.
2020-08-14 19:09:38,113 - 2 - INFO - 页面"【苹果固件】iPhone手机固件软件_iPhone固件软件免费下载大全-最笨下载"跳转正常,该类元素共19个，当前第6个
2020-08-14 19:09:38,738 - basepage - INFO - Click back on current page.
2020-08-14 19:09:46,568 - 2 - INFO - 页面"【苹果文件管理软件】iPhone手机文件管理软件_iPhone文件管理软件免费下载大全-最笨下载"跳转正常,该类元素共19个，当前第7个
2020-08-14 19:09:47,891 - basepage - INFO - Click back on current page.
2020-08-14 19:09:55,563 - 2 - INFO - 页面"【苹果同步软件】iPhone手机同步软件_iPhone同步软件免费下载大全-最笨下载"跳转正常,该类元素共19个，当前第8个
2020-08-14 19:09:56,040 - basepage - INFO - Click back on current page.
2020-08-14 19:10:03,477 - 2 - INFO - 页面"【苹果办公软件】iPhone手机办公软件_iPhone办公软件免费下载大全-最笨下载"跳转正常,该类元素共19个，当前第9个
2020-08-14 19:10:03,987 - basepage - INFO - Click back on current page.
2020-08-14 19:10:11,733 - 2 - INFO - 页面"【苹果理财软件】iPhone手机理财软件_iPhone理财软件免费下载大全-最笨下载"跳转正常,该类元素共19个，当前第10个
2020-08-14 19:10:12,254 - basepage - INFO - Click back on current page.
2020-08-14 19:10:19,762 - 2 - INFO - 页面"【苹果备份软件】iPhone手机备份软件_iPhone备份软件免费下载大全-最笨下载"跳转正常,该类元素共19个，当前第11个
2020-08-14 19:10:20,085 - basepage - INFO - Click back on current page.
2020-08-14 19:10:27,983 - 2 - INFO - 页面"【苹果健身软件】iPhone手机健身软件_iPhone健身软件免费下载大全-最笨下载"跳转正常,该类元素共19个，当前第12个
2020-08-14 19:10:28,677 - basepage - INFO - Click back on current page.
2020-08-14 19:10:36,190 - 2 - INFO - 页面"【苹果健康管理软件】iPhone手机健康管理软件_iPhone健康管理软件免费下载大全-最笨下载"跳转正常,该类元素共19个，当前第13个
2020-08-14 19:10:36,767 - basepage - INFO - Click back on current page.
2020-08-14 19:10:44,953 - 2 - INFO - 页面"【苹果系统软件】iPhone手机系统软件_iPhone系统软件免费下载大全-最笨下载"跳转正常,该类元素共19个，当前第14个
2020-08-14 19:10:45,240 - basepage - INFO - Click back on current page.
2020-08-14 19:10:52,659 - 2 - INFO - 页面"【苹果社交软件】iphone手机社交软件_iphone社交软件免费下载大全-最笨下载"跳转正常,该类元素共19个，当前第15个
2020-08-14 19:10:53,226 - basepage - INFO - Click back on current page.
2020-08-14 19:10:59,743 - 2 - INFO - 页面"【苹果娱乐软件】iPhone手机娱乐软件_iPhone娱乐软件免费下载大全-最笨下载"跳转正常,该类元素共19个，当前第16个
2020-08-14 19:11:00,069 - basepage - INFO - Click back on current page.
2020-08-14 19:11:07,613 - 2 - INFO - 页面"【苹果导航】iPhone手机导航软件,iPhone导航软件免费下载大全-最笨下载"跳转正常,该类元素共19个，当前第17个
2020-08-14 19:11:07,904 - basepage - INFO - Click back on current page.
2020-08-14 19:11:15,497 - 2 - INFO - 页面"【苹果网络软件】iPhone手机网络软件,iPhone网络软件免费下载大全-最笨下载"跳转正常,该类元素共19个，当前第18个
2020-08-14 19:11:16,037 - basepage - INFO - Click back on current page.
2020-08-14 19:11:23,523 - 2 - INFO - 页面"【苹果助手软件】iPhone生活助手软件_iPhone生活助手软件免费下载大全-最笨下载"跳转正常,该类元素共19个，当前第19个
2020-08-14 19:11:23,801 - basepage - INFO - Click back on current page.
2020-08-14 19:11:32,143 - 2 - INFO - 页面"安致手游盒子ios版_安致手游盒子ios版下载_安致手游盒子ios版官方下载-最笨下载"跳转正常,该类元素共18个，当前第1个
2020-08-14 19:11:38,261 - 2 - INFO - 页面"爪游控游戏盒子ios版_爪游控游戏盒子ios版下载_爪游控游戏盒子ios版官方下载-最笨下载"跳转正常,该类元素共18个，当前第2个
2020-08-14 19:11:44,391 - 2 - INFO - 页面"手机玩盒子ios版_手机玩盒子ios版下载_手机玩盒子ios版官方下载-最笨下载"跳转正常,该类元素共18个，当前第3个
2020-08-14 19:11:50,505 - 2 - INFO - 页面"蜜小助ios版_蜜小助ios版下载_蜜小助ios版官方下载-最笨下载"跳转正常,该类元素共18个，当前第4个
2020-08-14 19:11:56,622 - 2 - INFO - 页面"BT游戏大全ios_BT游戏大全ios下载_BT游戏大全ios官方下载-最笨下载"跳转正常,该类元素共18个，当前第5个
2020-08-14 19:12:02,755 - 2 - INFO - 页面"小8游戏盒子ios_小8游戏盒子ios下载_小8游戏盒子ios官方下载-最笨下载"跳转正常,该类元素共18个，当前第6个
2020-08-14 19:12:08,884 - 2 - INFO - 页面"安卓市场ios版_安卓市场ios版下载_安卓市场ios版官方下载-最笨下载"跳转正常,该类元素共18个，当前第7个
2020-08-14 19:12:15,015 - 2 - INFO - 页面"剪映_剪映下载_剪映官方下载-最笨下载"跳转正常,该类元素共18个，当前第8个
2020-08-14 19:12:21,139 - 2 - INFO - 页面"吾爱看书ios版_吾爱看书ios版下载_吾爱看书ios版官方下载-最笨下载"跳转正常,该类元素共18个，当前第9个
2020-08-14 19:12:27,262 - 2 - INFO - 页面"7743游戏平台_7743游戏平台下载_7743游戏平台官方下载-最笨下载"跳转正常,该类元素共18个，当前第10个
2020-08-14 19:12:33,384 - 2 - INFO - 页面"搜书帝ios_搜书帝ios下载_搜书帝ios官方下载-最笨下载"跳转正常,该类元素共18个，当前第11个
2020-08-14 19:12:39,504 - 2 - INFO - 页面"大塘小鱼_大塘小鱼下载_大塘小鱼官方下载-最笨下载"跳转正常,该类元素共18个，当前第12个
2020-08-14 19:12:45,626 - 2 - INFO - 页面"花溪小说_花溪小说下载_花溪小说官方下载-最笨下载"跳转正常,该类元素共18个，当前第13个
2020-08-14 19:12:51,744 - 2 - INFO - 页面"手译_手译下载_手译官方下载-最笨下载"跳转正常,该类元素共18个，当前第14个
2020-08-14 19:12:57,882 - 2 - INFO - 页面"sjcam_sjcam下载_sjcam官方下载-最笨下载"跳转正常,该类元素共18个，当前第15个
2020-08-14 19:13:03,995 - 2 - INFO - 页面"WearHeart_WearHeart下载_WearHeart官方下载-最笨下载"跳转正常,该类元素共18个，当前第16个
2020-08-14 19:13:10,115 - 2 - INFO - 页面"仓鼠阅读_仓鼠阅读下载_仓鼠阅读官方下载-最笨下载"跳转正常,该类元素共18个，当前第17个
2020-08-14 19:13:16,229 - 2 - INFO - 页面"漫番漫画_漫番漫画下载_漫番漫画官方下载-最笨下载"跳转正常,该类元素共18个，当前第18个
2020-08-14 19:13:23,700 - 2 - INFO - 页面"变态手游公益服_bt手游变态服_无限元宝bt手游下载_BT手游中心-最笨下载"跳转正常,该类元素共13个，当前第1个
2020-08-14 19:13:23,960 - basepage - INFO - Click back on current page.
2020-08-14 19:13:32,237 - 2 - INFO - 页面"变态手游公益服_bt手游变态服_无限元宝bt手游下载_BT手游中心-最笨下载"跳转正常,该类元素共13个，当前第2个
2020-08-14 19:13:32,762 - basepage - INFO - Click back on current page.
2020-08-14 19:13:40,996 - 2 - INFO - 页面"变态手游公益服_bt手游变态服_无限元宝bt手游下载_BT手游中心-最笨下载"跳转正常,该类元素共13个，当前第3个
2020-08-14 19:13:41,543 - basepage - INFO - Click back on current page.
2020-08-14 19:13:49,709 - 2 - INFO - 页面"变态手游公益服_bt手游变态服_无限元宝bt手游下载_BT手游中心-最笨下载"跳转正常,该类元素共13个，当前第4个
2020-08-14 19:13:49,993 - basepage - INFO - Click back on current page.
2020-08-14 19:13:58,069 - 2 - INFO - 页面"变态手游公益服_bt手游变态服_无限元宝bt手游下载_BT手游中心-最笨下载"跳转正常,该类元素共13个，当前第5个
2020-08-14 19:13:58,599 - basepage - INFO - Click back on current page.
2020-08-14 19:14:06,758 - 2 - INFO - 页面"变态手游公益服_bt手游变态服_无限元宝bt手游下载_BT手游中心-最笨下载"跳转正常,该类元素共13个，当前第6个
2020-08-14 19:14:07,270 - basepage - INFO - Click back on current page.
2020-08-14 19:14:15,965 - 2 - INFO - 页面"变态手游公益服_bt手游变态服_无限元宝bt手游下载_BT手游中心-最笨下载"跳转正常,该类元素共13个，当前第7个
2020-08-14 19:14:16,234 - basepage - INFO - Click back on current page.
2020-08-14 19:14:24,392 - 2 - INFO - 页面"变态手游公益服_bt手游变态服_无限元宝bt手游下载_BT手游中心-最笨下载"跳转正常,该类元素共13个，当前第8个
2020-08-14 19:14:24,865 - basepage - INFO - Click back on current page.
2020-08-14 19:14:32,974 - 2 - INFO - 页面"变态手游公益服_bt手游变态服_无限元宝bt手游下载_BT手游中心-最笨下载"跳转正常,该类元素共13个，当前第9个
2020-08-14 19:14:33,478 - basepage - INFO - Click back on current page.
2020-08-14 19:14:41,558 - 2 - INFO - 页面"变态手游公益服_bt手游变态服_无限元宝bt手游下载_BT手游中心-最笨下载"跳转正常,该类元素共13个，当前第10个
2020-08-14 19:14:42,058 - basepage - INFO - Click back on current page.
2020-08-14 19:14:50,020 - 2 - INFO - 页面"变态手游公益服_bt手游变态服_无限元宝bt手游下载_BT手游中心-最笨下载"跳转正常,该类元素共13个，当前第11个
2020-08-14 19:14:50,261 - basepage - INFO - Click back on current page.
2020-08-14 19:14:58,774 - 2 - INFO - 页面"变态手游公益服_bt手游变态服_无限元宝bt手游下载_BT手游中心-最笨下载"跳转正常,该类元素共13个，当前第12个
2020-08-14 19:14:59,253 - basepage - INFO - Click back on current page.
2020-08-14 19:15:07,962 - 2 - INFO - 页面"变态手游公益服_bt手游变态服_无限元宝bt手游下载_BT手游中心-最笨下载"跳转正常,该类元素共13个，当前第13个
2020-08-14 19:15:08,498 - basepage - INFO - Click back on current page.
2020-08-14 19:15:16,851 - 2 - INFO - 页面"无双魏蜀吴（折扣特权）_无双魏蜀吴（折扣特权）无限元宝服_SF变态版无双魏蜀吴（折扣特权）公益服下载 - 最笨下载"跳转正常,该类元素共18个，当前第1个
2020-08-14 19:15:22,984 - 2 - INFO - 页面"兵器少女（无门槛送充）_兵器少女（无门槛送充）无限元宝服_SF变态版兵器少女（无门槛送充）公益服下载 - 最笨下载"跳转正常,该类元素共18个，当前第2个
2020-08-14 19:15:29,102 - 2 - INFO - 页面"乱斗三国_乱斗三国无限元宝服_SF变态版乱斗三国公益服下载 - 最笨下载"跳转正常,该类元素共18个，当前第3个
2020-08-14 19:15:35,228 - 2 - INFO - 页面"塔防镇魂师（送328代金券）_塔防镇魂师（送328代金券）无限元宝服_SF变态版塔防镇魂师（送328代金券）公益服下载 - 最笨下载"跳转正常,该类元素共18个，当前第4个
2020-08-14 19:15:41,350 - 2 - INFO - 页面"恋三国（送百抽）_恋三国（送百抽）无限元宝服_SF变态版恋三国（送百抽）公益服下载 - 最笨下载"跳转正常,该类元素共18个，当前第5个
2020-08-14 19:15:47,465 - 2 - INFO - 页面"风云天下·重燃（海量抽充值）_风云天下·重燃（海量抽充值）无限元宝服_SF变态版风云天下·重燃（海量抽充值）公益服下载 - 最笨下载"跳转正常,该类元素共18个，当前第6个
2020-08-14 19:15:53,589 - 2 - INFO - 页面"一剑成仙（海量打金）_一剑成仙（海量打金）无限元宝服_SF变态版一剑成仙（海量打金）公益服下载 - 最笨下载"跳转正常,该类元素共18个，当前第7个
2020-08-14 19:15:59,702 - 2 - INFO - 页面"天域幻想（送海量充值）_天域幻想（送海量充值）无限元宝服_SF变态版天域幻想（送海量充值）公益服下载 - 最笨下载"跳转正常,该类元素共18个，当前第8个
2020-08-14 19:16:05,824 - 2 - INFO - 页面"修仙无双（折扣特权）_修仙无双（折扣特权）无限元宝服_SF变态版修仙无双（折扣特权）公益服下载 - 最笨下载"跳转正常,该类元素共18个，当前第9个
2020-08-14 19:16:11,963 - 2 - INFO - 页面"天诀_天诀无限元宝服_SF变态版天诀公益服下载 - 最笨下载"跳转正常,该类元素共18个，当前第10个
2020-08-14 19:16:18,104 - 2 - INFO - 页面"乱世江湖（卖血送真充）_乱世江湖（卖血送真充）无限元宝服_SF变态版乱世江湖（卖血送真充）公益服下载 - 最笨下载"跳转正常,该类元素共18个，当前第11个
2020-08-14 19:16:24,219 - 2 - INFO - 页面"联盟契约（送神将百抽）_联盟契约（送神将百抽）无限元宝服_SF变态版联盟契约（送神将百抽）公益服下载 - 最笨下载"跳转正常,该类元素共18个，当前第12个
2020-08-14 19:16:30,334 - 2 - INFO - 页面"九灵神域_九灵神域无限元宝服_SF变态版九灵神域公益服下载 - 最笨下载"跳转正常,该类元素共18个，当前第13个
2020-08-14 19:16:36,449 - 2 - INFO - 页面"教主之家（至尊特权）_教主之家（至尊特权）无限元宝服_SF变态版教主之家（至尊特权）公益服下载 - 最笨下载"跳转正常,该类元素共18个，当前第14个
2020-08-14 19:16:42,580 - 2 - INFO - 页面"魔星狂点（送海量连抽）_魔星狂点（送海量连抽）无限元宝服_SF变态版魔星狂点（送海量连抽）公益服下载 - 最笨下载"跳转正常,该类元素共18个，当前第15个
2020-08-14 19:16:48,693 - 2 - INFO - 页面"主公别闹_主公别闹无限元宝服_SF变态版主公别闹公益服下载 - 最笨下载"跳转正常,该类元素共18个，当前第16个
2020-08-14 19:16:54,810 - 2 - INFO - 页面"全民祖玛（爆装加强版）_全民祖玛（爆装加强版）无限元宝服_SF变态版全民祖玛（爆装加强版）公益服下载 - 最笨下载"跳转正常,该类元素共18个，当前第17个
2020-08-14 19:17:00,964 - 2 - INFO - 页面"天天怼三国（送千元充值）_天天怼三国（送千元充值）无限元宝服_SF变态版天天怼三国（送千元充值）公益服下载 - 最笨下载"跳转正常,该类元素共18个，当前第18个
2020-08-14 19:17:08,060 - 2 - INFO - 页面"满vip版手游_手游sf送顶级vip_满级vip无限元宝手游下载-最笨下载"跳转正常,该类元素共13个，当前第1个
2020-08-14 19:17:08,403 - basepage - INFO - Click back on current page.
2020-08-14 19:17:16,893 - 2 - INFO - 页面"满vip版手游_手游sf送顶级vip_满级vip无限元宝手游下载-最笨下载"跳转正常,该类元素共13个，当前第2个
2020-08-14 19:17:17,412 - basepage - INFO - Click back on current page.
2020-08-14 19:17:25,267 - 2 - INFO - 页面"满vip版手游_手游sf送顶级vip_满级vip无限元宝手游下载-最笨下载"跳转正常,该类元素共13个，当前第3个
2020-08-14 19:17:25,880 - basepage - INFO - Click back on current page.
2020-08-14 19:17:33,679 - 2 - INFO - 页面"满vip版手游_手游sf送顶级vip_满级vip无限元宝手游下载-最笨下载"跳转正常,该类元素共13个，当前第4个
2020-08-14 19:17:33,950 - basepage - INFO - Click back on current page.
2020-08-14 19:17:42,052 - 2 - INFO - 页面"满vip版手游_手游sf送顶级vip_满级vip无限元宝手游下载-最笨下载"跳转正常,该类元素共13个，当前第5个
2020-08-14 19:17:42,592 - basepage - INFO - Click back on current page.
2020-08-14 19:17:50,652 - 2 - INFO - 页面"满vip版手游_手游sf送顶级vip_满级vip无限元宝手游下载-最笨下载"跳转正常,该类元素共13个，当前第6个
2020-08-14 19:17:51,122 - basepage - INFO - Click back on current page.
2020-08-14 19:17:59,017 - 2 - INFO - 页面"满vip版手游_手游sf送顶级vip_满级vip无限元宝手游下载-最笨下载"跳转正常,该类元素共13个，当前第7个
2020-08-14 19:17:59,286 - basepage - INFO - Click back on current page.
2020-08-14 19:18:07,050 - 2 - INFO - 页面"满vip版手游_手游sf送顶级vip_满级vip无限元宝手游下载-最笨下载"跳转正常,该类元素共13个，当前第8个
2020-08-14 19:18:07,561 - basepage - INFO - Click back on current page.
2020-08-14 19:18:15,689 - 2 - INFO - 页面"满vip版手游_手游sf送顶级vip_满级vip无限元宝手游下载-最笨下载"跳转正常,该类元素共13个，当前第9个
2020-08-14 19:18:16,193 - basepage - INFO - Click back on current page.
2020-08-14 19:18:24,118 - 2 - INFO - 页面"满vip版手游_手游sf送顶级vip_满级vip无限元宝手游下载-最笨下载"跳转正常,该类元素共13个，当前第10个
2020-08-14 19:18:24,394 - basepage - INFO - Click back on current page.
2020-08-14 19:18:32,155 - 2 - INFO - 页面"满vip版手游_手游sf送顶级vip_满级vip无限元宝手游下载-最笨下载"跳转正常,该类元素共13个，当前第11个
2020-08-14 19:18:32,644 - basepage - INFO - Click back on current page.
2020-08-14 19:18:40,692 - 2 - INFO - 页面"满vip版手游_手游sf送顶级vip_满级vip无限元宝手游下载-最笨下载"跳转正常,该类元素共13个，当前第12个
2020-08-14 19:18:41,205 - basepage - INFO - Click back on current page.
2020-08-14 19:18:49,817 - 2 - INFO - 页面"满vip版手游_手游sf送顶级vip_满级vip无限元宝手游下载-最笨下载"跳转正常,该类元素共13个，当前第13个
2020-08-14 19:18:50,089 - basepage - INFO - Click back on current page.
2020-08-14 19:18:58,426 - 2 - INFO - 页面"屠龙世界（送GM特权）_屠龙世界（送GM特权）无限元宝服_SF变态版屠龙世界（送GM特权）公益服下载 - 最笨下载"跳转正常,该类元素共18个，当前第1个
2020-08-14 19:19:04,561 - 2 - INFO - 页面"将军道（送百连海量抽）_将军道（送百连海量抽）无限元宝服_SF变态版将军道（送百连海量抽）公益服下载 - 最笨下载"跳转正常,该类元素共18个，当前第2个
2020-08-14 19:19:10,675 - 2 - INFO - 页面"七战（无门槛送首充）_七战（无门槛送首充）无限元宝服_SF变态版七战（无门槛送首充）公益服下载 - 最笨下载"跳转正常,该类元素共18个，当前第3个
2020-08-14 19:19:16,796 - 2 - INFO - 页面"炼金国度（送1000元充值）_炼金国度（送1000元充值）无限元宝服_SF变态版炼金国度（送1000元充值）公益服下载 - 最笨下载"跳转正常,该类元素共18个，当前第4个
2020-08-14 19:19:22,929 - 2 - INFO - 页面"冒险王2（送海量充值）_冒险王2（送海量充值）无限元宝服_SF变态版冒险王2（送海量充值）公益服下载 - 最笨下载"跳转正常,该类元素共18个，当前第5个
2020-08-14 19:19:29,065 - 2 - INFO - 页面"帝国光辉（每日送1000R）_帝国光辉（每日送1000R）无限元宝服_SF变态版帝国光辉（每日送1000R）公益服下载 - 最笨下载"跳转正常,该类元素共18个，当前第6个
2020-08-14 19:19:35,196 - 2 - INFO - 页面"围攻大菠萝（送328充值）_围攻大菠萝（送328充值）无限元宝服_SF变态版围攻大菠萝（送328充值）公益服下载 - 最笨下载"跳转正常,该类元素共18个，当前第7个
2020-08-14 19:19:41,355 - 2 - INFO - 页面"女神联盟2（送500充值）_女神联盟2（送500充值）无限元宝服_SF变态版女神联盟2（送500充值）公益服下载 - 最笨下载"跳转正常,该类元素共18个，当前第8个
2020-08-14 19:19:47,491 - 2 - INFO - 页面"九天仙梦（商城特权）_九天仙梦（商城特权）无限元宝服_SF变态版九天仙梦（商城特权）公益服下载 - 最笨下载"跳转正常,该类元素共18个，当前第9个
2020-08-14 19:19:53,611 - 2 - INFO - 页面"仙剑缘（星耀特权）_仙剑缘（星耀特权）无限元宝服_SF变态版仙剑缘（星耀特权）公益服下载 - 最笨下载"跳转正常,该类元素共18个，当前第10个
2020-08-14 19:19:59,727 - 2 - INFO - 页面"我叫MT：奇幻之旅（送一万连抽）_我叫MT：奇幻之旅（送一万连抽）无限元宝服_SF变态版我叫MT：奇幻之旅（送一万连抽）公益服下载 - 最笨下载"跳转正常,该类元素共18个，当前第11个
2020-08-14 19:20:05,845 - 2 - INFO - 页面"天天驯兽师（每日送百抽）_天天驯兽师（每日送百抽）无限元宝服_SF变态版天天驯兽师（每日送百抽）公益服下载 - 最笨下载"跳转正常,该类元素共18个，当前第12个
2020-08-14 19:20:11,962 - 2 - INFO - 页面"神契幻奇谭（海量特权）_神契幻奇谭（海量特权）无限元宝服_SF变态版神契幻奇谭（海量特权）公益服下载 - 最笨下载"跳转正常,该类元素共18个，当前第13个
2020-08-14 19:20:18,088 - 2 - INFO - 页面"冒险者集结（送650充值）_冒险者集结（送650充值）无限元宝服_SF变态版冒险者集结（送650充值）公益服下载 - 最笨下载"跳转正常,该类元素共18个，当前第14个
2020-08-14 19:20:24,212 - 2 - INFO - 页面"御剑封神录（送海量充值）_御剑封神录（送海量充值）无限元宝服_SF变态版御剑封神录（送海量充值）公益服下载 - 最笨下载"跳转正常,该类元素共18个，当前第15个
2020-08-14 19:20:30,345 - 2 - INFO - 页面"无敌战舰（送百元充值）_无敌战舰（送百元充值）无限元宝服_SF变态版无敌战舰（送百元充值）公益服下载 - 最笨下载"跳转正常,该类元素共18个，当前第16个
2020-08-14 19:20:36,465 - 2 - INFO - 页面"孤龙山（送GM海量充）_孤龙山（送GM海量充）无限元宝服_SF变态版孤龙山（送GM海量充）公益服下载 - 最笨下载"跳转正常,该类元素共18个，当前第17个
2020-08-14 19:20:42,589 - 2 - INFO - 页面"圣痕觉醒（送万元充值）_圣痕觉醒（送万元充值）无限元宝服_SF变态版圣痕觉醒（送万元充值）公益服下载 - 最笨下载"跳转正常,该类元素共18个，当前第18个
2020-08-14 19:20:49,482 - 2 - INFO - 页面"【苹果益智休闲游戏】好玩的iPhone益智休闲游戏大全_iPhone益智休闲类游戏下载-最笨下载"跳转正常,该类元素共16个，当前第1个
2020-08-14 19:20:49,752 - basepage - INFO - Click back on current page.
2020-08-14 19:20:56,353 - 2 - INFO - 页面"【苹果其他游戏】好玩的iphone其他游戏大全_iphone其他类游戏下载-最笨下载"跳转正常,该类元素共16个，当前第2个
2020-08-14 19:20:56,882 - basepage - INFO - Click back on current page.
2020-08-14 19:21:04,116 - 2 - INFO - 页面"【苹果音乐游戏】好玩的iphone音乐游戏大全_iphone音乐类游戏下载-最笨下载"跳转正常,该类元素共16个，当前第3个
2020-08-14 19:21:04,382 - basepage - INFO - Click back on current page.
2020-08-14 19:21:11,674 - 2 - INFO - 页面"【苹果网络游戏】好玩的iphone网络游戏大全_iphone网络类游戏下载-最笨下载"跳转正常,该类元素共16个，当前第4个
2020-08-14 19:21:11,927 - basepage - INFO - Click back on current page.
2020-08-14 19:21:19,222 - 2 - INFO - 页面"【苹果格斗游戏】好玩的iPhone格斗游戏大全_iPhone格斗类游戏下载-最笨下载"跳转正常,该类元素共16个，当前第5个
2020-08-14 19:21:19,759 - basepage - INFO - Click back on current page.
2020-08-14 19:21:27,014 - 2 - INFO - 页面"【苹果飞行游戏】好玩的iPhone飞行游戏大全_iPhone飞行类游戏下载-最笨下载"跳转正常,该类元素共16个，当前第6个
2020-08-14 19:21:27,265 - basepage - INFO - Click back on current page.
2020-08-14 19:21:34,498 - 2 - INFO - 页面"【苹果体育运动游戏】好玩的iPhone体育运动游戏大全_iPhone体育运动类游戏下载-最笨下载"跳转正常,该类元素共16个，当前第7个
2020-08-14 19:21:34,739 - basepage - INFO - Click back on current page.
2020-08-14 19:21:41,857 - 2 - INFO - 页面"【苹果模拟经营游戏】好玩的iPhone模拟经营游戏大全_iPhone模拟经营类游戏下载-最笨下载"跳转正常,该类元素共16个，当前第8个
2020-08-14 19:21:42,575 - basepage - INFO - Click back on current page.
2020-08-14 19:21:49,116 - 2 - INFO - 页面"【苹果策略游戏】好玩的iphone策略游戏大全_iphone策略类游戏下载-最笨下载"跳转正常,该类元素共16个，当前第9个
2020-08-14 19:21:49,541 - basepage - INFO - Click back on current page.
2020-08-14 19:21:56,151 - 2 - INFO - 页面"【苹果塔防游戏】好玩的iphone塔防游戏大全_iphone塔防类游戏下载-最笨下载"跳转正常,该类元素共16个，当前第10个
2020-08-14 19:21:56,401 - basepage - INFO - Click back on current page.
2020-08-14 19:22:03,647 - 2 - INFO - 页面"【苹果解谜游戏】好玩的iphone解谜游戏大全_iphone解谜类游戏下载-最笨下载"跳转正常,该类元素共16个，当前第11个
2020-08-14 19:22:04,160 - basepage - INFO - Click back on current page.
2020-08-14 19:22:11,575 - 2 - INFO - 页面"【苹果射击游戏】好玩的iphone射击游戏大全_iphone射击类游戏下载-最笨下载"跳转正常,该类元素共16个，当前第12个
2020-08-14 19:22:11,864 - basepage - INFO - Click back on current page.
2020-08-14 19:22:18,499 - 2 - INFO - 页面"【苹果棋牌游戏】好玩的iphone棋牌游戏大全_iphone棋牌类游戏下载-最笨下载"跳转正常,该类元素共16个，当前第13个
2020-08-14 19:22:18,742 - basepage - INFO - Click back on current page.
2020-08-14 19:22:25,951 - 2 - INFO - 页面"【苹果赛车游戏】好玩的iPhone赛车游戏大全_iPhone赛车类游戏下载-最笨下载"跳转正常,该类元素共16个，当前第14个
2020-08-14 19:22:26,459 - basepage - INFO - Click back on current page.
2020-08-14 19:22:33,187 - 2 - INFO - 页面"【苹果角色扮演游戏】好玩的iphone角色扮演游戏_iPhone角色扮演类游戏下载-最笨下载"跳转正常,该类元素共16个，当前第15个
2020-08-14 19:22:33,500 - basepage - INFO - Click back on current page.
2020-08-14 19:22:40,084 - 2 - INFO - 页面"【安卓动作游戏】好玩的iPhone动作游戏大全_iPhone动作类游戏下载-最笨下载"跳转正常,该类元素共16个，当前第16个
2020-08-14 19:22:40,371 - basepage - INFO - Click back on current page.
2020-08-14 19:22:48,743 - 2 - INFO - 页面"真龙战魂（天天送元宝）ios版_真龙战魂（天天送元宝）ios版下载_真龙战魂（天天送元宝）ios版官方下载-最笨下载"跳转正常,该类元素共18个，当前第1个
2020-08-14 19:22:54,863 - 2 - INFO - 页面"魔域王牌（天天送抽卡）iOS版_魔域王牌（天天送抽卡）iOS版下载_魔域王牌（天天送抽卡）iOS版官方下载-最笨下载"跳转正常,该类元素共18个，当前第2个
2020-08-14 19:23:00,977 - 2 - INFO - 页面"冒险王2（送海量充值）ios版_冒险王2（送海量充值）ios版下载_冒险王2（送海量充值）ios版官方下载-最笨下载"跳转正常,该类元素共18个，当前第3个
2020-08-14 19:23:07,096 - 2 - INFO - 页面"恋三国（送百抽）ios版_恋三国（送百抽）ios版下载_恋三国（送百抽）ios版官方下载-最笨下载"跳转正常,该类元素共18个，当前第4个
2020-08-14 19:23:13,219 - 2 - INFO - 页面"屠龙世界（送GM特权）ios版_屠龙世界（送GM特权）ios版下载_屠龙世界（送GM特权）ios版官方下载-最笨下载"跳转正常,该类元素共18个，当前第5个
2020-08-14 19:23:19,339 - 2 - INFO - 页面"将军道（送百连海量抽）ios版_将军道（送百连海量抽）ios版下载_将军道（送百连海量抽）ios版官方下载-最笨下载"跳转正常,该类元素共18个，当前第6个
2020-08-14 19:23:25,490 - 2 - INFO - 页面"塔防镇魂师（送328代金券）ios版_塔防镇魂师（送328代金券）ios版下载_塔防镇魂师（送328代金券）ios版官方下载-最笨下载"跳转正常,该类元素共18个，当前第7个
2020-08-14 19:23:31,611 - 2 - INFO - 页面"乱斗三国ios版_乱斗三国ios版下载_乱斗三国ios版官方下载-最笨下载"跳转正常,该类元素共18个，当前第8个
2020-08-14 19:23:37,732 - 2 - INFO - 页面"兵器少女（无门槛送充）ios版_兵器少女（无门槛送充）ios版下载_兵器少女（无门槛送充）ios版官方下载-最笨下载"跳转正常,该类元素共18个，当前第9个
2020-08-14 19:23:43,853 - 2 - INFO - 页面"猎手之王ios版_猎手之王ios版下载_猎手之王ios版官方下载-最笨下载"跳转正常,该类元素共18个，当前第10个
2020-08-14 19:23:49,976 - 2 - INFO - 页面"古墓迷城ios版_古墓迷城ios版下载_古墓迷城ios版官方下载-最笨下载"跳转正常,该类元素共18个，当前第11个
2020-08-14 19:23:56,091 - 2 - INFO - 页面"国战纪元ios版_国战纪元ios版下载_国战纪元ios版官方下载-最笨下载"跳转正常,该类元素共18个，当前第12个
2020-08-14 19:24:02,210 - 2 - INFO - 页面"天诀ios版_天诀ios版下载_天诀ios版官方下载-最笨下载"跳转正常,该类元素共18个，当前第13个
2020-08-14 19:24:08,328 - 2 - INFO - 页面"仙剑缘（星耀特权）ios版_仙剑缘（星耀特权）ios版下载_仙剑缘（星耀特权）ios版官方下载-最笨下载"跳转正常,该类元素共18个，当前第14个
2020-08-14 19:24:14,444 - 2 - INFO - 页面"九灵神域ios版_九灵神域ios版下载_九灵神域ios版官方下载-最笨下载"跳转正常,该类元素共18个，当前第15个
2020-08-14 19:24:20,568 - 2 - INFO - 页面"天之命（海量特权）ios版_天之命（海量特权）ios版下载_天之命（海量特权）ios版官方下载-最笨下载"跳转正常,该类元素共18个，当前第16个
2020-08-14 19:24:26,683 - 2 - INFO - 页面"魔剑侠缘（星耀特权）ios版_魔剑侠缘（星耀特权）ios版下载_魔剑侠缘（星耀特权）ios版官方下载-最笨下载"跳转正常,该类元素共18个，当前第17个
2020-08-14 19:24:32,817 - 2 - INFO - 页面"仙灵世界（复古绿色服）ios版_仙灵世界（复古绿色服）ios版下载_仙灵世界（复古绿色服）ios版官方下载-最笨下载"跳转正常,该类元素共18个，当前第18个
2020-08-14 19:24:40,167 - 2 - INFO - 页面"ios无限元宝的手游"跳转正常,该类元素共4个，当前第1个
2020-08-14 19:24:40,436 - basepage - INFO - Click back on current page.
2020-08-14 19:24:45,747 - 2 - INFO - 页面"gm手游助手ios"跳转正常,该类元素共4个，当前第2个
2020-08-14 19:24:46,252 - basepage - INFO - Click back on current page.
2020-08-14 19:24:58,918 - 2 - INFO - 页面"ios变态服游戏"跳转正常,该类元素共4个，当前第3个
2020-08-14 19:24:59,550 - basepage - INFO - Click back on current page.
2020-08-14 19:25:04,697 - 2 - INFO - 页面"ios看小说神器"跳转正常,该类元素共4个，当前第4个
2020-08-14 19:25:04,983 - basepage - INFO - Click back on current page.
2020-08-14 19:25:11,509 - 2 - INFO - 页面"【最笨周末活动】8.7周末活动海量惊喜等你来拿"跳转正常,该类元素共4个，当前第1个
2020-08-14 19:25:11,734 - basepage - INFO - Click back on current page.
2020-08-14 19:25:17,139 - 2 - INFO - 页面"【最笨周末活动】7月10日晴了一夏周末福利活动"跳转正常,该类元素共4个，当前第2个
2020-08-14 19:25:17,358 - basepage - INFO - Click back on current page.
2020-08-14 19:25:23,026 - 2 - INFO - 页面"【最笨周末活动】7月3日清凉一夏活动来袭~"跳转正常,该类元素共4个，当前第3个
2020-08-14 19:25:23,274 - basepage - INFO - Click back on current page.
2020-08-14 19:25:28,905 - 2 - INFO - 页面"【最笨周末活动】7月31日周末活动火热来袭~"跳转正常,该类元素共4个，当前第4个
2020-08-14 19:25:29,353 - basepage - INFO - Click back on current page.
2020-08-14 19:25:35,453 - 2 - INFO - 页面"回复女朋友的软件叫什么"跳转正常,该类元素共20个，当前第1个
2020-08-14 19:25:41,573 - 2 - INFO - 页面"抖音聊天的软件叫什么"跳转正常,该类元素共20个，当前第2个
2020-08-14 19:25:47,705 - 2 - INFO - 页面"苹果哪个软件可以免费看小说"跳转正常,该类元素共20个，当前第3个
2020-08-14 19:25:53,845 - 2 - INFO - 页面"有什么回复女生的聊天软件"跳转正常,该类元素共20个，当前第4个
2020-08-14 19:25:59,977 - 2 - INFO - 页面"看小说不要钱的软件推荐"跳转正常,该类元素共20个，当前第5个
2020-08-14 19:26:06,089 - 2 - INFO - 页面"最强蜗牛航海术怎么加点-航海术加点攻略"跳转正常,该类元素共20个，当前第6个
2020-08-14 19:26:12,237 - 2 - INFO - 页面"战魂铭人弓箭手厉害吗 弓箭手技能介绍"跳转正常,该类元素共20个，当前第7个
2020-08-14 19:26:18,351 - 2 - INFO - 页面"DNF魔界大战护石怎么玩 大战护石升级方法介绍"跳转正常,该类元素共20个，当前第8个
2020-08-14 19:26:24,463 - 2 - INFO - 页面"炉石传说通灵学院奥秘贼卡组怎么搭配 奥秘贼卡"跳转正常,该类元素共20个，当前第9个
2020-08-14 19:26:30,570 - 2 - INFO - 页面"炉石传说通灵学院残片瞎卡组怎么搭配 残片瞎卡"跳转正常,该类元素共20个，当前第10个
2020-08-14 19:26:36,722 - 2 - INFO - 页面"不用wifi也能玩的游戏女生 不用wifi也能玩的女生"跳转正常,该类元素共20个，当前第11个
2020-08-14 19:26:42,841 - 2 - INFO - 页面"自由度高的手机武侠单机游戏 高自由武侠单机手"跳转正常,该类元素共20个，当前第12个
2020-08-14 19:26:48,954 - 2 - INFO - 页面"安卓苹果混服传奇手游 安卓与苹果混服传奇手游"跳转正常,该类元素共20个，当前第13个
2020-08-14 19:26:55,088 - 2 - INFO - 页面"恋爱话术库破解版苹果版-撩妹恋爱话术库app苹果"跳转正常,该类元素共20个，当前第14个
2020-08-14 19:27:01,213 - 2 - INFO - 页面"火影忍者单机版破解版-火影忍者手游单机版破解"跳转正常,该类元素共20个，当前第15个
2020-08-14 19:27:07,329 - 2 - INFO - 页面"炉石传说通灵学院法术迸发什么意思"跳转正常,该类元素共20个，当前第16个
2020-08-14 19:27:13,456 - 2 - INFO - 页面"王者荣耀名字怎么改成竖着"跳转正常,该类元素共20个，当前第17个
2020-08-14 19:27:19,570 - 2 - INFO - 页面"王者荣耀神秘商店可以用优惠券吗"跳转正常,该类元素共20个，当前第18个
2020-08-14 19:27:25,682 - 2 - INFO - 页面"和平精英SS9赛季什么时候开始"跳转正常,该类元素共20个，当前第19个
2020-08-14 19:27:31,806 - 2 - INFO - 页面"和平精英火力对决2.0无人机怎么收回"跳转正常,该类元素共20个，当前第20个
2020-08-14 19:27:37,945 - 2 - INFO - 页面"apk3安卓网-2020最新apk安卓游戏-热门apk软件下载平台"跳转正常,该类元素共34个，当前第1个
2020-08-14 19:27:44,100 - 2 - INFO - 页面"小游戏,在线小游戏,小游戏大全,双人小游戏,3199小游戏"跳转正常,该类元素共34个，当前第2个
2020-08-14 19:27:50,247 - 2 - INFO - 页面"中文网站排行榜_alexa排行 - 爱站网站排行榜"跳转正常,该类元素共34个，当前第3个
2020-08-14 19:27:56,400 - 2 - INFO - 页面"9号下载_下载软件_免费下载单机游戏_手机游戏下载大全"跳转正常,该类元素共34个，当前第4个
2020-08-14 19:28:22,199 - 2 - INFO - 页面"软件下载中心_绿色免费软件,手机游戏|软件下载,到超人软件站"跳转正常,该类元素共34个，当前第5个
