2020-09-11 18:20:07,637 - basepage - INFO - zuiben自动化测试开始
2020-09-11 18:20:07,638 - basepage - INFO - 隐性等待 10 秒
2020-09-11 18:20:13,167 - basepage - INFO - 跳转至https://www.zuiben.com/
2020-09-11 18:20:15,288 - basepage - INFO - 窗口已经最大化
2020-09-11 18:20:21,117 - 2 - INFO - 页面"【安卓游戏】好玩的安卓游戏下载_安卓游戏排行榜_安卓游戏免费下载大全-最笨下载"跳转正常,该类元素共21个，当前第1个
2020-09-11 18:20:21,342 - basepage - INFO - Click back on current page.
2020-09-11 18:20:25,995 - 2 - INFO - 页面"变态手游公益服_bt手游变态服_无限元宝bt手游下载_BT手游中心-最笨下载"跳转正常,该类元素共21个，当前第2个
2020-09-11 18:20:26,392 - basepage - INFO - Click back on current page.
2020-09-11 18:20:31,023 - 2 - INFO - 页面"gm版手游_无限元宝/钻石公益服_0元免费gm权限手游下载-最笨下载"跳转正常,该类元素共21个，当前第3个
2020-09-11 18:20:31,240 - basepage - INFO - Click back on current page.
2020-09-11 18:20:37,390 - 2 - INFO - 页面"【苹果游戏】iphone苹果手机游戏下载_iphone苹果游戏排行榜-最笨下载"跳转正常,该类元素共21个，当前第4个
2020-09-11 18:20:37,789 - basepage - INFO - Click back on current page.
2020-09-11 18:20:42,169 - 2 - INFO - 页面"满vip版手游_手游sf送顶级vip_满级vip无限元宝手游下载-最笨下载"跳转正常,该类元素共21个，当前第5个
2020-09-11 18:20:42,384 - basepage - INFO - Click back on current page.
2020-09-11 18:20:48,336 - 2 - INFO - 页面"【安卓软件】安卓软件下载_安卓手机软件下载_安卓软件免费下载大全-最笨下载"跳转正常,该类元素共21个，当前第6个
2020-09-11 18:20:48,725 - basepage - INFO - Click back on current page.
2020-09-11 18:20:54,612 - 2 - INFO - 页面"【苹果软件】iphone苹果下载软件_iphone苹果软件免费下载_苹果软件下载大全-最笨下载"跳转正常,该类元素共21个，当前第7个
2020-09-11 18:20:54,830 - basepage - INFO - Click back on current page.
2020-09-11 18:20:59,694 - 2 - INFO - 页面"【安卓资讯】安卓资讯推荐_安卓资讯大全-最笨下载"跳转正常,该类元素共21个，当前第8个
2020-09-11 18:21:00,095 - basepage - INFO - Click back on current page.
2020-09-11 18:21:04,536 - 2 - INFO - 页面"【安卓游戏攻略】安卓游戏攻略推荐_安卓游戏攻略大全-最笨下载"跳转正常,该类元素共21个，当前第9个
2020-09-11 18:21:04,747 - basepage - INFO - Click back on current page.
2020-09-11 18:21:09,336 - 2 - INFO - 页面"【安卓软件教程】安卓软件教程推荐_安卓软件教程大全-最笨下载"跳转正常,该类元素共21个，当前第10个
2020-09-11 18:21:09,737 - basepage - INFO - Click back on current page.
2020-09-11 18:21:14,247 - 2 - INFO - 页面"【iphone资讯】iphone资讯推荐_iphone资讯大全-最笨下载"跳转正常,该类元素共21个，当前第11个
2020-09-11 18:21:14,453 - basepage - INFO - Click back on current page.
2020-09-11 18:21:18,988 - 2 - INFO - 页面"【iPhone游戏攻略】iPhone游戏攻略推荐_iPhone游戏攻略大全-最笨下载"跳转正常,该类元素共21个，当前第12个
2020-09-11 18:21:19,405 - basepage - INFO - Click back on current page.
2020-09-11 18:21:24,128 - 2 - INFO - 页面"【系统重装教程】电脑重装系统教程_电脑怎么重装系统_重装系统步骤-最笨下载"跳转正常,该类元素共21个，当前第13个
2020-09-11 18:21:24,342 - basepage - INFO - Click back on current page.
2020-09-11 18:21:30,362 - 2 - INFO - 页面"安卓专题-最笨下载"跳转正常,该类元素共21个，当前第14个
2020-09-11 18:21:30,753 - basepage - INFO - Click back on current page.
2020-09-11 18:21:37,299 - 2 - INFO - 页面"游戏专题-最笨下载"跳转正常,该类元素共21个，当前第15个
2020-09-11 18:21:37,537 - basepage - INFO - Click back on current page.
2020-09-11 18:21:46,190 - 2 - INFO - 页面"苹果专题-最笨下载"跳转正常,该类元素共21个，当前第16个
2020-09-11 18:21:46,426 - basepage - INFO - Click back on current page.
2020-09-11 18:21:55,212 - 2 - INFO - 页面"【电脑软件】电脑软件下载_电脑装机必备软件_电脑常用软件下载_电脑软件大全-最笨下载"跳转正常,该类元素共21个，当前第17个
2020-09-11 18:21:55,504 - basepage - INFO - Click back on current page.
2020-09-11 18:22:01,414 - 2 - INFO - 页面"【电脑软件】电脑软件下载_电脑装机必备软件_电脑常用软件下载_电脑软件大全-最笨下载"跳转正常,该类元素共21个，当前第18个
2020-09-11 18:22:01,812 - basepage - INFO - Click back on current page.
2020-09-11 18:22:06,354 - 2 - INFO - 页面"【激活工具】激活windows工具_万能激活工具_windows激活工具下载_自动激活工具-最笨下载"跳转正常,该类元素共21个，当前第19个
2020-09-11 18:22:06,588 - basepage - INFO - Click back on current page.
2020-09-11 18:22:10,766 - 2 - INFO - 页面"【系统重装教程】电脑重装系统教程_电脑怎么重装系统_重装系统步骤-最笨下载"跳转正常,该类元素共21个，当前第20个
2020-09-11 18:22:10,988 - basepage - INFO - Click back on current page.
2020-09-11 18:22:15,156 - 2 - INFO - 页面"【系统重装教程】电脑重装系统教程_电脑怎么重装系统_重装系统步骤-最笨下载"跳转正常,该类元素共21个，当前第21个
2020-09-11 18:22:15,598 - basepage - INFO - Click back on current page.
2020-09-11 18:22:23,464 - 2 - INFO - 页面"家庭教师OL手游"跳转正常,该类元素共10个，当前第1个
2020-09-11 18:22:29,588 - 2 - INFO - 页面"魔女骑士团手游"跳转正常,该类元素共10个，当前第2个
2020-09-11 18:22:35,708 - 2 - INFO - 页面"决胜足球手游"跳转正常,该类元素共10个，当前第3个
2020-09-11 18:22:41,835 - 2 - INFO - 页面"少女战争手游"跳转正常,该类元素共10个，当前第4个
2020-09-11 18:22:47,961 - 2 - INFO - 页面"天神战（魔灵特权）"跳转正常,该类元素共10个，当前第5个
2020-09-11 18:22:54,093 - 2 - INFO - 页面"最Q幻想手游"跳转正常,该类元素共10个，当前第6个
2020-09-11 18:23:00,224 - 2 - INFO - 页面"回到三国志手游"跳转正常,该类元素共10个，当前第7个
2020-09-11 18:23:06,345 - 2 - INFO - 页面"幻游猎人手游"跳转正常,该类元素共10个，当前第8个
2020-09-11 18:23:12,476 - 2 - INFO - 页面"王者荣耀"跳转正常,该类元素共10个，当前第9个
2020-09-11 18:23:18,622 - 2 - INFO - 页面"公主连结手游"跳转正常,该类元素共10个，当前第10个
2020-09-11 18:23:24,760 - 2 - INFO - 页面"魔侠传（开服送2000充）"跳转正常,该类元素共20个，当前第1个
2020-09-11 18:23:30,886 - 2 - INFO - 页面"仙风道骨（送GM海量充）"跳转正常,该类元素共20个，当前第2个
2020-09-11 18:23:37,009 - 2 - INFO - 页面"少年群侠传（送千元充值）"跳转正常,该类元素共20个，当前第3个
2020-09-11 18:23:43,131 - 2 - INFO - 页面"仙灵世界（送海量连抽）"跳转正常,该类元素共20个，当前第4个
2020-09-11 18:23:49,259 - 2 - INFO - 页面"不思议地下城（百抽特权）"跳转正常,该类元素共20个，当前第5个
2020-09-11 18:23:55,406 - 2 - INFO - 页面"妖神记（抽动漫周边）"跳转正常,该类元素共20个，当前第6个
2020-09-11 18:24:01,542 - 2 - INFO - 页面"魔龙诀（全屏爆宝）"跳转正常,该类元素共20个，当前第7个
2020-09-11 18:24:07,665 - 2 - INFO - 页面"天天怼三国（送千元充值）"跳转正常,该类元素共20个，当前第8个
2020-09-11 18:24:13,786 - 2 - INFO - 页面"剑侠风云（送海量充值）"跳转正常,该类元素共20个，当前第9个
2020-09-11 18:24:19,911 - 2 - INFO - 页面"小小三国志（送充值卡）"跳转正常,该类元素共20个，当前第10个
2020-09-11 18:24:26,034 - 2 - INFO - 页面"机甲战纪（送GM特权）"跳转正常,该类元素共20个，当前第11个
2020-09-11 18:24:32,158 - 2 - INFO - 页面"无敌战舰（送百元充值）"跳转正常,该类元素共20个，当前第12个
2020-09-11 18:24:38,279 - 2 - INFO - 页面"大话许仙（钱庄特权）"跳转正常,该类元素共20个，当前第13个
2020-09-11 18:24:44,407 - 2 - INFO - 页面"异能勇者"跳转正常,该类元素共20个，当前第14个
2020-09-11 18:24:50,529 - 2 - INFO - 页面"崩坏西游（送1688元充值）"跳转正常,该类元素共20个，当前第15个
2020-09-11 18:24:56,651 - 2 - INFO - 页面"武动九天（GM免费特权）"跳转正常,该类元素共20个，当前第16个
2020-09-11 18:25:02,772 - 2 - INFO - 页面"冒险之旅（百抽特权）"跳转正常,该类元素共20个，当前第17个
2020-09-11 18:25:08,905 - 2 - INFO - 页面"仙语奇缘（海量特权）"跳转正常,该类元素共20个，当前第18个
2020-09-11 18:25:15,029 - 2 - INFO - 页面"莽荒纪（海量充值卡）"跳转正常,该类元素共20个，当前第19个
2020-09-11 18:25:21,163 - 2 - INFO - 页面"纵剑仙界（送VIP代金券）"跳转正常,该类元素共20个，当前第20个
2020-09-11 18:25:29,078 - 2 - INFO - 页面"魔侠传（开服送2000充）"跳转正常,该类元素共10个，当前第1个
2020-09-11 18:25:35,206 - 2 - INFO - 页面"仙风道骨（送GM海量充）"跳转正常,该类元素共10个，当前第2个
2020-09-11 18:25:41,328 - 2 - INFO - 页面"少年群侠传（送千元充值）"跳转正常,该类元素共10个，当前第3个
2020-09-11 18:25:47,476 - 2 - INFO - 页面"仙灵世界（送海量连抽）"跳转正常,该类元素共10个，当前第4个
2020-09-11 18:25:53,614 - 2 - INFO - 页面"不思议地下城（百抽特权）"跳转正常,该类元素共10个，当前第5个
2020-09-11 18:25:59,734 - 2 - INFO - 页面"妖神记（抽动漫周边）"跳转正常,该类元素共10个，当前第6个
2020-09-11 18:26:05,856 - 2 - INFO - 页面"魔龙诀（全屏爆宝）"跳转正常,该类元素共10个，当前第7个
2020-09-11 18:26:11,984 - 2 - INFO - 页面"天天怼三国（送千元充值）"跳转正常,该类元素共10个，当前第8个
2020-09-11 18:26:18,106 - 2 - INFO - 页面"剑侠风云（送海量充值）"跳转正常,该类元素共10个，当前第9个
2020-09-11 18:26:24,238 - 2 - INFO - 页面"小小三国志（送充值卡）"跳转正常,该类元素共10个，当前第10个
2020-09-11 18:26:30,373 - 2 - INFO - 页面"魔侠传（开服送2000充）"跳转正常,该类元素共20个，当前第1个
2020-09-11 18:26:36,519 - 2 - INFO - 页面"仙风道骨（送GM海量充）"跳转正常,该类元素共20个，当前第2个
2020-09-11 18:26:42,645 - 2 - INFO - 页面"武器之王（满屏爆装）"跳转正常,该类元素共20个，当前第3个
2020-09-11 18:26:48,766 - 2 - INFO - 页面"凡人飞仙传（六界纷争）"跳转正常,该类元素共20个，当前第4个
2020-09-11 18:26:54,892 - 2 - INFO - 页面"少年群侠传（送千元充值）"跳转正常,该类元素共20个，当前第5个
2020-09-11 18:27:01,015 - 2 - INFO - 页面"神龙猎手（开局送万抽）"跳转正常,该类元素共20个，当前第6个
2020-09-11 18:27:07,141 - 2 - INFO - 页面"仙灵世界（送海量连抽）"跳转正常,该类元素共20个，当前第7个
2020-09-11 18:27:13,270 - 2 - INFO - 页面"怒火一刀（天天送充值）"跳转正常,该类元素共20个，当前第8个
2020-09-11 18:27:19,398 - 2 - INFO - 页面"女神联盟2（送500充值）"跳转正常,该类元素共20个，当前第9个
2020-09-11 18:27:25,520 - 2 - INFO - 页面"乱戳三国2（送GM特权）"跳转正常,该类元素共20个，当前第10个
2020-09-11 18:27:35,354 - 2 - INFO - 页面"烈火战神（满屏福利）"跳转正常,该类元素共20个，当前第11个
2020-09-11 18:27:41,482 - 2 - INFO - 页面"九曲封神（送海量充值）"跳转正常,该类元素共20个，当前第12个
2020-09-11 18:27:47,605 - 2 - INFO - 页面"不思议地下城（百抽特权）"跳转正常,该类元素共20个，当前第13个
2020-09-11 18:27:53,740 - 2 - INFO - 页面"妖神记（抽动漫周边）"跳转正常,该类元素共20个，当前第14个
2020-09-11 18:27:59,880 - 2 - INFO - 页面"魔龙诀（全屏爆宝）"跳转正常,该类元素共20个，当前第15个
2020-09-11 18:28:06,004 - 2 - INFO - 页面"天天怼三国（送千元充值）"跳转正常,该类元素共20个，当前第16个
2020-09-11 18:28:12,130 - 2 - INFO - 页面"乱世江湖（天天送充值）"跳转正常,该类元素共20个，当前第17个
2020-09-11 18:28:18,273 - 2 - INFO - 页面"传奇盛世（高返定制服）"跳转正常,该类元素共20个，当前第18个
2020-09-11 18:28:24,392 - 2 - INFO - 页面"黑暗与荣耀（送史诗宠物）"跳转正常,该类元素共20个，当前第19个
2020-09-11 18:28:30,517 - 2 - INFO - 页面"剑侠风云（送海量充值）"跳转正常,该类元素共20个，当前第20个
2020-09-11 18:28:38,450 - 2 - INFO - 页面"魔侠传（开服送2000充）"跳转正常,该类元素共10个，当前第1个
2020-09-11 18:28:44,571 - 2 - INFO - 页面"仙风道骨（送GM海量充）"跳转正常,该类元素共10个，当前第2个
2020-09-11 18:28:50,699 - 2 - INFO - 页面"少年群侠传（送千元充值）"跳转正常,该类元素共10个，当前第3个
2020-09-11 18:28:56,823 - 2 - INFO - 页面"仙灵世界（送海量连抽）"跳转正常,该类元素共10个，当前第4个
2020-09-11 18:29:02,950 - 2 - INFO - 页面"不思议地下城（百抽特权）"跳转正常,该类元素共10个，当前第5个
2020-09-11 18:29:09,090 - 2 - INFO - 页面"妖神记（抽动漫周边）"跳转正常,该类元素共10个，当前第6个
2020-09-11 18:29:15,224 - 2 - INFO - 页面"魔龙诀（全屏爆宝）"跳转正常,该类元素共10个，当前第7个
2020-09-11 18:29:21,370 - 2 - INFO - 页面"天天怼三国（送千元充值）"跳转正常,该类元素共10个，当前第8个
2020-09-11 18:29:27,458 - 2 - INFO - 页面"剑侠风云（送海量充值）"跳转正常,该类元素共10个，当前第9个
2020-09-11 18:29:33,583 - 2 - INFO - 页面"小小三国志（送充值卡）"跳转正常,该类元素共10个，当前第10个
2020-09-11 18:29:39,718 - 2 - INFO - 页面"魔侠传（开服送2000充）"跳转正常,该类元素共20个，当前第1个
2020-09-11 18:29:45,838 - 2 - INFO - 页面"仙风道骨（送GM海量充）"跳转正常,该类元素共20个，当前第2个
2020-09-11 18:29:52,279 - 2 - INFO - 页面"武器之王（满屏爆装）"跳转正常,该类元素共20个，当前第3个
2020-09-11 18:59:05,959 - 2 - ERROR - 页面"凡人飞仙传（六界纷争）"跳转异常,该类元素共20个，当前第4个
2020-09-11 18:59:12,311 - 2 - ERROR - 页面"少年群侠传（送千元充值）"跳转异常,该类元素共20个，当前第5个
2020-09-11 18:59:18,617 - 2 - ERROR - 页面"神龙猎手（开局送万抽）"跳转异常,该类元素共20个，当前第6个
2020-09-11 18:59:24,906 - 2 - INFO - 页面"仙灵世界（送海量连抽）"跳转正常,该类元素共20个，当前第7个
2020-09-11 18:59:31,026 - 2 - INFO - 页面"怒火一刀（天天送充值）"跳转正常,该类元素共20个，当前第8个
2020-09-11 18:59:37,137 - 2 - INFO - 页面"女神联盟2（送500充值）"跳转正常,该类元素共20个，当前第9个
2020-09-11 18:59:43,256 - 2 - INFO - 页面"乱戳三国2（送GM特权）"跳转正常,该类元素共20个，当前第10个
2020-09-11 18:59:49,373 - 2 - INFO - 页面"烈火战神（满屏福利）"跳转正常,该类元素共20个，当前第11个
2020-09-11 18:59:55,489 - 2 - INFO - 页面"九曲封神（送海量充值）"跳转正常,该类元素共20个，当前第12个
2020-09-11 19:00:01,601 - 2 - INFO - 页面"不思议地下城（百抽特权）"跳转正常,该类元素共20个，当前第13个
2020-09-11 19:00:07,717 - 2 - INFO - 页面"妖神记（抽动漫周边）"跳转正常,该类元素共20个，当前第14个
2020-09-11 19:00:13,832 - 2 - INFO - 页面"魔龙诀（全屏爆宝）"跳转正常,该类元素共20个，当前第15个
2020-09-11 19:00:19,949 - 2 - INFO - 页面"天天怼三国（送千元充值）"跳转正常,该类元素共20个，当前第16个
2020-09-11 19:00:26,065 - 2 - INFO - 页面"乱世江湖（天天送充值）"跳转正常,该类元素共20个，当前第17个
2020-09-11 19:00:32,204 - 2 - INFO - 页面"传奇盛世（高返定制服）"跳转正常,该类元素共20个，当前第18个
2020-09-11 19:00:38,366 - 2 - INFO - 页面"黑暗与荣耀（送史诗宠物）"跳转正常,该类元素共20个，当前第19个
2020-09-11 19:00:44,511 - 2 - INFO - 页面"剑侠风云（送海量充值）"跳转正常,该类元素共20个，当前第20个
2020-09-11 19:00:52,157 - 2 - INFO - 页面"《乱戳三国2（送GM特权）》创角即送：VIP18、30"跳转正常,该类元素共1个，当前第1个
2020-09-11 19:00:52,398 - basepage - INFO - Click back on current page.
2020-09-11 19:00:57,955 - 2 - INFO - 页面"《九曲封神（送海量充值）》上线就送VIP8，388"跳转正常,该类元素共1个，当前第1个
2020-09-11 19:00:58,231 - basepage - INFO - Click back on current page.
2020-09-11 19:01:04,165 - 2 - INFO - 页面"《武器之王（满屏爆装）》上线送VIP10，50万福利"跳转正常,该类元素共1个，当前第1个
2020-09-11 19:01:04,399 - basepage - INFO - Click back on current page.
2020-09-11 19:01:09,944 - 2 - INFO - 页面"《怒火一刀（天天送充值）》创角送满Vip，6888"跳转正常,该类元素共1个，当前第1个
2020-09-11 19:01:10,453 - basepage - INFO - Click back on current page.
2020-09-11 19:01:16,679 - 2 - ERROR - 页面"《凡人飞仙传（六界纷争）》上线赠送VIP8、元宝"跳转异常,该类元素共1个，当前第1个
2020-09-11 19:01:17,148 - basepage - INFO - Click back on current page.
2020-09-11 19:01:23,432 - 2 - INFO - 页面"【最笨周末活动】8.7 周末活动海量惊喜等你来拿"跳转正常,该类元素共1个，当前第1个
2020-09-11 19:01:23,838 - basepage - INFO - Click back on current page.
2020-09-11 19:01:28,781 - 2 - INFO - 页面"百将江湖（内测）"跳转正常,该类元素共12个，当前第1个
2020-09-11 19:01:29,032 - basepage - INFO - Click back on current page.
2020-09-11 19:01:34,008 - 2 - INFO - 页面"青龙偃月刀（送GM4特权）"跳转正常,该类元素共12个，当前第2个
2020-09-11 19:01:34,520 - basepage - INFO - Click back on current page.
2020-09-11 19:01:39,509 - 2 - INFO - 页面"战神霸业（狂抽猛送特权）"跳转正常,该类元素共12个，当前第3个
2020-09-11 19:01:39,713 - basepage - INFO - Click back on current page.
2020-09-11 19:01:44,669 - 2 - INFO - 页面"开心宝贝（送首充月卡）"跳转正常,该类元素共12个，当前第4个
2020-09-11 19:01:45,179 - basepage - INFO - Click back on current page.
2020-09-11 19:01:50,190 - 2 - INFO - 页面"热血暗黑（送千元代金券）"跳转正常,该类元素共12个，当前第5个
2020-09-11 19:01:50,413 - basepage - INFO - Click back on current page.
2020-09-11 19:01:55,494 - 2 - INFO - 页面"三国演义之天策（送神将）"跳转正常,该类元素共12个，当前第6个
2020-09-11 19:01:55,869 - basepage - INFO - Click back on current page.
2020-09-11 19:02:00,916 - 2 - INFO - 页面"超次元战记（超爆特权）"跳转正常,该类元素共12个，当前第7个
2020-09-11 19:02:01,146 - basepage - INFO - Click back on current page.
2020-09-11 19:02:06,007 - 2 - INFO - 页面"我的西游（送648充值）"跳转正常,该类元素共12个，当前第8个
2020-09-11 19:02:06,402 - basepage - INFO - Click back on current page.
2020-09-11 19:02:11,207 - 2 - INFO - 页面"噢咿噢梦之起点（送海量钻石）"跳转正常,该类元素共12个，当前第9个
2020-09-11 19:02:11,444 - basepage - INFO - Click back on current page.
2020-09-11 19:02:16,188 - 2 - INFO - 页面"星聚（剪影风放置）"跳转正常,该类元素共12个，当前第10个
2020-09-11 19:02:16,560 - basepage - INFO - Click back on current page.
2020-09-11 19:02:21,654 - 2 - INFO - 页面"诸世王者（送海量充值）"跳转正常,该类元素共12个，当前第11个
2020-09-11 19:02:21,868 - basepage - INFO - Click back on current page.
2020-09-11 19:02:26,712 - 2 - INFO - 页面"龙之歌（放置城堡）"跳转正常,该类元素共12个，当前第12个
2020-09-11 19:02:27,077 - basepage - INFO - Click back on current page.
2020-09-11 19:02:32,783 - 2 - INFO - 页面"魔兽世界怀旧服2020年6月7日人口普查一览"跳转正常,该类元素共2个，当前第1个
2020-09-11 19:02:33,012 - basepage - INFO - Click back on current page.
2020-09-11 19:02:40,061 - 2 - INFO - 页面"DNF萌噬噬宠物属性怎么样？萌噬噬属性介绍"跳转正常,该类元素共2个，当前第2个
2020-09-11 19:02:40,327 - basepage - INFO - Click back on current page.
2020-09-11 19:02:47,576 - 2 - INFO - 页面"阴阳师妖怪屋海鲜拉面有什么用-海鲜拉面获取方法攻略-最笨下载"跳转正常,该类元素共14个，当前第1个
2020-09-11 19:02:47,980 - basepage - INFO - Click back on current page.
2020-09-11 19:02:55,097 - 2 - INFO - 页面"王牌高校岳明诚怎么样-岳明诚技能详解-最笨下载"跳转正常,该类元素共14个，当前第2个
2020-09-11 19:02:55,327 - basepage - INFO - Click back on current page.
2020-09-11 19:03:02,517 - 2 - INFO - 页面"原神归离原宝藏在哪-归离原宝藏任务攻略-最笨下载"跳转正常,该类元素共14个，当前第3个
2020-09-11 19:03:02,811 - basepage - INFO - Click back on current page.
2020-09-11 19:03:10,042 - 2 - INFO - 页面"原神旧味难寻任务怎么做-旧味难寻任务完成攻略-最笨下载"跳转正常,该类元素共14个，当前第4个
2020-09-11 19:03:10,491 - basepage - INFO - Click back on current page.
2020-09-11 19:03:17,559 - 2 - INFO - 页面"LOL麦林炮手怎么玩-麦林炮手实战技巧解析-最笨下载"跳转正常,该类元素共14个，当前第5个
2020-09-11 19:03:17,842 - basepage - INFO - Click back on current page.
2020-09-11 19:03:24,946 - 2 - INFO - 页面"LOL狼人怎么玩-狼人实战技巧攻略-最笨下载"跳转正常,该类元素共14个，当前第6个
2020-09-11 19:03:25,225 - basepage - INFO - Click back on current page.
2020-09-11 19:03:31,991 - 2 - INFO - 页面"LOL蛮王怎么玩-蛮王实战技巧分享-最笨下载"跳转正常,该类元素共14个，当前第7个
2020-09-11 19:03:32,435 - basepage - INFO - Click back on current page.
2020-09-11 19:03:39,906 - 2 - INFO - 页面"云顶之弈S4六法狐狸怎么玩-S4六法狐狸阵容搭配攻略-最笨下载"跳转正常,该类元素共14个，当前第8个
2020-09-11 19:03:40,244 - basepage - INFO - Click back on current page.
2020-09-11 19:03:47,372 - 2 - INFO - 页面"原神指挥的礼帽怎么样-指挥的礼帽属性攻略-最笨下载"跳转正常,该类元素共14个，当前第9个
2020-09-11 19:03:47,658 - basepage - INFO - Click back on current page.
2020-09-11 19:03:54,957 - 2 - INFO - 页面"摩尔庄园手游钓鱼去哪里比较好-钓鱼地点位置攻略-最笨下载"跳转正常,该类元素共14个，当前第10个
2020-09-11 19:03:55,383 - basepage - INFO - Click back on current page.
2020-09-11 19:04:02,689 - 2 - INFO - 页面"率土之滨叫阵功能怎么出现的-叫阵功能开启方法攻略-最笨下载"跳转正常,该类元素共14个，当前第11个
2020-09-11 19:04:02,975 - basepage - INFO - Click back on current page.
2020-09-11 19:04:10,119 - 2 - INFO - 页面"魔兽世界冰法冻结寒风流怎么玩-冰法冻结寒风流玩法攻略-最笨下载"跳转正常,该类元素共14个，当前第12个
2020-09-11 19:04:10,391 - basepage - INFO - Click back on current page.
2020-09-11 19:04:17,570 - 2 - INFO - 页面"三国志战略版三势阵容怎么玩-三势阵容玩法攻略-最笨下载"跳转正常,该类元素共14个，当前第13个
2020-09-11 19:04:18,069 - basepage - INFO - Click back on current page.
2020-09-11 19:04:25,286 - 2 - INFO - 页面"魔兽世界怀旧服詹姆斯海厄尔2任务怎么做-詹姆斯海厄尔2任务攻略-最笨下载"跳转正常,该类元素共14个，当前第14个
2020-09-11 19:04:25,525 - basepage - INFO - Click back on current page.
2020-09-11 19:04:33,787 - 2 - INFO - 页面"我的汉克狗无限金币钻石版-我的汉克狗真正无限"跳转正常,该类元素共2个，当前第1个
2020-09-11 19:04:34,072 - basepage - INFO - Click back on current page.
2020-09-11 19:04:41,203 - 2 - INFO - 页面"我狙打的贼准无限金币钻石-我枪打的贼准无限金"跳转正常,该类元素共2个，当前第2个
2020-09-11 19:04:42,273 - basepage - INFO - Click back on current page.
2020-09-11 19:04:49,135 - 2 - INFO - 页面"满vip版手游_手游sf送顶级vip_满级vip无限元宝手游下载-最笨下载"跳转正常,该类元素共28个，当前第1个
2020-09-11 19:04:49,422 - basepage - INFO - Click back on current page.
2020-09-11 19:04:56,302 - 2 - INFO - 页面"魔侠传（开服送2000充）_魔侠传（开服送2000充）无限元宝服_SF变态版魔侠传（开服送2000充）公益服下载 - 最笨下载"跳转正常,该类元素共28个，当前第2个
2020-09-11 19:04:56,541 - basepage - INFO - Click back on current page.
2020-09-11 19:05:02,993 - 2 - INFO - 页面"满vip版手游_手游sf送顶级vip_满级vip无限元宝手游下载-最笨下载"跳转正常,该类元素共28个，当前第3个
2020-09-11 19:05:03,494 - basepage - INFO - Click back on current page.
2020-09-11 19:05:10,350 - 2 - INFO - 页面"仙风道骨（送GM海量充）_仙风道骨（送GM海量充）无限元宝服_SF变态版仙风道骨（送GM海量充）公益服下载 - 最笨下载"跳转正常,该类元素共28个，当前第4个
2020-09-11 19:05:10,590 - basepage - INFO - Click back on current page.
2020-09-11 19:05:17,058 - 2 - INFO - 页面"变态手游公益服_bt手游变态服_无限元宝bt手游下载_BT手游中心-最笨下载"跳转正常,该类元素共28个，当前第5个
2020-09-11 19:05:17,447 - basepage - INFO - Click back on current page.
2020-09-11 19:05:23,967 - 2 - INFO - 页面"武器之王（满屏爆装）_武器之王（满屏爆装）无限元宝服_SF变态版武器之王（满屏爆装）公益服下载 - 最笨下载"跳转正常,该类元素共28个，当前第6个
2020-09-11 19:05:24,205 - basepage - INFO - Click back on current page.
2020-09-11 19:05:30,662 - 2 - INFO - 页面"变态手游公益服_bt手游变态服_无限元宝bt手游下载_BT手游中心-最笨下载"跳转正常,该类元素共28个，当前第7个
2020-09-11 19:05:31,160 - basepage - INFO - Click back on current page.
2020-09-11 19:05:38,707 - 2 - INFO - 页面"凡人飞仙传（六界纷争）_凡人飞仙传（六界纷争）无限元宝服_SF变态版凡人飞仙传（六界纷争）公益服下载 - 最笨下载"跳转正常,该类元素共28个，当前第8个
2020-09-11 19:05:38,940 - basepage - INFO - Click back on current page.
2020-09-11 19:05:45,404 - 2 - INFO - 页面"变态手游公益服_bt手游变态服_无限元宝bt手游下载_BT手游中心-最笨下载"跳转正常,该类元素共28个，当前第9个
2020-09-11 19:05:45,861 - basepage - INFO - Click back on current page.
2020-09-11 19:05:52,737 - 2 - INFO - 页面"少年群侠传（送千元充值）_少年群侠传（送千元充值）无限元宝服_SF变态版少年群侠传（送千元充值）公益服下载 - 最笨下载"跳转正常,该类元素共28个，当前第10个
2020-09-11 19:05:52,948 - basepage - INFO - Click back on current page.
2020-09-11 19:05:59,394 - 2 - INFO - 页面"变态手游公益服_bt手游变态服_无限元宝bt手游下载_BT手游中心-最笨下载"跳转正常,该类元素共28个，当前第11个
2020-09-11 19:05:59,776 - basepage - INFO - Click back on current page.
2020-09-11 19:06:06,646 - 2 - INFO - 页面"神龙猎手（开局送万抽）_神龙猎手（开局送万抽）无限元宝服_SF变态版神龙猎手（开局送万抽）公益服下载 - 最笨下载"跳转正常,该类元素共28个，当前第12个
2020-09-11 19:06:06,903 - basepage - INFO - Click back on current page.
2020-09-11 19:06:13,347 - 2 - INFO - 页面"满vip版手游_手游sf送顶级vip_满级vip无限元宝手游下载-最笨下载"跳转正常,该类元素共28个，当前第13个
2020-09-11 19:06:13,892 - basepage - INFO - Click back on current page.
2020-09-11 19:06:20,406 - 2 - INFO - 页面"仙灵世界（送海量连抽）_仙灵世界（送海量连抽）无限元宝服_SF变态版仙灵世界（送海量连抽）公益服下载 - 最笨下载"跳转正常,该类元素共28个，当前第14个
2020-09-11 19:06:20,686 - basepage - INFO - Click back on current page.
2020-09-11 19:06:27,146 - 2 - INFO - 页面"变态手游公益服_bt手游变态服_无限元宝bt手游下载_BT手游中心-最笨下载"跳转正常,该类元素共28个，当前第15个
2020-09-11 19:06:27,614 - basepage - INFO - Click back on current page.
2020-09-11 19:06:34,138 - 2 - INFO - 页面"怒火一刀（天天送充值）_怒火一刀（天天送充值）无限元宝服_SF变态版怒火一刀（天天送充值）公益服下载 - 最笨下载"跳转正常,该类元素共28个，当前第16个
2020-09-11 19:06:34,347 - basepage - INFO - Click back on current page.
2020-09-11 19:06:40,793 - 2 - INFO - 页面"满vip版手游_手游sf送顶级vip_满级vip无限元宝手游下载-最笨下载"跳转正常,该类元素共28个，当前第17个
2020-09-11 19:06:41,264 - basepage - INFO - Click back on current page.
2020-09-11 19:06:47,818 - 2 - INFO - 页面"女神联盟2（送500充值）_女神联盟2（送500充值）无限元宝服_SF变态版女神联盟2（送500充值）公益服下载 - 最笨下载"跳转正常,该类元素共28个，当前第18个
2020-09-11 19:06:48,085 - basepage - INFO - Click back on current page.
2020-09-11 19:06:54,544 - 2 - INFO - 页面"满vip版手游_手游sf送顶级vip_满级vip无限元宝手游下载-最笨下载"跳转正常,该类元素共28个，当前第19个
2020-09-11 19:06:55,009 - basepage - INFO - Click back on current page.
2020-09-11 19:07:01,550 - 2 - INFO - 页面"乱戳三国2（送GM特权）_乱戳三国2（送GM特权）无限元宝服_SF变态版乱戳三国2（送GM特权）公益服下载 - 最笨下载"跳转正常,该类元素共28个，当前第20个
2020-09-11 19:07:01,835 - basepage - INFO - Click back on current page.
2020-09-11 19:07:08,289 - 2 - INFO - 页面"满vip版手游_手游sf送顶级vip_满级vip无限元宝手游下载-最笨下载"跳转正常,该类元素共28个，当前第21个
2020-09-11 19:07:08,786 - basepage - INFO - Click back on current page.
2020-09-11 19:07:15,329 - 2 - INFO - 页面"烈火战神（满屏福利）_烈火战神（满屏福利）无限元宝服_SF变态版烈火战神（满屏福利）公益服下载 - 最笨下载"跳转正常,该类元素共28个，当前第22个
2020-09-11 19:07:15,549 - basepage - INFO - Click back on current page.
2020-09-11 19:07:21,997 - 2 - INFO - 页面"变态手游公益服_bt手游变态服_无限元宝bt手游下载_BT手游中心-最笨下载"跳转正常,该类元素共28个，当前第23个
2020-09-11 19:07:22,566 - basepage - INFO - Click back on current page.
2020-09-11 19:07:29,479 - 2 - INFO - 页面"九曲封神（送海量充值）_九曲封神（送海量充值）无限元宝服_SF变态版九曲封神（送海量充值）公益服下载 - 最笨下载"跳转正常,该类元素共28个，当前第24个
2020-09-11 19:07:29,718 - basepage - INFO - Click back on current page.
2020-09-11 19:07:36,170 - 2 - INFO - 页面"变态手游公益服_bt手游变态服_无限元宝bt手游下载_BT手游中心-最笨下载"跳转正常,该类元素共28个，当前第25个
2020-09-11 19:07:36,660 - basepage - INFO - Click back on current page.
2020-09-11 19:07:43,200 - 2 - INFO - 页面"不思议地下城（百抽特权）_不思议地下城（百抽特权）无限元宝服_SF变态版不思议地下城（百抽特权）公益服下载 - 最笨下载"跳转正常,该类元素共28个，当前第26个
2020-09-11 19:07:43,435 - basepage - INFO - Click back on current page.
2020-09-11 19:07:49,883 - 2 - INFO - 页面"变态手游公益服_bt手游变态服_无限元宝bt手游下载_BT手游中心-最笨下载"跳转正常,该类元素共28个，当前第27个
2020-09-11 19:07:50,377 - basepage - INFO - Click back on current page.
2020-09-11 19:07:56,923 - 2 - INFO - 页面"妖神记（抽动漫周边）_妖神记（抽动漫周边）无限元宝服_SF变态版妖神记（抽动漫周边）公益服下载 - 最笨下载"跳转正常,该类元素共28个，当前第28个
2020-09-11 19:07:57,182 - basepage - INFO - Click back on current page.
2020-09-11 19:08:05,544 - 2 - INFO - 页面"蜜小助套路对方聊天教学"跳转正常,该类元素共2个，当前第1个
2020-09-11 19:08:05,968 - basepage - INFO - Click back on current page.
2020-09-11 19:08:12,991 - 2 - INFO - 页面"明日之后喷火器怎么用-喷火器使用攻略"跳转正常,该类元素共2个，当前第2个
2020-09-11 19:08:13,264 - basepage - INFO - Click back on current page.
2020-09-11 19:08:20,003 - 2 - INFO - 页面"【安卓娱乐软件】安卓娱乐软件下载_安卓娱乐软件推荐_安卓娱乐软件大全-最笨下载"跳转正常,该类元素共28个，当前第1个
2020-09-11 19:08:20,247 - basepage - INFO - Click back on current page.
2020-09-11 19:08:27,515 - 2 - INFO - 页面"最笨游戏盒子_最笨游戏盒子下载_最笨游戏盒子官方下载-最笨下载"跳转正常,该类元素共28个，当前第2个
2020-09-11 19:08:27,952 - basepage - INFO - Click back on current page.
2020-09-11 19:08:34,669 - 2 - INFO - 页面"【安卓聊天软件】安卓聊天软件下载_安卓聊天软件排行_安卓聊天软件大全-最笨下载"跳转正常,该类元素共28个，当前第3个
2020-09-11 19:08:34,897 - basepage - INFO - Click back on current page.
2020-09-11 19:08:42,036 - 2 - INFO - 页面"回复神器_回复神器下载_回复神器官方下载-最笨下载"跳转正常,该类元素共28个，当前第4个
2020-09-11 19:08:42,281 - basepage - INFO - Click back on current page.
2020-09-11 19:08:49,377 - 2 - INFO - 页面"【安卓应用软件】安卓应用软件排行_好玩的安卓应用软件_好用的安卓应用软件-最笨下载"跳转正常,该类元素共28个，当前第5个
2020-09-11 19:08:49,795 - basepage - INFO - Click back on current page.
2020-09-11 19:08:57,156 - 2 - INFO - 页面"破解游戏盒子_破解游戏盒子安卓版下载-最笨安卓软件下载"跳转正常,该类元素共28个，当前第6个
2020-09-11 19:08:57,415 - basepage - INFO - Click back on current page.
2020-09-11 19:09:03,901 - 2 - INFO - 页面"【安卓聊天软件】安卓聊天软件下载_安卓聊天软件排行_安卓聊天软件大全-最笨下载"跳转正常,该类元素共28个，当前第7个
2020-09-11 19:09:04,161 - basepage - INFO - Click back on current page.
2020-09-11 19:09:11,259 - 2 - INFO - 页面"撩吧_撩吧下载_撩吧官方下载-最笨下载"跳转正常,该类元素共28个，当前第8个
2020-09-11 19:09:11,694 - basepage - INFO - Click back on current page.
2020-09-11 19:09:18,153 - 2 - INFO - 页面"【安卓聊天软件】安卓聊天软件下载_安卓聊天软件排行_安卓聊天软件大全-最笨下载"跳转正常,该类元素共28个，当前第9个
2020-09-11 19:09:18,413 - basepage - INFO - Click back on current page.
2020-09-11 19:09:25,033 - 2 - INFO - 页面"蜜小助_蜜小助下载_蜜小助官方下载-最笨下载"跳转正常,该类元素共28个，当前第10个
2020-09-11 19:09:25,293 - basepage - INFO - Click back on current page.
2020-09-11 19:09:31,729 - 2 - INFO - 页面"【安卓娱乐软件】安卓娱乐软件下载_安卓娱乐软件推荐_安卓娱乐软件大全-最笨下载"跳转正常,该类元素共28个，当前第11个
2020-09-11 19:09:32,135 - basepage - INFO - Click back on current page.
2020-09-11 19:09:38,872 - 2 - INFO - 页面"3733游戏盒子_3733游戏盒子下载_3733游戏盒子官方下载-最笨下载"跳转正常,该类元素共28个，当前第12个
2020-09-11 19:09:39,160 - basepage - INFO - Click back on current page.
2020-09-11 19:09:45,601 - 2 - INFO - 页面"【安卓聊天软件】安卓聊天软件下载_安卓聊天软件排行_安卓聊天软件大全-最笨下载"跳转正常,该类元素共28个，当前第13个
2020-09-11 19:09:46,142 - basepage - INFO - Click back on current page.
2020-09-11 19:09:53,106 - 2 - INFO - 页面"土味情话_土味情话下载_土味情话官方下载-最笨下载"跳转正常,该类元素共28个，当前第14个
2020-09-11 19:09:53,344 - basepage - INFO - Click back on current page.
2020-09-11 19:09:59,772 - 2 - INFO - 页面"【安卓聊天软件】安卓聊天软件下载_安卓聊天软件排行_安卓聊天软件大全-最笨下载"跳转正常,该类元素共28个，当前第15个
2020-09-11 19:10:00,269 - basepage - INFO - Click back on current page.
2020-09-11 19:10:07,296 - 2 - INFO - 页面"恋爱话术_恋爱话术下载_恋爱话术官方下载-最笨下载"跳转正常,该类元素共28个，当前第16个
2020-09-11 19:10:07,505 - basepage - INFO - Click back on current page.
2020-09-11 19:10:14,583 - 2 - INFO - 页面"【安卓阅读软件】安卓阅读软件下载_安卓阅读软件哪个好_安卓阅读软件排行-最笨下载"跳转正常,该类元素共28个，当前第17个
2020-09-11 19:10:15,104 - basepage - INFO - Click back on current page.
2020-09-11 19:10:22,417 - 2 - INFO - 页面"吾爱看书_吾爱看书下载_吾爱看书官方下载-最笨下载"跳转正常,该类元素共28个，当前第18个
2020-09-11 19:10:22,676 - basepage - INFO - Click back on current page.
2020-09-11 19:10:29,138 - 2 - INFO - 页面"【安卓娱乐软件】安卓娱乐软件下载_安卓娱乐软件推荐_安卓娱乐软件大全-最笨下载"跳转正常,该类元素共28个，当前第19个
2020-09-11 19:10:29,425 - basepage - INFO - Click back on current page.
2020-09-11 19:10:36,576 - 2 - INFO - 页面"gm游戏盒_gm游戏盒下载_gm游戏盒官方下载-最笨下载"跳转正常,该类元素共28个，当前第20个
2020-09-11 19:10:37,013 - basepage - INFO - Click back on current page.
2020-09-11 19:10:43,473 - 2 - INFO - 页面"【安卓聊天软件】安卓聊天软件下载_安卓聊天软件排行_安卓聊天软件大全-最笨下载"跳转正常,该类元素共28个，当前第21个
2020-09-11 19:10:43,712 - basepage - INFO - Click back on current page.
2020-09-11 19:10:50,832 - 2 - INFO - 页面"恋爱话术库_恋爱话术库下载_恋爱话术库官方下载-最笨下载"跳转正常,该类元素共28个，当前第22个
2020-09-11 19:10:51,127 - basepage - INFO - Click back on current page.
2020-09-11 19:10:57,574 - 2 - INFO - 页面"【安卓聊天软件】安卓聊天软件下载_安卓聊天软件排行_安卓聊天软件大全-最笨下载"跳转正常,该类元素共28个，当前第23个
2020-09-11 19:10:58,066 - basepage - INFO - Click back on current page.
2020-09-11 19:11:05,036 - 2 - INFO - 页面"遇知音_遇知音下载_遇知音官方下载-最笨下载"跳转正常,该类元素共28个，当前第24个
2020-09-11 19:11:05,291 - basepage - INFO - Click back on current page.
2020-09-11 19:11:11,767 - 2 - INFO - 页面"【安卓聊天软件】安卓聊天软件下载_安卓聊天软件排行_安卓聊天软件大全-最笨下载"跳转正常,该类元素共28个，当前第25个
2020-09-11 19:11:12,025 - basepage - INFO - Click back on current page.
2020-09-11 19:11:19,011 - 2 - INFO - 页面"脱单大师_脱单大师下载_脱单大师官方下载-最笨下载"跳转正常,该类元素共28个，当前第26个
2020-09-11 19:11:19,433 - basepage - INFO - Click back on current page.
2020-09-11 19:11:25,896 - 2 - INFO - 页面"【安卓聊天软件】安卓聊天软件下载_安卓聊天软件排行_安卓聊天软件大全-最笨下载"跳转正常,该类元素共28个，当前第27个
2020-09-11 19:11:26,156 - basepage - INFO - Click back on current page.
2020-09-11 19:11:33,606 - 2 - INFO - 页面"爱情套路_爱情套路下载_爱情套路官方下载-最笨下载"跳转正常,该类元素共28个，当前第28个
2020-09-11 19:11:33,873 - basepage - INFO - Click back on current page.
2020-09-11 19:11:44,141 - 2 - INFO - 页面"【安卓播放器】安卓播放器下载_安卓播放器哪个最好_安卓播放器下载排行-最笨下载"跳转正常,该类元素共19个，当前第1个
2020-09-11 19:11:44,390 - basepage - INFO - Click back on current page.
2020-09-11 19:11:51,516 - 2 - INFO - 页面"【安卓学习软件】安卓学习软件下载_安卓学习软件免费下载_安卓学习软件大全-最笨下载"跳转正常,该类元素共19个，当前第2个
2020-09-11 19:11:52,125 - basepage - INFO - Click back on current page.
2020-09-11 19:11:59,318 - 2 - INFO - 页面"【安卓辅助软件】安卓辅助软件下载_安卓辅助软件推荐_安卓辅助软件大全-最笨下载"跳转正常,该类元素共19个，当前第3个
2020-09-11 19:11:59,588 - basepage - INFO - Click back on current page.
2020-09-11 19:12:06,692 - 2 - INFO - 页面"【安卓输入法】安卓输入法下载_安卓输入法哪个好_安卓输入法怎么用-最笨下载"跳转正常,该类元素共19个，当前第4个
2020-09-11 19:12:06,955 - basepage - INFO - Click back on current page.
2020-09-11 19:12:14,299 - 2 - INFO - 页面"【安卓通信软件】安卓通信软件下载_安卓通信软件推荐_安卓通信软件大全-最笨下载"跳转正常,该类元素共19个，当前第5个
2020-09-11 19:12:14,943 - basepage - INFO - Click back on current page.
2020-09-11 19:12:22,043 - 2 - INFO - 页面"【安卓固件】安卓固件下载_安卓固件包下载_安卓固件管理器-最笨下载"跳转正常,该类元素共19个，当前第6个
2020-09-11 19:12:22,321 - basepage - INFO - Click back on current page.
2020-09-11 19:12:29,774 - 2 - INFO - 页面"【安卓文件管理器】安卓文件管理器下载_安卓文件管理器哪个好_安卓文件管理器中文版-最笨下载"跳转正常,该类元素共19个，当前第7个
2020-09-11 19:12:30,069 - basepage - INFO - Click back on current page.
2020-09-11 19:12:37,188 - 2 - INFO - 页面"【安卓同步软件】安卓同步软件下载_安卓同步软件哪个好_安卓手机同步软件-最笨下载"跳转正常,该类元素共19个，当前第8个
2020-09-11 19:12:37,693 - basepage - INFO - Click back on current page.
2020-09-11 19:12:44,842 - 2 - INFO - 页面"【安卓办公软件】安卓办公软件下载_安卓办公软件哪个好_安卓办公软件哪种最好-最笨下载"跳转正常,该类元素共19个，当前第9个
2020-09-11 19:12:45,120 - basepage - INFO - Click back on current page.
2020-09-11 19:12:52,334 - 2 - INFO - 页面"【安卓理财软件】安卓理财软件下载_安卓理财软件哪个好_安卓理财软件大全-最笨下载"跳转正常,该类元素共19个，当前第10个
2020-09-11 19:12:52,637 - basepage - INFO - Click back on current page.
2020-09-11 19:12:59,781 - 2 - INFO - 页面"【安卓备份软件】安卓备份软件下载_安卓备份软件哪个好_安卓手机备份软件-最笨下载"跳转正常,该类元素共19个，当前第11个
2020-09-11 19:13:00,233 - basepage - INFO - Click back on current page.
2020-09-11 19:13:07,454 - 2 - INFO - 页面"【安卓跑步软件】安卓跑步软件下载_安卓跑步软件哪个好_安卓跑步软件大全-最笨下载"跳转正常,该类元素共19个，当前第12个
2020-09-11 19:13:07,926 - basepage - INFO - Click back on current page.
2020-09-11 19:13:15,189 - 2 - INFO - 页面"【安卓健康管理软件】安卓健康管理软件下载_安卓健康管理软件推荐_安卓健康管理软件大全-最笨下载"跳转正常,该类元素共19个，当前第13个
2020-09-11 19:13:15,586 - basepage - INFO - Click back on current page.
2020-09-11 19:13:22,673 - 2 - INFO - 页面"【安卓系统软件】安卓系统软件下载_安卓系统软件免费下载_安卓系统软件下载工具-最笨下载"跳转正常,该类元素共19个，当前第14个
2020-09-11 19:13:23,331 - basepage - INFO - Click back on current page.
2020-09-11 19:13:29,871 - 2 - INFO - 页面"【安卓聊天软件】安卓聊天软件下载_安卓聊天软件排行_安卓聊天软件大全-最笨下载"跳转正常,该类元素共19个，当前第15个
2020-09-11 19:13:30,174 - basepage - INFO - Click back on current page.
2020-09-11 19:13:36,710 - 2 - INFO - 页面"【安卓应用软件】安卓应用软件排行_好玩的安卓应用软件_好用的安卓应用软件-最笨下载"跳转正常,该类元素共19个，当前第16个
2020-09-11 19:13:36,968 - basepage - INFO - Click back on current page.
2020-09-11 19:13:43,422 - 2 - INFO - 页面"【安卓娱乐软件】安卓娱乐软件下载_安卓娱乐软件推荐_安卓娱乐软件大全-最笨下载"跳转正常,该类元素共19个，当前第17个
2020-09-11 19:13:44,001 - basepage - INFO - Click back on current page.
2020-09-11 19:13:51,256 - 2 - INFO - 页面"【安卓导航软件】安卓导航软件下载_安卓导航软件哪个好_安卓导航软件排名-最笨下载"跳转正常,该类元素共19个，当前第18个
2020-09-11 19:13:51,579 - basepage - INFO - Click back on current page.
2020-09-11 19:13:58,776 - 2 - INFO - 页面"【安卓网络软件】安卓网络软件下载_安卓网络软件推荐_安卓网络软件大全-最笨下载"跳转正常,该类元素共19个，当前第19个
2020-09-11 19:13:59,357 - basepage - INFO - Click back on current page.
2020-09-11 19:14:07,722 - 2 - INFO - 页面"3733手游游戏平台_3733手游游戏平台下载_3733手游游戏平台官方下载-最笨下载"跳转正常,该类元素共18个，当前第1个
2020-09-11 19:14:13,848 - 2 - INFO - 页面"小狐仙直播_小狐仙直播下载_小狐仙直播官方下载-最笨下载"跳转正常,该类元素共18个，当前第2个
2020-09-11 19:14:19,974 - 2 - INFO - 页面"蓝鲸直播_蓝鲸直播下载_蓝鲸直播官方下载-最笨下载"跳转正常,该类元素共18个，当前第3个
2020-09-11 19:14:26,113 - 2 - INFO - 页面"棉花糖直播_棉花糖直播下载_棉花糖直播官方下载-最笨下载"跳转正常,该类元素共18个，当前第4个
2020-09-11 19:14:32,246 - 2 - INFO - 页面"小仙女直播软件_小仙女直播软件下载_小仙女直播软件官方下载-最笨下载"跳转正常,该类元素共18个，当前第5个
2020-09-11 19:14:38,376 - 2 - INFO - 页面"星光直播_星光直播下载_星光直播官方下载-最笨下载"跳转正常,该类元素共18个，当前第6个
2020-09-11 19:14:44,501 - 2 - INFO - 页面"趣直播_趣直播下载_趣直播官方下载-最笨下载"跳转正常,该类元素共18个，当前第7个
2020-09-11 19:14:50,632 - 2 - INFO - 页面"番茄直播_番茄直播下载_番茄直播官方下载-最笨下载"跳转正常,该类元素共18个，当前第8个
2020-09-11 19:14:56,757 - 2 - INFO - 页面"茄子视频_茄子视频下载_茄子视频官方下载-最笨下载"跳转正常,该类元素共18个，当前第9个
2020-09-11 19:15:02,887 - 2 - INFO - 页面"樱花直播_樱花直播下载_樱花直播官方下载-最笨下载"跳转正常,该类元素共18个，当前第10个
2020-09-11 19:15:09,021 - 2 - INFO - 页面"秋葵视频_秋葵视频下载_秋葵视频官方下载-最笨下载"跳转正常,该类元素共18个，当前第11个
2020-09-11 19:15:15,148 - 2 - INFO - 页面"橙子直播间_橙子直播间下载_橙子直播间官方下载-最笨下载"跳转正常,该类元素共18个，当前第12个
2020-09-11 19:15:21,281 - 2 - INFO - 页面"豆奶直播app_豆奶直播app下载_豆奶直播app官方下载-最笨下载"跳转正常,该类元素共18个，当前第13个
2020-09-11 19:15:27,411 - 2 - INFO - 页面"蜜小助恋爱话术_蜜小助恋爱话术下载_蜜小助恋爱话术官方下载-最笨下载"跳转正常,该类元素共18个，当前第14个
2020-09-11 19:15:33,575 - 2 - INFO - 页面"蜜小助APP_蜜小助APP下载_蜜小助APP官方下载-最笨下载"跳转正常,该类元素共18个，当前第15个
2020-09-11 19:15:39,723 - 2 - INFO - 页面"我爱看片永久免费版_我爱看片永久免费版安卓版下载-最笨安卓软件下载"跳转正常,该类元素共18个，当前第16个
2020-09-11 19:15:45,869 - 2 - INFO - 页面"土味情话撩妹软件_土味情话撩妹软件下载_土味情话撩妹软件官方下载-最笨下载"跳转正常,该类元素共18个，当前第17个
2020-09-11 19:15:51,994 - 2 - INFO - 页面"土味情话破解版_土味情话破解版下载_土味情话破解版官方下载-最笨下载"跳转正常,该类元素共18个，当前第18个
2020-09-11 19:15:58,278 - 2 - INFO - 页面"【安卓益智游戏】好玩的安卓益智游戏大全_安卓益智类游戏_益智游戏下载-最笨下载"跳转正常,该类元素共17个，当前第1个
2020-09-11 19:15:58,499 - basepage - INFO - Click back on current page.
2020-09-11 19:16:05,452 - 2 - INFO - 页面"【安卓其他游戏】好玩的安卓其他游戏大全_安卓其他类游戏_其他游戏下载-最笨下载"跳转正常,该类元素共17个，当前第2个
2020-09-11 19:16:05,694 - basepage - INFO - Click back on current page.
2020-09-11 19:16:12,914 - 2 - INFO - 页面"【安卓音乐游戏】好玩的安卓音乐游戏大全_安卓音乐类游戏_音乐游戏下载-最笨下载"跳转正常,该类元素共17个，当前第3个
2020-09-11 19:16:13,374 - basepage - INFO - Click back on current page.
2020-09-11 19:16:20,660 - 2 - INFO - 页面"【安卓网络游戏】好玩的安卓网络游戏大全_安卓网络类游戏_网络游戏下载-最笨下载"跳转正常,该类元素共17个，当前第4个
2020-09-11 19:16:20,980 - basepage - INFO - Click back on current page.
2020-09-11 19:16:28,322 - 2 - INFO - 页面"【安卓格斗游戏】好玩的安卓格斗游戏大全_安卓格斗类游戏_格斗游戏下载-最笨下载"跳转正常,该类元素共17个，当前第5个
2020-09-11 19:16:28,610 - basepage - INFO - Click back on current page.
2020-09-11 19:16:35,882 - 2 - INFO - 页面"【安卓飞行游戏】好玩的安卓飞行游戏大全_安卓飞行类游戏_飞行游戏下载-最笨下载"跳转正常,该类元素共17个，当前第6个
2020-09-11 19:16:36,298 - basepage - INFO - Click back on current page.
2020-09-11 19:16:43,534 - 2 - INFO - 页面"【安卓体育运动游戏】好玩的安卓体育运动游戏大全_安卓体育运动类游戏_体育运动游戏下载-最笨下载"跳转正常,该类元素共17个，当前第7个
2020-09-11 19:16:43,810 - basepage - INFO - Click back on current page.
2020-09-11 19:16:50,968 - 2 - INFO - 页面"【安卓模拟经营游戏】好玩的安卓模拟经营游戏大全_安卓模拟经营类游戏_模拟经营游戏下载-最笨下载"跳转正常,该类元素共17个，当前第8个
2020-09-11 19:16:51,243 - basepage - INFO - Click back on current page.
2020-09-11 19:16:58,370 - 2 - INFO - 页面"【安卓策略游戏】好玩的安卓策略游戏大全_安卓策略类游戏_策略游戏下载-最笨下载"跳转正常,该类元素共17个，当前第9个
2020-09-11 19:16:58,765 - basepage - INFO - Click back on current page.
2020-09-11 19:17:05,513 - 2 - INFO - 页面"【安卓塔防游戏】好玩的安卓塔防游戏大全_安卓塔防类游戏_塔防游戏下载-最笨下载"跳转正常,该类元素共17个，当前第10个
2020-09-11 19:17:05,744 - basepage - INFO - Click back on current page.
2020-09-11 19:17:12,915 - 2 - INFO - 页面"【安卓解谜冒险游戏】好玩的安卓解谜冒险游戏大全_安卓解谜冒险类游戏_解谜冒险游戏下载-最笨下载"跳转正常,该类元素共17个，当前第11个
2020-09-11 19:17:13,192 - basepage - INFO - Click back on current page.
2020-09-11 19:17:20,355 - 2 - INFO - 页面"【安卓射击游戏】好玩的安卓射击游戏大全_安卓射击类游戏_射击游戏下载-最笨下载"跳转正常,该类元素共17个，当前第12个
2020-09-11 19:17:20,797 - basepage - INFO - Click back on current page.
2020-09-11 19:17:27,948 - 2 - INFO - 页面"【安卓棋牌游戏】好玩的安卓棋牌游戏大全_安卓棋牌类游戏_棋牌游戏下载-最笨下载"跳转正常,该类元素共17个，当前第13个
2020-09-11 19:17:28,171 - basepage - INFO - Click back on current page.
2020-09-11 19:17:35,069 - 2 - INFO - 页面"【安卓赛车游戏】好玩的安卓赛车游戏大全_安卓赛车类游戏_赛车游戏下载-最笨下载"跳转正常,该类元素共17个，当前第14个
2020-09-11 19:17:35,327 - basepage - INFO - Click back on current page.
2020-09-11 19:17:42,037 - 2 - INFO - 页面"【安卓角色扮演游戏】好玩的安卓角色扮演游戏大全_安卓角色扮演类游戏_角色扮演游戏下载-最笨下载"跳转正常,该类元素共17个，当前第15个
2020-09-11 19:17:42,431 - basepage - INFO - Click back on current page.
2020-09-11 19:17:49,721 - 2 - INFO - 页面"【安卓动作游戏】好玩的安卓动作游戏大全_安卓动作类游戏_动作游戏下载-最笨下载"跳转正常,该类元素共17个，当前第16个
2020-09-11 19:17:49,992 - basepage - INFO - Click back on current page.
2020-09-11 19:17:57,245 - 2 - INFO - 页面"【安卓休闲游戏】好玩的安卓休闲游戏大全_安卓休闲类游戏_休闲游戏下载-最笨下载"跳转正常,该类元素共17个，当前第17个
2020-09-11 19:17:57,482 - basepage - INFO - Click back on current page.
2020-09-11 19:18:05,832 - 2 - INFO - 页面"阴阳师_阴阳师下载_阴阳师官方下载-最笨下载"跳转正常,该类元素共18个，当前第1个
2020-09-11 19:18:11,962 - 2 - INFO - 页面"王者荣耀_王者荣耀安卓版下载-最笨安卓游戏下载"跳转正常,该类元素共18个，当前第2个
2020-09-11 19:18:18,092 - 2 - INFO - 页面"炼金国度（送1000元充值）ios版_炼金国度（送1000元充值）ios版下载_炼金国度（送1000元充值）ios版官方下载-最笨下载"跳转正常,该类元素共18个，当前第3个
2020-09-11 19:18:24,228 - 2 - INFO - 页面"国贼顾挽之_国贼顾挽之下载_国贼顾挽之官方下载-最笨下载"跳转正常,该类元素共18个，当前第4个
2020-09-11 19:18:30,356 - 2 - INFO - 页面"大秦黎明_大秦黎明下载_大秦黎明官方下载-最笨下载"跳转正常,该类元素共18个，当前第5个
2020-09-11 19:18:36,490 - 2 - INFO - 页面"怒焰三国杀手游_怒焰三国杀手游下载_怒焰三国杀手游官方下载-最笨下载"跳转正常,该类元素共18个，当前第6个
2020-09-11 19:18:42,619 - 2 - INFO - 页面"末日围城_末日围城下载_末日围城官方下载-最笨下载"跳转正常,该类元素共18个，当前第7个
2020-09-11 19:18:48,744 - 2 - INFO - 页面"天将雄师九游版_天将雄师九游版下载_天将雄师九游版官方下载-最笨下载"跳转正常,该类元素共18个，当前第8个
2020-09-11 19:18:54,880 - 2 - INFO - 页面"诸王黎明_诸王黎明下载_诸王黎明官方下载-最笨下载"跳转正常,该类元素共18个，当前第9个
2020-09-11 19:19:01,008 - 2 - INFO - 页面"一梦江湖九游版_一梦江湖九游版下载_一梦江湖九游版官方下载-最笨下载"跳转正常,该类元素共18个，当前第10个
2020-09-11 19:19:07,137 - 2 - INFO - 页面"NBA篮球大师_NBA篮球大师下载_NBA篮球大师官方下载-最笨下载"跳转正常,该类元素共18个，当前第11个
2020-09-11 19:19:13,271 - 2 - INFO - 页面"萌妖传手游_萌妖传手游下载_萌妖传手游官方下载-最笨下载"跳转正常,该类元素共18个，当前第12个
2020-09-11 19:19:19,392 - 2 - INFO - 页面"中超英雄手游_中超英雄手游下载_中超英雄手游官方下载-最笨下载"跳转正常,该类元素共18个，当前第13个
2020-09-11 19:19:25,539 - 2 - INFO - 页面"三国战天下手游_三国战天下手游下载_三国战天下手游官方下载-最笨下载"跳转正常,该类元素共18个，当前第14个
2020-09-11 19:19:31,660 - 2 - INFO - 页面"拳皇命运_拳皇命运下载_拳皇命运官方下载-最笨下载"跳转正常,该类元素共18个，当前第15个
2020-09-11 19:19:37,800 - 2 - INFO - 页面"电能大亨_电能大亨下载_电能大亨官方下载-最笨下载"跳转正常,该类元素共18个，当前第16个
2020-09-11 19:19:43,927 - 2 - INFO - 页面"驾校模拟器_驾校模拟器下载_驾校模拟器官方下载-最笨下载"跳转正常,该类元素共18个，当前第17个
2020-09-11 19:19:50,058 - 2 - INFO - 页面"暗黑探险2_暗黑探险2下载_暗黑探险2官方下载-最笨下载"跳转正常,该类元素共18个，当前第18个
2020-09-11 19:19:57,551 - 2 - INFO - 页面"变态手游公益服_bt手游变态服_无限元宝bt手游下载_BT手游中心-最笨下载"跳转正常,该类元素共13个，当前第1个
2020-09-11 19:19:57,852 - basepage - INFO - Click back on current page.
2020-09-11 19:20:06,355 - 2 - INFO - 页面"变态手游公益服_bt手游变态服_无限元宝bt手游下载_BT手游中心-最笨下载"跳转正常,该类元素共13个，当前第2个
2020-09-11 19:20:06,857 - basepage - INFO - Click back on current page.
2020-09-11 19:20:14,729 - 2 - INFO - 页面"变态手游公益服_bt手游变态服_无限元宝bt手游下载_BT手游中心-最笨下载"跳转正常,该类元素共13个，当前第3个
2020-09-11 19:20:15,196 - basepage - INFO - Click back on current page.
2020-09-11 19:20:23,343 - 2 - INFO - 页面"变态手游公益服_bt手游变态服_无限元宝bt手游下载_BT手游中心-最笨下载"跳转正常,该类元素共13个，当前第4个
2020-09-11 19:20:23,559 - basepage - INFO - Click back on current page.
2020-09-11 19:20:32,090 - 2 - INFO - 页面"变态手游公益服_bt手游变态服_无限元宝bt手游下载_BT手游中心-最笨下载"跳转正常,该类元素共13个，当前第5个
2020-09-11 19:20:32,550 - basepage - INFO - Click back on current page.
2020-09-11 19:20:40,493 - 2 - INFO - 页面"变态手游公益服_bt手游变态服_无限元宝bt手游下载_BT手游中心-最笨下载"跳转正常,该类元素共13个，当前第6个
2020-09-11 19:20:40,995 - basepage - INFO - Click back on current page.
2020-09-11 19:20:49,502 - 2 - INFO - 页面"变态手游公益服_bt手游变态服_无限元宝bt手游下载_BT手游中心-最笨下载"跳转正常,该类元素共13个，当前第7个
2020-09-11 19:20:49,768 - basepage - INFO - Click back on current page.
2020-09-11 19:20:57,645 - 2 - INFO - 页面"变态手游公益服_bt手游变态服_无限元宝bt手游下载_BT手游中心-最笨下载"跳转正常,该类元素共13个，当前第8个
2020-09-11 19:20:58,072 - basepage - INFO - Click back on current page.
2020-09-11 19:21:06,223 - 2 - INFO - 页面"变态手游公益服_bt手游变态服_无限元宝bt手游下载_BT手游中心-最笨下载"跳转正常,该类元素共13个，当前第9个
2020-09-11 19:21:06,694 - basepage - INFO - Click back on current page.
2020-09-11 19:21:14,623 - 2 - INFO - 页面"变态手游公益服_bt手游变态服_无限元宝bt手游下载_BT手游中心-最笨下载"跳转正常,该类元素共13个，当前第10个
2020-09-11 19:21:14,918 - basepage - INFO - Click back on current page.
2020-09-11 19:21:23,110 - 2 - INFO - 页面"变态手游公益服_bt手游变态服_无限元宝bt手游下载_BT手游中心-最笨下载"跳转正常,该类元素共13个，当前第11个
2020-09-11 19:21:23,589 - basepage - INFO - Click back on current page.
2020-09-11 19:21:31,582 - 2 - INFO - 页面"变态手游公益服_bt手游变态服_无限元宝bt手游下载_BT手游中心-最笨下载"跳转正常,该类元素共13个，当前第12个
2020-09-11 19:21:32,010 - basepage - INFO - Click back on current page.
2020-09-11 19:21:39,789 - 2 - INFO - 页面"变态手游公益服_bt手游变态服_无限元宝bt手游下载_BT手游中心-最笨下载"跳转正常,该类元素共13个，当前第13个
2020-09-11 19:21:40,068 - basepage - INFO - Click back on current page.
2020-09-11 19:21:48,423 - 2 - INFO - 页面"百将江湖（内测）_百将江湖（内测）无限元宝服_SF变态版百将江湖（内测）公益服下载 - 最笨下载"跳转正常,该类元素共18个，当前第1个
2020-09-11 19:21:54,561 - 2 - INFO - 页面"战神霸业（狂抽猛送特权）_战神霸业（狂抽猛送特权）无限元宝服_SF变态版战神霸业（狂抽猛送特权）公益服下载 - 最笨下载"跳转正常,该类元素共18个，当前第2个
2020-09-11 19:22:00,694 - 2 - INFO - 页面"开心宝贝（送首充月卡）_开心宝贝（送首充月卡）无限元宝服_SF变态版开心宝贝（送首充月卡）公益服下载 - 最笨下载"跳转正常,该类元素共18个，当前第3个
2020-09-11 19:22:06,819 - 2 - INFO - 页面"热血暗黑（送千元代金券）_热血暗黑（送千元代金券）无限元宝服_SF变态版热血暗黑（送千元代金券）公益服下载 - 最笨下载"跳转正常,该类元素共18个，当前第4个
2020-09-11 19:22:12,946 - 2 - INFO - 页面"三国演义之天策（送神将）_三国演义之天策（送神将）无限元宝服_SF变态版三国演义之天策（送神将）公益服下载 - 最笨下载"跳转正常,该类元素共18个，当前第5个
2020-09-11 19:22:19,077 - 2 - INFO - 页面"我的西游（送648充值）_我的西游（送648充值）无限元宝服_SF变态版我的西游（送648充值）公益服下载 - 最笨下载"跳转正常,该类元素共18个，当前第6个
2020-09-11 19:22:25,206 - 2 - INFO - 页面"星聚（剪影风放置）_星聚（剪影风放置）无限元宝服_SF变态版星聚（剪影风放置）公益服下载 - 最笨下载"跳转正常,该类元素共18个，当前第7个
2020-09-11 19:22:31,366 - 2 - INFO - 页面"诸世王者（送海量充值）_诸世王者（送海量充值）无限元宝服_SF变态版诸世王者（送海量充值）公益服下载 - 最笨下载"跳转正常,该类元素共18个，当前第8个
2020-09-11 19:22:37,496 - 2 - INFO - 页面"龙之歌（放置城堡）_龙之歌（放置城堡）无限元宝服_SF变态版龙之歌（放置城堡）公益服下载 - 最笨下载"跳转正常,该类元素共18个，当前第9个
2020-09-11 19:22:43,644 - 2 - INFO - 页面"啪啪三国2（送328充值）_啪啪三国2（送328充值）无限元宝服_SF变态版啪啪三国2（送328充值）公益服下载 - 最笨下载"跳转正常,该类元素共18个，当前第10个
2020-09-11 19:22:49,807 - 2 - INFO - 页面"新世纪福音战士：破晓（终极火力）_新世纪福音战士：破晓（终极火力）无限元宝服_SF变态版新世纪福音战士：破晓（终极火力）公益服下载 - 最笨下载"跳转正常,该类元素共18个，当前第11个
2020-09-11 19:22:55,935 - 2 - INFO - 页面"轩辕剑3（送千元充值）_轩辕剑3（送千元充值）无限元宝服_SF变态版轩辕剑3（送千元充值）公益服下载 - 最笨下载"跳转正常,该类元素共18个，当前第12个
2020-09-11 19:23:02,068 - 2 - INFO - 页面"鬼武三国志（飞升特权）_鬼武三国志（飞升特权）无限元宝服_SF变态版鬼武三国志（飞升特权）公益服下载 - 最笨下载"跳转正常,该类元素共18个，当前第13个
2020-09-11 19:23:08,202 - 2 - INFO - 页面"封仙传奇（送神兽青龙）_封仙传奇（送神兽青龙）无限元宝服_SF变态版封仙传奇（送神兽青龙）公益服下载 - 最笨下载"跳转正常,该类元素共18个，当前第14个
2020-09-11 19:23:14,336 - 2 - INFO - 页面"怒三国（送328充值）_怒三国（送328充值）无限元宝服_SF变态版怒三国（送328充值）公益服下载 - 最笨下载"跳转正常,该类元素共18个，当前第15个
2020-09-11 19:23:20,470 - 2 - INFO - 页面"紫青双剑（送4000元充值）_紫青双剑（送4000元充值）无限元宝服_SF变态版紫青双剑（送4000元充值）公益服下载 - 最笨下载"跳转正常,该类元素共18个，当前第16个
2020-09-11 19:23:26,601 - 2 - INFO - 页面"三国志名将传（送稀有神将）_三国志名将传（送稀有神将）无限元宝服_SF变态版三国志名将传（送稀有神将）公益服下载 - 最笨下载"跳转正常,该类元素共18个，当前第17个
2020-09-11 19:23:32,731 - 2 - INFO - 页面"燃烧吧！火焰（开服送壕充）_燃烧吧！火焰（开服送壕充）无限元宝服_SF变态版燃烧吧！火焰（开服送壕充）公益服下载 - 最笨下载"跳转正常,该类元素共18个，当前第18个
2020-09-11 19:23:40,288 - 2 - INFO - 页面"满vip版手游_手游sf送顶级vip_满级vip无限元宝手游下载-最笨下载"跳转正常,该类元素共13个，当前第1个
2020-09-11 19:23:40,562 - basepage - INFO - Click back on current page.
2020-09-11 19:23:48,574 - 2 - INFO - 页面"满vip版手游_手游sf送顶级vip_满级vip无限元宝手游下载-最笨下载"跳转正常,该类元素共13个，当前第2个
2020-09-11 19:23:48,998 - basepage - INFO - Click back on current page.
2020-09-11 19:23:56,806 - 2 - INFO - 页面"满vip版手游_手游sf送顶级vip_满级vip无限元宝手游下载-最笨下载"跳转正常,该类元素共13个，当前第3个
2020-09-11 19:23:57,246 - basepage - INFO - Click back on current page.
2020-09-11 19:24:05,194 - 2 - INFO - 页面"满vip版手游_手游sf送顶级vip_满级vip无限元宝手游下载-最笨下载"跳转正常,该类元素共13个，当前第4个
2020-09-11 19:24:05,474 - basepage - INFO - Click back on current page.
2020-09-11 19:24:13,298 - 2 - INFO - 页面"满vip版手游_手游sf送顶级vip_满级vip无限元宝手游下载-最笨下载"跳转正常,该类元素共13个，当前第5个
2020-09-11 19:24:13,744 - basepage - INFO - Click back on current page.
2020-09-11 19:24:21,652 - 2 - INFO - 页面"满vip版手游_手游sf送顶级vip_满级vip无限元宝手游下载-最笨下载"跳转正常,该类元素共13个，当前第6个
2020-09-11 19:24:22,092 - basepage - INFO - Click back on current page.
2020-09-11 19:24:30,460 - 2 - INFO - 页面"满vip版手游_手游sf送顶级vip_满级vip无限元宝手游下载-最笨下载"跳转正常,该类元素共13个，当前第7个
2020-09-11 19:24:30,724 - basepage - INFO - Click back on current page.
2020-09-11 19:24:38,938 - 2 - INFO - 页面"满vip版手游_手游sf送顶级vip_满级vip无限元宝手游下载-最笨下载"跳转正常,该类元素共13个，当前第8个
2020-09-11 19:24:39,380 - basepage - INFO - Click back on current page.
2020-09-11 19:24:47,327 - 2 - INFO - 页面"满vip版手游_手游sf送顶级vip_满级vip无限元宝手游下载-最笨下载"跳转正常,该类元素共13个，当前第9个
2020-09-11 19:24:47,764 - basepage - INFO - Click back on current page.
2020-09-11 19:24:55,907 - 2 - INFO - 页面"满vip版手游_手游sf送顶级vip_满级vip无限元宝手游下载-最笨下载"跳转正常,该类元素共13个，当前第10个
2020-09-11 19:24:56,141 - basepage - INFO - Click back on current page.
2020-09-11 19:25:04,385 - 2 - INFO - 页面"满vip版手游_手游sf送顶级vip_满级vip无限元宝手游下载-最笨下载"跳转正常,该类元素共13个，当前第11个
2020-09-11 19:25:04,898 - basepage - INFO - Click back on current page.
2020-09-11 19:25:12,763 - 2 - INFO - 页面"满vip版手游_手游sf送顶级vip_满级vip无限元宝手游下载-最笨下载"跳转正常,该类元素共13个，当前第12个
2020-09-11 19:25:13,224 - basepage - INFO - Click back on current page.
2020-09-11 19:25:20,962 - 2 - INFO - 页面"满vip版手游_手游sf送顶级vip_满级vip无限元宝手游下载-最笨下载"跳转正常,该类元素共13个，当前第13个
2020-09-11 19:25:21,240 - basepage - INFO - Click back on current page.
2020-09-11 19:25:29,584 - 2 - INFO - 页面"青龙偃月刀（送GM4特权）_青龙偃月刀（送GM4特权）无限元宝服_SF变态版青龙偃月刀（送GM4特权）公益服下载 - 最笨下载"跳转正常,该类元素共18个，当前第1个
2020-09-11 19:25:35,731 - 2 - INFO - 页面"超次元战记（超爆特权）_超次元战记（超爆特权）无限元宝服_SF变态版超次元战记（超爆特权）公益服下载 - 最笨下载"跳转正常,该类元素共18个，当前第2个
2020-09-11 19:25:41,861 - 2 - INFO - 页面"噢咿噢梦之起点（送海量钻石）_噢咿噢梦之起点（送海量钻石）无限元宝服_SF变态版噢咿噢梦之起点（送海量钻石）公益服下载 - 最笨下载"跳转正常,该类元素共18个，当前第3个
2020-09-11 19:25:47,997 - 2 - INFO - 页面"进击的少女（送全GM商城）_进击的少女（送全GM商城）无限元宝服_SF变态版进击的少女（送全GM商城）公益服下载 - 最笨下载"跳转正常,该类元素共18个，当前第4个
2020-09-11 19:25:54,128 - 2 - INFO - 页面"修真界（爆海量充值）_修真界（爆海量充值）无限元宝服_SF变态版修真界（爆海量充值）公益服下载 - 最笨下载"跳转正常,该类元素共18个，当前第5个
2020-09-11 19:26:00,260 - 2 - INFO - 页面"调教三国（送海量特权）_调教三国（送海量特权）无限元宝服_SF变态版调教三国（送海量特权）公益服下载 - 最笨下载"跳转正常,该类元素共18个，当前第6个
2020-09-11 19:26:06,391 - 2 - INFO - 页面"热血武林（海量充值卡）_热血武林（海量充值卡）无限元宝服_SF变态版热血武林（海量充值卡）公益服下载 - 最笨下载"跳转正常,该类元素共18个，当前第7个
2020-09-11 19:26:12,521 - 2 - INFO - 页面"三界奇缘（海量元宝）_三界奇缘（海量元宝）无限元宝服_SF变态版三界奇缘（海量元宝）公益服下载 - 最笨下载"跳转正常,该类元素共18个，当前第8个
2020-09-11 19:26:18,649 - 2 - INFO - 页面"萌斗魏蜀吴（GM特权）_萌斗魏蜀吴（GM特权）无限元宝服_SF变态版萌斗魏蜀吴（GM特权）公益服下载 - 最笨下载"跳转正常,该类元素共18个，当前第9个
2020-09-11 19:26:24,777 - 2 - INFO - 页面"龙之剑圣（刷海量充值）_龙之剑圣（刷海量充值）无限元宝服_SF变态版龙之剑圣（刷海量充值）公益服下载 - 最笨下载"跳转正常,该类元素共18个，当前第10个
2020-09-11 19:26:30,910 - 2 - INFO - 页面"操戈天下（送海量元宝）_操戈天下（送海量元宝）无限元宝服_SF变态版操戈天下（送海量元宝）公益服下载 - 最笨下载"跳转正常,该类元素共18个，当前第11个
2020-09-11 19:26:37,043 - 2 - INFO - 页面"幻剑情缘（送千元充值）_幻剑情缘（送千元充值）无限元宝服_SF变态版幻剑情缘（送千元充值）公益服下载 - 最笨下载"跳转正常,该类元素共18个，当前第12个
2020-09-11 19:26:43,178 - 2 - INFO - 页面"影歌（海量打金特权）_影歌（海量打金特权）无限元宝服_SF变态版影歌（海量打金特权）公益服下载 - 最笨下载"跳转正常,该类元素共18个，当前第13个
2020-09-11 19:26:49,305 - 2 - INFO - 页面"闪将三国（送千元充值）_闪将三国（送千元充值）无限元宝服_SF变态版闪将三国（送千元充值）公益服下载 - 最笨下载"跳转正常,该类元素共18个，当前第14个
2020-09-11 19:26:55,443 - 2 - INFO - 页面"乱戳三国2（送GM特权）_乱戳三国2（送GM特权）无限元宝服_SF变态版乱戳三国2（送GM特权）公益服下载 - 最笨下载"跳转正常,该类元素共18个，当前第15个
2020-09-11 19:27:01,575 - 2 - INFO - 页面"吞噬苍穹（海量充值卡）_吞噬苍穹（海量充值卡）无限元宝服_SF变态版吞噬苍穹（海量充值卡）公益服下载 - 最笨下载"跳转正常,该类元素共18个，当前第16个
2020-09-11 19:27:07,721 - 2 - INFO - 页面"刀剑神魔录（1元商城特权）_刀剑神魔录（1元商城特权）无限元宝服_SF变态版刀剑神魔录（1元商城特权）公益服下载 - 最笨下载"跳转正常,该类元素共18个，当前第17个
2020-09-11 19:27:13,851 - 2 - INFO - 页面"乱世江湖（天天送充值）_乱世江湖（天天送充值）无限元宝服_SF变态版乱世江湖（天天送充值）公益服下载 - 最笨下载"跳转正常,该类元素共18个，当前第18个
2020-09-11 19:27:20,750 - 2 - INFO - 页面"gm版手游_无限元宝/钻石公益服_0元免费gm权限手游下载-最笨下载"跳转正常,该类元素共13个，当前第1个
2020-09-11 19:27:21,034 - basepage - INFO - Click back on current page.
2020-09-11 19:27:28,839 - 2 - INFO - 页面"gm版手游_无限元宝/钻石公益服_0元免费gm权限手游下载-最笨下载"跳转正常,该类元素共13个，当前第2个
2020-09-11 19:27:29,299 - basepage - INFO - Click back on current page.
2020-09-11 19:27:37,613 - 2 - INFO - 页面"gm版手游_无限元宝/钻石公益服_0元免费gm权限手游下载-最笨下载"跳转正常,该类元素共13个，当前第3个
2020-09-11 19:27:38,092 - basepage - INFO - Click back on current page.
2020-09-11 19:27:45,883 - 2 - INFO - 页面"gm版手游_无限元宝/钻石公益服_0元免费gm权限手游下载-最笨下载"跳转正常,该类元素共13个，当前第4个
2020-09-11 19:27:46,167 - basepage - INFO - Click back on current page.
2020-09-11 19:27:53,925 - 2 - INFO - 页面"gm版手游_无限元宝/钻石公益服_0元免费gm权限手游下载-最笨下载"跳转正常,该类元素共13个，当前第5个
2020-09-11 19:27:54,361 - basepage - INFO - Click back on current page.
2020-09-11 19:28:02,001 - 2 - INFO - 页面"gm版手游_无限元宝/钻石公益服_0元免费gm权限手游下载-最笨下载"跳转正常,该类元素共13个，当前第6个
2020-09-11 19:28:02,316 - basepage - INFO - Click back on current page.
2020-09-11 19:28:10,096 - 2 - INFO - 页面"gm版手游_无限元宝/钻石公益服_0元免费gm权限手游下载-最笨下载"跳转正常,该类元素共13个，当前第7个
2020-09-11 19:28:10,382 - basepage - INFO - Click back on current page.
2020-09-11 19:28:18,122 - 2 - INFO - 页面"gm版手游_无限元宝/钻石公益服_0元免费gm权限手游下载-最笨下载"跳转正常,该类元素共13个，当前第8个
2020-09-11 19:28:18,586 - basepage - INFO - Click back on current page.
2020-09-11 19:28:26,362 - 2 - INFO - 页面"gm版手游_无限元宝/钻石公益服_0元免费gm权限手游下载-最笨下载"跳转正常,该类元素共13个，当前第9个
2020-09-11 19:28:26,797 - basepage - INFO - Click back on current page.
2020-09-11 19:28:42,379 - 2 - INFO - 页面"gm版手游_无限元宝/钻石公益服_0元免费gm权限手游下载-最笨下载"跳转正常,该类元素共13个，当前第10个
2020-09-11 19:28:42,801 - basepage - INFO - Click back on current page.
2020-09-11 19:28:50,507 - 2 - INFO - 页面"gm版手游_无限元宝/钻石公益服_0元免费gm权限手游下载-最笨下载"跳转正常,该类元素共13个，当前第11个
2020-09-11 19:28:50,920 - basepage - INFO - Click back on current page.
2020-09-11 19:28:58,719 - 2 - INFO - 页面"gm版手游_无限元宝/钻石公益服_0元免费gm权限手游下载-最笨下载"跳转正常,该类元素共13个，当前第12个
2020-09-11 19:28:58,998 - basepage - INFO - Click back on current page.
2020-09-11 19:29:06,756 - 2 - INFO - 页面"gm版手游_无限元宝/钻石公益服_0元免费gm权限手游下载-最笨下载"跳转正常,该类元素共13个，当前第13个
2020-09-11 19:29:07,270 - basepage - INFO - Click back on current page.
2020-09-11 19:29:15,621 - 2 - INFO - 页面"仙之道则（GM版）_仙之道则（GM版）免费gm权限安卓下载 - 最笨下载"跳转正常,该类元素共18个，当前第1个
2020-09-11 19:29:21,749 - 2 - INFO - 页面"御魔传（GM版）_御魔传（GM版）免费gm权限安卓下载 - 最笨下载"跳转正常,该类元素共18个，当前第2个
2020-09-11 19:29:27,870 - 2 - INFO - 页面"九州剑灵（GM版）_九州剑灵（GM版）免费gm权限安卓下载 - 最笨下载"跳转正常,该类元素共18个，当前第3个
2020-09-11 19:29:33,997 - 2 - INFO - 页面"仙游（GM版）_仙游（GM版）免费gm权限安卓下载 - 最笨下载"跳转正常,该类元素共18个，当前第4个
2020-09-11 19:29:40,124 - 2 - INFO - 页面"高达（GM版）_高达（GM版）免费gm权限安卓下载 - 最笨下载"跳转正常,该类元素共18个，当前第5个
2020-09-11 19:29:46,265 - 2 - INFO - 页面"暗黑王者（GM版）_暗黑王者（GM版）免费gm权限安卓下载 - 最笨下载"跳转正常,该类元素共18个，当前第6个
2020-09-11 19:29:52,388 - 2 - INFO - 页面"问鼎封神（GM版）_问鼎封神（GM版）免费gm权限安卓下载 - 最笨下载"跳转正常,该类元素共18个，当前第7个
2020-09-11 19:29:58,515 - 2 - INFO - 页面"仙剑轮回（GM版）_仙剑轮回（GM版）免费gm权限安卓下载 - 最笨下载"跳转正常,该类元素共18个，当前第8个
2020-09-11 19:30:04,653 - 2 - INFO - 页面"神道仙尊（GM版）_神道仙尊（GM版）免费gm权限安卓下载 - 最笨下载"跳转正常,该类元素共18个，当前第9个
2020-09-11 19:30:10,787 - 2 - INFO - 页面"大将无双（GM版）_大将无双（GM版）免费gm权限安卓下载 - 最笨下载"跳转正常,该类元素共18个，当前第10个
2020-09-11 19:30:16,914 - 2 - INFO - 页面"青云剑诀（GM版）_青云剑诀（GM版）免费gm权限安卓下载 - 最笨下载"跳转正常,该类元素共18个，当前第11个
2020-09-11 19:30:23,035 - 2 - INFO - 页面"寂灭剑诀（GM版）_寂灭剑诀（GM版）免费gm权限安卓下载 - 最笨下载"跳转正常,该类元素共18个，当前第12个
2020-09-11 19:30:29,161 - 2 - INFO - 页面"封神记（GM版）_封神记（GM版）免费gm权限安卓下载 - 最笨下载"跳转正常,该类元素共18个，当前第13个
2020-09-11 19:30:35,283 - 2 - INFO - 页面"豪门小老婆（GM版）_豪门小老婆（GM版）免费gm权限安卓下载 - 最笨下载"跳转正常,该类元素共18个，当前第14个
2020-09-11 19:30:41,412 - 2 - INFO - 页面"三生三誓青丘传（GM版）_三生三誓青丘传（GM版）免费gm权限安卓下载 - 最笨下载"跳转正常,该类元素共18个，当前第15个
2020-09-11 19:30:47,533 - 2 - INFO - 页面"毒尊三国（GM版）_毒尊三国（GM版）免费gm权限安卓下载 - 最笨下载"跳转正常,该类元素共18个，当前第16个
2020-09-11 19:30:53,659 - 2 - INFO - 页面"乱世神话（GM版）_乱世神话（GM版）免费gm权限安卓下载 - 最笨下载"跳转正常,该类元素共18个，当前第17个
2020-09-11 19:30:59,784 - 2 - INFO - 页面"天子问剑（GM版）_天子问剑（GM版）免费gm权限安卓下载 - 最笨下载"跳转正常,该类元素共18个，当前第18个
2020-09-11 19:31:08,061 - 2 - INFO - 页面"免费权限GM游戏"跳转正常,该类元素共4个，当前第1个
2020-09-11 19:31:08,340 - basepage - INFO - Click back on current page.
2020-09-11 19:31:14,162 - 2 - INFO - 页面"聊天回复神器合集"跳转正常,该类元素共4个，当前第2个
2020-09-11 19:31:14,732 - basepage - INFO - Click back on current page.
2020-09-11 19:31:22,278 - 2 - INFO - 页面"超变私服传奇一刀999999级"跳转正常,该类元素共4个，当前第3个
2020-09-11 19:31:22,572 - basepage - INFO - Click back on current page.
2020-09-11 19:31:30,083 - 2 - INFO - 页面"美女爆衣游戏手游"跳转正常,该类元素共4个，当前第4个
2020-09-11 19:31:30,639 - basepage - INFO - Click back on current page.
2020-09-11 19:31:38,806 - 2 - INFO - 页面"【苹果播放器】iPhone手机播放器,iPhone播放器免费下载大全-最笨下载"跳转正常,该类元素共19个，当前第1个
2020-09-11 19:31:39,325 - basepage - INFO - Click back on current page.
2020-09-11 19:31:46,526 - 2 - INFO - 页面"【苹果学习软件】iPhone手机学习软件_iPhone学习软件免费下载大全-最笨下载"跳转正常,该类元素共19个，当前第2个
2020-09-11 19:31:46,796 - basepage - INFO - Click back on current page.
2020-09-11 19:31:53,929 - 2 - INFO - 页面"【苹果辅助软件】iPhone手机辅助软件_iPhone辅助软件免费下载大全-最笨下载"跳转正常,该类元素共19个，当前第3个
2020-09-11 19:31:54,195 - basepage - INFO - Click back on current page.
2020-09-11 19:32:01,443 - 2 - INFO - 页面"【苹果输入法】iPhone手机输入法_iPhone输入法免费下载大全-最笨下载"跳转正常,该类元素共19个，当前第4个
2020-09-11 19:32:01,986 - basepage - INFO - Click back on current page.
2020-09-11 19:32:09,323 - 2 - INFO - 页面"【苹果通信软件】iPhone手机通信软件_iPhone通信软件免费下载大全-最笨下载"跳转正常,该类元素共19个，当前第5个
2020-09-11 19:32:09,621 - basepage - INFO - Click back on current page.
2020-09-11 19:32:16,702 - 2 - INFO - 页面"【苹果固件】iPhone手机固件软件_iPhone固件软件免费下载大全-最笨下载"跳转正常,该类元素共19个，当前第6个
2020-09-11 19:32:16,960 - basepage - INFO - Click back on current page.
2020-09-11 19:32:24,169 - 2 - INFO - 页面"【苹果文件管理软件】iPhone手机文件管理软件_iPhone文件管理软件免费下载大全-最笨下载"跳转正常,该类元素共19个，当前第7个
2020-09-11 19:32:24,691 - basepage - INFO - Click back on current page.
2020-09-11 19:32:31,981 - 2 - INFO - 页面"【苹果同步软件】iPhone手机同步软件_iPhone同步软件免费下载大全-最笨下载"跳转正常,该类元素共19个，当前第8个
2020-09-11 19:32:32,303 - basepage - INFO - Click back on current page.
2020-09-11 19:32:39,610 - 2 - INFO - 页面"【苹果办公软件】iPhone手机办公软件_iPhone办公软件免费下载大全-最笨下载"跳转正常,该类元素共19个，当前第9个
2020-09-11 19:32:39,910 - basepage - INFO - Click back on current page.
2020-09-11 19:32:47,233 - 2 - INFO - 页面"【苹果理财软件】iPhone手机理财软件_iPhone理财软件免费下载大全-最笨下载"跳转正常,该类元素共19个，当前第10个
2020-09-11 19:32:47,736 - basepage - INFO - Click back on current page.
2020-09-11 19:32:54,906 - 2 - INFO - 页面"【苹果备份软件】iPhone手机备份软件_iPhone备份软件免费下载大全-最笨下载"跳转正常,该类元素共19个，当前第11个
2020-09-11 19:32:55,166 - basepage - INFO - Click back on current page.
2020-09-11 19:33:02,273 - 2 - INFO - 页面"【苹果健身软件】iPhone手机健身软件_iPhone健身软件免费下载大全-最笨下载"跳转正常,该类元素共19个，当前第12个
2020-09-11 19:33:02,536 - basepage - INFO - Click back on current page.
2020-09-11 19:33:09,644 - 2 - INFO - 页面"【苹果健康管理软件】iPhone手机健康管理软件_iPhone健康管理软件免费下载大全-最笨下载"跳转正常,该类元素共19个，当前第13个
2020-09-11 19:33:10,178 - basepage - INFO - Click back on current page.
2020-09-11 19:33:17,516 - 2 - INFO - 页面"【苹果系统软件】iPhone手机系统软件_iPhone系统软件免费下载大全-最笨下载"跳转正常,该类元素共19个，当前第14个
2020-09-11 19:33:17,784 - basepage - INFO - Click back on current page.
2020-09-11 19:33:24,892 - 2 - INFO - 页面"【苹果社交软件】iphone手机社交软件_iphone社交软件免费下载大全-最笨下载"跳转正常,该类元素共19个，当前第15个
2020-09-11 19:33:25,208 - basepage - INFO - Click back on current page.
2020-09-11 19:33:32,474 - 2 - INFO - 页面"【苹果娱乐软件】iPhone手机娱乐软件_iPhone娱乐软件免费下载大全-最笨下载"跳转正常,该类元素共19个，当前第16个
2020-09-11 19:33:32,989 - basepage - INFO - Click back on current page.
2020-09-11 19:33:40,554 - 2 - INFO - 页面"【苹果导航】iPhone手机导航软件,iPhone导航软件免费下载大全-最笨下载"跳转正常,该类元素共19个，当前第17个
2020-09-11 19:33:40,903 - basepage - INFO - Click back on current page.
2020-09-11 19:33:48,256 - 2 - INFO - 页面"【苹果网络软件】iPhone手机网络软件,iPhone网络软件免费下载大全-最笨下载"跳转正常,该类元素共19个，当前第18个
2020-09-11 19:33:48,517 - basepage - INFO - Click back on current page.
2020-09-11 19:33:58,077 - 2 - INFO - 页面"【苹果助手软件】iPhone生活助手软件_iPhone生活助手软件免费下载大全-最笨下载"跳转正常,该类元素共19个，当前第19个
2020-09-11 19:33:58,411 - basepage - INFO - Click back on current page.
2020-09-11 19:34:06,762 - 2 - INFO - 页面"安致手游盒子ios版_安致手游盒子ios版下载_安致手游盒子ios版官方下载-最笨下载"跳转正常,该类元素共18个，当前第1个
2020-09-11 19:34:12,901 - 2 - INFO - 页面"爪游控游戏盒子ios版_爪游控游戏盒子ios版下载_爪游控游戏盒子ios版官方下载-最笨下载"跳转正常,该类元素共18个，当前第2个
2020-09-11 19:34:19,029 - 2 - INFO - 页面"手机玩盒子ios版_手机玩盒子ios版下载_手机玩盒子ios版官方下载-最笨下载"跳转正常,该类元素共18个，当前第3个
2020-09-11 19:34:28,519 - 2 - INFO - 页面"蜜小助ios版_蜜小助ios版下载_蜜小助ios版官方下载-最笨下载"跳转正常,该类元素共18个，当前第4个
2020-09-11 19:34:34,650 - 2 - INFO - 页面"BT游戏大全ios_BT游戏大全ios下载_BT游戏大全ios官方下载-最笨下载"跳转正常,该类元素共18个，当前第5个
2020-09-11 19:34:40,783 - 2 - INFO - 页面"小8游戏盒子ios_小8游戏盒子ios下载_小8游戏盒子ios官方下载-最笨下载"跳转正常,该类元素共18个，当前第6个
2020-09-11 19:34:46,910 - 2 - INFO - 页面"安卓市场ios版_安卓市场ios版下载_安卓市场ios版官方下载-最笨下载"跳转正常,该类元素共18个，当前第7个
2020-09-11 19:34:53,038 - 2 - INFO - 页面"剪映_剪映下载_剪映官方下载-最笨下载"跳转正常,该类元素共18个，当前第8个
2020-09-11 19:34:59,189 - 2 - INFO - 页面"吾爱看书ios版_吾爱看书ios版下载_吾爱看书ios版官方下载-最笨下载"跳转正常,该类元素共18个，当前第9个
2020-09-11 19:35:05,328 - 2 - INFO - 页面"7743游戏平台_7743游戏平台下载_7743游戏平台官方下载-最笨下载"跳转正常,该类元素共18个，当前第10个
2020-09-11 19:35:11,456 - 2 - INFO - 页面"搜书帝ios_搜书帝ios下载_搜书帝ios官方下载-最笨下载"跳转正常,该类元素共18个，当前第11个
2020-09-11 19:35:17,583 - 2 - INFO - 页面"大塘小鱼_大塘小鱼下载_大塘小鱼官方下载-最笨下载"跳转正常,该类元素共18个，当前第12个
2020-09-11 19:35:23,704 - 2 - INFO - 页面"花溪小说_花溪小说下载_花溪小说官方下载-最笨下载"跳转正常,该类元素共18个，当前第13个
2020-09-11 19:35:29,827 - 2 - INFO - 页面"手译_手译下载_手译官方下载-最笨下载"跳转正常,该类元素共18个，当前第14个
2020-09-11 19:35:35,952 - 2 - INFO - 页面"sjcam_sjcam下载_sjcam官方下载-最笨下载"跳转正常,该类元素共18个，当前第15个
2020-09-11 19:35:42,078 - 2 - INFO - 页面"WearHeart_WearHeart下载_WearHeart官方下载-最笨下载"跳转正常,该类元素共18个，当前第16个
2020-09-11 19:35:48,206 - 2 - INFO - 页面"仓鼠阅读_仓鼠阅读下载_仓鼠阅读官方下载-最笨下载"跳转正常,该类元素共18个，当前第17个
2020-09-11 19:35:54,334 - 2 - INFO - 页面"漫番漫画_漫番漫画下载_漫番漫画官方下载-最笨下载"跳转正常,该类元素共18个，当前第18个
2020-09-11 19:36:01,331 - 2 - INFO - 页面"变态手游公益服_bt手游变态服_无限元宝bt手游下载_BT手游中心-最笨下载"跳转正常,该类元素共13个，当前第1个
2020-09-11 19:36:01,641 - basepage - INFO - Click back on current page.
2020-09-11 19:36:09,532 - 2 - INFO - 页面"变态手游公益服_bt手游变态服_无限元宝bt手游下载_BT手游中心-最笨下载"跳转正常,该类元素共13个，当前第2个
2020-09-11 19:36:09,837 - basepage - INFO - Click back on current page.
2020-09-11 19:36:17,658 - 2 - INFO - 页面"变态手游公益服_bt手游变态服_无限元宝bt手游下载_BT手游中心-最笨下载"跳转正常,该类元素共13个，当前第3个
2020-09-11 19:36:18,271 - basepage - INFO - Click back on current page.
2020-09-11 19:36:25,989 - 2 - INFO - 页面"变态手游公益服_bt手游变态服_无限元宝bt手游下载_BT手游中心-最笨下载"跳转正常,该类元素共13个，当前第4个
2020-09-11 19:36:26,590 - basepage - INFO - Click back on current page.
2020-09-11 19:36:35,333 - 2 - INFO - 页面"变态手游公益服_bt手游变态服_无限元宝bt手游下载_BT手游中心-最笨下载"跳转正常,该类元素共13个，当前第5个
2020-09-11 19:36:35,626 - basepage - INFO - Click back on current page.
2020-09-11 19:36:43,360 - 2 - INFO - 页面"变态手游公益服_bt手游变态服_无限元宝bt手游下载_BT手游中心-最笨下载"跳转正常,该类元素共13个，当前第6个
2020-09-11 19:36:43,935 - basepage - INFO - Click back on current page.
2020-09-11 19:36:51,933 - 2 - INFO - 页面"变态手游公益服_bt手游变态服_无限元宝bt手游下载_BT手游中心-最笨下载"跳转正常,该类元素共13个，当前第7个
2020-09-11 19:36:52,549 - basepage - INFO - Click back on current page.
2020-09-11 19:37:00,587 - 2 - INFO - 页面"变态手游公益服_bt手游变态服_无限元宝bt手游下载_BT手游中心-最笨下载"跳转正常,该类元素共13个，当前第8个
2020-09-11 19:37:00,895 - basepage - INFO - Click back on current page.
2020-09-11 19:37:08,806 - 2 - INFO - 页面"变态手游公益服_bt手游变态服_无限元宝bt手游下载_BT手游中心-最笨下载"跳转正常,该类元素共13个，当前第9个
2020-09-11 19:37:09,389 - basepage - INFO - Click back on current page.
2020-09-11 19:37:17,366 - 2 - INFO - 页面"变态手游公益服_bt手游变态服_无限元宝bt手游下载_BT手游中心-最笨下载"跳转正常,该类元素共13个，当前第10个
2020-09-11 19:37:17,953 - basepage - INFO - Click back on current page.
2020-09-11 19:37:25,719 - 2 - INFO - 页面"变态手游公益服_bt手游变态服_无限元宝bt手游下载_BT手游中心-最笨下载"跳转正常,该类元素共13个，当前第11个
2020-09-11 19:37:26,015 - basepage - INFO - Click back on current page.
2020-09-11 19:37:34,345 - 2 - INFO - 页面"变态手游公益服_bt手游变态服_无限元宝bt手游下载_BT手游中心-最笨下载"跳转正常,该类元素共13个，当前第12个
2020-09-11 19:37:34,930 - basepage - INFO - Click back on current page.
2020-09-11 19:37:42,779 - 2 - INFO - 页面"变态手游公益服_bt手游变态服_无限元宝bt手游下载_BT手游中心-最笨下载"跳转正常,该类元素共13个，当前第13个
2020-09-11 19:37:43,400 - basepage - INFO - Click back on current page.
2020-09-11 19:37:51,777 - 2 - INFO - 页面"百将江湖（内测）_百将江湖（内测）无限元宝服_SF变态版百将江湖（内测）公益服下载 - 最笨下载"跳转正常,该类元素共18个，当前第1个
2020-09-11 19:37:57,903 - 2 - INFO - 页面"战神霸业（狂抽猛送特权）_战神霸业（狂抽猛送特权）无限元宝服_SF变态版战神霸业（狂抽猛送特权）公益服下载 - 最笨下载"跳转正常,该类元素共18个，当前第2个
2020-09-11 19:38:04,037 - 2 - INFO - 页面"开心宝贝（送首充月卡）_开心宝贝（送首充月卡）无限元宝服_SF变态版开心宝贝（送首充月卡）公益服下载 - 最笨下载"跳转正常,该类元素共18个，当前第3个
2020-09-11 19:38:10,166 - 2 - INFO - 页面"热血暗黑（送千元代金券）_热血暗黑（送千元代金券）无限元宝服_SF变态版热血暗黑（送千元代金券）公益服下载 - 最笨下载"跳转正常,该类元素共18个，当前第4个
2020-09-11 19:38:16,296 - 2 - INFO - 页面"三国演义之天策（送神将）_三国演义之天策（送神将）无限元宝服_SF变态版三国演义之天策（送神将）公益服下载 - 最笨下载"跳转正常,该类元素共18个，当前第5个
2020-09-11 19:38:22,428 - 2 - INFO - 页面"我的西游（送648充值）_我的西游（送648充值）无限元宝服_SF变态版我的西游（送648充值）公益服下载 - 最笨下载"跳转正常,该类元素共18个，当前第6个
2020-09-11 19:38:28,556 - 2 - INFO - 页面"星聚（剪影风放置）_星聚（剪影风放置）无限元宝服_SF变态版星聚（剪影风放置）公益服下载 - 最笨下载"跳转正常,该类元素共18个，当前第7个
2020-09-11 19:38:34,685 - 2 - INFO - 页面"诸世王者（送海量充值）_诸世王者（送海量充值）无限元宝服_SF变态版诸世王者（送海量充值）公益服下载 - 最笨下载"跳转正常,该类元素共18个，当前第8个
2020-09-11 19:38:40,821 - 2 - INFO - 页面"龙之歌（放置城堡）_龙之歌（放置城堡）无限元宝服_SF变态版龙之歌（放置城堡）公益服下载 - 最笨下载"跳转正常,该类元素共18个，当前第9个
2020-09-11 19:38:46,943 - 2 - INFO - 页面"啪啪三国2（送328充值）_啪啪三国2（送328充值）无限元宝服_SF变态版啪啪三国2（送328充值）公益服下载 - 最笨下载"跳转正常,该类元素共18个，当前第10个
2020-09-11 19:38:53,067 - 2 - INFO - 页面"新世纪福音战士：破晓（终极火力）_新世纪福音战士：破晓（终极火力）无限元宝服_SF变态版新世纪福音战士：破晓（终极火力）公益服下载 - 最笨下载"跳转正常,该类元素共18个，当前第11个
2020-09-11 19:38:59,196 - 2 - INFO - 页面"轩辕剑3（送千元充值）_轩辕剑3（送千元充值）无限元宝服_SF变态版轩辕剑3（送千元充值）公益服下载 - 最笨下载"跳转正常,该类元素共18个，当前第12个
2020-09-11 19:39:05,322 - 2 - INFO - 页面"鬼武三国志（飞升特权）_鬼武三国志（飞升特权）无限元宝服_SF变态版鬼武三国志（飞升特权）公益服下载 - 最笨下载"跳转正常,该类元素共18个，当前第13个
2020-09-11 19:39:11,451 - 2 - INFO - 页面"封仙传奇（送神兽青龙）_封仙传奇（送神兽青龙）无限元宝服_SF变态版封仙传奇（送神兽青龙）公益服下载 - 最笨下载"跳转正常,该类元素共18个，当前第14个
2020-09-11 19:39:17,575 - 2 - INFO - 页面"怒三国（送328充值）_怒三国（送328充值）无限元宝服_SF变态版怒三国（送328充值）公益服下载 - 最笨下载"跳转正常,该类元素共18个，当前第15个
2020-09-11 19:39:23,702 - 2 - INFO - 页面"紫青双剑（送4000元充值）_紫青双剑（送4000元充值）无限元宝服_SF变态版紫青双剑（送4000元充值）公益服下载 - 最笨下载"跳转正常,该类元素共18个，当前第16个
2020-09-11 19:39:29,829 - 2 - INFO - 页面"三国志名将传（送稀有神将）_三国志名将传（送稀有神将）无限元宝服_SF变态版三国志名将传（送稀有神将）公益服下载 - 最笨下载"跳转正常,该类元素共18个，当前第17个
2020-09-11 19:39:35,966 - 2 - INFO - 页面"燃烧吧！火焰（开服送壕充）_燃烧吧！火焰（开服送壕充）无限元宝服_SF变态版燃烧吧！火焰（开服送壕充）公益服下载 - 最笨下载"跳转正常,该类元素共18个，当前第18个
2020-09-11 19:39:42,892 - 2 - INFO - 页面"满vip版手游_手游sf送顶级vip_满级vip无限元宝手游下载-最笨下载"跳转正常,该类元素共13个，当前第1个
2020-09-11 19:39:43,186 - basepage - INFO - Click back on current page.
2020-09-11 19:39:50,948 - 2 - INFO - 页面"满vip版手游_手游sf送顶级vip_满级vip无限元宝手游下载-最笨下载"跳转正常,该类元素共13个，当前第2个
2020-09-11 19:39:51,527 - basepage - INFO - Click back on current page.
2020-09-11 19:39:59,966 - 2 - INFO - 页面"满vip版手游_手游sf送顶级vip_满级vip无限元宝手游下载-最笨下载"跳转正常,该类元素共13个，当前第3个
2020-09-11 19:40:00,577 - basepage - INFO - Click back on current page.
2020-09-11 19:40:08,333 - 2 - INFO - 页面"满vip版手游_手游sf送顶级vip_满级vip无限元宝手游下载-最笨下载"跳转正常,该类元素共13个，当前第4个
2020-09-11 19:40:08,609 - basepage - INFO - Click back on current page.
2020-09-11 19:40:16,416 - 2 - INFO - 页面"满vip版手游_手游sf送顶级vip_满级vip无限元宝手游下载-最笨下载"跳转正常,该类元素共13个，当前第5个
2020-09-11 19:40:16,990 - basepage - INFO - Click back on current page.
2020-09-11 19:40:25,000 - 2 - INFO - 页面"满vip版手游_手游sf送顶级vip_满级vip无限元宝手游下载-最笨下载"跳转正常,该类元素共13个，当前第6个
2020-09-11 19:40:25,597 - basepage - INFO - Click back on current page.
2020-09-11 19:40:32,918 - 2 - INFO - 页面"满vip版手游_手游sf送顶级vip_满级vip无限元宝手游下载-最笨下载"跳转正常,该类元素共13个，当前第7个
2020-09-11 19:40:33,216 - basepage - INFO - Click back on current page.
2020-09-11 19:40:41,104 - 2 - INFO - 页面"满vip版手游_手游sf送顶级vip_满级vip无限元宝手游下载-最笨下载"跳转正常,该类元素共13个，当前第8个
2020-09-11 19:40:41,690 - basepage - INFO - Click back on current page.
2020-09-11 19:40:49,475 - 2 - INFO - 页面"满vip版手游_手游sf送顶级vip_满级vip无限元宝手游下载-最笨下载"跳转正常,该类元素共13个，当前第9个
2020-09-11 19:40:50,040 - basepage - INFO - Click back on current page.
2020-09-11 19:40:57,873 - 2 - INFO - 页面"满vip版手游_手游sf送顶级vip_满级vip无限元宝手游下载-最笨下载"跳转正常,该类元素共13个，当前第10个
2020-09-11 19:40:58,164 - basepage - INFO - Click back on current page.
2020-09-11 19:41:06,008 - 2 - INFO - 页面"满vip版手游_手游sf送顶级vip_满级vip无限元宝手游下载-最笨下载"跳转正常,该类元素共13个，当前第11个
2020-09-11 19:41:06,613 - basepage - INFO - Click back on current page.
2020-09-11 19:41:14,372 - 2 - INFO - 页面"满vip版手游_手游sf送顶级vip_满级vip无限元宝手游下载-最笨下载"跳转正常,该类元素共13个，当前第12个
2020-09-11 19:41:14,992 - basepage - INFO - Click back on current page.
2020-09-11 19:41:23,357 - 2 - INFO - 页面"满vip版手游_手游sf送顶级vip_满级vip无限元宝手游下载-最笨下载"跳转正常,该类元素共13个，当前第13个
2020-09-11 19:41:23,648 - basepage - INFO - Click back on current page.
2020-09-11 19:41:32,007 - 2 - INFO - 页面"青龙偃月刀（送GM4特权）_青龙偃月刀（送GM4特权）无限元宝服_SF变态版青龙偃月刀（送GM4特权）公益服下载 - 最笨下载"跳转正常,该类元素共18个，当前第1个
2020-09-11 19:41:38,136 - 2 - INFO - 页面"超次元战记（超爆特权）_超次元战记（超爆特权）无限元宝服_SF变态版超次元战记（超爆特权）公益服下载 - 最笨下载"跳转正常,该类元素共18个，当前第2个
2020-09-11 19:41:44,260 - 2 - INFO - 页面"噢咿噢梦之起点（送海量钻石）_噢咿噢梦之起点（送海量钻石）无限元宝服_SF变态版噢咿噢梦之起点（送海量钻石）公益服下载 - 最笨下载"跳转正常,该类元素共18个，当前第3个
2020-09-11 19:41:50,383 - 2 - INFO - 页面"进击的少女（送全GM商城）_进击的少女（送全GM商城）无限元宝服_SF变态版进击的少女（送全GM商城）公益服下载 - 最笨下载"跳转正常,该类元素共18个，当前第4个
2020-09-11 19:41:56,536 - 2 - INFO - 页面"修真界（爆海量充值）_修真界（爆海量充值）无限元宝服_SF变态版修真界（爆海量充值）公益服下载 - 最笨下载"跳转正常,该类元素共18个，当前第5个
2020-09-11 19:42:02,672 - 2 - INFO - 页面"调教三国（送海量特权）_调教三国（送海量特权）无限元宝服_SF变态版调教三国（送海量特权）公益服下载 - 最笨下载"跳转正常,该类元素共18个，当前第6个
2020-09-11 19:42:08,809 - 2 - INFO - 页面"热血武林（海量充值卡）_热血武林（海量充值卡）无限元宝服_SF变态版热血武林（海量充值卡）公益服下载 - 最笨下载"跳转正常,该类元素共18个，当前第7个
2020-09-11 19:42:14,938 - 2 - INFO - 页面"三界奇缘（海量元宝）_三界奇缘（海量元宝）无限元宝服_SF变态版三界奇缘（海量元宝）公益服下载 - 最笨下载"跳转正常,该类元素共18个，当前第8个
2020-09-11 19:42:21,070 - 2 - INFO - 页面"萌斗魏蜀吴（GM特权）_萌斗魏蜀吴（GM特权）无限元宝服_SF变态版萌斗魏蜀吴（GM特权）公益服下载 - 最笨下载"跳转正常,该类元素共18个，当前第9个
2020-09-11 19:42:27,203 - 2 - INFO - 页面"龙之剑圣（刷海量充值）_龙之剑圣（刷海量充值）无限元宝服_SF变态版龙之剑圣（刷海量充值）公益服下载 - 最笨下载"跳转正常,该类元素共18个，当前第10个
2020-09-11 19:42:33,332 - 2 - INFO - 页面"操戈天下（送海量元宝）_操戈天下（送海量元宝）无限元宝服_SF变态版操戈天下（送海量元宝）公益服下载 - 最笨下载"跳转正常,该类元素共18个，当前第11个
2020-09-11 19:42:39,463 - 2 - INFO - 页面"幻剑情缘（送千元充值）_幻剑情缘（送千元充值）无限元宝服_SF变态版幻剑情缘（送千元充值）公益服下载 - 最笨下载"跳转正常,该类元素共18个，当前第12个
2020-09-11 19:42:45,603 - 2 - INFO - 页面"影歌（海量打金特权）_影歌（海量打金特权）无限元宝服_SF变态版影歌（海量打金特权）公益服下载 - 最笨下载"跳转正常,该类元素共18个，当前第13个
2020-09-11 19:42:51,742 - 2 - INFO - 页面"闪将三国（送千元充值）_闪将三国（送千元充值）无限元宝服_SF变态版闪将三国（送千元充值）公益服下载 - 最笨下载"跳转正常,该类元素共18个，当前第14个
2020-09-11 19:42:57,863 - 2 - INFO - 页面"乱戳三国2（送GM特权）_乱戳三国2（送GM特权）无限元宝服_SF变态版乱戳三国2（送GM特权）公益服下载 - 最笨下载"跳转正常,该类元素共18个，当前第15个
2020-09-11 19:43:03,996 - 2 - INFO - 页面"吞噬苍穹（海量充值卡）_吞噬苍穹（海量充值卡）无限元宝服_SF变态版吞噬苍穹（海量充值卡）公益服下载 - 最笨下载"跳转正常,该类元素共18个，当前第16个
2020-09-11 19:43:10,127 - 2 - INFO - 页面"刀剑神魔录（1元商城特权）_刀剑神魔录（1元商城特权）无限元宝服_SF变态版刀剑神魔录（1元商城特权）公益服下载 - 最笨下载"跳转正常,该类元素共18个，当前第17个
2020-09-11 19:43:16,255 - 2 - INFO - 页面"乱世江湖（天天送充值）_乱世江湖（天天送充值）无限元宝服_SF变态版乱世江湖（天天送充值）公益服下载 - 最笨下载"跳转正常,该类元素共18个，当前第18个
2020-09-11 19:43:23,060 - 2 - INFO - 页面"【苹果益智休闲游戏】好玩的iPhone益智休闲游戏大全_iPhone益智休闲类游戏下载-最笨下载"跳转正常,该类元素共16个，当前第1个
2020-09-11 19:43:23,358 - basepage - INFO - Click back on current page.
2020-09-11 19:43:30,673 - 2 - INFO - 页面"【苹果其他游戏】好玩的iphone其他游戏大全_iphone其他类游戏下载-最笨下载"跳转正常,该类元素共16个，当前第2个
2020-09-11 19:43:31,203 - basepage - INFO - Click back on current page.
2020-09-11 19:43:38,296 - 2 - INFO - 页面"【苹果音乐游戏】好玩的iphone音乐游戏大全_iphone音乐类游戏下载-最笨下载"跳转正常,该类元素共16个，当前第3个
2020-09-11 19:43:38,585 - basepage - INFO - Click back on current page.
2020-09-11 19:43:45,858 - 2 - INFO - 页面"【苹果网络游戏】好玩的iphone网络游戏大全_iphone网络类游戏下载-最笨下载"跳转正常,该类元素共16个，当前第4个
2020-09-11 19:43:46,117 - basepage - INFO - Click back on current page.
2020-09-11 19:43:52,710 - 2 - INFO - 页面"【苹果格斗游戏】好玩的iPhone格斗游戏大全_iPhone格斗类游戏下载-最笨下载"跳转正常,该类元素共16个，当前第5个
2020-09-11 19:43:53,267 - basepage - INFO - Click back on current page.
2020-09-11 19:44:00,623 - 2 - INFO - 页面"【苹果飞行游戏】好玩的iPhone飞行游戏大全_iPhone飞行类游戏下载-最笨下载"跳转正常,该类元素共16个，当前第6个
2020-09-11 19:44:00,928 - basepage - INFO - Click back on current page.
2020-09-11 19:44:08,211 - 2 - INFO - 页面"【苹果体育运动游戏】好玩的iPhone体育运动游戏大全_iPhone体育运动类游戏下载-最笨下载"跳转正常,该类元素共16个，当前第7个
2020-09-11 19:44:08,608 - basepage - INFO - Click back on current page.
2020-09-11 19:44:15,365 - 2 - INFO - 页面"【苹果模拟经营游戏】好玩的iPhone模拟经营游戏大全_iPhone模拟经营类游戏下载-最笨下载"跳转正常,该类元素共16个，当前第8个
2020-09-11 19:44:16,324 - basepage - INFO - Click back on current page.
2020-09-11 19:44:23,114 - 2 - INFO - 页面"【苹果策略游戏】好玩的iphone策略游戏大全_iphone策略类游戏下载-最笨下载"跳转正常,该类元素共16个，当前第9个
2020-09-11 19:44:23,617 - basepage - INFO - Click back on current page.
2020-09-11 19:44:31,037 - 2 - INFO - 页面"【苹果塔防游戏】好玩的iphone塔防游戏大全_iphone塔防类游戏下载-最笨下载"跳转正常,该类元素共16个，当前第10个
2020-09-11 19:44:31,549 - basepage - INFO - Click back on current page.
2020-09-11 19:44:38,519 - 2 - INFO - 页面"【苹果解谜游戏】好玩的iphone解谜游戏大全_iphone解谜类游戏下载-最笨下载"跳转正常,该类元素共16个，当前第11个
2020-09-11 19:44:39,047 - basepage - INFO - Click back on current page.
2020-09-11 19:44:46,201 - 2 - INFO - 页面"【苹果射击游戏】好玩的iphone射击游戏大全_iphone射击类游戏下载-最笨下载"跳转正常,该类元素共16个，当前第12个
2020-09-11 19:44:46,682 - basepage - INFO - Click back on current page.
2020-09-11 19:44:54,014 - 2 - INFO - 页面"【苹果棋牌游戏】好玩的iphone棋牌游戏大全_iphone棋牌类游戏下载-最笨下载"跳转正常,该类元素共16个，当前第13个
2020-09-11 19:44:54,407 - basepage - INFO - Click back on current page.
2020-09-11 19:45:01,699 - 2 - INFO - 页面"【苹果赛车游戏】好玩的iPhone赛车游戏大全_iPhone赛车类游戏下载-最笨下载"跳转正常,该类元素共16个，当前第14个
2020-09-11 19:45:03,053 - basepage - INFO - Click back on current page.
2020-09-11 19:45:09,848 - 2 - INFO - 页面"【苹果角色扮演游戏】好玩的iphone角色扮演游戏_iPhone角色扮演类游戏下载-最笨下载"跳转正常,该类元素共16个，当前第15个
2020-09-11 19:45:11,368 - basepage - INFO - Click back on current page.
2020-09-11 19:45:18,908 - 2 - INFO - 页面"【安卓动作游戏】好玩的iPhone动作游戏大全_iPhone动作类游戏下载-最笨下载"跳转正常,该类元素共16个，当前第16个
2020-09-11 19:45:19,503 - basepage - INFO - Click back on current page.
2020-09-11 19:45:27,965 - 2 - INFO - 页面"真龙战魂（天天送元宝）ios版_真龙战魂（天天送元宝）ios版下载_真龙战魂（天天送元宝）ios版官方下载-最笨下载"跳转正常,该类元素共18个，当前第1个
2020-09-11 19:45:34,177 - 2 - INFO - 页面"魔域王牌（天天送抽卡）iOS版_魔域王牌（天天送抽卡）iOS版下载_魔域王牌（天天送抽卡）iOS版官方下载-最笨下载"跳转正常,该类元素共18个，当前第2个
2020-09-11 19:45:40,434 - 2 - INFO - 页面"冒险王2（送海量充值）ios版_冒险王2（送海量充值）ios版下载_冒险王2（送海量充值）ios版官方下载-最笨下载"跳转正常,该类元素共18个，当前第3个
2020-09-11 19:45:46,604 - 2 - INFO - 页面"恋三国（送百抽）ios版_恋三国（送百抽）ios版下载_恋三国（送百抽）ios版官方下载-最笨下载"跳转正常,该类元素共18个，当前第4个
2020-09-11 19:45:52,787 - 2 - INFO - 页面"屠龙世界（送GM特权）ios版_屠龙世界（送GM特权）ios版下载_屠龙世界（送GM特权）ios版官方下载-最笨下载"跳转正常,该类元素共18个，当前第5个
2020-09-11 19:45:58,919 - 2 - INFO - 页面"将军道（送百连海量抽）ios版_将军道（送百连海量抽）ios版下载_将军道（送百连海量抽）ios版官方下载-最笨下载"跳转正常,该类元素共18个，当前第6个
2020-09-11 19:46:05,060 - 2 - INFO - 页面"塔防镇魂师（送328代金券）ios版_塔防镇魂师（送328代金券）ios版下载_塔防镇魂师（送328代金券）ios版官方下载-最笨下载"跳转正常,该类元素共18个，当前第7个
2020-09-11 19:46:11,195 - 2 - INFO - 页面"乱斗三国ios版_乱斗三国ios版下载_乱斗三国ios版官方下载-最笨下载"跳转正常,该类元素共18个，当前第8个
2020-09-11 19:46:17,368 - 2 - INFO - 页面"兵器少女（无门槛送充）ios版_兵器少女（无门槛送充）ios版下载_兵器少女（无门槛送充）ios版官方下载-最笨下载"跳转正常,该类元素共18个，当前第9个
2020-09-11 19:46:23,517 - 2 - INFO - 页面"猎手之王ios版_猎手之王ios版下载_猎手之王ios版官方下载-最笨下载"跳转正常,该类元素共18个，当前第10个
2020-09-11 19:46:29,726 - 2 - INFO - 页面"古墓迷城ios版_古墓迷城ios版下载_古墓迷城ios版官方下载-最笨下载"跳转正常,该类元素共18个，当前第11个
2020-09-11 19:46:35,867 - 2 - INFO - 页面"国战纪元ios版_国战纪元ios版下载_国战纪元ios版官方下载-最笨下载"跳转正常,该类元素共18个，当前第12个
2020-09-11 19:46:42,002 - 2 - INFO - 页面"天诀ios版_天诀ios版下载_天诀ios版官方下载-最笨下载"跳转正常,该类元素共18个，当前第13个
2020-09-11 19:46:48,197 - 2 - INFO - 页面"仙剑缘（星耀特权）ios版_仙剑缘（星耀特权）ios版下载_仙剑缘（星耀特权）ios版官方下载-最笨下载"跳转正常,该类元素共18个，当前第14个
2020-09-11 19:46:54,382 - 2 - INFO - 页面"九灵神域ios版_九灵神域ios版下载_九灵神域ios版官方下载-最笨下载"跳转正常,该类元素共18个，当前第15个
2020-09-11 19:47:00,560 - 2 - INFO - 页面"天之命（海量特权）ios版_天之命（海量特权）ios版下载_天之命（海量特权）ios版官方下载-最笨下载"跳转正常,该类元素共18个，当前第16个
2020-09-11 19:47:06,740 - 2 - INFO - 页面"魔剑侠缘（星耀特权）ios版_魔剑侠缘（星耀特权）ios版下载_魔剑侠缘（星耀特权）ios版官方下载-最笨下载"跳转正常,该类元素共18个，当前第17个
2020-09-11 19:47:12,937 - 2 - INFO - 页面"仙灵世界（复古绿色服）ios版_仙灵世界（复古绿色服）ios版下载_仙灵世界（复古绿色服）ios版官方下载-最笨下载"跳转正常,该类元素共18个，当前第18个
2020-09-11 19:47:23,608 - 2 - INFO - 页面"ios无限元宝的手游"跳转正常,该类元素共4个，当前第1个
2020-09-11 19:47:23,893 - basepage - INFO - Click back on current page.
2020-09-11 19:47:30,906 - 2 - INFO - 页面"gm手游助手ios"跳转正常,该类元素共4个，当前第2个
2020-09-11 19:47:31,417 - basepage - INFO - Click back on current page.
2020-09-11 19:47:38,767 - 2 - INFO - 页面"ios变态服游戏"跳转正常,该类元素共4个，当前第3个
2020-09-11 19:47:39,597 - basepage - INFO - Click back on current page.
2020-09-11 19:47:46,199 - 2 - INFO - 页面"ios看小说神器"跳转正常,该类元素共4个，当前第4个
2020-09-11 19:47:46,726 - basepage - INFO - Click back on current page.
2020-09-11 19:47:53,609 - 2 - INFO - 页面"【最笨周末活动】开学大作战，半价十倍活动"跳转正常,该类元素共4个，当前第1个
2020-09-11 19:47:53,910 - basepage - INFO - Click back on current page.
2020-09-11 19:47:58,942 - 2 - INFO - 页面"【最笨周末活动】暑期特惠，月末活动"跳转正常,该类元素共4个，当前第2个
2020-09-11 19:47:59,208 - basepage - INFO - Click back on current page.
2020-09-11 19:48:04,027 - 2 - INFO - 页面"【最笨福利活动】本周8.22-23周末手游公益服超值"跳转正常,该类元素共4个，当前第3个
2020-09-11 19:48:04,328 - basepage - INFO - Click back on current page.
2020-09-11 19:48:08,902 - 2 - INFO - 页面"【最笨周末活动】8.14周末活动壕礼送不停"跳转正常,该类元素共4个，当前第4个
2020-09-11 19:48:09,190 - basepage - INFO - Click back on current page.
2020-09-11 19:48:15,349 - 2 - INFO - 页面"蜜小助套路对方聊天教学"跳转正常,该类元素共20个，当前第1个
2020-09-11 19:48:21,522 - 2 - INFO - 页面"明日之后喷火器怎么用-喷火器使用攻略"跳转正常,该类元素共20个，当前第2个
2020-09-11 19:48:27,679 - 2 - INFO - 页面"妄想山海神魔降世史诗活动怎么玩-神魔降世史诗"跳转正常,该类元素共20个，当前第3个
2020-09-11 19:48:33,874 - 2 - INFO - 页面"妄想山海紫色装备怎么获得-紫色装备获取攻略"跳转正常,该类元素共20个，当前第4个
2020-09-11 19:48:40,036 - 2 - INFO - 页面"恋爱话术增强版内购破解版无需登录-恋爱话术增"跳转正常,该类元素共20个，当前第5个
2020-09-11 19:48:46,199 - 2 - INFO - 页面"元气众生录宝石怎么搭配-最佳宝石搭配攻略"跳转正常,该类元素共20个，当前第6个
2020-09-11 19:48:52,361 - 2 - INFO - 页面"最强蜗牛关东煮怎么获得-关东煮获取攻略"跳转正常,该类元素共20个，当前第7个
2020-09-11 19:48:58,537 - 2 - INFO - 页面"阴阳师妖怪屋海鲜拉面有什么用-海鲜拉面获取方"跳转正常,该类元素共20个，当前第8个
2020-09-11 19:49:04,674 - 2 - INFO - 页面"王牌高校岳明诚怎么样-岳明诚技能详解"跳转正常,该类元素共20个，当前第9个
2020-09-11 19:49:10,845 - 2 - INFO - 页面"原神归离原宝藏在哪-归离原宝藏任务攻略"跳转正常,该类元素共20个，当前第10个
2020-09-11 19:49:17,048 - 2 - INFO - 页面"超级变态h5手游几百亿战力-h5手游战力上100亿的游"跳转正常,该类元素共20个，当前第11个
2020-09-11 19:49:23,205 - 2 - INFO - 页面"2020免费的聊天神器有哪些-免费聊天神器可复制的"跳转正常,该类元素共20个，当前第12个
2020-09-11 19:49:29,403 - 2 - INFO - 页面"ios免费阅读小说app哪个好-ios用户专用小说阅读软"跳转正常,该类元素共20个，当前第13个
2020-09-11 19:49:35,541 - 2 - INFO - 页面"好用的满vip手游盒子排行榜-前十满vip手游盒子排"跳转正常,该类元素共20个，当前第14个
2020-09-11 19:49:41,700 - 2 - INFO - 页面"平民赚RMB最快手游有什么-2020手游赚人民币排行榜"跳转正常,该类元素共20个，当前第15个
2020-09-11 19:49:47,827 - 2 - INFO - 页面"光遇白鸟复刻先祖在哪里"跳转正常,该类元素共20个，当前第16个
2020-09-11 19:49:53,953 - 2 - INFO - 页面"摩尔庄园手游橙色浆果在什么地方"跳转正常,该类元素共20个，当前第17个
2020-09-11 19:50:00,096 - 2 - INFO - 页面"光遇圣岛季9月11日季节蜡烛在哪"跳转正常,该类元素共20个，当前第18个
2020-09-11 19:50:06,220 - 2 - INFO - 页面"创世理想乡怎么获得单纯的沙子"跳转正常,该类元素共20个，当前第19个
2020-09-11 19:50:12,342 - 2 - INFO - 页面"摩尔庄园许愿龟在哪刷"跳转正常,该类元素共20个，当前第20个
2020-09-11 19:50:18,502 - 2 - INFO - 页面"apk3安卓网-2020最新apk安卓游戏-热门apk软件下载平台"跳转正常,该类元素共34个，当前第1个
2020-09-11 19:50:24,650 - 2 - INFO - 页面"小游戏,在线小游戏,小游戏大全,双人小游戏,3199小游戏"跳转正常,该类元素共34个，当前第2个
2020-09-11 19:50:30,802 - 2 - INFO - 页面"中文网站排行榜_alexa排行 - 爱站网站排行榜"跳转正常,该类元素共34个，当前第3个
2020-09-11 19:50:37,045 - 2 - INFO - 页面"9号下载_下载软件_免费下载单机游戏_手机游戏下载大全"跳转正常,该类元素共34个，当前第4个
2020-09-11 19:50:44,757 - 2 - INFO - 页面"软件下载中心_绿色免费软件,手机游戏|软件下载,到超人软件站"跳转正常,该类元素共34个，当前第5个
2020-09-11 19:50:50,899 - 2 - INFO - 页面"系统圣地,绿色免费软件,手游下载等软件下载网站"跳转正常,该类元素共34个，当前第6个
2020-09-11 19:50:57,038 - 2 - INFO - 页面"腾讯手游助手官网，官网指定模拟器，海量游戏玩不停"跳转正常,该类元素共34个，当前第7个
2020-09-11 19:51:03,221 - 2 - INFO - 页面"好看小说推荐_热门小说大全_小说排行榜 - 玖陆文学"跳转正常,该类元素共34个，当前第8个
2020-09-11 19:51:09,359 - 2 - INFO - 页面"爱意技术分享"跳转正常,该类元素共34个，当前第9个
2020-09-11 19:51:15,498 - 2 - INFO - 页面"bt手游平台_满v手游公益服_gm手游排行榜_3733游戏盒子官网"跳转正常,该类元素共34个，当前第10个
2020-09-11 19:51:48,771 - 2 - INFO - 页面"bt公益服变态手游排行榜前十名[新开公测热门+在线人多+免费大型网游]新开最热门好玩人气高的网络游戏有什么_安卓苹果ios客户端游戏下载大全_8979游戏官网"跳转正常,该类元素共34个，当前第11个
2020-09-11 19:51:54,918 - 2 - INFO - 页面"【破解版手机游戏】手机破解游戏下载_安卓手机游戏破解版下载大全-最笨下载"跳转正常,该类元素共34个，当前第12个
2020-09-11 19:52:01,086 - 2 - INFO - 页面"windows10系统之家 - 系统之家提供win10专业版,ISO镜像,企业版等win10系统下载"跳转正常,该类元素共34个，当前第13个
2020-09-11 19:52:07,242 - 2 - INFO - 页面"39整形美容_中国专业医学整形美容门户"跳转正常,该类元素共34个，当前第14个
2020-09-11 19:52:13,398 - 2 - INFO - 页面"零度软件园_官方软件下载_绿色软件_游戏下载_值得信赖的下载站！"跳转正常,该类元素共34个，当前第15个
2020-09-11 19:52:19,537 - 2 - INFO - 页面"单机游戏_单机游戏下载大全中文版下载_好玩的单机游戏下载基地 - 99单机游戏"跳转正常,该类元素共34个，当前第16个
2020-09-11 19:52:26,933 - 2 - INFO - 页面"安卓市场_安卓游戏破解版下载_单机破解版游戏大全_手机网游下载"跳转正常,该类元素共34个，当前第17个
2020-09-11 19:53:08,873 - 2 - INFO - 页面"手机游戏下载-手机软件下载-电脑软件下载-小黑游戏"跳转正常,该类元素共34个，当前第18个
2020-09-11 19:53:15,038 - 2 - INFO - 页面"手机游戏_手机游戏排行榜_好玩的手机游戏_安卓手机游戏推荐_易玩网"跳转正常,该类元素共34个，当前第19个
2020-09-11 19:53:21,225 - 2 - INFO - 页面"手机游戏_好玩的手机游戏下载_手机游戏排行榜-游戏吧"跳转正常,该类元素共34个，当前第20个
2020-09-11 19:53:27,387 - 2 - INFO - 页面"免费手机游戏_好玩的单机游戏_安卓破解版游戏下载_apk8安卓网"跳转正常,该类元素共34个，当前第21个
2020-09-11 19:53:33,543 - 2 - INFO - 页面"免费手机游戏_好玩的单机游戏_安卓破解版游戏下载_apk8安卓网"跳转正常,该类元素共34个，当前第22个
2020-09-11 19:53:39,692 - 2 - INFO - 页面"安卓破解版游戏下载_单机手机破解游戏大全_免费游戏破解版下载-最笨下载"跳转正常,该类元素共34个，当前第23个
2020-09-11 19:53:45,844 - 2 - INFO - 页面"app.3987.com"跳转正常,该类元素共34个，当前第24个
2020-09-11 19:53:53,827 - 2 - INFO - 页面"可可出招表-流星蝴蝶剑出招表-拳皇97出招表-手机游戏-绿色软件下载"跳转正常,该类元素共34个，当前第25个
2020-09-11 19:54:01,086 - 2 - INFO - 页面"爪游控 | 新锐综合资讯媒体"跳转正常,该类元素共34个，当前第26个
2020-09-11 19:54:07,250 - 2 - INFO - 页面"3733游戏盒官网_bt游戏_满vip手游_gm手游大全_破解游戏盒子下载"跳转正常,该类元素共34个，当前第27个
2020-09-11 19:54:13,433 - 2 - INFO - 页面"绿色免费电脑软件下载_手机软件游戏下载中心-520下载站"跳转正常,该类元素共34个，当前第28个
2020-09-11 19:54:23,563 - 2 - INFO - 页面"免费大型经典安卓破解版单机游戏下载排行榜_手机最火爆最新出热门好玩人气高3DBT网络游戏有什么_破解游戏盒子软件大全-下载多"跳转正常,该类元素共34个，当前第29个
2020-09-11 19:54:30,687 - 2 - INFO - 页面"3733游戏盒官网_bt游戏_满vip手游_gm手游大全_破解游戏盒子下载"跳转正常,该类元素共34个，当前第30个
2020-09-11 19:54:40,526 - 2 - INFO - 页面"VR之家_专业VR游戏软件下载网站_VR应用_VR电影_VR视频_VR资源-VR之家"跳转正常,该类元素共34个，当前第31个
2020-09-11 19:54:51,428 - 2 - INFO - 页面"手机玩_免费安卓手机游戏_安卓游戏破解版下载_破解游戏盒子下载"跳转正常,该类元素共34个，当前第32个
2020-09-11 19:54:57,627 - 2 - INFO - 页面"gm手游平台_gm手游盒子_gm版手游下载_3733游戏官网"跳转正常,该类元素共34个，当前第33个
2020-09-11 19:55:10,186 - 2 - INFO - 页面"gm手游平台_gm版无限元宝手游_gm手游盒子下载_gm助手官网"跳转正常,该类元素共34个，当前第34个
2020-09-11 19:55:16,313 - 2 - INFO - 进入"游戏"模块，将执行随机函数
2020-09-11 19:55:18,979 - 2 - INFO - 随机页面"仙风道骨（送GM海量充）"跳转正常，当前第1个
2020-09-11 19:55:19,073 - basepage - INFO - Click back on current page.
2020-09-11 19:55:24,016 - 2 - INFO - 随机页面"武器之王（满屏爆装）"跳转正常，当前第2个
2020-09-11 19:55:24,147 - basepage - INFO - Click back on current page.
2020-09-11 19:55:29,501 - 2 - INFO - 随机页面"魔侠传（开服送2000充）"跳转正常，当前第3个
2020-09-11 19:55:29,598 - basepage - INFO - Click back on current page.
2020-09-11 19:55:34,648 - 2 - INFO - 随机页面"凡人飞仙传（六界纷争）"跳转正常，当前第1个
2020-09-11 19:55:34,837 - basepage - INFO - Click back on current page.
2020-09-11 19:55:39,187 - 2 - INFO - 随机页面"魔侠传（开服送2000充）"跳转正常，当前第2个
2020-09-11 19:55:39,315 - basepage - INFO - Click back on current page.
2020-09-11 19:55:43,640 - 2 - INFO - 随机页面"仙风道骨（送GM海量充）"跳转正常，当前第3个
2020-09-11 19:55:43,819 - basepage - INFO - Click back on current page.
2020-09-11 19:55:48,993 - 2 - INFO - 进入"应用"模块，将执行随机函数
2020-09-11 19:55:52,406 - 2 - INFO - 随机页面"撩吧"跳转正常，当前第1个
2020-09-11 19:55:52,497 - basepage - INFO - Click back on current page.
2020-09-11 19:55:57,365 - 2 - INFO - 随机页面"抖音撩妹话术app"跳转正常，当前第2个
2020-09-11 19:55:57,612 - basepage - INFO - Click back on current page.
2020-09-11 19:56:02,481 - 2 - INFO - 随机页面"破解游戏盒子"跳转正常，当前第3个
2020-09-11 19:56:02,604 - basepage - INFO - Click back on current page.
2020-09-11 19:56:06,916 - 2 - INFO - 随机页面"破解游戏盒子"跳转正常，当前第1个
2020-09-11 19:56:07,052 - basepage - INFO - Click back on current page.
2020-09-11 19:56:11,359 - 2 - INFO - 随机页面"撩吧"跳转正常，当前第2个
2020-09-11 19:56:11,456 - basepage - INFO - Click back on current page.
2020-09-11 19:56:16,348 - 2 - INFO - 随机页面"吾爱看书"跳转正常，当前第3个
2020-09-11 19:56:16,486 - basepage - INFO - Click back on current page.
2020-09-11 19:56:23,090 - 2 - INFO - 进入"资讯"模块，将执行随机函数
2020-09-11 19:56:25,583 - 2 - INFO - 随机页面"LOL狼人怎么玩-狼人实战技巧攻略"跳转正常，当前第1个
2020-09-11 19:56:25,704 - basepage - INFO - Click back on current page.
2020-09-11 19:56:30,486 - 2 - INFO - 随机页面"摩尔庄园手游橙色浆果在什么地方"跳转正常，当前第2个
2020-09-11 19:56:30,583 - basepage - INFO - Click back on current page.
2020-09-11 19:56:35,614 - 2 - INFO - 随机页面"云顶之弈S4六法狐狸怎么玩-S4六法狐狸阵容搭配攻略"跳转正常，当前第3个
2020-09-11 19:56:35,702 - basepage - INFO - Click back on current page.
2020-09-11 19:56:40,038 - 2 - INFO - 随机页面"凡人飞仙传（六界纷争）"跳转正常，当前第1个
2020-09-11 19:56:40,141 - basepage - INFO - Click back on current page.
2020-09-11 19:56:44,454 - 2 - INFO - 随机页面"仙风道骨（送GM海量充）"跳转正常，当前第2个
2020-09-11 19:56:44,573 - basepage - INFO - Click back on current page.
2020-09-11 19:56:49,166 - 2 - INFO - 随机页面"少年群侠传（送千元充值）"跳转正常，当前第3个
2020-09-11 19:56:49,288 - basepage - INFO - Click back on current page.
2020-09-11 19:56:58,362 - 2 - INFO - 进入"专题"模块，将执行随机函数
2020-09-11 19:57:12,778 - 2 - INFO - 进入"电脑"模块，将执行随机函数
2020-09-11 19:57:15,634 - 2 - INFO - 随机页面"仙灵世界（送海量连抽）"跳转正常，当前第1个
2020-09-11 19:57:15,721 - basepage - INFO - Click back on current page.
2020-09-11 19:57:20,034 - 2 - INFO - 随机页面"仙风道骨（送GM海量充）"跳转正常，当前第2个
2020-09-11 19:57:20,141 - basepage - INFO - Click back on current page.
2020-09-11 19:57:24,424 - 2 - INFO - 随机页面"女神联盟2（送500充值）"跳转正常，当前第3个
2020-09-11 19:57:24,504 - basepage - INFO - Click back on current page.
2020-09-11 19:57:31,334 - 2 - INFO - 进入"APP大全"模块，将执行随机函数
2020-09-11 19:57:35,397 - 2 - INFO - 页面"末日题材"跳转正常,该类元素共16个，当前第1个
2020-09-11 19:57:41,479 - 2 - ERROR - 页面"无限金币版"跳转异常,该类元素共16个，当前第2个
2020-09-11 19:57:47,773 - 2 - INFO - 页面"单机版"跳转正常,该类元素共16个，当前第3个
2020-09-11 19:57:53,856 - 2 - INFO - 页面"视频直播"跳转正常,该类元素共16个，当前第4个
2020-09-11 19:57:59,938 - 2 - INFO - 页面"直播平台"跳转正常,该类元素共16个，当前第5个
2020-09-11 19:58:06,021 - 2 - INFO - 页面"樱花直播"跳转正常,该类元素共16个，当前第6个
2020-09-11 19:58:12,107 - 2 - INFO - 页面"秋葵视频"跳转正常,该类元素共16个，当前第7个
2020-09-11 19:58:18,192 - 2 - INFO - 页面"视频软件"跳转正常,该类元素共16个，当前第8个
2020-09-11 19:58:24,281 - 2 - INFO - 页面"直播软件"跳转正常,该类元素共16个，当前第9个
2020-09-11 19:58:30,363 - 2 - INFO - 页面"酷炫"跳转正常,该类元素共16个，当前第10个
2020-09-11 19:58:36,442 - 2 - INFO - 页面"龙珠"跳转正常,该类元素共16个，当前第11个
2020-09-11 19:58:42,521 - 2 - INFO - 页面"高品质"跳转正常,该类元素共16个，当前第12个
2020-09-11 19:58:48,601 - 2 - INFO - 页面"乙女向"跳转正常,该类元素共16个，当前第13个
2020-09-11 19:58:54,676 - 2 - INFO - 页面"Act"跳转正常,该类元素共16个，当前第14个
2020-09-11 19:59:00,754 - 2 - INFO - 页面"足球"跳转正常,该类元素共16个，当前第15个
2020-09-11 19:59:06,850 - 2 - INFO - 页面"日系"跳转正常,该类元素共16个，当前第16个
2020-09-11 19:59:08,874 - basepage - INFO - zuiben自动化测试结束
