2020-08-27 18:59:58,449 - basepage - INFO - zuiben自动化测试开始
2020-08-27 18:59:58,451 - basepage - INFO - 隐性等待 10 秒
2020-08-27 19:00:04,843 - basepage - INFO - 跳转至https://www.zuiben.com/
2020-08-27 19:00:06,956 - basepage - INFO - 窗口已经最大化
2020-08-27 19:00:12,643 - 2 - INFO - 页面"【安卓游戏】好玩的安卓游戏下载_安卓游戏排行榜_安卓游戏免费下载大全-最笨下载"跳转正常,该类元素共21个，当前第1个
2020-08-27 19:00:12,869 - basepage - INFO - Click back on current page.
2020-08-27 19:00:17,394 - 2 - INFO - 页面"变态手游公益服_bt手游变态服_无限元宝bt手游下载_BT手游中心-最笨下载"跳转正常,该类元素共21个，当前第2个
2020-08-27 19:00:17,594 - basepage - INFO - Click back on current page.
2020-08-27 19:00:21,795 - 2 - INFO - 页面"gm版手游_无限元宝/钻石公益服_0元免费gm权限手游下载-最笨下载"跳转正常,该类元素共21个，当前第3个
2020-08-27 19:00:21,994 - basepage - INFO - Click back on current page.
2020-08-27 19:00:28,103 - 2 - INFO - 页面"【苹果游戏】iphone苹果手机游戏下载_iphone苹果游戏排行榜-最笨下载"跳转正常,该类元素共21个，当前第4个
2020-08-27 19:00:28,554 - basepage - INFO - Click back on current page.
2020-08-27 19:00:32,796 - 2 - INFO - 页面"满vip版手游_手游sf送顶级vip_满级vip无限元宝手游下载-最笨下载"跳转正常,该类元素共21个，当前第5个
2020-08-27 19:00:33,018 - basepage - INFO - Click back on current page.
2020-08-27 19:00:39,152 - 2 - INFO - 页面"【安卓软件】安卓软件下载_安卓手机软件下载_安卓软件免费下载大全-最笨下载"跳转正常,该类元素共21个，当前第6个
2020-08-27 19:00:39,526 - basepage - INFO - Click back on current page.
2020-08-27 19:00:45,272 - 2 - INFO - 页面"【苹果软件】iphone苹果下载软件_iphone苹果软件免费下载_苹果软件下载大全-最笨下载"跳转正常,该类元素共21个，当前第7个
2020-08-27 19:00:45,488 - basepage - INFO - Click back on current page.
2020-08-27 19:00:50,385 - 2 - INFO - 页面"【安卓资讯】安卓资讯推荐_安卓资讯大全-最笨下载"跳转正常,该类元素共21个，当前第8个
2020-08-27 19:00:50,601 - basepage - INFO - Click back on current page.
2020-08-27 19:00:55,257 - 2 - INFO - 页面"【安卓游戏攻略】安卓游戏攻略推荐_安卓游戏攻略大全-最笨下载"跳转正常,该类元素共21个，当前第9个
2020-08-27 19:00:55,457 - basepage - INFO - Click back on current page.
2020-08-27 19:01:00,487 - 2 - INFO - 页面"【安卓软件教程】安卓软件教程推荐_安卓软件教程大全-最笨下载"跳转正常,该类元素共21个，当前第10个
2020-08-27 19:01:00,701 - basepage - INFO - Click back on current page.
2020-08-27 19:01:05,618 - 2 - INFO - 页面"【iphone资讯】iphone资讯推荐_iphone资讯大全-最笨下载"跳转正常,该类元素共21个，当前第11个
2020-08-27 19:01:05,823 - basepage - INFO - Click back on current page.
2020-08-27 19:01:17,610 - 2 - INFO - 页面"【iPhone游戏攻略】iPhone游戏攻略推荐_iPhone游戏攻略大全-最笨下载"跳转正常,该类元素共21个，当前第12个
2020-08-27 19:01:17,982 - basepage - INFO - Click back on current page.
2020-08-27 19:01:22,908 - 2 - INFO - 页面"【系统重装教程】电脑重装系统教程_电脑怎么重装系统_重装系统步骤-最笨下载"跳转正常,该类元素共21个，当前第13个
2020-08-27 19:01:23,112 - basepage - INFO - Click back on current page.
2020-08-27 19:01:28,054 - 2 - INFO - 页面"安卓专题-最笨下载"跳转正常,该类元素共21个，当前第14个
2020-08-27 19:01:28,491 - basepage - INFO - Click back on current page.
2020-08-27 19:01:34,020 - 2 - INFO - 页面"游戏专题-最笨下载"跳转正常,该类元素共21个，当前第15个
2020-08-27 19:01:34,232 - basepage - INFO - Click back on current page.
2020-08-27 19:01:38,929 - 2 - INFO - 页面"苹果专题-最笨下载"跳转正常,该类元素共21个，当前第16个
2020-08-27 19:01:39,343 - basepage - INFO - Click back on current page.
2020-08-27 19:01:44,191 - 2 - INFO - 页面"【电脑软件】电脑软件下载_电脑装机必备软件_电脑常用软件下载_电脑软件大全-最笨下载"跳转正常,该类元素共21个，当前第17个
2020-08-27 19:01:44,398 - basepage - INFO - Click back on current page.
2020-08-27 19:01:49,471 - 2 - INFO - 页面"【电脑软件】电脑软件下载_电脑装机必备软件_电脑常用软件下载_电脑软件大全-最笨下载"跳转正常,该类元素共21个，当前第18个
2020-08-27 19:01:49,840 - basepage - INFO - Click back on current page.
2020-08-27 19:01:54,498 - 2 - INFO - 页面"【激活工具】激活windows工具_万能激活工具_windows激活工具下载_自动激活工具-最笨下载"跳转正常,该类元素共21个，当前第19个
2020-08-27 19:01:54,700 - basepage - INFO - Click back on current page.
2020-08-27 19:01:58,842 - 2 - INFO - 页面"【系统重装教程】电脑重装系统教程_电脑怎么重装系统_重装系统步骤-最笨下载"跳转正常,该类元素共21个，当前第20个
2020-08-27 19:01:59,263 - basepage - INFO - Click back on current page.
2020-08-27 19:02:03,466 - 2 - INFO - 页面"【系统重装教程】电脑重装系统教程_电脑怎么重装系统_重装系统步骤-最笨下载"跳转正常,该类元素共21个，当前第21个
2020-08-27 19:02:03,675 - basepage - INFO - Click back on current page.
2020-08-27 19:02:11,581 - 2 - INFO - 页面"家庭教师OL手游"跳转正常,该类元素共10个，当前第1个
2020-08-27 19:02:17,731 - 2 - INFO - 页面"魔女骑士团手游"跳转正常,该类元素共10个，当前第2个
2020-08-27 19:02:23,895 - 2 - INFO - 页面"决胜足球手游"跳转正常,该类元素共10个，当前第3个
2020-08-27 19:02:30,082 - 2 - INFO - 页面"少女战争手游"跳转正常,该类元素共10个，当前第4个
2020-08-27 19:02:36,224 - 2 - INFO - 页面"天神战（魔灵特权）"跳转正常,该类元素共10个，当前第5个
2020-08-27 19:02:42,375 - 2 - INFO - 页面"最Q幻想手游"跳转正常,该类元素共10个，当前第6个
2020-08-27 19:02:48,492 - 2 - INFO - 页面"回到三国志手游"跳转正常,该类元素共10个，当前第7个
2020-08-27 19:02:54,636 - 2 - INFO - 页面"幻游猎人手游"跳转正常,该类元素共10个，当前第8个
2020-08-27 19:03:00,791 - 2 - INFO - 页面"王者荣耀"跳转正常,该类元素共10个，当前第9个
2020-08-27 19:03:06,935 - 2 - INFO - 页面"公主连结手游"跳转正常,该类元素共10个，当前第10个
2020-08-27 19:03:13,058 - 2 - INFO - 页面"仙风道骨（送GM海量充）"跳转正常,该类元素共20个，当前第1个
2020-08-27 19:03:19,205 - 2 - INFO - 页面"少年群侠传（送千元充值）"跳转正常,该类元素共20个，当前第2个
2020-08-27 19:03:25,343 - 2 - INFO - 页面"女神联盟2（送500充值）"跳转正常,该类元素共20个，当前第3个
2020-08-27 19:03:31,471 - 2 - INFO - 页面"魔侠传（开服送2000充）"跳转正常,该类元素共20个，当前第4个
2020-08-27 19:03:37,594 - 2 - INFO - 页面"不思议地下城（百抽特权）"跳转正常,该类元素共20个，当前第5个
2020-08-27 19:03:43,680 - 2 - INFO - 页面"仙灵世界（送海量连抽）"跳转正常,该类元素共20个，当前第6个
2020-08-27 19:03:49,817 - 2 - INFO - 页面"机甲战纪（送GM特权）"跳转正常,该类元素共20个，当前第7个
2020-08-27 19:03:55,952 - 2 - INFO - 页面"梦幻江湖（送千万元宝）"跳转正常,该类元素共20个，当前第8个
2020-08-27 19:04:02,084 - 2 - INFO - 页面"剑侠风云（送海量充值）"跳转正常,该类元素共20个，当前第9个
2020-08-27 19:04:08,212 - 2 - INFO - 页面"魔剑侠缘（万元兑换）"跳转正常,该类元素共20个，当前第10个
2020-08-27 19:04:14,370 - 2 - INFO - 页面"魔龙诀（全屏爆宝）"跳转正常,该类元素共20个，当前第11个
2020-08-27 19:04:20,552 - 2 - INFO - 页面"征程三国（送充值）"跳转正常,该类元素共20个，当前第12个
2020-08-27 19:04:26,719 - 2 - INFO - 页面"风之旅团（每日送充值）"跳转正常,该类元素共20个，当前第13个
2020-08-27 19:04:32,853 - 2 - INFO - 页面"冒险之旅（百抽特权）"跳转正常,该类元素共20个，当前第14个
2020-08-27 19:04:39,010 - 2 - INFO - 页面"天天怼三国（送千元充值）"跳转正常,该类元素共20个，当前第15个
2020-08-27 19:04:45,178 - 2 - INFO - 页面"无敌战舰（送百元充值）"跳转正常,该类元素共20个，当前第16个
2020-08-27 19:04:51,327 - 2 - INFO - 页面"妖神记（抽动漫周边）"跳转正常,该类元素共20个，当前第17个
2020-08-27 19:04:57,486 - 2 - INFO - 页面"异能勇者"跳转正常,该类元素共20个，当前第18个
2020-08-27 19:05:03,655 - 2 - INFO - 页面"崩坏西游（送1688元充值）"跳转正常,该类元素共20个，当前第19个
2020-08-27 19:05:09,807 - 2 - INFO - 页面"纵剑仙界（送VIP代金券）"跳转正常,该类元素共20个，当前第20个
2020-08-27 19:05:17,764 - 2 - INFO - 页面"仙风道骨（送GM海量充）"跳转正常,该类元素共10个，当前第1个
2020-08-27 19:05:23,903 - 2 - INFO - 页面"少年群侠传（送千元充值）"跳转正常,该类元素共10个，当前第2个
2020-08-27 19:05:30,077 - 2 - INFO - 页面"女神联盟2（送500充值）"跳转正常,该类元素共10个，当前第3个
2020-08-27 19:05:36,217 - 2 - INFO - 页面"魔侠传（开服送2000充）"跳转正常,该类元素共10个，当前第4个
2020-08-27 19:05:42,373 - 2 - INFO - 页面"不思议地下城（百抽特权）"跳转正常,该类元素共10个，当前第5个
2020-08-27 19:05:48,516 - 2 - INFO - 页面"仙灵世界（送海量连抽）"跳转正常,该类元素共10个，当前第6个
2020-08-27 19:05:54,646 - 2 - INFO - 页面"机甲战纪（送GM特权）"跳转正常,该类元素共10个，当前第7个
2020-08-27 19:06:00,765 - 2 - INFO - 页面"梦幻江湖（送千万元宝）"跳转正常,该类元素共10个，当前第8个
2020-08-27 19:06:06,923 - 2 - INFO - 页面"剑侠风云（送海量充值）"跳转正常,该类元素共10个，当前第9个
2020-08-27 19:06:13,050 - 2 - INFO - 页面"魔剑侠缘（万元兑换）"跳转正常,该类元素共10个，当前第10个
2020-08-27 19:06:19,182 - 2 - INFO - 页面"武器之王（满屏爆装）"跳转正常,该类元素共20个，当前第1个
2020-08-27 19:06:25,312 - 2 - INFO - 页面"仙风道骨（送GM海量充）"跳转正常,该类元素共20个，当前第2个
2020-08-27 19:06:31,473 - 2 - INFO - 页面"少年群侠传（送千元充值）"跳转正常,该类元素共20个，当前第3个
2020-08-27 19:06:37,606 - 2 - INFO - 页面"女神联盟2（送500充值）"跳转正常,该类元素共20个，当前第4个
2020-08-27 19:06:43,737 - 2 - INFO - 页面"星辰变（送百元永抽）"跳转正常,该类元素共20个，当前第5个
2020-08-27 19:06:49,879 - 2 - INFO - 页面"魔侠传（开服送2000充）"跳转正常,该类元素共20个，当前第6个
2020-08-27 19:06:56,025 - 2 - INFO - 页面"不思议地下城（百抽特权）"跳转正常,该类元素共20个，当前第7个
2020-08-27 19:07:02,148 - 2 - INFO - 页面"仙灵世界（送海量连抽）"跳转正常,该类元素共20个，当前第8个
2020-08-27 19:07:08,282 - 2 - INFO - 页面"神龙猎手（开局送万抽）"跳转正常,该类元素共20个，当前第9个
2020-08-27 19:07:14,440 - 2 - INFO - 页面"机甲战纪（送GM特权）"跳转正常,该类元素共20个，当前第10个
2020-08-27 19:07:20,578 - 2 - INFO - 页面"梦幻江湖（送千万元宝）"跳转正常,该类元素共20个，当前第11个
2020-08-27 19:07:26,733 - 2 - INFO - 页面"九曲封神（送海量充值）"跳转正常,该类元素共20个，当前第12个
2020-08-27 19:07:32,864 - 2 - INFO - 页面"剑侠风云（送海量充值）"跳转正常,该类元素共20个，当前第13个
2020-08-27 19:07:39,012 - 2 - INFO - 页面"魔剑侠缘（万元兑换）"跳转正常,该类元素共20个，当前第14个
2020-08-27 19:07:45,134 - 2 - INFO - 页面"怒火一刀（天天送充值）"跳转正常,该类元素共20个，当前第15个
2020-08-27 19:07:51,251 - 2 - INFO - 页面"魔龙诀（全屏爆宝）"跳转正常,该类元素共20个，当前第16个
2020-08-27 19:07:57,400 - 2 - INFO - 页面"征程三国（送充值）"跳转正常,该类元素共20个，当前第17个
2020-08-27 19:08:03,523 - 2 - INFO - 页面"凡人飞仙传（六界纷争）"跳转正常,该类元素共20个，当前第18个
2020-08-27 19:08:09,657 - 2 - INFO - 页面"风之旅团（每日送充值）"跳转正常,该类元素共20个，当前第19个
2020-08-27 19:08:15,815 - 2 - INFO - 页面"齐天记（海量资源特权）"跳转正常,该类元素共20个，当前第20个
2020-08-27 19:08:23,743 - 2 - INFO - 页面"少年群侠传（送千元充值）"跳转正常,该类元素共10个，当前第1个
2020-08-27 19:08:29,887 - 2 - INFO - 页面"女神联盟2（送500充值）"跳转正常,该类元素共10个，当前第2个
2020-08-27 19:08:36,041 - 2 - INFO - 页面"魔侠传（开服送2000充）"跳转正常,该类元素共10个，当前第3个
2020-08-27 19:08:42,195 - 2 - INFO - 页面"不思议地下城（百抽特权）"跳转正常,该类元素共10个，当前第4个
2020-08-27 19:08:48,329 - 2 - INFO - 页面"仙灵世界（送海量连抽）"跳转正常,该类元素共10个，当前第5个
2020-08-27 19:08:54,480 - 2 - INFO - 页面"机甲战纪（送GM特权）"跳转正常,该类元素共10个，当前第6个
2020-08-27 19:09:00,633 - 2 - INFO - 页面"梦幻江湖（送千万元宝）"跳转正常,该类元素共10个，当前第7个
2020-08-27 19:09:06,769 - 2 - INFO - 页面"剑侠风云（送海量充值）"跳转正常,该类元素共10个，当前第8个
2020-08-27 19:09:12,929 - 2 - INFO - 页面"魔剑侠缘（万元兑换）"跳转正常,该类元素共10个，当前第9个
2020-08-27 19:09:19,120 - 2 - INFO - 页面"魔龙诀（全屏爆宝）"跳转正常,该类元素共10个，当前第10个
2020-08-27 19:09:25,294 - 2 - INFO - 页面"武器之王（满屏爆装）"跳转正常,该类元素共20个，当前第1个
2020-08-27 19:09:31,428 - 2 - INFO - 页面"仙风道骨（送GM海量充）"跳转正常,该类元素共20个，当前第2个
2020-08-27 19:09:37,545 - 2 - INFO - 页面"少年群侠传（送千元充值）"跳转正常,该类元素共20个，当前第3个
2020-08-27 19:09:43,687 - 2 - INFO - 页面"女神联盟2（送500充值）"跳转正常,该类元素共20个，当前第4个
2020-08-27 19:09:49,817 - 2 - INFO - 页面"星辰变（送百元永抽）"跳转正常,该类元素共20个，当前第5个
2020-08-27 19:09:55,945 - 2 - INFO - 页面"魔侠传（开服送2000充）"跳转正常,该类元素共20个，当前第6个
2020-08-27 19:10:02,063 - 2 - INFO - 页面"不思议地下城（百抽特权）"跳转正常,该类元素共20个，当前第7个
2020-08-27 19:10:08,208 - 2 - INFO - 页面"仙灵世界（送海量连抽）"跳转正常,该类元素共20个，当前第8个
2020-08-27 19:10:14,347 - 2 - INFO - 页面"神龙猎手（开局送万抽）"跳转正常,该类元素共20个，当前第9个
2020-08-27 19:10:20,484 - 2 - INFO - 页面"机甲战纪（送GM特权）"跳转正常,该类元素共20个，当前第10个
2020-08-27 19:10:26,622 - 2 - INFO - 页面"梦幻江湖（送千万元宝）"跳转正常,该类元素共20个，当前第11个
2020-08-27 19:10:32,748 - 2 - INFO - 页面"九曲封神（送海量充值）"跳转正常,该类元素共20个，当前第12个
2020-08-27 19:10:38,897 - 2 - INFO - 页面"剑侠风云（送海量充值）"跳转正常,该类元素共20个，当前第13个
2020-08-27 19:10:45,055 - 2 - INFO - 页面"魔剑侠缘（万元兑换）"跳转正常,该类元素共20个，当前第14个
2020-08-27 19:10:51,194 - 2 - INFO - 页面"怒火一刀（天天送充值）"跳转正常,该类元素共20个，当前第15个
2020-08-27 19:10:57,329 - 2 - INFO - 页面"魔龙诀（全屏爆宝）"跳转正常,该类元素共20个，当前第16个
2020-08-27 19:11:03,466 - 2 - INFO - 页面"征程三国（送充值）"跳转正常,该类元素共20个，当前第17个
2020-08-27 19:11:09,616 - 2 - INFO - 页面"凡人飞仙传（六界纷争）"跳转正常,该类元素共20个，当前第18个
2020-08-27 19:11:15,747 - 2 - INFO - 页面"风之旅团（每日送充值）"跳转正常,该类元素共20个，当前第19个
2020-08-27 19:11:21,883 - 2 - INFO - 页面"齐天记（海量资源特权）"跳转正常,该类元素共20个，当前第20个
2020-08-27 19:11:29,600 - 2 - INFO - 页面"《星辰变（送百元永抽）》上线送百元充值卡*"跳转正常,该类元素共1个，当前第1个
2020-08-27 19:11:29,825 - basepage - INFO - Click back on current page.
2020-08-27 19:11:35,377 - 2 - INFO - 页面"《武器之王（满屏爆装）》上线送VIP10，50万福利"跳转正常,该类元素共1个，当前第1个
2020-08-27 19:11:35,672 - basepage - INFO - Click back on current page.
2020-08-27 19:11:41,338 - 2 - INFO - 页面"《怒火一刀（天天送充值）》创角送满Vip，6888"跳转正常,该类元素共1个，当前第1个
2020-08-27 19:11:41,604 - basepage - INFO - Click back on current page.
2020-08-27 19:11:47,492 - 2 - ERROR - 页面"《凡人飞仙传（六界纷争）》上线赠送VIP8、元宝"跳转异常,该类元素共1个，当前第1个
2020-08-27 19:11:48,214 - basepage - INFO - Click back on current page.
2020-08-27 19:11:54,763 - 2 - ERROR - 页面"《九曲封神（送海量充值）》上线就送VIP8，388"跳转异常,该类元素共1个，当前第1个
2020-08-27 19:11:55,216 - basepage - INFO - Click back on current page.
2020-08-27 19:12:01,735 - 2 - INFO - 页面"【最笨周末活动】8.7 周末活动海量惊喜等你来拿"跳转正常,该类元素共1个，当前第1个
2020-08-27 19:12:02,411 - basepage - INFO - Click back on current page.
2020-08-27 19:12:07,555 - 2 - INFO - 页面"幻剑情缘（送千元充值）"跳转正常,该类元素共12个，当前第1个
2020-08-27 19:12:07,770 - basepage - INFO - Click back on current page.
2020-08-27 19:12:12,550 - 2 - INFO - 页面"影歌（海量打金特权）"跳转正常,该类元素共12个，当前第2个
2020-08-27 19:12:13,013 - basepage - INFO - Click back on current page.
2020-08-27 19:12:17,909 - 2 - INFO - 页面"斗转武林（爆海量充值卡）"跳转正常,该类元素共12个，当前第3个
2020-08-27 19:12:18,122 - basepage - INFO - Click back on current page.
2020-08-27 19:12:22,786 - 2 - INFO - 页面"小黑的宝藏（送海量充值）"跳转正常,该类元素共12个，当前第4个
2020-08-27 19:12:23,204 - basepage - INFO - Click back on current page.
2020-08-27 19:12:27,928 - 2 - INFO - 页面"小小三国志（送充值卡）"跳转正常,该类元素共12个，当前第5个
2020-08-27 19:12:28,134 - basepage - INFO - Click back on current page.
2020-08-27 19:12:32,813 - 2 - INFO - 页面"闪将三国（送千元充值）"跳转正常,该类元素共12个，当前第6个
2020-08-27 19:12:33,248 - basepage - INFO - Click back on current page.
2020-08-27 19:12:38,347 - 2 - INFO - 页面"天使圣域（欧皇海量抽）"跳转正常,该类元素共12个，当前第7个
2020-08-27 19:12:38,568 - basepage - INFO - Click back on current page.
2020-08-27 19:12:43,844 - 2 - INFO - 页面"斗罗大陆神界传说Ⅱ（天天送充值）"跳转正常,该类元素共12个，当前第8个
2020-08-27 19:12:44,352 - basepage - INFO - Click back on current page.
2020-08-27 19:12:49,644 - 2 - INFO - 页面"龙之霸业（送千元充值）"跳转正常,该类元素共12个，当前第9个
2020-08-27 19:12:49,858 - basepage - INFO - Click back on current page.
2020-08-27 19:12:58,155 - 2 - INFO - 页面"乱戳三国2（送GM特权）"跳转正常,该类元素共12个，当前第10个
2020-08-27 19:12:58,548 - basepage - INFO - Click back on current page.
2020-08-27 19:13:03,747 - 2 - INFO - 页面"无双三国（送328充值）"跳转正常,该类元素共12个，当前第11个
2020-08-27 19:13:03,986 - basepage - INFO - Click back on current page.
2020-08-27 19:13:09,051 - 2 - INFO - 页面"六界之门（百抽海量特权）"跳转正常,该类元素共12个，当前第12个
2020-08-27 19:13:09,456 - basepage - INFO - Click back on current page.
2020-08-27 19:13:15,376 - 2 - INFO - 页面"魔兽世界怀旧服2020年6月7日人口普查一览"跳转正常,该类元素共2个，当前第1个
2020-08-27 19:13:15,591 - basepage - INFO - Click back on current page.
2020-08-27 19:13:23,123 - 2 - INFO - 页面"DNF萌噬噬宠物属性怎么样？萌噬噬属性介绍"跳转正常,该类元素共2个，当前第2个
2020-08-27 19:13:23,340 - basepage - INFO - Click back on current page.
2020-08-27 19:13:30,332 - 2 - INFO - 页面"阴阳师新引擎奖励如何免费领-新引擎奖励领取流程-最笨下载"跳转正常,该类元素共14个，当前第1个
2020-08-27 19:13:30,750 - basepage - INFO - Click back on current page.
2020-08-27 19:13:37,558 - 2 - INFO - 页面"阴阳师千鹤结缘七夕签文有哪些-千鹤结缘七夕签文寓意-最笨下载"跳转正常,该类元素共14个，当前第2个
2020-08-27 19:13:37,765 - basepage - INFO - Click back on current page.
2020-08-27 19:13:44,753 - 2 - INFO - 页面"战魂铭人怎么合成琥珀蒙空-琥珀蒙空合成方法-最笨下载"跳转正常,该类元素共14个，当前第3个
2020-08-27 19:13:44,969 - basepage - INFO - Click back on current page.
2020-08-27 19:13:52,008 - 2 - INFO - 页面"明日方舟刻俄柏的灰蕈迷境初始小队怎么选-刻俄柏的灰蕈迷境初始小队推荐-最笨下载"跳转正常,该类元素共14个，当前第4个
2020-08-27 19:13:52,459 - basepage - INFO - Click back on current page.
2020-08-27 19:13:59,989 - 2 - INFO - 页面"原神魈武器怎么选择-魈最强武器推荐-最笨下载"跳转正常,该类元素共14个，当前第5个
2020-08-27 19:14:00,249 - basepage - INFO - Click back on current page.
2020-08-27 19:14:07,587 - 2 - INFO - 页面"女神星球漂流宝箱是什么-漂流宝箱获取及使用攻略-最笨下载"跳转正常,该类元素共14个，当前第6个
2020-08-27 19:14:07,849 - basepage - INFO - Click back on current page.
2020-08-27 19:14:14,613 - 2 - INFO - 页面"女神星球星图事件是什么-星图事件完成技巧攻略-最笨下载"跳转正常,该类元素共14个，当前第7个
2020-08-27 19:14:15,077 - basepage - INFO - Click back on current page.
2020-08-27 19:14:21,875 - 2 - INFO - 页面"战魂铭人天守阁boss怎么打-天守阁boss打法攻略-最笨下载"跳转正常,该类元素共14个，当前第8个
2020-08-27 19:14:22,089 - basepage - INFO - Click back on current page.
2020-08-27 19:14:28,974 - 2 - INFO - 页面"不朽之旅稀有宝石怎么获得-稀有宝石获取攻略-最笨下载"跳转正常,该类元素共14个，当前第9个
2020-08-27 19:14:29,196 - basepage - INFO - Click back on current page.
2020-08-27 19:14:36,215 - 2 - INFO - 页面"剑与远征悲怆游魂忒萝玟怎么样-悲怆游魂忒萝玟技能详细攻略-最笨下载"跳转正常,该类元素共14个，当前第10个
2020-08-27 19:14:36,590 - basepage - INFO - Click back on current page.
2020-08-27 19:14:43,718 - 2 - INFO - 页面"王者荣耀2020嬴政暴击流出装怎么出-2020嬴政暴击流出装攻略-最笨下载"跳转正常,该类元素共14个，当前第11个
2020-08-27 19:14:43,930 - basepage - INFO - Click back on current page.
2020-08-27 19:14:50,752 - 2 - INFO - 页面"王者荣耀2020项羽高爆发出装怎么出-2020项羽高爆发出装攻略-最笨下载"跳转正常,该类元素共14个，当前第12个
2020-08-27 19:14:50,960 - basepage - INFO - Click back on current page.
2020-08-27 19:14:57,818 - 2 - INFO - 页面"王者荣耀2020猴子高暴击出装怎么出-2020猴子高暴击出装攻略-最笨下载"跳转正常,该类元素共14个，当前第13个
2020-08-27 19:14:58,229 - basepage - INFO - Click back on current page.
2020-08-27 19:15:05,022 - 2 - INFO - 页面"伊甸之战聚能核爆怎么样-聚能核爆强度分析攻略-最笨下载"跳转正常,该类元素共14个，当前第14个
2020-08-27 19:15:05,227 - basepage - INFO - Click back on current page.
2020-08-27 19:15:13,523 - 2 - INFO - 页面"烟雨江湖道远禅师在哪-道远禅师位置攻略"跳转正常,该类元素共2个，当前第1个
2020-08-27 19:15:13,929 - basepage - INFO - Click back on current page.
2020-08-27 19:15:21,233 - 2 - INFO - 页面"剑与远征公会花仙BOSS怎么打-公会花仙BOSS攻略"跳转正常,该类元素共2个，当前第2个
2020-08-27 19:15:21,446 - basepage - INFO - Click back on current page.
2020-08-27 19:15:28,068 - 2 - INFO - 页面"变态手游公益服_bt手游变态服_无限元宝bt手游下载_BT手游中心-最笨下载"跳转正常,该类元素共28个，当前第1个
2020-08-27 19:15:28,346 - basepage - INFO - Click back on current page.
2020-08-27 19:15:34,900 - 2 - INFO - 页面"武器之王（满屏爆装）_武器之王（满屏爆装）无限元宝服_SF变态版武器之王（满屏爆装）公益服下载 - 最笨下载"跳转正常,该类元素共28个，当前第2个
2020-08-27 19:15:35,367 - basepage - INFO - Click back on current page.
2020-08-27 19:15:41,880 - 2 - INFO - 页面"满vip版手游_手游sf送顶级vip_满级vip无限元宝手游下载-最笨下载"跳转正常,该类元素共28个，当前第3个
2020-08-27 19:15:42,144 - basepage - INFO - Click back on current page.
2020-08-27 19:15:48,736 - 2 - INFO - 页面"仙风道骨（送GM海量充）_仙风道骨（送GM海量充）无限元宝服_SF变态版仙风道骨（送GM海量充）公益服下载 - 最笨下载"跳转正常,该类元素共28个，当前第4个
2020-08-27 19:15:49,164 - basepage - INFO - Click back on current page.
2020-08-27 19:15:55,609 - 2 - INFO - 页面"变态手游公益服_bt手游变态服_无限元宝bt手游下载_BT手游中心-最笨下载"跳转正常,该类元素共28个，当前第5个
2020-08-27 19:15:55,822 - basepage - INFO - Click back on current page.
2020-08-27 19:16:02,368 - 2 - INFO - 页面"少年群侠传（送千元充值）_少年群侠传（送千元充值）无限元宝服_SF变态版少年群侠传（送千元充值）公益服下载 - 最笨下载"跳转正常,该类元素共28个，当前第6个
2020-08-27 19:16:02,832 - basepage - INFO - Click back on current page.
2020-08-27 19:16:09,281 - 2 - INFO - 页面"满vip版手游_手游sf送顶级vip_满级vip无限元宝手游下载-最笨下载"跳转正常,该类元素共28个，当前第7个
2020-08-27 19:16:09,543 - basepage - INFO - Click back on current page.
2020-08-27 19:16:16,199 - 2 - INFO - 页面"女神联盟2（送500充值）_女神联盟2（送500充值）无限元宝服_SF变态版女神联盟2（送500充值）公益服下载 - 最笨下载"跳转正常,该类元素共28个，当前第8个
2020-08-27 19:16:16,652 - basepage - INFO - Click back on current page.
2020-08-27 19:16:23,095 - 2 - INFO - 页面"变态手游公益服_bt手游变态服_无限元宝bt手游下载_BT手游中心-最笨下载"跳转正常,该类元素共28个，当前第9个
2020-08-27 19:16:23,325 - basepage - INFO - Click back on current page.
2020-08-27 19:16:29,963 - 2 - INFO - 页面"星辰变（送百元永抽）_星辰变（送百元永抽）无限元宝服_SF变态版星辰变（送百元永抽）公益服下载 - 最笨下载"跳转正常,该类元素共28个，当前第10个
2020-08-27 19:16:30,455 - basepage - INFO - Click back on current page.
2020-08-27 19:16:36,932 - 2 - INFO - 页面"满vip版手游_手游sf送顶级vip_满级vip无限元宝手游下载-最笨下载"跳转正常,该类元素共28个，当前第11个
2020-08-27 19:16:37,134 - basepage - INFO - Click back on current page.
2020-08-27 19:16:43,727 - 2 - INFO - 页面"魔侠传（开服送2000充）_魔侠传（开服送2000充）无限元宝服_SF变态版魔侠传（开服送2000充）公益服下载 - 最笨下载"跳转正常,该类元素共28个，当前第12个
2020-08-27 19:16:44,267 - basepage - INFO - Click back on current page.
2020-08-27 19:16:50,717 - 2 - INFO - 页面"变态手游公益服_bt手游变态服_无限元宝bt手游下载_BT手游中心-最笨下载"跳转正常,该类元素共28个，当前第13个
2020-08-27 19:16:50,920 - basepage - INFO - Click back on current page.
2020-08-27 19:16:57,526 - 2 - INFO - 页面"不思议地下城（百抽特权）_不思议地下城（百抽特权）无限元宝服_SF变态版不思议地下城（百抽特权）公益服下载 - 最笨下载"跳转正常,该类元素共28个，当前第14个
2020-08-27 19:16:57,972 - basepage - INFO - Click back on current page.
2020-08-27 19:17:04,434 - 2 - INFO - 页面"满vip版手游_手游sf送顶级vip_满级vip无限元宝手游下载-最笨下载"跳转正常,该类元素共28个，当前第15个
2020-08-27 19:17:04,638 - basepage - INFO - Click back on current page.
2020-08-27 19:17:11,185 - 2 - INFO - 页面"仙灵世界（送海量连抽）_仙灵世界（送海量连抽）无限元宝服_SF变态版仙灵世界（送海量连抽）公益服下载 - 最笨下载"跳转正常,该类元素共28个，当前第16个
2020-08-27 19:17:11,624 - basepage - INFO - Click back on current page.
2020-08-27 19:17:18,085 - 2 - INFO - 页面"变态手游公益服_bt手游变态服_无限元宝bt手游下载_BT手游中心-最笨下载"跳转正常,该类元素共28个，当前第17个
2020-08-27 19:17:18,295 - basepage - INFO - Click back on current page.
2020-08-27 19:17:24,994 - 2 - INFO - 页面"神龙猎手（开局送万抽）_神龙猎手（开局送万抽）无限元宝服_SF变态版神龙猎手（开局送万抽）公益服下载 - 最笨下载"跳转正常,该类元素共28个，当前第18个
2020-08-27 19:17:25,406 - basepage - INFO - Click back on current page.
2020-08-27 19:17:31,859 - 2 - INFO - 页面"满vip版手游_手游sf送顶级vip_满级vip无限元宝手游下载-最笨下载"跳转正常,该类元素共28个，当前第19个
2020-08-27 19:17:32,063 - basepage - INFO - Click back on current page.
2020-08-27 19:17:38,654 - 2 - INFO - 页面"机甲战纪（送GM特权）_机甲战纪（送GM特权）无限元宝服_SF变态版机甲战纪（送GM特权）公益服下载 - 最笨下载"跳转正常,该类元素共28个，当前第20个
2020-08-27 19:17:39,115 - basepage - INFO - Click back on current page.
2020-08-27 19:17:45,557 - 2 - INFO - 页面"变态手游公益服_bt手游变态服_无限元宝bt手游下载_BT手游中心-最笨下载"跳转正常,该类元素共28个，当前第21个
2020-08-27 19:17:45,791 - basepage - INFO - Click back on current page.
2020-08-27 19:17:52,461 - 2 - INFO - 页面"梦幻江湖（送千万元宝）_梦幻江湖（送千万元宝）无限元宝服_SF变态版梦幻江湖（送千万元宝）公益服下载 - 最笨下载"跳转正常,该类元素共28个，当前第22个
2020-08-27 19:17:52,873 - basepage - INFO - Click back on current page.
2020-08-27 19:17:59,404 - 2 - INFO - 页面"变态手游公益服_bt手游变态服_无限元宝bt手游下载_BT手游中心-最笨下载"跳转正常,该类元素共28个，当前第23个
2020-08-27 19:17:59,659 - basepage - INFO - Click back on current page.
2020-08-27 19:18:06,673 - 2 - INFO - 页面"九曲封神（送海量充值）_九曲封神（送海量充值）无限元宝服_SF变态版九曲封神（送海量充值）公益服下载 - 最笨下载"跳转正常,该类元素共28个，当前第24个
2020-08-27 19:18:07,119 - basepage - INFO - Click back on current page.
2020-08-27 19:18:13,584 - 2 - INFO - 页面"变态手游公益服_bt手游变态服_无限元宝bt手游下载_BT手游中心-最笨下载"跳转正常,该类元素共28个，当前第25个
2020-08-27 19:18:13,805 - basepage - INFO - Click back on current page.
2020-08-27 19:18:20,663 - 2 - INFO - 页面"剑侠风云（送海量充值）_剑侠风云（送海量充值）无限元宝服_SF变态版剑侠风云（送海量充值）公益服下载 - 最笨下载"跳转正常,该类元素共28个，当前第26个
2020-08-27 19:18:20,923 - basepage - INFO - Click back on current page.
2020-08-27 19:18:27,342 - 2 - INFO - 页面"满vip版手游_手游sf送顶级vip_满级vip无限元宝手游下载-最笨下载"跳转正常,该类元素共28个，当前第27个
2020-08-27 19:18:27,684 - basepage - INFO - Click back on current page.
2020-08-27 19:18:34,269 - 2 - INFO - 页面"魔剑侠缘（万元兑换）_魔剑侠缘（万元兑换）无限元宝服_SF变态版魔剑侠缘（万元兑换）公益服下载 - 最笨下载"跳转正常,该类元素共28个，当前第28个
2020-08-27 19:18:34,507 - basepage - INFO - Click back on current page.
2020-08-27 19:18:43,016 - 2 - INFO - 页面"跟男生聊天有哪些软件-跟男生聊天的软件下载推"跳转正常,该类元素共2个，当前第1个
2020-08-27 19:18:43,367 - basepage - INFO - Click back on current page.
2020-08-27 19:18:53,016 - 2 - INFO - 页面"无广告看书全免费软件哪个好"跳转正常,该类元素共2个，当前第2个
2020-08-27 19:18:53,495 - basepage - INFO - Click back on current page.
2020-08-27 19:19:00,198 - 2 - INFO - 页面"【安卓娱乐软件】安卓娱乐软件下载_安卓娱乐软件推荐_安卓娱乐软件大全-最笨下载"跳转正常,该类元素共28个，当前第1个
2020-08-27 19:19:00,398 - basepage - INFO - Click back on current page.
2020-08-27 19:19:09,293 - 2 - INFO - 页面"最笨游戏盒子_最笨游戏盒子下载_最笨游戏盒子官方下载-最笨下载"跳转正常,该类元素共28个，当前第2个
2020-08-27 19:19:09,511 - basepage - INFO - Click back on current page.
2020-08-27 19:19:16,282 - 2 - INFO - 页面"【安卓聊天软件】安卓聊天软件下载_安卓聊天软件排行_安卓聊天软件大全-最笨下载"跳转正常,该类元素共28个，当前第3个
2020-08-27 19:19:16,494 - basepage - INFO - Click back on current page.
2020-08-27 19:19:23,729 - 2 - INFO - 页面"回复神器_回复神器下载_回复神器官方下载-最笨下载"跳转正常,该类元素共28个，当前第4个
2020-08-27 19:19:24,187 - basepage - INFO - Click back on current page.
2020-08-27 19:19:30,854 - 2 - INFO - 页面"【安卓聊天软件】安卓聊天软件下载_安卓聊天软件排行_安卓聊天软件大全-最笨下载"跳转正常,该类元素共28个，当前第5个
2020-08-27 19:19:31,088 - basepage - INFO - Click back on current page.
2020-08-27 19:19:37,923 - 2 - INFO - 页面"蜜小助_蜜小助下载_蜜小助官方下载-最笨下载"跳转正常,该类元素共28个，当前第6个
2020-08-27 19:19:38,125 - basepage - INFO - Click back on current page.
2020-08-27 19:19:44,654 - 2 - INFO - 页面"【安卓娱乐软件】安卓娱乐软件下载_安卓娱乐软件推荐_安卓娱乐软件大全-最笨下载"跳转正常,该类元素共28个，当前第7个
2020-08-27 19:19:45,109 - basepage - INFO - Click back on current page.
2020-08-27 19:19:52,328 - 2 - INFO - 页面"3733游戏盒子_3733游戏盒子下载_3733游戏盒子官方下载-最笨下载"跳转正常,该类元素共28个，当前第8个
2020-08-27 19:19:52,531 - basepage - INFO - Click back on current page.
2020-08-27 19:19:58,979 - 2 - INFO - 页面"【安卓聊天软件】安卓聊天软件下载_安卓聊天软件排行_安卓聊天软件大全-最笨下载"跳转正常,该类元素共28个，当前第9个
2020-08-27 19:19:59,403 - basepage - INFO - Click back on current page.
2020-08-27 19:20:06,384 - 2 - INFO - 页面"土味情话_土味情话下载_土味情话官方下载-最笨下载"跳转正常,该类元素共28个，当前第10个
2020-08-27 19:20:06,579 - basepage - INFO - Click back on current page.
2020-08-27 19:20:13,021 - 2 - INFO - 页面"【安卓聊天软件】安卓聊天软件下载_安卓聊天软件排行_安卓聊天软件大全-最笨下载"跳转正常,该类元素共28个，当前第11个
2020-08-27 19:20:13,465 - basepage - INFO - Click back on current page.
2020-08-27 19:20:21,940 - 2 - INFO - 页面"恋爱话术_恋爱话术下载_恋爱话术官方下载-最笨下载"跳转正常,该类元素共28个，当前第12个
2020-08-27 19:20:22,219 - basepage - INFO - Click back on current page.
2020-08-27 19:20:28,907 - 2 - INFO - 页面"【安卓阅读软件】安卓阅读软件下载_安卓阅读软件哪个好_安卓阅读软件排行-最笨下载"跳转正常,该类元素共28个，当前第13个
2020-08-27 19:20:29,298 - basepage - INFO - Click back on current page.
2020-08-27 19:20:36,648 - 2 - INFO - 页面"吾爱看书_吾爱看书下载_吾爱看书官方下载-最笨下载"跳转正常,该类元素共28个，当前第14个
2020-08-27 19:20:36,916 - basepage - INFO - Click back on current page.
2020-08-27 19:20:43,672 - 2 - INFO - 页面"【苹果阅读软件】iPhone手机阅读软件_iPhone阅读软件免费下载大全-最笨下载"跳转正常,该类元素共28个，当前第15个
2020-08-27 19:20:44,087 - basepage - INFO - Click back on current page.
2020-08-27 19:20:51,297 - 2 - INFO - 页面"吾爱看书ios版_吾爱看书ios版下载_吾爱看书ios版官方下载-最笨下载"跳转正常,该类元素共28个，当前第16个
2020-08-27 19:20:51,527 - basepage - INFO - Click back on current page.
2020-08-27 19:20:58,022 - 2 - INFO - 页面"【安卓聊天软件】安卓聊天软件下载_安卓聊天软件排行_安卓聊天软件大全-最笨下载"跳转正常,该类元素共28个，当前第17个
2020-08-27 19:20:58,251 - basepage - INFO - Click back on current page.
2020-08-27 19:21:05,431 - 2 - INFO - 页面"恋爱话术库_恋爱话术库下载_恋爱话术库官方下载-最笨下载"跳转正常,该类元素共28个，当前第18个
2020-08-27 19:21:05,865 - basepage - INFO - Click back on current page.
2020-08-27 19:21:12,357 - 2 - INFO - 页面"【安卓聊天软件】安卓聊天软件下载_安卓聊天软件排行_安卓聊天软件大全-最笨下载"跳转正常,该类元素共28个，当前第19个
2020-08-27 19:21:12,632 - basepage - INFO - Click back on current page.
2020-08-27 19:21:19,442 - 2 - INFO - 页面"撩吧_撩吧下载_撩吧官方下载-最笨下载"跳转正常,该类元素共28个，当前第20个
2020-08-27 19:21:19,714 - basepage - INFO - Click back on current page.
2020-08-27 19:21:26,192 - 2 - INFO - 页面"【安卓聊天软件】安卓聊天软件下载_安卓聊天软件排行_安卓聊天软件大全-最笨下载"跳转正常,该类元素共28个，当前第21个
2020-08-27 19:21:26,593 - basepage - INFO - Click back on current page.
2020-08-27 19:21:34,454 - 2 - INFO - 页面"遇知音_遇知音下载_遇知音官方下载-最笨下载"跳转正常,该类元素共28个，当前第22个
2020-08-27 19:21:34,734 - basepage - INFO - Click back on current page.
2020-08-27 19:21:41,214 - 2 - INFO - 页面"【安卓聊天软件】安卓聊天软件下载_安卓聊天软件排行_安卓聊天软件大全-最笨下载"跳转正常,该类元素共28个，当前第23个
2020-08-27 19:21:41,651 - basepage - INFO - Click back on current page.
2020-08-27 19:21:48,777 - 2 - INFO - 页面"脱单大师_脱单大师下载_脱单大师官方下载-最笨下载"跳转正常,该类元素共28个，当前第24个
2020-08-27 19:21:49,006 - basepage - INFO - Click back on current page.
2020-08-27 19:21:55,524 - 2 - INFO - 页面"【安卓聊天软件】安卓聊天软件下载_安卓聊天软件排行_安卓聊天软件大全-最笨下载"跳转正常,该类元素共28个，当前第25个
2020-08-27 19:21:55,797 - basepage - INFO - Click back on current page.
2020-08-27 19:22:02,540 - 2 - INFO - 页面"爱情套路_爱情套路下载_爱情套路官方下载-最笨下载"跳转正常,该类元素共28个，当前第26个
2020-08-27 19:22:02,974 - basepage - INFO - Click back on current page.
2020-08-27 19:22:09,456 - 2 - INFO - 页面"【安卓聊天软件】安卓聊天软件下载_安卓聊天软件排行_安卓聊天软件大全-最笨下载"跳转正常,该类元素共28个，当前第27个
2020-08-27 19:22:09,728 - basepage - INFO - Click back on current page.
2020-08-27 19:22:17,042 - 2 - INFO - 页面"恋爱教程_恋爱教程下载_恋爱教程官方下载-最笨下载"跳转正常,该类元素共28个，当前第28个
2020-08-27 19:22:17,541 - basepage - INFO - Click back on current page.
2020-08-27 19:22:27,415 - 2 - INFO - 页面"【安卓播放器】安卓播放器下载_安卓播放器哪个最好_安卓播放器下载排行-最笨下载"跳转正常,该类元素共19个，当前第1个
2020-08-27 19:22:27,818 - basepage - INFO - Click back on current page.
2020-08-27 19:22:34,945 - 2 - INFO - 页面"【安卓学习软件】安卓学习软件下载_安卓学习软件免费下载_安卓学习软件大全-最笨下载"跳转正常,该类元素共19个，当前第2个
2020-08-27 19:22:35,261 - basepage - INFO - Click back on current page.
2020-08-27 19:22:42,129 - 2 - INFO - 页面"【安卓辅助软件】安卓辅助软件下载_安卓辅助软件推荐_安卓辅助软件大全-最笨下载"跳转正常,该类元素共19个，当前第3个
2020-08-27 19:22:42,395 - basepage - INFO - Click back on current page.
2020-08-27 19:22:49,434 - 2 - INFO - 页面"【安卓输入法】安卓输入法下载_安卓输入法哪个好_安卓输入法怎么用-最笨下载"跳转正常,该类元素共19个，当前第4个
2020-08-27 19:22:49,841 - basepage - INFO - Click back on current page.
2020-08-27 19:22:57,194 - 2 - INFO - 页面"【安卓通信软件】安卓通信软件下载_安卓通信软件推荐_安卓通信软件大全-最笨下载"跳转正常,该类元素共19个，当前第5个
2020-08-27 19:22:57,428 - basepage - INFO - Click back on current page.
2020-08-27 19:23:04,168 - 2 - INFO - 页面"【安卓固件】安卓固件下载_安卓固件包下载_安卓固件管理器-最笨下载"跳转正常,该类元素共19个，当前第6个
2020-08-27 19:23:04,427 - basepage - INFO - Click back on current page.
2020-08-27 19:23:11,552 - 2 - INFO - 页面"【安卓文件管理器】安卓文件管理器下载_安卓文件管理器哪个好_安卓文件管理器中文版-最笨下载"跳转正常,该类元素共19个，当前第7个
2020-08-27 19:23:11,999 - basepage - INFO - Click back on current page.
2020-08-27 19:23:18,615 - 2 - INFO - 页面"【安卓同步软件】安卓同步软件下载_安卓同步软件哪个好_安卓手机同步软件-最笨下载"跳转正常,该类元素共19个，当前第8个
2020-08-27 19:23:18,895 - basepage - INFO - Click back on current page.
2020-08-27 19:23:26,231 - 2 - INFO - 页面"【安卓办公软件】安卓办公软件下载_安卓办公软件哪个好_安卓办公软件哪种最好-最笨下载"跳转正常,该类元素共19个，当前第9个
2020-08-27 19:23:26,459 - basepage - INFO - Click back on current page.
2020-08-27 19:23:34,330 - 2 - INFO - 页面"【安卓理财软件】安卓理财软件下载_安卓理财软件哪个好_安卓理财软件大全-最笨下载"跳转正常,该类元素共19个，当前第10个
2020-08-27 19:23:34,714 - basepage - INFO - Click back on current page.
2020-08-27 19:23:41,498 - 2 - INFO - 页面"【安卓备份软件】安卓备份软件下载_安卓备份软件哪个好_安卓手机备份软件-最笨下载"跳转正常,该类元素共19个，当前第11个
2020-08-27 19:23:41,745 - basepage - INFO - Click back on current page.
2020-08-27 19:23:48,825 - 2 - INFO - 页面"【安卓跑步软件】安卓跑步软件下载_安卓跑步软件哪个好_安卓跑步软件大全-最笨下载"跳转正常,该类元素共19个，当前第12个
2020-08-27 19:23:49,091 - basepage - INFO - Click back on current page.
2020-08-27 19:23:56,169 - 2 - INFO - 页面"【安卓健康管理软件】安卓健康管理软件下载_安卓健康管理软件推荐_安卓健康管理软件大全-最笨下载"跳转正常,该类元素共19个，当前第13个
2020-08-27 19:23:56,676 - basepage - INFO - Click back on current page.
2020-08-27 19:24:03,610 - 2 - INFO - 页面"【安卓系统软件】安卓系统软件下载_安卓系统软件免费下载_安卓系统软件下载工具-最笨下载"跳转正常,该类元素共19个，当前第14个
2020-08-27 19:24:03,875 - basepage - INFO - Click back on current page.
2020-08-27 19:24:10,365 - 2 - INFO - 页面"【安卓聊天软件】安卓聊天软件下载_安卓聊天软件排行_安卓聊天软件大全-最笨下载"跳转正常,该类元素共19个，当前第15个
2020-08-27 19:24:10,642 - basepage - INFO - Click back on current page.
2020-08-27 19:24:17,267 - 2 - INFO - 页面"【安卓应用软件】安卓应用软件排行_好玩的安卓应用软件_好用的安卓应用软件-最笨下载"跳转正常,该类元素共19个，当前第16个
2020-08-27 19:24:17,813 - basepage - INFO - Click back on current page.
2020-08-27 19:24:24,316 - 2 - INFO - 页面"【安卓娱乐软件】安卓娱乐软件下载_安卓娱乐软件推荐_安卓娱乐软件大全-最笨下载"跳转正常,该类元素共19个，当前第17个
2020-08-27 19:24:24,591 - basepage - INFO - Click back on current page.
2020-08-27 19:24:32,181 - 2 - INFO - 页面"【安卓导航软件】安卓导航软件下载_安卓导航软件哪个好_安卓导航软件排名-最笨下载"跳转正常,该类元素共19个，当前第18个
2020-08-27 19:24:32,648 - basepage - INFO - Click back on current page.
2020-08-27 19:24:39,565 - 2 - INFO - 页面"【安卓网络软件】安卓网络软件下载_安卓网络软件推荐_安卓网络软件大全-最笨下载"跳转正常,该类元素共19个，当前第19个
2020-08-27 19:24:39,840 - basepage - INFO - Click back on current page.
2020-08-27 19:24:48,214 - 2 - INFO - 页面"3733手游游戏平台_3733手游游戏平台下载_3733手游游戏平台官方下载-最笨下载"跳转正常,该类元素共18个，当前第1个
2020-08-27 19:24:54,350 - 2 - INFO - 页面"最笨游戏盒_最笨游戏盒下载_最笨游戏盒官方下载-最笨下载"跳转正常,该类元素共18个，当前第2个
2020-08-27 19:25:00,490 - 2 - INFO - 页面"安致手游游戏平台_安致手游游戏平台下载_安致手游游戏平台官方下载-最笨下载"跳转正常,该类元素共18个，当前第3个
2020-08-27 19:25:06,650 - 2 - INFO - 页面"蜜小助会员破解版_蜜小助会员破解版下载_蜜小助会员破解版官方下载-最笨下载"跳转正常,该类元素共18个，当前第4个
2020-08-27 19:25:12,842 - 2 - INFO - 页面"蜜小助vip破解版_蜜小助vip破解版下载_蜜小助vip破解版官方下载-最笨下载"跳转正常,该类元素共18个，当前第5个
2020-08-27 19:25:18,976 - 2 - INFO - 页面"蜜小助内购版_蜜小助内购版下载_蜜小助内购版官方下载-最笨下载"跳转正常,该类元素共18个，当前第6个
2020-08-27 19:25:25,098 - 2 - INFO - 页面"聊天套路安卓版_聊天套路安卓版下载_聊天套路安卓版官方下载-最笨下载"跳转正常,该类元素共18个，当前第7个
2020-08-27 19:25:31,259 - 2 - INFO - 页面"聊天套路破解版_聊天套路破解版下载_聊天套路破解版官方下载-最笨下载"跳转正常,该类元素共18个，当前第8个
2020-08-27 19:25:37,439 - 2 - INFO - 页面"聊天套路软件_聊天套路软件下载_聊天套路软件官方下载-最笨下载"跳转正常,该类元素共18个，当前第9个
2020-08-27 19:25:43,593 - 2 - INFO - 页面"聊天套路_聊天套路下载_聊天套路官方下载-最笨下载"跳转正常,该类元素共18个，当前第10个
2020-08-27 19:25:49,712 - 2 - INFO - 页面"信息回复神器_信息回复神器下载_信息回复神器官方下载-最笨下载"跳转正常,该类元素共18个，当前第11个
2020-08-27 19:25:55,886 - 2 - INFO - 页面"消息回复神器_消息回复神器下载_消息回复神器官方下载-最笨下载"跳转正常,该类元素共18个，当前第12个
2020-08-27 19:26:02,008 - 2 - INFO - 页面"消息回复辅助神器_消息回复辅助神器下载_消息回复辅助神器官方下载-最笨下载"跳转正常,该类元素共18个，当前第13个
2020-08-27 19:26:08,144 - 2 - INFO - 页面"回复神器_回复神器下载_回复神器官方下载-最笨下载"跳转正常,该类元素共18个，当前第14个
2020-08-27 19:26:14,271 - 2 - INFO - 页面"神撩话术大全库_神撩话术大全库下载_神撩话术大全库官方下载-最笨下载"跳转正常,该类元素共18个，当前第15个
2020-08-27 19:26:20,399 - 2 - INFO - 页面"扑鹿_扑鹿下载_扑鹿官方下载-最笨下载"跳转正常,该类元素共18个，当前第16个
2020-08-27 19:26:26,528 - 2 - INFO - 页面"日杂相机_日杂相机下载_日杂相机官方下载-最笨下载"跳转正常,该类元素共18个，当前第17个
2020-08-27 19:26:32,657 - 2 - INFO - 页面"皮皮虾_皮皮虾下载_皮皮虾官方下载-最笨下载"跳转正常,该类元素共18个，当前第18个
2020-08-27 19:26:38,698 - 2 - INFO - 页面"【安卓益智游戏】好玩的安卓益智游戏大全_安卓益智类游戏_益智游戏下载-最笨下载"跳转正常,该类元素共17个，当前第1个
2020-08-27 19:26:38,967 - basepage - INFO - Click back on current page.
2020-08-27 19:26:45,934 - 2 - INFO - 页面"【安卓其他游戏】好玩的安卓其他游戏大全_安卓其他类游戏_其他游戏下载-最笨下载"跳转正常,该类元素共17个，当前第2个
2020-08-27 19:26:46,382 - basepage - INFO - Click back on current page.
2020-08-27 19:26:53,193 - 2 - INFO - 页面"【安卓音乐游戏】好玩的安卓音乐游戏大全_安卓音乐类游戏_音乐游戏下载-最笨下载"跳转正常,该类元素共17个，当前第3个
2020-08-27 19:26:53,457 - basepage - INFO - Click back on current page.
2020-08-27 19:27:00,674 - 2 - INFO - 页面"【安卓网络游戏】好玩的安卓网络游戏大全_安卓网络类游戏_网络游戏下载-最笨下载"跳转正常,该类元素共17个，当前第4个
2020-08-27 19:27:00,931 - basepage - INFO - Click back on current page.
2020-08-27 19:27:08,245 - 2 - INFO - 页面"【安卓格斗游戏】好玩的安卓格斗游戏大全_安卓格斗类游戏_格斗游戏下载-最笨下载"跳转正常,该类元素共17个，当前第5个
2020-08-27 19:27:08,701 - basepage - INFO - Click back on current page.
2020-08-27 19:27:15,950 - 2 - INFO - 页面"【安卓飞行游戏】好玩的安卓飞行游戏大全_安卓飞行类游戏_飞行游戏下载-最笨下载"跳转正常,该类元素共17个，当前第6个
2020-08-27 19:27:16,219 - basepage - INFO - Click back on current page.
2020-08-27 19:27:23,133 - 2 - INFO - 页面"【安卓体育运动游戏】好玩的安卓体育运动游戏大全_安卓体育运动类游戏_体育运动游戏下载-最笨下载"跳转正常,该类元素共17个，当前第7个
2020-08-27 19:27:23,417 - basepage - INFO - Click back on current page.
2020-08-27 19:27:30,437 - 2 - INFO - 页面"【安卓模拟经营游戏】好玩的安卓模拟经营游戏大全_安卓模拟经营类游戏_模拟经营游戏下载-最笨下载"跳转正常,该类元素共17个，当前第8个
2020-08-27 19:27:30,944 - basepage - INFO - Click back on current page.
2020-08-27 19:27:38,009 - 2 - INFO - 页面"【安卓策略游戏】好玩的安卓策略游戏大全_安卓策略类游戏_策略游戏下载-最笨下载"跳转正常,该类元素共17个，当前第9个
2020-08-27 19:27:38,266 - basepage - INFO - Click back on current page.
2020-08-27 19:27:45,355 - 2 - INFO - 页面"【安卓塔防游戏】好玩的安卓塔防游戏大全_安卓塔防类游戏_塔防游戏下载-最笨下载"跳转正常,该类元素共17个，当前第10个
2020-08-27 19:27:45,635 - basepage - INFO - Click back on current page.
2020-08-27 19:27:52,422 - 2 - INFO - 页面"【安卓解谜冒险游戏】好玩的安卓解谜冒险游戏大全_安卓解谜冒险类游戏_解谜冒险游戏下载-最笨下载"跳转正常,该类元素共17个，当前第11个
2020-08-27 19:27:52,882 - basepage - INFO - Click back on current page.
2020-08-27 19:27:59,467 - 2 - INFO - 页面"【安卓射击游戏】好玩的安卓射击游戏大全_安卓射击类游戏_射击游戏下载-最笨下载"跳转正常,该类元素共17个，当前第12个
2020-08-27 19:27:59,732 - basepage - INFO - Click back on current page.
2020-08-27 19:28:06,406 - 2 - INFO - 页面"【安卓棋牌游戏】好玩的安卓棋牌游戏大全_安卓棋牌类游戏_棋牌游戏下载-最笨下载"跳转正常,该类元素共17个，当前第13个
2020-08-27 19:28:06,843 - basepage - INFO - Click back on current page.
2020-08-27 19:28:13,609 - 2 - INFO - 页面"【安卓赛车游戏】好玩的安卓赛车游戏大全_安卓赛车类游戏_赛车游戏下载-最笨下载"跳转正常,该类元素共17个，当前第14个
2020-08-27 19:28:13,868 - basepage - INFO - Click back on current page.
2020-08-27 19:28:20,980 - 2 - INFO - 页面"【安卓角色扮演游戏】好玩的安卓角色扮演游戏大全_安卓角色扮演类游戏_角色扮演游戏下载-最笨下载"跳转正常,该类元素共17个，当前第15个
2020-08-27 19:28:21,419 - basepage - INFO - Click back on current page.
2020-08-27 19:28:28,105 - 2 - INFO - 页面"【安卓动作游戏】好玩的安卓动作游戏大全_安卓动作类游戏_动作游戏下载-最笨下载"跳转正常,该类元素共17个，当前第16个
2020-08-27 19:28:28,353 - basepage - INFO - Click back on current page.
2020-08-27 19:28:34,962 - 2 - INFO - 页面"【安卓休闲游戏】好玩的安卓休闲游戏大全_安卓休闲类游戏_休闲游戏下载-最笨下载"跳转正常,该类元素共17个，当前第17个
2020-08-27 19:28:35,231 - basepage - INFO - Click back on current page.
2020-08-27 19:28:43,592 - 2 - INFO - 页面"炼金国度（送1000元充值）ios版_炼金国度（送1000元充值）ios版下载_炼金国度（送1000元充值）ios版官方下载-最笨下载"跳转正常,该类元素共18个，当前第1个
2020-08-27 19:28:49,731 - 2 - INFO - 页面"国贼顾挽之_国贼顾挽之下载_国贼顾挽之官方下载-最笨下载"跳转正常,该类元素共18个，当前第2个
2020-08-27 19:28:55,872 - 2 - INFO - 页面"大秦黎明_大秦黎明下载_大秦黎明官方下载-最笨下载"跳转正常,该类元素共18个，当前第3个
2020-08-27 19:29:02,001 - 2 - INFO - 页面"怒焰三国杀手游_怒焰三国杀手游下载_怒焰三国杀手游官方下载-最笨下载"跳转正常,该类元素共18个，当前第4个
2020-08-27 19:29:08,134 - 2 - INFO - 页面"末日围城_末日围城下载_末日围城官方下载-最笨下载"跳转正常,该类元素共18个，当前第5个
2020-08-27 19:29:14,306 - 2 - INFO - 页面"天将雄师九游版_天将雄师九游版下载_天将雄师九游版官方下载-最笨下载"跳转正常,该类元素共18个，当前第6个
2020-08-27 19:29:20,465 - 2 - INFO - 页面"诸王黎明_诸王黎明下载_诸王黎明官方下载-最笨下载"跳转正常,该类元素共18个，当前第7个
2020-08-27 19:29:26,591 - 2 - INFO - 页面"一梦江湖九游版_一梦江湖九游版下载_一梦江湖九游版官方下载-最笨下载"跳转正常,该类元素共18个，当前第8个
2020-08-27 19:29:32,738 - 2 - INFO - 页面"NBA篮球大师_NBA篮球大师下载_NBA篮球大师官方下载-最笨下载"跳转正常,该类元素共18个，当前第9个
2020-08-27 19:29:38,896 - 2 - INFO - 页面"萌妖传手游_萌妖传手游下载_萌妖传手游官方下载-最笨下载"跳转正常,该类元素共18个，当前第10个
2020-08-27 19:29:45,081 - 2 - INFO - 页面"中超英雄手游_中超英雄手游下载_中超英雄手游官方下载-最笨下载"跳转正常,该类元素共18个，当前第11个
2020-08-27 19:29:51,235 - 2 - INFO - 页面"三国战天下手游_三国战天下手游下载_三国战天下手游官方下载-最笨下载"跳转正常,该类元素共18个，当前第12个
2020-08-27 19:29:57,379 - 2 - INFO - 页面"拳皇命运_拳皇命运下载_拳皇命运官方下载-最笨下载"跳转正常,该类元素共18个，当前第13个
2020-08-27 19:30:03,520 - 2 - INFO - 页面"电能大亨_电能大亨下载_电能大亨官方下载-最笨下载"跳转正常,该类元素共18个，当前第14个
2020-08-27 19:30:09,642 - 2 - INFO - 页面"驾校模拟器_驾校模拟器下载_驾校模拟器官方下载-最笨下载"跳转正常,该类元素共18个，当前第15个
2020-08-27 19:30:15,806 - 2 - INFO - 页面"暗黑探险2_暗黑探险2下载_暗黑探险2官方下载-最笨下载"跳转正常,该类元素共18个，当前第16个
2020-08-27 19:30:21,964 - 2 - INFO - 页面"风暴山之谜_风暴山之谜下载_风暴山之谜官方下载-最笨下载"跳转正常,该类元素共18个，当前第17个
2020-08-27 19:30:28,090 - 2 - INFO - 页面"炸弹投石机:卡牌战斗_炸弹投石机:卡牌战斗下载_炸弹投石机:卡牌战斗官方下载-最笨下载"跳转正常,该类元素共18个，当前第18个
2020-08-27 19:30:35,513 - 2 - INFO - 页面"变态手游公益服_bt手游变态服_无限元宝bt手游下载_BT手游中心-最笨下载"跳转正常,该类元素共13个，当前第1个
2020-08-27 19:30:35,793 - basepage - INFO - Click back on current page.
2020-08-27 19:30:43,959 - 2 - INFO - 页面"变态手游公益服_bt手游变态服_无限元宝bt手游下载_BT手游中心-最笨下载"跳转正常,该类元素共13个，当前第2个
2020-08-27 19:30:44,154 - basepage - INFO - Click back on current page.
2020-08-27 19:33:57,657 - 2 - INFO - 页面"www.zuiben.com"跳转正常,该类元素共13个，当前第3个
2020-08-27 19:33:58,223 - basepage - INFO - Click back on current page.
2020-08-27 19:34:06,550 - 2 - INFO - 页面"变态手游公益服_bt手游变态服_无限元宝bt手游下载_BT手游中心-最笨下载"跳转正常,该类元素共13个，当前第4个
2020-08-27 19:34:07,088 - basepage - INFO - Click back on current page.
2020-08-27 19:34:15,718 - 2 - INFO - 页面"变态手游公益服_bt手游变态服_无限元宝bt手游下载_BT手游中心-最笨下载"跳转正常,该类元素共13个，当前第5个
2020-08-27 19:34:16,099 - basepage - INFO - Click back on current page.
2020-08-27 19:34:24,510 - 2 - INFO - 页面"变态手游公益服_bt手游变态服_无限元宝bt手游下载_BT手游中心-最笨下载"跳转正常,该类元素共13个，当前第6个
2020-08-27 19:34:24,903 - basepage - INFO - Click back on current page.
2020-08-27 19:34:38,823 - 2 - INFO - 页面"变态手游公益服_bt手游变态服_无限元宝bt手游下载_BT手游中心-最笨下载"跳转正常,该类元素共13个，当前第7个
2020-08-27 19:34:41,179 - basepage - INFO - Click back on current page.
2020-08-27 19:34:52,209 - 2 - INFO - 页面"变态手游公益服_bt手游变态服_无限元宝bt手游下载_BT手游中心-最笨下载"跳转正常,该类元素共13个，当前第8个
2020-08-27 19:34:52,417 - basepage - INFO - Click back on current page.
2020-08-27 19:35:00,437 - 2 - INFO - 页面"变态手游公益服_bt手游变态服_无限元宝bt手游下载_BT手游中心-最笨下载"跳转正常,该类元素共13个，当前第9个
2020-08-27 19:35:00,691 - basepage - INFO - Click back on current page.
2020-08-27 19:35:08,865 - 2 - INFO - 页面"变态手游公益服_bt手游变态服_无限元宝bt手游下载_BT手游中心-最笨下载"跳转正常,该类元素共13个，当前第10个
2020-08-27 19:35:09,253 - basepage - INFO - Click back on current page.
2020-08-27 19:35:17,224 - 2 - INFO - 页面"变态手游公益服_bt手游变态服_无限元宝bt手游下载_BT手游中心-最笨下载"跳转正常,该类元素共13个，当前第11个
2020-08-27 19:35:17,640 - basepage - INFO - Click back on current page.
2020-08-27 19:35:25,997 - 2 - INFO - 页面"变态手游公益服_bt手游变态服_无限元宝bt手游下载_BT手游中心-最笨下载"跳转正常,该类元素共13个，当前第12个
2020-08-27 19:35:26,256 - basepage - INFO - Click back on current page.
2020-08-27 19:35:34,862 - 2 - INFO - 页面"变态手游公益服_bt手游变态服_无限元宝bt手游下载_BT手游中心-最笨下载"跳转正常,该类元素共13个，当前第13个
2020-08-27 19:35:35,068 - basepage - INFO - Click back on current page.
2020-08-27 19:35:43,447 - 2 - INFO - 页面"斗转武林（爆海量充值卡）_斗转武林（爆海量充值卡）无限元宝服_SF变态版斗转武林（爆海量充值卡）公益服下载 - 最笨下载"跳转正常,该类元素共18个，当前第1个
2020-08-27 19:35:49,629 - 2 - INFO - 页面"小黑的宝藏（送海量充值）_小黑的宝藏（送海量充值）无限元宝服_SF变态版小黑的宝藏（送海量充值）公益服下载 - 最笨下载"跳转正常,该类元素共18个，当前第2个
2020-08-27 19:35:55,806 - 2 - INFO - 页面"小小三国志（送充值卡）_小小三国志（送充值卡）无限元宝服_SF变态版小小三国志（送充值卡）公益服下载 - 最笨下载"跳转正常,该类元素共18个，当前第3个
2020-08-27 19:36:01,969 - 2 - INFO - 页面"天使圣域（欧皇海量抽）_天使圣域（欧皇海量抽）无限元宝服_SF变态版天使圣域（欧皇海量抽）公益服下载 - 最笨下载"跳转正常,该类元素共18个，当前第4个
2020-08-27 19:36:08,155 - 2 - INFO - 页面"斗罗大陆神界传说Ⅱ（天天送充值）_斗罗大陆神界传说Ⅱ（天天送充值）无限元宝服_SF变态版斗罗大陆神界传说Ⅱ（天天送充值）公益服下载 - 最笨下载"跳转正常,该类元素共18个，当前第5个
2020-08-27 19:36:14,310 - 2 - INFO - 页面"龙之霸业（送千元充值）_龙之霸业（送千元充值）无限元宝服_SF变态版龙之霸业（送千元充值）公益服下载 - 最笨下载"跳转正常,该类元素共18个，当前第6个
2020-08-27 19:36:20,449 - 2 - INFO - 页面"无双三国（送328充值）_无双三国（送328充值）无限元宝服_SF变态版无双三国（送328充值）公益服下载 - 最笨下载"跳转正常,该类元素共18个，当前第7个
2020-08-27 19:36:26,612 - 2 - INFO - 页面"六界之门（百抽海量特权）_六界之门（百抽海量特权）无限元宝服_SF变态版六界之门（百抽海量特权）公益服下载 - 最笨下载"跳转正常,该类元素共18个，当前第8个
2020-08-27 19:36:32,739 - 2 - INFO - 页面"阴阳界（送1000充值）_阴阳界（送1000充值）无限元宝服_SF变态版阴阳界（送1000充值）公益服下载 - 最笨下载"跳转正常,该类元素共18个，当前第9个
2020-08-27 19:36:38,862 - 2 - INFO - 页面"天域战记（天天送充值）_天域战记（天天送充值）无限元宝服_SF变态版天域战记（天天送充值）公益服下载 - 最笨下载"跳转正常,该类元素共18个，当前第10个
2020-08-27 19:36:44,987 - 2 - INFO - 页面"黑暗与荣耀（送史诗宠物）_黑暗与荣耀（送史诗宠物）无限元宝服_SF变态版黑暗与荣耀（送史诗宠物）公益服下载 - 最笨下载"跳转正常,该类元素共18个，当前第11个
2020-08-27 19:36:51,126 - 2 - INFO - 页面"剑心吟（送648充值）_剑心吟（送648充值）无限元宝服_SF变态版剑心吟（送648充值）公益服下载 - 最笨下载"跳转正常,该类元素共18个，当前第12个
2020-08-27 19:36:57,248 - 2 - INFO - 页面"一剑问情（海量充值特权）_一剑问情（海量充值特权）无限元宝服_SF变态版一剑问情（海量充值特权）公益服下载 - 最笨下载"跳转正常,该类元素共18个，当前第13个
2020-08-27 19:37:03,366 - 2 - INFO - 页面"少年勇者团（天天送充值）_少年勇者团（天天送充值）无限元宝服_SF变态版少年勇者团（天天送充值）公益服下载 - 最笨下载"跳转正常,该类元素共18个，当前第14个
2020-08-27 19:37:09,486 - 2 - INFO - 页面"修仙记（送海量充值）_修仙记（送海量充值）无限元宝服_SF变态版修仙记（送海量充值）公益服下载 - 最笨下载"跳转正常,该类元素共18个，当前第15个
2020-08-27 19:37:15,617 - 2 - INFO - 页面"御龙三国志（送真百抽）_御龙三国志（送真百抽）无限元宝服_SF变态版御龙三国志（送真百抽）公益服下载 - 最笨下载"跳转正常,该类元素共18个，当前第16个
2020-08-27 19:37:21,763 - 2 - INFO - 页面"神龙猎手（开局送万抽）_神龙猎手（开局送万抽）无限元宝服_SF变态版神龙猎手（开局送万抽）公益服下载 - 最笨下载"跳转正常,该类元素共18个，当前第17个
2020-08-27 19:37:27,893 - 2 - INFO - 页面"梦幻江湖（送千万元宝）_梦幻江湖（送千万元宝）无限元宝服_SF变态版梦幻江湖（送千万元宝）公益服下载 - 最笨下载"跳转正常,该类元素共18个，当前第18个
2020-08-27 19:37:36,981 - 2 - INFO - 页面"满vip版手游_手游sf送顶级vip_满级vip无限元宝手游下载-最笨下载"跳转正常,该类元素共13个，当前第1个
2020-08-27 19:37:37,235 - basepage - INFO - Click back on current page.
2020-08-27 19:37:45,378 - 2 - INFO - 页面"满vip版手游_手游sf送顶级vip_满级vip无限元宝手游下载-最笨下载"跳转正常,该类元素共13个，当前第2个
2020-08-27 19:37:45,594 - basepage - INFO - Click back on current page.
2020-08-27 19:37:54,217 - 2 - INFO - 页面"满vip版手游_手游sf送顶级vip_满级vip无限元宝手游下载-最笨下载"跳转正常,该类元素共13个，当前第3个
2020-08-27 19:37:54,609 - basepage - INFO - Click back on current page.
2020-08-27 19:38:03,088 - 2 - INFO - 页面"满vip版手游_手游sf送顶级vip_满级vip无限元宝手游下载-最笨下载"跳转正常,该类元素共13个，当前第4个
2020-08-27 19:38:03,464 - basepage - INFO - Click back on current page.
2020-08-27 19:38:11,655 - 2 - INFO - 页面"满vip版手游_手游sf送顶级vip_满级vip无限元宝手游下载-最笨下载"跳转正常,该类元素共13个，当前第5个
2020-08-27 19:38:12,091 - basepage - INFO - Click back on current page.
2020-08-27 19:38:20,249 - 2 - INFO - 页面"满vip版手游_手游sf送顶级vip_满级vip无限元宝手游下载-最笨下载"跳转正常,该类元素共13个，当前第6个
2020-08-27 19:38:20,483 - basepage - INFO - Click back on current page.
2020-08-27 19:38:28,732 - 2 - INFO - 页面"满vip版手游_手游sf送顶级vip_满级vip无限元宝手游下载-最笨下载"跳转正常,该类元素共13个，当前第7个
2020-08-27 19:38:29,136 - basepage - INFO - Click back on current page.
2020-08-27 19:38:37,245 - 2 - INFO - 页面"满vip版手游_手游sf送顶级vip_满级vip无限元宝手游下载-最笨下载"跳转正常,该类元素共13个，当前第8个
2020-08-27 19:38:37,687 - basepage - INFO - Click back on current page.
2020-08-27 19:38:46,039 - 2 - INFO - 页面"满vip版手游_手游sf送顶级vip_满级vip无限元宝手游下载-最笨下载"跳转正常,该类元素共13个，当前第9个
2020-08-27 19:38:46,249 - basepage - INFO - Click back on current page.
2020-08-27 19:38:55,558 - 2 - INFO - 页面"满vip版手游_手游sf送顶级vip_满级vip无限元宝手游下载-最笨下载"跳转正常,该类元素共13个，当前第10个
2020-08-27 19:38:55,958 - basepage - INFO - Click back on current page.
2020-08-27 19:39:04,803 - 2 - INFO - 页面"满vip版手游_手游sf送顶级vip_满级vip无限元宝手游下载-最笨下载"跳转正常,该类元素共13个，当前第11个
2020-08-27 19:39:05,223 - basepage - INFO - Click back on current page.
2020-08-27 19:39:14,212 - 2 - INFO - 页面"满vip版手游_手游sf送顶级vip_满级vip无限元宝手游下载-最笨下载"跳转正常,该类元素共13个，当前第12个
2020-08-27 19:39:14,600 - basepage - INFO - Click back on current page.
2020-08-27 19:39:22,477 - 2 - INFO - 页面"满vip版手游_手游sf送顶级vip_满级vip无限元宝手游下载-最笨下载"跳转正常,该类元素共13个，当前第13个
2020-08-27 19:39:22,956 - basepage - INFO - Click back on current page.
2020-08-27 19:39:31,346 - 2 - INFO - 页面"幻剑情缘（送千元充值）_幻剑情缘（送千元充值）无限元宝服_SF变态版幻剑情缘（送千元充值）公益服下载 - 最笨下载"跳转正常,该类元素共18个，当前第1个
2020-08-27 19:39:37,501 - 2 - INFO - 页面"影歌（海量打金特权）_影歌（海量打金特权）无限元宝服_SF变态版影歌（海量打金特权）公益服下载 - 最笨下载"跳转正常,该类元素共18个，当前第2个
2020-08-27 19:39:43,661 - 2 - INFO - 页面"闪将三国（送千元充值）_闪将三国（送千元充值）无限元宝服_SF变态版闪将三国（送千元充值）公益服下载 - 最笨下载"跳转正常,该类元素共18个，当前第3个
2020-08-27 19:39:49,853 - 2 - INFO - 页面"乱戳三国2（送GM特权）_乱戳三国2（送GM特权）无限元宝服_SF变态版乱戳三国2（送GM特权）公益服下载 - 最笨下载"跳转正常,该类元素共18个，当前第4个
2020-08-27 19:39:55,999 - 2 - INFO - 页面"吞噬苍穹（海量充值卡）_吞噬苍穹（海量充值卡）无限元宝服_SF变态版吞噬苍穹（海量充值卡）公益服下载 - 最笨下载"跳转正常,该类元素共18个，当前第5个
2020-08-27 19:40:02,116 - 2 - INFO - 页面"刀剑神魔录（1元商城特权）_刀剑神魔录（1元商城特权）无限元宝服_SF变态版刀剑神魔录（1元商城特权）公益服下载 - 最笨下载"跳转正常,该类元素共18个，当前第6个
2020-08-27 19:40:08,235 - 2 - INFO - 页面"乱世江湖（天天送充值）_乱世江湖（天天送充值）无限元宝服_SF变态版乱世江湖（天天送充值）公益服下载 - 最笨下载"跳转正常,该类元素共18个，当前第7个
2020-08-27 19:40:14,356 - 2 - INFO - 页面"王者战歌（送千元充值）_王者战歌（送千元充值）无限元宝服_SF变态版王者战歌（送千元充值）公益服下载 - 最笨下载"跳转正常,该类元素共18个，当前第8个
2020-08-27 19:40:20,480 - 2 - INFO - 页面"齐天记（海量资源特权）_齐天记（海量资源特权）无限元宝服_SF变态版齐天记（海量资源特权）公益服下载 - 最笨下载"跳转正常,该类元素共18个，当前第9个
2020-08-27 19:40:26,599 - 2 - INFO - 页面"征程三国（送百抽S神将）_征程三国（送百抽S神将）无限元宝服_SF变态版征程三国（送百抽S神将）公益服下载 - 最笨下载"跳转正常,该类元素共18个，当前第10个
2020-08-27 19:40:32,728 - 2 - INFO - 页面"净化（海量商城特权）_净化（海量商城特权）无限元宝服_SF变态版净化（海量商城特权）公益服下载 - 最笨下载"跳转正常,该类元素共18个，当前第11个
2020-08-27 19:40:38,870 - 2 - INFO - 页面"机甲战纪（送GM特权）_机甲战纪（送GM特权）无限元宝服_SF变态版机甲战纪（送GM特权）公益服下载 - 最笨下载"跳转正常,该类元素共18个，当前第12个
2020-08-27 19:40:44,994 - 2 - INFO - 页面"星星喵（送千元充值）_星星喵（送千元充值）无限元宝服_SF变态版星星喵（送千元充值）公益服下载 - 最笨下载"跳转正常,该类元素共18个，当前第13个
2020-08-27 19:40:51,131 - 2 - INFO - 页面"轩辕剑群侠传（商城特权）_轩辕剑群侠传（商城特权）无限元宝服_SF变态版轩辕剑群侠传（商城特权）公益服下载 - 最笨下载"跳转正常,该类元素共18个，当前第14个
2020-08-27 19:40:57,258 - 2 - INFO - 页面"大秦之帝国崛起（送法拉利）_大秦之帝国崛起（送法拉利）无限元宝服_SF变态版大秦之帝国崛起（送法拉利）公益服下载 - 最笨下载"跳转正常,该类元素共18个，当前第15个
2020-08-27 19:41:03,419 - 2 - INFO - 页面"进击的少女（闯关爆充值）_进击的少女（闯关爆充值）无限元宝服_SF变态版进击的少女（闯关爆充值）公益服下载 - 最笨下载"跳转正常,该类元素共18个，当前第16个
2020-08-27 19:41:09,563 - 2 - INFO - 页面"小小虎将（海量特权）_小小虎将（海量特权）无限元宝服_SF变态版小小虎将（海量特权）公益服下载 - 最笨下载"跳转正常,该类元素共18个，当前第17个
2020-08-27 19:41:15,742 - 2 - INFO - 页面"妖游记（海量送充值）_妖游记（海量送充值）无限元宝服_SF变态版妖游记（海量送充值）公益服下载 - 最笨下载"跳转正常,该类元素共18个，当前第18个
2020-08-27 19:41:23,086 - 2 - INFO - 页面"gm版手游_无限元宝/钻石公益服_0元免费gm权限手游下载-最笨下载"跳转正常,该类元素共13个，当前第1个
2020-08-27 19:41:23,293 - basepage - INFO - Click back on current page.
2020-08-27 19:41:31,727 - 2 - INFO - 页面"gm版手游_无限元宝/钻石公益服_0元免费gm权限手游下载-最笨下载"跳转正常,该类元素共13个，当前第2个
2020-08-27 19:41:32,150 - basepage - INFO - Click back on current page.
2020-08-27 19:41:40,244 - 2 - INFO - 页面"gm版手游_无限元宝/钻石公益服_0元免费gm权限手游下载-最笨下载"跳转正常,该类元素共13个，当前第3个
2020-08-27 19:41:40,725 - basepage - INFO - Click back on current page.
2020-08-27 19:41:48,690 - 2 - INFO - 页面"gm版手游_无限元宝/钻石公益服_0元免费gm权限手游下载-最笨下载"跳转正常,该类元素共13个，当前第4个
2020-08-27 19:41:48,904 - basepage - INFO - Click back on current page.
2020-08-27 19:42:15,581 - 2 - INFO - 页面"www.zuiben.com"跳转正常,该类元素共13个，当前第5个
2020-08-27 19:42:16,179 - basepage - INFO - Click back on current page.
2020-08-27 19:42:24,244 - 2 - INFO - 页面"gm版手游_无限元宝/钻石公益服_0元免费gm权限手游下载-最笨下载"跳转正常,该类元素共13个，当前第6个
2020-08-27 19:42:24,452 - basepage - INFO - Click back on current page.
2020-08-27 19:42:32,404 - 2 - INFO - 页面"gm版手游_无限元宝/钻石公益服_0元免费gm权限手游下载-最笨下载"跳转正常,该类元素共13个，当前第7个
2020-08-27 19:42:32,616 - basepage - INFO - Click back on current page.
2020-08-27 19:42:39,992 - 2 - INFO - 页面"gm版手游_无限元宝/钻石公益服_0元免费gm权限手游下载-最笨下载"跳转正常,该类元素共13个，当前第8个
2020-08-27 19:42:40,380 - basepage - INFO - Click back on current page.
2020-08-27 19:42:48,707 - 2 - INFO - 页面"gm版手游_无限元宝/钻石公益服_0元免费gm权限手游下载-最笨下载"跳转正常,该类元素共13个，当前第9个
2020-08-27 19:42:49,096 - basepage - INFO - Click back on current page.
2020-08-27 19:42:57,451 - 2 - INFO - 页面"gm版手游_无限元宝/钻石公益服_0元免费gm权限手游下载-最笨下载"跳转正常,该类元素共13个，当前第10个
2020-08-27 19:42:57,854 - basepage - INFO - Click back on current page.
2020-08-27 19:43:05,132 - 2 - INFO - 页面"gm版手游_无限元宝/钻石公益服_0元免费gm权限手游下载-最笨下载"跳转正常,该类元素共13个，当前第11个
2020-08-27 19:43:05,404 - basepage - INFO - Click back on current page.
2020-08-27 19:43:13,478 - 2 - INFO - 页面"gm版手游_无限元宝/钻石公益服_0元免费gm权限手游下载-最笨下载"跳转正常,该类元素共13个，当前第12个
2020-08-27 19:43:13,727 - basepage - INFO - Click back on current page.
2020-08-27 19:43:21,789 - 2 - INFO - 页面"gm版手游_无限元宝/钻石公益服_0元免费gm权限手游下载-最笨下载"跳转正常,该类元素共13个，当前第13个
2020-08-27 19:43:22,204 - basepage - INFO - Click back on current page.
2020-08-27 19:43:30,563 - 2 - INFO - 页面"九州剑灵（GM版）_九州剑灵（GM版）免费gm权限安卓下载 - 最笨下载"跳转正常,该类元素共18个，当前第1个
2020-08-27 19:43:36,711 - 2 - INFO - 页面"仙游（GM版）_仙游（GM版）免费gm权限安卓下载 - 最笨下载"跳转正常,该类元素共18个，当前第2个
2020-08-27 19:43:42,880 - 2 - INFO - 页面"高达（GM版）_高达（GM版）免费gm权限安卓下载 - 最笨下载"跳转正常,该类元素共18个，当前第3个
2020-08-27 19:43:49,011 - 2 - INFO - 页面"暗黑王者（GM版）_暗黑王者（GM版）免费gm权限安卓下载 - 最笨下载"跳转正常,该类元素共18个，当前第4个
2020-08-27 19:43:55,147 - 2 - INFO - 页面"问鼎封神（GM版）_问鼎封神（GM版）免费gm权限安卓下载 - 最笨下载"跳转正常,该类元素共18个，当前第5个
2020-08-27 19:44:01,305 - 2 - INFO - 页面"仙剑轮回（GM版）_仙剑轮回（GM版）免费gm权限安卓下载 - 最笨下载"跳转正常,该类元素共18个，当前第6个
2020-08-27 19:44:07,446 - 2 - INFO - 页面"神道仙尊（GM版）_神道仙尊（GM版）免费gm权限安卓下载 - 最笨下载"跳转正常,该类元素共18个，当前第7个
2020-08-27 19:44:13,585 - 2 - INFO - 页面"大将无双（GM版）_大将无双（GM版）免费gm权限安卓下载 - 最笨下载"跳转正常,该类元素共18个，当前第8个
2020-08-27 19:44:19,721 - 2 - INFO - 页面"青云剑诀（GM版）_青云剑诀（GM版）免费gm权限安卓下载 - 最笨下载"跳转正常,该类元素共18个，当前第9个
2020-08-27 19:44:25,868 - 2 - INFO - 页面"寂灭剑诀（GM版）_寂灭剑诀（GM版）免费gm权限安卓下载 - 最笨下载"跳转正常,该类元素共18个，当前第10个
2020-08-27 19:44:32,007 - 2 - INFO - 页面"封神记（GM版）_封神记（GM版）免费gm权限安卓下载 - 最笨下载"跳转正常,该类元素共18个，当前第11个
2020-08-27 19:44:38,192 - 2 - INFO - 页面"豪门小老婆（GM版）_豪门小老婆（GM版）免费gm权限安卓下载 - 最笨下载"跳转正常,该类元素共18个，当前第12个
2020-08-27 19:44:44,336 - 2 - INFO - 页面"三生三誓青丘传（GM版）_三生三誓青丘传（GM版）免费gm权限安卓下载 - 最笨下载"跳转正常,该类元素共18个，当前第13个
2020-08-27 19:44:50,474 - 2 - INFO - 页面"毒尊三国（GM版）_毒尊三国（GM版）免费gm权限安卓下载 - 最笨下载"跳转正常,该类元素共18个，当前第14个
2020-08-27 19:44:56,595 - 2 - INFO - 页面"乱世神话（GM版）_乱世神话（GM版）免费gm权限安卓下载 - 最笨下载"跳转正常,该类元素共18个，当前第15个
2020-08-27 19:45:02,731 - 2 - INFO - 页面"天子问剑（GM版）_天子问剑（GM版）免费gm权限安卓下载 - 最笨下载"跳转正常,该类元素共18个，当前第16个
2020-08-27 19:45:08,851 - 2 - INFO - 页面"风云三国（GM版）_风云三国（GM版）免费gm权限安卓下载 - 最笨下载"跳转正常,该类元素共18个，当前第17个
2020-08-27 19:45:14,982 - 2 - INFO - 页面"古惑三国志（GM版）_古惑三国志（GM版）免费gm权限安卓下载 - 最笨下载"跳转正常,该类元素共18个，当前第18个
2020-08-27 19:45:22,941 - 2 - INFO - 页面"免费权限GM游戏"跳转正常,该类元素共4个，当前第1个
2020-08-27 19:45:23,202 - basepage - INFO - Click back on current page.
2020-08-27 19:45:28,518 - 2 - INFO - 页面"聊天回复神器合集"跳转正常,该类元素共4个，当前第2个
2020-08-27 19:45:28,936 - basepage - INFO - Click back on current page.
2020-08-27 19:45:39,032 - 2 - INFO - 页面"超变私服传奇一刀999999级"跳转正常,该类元素共4个，当前第3个
2020-08-27 19:45:39,307 - basepage - INFO - Click back on current page.
2020-08-27 19:45:45,801 - 2 - INFO - 页面"美女爆衣游戏手游"跳转正常,该类元素共4个，当前第4个
2020-08-27 19:45:46,076 - basepage - INFO - Click back on current page.
2020-08-27 19:45:53,955 - 2 - INFO - 页面"【苹果播放器】iPhone手机播放器,iPhone播放器免费下载大全-最笨下载"跳转正常,该类元素共19个，当前第1个
2020-08-27 19:45:54,207 - basepage - INFO - Click back on current page.
2020-08-27 19:46:01,271 - 2 - INFO - 页面"【苹果学习软件】iPhone手机学习软件_iPhone学习软件免费下载大全-最笨下载"跳转正常,该类元素共19个，当前第2个
2020-08-27 19:46:01,745 - basepage - INFO - Click back on current page.
2020-08-27 19:46:08,991 - 2 - INFO - 页面"【苹果辅助软件】iPhone手机辅助软件_iPhone辅助软件免费下载大全-最笨下载"跳转正常,该类元素共19个，当前第3个
2020-08-27 19:46:09,200 - basepage - INFO - Click back on current page.
2020-08-27 19:46:16,088 - 2 - INFO - 页面"【苹果输入法】iPhone手机输入法_iPhone输入法免费下载大全-最笨下载"跳转正常,该类元素共19个，当前第4个
2020-08-27 19:46:16,343 - basepage - INFO - Click back on current page.
2020-08-27 19:46:23,603 - 2 - INFO - 页面"【苹果通信软件】iPhone手机通信软件_iPhone通信软件免费下载大全-最笨下载"跳转正常,该类元素共19个，当前第5个
2020-08-27 19:46:24,058 - basepage - INFO - Click back on current page.
2020-08-27 19:46:31,313 - 2 - INFO - 页面"【苹果固件】iPhone手机固件软件_iPhone固件软件免费下载大全-最笨下载"跳转正常,该类元素共19个，当前第6个
2020-08-27 19:46:31,590 - basepage - INFO - Click back on current page.
2020-08-27 19:46:38,605 - 2 - INFO - 页面"【苹果文件管理软件】iPhone手机文件管理软件_iPhone文件管理软件免费下载大全-最笨下载"跳转正常,该类元素共19个，当前第7个
2020-08-27 19:46:38,818 - basepage - INFO - Click back on current page.
2020-08-27 19:46:45,664 - 2 - INFO - 页面"【苹果同步软件】iPhone手机同步软件_iPhone同步软件免费下载大全-最笨下载"跳转正常,该类元素共19个，当前第8个
2020-08-27 19:46:46,077 - basepage - INFO - Click back on current page.
2020-08-27 19:46:53,357 - 2 - INFO - 页面"【苹果办公软件】iPhone手机办公软件_iPhone办公软件免费下载大全-最笨下载"跳转正常,该类元素共19个，当前第9个
2020-08-27 19:46:53,584 - basepage - INFO - Click back on current page.
2020-08-27 19:47:00,696 - 2 - INFO - 页面"【苹果理财软件】iPhone手机理财软件_iPhone理财软件免费下载大全-最笨下载"跳转正常,该类元素共19个，当前第10个
2020-08-27 19:47:00,966 - basepage - INFO - Click back on current page.
2020-08-27 19:47:08,423 - 2 - INFO - 页面"【苹果备份软件】iPhone手机备份软件_iPhone备份软件免费下载大全-最笨下载"跳转正常,该类元素共19个，当前第11个
2020-08-27 19:47:08,871 - basepage - INFO - Click back on current page.
2020-08-27 19:47:16,077 - 2 - INFO - 页面"【苹果健身软件】iPhone手机健身软件_iPhone健身软件免费下载大全-最笨下载"跳转正常,该类元素共19个，当前第12个
2020-08-27 19:47:16,339 - basepage - INFO - Click back on current page.
2020-08-27 19:47:23,776 - 2 - INFO - 页面"【苹果健康管理软件】iPhone手机健康管理软件_iPhone健康管理软件免费下载大全-最笨下载"跳转正常,该类元素共19个，当前第13个
2020-08-27 19:47:24,054 - basepage - INFO - Click back on current page.
2020-08-27 19:47:31,369 - 2 - INFO - 页面"【苹果系统软件】iPhone手机系统软件_iPhone系统软件免费下载大全-最笨下载"跳转正常,该类元素共19个，当前第14个
2020-08-27 19:47:31,818 - basepage - INFO - Click back on current page.
2020-08-27 19:47:38,633 - 2 - INFO - 页面"【苹果社交软件】iphone手机社交软件_iphone社交软件免费下载大全-最笨下载"跳转正常,该类元素共19个，当前第15个
2020-08-27 19:47:38,914 - basepage - INFO - Click back on current page.
2020-08-27 19:47:45,707 - 2 - INFO - 页面"【苹果娱乐软件】iPhone手机娱乐软件_iPhone娱乐软件免费下载大全-最笨下载"跳转正常,该类元素共19个，当前第16个
2020-08-27 19:47:45,953 - basepage - INFO - Click back on current page.
2020-08-27 19:47:52,887 - 2 - INFO - 页面"【苹果导航】iPhone手机导航软件,iPhone导航软件免费下载大全-最笨下载"跳转正常,该类元素共19个，当前第17个
2020-08-27 19:47:53,325 - basepage - INFO - Click back on current page.
2020-08-27 19:48:00,419 - 2 - INFO - 页面"【苹果网络软件】iPhone手机网络软件,iPhone网络软件免费下载大全-最笨下载"跳转正常,该类元素共19个，当前第18个
2020-08-27 19:48:00,636 - basepage - INFO - Click back on current page.
2020-08-27 19:48:07,828 - 2 - INFO - 页面"【苹果助手软件】iPhone生活助手软件_iPhone生活助手软件免费下载大全-最笨下载"跳转正常,该类元素共19个，当前第19个
2020-08-27 19:48:08,088 - basepage - INFO - Click back on current page.
2020-08-27 19:48:16,447 - 2 - INFO - 页面"安致手游盒子ios版_安致手游盒子ios版下载_安致手游盒子ios版官方下载-最笨下载"跳转正常,该类元素共18个，当前第1个
2020-08-27 19:48:22,590 - 2 - INFO - 页面"爪游控游戏盒子ios版_爪游控游戏盒子ios版下载_爪游控游戏盒子ios版官方下载-最笨下载"跳转正常,该类元素共18个，当前第2个
2020-08-27 19:48:28,739 - 2 - INFO - 页面"手机玩盒子ios版_手机玩盒子ios版下载_手机玩盒子ios版官方下载-最笨下载"跳转正常,该类元素共18个，当前第3个
2020-08-27 19:48:34,879 - 2 - INFO - 页面"蜜小助ios版_蜜小助ios版下载_蜜小助ios版官方下载-最笨下载"跳转正常,该类元素共18个，当前第4个
2020-08-27 19:48:41,048 - 2 - INFO - 页面"BT游戏大全ios_BT游戏大全ios下载_BT游戏大全ios官方下载-最笨下载"跳转正常,该类元素共18个，当前第5个
2020-08-27 19:48:47,211 - 2 - INFO - 页面"小8游戏盒子ios_小8游戏盒子ios下载_小8游戏盒子ios官方下载-最笨下载"跳转正常,该类元素共18个，当前第6个
2020-08-27 19:48:53,364 - 2 - INFO - 页面"安卓市场ios版_安卓市场ios版下载_安卓市场ios版官方下载-最笨下载"跳转正常,该类元素共18个，当前第7个
2020-08-27 19:48:59,500 - 2 - INFO - 页面"剪映_剪映下载_剪映官方下载-最笨下载"跳转正常,该类元素共18个，当前第8个
2020-08-27 19:49:05,670 - 2 - INFO - 页面"吾爱看书ios版_吾爱看书ios版下载_吾爱看书ios版官方下载-最笨下载"跳转正常,该类元素共18个，当前第9个
2020-08-27 19:49:11,828 - 2 - INFO - 页面"7743游戏平台_7743游戏平台下载_7743游戏平台官方下载-最笨下载"跳转正常,该类元素共18个，当前第10个
2020-08-27 19:49:17,964 - 2 - INFO - 页面"搜书帝ios_搜书帝ios下载_搜书帝ios官方下载-最笨下载"跳转正常,该类元素共18个，当前第11个
2020-08-27 19:49:24,136 - 2 - INFO - 页面"大塘小鱼_大塘小鱼下载_大塘小鱼官方下载-最笨下载"跳转正常,该类元素共18个，当前第12个
2020-08-27 19:49:30,313 - 2 - INFO - 页面"花溪小说_花溪小说下载_花溪小说官方下载-最笨下载"跳转正常,该类元素共18个，当前第13个
2020-08-27 19:49:36,461 - 2 - INFO - 页面"手译_手译下载_手译官方下载-最笨下载"跳转正常,该类元素共18个，当前第14个
2020-08-27 19:49:42,584 - 2 - INFO - 页面"sjcam_sjcam下载_sjcam官方下载-最笨下载"跳转正常,该类元素共18个，当前第15个
2020-08-27 19:49:48,707 - 2 - INFO - 页面"WearHeart_WearHeart下载_WearHeart官方下载-最笨下载"跳转正常,该类元素共18个，当前第16个
2020-08-27 19:49:54,855 - 2 - INFO - 页面"仓鼠阅读_仓鼠阅读下载_仓鼠阅读官方下载-最笨下载"跳转正常,该类元素共18个，当前第17个
2020-08-27 19:50:01,018 - 2 - INFO - 页面"漫番漫画_漫番漫画下载_漫番漫画官方下载-最笨下载"跳转正常,该类元素共18个，当前第18个
2020-08-27 19:50:08,445 - 2 - INFO - 页面"变态手游公益服_bt手游变态服_无限元宝bt手游下载_BT手游中心-最笨下载"跳转正常,该类元素共13个，当前第1个
2020-08-27 19:50:08,664 - basepage - INFO - Click back on current page.
2020-08-27 19:50:16,944 - 2 - INFO - 页面"变态手游公益服_bt手游变态服_无限元宝bt手游下载_BT手游中心-最笨下载"跳转正常,该类元素共13个，当前第2个
2020-08-27 19:50:17,379 - basepage - INFO - Click back on current page.
2020-08-27 19:50:26,251 - 2 - INFO - 页面"变态手游公益服_bt手游变态服_无限元宝bt手游下载_BT手游中心-最笨下载"跳转正常,该类元素共13个，当前第3个
2020-08-27 19:50:26,731 - basepage - INFO - Click back on current page.
2020-08-27 19:50:34,330 - 2 - INFO - 页面"变态手游公益服_bt手游变态服_无限元宝bt手游下载_BT手游中心-最笨下载"跳转正常,该类元素共13个，当前第4个
2020-08-27 19:50:34,549 - basepage - INFO - Click back on current page.
2020-08-27 19:50:42,866 - 2 - INFO - 页面"变态手游公益服_bt手游变态服_无限元宝bt手游下载_BT手游中心-最笨下载"跳转正常,该类元素共13个，当前第5个
2020-08-27 19:50:43,329 - basepage - INFO - Click back on current page.
2020-08-27 19:50:51,496 - 2 - INFO - 页面"变态手游公益服_bt手游变态服_无限元宝bt手游下载_BT手游中心-最笨下载"跳转正常,该类元素共13个，当前第6个
2020-08-27 19:50:51,933 - basepage - INFO - Click back on current page.
2020-08-27 19:51:00,044 - 2 - INFO - 页面"变态手游公益服_bt手游变态服_无限元宝bt手游下载_BT手游中心-最笨下载"跳转正常,该类元素共13个，当前第7个
2020-08-27 19:51:00,308 - basepage - INFO - Click back on current page.
2020-08-27 19:51:08,867 - 2 - INFO - 页面"变态手游公益服_bt手游变态服_无限元宝bt手游下载_BT手游中心-最笨下载"跳转正常,该类元素共13个，当前第8个
2020-08-27 19:51:09,309 - basepage - INFO - Click back on current page.
2020-08-27 19:51:16,851 - 2 - INFO - 页面"变态手游公益服_bt手游变态服_无限元宝bt手游下载_BT手游中心-最笨下载"跳转正常,该类元素共13个，当前第9个
2020-08-27 19:51:17,135 - basepage - INFO - Click back on current page.
2020-08-27 19:51:25,764 - 2 - INFO - 页面"变态手游公益服_bt手游变态服_无限元宝bt手游下载_BT手游中心-最笨下载"跳转正常,该类元素共13个，当前第10个
2020-08-27 19:51:26,038 - basepage - INFO - Click back on current page.
2020-08-27 19:51:34,063 - 2 - INFO - 页面"变态手游公益服_bt手游变态服_无限元宝bt手游下载_BT手游中心-最笨下载"跳转正常,该类元素共13个，当前第11个
2020-08-27 19:51:34,521 - basepage - INFO - Click back on current page.
2020-08-27 19:51:42,984 - 2 - INFO - 页面"变态手游公益服_bt手游变态服_无限元宝bt手游下载_BT手游中心-最笨下载"跳转正常,该类元素共13个，当前第12个
2020-08-27 19:51:43,424 - basepage - INFO - Click back on current page.
2020-08-27 19:51:52,317 - 2 - INFO - 页面"变态手游公益服_bt手游变态服_无限元宝bt手游下载_BT手游中心-最笨下载"跳转正常,该类元素共13个，当前第13个
2020-08-27 19:51:52,765 - basepage - INFO - Click back on current page.
2020-08-27 19:52:01,176 - 2 - INFO - 页面"斗转武林（爆海量充值卡）_斗转武林（爆海量充值卡）无限元宝服_SF变态版斗转武林（爆海量充值卡）公益服下载 - 最笨下载"跳转正常,该类元素共18个，当前第1个
2020-08-27 19:52:07,354 - 2 - INFO - 页面"小黑的宝藏（送海量充值）_小黑的宝藏（送海量充值）无限元宝服_SF变态版小黑的宝藏（送海量充值）公益服下载 - 最笨下载"跳转正常,该类元素共18个，当前第2个
2020-08-27 19:52:13,455 - 2 - INFO - 页面"小小三国志（送充值卡）_小小三国志（送充值卡）无限元宝服_SF变态版小小三国志（送充值卡）公益服下载 - 最笨下载"跳转正常,该类元素共18个，当前第3个
2020-08-27 19:52:19,599 - 2 - INFO - 页面"神谕传奇（送648充值）_神谕传奇（送648充值）无限元宝服_SF变态版神谕传奇（送648充值）公益服下载 - 最笨下载"跳转正常,该类元素共18个，当前第4个
2020-08-27 19:52:25,740 - 2 - INFO - 页面"天使圣域（欧皇海量抽）_天使圣域（欧皇海量抽）无限元宝服_SF变态版天使圣域（欧皇海量抽）公益服下载 - 最笨下载"跳转正常,该类元素共18个，当前第5个
2020-08-27 19:52:31,883 - 2 - INFO - 页面"斗罗大陆神界传说Ⅱ（天天送充值）_斗罗大陆神界传说Ⅱ（天天送充值）无限元宝服_SF变态版斗罗大陆神界传说Ⅱ（天天送充值）公益服下载 - 最笨下载"跳转正常,该类元素共18个，当前第6个
2020-08-27 19:52:38,063 - 2 - INFO - 页面"龙之霸业（送千元充值）_龙之霸业（送千元充值）无限元宝服_SF变态版龙之霸业（送千元充值）公益服下载 - 最笨下载"跳转正常,该类元素共18个，当前第7个
2020-08-27 19:52:44,207 - 2 - INFO - 页面"无双三国（送328充值）_无双三国（送328充值）无限元宝服_SF变态版无双三国（送328充值）公益服下载 - 最笨下载"跳转正常,该类元素共18个，当前第8个
2020-08-27 19:52:50,347 - 2 - INFO - 页面"六界之门（百抽海量特权）_六界之门（百抽海量特权）无限元宝服_SF变态版六界之门（百抽海量特权）公益服下载 - 最笨下载"跳转正常,该类元素共18个，当前第9个
2020-08-27 19:52:56,494 - 2 - INFO - 页面"阴阳界（送1000充值）_阴阳界（送1000充值）无限元宝服_SF变态版阴阳界（送1000充值）公益服下载 - 最笨下载"跳转正常,该类元素共18个，当前第10个
2020-08-27 19:53:02,652 - 2 - INFO - 页面"天域战记（天天送充值）_天域战记（天天送充值）无限元宝服_SF变态版天域战记（天天送充值）公益服下载 - 最笨下载"跳转正常,该类元素共18个，当前第11个
2020-08-27 19:53:08,819 - 2 - INFO - 页面"黑暗与荣耀（送史诗宠物）_黑暗与荣耀（送史诗宠物）无限元宝服_SF变态版黑暗与荣耀（送史诗宠物）公益服下载 - 最笨下载"跳转正常,该类元素共18个，当前第12个
2020-08-27 19:53:14,965 - 2 - INFO - 页面"剑心吟（送648充值）_剑心吟（送648充值）无限元宝服_SF变态版剑心吟（送648充值）公益服下载 - 最笨下载"跳转正常,该类元素共18个，当前第13个
2020-08-27 19:53:21,123 - 2 - INFO - 页面"一剑问情（海量充值特权）_一剑问情（海量充值特权）无限元宝服_SF变态版一剑问情（海量充值特权）公益服下载 - 最笨下载"跳转正常,该类元素共18个，当前第14个
2020-08-27 19:53:27,295 - 2 - INFO - 页面"少年勇者团（天天送充值）_少年勇者团（天天送充值）无限元宝服_SF变态版少年勇者团（天天送充值）公益服下载 - 最笨下载"跳转正常,该类元素共18个，当前第15个
2020-08-27 19:53:33,433 - 2 - INFO - 页面"修仙记（送海量充值）_修仙记（送海量充值）无限元宝服_SF变态版修仙记（送海量充值）公益服下载 - 最笨下载"跳转正常,该类元素共18个，当前第16个
2020-08-27 19:53:39,577 - 2 - INFO - 页面"御龙三国志（送真百抽）_御龙三国志（送真百抽）无限元宝服_SF变态版御龙三国志（送真百抽）公益服下载 - 最笨下载"跳转正常,该类元素共18个，当前第17个
2020-08-27 19:53:45,709 - 2 - INFO - 页面"梦幻江湖（送千万元宝）_梦幻江湖（送千万元宝）无限元宝服_SF变态版梦幻江湖（送千万元宝）公益服下载 - 最笨下载"跳转正常,该类元素共18个，当前第18个
2020-08-27 19:53:52,993 - 2 - INFO - 页面"满vip版手游_手游sf送顶级vip_满级vip无限元宝手游下载-最笨下载"跳转正常,该类元素共13个，当前第1个
2020-08-27 19:53:53,341 - basepage - INFO - Click back on current page.
2020-08-27 19:54:01,300 - 2 - INFO - 页面"满vip版手游_手游sf送顶级vip_满级vip无限元宝手游下载-最笨下载"跳转正常,该类元素共13个，当前第2个
2020-08-27 19:54:01,748 - basepage - INFO - Click back on current page.
2020-08-27 19:54:09,950 - 2 - INFO - 页面"满vip版手游_手游sf送顶级vip_满级vip无限元宝手游下载-最笨下载"跳转正常,该类元素共13个，当前第3个
2020-08-27 19:54:10,358 - basepage - INFO - Click back on current page.
2020-08-27 19:54:18,428 - 2 - INFO - 页面"满vip版手游_手游sf送顶级vip_满级vip无限元宝手游下载-最笨下载"跳转正常,该类元素共13个，当前第4个
2020-08-27 19:54:18,706 - basepage - INFO - Click back on current page.
2020-08-27 19:54:26,785 - 2 - INFO - 页面"满vip版手游_手游sf送顶级vip_满级vip无限元宝手游下载-最笨下载"跳转正常,该类元素共13个，当前第5个
2020-08-27 19:54:27,215 - basepage - INFO - Click back on current page.
2020-08-27 19:54:35,331 - 2 - INFO - 页面"满vip版手游_手游sf送顶级vip_满级vip无限元宝手游下载-最笨下载"跳转正常,该类元素共13个，当前第6个
2020-08-27 19:54:35,787 - basepage - INFO - Click back on current page.
2020-08-27 19:54:43,926 - 2 - INFO - 页面"满vip版手游_手游sf送顶级vip_满级vip无限元宝手游下载-最笨下载"跳转正常,该类元素共13个，当前第7个
2020-08-27 19:54:44,189 - basepage - INFO - Click back on current page.
2020-08-27 19:54:52,117 - 2 - INFO - 页面"满vip版手游_手游sf送顶级vip_满级vip无限元宝手游下载-最笨下载"跳转正常,该类元素共13个，当前第8个
2020-08-27 19:54:52,596 - basepage - INFO - Click back on current page.
2020-08-27 19:55:00,863 - 2 - INFO - 页面"满vip版手游_手游sf送顶级vip_满级vip无限元宝手游下载-最笨下载"跳转正常,该类元素共13个，当前第9个
2020-08-27 19:55:01,353 - basepage - INFO - Click back on current page.
2020-08-27 19:55:09,391 - 2 - INFO - 页面"满vip版手游_手游sf送顶级vip_满级vip无限元宝手游下载-最笨下载"跳转正常,该类元素共13个，当前第10个
2020-08-27 19:55:09,634 - basepage - INFO - Click back on current page.
2020-08-27 19:55:17,718 - 2 - INFO - 页面"满vip版手游_手游sf送顶级vip_满级vip无限元宝手游下载-最笨下载"跳转正常,该类元素共13个，当前第11个
2020-08-27 19:55:18,173 - basepage - INFO - Click back on current page.
2020-08-27 19:55:26,444 - 2 - INFO - 页面"满vip版手游_手游sf送顶级vip_满级vip无限元宝手游下载-最笨下载"跳转正常,该类元素共13个，当前第12个
2020-08-27 19:55:26,889 - basepage - INFO - Click back on current page.
2020-08-27 19:55:35,628 - 2 - INFO - 页面"满vip版手游_手游sf送顶级vip_满级vip无限元宝手游下载-最笨下载"跳转正常,该类元素共13个，当前第13个
2020-08-27 19:55:35,880 - basepage - INFO - Click back on current page.
2020-08-27 19:55:44,233 - 2 - INFO - 页面"幻剑情缘（送千元充值）_幻剑情缘（送千元充值）无限元宝服_SF变态版幻剑情缘（送千元充值）公益服下载 - 最笨下载"跳转正常,该类元素共18个，当前第1个
2020-08-27 19:55:50,380 - 2 - INFO - 页面"影歌（海量打金特权）_影歌（海量打金特权）无限元宝服_SF变态版影歌（海量打金特权）公益服下载 - 最笨下载"跳转正常,该类元素共18个，当前第2个
2020-08-27 19:55:56,527 - 2 - INFO - 页面"闪将三国（送千元充值）_闪将三国（送千元充值）无限元宝服_SF变态版闪将三国（送千元充值）公益服下载 - 最笨下载"跳转正常,该类元素共18个，当前第3个
2020-08-27 19:56:02,685 - 2 - INFO - 页面"乱戳三国2（送GM特权）_乱戳三国2（送GM特权）无限元宝服_SF变态版乱戳三国2（送GM特权）公益服下载 - 最笨下载"跳转正常,该类元素共18个，当前第4个
2020-08-27 19:56:08,843 - 2 - INFO - 页面"吞噬苍穹（海量充值卡）_吞噬苍穹（海量充值卡）无限元宝服_SF变态版吞噬苍穹（海量充值卡）公益服下载 - 最笨下载"跳转正常,该类元素共18个，当前第5个
2020-08-27 19:56:14,985 - 2 - INFO - 页面"刀剑神魔录（1元商城特权）_刀剑神魔录（1元商城特权）无限元宝服_SF变态版刀剑神魔录（1元商城特权）公益服下载 - 最笨下载"跳转正常,该类元素共18个，当前第6个
2020-08-27 19:56:21,143 - 2 - INFO - 页面"乱世江湖（天天送充值）_乱世江湖（天天送充值）无限元宝服_SF变态版乱世江湖（天天送充值）公益服下载 - 最笨下载"跳转正常,该类元素共18个，当前第7个
2020-08-27 19:56:27,262 - 2 - INFO - 页面"王者战歌（送千元充值）_王者战歌（送千元充值）无限元宝服_SF变态版王者战歌（送千元充值）公益服下载 - 最笨下载"跳转正常,该类元素共18个，当前第8个
2020-08-27 19:56:33,383 - 2 - INFO - 页面"齐天记（海量资源特权）_齐天记（海量资源特权）无限元宝服_SF变态版齐天记（海量资源特权）公益服下载 - 最笨下载"跳转正常,该类元素共18个，当前第9个
2020-08-27 19:56:39,518 - 2 - INFO - 页面"征程三国（送百抽S神将）_征程三国（送百抽S神将）无限元宝服_SF变态版征程三国（送百抽S神将）公益服下载 - 最笨下载"跳转正常,该类元素共18个，当前第10个
2020-08-27 19:56:45,624 - 2 - INFO - 页面"机甲战纪（送GM特权）_机甲战纪（送GM特权）无限元宝服_SF变态版机甲战纪（送GM特权）公益服下载 - 最笨下载"跳转正常,该类元素共18个，当前第11个
2020-08-27 19:56:51,765 - 2 - INFO - 页面"星星喵（送千元充值）_星星喵（送千元充值）无限元宝服_SF变态版星星喵（送千元充值）公益服下载 - 最笨下载"跳转正常,该类元素共18个，当前第12个
2020-08-27 19:56:57,925 - 2 - INFO - 页面"轩辕剑群侠传（商城特权）_轩辕剑群侠传（商城特权）无限元宝服_SF变态版轩辕剑群侠传（商城特权）公益服下载 - 最笨下载"跳转正常,该类元素共18个，当前第13个
2020-08-27 19:57:04,093 - 2 - INFO - 页面"大秦之帝国崛起（送法拉利）_大秦之帝国崛起（送法拉利）无限元宝服_SF变态版大秦之帝国崛起（送法拉利）公益服下载 - 最笨下载"跳转正常,该类元素共18个，当前第14个
2020-08-27 19:57:10,249 - 2 - INFO - 页面"进击的少女（闯关爆充值）_进击的少女（闯关爆充值）无限元宝服_SF变态版进击的少女（闯关爆充值）公益服下载 - 最笨下载"跳转正常,该类元素共18个，当前第15个
2020-08-27 19:57:16,655 - 2 - INFO - 页面"小小虎将（海量特权）_小小虎将（海量特权）无限元宝服_SF变态版小小虎将（海量特权）公益服下载 - 最笨下载"跳转正常,该类元素共18个，当前第16个
2020-08-27 19:57:22,796 - 2 - INFO - 页面"妖游记（海量送充值）_妖游记（海量送充值）无限元宝服_SF变态版妖游记（海量送充值）公益服下载 - 最笨下载"跳转正常,该类元素共18个，当前第17个
2020-08-27 19:57:28,970 - 2 - INFO - 页面"魔侠传（开服送2000充）_魔侠传（开服送2000充）无限元宝服_SF变态版魔侠传（开服送2000充）公益服下载 - 最笨下载"跳转正常,该类元素共18个，当前第18个
2020-08-27 19:57:35,890 - 2 - INFO - 页面"【苹果益智休闲游戏】好玩的iPhone益智休闲游戏大全_iPhone益智休闲类游戏下载-最笨下载"跳转正常,该类元素共16个，当前第1个
2020-08-27 19:57:36,171 - basepage - INFO - Click back on current page.
2020-08-27 19:57:43,465 - 2 - INFO - 页面"【苹果其他游戏】好玩的iphone其他游戏大全_iphone其他类游戏下载-最笨下载"跳转正常,该类元素共16个，当前第2个
2020-08-27 19:57:43,930 - basepage - INFO - Click back on current page.
2020-08-27 19:57:51,132 - 2 - INFO - 页面"【苹果音乐游戏】好玩的iphone音乐游戏大全_iphone音乐类游戏下载-最笨下载"跳转正常,该类元素共16个，当前第3个
2020-08-27 19:57:51,347 - basepage - INFO - Click back on current page.
2020-08-27 19:57:58,645 - 2 - INFO - 页面"【苹果网络游戏】好玩的iphone网络游戏大全_iphone网络类游戏下载-最笨下载"跳转正常,该类元素共16个，当前第4个
2020-08-27 19:57:58,877 - basepage - INFO - Click back on current page.
2020-08-27 19:58:05,864 - 2 - INFO - 页面"【苹果格斗游戏】好玩的iPhone格斗游戏大全_iPhone格斗类游戏下载-最笨下载"跳转正常,该类元素共16个，当前第5个
2020-08-27 19:58:06,332 - basepage - INFO - Click back on current page.
2020-08-27 19:58:13,735 - 2 - INFO - 页面"【苹果飞行游戏】好玩的iPhone飞行游戏大全_iPhone飞行类游戏下载-最笨下载"跳转正常,该类元素共16个，当前第6个
2020-08-27 19:58:14,022 - basepage - INFO - Click back on current page.
2020-08-27 19:58:20,958 - 2 - INFO - 页面"【苹果体育运动游戏】好玩的iPhone体育运动游戏大全_iPhone体育运动类游戏下载-最笨下载"跳转正常,该类元素共16个，当前第7个
2020-08-27 19:58:21,259 - basepage - INFO - Click back on current page.
2020-08-27 19:58:28,596 - 2 - INFO - 页面"【苹果模拟经营游戏】好玩的iPhone模拟经营游戏大全_iPhone模拟经营类游戏下载-最笨下载"跳转正常,该类元素共16个，当前第8个
2020-08-27 19:58:29,031 - basepage - INFO - Click back on current page.
2020-08-27 19:58:35,989 - 2 - INFO - 页面"【苹果策略游戏】好玩的iphone策略游戏大全_iphone策略类游戏下载-最笨下载"跳转正常,该类元素共16个，当前第9个
2020-08-27 19:58:36,274 - basepage - INFO - Click back on current page.
2020-08-27 19:58:43,426 - 2 - INFO - 页面"【苹果塔防游戏】好玩的iphone塔防游戏大全_iphone塔防类游戏下载-最笨下载"跳转正常,该类元素共16个，当前第10个
2020-08-27 19:58:43,814 - basepage - INFO - Click back on current page.
2020-08-27 19:58:50,474 - 2 - INFO - 页面"【苹果解谜游戏】好玩的iphone解谜游戏大全_iphone解谜类游戏下载-最笨下载"跳转正常,该类元素共16个，当前第11个
2020-08-27 19:58:50,976 - basepage - INFO - Click back on current page.
2020-08-27 19:58:58,175 - 2 - INFO - 页面"【苹果射击游戏】好玩的iphone射击游戏大全_iphone射击类游戏下载-最笨下载"跳转正常,该类元素共16个，当前第12个
2020-08-27 19:58:58,440 - basepage - INFO - Click back on current page.
2020-08-27 19:59:05,783 - 2 - INFO - 页面"【苹果棋牌游戏】好玩的iphone棋牌游戏大全_iphone棋牌类游戏下载-最笨下载"跳转正常,该类元素共16个，当前第13个
2020-08-27 19:59:06,249 - basepage - INFO - Click back on current page.
2020-08-27 19:59:13,694 - 2 - INFO - 页面"【苹果赛车游戏】好玩的iPhone赛车游戏大全_iPhone赛车类游戏下载-最笨下载"跳转正常,该类元素共16个，当前第14个
2020-08-27 19:59:13,929 - basepage - INFO - Click back on current page.
2020-08-27 19:59:21,053 - 2 - INFO - 页面"【苹果角色扮演游戏】好玩的iphone角色扮演游戏_iPhone角色扮演类游戏下载-最笨下载"跳转正常,该类元素共16个，当前第15个
2020-08-27 19:59:21,365 - basepage - INFO - Click back on current page.
2020-08-27 19:59:28,532 - 2 - INFO - 页面"【安卓动作游戏】好玩的iPhone动作游戏大全_iPhone动作类游戏下载-最笨下载"跳转正常,该类元素共16个，当前第16个
2020-08-27 19:59:28,979 - basepage - INFO - Click back on current page.
2020-08-27 19:59:37,345 - 2 - INFO - 页面"真龙战魂（天天送元宝）ios版_真龙战魂（天天送元宝）ios版下载_真龙战魂（天天送元宝）ios版官方下载-最笨下载"跳转正常,该类元素共18个，当前第1个
2020-08-27 19:59:43,476 - 2 - INFO - 页面"魔域王牌（天天送抽卡）iOS版_魔域王牌（天天送抽卡）iOS版下载_魔域王牌（天天送抽卡）iOS版官方下载-最笨下载"跳转正常,该类元素共18个，当前第2个
2020-08-27 19:59:49,600 - 2 - INFO - 页面"冒险王2（送海量充值）ios版_冒险王2（送海量充值）ios版下载_冒险王2（送海量充值）ios版官方下载-最笨下载"跳转正常,该类元素共18个，当前第3个
2020-08-27 19:59:55,727 - 2 - INFO - 页面"恋三国（送百抽）ios版_恋三国（送百抽）ios版下载_恋三国（送百抽）ios版官方下载-最笨下载"跳转正常,该类元素共18个，当前第4个
2020-08-27 20:00:01,871 - 2 - INFO - 页面"屠龙世界（送GM特权）ios版_屠龙世界（送GM特权）ios版下载_屠龙世界（送GM特权）ios版官方下载-最笨下载"跳转正常,该类元素共18个，当前第5个
2020-08-27 20:00:08,000 - 2 - INFO - 页面"将军道（送百连海量抽）ios版_将军道（送百连海量抽）ios版下载_将军道（送百连海量抽）ios版官方下载-最笨下载"跳转正常,该类元素共18个，当前第6个
2020-08-27 20:00:14,141 - 2 - INFO - 页面"塔防镇魂师（送328代金券）ios版_塔防镇魂师（送328代金券）ios版下载_塔防镇魂师（送328代金券）ios版官方下载-最笨下载"跳转正常,该类元素共18个，当前第7个
2020-08-27 20:00:20,261 - 2 - INFO - 页面"乱斗三国ios版_乱斗三国ios版下载_乱斗三国ios版官方下载-最笨下载"跳转正常,该类元素共18个，当前第8个
2020-08-27 20:00:26,409 - 2 - INFO - 页面"兵器少女（无门槛送充）ios版_兵器少女（无门槛送充）ios版下载_兵器少女（无门槛送充）ios版官方下载-最笨下载"跳转正常,该类元素共18个，当前第9个
2020-08-27 20:00:32,532 - 2 - INFO - 页面"猎手之王ios版_猎手之王ios版下载_猎手之王ios版官方下载-最笨下载"跳转正常,该类元素共18个，当前第10个
2020-08-27 20:00:38,671 - 2 - INFO - 页面"古墓迷城ios版_古墓迷城ios版下载_古墓迷城ios版官方下载-最笨下载"跳转正常,该类元素共18个，当前第11个
2020-08-27 20:00:44,806 - 2 - INFO - 页面"国战纪元ios版_国战纪元ios版下载_国战纪元ios版官方下载-最笨下载"跳转正常,该类元素共18个，当前第12个
2020-08-27 20:00:50,942 - 2 - INFO - 页面"天诀ios版_天诀ios版下载_天诀ios版官方下载-最笨下载"跳转正常,该类元素共18个，当前第13个
2020-08-27 20:00:57,059 - 2 - INFO - 页面"仙剑缘（星耀特权）ios版_仙剑缘（星耀特权）ios版下载_仙剑缘（星耀特权）ios版官方下载-最笨下载"跳转正常,该类元素共18个，当前第14个
2020-08-27 20:01:03,185 - 2 - INFO - 页面"九灵神域ios版_九灵神域ios版下载_九灵神域ios版官方下载-最笨下载"跳转正常,该类元素共18个，当前第15个
2020-08-27 20:01:09,315 - 2 - INFO - 页面"天之命（海量特权）ios版_天之命（海量特权）ios版下载_天之命（海量特权）ios版官方下载-最笨下载"跳转正常,该类元素共18个，当前第16个
2020-08-27 20:01:15,449 - 2 - INFO - 页面"魔剑侠缘（星耀特权）ios版_魔剑侠缘（星耀特权）ios版下载_魔剑侠缘（星耀特权）ios版官方下载-最笨下载"跳转正常,该类元素共18个，当前第17个
2020-08-27 20:01:21,574 - 2 - INFO - 页面"仙灵世界（复古绿色服）ios版_仙灵世界（复古绿色服）ios版下载_仙灵世界（复古绿色服）ios版官方下载-最笨下载"跳转正常,该类元素共18个，当前第18个
2020-08-27 20:01:30,511 - 2 - INFO - 页面"ios无限元宝的手游"跳转正常,该类元素共4个，当前第1个
2020-08-27 20:01:30,957 - basepage - INFO - Click back on current page.
2020-08-27 20:01:35,776 - 2 - INFO - 页面"gm手游助手ios"跳转正常,该类元素共4个，当前第2个
2020-08-27 20:01:36,003 - basepage - INFO - Click back on current page.
2020-08-27 20:01:41,397 - 2 - INFO - 页面"ios变态服游戏"跳转正常,该类元素共4个，当前第3个
2020-08-27 20:01:41,611 - basepage - INFO - Click back on current page.
2020-08-27 20:01:46,872 - 2 - INFO - 页面"ios看小说神器"跳转正常,该类元素共4个，当前第4个
2020-08-27 20:01:47,107 - basepage - INFO - Click back on current page.
2020-08-27 20:01:54,888 - 2 - INFO - 页面"【最笨周末活动】8.14周末活动壕礼送不停"跳转正常,该类元素共4个，当前第1个
2020-08-27 20:01:55,380 - basepage - INFO - Click back on current page.
2020-08-27 20:02:00,350 - 2 - INFO - 页面"【最笨周末活动】8.7周末活动海量惊喜等你来拿"跳转正常,该类元素共4个，当前第2个
2020-08-27 20:02:00,563 - basepage - INFO - Click back on current page.
2020-08-27 20:02:05,784 - 2 - INFO - 页面"【最笨周末活动】7月10日晴了一夏周末福利活动"跳转正常,该类元素共4个，当前第3个
2020-08-27 20:02:06,263 - basepage - INFO - Click back on current page.
2020-08-27 20:02:10,955 - 2 - INFO - 页面"【最笨周末活动】7月3日清凉一夏活动来袭~"跳转正常,该类元素共4个，当前第4个
2020-08-27 20:02:11,182 - basepage - INFO - Click back on current page.
2020-08-27 20:02:17,270 - 2 - INFO - 页面"跟男生聊天有哪些软件-跟男生聊天的软件下载推"跳转正常,该类元素共20个，当前第1个
2020-08-27 20:02:23,410 - 2 - INFO - 页面"无广告看书全免费软件哪个好"跳转正常,该类元素共20个，当前第2个
2020-08-27 20:02:29,529 - 2 - INFO - 页面"回复女朋友的软件叫什么"跳转正常,该类元素共20个，当前第3个
2020-08-27 20:02:35,655 - 2 - INFO - 页面"抖音聊天的软件叫什么"跳转正常,该类元素共20个，当前第4个
2020-08-27 20:02:41,791 - 2 - INFO - 页面"苹果哪个软件可以免费看小说"跳转正常,该类元素共20个，当前第5个
2020-08-27 20:02:47,932 - 2 - INFO - 页面"明日方舟机械零件怎么刷-刷机械零件方法"跳转正常,该类元素共20个，当前第6个
2020-08-27 20:02:54,095 - 2 - INFO - 页面"枪火重生太子怎么玩-太子玩法攻略"跳转正常,该类元素共20个，当前第7个
2020-08-27 20:03:00,215 - 2 - INFO - 页面"阴阳师新引擎奖励如何免费领-新引擎奖励领取流"跳转正常,该类元素共20个，当前第8个
2020-08-27 20:03:06,348 - 2 - INFO - 页面"阴阳师千鹤结缘七夕签文有哪些-千鹤结缘七夕签"跳转正常,该类元素共20个，当前第9个
2020-08-27 20:03:12,477 - 2 - INFO - 页面"战魂铭人怎么合成琥珀蒙空-琥珀蒙空合成方法"跳转正常,该类元素共20个，当前第10个
2020-08-27 20:03:18,647 - 2 - INFO - 页面"有哪些好玩的bt手机游戏排行榜-十大好玩bt网络手"跳转正常,该类元素共20个，当前第11个
2020-08-27 20:03:24,799 - 2 - INFO - 页面"2020好玩的满v版手游排行榜-手游上线送满v无限元"跳转正常,该类元素共20个，当前第12个
2020-08-27 20:03:30,937 - 2 - INFO - 页面"安卓破解版游戏平台哪个好-最好安卓破解游戏平"跳转正常,该类元素共20个，当前第13个
2020-08-27 20:03:37,099 - 2 - INFO - 页面"2020年免费无限金币钻石游戏-无限钻石金币版游戏"跳转正常,该类元素共20个，当前第14个
2020-08-27 20:03:43,241 - 2 - INFO - 页面"2020耐玩的bt手游排行榜-bt手游排行榜2020前十名"跳转正常,该类元素共20个，当前第15个
2020-08-27 20:03:49,406 - 2 - INFO - 页面"伊甸之战怎么加好友"跳转正常,该类元素共20个，当前第16个
2020-08-27 20:03:55,556 - 2 - INFO - 页面"英雄联盟灵能特工隐藏任务怎么做"跳转正常,该类元素共20个，当前第17个
2020-08-27 20:04:01,686 - 2 - INFO - 页面"下一站江湖悟性有什么用"跳转正常,该类元素共20个，当前第18个
2020-08-27 20:04:07,838 - 2 - INFO - 页面"下一站江湖悟性怎么提升"跳转正常,该类元素共20个，当前第19个
2020-08-27 20:04:14,002 - 2 - INFO - 页面"江南百景图祝英台怎么获得"跳转正常,该类元素共20个，当前第20个
2020-08-27 20:04:20,137 - 2 - INFO - 页面"apk3安卓网-2020最新apk安卓游戏-热门apk软件下载平台"跳转正常,该类元素共34个，当前第1个
2020-08-27 20:04:26,252 - 2 - INFO - 页面"小游戏,在线小游戏,小游戏大全,双人小游戏,3199小游戏"跳转正常,该类元素共34个，当前第2个
2020-08-27 20:04:32,392 - 2 - INFO - 页面"中文网站排行榜_alexa排行 - 爱站网站排行榜"跳转正常,该类元素共34个，当前第3个
2020-08-27 20:04:38,555 - 2 - INFO - 页面"9号下载_下载软件_免费下载单机游戏_手机游戏下载大全"跳转正常,该类元素共34个，当前第4个
2020-08-27 20:05:15,554 - 2 - INFO - 页面"软件下载中心_绿色免费软件,手机游戏|软件下载,到超人软件站"跳转正常,该类元素共34个，当前第5个
2020-08-27 20:05:21,698 - 2 - INFO - 页面"系统圣地,绿色免费软件,手游下载等软件下载网站"跳转正常,该类元素共34个，当前第6个
2020-08-27 20:05:27,865 - 2 - INFO - 页面"腾讯手游助手官网，官网指定模拟器，海量游戏玩不停"跳转正常,该类元素共34个，当前第7个
2020-08-27 20:05:34,018 - 2 - INFO - 页面"好看小说推荐_热门小说大全_小说排行榜 - 玖陆文学"跳转正常,该类元素共34个，当前第8个
2020-08-27 20:05:40,203 - 2 - INFO - 页面"IE8 IE9 IE10 IE浏览器下载 - IE浏览器中文网站"跳转正常,该类元素共34个，当前第9个
2020-08-27 20:05:46,378 - 2 - INFO - 页面"bt手游平台_满v手游公益服_gm手游排行榜_3733游戏盒子官网"跳转正常,该类元素共34个，当前第10个
2020-08-27 20:06:07,571 - 2 - INFO - 页面"bt公益服变态手游排行榜前十名[新开公测热门+在线人多+免费大型网游]新开最热门好玩人气高的网络游戏有什么_安卓苹果ios客户端游戏下载大全_8979游戏官网"跳转正常,该类元素共34个，当前第11个
2020-08-27 20:06:13,731 - 2 - INFO - 页面"【破解版手机游戏】手机破解游戏下载_安卓手机游戏破解版下载大全-最笨下载"跳转正常,该类元素共34个，当前第12个
2020-08-27 20:06:19,887 - 2 - INFO - 页面"windows10系统之家 - 系统之家提供win10专业版,ISO镜像,企业版等win10系统下载"跳转正常,该类元素共34个，当前第13个
2020-08-27 20:06:26,571 - 2 - INFO - 页面"39整形美容_中国专业医学整形美容门户"跳转正常,该类元素共34个，当前第14个
2020-08-27 20:06:32,723 - 2 - INFO - 页面"零度软件园_官方软件下载_绿色软件_游戏下载_值得信赖的下载站！"跳转正常,该类元素共34个，当前第15个
2020-08-27 20:06:38,890 - 2 - INFO - 页面"单机游戏_单机游戏下载大全中文版下载_好玩的单机游戏下载基地 - 99单机游戏"跳转正常,该类元素共34个，当前第16个
2020-08-27 20:06:46,523 - 2 - INFO - 页面"安卓市场_安卓游戏破解版下载_单机破解版游戏大全_手机网游下载"跳转正常,该类元素共34个，当前第17个
2020-08-27 20:06:57,273 - 2 - INFO - 页面"手机游戏下载-手机软件下载-电脑软件下载-小黑游戏"跳转正常,该类元素共34个，当前第18个
2020-08-27 20:07:03,397 - 2 - INFO - 页面"手机游戏_手机游戏排行榜_好玩的手机游戏_安卓手机游戏推荐_易玩网"跳转正常,该类元素共34个，当前第19个
2020-08-27 20:07:09,528 - 2 - INFO - 页面"手机游戏_好玩的手机游戏下载_手机游戏排行榜-游戏吧"跳转正常,该类元素共34个，当前第20个
2020-08-27 20:07:15,971 - 2 - INFO - 页面"免费手机游戏_好玩的单机游戏_安卓破解版游戏下载_apk8安卓网"跳转正常,该类元素共34个，当前第21个
2020-08-27 20:07:22,121 - 2 - INFO - 页面"免费手机游戏_好玩的单机游戏_安卓破解版游戏下载_apk8安卓网"跳转正常,该类元素共34个，当前第22个
2020-08-27 20:07:28,260 - 2 - INFO - 页面"安卓破解版游戏下载_单机手机破解游戏大全_免费游戏破解版下载-最笨下载"跳转正常,该类元素共34个，当前第23个
2020-08-27 20:12:23,680 - 2 - INFO - 页面"app.3987.com"跳转正常,该类元素共34个，当前第24个
2020-08-27 20:12:29,768 - 2 - INFO - 页面"www.chuzhaobiao.com"跳转正常,该类元素共34个，当前第25个
2020-08-27 20:12:39,419 - 2 - INFO - 页面"爪游控 | 新锐综合资讯媒体"跳转正常,该类元素共34个，当前第26个
2020-08-27 20:12:45,549 - 2 - INFO - 页面"3733游戏盒官网_bt游戏_满vip手游_gm手游大全_破解游戏盒子下载"跳转正常,该类元素共34个，当前第27个
2020-08-27 20:12:51,678 - 2 - INFO - 页面"绿色免费电脑软件下载_手机软件游戏下载中心-520下载站"跳转正常,该类元素共34个，当前第28个
2020-08-27 20:12:59,115 - 2 - INFO - 页面"免费大型经典安卓破解版单机游戏下载排行榜_手机最火爆最新出热门好玩人气高3DBT网络游戏有什么_破解游戏盒子软件大全-下载多"跳转正常,该类元素共34个，当前第29个
2020-08-27 20:13:05,249 - 2 - INFO - 页面"3733游戏盒官网_bt游戏_满vip手游_gm手游大全_破解游戏盒子下载"跳转正常,该类元素共34个，当前第30个
2020-08-27 20:13:16,793 - 2 - INFO - 页面"VR之家_专业VR游戏软件下载网站_VR应用_VR电影_VR视频_VR资源-VR之家"跳转正常,该类元素共34个，当前第31个
2020-08-27 20:13:25,095 - 2 - INFO - 页面"手机玩_免费安卓手机游戏_安卓游戏破解版下载_破解游戏盒子下载"跳转正常,该类元素共34个，当前第32个
2020-08-27 20:13:31,234 - 2 - INFO - 页面"gm手游平台_gm手游盒子_gm版手游下载_3733游戏官网"跳转正常,该类元素共34个，当前第33个
2020-08-27 20:13:43,737 - 2 - INFO - 页面"gm手游平台_gm版无限元宝手游_gm手游盒子下载_gm助手官网"跳转正常,该类元素共34个，当前第34个
2020-08-27 20:13:49,579 - 2 - INFO - 进入"游戏"模块，将执行随机函数
2020-08-27 20:13:52,436 - 2 - INFO - 随机页面"仙风道骨（送GM海量充）"跳转正常，当前第1个
2020-08-27 20:13:52,553 - basepage - INFO - Click back on current page.
2020-08-27 20:13:56,887 - 2 - INFO - 随机页面"魔龙诀（全屏爆宝）"跳转正常，当前第2个
2020-08-27 20:13:56,982 - basepage - INFO - Click back on current page.
2020-08-27 20:14:01,371 - 2 - INFO - 随机页面"剑侠风云（送海量充值）"跳转正常，当前第3个
2020-08-27 20:14:01,493 - basepage - INFO - Click back on current page.
2020-08-27 20:14:05,861 - 2 - INFO - 随机页面"神龙猎手（开局送万抽）"跳转正常，当前第1个
2020-08-27 20:14:05,955 - basepage - INFO - Click back on current page.
2020-08-27 20:14:10,703 - 2 - INFO - 随机页面"不思议地下城（百抽特权）"跳转正常，当前第2个
2020-08-27 20:14:10,792 - basepage - INFO - Click back on current page.
2020-08-27 20:14:15,162 - 2 - INFO - 随机页面"仙风道骨（送GM海量充）"跳转正常，当前第3个
2020-08-27 20:14:15,259 - basepage - INFO - Click back on current page.
2020-08-27 20:14:20,356 - 2 - INFO - 进入"应用"模块，将执行随机函数
2020-08-27 20:14:23,919 - 2 - INFO - 随机页面"遇知音"跳转正常，当前第1个
2020-08-27 20:14:24,023 - basepage - INFO - Click back on current page.
2020-08-27 20:14:29,057 - 2 - INFO - 随机页面"抖音撩妹话术app"跳转正常，当前第2个
2020-08-27 20:14:29,155 - basepage - INFO - Click back on current page.
2020-08-27 20:14:33,625 - 2 - INFO - 随机页面"3733游戏盒子"跳转正常，当前第3个
2020-08-27 20:14:33,737 - basepage - INFO - Click back on current page.
2020-08-27 20:14:38,460 - 2 - INFO - 随机页面"撩吧"跳转正常，当前第1个
2020-08-27 20:14:38,580 - basepage - INFO - Click back on current page.
2020-08-27 20:16:38,009 - 2 - INFO - 随机页面"吾爱看书"跳转正常，当前第2个
2020-08-27 20:16:42,069 - basepage - INFO - Click back on current page.
2020-08-27 20:17:11,990 - 2 - INFO - 随机页面"3733游戏盒子"跳转正常，当前第3个
2020-08-27 20:17:12,115 - basepage - INFO - Click back on current page.
2020-08-27 20:17:19,241 - 2 - INFO - 进入"资讯"模块，将执行随机函数
2020-08-27 20:17:22,948 - 2 - INFO - 随机页面"明日方舟刻俄柏的灰蕈迷境初始小队怎么选-刻俄柏的灰蕈迷境初始小队推荐"跳转正常，当前第1个
2020-08-27 20:17:23,056 - basepage - INFO - Click back on current page.
2020-08-27 20:17:27,921 - 2 - INFO - 随机页面"不朽之旅稀有宝石怎么获得-稀有宝石获取攻略"跳转正常，当前第2个
2020-08-27 20:17:27,995 - basepage - INFO - Click back on current page.
2020-08-27 20:17:32,744 - 2 - INFO - 随机页面"枪火重生太子怎么玩-太子玩法攻略"跳转正常，当前第3个
2020-08-27 20:17:32,877 - basepage - INFO - Click back on current page.
2020-08-27 20:17:37,650 - 2 - INFO - 随机页面"魔侠传（开服送2000充）"跳转正常，当前第1个
2020-08-27 20:17:37,733 - basepage - INFO - Click back on current page.
2020-08-27 20:17:42,973 - 2 - INFO - 随机页面"神龙猎手（开局送万抽）"跳转正常，当前第2个
2020-08-27 20:17:43,083 - basepage - INFO - Click back on current page.
2020-08-27 20:17:47,930 - 2 - INFO - 随机页面"星辰变（送百元永抽）"跳转正常，当前第3个
2020-08-27 20:17:48,008 - basepage - INFO - Click back on current page.
2020-08-27 20:17:54,007 - 2 - INFO - 进入"专题"模块，将执行随机函数
2020-08-27 20:17:57,154 - 2 - INFO - 页面"ios单机游戏破解平台"跳转正常,该类元素共1个，当前第1个
2020-08-27 20:17:57,257 - basepage - INFO - Click back on current page.
2020-08-27 20:18:02,024 - 2 - INFO - 随机页面"最笨游戏盒子iOS版"跳转正常，当前第1个
2020-08-27 20:18:02,131 - basepage - INFO - Click back on current page.
2020-08-27 20:18:06,944 - 2 - INFO - 随机页面"小8游戏盒子ios"跳转正常，当前第2个
2020-08-27 20:18:07,048 - basepage - INFO - Click back on current page.
2020-08-27 20:18:12,398 - 2 - INFO - 随机页面"蓝光VR大师苹果版"跳转正常，当前第3个
2020-08-27 20:18:12,500 - basepage - INFO - Click back on current page.
2020-08-27 20:18:18,036 - 2 - INFO - 页面"撩妹回话软件"跳转正常,该类元素共1个，当前第1个
2020-08-27 20:18:18,141 - basepage - INFO - Click back on current page.
2020-08-27 20:18:22,919 - 2 - INFO - 随机页面"恋爱撩吧app"跳转正常，当前第1个
2020-08-27 20:18:23,052 - basepage - INFO - Click back on current page.
2020-08-27 20:18:28,552 - 2 - INFO - 随机页面"恋爱辅助器"跳转正常，当前第2个
2020-08-27 20:18:28,659 - basepage - INFO - Click back on current page.
2020-08-27 20:18:34,187 - 2 - INFO - 随机页面"脱单大师"跳转正常，当前第3个
2020-08-27 20:18:34,372 - basepage - INFO - Click back on current page.
2020-08-27 20:18:40,230 - 2 - INFO - 页面"3D角色扮演手游大全"跳转正常,该类元素共1个，当前第1个
2020-08-27 20:18:40,346 - basepage - INFO - Click back on current page.
2020-08-27 20:18:45,978 - 2 - INFO - 随机页面"少女战争"跳转正常，当前第1个
2020-08-27 20:18:46,170 - basepage - INFO - Click back on current page.
2020-08-27 20:18:51,684 - 2 - INFO - 随机页面"勇者荣耀（送真充值卡）"跳转正常，当前第2个
2020-08-27 20:18:51,787 - basepage - INFO - Click back on current page.
2020-08-27 20:18:57,435 - 2 - INFO - 随机页面"暗黑终结者"跳转正常，当前第3个
2020-08-27 20:18:57,627 - basepage - INFO - Click back on current page.
2020-08-27 20:19:02,940 - 2 - INFO - 页面"完全不花钱的游戏"跳转正常,该类元素共1个，当前第1个
2020-08-27 20:19:03,040 - basepage - INFO - Click back on current page.
2020-08-27 20:19:07,680 - 2 - INFO - 随机页面"剑心吟（送648充值）"跳转正常，当前第1个
2020-08-27 20:19:07,789 - basepage - INFO - Click back on current page.
2020-08-27 20:19:12,421 - 2 - INFO - 随机页面"乱世江湖（天天送充值）"跳转正常，当前第2个
2020-08-27 20:19:12,537 - basepage - INFO - Click back on current page.
2020-08-27 20:19:17,447 - 2 - INFO - 随机页面"闪将三国（送千元充值）"跳转正常，当前第3个
2020-08-27 20:19:17,567 - basepage - INFO - Click back on current page.
2020-08-27 20:19:23,248 - 2 - INFO - 页面"无限元宝满级vip手游大全"跳转正常,该类元素共1个，当前第1个
2020-08-27 20:19:23,394 - basepage - INFO - Click back on current page.
2020-08-27 20:19:28,160 - 2 - INFO - 随机页面"龙之霸业（送千元充值）"跳转正常，当前第1个
2020-08-27 20:19:28,269 - basepage - INFO - Click back on current page.
2020-08-27 20:19:33,094 - 2 - INFO - 随机页面"少年勇者团（天天送充值）"跳转正常，当前第2个
2020-08-27 20:19:33,206 - basepage - INFO - Click back on current page.
2020-08-27 20:19:38,715 - 2 - INFO - 随机页面"真龙战魂（天天送元宝）"跳转正常，当前第3个
2020-08-27 20:19:38,913 - basepage - INFO - Click back on current page.
2020-08-27 20:19:43,839 - 2 - INFO - 页面"送首充的变态游戏平台"跳转正常,该类元素共1个，当前第1个
2020-08-27 20:19:43,946 - basepage - INFO - Click back on current page.
2020-08-27 20:19:49,046 - 2 - INFO - 随机页面"安卓市场游戏平台"跳转正常，当前第1个
2020-08-27 20:19:49,168 - basepage - INFO - Click back on current page.
2020-08-27 20:19:53,969 - 2 - INFO - 随机页面"安卓市场游戏中心"跳转正常，当前第2个
2020-08-27 20:19:54,086 - basepage - INFO - Click back on current page.
2020-08-27 20:19:59,402 - 2 - INFO - 随机页面"最笨游戏中心"跳转正常，当前第3个
2020-08-27 20:19:59,510 - basepage - INFO - Click back on current page.
2020-08-27 20:20:06,303 - 2 - INFO - 页面"ios手游变态版本"跳转正常,该类元素共1个，当前第1个
2020-08-27 20:20:06,418 - basepage - INFO - Click back on current page.
2020-08-27 20:20:11,877 - 2 - INFO - 随机页面"兵器少女（无门槛送充）ios版"跳转正常，当前第1个
2020-08-27 20:20:12,055 - basepage - INFO - Click back on current page.
2020-08-27 20:20:17,424 - 2 - INFO - 随机页面"恋三国（送百抽）ios版"跳转正常，当前第2个
2020-08-27 20:20:17,535 - basepage - INFO - Click back on current page.
2020-08-27 20:20:23,259 - 2 - INFO - 随机页面"冒险王2（送海量充值）ios版"跳转正常，当前第3个
2020-08-27 20:20:23,452 - basepage - INFO - Click back on current page.
2020-08-27 20:20:29,278 - 2 - INFO - 页面"武侠游戏内购破解版"跳转正常,该类元素共1个，当前第1个
2020-08-27 20:20:29,382 - basepage - INFO - Click back on current page.
2020-08-27 20:20:35,047 - 2 - INFO - 随机页面"灵剑天尊ios版"跳转正常，当前第1个
2020-08-27 20:20:35,244 - basepage - INFO - Click back on current page.
2020-08-27 20:20:40,657 - 2 - INFO - 随机页面"剑之刃ios版"跳转正常，当前第2个
2020-08-27 20:20:40,769 - basepage - INFO - Click back on current page.
2020-08-27 20:20:46,422 - 2 - INFO - 随机页面"神仙与妖怪（复古武侠）ios版"跳转正常，当前第3个
2020-08-27 20:20:46,606 - basepage - INFO - Click back on current page.
2020-08-27 20:20:52,351 - 2 - INFO - 页面"经营无限金币钻石游戏大全"跳转正常,该类元素共1个，当前第1个
2020-08-27 20:20:52,465 - basepage - INFO - Click back on current page.
2020-08-27 20:20:57,570 - 2 - INFO - 随机页面"改造火星"跳转正常，当前第1个
2020-08-27 20:20:57,678 - basepage - INFO - Click back on current page.
2020-08-27 20:21:03,170 - 2 - INFO - 随机页面"汉堡公司"跳转正常，当前第2个
2020-08-27 20:21:03,270 - basepage - INFO - Click back on current page.
2020-08-27 20:21:09,013 - 2 - INFO - 随机页面"简的酒店2:家庭英雄"跳转正常，当前第3个
2020-08-27 20:21:09,200 - basepage - INFO - Click back on current page.
2020-08-27 20:21:14,048 - 2 - INFO - 页面"免费无限金币钻石游戏盒子"跳转正常,该类元素共1个，当前第1个
2020-08-27 20:21:14,170 - basepage - INFO - Click back on current page.
2020-08-27 20:21:19,754 - 2 - INFO - 随机页面"爱趣手游盒子"跳转正常，当前第1个
2020-08-27 20:21:19,932 - basepage - INFO - Click back on current page.
2020-08-27 20:21:25,366 - 2 - INFO - 随机页面"7742手游盒子"跳转正常，当前第2个
2020-08-27 20:21:25,465 - basepage - INFO - Click back on current page.
2020-08-27 20:21:30,683 - 2 - INFO - 随机页面"安致手游盒子"跳转正常，当前第3个
2020-08-27 20:21:30,872 - basepage - INFO - Click back on current page.
2020-08-27 20:21:37,404 - 2 - INFO - 进入"电脑"模块，将执行随机函数
2020-08-27 20:21:39,969 - 2 - INFO - 随机页面"仙风道骨（送GM海量充）"跳转正常，当前第1个
2020-08-27 20:21:40,086 - basepage - INFO - Click back on current page.
2020-08-27 20:21:44,579 - 2 - INFO - 随机页面"神龙猎手（开局送万抽）"跳转正常，当前第2个
2020-08-27 20:21:44,675 - basepage - INFO - Click back on current page.
2020-08-27 20:21:49,180 - 2 - INFO - 随机页面"星辰变（送百元永抽）"跳转正常，当前第3个
2020-08-27 20:21:49,256 - basepage - INFO - Click back on current page.
2020-08-27 20:21:58,274 - 2 - INFO - 进入"APP大全"模块，将执行随机函数
2020-08-27 20:22:02,385 - 2 - INFO - 页面"RTS"跳转正常,该类元素共16个，当前第1个
2020-08-27 20:22:08,497 - 2 - INFO - 页面"横版"跳转正常,该类元素共16个，当前第2个
2020-08-27 20:22:14,650 - 2 - INFO - 页面"玄幻"跳转正常,该类元素共16个，当前第3个
2020-08-27 20:22:20,722 - 2 - INFO - 页面"竖屏"跳转正常,该类元素共16个，当前第4个
2020-08-27 20:22:26,834 - 2 - INFO - 页面"MMORPG"跳转正常,该类元素共16个，当前第5个
2020-08-27 20:22:32,926 - 2 - INFO - 页面"Q萌"跳转正常,该类元素共16个，当前第6个
2020-08-27 20:22:39,009 - 2 - INFO - 页面"结婚"跳转正常,该类元素共16个，当前第7个
2020-08-27 20:22:45,119 - 2 - INFO - 页面"竞技"跳转正常,该类元素共16个，当前第8个
2020-08-27 20:22:51,215 - 2 - INFO - 页面"MOBA"跳转正常,该类元素共16个，当前第9个
2020-08-27 20:22:57,334 - 2 - INFO - 页面"对战"跳转正常,该类元素共16个，当前第10个
2020-08-27 20:23:03,428 - 2 - INFO - 页面"多人在线"跳转正常,该类元素共16个，当前第11个
2020-08-27 20:23:09,524 - 2 - INFO - 页面"暗黑系列"跳转正常,该类元素共16个，当前第12个
2020-08-27 20:23:15,637 - 2 - INFO - 页面"小说改编"跳转正常,该类元素共16个，当前第13个
2020-08-27 20:23:21,762 - 2 - INFO - 页面"游戏盒"跳转正常,该类元素共16个，当前第14个
2020-08-27 20:23:29,681 - 2 - INFO - 页面"龙之谷2"跳转正常,该类元素共16个，当前第15个
2020-08-27 20:23:35,761 - 2 - INFO - 页面"光遇"跳转正常,该类元素共16个，当前第16个
2020-08-27 20:23:37,783 - basepage - INFO - zuiben自动化测试结束
