2020-07-23 19:03:03,263 - basepage - INFO - zuiben自动化测试开始
2020-07-23 19:03:03,264 - basepage - INFO - 隐性等待 10 秒
2020-07-23 19:03:09,051 - basepage - INFO - 跳转至https://www.zuiben.com/
2020-07-23 19:03:11,165 - basepage - INFO - 窗口已经最大化
2020-07-23 19:03:17,540 - 2 - INFO - 页面"【安卓游戏】好玩的安卓游戏下载_安卓游戏排行榜_安卓游戏免费下载大全-最笨下载"跳转正常,该类元素共21个，当前第1个
2020-07-23 19:03:17,790 - basepage - INFO - Click back on current page.
2020-07-23 19:03:22,443 - 2 - INFO - 页面"变态手游公益服_bt手游变态服_无限元宝bt手游下载_BT手游中心-最笨下载"跳转正常,该类元素共21个，当前第2个
2020-07-23 19:03:22,771 - basepage - INFO - Click back on current page.
2020-07-23 19:03:27,360 - 2 - INFO - 页面"gm版手游_无限元宝/钻石公益服_0元免费gm权限手游下载-最笨下载"跳转正常,该类元素共21个，当前第3个
2020-07-23 19:03:27,642 - basepage - INFO - Click back on current page.
2020-07-23 19:03:34,118 - 2 - INFO - 页面"【苹果游戏】iphone苹果手机游戏下载_iphone苹果游戏排行榜-最笨下载"跳转正常,该类元素共21个，当前第4个
2020-07-23 19:03:34,617 - basepage - INFO - Click back on current page.
2020-07-23 19:03:39,274 - 2 - INFO - 页面"满vip版手游_手游sf送顶级vip_满级vip无限元宝手游下载-最笨下载"跳转正常,该类元素共21个，当前第5个
2020-07-23 19:03:39,494 - basepage - INFO - Click back on current page.
2020-07-23 19:03:45,914 - 2 - INFO - 页面"【安卓软件】安卓软件下载_安卓手机软件下载_安卓软件免费下载大全-最笨下载"跳转正常,该类元素共21个，当前第6个
2020-07-23 19:03:46,136 - basepage - INFO - Click back on current page.
2020-07-23 19:03:52,653 - 2 - INFO - 页面"【苹果软件】iphone苹果下载软件_iphone苹果软件免费下载_苹果软件下载大全-最笨下载"跳转正常,该类元素共21个，当前第7个
2020-07-23 19:03:53,080 - basepage - INFO - Click back on current page.
2020-07-23 19:03:58,581 - 2 - INFO - 页面"【安卓资讯】安卓资讯推荐_安卓资讯大全-最笨下载"跳转正常,该类元素共21个，当前第8个
2020-07-23 19:03:58,856 - basepage - INFO - Click back on current page.
2020-07-23 19:04:03,686 - 2 - INFO - 页面"【安卓游戏攻略】安卓游戏攻略推荐_安卓游戏攻略大全-最笨下载"跳转正常,该类元素共21个，当前第9个
2020-07-23 19:04:03,913 - basepage - INFO - Click back on current page.
2020-07-23 19:04:09,319 - 2 - INFO - 页面"【安卓软件教程】安卓软件教程推荐_安卓软件教程大全-最笨下载"跳转正常,该类元素共21个，当前第10个
2020-07-23 19:04:09,586 - basepage - INFO - Click back on current page.
2020-07-23 19:04:14,783 - 2 - INFO - 页面"【iphone资讯】iphone资讯推荐_iphone资讯大全-最笨下载"跳转正常,该类元素共21个，当前第11个
2020-07-23 19:04:15,153 - basepage - INFO - Click back on current page.
2020-07-23 19:04:20,067 - 2 - INFO - 页面"【iPhone游戏攻略】iPhone游戏攻略推荐_iPhone游戏攻略大全-最笨下载"跳转正常,该类元素共21个，当前第12个
2020-07-23 19:04:20,279 - basepage - INFO - Click back on current page.
2020-07-23 19:04:25,553 - 2 - INFO - 页面"【系统重装教程】电脑重装系统教程_电脑怎么重装系统_重装系统步骤-最笨下载"跳转正常,该类元素共21个，当前第13个
2020-07-23 19:04:25,771 - basepage - INFO - Click back on current page.
2020-07-23 19:04:32,252 - 2 - INFO - 页面"安卓专题-最笨下载"跳转正常,该类元素共21个，当前第14个
2020-07-23 19:04:32,494 - basepage - INFO - Click back on current page.
2020-07-23 19:04:38,278 - 2 - INFO - 页面"游戏专题-最笨下载"跳转正常,该类元素共21个，当前第15个
2020-07-23 19:04:38,616 - basepage - INFO - Click back on current page.
2020-07-23 19:04:44,175 - 2 - INFO - 页面"苹果专题-最笨下载"跳转正常,该类元素共21个，当前第16个
2020-07-23 19:04:44,456 - basepage - INFO - Click back on current page.
2020-07-23 19:04:49,853 - 2 - INFO - 页面"【电脑软件】电脑软件下载_电脑装机必备软件_电脑常用软件下载_电脑软件大全-最笨下载"跳转正常,该类元素共21个，当前第17个
2020-07-23 19:04:50,241 - basepage - INFO - Click back on current page.
2020-07-23 19:04:55,781 - 2 - INFO - 页面"【电脑软件】电脑软件下载_电脑装机必备软件_电脑常用软件下载_电脑软件大全-最笨下载"跳转正常,该类元素共21个，当前第18个
2020-07-23 19:04:56,007 - basepage - INFO - Click back on current page.
2020-07-23 19:05:00,978 - 2 - INFO - 页面"【激活工具】激活windows工具_万能激活工具_windows激活工具下载_自动激活工具-最笨下载"跳转正常,该类元素共21个，当前第19个
2020-07-23 19:05:01,367 - basepage - INFO - Click back on current page.
2020-07-23 19:05:05,544 - 2 - INFO - 页面"【系统重装教程】电脑重装系统教程_电脑怎么重装系统_重装系统步骤-最笨下载"跳转正常,该类元素共21个，当前第20个
2020-07-23 19:05:06,002 - basepage - INFO - Click back on current page.
2020-07-23 19:05:10,197 - 2 - INFO - 页面"【系统重装教程】电脑重装系统教程_电脑怎么重装系统_重装系统步骤-最笨下载"跳转正常,该类元素共21个，当前第21个
2020-07-23 19:05:10,567 - basepage - INFO - Click back on current page.
2020-07-23 19:05:18,462 - 2 - INFO - 页面"家庭教师OL手游"跳转正常,该类元素共10个，当前第1个
2020-07-23 19:05:24,626 - 2 - INFO - 页面"魔女骑士团手游"跳转正常,该类元素共10个，当前第2个
2020-07-23 19:05:30,759 - 2 - INFO - 页面"决胜足球手游"跳转正常,该类元素共10个，当前第3个
2020-07-23 19:05:36,898 - 2 - INFO - 页面"少女战争手游"跳转正常,该类元素共10个，当前第4个
2020-07-23 19:05:43,045 - 2 - INFO - 页面"天神战（魔灵特权）"跳转正常,该类元素共10个，当前第5个
2020-07-23 19:05:49,217 - 2 - INFO - 页面"最Q幻想手游"跳转正常,该类元素共10个，当前第6个
2020-07-23 19:05:55,357 - 2 - INFO - 页面"霸途手游"跳转正常,该类元素共10个，当前第7个
2020-07-23 19:06:01,488 - 2 - INFO - 页面"回到三国志手游"跳转正常,该类元素共10个，当前第8个
2020-07-23 19:06:07,653 - 2 - INFO - 页面"幻游猎人手游"跳转正常,该类元素共10个，当前第9个
2020-07-23 19:06:13,808 - 2 - INFO - 页面"神武4手游"跳转正常,该类元素共10个，当前第10个
2020-07-23 19:07:03,318 - 2 - ERROR - 页面"大军师（送海量橙将）"跳转异常,该类元素共20个，当前第1个
2020-07-23 19:07:09,643 - 2 - ERROR - 页面"唐门六道（送千元充值）"跳转异常,该类元素共20个，当前第2个
2020-07-23 19:07:15,956 - 2 - ERROR - 页面"战神不败（GM送充值）"跳转异常,该类元素共20个，当前第3个
2020-07-23 19:07:22,309 - 2 - ERROR - 页面"武器之王（福利特权）"跳转异常,该类元素共20个，当前第4个
2020-07-23 19:07:28,627 - 2 - ERROR - 页面"魔法之光（红忍海量抽）"跳转异常,该类元素共20个，当前第5个
2020-07-23 19:07:34,967 - 2 - ERROR - 页面"六界仙尊（送充值）"跳转异常,该类元素共20个，当前第6个
2020-07-23 19:07:41,304 - 2 - ERROR - 页面"梦幻沙城（海量抽充值）"跳转异常,该类元素共20个，当前第7个
2020-07-23 19:07:47,673 - 2 - ERROR - 页面"仙灵世界（送海量连抽）"跳转异常,该类元素共20个，当前第8个
2020-07-23 19:07:54,005 - 2 - ERROR - 页面"武动九天（GM免费特权）"跳转异常,该类元素共20个，当前第9个
2020-07-23 19:08:00,326 - 2 - ERROR - 页面"萌三国（海量送充值）"跳转异常,该类元素共20个，当前第10个
2020-07-23 19:08:06,653 - 2 - ERROR - 页面"大话许仙（钱庄特权）"跳转异常,该类元素共20个，当前第11个
2020-07-23 19:08:12,992 - 2 - ERROR - 页面"遮天斩（送千元充值）"跳转异常,该类元素共20个，当前第12个
2020-07-23 19:08:19,304 - 2 - ERROR - 页面"进击的少女（百抽充值卡）"跳转异常,该类元素共20个，当前第13个
2020-07-23 19:08:25,632 - 2 - ERROR - 页面"仙域无双（海量送充值）"跳转异常,该类元素共20个，当前第14个
2020-07-23 19:08:31,962 - 2 - ERROR - 页面"纵剑仙界（送VIP代金券）"跳转异常,该类元素共20个，当前第15个
2020-07-23 19:08:38,337 - 2 - ERROR - 页面"剑灭逍遥（特惠代金券）"跳转异常,该类元素共20个，当前第16个
2020-07-23 19:08:44,784 - 2 - ERROR - 页面"漫画英雄3D（免费升GM）"跳转异常,该类元素共20个，当前第17个
2020-07-23 19:08:51,295 - 2 - ERROR - 页面"九幽仙域（海量送充值）"跳转异常,该类元素共20个，当前第18个
2020-07-23 19:08:57,834 - 2 - ERROR - 页面"山河（满屏光柱）"跳转异常,该类元素共20个，当前第19个
2020-07-23 19:09:04,338 - 2 - ERROR - 页面"秘境寻宝英雄（星耀特权）"跳转异常,该类元素共20个，当前第20个
2020-07-23 19:09:12,731 - 2 - ERROR - 页面"大军师（送海量橙将）"跳转异常,该类元素共10个，当前第1个
2020-07-23 19:09:19,228 - 2 - ERROR - 页面"唐门六道（送千元充值）"跳转异常,该类元素共10个，当前第2个
2020-07-23 19:09:28,869 - 2 - INFO - 页面"战神不败（GM送充值）"跳转正常,该类元素共10个，当前第3个
2020-07-23 19:09:35,080 - 2 - INFO - 页面"武器之王（福利特权）"跳转正常,该类元素共10个，当前第4个
2020-07-23 19:09:41,316 - 2 - INFO - 页面"魔法之光（红忍海量抽）"跳转正常,该类元素共10个，当前第5个
2020-07-23 19:09:47,583 - 2 - INFO - 页面"六界仙尊（送充值）"跳转正常,该类元素共10个，当前第6个
2020-07-23 19:09:53,859 - 2 - INFO - 页面"梦幻沙城（海量抽充值）"跳转正常,该类元素共10个，当前第7个
2020-07-23 19:10:00,100 - 2 - INFO - 页面"仙灵世界（送海量连抽）"跳转正常,该类元素共10个，当前第8个
2020-07-23 19:10:06,359 - 2 - INFO - 页面"武动九天（GM免费特权）"跳转正常,该类元素共10个，当前第9个
2020-07-23 19:10:12,609 - 2 - INFO - 页面"萌三国（海量送充值）"跳转正常,该类元素共10个，当前第10个
2020-07-23 19:10:18,904 - 2 - INFO - 页面"凡人飞仙传（充值特权）"跳转正常,该类元素共20个，当前第1个
2020-07-23 19:10:25,141 - 2 - INFO - 页面"大军师（送海量橙将）"跳转正常,该类元素共20个，当前第2个
2020-07-23 19:10:31,370 - 2 - INFO - 页面"唐门六道（送千元充值）"跳转正常,该类元素共20个，当前第3个
2020-07-23 19:10:37,644 - 2 - INFO - 页面"战神不败（GM送充值）"跳转正常,该类元素共20个，当前第4个
2020-07-23 19:10:43,905 - 2 - INFO - 页面"武器之王（福利特权）"跳转正常,该类元素共20个，当前第5个
2020-07-23 19:10:50,156 - 2 - INFO - 页面"魔法之光（红忍海量抽）"跳转正常,该类元素共20个，当前第6个
2020-07-23 19:10:56,419 - 2 - INFO - 页面"六界仙尊（送充值）"跳转正常,该类元素共20个，当前第7个
2020-07-23 19:11:02,681 - 2 - INFO - 页面"梦幻沙城（海量抽充值）"跳转正常,该类元素共20个，当前第8个
2020-07-23 19:11:08,929 - 2 - INFO - 页面"仙灵世界（送海量连抽）"跳转正常,该类元素共20个，当前第9个
2020-07-23 19:11:16,349 - 2 - INFO - 页面"横扫天下之万年强者（1元超值）"跳转正常,该类元素共20个，当前第10个
2020-07-23 19:11:34,688 - 2 - INFO - 页面"武动九天（GM免费特权）"跳转正常,该类元素共20个，当前第11个
2020-07-23 19:11:40,923 - 2 - INFO - 页面"萌三国（海量送充值）"跳转正常,该类元素共20个，当前第12个
2020-07-23 19:11:47,181 - 2 - INFO - 页面"大话许仙（钱庄特权）"跳转正常,该类元素共20个，当前第13个
2020-07-23 19:11:53,412 - 2 - INFO - 页面"遮天斩（送千元充值）"跳转正常,该类元素共20个，当前第14个
2020-07-23 19:11:59,623 - 2 - INFO - 页面"进击的少女（百抽充值卡）"跳转正常,该类元素共20个，当前第15个
2020-07-23 19:12:05,882 - 2 - INFO - 页面"仙域无双（海量送充值）"跳转正常,该类元素共20个，当前第16个
2020-07-23 19:12:12,160 - 2 - INFO - 页面"纵剑仙界（送VIP代金券）"跳转正常,该类元素共20个，当前第17个
2020-07-23 19:12:18,431 - 2 - INFO - 页面"烈火战神（海量特权）"跳转正常,该类元素共20个，当前第18个
2020-07-23 19:12:24,654 - 2 - INFO - 页面"剑灭逍遥（特惠代金券）"跳转正常,该类元素共20个，当前第19个
2020-07-23 19:12:32,334 - 2 - INFO - 页面"漫画英雄3D（免费升GM）"跳转正常,该类元素共20个，当前第20个
2020-07-23 19:12:40,479 - 2 - INFO - 页面"凡人飞仙传（充值特权）"跳转正常,该类元素共10个，当前第1个
2020-07-23 19:12:46,730 - 2 - INFO - 页面"大军师（送海量橙将）"跳转正常,该类元素共10个，当前第2个
2020-07-23 19:12:52,971 - 2 - INFO - 页面"唐门六道（送千元充值）"跳转正常,该类元素共10个，当前第3个
2020-07-23 19:12:59,239 - 2 - INFO - 页面"战神不败（GM送充值）"跳转正常,该类元素共10个，当前第4个
2020-07-23 19:13:05,479 - 2 - INFO - 页面"武器之王（福利特权）"跳转正常,该类元素共10个，当前第5个
2020-07-23 19:13:11,723 - 2 - INFO - 页面"魔法之光（红忍海量抽）"跳转正常,该类元素共10个，当前第6个
2020-07-23 19:13:17,987 - 2 - INFO - 页面"六界仙尊（送充值）"跳转正常,该类元素共10个，当前第7个
2020-07-23 19:13:24,236 - 2 - INFO - 页面"梦幻沙城（海量抽充值）"跳转正常,该类元素共10个，当前第8个
2020-07-23 19:13:30,494 - 2 - INFO - 页面"仙灵世界（送海量连抽）"跳转正常,该类元素共10个，当前第9个
2020-07-23 19:13:36,759 - 2 - INFO - 页面"武动九天（GM免费特权）"跳转正常,该类元素共10个，当前第10个
2020-07-23 19:13:43,051 - 2 - INFO - 页面"凡人飞仙传（充值特权）"跳转正常,该类元素共20个，当前第1个
2020-07-23 19:13:49,299 - 2 - INFO - 页面"大军师（送海量橙将）"跳转正常,该类元素共20个，当前第2个
2020-07-23 19:13:55,527 - 2 - INFO - 页面"唐门六道（送千元充值）"跳转正常,该类元素共20个，当前第3个
2020-07-23 19:14:01,798 - 2 - INFO - 页面"战神不败（GM送充值）"跳转正常,该类元素共20个，当前第4个
2020-07-23 19:14:08,048 - 2 - INFO - 页面"武器之王（福利特权）"跳转正常,该类元素共20个，当前第5个
2020-07-23 19:14:14,322 - 2 - INFO - 页面"魔法之光（红忍海量抽）"跳转正常,该类元素共20个，当前第6个
2020-07-23 19:14:20,588 - 2 - INFO - 页面"六界仙尊（送充值）"跳转正常,该类元素共20个，当前第7个
2020-07-23 19:14:26,854 - 2 - INFO - 页面"梦幻沙城（海量抽充值）"跳转正常,该类元素共20个，当前第8个
2020-07-23 19:14:33,092 - 2 - INFO - 页面"仙灵世界（送海量连抽）"跳转正常,该类元素共20个，当前第9个
2020-07-23 19:14:39,350 - 2 - INFO - 页面"横扫天下之万年强者（1元超值）"跳转正常,该类元素共20个，当前第10个
2020-07-23 19:14:45,586 - 2 - INFO - 页面"武动九天（GM免费特权）"跳转正常,该类元素共20个，当前第11个
2020-07-23 19:14:51,818 - 2 - INFO - 页面"萌三国（海量送充值）"跳转正常,该类元素共20个，当前第12个
2020-07-23 19:14:58,072 - 2 - INFO - 页面"大话许仙（钱庄特权）"跳转正常,该类元素共20个，当前第13个
2020-07-23 19:15:04,310 - 2 - INFO - 页面"遮天斩（送千元充值）"跳转正常,该类元素共20个，当前第14个
2020-07-23 19:15:10,557 - 2 - INFO - 页面"进击的少女（百抽充值卡）"跳转正常,该类元素共20个，当前第15个
2020-07-23 19:15:16,835 - 2 - INFO - 页面"仙域无双（海量送充值）"跳转正常,该类元素共20个，当前第16个
2020-07-23 19:15:23,056 - 2 - INFO - 页面"纵剑仙界（送VIP代金券）"跳转正常,该类元素共20个，当前第17个
2020-07-23 19:15:29,315 - 2 - INFO - 页面"烈火战神（海量特权）"跳转正常,该类元素共20个，当前第18个
2020-07-23 19:15:35,591 - 2 - INFO - 页面"剑灭逍遥（特惠代金券）"跳转正常,该类元素共20个，当前第19个
2020-07-23 19:15:41,851 - 2 - INFO - 页面"漫画英雄3D（免费升GM）"跳转正常,该类元素共20个，当前第20个
2020-07-23 19:15:50,036 - 2 - INFO - 页面"【武动九天（GM免费特权）】上线满V，8W8绑元和"跳转正常,该类元素共1个，当前第1个
2020-07-23 19:15:50,839 - basepage - INFO - Click back on current page.
2020-07-23 19:15:57,945 - 2 - INFO - 页面"【梦幻沙城（海量抽充值）】上线即送GM2商城特"跳转正常,该类元素共1个，当前第1个
2020-07-23 19:15:58,624 - basepage - INFO - Click back on current page.
2020-07-23 19:16:05,064 - 2 - INFO - 页面"【六界仙尊（送充值）】上线直送VIP12，送88888元"跳转正常,该类元素共1个，当前第1个
2020-07-23 19:16:06,122 - basepage - INFO - Click back on current page.
2020-07-23 19:16:12,856 - 2 - INFO - 页面"【唐门六道（送千元充值）】上线送满级VIP19、礼"跳转正常,该类元素共1个，当前第1个
2020-07-23 19:16:13,501 - basepage - INFO - Click back on current page.
2020-07-23 19:16:19,559 - 2 - INFO - 页面"【战神不败（GM送充值）】 上线送88888元宝+铜钱"跳转正常,该类元素共1个，当前第1个
2020-07-23 19:16:20,879 - basepage - INFO - Click back on current page.
2020-07-23 19:16:26,880 - 2 - INFO - 页面"【武器之王（福利特权）】上线送VIP10,50万福利钻"跳转正常,该类元素共1个，当前第1个
2020-07-23 19:16:27,429 - basepage - INFO - Click back on current page.
2020-07-23 19:16:38,168 - 2 - INFO - 页面"九灵神域"跳转正常,该类元素共12个，当前第1个
2020-07-23 19:16:38,780 - basepage - INFO - Click back on current page.
2020-07-23 19:16:46,730 - 2 - INFO - 页面"仙剑缘（星耀特权）"跳转正常,该类元素共12个，当前第2个
2020-07-23 19:16:47,229 - basepage - INFO - Click back on current page.
2020-07-23 19:16:57,121 - 2 - INFO - 页面"九天仙梦（商城特权）"跳转正常,该类元素共12个，当前第3个
2020-07-23 19:16:58,029 - basepage - INFO - Click back on current page.
2020-07-23 19:17:19,268 - 2 - INFO - 页面"我叫MT：奇幻之旅（送一万连抽）"跳转正常,该类元素共12个，当前第4个
2020-07-23 19:17:20,537 - basepage - INFO - Click back on current page.
2020-07-23 19:17:26,503 - 2 - INFO - 页面"天天驯兽师（每日送百抽）"跳转正常,该类元素共12个，当前第5个
2020-07-23 19:17:27,061 - basepage - INFO - Click back on current page.
2020-07-23 19:17:34,515 - 2 - INFO - 页面"教主之家（至尊特权）"跳转正常,该类元素共12个，当前第6个
2020-07-23 19:17:34,918 - basepage - INFO - Click back on current page.
2020-07-23 19:17:46,851 - 2 - INFO - 页面"魔星狂点（送海量连抽）"跳转正常,该类元素共12个，当前第7个
2020-07-23 19:17:47,450 - basepage - INFO - Click back on current page.
2020-07-23 19:17:56,878 - 2 - INFO - 页面"主公别闹"跳转正常,该类元素共12个，当前第8个
2020-07-23 19:17:57,554 - basepage - INFO - Click back on current page.
2020-07-23 19:18:04,402 - 2 - INFO - 页面"天天怼三国（送千元充值）"跳转正常,该类元素共12个，当前第9个
2020-07-23 19:18:04,942 - basepage - INFO - Click back on current page.
2020-07-23 19:18:12,238 - 2 - INFO - 页面"全民祖玛（爆装加强版）"跳转正常,该类元素共12个，当前第10个
2020-07-23 19:18:12,742 - basepage - INFO - Click back on current page.
2020-07-23 19:18:21,952 - 2 - INFO - 页面"百恋成仙（送千元充值）"跳转正常,该类元素共12个，当前第11个
2020-07-23 19:18:22,859 - basepage - INFO - Click back on current page.
2020-07-23 19:18:28,257 - 2 - INFO - 页面"幻游猎人"跳转正常,该类元素共12个，当前第12个
2020-07-23 19:18:28,793 - basepage - INFO - Click back on current page.
2020-07-23 19:18:38,056 - 2 - INFO - 页面"魔兽世界怀旧服2020年6月7日人口普查一览"跳转正常,该类元素共2个，当前第1个
2020-07-23 19:18:38,592 - basepage - INFO - Click back on current page.
2020-07-23 19:18:49,313 - 2 - INFO - 页面"DNF萌噬噬宠物属性怎么样？萌噬噬属性介绍"跳转正常,该类元素共2个，当前第2个
2020-07-23 19:18:49,912 - basepage - INFO - Click back on current page.
2020-07-23 19:19:00,088 - 2 - INFO - 页面"全球行动步兵怎么玩 步兵运营思路-最笨下载"跳转正常,该类元素共14个，当前第1个
2020-07-23 19:19:00,714 - basepage - INFO - Click back on current page.
2020-07-23 19:19:07,790 - 2 - INFO - 页面"全球行动阵营怎么选择 全球行动阵营选择推荐-最笨下载"跳转正常,该类元素共14个，当前第2个
2020-07-23 19:19:08,228 - basepage - INFO - Click back on current page.
2020-07-23 19:19:15,640 - 2 - INFO - 页面"纸人2第十一章怎么过 第十一章通关攻略-最笨下载"跳转正常,该类元素共14个，当前第3个
2020-07-23 19:19:16,335 - basepage - INFO - Click back on current page.
2020-07-23 19:19:24,278 - 2 - INFO - 页面"纸人2全成就解锁条件汇总介绍-最笨下载"跳转正常,该类元素共14个，当前第4个
2020-07-23 19:19:25,064 - basepage - INFO - Click back on current page.
2020-07-23 19:19:32,393 - 2 - INFO - 页面"纸人2怎么打夫人 夫人打法技巧-最笨下载"跳转正常,该类元素共14个，当前第5个
2020-07-23 19:19:33,027 - basepage - INFO - Click back on current page.
2020-07-23 19:19:40,578 - 2 - INFO - 页面"全球行动狂欢夜活动玩法攻略-最笨下载"跳转正常,该类元素共14个，当前第6个
2020-07-23 19:19:41,230 - basepage - INFO - Click back on current page.
2020-07-23 19:19:49,818 - 2 - INFO - 页面"全球行动新手怎么玩？新手入坑指南-最笨下载"跳转正常,该类元素共14个，当前第7个
2020-07-23 19:19:50,459 - basepage - INFO - Click back on current page.
2020-07-23 19:19:58,367 - 2 - INFO - 页面"全球行动改装怎么玩？改装玩法技巧-最笨下载"跳转正常,该类元素共14个，当前第8个
2020-07-23 19:19:58,971 - basepage - INFO - Click back on current page.
2020-07-23 19:20:07,461 - 2 - INFO - 页面"全球行动礼包兑换码分享-最笨下载"跳转正常,该类元素共14个，当前第9个
2020-07-23 19:20:07,997 - basepage - INFO - Click back on current page.
2020-07-23 19:20:16,524 - 2 - INFO - 页面"纸人2听雨斋花瓶怎么解谜？听雨斋花瓶解谜攻略-最笨下载"跳转正常,该类元素共14个，当前第10个
2020-07-23 19:20:17,254 - basepage - INFO - Click back on current page.
2020-07-23 19:20:25,576 - 2 - INFO - 页面"纸人2殷夫人怎么打？殷夫人打法攻略-最笨下载"跳转正常,该类元素共14个，当前第11个
2020-07-23 19:20:26,211 - basepage - INFO - Click back on current page.
2020-07-23 19:20:34,067 - 2 - INFO - 页面"纸人2人物死亡顺序是什么？人物死亡顺序介绍-最笨下载"跳转正常,该类元素共14个，当前第12个
2020-07-23 19:20:34,606 - basepage - INFO - Click back on current page.
2020-07-23 19:20:42,256 - 2 - INFO - 页面"纸人2夫人结局是什么？全人物结局一览-最笨下载"跳转正常,该类元素共14个，当前第13个
2020-07-23 19:20:43,096 - basepage - INFO - Click back on current page.
2020-07-23 19:20:52,094 - 2 - INFO - 页面"忍者必须死3小椒武道大会限时兑换码分享-最笨下载"跳转正常,该类元素共14个，当前第14个
2020-07-23 19:20:52,928 - basepage - INFO - Click back on current page.
2020-07-23 19:21:03,321 - 2 - INFO - 页面"2020阴阳师7月新式神紧那罗即将上线 高颜值紧那"跳转正常,该类元素共2个，当前第1个
2020-07-23 19:21:03,909 - basepage - INFO - Click back on current page.
2020-07-23 19:21:12,028 - 2 - INFO - 页面"英雄联盟2020灵魂莲华皮肤原画汇总"跳转正常,该类元素共2个，当前第2个
2020-07-23 19:21:12,745 - basepage - INFO - Click back on current page.
2020-07-23 19:21:20,424 - 2 - INFO - 页面"变态手游公益服_bt手游变态服_无限元宝bt手游下载_BT手游中心-最笨下载"跳转正常,该类元素共28个，当前第1个
2020-07-23 19:21:21,003 - basepage - INFO - Click back on current page.
2020-07-23 19:21:29,163 - 2 - INFO - 页面"凡人飞仙传（充值特权）_凡人飞仙传（充值特权）无限元宝服_SF变态版凡人飞仙传（充值特权）公益服下载 - 最笨下载"跳转正常,该类元素共28个，当前第2个
2020-07-23 19:21:29,857 - basepage - INFO - Click back on current page.
2020-07-23 19:21:36,603 - 2 - INFO - 页面"变态手游公益服_bt手游变态服_无限元宝bt手游下载_BT手游中心-最笨下载"跳转正常,该类元素共28个，当前第3个
2020-07-23 19:21:37,287 - basepage - INFO - Click back on current page.
2020-07-23 19:21:44,378 - 2 - INFO - 页面"大军师（送海量橙将）_大军师（送海量橙将）无限元宝服_SF变态版大军师（送海量橙将）公益服下载 - 最笨下载"跳转正常,该类元素共28个，当前第4个
2020-07-23 19:21:44,934 - basepage - INFO - Click back on current page.
2020-07-23 19:21:52,303 - 2 - INFO - 页面"满vip版手游_手游sf送顶级vip_满级vip无限元宝手游下载-最笨下载"跳转正常,该类元素共28个，当前第5个
2020-07-23 19:21:53,191 - basepage - INFO - Click back on current page.
2020-07-23 19:22:00,105 - 2 - INFO - 页面"唐门六道（送千元充值）_唐门六道（送千元充值）无限元宝服_SF变态版唐门六道（送千元充值）公益服下载 - 最笨下载"跳转正常,该类元素共28个，当前第6个
2020-07-23 19:22:00,944 - basepage - INFO - Click back on current page.
2020-07-23 19:22:07,995 - 2 - INFO - 页面"满vip版手游_手游sf送顶级vip_满级vip无限元宝手游下载-最笨下载"跳转正常,该类元素共28个，当前第7个
2020-07-23 19:22:08,657 - basepage - INFO - Click back on current page.
2020-07-23 19:22:15,688 - 2 - INFO - 页面"战神不败（GM送充值）_战神不败（GM送充值）无限元宝服_SF变态版战神不败（GM送充值）公益服下载 - 最笨下载"跳转正常,该类元素共28个，当前第8个
2020-07-23 19:22:16,351 - basepage - INFO - Click back on current page.
2020-07-23 19:22:23,257 - 2 - INFO - 页面"变态手游公益服_bt手游变态服_无限元宝bt手游下载_BT手游中心-最笨下载"跳转正常,该类元素共28个，当前第9个
2020-07-23 19:22:23,916 - basepage - INFO - Click back on current page.
2020-07-23 19:22:31,454 - 2 - INFO - 页面"武器之王（福利特权）_武器之王（福利特权）无限元宝服_SF变态版武器之王（福利特权）公益服下载 - 最笨下载"跳转正常,该类元素共28个，当前第10个
2020-07-23 19:22:32,104 - basepage - INFO - Click back on current page.
2020-07-23 19:22:39,039 - 2 - INFO - 页面"满vip版手游_手游sf送顶级vip_满级vip无限元宝手游下载-最笨下载"跳转正常,该类元素共28个，当前第11个
2020-07-23 19:22:39,765 - basepage - INFO - Click back on current page.
2020-07-23 19:22:46,996 - 2 - INFO - 页面"魔法之光（红忍海量抽）_魔法之光（红忍海量抽）无限元宝服_SF变态版魔法之光（红忍海量抽）公益服下载 - 最笨下载"跳转正常,该类元素共28个，当前第12个
2020-07-23 19:22:47,729 - basepage - INFO - Click back on current page.
2020-07-23 19:22:54,592 - 2 - INFO - 页面"满vip版手游_手游sf送顶级vip_满级vip无限元宝手游下载-最笨下载"跳转正常,该类元素共28个，当前第13个
2020-07-23 19:22:55,152 - basepage - INFO - Click back on current page.
2020-07-23 19:23:02,078 - 2 - INFO - 页面"六界仙尊（送充值）_六界仙尊（送充值）无限元宝服_SF变态版六界仙尊（送充值）公益服下载 - 最笨下载"跳转正常,该类元素共28个，当前第14个
2020-07-23 19:23:02,654 - basepage - INFO - Click back on current page.
2020-07-23 19:23:09,534 - 2 - INFO - 页面"满vip版手游_手游sf送顶级vip_满级vip无限元宝手游下载-最笨下载"跳转正常,该类元素共28个，当前第15个
2020-07-23 19:23:10,290 - basepage - INFO - Click back on current page.
2020-07-23 19:23:17,695 - 2 - INFO - 页面"梦幻沙城（海量抽充值）_梦幻沙城（海量抽充值）无限元宝服_SF变态版梦幻沙城（海量抽充值）公益服下载 - 最笨下载"跳转正常,该类元素共28个，当前第16个
2020-07-23 19:23:18,213 - basepage - INFO - Click back on current page.
2020-07-23 19:23:25,108 - 2 - INFO - 页面"满vip版手游_手游sf送顶级vip_满级vip无限元宝手游下载-最笨下载"跳转正常,该类元素共28个，当前第17个
2020-07-23 19:23:25,732 - basepage - INFO - Click back on current page.
2020-07-23 19:23:33,372 - 2 - INFO - 页面"仙灵世界（送海量连抽）_仙灵世界（送海量连抽）无限元宝服_SF变态版仙灵世界（送海量连抽）公益服下载 - 最笨下载"跳转正常,该类元素共28个，当前第18个
2020-07-23 19:23:33,926 - basepage - INFO - Click back on current page.
2020-07-23 19:23:41,032 - 2 - INFO - 页面"变态手游公益服_bt手游变态服_无限元宝bt手游下载_BT手游中心-最笨下载"跳转正常,该类元素共28个，当前第19个
2020-07-23 19:23:41,697 - basepage - INFO - Click back on current page.
2020-07-23 19:23:49,290 - 2 - INFO - 页面"横扫天下之万年强者（1元超值）_横扫天下之万年强者（1元超值）无限元宝服_SF变态版横扫天下之万年强者（1元超值）公益服下载 - 最笨下载"跳转正常,该类元素共28个，当前第20个
2020-07-23 19:23:49,979 - basepage - INFO - Click back on current page.
2020-07-23 19:23:56,791 - 2 - INFO - 页面"满vip版手游_手游sf送顶级vip_满级vip无限元宝手游下载-最笨下载"跳转正常,该类元素共28个，当前第21个
2020-07-23 19:23:57,544 - basepage - INFO - Click back on current page.
2020-07-23 19:24:05,222 - 2 - INFO - 页面"武动九天（GM免费特权）_武动九天（GM免费特权）无限元宝服_SF变态版武动九天（GM免费特权）公益服下载 - 最笨下载"跳转正常,该类元素共28个，当前第22个
2020-07-23 19:24:06,084 - basepage - INFO - Click back on current page.
2020-07-23 19:24:12,871 - 2 - INFO - 页面"满vip版手游_手游sf送顶级vip_满级vip无限元宝手游下载-最笨下载"跳转正常,该类元素共28个，当前第23个
2020-07-23 19:24:13,440 - basepage - INFO - Click back on current page.
2020-07-23 19:24:21,263 - 2 - INFO - 页面"萌三国（海量送充值）_萌三国（海量送充值）无限元宝服_SF变态版萌三国（海量送充值）公益服下载 - 最笨下载"跳转正常,该类元素共28个，当前第24个
2020-07-23 19:24:21,819 - basepage - INFO - Click back on current page.
2020-07-23 19:24:28,487 - 2 - INFO - 页面"满vip版手游_手游sf送顶级vip_满级vip无限元宝手游下载-最笨下载"跳转正常,该类元素共28个，当前第25个
2020-07-23 19:24:29,077 - basepage - INFO - Click back on current page.
2020-07-23 19:24:36,049 - 2 - INFO - 页面"大话许仙（钱庄特权）_大话许仙（钱庄特权）无限元宝服_SF变态版大话许仙（钱庄特权）公益服下载 - 最笨下载"跳转正常,该类元素共28个，当前第26个
2020-07-23 19:24:36,659 - basepage - INFO - Click back on current page.
2020-07-23 19:24:43,638 - 2 - INFO - 页面"变态手游公益服_bt手游变态服_无限元宝bt手游下载_BT手游中心-最笨下载"跳转正常,该类元素共28个，当前第27个
2020-07-23 19:24:44,295 - basepage - INFO - Click back on current page.
2020-07-23 19:24:51,435 - 2 - INFO - 页面"遮天斩（送千元充值）_遮天斩（送千元充值）无限元宝服_SF变态版遮天斩（送千元充值）公益服下载 - 最笨下载"跳转正常,该类元素共28个，当前第28个
2020-07-23 19:24:51,996 - basepage - INFO - Click back on current page.
2020-07-23 19:25:02,117 - 2 - INFO - 页面"有翡原著小说简介 有匪小说剧情介绍"跳转正常,该类元素共2个，当前第1个
2020-07-23 19:25:02,742 - basepage - INFO - Click back on current page.
2020-07-23 19:25:10,110 - 2 - INFO - 页面"有翡小说免费阅读 有匪小说周翡全文阅读"跳转正常,该类元素共2个，当前第2个
2020-07-23 19:25:10,942 - basepage - INFO - Click back on current page.
2020-07-23 19:25:23,331 - 2 - INFO - 页面"【苹果娱乐软件】iPhone手机娱乐软件_iPhone娱乐软件免费下载大全-最笨下载"跳转正常,该类元素共28个，当前第1个
2020-07-23 19:25:24,415 - basepage - INFO - Click back on current page.
2020-07-23 19:25:48,194 - 2 - INFO - 页面"最笨游戏盒子iOS版_最笨游戏盒子iOS版下载_最笨游戏盒子iOS版官方下载-最笨下载"跳转正常,该类元素共28个，当前第2个
2020-07-23 19:25:48,897 - basepage - INFO - Click back on current page.
2020-07-23 19:26:02,236 - 2 - INFO - 页面"【安卓娱乐软件】安卓娱乐软件下载_安卓娱乐软件推荐_安卓娱乐软件大全-最笨下载"跳转正常,该类元素共28个，当前第3个
2020-07-23 19:26:02,913 - basepage - INFO - Click back on current page.
2020-07-23 19:26:12,109 - 2 - INFO - 页面"最笨游戏盒子_最笨游戏盒子下载_最笨游戏盒子官方下载-最笨下载"跳转正常,该类元素共28个，当前第4个
2020-07-23 19:26:12,729 - basepage - INFO - Click back on current page.
2020-07-23 19:26:23,452 - 2 - INFO - 页面"【安卓聊天软件】安卓聊天软件下载_安卓聊天软件排行_安卓聊天软件大全-最笨下载"跳转正常,该类元素共28个，当前第5个
2020-07-23 19:26:24,048 - basepage - INFO - Click back on current page.
2020-07-23 19:26:32,760 - 2 - INFO - 页面"蜜小助_蜜小助下载_蜜小助官方下载-最笨下载"跳转正常,该类元素共28个，当前第6个
2020-07-23 19:26:33,436 - basepage - INFO - Click back on current page.
2020-07-23 19:26:40,327 - 2 - INFO - 页面"【安卓娱乐软件】安卓娱乐软件下载_安卓娱乐软件推荐_安卓娱乐软件大全-最笨下载"跳转正常,该类元素共28个，当前第7个
2020-07-23 19:26:40,790 - basepage - INFO - Click back on current page.
2020-07-23 19:26:48,985 - 2 - INFO - 页面"3733游戏盒子_3733游戏盒子下载_3733游戏盒子官方下载-最笨下载"跳转正常,该类元素共28个，当前第8个
2020-07-23 19:26:49,694 - basepage - INFO - Click back on current page.
2020-07-23 19:26:56,371 - 2 - INFO - 页面"【安卓聊天软件】安卓聊天软件下载_安卓聊天软件排行_安卓聊天软件大全-最笨下载"跳转正常,该类元素共28个，当前第9个
2020-07-23 19:26:56,938 - basepage - INFO - Click back on current page.
2020-07-23 19:27:06,918 - 2 - INFO - 页面"土味情话_土味情话下载_土味情话官方下载-最笨下载"跳转正常,该类元素共28个，当前第10个
2020-07-23 19:27:07,552 - basepage - INFO - Click back on current page.
2020-07-23 19:27:14,262 - 2 - INFO - 页面"【安卓聊天软件】安卓聊天软件下载_安卓聊天软件排行_安卓聊天软件大全-最笨下载"跳转正常,该类元素共28个，当前第11个
2020-07-23 19:27:14,738 - basepage - INFO - Click back on current page.
2020-07-23 19:27:23,033 - 2 - INFO - 页面"恋爱话术_恋爱话术下载_恋爱话术官方下载-最笨下载"跳转正常,该类元素共28个，当前第12个
2020-07-23 19:27:23,961 - basepage - INFO - Click back on current page.
2020-07-23 19:27:31,072 - 2 - INFO - 页面"【安卓聊天软件】安卓聊天软件下载_安卓聊天软件排行_安卓聊天软件大全-最笨下载"跳转正常,该类元素共28个，当前第13个
2020-07-23 19:27:31,742 - basepage - INFO - Click back on current page.
2020-07-23 19:27:39,565 - 2 - INFO - 页面"土味情话社_土味情话社下载_土味情话社官方下载-最笨下载"跳转正常,该类元素共28个，当前第14个
2020-07-23 19:27:40,106 - basepage - INFO - Click back on current page.
2020-07-23 19:27:47,928 - 2 - INFO - 页面"【安卓阅读软件】安卓阅读软件下载_安卓阅读软件哪个好_安卓阅读软件排行-最笨下载"跳转正常,该类元素共28个，当前第15个
2020-07-23 19:27:48,498 - basepage - INFO - Click back on current page.
2020-07-23 19:28:00,066 - 2 - INFO - 页面"吾爱看书_吾爱看书下载_吾爱看书官方下载-最笨下载"跳转正常,该类元素共28个，当前第16个
2020-07-23 19:28:00,660 - basepage - INFO - Click back on current page.
2020-07-23 19:28:08,431 - 2 - INFO - 页面"【苹果阅读软件】iPhone手机阅读软件_iPhone阅读软件免费下载大全-最笨下载"跳转正常,该类元素共28个，当前第17个
2020-07-23 19:28:09,076 - basepage - INFO - Click back on current page.
2020-07-23 19:28:17,013 - 2 - INFO - 页面"吾爱看书ios版_吾爱看书ios版下载_吾爱看书ios版官方下载-最笨下载"跳转正常,该类元素共28个，当前第18个
2020-07-23 19:28:17,684 - basepage - INFO - Click back on current page.
2020-07-23 19:28:24,607 - 2 - INFO - 页面"【安卓聊天软件】安卓聊天软件下载_安卓聊天软件排行_安卓聊天软件大全-最笨下载"跳转正常,该类元素共28个，当前第19个
2020-07-23 19:28:25,168 - basepage - INFO - Click back on current page.
2020-07-23 19:28:33,660 - 2 - INFO - 页面"恋爱话术库_恋爱话术库下载_恋爱话术库官方下载-最笨下载"跳转正常,该类元素共28个，当前第20个
2020-07-23 19:28:34,315 - basepage - INFO - Click back on current page.
2020-07-23 19:28:41,074 - 2 - INFO - 页面"【安卓聊天软件】安卓聊天软件下载_安卓聊天软件排行_安卓聊天软件大全-最笨下载"跳转正常,该类元素共28个，当前第21个
2020-07-23 19:28:41,735 - basepage - INFO - Click back on current page.
2020-07-23 19:28:51,175 - 2 - INFO - 页面"撩吧_撩吧下载_撩吧官方下载-最笨下载"跳转正常,该类元素共28个，当前第22个
2020-07-23 19:28:51,793 - basepage - INFO - Click back on current page.
2020-07-23 19:28:58,670 - 2 - INFO - 页面"【安卓聊天软件】安卓聊天软件下载_安卓聊天软件排行_安卓聊天软件大全-最笨下载"跳转正常,该类元素共28个，当前第23个
2020-07-23 19:28:59,232 - basepage - INFO - Click back on current page.
2020-07-23 19:29:11,937 - 2 - INFO - 页面"遇知音_遇知音下载_遇知音官方下载-最笨下载"跳转正常,该类元素共28个，当前第24个
2020-07-23 19:29:12,443 - basepage - INFO - Click back on current page.
2020-07-23 19:29:19,169 - 2 - INFO - 页面"【安卓聊天软件】安卓聊天软件下载_安卓聊天软件排行_安卓聊天软件大全-最笨下载"跳转正常,该类元素共28个，当前第25个
2020-07-23 19:29:19,750 - basepage - INFO - Click back on current page.
2020-07-23 19:29:28,038 - 2 - INFO - 页面"脱单大师_脱单大师下载_脱单大师官方下载-最笨下载"跳转正常,该类元素共28个，当前第26个
2020-07-23 19:29:28,786 - basepage - INFO - Click back on current page.
2020-07-23 19:29:35,889 - 2 - INFO - 页面"【安卓聊天软件】安卓聊天软件下载_安卓聊天软件排行_安卓聊天软件大全-最笨下载"跳转正常,该类元素共28个，当前第27个
2020-07-23 19:29:36,557 - basepage - INFO - Click back on current page.
2020-07-23 19:29:46,905 - 2 - INFO - 页面"爱情套路_爱情套路下载_爱情套路官方下载-最笨下载"跳转正常,该类元素共28个，当前第28个
2020-07-23 19:29:47,435 - basepage - INFO - Click back on current page.
2020-07-23 19:29:58,840 - 2 - INFO - 页面"【安卓播放器】安卓播放器下载_安卓播放器哪个最好_安卓播放器下载排行-最笨下载"跳转正常,该类元素共20个，当前第1个
2020-07-23 19:29:59,464 - basepage - INFO - Click back on current page.
2020-07-23 19:30:07,547 - 2 - INFO - 页面"【安卓学习软件】安卓学习软件下载_安卓学习软件免费下载_安卓学习软件大全-最笨下载"跳转正常,该类元素共20个，当前第2个
2020-07-23 19:30:08,220 - basepage - INFO - Click back on current page.
2020-07-23 19:30:16,917 - 2 - INFO - 页面"【安卓辅助软件】安卓辅助软件下载_安卓辅助软件推荐_安卓辅助软件大全-最笨下载"跳转正常,该类元素共20个，当前第3个
2020-07-23 19:30:17,589 - basepage - INFO - Click back on current page.
2020-07-23 19:30:26,110 - 2 - INFO - 页面"【安卓输入法】安卓输入法下载_安卓输入法哪个好_安卓输入法怎么用-最笨下载"跳转正常,该类元素共20个，当前第4个
2020-07-23 19:30:26,787 - basepage - INFO - Click back on current page.
2020-07-23 19:30:35,066 - 2 - INFO - 页面"【安卓通信软件】安卓通信软件下载_安卓通信软件推荐_安卓通信软件大全-最笨下载"跳转正常,该类元素共20个，当前第5个
2020-07-23 19:30:35,696 - basepage - INFO - Click back on current page.
2020-07-23 19:30:43,943 - 2 - INFO - 页面"【安卓固件】安卓固件下载_安卓固件包下载_安卓固件管理器-最笨下载"跳转正常,该类元素共20个，当前第6个
2020-07-23 19:30:44,987 - basepage - INFO - Click back on current page.
2020-07-23 19:30:53,292 - 2 - INFO - 页面"【安卓文件管理器】安卓文件管理器下载_安卓文件管理器哪个好_安卓文件管理器中文版-最笨下载"跳转正常,该类元素共20个，当前第7个
2020-07-23 19:30:54,100 - basepage - INFO - Click back on current page.
2020-07-23 19:31:02,827 - 2 - INFO - 页面"【安卓同步软件】安卓同步软件下载_安卓同步软件哪个好_安卓手机同步软件-最笨下载"跳转正常,该类元素共20个，当前第8个
2020-07-23 19:31:03,379 - basepage - INFO - Click back on current page.
2020-07-23 19:31:12,197 - 2 - INFO - 页面"【安卓办公软件】安卓办公软件下载_安卓办公软件哪个好_安卓办公软件哪种最好-最笨下载"跳转正常,该类元素共20个，当前第9个
2020-07-23 19:31:13,816 - basepage - INFO - Click back on current page.
2020-07-23 19:31:28,106 - 2 - INFO - 页面"【安卓新闻软件】安卓新闻软件下载_安卓新闻软件哪个好_安卓新闻软件大全-最笨下载"跳转正常,该类元素共20个，当前第10个
2020-07-23 19:31:29,002 - basepage - INFO - Click back on current page.
2020-07-23 19:31:40,734 - 2 - INFO - 页面"【安卓理财软件】安卓理财软件下载_安卓理财软件哪个好_安卓理财软件大全-最笨下载"跳转正常,该类元素共20个，当前第11个
2020-07-23 19:31:41,461 - basepage - INFO - Click back on current page.
2020-07-23 19:31:52,783 - 2 - INFO - 页面"【安卓备份软件】安卓备份软件下载_安卓备份软件哪个好_安卓手机备份软件-最笨下载"跳转正常,该类元素共20个，当前第12个
2020-07-23 19:31:53,530 - basepage - INFO - Click back on current page.
2020-07-23 19:32:02,206 - 2 - INFO - 页面"【安卓跑步软件】安卓跑步软件下载_安卓跑步软件哪个好_安卓跑步软件大全-最笨下载"跳转正常,该类元素共20个，当前第13个
2020-07-23 19:32:02,864 - basepage - INFO - Click back on current page.
2020-07-23 19:32:11,684 - 2 - INFO - 页面"【安卓健康管理软件】安卓健康管理软件下载_安卓健康管理软件推荐_安卓健康管理软件大全-最笨下载"跳转正常,该类元素共20个，当前第14个
2020-07-23 19:32:12,519 - basepage - INFO - Click back on current page.
2020-07-23 19:32:21,398 - 2 - INFO - 页面"【安卓系统软件】安卓系统软件下载_安卓系统软件免费下载_安卓系统软件下载工具-最笨下载"跳转正常,该类元素共20个，当前第15个
2020-07-23 19:32:21,998 - basepage - INFO - Click back on current page.
2020-07-23 19:32:28,746 - 2 - INFO - 页面"【安卓聊天软件】安卓聊天软件下载_安卓聊天软件排行_安卓聊天软件大全-最笨下载"跳转正常,该类元素共20个，当前第16个
2020-07-23 19:32:29,209 - basepage - INFO - Click back on current page.
2020-07-23 19:32:38,470 - 2 - INFO - 页面"【安卓应用软件】安卓应用软件排行_好玩的安卓应用软件_好用的安卓应用软件-最笨下载"跳转正常,该类元素共20个，当前第17个
2020-07-23 19:32:39,259 - basepage - INFO - Click back on current page.
2020-07-23 19:32:46,049 - 2 - INFO - 页面"【安卓娱乐软件】安卓娱乐软件下载_安卓娱乐软件推荐_安卓娱乐软件大全-最笨下载"跳转正常,该类元素共20个，当前第18个
2020-07-23 19:32:46,729 - basepage - INFO - Click back on current page.
2020-07-23 19:32:54,913 - 2 - INFO - 页面"【安卓导航软件】安卓导航软件下载_安卓导航软件哪个好_安卓导航软件排名-最笨下载"跳转正常,该类元素共20个，当前第19个
2020-07-23 19:32:55,854 - basepage - INFO - Click back on current page.
2020-07-23 19:33:05,531 - 2 - INFO - 页面"【安卓网络软件】安卓网络软件下载_安卓网络软件推荐_安卓网络软件大全-最笨下载"跳转正常,该类元素共20个，当前第20个
2020-07-23 19:33:06,298 - basepage - INFO - Click back on current page.
2020-07-23 19:33:14,788 - 2 - INFO - 页面"3733手游游戏平台_3733手游游戏平台下载_3733手游游戏平台官方下载-最笨下载"跳转正常,该类元素共18个，当前第1个
2020-07-23 19:33:21,005 - 2 - INFO - 页面"安致手游游戏平台_安致手游游戏平台下载_安致手游游戏平台官方下载-最笨下载"跳转正常,该类元素共18个，当前第2个
2020-07-23 19:33:29,074 - 2 - INFO - 页面"皮皮虾_皮皮虾下载_皮皮虾官方下载-最笨下载"跳转正常,该类元素共18个，当前第3个
2020-07-23 19:33:35,328 - 2 - INFO - 页面"吾爱看书_吾爱看书下载_吾爱看书官方下载-最笨下载"跳转正常,该类元素共18个，当前第4个
2020-07-23 19:33:43,697 - 2 - INFO - 页面"7732游戏中心_7732游戏中心下载_7732游戏中心官方下载-最笨下载"跳转正常,该类元素共18个，当前第5个
2020-07-23 19:33:49,941 - 2 - INFO - 页面"7743手游盒子_7743手游盒子下载_7743手游盒子官方下载-最笨下载"跳转正常,该类元素共18个，当前第6个
2020-07-23 19:33:56,190 - 2 - INFO - 页面"7743游戏中心_7743游戏中心下载_7743游戏中心官方下载-最笨下载"跳转正常,该类元素共18个，当前第7个
2020-07-23 19:34:02,441 - 2 - INFO - 页面"7743手游平台_7743手游平台下载_7743手游平台官方下载-最笨下载"跳转正常,该类元素共18个，当前第8个
2020-07-23 19:34:08,719 - 2 - INFO - 页面"gm手游平台_gm手游平台下载_gm手游平台官方下载-最笨下载"跳转正常,该类元素共18个，当前第9个
2020-07-23 19:34:14,984 - 2 - INFO - 页面"gm游戏中心_gm游戏中心下载_gm游戏中心官方下载-最笨下载"跳转正常,该类元素共18个，当前第10个
2020-07-23 19:34:21,234 - 2 - INFO - 页面"gm游戏盒_gm游戏盒下载_gm游戏盒官方下载-最笨下载"跳转正常,该类元素共18个，当前第11个
2020-07-23 19:34:27,476 - 2 - INFO - 页面"gm手游游戏平台_gm手游游戏平台下载_gm手游游戏平台官方下载-最笨下载"跳转正常,该类元素共18个，当前第12个
2020-07-23 19:34:33,716 - 2 - INFO - 页面"gm游戏平台_gm游戏平台下载_gm游戏平台官方下载-最笨下载"跳转正常,该类元素共18个，当前第13个
2020-07-23 19:34:39,990 - 2 - INFO - 页面"gm游戏盒子_gm游戏盒子下载_gm游戏盒子官方下载-最笨下载"跳转正常,该类元素共18个，当前第14个
2020-07-23 19:34:46,270 - 2 - INFO - 页面"3733手游盒子_3733手游盒子下载_3733手游盒子官方下载-最笨下载"跳转正常,该类元素共18个，当前第15个
2020-07-23 19:34:52,534 - 2 - INFO - 页面"3733游戏平台_3733游戏平台下载_3733游戏平台官方下载-最笨下载"跳转正常,该类元素共18个，当前第16个
2020-07-23 19:34:58,809 - 2 - INFO - 页面"小8手游游戏平台_小8手游游戏平台下载_小8手游游戏平台官方下载-最笨下载"跳转正常,该类元素共18个，当前第17个
2020-07-23 19:35:05,042 - 2 - INFO - 页面"小8游戏平台_小8游戏平台下载_小8游戏平台官方下载-最笨下载"跳转正常,该类元素共18个，当前第18个
2020-07-23 19:35:12,032 - 2 - INFO - 页面"【安卓益智游戏】好玩的安卓益智游戏大全_安卓益智类游戏_益智游戏下载-最笨下载"跳转正常,该类元素共17个，当前第1个
2020-07-23 19:35:12,535 - basepage - INFO - Click back on current page.
2020-07-23 19:35:22,168 - 2 - INFO - 页面"【安卓其他游戏】好玩的安卓其他游戏大全_安卓其他类游戏_其他游戏下载-最笨下载"跳转正常,该类元素共17个，当前第2个
2020-07-23 19:35:22,696 - basepage - INFO - Click back on current page.
2020-07-23 19:35:38,240 - 2 - INFO - 页面"【安卓音乐游戏】好玩的安卓音乐游戏大全_安卓音乐类游戏_音乐游戏下载-最笨下载"跳转正常,该类元素共17个，当前第3个
2020-07-23 19:35:39,159 - basepage - INFO - Click back on current page.
2020-07-23 19:35:48,265 - 2 - INFO - 页面"【安卓网络游戏】好玩的安卓网络游戏大全_安卓网络类游戏_网络游戏下载-最笨下载"跳转正常,该类元素共17个，当前第4个
2020-07-23 19:35:48,791 - basepage - INFO - Click back on current page.
2020-07-23 19:35:59,703 - 2 - INFO - 页面"【安卓格斗游戏】好玩的安卓格斗游戏大全_安卓格斗类游戏_格斗游戏下载-最笨下载"跳转正常,该类元素共17个，当前第5个
2020-07-23 19:36:00,270 - basepage - INFO - Click back on current page.
2020-07-23 19:36:12,158 - 2 - INFO - 页面"【安卓飞行游戏】好玩的安卓飞行游戏大全_安卓飞行类游戏_飞行游戏下载-最笨下载"跳转正常,该类元素共17个，当前第6个
2020-07-23 19:36:12,821 - basepage - INFO - Click back on current page.
2020-07-23 19:36:23,388 - 2 - INFO - 页面"【安卓体育运动游戏】好玩的安卓体育运动游戏大全_安卓体育运动类游戏_体育运动游戏下载-最笨下载"跳转正常,该类元素共17个，当前第7个
2020-07-23 19:36:24,238 - basepage - INFO - Click back on current page.
2020-07-23 19:36:33,753 - 2 - INFO - 页面"【安卓模拟经营游戏】好玩的安卓模拟经营游戏大全_安卓模拟经营类游戏_模拟经营游戏下载-最笨下载"跳转正常,该类元素共17个，当前第8个
2020-07-23 19:36:34,556 - basepage - INFO - Click back on current page.
2020-07-23 19:36:42,573 - 2 - INFO - 页面"【安卓策略游戏】好玩的安卓策略游戏大全_安卓策略类游戏_策略游戏下载-最笨下载"跳转正常,该类元素共17个，当前第9个
2020-07-23 19:36:43,397 - basepage - INFO - Click back on current page.
2020-07-23 19:36:51,902 - 2 - INFO - 页面"【安卓塔防游戏】好玩的安卓塔防游戏大全_安卓塔防类游戏_塔防游戏下载-最笨下载"跳转正常,该类元素共17个，当前第10个
2020-07-23 19:36:52,945 - basepage - INFO - Click back on current page.
2020-07-23 19:37:01,325 - 2 - INFO - 页面"【安卓解谜冒险游戏】好玩的安卓解谜冒险游戏大全_安卓解谜冒险类游戏_解谜冒险游戏下载-最笨下载"跳转正常,该类元素共17个，当前第11个
2020-07-23 19:37:02,102 - basepage - INFO - Click back on current page.
2020-07-23 19:37:10,831 - 2 - INFO - 页面"【安卓射击游戏】好玩的安卓射击游戏大全_安卓射击类游戏_射击游戏下载-最笨下载"跳转正常,该类元素共17个，当前第12个
2020-07-23 19:37:11,476 - basepage - INFO - Click back on current page.
2020-07-23 19:37:19,734 - 2 - INFO - 页面"【安卓棋牌游戏】好玩的安卓棋牌游戏大全_安卓棋牌类游戏_棋牌游戏下载-最笨下载"跳转正常,该类元素共17个，当前第13个
2020-07-23 19:37:20,604 - basepage - INFO - Click back on current page.
2020-07-23 19:37:28,744 - 2 - INFO - 页面"【安卓赛车游戏】好玩的安卓赛车游戏大全_安卓赛车类游戏_赛车游戏下载-最笨下载"跳转正常,该类元素共17个，当前第14个
2020-07-23 19:37:29,426 - basepage - INFO - Click back on current page.
2020-07-23 19:37:38,608 - 2 - INFO - 页面"【安卓角色扮演游戏】好玩的安卓角色扮演游戏大全_安卓角色扮演类游戏_角色扮演游戏下载-最笨下载"跳转正常,该类元素共17个，当前第15个
2020-07-23 19:37:39,168 - basepage - INFO - Click back on current page.
2020-07-23 19:37:47,026 - 2 - INFO - 页面"【安卓动作游戏】好玩的安卓动作游戏大全_安卓动作类游戏_动作游戏下载-最笨下载"跳转正常,该类元素共17个，当前第16个
2020-07-23 19:37:47,541 - basepage - INFO - Click back on current page.
2020-07-23 19:37:55,157 - 2 - INFO - 页面"【安卓休闲游戏】好玩的安卓休闲游戏大全_安卓休闲类游戏_休闲游戏下载-最笨下载"跳转正常,该类元素共17个，当前第17个
2020-07-23 19:37:55,642 - basepage - INFO - Click back on current page.
2020-07-23 19:38:04,114 - 2 - INFO - 页面"国贼顾挽之_国贼顾挽之下载_国贼顾挽之官方下载-最笨下载"跳转正常,该类元素共18个，当前第1个
2020-07-23 19:38:10,697 - 2 - INFO - 页面"大秦黎明_大秦黎明下载_大秦黎明官方下载-最笨下载"跳转正常,该类元素共18个，当前第2个
2020-07-23 19:38:20,745 - 2 - INFO - 页面"怒焰三国杀手游_怒焰三国杀手游下载_怒焰三国杀手游官方下载-最笨下载"跳转正常,该类元素共18个，当前第3个
2020-07-23 19:38:26,924 - 2 - INFO - 页面"末日围城_末日围城下载_末日围城官方下载-最笨下载"跳转正常,该类元素共18个，当前第4个
2020-07-23 19:38:33,180 - 2 - INFO - 页面"天将雄师九游版_天将雄师九游版下载_天将雄师九游版官方下载-最笨下载"跳转正常,该类元素共18个，当前第5个
2020-07-23 19:38:39,436 - 2 - INFO - 页面"诸王黎明_诸王黎明下载_诸王黎明官方下载-最笨下载"跳转正常,该类元素共18个，当前第6个
2020-07-23 19:38:45,698 - 2 - INFO - 页面"一梦江湖九游版_一梦江湖九游版下载_一梦江湖九游版官方下载-最笨下载"跳转正常,该类元素共18个，当前第7个
2020-07-23 19:38:51,986 - 2 - INFO - 页面"NBA篮球大师_NBA篮球大师下载_NBA篮球大师官方下载-最笨下载"跳转正常,该类元素共18个，当前第8个
2020-07-23 19:38:58,249 - 2 - INFO - 页面"萌妖传手游_萌妖传手游下载_萌妖传手游官方下载-最笨下载"跳转正常,该类元素共18个，当前第9个
2020-07-23 19:39:04,539 - 2 - INFO - 页面"中超英雄手游_中超英雄手游下载_中超英雄手游官方下载-最笨下载"跳转正常,该类元素共18个，当前第10个
2020-07-23 19:39:10,793 - 2 - INFO - 页面"三国战天下手游_三国战天下手游下载_三国战天下手游官方下载-最笨下载"跳转正常,该类元素共18个，当前第11个
2020-07-23 19:39:18,005 - 2 - INFO - 页面"拳皇命运_拳皇命运下载_拳皇命运官方下载-最笨下载"跳转正常,该类元素共18个，当前第12个
2020-07-23 19:39:24,304 - 2 - INFO - 页面"电能大亨_电能大亨下载_电能大亨官方下载-最笨下载"跳转正常,该类元素共18个，当前第13个
2020-07-23 19:39:30,546 - 2 - INFO - 页面"驾校模拟器_驾校模拟器下载_驾校模拟器官方下载-最笨下载"跳转正常,该类元素共18个，当前第14个
2020-07-23 19:39:38,131 - 2 - INFO - 页面"暗黑探险2_暗黑探险2下载_暗黑探险2官方下载-最笨下载"跳转正常,该类元素共18个，当前第15个
2020-07-23 19:39:44,370 - 2 - INFO - 页面"风暴山之谜_风暴山之谜下载_风暴山之谜官方下载-最笨下载"跳转正常,该类元素共18个，当前第16个
2020-07-23 19:39:50,636 - 2 - INFO - 页面"炸弹投石机:卡牌战斗_炸弹投石机:卡牌战斗下载_炸弹投石机:卡牌战斗官方下载-最笨下载"跳转正常,该类元素共18个，当前第17个
2020-07-23 19:39:57,795 - 2 - INFO - 页面"地下城故事_地下城故事下载_地下城故事官方下载-最笨下载"跳转正常,该类元素共18个，当前第18个
2020-07-23 19:40:09,034 - 2 - INFO - 页面"变态手游公益服_bt手游变态服_无限元宝bt手游下载_BT手游中心-最笨下载"跳转正常,该类元素共13个，当前第1个
2020-07-23 19:40:09,499 - basepage - INFO - Click back on current page.
2020-07-23 19:40:19,770 - 2 - INFO - 页面"变态手游公益服_bt手游变态服_无限元宝bt手游下载_BT手游中心-最笨下载"跳转正常,该类元素共13个，当前第2个
2020-07-23 19:40:20,200 - basepage - INFO - Click back on current page.
2020-07-23 19:40:29,349 - 2 - INFO - 页面"变态手游公益服_bt手游变态服_无限元宝bt手游下载_BT手游中心-最笨下载"跳转正常,该类元素共13个，当前第3个
2020-07-23 19:40:29,922 - basepage - INFO - Click back on current page.
2020-07-23 19:40:41,254 - 2 - INFO - 页面"变态手游公益服_bt手游变态服_无限元宝bt手游下载_BT手游中心-最笨下载"跳转正常,该类元素共13个，当前第4个
2020-07-23 19:40:41,789 - basepage - INFO - Click back on current page.
2020-07-23 19:40:53,464 - 2 - INFO - 页面"变态手游公益服_bt手游变态服_无限元宝bt手游下载_BT手游中心-最笨下载"跳转正常,该类元素共13个，当前第5个
2020-07-23 19:40:54,197 - basepage - INFO - Click back on current page.
2020-07-23 19:41:04,334 - 2 - INFO - 页面"变态手游公益服_bt手游变态服_无限元宝bt手游下载_BT手游中心-最笨下载"跳转正常,该类元素共13个，当前第6个
2020-07-23 19:41:05,140 - basepage - INFO - Click back on current page.
2020-07-23 19:41:15,647 - 2 - INFO - 页面"变态手游公益服_bt手游变态服_无限元宝bt手游下载_BT手游中心-最笨下载"跳转正常,该类元素共13个，当前第7个
2020-07-23 19:41:16,089 - basepage - INFO - Click back on current page.
2020-07-23 19:41:26,487 - 2 - INFO - 页面"变态手游公益服_bt手游变态服_无限元宝bt手游下载_BT手游中心-最笨下载"跳转正常,该类元素共13个，当前第8个
2020-07-23 19:41:30,181 - basepage - INFO - Click back on current page.
2020-07-23 19:41:46,194 - 2 - INFO - 页面"变态手游公益服_bt手游变态服_无限元宝bt手游下载_BT手游中心-最笨下载"跳转正常,该类元素共13个，当前第9个
2020-07-23 19:41:47,209 - basepage - INFO - Click back on current page.
2020-07-23 19:42:12,071 - 2 - INFO - 页面"变态手游公益服_bt手游变态服_无限元宝bt手游下载_BT手游中心-最笨下载"跳转正常,该类元素共13个，当前第10个
2020-07-23 19:42:12,723 - basepage - INFO - Click back on current page.
2020-07-23 19:42:21,645 - 2 - INFO - 页面"变态手游公益服_bt手游变态服_无限元宝bt手游下载_BT手游中心-最笨下载"跳转正常,该类元素共13个，当前第11个
2020-07-23 19:42:22,475 - basepage - INFO - Click back on current page.
2020-07-23 19:42:30,753 - 2 - ERROR - 页面"404-最笨下载"跳转异常,该类元素共13个，当前第12个
2020-07-23 19:42:31,943 - basepage - INFO - Click back on current page.
2020-07-23 19:42:41,500 - 2 - INFO - 页面"变态手游公益服_bt手游变态服_无限元宝bt手游下载_BT手游中心-最笨下载"跳转正常,该类元素共13个，当前第13个
2020-07-23 19:42:42,127 - basepage - INFO - Click back on current page.
2020-07-23 19:42:50,633 - 2 - INFO - 页面"九灵神域_九灵神域无限元宝服_SF变态版九灵神域公益服下载 - 最笨下载"跳转正常,该类元素共18个，当前第1个
2020-07-23 19:42:56,890 - 2 - INFO - 页面"教主之家（至尊特权）_教主之家（至尊特权）无限元宝服_SF变态版教主之家（至尊特权）公益服下载 - 最笨下载"跳转正常,该类元素共18个，当前第2个
2020-07-23 19:43:03,139 - 2 - INFO - 页面"魔星狂点（送海量连抽）_魔星狂点（送海量连抽）无限元宝服_SF变态版魔星狂点（送海量连抽）公益服下载 - 最笨下载"跳转正常,该类元素共18个，当前第3个
2020-07-23 19:43:09,403 - 2 - INFO - 页面"主公别闹_主公别闹无限元宝服_SF变态版主公别闹公益服下载 - 最笨下载"跳转正常,该类元素共18个，当前第4个
2020-07-23 19:43:15,650 - 2 - INFO - 页面"天天怼三国（送千元充值）_天天怼三国（送千元充值）无限元宝服_SF变态版天天怼三国（送千元充值）公益服下载 - 最笨下载"跳转正常,该类元素共18个，当前第5个
2020-07-23 19:43:21,922 - 2 - INFO - 页面"全民祖玛（爆装加强版）_全民祖玛（爆装加强版）无限元宝服_SF变态版全民祖玛（爆装加强版）公益服下载 - 最笨下载"跳转正常,该类元素共18个，当前第6个
2020-07-23 19:43:28,177 - 2 - INFO - 页面"百恋成仙（送千元充值）_百恋成仙（送千元充值）无限元宝服_SF变态版百恋成仙（送千元充值）公益服下载 - 最笨下载"跳转正常,该类元素共18个，当前第7个
2020-07-23 19:43:34,434 - 2 - INFO - 页面"幻游猎人_幻游猎人无限元宝服_SF变态版幻游猎人公益服下载 - 最笨下载"跳转正常,该类元素共18个，当前第8个
2020-07-23 19:43:41,579 - 2 - INFO - 页面"国战纪元_国战纪元无限元宝服_SF变态版国战纪元公益服下载 - 最笨下载"跳转正常,该类元素共18个，当前第9个
2020-07-23 19:43:47,794 - 2 - INFO - 页面"古墓迷城_古墓迷城无限元宝服_SF变态版古墓迷城公益服下载 - 最笨下载"跳转正常,该类元素共18个，当前第10个
2020-07-23 19:43:54,016 - 2 - INFO - 页面"坦克军团（送198充值卡）_坦克军团（送198充值卡）无限元宝服_SF变态版坦克军团（送198充值卡）公益服下载 - 最笨下载"跳转正常,该类元素共18个，当前第11个
2020-07-23 19:44:00,231 - 2 - INFO - 页面"卧虎藏龙（复古满级特权）_卧虎藏龙（复古满级特权）无限元宝服_SF变态版卧虎藏龙（复古满级特权）公益服下载 - 最笨下载"跳转正常,该类元素共18个，当前第12个
2020-07-23 19:44:06,434 - 2 - INFO - 页面"大天劫（商城特权）_大天劫（商城特权）无限元宝服_SF变态版大天劫（商城特权）公益服下载 - 最笨下载"跳转正常,该类元素共18个，当前第13个
2020-07-23 19:44:12,664 - 2 - INFO - 页面"调教三国（海量爆充值）_调教三国（海量爆充值）无限元宝服_SF变态版调教三国（海量爆充值）公益服下载 - 最笨下载"跳转正常,该类元素共18个，当前第14个
2020-07-23 19:44:18,897 - 2 - INFO - 页面"同一个世界OL（送328充值）_同一个世界OL（送328充值）无限元宝服_SF变态版同一个世界OL（送328充值）公益服下载 - 最笨下载"跳转正常,该类元素共18个，当前第15个
2020-07-23 19:44:27,230 - 2 - INFO - 页面"楚汉传奇（送648充值）_楚汉传奇（送648充值）无限元宝服_SF变态版楚汉传奇（送648充值）公益服下载 - 最笨下载"跳转正常,该类元素共18个，当前第16个
2020-07-23 19:44:33,655 - 2 - INFO - 页面"猎手之王_猎手之王无限元宝服_SF变态版猎手之王公益服下载 - 最笨下载"跳转正常,该类元素共18个，当前第17个
2020-07-23 19:44:40,997 - 2 - INFO - 页面"莽荒天下（送388充值）_莽荒天下（送388充值）无限元宝服_SF变态版莽荒天下（送388充值）公益服下载 - 最笨下载"跳转正常,该类元素共18个，当前第18个
2020-07-23 19:44:56,607 - 2 - INFO - 页面"满vip版手游_手游sf送顶级vip_满级vip无限元宝手游下载-最笨下载"跳转正常,该类元素共13个，当前第1个
2020-07-23 19:44:57,311 - basepage - INFO - Click back on current page.
2020-07-23 19:45:07,350 - 2 - INFO - 页面"满vip版手游_手游sf送顶级vip_满级vip无限元宝手游下载-最笨下载"跳转正常,该类元素共13个，当前第2个
2020-07-23 19:45:07,894 - basepage - INFO - Click back on current page.
2020-07-23 19:45:19,004 - 2 - INFO - 页面"满vip版手游_手游sf送顶级vip_满级vip无限元宝手游下载-最笨下载"跳转正常,该类元素共13个，当前第3个
2020-07-23 19:45:19,685 - basepage - INFO - Click back on current page.
2020-07-23 19:45:31,820 - 2 - INFO - 页面"满vip版手游_手游sf送顶级vip_满级vip无限元宝手游下载-最笨下载"跳转正常,该类元素共13个，当前第4个
2020-07-23 19:45:32,442 - basepage - INFO - Click back on current page.
2020-07-23 19:45:43,719 - 2 - INFO - 页面"满vip版手游_手游sf送顶级vip_满级vip无限元宝手游下载-最笨下载"跳转正常,该类元素共13个，当前第5个
2020-07-23 19:45:44,403 - basepage - INFO - Click back on current page.
2020-07-23 19:45:54,961 - 2 - INFO - 页面"满vip版手游_手游sf送顶级vip_满级vip无限元宝手游下载-最笨下载"跳转正常,该类元素共13个，当前第6个
2020-07-23 19:45:55,580 - basepage - INFO - Click back on current page.
2020-07-23 19:46:08,350 - 2 - INFO - 页面"满vip版手游_手游sf送顶级vip_满级vip无限元宝手游下载-最笨下载"跳转正常,该类元素共13个，当前第7个
2020-07-23 19:46:09,057 - basepage - INFO - Click back on current page.
2020-07-23 19:46:19,199 - 2 - INFO - 页面"满vip版手游_手游sf送顶级vip_满级vip无限元宝手游下载-最笨下载"跳转正常,该类元素共13个，当前第8个
2020-07-23 19:46:19,807 - basepage - INFO - Click back on current page.
2020-07-23 19:46:36,807 - 2 - INFO - 页面"满vip版手游_手游sf送顶级vip_满级vip无限元宝手游下载-最笨下载"跳转正常,该类元素共13个，当前第9个
2020-07-23 19:46:37,673 - basepage - INFO - Click back on current page.
2020-07-23 19:46:46,861 - 2 - INFO - 页面"满vip版手游_手游sf送顶级vip_满级vip无限元宝手游下载-最笨下载"跳转正常,该类元素共13个，当前第10个
2020-07-23 19:46:47,477 - basepage - INFO - Click back on current page.
2020-07-23 19:46:56,531 - 2 - INFO - 页面"满vip版手游_手游sf送顶级vip_满级vip无限元宝手游下载-最笨下载"跳转正常,该类元素共13个，当前第11个
2020-07-23 19:46:57,244 - basepage - INFO - Click back on current page.
2020-07-23 19:47:05,829 - 2 - ERROR - 页面"404-最笨下载"跳转异常,该类元素共13个，当前第12个
2020-07-23 19:47:06,710 - basepage - INFO - Click back on current page.
2020-07-23 19:47:16,034 - 2 - INFO - 页面"满vip版手游_手游sf送顶级vip_满级vip无限元宝手游下载-最笨下载"跳转正常,该类元素共13个，当前第13个
2020-07-23 19:47:16,622 - basepage - INFO - Click back on current page.
2020-07-23 19:47:25,117 - 2 - INFO - 页面"九天仙梦（商城特权）_九天仙梦（商城特权）无限元宝服_SF变态版九天仙梦（商城特权）公益服下载 - 最笨下载"跳转正常,该类元素共18个，当前第1个
2020-07-23 19:47:31,379 - 2 - INFO - 页面"仙剑缘（星耀特权）_仙剑缘（星耀特权）无限元宝服_SF变态版仙剑缘（星耀特权）公益服下载 - 最笨下载"跳转正常,该类元素共18个，当前第2个
2020-07-23 19:47:37,626 - 2 - INFO - 页面"我叫MT：奇幻之旅（送一万连抽）_我叫MT：奇幻之旅（送一万连抽）无限元宝服_SF变态版我叫MT：奇幻之旅（送一万连抽）公益服下载 - 最笨下载"跳转正常,该类元素共18个，当前第3个
2020-07-23 19:47:43,902 - 2 - INFO - 页面"天天驯兽师（每日送百抽）_天天驯兽师（每日送百抽）无限元宝服_SF变态版天天驯兽师（每日送百抽）公益服下载 - 最笨下载"跳转正常,该类元素共18个，当前第4个
2020-07-23 19:47:51,122 - 2 - INFO - 页面"神契幻奇谭（海量特权）_神契幻奇谭（海量特权）无限元宝服_SF变态版神契幻奇谭（海量特权）公益服下载 - 最笨下载"跳转正常,该类元素共18个，当前第5个
2020-07-23 19:47:57,407 - 2 - INFO - 页面"冒险者集结（送650充值）_冒险者集结（送650充值）无限元宝服_SF变态版冒险者集结（送650充值）公益服下载 - 最笨下载"跳转正常,该类元素共18个，当前第6个
2020-07-23 19:48:03,656 - 2 - INFO - 页面"御剑封神录（送海量充值）_御剑封神录（送海量充值）无限元宝服_SF变态版御剑封神录（送海量充值）公益服下载 - 最笨下载"跳转正常,该类元素共18个，当前第7个
2020-07-23 19:48:12,807 - 2 - INFO - 页面"无敌战舰（送百元充值）_无敌战舰（送百元充值）无限元宝服_SF变态版无敌战舰（送百元充值）公益服下载 - 最笨下载"跳转正常,该类元素共18个，当前第8个
2020-07-23 19:48:19,047 - 2 - INFO - 页面"孤龙山（送GM海量充）_孤龙山（送GM海量充）无限元宝服_SF变态版孤龙山（送GM海量充）公益服下载 - 最笨下载"跳转正常,该类元素共18个，当前第9个
2020-07-23 19:48:25,306 - 2 - INFO - 页面"圣痕觉醒（送万元充值）_圣痕觉醒（送万元充值）无限元宝服_SF变态版圣痕觉醒（送万元充值）公益服下载 - 最笨下载"跳转正常,该类元素共18个，当前第10个
2020-07-23 19:48:34,607 - 2 - INFO - 页面"怪兽宝贝（星耀特权）_怪兽宝贝（星耀特权）无限元宝服_SF变态版怪兽宝贝（星耀特权）公益服下载 - 最笨下载"跳转正常,该类元素共18个，当前第11个
2020-07-23 19:48:40,879 - 2 - INFO - 页面"乱世祭（豪华特权）_乱世祭（豪华特权）无限元宝服_SF变态版乱世祭（豪华特权）公益服下载 - 最笨下载"跳转正常,该类元素共18个，当前第12个
2020-07-23 19:48:47,129 - 2 - INFO - 页面"仙灵世界（送海量连抽）_仙灵世界（送海量连抽）无限元宝服_SF变态版仙灵世界（送海量连抽）公益服下载 - 最笨下载"跳转正常,该类元素共18个，当前第13个
2020-07-23 19:48:53,391 - 2 - INFO - 页面"刀剑神魔录（送真·充值卡）_刀剑神魔录（送真·充值卡）无限元宝服_SF变态版刀剑神魔录（送真·充值卡）公益服下载 - 最笨下载"跳转正常,该类元素共18个，当前第14个
2020-07-23 19:49:02,229 - 2 - INFO - 页面"小小三国（送2000充值）_小小三国（送2000充值）无限元宝服_SF变态版小小三国（送2000充值）公益服下载 - 最笨下载"跳转正常,该类元素共18个，当前第15个
2020-07-23 19:49:08,492 - 2 - INFO - 页面"精灵战纪（送千元真充）_精灵战纪（送千元真充）无限元宝服_SF变态版精灵战纪（送千元真充）公益服下载 - 最笨下载"跳转正常,该类元素共18个，当前第16个
2020-07-23 19:49:14,784 - 2 - INFO - 页面"大话蜀山（星耀特权）_大话蜀山（星耀特权）无限元宝服_SF变态版大话蜀山（星耀特权）公益服下载 - 最笨下载"跳转正常,该类元素共18个，当前第17个
2020-07-23 19:49:34,191 - 2 - INFO - 页面"道天录（海量送充值）_道天录（海量送充值）无限元宝服_SF变态版道天录（海量送充值）公益服下载 - 最笨下载"跳转正常,该类元素共18个，当前第18个
2020-07-23 19:49:41,898 - 2 - INFO - 页面"gm版手游_无限元宝/钻石公益服_0元免费gm权限手游下载-最笨下载"跳转正常,该类元素共13个，当前第1个
2020-07-23 19:49:42,792 - basepage - INFO - Click back on current page.
2020-07-23 19:49:51,537 - 2 - INFO - 页面"gm版手游_无限元宝/钻石公益服_0元免费gm权限手游下载-最笨下载"跳转正常,该类元素共13个，当前第2个
2020-07-23 19:49:52,050 - basepage - INFO - Click back on current page.
2020-07-23 19:50:00,804 - 2 - INFO - 页面"gm版手游_无限元宝/钻石公益服_0元免费gm权限手游下载-最笨下载"跳转正常,该类元素共13个，当前第3个
2020-07-23 19:50:01,507 - basepage - INFO - Click back on current page.
2020-07-23 19:50:09,981 - 2 - INFO - 页面"gm版手游_无限元宝/钻石公益服_0元免费gm权限手游下载-最笨下载"跳转正常,该类元素共13个，当前第4个
2020-07-23 19:50:10,617 - basepage - INFO - Click back on current page.
2020-07-23 19:50:19,215 - 2 - INFO - 页面"gm版手游_无限元宝/钻石公益服_0元免费gm权限手游下载-最笨下载"跳转正常,该类元素共13个，当前第5个
2020-07-23 19:50:20,079 - basepage - INFO - Click back on current page.
2020-07-23 19:50:28,669 - 2 - INFO - 页面"gm版手游_无限元宝/钻石公益服_0元免费gm权限手游下载-最笨下载"跳转正常,该类元素共13个，当前第6个
2020-07-23 19:50:29,231 - basepage - INFO - Click back on current page.
2020-07-23 19:50:37,823 - 2 - INFO - 页面"gm版手游_无限元宝/钻石公益服_0元免费gm权限手游下载-最笨下载"跳转正常,该类元素共13个，当前第7个
2020-07-23 19:50:38,655 - basepage - INFO - Click back on current page.
2020-07-23 19:50:47,389 - 2 - INFO - 页面"gm版手游_无限元宝/钻石公益服_0元免费gm权限手游下载-最笨下载"跳转正常,该类元素共13个，当前第8个
2020-07-23 19:50:48,141 - basepage - INFO - Click back on current page.
2020-07-23 19:50:56,801 - 2 - INFO - 页面"gm版手游_无限元宝/钻石公益服_0元免费gm权限手游下载-最笨下载"跳转正常,该类元素共13个，当前第9个
2020-07-23 19:50:57,402 - basepage - INFO - Click back on current page.
2020-07-23 19:51:06,112 - 2 - INFO - 页面"gm版手游_无限元宝/钻石公益服_0元免费gm权限手游下载-最笨下载"跳转正常,该类元素共13个，当前第10个
2020-07-23 19:51:06,754 - basepage - INFO - Click back on current page.
2020-07-23 19:51:15,632 - 2 - INFO - 页面"gm版手游_无限元宝/钻石公益服_0元免费gm权限手游下载-最笨下载"跳转正常,该类元素共13个，当前第11个
2020-07-23 19:51:16,383 - basepage - INFO - Click back on current page.
2020-07-23 19:51:23,816 - 2 - ERROR - 页面"404-最笨下载"跳转异常,该类元素共13个，当前第12个
2020-07-23 19:51:24,717 - basepage - INFO - Click back on current page.
2020-07-23 19:51:33,882 - 2 - INFO - 页面"gm版手游_无限元宝/钻石公益服_0元免费gm权限手游下载-最笨下载"跳转正常,该类元素共13个，当前第13个
2020-07-23 19:51:34,410 - basepage - INFO - Click back on current page.
2020-07-23 19:51:52,184 - 2 - INFO - 页面"高达（GM版）_高达（GM版）免费gm权限安卓下载 - 最笨下载"跳转正常,该类元素共18个，当前第1个
2020-07-23 19:51:58,428 - 2 - INFO - 页面"暗黑王者（GM版）_暗黑王者（GM版）免费gm权限安卓下载 - 最笨下载"跳转正常,该类元素共18个，当前第2个
2020-07-23 19:52:04,686 - 2 - INFO - 页面"问鼎封神（GM版）_问鼎封神（GM版）免费gm权限安卓下载 - 最笨下载"跳转正常,该类元素共18个，当前第3个
2020-07-23 19:52:10,956 - 2 - INFO - 页面"仙剑轮回（GM版）_仙剑轮回（GM版）免费gm权限安卓下载 - 最笨下载"跳转正常,该类元素共18个，当前第4个
2020-07-23 19:52:17,185 - 2 - INFO - 页面"神道仙尊（GM版）_神道仙尊（GM版）免费gm权限安卓下载 - 最笨下载"跳转正常,该类元素共18个，当前第5个
2020-07-23 19:52:23,439 - 2 - INFO - 页面"大将无双（GM版）_大将无双（GM版）免费gm权限安卓下载 - 最笨下载"跳转正常,该类元素共18个，当前第6个
2020-07-23 19:52:29,692 - 2 - INFO - 页面"青云剑诀（GM版）_青云剑诀（GM版）免费gm权限安卓下载 - 最笨下载"跳转正常,该类元素共18个，当前第7个
2020-07-23 19:52:36,988 - 2 - INFO - 页面"寂灭剑诀（GM版）_寂灭剑诀（GM版）免费gm权限安卓下载 - 最笨下载"跳转正常,该类元素共18个，当前第8个
2020-07-23 19:52:48,753 - 2 - INFO - 页面"封神记（GM版）_封神记（GM版）免费gm权限安卓下载 - 最笨下载"跳转正常,该类元素共18个，当前第9个
2020-07-23 19:52:55,020 - 2 - INFO - 页面"豪门小老婆（GM版）_豪门小老婆（GM版）免费gm权限安卓下载 - 最笨下载"跳转正常,该类元素共18个，当前第10个
2020-07-23 19:53:02,374 - 2 - INFO - 页面"三生三誓青丘传（GM版）_三生三誓青丘传（GM版）免费gm权限安卓下载 - 最笨下载"跳转正常,该类元素共18个，当前第11个
2020-07-23 19:53:08,596 - 2 - INFO - 页面"毒尊三国（GM版）_毒尊三国（GM版）免费gm权限安卓下载 - 最笨下载"跳转正常,该类元素共18个，当前第12个
2020-07-23 19:53:17,680 - 2 - INFO - 页面"乱世神话（GM版）_乱世神话（GM版）免费gm权限安卓下载 - 最笨下载"跳转正常,该类元素共18个，当前第13个
2020-07-23 19:53:23,952 - 2 - INFO - 页面"天子问剑（GM版）_天子问剑（GM版）免费gm权限安卓下载 - 最笨下载"跳转正常,该类元素共18个，当前第14个
2020-07-23 19:53:30,211 - 2 - INFO - 页面"风云三国（GM版）_风云三国（GM版）免费gm权限安卓下载 - 最笨下载"跳转正常,该类元素共18个，当前第15个
2020-07-23 19:53:41,479 - 2 - INFO - 页面"古惑三国志（GM版）_古惑三国志（GM版）免费gm权限安卓下载 - 最笨下载"跳转正常,该类元素共18个，当前第16个
2020-07-23 19:53:47,733 - 2 - INFO - 页面"少年悟空传（GM版）_少年悟空传（GM版）免费gm权限安卓下载 - 最笨下载"跳转正常,该类元素共18个，当前第17个
2020-07-23 19:53:54,002 - 2 - INFO - 页面"诛神之战（GM版）_诛神之战（GM版）免费gm权限安卓下载 - 最笨下载"跳转正常,该类元素共18个，当前第18个
2020-07-23 19:54:10,853 - 2 - INFO - 页面"免费权限GM游戏"跳转正常,该类元素共4个，当前第1个
2020-07-23 19:54:11,918 - basepage - INFO - Click back on current page.
2020-07-23 19:54:20,189 - 2 - INFO - 页面"聊天回复神器合集"跳转正常,该类元素共4个，当前第2个
2020-07-23 19:54:21,086 - basepage - INFO - Click back on current page.
2020-07-23 19:54:38,690 - 2 - INFO - 页面"超变私服传奇一刀999999级"跳转正常,该类元素共4个，当前第3个
2020-07-23 19:54:39,381 - basepage - INFO - Click back on current page.
2020-07-23 19:54:51,607 - 2 - INFO - 页面"美女爆衣游戏手游"跳转正常,该类元素共4个，当前第4个
2020-07-23 19:54:52,740 - basepage - INFO - Click back on current page.
2020-07-23 19:55:04,217 - 2 - INFO - 页面"【苹果播放器】iPhone手机播放器,iPhone播放器免费下载大全-最笨下载"跳转正常,该类元素共20个，当前第1个
2020-07-23 19:55:04,941 - basepage - INFO - Click back on current page.
2020-07-23 19:55:13,329 - 2 - INFO - 页面"【苹果学习软件】iPhone手机学习软件_iPhone学习软件免费下载大全-最笨下载"跳转正常,该类元素共20个，当前第2个
2020-07-23 19:55:14,010 - basepage - INFO - Click back on current page.
2020-07-23 19:55:22,512 - 2 - INFO - 页面"【苹果辅助软件】iPhone手机辅助软件_iPhone辅助软件免费下载大全-最笨下载"跳转正常,该类元素共20个，当前第3个
2020-07-23 19:55:23,235 - basepage - INFO - Click back on current page.
2020-07-23 19:55:31,139 - 2 - INFO - 页面"【苹果输入法】iPhone手机输入法_iPhone输入法免费下载大全-最笨下载"跳转正常,该类元素共20个，当前第4个
2020-07-23 19:55:32,029 - basepage - INFO - Click back on current page.
2020-07-23 20:07:17,532 - 2 - INFO - 页面"www.zuiben.com"跳转正常,该类元素共20个，当前第5个
2020-07-23 20:07:20,331 - basepage - INFO - Click back on current page.
2020-07-23 20:07:37,475 - 2 - INFO - 页面"【苹果固件】iPhone手机固件软件_iPhone固件软件免费下载大全-最笨下载"跳转正常,该类元素共20个，当前第6个
2020-07-23 20:07:37,752 - basepage - INFO - Click back on current page.
2020-07-23 20:07:44,997 - 2 - INFO - 页面"【苹果文件管理软件】iPhone手机文件管理软件_iPhone文件管理软件免费下载大全-最笨下载"跳转正常,该类元素共20个，当前第7个
2020-07-23 20:07:45,444 - basepage - INFO - Click back on current page.
2020-07-23 20:07:52,678 - 2 - INFO - 页面"【苹果同步软件】iPhone手机同步软件_iPhone同步软件免费下载大全-最笨下载"跳转正常,该类元素共20个，当前第8个
2020-07-23 20:07:52,912 - basepage - INFO - Click back on current page.
2020-07-23 20:08:00,190 - 2 - INFO - 页面"【苹果办公软件】iPhone手机办公软件_iPhone办公软件免费下载大全-最笨下载"跳转正常,该类元素共20个，当前第9个
2020-07-23 20:08:00,524 - basepage - INFO - Click back on current page.
2020-07-23 20:08:08,092 - 2 - INFO - 页面"【苹果新闻软件】iPhone手机新闻软件_iPhone新闻软件免费下载大全-最笨下载"跳转正常,该类元素共20个，当前第10个
2020-07-23 20:08:08,803 - basepage - INFO - Click back on current page.
2020-07-23 20:08:16,589 - 2 - INFO - 页面"【苹果理财软件】iPhone手机理财软件_iPhone理财软件免费下载大全-最笨下载"跳转正常,该类元素共20个，当前第11个
2020-07-23 20:08:17,110 - basepage - INFO - Click back on current page.
2020-07-23 20:08:25,186 - 2 - INFO - 页面"【苹果备份软件】iPhone手机备份软件_iPhone备份软件免费下载大全-最笨下载"跳转正常,该类元素共20个，当前第12个
2020-07-23 20:08:25,459 - basepage - INFO - Click back on current page.
2020-07-23 20:08:33,174 - 2 - INFO - 页面"【苹果健身软件】iPhone手机健身软件_iPhone健身软件免费下载大全-最笨下载"跳转正常,该类元素共20个，当前第13个
2020-07-23 20:08:33,658 - basepage - INFO - Click back on current page.
2020-07-23 20:08:41,306 - 2 - INFO - 页面"【苹果健康管理软件】iPhone手机健康管理软件_iPhone健康管理软件免费下载大全-最笨下载"跳转正常,该类元素共20个，当前第14个
2020-07-23 20:08:41,782 - basepage - INFO - Click back on current page.
2020-07-23 20:08:49,453 - 2 - INFO - 页面"【苹果系统软件】iPhone手机系统软件_iPhone系统软件免费下载大全-最笨下载"跳转正常,该类元素共20个，当前第15个
2020-07-23 20:08:49,726 - basepage - INFO - Click back on current page.
2020-07-23 20:08:57,204 - 2 - INFO - 页面"【苹果社交软件】iphone手机社交软件_iphone社交软件免费下载大全-最笨下载"跳转正常,该类元素共20个，当前第16个
2020-07-23 20:08:57,773 - basepage - INFO - Click back on current page.
2020-07-23 20:09:04,729 - 2 - INFO - 页面"【苹果娱乐软件】iPhone手机娱乐软件_iPhone娱乐软件免费下载大全-最笨下载"跳转正常,该类元素共20个，当前第17个
2020-07-23 20:09:04,983 - basepage - INFO - Click back on current page.
2020-07-23 20:09:12,868 - 2 - INFO - 页面"【苹果导航】iPhone手机导航软件,iPhone导航软件免费下载大全-最笨下载"跳转正常,该类元素共20个，当前第18个
2020-07-23 20:09:13,143 - basepage - INFO - Click back on current page.
2020-07-23 20:09:20,775 - 2 - INFO - 页面"【苹果网络软件】iPhone手机网络软件,iPhone网络软件免费下载大全-最笨下载"跳转正常,该类元素共20个，当前第19个
2020-07-23 20:09:21,258 - basepage - INFO - Click back on current page.
2020-07-23 20:09:28,717 - 2 - INFO - 页面"【苹果助手软件】iPhone生活助手软件_iPhone生活助手软件免费下载大全-最笨下载"跳转正常,该类元素共20个，当前第20个
2020-07-23 20:09:28,996 - basepage - INFO - Click back on current page.
2020-07-23 20:09:37,370 - 2 - INFO - 页面"剪映_剪映下载_剪映官方下载-最笨下载"跳转正常,该类元素共18个，当前第1个
2020-07-23 20:09:43,531 - 2 - INFO - 页面"吾爱看书ios版_吾爱看书ios版下载_吾爱看书ios版官方下载-最笨下载"跳转正常,该类元素共18个，当前第2个
2020-07-23 20:09:49,661 - 2 - INFO - 页面"7743游戏平台_7743游戏平台下载_7743游戏平台官方下载-最笨下载"跳转正常,该类元素共18个，当前第3个
2020-07-23 20:09:55,788 - 2 - INFO - 页面"搜书帝ios_搜书帝ios下载_搜书帝ios官方下载-最笨下载"跳转正常,该类元素共18个，当前第4个
2020-07-23 20:10:01,930 - 2 - INFO - 页面"大塘小鱼_大塘小鱼下载_大塘小鱼官方下载-最笨下载"跳转正常,该类元素共18个，当前第5个
2020-07-23 20:10:08,087 - 2 - INFO - 页面"花溪小说_花溪小说下载_花溪小说官方下载-最笨下载"跳转正常,该类元素共18个，当前第6个
2020-07-23 20:10:14,233 - 2 - INFO - 页面"手译_手译下载_手译官方下载-最笨下载"跳转正常,该类元素共18个，当前第7个
2020-07-23 20:10:20,396 - 2 - INFO - 页面"sjcam_sjcam下载_sjcam官方下载-最笨下载"跳转正常,该类元素共18个，当前第8个
2020-07-23 20:10:26,549 - 2 - INFO - 页面"WearHeart_WearHeart下载_WearHeart官方下载-最笨下载"跳转正常,该类元素共18个，当前第9个
2020-07-23 20:10:32,696 - 2 - INFO - 页面"仓鼠阅读_仓鼠阅读下载_仓鼠阅读官方下载-最笨下载"跳转正常,该类元素共18个，当前第10个
2020-07-23 20:10:38,835 - 2 - INFO - 页面"漫番漫画_漫番漫画下载_漫番漫画官方下载-最笨下载"跳转正常,该类元素共18个，当前第11个
2020-07-23 20:10:44,993 - 2 - INFO - 页面"腾讯时光_腾讯时光下载_腾讯时光官方下载-最笨下载"跳转正常,该类元素共18个，当前第12个
2020-07-23 20:10:51,109 - 2 - INFO - 页面"GK扫描仪_GK扫描仪下载_GK扫描仪官方下载-最笨下载"跳转正常,该类元素共18个，当前第13个
2020-07-23 20:10:57,270 - 2 - INFO - 页面"海报制作_海报制作下载_海报制作官方下载-最笨下载"跳转正常,该类元素共18个，当前第14个
2020-07-23 20:11:03,413 - 2 - INFO - 页面"酷搜看书_酷搜看书下载_酷搜看书官方下载-最笨下载"跳转正常,该类元素共18个，当前第15个
2020-07-23 20:11:09,590 - 2 - INFO - 页面"悦想看_悦想看下载_悦想看官方下载-最笨下载"跳转正常,该类元素共18个，当前第16个
2020-07-23 20:11:15,739 - 2 - INFO - 页面"芒果动听_芒果动听下载_芒果动听官方下载-最笨下载"跳转正常,该类元素共18个，当前第17个
2020-07-23 20:11:21,880 - 2 - INFO - 页面"锁住备忘录_锁住备忘录下载_锁住备忘录官方下载-最笨下载"跳转正常,该类元素共18个，当前第18个
2020-07-23 20:11:29,346 - 2 - INFO - 页面"变态手游公益服_bt手游变态服_无限元宝bt手游下载_BT手游中心-最笨下载"跳转正常,该类元素共13个，当前第1个
2020-07-23 20:11:29,627 - basepage - INFO - Click back on current page.
2020-07-23 20:11:37,726 - 2 - INFO - 页面"变态手游公益服_bt手游变态服_无限元宝bt手游下载_BT手游中心-最笨下载"跳转正常,该类元素共13个，当前第2个
2020-07-23 20:11:38,165 - basepage - INFO - Click back on current page.
2020-07-23 20:11:46,705 - 2 - INFO - 页面"变态手游公益服_bt手游变态服_无限元宝bt手游下载_BT手游中心-最笨下载"跳转正常,该类元素共13个，当前第3个
2020-07-23 20:11:47,141 - basepage - INFO - Click back on current page.
2020-07-23 20:11:55,529 - 2 - INFO - 页面"变态手游公益服_bt手游变态服_无限元宝bt手游下载_BT手游中心-最笨下载"跳转正常,该类元素共13个，当前第4个
2020-07-23 20:11:55,976 - basepage - INFO - Click back on current page.
2020-07-23 20:12:04,171 - 2 - INFO - 页面"变态手游公益服_bt手游变态服_无限元宝bt手游下载_BT手游中心-最笨下载"跳转正常,该类元素共13个，当前第5个
2020-07-23 20:12:04,567 - basepage - INFO - Click back on current page.
2020-07-23 20:12:12,824 - 2 - INFO - 页面"变态手游公益服_bt手游变态服_无限元宝bt手游下载_BT手游中心-最笨下载"跳转正常,该类元素共13个，当前第6个
2020-07-23 20:12:13,061 - basepage - INFO - Click back on current page.
2020-07-23 20:12:21,640 - 2 - INFO - 页面"变态手游公益服_bt手游变态服_无限元宝bt手游下载_BT手游中心-最笨下载"跳转正常,该类元素共13个，当前第7个
2020-07-23 20:12:22,063 - basepage - INFO - Click back on current page.
2020-07-23 20:12:30,543 - 2 - INFO - 页面"变态手游公益服_bt手游变态服_无限元宝bt手游下载_BT手游中心-最笨下载"跳转正常,该类元素共13个，当前第8个
2020-07-23 20:12:30,935 - basepage - INFO - Click back on current page.
2020-07-23 20:12:39,255 - 2 - INFO - 页面"变态手游公益服_bt手游变态服_无限元宝bt手游下载_BT手游中心-最笨下载"跳转正常,该类元素共13个，当前第9个
2020-07-23 20:12:39,667 - basepage - INFO - Click back on current page.
2020-07-23 20:12:48,163 - 2 - INFO - 页面"变态手游公益服_bt手游变态服_无限元宝bt手游下载_BT手游中心-最笨下载"跳转正常,该类元素共13个，当前第10个
2020-07-23 20:12:48,593 - basepage - INFO - Click back on current page.
2020-07-23 20:12:57,519 - 2 - INFO - 页面"变态手游公益服_bt手游变态服_无限元宝bt手游下载_BT手游中心-最笨下载"跳转正常,该类元素共13个，当前第11个
2020-07-23 20:12:57,913 - basepage - INFO - Click back on current page.
2020-07-23 20:13:04,728 - 2 - ERROR - 页面"404-最笨下载"跳转异常,该类元素共13个，当前第12个
2020-07-23 20:13:05,241 - basepage - INFO - Click back on current page.
2020-07-23 20:13:14,090 - 2 - INFO - 页面"变态手游公益服_bt手游变态服_无限元宝bt手游下载_BT手游中心-最笨下载"跳转正常,该类元素共13个，当前第13个
2020-07-23 20:13:14,361 - basepage - INFO - Click back on current page.
2020-07-23 20:13:22,771 - 2 - INFO - 页面"九灵神域_九灵神域无限元宝服_SF变态版九灵神域公益服下载 - 最笨下载"跳转正常,该类元素共18个，当前第1个
2020-07-23 20:13:28,942 - 2 - INFO - 页面"教主之家（至尊特权）_教主之家（至尊特权）无限元宝服_SF变态版教主之家（至尊特权）公益服下载 - 最笨下载"跳转正常,该类元素共18个，当前第2个
2020-07-23 20:13:35,137 - 2 - INFO - 页面"魔星狂点（送海量连抽）_魔星狂点（送海量连抽）无限元宝服_SF变态版魔星狂点（送海量连抽）公益服下载 - 最笨下载"跳转正常,该类元素共18个，当前第3个
2020-07-23 20:13:41,302 - 2 - INFO - 页面"主公别闹_主公别闹无限元宝服_SF变态版主公别闹公益服下载 - 最笨下载"跳转正常,该类元素共18个，当前第4个
2020-07-23 20:13:47,412 - 2 - INFO - 页面"全民祖玛（爆装加强版）_全民祖玛（爆装加强版）无限元宝服_SF变态版全民祖玛（爆装加强版）公益服下载 - 最笨下载"跳转正常,该类元素共18个，当前第5个
2020-07-23 20:13:53,557 - 2 - INFO - 页面"天天怼三国（送千元充值）_天天怼三国（送千元充值）无限元宝服_SF变态版天天怼三国（送千元充值）公益服下载 - 最笨下载"跳转正常,该类元素共18个，当前第6个
2020-07-23 20:13:59,682 - 2 - INFO - 页面"百恋成仙（送千元充值）_百恋成仙（送千元充值）无限元宝服_SF变态版百恋成仙（送千元充值）公益服下载 - 最笨下载"跳转正常,该类元素共18个，当前第7个
2020-07-23 20:14:05,851 - 2 - INFO - 页面"国战纪元_国战纪元无限元宝服_SF变态版国战纪元公益服下载 - 最笨下载"跳转正常,该类元素共18个，当前第8个
2020-07-23 20:14:12,022 - 2 - INFO - 页面"幻游猎人_幻游猎人无限元宝服_SF变态版幻游猎人公益服下载 - 最笨下载"跳转正常,该类元素共18个，当前第9个
2020-07-23 20:14:18,210 - 2 - INFO - 页面"坦克军团（送198充值卡）_坦克军团（送198充值卡）无限元宝服_SF变态版坦克军团（送198充值卡）公益服下载 - 最笨下载"跳转正常,该类元素共18个，当前第10个
2020-07-23 20:14:24,354 - 2 - INFO - 页面"古墓迷城_古墓迷城无限元宝服_SF变态版古墓迷城公益服下载 - 最笨下载"跳转正常,该类元素共18个，当前第11个
2020-07-23 20:14:30,496 - 2 - INFO - 页面"大天劫（商城特权）_大天劫（商城特权）无限元宝服_SF变态版大天劫（商城特权）公益服下载 - 最笨下载"跳转正常,该类元素共18个，当前第12个
2020-07-23 20:14:36,669 - 2 - INFO - 页面"卧虎藏龙（复古满级特权）_卧虎藏龙（复古满级特权）无限元宝服_SF变态版卧虎藏龙（复古满级特权）公益服下载 - 最笨下载"跳转正常,该类元素共18个，当前第13个
2020-07-23 20:14:42,835 - 2 - INFO - 页面"调教三国（海量爆充值）_调教三国（海量爆充值）无限元宝服_SF变态版调教三国（海量爆充值）公益服下载 - 最笨下载"跳转正常,该类元素共18个，当前第14个
2020-07-23 20:14:48,977 - 2 - INFO - 页面"同一个世界OL（送328充值）_同一个世界OL（送328充值）无限元宝服_SF变态版同一个世界OL（送328充值）公益服下载 - 最笨下载"跳转正常,该类元素共18个，当前第15个
2020-07-23 20:14:55,104 - 2 - INFO - 页面"楚汉传奇（送648充值）_楚汉传奇（送648充值）无限元宝服_SF变态版楚汉传奇（送648充值）公益服下载 - 最笨下载"跳转正常,该类元素共18个，当前第16个
2020-07-23 20:15:01,246 - 2 - INFO - 页面"猎手之王_猎手之王无限元宝服_SF变态版猎手之王公益服下载 - 最笨下载"跳转正常,该类元素共18个，当前第17个
2020-07-23 20:15:07,403 - 2 - INFO - 页面"莽荒天下（送388充值）_莽荒天下（送388充值）无限元宝服_SF变态版莽荒天下（送388充值）公益服下载 - 最笨下载"跳转正常,该类元素共18个，当前第18个
2020-07-23 20:15:14,753 - 2 - INFO - 页面"满vip版手游_手游sf送顶级vip_满级vip无限元宝手游下载-最笨下载"跳转正常,该类元素共13个，当前第1个
2020-07-23 20:15:15,038 - basepage - INFO - Click back on current page.
2020-07-23 20:15:23,340 - 2 - INFO - 页面"满vip版手游_手游sf送顶级vip_满级vip无限元宝手游下载-最笨下载"跳转正常,该类元素共13个，当前第2个
2020-07-23 20:15:23,798 - basepage - INFO - Click back on current page.
2020-07-23 20:15:33,449 - 2 - INFO - 页面"满vip版手游_手游sf送顶级vip_满级vip无限元宝手游下载-最笨下载"跳转正常,该类元素共13个，当前第3个
2020-07-23 20:15:33,862 - basepage - INFO - Click back on current page.
2020-07-23 20:15:42,188 - 2 - INFO - 页面"满vip版手游_手游sf送顶级vip_满级vip无限元宝手游下载-最笨下载"跳转正常,该类元素共13个，当前第4个
2020-07-23 20:15:42,598 - basepage - INFO - Click back on current page.
2020-07-23 20:15:50,818 - 2 - INFO - 页面"满vip版手游_手游sf送顶级vip_满级vip无限元宝手游下载-最笨下载"跳转正常,该类元素共13个，当前第5个
2020-07-23 20:15:51,248 - basepage - INFO - Click back on current page.
2020-07-23 20:15:59,777 - 2 - INFO - 页面"满vip版手游_手游sf送顶级vip_满级vip无限元宝手游下载-最笨下载"跳转正常,该类元素共13个，当前第6个
2020-07-23 20:16:00,066 - basepage - INFO - Click back on current page.
2020-07-23 20:16:08,608 - 2 - INFO - 页面"满vip版手游_手游sf送顶级vip_满级vip无限元宝手游下载-最笨下载"跳转正常,该类元素共13个，当前第7个
2020-07-23 20:16:09,002 - basepage - INFO - Click back on current page.
2020-07-23 20:16:17,178 - 2 - INFO - 页面"满vip版手游_手游sf送顶级vip_满级vip无限元宝手游下载-最笨下载"跳转正常,该类元素共13个，当前第8个
2020-07-23 20:16:17,596 - basepage - INFO - Click back on current page.
2020-07-23 20:16:25,676 - 2 - INFO - 页面"满vip版手游_手游sf送顶级vip_满级vip无限元宝手游下载-最笨下载"跳转正常,该类元素共13个，当前第9个
2020-07-23 20:16:25,958 - basepage - INFO - Click back on current page.
2020-07-23 20:16:33,994 - 2 - INFO - 页面"满vip版手游_手游sf送顶级vip_满级vip无限元宝手游下载-最笨下载"跳转正常,该类元素共13个，当前第10个
2020-07-23 20:16:34,383 - basepage - INFO - Click back on current page.
2020-07-23 20:16:42,420 - 2 - INFO - 页面"满vip版手游_手游sf送顶级vip_满级vip无限元宝手游下载-最笨下载"跳转正常,该类元素共13个，当前第11个
2020-07-23 20:16:42,818 - basepage - INFO - Click back on current page.
2020-07-23 20:16:49,622 - 2 - ERROR - 页面"404-最笨下载"跳转异常,该类元素共13个，当前第12个
2020-07-23 20:16:50,112 - basepage - INFO - Click back on current page.
2020-07-23 20:16:58,906 - 2 - INFO - 页面"满vip版手游_手游sf送顶级vip_满级vip无限元宝手游下载-最笨下载"跳转正常,该类元素共13个，当前第13个
2020-07-23 20:16:59,350 - basepage - INFO - Click back on current page.
2020-07-23 20:17:07,715 - 2 - INFO - 页面"九天仙梦（商城特权）_九天仙梦（商城特权）无限元宝服_SF变态版九天仙梦（商城特权）公益服下载 - 最笨下载"跳转正常,该类元素共18个，当前第1个
2020-07-23 20:17:13,865 - 2 - INFO - 页面"仙剑缘（星耀特权）_仙剑缘（星耀特权）无限元宝服_SF变态版仙剑缘（星耀特权）公益服下载 - 最笨下载"跳转正常,该类元素共18个，当前第2个
2020-07-23 20:17:20,000 - 2 - INFO - 页面"我叫MT：奇幻之旅（送一万连抽）_我叫MT：奇幻之旅（送一万连抽）无限元宝服_SF变态版我叫MT：奇幻之旅（送一万连抽）公益服下载 - 最笨下载"跳转正常,该类元素共18个，当前第3个
2020-07-23 20:17:26,175 - 2 - INFO - 页面"天天驯兽师（每日送百抽）_天天驯兽师（每日送百抽）无限元宝服_SF变态版天天驯兽师（每日送百抽）公益服下载 - 最笨下载"跳转正常,该类元素共18个，当前第4个
2020-07-23 20:17:32,329 - 2 - INFO - 页面"神契幻奇谭（海量特权）_神契幻奇谭（海量特权）无限元宝服_SF变态版神契幻奇谭（海量特权）公益服下载 - 最笨下载"跳转正常,该类元素共18个，当前第5个
2020-07-23 20:17:38,469 - 2 - INFO - 页面"冒险者集结（送650充值）_冒险者集结（送650充值）无限元宝服_SF变态版冒险者集结（送650充值）公益服下载 - 最笨下载"跳转正常,该类元素共18个，当前第6个
2020-07-23 20:17:44,612 - 2 - INFO - 页面"御剑封神录（送海量充值）_御剑封神录（送海量充值）无限元宝服_SF变态版御剑封神录（送海量充值）公益服下载 - 最笨下载"跳转正常,该类元素共18个，当前第7个
2020-07-23 20:17:50,753 - 2 - INFO - 页面"无敌战舰（送百元充值）_无敌战舰（送百元充值）无限元宝服_SF变态版无敌战舰（送百元充值）公益服下载 - 最笨下载"跳转正常,该类元素共18个，当前第8个
2020-07-23 20:17:56,913 - 2 - INFO - 页面"孤龙山（送GM海量充）_孤龙山（送GM海量充）无限元宝服_SF变态版孤龙山（送GM海量充）公益服下载 - 最笨下载"跳转正常,该类元素共18个，当前第9个
2020-07-23 20:18:03,043 - 2 - INFO - 页面"圣痕觉醒（送万元充值）_圣痕觉醒（送万元充值）无限元宝服_SF变态版圣痕觉醒（送万元充值）公益服下载 - 最笨下载"跳转正常,该类元素共18个，当前第10个
2020-07-23 20:18:09,170 - 2 - INFO - 页面"怪兽宝贝（星耀特权）_怪兽宝贝（星耀特权）无限元宝服_SF变态版怪兽宝贝（星耀特权）公益服下载 - 最笨下载"跳转正常,该类元素共18个，当前第11个
2020-07-23 20:18:15,305 - 2 - INFO - 页面"乱世祭（豪华特权）_乱世祭（豪华特权）无限元宝服_SF变态版乱世祭（豪华特权）公益服下载 - 最笨下载"跳转正常,该类元素共18个，当前第12个
2020-07-23 20:18:21,441 - 2 - INFO - 页面"仙灵世界（送海量连抽）_仙灵世界（送海量连抽）无限元宝服_SF变态版仙灵世界（送海量连抽）公益服下载 - 最笨下载"跳转正常,该类元素共18个，当前第13个
2020-07-23 20:18:27,575 - 2 - INFO - 页面"刀剑神魔录（送真·充值卡）_刀剑神魔录（送真·充值卡）无限元宝服_SF变态版刀剑神魔录（送真·充值卡）公益服下载 - 最笨下载"跳转正常,该类元素共18个，当前第14个
2020-07-23 20:18:33,701 - 2 - INFO - 页面"小小三国（送2000充值）_小小三国（送2000充值）无限元宝服_SF变态版小小三国（送2000充值）公益服下载 - 最笨下载"跳转正常,该类元素共18个，当前第15个
2020-07-23 20:18:39,829 - 2 - INFO - 页面"精灵战纪（送千元真充）_精灵战纪（送千元真充）无限元宝服_SF变态版精灵战纪（送千元真充）公益服下载 - 最笨下载"跳转正常,该类元素共18个，当前第16个
2020-07-23 20:18:45,960 - 2 - INFO - 页面"大话蜀山（星耀特权）_大话蜀山（星耀特权）无限元宝服_SF变态版大话蜀山（星耀特权）公益服下载 - 最笨下载"跳转正常,该类元素共18个，当前第17个
2020-07-23 20:18:52,108 - 2 - INFO - 页面"道天录（海量送充值）_道天录（海量送充值）无限元宝服_SF变态版道天录（海量送充值）公益服下载 - 最笨下载"跳转正常,该类元素共18个，当前第18个
2020-07-23 20:18:59,448 - 2 - INFO - 页面"【苹果益智休闲游戏】好玩的iPhone益智休闲游戏大全_iPhone益智休闲类游戏下载-最笨下载"跳转正常,该类元素共16个，当前第1个
2020-07-23 20:18:59,716 - basepage - INFO - Click back on current page.
2020-07-23 20:19:07,402 - 2 - INFO - 页面"【苹果其他游戏】好玩的iphone其他游戏大全_iphone其他类游戏下载-最笨下载"跳转正常,该类元素共16个，当前第2个
2020-07-23 20:19:07,632 - basepage - INFO - Click back on current page.
2020-07-23 20:19:14,820 - 2 - INFO - 页面"【苹果音乐游戏】好玩的iphone音乐游戏大全_iphone音乐类游戏下载-最笨下载"跳转正常,该类元素共16个，当前第3个
2020-07-23 20:19:15,350 - basepage - INFO - Click back on current page.
2020-07-23 20:19:23,668 - 2 - INFO - 页面"【苹果网络游戏】好玩的iphone网络游戏大全_iphone网络类游戏下载-最笨下载"跳转正常,该类元素共16个，当前第4个
2020-07-23 20:19:24,171 - basepage - INFO - Click back on current page.
2020-07-23 20:19:32,848 - 2 - INFO - 页面"【苹果格斗游戏】好玩的iPhone格斗游戏大全_iPhone格斗类游戏下载-最笨下载"跳转正常,该类元素共16个，当前第5个
2020-07-23 20:19:33,315 - basepage - INFO - Click back on current page.
2020-07-23 20:19:41,413 - 2 - INFO - 页面"【苹果飞行游戏】好玩的iPhone飞行游戏大全_iPhone飞行类游戏下载-最笨下载"跳转正常,该类元素共16个，当前第6个
2020-07-23 20:19:41,922 - basepage - INFO - Click back on current page.
2020-07-23 20:19:49,714 - 2 - INFO - 页面"【苹果体育运动游戏】好玩的iPhone体育运动游戏大全_iPhone体育运动类游戏下载-最笨下载"跳转正常,该类元素共16个，当前第7个
2020-07-23 20:19:49,945 - basepage - INFO - Click back on current page.
2020-07-23 20:19:57,714 - 2 - INFO - 页面"【苹果模拟经营游戏】好玩的iPhone模拟经营游戏大全_iPhone模拟经营类游戏下载-最笨下载"跳转正常,该类元素共16个，当前第8个
2020-07-23 20:19:58,176 - basepage - INFO - Click back on current page.
2020-07-23 20:20:05,053 - 2 - INFO - 页面"【苹果策略游戏】好玩的iphone策略游戏大全_iphone策略类游戏下载-最笨下载"跳转正常,该类元素共16个，当前第9个
2020-07-23 20:20:05,334 - basepage - INFO - Click back on current page.
2020-07-23 20:20:13,490 - 2 - INFO - 页面"【苹果塔防游戏】好玩的iphone塔防游戏大全_iphone塔防类游戏下载-最笨下载"跳转正常,该类元素共16个，当前第10个
2020-07-23 20:20:13,765 - basepage - INFO - Click back on current page.
2020-07-23 20:20:21,958 - 2 - INFO - 页面"【苹果解谜游戏】好玩的iphone解谜游戏大全_iphone解谜类游戏下载-最笨下载"跳转正常,该类元素共16个，当前第11个
2020-07-23 20:20:22,441 - basepage - INFO - Click back on current page.
2020-07-23 20:20:31,667 - 2 - INFO - 页面"【苹果射击游戏】好玩的iphone射击游戏大全_iphone射击类游戏下载-最笨下载"跳转正常,该类元素共16个，当前第12个
2020-07-23 20:20:32,197 - basepage - INFO - Click back on current page.
2020-07-23 20:20:39,857 - 2 - INFO - 页面"【苹果棋牌游戏】好玩的iphone棋牌游戏大全_iphone棋牌类游戏下载-最笨下载"跳转正常,该类元素共16个，当前第13个
2020-07-23 20:20:40,357 - basepage - INFO - Click back on current page.
2020-07-23 20:20:47,506 - 2 - INFO - 页面"【苹果赛车游戏】好玩的iPhone赛车游戏大全_iPhone赛车类游戏下载-最笨下载"跳转正常,该类元素共16个，当前第14个
2020-07-23 20:20:47,777 - basepage - INFO - Click back on current page.
2020-07-23 20:20:55,113 - 2 - INFO - 页面"【苹果角色扮演游戏】好玩的iphone角色扮演游戏_iPhone角色扮演类游戏下载-最笨下载"跳转正常,该类元素共16个，当前第15个
2020-07-23 20:20:55,590 - basepage - INFO - Click back on current page.
2020-07-23 20:21:02,824 - 2 - INFO - 页面"【安卓动作游戏】好玩的iPhone动作游戏大全_iPhone动作类游戏下载-最笨下载"跳转正常,该类元素共16个，当前第16个
2020-07-23 20:21:03,068 - basepage - INFO - Click back on current page.
2020-07-23 20:21:11,433 - 2 - INFO - 页面"仙剑缘（星耀特权）ios版_仙剑缘（星耀特权）ios版下载_仙剑缘（星耀特权）ios版官方下载-最笨下载"跳转正常,该类元素共18个，当前第1个
2020-07-23 20:21:17,560 - 2 - INFO - 页面"九灵神域ios版_九灵神域ios版下载_九灵神域ios版官方下载-最笨下载"跳转正常,该类元素共18个，当前第2个
2020-07-23 20:21:23,733 - 2 - INFO - 页面"天之命（海量特权）ios版_天之命（海量特权）ios版下载_天之命（海量特权）ios版官方下载-最笨下载"跳转正常,该类元素共18个，当前第3个
2020-07-23 20:21:29,887 - 2 - INFO - 页面"魔剑侠缘（星耀特权）ios版_魔剑侠缘（星耀特权）ios版下载_魔剑侠缘（星耀特权）ios版官方下载-最笨下载"跳转正常,该类元素共18个，当前第4个
2020-07-23 20:21:36,044 - 2 - INFO - 页面"仙灵世界（复古绿色服）ios版_仙灵世界（复古绿色服）ios版下载_仙灵世界（复古绿色服）ios版官方下载-最笨下载"跳转正常,该类元素共18个，当前第5个
2020-07-23 20:21:42,207 - 2 - INFO - 页面"风之剑舞（至尊特权）ios版_风之剑舞（至尊特权）ios版下载_风之剑舞（至尊特权）ios版官方下载-最笨下载"跳转正常,该类元素共18个，当前第6个
2020-07-23 20:21:48,361 - 2 - INFO - 页面"塔塔星座（送328充值）ios版_塔塔星座（送328充值）ios版下载_塔塔星座（送328充值）ios版官方下载-最笨下载"跳转正常,该类元素共18个，当前第7个
2020-07-23 20:21:54,508 - 2 - INFO - 页面"烈焰封天（激爽特权）ios版_烈焰封天（激爽特权）ios版下载_烈焰封天（激爽特权）ios版官方下载-最笨下载"跳转正常,该类元素共18个，当前第8个
2020-07-23 20:22:00,645 - 2 - INFO - 页面"亿次元（送千元充值）ios版_亿次元（送千元充值）ios版下载_亿次元（送千元充值）ios版官方下载-最笨下载"跳转正常,该类元素共18个，当前第9个
2020-07-23 20:22:06,808 - 2 - INFO - 页面"古剑仙域（送海量充值）ios版_古剑仙域（送海量充值）ios版下载_古剑仙域（送海量充值）ios版官方下载-最笨下载"跳转正常,该类元素共18个，当前第10个
2020-07-23 20:22:12,953 - 2 - INFO - 页面"大军师（送海量橙将）ios版_大军师（送海量橙将）ios版下载_大军师（送海量橙将）ios版官方下载-最笨下载"跳转正常,该类元素共18个，当前第11个
2020-07-23 20:22:19,129 - 2 - INFO - 页面"传奇盛世2（星耀特权）ios版_传奇盛世2（星耀特权）ios版下载_传奇盛世2（星耀特权）ios版官方下载-最笨下载"跳转正常,该类元素共18个，当前第12个
2020-07-23 20:22:25,275 - 2 - INFO - 页面"雷霆狂暴（永久百连抽）ios版_雷霆狂暴（永久百连抽）ios版下载_雷霆狂暴（永久百连抽）ios版官方下载-最笨下载"跳转正常,该类元素共18个，当前第13个
2020-07-23 20:22:31,437 - 2 - INFO - 页面"暗黑纪元（送海量充值）ios版_暗黑纪元（送海量充值）ios版下载_暗黑纪元（送海量充值）ios版官方下载-最笨下载"跳转正常,该类元素共18个，当前第14个
2020-07-23 20:22:37,585 - 2 - INFO - 页面"进击的少女（百抽充值卡）ios版_进击的少女（百抽充值卡）ios版下载_进击的少女（百抽充值卡）ios版官方下载-最笨下载"跳转正常,该类元素共18个，当前第15个
2020-07-23 20:22:43,749 - 2 - INFO - 页面"战神不败（GM送充值）ios版_战神不败（GM送充值）ios版下载_战神不败（GM送充值）ios版官方下载-最笨下载"跳转正常,该类元素共18个，当前第16个
2020-07-23 20:22:49,893 - 2 - INFO - 页面"狩游世界ios版_狩游世界ios版下载_狩游世界ios版官方下载-最笨下载"跳转正常,该类元素共18个，当前第17个
2020-07-23 20:22:56,035 - 2 - INFO - 页面"雷霆英雄（送蝙蝠侠）ios版_雷霆英雄（送蝙蝠侠）ios版下载_雷霆英雄（送蝙蝠侠）ios版官方下载-最笨下载"跳转正常,该类元素共18个，当前第18个
2020-07-23 20:23:07,044 - 2 - INFO - 页面"ios无限元宝的手游"跳转正常,该类元素共4个，当前第1个
2020-07-23 20:23:07,272 - basepage - INFO - Click back on current page.
2020-07-23 20:23:12,939 - 2 - INFO - 页面"gm手游助手ios"跳转正常,该类元素共4个，当前第2个
2020-07-23 20:23:13,348 - basepage - INFO - Click back on current page.
2020-07-23 20:23:20,666 - 2 - INFO - 页面"ios变态服游戏"跳转正常,该类元素共4个，当前第3个
2020-07-23 20:23:20,901 - basepage - INFO - Click back on current page.
2020-07-23 20:23:26,949 - 2 - INFO - 页面"ios手游破解平台"跳转正常,该类元素共4个，当前第4个
2020-07-23 20:23:27,204 - basepage - INFO - Click back on current page.
2020-07-23 20:23:34,329 - 2 - INFO - 页面"【最笨周末活动】7月10日晴了一夏周末福利活动"跳转正常,该类元素共4个，当前第1个
2020-07-23 20:23:34,748 - basepage - INFO - Click back on current page.
2020-07-23 20:23:39,577 - 2 - INFO - 页面"【最笨周末活动】7月3日清凉一夏活动来袭~"跳转正常,该类元素共4个，当前第2个
2020-07-23 20:23:39,850 - basepage - INFO - Click back on current page.
2020-07-23 20:23:44,854 - 2 - INFO - 页面"【最笨周末活动】7月17日夏日活动 福利好礼一夏"跳转正常,该类元素共4个，当前第3个
2020-07-23 20:23:45,207 - basepage - INFO - Click back on current page.
2020-07-23 20:23:50,198 - 2 - INFO - 页面"【最笨活动】6.24端午节活动来袭~粽享福利壕礼！"跳转正常,该类元素共4个，当前第4个
2020-07-23 20:23:50,412 - basepage - INFO - Click back on current page.
2020-07-23 20:23:56,504 - 2 - INFO - 页面"有翡原著小说简介 有匪小说剧情介绍"跳转正常,该类元素共20个，当前第1个
2020-07-23 20:24:02,661 - 2 - INFO - 页面"有翡小说免费阅读 有匪小说周翡全文阅读"跳转正常,该类元素共20个，当前第2个
2020-07-23 20:24:08,784 - 2 - INFO - 页面"有翡原著小说在线阅读 有翡原著小说全文免费"跳转正常,该类元素共20个，当前第3个
2020-07-23 20:24:14,923 - 2 - INFO - 页面"聊天第一句幽默技巧 微信聊天第一句怎么开场"跳转正常,该类元素共20个，当前第4个
2020-07-23 20:24:21,113 - 2 - INFO - 页面"陌陌怎么聊天 陌陌聊天技巧分享"跳转正常,该类元素共20个，当前第5个
2020-07-23 20:24:27,267 - 2 - INFO - 页面"全球行动反抗军怎么改装 反抗军改装建议"跳转正常,该类元素共20个，当前第6个
2020-07-23 20:24:33,424 - 2 - INFO - 页面"全球行动改装怎么玩 全球行动改装玩法攻略"跳转正常,该类元素共20个，当前第7个
2020-07-23 20:24:39,606 - 2 - INFO - 页面"全球行动步兵怎么玩 步兵运营思路"跳转正常,该类元素共20个，当前第8个
2020-07-23 20:24:45,781 - 2 - INFO - 页面"全球行动阵营怎么选择 全球行动阵营选择推荐"跳转正常,该类元素共20个，当前第9个
2020-07-23 20:24:51,948 - 2 - INFO - 页面"纸人2第十一章怎么过 第十一章通关攻略"跳转正常,该类元素共20个，当前第10个
2020-07-23 20:24:58,106 - 2 - INFO - 页面"现在什么游戏玩的人多-游戏玩的人多的排名202"跳转正常,该类元素共20个，当前第11个
2020-07-23 20:25:04,286 - 2 - INFO - 页面"2020有什么好玩的网游推荐-2020新网游排行榜"跳转正常,该类元素共20个，当前第12个
2020-07-23 20:25:10,458 - 2 - INFO - 页面"有什么好玩的游戏吗-2020好玩的游戏手游排行榜"跳转正常,该类元素共20个，当前第13个
2020-07-23 20:25:16,619 - 2 - INFO - 页面"好玩的修真网游-修真网游游戏排行榜2020"跳转正常,该类元素共20个，当前第14个
2020-07-23 20:25:22,800 - 2 - INFO - 页面"新开变态传世手游-新开超变传世手游下载"跳转正常,该类元素共20个，当前第15个
2020-07-23 20:25:28,968 - 2 - INFO - 页面"全球行动钻石怎么得"跳转正常,该类元素共20个，当前第16个
2020-07-23 20:25:35,091 - 2 - INFO - 页面"纸人2杨明远的结局是什么"跳转正常,该类元素共20个，当前第17个
2020-07-23 20:25:41,211 - 2 - INFO - 页面"纸人2殷凌是谁"跳转正常,该类元素共20个，当前第18个
2020-07-23 20:25:47,346 - 2 - INFO - 页面"全球行动哪个阵营好"跳转正常,该类元素共20个，当前第19个
2020-07-23 20:25:53,535 - 2 - INFO - 页面"全球行动安卓和ios互通吗"跳转正常,该类元素共20个，当前第20个
2020-07-23 20:25:59,710 - 2 - INFO - 页面"apk3安卓网-2020最新apk安卓游戏-热门apk软件下载平台"跳转正常,该类元素共34个，当前第1个
2020-07-23 20:26:05,804 - 2 - INFO - 页面"小游戏,在线小游戏,小游戏大全,双人小游戏,3199小游戏"跳转正常,该类元素共34个，当前第2个
2020-07-23 20:26:11,949 - 2 - INFO - 页面"中文网站排行榜_alexa排行 - 爱站网站排行榜"跳转正常,该类元素共34个，当前第3个
2020-07-23 20:26:18,091 - 2 - INFO - 页面"9号下载_下载软件_免费下载单机游戏_手机游戏下载大全"跳转正常,该类元素共34个，当前第4个
2020-07-23 20:26:44,693 - 2 - INFO - 页面"软件下载中心_绿色免费软件,手机游戏|软件下载,到超人软件站"跳转正常,该类元素共34个，当前第5个
2020-07-23 20:26:52,193 - 2 - INFO - 页面"系统圣地,绿色免费软件,手游下载等软件下载网站"跳转正常,该类元素共34个，当前第6个
2020-07-23 20:26:58,330 - 2 - INFO - 页面"天天安卓模拟器_安卓模拟器电脑版下载_天天模拟器官网"跳转正常,该类元素共34个，当前第7个
2020-07-23 20:27:04,468 - 2 - INFO - 页面"好看小说推荐_热门小说大全_小说排行榜 - 玖陆文学"跳转正常,该类元素共34个，当前第8个
2020-07-23 20:27:10,561 - 2 - INFO - 页面"IE8 IE9 IE10 IE浏览器下载 - IE浏览器中文网站"跳转正常,该类元素共34个，当前第9个
2020-07-23 20:27:16,737 - 2 - INFO - 页面"bt手游平台_满v手游公益服_gm手游排行榜_3733游戏盒子官网"跳转正常,该类元素共34个，当前第10个
2020-07-23 20:27:54,787 - 2 - INFO - 页面"bt公益服变态手游排行榜前十名[新开公测热门+在线人多+免费大型网游]新开最热门好玩人气高的网络游戏有什么_安卓苹果ios客户端游戏下载大全_8979游戏官网"跳转正常,该类元素共34个，当前第11个
2020-07-23 20:28:00,907 - 2 - INFO - 页面"【破解版手机游戏】手机破解游戏下载_安卓手机游戏破解版下载大全-最笨下载"跳转正常,该类元素共34个，当前第12个
2020-07-23 20:28:07,040 - 2 - INFO - 页面"windows10系统之家 - 系统之家提供win10专业版,ISO镜像,企业版等win10系统下载"跳转正常,该类元素共34个，当前第13个
2020-07-23 20:28:13,190 - 2 - INFO - 页面"39整形美容_中国专业医学整形美容门户"跳转正常,该类元素共34个，当前第14个
2020-07-23 20:28:19,322 - 2 - INFO - 页面"零度软件园_官方软件下载_绿色软件_游戏下载_值得信赖的下载站！"跳转正常,该类元素共34个，当前第15个
2020-07-23 20:28:25,463 - 2 - INFO - 页面"单机游戏_单机游戏下载大全中文版下载_好玩的单机游戏下载基地 - 99单机游戏"跳转正常,该类元素共34个，当前第16个
2020-07-23 20:28:31,571 - 2 - INFO - 页面"安卓市场_安卓游戏破解版下载_单机破解版游戏大全_手机网游下载"跳转正常,该类元素共34个，当前第17个
2020-07-23 20:31:42,394 - 2 - INFO - 页面"手机游戏下载-手机软件下载-电脑软件下载-小黑游戏"跳转正常,该类元素共34个，当前第18个
2020-07-23 20:31:48,543 - 2 - INFO - 页面"手机游戏_手机游戏排行榜_好玩的手机游戏_安卓手机游戏推荐_易玩网"跳转正常,该类元素共34个，当前第19个
2020-07-23 20:31:54,675 - 2 - INFO - 页面"手机游戏_好玩的手机游戏下载_手机游戏排行榜-游戏吧"跳转正常,该类元素共34个，当前第20个
2020-07-23 20:32:00,817 - 2 - INFO - 页面"免费手机游戏_好玩的单机游戏_安卓破解版游戏下载_apk8安卓网"跳转正常,该类元素共34个，当前第21个
2020-07-23 20:32:06,943 - 2 - INFO - 页面"免费手机游戏_好玩的单机游戏_安卓破解版游戏下载_apk8安卓网"跳转正常,该类元素共34个，当前第22个
2020-07-23 20:32:13,080 - 2 - INFO - 页面"安卓破解版游戏下载_单机手机破解游戏大全_免费游戏破解版下载-最笨下载"跳转正常,该类元素共34个，当前第23个
2020-07-23 20:32:19,271 - 2 - INFO - 页面"app.3987.com"跳转正常,该类元素共34个，当前第24个
2020-07-23 20:32:25,412 - 2 - INFO - 页面"可可出招表-流星蝴蝶剑出招表-拳皇97出招表-手机游戏-绿色软件下载"跳转正常,该类元素共34个，当前第25个
2020-07-23 20:32:33,591 - 2 - INFO - 页面"爪游控 | 新锐综合资讯媒体"跳转正常,该类元素共34个，当前第26个
2020-07-23 20:32:39,742 - 2 - INFO - 页面"3733游戏盒官网_bt游戏_满vip手游_gm手游大全_破解游戏盒子下载"跳转正常,该类元素共34个，当前第27个
2020-07-23 20:32:45,878 - 2 - INFO - 页面"绿色免费电脑软件下载_手机软件游戏下载中心-520下载站"跳转正常,该类元素共34个，当前第28个
2020-07-23 20:32:52,914 - 2 - INFO - 页面"免费大型经典安卓破解版单机游戏下载排行榜_手机最火爆最新出热门好玩人气高3DBT网络游戏有什么_破解游戏盒子软件大全-下载多"跳转正常,该类元素共34个，当前第29个
2020-07-23 20:32:59,093 - 2 - INFO - 页面"3733游戏盒官网_bt游戏_满vip手游_gm手游大全_破解游戏盒子下载"跳转正常,该类元素共34个，当前第30个
2020-07-23 20:33:07,961 - 2 - INFO - 页面"VR之家_专业VR游戏软件下载网站_VR应用_VR电影_VR视频_VR资源-VR之家"跳转正常,该类元素共34个，当前第31个
2020-07-23 20:33:14,092 - 2 - INFO - 页面"手机玩_免费安卓手机游戏_安卓游戏破解版下载_破解游戏盒子下载"跳转正常,该类元素共34个，当前第32个
2020-07-23 20:33:20,234 - 2 - INFO - 页面"gm手游平台_gm手游盒子_gm版手游下载_3733游戏官网"跳转正常,该类元素共34个，当前第33个
2020-07-23 20:33:32,793 - 2 - INFO - 页面"gm手游平台_gm版无限元宝手游_gm手游盒子下载_gm助手官网"跳转正常,该类元素共34个，当前第34个
2020-07-23 20:33:38,608 - 2 - INFO - 进入"游戏"模块，将执行随机函数
2020-07-23 20:33:41,165 - 2 - INFO - 随机页面"魔法之光（红忍海量抽）"跳转正常，当前第1个
2020-07-23 20:33:41,270 - basepage - INFO - Click back on current page.
2020-07-23 20:33:45,724 - 2 - INFO - 随机页面"大军师（送海量橙将）"跳转正常，当前第2个
2020-07-23 20:33:45,811 - basepage - INFO - Click back on current page.
2020-07-23 20:33:50,231 - 2 - INFO - 随机页面"大话许仙（钱庄特权）"跳转正常，当前第3个
2020-07-23 20:33:50,321 - basepage - INFO - Click back on current page.
2020-07-23 20:33:54,908 - 2 - INFO - 随机页面"横扫天下之万年强者（1元超值）"跳转正常，当前第1个
2020-07-23 20:33:55,008 - basepage - INFO - Click back on current page.
2020-07-23 20:33:59,526 - 2 - INFO - 随机页面"武器之王（福利特权）"跳转正常，当前第2个
2020-07-23 20:33:59,661 - basepage - INFO - Click back on current page.
2020-07-23 20:34:04,145 - 2 - INFO - 随机页面"魔法之光（红忍海量抽）"跳转正常，当前第3个
2020-07-23 20:34:04,252 - basepage - INFO - Click back on current page.
2020-07-23 20:34:09,503 - 2 - INFO - 进入"应用"模块，将执行随机函数
2020-07-23 20:34:12,849 - 2 - INFO - 随机页面"恋爱教程"跳转正常，当前第1个
2020-07-23 20:34:12,989 - basepage - INFO - Click back on current page.
2020-07-23 20:34:17,513 - 2 - INFO - 随机页面"撩吧"跳转正常，当前第2个
2020-07-23 20:34:17,601 - basepage - INFO - Click back on current page.
2020-07-23 20:34:22,297 - 2 - INFO - 随机页面"脱单大师"跳转正常，当前第3个
2020-07-23 20:34:22,508 - basepage - INFO - Click back on current page.
2020-07-23 20:34:27,076 - 2 - INFO - 随机页面"恋爱话术库"跳转正常，当前第1个
2020-07-23 20:34:27,170 - basepage - INFO - Click back on current page.
2020-07-23 20:34:31,707 - 2 - INFO - 随机页面"恋爱话术"跳转正常，当前第2个
2020-07-23 20:34:31,806 - basepage - INFO - Click back on current page.
2020-07-23 20:34:36,306 - 2 - INFO - 随机页面"吾爱看书"跳转正常，当前第3个
2020-07-23 20:34:36,429 - basepage - INFO - Click back on current page.
2020-07-23 20:34:41,859 - 2 - INFO - 进入"资讯"模块，将执行随机函数
2020-07-23 20:34:44,135 - 2 - INFO - 随机页面"有翡原著小说简介 有匪小说剧情介绍"跳转正常，当前第1个
2020-07-23 20:34:44,229 - basepage - INFO - Click back on current page.
2020-07-23 20:34:48,480 - 2 - INFO - 随机页面"纸人2怎么打夫人 夫人打法技巧"跳转正常，当前第2个
2020-07-23 20:34:48,562 - basepage - INFO - Click back on current page.
2020-07-23 20:34:53,095 - 2 - INFO - 随机页面"纸人2殷凌是谁"跳转正常，当前第3个
2020-07-23 20:34:53,191 - basepage - INFO - Click back on current page.
2020-07-23 20:34:57,642 - 2 - INFO - 随机页面"大军师（送海量橙将）"跳转正常，当前第1个
2020-07-23 20:34:57,766 - basepage - INFO - Click back on current page.
2020-07-23 20:35:02,272 - 2 - INFO - 随机页面"唐门六道（送千元充值）"跳转正常，当前第2个
2020-07-23 20:35:02,351 - basepage - INFO - Click back on current page.
2020-07-23 20:35:06,799 - 2 - INFO - 随机页面"魔法之光（红忍海量抽）"跳转正常，当前第3个
2020-07-23 20:35:06,938 - basepage - INFO - Click back on current page.
2020-07-23 20:35:14,352 - 2 - INFO - 进入"专题"模块，将执行随机函数
2020-07-23 20:35:17,462 - 2 - INFO - 页面"免费的小说软件"跳转正常,该类元素共1个，当前第1个
2020-07-23 20:35:17,565 - basepage - INFO - Click back on current page.
2020-07-23 20:35:22,963 - 2 - INFO - 随机页面"豆阅免费小说"跳转正常，当前第1个
2020-07-23 20:35:23,077 - basepage - INFO - Click back on current page.
2020-07-23 20:35:28,103 - 2 - INFO - 随机页面"搜书帝"跳转正常，当前第2个
2020-07-23 20:35:28,203 - basepage - INFO - Click back on current page.
2020-07-23 20:35:33,114 - 2 - INFO - 随机页面"番茄小说"跳转正常，当前第3个
2020-07-23 20:35:33,254 - basepage - INFO - Click back on current page.
2020-07-23 20:35:40,454 - 2 - INFO - 页面"换装破解版游戏大全"跳转正常,该类元素共1个，当前第1个
2020-07-23 20:35:40,639 - basepage - INFO - Click back on current page.
2020-07-23 20:35:46,207 - 2 - INFO - 随机页面"武动六界（折扣特权）"跳转正常，当前第1个
2020-07-23 20:35:46,300 - basepage - INFO - Click back on current page.
2020-07-23 20:35:50,764 - 2 - INFO - 随机页面"六界仙尊（送充值）"跳转正常，当前第2个
2020-07-23 20:35:50,952 - basepage - INFO - Click back on current page.
2020-07-23 20:35:55,483 - 2 - INFO - 随机页面"仙灵世界（送海量连抽）"跳转正常，当前第3个
2020-07-23 20:35:55,698 - basepage - INFO - Click back on current page.
2020-07-23 20:36:01,765 - 2 - INFO - 页面"日本福利手机游戏汉化版"跳转正常,该类元素共1个，当前第1个
2020-07-23 20:36:02,041 - basepage - INFO - Click back on current page.
2020-07-23 20:36:07,440 - 2 - INFO - 随机页面"炼金国度（送美女豪车）"跳转正常，当前第1个
2020-07-23 20:36:07,814 - basepage - INFO - Click back on current page.
2020-07-23 20:36:13,197 - 2 - INFO - 随机页面"玄机（海量充值券）"跳转正常，当前第2个
2020-07-23 20:36:13,307 - basepage - INFO - Click back on current page.
2020-07-23 20:36:18,615 - 2 - INFO - 随机页面"女神联盟2（星耀内测）"跳转正常，当前第3个
2020-07-23 20:36:18,735 - basepage - INFO - Click back on current page.
2020-07-23 20:36:24,546 - 2 - INFO - 页面"苹果小说阅读器"跳转正常,该类元素共1个，当前第1个
2020-07-23 20:36:24,837 - basepage - INFO - Click back on current page.
2020-07-23 20:36:29,960 - 2 - INFO - 随机页面"优看小说"跳转正常，当前第1个
2020-07-23 20:36:30,063 - basepage - INFO - Click back on current page.
2020-07-23 20:36:35,415 - 2 - INFO - 随机页面"柠檬小说大全"跳转正常，当前第2个
2020-07-23 20:36:35,596 - basepage - INFO - Click back on current page.
2020-07-23 20:36:40,943 - 2 - INFO - 随机页面"花溪小说"跳转正常，当前第3个
2020-07-23 20:36:41,065 - basepage - INFO - Click back on current page.
2020-07-23 20:36:46,588 - 2 - INFO - 页面"满v版游戏养成大全"跳转正常,该类元素共1个，当前第1个
2020-07-23 20:36:46,763 - basepage - INFO - Click back on current page.
2020-07-23 20:36:51,254 - 2 - INFO - 随机页面"炼金国度（送美女豪车）"跳转正常，当前第1个
2020-07-23 20:36:51,367 - basepage - INFO - Click back on current page.
2020-07-23 20:36:56,805 - 2 - INFO - 随机页面"女神星球商城版（X战娘）"跳转正常，当前第2个
2020-07-23 20:36:57,059 - basepage - INFO - Click back on current page.
2020-07-23 20:37:02,576 - 2 - INFO - 随机页面"疯妖记（星耀特权）"跳转正常，当前第3个
2020-07-23 20:37:02,681 - basepage - INFO - Click back on current page.
2020-07-23 20:37:09,451 - 2 - INFO - 页面"ios好玩的动作游戏"跳转正常,该类元素共1个，当前第1个
2020-07-23 20:37:09,640 - basepage - INFO - Click back on current page.
2020-07-23 20:37:16,466 - 2 - INFO - 随机页面"战神传奇（毒狗特权）ios版"跳转正常，当前第1个
2020-07-23 20:37:16,583 - basepage - INFO - Click back on current page.
2020-07-23 20:37:21,501 - 2 - INFO - 随机页面"狩游世界ios版"跳转正常，当前第2个
2020-07-23 20:37:21,649 - basepage - INFO - Click back on current page.
2020-07-23 20:37:27,463 - 2 - INFO - 随机页面"传奇盛世2（星耀特权）ios版"跳转正常，当前第3个
2020-07-23 20:37:27,658 - basepage - INFO - Click back on current page.
2020-07-23 20:37:32,857 - 2 - INFO - 页面"在线玩变态版游戏大全"跳转正常,该类元素共1个，当前第1个
2020-07-23 20:37:32,977 - basepage - INFO - Click back on current page.
2020-07-23 20:37:37,587 - 2 - INFO - 随机页面"天天怼三国（送千元充值）"跳转正常，当前第1个
2020-07-23 20:37:37,694 - basepage - INFO - Click back on current page.
2020-07-23 20:37:42,191 - 2 - INFO - 随机页面"主公别闹"跳转正常，当前第2个
2020-07-23 20:37:42,300 - basepage - INFO - Click back on current page.
2020-07-23 20:37:46,901 - 2 - INFO - 随机页面"教主之家（至尊特权）"跳转正常，当前第3个
2020-07-23 20:37:47,008 - basepage - INFO - Click back on current page.
2020-07-23 20:37:53,536 - 2 - INFO - 页面"苹果上好玩的仙侠游戏"跳转正常,该类元素共1个，当前第1个
2020-07-23 20:37:53,672 - basepage - INFO - Click back on current page.
2020-07-23 20:37:59,157 - 2 - INFO - 随机页面"思仙星耀版ios版"跳转正常，当前第1个
2020-07-23 20:37:59,345 - basepage - INFO - Click back on current page.
2020-07-23 20:38:04,737 - 2 - INFO - 随机页面"天域至尊（送648充值）ios版"跳转正常，当前第2个
2020-07-23 20:38:04,860 - basepage - INFO - Click back on current page.
2020-07-23 20:38:09,849 - 2 - INFO - 随机页面"仙剑缘（星耀特权）ios版"跳转正常，当前第3个
2020-07-23 20:38:10,017 - basepage - INFO - Click back on current page.
2020-07-23 20:38:15,441 - 2 - INFO - 页面"飞信客户端版本大全"跳转正常,该类元素共1个，当前第1个
2020-07-23 20:38:15,561 - basepage - INFO - Click back on current page.
2020-07-23 20:38:20,872 - 2 - INFO - 随机页面"飞信pc版"跳转正常，当前第1个
2020-07-23 20:38:21,059 - basepage - INFO - Click back on current page.
2020-07-23 20:38:26,961 - 2 - INFO - 随机页面"飞信办公版mac"跳转正常，当前第2个
2020-07-23 20:38:27,067 - basepage - INFO - Click back on current page.
2020-07-23 20:38:32,090 - 2 - INFO - 随机页面"飞信"跳转正常，当前第3个
2020-07-23 20:38:32,259 - basepage - INFO - Click back on current page.
2020-07-23 20:38:37,478 - 2 - INFO - 页面"看小说软件大全"跳转正常,该类元素共1个，当前第1个
2020-07-23 20:38:37,640 - basepage - INFO - Click back on current page.
2020-07-23 20:38:42,409 - 2 - INFO - 随机页面"言情小说"跳转正常，当前第1个
2020-07-23 20:38:42,595 - basepage - INFO - Click back on current page.
2020-07-23 20:38:47,685 - 2 - INFO - 随机页面"搜书帝"跳转正常，当前第2个
2020-07-23 20:38:47,792 - basepage - INFO - Click back on current page.
2020-07-23 20:38:52,260 - 2 - INFO - 随机页面"搜书帝"跳转正常，当前第3个
2020-07-23 20:38:52,430 - basepage - INFO - Click back on current page.
2020-07-23 20:38:57,637 - 2 - INFO - 进入"电脑"模块，将执行随机函数
2020-07-23 20:39:00,087 - 2 - INFO - 随机页面"六界仙尊（送充值）"跳转正常，当前第1个
2020-07-23 20:39:00,155 - basepage - INFO - Click back on current page.
2020-07-23 20:39:04,703 - 2 - INFO - 随机页面"凡人飞仙传（充值特权）"跳转正常，当前第2个
2020-07-23 20:39:04,788 - basepage - INFO - Click back on current page.
2020-07-23 20:39:09,240 - 2 - INFO - 随机页面"大军师（送海量橙将）"跳转正常，当前第3个
2020-07-23 20:39:09,317 - basepage - INFO - Click back on current page.
2020-07-23 20:39:16,654 - 2 - INFO - 进入"APP大全"模块，将执行随机函数
2020-07-23 20:39:20,741 - 2 - INFO - 页面"游戏盒"跳转正常,该类元素共16个，当前第1个
2020-07-23 20:39:26,826 - 2 - INFO - 页面"龙之谷2"跳转正常,该类元素共16个，当前第2个
2020-07-23 20:39:32,909 - 2 - INFO - 页面"光遇"跳转正常,该类元素共16个，当前第3个
2020-07-23 20:39:39,023 - 2 - INFO - 页面"最强蜗牛"跳转正常,该类元素共16个，当前第4个
2020-07-23 20:39:45,111 - 2 - INFO - 页面"塞尔达"跳转正常,该类元素共16个，当前第5个
2020-07-23 20:39:51,216 - 2 - INFO - 页面"山海镜花"跳转正常,该类元素共16个，当前第6个
2020-07-23 20:39:57,311 - 2 - INFO - 页面"公主连结"跳转正常,该类元素共16个，当前第7个
2020-07-23 20:40:03,416 - 2 - INFO - 页面"网络工具"跳转正常,该类元素共16个，当前第8个
2020-07-23 20:40:09,564 - 2 - INFO - 页面"集合啦动物森友会"跳转正常,该类元素共16个，当前第9个
2020-07-23 20:40:15,676 - 2 - INFO - 页面"龙族幻想"跳转正常,该类元素共16个，当前第10个
2020-07-23 20:40:21,767 - 2 - INFO - 页面"剑与远征"跳转正常,该类元素共16个，当前第11个
2020-07-23 20:40:27,862 - 2 - INFO - 页面"烟雨江湖"跳转正常,该类元素共16个，当前第12个
2020-07-23 20:40:34,002 - 2 - INFO - 页面"云顶之弈"跳转正常,该类元素共16个，当前第13个
2020-07-23 20:40:40,078 - 2 - INFO - 页面"家国梦"跳转正常,该类元素共16个，当前第14个
2020-07-23 20:40:46,162 - 2 - INFO - 页面"棋牌"跳转正常,该类元素共16个，当前第15个
2020-07-23 20:40:52,244 - 2 - INFO - 页面"gta5"跳转正常,该类元素共16个，当前第16个
2020-07-23 20:40:54,264 - basepage - INFO - zuiben自动化测试结束
