2020-09-07 18:20:05,290 - basepage - INFO - zuiben自动化测试开始
2020-09-07 18:20:05,291 - basepage - INFO - 隐性等待 10 秒
2020-09-07 18:20:13,723 - basepage - INFO - 跳转至https://www.zuiben.com/
2020-09-07 18:20:15,840 - basepage - INFO - 窗口已经最大化
2020-09-07 18:20:21,633 - 2 - INFO - 页面"【安卓游戏】好玩的安卓游戏下载_安卓游戏排行榜_安卓游戏免费下载大全-最笨下载"跳转正常,该类元素共21个，当前第1个
2020-09-07 18:20:22,009 - basepage - INFO - Click back on current page.
2020-09-07 18:20:26,400 - 2 - INFO - 页面"变态手游公益服_bt手游变态服_无限元宝bt手游下载_BT手游中心-最笨下载"跳转正常,该类元素共21个，当前第2个
2020-09-07 18:20:26,604 - basepage - INFO - Click back on current page.
2020-09-07 18:20:30,912 - 2 - INFO - 页面"gm版手游_无限元宝/钻石公益服_0元免费gm权限手游下载-最笨下载"跳转正常,该类元素共21个，当前第3个
2020-09-07 18:20:31,236 - basepage - INFO - Click back on current page.
2020-09-07 18:20:37,603 - 2 - INFO - 页面"【苹果游戏】iphone苹果手机游戏下载_iphone苹果游戏排行榜-最笨下载"跳转正常,该类元素共21个，当前第4个
2020-09-07 18:20:37,791 - basepage - INFO - Click back on current page.
2020-09-07 18:20:42,079 - 2 - INFO - 页面"满vip版手游_手游sf送顶级vip_满级vip无限元宝手游下载-最笨下载"跳转正常,该类元素共21个，当前第5个
2020-09-07 18:20:42,272 - basepage - INFO - Click back on current page.
2020-09-07 18:20:48,120 - 2 - INFO - 页面"【安卓软件】安卓软件下载_安卓手机软件下载_安卓软件免费下载大全-最笨下载"跳转正常,该类元素共21个，当前第6个
2020-09-07 18:20:48,352 - basepage - INFO - Click back on current page.
2020-09-07 18:20:54,004 - 2 - INFO - 页面"【苹果软件】iphone苹果下载软件_iphone苹果软件免费下载_苹果软件下载大全-最笨下载"跳转正常,该类元素共21个，当前第7个
2020-09-07 18:20:54,213 - basepage - INFO - Click back on current page.
2020-09-07 18:20:58,512 - 2 - INFO - 页面"【安卓资讯】安卓资讯推荐_安卓资讯大全-最笨下载"跳转正常,该类元素共21个，当前第8个
2020-09-07 18:20:58,790 - basepage - INFO - Click back on current page.
2020-09-07 18:21:03,034 - 2 - INFO - 页面"【安卓游戏攻略】安卓游戏攻略推荐_安卓游戏攻略大全-最笨下载"跳转正常,该类元素共21个，当前第9个
2020-09-07 18:21:03,222 - basepage - INFO - Click back on current page.
2020-09-07 18:21:08,072 - 2 - INFO - 页面"【安卓软件教程】安卓软件教程推荐_安卓软件教程大全-最笨下载"跳转正常,该类元素共21个，当前第10个
2020-09-07 18:21:08,415 - basepage - INFO - Click back on current page.
2020-09-07 18:21:13,234 - 2 - INFO - 页面"【iphone资讯】iphone资讯推荐_iphone资讯大全-最笨下载"跳转正常,该类元素共21个，当前第11个
2020-09-07 18:21:13,445 - basepage - INFO - Click back on current page.
2020-09-07 18:21:17,719 - 2 - INFO - 页面"【iPhone游戏攻略】iPhone游戏攻略推荐_iPhone游戏攻略大全-最笨下载"跳转正常,该类元素共21个，当前第12个
2020-09-07 18:21:18,059 - basepage - INFO - Click back on current page.
2020-09-07 18:21:22,421 - 2 - INFO - 页面"【系统重装教程】电脑重装系统教程_电脑怎么重装系统_重装系统步骤-最笨下载"跳转正常,该类元素共21个，当前第13个
2020-09-07 18:21:22,617 - basepage - INFO - Click back on current page.
2020-09-07 18:21:28,349 - 2 - INFO - 页面"安卓专题-最笨下载"跳转正常,该类元素共21个，当前第14个
2020-09-07 18:21:28,723 - basepage - INFO - Click back on current page.
2020-09-07 18:21:34,511 - 2 - INFO - 页面"游戏专题-最笨下载"跳转正常,该类元素共21个，当前第15个
2020-09-07 18:21:34,731 - basepage - INFO - Click back on current page.
2020-09-07 18:21:43,077 - 2 - INFO - 页面"苹果专题-最笨下载"跳转正常,该类元素共21个，当前第16个
2020-09-07 18:21:43,300 - basepage - INFO - Click back on current page.
2020-09-07 18:21:51,371 - 2 - INFO - 页面"【电脑软件】电脑软件下载_电脑装机必备软件_电脑常用软件下载_电脑软件大全-最笨下载"跳转正常,该类元素共21个，当前第17个
2020-09-07 18:21:51,725 - basepage - INFO - Click back on current page.
2020-09-07 18:21:57,622 - 2 - INFO - 页面"【电脑软件】电脑软件下载_电脑装机必备软件_电脑常用软件下载_电脑软件大全-最笨下载"跳转正常,该类元素共21个，当前第18个
2020-09-07 18:21:57,830 - basepage - INFO - Click back on current page.
2020-09-07 18:22:02,459 - 2 - INFO - 页面"【激活工具】激活windows工具_万能激活工具_windows激活工具下载_自动激活工具-最笨下载"跳转正常,该类元素共21个，当前第19个
2020-09-07 18:22:02,795 - basepage - INFO - Click back on current page.
2020-09-07 18:22:07,169 - 2 - INFO - 页面"【系统重装教程】电脑重装系统教程_电脑怎么重装系统_重装系统步骤-最笨下载"跳转正常,该类元素共21个，当前第20个
2020-09-07 18:22:07,380 - basepage - INFO - Click back on current page.
2020-09-07 18:22:11,549 - 2 - INFO - 页面"【系统重装教程】电脑重装系统教程_电脑怎么重装系统_重装系统步骤-最笨下载"跳转正常,该类元素共21个，当前第21个
2020-09-07 18:22:11,891 - basepage - INFO - Click back on current page.
2020-09-07 18:22:19,780 - 2 - INFO - 页面"家庭教师OL手游"跳转正常,该类元素共10个，当前第1个
2020-09-07 18:22:25,897 - 2 - INFO - 页面"魔女骑士团手游"跳转正常,该类元素共10个，当前第2个
2020-09-07 18:22:32,018 - 2 - INFO - 页面"决胜足球手游"跳转正常,该类元素共10个，当前第3个
2020-09-07 18:22:38,163 - 2 - INFO - 页面"少女战争手游"跳转正常,该类元素共10个，当前第4个
2020-09-07 18:22:44,287 - 2 - INFO - 页面"天神战（魔灵特权）"跳转正常,该类元素共10个，当前第5个
2020-09-07 18:22:50,417 - 2 - INFO - 页面"最Q幻想手游"跳转正常,该类元素共10个，当前第6个
2020-09-07 18:22:56,559 - 2 - INFO - 页面"回到三国志手游"跳转正常,该类元素共10个，当前第7个
2020-09-07 18:23:02,726 - 2 - INFO - 页面"幻游猎人手游"跳转正常,该类元素共10个，当前第8个
2020-09-07 18:23:08,871 - 2 - INFO - 页面"王者荣耀"跳转正常,该类元素共10个，当前第9个
2020-09-07 18:23:15,016 - 2 - INFO - 页面"公主连结手游"跳转正常,该类元素共10个，当前第10个
2020-09-07 18:23:21,175 - 2 - INFO - 页面"魔侠传（开服送2000充）"跳转正常,该类元素共20个，当前第1个
2020-09-07 18:23:27,318 - 2 - INFO - 页面"仙风道骨（送GM海量充）"跳转正常,该类元素共20个，当前第2个
2020-09-07 18:23:33,487 - 2 - INFO - 页面"少年群侠传（送千元充值）"跳转正常,该类元素共20个，当前第3个
2020-09-07 18:23:39,631 - 2 - INFO - 页面"仙灵世界（送海量连抽）"跳转正常,该类元素共20个，当前第4个
2020-09-07 18:23:45,774 - 2 - INFO - 页面"不思议地下城（百抽特权）"跳转正常,该类元素共20个，当前第5个
2020-09-07 18:23:51,934 - 2 - INFO - 页面"妖神记（抽动漫周边）"跳转正常,该类元素共20个，当前第6个
2020-09-07 18:23:58,073 - 2 - INFO - 页面"魔龙诀（全屏爆宝）"跳转正常,该类元素共20个，当前第7个
2020-09-07 18:24:04,214 - 2 - INFO - 页面"天天怼三国（送千元充值）"跳转正常,该类元素共20个，当前第8个
2020-09-07 18:24:10,347 - 2 - INFO - 页面"剑侠风云（送海量充值）"跳转正常,该类元素共20个，当前第9个
2020-09-07 18:24:16,492 - 2 - INFO - 页面"小小三国志（送充值卡）"跳转正常,该类元素共20个，当前第10个
2020-09-07 18:24:22,638 - 2 - INFO - 页面"机甲战纪（送GM特权）"跳转正常,该类元素共20个，当前第11个
2020-09-07 18:24:28,770 - 2 - INFO - 页面"无敌战舰（送百元充值）"跳转正常,该类元素共20个，当前第12个
2020-09-07 18:24:34,894 - 2 - INFO - 页面"大话许仙（钱庄特权）"跳转正常,该类元素共20个，当前第13个
2020-09-07 18:24:41,024 - 2 - INFO - 页面"异能勇者"跳转正常,该类元素共20个，当前第14个
2020-09-07 18:24:47,167 - 2 - INFO - 页面"崩坏西游（送1688元充值）"跳转正常,该类元素共20个，当前第15个
2020-09-07 18:24:53,313 - 2 - INFO - 页面"武动九天（GM免费特权）"跳转正常,该类元素共20个，当前第16个
2020-09-07 18:24:59,434 - 2 - INFO - 页面"冒险之旅（百抽特权）"跳转正常,该类元素共20个，当前第17个
2020-09-07 18:25:05,560 - 2 - INFO - 页面"仙语奇缘（海量特权）"跳转正常,该类元素共20个，当前第18个
2020-09-07 18:25:11,704 - 2 - INFO - 页面"莽荒纪（海量充值卡）"跳转正常,该类元素共20个，当前第19个
2020-09-07 18:25:17,848 - 2 - INFO - 页面"纵剑仙界（送VIP代金券）"跳转正常,该类元素共20个，当前第20个
2020-09-07 18:25:25,772 - 2 - INFO - 页面"魔侠传（开服送2000充）"跳转正常,该类元素共10个，当前第1个
2020-09-07 18:25:31,905 - 2 - INFO - 页面"仙风道骨（送GM海量充）"跳转正常,该类元素共10个，当前第2个
2020-09-07 18:25:38,058 - 2 - INFO - 页面"少年群侠传（送千元充值）"跳转正常,该类元素共10个，当前第3个
2020-09-07 18:25:44,203 - 2 - INFO - 页面"仙灵世界（送海量连抽）"跳转正常,该类元素共10个，当前第4个
2020-09-07 18:25:50,346 - 2 - INFO - 页面"不思议地下城（百抽特权）"跳转正常,该类元素共10个，当前第5个
2020-09-07 18:25:56,500 - 2 - INFO - 页面"妖神记（抽动漫周边）"跳转正常,该类元素共10个，当前第6个
2020-09-07 18:26:02,616 - 2 - INFO - 页面"魔龙诀（全屏爆宝）"跳转正常,该类元素共10个，当前第7个
2020-09-07 18:26:08,750 - 2 - INFO - 页面"天天怼三国（送千元充值）"跳转正常,该类元素共10个，当前第8个
2020-09-07 18:26:14,876 - 2 - INFO - 页面"剑侠风云（送海量充值）"跳转正常,该类元素共10个，当前第9个
2020-09-07 18:26:21,007 - 2 - INFO - 页面"小小三国志（送充值卡）"跳转正常,该类元素共10个，当前第10个
2020-09-07 18:26:27,166 - 2 - INFO - 页面"魔侠传（开服送2000充）"跳转正常,该类元素共20个，当前第1个
2020-09-07 18:26:33,329 - 2 - INFO - 页面"仙风道骨（送GM海量充）"跳转正常,该类元素共20个，当前第2个
2020-09-07 18:26:39,450 - 2 - INFO - 页面"武器之王（满屏爆装）"跳转正常,该类元素共20个，当前第3个
2020-09-07 18:26:45,564 - 2 - INFO - 页面"凡人飞仙传（六界纷争）"跳转正常,该类元素共20个，当前第4个
2020-09-07 18:26:51,705 - 2 - INFO - 页面"少年群侠传（送千元充值）"跳转正常,该类元素共20个，当前第5个
2020-09-07 18:26:57,868 - 2 - INFO - 页面"神龙猎手（开局送万抽）"跳转正常,该类元素共20个，当前第6个
2020-09-07 18:27:04,028 - 2 - INFO - 页面"仙灵世界（送海量连抽）"跳转正常,该类元素共20个，当前第7个
2020-09-07 18:27:10,150 - 2 - INFO - 页面"怒火一刀（天天送充值）"跳转正常,该类元素共20个，当前第8个
2020-09-07 18:27:16,302 - 2 - INFO - 页面"女神联盟2（送500充值）"跳转正常,该类元素共20个，当前第9个
2020-09-07 18:27:22,433 - 2 - INFO - 页面"乱戳三国2（送GM特权）"跳转正常,该类元素共20个，当前第10个
2020-09-07 18:27:28,572 - 2 - INFO - 页面"烈火战神（满屏福利）"跳转正常,该类元素共20个，当前第11个
2020-09-07 18:27:34,707 - 2 - INFO - 页面"九曲封神（送海量充值）"跳转正常,该类元素共20个，当前第12个
2020-09-07 18:27:40,833 - 2 - INFO - 页面"不思议地下城（百抽特权）"跳转正常,该类元素共20个，当前第13个
2020-09-07 18:27:46,954 - 2 - INFO - 页面"妖神记（抽动漫周边）"跳转正常,该类元素共20个，当前第14个
2020-09-07 18:27:53,102 - 2 - INFO - 页面"魔龙诀（全屏爆宝）"跳转正常,该类元素共20个，当前第15个
2020-09-07 18:28:02,402 - 2 - INFO - 页面"天天怼三国（送千元充值）"跳转正常,该类元素共20个，当前第16个
2020-09-07 18:28:08,550 - 2 - INFO - 页面"乱世江湖（天天送充值）"跳转正常,该类元素共20个，当前第17个
2020-09-07 18:28:14,675 - 2 - INFO - 页面"传奇盛世（高返定制服）"跳转正常,该类元素共20个，当前第18个
2020-09-07 18:28:20,793 - 2 - INFO - 页面"黑暗与荣耀（送史诗宠物）"跳转正常,该类元素共20个，当前第19个
2020-09-07 18:28:26,932 - 2 - INFO - 页面"剑侠风云（送海量充值）"跳转正常,该类元素共20个，当前第20个
2020-09-07 18:28:34,896 - 2 - INFO - 页面"魔侠传（开服送2000充）"跳转正常,该类元素共10个，当前第1个
2020-09-07 18:28:41,014 - 2 - INFO - 页面"仙风道骨（送GM海量充）"跳转正常,该类元素共10个，当前第2个
2020-09-07 18:28:47,147 - 2 - INFO - 页面"少年群侠传（送千元充值）"跳转正常,该类元素共10个，当前第3个
2020-09-07 18:28:53,293 - 2 - INFO - 页面"仙灵世界（送海量连抽）"跳转正常,该类元素共10个，当前第4个
2020-09-07 18:28:59,416 - 2 - INFO - 页面"不思议地下城（百抽特权）"跳转正常,该类元素共10个，当前第5个
2020-09-07 18:29:05,527 - 2 - INFO - 页面"妖神记（抽动漫周边）"跳转正常,该类元素共10个，当前第6个
2020-09-07 18:29:11,676 - 2 - INFO - 页面"魔龙诀（全屏爆宝）"跳转正常,该类元素共10个，当前第7个
2020-09-07 18:29:17,798 - 2 - INFO - 页面"天天怼三国（送千元充值）"跳转正常,该类元素共10个，当前第8个
2020-09-07 18:29:23,922 - 2 - INFO - 页面"剑侠风云（送海量充值）"跳转正常,该类元素共10个，当前第9个
2020-09-07 18:29:30,071 - 2 - INFO - 页面"小小三国志（送充值卡）"跳转正常,该类元素共10个，当前第10个
2020-09-07 18:29:36,226 - 2 - INFO - 页面"魔侠传（开服送2000充）"跳转正常,该类元素共20个，当前第1个
2020-09-07 18:29:42,358 - 2 - INFO - 页面"仙风道骨（送GM海量充）"跳转正常,该类元素共20个，当前第2个
2020-09-07 18:29:48,495 - 2 - INFO - 页面"武器之王（满屏爆装）"跳转正常,该类元素共20个，当前第3个
2020-09-07 18:29:54,638 - 2 - INFO - 页面"凡人飞仙传（六界纷争）"跳转正常,该类元素共20个，当前第4个
2020-09-07 18:30:00,762 - 2 - INFO - 页面"少年群侠传（送千元充值）"跳转正常,该类元素共20个，当前第5个
2020-09-07 18:30:06,904 - 2 - INFO - 页面"神龙猎手（开局送万抽）"跳转正常,该类元素共20个，当前第6个
2020-09-07 18:30:13,044 - 2 - INFO - 页面"仙灵世界（送海量连抽）"跳转正常,该类元素共20个，当前第7个
2020-09-07 18:30:19,171 - 2 - INFO - 页面"怒火一刀（天天送充值）"跳转正常,该类元素共20个，当前第8个
2020-09-07 18:30:25,324 - 2 - INFO - 页面"女神联盟2（送500充值）"跳转正常,该类元素共20个，当前第9个
2020-09-07 18:30:31,458 - 2 - INFO - 页面"乱戳三国2（送GM特权）"跳转正常,该类元素共20个，当前第10个
2020-09-07 18:30:37,592 - 2 - INFO - 页面"烈火战神（满屏福利）"跳转正常,该类元素共20个，当前第11个
2020-09-07 19:00:50,464 - 2 - INFO - 页面"九曲封神（送海量充值）"跳转正常,该类元素共20个，当前第12个
2020-09-07 19:00:56,609 - 2 - INFO - 页面"不思议地下城（百抽特权）"跳转正常,该类元素共20个，当前第13个
2020-09-07 19:01:02,745 - 2 - INFO - 页面"妖神记（抽动漫周边）"跳转正常,该类元素共20个，当前第14个
2020-09-07 19:01:08,859 - 2 - INFO - 页面"魔龙诀（全屏爆宝）"跳转正常,该类元素共20个，当前第15个
2020-09-07 19:01:14,981 - 2 - INFO - 页面"天天怼三国（送千元充值）"跳转正常,该类元素共20个，当前第16个
2020-09-07 19:01:24,025 - 2 - INFO - 页面"乱世江湖（天天送充值）"跳转正常,该类元素共20个，当前第17个
2020-09-07 19:01:30,147 - 2 - INFO - 页面"传奇盛世（高返定制服）"跳转正常,该类元素共20个，当前第18个
2020-09-07 19:01:36,269 - 2 - INFO - 页面"黑暗与荣耀（送史诗宠物）"跳转正常,该类元素共20个，当前第19个
2020-09-07 19:01:42,389 - 2 - INFO - 页面"剑侠风云（送海量充值）"跳转正常,该类元素共20个，当前第20个
2020-09-07 19:01:50,291 - 2 - INFO - 页面"《乱戳三国2（送GM特权）》创角即送：VIP18、30"跳转正常,该类元素共1个，当前第1个
2020-09-07 19:01:50,519 - basepage - INFO - Click back on current page.
2020-09-07 19:01:56,124 - 2 - INFO - 页面"《九曲封神（送海量充值）》上线就送VIP8，388"跳转正常,该类元素共1个，当前第1个
2020-09-07 19:01:56,639 - basepage - INFO - Click back on current page.
2020-09-07 19:02:02,478 - 2 - INFO - 页面"《武器之王（满屏爆装）》上线送VIP10，50万福利"跳转正常,该类元素共1个，当前第1个
2020-09-07 19:02:02,701 - basepage - INFO - Click back on current page.
2020-09-07 19:02:08,462 - 2 - INFO - 页面"《怒火一刀（天天送充值）》创角送满Vip，6888"跳转正常,该类元素共1个，当前第1个
2020-09-07 19:02:08,927 - basepage - INFO - Click back on current page.
2020-09-07 19:02:15,396 - 2 - ERROR - 页面"《凡人飞仙传（六界纷争）》上线赠送VIP8、元宝"跳转异常,该类元素共1个，当前第1个
2020-09-07 19:02:15,867 - basepage - INFO - Click back on current page.
2020-09-07 19:02:22,158 - 2 - INFO - 页面"【最笨周末活动】8.7 周末活动海量惊喜等你来拿"跳转正常,该类元素共1个，当前第1个
2020-09-07 19:02:22,521 - basepage - INFO - Click back on current page.
2020-09-07 19:02:27,603 - 2 - INFO - 页面"梦幻仙道（送2020充值）"跳转正常,该类元素共12个，当前第1个
2020-09-07 19:02:27,836 - basepage - INFO - Click back on current page.
2020-09-07 19:02:33,760 - 2 - INFO - 页面"仙之道则（GM版）"跳转正常,该类元素共12个，当前第2个
2020-09-07 19:02:34,245 - basepage - INFO - Click back on current page.
2020-09-07 19:02:39,091 - 2 - INFO - 页面"三界奇缘（海量元宝）"跳转正常,该类元素共12个，当前第3个
2020-09-07 19:02:39,333 - basepage - INFO - Click back on current page.
2020-09-07 19:02:44,188 - 2 - INFO - 页面"一恋永恒（送千元充值）"跳转正常,该类元素共12个，当前第4个
2020-09-07 19:02:44,635 - basepage - INFO - Click back on current page.
2020-09-07 19:02:49,455 - 2 - INFO - 页面"御魔传（GM版）"跳转正常,该类元素共12个，当前第5个
2020-09-07 19:02:49,716 - basepage - INFO - Click back on current page.
2020-09-07 19:02:54,114 - 2 - INFO - 页面"天祭（天天爆充值）"跳转正常,该类元素共12个，当前第6个
2020-09-07 19:02:54,620 - basepage - INFO - Click back on current page.
2020-09-07 19:02:59,111 - 2 - INFO - 页面"心动女生（送千元充值）"跳转正常,该类元素共12个，当前第7个
2020-09-07 19:02:59,382 - basepage - INFO - Click back on current page.
2020-09-07 19:03:05,202 - 2 - INFO - 页面"猎妖（送海量充值）"跳转正常,该类元素共12个，当前第8个
2020-09-07 19:03:05,684 - basepage - INFO - Click back on current page.
2020-09-07 19:03:10,297 - 2 - INFO - 页面"问鼎天下（海量送元宝）"跳转正常,该类元素共12个，当前第9个
2020-09-07 19:03:10,655 - basepage - INFO - Click back on current page.
2020-09-07 19:03:15,248 - 2 - INFO - 页面"小白不言弃（送百抽）"跳转正常,该类元素共12个，当前第10个
2020-09-07 19:03:15,664 - basepage - INFO - Click back on current page.
2020-09-07 19:03:20,318 - 2 - INFO - 页面"邪域战灵（送千元充值）"跳转正常,该类元素共12个，当前第11个
2020-09-07 19:03:20,548 - basepage - INFO - Click back on current page.
2020-09-07 19:03:25,180 - 2 - INFO - 页面"蜂之恋（送500充值）"跳转正常,该类元素共12个，当前第12个
2020-09-07 19:03:25,639 - basepage - INFO - Click back on current page.
2020-09-07 19:03:31,602 - 2 - INFO - 页面"魔兽世界怀旧服2020年6月7日人口普查一览"跳转正常,该类元素共2个，当前第1个
2020-09-07 19:03:31,810 - basepage - INFO - Click back on current page.
2020-09-07 19:03:44,354 - 2 - INFO - 页面"DNF萌噬噬宠物属性怎么样？萌噬噬属性介绍"跳转正常,该类元素共2个，当前第2个
2020-09-07 19:03:44,664 - basepage - INFO - Click back on current page.
2020-09-07 19:03:51,358 - 2 - INFO - 页面"高能手办团新手角色用什么好-新手角色选择攻略-最笨下载"跳转正常,该类元素共14个，当前第1个
2020-09-07 19:03:51,901 - basepage - INFO - Click back on current page.
2020-09-07 19:03:58,928 - 2 - INFO - 页面"密室逃脱绝境系列10寻梦大作战第11关怎么过-第11关通关攻略-最笨下载"跳转正常,该类元素共14个，当前第2个
2020-09-07 19:03:59,215 - basepage - INFO - Click back on current page.
2020-09-07 19:04:05,817 - 2 - INFO - 页面"密室逃脱绝境系列10寻梦大作战第1关怎么过-第1关通关攻略-最笨下载"跳转正常,该类元素共14个，当前第3个
2020-09-07 19:04:06,045 - basepage - INFO - Click back on current page.
2020-09-07 19:04:12,623 - 2 - INFO - 页面"密室逃脱绝境系列10寻梦大作战第12关怎么过-第12关通关攻略-最笨下载"跳转正常,该类元素共14个，当前第4个
2020-09-07 19:04:12,988 - basepage - INFO - Click back on current page.
2020-09-07 19:04:20,067 - 2 - INFO - 页面"密室逃脱绝境系列10寻梦大作战第13关怎么过-第13关通关攻略-最笨下载"跳转正常,该类元素共14个，当前第5个
2020-09-07 19:04:20,295 - basepage - INFO - Click back on current page.
2020-09-07 19:04:26,924 - 2 - INFO - 页面"密室逃脱绝境系列10寻梦大作战第14关怎么过-第14关通关攻略-最笨下载"跳转正常,该类元素共14个，当前第6个
2020-09-07 19:04:27,312 - basepage - INFO - Click back on current page.
2020-09-07 19:04:33,873 - 2 - INFO - 页面"密室逃脱绝境系列10寻梦大作战第15关怎么过-第15关通关攻略-最笨下载"跳转正常,该类元素共14个，当前第7个
2020-09-07 19:04:34,095 - basepage - INFO - Click back on current page.
2020-09-07 19:04:40,969 - 2 - INFO - 页面"密室逃脱绝境系列10寻梦大作战第16关怎么过-第16关通关攻略-最笨下载"跳转正常,该类元素共14个，当前第8个
2020-09-07 19:04:41,177 - basepage - INFO - Click back on current page.
2020-09-07 19:04:47,745 - 2 - INFO - 页面"密室逃脱绝境系列10寻梦大作战第17关怎么过-第17关通关攻略-最笨下载"跳转正常,该类元素共14个，当前第9个
2020-09-07 19:04:48,090 - basepage - INFO - Click back on current page.
2020-09-07 19:04:54,784 - 2 - INFO - 页面"密室逃脱绝境系列10寻梦大作战第18关怎么过-第18关通关攻略-最笨下载"跳转正常,该类元素共14个，当前第10个
2020-09-07 19:04:55,011 - basepage - INFO - Click back on current page.
2020-09-07 19:05:02,133 - 2 - INFO - 页面"密室逃脱绝境系列10寻梦大作战第19关怎么过-第19关通关攻略-最笨下载"跳转正常,该类元素共14个，当前第11个
2020-09-07 19:05:02,540 - basepage - INFO - Click back on current page.
2020-09-07 19:05:16,531 - 2 - INFO - 页面"密室逃脱绝境系列10寻梦大作战第10关怎么过-第10关通关攻略-最笨下载"跳转正常,该类元素共14个，当前第12个
2020-09-07 19:05:16,891 - basepage - INFO - Click back on current page.
2020-09-07 19:05:24,098 - 2 - INFO - 页面"密室逃脱绝境系列10寻梦大作战第9关怎么过-第9关通关攻略-最笨下载"跳转正常,该类元素共14个，当前第13个
2020-09-07 19:05:24,328 - basepage - INFO - Click back on current page.
2020-09-07 19:05:31,420 - 2 - INFO - 页面"密室逃脱绝境系列10寻梦大作战第8关怎么过-第8关通关攻略-最笨下载"跳转正常,该类元素共14个，当前第14个
2020-09-07 19:05:31,646 - basepage - INFO - Click back on current page.
2020-09-07 19:05:40,158 - 2 - INFO - 页面"崩坏3断罪影舞圣痕用什么好-断罪影舞圣痕推荐攻"跳转正常,该类元素共2个，当前第1个
2020-09-07 19:05:40,529 - basepage - INFO - Click back on current page.
2020-09-07 19:05:47,828 - 2 - INFO - 页面"我的生存破解版无限血无限钻石下载-我的生存破"跳转正常,该类元素共2个，当前第2个
2020-09-07 19:05:48,059 - basepage - INFO - Click back on current page.
2020-09-07 19:05:54,776 - 2 - INFO - 页面"满vip版手游_手游sf送顶级vip_满级vip无限元宝手游下载-最笨下载"跳转正常,该类元素共28个，当前第1个
2020-09-07 19:05:55,010 - basepage - INFO - Click back on current page.
2020-09-07 19:06:01,663 - 2 - INFO - 页面"魔侠传（开服送2000充）_魔侠传（开服送2000充）无限元宝服_SF变态版魔侠传（开服送2000充）公益服下载 - 最笨下载"跳转正常,该类元素共28个，当前第2个
2020-09-07 19:06:02,119 - basepage - INFO - Click back on current page.
2020-09-07 19:06:08,566 - 2 - INFO - 页面"满vip版手游_手游sf送顶级vip_满级vip无限元宝手游下载-最笨下载"跳转正常,该类元素共28个，当前第3个
2020-09-07 19:06:08,795 - basepage - INFO - Click back on current page.
2020-09-07 19:06:15,800 - 2 - INFO - 页面"仙风道骨（送GM海量充）_仙风道骨（送GM海量充）无限元宝服_SF变态版仙风道骨（送GM海量充）公益服下载 - 最笨下载"跳转正常,该类元素共28个，当前第4个
2020-09-07 19:06:16,194 - basepage - INFO - Click back on current page.
2020-09-07 19:06:23,052 - 2 - INFO - 页面"变态手游公益服_bt手游变态服_无限元宝bt手游下载_BT手游中心-最笨下载"跳转正常,该类元素共28个，当前第5个
2020-09-07 19:06:23,285 - basepage - INFO - Click back on current page.
2020-09-07 19:06:29,865 - 2 - INFO - 页面"武器之王（满屏爆装）_武器之王（满屏爆装）无限元宝服_SF变态版武器之王（满屏爆装）公益服下载 - 最笨下载"跳转正常,该类元素共28个，当前第6个
2020-09-07 19:06:30,141 - basepage - INFO - Click back on current page.
2020-09-07 19:06:36,609 - 2 - INFO - 页面"变态手游公益服_bt手游变态服_无限元宝bt手游下载_BT手游中心-最笨下载"跳转正常,该类元素共28个，当前第7个
2020-09-07 19:06:37,049 - basepage - INFO - Click back on current page.
2020-09-07 19:06:43,925 - 2 - INFO - 页面"凡人飞仙传（六界纷争）_凡人飞仙传（六界纷争）无限元宝服_SF变态版凡人飞仙传（六界纷争）公益服下载 - 最笨下载"跳转正常,该类元素共28个，当前第8个
2020-09-07 19:06:44,175 - basepage - INFO - Click back on current page.
2020-09-07 19:06:50,659 - 2 - INFO - 页面"变态手游公益服_bt手游变态服_无限元宝bt手游下载_BT手游中心-最笨下载"跳转正常,该类元素共28个，当前第9个
2020-09-07 19:06:51,036 - basepage - INFO - Click back on current page.
2020-09-07 19:06:57,616 - 2 - INFO - 页面"少年群侠传（送千元充值）_少年群侠传（送千元充值）无限元宝服_SF变态版少年群侠传（送千元充值）公益服下载 - 最笨下载"跳转正常,该类元素共28个，当前第10个
2020-09-07 19:06:57,906 - basepage - INFO - Click back on current page.
2020-09-07 19:07:04,377 - 2 - INFO - 页面"变态手游公益服_bt手游变态服_无限元宝bt手游下载_BT手游中心-最笨下载"跳转正常,该类元素共28个，当前第11个
2020-09-07 19:07:04,739 - basepage - INFO - Click back on current page.
2020-09-07 19:07:11,283 - 2 - INFO - 页面"神龙猎手（开局送万抽）_神龙猎手（开局送万抽）无限元宝服_SF变态版神龙猎手（开局送万抽）公益服下载 - 最笨下载"跳转正常,该类元素共28个，当前第12个
2020-09-07 19:07:11,507 - basepage - INFO - Click back on current page.
2020-09-07 19:07:17,961 - 2 - INFO - 页面"满vip版手游_手游sf送顶级vip_满级vip无限元宝手游下载-最笨下载"跳转正常,该类元素共28个，当前第13个
2020-09-07 19:07:18,444 - basepage - INFO - Click back on current page.
2020-09-07 19:07:25,217 - 2 - INFO - 页面"仙灵世界（送海量连抽）_仙灵世界（送海量连抽）无限元宝服_SF变态版仙灵世界（送海量连抽）公益服下载 - 最笨下载"跳转正常,该类元素共28个，当前第14个
2020-09-07 19:07:25,439 - basepage - INFO - Click back on current page.
2020-09-07 19:07:31,868 - 2 - INFO - 页面"变态手游公益服_bt手游变态服_无限元宝bt手游下载_BT手游中心-最笨下载"跳转正常,该类元素共28个，当前第15个
2020-09-07 19:07:32,211 - basepage - INFO - Click back on current page.
2020-09-07 19:07:38,786 - 2 - INFO - 页面"怒火一刀（天天送充值）_怒火一刀（天天送充值）无限元宝服_SF变态版怒火一刀（天天送充值）公益服下载 - 最笨下载"跳转正常,该类元素共28个，当前第16个
2020-09-07 19:07:39,055 - basepage - INFO - Click back on current page.
2020-09-07 19:07:45,556 - 2 - INFO - 页面"满vip版手游_手游sf送顶级vip_满级vip无限元宝手游下载-最笨下载"跳转正常,该类元素共28个，当前第17个
2020-09-07 19:07:45,899 - basepage - INFO - Click back on current page.
2020-09-07 19:07:52,844 - 2 - INFO - 页面"女神联盟2（送500充值）_女神联盟2（送500充值）无限元宝服_SF变态版女神联盟2（送500充值）公益服下载 - 最笨下载"跳转正常,该类元素共28个，当前第18个
2020-09-07 19:07:53,070 - basepage - INFO - Click back on current page.
2020-09-07 19:07:59,557 - 2 - INFO - 页面"满vip版手游_手游sf送顶级vip_满级vip无限元宝手游下载-最笨下载"跳转正常,该类元素共28个，当前第19个
2020-09-07 19:07:59,915 - basepage - INFO - Click back on current page.
2020-09-07 19:08:06,482 - 2 - INFO - 页面"乱戳三国2（送GM特权）_乱戳三国2（送GM特权）无限元宝服_SF变态版乱戳三国2（送GM特权）公益服下载 - 最笨下载"跳转正常,该类元素共28个，当前第20个
2020-09-07 19:08:06,720 - basepage - INFO - Click back on current page.
2020-09-07 19:08:13,191 - 2 - INFO - 页面"满vip版手游_手游sf送顶级vip_满级vip无限元宝手游下载-最笨下载"跳转正常,该类元素共28个，当前第21个
2020-09-07 19:08:13,537 - basepage - INFO - Click back on current page.
2020-09-07 19:08:20,122 - 2 - INFO - 页面"烈火战神（满屏福利）_烈火战神（满屏福利）无限元宝服_SF变态版烈火战神（满屏福利）公益服下载 - 最笨下载"跳转正常,该类元素共28个，当前第22个
2020-09-07 19:08:20,354 - basepage - INFO - Click back on current page.
2020-09-07 19:08:26,824 - 2 - INFO - 页面"变态手游公益服_bt手游变态服_无限元宝bt手游下载_BT手游中心-最笨下载"跳转正常,该类元素共28个，当前第23个
2020-09-07 19:08:27,204 - basepage - INFO - Click back on current page.
2020-09-07 19:08:33,753 - 2 - INFO - 页面"九曲封神（送海量充值）_九曲封神（送海量充值）无限元宝服_SF变态版九曲封神（送海量充值）公益服下载 - 最笨下载"跳转正常,该类元素共28个，当前第24个
2020-09-07 19:08:33,986 - basepage - INFO - Click back on current page.
2020-09-07 19:08:40,452 - 2 - INFO - 页面"变态手游公益服_bt手游变态服_无限元宝bt手游下载_BT手游中心-最笨下载"跳转正常,该类元素共28个，当前第25个
2020-09-07 19:08:40,815 - basepage - INFO - Click back on current page.
2020-09-07 19:08:47,358 - 2 - INFO - 页面"不思议地下城（百抽特权）_不思议地下城（百抽特权）无限元宝服_SF变态版不思议地下城（百抽特权）公益服下载 - 最笨下载"跳转正常,该类元素共28个，当前第26个
2020-09-07 19:08:47,619 - basepage - INFO - Click back on current page.
2020-09-07 19:08:54,091 - 2 - INFO - 页面"变态手游公益服_bt手游变态服_无限元宝bt手游下载_BT手游中心-最笨下载"跳转正常,该类元素共28个，当前第27个
2020-09-07 19:08:54,429 - basepage - INFO - Click back on current page.
2020-09-07 19:09:00,984 - 2 - INFO - 页面"妖神记（抽动漫周边）_妖神记（抽动漫周边）无限元宝服_SF变态版妖神记（抽动漫周边）公益服下载 - 最笨下载"跳转正常,该类元素共28个，当前第28个
2020-09-07 19:09:01,219 - basepage - INFO - Click back on current page.
2020-09-07 19:09:09,823 - 2 - INFO - 页面"明日之后悬赏狩猎极限模式怎么玩-悬赏狩猎极限"跳转正常,该类元素共2个，当前第1个
2020-09-07 19:09:10,263 - basepage - INFO - Click back on current page.
2020-09-07 19:09:17,550 - 2 - INFO - 页面"恋爱话术会员破解版免费下载-恋爱话术库VIP会员"跳转正常,该类元素共2个，当前第2个
2020-09-07 19:09:17,799 - basepage - INFO - Click back on current page.
2020-09-07 19:09:24,506 - 2 - INFO - 页面"【安卓娱乐软件】安卓娱乐软件下载_安卓娱乐软件推荐_安卓娱乐软件大全-最笨下载"跳转正常,该类元素共28个，当前第1个
2020-09-07 19:09:24,725 - basepage - INFO - Click back on current page.
2020-09-07 19:09:32,012 - 2 - INFO - 页面"最笨游戏盒子_最笨游戏盒子下载_最笨游戏盒子官方下载-最笨下载"跳转正常,该类元素共28个，当前第2个
2020-09-07 19:09:32,482 - basepage - INFO - Click back on current page.
2020-09-07 19:09:39,189 - 2 - INFO - 页面"【安卓聊天软件】安卓聊天软件下载_安卓聊天软件排行_安卓聊天软件大全-最笨下载"跳转正常,该类元素共28个，当前第3个
2020-09-07 19:09:39,415 - basepage - INFO - Click back on current page.
2020-09-07 19:09:46,667 - 2 - INFO - 页面"回复神器_回复神器下载_回复神器官方下载-最笨下载"跳转正常,该类元素共28个，当前第4个
2020-09-07 19:09:46,878 - basepage - INFO - Click back on current page.
2020-09-07 19:09:54,136 - 2 - INFO - 页面"【安卓应用软件】安卓应用软件排行_好玩的安卓应用软件_好用的安卓应用软件-最笨下载"跳转正常,该类元素共28个，当前第5个
2020-09-07 19:09:54,634 - basepage - INFO - Click back on current page.
2020-09-07 19:10:01,841 - 2 - INFO - 页面"破解游戏盒子_破解游戏盒子安卓版下载-最笨安卓软件下载"跳转正常,该类元素共28个，当前第6个
2020-09-07 19:10:02,150 - basepage - INFO - Click back on current page.
2020-09-07 19:10:08,630 - 2 - INFO - 页面"【安卓聊天软件】安卓聊天软件下载_安卓聊天软件排行_安卓聊天软件大全-最笨下载"跳转正常,该类元素共28个，当前第7个
2020-09-07 19:10:09,016 - basepage - INFO - Click back on current page.
2020-09-07 19:10:15,997 - 2 - INFO - 页面"撩吧_撩吧下载_撩吧官方下载-最笨下载"跳转正常,该类元素共28个，当前第8个
2020-09-07 19:10:16,406 - basepage - INFO - Click back on current page.
2020-09-07 19:10:22,899 - 2 - INFO - 页面"【安卓聊天软件】安卓聊天软件下载_安卓聊天软件排行_安卓聊天软件大全-最笨下载"跳转正常,该类元素共28个，当前第9个
2020-09-07 19:10:23,131 - basepage - INFO - Click back on current page.
2020-09-07 19:10:30,136 - 2 - INFO - 页面"蜜小助_蜜小助下载_蜜小助官方下载-最笨下载"跳转正常,该类元素共28个，当前第10个
2020-09-07 19:10:30,449 - basepage - INFO - Click back on current page.
2020-09-07 19:10:37,002 - 2 - INFO - 页面"【安卓娱乐软件】安卓娱乐软件下载_安卓娱乐软件推荐_安卓娱乐软件大全-最笨下载"跳转正常,该类元素共28个，当前第11个
2020-09-07 19:10:37,385 - basepage - INFO - Click back on current page.
2020-09-07 19:10:44,066 - 2 - INFO - 页面"3733游戏盒子_3733游戏盒子下载_3733游戏盒子官方下载-最笨下载"跳转正常,该类元素共28个，当前第12个
2020-09-07 19:10:44,297 - basepage - INFO - Click back on current page.
2020-09-07 19:10:50,820 - 2 - INFO - 页面"【安卓聊天软件】安卓聊天软件下载_安卓聊天软件排行_安卓聊天软件大全-最笨下载"跳转正常,该类元素共28个，当前第13个
2020-09-07 19:10:51,082 - basepage - INFO - Click back on current page.
2020-09-07 19:10:58,121 - 2 - INFO - 页面"土味情话_土味情话下载_土味情话官方下载-最笨下载"跳转正常,该类元素共28个，当前第14个
2020-09-07 19:10:58,468 - basepage - INFO - Click back on current page.
2020-09-07 19:11:04,943 - 2 - INFO - 页面"【安卓聊天软件】安卓聊天软件下载_安卓聊天软件排行_安卓聊天软件大全-最笨下载"跳转正常,该类元素共28个，当前第15个
2020-09-07 19:11:05,152 - basepage - INFO - Click back on current page.
2020-09-07 19:11:12,734 - 2 - INFO - 页面"恋爱话术_恋爱话术下载_恋爱话术官方下载-最笨下载"跳转正常,该类元素共28个，当前第16个
2020-09-07 19:11:12,964 - basepage - INFO - Click back on current page.
2020-09-07 19:11:19,709 - 2 - INFO - 页面"【安卓阅读软件】安卓阅读软件下载_安卓阅读软件哪个好_安卓阅读软件排行-最笨下载"跳转正常,该类元素共28个，当前第17个
2020-09-07 19:11:20,155 - basepage - INFO - Click back on current page.
2020-09-07 19:11:26,838 - 2 - INFO - 页面"吾爱看书_吾爱看书下载_吾爱看书官方下载-最笨下载"跳转正常,该类元素共28个，当前第18个
2020-09-07 19:11:27,042 - basepage - INFO - Click back on current page.
2020-09-07 19:11:33,517 - 2 - INFO - 页面"【安卓娱乐软件】安卓娱乐软件下载_安卓娱乐软件推荐_安卓娱乐软件大全-最笨下载"跳转正常,该类元素共28个，当前第19个
2020-09-07 19:11:33,718 - basepage - INFO - Click back on current page.
2020-09-07 19:11:40,893 - 2 - INFO - 页面"gm游戏盒_gm游戏盒下载_gm游戏盒官方下载-最笨下载"跳转正常,该类元素共28个，当前第20个
2020-09-07 19:11:41,278 - basepage - INFO - Click back on current page.
2020-09-07 19:11:47,738 - 2 - INFO - 页面"【安卓聊天软件】安卓聊天软件下载_安卓聊天软件排行_安卓聊天软件大全-最笨下载"跳转正常,该类元素共28个，当前第21个
2020-09-07 19:11:47,963 - basepage - INFO - Click back on current page.
2020-09-07 19:11:54,694 - 2 - INFO - 页面"恋爱话术库_恋爱话术库下载_恋爱话术库官方下载-最笨下载"跳转正常,该类元素共28个，当前第22个
2020-09-07 19:11:54,927 - basepage - INFO - Click back on current page.
2020-09-07 19:12:01,393 - 2 - INFO - 页面"【安卓聊天软件】安卓聊天软件下载_安卓聊天软件排行_安卓聊天软件大全-最笨下载"跳转正常,该类元素共28个，当前第23个
2020-09-07 19:12:01,840 - basepage - INFO - Click back on current page.
2020-09-07 19:12:09,156 - 2 - INFO - 页面"遇知音_遇知音下载_遇知音官方下载-最笨下载"跳转正常,该类元素共28个，当前第24个
2020-09-07 19:12:09,394 - basepage - INFO - Click back on current page.
2020-09-07 19:12:15,881 - 2 - INFO - 页面"【安卓聊天软件】安卓聊天软件下载_安卓聊天软件排行_安卓聊天软件大全-最笨下载"跳转正常,该类元素共28个，当前第25个
2020-09-07 19:12:16,242 - basepage - INFO - Click back on current page.
2020-09-07 19:12:23,288 - 2 - INFO - 页面"脱单大师_脱单大师下载_脱单大师官方下载-最笨下载"跳转正常,该类元素共28个，当前第26个
2020-09-07 19:12:23,525 - basepage - INFO - Click back on current page.
2020-09-07 19:12:30,008 - 2 - INFO - 页面"【安卓聊天软件】安卓聊天软件下载_安卓聊天软件排行_安卓聊天软件大全-最笨下载"跳转正常,该类元素共28个，当前第27个
2020-09-07 19:12:30,691 - basepage - INFO - Click back on current page.
2020-09-07 19:12:38,326 - 2 - INFO - 页面"爱情套路_爱情套路下载_爱情套路官方下载-最笨下载"跳转正常,该类元素共28个，当前第28个
2020-09-07 19:12:38,561 - basepage - INFO - Click back on current page.
2020-09-07 19:12:48,997 - 2 - INFO - 页面"【安卓播放器】安卓播放器下载_安卓播放器哪个最好_安卓播放器下载排行-最笨下载"跳转正常,该类元素共19个，当前第1个
2020-09-07 19:12:49,309 - basepage - INFO - Click back on current page.
2020-09-07 19:12:56,405 - 2 - INFO - 页面"【安卓学习软件】安卓学习软件下载_安卓学习软件免费下载_安卓学习软件大全-最笨下载"跳转正常,该类元素共19个，当前第2个
2020-09-07 19:12:56,904 - basepage - INFO - Click back on current page.
2020-09-07 19:13:04,178 - 2 - INFO - 页面"【安卓辅助软件】安卓辅助软件下载_安卓辅助软件推荐_安卓辅助软件大全-最笨下载"跳转正常,该类元素共19个，当前第3个
2020-09-07 19:13:04,457 - basepage - INFO - Click back on current page.
2020-09-07 19:13:11,570 - 2 - INFO - 页面"【安卓输入法】安卓输入法下载_安卓输入法哪个好_安卓输入法怎么用-最笨下载"跳转正常,该类元素共19个，当前第4个
2020-09-07 19:13:11,841 - basepage - INFO - Click back on current page.
2020-09-07 19:13:19,428 - 2 - INFO - 页面"【安卓通信软件】安卓通信软件下载_安卓通信软件推荐_安卓通信软件大全-最笨下载"跳转正常,该类元素共19个，当前第5个
2020-09-07 19:13:20,578 - basepage - INFO - Click back on current page.
2020-09-07 19:13:27,674 - 2 - INFO - 页面"【安卓固件】安卓固件下载_安卓固件包下载_安卓固件管理器-最笨下载"跳转正常,该类元素共19个，当前第6个
2020-09-07 19:13:28,166 - basepage - INFO - Click back on current page.
2020-09-07 19:13:35,617 - 2 - INFO - 页面"【安卓文件管理器】安卓文件管理器下载_安卓文件管理器哪个好_安卓文件管理器中文版-最笨下载"跳转正常,该类元素共19个，当前第7个
2020-09-07 19:13:35,841 - basepage - INFO - Click back on current page.
2020-09-07 19:13:42,981 - 2 - INFO - 页面"【安卓同步软件】安卓同步软件下载_安卓同步软件哪个好_安卓手机同步软件-最笨下载"跳转正常,该类元素共19个，当前第8个
2020-09-07 19:13:43,501 - basepage - INFO - Click back on current page.
2020-09-07 19:13:50,879 - 2 - INFO - 页面"【安卓办公软件】安卓办公软件下载_安卓办公软件哪个好_安卓办公软件哪种最好-最笨下载"跳转正常,该类元素共19个，当前第9个
2020-09-07 19:13:51,147 - basepage - INFO - Click back on current page.
2020-09-07 19:13:58,401 - 2 - INFO - 页面"【安卓理财软件】安卓理财软件下载_安卓理财软件哪个好_安卓理财软件大全-最笨下载"跳转正常,该类元素共19个，当前第10个
2020-09-07 19:13:58,672 - basepage - INFO - Click back on current page.
2020-09-07 19:14:05,830 - 2 - INFO - 页面"【安卓备份软件】安卓备份软件下载_安卓备份软件哪个好_安卓手机备份软件-最笨下载"跳转正常,该类元素共19个，当前第11个
2020-09-07 19:14:06,178 - basepage - INFO - Click back on current page.
2020-09-07 19:14:13,444 - 2 - INFO - 页面"【安卓跑步软件】安卓跑步软件下载_安卓跑步软件哪个好_安卓跑步软件大全-最笨下载"跳转正常,该类元素共19个，当前第12个
2020-09-07 19:14:13,673 - basepage - INFO - Click back on current page.
2020-09-07 19:14:20,868 - 2 - INFO - 页面"【安卓健康管理软件】安卓健康管理软件下载_安卓健康管理软件推荐_安卓健康管理软件大全-最笨下载"跳转正常,该类元素共19个，当前第13个
2020-09-07 19:14:21,139 - basepage - INFO - Click back on current page.
2020-09-07 19:14:28,218 - 2 - INFO - 页面"【安卓系统软件】安卓系统软件下载_安卓系统软件免费下载_安卓系统软件下载工具-最笨下载"跳转正常,该类元素共19个，当前第14个
2020-09-07 19:14:28,610 - basepage - INFO - Click back on current page.
2020-09-07 19:14:35,096 - 2 - INFO - 页面"【安卓聊天软件】安卓聊天软件下载_安卓聊天软件排行_安卓聊天软件大全-最笨下载"跳转正常,该类元素共19个，当前第15个
2020-09-07 19:14:35,340 - basepage - INFO - Click back on current page.
2020-09-07 19:14:41,821 - 2 - INFO - 页面"【安卓应用软件】安卓应用软件排行_好玩的安卓应用软件_好用的安卓应用软件-最笨下载"跳转正常,该类元素共19个，当前第16个
2020-09-07 19:14:42,106 - basepage - INFO - Click back on current page.
2020-09-07 19:14:48,556 - 2 - INFO - 页面"【安卓娱乐软件】安卓娱乐软件下载_安卓娱乐软件推荐_安卓娱乐软件大全-最笨下载"跳转正常,该类元素共19个，当前第17个
2020-09-07 19:14:49,029 - basepage - INFO - Click back on current page.
2020-09-07 19:14:56,430 - 2 - INFO - 页面"【安卓导航软件】安卓导航软件下载_安卓导航软件哪个好_安卓导航软件排名-最笨下载"跳转正常,该类元素共19个，当前第18个
2020-09-07 19:14:56,704 - basepage - INFO - Click back on current page.
2020-09-07 19:15:03,914 - 2 - INFO - 页面"【安卓网络软件】安卓网络软件下载_安卓网络软件推荐_安卓网络软件大全-最笨下载"跳转正常,该类元素共19个，当前第19个
2020-09-07 19:15:04,279 - basepage - INFO - Click back on current page.
2020-09-07 19:15:12,641 - 2 - INFO - 页面"3733手游游戏平台_3733手游游戏平台下载_3733手游游戏平台官方下载-最笨下载"跳转正常,该类元素共18个，当前第1个
2020-09-07 19:15:18,796 - 2 - INFO - 页面"土味情话撩妹软件_土味情话撩妹软件下载_土味情话撩妹软件官方下载-最笨下载"跳转正常,该类元素共18个，当前第2个
2020-09-07 19:15:24,936 - 2 - INFO - 页面"土味情话破解版_土味情话破解版下载_土味情话破解版官方下载-最笨下载"跳转正常,该类元素共18个，当前第3个
2020-09-07 19:15:31,090 - 2 - INFO - 页面"土味情话回答软件_土味情话回答软件下载_土味情话回答软件官方下载-最笨下载"跳转正常,该类元素共18个，当前第4个
2020-09-07 19:15:37,250 - 2 - INFO - 页面"土味情话免费版_土味情话免费版下载_土味情话免费版官方下载-最笨下载"跳转正常,该类元素共18个，当前第5个
2020-09-07 19:15:43,406 - 2 - INFO - 页面"套路大全免费版_套路大全免费版下载_套路大全免费版官方下载-最笨下载"跳转正常,该类元素共18个，当前第6个
2020-09-07 19:15:49,524 - 2 - INFO - 页面"套路大全手机版_套路大全手机版下载_套路大全手机版官方下载-最笨下载"跳转正常,该类元素共18个，当前第7个
2020-09-07 19:15:55,660 - 2 - INFO - 页面"套路大全_套路大全下载_套路大全官方下载-最笨下载"跳转正常,该类元素共18个，当前第8个
2020-09-07 19:16:01,773 - 2 - INFO - 页面"回答神器_回答神器下载_回答神器官方下载-最笨下载"跳转正常,该类元素共18个，当前第9个
2020-09-07 19:16:07,933 - 2 - INFO - 页面"破解游戏盒子_破解游戏盒子安卓版下载-最笨安卓软件下载"跳转正常,该类元素共18个，当前第10个
2020-09-07 19:16:14,085 - 2 - INFO - 页面"最笨游戏盒_最笨游戏盒下载_最笨游戏盒官方下载-最笨下载"跳转正常,该类元素共18个，当前第11个
2020-09-07 19:16:20,229 - 2 - INFO - 页面"安致手游游戏平台_安致手游游戏平台下载_安致手游游戏平台官方下载-最笨下载"跳转正常,该类元素共18个，当前第12个
2020-09-07 19:16:26,366 - 2 - INFO - 页面"蜜小助会员破解版_蜜小助会员破解版下载_蜜小助会员破解版官方下载-最笨下载"跳转正常,该类元素共18个，当前第13个
2020-09-07 19:16:32,505 - 2 - INFO - 页面"蜜小助vip破解版_蜜小助vip破解版下载_蜜小助vip破解版官方下载-最笨下载"跳转正常,该类元素共18个，当前第14个
2020-09-07 19:16:38,641 - 2 - INFO - 页面"蜜小助内购版_蜜小助内购版下载_蜜小助内购版官方下载-最笨下载"跳转正常,该类元素共18个，当前第15个
2020-09-07 19:16:44,775 - 2 - INFO - 页面"聊天套路安卓版_聊天套路安卓版下载_聊天套路安卓版官方下载-最笨下载"跳转正常,该类元素共18个，当前第16个
2020-09-07 19:16:50,917 - 2 - INFO - 页面"聊天套路破解版_聊天套路破解版下载_聊天套路破解版官方下载-最笨下载"跳转正常,该类元素共18个，当前第17个
2020-09-07 19:16:57,059 - 2 - INFO - 页面"聊天套路软件_聊天套路软件下载_聊天套路软件官方下载-最笨下载"跳转正常,该类元素共18个，当前第18个
2020-09-07 19:17:03,451 - 2 - INFO - 页面"【安卓益智游戏】好玩的安卓益智游戏大全_安卓益智类游戏_益智游戏下载-最笨下载"跳转正常,该类元素共17个，当前第1个
2020-09-07 19:17:03,682 - basepage - INFO - Click back on current page.
2020-09-07 19:17:11,001 - 2 - INFO - 页面"【安卓其他游戏】好玩的安卓其他游戏大全_安卓其他类游戏_其他游戏下载-最笨下载"跳转正常,该类元素共17个，当前第2个
2020-09-07 19:17:11,379 - basepage - INFO - Click back on current page.
2020-09-07 19:17:18,667 - 2 - INFO - 页面"【安卓音乐游戏】好玩的安卓音乐游戏大全_安卓音乐类游戏_音乐游戏下载-最笨下载"跳转正常,该类元素共17个，当前第3个
2020-09-07 19:17:18,930 - basepage - INFO - Click back on current page.
2020-09-07 19:17:26,266 - 2 - INFO - 页面"【安卓网络游戏】好玩的安卓网络游戏大全_安卓网络类游戏_网络游戏下载-最笨下载"跳转正常,该类元素共17个，当前第4个
2020-09-07 19:17:26,499 - basepage - INFO - Click back on current page.
2020-09-07 19:17:33,991 - 2 - INFO - 页面"【安卓格斗游戏】好玩的安卓格斗游戏大全_安卓格斗类游戏_格斗游戏下载-最笨下载"跳转正常,该类元素共17个，当前第5个
2020-09-07 19:17:34,497 - basepage - INFO - Click back on current page.
2020-09-07 19:17:41,363 - 2 - INFO - 页面"【安卓飞行游戏】好玩的安卓飞行游戏大全_安卓飞行类游戏_飞行游戏下载-最笨下载"跳转正常,该类元素共17个，当前第6个
2020-09-07 19:17:41,633 - basepage - INFO - Click back on current page.
2020-09-07 19:17:49,000 - 2 - INFO - 页面"【安卓体育运动游戏】好玩的安卓体育运动游戏大全_安卓体育运动类游戏_体育运动游戏下载-最笨下载"跳转正常,该类元素共17个，当前第7个
2020-09-07 19:17:49,263 - basepage - INFO - Click back on current page.
2020-09-07 19:17:56,064 - 2 - INFO - 页面"【安卓模拟经营游戏】好玩的安卓模拟经营游戏大全_安卓模拟经营类游戏_模拟经营游戏下载-最笨下载"跳转正常,该类元素共17个，当前第8个
2020-09-07 19:17:56,376 - basepage - INFO - Click back on current page.
2020-09-07 19:18:03,148 - 2 - INFO - 页面"【安卓策略游戏】好玩的安卓策略游戏大全_安卓策略类游戏_策略游戏下载-最笨下载"跳转正常,该类元素共17个，当前第9个
2020-09-07 19:18:03,417 - basepage - INFO - Click back on current page.
2020-09-07 19:18:10,634 - 2 - INFO - 页面"【安卓塔防游戏】好玩的安卓塔防游戏大全_安卓塔防类游戏_塔防游戏下载-最笨下载"跳转正常,该类元素共17个，当前第10个
2020-09-07 19:18:10,913 - basepage - INFO - Click back on current page.
2020-09-07 19:18:18,306 - 2 - INFO - 页面"【安卓解谜冒险游戏】好玩的安卓解谜冒险游戏大全_安卓解谜冒险类游戏_解谜冒险游戏下载-最笨下载"跳转正常,该类元素共17个，当前第11个
2020-09-07 19:18:18,765 - basepage - INFO - Click back on current page.
2020-09-07 19:18:25,758 - 2 - INFO - 页面"【安卓射击游戏】好玩的安卓射击游戏大全_安卓射击类游戏_射击游戏下载-最笨下载"跳转正常,该类元素共17个，当前第12个
2020-09-07 19:18:25,997 - basepage - INFO - Click back on current page.
2020-09-07 19:18:33,369 - 2 - INFO - 页面"【安卓棋牌游戏】好玩的安卓棋牌游戏大全_安卓棋牌类游戏_棋牌游戏下载-最笨下载"跳转正常,该类元素共17个，当前第13个
2020-09-07 19:18:33,628 - basepage - INFO - Click back on current page.
2020-09-07 19:18:40,900 - 2 - INFO - 页面"【安卓赛车游戏】好玩的安卓赛车游戏大全_安卓赛车类游戏_赛车游戏下载-最笨下载"跳转正常,该类元素共17个，当前第14个
2020-09-07 19:18:41,404 - basepage - INFO - Click back on current page.
2020-09-07 19:18:48,137 - 2 - INFO - 页面"【安卓角色扮演游戏】好玩的安卓角色扮演游戏大全_安卓角色扮演类游戏_角色扮演游戏下载-最笨下载"跳转正常,该类元素共17个，当前第15个
2020-09-07 19:18:48,363 - basepage - INFO - Click back on current page.
2020-09-07 19:18:55,909 - 2 - INFO - 页面"【安卓动作游戏】好玩的安卓动作游戏大全_安卓动作类游戏_动作游戏下载-最笨下载"跳转正常,该类元素共17个，当前第16个
2020-09-07 19:18:56,147 - basepage - INFO - Click back on current page.
2020-09-07 19:19:02,806 - 2 - INFO - 页面"【安卓休闲游戏】好玩的安卓休闲游戏大全_安卓休闲类游戏_休闲游戏下载-最笨下载"跳转正常,该类元素共17个，当前第17个
2020-09-07 19:19:03,273 - basepage - INFO - Click back on current page.
2020-09-07 19:19:11,652 - 2 - INFO - 页面"阴阳师_阴阳师下载_阴阳师官方下载-最笨下载"跳转正常,该类元素共18个，当前第1个
2020-09-07 19:19:17,783 - 2 - INFO - 页面"王者荣耀_王者荣耀安卓版下载-最笨安卓游戏下载"跳转正常,该类元素共18个，当前第2个
2020-09-07 19:19:23,922 - 2 - INFO - 页面"炼金国度（送1000元充值）ios版_炼金国度（送1000元充值）ios版下载_炼金国度（送1000元充值）ios版官方下载-最笨下载"跳转正常,该类元素共18个，当前第3个
2020-09-07 19:19:30,060 - 2 - INFO - 页面"国贼顾挽之_国贼顾挽之下载_国贼顾挽之官方下载-最笨下载"跳转正常,该类元素共18个，当前第4个
2020-09-07 19:19:36,191 - 2 - INFO - 页面"大秦黎明_大秦黎明下载_大秦黎明官方下载-最笨下载"跳转正常,该类元素共18个，当前第5个
2020-09-07 19:19:42,333 - 2 - INFO - 页面"怒焰三国杀手游_怒焰三国杀手游下载_怒焰三国杀手游官方下载-最笨下载"跳转正常,该类元素共18个，当前第6个
2020-09-07 19:19:48,457 - 2 - INFO - 页面"末日围城_末日围城下载_末日围城官方下载-最笨下载"跳转正常,该类元素共18个，当前第7个
2020-09-07 19:19:54,589 - 2 - INFO - 页面"天将雄师九游版_天将雄师九游版下载_天将雄师九游版官方下载-最笨下载"跳转正常,该类元素共18个，当前第8个
2020-09-07 19:20:00,715 - 2 - INFO - 页面"诸王黎明_诸王黎明下载_诸王黎明官方下载-最笨下载"跳转正常,该类元素共18个，当前第9个
2020-09-07 19:20:06,857 - 2 - INFO - 页面"一梦江湖九游版_一梦江湖九游版下载_一梦江湖九游版官方下载-最笨下载"跳转正常,该类元素共18个，当前第10个
2020-09-07 19:20:12,979 - 2 - INFO - 页面"NBA篮球大师_NBA篮球大师下载_NBA篮球大师官方下载-最笨下载"跳转正常,该类元素共18个，当前第11个
2020-09-07 19:20:19,102 - 2 - INFO - 页面"萌妖传手游_萌妖传手游下载_萌妖传手游官方下载-最笨下载"跳转正常,该类元素共18个，当前第12个
2020-09-07 19:20:25,260 - 2 - INFO - 页面"中超英雄手游_中超英雄手游下载_中超英雄手游官方下载-最笨下载"跳转正常,该类元素共18个，当前第13个
2020-09-07 19:20:31,422 - 2 - INFO - 页面"三国战天下手游_三国战天下手游下载_三国战天下手游官方下载-最笨下载"跳转正常,该类元素共18个，当前第14个
2020-09-07 19:20:37,576 - 2 - INFO - 页面"拳皇命运_拳皇命运下载_拳皇命运官方下载-最笨下载"跳转正常,该类元素共18个，当前第15个
2020-09-07 19:20:43,722 - 2 - INFO - 页面"电能大亨_电能大亨下载_电能大亨官方下载-最笨下载"跳转正常,该类元素共18个，当前第16个
2020-09-07 19:20:49,873 - 2 - INFO - 页面"驾校模拟器_驾校模拟器下载_驾校模拟器官方下载-最笨下载"跳转正常,该类元素共18个，当前第17个
2020-09-07 19:20:56,018 - 2 - INFO - 页面"暗黑探险2_暗黑探险2下载_暗黑探险2官方下载-最笨下载"跳转正常,该类元素共18个，当前第18个
2020-09-07 19:21:03,202 - 2 - INFO - 页面"变态手游公益服_bt手游变态服_无限元宝bt手游下载_BT手游中心-最笨下载"跳转正常,该类元素共13个，当前第1个
2020-09-07 19:21:03,439 - basepage - INFO - Click back on current page.
2020-09-07 19:21:11,924 - 2 - INFO - 页面"变态手游公益服_bt手游变态服_无限元宝bt手游下载_BT手游中心-最笨下载"跳转正常,该类元素共13个，当前第2个
2020-09-07 19:21:12,157 - basepage - INFO - Click back on current page.
2020-09-07 19:21:20,053 - 2 - INFO - 页面"变态手游公益服_bt手游变态服_无限元宝bt手游下载_BT手游中心-最笨下载"跳转正常,该类元素共13个，当前第3个
2020-09-07 19:21:20,476 - basepage - INFO - Click back on current page.
2020-09-07 19:21:28,505 - 2 - INFO - 页面"变态手游公益服_bt手游变态服_无限元宝bt手游下载_BT手游中心-最笨下载"跳转正常,该类元素共13个，当前第4个
2020-09-07 19:21:28,870 - basepage - INFO - Click back on current page.
2020-09-07 19:21:37,339 - 2 - INFO - 页面"变态手游公益服_bt手游变态服_无限元宝bt手游下载_BT手游中心-最笨下载"跳转正常,该类元素共13个，当前第5个
2020-09-07 19:21:37,572 - basepage - INFO - Click back on current page.
2020-09-07 19:21:45,643 - 2 - INFO - 页面"变态手游公益服_bt手游变态服_无限元宝bt手游下载_BT手游中心-最笨下载"跳转正常,该类元素共13个，当前第6个
2020-09-07 19:21:46,025 - basepage - INFO - Click back on current page.
2020-09-07 19:21:54,457 - 2 - INFO - 页面"变态手游公益服_bt手游变态服_无限元宝bt手游下载_BT手游中心-最笨下载"跳转正常,该类元素共13个，当前第7个
2020-09-07 19:21:54,846 - basepage - INFO - Click back on current page.
2020-09-07 19:22:02,723 - 2 - INFO - 页面"变态手游公益服_bt手游变态服_无限元宝bt手游下载_BT手游中心-最笨下载"跳转正常,该类元素共13个，当前第8个
2020-09-07 19:22:03,100 - basepage - INFO - Click back on current page.
2020-09-07 19:22:11,177 - 2 - INFO - 页面"变态手游公益服_bt手游变态服_无限元宝bt手游下载_BT手游中心-最笨下载"跳转正常,该类元素共13个，当前第9个
2020-09-07 19:22:11,403 - basepage - INFO - Click back on current page.
2020-09-07 19:22:19,737 - 2 - INFO - 页面"变态手游公益服_bt手游变态服_无限元宝bt手游下载_BT手游中心-最笨下载"跳转正常,该类元素共13个，当前第10个
2020-09-07 19:22:20,079 - basepage - INFO - Click back on current page.
2020-09-07 19:22:27,831 - 2 - INFO - 页面"变态手游公益服_bt手游变态服_无限元宝bt手游下载_BT手游中心-最笨下载"跳转正常,该类元素共13个，当前第11个
2020-09-07 19:22:28,074 - basepage - INFO - Click back on current page.
2020-09-07 19:22:35,862 - 2 - INFO - 页面"变态手游公益服_bt手游变态服_无限元宝bt手游下载_BT手游中心-最笨下载"跳转正常,该类元素共13个，当前第12个
2020-09-07 19:22:36,086 - basepage - INFO - Click back on current page.
2020-09-07 19:22:43,864 - 2 - INFO - 页面"变态手游公益服_bt手游变态服_无限元宝bt手游下载_BT手游中心-最笨下载"跳转正常,该类元素共13个，当前第13个
2020-09-07 19:22:44,257 - basepage - INFO - Click back on current page.
2020-09-07 19:22:52,659 - 2 - INFO - 页面"梦幻仙道（送2020充值）_梦幻仙道（送2020充值）无限元宝服_SF变态版梦幻仙道（送2020充值）公益服下载 - 最笨下载"跳转正常,该类元素共18个，当前第1个
2020-09-07 19:22:58,808 - 2 - INFO - 页面"一恋永恒（送千元充值）_一恋永恒（送千元充值）无限元宝服_SF变态版一恋永恒（送千元充值）公益服下载 - 最笨下载"跳转正常,该类元素共18个，当前第2个
2020-09-07 19:23:04,946 - 2 - INFO - 页面"天祭（天天爆充值）_天祭（天天爆充值）无限元宝服_SF变态版天祭（天天爆充值）公益服下载 - 最笨下载"跳转正常,该类元素共18个，当前第3个
2020-09-07 19:23:11,077 - 2 - INFO - 页面"心动女生（送千元充值）_心动女生（送千元充值）无限元宝服_SF变态版心动女生（送千元充值）公益服下载 - 最笨下载"跳转正常,该类元素共18个，当前第4个
2020-09-07 19:23:17,222 - 2 - INFO - 页面"猎妖（送海量充值）_猎妖（送海量充值）无限元宝服_SF变态版猎妖（送海量充值）公益服下载 - 最笨下载"跳转正常,该类元素共18个，当前第5个
2020-09-07 19:23:23,346 - 2 - INFO - 页面"问鼎天下（海量送元宝）_问鼎天下（海量送元宝）无限元宝服_SF变态版问鼎天下（海量送元宝）公益服下载 - 最笨下载"跳转正常,该类元素共18个，当前第6个
2020-09-07 19:23:29,487 - 2 - INFO - 页面"小白不言弃（送百抽）_小白不言弃（送百抽）无限元宝服_SF变态版小白不言弃（送百抽）公益服下载 - 最笨下载"跳转正常,该类元素共18个，当前第7个
2020-09-07 19:23:35,615 - 2 - INFO - 页面"邪域战灵（送千元充值）_邪域战灵（送千元充值）无限元宝服_SF变态版邪域战灵（送千元充值）公益服下载 - 最笨下载"跳转正常,该类元素共18个，当前第8个
2020-09-07 19:23:41,741 - 2 - INFO - 页面"蜂之恋（送500充值）_蜂之恋（送500充值）无限元宝服_SF变态版蜂之恋（送500充值）公益服下载 - 最笨下载"跳转正常,该类元素共18个，当前第9个
2020-09-07 19:23:47,891 - 2 - INFO - 页面"捉妖手机（送万抽）_捉妖手机（送万抽）无限元宝服_SF变态版捉妖手机（送万抽）公益服下载 - 最笨下载"跳转正常,该类元素共18个，当前第10个
2020-09-07 19:23:54,025 - 2 - INFO - 页面"口袋高手（狂抽猛送特权）_口袋高手（狂抽猛送特权）无限元宝服_SF变态版口袋高手（狂抽猛送特权）公益服下载 - 最笨下载"跳转正常,该类元素共18个，当前第11个
2020-09-07 19:24:00,173 - 2 - INFO - 页面"传奇国度（天降红包）_传奇国度（天降红包）无限元宝服_SF变态版传奇国度（天降红包）公益服下载 - 最笨下载"跳转正常,该类元素共18个，当前第12个
2020-09-07 19:24:06,316 - 2 - INFO - 页面"圣剑神域（每日送真充）_圣剑神域（每日送真充）无限元宝服_SF变态版圣剑神域（每日送真充）公益服下载 - 最笨下载"跳转正常,该类元素共18个，当前第13个
2020-09-07 19:24:12,476 - 2 - INFO - 页面"女神竞技场（送SS女神）_女神竞技场（送SS女神）无限元宝服_SF变态版女神竞技场（送SS女神）公益服下载 - 最笨下载"跳转正常,该类元素共18个，当前第14个
2020-09-07 19:24:18,620 - 2 - INFO - 页面"格斗之皇（送328充值）_格斗之皇（送328充值）无限元宝服_SF变态版格斗之皇（送328充值）公益服下载 - 最笨下载"跳转正常,该类元素共18个，当前第15个
2020-09-07 19:24:24,762 - 2 - INFO - 页面"三界轮回（送千元充值）_三界轮回（送千元充值）无限元宝服_SF变态版三界轮回（送千元充值）公益服下载 - 最笨下载"跳转正常,该类元素共18个，当前第16个
2020-09-07 19:24:30,906 - 2 - INFO - 页面"风之幻想web（送1000充值）_风之幻想web（送1000充值）无限元宝服_SF变态版风之幻想web（送1000充值）公益服下载 - 最笨下载"跳转正常,该类元素共18个，当前第17个
2020-09-07 19:24:37,027 - 2 - INFO - 页面"渡劫（送海量寻宝）_渡劫（送海量寻宝）无限元宝服_SF变态版渡劫（送海量寻宝）公益服下载 - 最笨下载"跳转正常,该类元素共18个，当前第18个
2020-09-07 19:24:44,262 - 2 - INFO - 页面"满vip版手游_手游sf送顶级vip_满级vip无限元宝手游下载-最笨下载"跳转正常,该类元素共13个，当前第1个
2020-09-07 19:24:44,499 - basepage - INFO - Click back on current page.
2020-09-07 19:24:52,344 - 2 - INFO - 页面"满vip版手游_手游sf送顶级vip_满级vip无限元宝手游下载-最笨下载"跳转正常,该类元素共13个，当前第2个
2020-09-07 19:24:52,817 - basepage - INFO - Click back on current page.
2020-09-07 19:25:00,676 - 2 - INFO - 页面"满vip版手游_手游sf送顶级vip_满级vip无限元宝手游下载-最笨下载"跳转正常,该类元素共13个，当前第3个
2020-09-07 19:25:01,101 - basepage - INFO - Click back on current page.
2020-09-07 19:25:09,714 - 2 - INFO - 页面"满vip版手游_手游sf送顶级vip_满级vip无限元宝手游下载-最笨下载"跳转正常,该类元素共13个，当前第4个
2020-09-07 19:25:09,941 - basepage - INFO - Click back on current page.
2020-09-07 19:25:17,836 - 2 - INFO - 页面"满vip版手游_手游sf送顶级vip_满级vip无限元宝手游下载-最笨下载"跳转正常,该类元素共13个，当前第5个
2020-09-07 19:25:18,231 - basepage - INFO - Click back on current page.
2020-09-07 19:25:26,209 - 2 - INFO - 页面"满vip版手游_手游sf送顶级vip_满级vip无限元宝手游下载-最笨下载"跳转正常,该类元素共13个，当前第6个
2020-09-07 19:25:26,592 - basepage - INFO - Click back on current page.
2020-09-07 19:25:34,529 - 2 - INFO - 页面"满vip版手游_手游sf送顶级vip_满级vip无限元宝手游下载-最笨下载"跳转正常,该类元素共13个，当前第7个
2020-09-07 19:25:34,873 - basepage - INFO - Click back on current page.
2020-09-07 19:25:42,734 - 2 - INFO - 页面"满vip版手游_手游sf送顶级vip_满级vip无限元宝手游下载-最笨下载"跳转正常,该类元素共13个，当前第8个
2020-09-07 19:25:42,963 - basepage - INFO - Click back on current page.
2020-09-07 19:25:51,119 - 2 - INFO - 页面"满vip版手游_手游sf送顶级vip_满级vip无限元宝手游下载-最笨下载"跳转正常,该类元素共13个，当前第9个
2020-09-07 19:25:51,595 - basepage - INFO - Click back on current page.
2020-09-07 19:25:59,944 - 2 - INFO - 页面"满vip版手游_手游sf送顶级vip_满级vip无限元宝手游下载-最笨下载"跳转正常,该类元素共13个，当前第10个
2020-09-07 19:26:00,363 - basepage - INFO - Click back on current page.
2020-09-07 19:26:08,547 - 2 - INFO - 页面"满vip版手游_手游sf送顶级vip_满级vip无限元宝手游下载-最笨下载"跳转正常,该类元素共13个，当前第11个
2020-09-07 19:26:08,937 - basepage - INFO - Click back on current page.
2020-09-07 19:26:19,417 - 2 - INFO - 页面"满vip版手游_手游sf送顶级vip_满级vip无限元宝手游下载-最笨下载"跳转正常,该类元素共13个，当前第12个
2020-09-07 19:26:19,645 - basepage - INFO - Click back on current page.
2020-09-07 19:26:27,408 - 2 - INFO - 页面"满vip版手游_手游sf送顶级vip_满级vip无限元宝手游下载-最笨下载"跳转正常,该类元素共13个，当前第13个
2020-09-07 19:26:27,928 - basepage - INFO - Click back on current page.
2020-09-07 19:26:36,299 - 2 - INFO - 页面"三界奇缘（海量元宝）_三界奇缘（海量元宝）无限元宝服_SF变态版三界奇缘（海量元宝）公益服下载 - 最笨下载"跳转正常,该类元素共18个，当前第1个
2020-09-07 19:26:42,426 - 2 - INFO - 页面"萌斗魏蜀吴（GM特权）_萌斗魏蜀吴（GM特权）无限元宝服_SF变态版萌斗魏蜀吴（GM特权）公益服下载 - 最笨下载"跳转正常,该类元素共18个，当前第2个
2020-09-07 19:26:48,580 - 2 - INFO - 页面"龙之剑圣（刷海量充值）_龙之剑圣（刷海量充值）无限元宝服_SF变态版龙之剑圣（刷海量充值）公益服下载 - 最笨下载"跳转正常,该类元素共18个，当前第3个
2020-09-07 19:26:54,814 - 2 - INFO - 页面"操戈天下（送海量元宝）_操戈天下（送海量元宝）无限元宝服_SF变态版操戈天下（送海量元宝）公益服下载 - 最笨下载"跳转正常,该类元素共18个，当前第4个
2020-09-07 19:27:00,953 - 2 - INFO - 页面"幻剑情缘（送千元充值）_幻剑情缘（送千元充值）无限元宝服_SF变态版幻剑情缘（送千元充值）公益服下载 - 最笨下载"跳转正常,该类元素共18个，当前第5个
2020-09-07 19:27:07,070 - 2 - INFO - 页面"影歌（海量打金特权）_影歌（海量打金特权）无限元宝服_SF变态版影歌（海量打金特权）公益服下载 - 最笨下载"跳转正常,该类元素共18个，当前第6个
2020-09-07 19:27:13,221 - 2 - INFO - 页面"闪将三国（送千元充值）_闪将三国（送千元充值）无限元宝服_SF变态版闪将三国（送千元充值）公益服下载 - 最笨下载"跳转正常,该类元素共18个，当前第7个
2020-09-07 19:27:19,338 - 2 - INFO - 页面"乱戳三国2（送GM特权）_乱戳三国2（送GM特权）无限元宝服_SF变态版乱戳三国2（送GM特权）公益服下载 - 最笨下载"跳转正常,该类元素共18个，当前第8个
2020-09-07 19:27:25,506 - 2 - INFO - 页面"吞噬苍穹（海量充值卡）_吞噬苍穹（海量充值卡）无限元宝服_SF变态版吞噬苍穹（海量充值卡）公益服下载 - 最笨下载"跳转正常,该类元素共18个，当前第9个
2020-09-07 19:27:31,647 - 2 - INFO - 页面"刀剑神魔录（1元商城特权）_刀剑神魔录（1元商城特权）无限元宝服_SF变态版刀剑神魔录（1元商城特权）公益服下载 - 最笨下载"跳转正常,该类元素共18个，当前第10个
2020-09-07 19:27:37,799 - 2 - INFO - 页面"乱世江湖（天天送充值）_乱世江湖（天天送充值）无限元宝服_SF变态版乱世江湖（天天送充值）公益服下载 - 最笨下载"跳转正常,该类元素共18个，当前第11个
2020-09-07 19:27:43,947 - 2 - INFO - 页面"王者战歌（送千元充值）_王者战歌（送千元充值）无限元宝服_SF变态版王者战歌（送千元充值）公益服下载 - 最笨下载"跳转正常,该类元素共18个，当前第12个
2020-09-07 19:27:50,096 - 2 - INFO - 页面"齐天记（海量资源特权）_齐天记（海量资源特权）无限元宝服_SF变态版齐天记（海量资源特权）公益服下载 - 最笨下载"跳转正常,该类元素共18个，当前第13个
2020-09-07 19:27:56,237 - 2 - INFO - 页面"征程三国（送百抽S神将）_征程三国（送百抽S神将）无限元宝服_SF变态版征程三国（送百抽S神将）公益服下载 - 最笨下载"跳转正常,该类元素共18个，当前第14个
2020-09-07 19:28:02,369 - 2 - INFO - 页面"净化（海量商城特权）_净化（海量商城特权）无限元宝服_SF变态版净化（海量商城特权）公益服下载 - 最笨下载"跳转正常,该类元素共18个，当前第15个
2020-09-07 19:28:08,501 - 2 - INFO - 页面"机甲战纪（送GM特权）_机甲战纪（送GM特权）无限元宝服_SF变态版机甲战纪（送GM特权）公益服下载 - 最笨下载"跳转正常,该类元素共18个，当前第16个
2020-09-07 19:28:14,625 - 2 - INFO - 页面"星星喵（送千元充值）_星星喵（送千元充值）无限元宝服_SF变态版星星喵（送千元充值）公益服下载 - 最笨下载"跳转正常,该类元素共18个，当前第17个
2020-09-07 19:28:20,754 - 2 - INFO - 页面"轩辕剑群侠传（商城特权）_轩辕剑群侠传（商城特权）无限元宝服_SF变态版轩辕剑群侠传（商城特权）公益服下载 - 最笨下载"跳转正常,该类元素共18个，当前第18个
2020-09-07 19:28:27,617 - 2 - INFO - 页面"gm版手游_无限元宝/钻石公益服_0元免费gm权限手游下载-最笨下载"跳转正常,该类元素共13个，当前第1个
2020-09-07 19:28:27,856 - basepage - INFO - Click back on current page.
2020-09-07 19:28:35,777 - 2 - INFO - 页面"gm版手游_无限元宝/钻石公益服_0元免费gm权限手游下载-最笨下载"跳转正常,该类元素共13个，当前第2个
2020-09-07 19:28:36,187 - basepage - INFO - Click back on current page.
2020-09-07 19:28:44,091 - 2 - INFO - 页面"gm版手游_无限元宝/钻石公益服_0元免费gm权限手游下载-最笨下载"跳转正常,该类元素共13个，当前第3个
2020-09-07 19:28:44,589 - basepage - INFO - Click back on current page.
2020-09-07 19:28:52,363 - 2 - INFO - 页面"gm版手游_无限元宝/钻石公益服_0元免费gm权限手游下载-最笨下载"跳转正常,该类元素共13个，当前第4个
2020-09-07 19:28:52,621 - basepage - INFO - Click back on current page.
2020-09-07 19:29:00,306 - 2 - INFO - 页面"gm版手游_无限元宝/钻石公益服_0元免费gm权限手游下载-最笨下载"跳转正常,该类元素共13个，当前第5个
2020-09-07 19:29:00,708 - basepage - INFO - Click back on current page.
2020-09-07 19:29:08,413 - 2 - INFO - 页面"gm版手游_无限元宝/钻石公益服_0元免费gm权限手游下载-最笨下载"跳转正常,该类元素共13个，当前第6个
2020-09-07 19:29:08,762 - basepage - INFO - Click back on current page.
2020-09-07 19:29:16,447 - 2 - INFO - 页面"gm版手游_无限元宝/钻石公益服_0元免费gm权限手游下载-最笨下载"跳转正常,该类元素共13个，当前第7个
2020-09-07 19:29:16,636 - basepage - INFO - Click back on current page.
2020-09-07 19:29:24,295 - 2 - INFO - 页面"gm版手游_无限元宝/钻石公益服_0元免费gm权限手游下载-最笨下载"跳转正常,该类元素共13个，当前第8个
2020-09-07 19:29:24,681 - basepage - INFO - Click back on current page.
2020-09-07 19:29:32,470 - 2 - INFO - 页面"gm版手游_无限元宝/钻石公益服_0元免费gm权限手游下载-最笨下载"跳转正常,该类元素共13个，当前第9个
2020-09-07 19:29:32,864 - basepage - INFO - Click back on current page.
2020-09-07 19:29:40,622 - 2 - INFO - 页面"gm版手游_无限元宝/钻石公益服_0元免费gm权限手游下载-最笨下载"跳转正常,该类元素共13个，当前第10个
2020-09-07 19:29:40,852 - basepage - INFO - Click back on current page.
2020-09-07 19:29:48,628 - 2 - INFO - 页面"gm版手游_无限元宝/钻石公益服_0元免费gm权限手游下载-最笨下载"跳转正常,该类元素共13个，当前第11个
2020-09-07 19:29:49,197 - basepage - INFO - Click back on current page.
2020-09-07 19:29:56,981 - 2 - INFO - 页面"gm版手游_无限元宝/钻石公益服_0元免费gm权限手游下载-最笨下载"跳转正常,该类元素共13个，当前第12个
2020-09-07 19:29:57,444 - basepage - INFO - Click back on current page.
2020-09-07 19:30:05,197 - 2 - INFO - 页面"gm版手游_无限元宝/钻石公益服_0元免费gm权限手游下载-最笨下载"跳转正常,该类元素共13个，当前第13个
2020-09-07 19:30:05,485 - basepage - INFO - Click back on current page.
2020-09-07 19:30:13,851 - 2 - INFO - 页面"仙之道则（GM版）_仙之道则（GM版）免费gm权限安卓下载 - 最笨下载"跳转正常,该类元素共18个，当前第1个
2020-09-07 19:30:19,985 - 2 - INFO - 页面"御魔传（GM版）_御魔传（GM版）免费gm权限安卓下载 - 最笨下载"跳转正常,该类元素共18个，当前第2个
2020-09-07 19:30:26,103 - 2 - INFO - 页面"九州剑灵（GM版）_九州剑灵（GM版）免费gm权限安卓下载 - 最笨下载"跳转正常,该类元素共18个，当前第3个
2020-09-07 19:30:32,249 - 2 - INFO - 页面"仙游（GM版）_仙游（GM版）免费gm权限安卓下载 - 最笨下载"跳转正常,该类元素共18个，当前第4个
2020-09-07 19:30:38,396 - 2 - INFO - 页面"高达（GM版）_高达（GM版）免费gm权限安卓下载 - 最笨下载"跳转正常,该类元素共18个，当前第5个
2020-09-07 19:30:44,544 - 2 - INFO - 页面"暗黑王者（GM版）_暗黑王者（GM版）免费gm权限安卓下载 - 最笨下载"跳转正常,该类元素共18个，当前第6个
2020-09-07 19:30:50,690 - 2 - INFO - 页面"问鼎封神（GM版）_问鼎封神（GM版）免费gm权限安卓下载 - 最笨下载"跳转正常,该类元素共18个，当前第7个
2020-09-07 19:30:56,805 - 2 - INFO - 页面"仙剑轮回（GM版）_仙剑轮回（GM版）免费gm权限安卓下载 - 最笨下载"跳转正常,该类元素共18个，当前第8个
2020-09-07 19:31:02,927 - 2 - INFO - 页面"神道仙尊（GM版）_神道仙尊（GM版）免费gm权限安卓下载 - 最笨下载"跳转正常,该类元素共18个，当前第9个
2020-09-07 19:31:09,052 - 2 - INFO - 页面"大将无双（GM版）_大将无双（GM版）免费gm权限安卓下载 - 最笨下载"跳转正常,该类元素共18个，当前第10个
2020-09-07 19:31:15,175 - 2 - INFO - 页面"青云剑诀（GM版）_青云剑诀（GM版）免费gm权限安卓下载 - 最笨下载"跳转正常,该类元素共18个，当前第11个
2020-09-07 19:31:21,292 - 2 - INFO - 页面"寂灭剑诀（GM版）_寂灭剑诀（GM版）免费gm权限安卓下载 - 最笨下载"跳转正常,该类元素共18个，当前第12个
2020-09-07 19:31:27,410 - 2 - INFO - 页面"封神记（GM版）_封神记（GM版）免费gm权限安卓下载 - 最笨下载"跳转正常,该类元素共18个，当前第13个
2020-09-07 19:31:33,551 - 2 - INFO - 页面"豪门小老婆（GM版）_豪门小老婆（GM版）免费gm权限安卓下载 - 最笨下载"跳转正常,该类元素共18个，当前第14个
2020-09-07 19:31:39,714 - 2 - INFO - 页面"三生三誓青丘传（GM版）_三生三誓青丘传（GM版）免费gm权限安卓下载 - 最笨下载"跳转正常,该类元素共18个，当前第15个
2020-09-07 19:31:45,835 - 2 - INFO - 页面"毒尊三国（GM版）_毒尊三国（GM版）免费gm权限安卓下载 - 最笨下载"跳转正常,该类元素共18个，当前第16个
2020-09-07 19:31:51,975 - 2 - INFO - 页面"乱世神话（GM版）_乱世神话（GM版）免费gm权限安卓下载 - 最笨下载"跳转正常,该类元素共18个，当前第17个
2020-09-07 19:31:58,113 - 2 - INFO - 页面"天子问剑（GM版）_天子问剑（GM版）免费gm权限安卓下载 - 最笨下载"跳转正常,该类元素共18个，当前第18个
2020-09-07 19:32:05,983 - 2 - INFO - 页面"免费权限GM游戏"跳转正常,该类元素共4个，当前第1个
2020-09-07 19:32:06,203 - basepage - INFO - Click back on current page.
2020-09-07 19:32:12,759 - 2 - INFO - 页面"聊天回复神器合集"跳转正常,该类元素共4个，当前第2个
2020-09-07 19:32:13,242 - basepage - INFO - Click back on current page.
2020-09-07 19:32:20,217 - 2 - INFO - 页面"超变私服传奇一刀999999级"跳转正常,该类元素共4个，当前第3个
2020-09-07 19:32:20,745 - basepage - INFO - Click back on current page.
2020-09-07 19:32:27,339 - 2 - INFO - 页面"美女爆衣游戏手游"跳转正常,该类元素共4个，当前第4个
2020-09-07 19:32:27,777 - basepage - INFO - Click back on current page.
2020-09-07 19:32:37,128 - 2 - INFO - 页面"【苹果播放器】iPhone手机播放器,iPhone播放器免费下载大全-最笨下载"跳转正常,该类元素共19个，当前第1个
2020-09-07 19:32:37,359 - basepage - INFO - Click back on current page.
2020-09-07 19:32:44,582 - 2 - INFO - 页面"【苹果学习软件】iPhone手机学习软件_iPhone学习软件免费下载大全-最笨下载"跳转正常,该类元素共19个，当前第2个
2020-09-07 19:32:45,088 - basepage - INFO - Click back on current page.
2020-09-07 19:32:51,770 - 2 - INFO - 页面"【苹果辅助软件】iPhone手机辅助软件_iPhone辅助软件免费下载大全-最笨下载"跳转正常,该类元素共19个，当前第3个
2020-09-07 19:32:51,976 - basepage - INFO - Click back on current page.
2020-09-07 19:32:59,296 - 2 - INFO - 页面"【苹果输入法】iPhone手机输入法_iPhone输入法免费下载大全-最笨下载"跳转正常,该类元素共19个，当前第4个
2020-09-07 19:32:59,549 - basepage - INFO - Click back on current page.
2020-09-07 19:33:06,966 - 2 - INFO - 页面"【苹果通信软件】iPhone手机通信软件_iPhone通信软件免费下载大全-最笨下载"跳转正常,该类元素共19个，当前第5个
2020-09-07 19:33:07,386 - basepage - INFO - Click back on current page.
2020-09-07 19:33:14,534 - 2 - INFO - 页面"【苹果固件】iPhone手机固件软件_iPhone固件软件免费下载大全-最笨下载"跳转正常,该类元素共19个，当前第6个
2020-09-07 19:33:14,803 - basepage - INFO - Click back on current page.
2020-09-07 19:33:21,977 - 2 - INFO - 页面"【苹果文件管理软件】iPhone手机文件管理软件_iPhone文件管理软件免费下载大全-最笨下载"跳转正常,该类元素共19个，当前第7个
2020-09-07 19:33:22,183 - basepage - INFO - Click back on current page.
2020-09-07 19:33:29,504 - 2 - INFO - 页面"【苹果同步软件】iPhone手机同步软件_iPhone同步软件免费下载大全-最笨下载"跳转正常,该类元素共19个，当前第8个
2020-09-07 19:33:29,934 - basepage - INFO - Click back on current page.
2020-09-07 19:33:37,305 - 2 - INFO - 页面"【苹果办公软件】iPhone手机办公软件_iPhone办公软件免费下载大全-最笨下载"跳转正常,该类元素共19个，当前第9个
2020-09-07 19:33:37,514 - basepage - INFO - Click back on current page.
2020-09-07 19:33:44,246 - 2 - INFO - 页面"【苹果理财软件】iPhone手机理财软件_iPhone理财软件免费下载大全-最笨下载"跳转正常,该类元素共19个，当前第10个
2020-09-07 19:33:44,531 - basepage - INFO - Click back on current page.
2020-09-07 19:33:51,941 - 2 - INFO - 页面"【苹果备份软件】iPhone手机备份软件_iPhone备份软件免费下载大全-最笨下载"跳转正常,该类元素共19个，当前第11个
2020-09-07 19:33:52,434 - basepage - INFO - Click back on current page.
2020-09-07 19:33:59,088 - 2 - INFO - 页面"【苹果健身软件】iPhone手机健身软件_iPhone健身软件免费下载大全-最笨下载"跳转正常,该类元素共19个，当前第12个
2020-09-07 19:33:59,292 - basepage - INFO - Click back on current page.
2020-09-07 19:34:06,709 - 2 - INFO - 页面"【苹果健康管理软件】iPhone手机健康管理软件_iPhone健康管理软件免费下载大全-最笨下载"跳转正常,该类元素共19个，当前第13个
2020-09-07 19:34:06,946 - basepage - INFO - Click back on current page.
2020-09-07 19:34:14,154 - 2 - INFO - 页面"【苹果系统软件】iPhone手机系统软件_iPhone系统软件免费下载大全-最笨下载"跳转正常,该类元素共19个，当前第14个
2020-09-07 19:34:14,534 - basepage - INFO - Click back on current page.
2020-09-07 19:34:21,812 - 2 - INFO - 页面"【苹果社交软件】iphone手机社交软件_iphone社交软件免费下载大全-最笨下载"跳转正常,该类元素共19个，当前第15个
2020-09-07 19:34:22,028 - basepage - INFO - Click back on current page.
2020-09-07 19:34:29,422 - 2 - INFO - 页面"【苹果娱乐软件】iPhone手机娱乐软件_iPhone娱乐软件免费下载大全-最笨下载"跳转正常,该类元素共19个，当前第16个
2020-09-07 19:34:29,639 - basepage - INFO - Click back on current page.
2020-09-07 19:34:36,888 - 2 - INFO - 页面"【苹果导航】iPhone手机导航软件,iPhone导航软件免费下载大全-最笨下载"跳转正常,该类元素共19个，当前第17个
2020-09-07 19:34:37,392 - basepage - INFO - Click back on current page.
2020-09-07 19:34:44,916 - 2 - INFO - 页面"【苹果网络软件】iPhone手机网络软件,iPhone网络软件免费下载大全-最笨下载"跳转正常,该类元素共19个，当前第18个
2020-09-07 19:34:45,175 - basepage - INFO - Click back on current page.
2020-09-07 19:34:52,378 - 2 - INFO - 页面"【苹果助手软件】iPhone生活助手软件_iPhone生活助手软件免费下载大全-最笨下载"跳转正常,该类元素共19个，当前第19个
2020-09-07 19:34:52,633 - basepage - INFO - Click back on current page.
2020-09-07 19:35:01,000 - 2 - INFO - 页面"安致手游盒子ios版_安致手游盒子ios版下载_安致手游盒子ios版官方下载-最笨下载"跳转正常,该类元素共18个，当前第1个
2020-09-07 19:35:07,141 - 2 - INFO - 页面"爪游控游戏盒子ios版_爪游控游戏盒子ios版下载_爪游控游戏盒子ios版官方下载-最笨下载"跳转正常,该类元素共18个，当前第2个
2020-09-07 19:35:13,265 - 2 - INFO - 页面"手机玩盒子ios版_手机玩盒子ios版下载_手机玩盒子ios版官方下载-最笨下载"跳转正常,该类元素共18个，当前第3个
2020-09-07 19:35:19,386 - 2 - INFO - 页面"蜜小助ios版_蜜小助ios版下载_蜜小助ios版官方下载-最笨下载"跳转正常,该类元素共18个，当前第4个
2020-09-07 19:35:25,510 - 2 - INFO - 页面"BT游戏大全ios_BT游戏大全ios下载_BT游戏大全ios官方下载-最笨下载"跳转正常,该类元素共18个，当前第5个
2020-09-07 19:35:31,674 - 2 - INFO - 页面"小8游戏盒子ios_小8游戏盒子ios下载_小8游戏盒子ios官方下载-最笨下载"跳转正常,该类元素共18个，当前第6个
2020-09-07 19:35:37,802 - 2 - INFO - 页面"安卓市场ios版_安卓市场ios版下载_安卓市场ios版官方下载-最笨下载"跳转正常,该类元素共18个，当前第7个
2020-09-07 19:35:43,953 - 2 - INFO - 页面"剪映_剪映下载_剪映官方下载-最笨下载"跳转正常,该类元素共18个，当前第8个
2020-09-07 19:35:50,080 - 2 - INFO - 页面"吾爱看书ios版_吾爱看书ios版下载_吾爱看书ios版官方下载-最笨下载"跳转正常,该类元素共18个，当前第9个
2020-09-07 19:35:56,218 - 2 - INFO - 页面"7743游戏平台_7743游戏平台下载_7743游戏平台官方下载-最笨下载"跳转正常,该类元素共18个，当前第10个
2020-09-07 19:36:02,373 - 2 - INFO - 页面"搜书帝ios_搜书帝ios下载_搜书帝ios官方下载-最笨下载"跳转正常,该类元素共18个，当前第11个
2020-09-07 19:36:08,517 - 2 - INFO - 页面"大塘小鱼_大塘小鱼下载_大塘小鱼官方下载-最笨下载"跳转正常,该类元素共18个，当前第12个
2020-09-07 19:36:14,668 - 2 - INFO - 页面"花溪小说_花溪小说下载_花溪小说官方下载-最笨下载"跳转正常,该类元素共18个，当前第13个
2020-09-07 19:36:20,800 - 2 - INFO - 页面"手译_手译下载_手译官方下载-最笨下载"跳转正常,该类元素共18个，当前第14个
2020-09-07 19:36:26,932 - 2 - INFO - 页面"sjcam_sjcam下载_sjcam官方下载-最笨下载"跳转正常,该类元素共18个，当前第15个
2020-09-07 19:36:33,065 - 2 - INFO - 页面"WearHeart_WearHeart下载_WearHeart官方下载-最笨下载"跳转正常,该类元素共18个，当前第16个
2020-09-07 19:36:39,188 - 2 - INFO - 页面"仓鼠阅读_仓鼠阅读下载_仓鼠阅读官方下载-最笨下载"跳转正常,该类元素共18个，当前第17个
2020-09-07 19:36:45,307 - 2 - INFO - 页面"漫番漫画_漫番漫画下载_漫番漫画官方下载-最笨下载"跳转正常,该类元素共18个，当前第18个
2020-09-07 19:36:52,181 - 2 - INFO - 页面"变态手游公益服_bt手游变态服_无限元宝bt手游下载_BT手游中心-最笨下载"跳转正常,该类元素共13个，当前第1个
2020-09-07 19:36:52,394 - basepage - INFO - Click back on current page.
2020-09-07 19:37:00,295 - 2 - INFO - 页面"变态手游公益服_bt手游变态服_无限元宝bt手游下载_BT手游中心-最笨下载"跳转正常,该类元素共13个，当前第2个
2020-09-07 19:37:00,763 - basepage - INFO - Click back on current page.
2020-09-07 19:37:08,718 - 2 - INFO - 页面"变态手游公益服_bt手游变态服_无限元宝bt手游下载_BT手游中心-最笨下载"跳转正常,该类元素共13个，当前第3个
2020-09-07 19:37:09,245 - basepage - INFO - Click back on current page.
2020-09-07 19:37:17,288 - 2 - INFO - 页面"变态手游公益服_bt手游变态服_无限元宝bt手游下载_BT手游中心-最笨下载"跳转正常,该类元素共13个，当前第4个
2020-09-07 19:37:17,620 - basepage - INFO - Click back on current page.
2020-09-07 19:37:25,790 - 2 - INFO - 页面"变态手游公益服_bt手游变态服_无限元宝bt手游下载_BT手游中心-最笨下载"跳转正常,该类元素共13个，当前第5个
2020-09-07 19:37:26,247 - basepage - INFO - Click back on current page.
2020-09-07 19:37:34,313 - 2 - INFO - 页面"变态手游公益服_bt手游变态服_无限元宝bt手游下载_BT手游中心-最笨下载"跳转正常,该类元素共13个，当前第6个
2020-09-07 19:37:34,909 - basepage - INFO - Click back on current page.
2020-09-07 19:37:43,075 - 2 - INFO - 页面"变态手游公益服_bt手游变态服_无限元宝bt手游下载_BT手游中心-最笨下载"跳转正常,该类元素共13个，当前第7个
2020-09-07 19:37:43,356 - basepage - INFO - Click back on current page.
2020-09-07 19:37:51,535 - 2 - INFO - 页面"变态手游公益服_bt手游变态服_无限元宝bt手游下载_BT手游中心-最笨下载"跳转正常,该类元素共13个，当前第8个
2020-09-07 19:37:52,078 - basepage - INFO - Click back on current page.
2020-09-07 19:37:59,798 - 2 - INFO - 页面"变态手游公益服_bt手游变态服_无限元宝bt手游下载_BT手游中心-最笨下载"跳转正常,该类元素共13个，当前第9个
2020-09-07 19:38:00,271 - basepage - INFO - Click back on current page.
2020-09-07 19:38:08,397 - 2 - INFO - 页面"变态手游公益服_bt手游变态服_无限元宝bt手游下载_BT手游中心-最笨下载"跳转正常,该类元素共13个，当前第10个
2020-09-07 19:38:08,654 - basepage - INFO - Click back on current page.
2020-09-07 19:38:16,790 - 2 - INFO - 页面"变态手游公益服_bt手游变态服_无限元宝bt手游下载_BT手游中心-最笨下载"跳转正常,该类元素共13个，当前第11个
2020-09-07 19:38:17,317 - basepage - INFO - Click back on current page.
2020-09-07 19:38:25,111 - 2 - INFO - 页面"变态手游公益服_bt手游变态服_无限元宝bt手游下载_BT手游中心-最笨下载"跳转正常,该类元素共13个，当前第12个
2020-09-07 19:38:25,634 - basepage - INFO - Click back on current page.
2020-09-07 19:38:33,313 - 2 - INFO - 页面"变态手游公益服_bt手游变态服_无限元宝bt手游下载_BT手游中心-最笨下载"跳转正常,该类元素共13个，当前第13个
2020-09-07 19:38:33,596 - basepage - INFO - Click back on current page.
2020-09-07 19:38:41,962 - 2 - INFO - 页面"梦幻仙道（送2020充值）_梦幻仙道（送2020充值）无限元宝服_SF变态版梦幻仙道（送2020充值）公益服下载 - 最笨下载"跳转正常,该类元素共18个，当前第1个
2020-09-07 19:38:48,117 - 2 - INFO - 页面"一恋永恒（送千元充值）_一恋永恒（送千元充值）无限元宝服_SF变态版一恋永恒（送千元充值）公益服下载 - 最笨下载"跳转正常,该类元素共18个，当前第2个
2020-09-07 19:38:54,281 - 2 - INFO - 页面"天祭（天天爆充值）_天祭（天天爆充值）无限元宝服_SF变态版天祭（天天爆充值）公益服下载 - 最笨下载"跳转正常,该类元素共18个，当前第3个
2020-09-07 19:39:00,412 - 2 - INFO - 页面"心动女生（送千元充值）_心动女生（送千元充值）无限元宝服_SF变态版心动女生（送千元充值）公益服下载 - 最笨下载"跳转正常,该类元素共18个，当前第4个
2020-09-07 19:39:06,550 - 2 - INFO - 页面"猎妖（送海量充值）_猎妖（送海量充值）无限元宝服_SF变态版猎妖（送海量充值）公益服下载 - 最笨下载"跳转正常,该类元素共18个，当前第5个
2020-09-07 19:39:12,672 - 2 - INFO - 页面"问鼎天下（海量送元宝）_问鼎天下（海量送元宝）无限元宝服_SF变态版问鼎天下（海量送元宝）公益服下载 - 最笨下载"跳转正常,该类元素共18个，当前第6个
2020-09-07 19:39:18,811 - 2 - INFO - 页面"小白不言弃（送百抽）_小白不言弃（送百抽）无限元宝服_SF变态版小白不言弃（送百抽）公益服下载 - 最笨下载"跳转正常,该类元素共18个，当前第7个
2020-09-07 19:39:24,949 - 2 - INFO - 页面"封神传奇（福利特权）_封神传奇（福利特权）无限元宝服_SF变态版封神传奇（福利特权）公益服下载 - 最笨下载"跳转正常,该类元素共18个，当前第8个
2020-09-07 19:39:31,096 - 2 - INFO - 页面"风暴之锤（福利特权）_风暴之锤（福利特权）无限元宝服_SF变态版风暴之锤（福利特权）公益服下载 - 最笨下载"跳转正常,该类元素共18个，当前第9个
2020-09-07 19:39:37,279 - 2 - INFO - 页面"邪域战灵（送千元充值）_邪域战灵（送千元充值）无限元宝服_SF变态版邪域战灵（送千元充值）公益服下载 - 最笨下载"跳转正常,该类元素共18个，当前第10个
2020-09-07 19:39:43,419 - 2 - INFO - 页面"蜂之恋（送500充值）_蜂之恋（送500充值）无限元宝服_SF变态版蜂之恋（送500充值）公益服下载 - 最笨下载"跳转正常,该类元素共18个，当前第11个
2020-09-07 19:39:49,552 - 2 - INFO - 页面"战仙传（海量充值特权）_战仙传（海量充值特权）无限元宝服_SF变态版战仙传（海量充值特权）公益服下载 - 最笨下载"跳转正常,该类元素共18个，当前第12个
2020-09-07 19:39:55,672 - 2 - INFO - 页面"捉妖手机（送万抽）_捉妖手机（送万抽）无限元宝服_SF变态版捉妖手机（送万抽）公益服下载 - 最笨下载"跳转正常,该类元素共18个，当前第13个
2020-09-07 19:40:01,789 - 2 - INFO - 页面"口袋高手（狂抽猛送特权）_口袋高手（狂抽猛送特权）无限元宝服_SF变态版口袋高手（狂抽猛送特权）公益服下载 - 最笨下载"跳转正常,该类元素共18个，当前第14个
2020-09-07 19:40:07,919 - 2 - INFO - 页面"传奇国度（天降红包）_传奇国度（天降红包）无限元宝服_SF变态版传奇国度（天降红包）公益服下载 - 最笨下载"跳转正常,该类元素共18个，当前第15个
2020-09-07 19:40:14,060 - 2 - INFO - 页面"圣剑神域（每日送真充）_圣剑神域（每日送真充）无限元宝服_SF变态版圣剑神域（每日送真充）公益服下载 - 最笨下载"跳转正常,该类元素共18个，当前第16个
2020-09-07 19:40:20,177 - 2 - INFO - 页面"女神竞技场（送SS女神）_女神竞技场（送SS女神）无限元宝服_SF变态版女神竞技场（送SS女神）公益服下载 - 最笨下载"跳转正常,该类元素共18个，当前第17个
2020-09-07 19:40:26,319 - 2 - INFO - 页面"格斗之皇（送328充值）_格斗之皇（送328充值）无限元宝服_SF变态版格斗之皇（送328充值）公益服下载 - 最笨下载"跳转正常,该类元素共18个，当前第18个
2020-09-07 19:40:33,565 - 2 - INFO - 页面"满vip版手游_手游sf送顶级vip_满级vip无限元宝手游下载-最笨下载"跳转正常,该类元素共13个，当前第1个
2020-09-07 19:40:33,870 - basepage - INFO - Click back on current page.
2020-09-07 19:40:41,711 - 2 - INFO - 页面"满vip版手游_手游sf送顶级vip_满级vip无限元宝手游下载-最笨下载"跳转正常,该类元素共13个，当前第2个
2020-09-07 19:40:42,440 - basepage - INFO - Click back on current page.
2020-09-07 19:40:50,692 - 2 - INFO - 页面"满vip版手游_手游sf送顶级vip_满级vip无限元宝手游下载-最笨下载"跳转正常,该类元素共13个，当前第3个
2020-09-07 19:40:51,192 - basepage - INFO - Click back on current page.
2020-09-07 19:40:59,354 - 2 - INFO - 页面"满vip版手游_手游sf送顶级vip_满级vip无限元宝手游下载-最笨下载"跳转正常,该类元素共13个，当前第4个
2020-09-07 19:40:59,885 - basepage - INFO - Click back on current page.
2020-09-07 19:41:07,707 - 2 - INFO - 页面"满vip版手游_手游sf送顶级vip_满级vip无限元宝手游下载-最笨下载"跳转正常,该类元素共13个，当前第5个
2020-09-07 19:41:07,999 - basepage - INFO - Click back on current page.
2020-09-07 19:41:16,099 - 2 - INFO - 页面"满vip版手游_手游sf送顶级vip_满级vip无限元宝手游下载-最笨下载"跳转正常,该类元素共13个，当前第6个
2020-09-07 19:41:16,585 - basepage - INFO - Click back on current page.
2020-09-07 19:41:24,772 - 2 - INFO - 页面"满vip版手游_手游sf送顶级vip_满级vip无限元宝手游下载-最笨下载"跳转正常,该类元素共13个，当前第7个
2020-09-07 19:41:25,383 - basepage - INFO - Click back on current page.
2020-09-07 19:41:33,170 - 2 - INFO - 页面"满vip版手游_手游sf送顶级vip_满级vip无限元宝手游下载-最笨下载"跳转正常,该类元素共13个，当前第8个
2020-09-07 19:41:33,410 - basepage - INFO - Click back on current page.
2020-09-07 19:41:41,196 - 2 - INFO - 页面"满vip版手游_手游sf送顶级vip_满级vip无限元宝手游下载-最笨下载"跳转正常,该类元素共13个，当前第9个
2020-09-07 19:41:41,619 - basepage - INFO - Click back on current page.
2020-09-07 19:41:49,485 - 2 - INFO - 页面"满vip版手游_手游sf送顶级vip_满级vip无限元宝手游下载-最笨下载"跳转正常,该类元素共13个，当前第10个
2020-09-07 19:41:49,995 - basepage - INFO - Click back on current page.
2020-09-07 19:41:57,784 - 2 - INFO - 页面"满vip版手游_手游sf送顶级vip_满级vip无限元宝手游下载-最笨下载"跳转正常,该类元素共13个，当前第11个
2020-09-07 19:41:57,996 - basepage - INFO - Click back on current page.
2020-09-07 19:42:05,735 - 2 - INFO - 页面"满vip版手游_手游sf送顶级vip_满级vip无限元宝手游下载-最笨下载"跳转正常,该类元素共13个，当前第12个
2020-09-07 19:42:06,220 - basepage - INFO - Click back on current page.
2020-09-07 19:42:14,593 - 2 - INFO - 页面"满vip版手游_手游sf送顶级vip_满级vip无限元宝手游下载-最笨下载"跳转正常,该类元素共13个，当前第13个
2020-09-07 19:42:15,032 - basepage - INFO - Click back on current page.
2020-09-07 19:42:23,421 - 2 - INFO - 页面"三界奇缘（海量元宝）_三界奇缘（海量元宝）无限元宝服_SF变态版三界奇缘（海量元宝）公益服下载 - 最笨下载"跳转正常,该类元素共18个，当前第1个
2020-09-07 19:42:29,550 - 2 - INFO - 页面"萌斗魏蜀吴（GM特权）_萌斗魏蜀吴（GM特权）无限元宝服_SF变态版萌斗魏蜀吴（GM特权）公益服下载 - 最笨下载"跳转正常,该类元素共18个，当前第2个
2020-09-07 19:42:35,670 - 2 - INFO - 页面"龙之剑圣（刷海量充值）_龙之剑圣（刷海量充值）无限元宝服_SF变态版龙之剑圣（刷海量充值）公益服下载 - 最笨下载"跳转正常,该类元素共18个，当前第3个
2020-09-07 19:42:41,791 - 2 - INFO - 页面"操戈天下（送海量元宝）_操戈天下（送海量元宝）无限元宝服_SF变态版操戈天下（送海量元宝）公益服下载 - 最笨下载"跳转正常,该类元素共18个，当前第4个
2020-09-07 19:42:47,925 - 2 - INFO - 页面"幻剑情缘（送千元充值）_幻剑情缘（送千元充值）无限元宝服_SF变态版幻剑情缘（送千元充值）公益服下载 - 最笨下载"跳转正常,该类元素共18个，当前第5个
2020-09-07 19:42:54,057 - 2 - INFO - 页面"影歌（海量打金特权）_影歌（海量打金特权）无限元宝服_SF变态版影歌（海量打金特权）公益服下载 - 最笨下载"跳转正常,该类元素共18个，当前第6个
2020-09-07 19:43:00,198 - 2 - INFO - 页面"闪将三国（送千元充值）_闪将三国（送千元充值）无限元宝服_SF变态版闪将三国（送千元充值）公益服下载 - 最笨下载"跳转正常,该类元素共18个，当前第7个
2020-09-07 19:43:06,326 - 2 - INFO - 页面"乱戳三国2（送GM特权）_乱戳三国2（送GM特权）无限元宝服_SF变态版乱戳三国2（送GM特权）公益服下载 - 最笨下载"跳转正常,该类元素共18个，当前第8个
2020-09-07 19:43:12,467 - 2 - INFO - 页面"吞噬苍穹（海量充值卡）_吞噬苍穹（海量充值卡）无限元宝服_SF变态版吞噬苍穹（海量充值卡）公益服下载 - 最笨下载"跳转正常,该类元素共18个，当前第9个
2020-09-07 19:43:18,622 - 2 - INFO - 页面"刀剑神魔录（1元商城特权）_刀剑神魔录（1元商城特权）无限元宝服_SF变态版刀剑神魔录（1元商城特权）公益服下载 - 最笨下载"跳转正常,该类元素共18个，当前第10个
2020-09-07 19:43:24,744 - 2 - INFO - 页面"乱世江湖（天天送充值）_乱世江湖（天天送充值）无限元宝服_SF变态版乱世江湖（天天送充值）公益服下载 - 最笨下载"跳转正常,该类元素共18个，当前第11个
2020-09-07 19:43:30,892 - 2 - INFO - 页面"王者战歌（送千元充值）_王者战歌（送千元充值）无限元宝服_SF变态版王者战歌（送千元充值）公益服下载 - 最笨下载"跳转正常,该类元素共18个，当前第12个
2020-09-07 19:43:37,022 - 2 - INFO - 页面"齐天记（海量资源特权）_齐天记（海量资源特权）无限元宝服_SF变态版齐天记（海量资源特权）公益服下载 - 最笨下载"跳转正常,该类元素共18个，当前第13个
2020-09-07 19:43:43,156 - 2 - INFO - 页面"征程三国（送百抽S神将）_征程三国（送百抽S神将）无限元宝服_SF变态版征程三国（送百抽S神将）公益服下载 - 最笨下载"跳转正常,该类元素共18个，当前第14个
2020-09-07 19:43:49,296 - 2 - INFO - 页面"机甲战纪（送GM特权）_机甲战纪（送GM特权）无限元宝服_SF变态版机甲战纪（送GM特权）公益服下载 - 最笨下载"跳转正常,该类元素共18个，当前第15个
2020-09-07 19:43:55,413 - 2 - INFO - 页面"星星喵（送千元充值）_星星喵（送千元充值）无限元宝服_SF变态版星星喵（送千元充值）公益服下载 - 最笨下载"跳转正常,该类元素共18个，当前第16个
2020-09-07 19:44:01,556 - 2 - INFO - 页面"轩辕剑群侠传（商城特权）_轩辕剑群侠传（商城特权）无限元宝服_SF变态版轩辕剑群侠传（商城特权）公益服下载 - 最笨下载"跳转正常,该类元素共18个，当前第17个
2020-09-07 19:44:07,698 - 2 - INFO - 页面"大秦之帝国崛起（送法拉利）_大秦之帝国崛起（送法拉利）无限元宝服_SF变态版大秦之帝国崛起（送法拉利）公益服下载 - 最笨下载"跳转正常,该类元素共18个，当前第18个
2020-09-07 19:44:14,473 - 2 - INFO - 页面"【苹果益智休闲游戏】好玩的iPhone益智休闲游戏大全_iPhone益智休闲类游戏下载-最笨下载"跳转正常,该类元素共16个，当前第1个
2020-09-07 19:44:14,746 - basepage - INFO - Click back on current page.
2020-09-07 19:44:22,322 - 2 - INFO - 页面"【苹果其他游戏】好玩的iphone其他游戏大全_iphone其他类游戏下载-最笨下载"跳转正常,该类元素共16个，当前第2个
2020-09-07 19:44:22,771 - basepage - INFO - Click back on current page.
2020-09-07 19:44:30,346 - 2 - INFO - 页面"【苹果音乐游戏】好玩的iphone音乐游戏大全_iphone音乐类游戏下载-最笨下载"跳转正常,该类元素共16个，当前第3个
2020-09-07 19:44:30,631 - basepage - INFO - Click back on current page.
2020-09-07 19:44:38,420 - 2 - INFO - 页面"【苹果网络游戏】好玩的iphone网络游戏大全_iphone网络类游戏下载-最笨下载"跳转正常,该类元素共16个，当前第4个
2020-09-07 19:44:38,677 - basepage - INFO - Click back on current page.
2020-09-07 19:44:45,983 - 2 - INFO - 页面"【苹果格斗游戏】好玩的iPhone格斗游戏大全_iPhone格斗类游戏下载-最笨下载"跳转正常,该类元素共16个，当前第5个
2020-09-07 19:44:46,468 - basepage - INFO - Click back on current page.
2020-09-07 19:44:53,906 - 2 - INFO - 页面"【苹果飞行游戏】好玩的iPhone飞行游戏大全_iPhone飞行类游戏下载-最笨下载"跳转正常,该类元素共16个，当前第6个
2020-09-07 19:44:54,116 - basepage - INFO - Click back on current page.
2020-09-07 19:45:01,715 - 2 - INFO - 页面"【苹果体育运动游戏】好玩的iPhone体育运动游戏大全_iPhone体育运动类游戏下载-最笨下载"跳转正常,该类元素共16个，当前第7个
2020-09-07 19:45:01,956 - basepage - INFO - Click back on current page.
2020-09-07 19:45:08,903 - 2 - INFO - 页面"【苹果模拟经营游戏】好玩的iPhone模拟经营游戏大全_iPhone模拟经营类游戏下载-最笨下载"跳转正常,该类元素共16个，当前第8个
2020-09-07 19:45:09,327 - basepage - INFO - Click back on current page.
2020-09-07 19:45:16,553 - 2 - INFO - 页面"【苹果策略游戏】好玩的iphone策略游戏大全_iphone策略类游戏下载-最笨下载"跳转正常,该类元素共16个，当前第9个
2020-09-07 19:45:16,816 - basepage - INFO - Click back on current page.
2020-09-07 19:45:24,063 - 2 - INFO - 页面"【苹果塔防游戏】好玩的iphone塔防游戏大全_iphone塔防类游戏下载-最笨下载"跳转正常,该类元素共16个，当前第10个
2020-09-07 19:45:24,287 - basepage - INFO - Click back on current page.
2020-09-07 19:45:31,898 - 2 - INFO - 页面"【苹果解谜游戏】好玩的iphone解谜游戏大全_iphone解谜类游戏下载-最笨下载"跳转正常,该类元素共16个，当前第11个
2020-09-07 19:45:32,341 - basepage - INFO - Click back on current page.
2020-09-07 19:45:40,117 - 2 - INFO - 页面"【苹果射击游戏】好玩的iphone射击游戏大全_iphone射击类游戏下载-最笨下载"跳转正常,该类元素共16个，当前第12个
2020-09-07 19:45:40,554 - basepage - INFO - Click back on current page.
2020-09-07 19:45:48,110 - 2 - INFO - 页面"【苹果棋牌游戏】好玩的iphone棋牌游戏大全_iphone棋牌类游戏下载-最笨下载"跳转正常,该类元素共16个，当前第13个
2020-09-07 19:45:48,369 - basepage - INFO - Click back on current page.
2020-09-07 19:45:55,803 - 2 - INFO - 页面"【苹果赛车游戏】好玩的iPhone赛车游戏大全_iPhone赛车类游戏下载-最笨下载"跳转正常,该类元素共16个，当前第14个
2020-09-07 19:45:56,270 - basepage - INFO - Click back on current page.
2020-09-07 19:46:02,889 - 2 - INFO - 页面"【苹果角色扮演游戏】好玩的iphone角色扮演游戏_iPhone角色扮演类游戏下载-最笨下载"跳转正常,该类元素共16个，当前第15个
2020-09-07 19:46:03,117 - basepage - INFO - Click back on current page.
2020-09-07 19:46:10,784 - 2 - INFO - 页面"【安卓动作游戏】好玩的iPhone动作游戏大全_iPhone动作类游戏下载-最笨下载"跳转正常,该类元素共16个，当前第16个
2020-09-07 19:46:11,059 - basepage - INFO - Click back on current page.
2020-09-07 19:46:19,406 - 2 - INFO - 页面"真龙战魂（天天送元宝）ios版_真龙战魂（天天送元宝）ios版下载_真龙战魂（天天送元宝）ios版官方下载-最笨下载"跳转正常,该类元素共18个，当前第1个
2020-09-07 19:46:25,548 - 2 - INFO - 页面"魔域王牌（天天送抽卡）iOS版_魔域王牌（天天送抽卡）iOS版下载_魔域王牌（天天送抽卡）iOS版官方下载-最笨下载"跳转正常,该类元素共18个，当前第2个
2020-09-07 19:46:31,681 - 2 - INFO - 页面"冒险王2（送海量充值）ios版_冒险王2（送海量充值）ios版下载_冒险王2（送海量充值）ios版官方下载-最笨下载"跳转正常,该类元素共18个，当前第3个
2020-09-07 19:46:37,801 - 2 - INFO - 页面"恋三国（送百抽）ios版_恋三国（送百抽）ios版下载_恋三国（送百抽）ios版官方下载-最笨下载"跳转正常,该类元素共18个，当前第4个
2020-09-07 19:46:43,927 - 2 - INFO - 页面"屠龙世界（送GM特权）ios版_屠龙世界（送GM特权）ios版下载_屠龙世界（送GM特权）ios版官方下载-最笨下载"跳转正常,该类元素共18个，当前第5个
2020-09-07 19:46:50,071 - 2 - INFO - 页面"将军道（送百连海量抽）ios版_将军道（送百连海量抽）ios版下载_将军道（送百连海量抽）ios版官方下载-最笨下载"跳转正常,该类元素共18个，当前第6个
2020-09-07 19:46:56,241 - 2 - INFO - 页面"塔防镇魂师（送328代金券）ios版_塔防镇魂师（送328代金券）ios版下载_塔防镇魂师（送328代金券）ios版官方下载-最笨下载"跳转正常,该类元素共18个，当前第7个
2020-09-07 19:47:02,370 - 2 - INFO - 页面"乱斗三国ios版_乱斗三国ios版下载_乱斗三国ios版官方下载-最笨下载"跳转正常,该类元素共18个，当前第8个
2020-09-07 19:47:08,494 - 2 - INFO - 页面"兵器少女（无门槛送充）ios版_兵器少女（无门槛送充）ios版下载_兵器少女（无门槛送充）ios版官方下载-最笨下载"跳转正常,该类元素共18个，当前第9个
2020-09-07 19:47:14,673 - 2 - INFO - 页面"猎手之王ios版_猎手之王ios版下载_猎手之王ios版官方下载-最笨下载"跳转正常,该类元素共18个，当前第10个
2020-09-07 19:47:20,827 - 2 - INFO - 页面"古墓迷城ios版_古墓迷城ios版下载_古墓迷城ios版官方下载-最笨下载"跳转正常,该类元素共18个，当前第11个
2020-09-07 19:47:26,968 - 2 - INFO - 页面"国战纪元ios版_国战纪元ios版下载_国战纪元ios版官方下载-最笨下载"跳转正常,该类元素共18个，当前第12个
2020-09-07 19:47:33,090 - 2 - INFO - 页面"天诀ios版_天诀ios版下载_天诀ios版官方下载-最笨下载"跳转正常,该类元素共18个，当前第13个
2020-09-07 19:47:39,249 - 2 - INFO - 页面"仙剑缘（星耀特权）ios版_仙剑缘（星耀特权）ios版下载_仙剑缘（星耀特权）ios版官方下载-最笨下载"跳转正常,该类元素共18个，当前第14个
2020-09-07 19:47:45,403 - 2 - INFO - 页面"九灵神域ios版_九灵神域ios版下载_九灵神域ios版官方下载-最笨下载"跳转正常,该类元素共18个，当前第15个
2020-09-07 19:47:51,565 - 2 - INFO - 页面"天之命（海量特权）ios版_天之命（海量特权）ios版下载_天之命（海量特权）ios版官方下载-最笨下载"跳转正常,该类元素共18个，当前第16个
2020-09-07 19:47:57,715 - 2 - INFO - 页面"魔剑侠缘（星耀特权）ios版_魔剑侠缘（星耀特权）ios版下载_魔剑侠缘（星耀特权）ios版官方下载-最笨下载"跳转正常,该类元素共18个，当前第17个
2020-09-07 19:48:03,859 - 2 - INFO - 页面"仙灵世界（复古绿色服）ios版_仙灵世界（复古绿色服）ios版下载_仙灵世界（复古绿色服）ios版官方下载-最笨下载"跳转正常,该类元素共18个，当前第18个
2020-09-07 19:48:13,198 - 2 - INFO - 页面"ios无限元宝的手游"跳转正常,该类元素共4个，当前第1个
2020-09-07 19:48:13,426 - basepage - INFO - Click back on current page.
2020-09-07 19:48:19,144 - 2 - INFO - 页面"gm手游助手ios"跳转正常,该类元素共4个，当前第2个
2020-09-07 19:48:19,493 - basepage - INFO - Click back on current page.
2020-09-07 19:48:26,688 - 2 - INFO - 页面"ios变态服游戏"跳转正常,该类元素共4个，当前第3个
2020-09-07 19:48:27,051 - basepage - INFO - Click back on current page.
2020-09-07 19:48:33,663 - 2 - INFO - 页面"ios看小说神器"跳转正常,该类元素共4个，当前第4个
2020-09-07 19:48:34,055 - basepage - INFO - Click back on current page.
2020-09-07 19:48:41,398 - 2 - INFO - 页面"【最笨周末活动】开学大作战，半价十倍活动"跳转正常,该类元素共4个，当前第1个
2020-09-07 19:48:41,616 - basepage - INFO - Click back on current page.
2020-09-07 19:48:47,055 - 2 - INFO - 页面"【最笨周末活动】暑期特惠，月末活动"跳转正常,该类元素共4个，当前第2个
2020-09-07 19:48:47,264 - basepage - INFO - Click back on current page.
2020-09-07 19:48:52,542 - 2 - INFO - 页面"【最笨福利活动】本周8.22-23周末手游公益服超值"跳转正常,该类元素共4个，当前第3个
2020-09-07 19:48:52,907 - basepage - INFO - Click back on current page.
2020-09-07 19:48:58,149 - 2 - INFO - 页面"【最笨周末活动】8.14周末活动壕礼送不停"跳转正常,该类元素共4个，当前第4个
2020-09-07 19:48:58,362 - basepage - INFO - Click back on current page.
2020-09-07 19:49:04,432 - 2 - INFO - 页面"明日之后悬赏狩猎极限模式怎么玩-悬赏狩猎极限"跳转正常,该类元素共20个，当前第1个
2020-09-07 19:49:10,611 - 2 - INFO - 页面"恋爱话术会员破解版免费下载-恋爱话术库VIP会员"跳转正常,该类元素共20个，当前第2个
2020-09-07 19:49:16,756 - 2 - INFO - 页面"恋爱话术库最新破解版无限搜索-最新恋爱话术内"跳转正常,该类元素共20个，当前第3个
2020-09-07 19:49:22,892 - 2 - INFO - 页面"王者荣耀S21赛季哪一个射手最强-S21赛季射手强度"跳转正常,该类元素共20个，当前第4个
2020-09-07 19:49:29,019 - 2 - INFO - 页面"什么软件可以下载游戏破解版"跳转正常,该类元素共20个，当前第5个
2020-09-07 19:49:35,164 - 2 - INFO - 页面"诺亚之心新手野外怎么生存-新手野外生存攻略"跳转正常,该类元素共20个，当前第6个
2020-09-07 19:49:41,312 - 2 - INFO - 页面"奥拉星魔神契约怎么打-魔神契约速通攻略"跳转正常,该类元素共20个，当前第7个
2020-09-07 19:49:47,439 - 2 - INFO - 页面"高能手办团新手角色用什么好-新手角色选择攻略"跳转正常,该类元素共20个，当前第8个
2020-09-07 19:49:53,575 - 2 - INFO - 页面"密室逃脱绝境系列10寻梦大作战第11关怎么过-第"跳转正常,该类元素共20个，当前第9个
2020-09-07 19:49:59,704 - 2 - INFO - 页面"密室逃脱绝境系列10寻梦大作战第1关怎么过-第"跳转正常,该类元素共20个，当前第10个
2020-09-07 19:50:05,825 - 2 - INFO - 页面"有什么软件在微信里撩妹自动回复-撩妹自动生成"跳转正常,该类元素共20个，当前第11个
2020-09-07 19:50:11,962 - 2 - INFO - 页面"撩妹恋爱话术库app下载推荐-破解版撩妹恋爱话术"跳转正常,该类元素共20个，当前第12个
2020-09-07 19:50:18,089 - 2 - INFO - 页面"卡牌养成手游排行榜前十名好玩的卡牌养成手游"跳转正常,该类元素共20个，当前第13个
2020-09-07 19:50:24,213 - 2 - INFO - 页面"2020最适合平民玩的卡牌游戏-平民玩的卡牌手机游"跳转正常,该类元素共20个，当前第14个
2020-09-07 19:50:30,351 - 2 - INFO - 页面"什么手游好玩不花时间不花钱-好玩不花时间不花"跳转正常,该类元素共20个，当前第15个
2020-09-07 19:50:36,517 - 2 - INFO - 页面"脑洞先生关卡388怎么过"跳转正常,该类元素共20个，当前第16个
2020-09-07 19:50:42,635 - 2 - INFO - 页面"脑洞先生关卡364怎么过"跳转正常,该类元素共20个，当前第17个
2020-09-07 19:50:48,787 - 2 - INFO - 页面"脑洞先生关卡511怎么过"跳转正常,该类元素共20个，当前第18个
2020-09-07 19:50:54,923 - 2 - INFO - 页面"脑洞先生关卡485怎么过"跳转正常,该类元素共20个，当前第19个
2020-09-07 19:51:01,048 - 2 - INFO - 页面"脑洞先生关卡408怎么过"跳转正常,该类元素共20个，当前第20个
2020-09-07 19:51:07,238 - 2 - INFO - 页面"apk3安卓网-2020最新apk安卓游戏-热门apk软件下载平台"跳转正常,该类元素共34个，当前第1个
2020-09-07 19:51:13,349 - 2 - INFO - 页面"小游戏,在线小游戏,小游戏大全,双人小游戏,3199小游戏"跳转正常,该类元素共34个，当前第2个
2020-09-07 19:51:19,491 - 2 - INFO - 页面"中文网站排行榜_alexa排行 - 爱站网站排行榜"跳转正常,该类元素共34个，当前第3个
2020-09-07 19:51:25,623 - 2 - INFO - 页面"9号下载_下载软件_免费下载单机游戏_手机游戏下载大全"跳转正常,该类元素共34个，当前第4个
2020-09-07 19:51:36,207 - 2 - INFO - 页面"软件下载中心_绿色免费软件,手机游戏|软件下载,到超人软件站"跳转正常,该类元素共34个，当前第5个
2020-09-07 19:51:42,348 - 2 - INFO - 页面"系统圣地,绿色免费软件,手游下载等软件下载网站"跳转正常,该类元素共34个，当前第6个
2020-09-07 19:51:48,517 - 2 - INFO - 页面"腾讯手游助手官网，官网指定模拟器，海量游戏玩不停"跳转正常,该类元素共34个，当前第7个
2020-09-07 19:51:54,664 - 2 - INFO - 页面"好看小说推荐_热门小说大全_小说排行榜 - 玖陆文学"跳转正常,该类元素共34个，当前第8个
2020-09-07 19:52:00,801 - 2 - INFO - 页面"IE8 IE9 IE10 IE浏览器下载 - IE浏览器中文网站"跳转正常,该类元素共34个，当前第9个
2020-09-07 19:52:06,928 - 2 - INFO - 页面"bt手游平台_满v手游公益服_gm手游排行榜_3733游戏盒子官网"跳转正常,该类元素共34个，当前第10个
2020-09-07 19:52:13,143 - 2 - INFO - 页面"bt公益服变态手游排行榜前十名[新开公测热门+在线人多+免费大型网游]新开最热门好玩人气高的网络游戏有什么_安卓苹果ios客户端游戏下载大全_8979游戏官网"跳转正常,该类元素共34个，当前第11个
2020-09-07 19:52:19,265 - 2 - INFO - 页面"【破解版手机游戏】手机破解游戏下载_安卓手机游戏破解版下载大全-最笨下载"跳转正常,该类元素共34个，当前第12个
2020-09-07 19:52:25,416 - 2 - INFO - 页面"windows10系统之家 - 系统之家提供win10专业版,ISO镜像,企业版等win10系统下载"跳转正常,该类元素共34个，当前第13个
2020-09-07 19:52:31,563 - 2 - INFO - 页面"39整形美容_中国专业医学整形美容门户"跳转正常,该类元素共34个，当前第14个
2020-09-07 19:52:37,699 - 2 - INFO - 页面"零度软件园_官方软件下载_绿色软件_游戏下载_值得信赖的下载站！"跳转正常,该类元素共34个，当前第15个
2020-09-07 19:52:43,840 - 2 - INFO - 页面"单机游戏_单机游戏下载大全中文版下载_好玩的单机游戏下载基地 - 99单机游戏"跳转正常,该类元素共34个，当前第16个
2020-09-07 19:52:50,590 - 2 - INFO - 页面"安卓市场_安卓游戏破解版下载_单机破解版游戏大全_手机网游下载"跳转正常,该类元素共34个，当前第17个
2020-09-07 19:53:07,915 - 2 - INFO - 页面"手机游戏下载-手机软件下载-电脑软件下载-小黑游戏"跳转正常,该类元素共34个，当前第18个
2020-09-07 19:53:14,045 - 2 - INFO - 页面"手机游戏_手机游戏排行榜_好玩的手机游戏_安卓手机游戏推荐_易玩网"跳转正常,该类元素共34个，当前第19个
2020-09-07 19:53:20,213 - 2 - INFO - 页面"手机游戏_好玩的手机游戏下载_手机游戏排行榜-游戏吧"跳转正常,该类元素共34个，当前第20个
2020-09-07 19:53:26,387 - 2 - INFO - 页面"免费手机游戏_好玩的单机游戏_安卓破解版游戏下载_apk8安卓网"跳转正常,该类元素共34个，当前第21个
2020-09-07 19:53:32,511 - 2 - INFO - 页面"免费手机游戏_好玩的单机游戏_安卓破解版游戏下载_apk8安卓网"跳转正常,该类元素共34个，当前第22个
2020-09-07 19:53:38,626 - 2 - INFO - 页面"安卓破解版游戏下载_单机手机破解游戏大全_免费游戏破解版下载-最笨下载"跳转正常,该类元素共34个，当前第23个
2020-09-07 19:53:44,778 - 2 - INFO - 页面"app.3987.com"跳转正常,该类元素共34个，当前第24个
2020-09-07 19:53:50,890 - 2 - INFO - 页面"可可出招表-流星蝴蝶剑出招表-拳皇97出招表-手机游戏-绿色软件下载"跳转正常,该类元素共34个，当前第25个
2020-09-07 19:53:56,974 - 2 - INFO - 页面"爪游控 | 新锐综合资讯媒体"跳转正常,该类元素共34个，当前第26个
2020-09-07 19:54:03,110 - 2 - INFO - 页面"3733游戏盒官网_bt游戏_满vip手游_gm手游大全_破解游戏盒子下载"跳转正常,该类元素共34个，当前第27个
2020-09-07 19:54:10,964 - 2 - INFO - 页面"绿色免费电脑软件下载_手机软件游戏下载中心-520下载站"跳转正常,该类元素共34个，当前第28个
2020-09-07 19:54:19,099 - 2 - INFO - 页面"免费大型经典安卓破解版单机游戏下载排行榜_手机最火爆最新出热门好玩人气高3DBT网络游戏有什么_破解游戏盒子软件大全-下载多"跳转正常,该类元素共34个，当前第29个
2020-09-07 19:54:25,242 - 2 - INFO - 页面"3733游戏盒官网_bt游戏_满vip手游_gm手游大全_破解游戏盒子下载"跳转正常,该类元素共34个，当前第30个
2020-09-07 19:54:34,344 - 2 - INFO - 页面"VR之家_专业VR游戏软件下载网站_VR应用_VR电影_VR视频_VR资源-VR之家"跳转正常,该类元素共34个，当前第31个
2020-09-07 19:54:40,467 - 2 - INFO - 页面"手机玩_免费安卓手机游戏_安卓游戏破解版下载_破解游戏盒子下载"跳转正常,该类元素共34个，当前第32个
2020-09-07 19:54:46,616 - 2 - INFO - 页面"gm手游平台_gm手游盒子_gm版手游下载_3733游戏官网"跳转正常,该类元素共34个，当前第33个
2020-09-07 19:54:59,421 - 2 - INFO - 页面"gm手游平台_gm版无限元宝手游_gm手游盒子下载_gm助手官网"跳转正常,该类元素共34个，当前第34个
2020-09-07 19:55:05,035 - 2 - INFO - 进入"游戏"模块，将执行随机函数
2020-09-07 19:55:07,316 - 2 - INFO - 随机页面"妖神记（抽动漫周边）"跳转正常，当前第1个
2020-09-07 19:55:07,419 - basepage - INFO - Click back on current page.
2020-09-07 19:55:12,053 - 2 - INFO - 随机页面"凡人飞仙传（六界纷争）"跳转正常，当前第2个
2020-09-07 19:55:12,150 - basepage - INFO - Click back on current page.
2020-09-07 19:55:16,475 - 2 - INFO - 随机页面"怒火一刀（天天送充值）"跳转正常，当前第3个
2020-09-07 19:55:16,593 - basepage - INFO - Click back on current page.
2020-09-07 19:55:21,011 - 2 - INFO - 随机页面"女神联盟2（送500充值）"跳转正常，当前第1个
2020-09-07 19:55:21,120 - basepage - INFO - Click back on current page.
2020-09-07 19:55:26,303 - 2 - INFO - 随机页面"仙风道骨（送GM海量充）"跳转正常，当前第2个
2020-09-07 19:55:26,429 - basepage - INFO - Click back on current page.
2020-09-07 19:55:30,689 - 2 - INFO - 随机页面"乱戳三国2（送GM特权）"跳转正常，当前第3个
2020-09-07 19:55:30,781 - basepage - INFO - Click back on current page.
2020-09-07 19:55:37,526 - 2 - INFO - 进入"应用"模块，将执行随机函数
2020-09-07 19:55:40,870 - 2 - INFO - 随机页面"gm游戏盒"跳转正常，当前第1个
2020-09-07 19:55:40,968 - basepage - INFO - Click back on current page.
2020-09-07 19:55:46,312 - 2 - INFO - 随机页面"抖音撩妹话术app"跳转正常，当前第2个
2020-09-07 19:55:46,424 - basepage - INFO - Click back on current page.
2020-09-07 19:55:51,154 - 2 - INFO - 随机页面"土味情话"跳转正常，当前第3个
2020-09-07 19:55:51,261 - basepage - INFO - Click back on current page.
2020-09-07 19:55:55,563 - 2 - INFO - 随机页面"吾爱看书"跳转正常，当前第1个
2020-09-07 19:55:55,657 - basepage - INFO - Click back on current page.
2020-09-07 19:56:00,008 - 2 - INFO - 随机页面"恋爱话术"跳转正常，当前第2个
2020-09-07 19:56:00,145 - basepage - INFO - Click back on current page.
2020-09-07 19:56:04,420 - 2 - INFO - 随机页面"gm游戏盒"跳转正常，当前第3个
2020-09-07 19:56:04,518 - basepage - INFO - Click back on current page.
2020-09-07 19:56:11,411 - 2 - INFO - 进入"资讯"模块，将执行随机函数
2020-09-07 19:56:13,899 - 2 - INFO - 随机页面"和平精英吉利姐的祝福怎么得-吉利姐的祝福获得攻略"跳转正常，当前第1个
2020-09-07 19:56:14,046 - basepage - INFO - Click back on current page.
2020-09-07 19:56:18,688 - 2 - INFO - 随机页面"阴阳师2020周年庆有什么活动-2020周年庆活动解析"跳转正常，当前第2个
2020-09-07 19:56:18,800 - basepage - INFO - Click back on current page.
2020-09-07 19:56:23,884 - 2 - INFO - 随机页面"使命召唤手游炸弹小飞机怎么用-炸弹小飞机使用技巧"跳转正常，当前第3个
2020-09-07 19:56:23,971 - basepage - INFO - Click back on current page.
2020-09-07 19:56:28,225 - 2 - INFO - 随机页面"少年群侠传（送千元充值）"跳转正常，当前第1个
2020-09-07 19:56:28,314 - basepage - INFO - Click back on current page.
2020-09-07 19:56:32,622 - 2 - INFO - 随机页面"魔侠传（开服送2000充）"跳转正常，当前第2个
2020-09-07 19:56:32,717 - basepage - INFO - Click back on current page.
2020-09-07 19:56:36,915 - 2 - INFO - 随机页面"女神联盟2（送500充值）"跳转正常，当前第3个
2020-09-07 19:56:37,013 - basepage - INFO - Click back on current page.
2020-09-07 19:56:42,939 - 2 - INFO - 进入"专题"模块，将执行随机函数
2020-09-07 19:56:57,285 - 2 - INFO - 进入"电脑"模块，将执行随机函数
2020-09-07 19:56:59,811 - 2 - INFO - 随机页面"仙灵世界（送海量连抽）"跳转正常，当前第1个
2020-09-07 19:56:59,893 - basepage - INFO - Click back on current page.
2020-09-07 19:57:04,152 - 2 - INFO - 随机页面"怒火一刀（天天送充值）"跳转正常，当前第2个
2020-09-07 19:57:04,254 - basepage - INFO - Click back on current page.
2020-09-07 19:57:08,508 - 2 - INFO - 随机页面"少年群侠传（送千元充值）"跳转正常，当前第3个
2020-09-07 19:57:08,592 - basepage - INFO - Click back on current page.
2020-09-07 19:57:14,491 - 2 - INFO - 进入"APP大全"模块，将执行随机函数
2020-09-07 19:57:18,565 - 2 - INFO - 页面"SLG"跳转正常,该类元素共16个，当前第1个
2020-09-07 19:57:24,671 - 2 - INFO - 页面"单职业"跳转正常,该类元素共16个，当前第2个
2020-09-07 19:57:30,754 - 2 - INFO - 页面"操作类"跳转正常,该类元素共16个，当前第3个
2020-09-07 19:57:36,853 - 2 - INFO - 页面"修真"跳转正常,该类元素共16个，当前第4个
2020-09-07 19:57:42,943 - 2 - INFO - 页面"组队"跳转正常,该类元素共16个，当前第5个
2020-09-07 19:57:49,024 - 2 - INFO - 页面"团战"跳转正常,该类元素共16个，当前第6个
2020-09-07 19:57:55,117 - 2 - INFO - 页面"多人副本"跳转正常,该类元素共16个，当前第7个
2020-09-07 19:58:01,193 - 2 - INFO - 页面"PVP"跳转正常,该类元素共16个，当前第8个
2020-09-07 19:58:07,325 - 2 - INFO - 页面"精灵类"跳转正常,该类元素共16个，当前第9个
2020-09-07 19:58:13,423 - 2 - INFO - 页面"坐骑"跳转正常,该类元素共16个，当前第10个
2020-09-07 19:58:19,493 - 2 - INFO - 页面"团队竞技"跳转正常,该类元素共16个，当前第11个
2020-09-07 19:58:25,595 - 2 - INFO - 页面"跨服战"跳转正常,该类元素共16个，当前第12个
2020-09-07 19:58:31,675 - 2 - INFO - 页面"卡牌对战"跳转正常,该类元素共16个，当前第13个
2020-09-07 19:58:37,746 - 2 - INFO - 页面"三国回合"跳转正常,该类元素共16个，当前第14个
2020-09-07 19:58:43,841 - 2 - INFO - 页面"卡牌养成"跳转正常,该类元素共16个，当前第15个
2020-09-07 19:58:49,916 - 2 - INFO - 页面"收集"跳转正常,该类元素共16个，当前第16个
2020-09-07 19:58:51,946 - basepage - INFO - zuiben自动化测试结束
