2020-08-24 18:20:06,337 - basepage - INFO - zuiben自动化测试开始
2020-08-24 18:20:06,339 - basepage - INFO - 隐性等待 10 秒
2020-08-24 18:20:11,045 - basepage - INFO - 跳转至https://www.zuiben.com/
2020-08-24 18:20:13,158 - basepage - INFO - 窗口已经最大化
2020-08-24 18:20:19,011 - 2 - INFO - 页面"【安卓游戏】好玩的安卓游戏下载_安卓游戏排行榜_安卓游戏免费下载大全-最笨下载"跳转正常,该类元素共21个，当前第1个
2020-08-24 18:20:19,224 - basepage - INFO - Click back on current page.
2020-08-24 18:20:23,804 - 2 - INFO - 页面"变态手游公益服_bt手游变态服_无限元宝bt手游下载_BT手游中心-最笨下载"跳转正常,该类元素共21个，当前第2个
2020-08-24 18:20:24,145 - basepage - INFO - Click back on current page.
2020-08-24 18:20:28,490 - 2 - INFO - 页面"gm版手游_无限元宝/钻石公益服_0元免费gm权限手游下载-最笨下载"跳转正常,该类元素共21个，当前第3个
2020-08-24 18:20:28,694 - basepage - INFO - Click back on current page.
2020-08-24 18:20:35,031 - 2 - INFO - 页面"【苹果游戏】iphone苹果手机游戏下载_iphone苹果游戏排行榜-最笨下载"跳转正常,该类元素共21个，当前第4个
2020-08-24 18:20:35,391 - basepage - INFO - Click back on current page.
2020-08-24 18:20:39,807 - 2 - INFO - 页面"满vip版手游_手游sf送顶级vip_满级vip无限元宝手游下载-最笨下载"跳转正常,该类元素共21个，当前第5个
2020-08-24 18:20:39,995 - basepage - INFO - Click back on current page.
2020-08-24 18:20:46,204 - 2 - INFO - 页面"【安卓软件】安卓软件下载_安卓手机软件下载_安卓软件免费下载大全-最笨下载"跳转正常,该类元素共21个，当前第6个
2020-08-24 18:20:46,584 - basepage - INFO - Click back on current page.
2020-08-24 18:20:52,572 - 2 - INFO - 页面"【苹果软件】iphone苹果下载软件_iphone苹果软件免费下载_苹果软件下载大全-最笨下载"跳转正常,该类元素共21个，当前第7个
2020-08-24 18:20:52,770 - basepage - INFO - Click back on current page.
2020-08-24 18:20:57,315 - 2 - INFO - 页面"【安卓资讯】安卓资讯推荐_安卓资讯大全-最笨下载"跳转正常,该类元素共21个，当前第8个
2020-08-24 18:20:57,534 - basepage - INFO - Click back on current page.
2020-08-24 18:21:01,894 - 2 - INFO - 页面"【安卓游戏攻略】安卓游戏攻略推荐_安卓游戏攻略大全-最笨下载"跳转正常,该类元素共21个，当前第9个
2020-08-24 18:21:02,106 - basepage - INFO - Click back on current page.
2020-08-24 18:21:07,448 - 2 - INFO - 页面"【安卓软件教程】安卓软件教程推荐_安卓软件教程大全-最笨下载"跳转正常,该类元素共21个，当前第10个
2020-08-24 18:21:07,656 - basepage - INFO - Click back on current page.
2020-08-24 18:21:12,146 - 2 - INFO - 页面"【iphone资讯】iphone资讯推荐_iphone资讯大全-最笨下载"跳转正常,该类元素共21个，当前第11个
2020-08-24 18:21:12,391 - basepage - INFO - Click back on current page.
2020-08-24 18:21:17,397 - 2 - INFO - 页面"【iPhone游戏攻略】iPhone游戏攻略推荐_iPhone游戏攻略大全-最笨下载"跳转正常,该类元素共21个，当前第12个
2020-08-24 18:21:17,633 - basepage - INFO - Click back on current page.
2020-08-24 18:21:22,607 - 2 - INFO - 页面"【系统重装教程】电脑重装系统教程_电脑怎么重装系统_重装系统步骤-最笨下载"跳转正常,该类元素共21个，当前第13个
2020-08-24 18:21:22,822 - basepage - INFO - Click back on current page.
2020-08-24 18:21:28,289 - 2 - INFO - 页面"安卓专题-最笨下载"跳转正常,该类元素共21个，当前第14个
2020-08-24 18:21:28,502 - basepage - INFO - Click back on current page.
2020-08-24 18:21:34,539 - 2 - INFO - 页面"游戏专题-最笨下载"跳转正常,该类元素共21个，当前第15个
2020-08-24 18:21:34,741 - basepage - INFO - Click back on current page.
2020-08-24 18:21:39,437 - 2 - INFO - 页面"苹果专题-最笨下载"跳转正常,该类元素共21个，当前第16个
2020-08-24 18:21:39,787 - basepage - INFO - Click back on current page.
2020-08-24 18:21:45,374 - 2 - INFO - 页面"【电脑软件】电脑软件下载_电脑装机必备软件_电脑常用软件下载_电脑软件大全-最笨下载"跳转正常,该类元素共21个，当前第17个
2020-08-24 18:21:45,606 - basepage - INFO - Click back on current page.
2020-08-24 18:21:51,741 - 2 - INFO - 页面"【电脑软件】电脑软件下载_电脑装机必备软件_电脑常用软件下载_电脑软件大全-最笨下载"跳转正常,该类元素共21个，当前第18个
2020-08-24 18:21:52,100 - basepage - INFO - Click back on current page.
2020-08-24 18:21:56,829 - 2 - INFO - 页面"【激活工具】激活windows工具_万能激活工具_windows激活工具下载_自动激活工具-最笨下载"跳转正常,该类元素共21个，当前第19个
2020-08-24 18:21:57,032 - basepage - INFO - Click back on current page.
2020-08-24 18:22:01,176 - 2 - INFO - 页面"【系统重装教程】电脑重装系统教程_电脑怎么重装系统_重装系统步骤-最笨下载"跳转正常,该类元素共21个，当前第20个
2020-08-24 18:22:01,534 - basepage - INFO - Click back on current page.
2020-08-24 18:22:05,765 - 2 - INFO - 页面"【系统重装教程】电脑重装系统教程_电脑怎么重装系统_重装系统步骤-最笨下载"跳转正常,该类元素共21个，当前第21个
2020-08-24 18:22:05,988 - basepage - INFO - Click back on current page.
2020-08-24 18:22:13,872 - 2 - INFO - 页面"家庭教师OL手游"跳转正常,该类元素共10个，当前第1个
2020-08-24 18:22:20,024 - 2 - INFO - 页面"魔女骑士团手游"跳转正常,该类元素共10个，当前第2个
2020-08-24 18:22:26,155 - 2 - INFO - 页面"决胜足球手游"跳转正常,该类元素共10个，当前第3个
2020-08-24 18:22:32,291 - 2 - INFO - 页面"少女战争手游"跳转正常,该类元素共10个，当前第4个
2020-08-24 18:22:38,440 - 2 - INFO - 页面"天神战（魔灵特权）"跳转正常,该类元素共10个，当前第5个
2020-08-24 18:22:44,602 - 2 - INFO - 页面"最Q幻想手游"跳转正常,该类元素共10个，当前第6个
2020-08-24 18:22:50,773 - 2 - INFO - 页面"霸途手游"跳转正常,该类元素共10个，当前第7个
2020-08-24 18:22:56,930 - 2 - INFO - 页面"回到三国志手游"跳转正常,该类元素共10个，当前第8个
2020-08-24 18:23:03,090 - 2 - INFO - 页面"幻游猎人手游"跳转正常,该类元素共10个，当前第9个
2020-08-24 18:23:09,220 - 2 - INFO - 页面"王者荣耀"跳转正常,该类元素共10个，当前第10个
2020-08-24 18:23:15,368 - 2 - INFO - 页面"仙风道骨（送GM海量充）"跳转正常,该类元素共20个，当前第1个
2020-08-24 18:23:21,566 - 2 - INFO - 页面"少年群侠传（送千元充值）"跳转正常,该类元素共20个，当前第2个
2020-08-24 18:23:27,705 - 2 - INFO - 页面"女神联盟2（送500充值）"跳转正常,该类元素共20个，当前第3个
2020-08-24 18:23:33,842 - 2 - INFO - 页面"魔侠传（开服送2000充）"跳转正常,该类元素共20个，当前第4个
2020-08-24 18:23:39,972 - 2 - INFO - 页面"不思议地下城（百抽特权）"跳转正常,该类元素共20个，当前第5个
2020-08-24 18:23:46,113 - 2 - INFO - 页面"仙灵世界（送海量连抽）"跳转正常,该类元素共20个，当前第6个
2020-08-24 18:23:52,263 - 2 - INFO - 页面"机甲战纪（送GM特权）"跳转正常,该类元素共20个，当前第7个
2020-08-24 18:23:58,385 - 2 - INFO - 页面"梦幻江湖（送千万元宝）"跳转正常,该类元素共20个，当前第8个
2020-08-24 18:24:04,542 - 2 - INFO - 页面"剑侠风云（送海量充值）"跳转正常,该类元素共20个，当前第9个
2020-08-24 18:24:10,691 - 2 - INFO - 页面"魔剑侠缘（万元兑换）"跳转正常,该类元素共20个，当前第10个
2020-08-24 18:24:16,852 - 2 - INFO - 页面"魔龙诀（全屏爆宝）"跳转正常,该类元素共20个，当前第11个
2020-08-24 18:24:23,049 - 2 - INFO - 页面"征程三国（送充值）"跳转正常,该类元素共20个，当前第12个
2020-08-24 18:24:29,188 - 2 - INFO - 页面"风之旅团（每日送充值）"跳转正常,该类元素共20个，当前第13个
2020-08-24 18:24:35,357 - 2 - INFO - 页面"冒险之旅（百抽特权）"跳转正常,该类元素共20个，当前第14个
2020-08-24 18:24:41,544 - 2 - INFO - 页面"天天怼三国（送千元充值）"跳转正常,该类元素共20个，当前第15个
2020-08-24 18:24:47,709 - 2 - INFO - 页面"无敌战舰（送百元充值）"跳转正常,该类元素共20个，当前第16个
2020-08-24 18:24:53,852 - 2 - INFO - 页面"妖神记（抽动漫周边）"跳转正常,该类元素共20个，当前第17个
2020-08-24 18:25:00,005 - 2 - INFO - 页面"异能勇者"跳转正常,该类元素共20个，当前第18个
2020-08-24 18:25:06,157 - 2 - INFO - 页面"崩坏西游（送1688元充值）"跳转正常,该类元素共20个，当前第19个
2020-08-24 18:25:12,313 - 2 - INFO - 页面"纵剑仙界（送VIP代金券）"跳转正常,该类元素共20个，当前第20个
2020-08-24 18:25:20,257 - 2 - INFO - 页面"仙风道骨（送GM海量充）"跳转正常,该类元素共10个，当前第1个
2020-08-24 18:25:26,389 - 2 - INFO - 页面"少年群侠传（送千元充值）"跳转正常,该类元素共10个，当前第2个
2020-08-24 18:25:32,529 - 2 - INFO - 页面"女神联盟2（送500充值）"跳转正常,该类元素共10个，当前第3个
2020-08-24 18:25:38,647 - 2 - INFO - 页面"魔侠传（开服送2000充）"跳转正常,该类元素共10个，当前第4个
2020-08-24 18:25:44,780 - 2 - INFO - 页面"不思议地下城（百抽特权）"跳转正常,该类元素共10个，当前第5个
2020-08-24 18:25:50,936 - 2 - INFO - 页面"仙灵世界（送海量连抽）"跳转正常,该类元素共10个，当前第6个
2020-08-24 18:25:57,100 - 2 - INFO - 页面"机甲战纪（送GM特权）"跳转正常,该类元素共10个，当前第7个
2020-08-24 18:26:03,265 - 2 - INFO - 页面"梦幻江湖（送千万元宝）"跳转正常,该类元素共10个，当前第8个
2020-08-24 18:26:09,424 - 2 - INFO - 页面"剑侠风云（送海量充值）"跳转正常,该类元素共10个，当前第9个
2020-08-24 18:26:15,559 - 2 - INFO - 页面"魔剑侠缘（万元兑换）"跳转正常,该类元素共10个，当前第10个
2020-08-24 18:26:21,721 - 2 - INFO - 页面"武器之王（满屏爆装）"跳转正常,该类元素共20个，当前第1个
2020-08-24 18:26:27,867 - 2 - INFO - 页面"仙风道骨（送GM海量充）"跳转正常,该类元素共20个，当前第2个
2020-08-24 18:26:34,004 - 2 - INFO - 页面"少年群侠传（送千元充值）"跳转正常,该类元素共20个，当前第3个
2020-08-24 18:26:40,165 - 2 - INFO - 页面"女神联盟2（送500充值）"跳转正常,该类元素共20个，当前第4个
2020-08-24 18:26:46,305 - 2 - INFO - 页面"星辰变（送百元永抽）"跳转正常,该类元素共20个，当前第5个
2020-08-24 18:26:52,437 - 2 - INFO - 页面"魔侠传（开服送2000充）"跳转正常,该类元素共20个，当前第6个
2020-08-24 18:26:58,575 - 2 - INFO - 页面"不思议地下城（百抽特权）"跳转正常,该类元素共20个，当前第7个
2020-08-24 18:27:04,698 - 2 - INFO - 页面"仙灵世界（送海量连抽）"跳转正常,该类元素共20个，当前第8个
2020-08-24 18:27:10,818 - 2 - INFO - 页面"神龙猎手（开局送万抽）"跳转正常,该类元素共20个，当前第9个
2020-08-24 18:27:16,952 - 2 - INFO - 页面"机甲战纪（送GM特权）"跳转正常,该类元素共20个，当前第10个
2020-08-24 18:27:23,096 - 2 - INFO - 页面"梦幻江湖（送千万元宝）"跳转正常,该类元素共20个，当前第11个
2020-08-24 18:27:29,277 - 2 - INFO - 页面"九曲封神（送海量充值）"跳转正常,该类元素共20个，当前第12个
2020-08-24 18:27:35,428 - 2 - INFO - 页面"剑侠风云（送海量充值）"跳转正常,该类元素共20个，当前第13个
2020-08-24 18:27:41,577 - 2 - INFO - 页面"魔剑侠缘（万元兑换）"跳转正常,该类元素共20个，当前第14个
2020-08-24 18:27:47,695 - 2 - INFO - 页面"怒火一刀（天天送充值）"跳转正常,该类元素共20个，当前第15个
2020-08-24 18:27:53,830 - 2 - INFO - 页面"魔龙诀（全屏爆宝）"跳转正常,该类元素共20个，当前第16个
2020-08-24 18:27:59,993 - 2 - INFO - 页面"征程三国（送充值）"跳转正常,该类元素共20个，当前第17个
2020-08-24 18:28:06,138 - 2 - INFO - 页面"凡人飞仙传（六界纷争）"跳转正常,该类元素共20个，当前第18个
2020-08-24 18:28:12,271 - 2 - INFO - 页面"风之旅团（每日送充值）"跳转正常,该类元素共20个，当前第19个
2020-08-24 18:28:18,410 - 2 - INFO - 页面"齐天记（海量资源特权）"跳转正常,该类元素共20个，当前第20个
2020-08-24 18:28:26,374 - 2 - INFO - 页面"少年群侠传（送千元充值）"跳转正常,该类元素共10个，当前第1个
2020-08-24 18:28:32,540 - 2 - INFO - 页面"女神联盟2（送500充值）"跳转正常,该类元素共10个，当前第2个
2020-08-24 18:28:38,672 - 2 - INFO - 页面"魔侠传（开服送2000充）"跳转正常,该类元素共10个，当前第3个
2020-08-24 18:28:44,785 - 2 - INFO - 页面"不思议地下城（百抽特权）"跳转正常,该类元素共10个，当前第4个
2020-08-24 18:28:50,933 - 2 - INFO - 页面"仙灵世界（送海量连抽）"跳转正常,该类元素共10个，当前第5个
2020-08-24 18:28:57,089 - 2 - INFO - 页面"机甲战纪（送GM特权）"跳转正常,该类元素共10个，当前第6个
2020-08-24 18:29:03,208 - 2 - INFO - 页面"梦幻江湖（送千万元宝）"跳转正常,该类元素共10个，当前第7个
2020-08-24 18:29:09,362 - 2 - INFO - 页面"剑侠风云（送海量充值）"跳转正常,该类元素共10个，当前第8个
2020-08-24 18:29:15,518 - 2 - INFO - 页面"魔剑侠缘（万元兑换）"跳转正常,该类元素共10个，当前第9个
2020-08-24 18:29:21,657 - 2 - INFO - 页面"魔龙诀（全屏爆宝）"跳转正常,该类元素共10个，当前第10个
2020-08-24 18:29:27,805 - 2 - INFO - 页面"武器之王（满屏爆装）"跳转正常,该类元素共20个，当前第1个
2020-08-24 18:29:33,939 - 2 - INFO - 页面"仙风道骨（送GM海量充）"跳转正常,该类元素共20个，当前第2个
2020-08-24 18:29:40,098 - 2 - INFO - 页面"少年群侠传（送千元充值）"跳转正常,该类元素共20个，当前第3个
2020-08-24 18:29:46,214 - 2 - INFO - 页面"女神联盟2（送500充值）"跳转正常,该类元素共20个，当前第4个
2020-08-24 18:29:52,359 - 2 - INFO - 页面"星辰变（送百元永抽）"跳转正常,该类元素共20个，当前第5个
2020-08-24 18:29:58,503 - 2 - INFO - 页面"魔侠传（开服送2000充）"跳转正常,该类元素共20个，当前第6个
2020-08-24 18:30:04,651 - 2 - INFO - 页面"不思议地下城（百抽特权）"跳转正常,该类元素共20个，当前第7个
2020-08-24 18:30:10,791 - 2 - INFO - 页面"仙灵世界（送海量连抽）"跳转正常,该类元素共20个，当前第8个
2020-08-24 18:30:16,962 - 2 - INFO - 页面"神龙猎手（开局送万抽）"跳转正常,该类元素共20个，当前第9个
2020-08-24 18:30:23,123 - 2 - INFO - 页面"机甲战纪（送GM特权）"跳转正常,该类元素共20个，当前第10个
2020-08-24 18:30:29,248 - 2 - INFO - 页面"梦幻江湖（送千万元宝）"跳转正常,该类元素共20个，当前第11个
2020-08-24 18:30:35,372 - 2 - INFO - 页面"九曲封神（送海量充值）"跳转正常,该类元素共20个，当前第12个
2020-08-24 18:30:41,487 - 2 - INFO - 页面"剑侠风云（送海量充值）"跳转正常,该类元素共20个，当前第13个
2020-08-24 18:30:47,639 - 2 - INFO - 页面"魔剑侠缘（万元兑换）"跳转正常,该类元素共20个，当前第14个
2020-08-24 18:30:53,787 - 2 - INFO - 页面"怒火一刀（天天送充值）"跳转正常,该类元素共20个，当前第15个
2020-08-24 18:30:59,925 - 2 - INFO - 页面"魔龙诀（全屏爆宝）"跳转正常,该类元素共20个，当前第16个
2020-08-24 18:31:06,043 - 2 - INFO - 页面"征程三国（送充值）"跳转正常,该类元素共20个，当前第17个
2020-08-24 18:31:12,176 - 2 - INFO - 页面"凡人飞仙传（六界纷争）"跳转正常,该类元素共20个，当前第18个
2020-08-24 18:31:18,305 - 2 - INFO - 页面"风之旅团（每日送充值）"跳转正常,该类元素共20个，当前第19个
2020-08-24 18:31:24,472 - 2 - INFO - 页面"齐天记（海量资源特权）"跳转正常,该类元素共20个，当前第20个
2020-08-24 18:31:32,353 - 2 - INFO - 页面"《星辰变（送百元永抽）》上线送百元充值卡*"跳转正常,该类元素共1个，当前第1个
2020-08-24 18:31:32,622 - basepage - INFO - Click back on current page.
2020-08-24 18:31:38,337 - 2 - INFO - 页面"《武器之王（满屏爆装）》上线送VIP10，50万福利"跳转正常,该类元素共1个，当前第1个
2020-08-24 18:31:38,747 - basepage - INFO - Click back on current page.
2020-08-24 18:31:44,457 - 2 - INFO - 页面"《怒火一刀（天天送充值）》创角送满Vip，6888"跳转正常,该类元素共1个，当前第1个
2020-08-24 18:31:44,668 - basepage - INFO - Click back on current page.
2020-08-24 18:31:51,018 - 2 - ERROR - 页面"《凡人飞仙传（六界纷争）》上线赠送VIP8、元宝"跳转异常,该类元素共1个，当前第1个
2020-08-24 18:31:51,671 - basepage - INFO - Click back on current page.
2020-08-24 18:31:58,030 - 2 - ERROR - 页面"《九曲封神（送海量充值）》上线就送VIP8，388"跳转异常,该类元素共1个，当前第1个
2020-08-24 18:31:58,484 - basepage - INFO - Click back on current page.
2020-08-24 18:32:05,058 - 2 - INFO - 页面"【最笨周末活动】8.7 周末活动海量惊喜等你来拿"跳转正常,该类元素共1个，当前第1个
2020-08-24 18:32:05,441 - basepage - INFO - Click back on current page.
2020-08-24 18:32:10,743 - 2 - INFO - 页面"黑暗与荣耀（送史诗宠物）"跳转正常,该类元素共12个，当前第1个
2020-08-24 18:32:11,004 - basepage - INFO - Click back on current page.
2020-08-24 18:32:16,184 - 2 - INFO - 页面"剑心吟（送648充值）"跳转正常,该类元素共12个，当前第2个
2020-08-24 18:32:16,558 - basepage - INFO - Click back on current page.
2020-08-24 18:32:21,575 - 2 - INFO - 页面"一剑问情（海量充值特权）"跳转正常,该类元素共12个，当前第3个
2020-08-24 18:32:21,836 - basepage - INFO - Click back on current page.
2020-08-24 18:32:27,086 - 2 - INFO - 页面"少年勇者团（天天送充值）"跳转正常,该类元素共12个，当前第4个
2020-08-24 18:32:27,494 - basepage - INFO - Click back on current page.
2020-08-24 18:32:32,770 - 2 - INFO - 页面"修仙记（送海量充值）"跳转正常,该类元素共12个，当前第5个
2020-08-24 18:32:33,006 - basepage - INFO - Click back on current page.
2020-08-24 18:32:38,263 - 2 - INFO - 页面"御龙三国志（送真百抽）"跳转正常,该类元素共12个，当前第6个
2020-08-24 18:32:38,730 - basepage - INFO - Click back on current page.
2020-08-24 18:32:43,855 - 2 - INFO - 页面"吞噬苍穹（海量充值卡）"跳转正常,该类元素共12个，当前第7个
2020-08-24 18:32:44,074 - basepage - INFO - Click back on current page.
2020-08-24 18:32:49,120 - 2 - INFO - 页面"刀剑神魔录（1元商城特权）"跳转正常,该类元素共12个，当前第8个
2020-08-24 18:32:49,501 - basepage - INFO - Click back on current page.
2020-08-24 18:32:54,610 - 2 - INFO - 页面"乱世江湖（天天送充值）"跳转正常,该类元素共12个，当前第9个
2020-08-24 18:32:54,854 - basepage - INFO - Click back on current page.
2020-08-24 18:32:59,319 - 2 - INFO - 页面"神龙猎手（开局送万抽）"跳转正常,该类元素共12个，当前第10个
2020-08-24 18:32:59,731 - basepage - INFO - Click back on current page.
2020-08-24 18:33:04,809 - 2 - INFO - 页面"王者战歌（送千元充值）"跳转正常,该类元素共12个，当前第11个
2020-08-24 18:33:05,037 - basepage - INFO - Click back on current page.
2020-08-24 18:33:09,501 - 2 - INFO - 页面"齐天记（海量资源特权）"跳转正常,该类元素共12个，当前第12个
2020-08-24 18:33:09,871 - basepage - INFO - Click back on current page.
2020-08-24 18:33:15,415 - 2 - INFO - 页面"魔兽世界怀旧服2020年6月7日人口普查一览"跳转正常,该类元素共2个，当前第1个
2020-08-24 18:33:15,626 - basepage - INFO - Click back on current page.
2020-08-24 18:33:44,291 - 2 - INFO - 页面"DNF萌噬噬宠物属性怎么样？萌噬噬属性介绍"跳转正常,该类元素共2个，当前第2个
2020-08-24 18:33:44,768 - basepage - INFO - Click back on current page.
2020-08-24 18:33:51,979 - 2 - INFO - 页面"黑神话悟空怎么变身-变身技能玩法解析-最笨下载"跳转正常,该类元素共14个，当前第1个
2020-08-24 18:33:52,185 - basepage - INFO - Click back on current page.
2020-08-24 18:33:59,489 - 2 - INFO - 页面"黑悟空神话在什么平台可以玩-游戏平台-最笨下载"跳转正常,该类元素共14个，当前第2个
2020-08-24 18:33:59,726 - basepage - INFO - Click back on current page.
2020-08-24 18:34:06,870 - 2 - INFO - 页面"黑神话悟空的付费模式是什么-付费模式-最笨下载"跳转正常,该类元素共14个，当前第3个
2020-08-24 18:34:07,305 - basepage - INFO - Click back on current page.
2020-08-24 18:34:14,350 - 2 - INFO - 页面"黑神话悟空有哪些技能-实机演示技能汇总-最笨下载"跳转正常,该类元素共14个，当前第4个
2020-08-24 18:34:14,606 - basepage - INFO - Click back on current page.
2020-08-24 18:34:21,951 - 2 - INFO - 页面"下一站江湖金色武功怎么获得-金色武功获取方法-最笨下载"跳转正常,该类元素共14个，当前第5个
2020-08-24 18:34:22,188 - basepage - INFO - Click back on current page.
2020-08-24 18:34:42,233 - 2 - INFO - 页面"www.zuiben.com"跳转正常,该类元素共14个，当前第6个
2020-08-24 18:34:42,844 - basepage - INFO - Click back on current page.
2020-08-24 18:34:53,353 - 2 - INFO - 页面"王者荣耀七夕返场皮肤什么时候出-2020七夕返场皮肤上线时间-最笨下载"跳转正常,该类元素共14个，当前第7个
2020-08-24 18:34:53,731 - basepage - INFO - Click back on current page.
2020-08-24 18:35:00,900 - 2 - INFO - 页面"魔兽世界怀旧服晒焦的蛋壳任务怎么做-晒焦的蛋壳任务完成流程攻略-最笨下载"跳转正常,该类元素共14个，当前第8个
2020-08-24 18:35:01,098 - basepage - INFO - Click back on current page.
2020-08-24 18:35:08,291 - 2 - INFO - 页面"王者荣耀夏洛特怎么出装-夏洛特出装顺序-最笨下载"跳转正常,该类元素共14个，当前第9个
2020-08-24 18:35:08,730 - basepage - INFO - Click back on current page.
2020-08-24 18:35:15,403 - 2 - INFO - 页面"魔兽世界怀旧服简易便笺任务怎么做-简易便笺任务完成流程攻略-最笨下载"跳转正常,该类元素共14个，当前第10个
2020-08-24 18:35:15,603 - basepage - INFO - Click back on current page.
2020-08-24 18:35:22,949 - 2 - INFO - 页面"王者荣耀夏洛特多少钱-夏洛特价格-最笨下载"跳转正常,该类元素共14个，当前第11个
2020-08-24 18:35:23,160 - basepage - INFO - Click back on current page.
2020-08-24 18:35:29,733 - 2 - INFO - 页面"王者荣耀夏洛特什么时候上线-夏洛特上线时间-最笨下载"跳转正常,该类元素共14个，当前第12个
2020-08-24 18:35:30,262 - basepage - INFO - Click back on current page.
2020-08-24 18:35:37,413 - 2 - INFO - 页面"崩坏3战术特训值得激活吗-战术特训激活建议-最笨下载"跳转正常,该类元素共14个，当前第13个
2020-08-24 18:35:37,612 - basepage - INFO - Click back on current page.
2020-08-24 18:35:44,757 - 2 - INFO - 页面"跑跑卡丁车手游怎么拉黑-屏蔽拉黑功能使用教程-最笨下载"跳转正常,该类元素共14个，当前第14个
2020-08-24 18:35:45,130 - basepage - INFO - Click back on current page.
2020-08-24 18:35:53,027 - 2 - INFO - 页面"大话西游2大保健怎么抢-抢大保健方法"跳转正常,该类元素共2个，当前第1个
2020-08-24 18:35:53,426 - basepage - INFO - Click back on current page.
2020-08-24 18:36:00,214 - 2 - INFO - 页面"部落冲突大本营里面的资源怎么用-大本营资源取"跳转正常,该类元素共2个，当前第2个
2020-08-24 18:36:00,415 - basepage - INFO - Click back on current page.
2020-08-24 18:36:07,053 - 2 - INFO - 页面"变态手游公益服_bt手游变态服_无限元宝bt手游下载_BT手游中心-最笨下载"跳转正常,该类元素共28个，当前第1个
2020-08-24 18:36:07,464 - basepage - INFO - Click back on current page.
2020-08-24 18:36:14,246 - 2 - INFO - 页面"武器之王（满屏爆装）_武器之王（满屏爆装）无限元宝服_SF变态版武器之王（满屏爆装）公益服下载 - 最笨下载"跳转正常,该类元素共28个，当前第2个
2020-08-24 18:36:14,464 - basepage - INFO - Click back on current page.
2020-08-24 18:36:21,083 - 2 - INFO - 页面"满vip版手游_手游sf送顶级vip_满级vip无限元宝手游下载-最笨下载"跳转正常,该类元素共28个，当前第3个
2020-08-24 18:36:21,442 - basepage - INFO - Click back on current page.
2020-08-24 18:36:28,224 - 2 - INFO - 页面"仙风道骨（送GM海量充）_仙风道骨（送GM海量充）无限元宝服_SF变态版仙风道骨（送GM海量充）公益服下载 - 最笨下载"跳转正常,该类元素共28个，当前第4个
2020-08-24 18:36:28,413 - basepage - INFO - Click back on current page.
2020-08-24 18:36:34,887 - 2 - INFO - 页面"变态手游公益服_bt手游变态服_无限元宝bt手游下载_BT手游中心-最笨下载"跳转正常,该类元素共28个，当前第5个
2020-08-24 18:36:35,313 - basepage - INFO - Click back on current page.
2020-08-24 18:36:42,283 - 2 - INFO - 页面"少年群侠传（送千元充值）_少年群侠传（送千元充值）无限元宝服_SF变态版少年群侠传（送千元充值）公益服下载 - 最笨下载"跳转正常,该类元素共28个，当前第6个
2020-08-24 18:36:42,492 - basepage - INFO - Click back on current page.
2020-08-24 18:36:48,942 - 2 - INFO - 页面"满vip版手游_手游sf送顶级vip_满级vip无限元宝手游下载-最笨下载"跳转正常,该类元素共28个，当前第7个
2020-08-24 18:36:49,355 - basepage - INFO - Click back on current page.
2020-08-24 18:36:56,079 - 2 - INFO - 页面"女神联盟2（送500充值）_女神联盟2（送500充值）无限元宝服_SF变态版女神联盟2（送500充值）公益服下载 - 最笨下载"跳转正常,该类元素共28个，当前第8个
2020-08-24 18:36:56,294 - basepage - INFO - Click back on current page.
2020-08-24 18:37:02,755 - 2 - INFO - 页面"变态手游公益服_bt手游变态服_无限元宝bt手游下载_BT手游中心-最笨下载"跳转正常,该类元素共28个，当前第9个
2020-08-24 18:37:03,122 - basepage - INFO - Click back on current page.
2020-08-24 18:37:10,014 - 2 - INFO - 页面"星辰变（送百元永抽）_星辰变（送百元永抽）无限元宝服_SF变态版星辰变（送百元永抽）公益服下载 - 最笨下载"跳转正常,该类元素共28个，当前第10个
2020-08-24 18:37:10,284 - basepage - INFO - Click back on current page.
2020-08-24 18:37:16,740 - 2 - INFO - 页面"满vip版手游_手游sf送顶级vip_满级vip无限元宝手游下载-最笨下载"跳转正常,该类元素共28个，当前第11个
2020-08-24 18:37:17,142 - basepage - INFO - Click back on current page.
2020-08-24 18:37:23,919 - 2 - INFO - 页面"魔侠传（开服送2000充）_魔侠传（开服送2000充）无限元宝服_SF变态版魔侠传（开服送2000充）公益服下载 - 最笨下载"跳转正常,该类元素共28个，当前第12个
2020-08-24 18:37:24,130 - basepage - INFO - Click back on current page.
2020-08-24 18:37:30,569 - 2 - INFO - 页面"变态手游公益服_bt手游变态服_无限元宝bt手游下载_BT手游中心-最笨下载"跳转正常,该类元素共28个，当前第13个
2020-08-24 18:37:31,004 - basepage - INFO - Click back on current page.
2020-08-24 18:37:37,757 - 2 - INFO - 页面"不思议地下城（百抽特权）_不思议地下城（百抽特权）无限元宝服_SF变态版不思议地下城（百抽特权）公益服下载 - 最笨下载"跳转正常,该类元素共28个，当前第14个
2020-08-24 18:37:37,964 - basepage - INFO - Click back on current page.
2020-08-24 18:37:44,414 - 2 - INFO - 页面"满vip版手游_手游sf送顶级vip_满级vip无限元宝手游下载-最笨下载"跳转正常,该类元素共28个，当前第15个
2020-08-24 18:37:44,759 - basepage - INFO - Click back on current page.
2020-08-24 18:37:51,655 - 2 - INFO - 页面"仙灵世界（送海量连抽）_仙灵世界（送海量连抽）无限元宝服_SF变态版仙灵世界（送海量连抽）公益服下载 - 最笨下载"跳转正常,该类元素共28个，当前第16个
2020-08-24 18:37:51,881 - basepage - INFO - Click back on current page.
2020-08-24 18:37:58,341 - 2 - INFO - 页面"变态手游公益服_bt手游变态服_无限元宝bt手游下载_BT手游中心-最笨下载"跳转正常,该类元素共28个，当前第17个
2020-08-24 18:37:58,773 - basepage - INFO - Click back on current page.
2020-08-24 18:38:05,492 - 2 - INFO - 页面"神龙猎手（开局送万抽）_神龙猎手（开局送万抽）无限元宝服_SF变态版神龙猎手（开局送万抽）公益服下载 - 最笨下载"跳转正常,该类元素共28个，当前第18个
2020-08-24 18:38:05,693 - basepage - INFO - Click back on current page.
2020-08-24 18:38:12,139 - 2 - INFO - 页面"满vip版手游_手游sf送顶级vip_满级vip无限元宝手游下载-最笨下载"跳转正常,该类元素共28个，当前第19个
2020-08-24 18:38:12,513 - basepage - INFO - Click back on current page.
2020-08-24 18:38:19,451 - 2 - INFO - 页面"机甲战纪（送GM特权）_机甲战纪（送GM特权）无限元宝服_SF变态版机甲战纪（送GM特权）公益服下载 - 最笨下载"跳转正常,该类元素共28个，当前第20个
2020-08-24 18:38:19,682 - basepage - INFO - Click back on current page.
2020-08-24 18:38:26,147 - 2 - INFO - 页面"变态手游公益服_bt手游变态服_无限元宝bt手游下载_BT手游中心-最笨下载"跳转正常,该类元素共28个，当前第21个
2020-08-24 18:38:26,541 - basepage - INFO - Click back on current page.
2020-08-24 18:38:33,327 - 2 - INFO - 页面"梦幻江湖（送千万元宝）_梦幻江湖（送千万元宝）无限元宝服_SF变态版梦幻江湖（送千万元宝）公益服下载 - 最笨下载"跳转正常,该类元素共28个，当前第22个
2020-08-24 18:38:33,541 - basepage - INFO - Click back on current page.
2020-08-24 18:38:39,981 - 2 - INFO - 页面"变态手游公益服_bt手游变态服_无限元宝bt手游下载_BT手游中心-最笨下载"跳转正常,该类元素共28个，当前第23个
2020-08-24 18:38:40,383 - basepage - INFO - Click back on current page.
2020-08-24 18:38:47,704 - 2 - INFO - 页面"九曲封神（送海量充值）_九曲封神（送海量充值）无限元宝服_SF变态版九曲封神（送海量充值）公益服下载 - 最笨下载"跳转正常,该类元素共28个，当前第24个
2020-08-24 18:38:47,904 - basepage - INFO - Click back on current page.
2020-08-24 18:38:54,349 - 2 - INFO - 页面"变态手游公益服_bt手游变态服_无限元宝bt手游下载_BT手游中心-最笨下载"跳转正常,该类元素共28个，当前第25个
2020-08-24 18:38:54,862 - basepage - INFO - Click back on current page.
2020-08-24 18:39:01,786 - 2 - INFO - 页面"剑侠风云（送海量充值）_剑侠风云（送海量充值）无限元宝服_SF变态版剑侠风云（送海量充值）公益服下载 - 最笨下载"跳转正常,该类元素共28个，当前第26个
2020-08-24 18:39:01,984 - basepage - INFO - Click back on current page.
2020-08-24 18:39:08,446 - 2 - INFO - 页面"满vip版手游_手游sf送顶级vip_满级vip无限元宝手游下载-最笨下载"跳转正常,该类元素共28个，当前第27个
2020-08-24 18:39:08,804 - basepage - INFO - Click back on current page.
2020-08-24 18:39:15,670 - 2 - INFO - 页面"魔剑侠缘（万元兑换）_魔剑侠缘（万元兑换）无限元宝服_SF变态版魔剑侠缘（万元兑换）公益服下载 - 最笨下载"跳转正常,该类元素共28个，当前第28个
2020-08-24 18:39:15,871 - basepage - INFO - Click back on current page.
2020-08-24 18:39:23,957 - 2 - INFO - 页面"无广告看书全免费软件哪个好"跳转正常,该类元素共2个，当前第1个
2020-08-24 18:39:24,357 - basepage - INFO - Click back on current page.
2020-08-24 18:39:32,367 - 2 - INFO - 页面"回复女朋友的软件叫什么"跳转正常,该类元素共2个，当前第2个
2020-08-24 18:39:32,768 - basepage - INFO - Click back on current page.
2020-08-24 18:39:40,267 - 2 - INFO - 页面"【苹果娱乐软件】iPhone手机娱乐软件_iPhone娱乐软件免费下载大全-最笨下载"跳转正常,该类元素共28个，当前第1个
2020-08-24 18:39:40,471 - basepage - INFO - Click back on current page.
2020-08-24 18:39:47,472 - 2 - INFO - 页面"最笨游戏盒子iOS版_最笨游戏盒子iOS版下载_最笨游戏盒子iOS版官方下载-最笨下载"跳转正常,该类元素共28个，当前第2个
2020-08-24 18:39:47,865 - basepage - INFO - Click back on current page.
2020-08-24 18:39:54,434 - 2 - INFO - 页面"【安卓娱乐软件】安卓娱乐软件下载_安卓娱乐软件推荐_安卓娱乐软件大全-最笨下载"跳转正常,该类元素共28个，当前第3个
2020-08-24 18:39:54,672 - basepage - INFO - Click back on current page.
2020-08-24 18:40:12,358 - 2 - INFO - 页面"最笨游戏盒子_最笨游戏盒子下载_最笨游戏盒子官方下载-最笨下载"跳转正常,该类元素共28个，当前第4个
2020-08-24 18:40:13,498 - basepage - INFO - Click back on current page.
2020-08-24 18:40:20,512 - 2 - INFO - 页面"【安卓聊天软件】安卓聊天软件下载_安卓聊天软件排行_安卓聊天软件大全-最笨下载"跳转正常,该类元素共28个，当前第5个
2020-08-24 18:40:20,857 - basepage - INFO - Click back on current page.
2020-08-24 18:40:27,792 - 2 - INFO - 页面"蜜小助_蜜小助下载_蜜小助官方下载-最笨下载"跳转正常,该类元素共28个，当前第6个
2020-08-24 18:40:28,004 - basepage - INFO - Click back on current page.
2020-08-24 18:40:34,458 - 2 - INFO - 页面"【安卓娱乐软件】安卓娱乐软件下载_安卓娱乐软件推荐_安卓娱乐软件大全-最笨下载"跳转正常,该类元素共28个，当前第7个
2020-08-24 18:40:34,900 - basepage - INFO - Click back on current page.
2020-08-24 18:40:41,750 - 2 - INFO - 页面"3733游戏盒子_3733游戏盒子下载_3733游戏盒子官方下载-最笨下载"跳转正常,该类元素共28个，当前第8个
2020-08-24 18:40:41,957 - basepage - INFO - Click back on current page.
2020-08-24 18:40:48,397 - 2 - INFO - 页面"【安卓聊天软件】安卓聊天软件下载_安卓聊天软件排行_安卓聊天软件大全-最笨下载"跳转正常,该类元素共28个，当前第9个
2020-08-24 18:40:48,831 - basepage - INFO - Click back on current page.
2020-08-24 18:40:55,739 - 2 - INFO - 页面"土味情话_土味情话下载_土味情话官方下载-最笨下载"跳转正常,该类元素共28个，当前第10个
2020-08-24 18:40:55,938 - basepage - INFO - Click back on current page.
2020-08-24 18:41:02,387 - 2 - INFO - 页面"【安卓聊天软件】安卓聊天软件下载_安卓聊天软件排行_安卓聊天软件大全-最笨下载"跳转正常,该类元素共28个，当前第11个
2020-08-24 18:41:02,815 - basepage - INFO - Click back on current page.
2020-08-24 18:41:10,271 - 2 - INFO - 页面"恋爱话术_恋爱话术下载_恋爱话术官方下载-最笨下载"跳转正常,该类元素共28个，当前第12个
2020-08-24 18:41:10,508 - basepage - INFO - Click back on current page.
2020-08-24 18:41:16,996 - 2 - INFO - 页面"【安卓聊天软件】安卓聊天软件下载_安卓聊天软件排行_安卓聊天软件大全-最笨下载"跳转正常,该类元素共28个，当前第13个
2020-08-24 18:41:17,428 - basepage - INFO - Click back on current page.
2020-08-24 18:41:24,943 - 2 - INFO - 页面"土味情话社_土味情话社下载_土味情话社官方下载-最笨下载"跳转正常,该类元素共28个，当前第14个
2020-08-24 18:41:25,160 - basepage - INFO - Click back on current page.
2020-08-24 18:41:32,357 - 2 - INFO - 页面"【安卓阅读软件】安卓阅读软件下载_安卓阅读软件哪个好_安卓阅读软件排行-最笨下载"跳转正常,该类元素共28个，当前第15个
2020-08-24 18:41:32,837 - basepage - INFO - Click back on current page.
2020-08-24 18:41:39,758 - 2 - INFO - 页面"吾爱看书_吾爱看书下载_吾爱看书官方下载-最笨下载"跳转正常,该类元素共28个，当前第16个
2020-08-24 18:41:39,966 - basepage - INFO - Click back on current page.
2020-08-24 18:41:47,189 - 2 - INFO - 页面"【苹果阅读软件】iPhone手机阅读软件_iPhone阅读软件免费下载大全-最笨下载"跳转正常,该类元素共28个，当前第17个
2020-08-24 18:41:47,416 - basepage - INFO - Click back on current page.
2020-08-24 18:41:54,817 - 2 - INFO - 页面"吾爱看书ios版_吾爱看书ios版下载_吾爱看书ios版官方下载-最笨下载"跳转正常,该类元素共28个，当前第18个
2020-08-24 18:41:55,180 - basepage - INFO - Click back on current page.
2020-08-24 18:42:01,647 - 2 - INFO - 页面"【安卓聊天软件】安卓聊天软件下载_安卓聊天软件排行_安卓聊天软件大全-最笨下载"跳转正常,该类元素共28个，当前第19个
2020-08-24 18:42:01,854 - basepage - INFO - Click back on current page.
2020-08-24 18:42:09,343 - 2 - INFO - 页面"恋爱话术库_恋爱话术库下载_恋爱话术库官方下载-最笨下载"跳转正常,该类元素共28个，当前第20个
2020-08-24 18:42:09,580 - basepage - INFO - Click back on current page.
2020-08-24 18:42:16,024 - 2 - INFO - 页面"【安卓聊天软件】安卓聊天软件下载_安卓聊天软件排行_安卓聊天软件大全-最笨下载"跳转正常,该类元素共28个，当前第21个
2020-08-24 18:42:16,368 - basepage - INFO - Click back on current page.
2020-08-24 18:42:23,313 - 2 - INFO - 页面"撩吧_撩吧下载_撩吧官方下载-最笨下载"跳转正常,该类元素共28个，当前第22个
2020-08-24 18:42:23,531 - basepage - INFO - Click back on current page.
2020-08-24 18:42:29,973 - 2 - INFO - 页面"【安卓聊天软件】安卓聊天软件下载_安卓聊天软件排行_安卓聊天软件大全-最笨下载"跳转正常,该类元素共28个，当前第23个
2020-08-24 18:42:30,409 - basepage - INFO - Click back on current page.
2020-08-24 18:42:37,750 - 2 - INFO - 页面"遇知音_遇知音下载_遇知音官方下载-最笨下载"跳转正常,该类元素共28个，当前第24个
2020-08-24 18:42:38,006 - basepage - INFO - Click back on current page.
2020-08-24 18:42:44,459 - 2 - INFO - 页面"【安卓聊天软件】安卓聊天软件下载_安卓聊天软件排行_安卓聊天软件大全-最笨下载"跳转正常,该类元素共28个，当前第25个
2020-08-24 18:42:44,867 - basepage - INFO - Click back on current page.
2020-08-24 18:42:52,291 - 2 - INFO - 页面"脱单大师_脱单大师下载_脱单大师官方下载-最笨下载"跳转正常,该类元素共28个，当前第26个
2020-08-24 18:42:52,521 - basepage - INFO - Click back on current page.
2020-08-24 18:42:58,949 - 2 - INFO - 页面"【安卓聊天软件】安卓聊天软件下载_安卓聊天软件排行_安卓聊天软件大全-最笨下载"跳转正常,该类元素共28个，当前第27个
2020-08-24 18:42:59,313 - basepage - INFO - Click back on current page.
2020-08-24 18:43:06,763 - 2 - INFO - 页面"爱情套路_爱情套路下载_爱情套路官方下载-最笨下载"跳转正常,该类元素共28个，当前第28个
2020-08-24 18:43:06,967 - basepage - INFO - Click back on current page.
2020-08-24 18:43:17,014 - 2 - INFO - 页面"【安卓播放器】安卓播放器下载_安卓播放器哪个最好_安卓播放器下载排行-最笨下载"跳转正常,该类元素共19个，当前第1个
2020-08-24 18:43:17,237 - basepage - INFO - Click back on current page.
2020-08-24 18:43:24,631 - 2 - INFO - 页面"【安卓学习软件】安卓学习软件下载_安卓学习软件免费下载_安卓学习软件大全-最笨下载"跳转正常,该类元素共19个，当前第2个
2020-08-24 18:43:25,087 - basepage - INFO - Click back on current page.
2020-08-24 18:43:32,305 - 2 - INFO - 页面"【安卓辅助软件】安卓辅助软件下载_安卓辅助软件推荐_安卓辅助软件大全-最笨下载"跳转正常,该类元素共19个，当前第3个
2020-08-24 18:43:32,569 - basepage - INFO - Click back on current page.
2020-08-24 18:43:39,854 - 2 - INFO - 页面"【安卓输入法】安卓输入法下载_安卓输入法哪个好_安卓输入法怎么用-最笨下载"跳转正常,该类元素共19个，当前第4个
2020-08-24 18:43:40,102 - basepage - INFO - Click back on current page.
2020-08-24 18:43:47,307 - 2 - INFO - 页面"【安卓通信软件】安卓通信软件下载_安卓通信软件推荐_安卓通信软件大全-最笨下载"跳转正常,该类元素共19个，当前第5个
2020-08-24 18:43:47,837 - basepage - INFO - Click back on current page.
2020-08-24 18:43:54,644 - 2 - INFO - 页面"【安卓固件】安卓固件下载_安卓固件包下载_安卓固件管理器-最笨下载"跳转正常,该类元素共19个，当前第6个
2020-08-24 18:43:54,918 - basepage - INFO - Click back on current page.
2020-08-24 18:44:02,188 - 2 - INFO - 页面"【安卓文件管理器】安卓文件管理器下载_安卓文件管理器哪个好_安卓文件管理器中文版-最笨下载"跳转正常,该类元素共19个，当前第7个
2020-08-24 18:44:02,468 - basepage - INFO - Click back on current page.
2020-08-24 18:44:09,930 - 2 - INFO - 页面"【安卓同步软件】安卓同步软件下载_安卓同步软件哪个好_安卓手机同步软件-最笨下载"跳转正常,该类元素共19个，当前第8个
2020-08-24 18:44:10,372 - basepage - INFO - Click back on current page.
2020-08-24 18:44:17,119 - 2 - INFO - 页面"【安卓办公软件】安卓办公软件下载_安卓办公软件哪个好_安卓办公软件哪种最好-最笨下载"跳转正常,该类元素共19个，当前第9个
2020-08-24 18:44:17,383 - basepage - INFO - Click back on current page.
2020-08-24 18:44:24,828 - 2 - INFO - 页面"【安卓理财软件】安卓理财软件下载_安卓理财软件哪个好_安卓理财软件大全-最笨下载"跳转正常,该类元素共19个，当前第10个
2020-08-24 18:44:25,040 - basepage - INFO - Click back on current page.
2020-08-24 18:44:32,433 - 2 - INFO - 页面"【安卓备份软件】安卓备份软件下载_安卓备份软件哪个好_安卓手机备份软件-最笨下载"跳转正常,该类元素共19个，当前第11个
2020-08-24 18:44:32,862 - basepage - INFO - Click back on current page.
2020-08-24 18:44:39,797 - 2 - INFO - 页面"【安卓跑步软件】安卓跑步软件下载_安卓跑步软件哪个好_安卓跑步软件大全-最笨下载"跳转正常,该类元素共19个，当前第12个
2020-08-24 18:44:40,019 - basepage - INFO - Click back on current page.
2020-08-24 18:44:46,798 - 2 - INFO - 页面"【安卓健康管理软件】安卓健康管理软件下载_安卓健康管理软件推荐_安卓健康管理软件大全-最笨下载"跳转正常,该类元素共19个，当前第13个
2020-08-24 18:44:47,051 - basepage - INFO - Click back on current page.
2020-08-24 18:44:53,879 - 2 - INFO - 页面"【安卓系统软件】安卓系统软件下载_安卓系统软件免费下载_安卓系统软件下载工具-最笨下载"跳转正常,该类元素共19个，当前第14个
2020-08-24 18:44:54,304 - basepage - INFO - Click back on current page.
2020-08-24 18:45:00,754 - 2 - INFO - 页面"【安卓聊天软件】安卓聊天软件下载_安卓聊天软件排行_安卓聊天软件大全-最笨下载"跳转正常,该类元素共19个，当前第15个
2020-08-24 18:45:01,015 - basepage - INFO - Click back on current page.
2020-08-24 18:45:08,294 - 2 - INFO - 页面"【安卓应用软件】安卓应用软件排行_好玩的安卓应用软件_好用的安卓应用软件-最笨下载"跳转正常,该类元素共19个，当前第16个
2020-08-24 18:45:08,580 - basepage - INFO - Click back on current page.
2020-08-24 18:45:15,006 - 2 - INFO - 页面"【安卓娱乐软件】安卓娱乐软件下载_安卓娱乐软件推荐_安卓娱乐软件大全-最笨下载"跳转正常,该类元素共19个，当前第17个
2020-08-24 18:45:15,418 - basepage - INFO - Click back on current page.
2020-08-24 18:45:22,850 - 2 - INFO - 页面"【安卓导航软件】安卓导航软件下载_安卓导航软件哪个好_安卓导航软件排名-最笨下载"跳转正常,该类元素共19个，当前第18个
2020-08-24 18:45:23,054 - basepage - INFO - Click back on current page.
2020-08-24 18:45:29,736 - 2 - INFO - 页面"【安卓网络软件】安卓网络软件下载_安卓网络软件推荐_安卓网络软件大全-最笨下载"跳转正常,该类元素共19个，当前第19个
2020-08-24 18:45:30,108 - basepage - INFO - Click back on current page.
2020-08-24 18:45:38,470 - 2 - INFO - 页面"3733手游游戏平台_3733手游游戏平台下载_3733手游游戏平台官方下载-最笨下载"跳转正常,该类元素共18个，当前第1个
2020-08-24 18:45:44,587 - 2 - INFO - 页面"安致手游游戏平台_安致手游游戏平台下载_安致手游游戏平台官方下载-最笨下载"跳转正常,该类元素共18个，当前第2个
2020-08-24 18:45:50,719 - 2 - INFO - 页面"蜜小助会员破解版_蜜小助会员破解版下载_蜜小助会员破解版官方下载-最笨下载"跳转正常,该类元素共18个，当前第3个
2020-08-24 18:45:56,876 - 2 - INFO - 页面"蜜小助vip破解版_蜜小助vip破解版下载_蜜小助vip破解版官方下载-最笨下载"跳转正常,该类元素共18个，当前第4个
2020-08-24 18:46:03,042 - 2 - INFO - 页面"蜜小助内购版_蜜小助内购版下载_蜜小助内购版官方下载-最笨下载"跳转正常,该类元素共18个，当前第5个
2020-08-24 18:46:09,208 - 2 - INFO - 页面"聊天套路安卓版_聊天套路安卓版下载_聊天套路安卓版官方下载-最笨下载"跳转正常,该类元素共18个，当前第6个
2020-08-24 18:46:15,360 - 2 - INFO - 页面"聊天套路破解版_聊天套路破解版下载_聊天套路破解版官方下载-最笨下载"跳转正常,该类元素共18个，当前第7个
2020-08-24 18:46:21,532 - 2 - INFO - 页面"聊天套路软件_聊天套路软件下载_聊天套路软件官方下载-最笨下载"跳转正常,该类元素共18个，当前第8个
2020-08-24 18:46:27,712 - 2 - INFO - 页面"聊天套路_聊天套路下载_聊天套路官方下载-最笨下载"跳转正常,该类元素共18个，当前第9个
2020-08-24 18:46:33,871 - 2 - INFO - 页面"信息回复神器_信息回复神器下载_信息回复神器官方下载-最笨下载"跳转正常,该类元素共18个，当前第10个
2020-08-24 18:46:40,011 - 2 - INFO - 页面"消息回复神器_消息回复神器下载_消息回复神器官方下载-最笨下载"跳转正常,该类元素共18个，当前第11个
2020-08-24 18:46:46,165 - 2 - INFO - 页面"消息回复辅助神器_消息回复辅助神器下载_消息回复辅助神器官方下载-最笨下载"跳转正常,该类元素共18个，当前第12个
2020-08-24 18:46:52,316 - 2 - INFO - 页面"回复神器_回复神器下载_回复神器官方下载-最笨下载"跳转正常,该类元素共18个，当前第13个
2020-08-24 18:46:58,482 - 2 - INFO - 页面"神撩话术大全库_神撩话术大全库下载_神撩话术大全库官方下载-最笨下载"跳转正常,该类元素共18个，当前第14个
2020-08-24 18:47:04,653 - 2 - INFO - 页面"扑鹿_扑鹿下载_扑鹿官方下载-最笨下载"跳转正常,该类元素共18个，当前第15个
2020-08-24 18:47:10,798 - 2 - INFO - 页面"日杂相机_日杂相机下载_日杂相机官方下载-最笨下载"跳转正常,该类元素共18个，当前第16个
2020-08-24 18:47:16,930 - 2 - INFO - 页面"皮皮虾_皮皮虾下载_皮皮虾官方下载-最笨下载"跳转正常,该类元素共18个，当前第17个
2020-08-24 18:47:23,100 - 2 - INFO - 页面"吾爱看书_吾爱看书下载_吾爱看书官方下载-最笨下载"跳转正常,该类元素共18个，当前第18个
2020-08-24 18:47:29,318 - 2 - INFO - 页面"【安卓益智游戏】好玩的安卓益智游戏大全_安卓益智类游戏_益智游戏下载-最笨下载"跳转正常,该类元素共17个，当前第1个
2020-08-24 18:47:29,594 - basepage - INFO - Click back on current page.
2020-08-24 18:47:37,105 - 2 - INFO - 页面"【安卓其他游戏】好玩的安卓其他游戏大全_安卓其他类游戏_其他游戏下载-最笨下载"跳转正常,该类元素共17个，当前第2个
2020-08-24 18:47:37,360 - basepage - INFO - Click back on current page.
2020-08-24 18:47:44,789 - 2 - INFO - 页面"【安卓音乐游戏】好玩的安卓音乐游戏大全_安卓音乐类游戏_音乐游戏下载-最笨下载"跳转正常,该类元素共17个，当前第3个
2020-08-24 18:47:45,219 - basepage - INFO - Click back on current page.
2020-08-24 18:47:52,486 - 2 - INFO - 页面"【安卓网络游戏】好玩的安卓网络游戏大全_安卓网络类游戏_网络游戏下载-最笨下载"跳转正常,该类元素共17个，当前第4个
2020-08-24 18:47:52,725 - basepage - INFO - Click back on current page.
2020-08-24 18:47:59,973 - 2 - INFO - 页面"【安卓格斗游戏】好玩的安卓格斗游戏大全_安卓格斗类游戏_格斗游戏下载-最笨下载"跳转正常,该类元素共17个，当前第5个
2020-08-24 18:48:00,240 - basepage - INFO - Click back on current page.
2020-08-24 18:48:07,252 - 2 - INFO - 页面"【安卓飞行游戏】好玩的安卓飞行游戏大全_安卓飞行类游戏_飞行游戏下载-最笨下载"跳转正常,该类元素共17个，当前第6个
2020-08-24 18:48:07,604 - basepage - INFO - Click back on current page.
2020-08-24 18:48:14,881 - 2 - INFO - 页面"【安卓体育运动游戏】好玩的安卓体育运动游戏大全_安卓体育运动类游戏_体育运动游戏下载-最笨下载"跳转正常,该类元素共17个，当前第7个
2020-08-24 18:48:15,091 - basepage - INFO - Click back on current page.
2020-08-24 18:48:22,336 - 2 - INFO - 页面"【安卓模拟经营游戏】好玩的安卓模拟经营游戏大全_安卓模拟经营类游戏_模拟经营游戏下载-最笨下载"跳转正常,该类元素共17个，当前第8个
2020-08-24 18:48:22,606 - basepage - INFO - Click back on current page.
2020-08-24 18:48:30,048 - 2 - INFO - 页面"【安卓策略游戏】好玩的安卓策略游戏大全_安卓策略类游戏_策略游戏下载-最笨下载"跳转正常,该类元素共17个，当前第9个
2020-08-24 18:48:30,442 - basepage - INFO - Click back on current page.
2020-08-24 18:48:37,739 - 2 - INFO - 页面"【安卓塔防游戏】好玩的安卓塔防游戏大全_安卓塔防类游戏_塔防游戏下载-最笨下载"跳转正常,该类元素共17个，当前第10个
2020-08-24 18:48:37,974 - basepage - INFO - Click back on current page.
2020-08-24 18:48:45,269 - 2 - INFO - 页面"【安卓解谜冒险游戏】好玩的安卓解谜冒险游戏大全_安卓解谜冒险类游戏_解谜冒险游戏下载-最笨下载"跳转正常,该类元素共17个，当前第11个
2020-08-24 18:48:45,507 - basepage - INFO - Click back on current page.
2020-08-24 18:48:52,690 - 2 - INFO - 页面"【安卓射击游戏】好玩的安卓射击游戏大全_安卓射击类游戏_射击游戏下载-最笨下载"跳转正常,该类元素共17个，当前第12个
2020-08-24 18:48:53,103 - basepage - INFO - Click back on current page.
2020-08-24 18:49:00,405 - 2 - INFO - 页面"【安卓棋牌游戏】好玩的安卓棋牌游戏大全_安卓棋牌类游戏_棋牌游戏下载-最笨下载"跳转正常,该类元素共17个，当前第13个
2020-08-24 18:49:00,632 - basepage - INFO - Click back on current page.
2020-08-24 18:49:08,823 - 2 - INFO - 页面"【安卓赛车游戏】好玩的安卓赛车游戏大全_安卓赛车类游戏_赛车游戏下载-最笨下载"跳转正常,该类元素共17个，当前第14个
2020-08-24 18:49:09,029 - basepage - INFO - Click back on current page.
2020-08-24 18:49:15,709 - 2 - INFO - 页面"【安卓角色扮演游戏】好玩的安卓角色扮演游戏大全_安卓角色扮演类游戏_角色扮演游戏下载-最笨下载"跳转正常,该类元素共17个，当前第15个
2020-08-24 18:49:16,061 - basepage - INFO - Click back on current page.
2020-08-24 18:49:22,772 - 2 - INFO - 页面"【安卓动作游戏】好玩的安卓动作游戏大全_安卓动作类游戏_动作游戏下载-最笨下载"跳转正常,该类元素共17个，当前第16个
2020-08-24 18:49:22,978 - basepage - INFO - Click back on current page.
2020-08-24 18:49:30,470 - 2 - INFO - 页面"【安卓休闲游戏】好玩的安卓休闲游戏大全_安卓休闲类游戏_休闲游戏下载-最笨下载"跳转正常,该类元素共17个，当前第17个
2020-08-24 18:49:30,706 - basepage - INFO - Click back on current page.
2020-08-24 18:49:39,103 - 2 - INFO - 页面"炼金国度（送1000元充值）ios版_炼金国度（送1000元充值）ios版下载_炼金国度（送1000元充值）ios版官方下载-最笨下载"跳转正常,该类元素共18个，当前第1个
2020-08-24 18:49:45,239 - 2 - INFO - 页面"国贼顾挽之_国贼顾挽之下载_国贼顾挽之官方下载-最笨下载"跳转正常,该类元素共18个，当前第2个
2020-08-24 18:49:51,380 - 2 - INFO - 页面"大秦黎明_大秦黎明下载_大秦黎明官方下载-最笨下载"跳转正常,该类元素共18个，当前第3个
2020-08-24 18:49:57,532 - 2 - INFO - 页面"怒焰三国杀手游_怒焰三国杀手游下载_怒焰三国杀手游官方下载-最笨下载"跳转正常,该类元素共18个，当前第4个
2020-08-24 18:50:03,698 - 2 - INFO - 页面"末日围城_末日围城下载_末日围城官方下载-最笨下载"跳转正常,该类元素共18个，当前第5个
2020-08-24 18:50:09,874 - 2 - INFO - 页面"天将雄师九游版_天将雄师九游版下载_天将雄师九游版官方下载-最笨下载"跳转正常,该类元素共18个，当前第6个
2020-08-24 18:50:16,048 - 2 - INFO - 页面"诸王黎明_诸王黎明下载_诸王黎明官方下载-最笨下载"跳转正常,该类元素共18个，当前第7个
2020-08-24 18:50:22,203 - 2 - INFO - 页面"一梦江湖九游版_一梦江湖九游版下载_一梦江湖九游版官方下载-最笨下载"跳转正常,该类元素共18个，当前第8个
2020-08-24 18:50:28,374 - 2 - INFO - 页面"NBA篮球大师_NBA篮球大师下载_NBA篮球大师官方下载-最笨下载"跳转正常,该类元素共18个，当前第9个
2020-08-24 18:50:34,552 - 2 - INFO - 页面"萌妖传手游_萌妖传手游下载_萌妖传手游官方下载-最笨下载"跳转正常,该类元素共18个，当前第10个
2020-08-24 18:50:40,687 - 2 - INFO - 页面"中超英雄手游_中超英雄手游下载_中超英雄手游官方下载-最笨下载"跳转正常,该类元素共18个，当前第11个
2020-08-24 18:50:46,814 - 2 - INFO - 页面"三国战天下手游_三国战天下手游下载_三国战天下手游官方下载-最笨下载"跳转正常,该类元素共18个，当前第12个
2020-08-24 18:50:53,565 - 2 - INFO - 页面"拳皇命运_拳皇命运下载_拳皇命运官方下载-最笨下载"跳转正常,该类元素共18个，当前第13个
2020-08-24 18:50:59,714 - 2 - INFO - 页面"电能大亨_电能大亨下载_电能大亨官方下载-最笨下载"跳转正常,该类元素共18个，当前第14个
2020-08-24 18:51:05,895 - 2 - INFO - 页面"驾校模拟器_驾校模拟器下载_驾校模拟器官方下载-最笨下载"跳转正常,该类元素共18个，当前第15个
2020-08-24 18:51:12,041 - 2 - INFO - 页面"暗黑探险2_暗黑探险2下载_暗黑探险2官方下载-最笨下载"跳转正常,该类元素共18个，当前第16个
2020-08-24 18:51:18,178 - 2 - INFO - 页面"风暴山之谜_风暴山之谜下载_风暴山之谜官方下载-最笨下载"跳转正常,该类元素共18个，当前第17个
2020-08-24 18:51:24,312 - 2 - INFO - 页面"炸弹投石机:卡牌战斗_炸弹投石机:卡牌战斗下载_炸弹投石机:卡牌战斗官方下载-最笨下载"跳转正常,该类元素共18个，当前第18个
2020-08-24 18:51:31,662 - 2 - INFO - 页面"变态手游公益服_bt手游变态服_无限元宝bt手游下载_BT手游中心-最笨下载"跳转正常,该类元素共13个，当前第1个
2020-08-24 18:51:31,880 - basepage - INFO - Click back on current page.
2020-08-24 18:51:40,142 - 2 - INFO - 页面"变态手游公益服_bt手游变态服_无限元宝bt手游下载_BT手游中心-最笨下载"跳转正常,该类元素共13个，当前第2个
2020-08-24 18:51:40,666 - basepage - INFO - Click back on current page.
2020-08-24 18:51:48,769 - 2 - INFO - 页面"变态手游公益服_bt手游变态服_无限元宝bt手游下载_BT手游中心-最笨下载"跳转正常,该类元素共13个，当前第3个
2020-08-24 18:51:49,161 - basepage - INFO - Click back on current page.
2020-08-24 18:51:57,441 - 2 - INFO - 页面"变态手游公益服_bt手游变态服_无限元宝bt手游下载_BT手游中心-最笨下载"跳转正常,该类元素共13个，当前第4个
2020-08-24 18:51:57,667 - basepage - INFO - Click back on current page.
2020-08-24 18:52:05,996 - 2 - INFO - 页面"变态手游公益服_bt手游变态服_无限元宝bt手游下载_BT手游中心-最笨下载"跳转正常,该类元素共13个，当前第5个
2020-08-24 18:52:06,435 - basepage - INFO - Click back on current page.
2020-08-24 18:52:14,620 - 2 - INFO - 页面"变态手游公益服_bt手游变态服_无限元宝bt手游下载_BT手游中心-最笨下载"跳转正常,该类元素共13个，当前第6个
2020-08-24 18:52:15,037 - basepage - INFO - Click back on current page.
2020-08-24 18:52:23,416 - 2 - INFO - 页面"变态手游公益服_bt手游变态服_无限元宝bt手游下载_BT手游中心-最笨下载"跳转正常,该类元素共13个，当前第7个
2020-08-24 18:52:23,629 - basepage - INFO - Click back on current page.
2020-08-24 18:52:32,017 - 2 - INFO - 页面"变态手游公益服_bt手游变态服_无限元宝bt手游下载_BT手游中心-最笨下载"跳转正常,该类元素共13个，当前第8个
2020-08-24 18:52:32,234 - basepage - INFO - Click back on current page.
2020-08-24 18:52:40,331 - 2 - INFO - 页面"变态手游公益服_bt手游变态服_无限元宝bt手游下载_BT手游中心-最笨下载"跳转正常,该类元素共13个，当前第9个
2020-08-24 18:52:40,772 - basepage - INFO - Click back on current page.
2020-08-24 18:52:48,912 - 2 - INFO - 页面"变态手游公益服_bt手游变态服_无限元宝bt手游下载_BT手游中心-最笨下载"跳转正常,该类元素共13个，当前第10个
2020-08-24 18:52:49,279 - basepage - INFO - Click back on current page.
2020-08-24 18:52:57,300 - 2 - INFO - 页面"变态手游公益服_bt手游变态服_无限元宝bt手游下载_BT手游中心-最笨下载"跳转正常,该类元素共13个，当前第11个
2020-08-24 18:52:57,529 - basepage - INFO - Click back on current page.
2020-08-24 18:53:05,551 - 2 - INFO - 页面"变态手游公益服_bt手游变态服_无限元宝bt手游下载_BT手游中心-最笨下载"跳转正常,该类元素共13个，当前第12个
2020-08-24 18:53:05,960 - basepage - INFO - Click back on current page.
2020-08-24 18:53:14,624 - 2 - INFO - 页面"变态手游公益服_bt手游变态服_无限元宝bt手游下载_BT手游中心-最笨下载"跳转正常,该类元素共13个，当前第13个
2020-08-24 18:53:15,102 - basepage - INFO - Click back on current page.
2020-08-24 18:53:23,476 - 2 - INFO - 页面"黑暗与荣耀（送史诗宠物）_黑暗与荣耀（送史诗宠物）无限元宝服_SF变态版黑暗与荣耀（送史诗宠物）公益服下载 - 最笨下载"跳转正常,该类元素共18个，当前第1个
2020-08-24 18:53:29,627 - 2 - INFO - 页面"剑心吟（送648充值）_剑心吟（送648充值）无限元宝服_SF变态版剑心吟（送648充值）公益服下载 - 最笨下载"跳转正常,该类元素共18个，当前第2个
2020-08-24 18:53:35,762 - 2 - INFO - 页面"一剑问情（海量充值特权）_一剑问情（海量充值特权）无限元宝服_SF变态版一剑问情（海量充值特权）公益服下载 - 最笨下载"跳转正常,该类元素共18个，当前第3个
2020-08-24 18:53:41,906 - 2 - INFO - 页面"少年勇者团（天天送充值）_少年勇者团（天天送充值）无限元宝服_SF变态版少年勇者团（天天送充值）公益服下载 - 最笨下载"跳转正常,该类元素共18个，当前第4个
2020-08-24 18:53:48,042 - 2 - INFO - 页面"修仙记（送海量充值）_修仙记（送海量充值）无限元宝服_SF变态版修仙记（送海量充值）公益服下载 - 最笨下载"跳转正常,该类元素共18个，当前第5个
2020-08-24 18:53:54,187 - 2 - INFO - 页面"御龙三国志（送真百抽）_御龙三国志（送真百抽）无限元宝服_SF变态版御龙三国志（送真百抽）公益服下载 - 最笨下载"跳转正常,该类元素共18个，当前第6个
2020-08-24 18:54:00,378 - 2 - INFO - 页面"神龙猎手（开局送万抽）_神龙猎手（开局送万抽）无限元宝服_SF变态版神龙猎手（开局送万抽）公益服下载 - 最笨下载"跳转正常,该类元素共18个，当前第7个
2020-08-24 18:54:06,528 - 2 - INFO - 页面"梦幻江湖（送千万元宝）_梦幻江湖（送千万元宝）无限元宝服_SF变态版梦幻江湖（送千万元宝）公益服下载 - 最笨下载"跳转正常,该类元素共18个，当前第8个
2020-08-24 18:54:12,688 - 2 - INFO - 页面"天际征服（送20连抽）_天际征服（送20连抽）无限元宝服_SF变态版天际征服（送20连抽）公益服下载 - 最笨下载"跳转正常,该类元素共18个，当前第9个
2020-08-24 18:54:18,807 - 2 - INFO - 页面"乱斗英雄坛（每日送真充）_乱斗英雄坛（每日送真充）无限元宝服_SF变态版乱斗英雄坛（每日送真充）公益服下载 - 最笨下载"跳转正常,该类元素共18个，当前第10个
2020-08-24 18:54:24,955 - 2 - INFO - 页面"爱宠大冒险（送2K充值）_爱宠大冒险（送2K充值）无限元宝服_SF变态版爱宠大冒险（送2K充值）公益服下载 - 最笨下载"跳转正常,该类元素共18个，当前第11个
2020-08-24 18:54:31,091 - 2 - INFO - 页面"剑侠风云（送海量充值）_剑侠风云（送海量充值）无限元宝服_SF变态版剑侠风云（送海量充值）公益服下载 - 最笨下载"跳转正常,该类元素共18个，当前第12个
2020-08-24 18:54:37,245 - 2 - INFO - 页面"英雄连城（送充值）_英雄连城（送充值）无限元宝服_SF变态版英雄连城（送充值）公益服下载 - 最笨下载"跳转正常,该类元素共18个，当前第13个
2020-08-24 18:54:43,389 - 2 - INFO - 页面"少年君王传（送千元充值）_少年君王传（送千元充值）无限元宝服_SF变态版少年君王传（送千元充值）公益服下载 - 最笨下载"跳转正常,该类元素共18个，当前第14个
2020-08-24 18:54:49,544 - 2 - INFO - 页面"风之旅团（每日送充值）_风之旅团（每日送充值）无限元宝服_SF变态版风之旅团（每日送充值）公益服下载 - 最笨下载"跳转正常,该类元素共18个，当前第15个
2020-08-24 18:54:55,710 - 2 - INFO - 页面"兰陵王（0元购）_兰陵王（0元购）无限元宝服_SF变态版兰陵王（0元购）公益服下载 - 最笨下载"跳转正常,该类元素共18个，当前第16个
2020-08-24 18:55:01,860 - 2 - INFO - 页面"少年群侠传（送千元充值）_少年群侠传（送千元充值）无限元宝服_SF变态版少年群侠传（送千元充值）公益服下载 - 最笨下载"跳转正常,该类元素共18个，当前第17个
2020-08-24 18:55:07,992 - 2 - INFO - 页面"龙枪（登录送千充）_龙枪（登录送千充）无限元宝服_SF变态版龙枪（登录送千充）公益服下载 - 最笨下载"跳转正常,该类元素共18个，当前第18个
2020-08-24 18:55:15,506 - 2 - INFO - 页面"满vip版手游_手游sf送顶级vip_满级vip无限元宝手游下载-最笨下载"跳转正常,该类元素共13个，当前第1个
2020-08-24 18:55:15,807 - basepage - INFO - Click back on current page.
2020-08-24 18:55:23,882 - 2 - INFO - 页面"满vip版手游_手游sf送顶级vip_满级vip无限元宝手游下载-最笨下载"跳转正常,该类元素共13个，当前第2个
2020-08-24 18:55:24,263 - basepage - INFO - Click back on current page.
2020-08-24 18:55:32,854 - 2 - INFO - 页面"满vip版手游_手游sf送顶级vip_满级vip无限元宝手游下载-最笨下载"跳转正常,该类元素共13个，当前第3个
2020-08-24 18:55:33,243 - basepage - INFO - Click back on current page.
2020-08-24 18:55:41,652 - 2 - INFO - 页面"满vip版手游_手游sf送顶级vip_满级vip无限元宝手游下载-最笨下载"跳转正常,该类元素共13个，当前第4个
2020-08-24 18:55:41,863 - basepage - INFO - Click back on current page.
2020-08-24 18:55:49,940 - 2 - INFO - 页面"满vip版手游_手游sf送顶级vip_满级vip无限元宝手游下载-最笨下载"跳转正常,该类元素共13个，当前第5个
2020-08-24 18:55:50,315 - basepage - INFO - Click back on current page.
2020-08-24 18:55:58,535 - 2 - INFO - 页面"满vip版手游_手游sf送顶级vip_满级vip无限元宝手游下载-最笨下载"跳转正常,该类元素共13个，当前第6个
2020-08-24 18:55:58,902 - basepage - INFO - Click back on current page.
2020-08-24 18:56:07,175 - 2 - INFO - 页面"满vip版手游_手游sf送顶级vip_满级vip无限元宝手游下载-最笨下载"跳转正常,该类元素共13个，当前第7个
2020-08-24 18:56:07,438 - basepage - INFO - Click back on current page.
2020-08-24 18:56:15,699 - 2 - INFO - 页面"满vip版手游_手游sf送顶级vip_满级vip无限元宝手游下载-最笨下载"跳转正常,该类元素共13个，当前第8个
2020-08-24 18:56:16,076 - basepage - INFO - Click back on current page.
2020-08-24 18:56:24,234 - 2 - INFO - 页面"满vip版手游_手游sf送顶级vip_满级vip无限元宝手游下载-最笨下载"跳转正常,该类元素共13个，当前第9个
2020-08-24 18:56:24,690 - basepage - INFO - Click back on current page.
2020-08-24 18:56:33,111 - 2 - INFO - 页面"满vip版手游_手游sf送顶级vip_满级vip无限元宝手游下载-最笨下载"跳转正常,该类元素共13个，当前第10个
2020-08-24 18:56:33,370 - basepage - INFO - Click back on current page.
2020-08-24 18:56:41,507 - 2 - INFO - 页面"满vip版手游_手游sf送顶级vip_满级vip无限元宝手游下载-最笨下载"跳转正常,该类元素共13个，当前第11个
2020-08-24 18:56:41,910 - basepage - INFO - Click back on current page.
2020-08-24 18:56:50,416 - 2 - INFO - 页面"满vip版手游_手游sf送顶级vip_满级vip无限元宝手游下载-最笨下载"跳转正常,该类元素共13个，当前第12个
2020-08-24 18:56:50,805 - basepage - INFO - Click back on current page.
2020-08-24 18:56:58,952 - 2 - INFO - 页面"满vip版手游_手游sf送顶级vip_满级vip无限元宝手游下载-最笨下载"跳转正常,该类元素共13个，当前第13个
2020-08-24 18:56:59,165 - basepage - INFO - Click back on current page.
2020-08-24 18:57:07,536 - 2 - INFO - 页面"吞噬苍穹（海量充值卡）_吞噬苍穹（海量充值卡）无限元宝服_SF变态版吞噬苍穹（海量充值卡）公益服下载 - 最笨下载"跳转正常,该类元素共18个，当前第1个
2020-08-24 18:57:13,708 - 2 - INFO - 页面"刀剑神魔录（1元商城特权）_刀剑神魔录（1元商城特权）无限元宝服_SF变态版刀剑神魔录（1元商城特权）公益服下载 - 最笨下载"跳转正常,该类元素共18个，当前第2个
2020-08-24 18:57:19,844 - 2 - INFO - 页面"乱世江湖（天天送充值）_乱世江湖（天天送充值）无限元宝服_SF变态版乱世江湖（天天送充值）公益服下载 - 最笨下载"跳转正常,该类元素共18个，当前第3个
2020-08-24 18:57:25,993 - 2 - INFO - 页面"王者战歌（送千元充值）_王者战歌（送千元充值）无限元宝服_SF变态版王者战歌（送千元充值）公益服下载 - 最笨下载"跳转正常,该类元素共18个，当前第4个
2020-08-24 18:57:32,134 - 2 - INFO - 页面"齐天记（海量资源特权）_齐天记（海量资源特权）无限元宝服_SF变态版齐天记（海量资源特权）公益服下载 - 最笨下载"跳转正常,该类元素共18个，当前第5个
2020-08-24 18:57:38,301 - 2 - INFO - 页面"征程三国（送百抽S神将）_征程三国（送百抽S神将）无限元宝服_SF变态版征程三国（送百抽S神将）公益服下载 - 最笨下载"跳转正常,该类元素共18个，当前第6个
2020-08-24 18:57:44,473 - 2 - INFO - 页面"净化（海量商城特权）_净化（海量商城特权）无限元宝服_SF变态版净化（海量商城特权）公益服下载 - 最笨下载"跳转正常,该类元素共18个，当前第7个
2020-08-24 18:57:50,638 - 2 - INFO - 页面"机甲战纪（送GM特权）_机甲战纪（送GM特权）无限元宝服_SF变态版机甲战纪（送GM特权）公益服下载 - 最笨下载"跳转正常,该类元素共18个，当前第8个
2020-08-24 18:57:56,777 - 2 - INFO - 页面"星星喵（送千元充值）_星星喵（送千元充值）无限元宝服_SF变态版星星喵（送千元充值）公益服下载 - 最笨下载"跳转正常,该类元素共18个，当前第9个
2020-08-24 18:58:02,900 - 2 - INFO - 页面"轩辕剑群侠传（商城特权）_轩辕剑群侠传（商城特权）无限元宝服_SF变态版轩辕剑群侠传（商城特权）公益服下载 - 最笨下载"跳转正常,该类元素共18个，当前第10个
2020-08-24 18:58:09,055 - 2 - INFO - 页面"大秦之帝国崛起（送法拉利）_大秦之帝国崛起（送法拉利）无限元宝服_SF变态版大秦之帝国崛起（送法拉利）公益服下载 - 最笨下载"跳转正常,该类元素共18个，当前第11个
2020-08-24 18:58:15,206 - 2 - INFO - 页面"进击的少女（闯关爆充值）_进击的少女（闯关爆充值）无限元宝服_SF变态版进击的少女（闯关爆充值）公益服下载 - 最笨下载"跳转正常,该类元素共18个，当前第12个
2020-08-24 18:58:21,356 - 2 - INFO - 页面"小小虎将（海量特权）_小小虎将（海量特权）无限元宝服_SF变态版小小虎将（海量特权）公益服下载 - 最笨下载"跳转正常,该类元素共18个，当前第13个
2020-08-24 18:58:27,498 - 2 - INFO - 页面"妖游记（海量送充值）_妖游记（海量送充值）无限元宝服_SF变态版妖游记（海量送充值）公益服下载 - 最笨下载"跳转正常,该类元素共18个，当前第14个
2020-08-24 18:58:33,632 - 2 - INFO - 页面"武龙争道（送海量红将）_武龙争道（送海量红将）无限元宝服_SF变态版武龙争道（送海量红将）公益服下载 - 最笨下载"跳转正常,该类元素共18个，当前第15个
2020-08-24 18:58:39,769 - 2 - INFO - 页面"斗战三国志（送328充值）_斗战三国志（送328充值）无限元宝服_SF变态版斗战三国志（送328充值）公益服下载 - 最笨下载"跳转正常,该类元素共18个，当前第16个
2020-08-24 18:58:45,898 - 2 - INFO - 页面"魔侠传（开服送2000充）_魔侠传（开服送2000充）无限元宝服_SF变态版魔侠传（开服送2000充）公益服下载 - 最笨下载"跳转正常,该类元素共18个，当前第17个
2020-08-24 18:58:52,034 - 2 - INFO - 页面"剑道仙语（送海量元宝）_剑道仙语（送海量元宝）无限元宝服_SF变态版剑道仙语（送海量元宝）公益服下载 - 最笨下载"跳转正常,该类元素共18个，当前第18个
2020-08-24 18:58:59,247 - 2 - INFO - 页面"gm版手游_无限元宝/钻石公益服_0元免费gm权限手游下载-最笨下载"跳转正常,该类元素共13个，当前第1个
2020-08-24 18:58:59,456 - basepage - INFO - Click back on current page.
2020-08-24 18:59:07,400 - 2 - INFO - 页面"gm版手游_无限元宝/钻石公益服_0元免费gm权限手游下载-最笨下载"跳转正常,该类元素共13个，当前第2个
2020-08-24 18:59:07,788 - basepage - INFO - Click back on current page.
2020-08-24 18:59:15,907 - 2 - INFO - 页面"gm版手游_无限元宝/钻石公益服_0元免费gm权限手游下载-最笨下载"跳转正常,该类元素共13个，当前第3个
2020-08-24 18:59:16,305 - basepage - INFO - Click back on current page.
2020-08-24 18:59:24,268 - 2 - INFO - 页面"gm版手游_无限元宝/钻石公益服_0元免费gm权限手游下载-最笨下载"跳转正常,该类元素共13个，当前第4个
2020-08-24 18:59:24,475 - basepage - INFO - Click back on current page.
2020-08-24 18:59:32,538 - 2 - INFO - 页面"gm版手游_无限元宝/钻石公益服_0元免费gm权限手游下载-最笨下载"跳转正常,该类元素共13个，当前第5个
2020-08-24 18:59:32,988 - basepage - INFO - Click back on current page.
2020-08-24 18:59:40,980 - 2 - INFO - 页面"gm版手游_无限元宝/钻石公益服_0元免费gm权限手游下载-最笨下载"跳转正常,该类元素共13个，当前第6个
2020-08-24 18:59:41,385 - basepage - INFO - Click back on current page.
2020-08-24 18:59:49,495 - 2 - INFO - 页面"gm版手游_无限元宝/钻石公益服_0元免费gm权限手游下载-最笨下载"跳转正常,该类元素共13个，当前第7个
2020-08-24 18:59:49,762 - basepage - INFO - Click back on current page.
2020-08-24 18:59:57,751 - 2 - INFO - 页面"gm版手游_无限元宝/钻石公益服_0元免费gm权限手游下载-最笨下载"跳转正常,该类元素共13个，当前第8个
2020-08-24 18:59:58,159 - basepage - INFO - Click back on current page.
2020-08-24 19:00:06,282 - 2 - INFO - 页面"gm版手游_无限元宝/钻石公益服_0元免费gm权限手游下载-最笨下载"跳转正常,该类元素共13个，当前第9个
2020-08-24 19:00:06,671 - basepage - INFO - Click back on current page.
2020-08-24 19:00:14,629 - 2 - INFO - 页面"gm版手游_无限元宝/钻石公益服_0元免费gm权限手游下载-最笨下载"跳转正常,该类元素共13个，当前第10个
2020-08-24 19:00:14,843 - basepage - INFO - Click back on current page.
2020-08-24 19:00:22,794 - 2 - INFO - 页面"gm版手游_无限元宝/钻石公益服_0元免费gm权限手游下载-最笨下载"跳转正常,该类元素共13个，当前第11个
2020-08-24 19:00:23,176 - basepage - INFO - Click back on current page.
2020-08-24 19:00:31,537 - 2 - INFO - 页面"gm版手游_无限元宝/钻石公益服_0元免费gm权限手游下载-最笨下载"跳转正常,该类元素共13个，当前第12个
2020-08-24 19:00:31,997 - basepage - INFO - Click back on current page.
2020-08-24 19:00:39,975 - 2 - INFO - 页面"gm版手游_无限元宝/钻石公益服_0元免费gm权限手游下载-最笨下载"跳转正常,该类元素共13个，当前第13个
2020-08-24 19:00:40,364 - basepage - INFO - Click back on current page.
2020-08-24 19:00:48,750 - 2 - INFO - 页面"九州剑灵（GM版）_九州剑灵（GM版）免费gm权限安卓下载 - 最笨下载"跳转正常,该类元素共18个，当前第1个
2020-08-24 19:00:55,130 - 2 - INFO - 页面"仙游（GM版）_仙游（GM版）免费gm权限安卓下载 - 最笨下载"跳转正常,该类元素共18个，当前第2个
2020-08-24 19:01:01,277 - 2 - INFO - 页面"高达（GM版）_高达（GM版）免费gm权限安卓下载 - 最笨下载"跳转正常,该类元素共18个，当前第3个
2020-08-24 19:01:07,408 - 2 - INFO - 页面"暗黑王者（GM版）_暗黑王者（GM版）免费gm权限安卓下载 - 最笨下载"跳转正常,该类元素共18个，当前第4个
2020-08-24 19:01:13,547 - 2 - INFO - 页面"问鼎封神（GM版）_问鼎封神（GM版）免费gm权限安卓下载 - 最笨下载"跳转正常,该类元素共18个，当前第5个
2020-08-24 19:01:19,680 - 2 - INFO - 页面"仙剑轮回（GM版）_仙剑轮回（GM版）免费gm权限安卓下载 - 最笨下载"跳转正常,该类元素共18个，当前第6个
2020-08-24 19:01:25,828 - 2 - INFO - 页面"神道仙尊（GM版）_神道仙尊（GM版）免费gm权限安卓下载 - 最笨下载"跳转正常,该类元素共18个，当前第7个
2020-08-24 19:01:31,975 - 2 - INFO - 页面"大将无双（GM版）_大将无双（GM版）免费gm权限安卓下载 - 最笨下载"跳转正常,该类元素共18个，当前第8个
2020-08-24 19:01:38,141 - 2 - INFO - 页面"青云剑诀（GM版）_青云剑诀（GM版）免费gm权限安卓下载 - 最笨下载"跳转正常,该类元素共18个，当前第9个
2020-08-24 19:01:44,274 - 2 - INFO - 页面"寂灭剑诀（GM版）_寂灭剑诀（GM版）免费gm权限安卓下载 - 最笨下载"跳转正常,该类元素共18个，当前第10个
2020-08-24 19:01:50,389 - 2 - INFO - 页面"封神记（GM版）_封神记（GM版）免费gm权限安卓下载 - 最笨下载"跳转正常,该类元素共18个，当前第11个
2020-08-24 19:01:56,545 - 2 - INFO - 页面"豪门小老婆（GM版）_豪门小老婆（GM版）免费gm权限安卓下载 - 最笨下载"跳转正常,该类元素共18个，当前第12个
2020-08-24 19:02:02,679 - 2 - INFO - 页面"三生三誓青丘传（GM版）_三生三誓青丘传（GM版）免费gm权限安卓下载 - 最笨下载"跳转正常,该类元素共18个，当前第13个
2020-08-24 19:02:08,831 - 2 - INFO - 页面"毒尊三国（GM版）_毒尊三国（GM版）免费gm权限安卓下载 - 最笨下载"跳转正常,该类元素共18个，当前第14个
2020-08-24 19:02:15,005 - 2 - INFO - 页面"乱世神话（GM版）_乱世神话（GM版）免费gm权限安卓下载 - 最笨下载"跳转正常,该类元素共18个，当前第15个
2020-08-24 19:02:21,145 - 2 - INFO - 页面"天子问剑（GM版）_天子问剑（GM版）免费gm权限安卓下载 - 最笨下载"跳转正常,该类元素共18个，当前第16个
2020-08-24 19:02:27,284 - 2 - INFO - 页面"风云三国（GM版）_风云三国（GM版）免费gm权限安卓下载 - 最笨下载"跳转正常,该类元素共18个，当前第17个
2020-08-24 19:02:33,424 - 2 - INFO - 页面"古惑三国志（GM版）_古惑三国志（GM版）免费gm权限安卓下载 - 最笨下载"跳转正常,该类元素共18个，当前第18个
2020-08-24 19:02:40,994 - 2 - INFO - 页面"免费权限GM游戏"跳转正常,该类元素共4个，当前第1个
2020-08-24 19:02:41,262 - basepage - INFO - Click back on current page.
2020-08-24 19:02:45,955 - 2 - INFO - 页面"聊天回复神器合集"跳转正常,该类元素共4个，当前第2个
2020-08-24 19:02:46,249 - basepage - INFO - Click back on current page.
2020-08-24 19:02:53,651 - 2 - INFO - 页面"超变私服传奇一刀999999级"跳转正常,该类元素共4个，当前第3个
2020-08-24 19:02:53,964 - basepage - INFO - Click back on current page.
2020-08-24 19:02:59,855 - 2 - INFO - 页面"美女爆衣游戏手游"跳转正常,该类元素共4个，当前第4个
2020-08-24 19:03:00,344 - basepage - INFO - Click back on current page.
2020-08-24 19:03:08,168 - 2 - INFO - 页面"【苹果播放器】iPhone手机播放器,iPhone播放器免费下载大全-最笨下载"跳转正常,该类元素共19个，当前第1个
2020-08-24 19:03:08,637 - basepage - INFO - Click back on current page.
2020-08-24 19:03:15,874 - 2 - INFO - 页面"【苹果学习软件】iPhone手机学习软件_iPhone学习软件免费下载大全-最笨下载"跳转正常,该类元素共19个，当前第2个
2020-08-24 19:03:16,100 - basepage - INFO - Click back on current page.
2020-08-24 19:03:22,824 - 2 - INFO - 页面"【苹果辅助软件】iPhone手机辅助软件_iPhone辅助软件免费下载大全-最笨下载"跳转正常,该类元素共19个，当前第3个
2020-08-24 19:03:23,244 - basepage - INFO - Click back on current page.
2020-08-24 19:03:30,610 - 2 - INFO - 页面"【苹果输入法】iPhone手机输入法_iPhone输入法免费下载大全-最笨下载"跳转正常,该类元素共19个，当前第4个
2020-08-24 19:03:30,867 - basepage - INFO - Click back on current page.
2020-08-24 19:03:38,333 - 2 - INFO - 页面"【苹果通信软件】iPhone手机通信软件_iPhone通信软件免费下载大全-最笨下载"跳转正常,该类元素共19个，当前第5个
2020-08-24 19:03:38,757 - basepage - INFO - Click back on current page.
2020-08-24 19:03:45,825 - 2 - INFO - 页面"【苹果固件】iPhone手机固件软件_iPhone固件软件免费下载大全-最笨下载"跳转正常,该类元素共19个，当前第6个
2020-08-24 19:03:46,095 - basepage - INFO - Click back on current page.
2020-08-24 19:03:52,929 - 2 - INFO - 页面"【苹果文件管理软件】iPhone手机文件管理软件_iPhone文件管理软件免费下载大全-最笨下载"跳转正常,该类元素共19个，当前第7个
2020-08-24 19:03:53,176 - basepage - INFO - Click back on current page.
2020-08-24 19:04:00,555 - 2 - INFO - 页面"【苹果同步软件】iPhone手机同步软件_iPhone同步软件免费下载大全-最笨下载"跳转正常,该类元素共19个，当前第8个
2020-08-24 19:04:00,983 - basepage - INFO - Click back on current page.
2020-08-24 19:04:08,430 - 2 - INFO - 页面"【苹果办公软件】iPhone手机办公软件_iPhone办公软件免费下载大全-最笨下载"跳转正常,该类元素共19个，当前第9个
2020-08-24 19:04:08,675 - basepage - INFO - Click back on current page.
2020-08-24 19:04:16,204 - 2 - INFO - 页面"【苹果理财软件】iPhone手机理财软件_iPhone理财软件免费下载大全-最笨下载"跳转正常,该类元素共19个，当前第10个
2020-08-24 19:04:16,517 - basepage - INFO - Click back on current page.
2020-08-24 19:04:24,090 - 2 - INFO - 页面"【苹果备份软件】iPhone手机备份软件_iPhone备份软件免费下载大全-最笨下载"跳转正常,该类元素共19个，当前第11个
2020-08-24 19:04:24,558 - basepage - INFO - Click back on current page.
2020-08-24 19:04:32,030 - 2 - INFO - 页面"【苹果健身软件】iPhone手机健身软件_iPhone健身软件免费下载大全-最笨下载"跳转正常,该类元素共19个，当前第12个
2020-08-24 19:04:32,258 - basepage - INFO - Click back on current page.
2020-08-24 19:04:39,663 - 2 - INFO - 页面"【苹果健康管理软件】iPhone手机健康管理软件_iPhone健康管理软件免费下载大全-最笨下载"跳转正常,该类元素共19个，当前第13个
2020-08-24 19:04:39,898 - basepage - INFO - Click back on current page.
2020-08-24 19:04:47,031 - 2 - INFO - 页面"【苹果系统软件】iPhone手机系统软件_iPhone系统软件免费下载大全-最笨下载"跳转正常,该类元素共19个，当前第14个
2020-08-24 19:04:47,580 - basepage - INFO - Click back on current page.
2020-08-24 19:04:54,316 - 2 - INFO - 页面"【苹果社交软件】iphone手机社交软件_iphone社交软件免费下载大全-最笨下载"跳转正常,该类元素共19个，当前第15个
2020-08-24 19:04:54,549 - basepage - INFO - Click back on current page.
2020-08-24 19:05:01,023 - 2 - INFO - 页面"【苹果娱乐软件】iPhone手机娱乐软件_iPhone娱乐软件免费下载大全-最笨下载"跳转正常,该类元素共19个，当前第16个
2020-08-24 19:05:01,419 - basepage - INFO - Click back on current page.
2020-08-24 19:05:08,184 - 2 - INFO - 页面"【苹果导航】iPhone手机导航软件,iPhone导航软件免费下载大全-最笨下载"跳转正常,该类元素共19个，当前第17个
2020-08-24 19:05:08,599 - basepage - INFO - Click back on current page.
2020-08-24 19:05:15,572 - 2 - INFO - 页面"【苹果网络软件】iPhone手机网络软件,iPhone网络软件免费下载大全-最笨下载"跳转正常,该类元素共19个，当前第18个
2020-08-24 19:05:15,832 - basepage - INFO - Click back on current page.
2020-08-24 19:05:23,141 - 2 - INFO - 页面"【苹果助手软件】iPhone生活助手软件_iPhone生活助手软件免费下载大全-最笨下载"跳转正常,该类元素共19个，当前第19个
2020-08-24 19:05:23,541 - basepage - INFO - Click back on current page.
2020-08-24 19:05:31,905 - 2 - INFO - 页面"安致手游盒子ios版_安致手游盒子ios版下载_安致手游盒子ios版官方下载-最笨下载"跳转正常,该类元素共18个，当前第1个
2020-08-24 19:05:38,054 - 2 - INFO - 页面"爪游控游戏盒子ios版_爪游控游戏盒子ios版下载_爪游控游戏盒子ios版官方下载-最笨下载"跳转正常,该类元素共18个，当前第2个
2020-08-24 19:05:44,188 - 2 - INFO - 页面"手机玩盒子ios版_手机玩盒子ios版下载_手机玩盒子ios版官方下载-最笨下载"跳转正常,该类元素共18个，当前第3个
2020-08-24 19:05:50,332 - 2 - INFO - 页面"蜜小助ios版_蜜小助ios版下载_蜜小助ios版官方下载-最笨下载"跳转正常,该类元素共18个，当前第4个
2020-08-24 19:05:56,434 - 2 - INFO - 页面"BT游戏大全ios_BT游戏大全ios下载_BT游戏大全ios官方下载-最笨下载"跳转正常,该类元素共18个，当前第5个
2020-08-24 19:06:02,553 - 2 - INFO - 页面"小8游戏盒子ios_小8游戏盒子ios下载_小8游戏盒子ios官方下载-最笨下载"跳转正常,该类元素共18个，当前第6个
2020-08-24 19:06:08,676 - 2 - INFO - 页面"安卓市场ios版_安卓市场ios版下载_安卓市场ios版官方下载-最笨下载"跳转正常,该类元素共18个，当前第7个
2020-08-24 19:06:14,809 - 2 - INFO - 页面"剪映_剪映下载_剪映官方下载-最笨下载"跳转正常,该类元素共18个，当前第8个
2020-08-24 19:06:20,970 - 2 - INFO - 页面"吾爱看书ios版_吾爱看书ios版下载_吾爱看书ios版官方下载-最笨下载"跳转正常,该类元素共18个，当前第9个
2020-08-24 19:06:27,141 - 2 - INFO - 页面"7743游戏平台_7743游戏平台下载_7743游戏平台官方下载-最笨下载"跳转正常,该类元素共18个，当前第10个
2020-08-24 19:06:33,272 - 2 - INFO - 页面"搜书帝ios_搜书帝ios下载_搜书帝ios官方下载-最笨下载"跳转正常,该类元素共18个，当前第11个
2020-08-24 19:06:39,449 - 2 - INFO - 页面"大塘小鱼_大塘小鱼下载_大塘小鱼官方下载-最笨下载"跳转正常,该类元素共18个，当前第12个
2020-08-24 19:06:45,596 - 2 - INFO - 页面"花溪小说_花溪小说下载_花溪小说官方下载-最笨下载"跳转正常,该类元素共18个，当前第13个
2020-08-24 19:06:51,752 - 2 - INFO - 页面"手译_手译下载_手译官方下载-最笨下载"跳转正常,该类元素共18个，当前第14个
2020-08-24 19:06:57,909 - 2 - INFO - 页面"sjcam_sjcam下载_sjcam官方下载-最笨下载"跳转正常,该类元素共18个，当前第15个
2020-08-24 19:07:04,071 - 2 - INFO - 页面"WearHeart_WearHeart下载_WearHeart官方下载-最笨下载"跳转正常,该类元素共18个，当前第16个
2020-08-24 19:07:10,214 - 2 - INFO - 页面"仓鼠阅读_仓鼠阅读下载_仓鼠阅读官方下载-最笨下载"跳转正常,该类元素共18个，当前第17个
2020-08-24 19:07:16,369 - 2 - INFO - 页面"漫番漫画_漫番漫画下载_漫番漫画官方下载-最笨下载"跳转正常,该类元素共18个，当前第18个
2020-08-24 19:07:23,746 - 2 - INFO - 页面"变态手游公益服_bt手游变态服_无限元宝bt手游下载_BT手游中心-最笨下载"跳转正常,该类元素共13个，当前第1个
2020-08-24 19:07:24,066 - basepage - INFO - Click back on current page.
2020-08-24 19:07:32,252 - 2 - INFO - 页面"变态手游公益服_bt手游变态服_无限元宝bt手游下载_BT手游中心-最笨下载"跳转正常,该类元素共13个，当前第2个
2020-08-24 19:07:32,690 - basepage - INFO - Click back on current page.
2020-08-24 19:07:40,882 - 2 - INFO - 页面"变态手游公益服_bt手游变态服_无限元宝bt手游下载_BT手游中心-最笨下载"跳转正常,该类元素共13个，当前第3个
2020-08-24 19:07:41,331 - basepage - INFO - Click back on current page.
2020-08-24 19:07:49,590 - 2 - INFO - 页面"变态手游公益服_bt手游变态服_无限元宝bt手游下载_BT手游中心-最笨下载"跳转正常,该类元素共13个，当前第4个
2020-08-24 19:07:49,870 - basepage - INFO - Click back on current page.
2020-08-24 19:07:57,949 - 2 - INFO - 页面"变态手游公益服_bt手游变态服_无限元宝bt手游下载_BT手游中心-最笨下载"跳转正常,该类元素共13个，当前第5个
2020-08-24 19:07:58,434 - basepage - INFO - Click back on current page.
2020-08-24 19:08:06,465 - 2 - INFO - 页面"变态手游公益服_bt手游变态服_无限元宝bt手游下载_BT手游中心-最笨下载"跳转正常,该类元素共13个，当前第6个
2020-08-24 19:08:06,896 - basepage - INFO - Click back on current page.
2020-08-24 19:08:15,103 - 2 - INFO - 页面"变态手游公益服_bt手游变态服_无限元宝bt手游下载_BT手游中心-最笨下载"跳转正常,该类元素共13个，当前第7个
2020-08-24 19:08:15,372 - basepage - INFO - Click back on current page.
2020-08-24 19:08:23,580 - 2 - INFO - 页面"变态手游公益服_bt手游变态服_无限元宝bt手游下载_BT手游中心-最笨下载"跳转正常,该类元素共13个，当前第8个
2020-08-24 19:08:24,047 - basepage - INFO - Click back on current page.
2020-08-24 19:08:32,262 - 2 - INFO - 页面"变态手游公益服_bt手游变态服_无限元宝bt手游下载_BT手游中心-最笨下载"跳转正常,该类元素共13个，当前第9个
2020-08-24 19:08:32,672 - basepage - INFO - Click back on current page.
2020-08-24 19:08:40,765 - 2 - INFO - 页面"变态手游公益服_bt手游变态服_无限元宝bt手游下载_BT手游中心-最笨下载"跳转正常,该类元素共13个，当前第10个
2020-08-24 19:08:41,003 - basepage - INFO - Click back on current page.
2020-08-24 19:08:49,123 - 2 - INFO - 页面"变态手游公益服_bt手游变态服_无限元宝bt手游下载_BT手游中心-最笨下载"跳转正常,该类元素共13个，当前第11个
2020-08-24 19:08:49,538 - basepage - INFO - Click back on current page.
2020-08-24 19:08:57,808 - 2 - INFO - 页面"变态手游公益服_bt手游变态服_无限元宝bt手游下载_BT手游中心-最笨下载"跳转正常,该类元素共13个，当前第12个
2020-08-24 19:08:58,245 - basepage - INFO - Click back on current page.
2020-08-24 19:09:07,333 - 2 - INFO - 页面"变态手游公益服_bt手游变态服_无限元宝bt手游下载_BT手游中心-最笨下载"跳转正常,该类元素共13个，当前第13个
2020-08-24 19:09:07,771 - basepage - INFO - Click back on current page.
2020-08-24 19:09:16,150 - 2 - INFO - 页面"黑暗与荣耀（送史诗宠物）_黑暗与荣耀（送史诗宠物）无限元宝服_SF变态版黑暗与荣耀（送史诗宠物）公益服下载 - 最笨下载"跳转正常,该类元素共18个，当前第1个
2020-08-24 19:09:22,289 - 2 - INFO - 页面"剑心吟（送648充值）_剑心吟（送648充值）无限元宝服_SF变态版剑心吟（送648充值）公益服下载 - 最笨下载"跳转正常,该类元素共18个，当前第2个
2020-08-24 19:09:28,433 - 2 - INFO - 页面"一剑问情（海量充值特权）_一剑问情（海量充值特权）无限元宝服_SF变态版一剑问情（海量充值特权）公益服下载 - 最笨下载"跳转正常,该类元素共18个，当前第3个
2020-08-24 19:09:34,579 - 2 - INFO - 页面"少年勇者团（天天送充值）_少年勇者团（天天送充值）无限元宝服_SF变态版少年勇者团（天天送充值）公益服下载 - 最笨下载"跳转正常,该类元素共18个，当前第4个
2020-08-24 19:09:40,751 - 2 - INFO - 页面"修仙记（送海量充值）_修仙记（送海量充值）无限元宝服_SF变态版修仙记（送海量充值）公益服下载 - 最笨下载"跳转正常,该类元素共18个，当前第5个
2020-08-24 19:09:46,880 - 2 - INFO - 页面"御龙三国志（送真百抽）_御龙三国志（送真百抽）无限元宝服_SF变态版御龙三国志（送真百抽）公益服下载 - 最笨下载"跳转正常,该类元素共18个，当前第6个
2020-08-24 19:09:53,008 - 2 - INFO - 页面"梦幻江湖（送千万元宝）_梦幻江湖（送千万元宝）无限元宝服_SF变态版梦幻江湖（送千万元宝）公益服下载 - 最笨下载"跳转正常,该类元素共18个，当前第7个
2020-08-24 19:09:59,143 - 2 - INFO - 页面"天际征服（送20连抽）_天际征服（送20连抽）无限元宝服_SF变态版天际征服（送20连抽）公益服下载 - 最笨下载"跳转正常,该类元素共18个，当前第8个
2020-08-24 19:10:05,290 - 2 - INFO - 页面"乱斗英雄坛（每日送真充）_乱斗英雄坛（每日送真充）无限元宝服_SF变态版乱斗英雄坛（每日送真充）公益服下载 - 最笨下载"跳转正常,该类元素共18个，当前第9个
2020-08-24 19:10:11,418 - 2 - INFO - 页面"爱宠大冒险（送2K充值）_爱宠大冒险（送2K充值）无限元宝服_SF变态版爱宠大冒险（送2K充值）公益服下载 - 最笨下载"跳转正常,该类元素共18个，当前第10个
2020-08-24 19:10:17,533 - 2 - INFO - 页面"剑侠风云（送海量充值）_剑侠风云（送海量充值）无限元宝服_SF变态版剑侠风云（送海量充值）公益服下载 - 最笨下载"跳转正常,该类元素共18个，当前第11个
2020-08-24 19:10:23,659 - 2 - INFO - 页面"英雄连城（送充值）_英雄连城（送充值）无限元宝服_SF变态版英雄连城（送充值）公益服下载 - 最笨下载"跳转正常,该类元素共18个，当前第12个
2020-08-24 19:10:29,787 - 2 - INFO - 页面"少年君王传（送千元充值）_少年君王传（送千元充值）无限元宝服_SF变态版少年君王传（送千元充值）公益服下载 - 最笨下载"跳转正常,该类元素共18个，当前第13个
2020-08-24 19:10:35,900 - 2 - INFO - 页面"风之旅团（每日送充值）_风之旅团（每日送充值）无限元宝服_SF变态版风之旅团（每日送充值）公益服下载 - 最笨下载"跳转正常,该类元素共18个，当前第14个
2020-08-24 19:10:42,045 - 2 - INFO - 页面"兰陵王（0元购）_兰陵王（0元购）无限元宝服_SF变态版兰陵王（0元购）公益服下载 - 最笨下载"跳转正常,该类元素共18个，当前第15个
2020-08-24 19:10:48,176 - 2 - INFO - 页面"少年群侠传（送千元充值）_少年群侠传（送千元充值）无限元宝服_SF变态版少年群侠传（送千元充值）公益服下载 - 最笨下载"跳转正常,该类元素共18个，当前第16个
2020-08-24 19:10:54,326 - 2 - INFO - 页面"龙枪（登录送千充）_龙枪（登录送千充）无限元宝服_SF变态版龙枪（登录送千充）公益服下载 - 最笨下载"跳转正常,该类元素共18个，当前第17个
2020-08-24 19:11:00,540 - 2 - INFO - 页面"武林霸业（送2000充值）_武林霸业（送2000充值）无限元宝服_SF变态版武林霸业（送2000充值）公益服下载 - 最笨下载"跳转正常,该类元素共18个，当前第18个
2020-08-24 19:11:07,598 - 2 - INFO - 页面"满vip版手游_手游sf送顶级vip_满级vip无限元宝手游下载-最笨下载"跳转正常,该类元素共13个，当前第1个
2020-08-24 19:11:07,843 - basepage - INFO - Click back on current page.
2020-08-24 19:11:16,108 - 2 - INFO - 页面"满vip版手游_手游sf送顶级vip_满级vip无限元宝手游下载-最笨下载"跳转正常,该类元素共13个，当前第2个
2020-08-24 19:11:16,556 - basepage - INFO - Click back on current page.
2020-08-24 19:11:25,160 - 2 - INFO - 页面"满vip版手游_手游sf送顶级vip_满级vip无限元宝手游下载-最笨下载"跳转正常,该类元素共13个，当前第3个
2020-08-24 19:11:25,612 - basepage - INFO - Click back on current page.
2020-08-24 19:11:33,717 - 2 - INFO - 页面"满vip版手游_手游sf送顶级vip_满级vip无限元宝手游下载-最笨下载"跳转正常,该类元素共13个，当前第4个
2020-08-24 19:11:33,993 - basepage - INFO - Click back on current page.
2020-08-24 19:11:41,998 - 2 - INFO - 页面"满vip版手游_手游sf送顶级vip_满级vip无限元宝手游下载-最笨下载"跳转正常,该类元素共13个，当前第5个
2020-08-24 19:11:42,429 - basepage - INFO - Click back on current page.
2020-08-24 19:11:50,779 - 2 - INFO - 页面"满vip版手游_手游sf送顶级vip_满级vip无限元宝手游下载-最笨下载"跳转正常,该类元素共13个，当前第6个
2020-08-24 19:11:51,233 - basepage - INFO - Click back on current page.
2020-08-24 19:11:59,201 - 2 - INFO - 页面"满vip版手游_手游sf送顶级vip_满级vip无限元宝手游下载-最笨下载"跳转正常,该类元素共13个，当前第7个
2020-08-24 19:11:59,659 - basepage - INFO - Click back on current page.
2020-08-24 19:12:07,674 - 2 - INFO - 页面"满vip版手游_手游sf送顶级vip_满级vip无限元宝手游下载-最笨下载"跳转正常,该类元素共13个，当前第8个
2020-08-24 19:12:07,940 - basepage - INFO - Click back on current page.
2020-08-24 19:12:15,953 - 2 - INFO - 页面"满vip版手游_手游sf送顶级vip_满级vip无限元宝手游下载-最笨下载"跳转正常,该类元素共13个，当前第9个
2020-08-24 19:12:16,343 - basepage - INFO - Click back on current page.
2020-08-24 19:12:24,410 - 2 - INFO - 页面"满vip版手游_手游sf送顶级vip_满级vip无限元宝手游下载-最笨下载"跳转正常,该类元素共13个，当前第10个
2020-08-24 19:12:24,854 - basepage - INFO - Click back on current page.
2020-08-24 19:12:32,966 - 2 - INFO - 页面"满vip版手游_手游sf送顶级vip_满级vip无限元宝手游下载-最笨下载"跳转正常,该类元素共13个，当前第11个
2020-08-24 19:12:33,240 - basepage - INFO - Click back on current page.
2020-08-24 19:12:41,277 - 2 - INFO - 页面"满vip版手游_手游sf送顶级vip_满级vip无限元宝手游下载-最笨下载"跳转正常,该类元素共13个，当前第12个
2020-08-24 19:12:41,842 - basepage - INFO - Click back on current page.
2020-08-24 19:12:50,609 - 2 - INFO - 页面"满vip版手游_手游sf送顶级vip_满级vip无限元宝手游下载-最笨下载"跳转正常,该类元素共13个，当前第13个
2020-08-24 19:12:51,070 - basepage - INFO - Click back on current page.
2020-08-24 19:12:59,424 - 2 - INFO - 页面"吞噬苍穹（海量充值卡）_吞噬苍穹（海量充值卡）无限元宝服_SF变态版吞噬苍穹（海量充值卡）公益服下载 - 最笨下载"跳转正常,该类元素共18个，当前第1个
2020-08-24 19:13:05,625 - 2 - INFO - 页面"刀剑神魔录（1元商城特权）_刀剑神魔录（1元商城特权）无限元宝服_SF变态版刀剑神魔录（1元商城特权）公益服下载 - 最笨下载"跳转正常,该类元素共18个，当前第2个
2020-08-24 19:13:11,780 - 2 - INFO - 页面"乱世江湖（天天送充值）_乱世江湖（天天送充值）无限元宝服_SF变态版乱世江湖（天天送充值）公益服下载 - 最笨下载"跳转正常,该类元素共18个，当前第3个
2020-08-24 19:13:17,916 - 2 - INFO - 页面"王者战歌（送千元充值）_王者战歌（送千元充值）无限元宝服_SF变态版王者战歌（送千元充值）公益服下载 - 最笨下载"跳转正常,该类元素共18个，当前第4个
2020-08-24 19:13:24,048 - 2 - INFO - 页面"齐天记（海量资源特权）_齐天记（海量资源特权）无限元宝服_SF变态版齐天记（海量资源特权）公益服下载 - 最笨下载"跳转正常,该类元素共18个，当前第5个
2020-08-24 19:13:30,180 - 2 - INFO - 页面"征程三国（送百抽S神将）_征程三国（送百抽S神将）无限元宝服_SF变态版征程三国（送百抽S神将）公益服下载 - 最笨下载"跳转正常,该类元素共18个，当前第6个
2020-08-24 19:13:36,335 - 2 - INFO - 页面"机甲战纪（送GM特权）_机甲战纪（送GM特权）无限元宝服_SF变态版机甲战纪（送GM特权）公益服下载 - 最笨下载"跳转正常,该类元素共18个，当前第7个
2020-08-24 19:13:42,469 - 2 - INFO - 页面"星星喵（送千元充值）_星星喵（送千元充值）无限元宝服_SF变态版星星喵（送千元充值）公益服下载 - 最笨下载"跳转正常,该类元素共18个，当前第8个
2020-08-24 19:13:48,594 - 2 - INFO - 页面"轩辕剑群侠传（商城特权）_轩辕剑群侠传（商城特权）无限元宝服_SF变态版轩辕剑群侠传（商城特权）公益服下载 - 最笨下载"跳转正常,该类元素共18个，当前第9个
2020-08-24 19:13:54,746 - 2 - INFO - 页面"大秦之帝国崛起（送法拉利）_大秦之帝国崛起（送法拉利）无限元宝服_SF变态版大秦之帝国崛起（送法拉利）公益服下载 - 最笨下载"跳转正常,该类元素共18个，当前第10个
2020-08-24 19:14:00,890 - 2 - INFO - 页面"进击的少女（闯关爆充值）_进击的少女（闯关爆充值）无限元宝服_SF变态版进击的少女（闯关爆充值）公益服下载 - 最笨下载"跳转正常,该类元素共18个，当前第11个
2020-08-24 19:14:07,011 - 2 - INFO - 页面"小小虎将（海量特权）_小小虎将（海量特权）无限元宝服_SF变态版小小虎将（海量特权）公益服下载 - 最笨下载"跳转正常,该类元素共18个，当前第12个
2020-08-24 19:14:13,162 - 2 - INFO - 页面"妖游记（海量送充值）_妖游记（海量送充值）无限元宝服_SF变态版妖游记（海量送充值）公益服下载 - 最笨下载"跳转正常,该类元素共18个，当前第13个
2020-08-24 19:14:19,294 - 2 - INFO - 页面"魔侠传（开服送2000充）_魔侠传（开服送2000充）无限元宝服_SF变态版魔侠传（开服送2000充）公益服下载 - 最笨下载"跳转正常,该类元素共18个，当前第14个
2020-08-24 19:14:25,460 - 2 - INFO - 页面"主宰之王（领海量红包）_主宰之王（领海量红包）无限元宝服_SF变态版主宰之王（领海量红包）公益服下载 - 最笨下载"跳转正常,该类元素共18个，当前第15个
2020-08-24 19:14:31,630 - 2 - INFO - 页面"征程三国（送充值）_征程三国（送充值）无限元宝服_SF变态版征程三国（送充值）公益服下载 - 最笨下载"跳转正常,该类元素共18个，当前第16个
2020-08-24 19:14:37,771 - 2 - INFO - 页面"魔剑侠缘（万元兑换）_魔剑侠缘（万元兑换）无限元宝服_SF变态版魔剑侠缘（万元兑换）公益服下载 - 最笨下载"跳转正常,该类元素共18个，当前第17个
2020-08-24 19:14:43,888 - 2 - INFO - 页面"崩坏西游（送1688元充值）_崩坏西游（送1688元充值）无限元宝服_SF变态版崩坏西游（送1688元充值）公益服下载 - 最笨下载"跳转正常,该类元素共18个，当前第18个
2020-08-24 19:14:50,834 - 2 - INFO - 页面"【苹果益智休闲游戏】好玩的iPhone益智休闲游戏大全_iPhone益智休闲类游戏下载-最笨下载"跳转正常,该类元素共16个，当前第1个
2020-08-24 19:14:51,257 - basepage - INFO - Click back on current page.
2020-08-24 19:14:58,539 - 2 - INFO - 页面"【苹果其他游戏】好玩的iphone其他游戏大全_iphone其他类游戏下载-最笨下载"跳转正常,该类元素共16个，当前第2个
2020-08-24 19:14:58,999 - basepage - INFO - Click back on current page.
2020-08-24 19:15:06,370 - 2 - INFO - 页面"【苹果音乐游戏】好玩的iphone音乐游戏大全_iphone音乐类游戏下载-最笨下载"跳转正常,该类元素共16个，当前第3个
2020-08-24 19:15:06,599 - basepage - INFO - Click back on current page.
2020-08-24 19:15:13,991 - 2 - INFO - 页面"【苹果网络游戏】好玩的iphone网络游戏大全_iphone网络类游戏下载-最笨下载"跳转正常,该类元素共16个，当前第4个
2020-08-24 19:15:14,268 - basepage - INFO - Click back on current page.
2020-08-24 19:15:21,114 - 2 - INFO - 页面"【苹果格斗游戏】好玩的iPhone格斗游戏大全_iPhone格斗类游戏下载-最笨下载"跳转正常,该类元素共16个，当前第5个
2020-08-24 19:15:21,569 - basepage - INFO - Click back on current page.
2020-08-24 19:15:28,741 - 2 - INFO - 页面"【苹果飞行游戏】好玩的iPhone飞行游戏大全_iPhone飞行类游戏下载-最笨下载"跳转正常,该类元素共16个，当前第6个
2020-08-24 19:15:29,097 - basepage - INFO - Click back on current page.
2020-08-24 19:15:36,607 - 2 - INFO - 页面"【苹果体育运动游戏】好玩的iPhone体育运动游戏大全_iPhone体育运动类游戏下载-最笨下载"跳转正常,该类元素共16个，当前第7个
2020-08-24 19:15:36,887 - basepage - INFO - Click back on current page.
2020-08-24 19:15:44,142 - 2 - INFO - 页面"【苹果模拟经营游戏】好玩的iPhone模拟经营游戏大全_iPhone模拟经营类游戏下载-最笨下载"跳转正常,该类元素共16个，当前第8个
2020-08-24 19:15:44,571 - basepage - INFO - Click back on current page.
2020-08-24 19:15:51,863 - 2 - INFO - 页面"【苹果策略游戏】好玩的iphone策略游戏大全_iphone策略类游戏下载-最笨下载"跳转正常,该类元素共16个，当前第9个
2020-08-24 19:15:52,140 - basepage - INFO - Click back on current page.
2020-08-24 19:15:59,562 - 2 - INFO - 页面"【苹果塔防游戏】好玩的iphone塔防游戏大全_iphone塔防类游戏下载-最笨下载"跳转正常,该类元素共16个，当前第10个
2020-08-24 19:15:59,846 - basepage - INFO - Click back on current page.
2020-08-24 19:16:07,166 - 2 - INFO - 页面"【苹果解谜游戏】好玩的iphone解谜游戏大全_iphone解谜类游戏下载-最笨下载"跳转正常,该类元素共16个，当前第11个
2020-08-24 19:16:07,586 - basepage - INFO - Click back on current page.
2020-08-24 19:16:14,880 - 2 - INFO - 页面"【苹果射击游戏】好玩的iphone射击游戏大全_iphone射击类游戏下载-最笨下载"跳转正常,该类元素共16个，当前第12个
2020-08-24 19:16:15,099 - basepage - INFO - Click back on current page.
2020-08-24 19:16:22,495 - 2 - INFO - 页面"【苹果棋牌游戏】好玩的iphone棋牌游戏大全_iphone棋牌类游戏下载-最笨下载"跳转正常,该类元素共16个，当前第13个
2020-08-24 19:16:22,798 - basepage - INFO - Click back on current page.
2020-08-24 19:16:30,091 - 2 - INFO - 页面"【苹果赛车游戏】好玩的iPhone赛车游戏大全_iPhone赛车类游戏下载-最笨下载"跳转正常,该类元素共16个，当前第14个
2020-08-24 19:16:30,504 - basepage - INFO - Click back on current page.
2020-08-24 19:16:37,667 - 2 - INFO - 页面"【苹果角色扮演游戏】好玩的iphone角色扮演游戏_iPhone角色扮演类游戏下载-最笨下载"跳转正常,该类元素共16个，当前第15个
2020-08-24 19:16:37,894 - basepage - INFO - Click back on current page.
2020-08-24 19:16:44,559 - 2 - INFO - 页面"【安卓动作游戏】好玩的iPhone动作游戏大全_iPhone动作类游戏下载-最笨下载"跳转正常,该类元素共16个，当前第16个
2020-08-24 19:16:44,851 - basepage - INFO - Click back on current page.
2020-08-24 19:16:53,223 - 2 - INFO - 页面"真龙战魂（天天送元宝）ios版_真龙战魂（天天送元宝）ios版下载_真龙战魂（天天送元宝）ios版官方下载-最笨下载"跳转正常,该类元素共18个，当前第1个
2020-08-24 19:16:59,380 - 2 - INFO - 页面"魔域王牌（天天送抽卡）iOS版_魔域王牌（天天送抽卡）iOS版下载_魔域王牌（天天送抽卡）iOS版官方下载-最笨下载"跳转正常,该类元素共18个，当前第2个
2020-08-24 19:17:05,530 - 2 - INFO - 页面"冒险王2（送海量充值）ios版_冒险王2（送海量充值）ios版下载_冒险王2（送海量充值）ios版官方下载-最笨下载"跳转正常,该类元素共18个，当前第3个
2020-08-24 19:17:11,666 - 2 - INFO - 页面"恋三国（送百抽）ios版_恋三国（送百抽）ios版下载_恋三国（送百抽）ios版官方下载-最笨下载"跳转正常,该类元素共18个，当前第4个
2020-08-24 19:17:17,807 - 2 - INFO - 页面"屠龙世界（送GM特权）ios版_屠龙世界（送GM特权）ios版下载_屠龙世界（送GM特权）ios版官方下载-最笨下载"跳转正常,该类元素共18个，当前第5个
2020-08-24 19:17:23,963 - 2 - INFO - 页面"将军道（送百连海量抽）ios版_将军道（送百连海量抽）ios版下载_将军道（送百连海量抽）ios版官方下载-最笨下载"跳转正常,该类元素共18个，当前第6个
2020-08-24 19:17:30,098 - 2 - INFO - 页面"塔防镇魂师（送328代金券）ios版_塔防镇魂师（送328代金券）ios版下载_塔防镇魂师（送328代金券）ios版官方下载-最笨下载"跳转正常,该类元素共18个，当前第7个
2020-08-24 19:17:36,257 - 2 - INFO - 页面"乱斗三国ios版_乱斗三国ios版下载_乱斗三国ios版官方下载-最笨下载"跳转正常,该类元素共18个，当前第8个
2020-08-24 19:17:42,375 - 2 - INFO - 页面"兵器少女（无门槛送充）ios版_兵器少女（无门槛送充）ios版下载_兵器少女（无门槛送充）ios版官方下载-最笨下载"跳转正常,该类元素共18个，当前第9个
2020-08-24 19:17:48,506 - 2 - INFO - 页面"猎手之王ios版_猎手之王ios版下载_猎手之王ios版官方下载-最笨下载"跳转正常,该类元素共18个，当前第10个
2020-08-24 19:17:54,639 - 2 - INFO - 页面"古墓迷城ios版_古墓迷城ios版下载_古墓迷城ios版官方下载-最笨下载"跳转正常,该类元素共18个，当前第11个
2020-08-24 19:18:00,788 - 2 - INFO - 页面"国战纪元ios版_国战纪元ios版下载_国战纪元ios版官方下载-最笨下载"跳转正常,该类元素共18个，当前第12个
2020-08-24 19:18:06,931 - 2 - INFO - 页面"天诀ios版_天诀ios版下载_天诀ios版官方下载-最笨下载"跳转正常,该类元素共18个，当前第13个
2020-08-24 19:18:13,090 - 2 - INFO - 页面"仙剑缘（星耀特权）ios版_仙剑缘（星耀特权）ios版下载_仙剑缘（星耀特权）ios版官方下载-最笨下载"跳转正常,该类元素共18个，当前第14个
2020-08-24 19:18:19,206 - 2 - INFO - 页面"九灵神域ios版_九灵神域ios版下载_九灵神域ios版官方下载-最笨下载"跳转正常,该类元素共18个，当前第15个
2020-08-24 19:18:25,351 - 2 - INFO - 页面"天之命（海量特权）ios版_天之命（海量特权）ios版下载_天之命（海量特权）ios版官方下载-最笨下载"跳转正常,该类元素共18个，当前第16个
2020-08-24 19:18:31,511 - 2 - INFO - 页面"魔剑侠缘（星耀特权）ios版_魔剑侠缘（星耀特权）ios版下载_魔剑侠缘（星耀特权）ios版官方下载-最笨下载"跳转正常,该类元素共18个，当前第17个
2020-08-24 19:18:37,633 - 2 - INFO - 页面"仙灵世界（复古绿色服）ios版_仙灵世界（复古绿色服）ios版下载_仙灵世界（复古绿色服）ios版官方下载-最笨下载"跳转正常,该类元素共18个，当前第18个
2020-08-24 19:19:00,273 - 2 - INFO - 页面"ios无限元宝的手游"跳转正常,该类元素共4个，当前第1个
2020-08-24 19:19:00,706 - basepage - INFO - Click back on current page.
2020-08-24 19:19:05,744 - 2 - INFO - 页面"gm手游助手ios"跳转正常,该类元素共4个，当前第2个
2020-08-24 19:19:05,957 - basepage - INFO - Click back on current page.
2020-08-24 19:19:11,804 - 2 - INFO - 页面"ios变态服游戏"跳转正常,该类元素共4个，当前第3个
2020-08-24 19:19:12,222 - basepage - INFO - Click back on current page.
2020-08-24 19:19:17,404 - 2 - INFO - 页面"ios看小说神器"跳转正常,该类元素共4个，当前第4个
2020-08-24 19:19:17,620 - basepage - INFO - Click back on current page.
2020-08-24 19:19:24,341 - 2 - INFO - 页面"【最笨周末活动】8.14周末活动壕礼送不停"跳转正常,该类元素共4个，当前第1个
2020-08-24 19:19:24,642 - basepage - INFO - Click back on current page.
2020-08-24 19:19:29,747 - 2 - INFO - 页面"【最笨周末活动】8.7周末活动海量惊喜等你来拿"跳转正常,该类元素共4个，当前第2个
2020-08-24 19:19:29,969 - basepage - INFO - Click back on current page.
2020-08-24 19:19:34,734 - 2 - INFO - 页面"【最笨周末活动】7月10日晴了一夏周末福利活动"跳转正常,该类元素共4个，当前第3个
2020-08-24 19:19:34,959 - basepage - INFO - Click back on current page.
2020-08-24 19:19:40,105 - 2 - INFO - 页面"【最笨周末活动】7月3日清凉一夏活动来袭~"跳转正常,该类元素共4个，当前第4个
2020-08-24 19:19:40,318 - basepage - INFO - Click back on current page.
2020-08-24 19:19:46,388 - 2 - INFO - 页面"无广告看书全免费软件哪个好"跳转正常,该类元素共20个，当前第1个
2020-08-24 19:19:52,510 - 2 - INFO - 页面"回复女朋友的软件叫什么"跳转正常,该类元素共20个，当前第2个
2020-08-24 19:19:58,633 - 2 - INFO - 页面"抖音聊天的软件叫什么"跳转正常,该类元素共20个，当前第3个
2020-08-24 19:20:04,787 - 2 - INFO - 页面"苹果哪个软件可以免费看小说"跳转正常,该类元素共20个，当前第4个
2020-08-24 19:20:10,963 - 2 - INFO - 页面"有什么回复女生的聊天软件"跳转正常,该类元素共20个，当前第5个
2020-08-24 19:20:17,109 - 2 - INFO - 页面"黑神话悟空PC最低要什么配置-配置要求说明"跳转正常,该类元素共20个，当前第6个
2020-08-24 19:20:23,225 - 2 - INFO - 页面"黑神话悟空主角是真悟空还是假悟空-游戏剧情设"跳转正常,该类元素共20个，当前第7个
2020-08-24 19:20:29,377 - 2 - INFO - 页面"黑神话悟空怎么变身-变身技能玩法解析"跳转正常,该类元素共20个，当前第8个
2020-08-24 19:20:35,533 - 2 - INFO - 页面"黑悟空神话在什么平台可以玩-游戏平台"跳转正常,该类元素共20个，当前第9个
2020-08-24 19:20:41,667 - 2 - INFO - 页面"黑神话悟空的付费模式是什么-付费模式"跳转正常,该类元素共20个，当前第10个
2020-08-24 19:20:47,801 - 2 - INFO - 页面"不用wifi也能玩的游戏女生 不用wifi也能玩的女生"跳转正常,该类元素共20个，当前第11个
2020-08-24 19:20:53,941 - 2 - INFO - 页面"自由度高的手机武侠单机游戏 高自由武侠单机手"跳转正常,该类元素共20个，当前第12个
2020-08-24 19:21:00,094 - 2 - INFO - 页面"安卓苹果混服传奇手游 安卓与苹果混服传奇手游"跳转正常,该类元素共20个，当前第13个
2020-08-24 19:21:06,233 - 2 - INFO - 页面"恋爱话术库破解版苹果版-撩妹恋爱话术库app苹果"跳转正常,该类元素共20个，当前第14个
2020-08-24 19:21:12,348 - 2 - INFO - 页面"火影忍者单机版破解版-火影忍者手游单机版破解"跳转正常,该类元素共20个，当前第15个
2020-08-24 19:21:18,479 - 2 - INFO - 页面"火影忍者手游许愿宝库多长时间出一次"跳转正常,该类元素共20个，当前第16个
2020-08-24 19:21:24,594 - 2 - INFO - 页面"光遇怎么获得TGC斗篷,光遇TGC专属斗篷获取"跳转正常,该类元素共20个，当前第17个
2020-08-24 19:21:30,743 - 2 - INFO - 页面"光遇献祭为什么没有石像"跳转正常,该类元素共20个，当前第18个
2020-08-24 19:21:36,908 - 2 - INFO - 页面"创造与魔法北境犀鸟饲料吃多少"跳转正常,该类元素共20个，当前第19个
2020-08-24 19:21:43,052 - 2 - INFO - 页面"王者荣耀怎么改空白名字2020"跳转正常,该类元素共20个，当前第20个
2020-08-24 19:21:53,107 - 2 - INFO - 页面"apk3安卓网-2020最新apk安卓游戏-热门apk软件下载平台"跳转正常,该类元素共34个，当前第1个
2020-08-24 19:22:03,229 - 2 - INFO - 页面"小游戏,在线小游戏,小游戏大全,双人小游戏,3199小游戏"跳转正常,该类元素共34个，当前第2个
2020-08-24 19:22:09,355 - 2 - INFO - 页面"中文网站排行榜_alexa排行 - 爱站网站排行榜"跳转正常,该类元素共34个，当前第3个
2020-08-24 19:22:16,100 - 2 - INFO - 页面"9号下载_下载软件_免费下载单机游戏_手机游戏下载大全"跳转正常,该类元素共34个，当前第4个
2020-08-24 19:22:42,510 - 2 - INFO - 页面"软件下载中心_绿色免费软件,手机游戏|软件下载,到超人软件站"跳转正常,该类元素共34个，当前第5个
2020-08-24 19:22:48,649 - 2 - INFO - 页面"系统圣地,绿色免费软件,手游下载等软件下载网站"跳转正常,该类元素共34个，当前第6个
2020-08-24 19:22:54,805 - 2 - INFO - 页面"天天安卓模拟器_安卓模拟器电脑版下载_天天模拟器官网"跳转正常,该类元素共34个，当前第7个
2020-08-24 19:23:00,961 - 2 - INFO - 页面"好看小说推荐_热门小说大全_小说排行榜 - 玖陆文学"跳转正常,该类元素共34个，当前第8个
2020-08-24 19:23:07,117 - 2 - INFO - 页面"IE8 IE9 IE10 IE浏览器下载 - IE浏览器中文网站"跳转正常,该类元素共34个，当前第9个
2020-08-24 19:23:21,099 - 2 - INFO - 页面"bt手游平台_满v手游公益服_gm手游排行榜_3733游戏盒子官网"跳转正常,该类元素共34个，当前第10个
2020-08-24 19:23:39,674 - 2 - INFO - 页面"bt公益服变态手游排行榜前十名[新开公测热门+在线人多+免费大型网游]新开最热门好玩人气高的网络游戏有什么_安卓苹果ios客户端游戏下载大全_8979游戏官网"跳转正常,该类元素共34个，当前第11个
2020-08-24 19:23:45,792 - 2 - INFO - 页面"【破解版手机游戏】手机破解游戏下载_安卓手机游戏破解版下载大全-最笨下载"跳转正常,该类元素共34个，当前第12个
2020-08-24 19:23:51,922 - 2 - INFO - 页面"windows10系统之家 - 系统之家提供win10专业版,ISO镜像,企业版等win10系统下载"跳转正常,该类元素共34个，当前第13个
2020-08-24 19:23:58,398 - 2 - INFO - 页面"39整形美容_中国专业医学整形美容门户"跳转正常,该类元素共34个，当前第14个
2020-08-24 19:24:04,493 - 2 - INFO - 页面"零度软件园_官方软件下载_绿色软件_游戏下载_值得信赖的下载站！"跳转正常,该类元素共34个，当前第15个
2020-08-24 19:24:10,646 - 2 - INFO - 页面"单机游戏_单机游戏下载大全中文版下载_好玩的单机游戏下载基地 - 99单机游戏"跳转正常,该类元素共34个，当前第16个
2020-08-24 19:24:24,127 - 2 - INFO - 页面"安卓市场_安卓游戏破解版下载_单机破解版游戏大全_手机网游下载"跳转正常,该类元素共34个，当前第17个
2020-08-24 19:24:33,954 - 2 - INFO - 页面"手机游戏下载-手机软件下载-电脑软件下载-小黑游戏"跳转正常,该类元素共34个，当前第18个
2020-08-24 19:24:40,114 - 2 - INFO - 页面"手机游戏_手机游戏排行榜_好玩的手机游戏_安卓手机游戏推荐_易玩网"跳转正常,该类元素共34个，当前第19个
2020-08-24 19:24:53,604 - 2 - INFO - 页面"手机游戏_好玩的手机游戏下载_手机游戏排行榜-游戏吧"跳转正常,该类元素共34个，当前第20个
2020-08-24 19:24:59,726 - 2 - INFO - 页面"免费手机游戏_好玩的单机游戏_安卓破解版游戏下载_apk8安卓网"跳转正常,该类元素共34个，当前第21个
2020-08-24 19:25:05,864 - 2 - INFO - 页面"免费手机游戏_好玩的单机游戏_安卓破解版游戏下载_apk8安卓网"跳转正常,该类元素共34个，当前第22个
2020-08-24 19:25:12,002 - 2 - INFO - 页面"安卓破解版游戏下载_单机手机破解游戏大全_免费游戏破解版下载-最笨下载"跳转正常,该类元素共34个，当前第23个
2020-08-24 19:25:18,147 - 2 - INFO - 页面"app.3987.com"跳转正常,该类元素共34个，当前第24个
2020-08-24 19:25:24,244 - 2 - INFO - 页面"可可出招表-流星蝴蝶剑出招表-拳皇97出招表-手机游戏-绿色软件下载"跳转正常,该类元素共34个，当前第25个
2020-08-24 19:25:30,580 - 2 - INFO - 页面"爪游控 | 新锐综合资讯媒体"跳转正常,该类元素共34个，当前第26个
2020-08-24 19:25:36,711 - 2 - INFO - 页面"3733游戏盒官网_bt游戏_满vip手游_gm手游大全_破解游戏盒子下载"跳转正常,该类元素共34个，当前第27个
2020-08-24 19:25:42,857 - 2 - INFO - 页面"绿色免费电脑软件下载_手机软件游戏下载中心-520下载站"跳转正常,该类元素共34个，当前第28个
2020-08-24 19:25:51,741 - 2 - INFO - 页面"免费大型经典安卓破解版单机游戏下载排行榜_手机最火爆最新出热门好玩人气高3DBT网络游戏有什么_破解游戏盒子软件大全-下载多"跳转正常,该类元素共34个，当前第29个
2020-08-24 19:25:57,870 - 2 - INFO - 页面"3733游戏盒官网_bt游戏_满vip手游_gm手游大全_破解游戏盒子下载"跳转正常,该类元素共34个，当前第30个
2020-08-24 19:26:06,519 - 2 - INFO - 页面"VR之家_专业VR游戏软件下载网站_VR应用_VR电影_VR视频_VR资源-VR之家"跳转正常,该类元素共34个，当前第31个
2020-08-24 19:26:12,671 - 2 - INFO - 页面"www.shoujiwan.com"跳转正常,该类元素共34个，当前第32个
2020-08-24 19:26:18,752 - 2 - INFO - 页面"gm手游平台_gm手游盒子_gm版手游下载_3733游戏官网"跳转正常,该类元素共34个，当前第33个
2020-08-24 19:26:31,414 - 2 - INFO - 页面"gm手游平台_gm版无限元宝手游_gm手游盒子下载_gm助手官网"跳转正常,该类元素共34个，当前第34个
2020-08-24 19:26:37,288 - 2 - INFO - 进入"游戏"模块，将执行随机函数
2020-08-24 19:26:39,754 - 2 - INFO - 随机页面"魔侠传（开服送2000充）"跳转正常，当前第1个
2020-08-24 19:26:39,845 - basepage - INFO - Click back on current page.
2020-08-24 19:26:44,281 - 2 - INFO - 随机页面"少年群侠传（送千元充值）"跳转正常，当前第2个
2020-08-24 19:26:44,361 - basepage - INFO - Click back on current page.
2020-08-24 19:26:48,819 - 2 - INFO - 随机页面"九曲封神（送海量充值）"跳转正常，当前第3个
2020-08-24 19:26:48,922 - basepage - INFO - Click back on current page.
2020-08-24 19:26:53,400 - 2 - INFO - 随机页面"女神联盟2（送500充值）"跳转正常，当前第1个
2020-08-24 19:26:53,476 - basepage - INFO - Click back on current page.
2020-08-24 19:26:58,099 - 2 - INFO - 随机页面"仙风道骨（送GM海量充）"跳转正常，当前第2个
2020-08-24 19:26:58,194 - basepage - INFO - Click back on current page.
2020-08-24 19:27:02,828 - 2 - INFO - 随机页面"不思议地下城（百抽特权）"跳转正常，当前第3个
2020-08-24 19:27:02,909 - basepage - INFO - Click back on current page.
2020-08-24 19:27:09,093 - 2 - INFO - 进入"应用"模块，将执行随机函数
2020-08-24 19:27:11,631 - 2 - INFO - 随机页面"恋爱话术库"跳转正常，当前第1个
2020-08-24 19:27:11,748 - basepage - INFO - Click back on current page.
2020-08-24 19:27:16,404 - 2 - INFO - 随机页面"HB恋爱话术"跳转正常，当前第2个
2020-08-24 19:27:16,484 - basepage - INFO - Click back on current page.
2020-08-24 19:27:21,689 - 2 - INFO - 随机页面"恋爱教程"跳转正常，当前第3个
2020-08-24 19:27:21,804 - basepage - INFO - Click back on current page.
2020-08-24 19:27:26,225 - 2 - INFO - 随机页面"最笨游戏盒子"跳转正常，当前第1个
2020-08-24 19:27:26,319 - basepage - INFO - Click back on current page.
2020-08-24 19:27:30,804 - 2 - INFO - 随机页面"吾爱看书"跳转正常，当前第2个
2020-08-24 19:27:30,924 - basepage - INFO - Click back on current page.
2020-08-24 19:27:35,420 - 2 - INFO - 随机页面"土味情话社"跳转正常，当前第3个
2020-08-24 19:27:35,499 - basepage - INFO - Click back on current page.
2020-08-24 19:27:42,076 - 2 - INFO - 进入"资讯"模块，将执行随机函数
2020-08-24 19:27:44,970 - 2 - INFO - 随机页面"cf网剧定制地图怎么玩-网剧定制地图玩法攻略"跳转正常，当前第1个
2020-08-24 19:27:45,061 - basepage - INFO - Click back on current page.
2020-08-24 19:27:49,248 - 2 - INFO - 随机页面"王者荣耀夏洛特怎么出装-夏洛特出装顺序"跳转正常，当前第2个
2020-08-24 19:27:49,350 - basepage - INFO - Click back on current page.
2020-08-24 19:27:53,544 - 2 - INFO - 随机页面"创造与魔法北境犀鸟饲料吃多少"跳转正常，当前第3个
2020-08-24 19:27:53,655 - basepage - INFO - Click back on current page.
2020-08-24 19:27:58,109 - 2 - INFO - 随机页面"机甲战纪（送GM特权）"跳转正常，当前第1个
2020-08-24 19:27:58,192 - basepage - INFO - Click back on current page.
2020-08-24 19:28:02,700 - 2 - INFO - 随机页面"不思议地下城（百抽特权）"跳转正常，当前第2个
2020-08-24 19:28:02,812 - basepage - INFO - Click back on current page.
2020-08-24 19:28:07,308 - 2 - INFO - 随机页面"魔侠传（开服送2000充）"跳转正常，当前第3个
2020-08-24 19:28:07,391 - basepage - INFO - Click back on current page.
2020-08-24 19:28:11,954 - 2 - INFO - 进入"专题"模块，将执行随机函数
2020-08-24 19:28:14,768 - 2 - INFO - 页面"2020送永久vip修仙游戏"跳转正常,该类元素共1个，当前第1个
2020-08-24 19:28:14,927 - basepage - INFO - Click back on current page.
2020-08-24 19:28:20,496 - 2 - INFO - 随机页面"武动六界（折扣特权）"跳转正常，当前第1个
2020-08-24 19:28:20,587 - basepage - INFO - Click back on current page.
2020-08-24 19:28:25,754 - 2 - INFO - 随机页面"道可道之凡人修仙"跳转正常，当前第2个
2020-08-24 19:28:25,911 - basepage - INFO - Click back on current page.
2020-08-24 19:28:31,219 - 2 - INFO - 随机页面"亦剑修仙"跳转正常，当前第3个
2020-08-24 19:28:31,319 - basepage - INFO - Click back on current page.
2020-08-24 19:28:35,748 - 2 - INFO - 页面"ios平台无限元宝服"跳转正常,该类元素共1个，当前第1个
2020-08-24 19:28:35,934 - basepage - INFO - Click back on current page.
2020-08-24 19:28:40,996 - 2 - INFO - 随机页面"最笨游戏平台"跳转正常，当前第1个
2020-08-24 19:28:48,057 - basepage - INFO - Click back on current page.
2020-08-24 19:28:52,670 - 2 - INFO - 随机页面"爱趣游戏中心"跳转正常，当前第2个
2020-08-24 19:28:52,773 - basepage - INFO - Click back on current page.
2020-08-24 19:28:57,358 - 2 - INFO - 随机页面"安卓市场游戏平台"跳转正常，当前第3个
2020-08-24 19:28:57,460 - basepage - INFO - Click back on current page.
2020-08-24 19:29:02,196 - 2 - INFO - 页面"好的小说软件"跳转正常,该类元素共1个，当前第1个
2020-08-24 19:29:02,298 - basepage - INFO - Click back on current page.
2020-08-24 19:29:07,364 - 2 - INFO - 随机页面"爽读ios版"跳转正常，当前第1个
2020-08-24 19:29:07,474 - basepage - INFO - Click back on current page.
2020-08-24 19:29:12,438 - 2 - INFO - 随机页面"爱书音"跳转正常，当前第2个
2020-08-24 19:29:12,561 - basepage - INFO - Click back on current page.
2020-08-24 19:29:16,965 - 2 - INFO - 随机页面"花溪小说"跳转正常，当前第3个
2020-08-24 19:29:17,063 - basepage - INFO - Click back on current page.
2020-08-24 19:29:22,023 - 2 - INFO - 页面"免费的约妹子聊天软件"跳转正常,该类元素共1个，当前第1个
2020-08-24 19:29:22,129 - basepage - INFO - Click back on current page.
2020-08-24 19:29:27,269 - 2 - INFO - 随机页面"教你如何谈恋爱"跳转正常，当前第1个
2020-08-24 19:29:27,361 - basepage - INFO - Click back on current page.
2020-08-24 19:29:31,877 - 2 - INFO - 随机页面"脱单大师"跳转正常，当前第2个
2020-08-24 19:29:31,978 - basepage - INFO - Click back on current page.
2020-08-24 19:29:37,036 - 2 - INFO - 随机页面"神撩话术"跳转正常，当前第3个
2020-08-24 19:29:37,138 - basepage - INFO - Click back on current page.
2020-08-24 19:29:41,958 - 2 - INFO - 页面"免内购武侠破解版游戏大全"跳转正常,该类元素共1个，当前第1个
2020-08-24 19:29:43,028 - basepage - INFO - Click back on current page.
2020-08-24 19:29:58,355 - 2 - INFO - 进入"电脑"模块，将执行随机函数
2020-08-24 19:30:00,858 - 2 - INFO - 随机页面"仙风道骨（送GM海量充）"跳转正常，当前第1个
2020-08-24 19:30:00,935 - basepage - INFO - Click back on current page.
2020-08-24 19:30:05,461 - 2 - INFO - 随机页面"星辰变（送百元永抽）"跳转正常，当前第2个
2020-08-24 19:30:05,553 - basepage - INFO - Click back on current page.
2020-08-24 19:30:10,017 - 2 - INFO - 随机页面"仙灵世界（送海量连抽）"跳转正常，当前第3个
2020-08-24 19:30:10,107 - basepage - INFO - Click back on current page.
2020-08-24 19:30:17,223 - 2 - INFO - 进入"APP大全"模块，将执行随机函数
2020-08-24 19:30:21,308 - 2 - INFO - 页面"暗黑系列"跳转正常,该类元素共16个，当前第1个
2020-08-24 19:30:27,389 - 2 - INFO - 页面"小说改编"跳转正常,该类元素共16个，当前第2个
2020-08-24 19:30:33,502 - 2 - INFO - 页面"游戏盒"跳转正常,该类元素共16个，当前第3个
2020-08-24 19:30:39,624 - 2 - INFO - 页面"龙之谷2"跳转正常,该类元素共16个，当前第4个
2020-08-24 19:30:45,693 - 2 - INFO - 页面"光遇"跳转正常,该类元素共16个，当前第5个
2020-08-24 19:30:51,768 - 2 - INFO - 页面"最强蜗牛"跳转正常,该类元素共16个，当前第6个
2020-08-24 19:30:57,862 - 2 - INFO - 页面"塞尔达"跳转正常,该类元素共16个，当前第7个
2020-08-24 19:31:03,976 - 2 - INFO - 页面"山海镜花"跳转正常,该类元素共16个，当前第8个
2020-08-24 19:31:10,071 - 2 - INFO - 页面"公主连结"跳转正常,该类元素共16个，当前第9个
2020-08-24 19:31:16,164 - 2 - INFO - 页面"网络工具"跳转正常,该类元素共16个，当前第10个
2020-08-24 19:31:22,244 - 2 - INFO - 页面"集合啦动物森友会"跳转正常,该类元素共16个，当前第11个
2020-08-24 19:31:28,325 - 2 - INFO - 页面"龙族幻想"跳转正常,该类元素共16个，当前第12个
2020-08-24 19:31:34,429 - 2 - INFO - 页面"剑与远征"跳转正常,该类元素共16个，当前第13个
2020-08-24 19:31:40,566 - 2 - INFO - 页面"烟雨江湖"跳转正常,该类元素共16个，当前第14个
2020-08-24 19:31:46,636 - 2 - INFO - 页面"云顶之弈"跳转正常,该类元素共16个，当前第15个
2020-08-24 19:31:52,707 - 2 - INFO - 页面"家国梦"跳转正常,该类元素共16个，当前第16个
2020-08-24 19:31:54,726 - basepage - INFO - zuiben自动化测试结束
