2020-08-11 18:20:06,371 - basepage - INFO - zuiben自动化测试开始
2020-08-11 18:20:06,375 - basepage - INFO - 隐性等待 10 秒
2020-08-11 18:20:12,719 - basepage - INFO - 跳转至https://www.zuiben.com/
2020-08-11 18:20:14,845 - basepage - INFO - 窗口已经最大化
2020-08-11 18:20:20,207 - 2 - INFO - 页面"【安卓游戏】好玩的安卓游戏下载_安卓游戏排行榜_安卓游戏免费下载大全-最笨下载"跳转正常,该类元素共21个，当前第1个
2020-08-11 18:20:20,438 - basepage - INFO - Click back on current page.
2020-08-11 18:20:24,794 - 2 - INFO - 页面"变态手游公益服_bt手游变态服_无限元宝bt手游下载_BT手游中心-最笨下载"跳转正常,该类元素共21个，当前第2个
2020-08-11 18:20:25,216 - basepage - INFO - Click back on current page.
2020-08-11 18:20:29,454 - 2 - INFO - 页面"gm版手游_无限元宝/钻石公益服_0元免费gm权限手游下载-最笨下载"跳转正常,该类元素共21个，当前第3个
2020-08-11 18:20:29,679 - basepage - INFO - Click back on current page.
2020-08-11 18:20:34,969 - 2 - INFO - 页面"【苹果游戏】iphone苹果手机游戏下载_iphone苹果游戏排行榜-最笨下载"跳转正常,该类元素共21个，当前第4个
2020-08-11 18:20:35,193 - basepage - INFO - Click back on current page.
2020-08-11 18:20:39,445 - 2 - INFO - 页面"满vip版手游_手游sf送顶级vip_满级vip无限元宝手游下载-最笨下载"跳转正常,该类元素共21个，当前第5个
2020-08-11 18:20:39,678 - basepage - INFO - Click back on current page.
2020-08-11 18:20:45,090 - 2 - INFO - 页面"【安卓软件】安卓软件下载_安卓手机软件下载_安卓软件免费下载大全-最笨下载"跳转正常,该类元素共21个，当前第6个
2020-08-11 18:20:45,321 - basepage - INFO - Click back on current page.
2020-08-11 18:20:50,477 - 2 - INFO - 页面"【苹果软件】iphone苹果下载软件_iphone苹果软件免费下载_苹果软件下载大全-最笨下载"跳转正常,该类元素共21个，当前第7个
2020-08-11 18:20:50,720 - basepage - INFO - Click back on current page.
2020-08-11 18:20:55,547 - 2 - INFO - 页面"【安卓资讯】安卓资讯推荐_安卓资讯大全-最笨下载"跳转正常,该类元素共21个，当前第8个
2020-08-11 18:20:55,844 - basepage - INFO - Click back on current page.
2020-08-11 18:21:01,129 - 2 - INFO - 页面"【安卓游戏攻略】安卓游戏攻略推荐_安卓游戏攻略大全-最笨下载"跳转正常,该类元素共21个，当前第9个
2020-08-11 18:21:01,356 - basepage - INFO - Click back on current page.
2020-08-11 18:21:06,407 - 2 - INFO - 页面"【安卓软件教程】安卓软件教程推荐_安卓软件教程大全-最笨下载"跳转正常,该类元素共21个，当前第10个
2020-08-11 18:21:06,622 - basepage - INFO - Click back on current page.
2020-08-11 18:21:11,460 - 2 - INFO - 页面"【iphone资讯】iphone资讯推荐_iphone资讯大全-最笨下载"跳转正常,该类元素共21个，当前第11个
2020-08-11 18:21:11,745 - basepage - INFO - Click back on current page.
2020-08-11 18:21:16,538 - 2 - INFO - 页面"【iPhone游戏攻略】iPhone游戏攻略推荐_iPhone游戏攻略大全-最笨下载"跳转正常,该类元素共21个，当前第12个
2020-08-11 18:21:16,767 - basepage - INFO - Click back on current page.
2020-08-11 18:21:21,721 - 2 - INFO - 页面"【系统重装教程】电脑重装系统教程_电脑怎么重装系统_重装系统步骤-最笨下载"跳转正常,该类元素共21个，当前第13个
2020-08-11 18:21:21,949 - basepage - INFO - Click back on current page.
2020-08-11 18:21:26,913 - 2 - INFO - 页面"安卓专题-最笨下载"跳转正常,该类元素共21个，当前第14个
2020-08-11 18:21:27,166 - basepage - INFO - Click back on current page.
2020-08-11 18:21:32,198 - 2 - INFO - 页面"游戏专题-最笨下载"跳转正常,该类元素共21个，当前第15个
2020-08-11 18:21:32,443 - basepage - INFO - Click back on current page.
2020-08-11 18:21:36,801 - 2 - INFO - 页面"苹果专题-最笨下载"跳转正常,该类元素共21个，当前第16个
2020-08-11 18:21:37,025 - basepage - INFO - Click back on current page.
2020-08-11 18:21:41,987 - 2 - INFO - 页面"【电脑软件】电脑软件下载_电脑装机必备软件_电脑常用软件下载_电脑软件大全-最笨下载"跳转正常,该类元素共21个，当前第17个
2020-08-11 18:21:42,231 - basepage - INFO - Click back on current page.
2020-08-11 18:21:47,725 - 2 - INFO - 页面"【电脑软件】电脑软件下载_电脑装机必备软件_电脑常用软件下载_电脑软件大全-最笨下载"跳转正常,该类元素共21个，当前第18个
2020-08-11 18:21:48,248 - basepage - INFO - Click back on current page.
2020-08-11 18:21:53,141 - 2 - INFO - 页面"【激活工具】激活windows工具_万能激活工具_windows激活工具下载_自动激活工具-最笨下载"跳转正常,该类元素共21个，当前第19个
2020-08-11 18:21:53,365 - basepage - INFO - Click back on current page.
2020-08-11 18:21:57,563 - 2 - INFO - 页面"【系统重装教程】电脑重装系统教程_电脑怎么重装系统_重装系统步骤-最笨下载"跳转正常,该类元素共21个，当前第20个
2020-08-11 18:21:57,797 - basepage - INFO - Click back on current page.
2020-08-11 18:22:02,017 - 2 - INFO - 页面"【系统重装教程】电脑重装系统教程_电脑怎么重装系统_重装系统步骤-最笨下载"跳转正常,该类元素共21个，当前第21个
2020-08-11 18:22:03,299 - basepage - INFO - Click back on current page.
2020-08-11 18:22:11,221 - 2 - INFO - 页面"家庭教师OL手游"跳转正常,该类元素共10个，当前第1个
2020-08-11 18:22:17,401 - 2 - INFO - 页面"魔女骑士团手游"跳转正常,该类元素共10个，当前第2个
2020-08-11 18:22:23,576 - 2 - INFO - 页面"决胜足球手游"跳转正常,该类元素共10个，当前第3个
2020-08-11 18:22:29,713 - 2 - INFO - 页面"少女战争手游"跳转正常,该类元素共10个，当前第4个
2020-08-11 18:22:35,870 - 2 - INFO - 页面"天神战（魔灵特权）"跳转正常,该类元素共10个，当前第5个
2020-08-11 18:22:42,035 - 2 - INFO - 页面"最Q幻想手游"跳转正常,该类元素共10个，当前第6个
2020-08-11 18:22:48,207 - 2 - INFO - 页面"霸途手游"跳转正常,该类元素共10个，当前第7个
2020-08-11 18:22:54,341 - 2 - INFO - 页面"回到三国志手游"跳转正常,该类元素共10个，当前第8个
2020-08-11 18:23:00,518 - 2 - INFO - 页面"幻游猎人手游"跳转正常,该类元素共10个，当前第9个
2020-08-11 18:23:06,720 - 2 - INFO - 页面"王者荣耀"跳转正常,该类元素共10个，当前第10个
2020-08-11 18:23:12,915 - 2 - INFO - 页面"武器之王（福利特权）"跳转正常,该类元素共20个，当前第1个
2020-08-11 18:23:19,085 - 2 - INFO - 页面"女神联盟2（送500充值）"跳转正常,该类元素共20个，当前第2个
2020-08-11 18:23:25,192 - 2 - INFO - 页面"仙灵世界（送海量连抽）"跳转正常,该类元素共20个，当前第3个
2020-08-11 18:23:31,342 - 2 - INFO - 页面"天天怼三国（送千元充值）"跳转正常,该类元素共20个，当前第4个
2020-08-11 18:23:37,505 - 2 - INFO - 页面"妖神记（抽动漫周边）"跳转正常,该类元素共20个，当前第5个
2020-08-11 18:23:43,682 - 2 - INFO - 页面"影刃传说（天天送千充）"跳转正常,该类元素共20个，当前第6个
2020-08-11 18:23:49,879 - 2 - INFO - 页面"崩坏西游（送1688元充值）"跳转正常,该类元素共20个，当前第7个
2020-08-11 18:23:56,031 - 2 - INFO - 页面"唐门六道（送千元充值）"跳转正常,该类元素共20个，当前第8个
2020-08-11 18:24:02,185 - 2 - INFO - 页面"纵剑仙界（送VIP代金券）"跳转正常,该类元素共20个，当前第9个
2020-08-11 18:24:08,328 - 2 - INFO - 页面"真江湖HD（万抽特权）"跳转正常,该类元素共20个，当前第10个
2020-08-11 18:24:14,497 - 2 - INFO - 页面"暴走神话"跳转正常,该类元素共20个，当前第11个
2020-08-11 18:24:20,664 - 2 - INFO - 页面"魔剑侠缘（万元兑换）"跳转正常,该类元素共20个，当前第12个
2020-08-11 18:24:26,817 - 2 - INFO - 页面"破坏神（福利特权）"跳转正常,该类元素共20个，当前第13个
2020-08-11 18:24:32,989 - 2 - INFO - 页面"武动九天（GM免费特权）"跳转正常,该类元素共20个，当前第14个
2020-08-11 18:24:39,118 - 2 - INFO - 页面"魔法之光（红忍海量抽）"跳转正常,该类元素共20个，当前第15个
2020-08-11 18:24:45,275 - 2 - INFO - 页面"霸王传（送海量充值）"跳转正常,该类元素共20个，当前第16个
2020-08-11 18:24:51,411 - 2 - INFO - 页面"烈焰遮天（天天送千充）"跳转正常,该类元素共20个，当前第17个
2020-08-11 18:24:57,543 - 2 - INFO - 页面"无界（送千元万抽）"跳转正常,该类元素共20个，当前第18个
2020-08-11 18:25:03,687 - 2 - INFO - 页面"皇者：至尊传奇"跳转正常,该类元素共20个，当前第19个
2020-08-11 18:25:09,844 - 2 - INFO - 页面"九幽仙域（海量送充值）"跳转正常,该类元素共20个，当前第20个
2020-08-11 18:25:17,844 - 2 - INFO - 页面"武器之王（福利特权）"跳转正常,该类元素共10个，当前第1个
2020-08-11 18:25:24,015 - 2 - INFO - 页面"女神联盟2（送500充值）"跳转正常,该类元素共10个，当前第2个
2020-08-11 18:25:30,162 - 2 - INFO - 页面"仙灵世界（送海量连抽）"跳转正常,该类元素共10个，当前第3个
2020-08-11 18:25:36,309 - 2 - INFO - 页面"天天怼三国（送千元充值）"跳转正常,该类元素共10个，当前第4个
2020-08-11 18:25:42,478 - 2 - INFO - 页面"妖神记（抽动漫周边）"跳转正常,该类元素共10个，当前第5个
2020-08-11 18:25:48,646 - 2 - INFO - 页面"影刃传说（天天送千充）"跳转正常,该类元素共10个，当前第6个
2020-08-11 18:25:54,782 - 2 - INFO - 页面"崩坏西游（送1688元充值）"跳转正常,该类元素共10个，当前第7个
2020-08-11 18:26:00,963 - 2 - INFO - 页面"唐门六道（送千元充值）"跳转正常,该类元素共10个，当前第8个
2020-08-11 18:26:07,115 - 2 - INFO - 页面"纵剑仙界（送VIP代金券）"跳转正常,该类元素共10个，当前第9个
2020-08-11 18:26:13,267 - 2 - INFO - 页面"真江湖HD（万抽特权）"跳转正常,该类元素共10个，当前第10个
2020-08-11 18:26:19,424 - 2 - INFO - 页面"武器之王（福利特权）"跳转正常,该类元素共20个，当前第1个
2020-08-11 18:26:25,573 - 2 - INFO - 页面"女神联盟2（送500充值）"跳转正常,该类元素共20个，当前第2个
2020-08-11 18:26:31,708 - 2 - INFO - 页面"凡人飞仙传（充值特权）"跳转正常,该类元素共20个，当前第3个
2020-08-11 18:26:37,858 - 2 - INFO - 页面"仙灵世界（送海量连抽）"跳转正常,该类元素共20个，当前第4个
2020-08-11 18:26:43,989 - 2 - INFO - 页面"天天怼三国（送千元充值）"跳转正常,该类元素共20个，当前第5个
2020-08-11 18:26:50,161 - 2 - INFO - 页面"妖神记（抽动漫周边）"跳转正常,该类元素共20个，当前第6个
2020-08-11 18:26:56,353 - 2 - INFO - 页面"影刃传说（天天送千充）"跳转正常,该类元素共20个，当前第7个
2020-08-11 18:27:02,544 - 2 - INFO - 页面"崩坏西游（送1688元充值）"跳转正常,该类元素共20个，当前第8个
2020-08-11 18:27:08,713 - 2 - INFO - 页面"唐门六道（送千元充值）"跳转正常,该类元素共20个，当前第9个
2020-08-11 18:27:14,919 - 2 - INFO - 页面"纵剑仙界（送VIP代金券）"跳转正常,该类元素共20个，当前第10个
2020-08-11 18:27:21,102 - 2 - INFO - 页面"真江湖HD（万抽特权）"跳转正常,该类元素共20个，当前第11个
2020-08-11 18:27:27,290 - 2 - INFO - 页面"暴走神话"跳转正常,该类元素共20个，当前第12个
2020-08-11 18:27:33,438 - 2 - INFO - 页面"魔剑侠缘（万元兑换）"跳转正常,该类元素共20个，当前第13个
2020-08-11 18:27:39,588 - 2 - INFO - 页面"破坏神（福利特权）"跳转正常,该类元素共20个，当前第14个
2020-08-11 18:27:45,750 - 2 - INFO - 页面"武动九天（GM免费特权）"跳转正常,该类元素共20个，当前第15个
2020-08-11 18:27:51,922 - 2 - INFO - 页面"魔法之光（红忍海量抽）"跳转正常,该类元素共20个，当前第16个
2020-08-11 18:27:58,091 - 2 - INFO - 页面"霸王传（送海量充值）"跳转正常,该类元素共20个，当前第17个
2020-08-11 18:28:04,248 - 2 - INFO - 页面"烈焰遮天（天天送千充）"跳转正常,该类元素共20个，当前第18个
2020-08-11 18:28:10,403 - 2 - INFO - 页面"无界（送千元万抽）"跳转正常,该类元素共20个，当前第19个
2020-08-11 18:28:16,551 - 2 - INFO - 页面"烈火战神（海量特权）"跳转正常,该类元素共20个，当前第20个
2020-08-11 18:28:24,504 - 2 - INFO - 页面"武器之王（福利特权）"跳转正常,该类元素共10个，当前第1个
2020-08-11 18:28:30,669 - 2 - INFO - 页面"女神联盟2（送500充值）"跳转正常,该类元素共10个，当前第2个
2020-08-11 18:28:36,872 - 2 - INFO - 页面"凡人飞仙传（充值特权）"跳转正常,该类元素共10个，当前第3个
2020-08-11 18:28:43,070 - 2 - INFO - 页面"仙灵世界（送海量连抽）"跳转正常,该类元素共10个，当前第4个
2020-08-11 18:28:49,200 - 2 - INFO - 页面"天天怼三国（送千元充值）"跳转正常,该类元素共10个，当前第5个
2020-08-11 18:28:55,343 - 2 - INFO - 页面"唐门六道（送千元充值）"跳转正常,该类元素共10个，当前第6个
2020-08-11 18:29:01,502 - 2 - INFO - 页面"纵剑仙界（送VIP代金券）"跳转正常,该类元素共10个，当前第7个
2020-08-11 18:29:07,669 - 2 - INFO - 页面"破坏神（福利特权）"跳转正常,该类元素共10个，当前第8个
2020-08-11 18:29:13,819 - 2 - INFO - 页面"武动九天（GM免费特权）"跳转正常,该类元素共10个，当前第9个
2020-08-11 18:29:19,974 - 2 - INFO - 页面"魔法之光（红忍海量抽）"跳转正常,该类元素共10个，当前第10个
2020-08-11 18:29:26,147 - 2 - INFO - 页面"武器之王（福利特权）"跳转正常,该类元素共20个，当前第1个
2020-08-11 18:29:32,294 - 2 - INFO - 页面"女神联盟2（送500充值）"跳转正常,该类元素共20个，当前第2个
2020-08-11 18:29:38,460 - 2 - INFO - 页面"凡人飞仙传（充值特权）"跳转正常,该类元素共20个，当前第3个
2020-08-11 18:29:44,616 - 2 - INFO - 页面"仙灵世界（送海量连抽）"跳转正常,该类元素共20个，当前第4个
2020-08-11 18:29:50,741 - 2 - INFO - 页面"天天怼三国（送千元充值）"跳转正常,该类元素共20个，当前第5个
2020-08-11 18:29:56,887 - 2 - INFO - 页面"妖神记（抽动漫周边）"跳转正常,该类元素共20个，当前第6个
2020-08-11 18:30:03,022 - 2 - INFO - 页面"影刃传说（天天送千充）"跳转正常,该类元素共20个，当前第7个
2020-08-11 18:30:09,191 - 2 - INFO - 页面"崩坏西游（送1688元充值）"跳转正常,该类元素共20个，当前第8个
2020-08-11 18:30:15,333 - 2 - INFO - 页面"唐门六道（送千元充值）"跳转正常,该类元素共20个，当前第9个
2020-08-11 18:30:21,498 - 2 - INFO - 页面"纵剑仙界（送VIP代金券）"跳转正常,该类元素共20个，当前第10个
2020-08-11 18:30:27,683 - 2 - INFO - 页面"真江湖HD（万抽特权）"跳转正常,该类元素共20个，当前第11个
2020-08-11 18:30:33,836 - 2 - INFO - 页面"暴走神话"跳转正常,该类元素共20个，当前第12个
2020-08-11 18:30:39,971 - 2 - INFO - 页面"魔剑侠缘（万元兑换）"跳转正常,该类元素共20个，当前第13个
2020-08-11 18:30:46,132 - 2 - INFO - 页面"破坏神（福利特权）"跳转正常,该类元素共20个，当前第14个
2020-08-11 19:01:27,852 - 2 - ERROR - 页面"武动九天（GM免费特权）"跳转异常,该类元素共20个，当前第15个
2020-08-11 19:01:34,319 - 2 - INFO - 页面"魔法之光（红忍海量抽）"跳转正常,该类元素共20个，当前第16个
2020-08-11 19:01:40,441 - 2 - INFO - 页面"霸王传（送海量充值）"跳转正常,该类元素共20个，当前第17个
2020-08-11 19:01:46,569 - 2 - INFO - 页面"烈焰遮天（天天送千充）"跳转正常,该类元素共20个，当前第18个
2020-08-11 19:01:52,744 - 2 - INFO - 页面"无界（送千元万抽）"跳转正常,该类元素共20个，当前第19个
2020-08-11 19:01:58,871 - 2 - INFO - 页面"烈火战神（海量特权）"跳转正常,该类元素共20个，当前第20个
2020-08-11 19:02:06,904 - 2 - INFO - 页面"【最笨周末活动】8.7 周末活动海量惊喜等你来拿"跳转正常,该类元素共1个，当前第1个
2020-08-11 19:02:07,181 - basepage - INFO - Click back on current page.
2020-08-11 19:02:13,188 - 2 - INFO - 页面"【武动九天（GM免费特权）】上线满V，8W8绑元和"跳转正常,该类元素共1个，当前第1个
2020-08-11 19:02:13,456 - basepage - INFO - Click back on current page.
2020-08-11 19:02:19,788 - 2 - INFO - 页面"【梦幻沙城（海量抽充值）】上线即送GM2商城特"跳转正常,该类元素共1个，当前第1个
2020-08-11 19:02:20,282 - basepage - INFO - Click back on current page.
2020-08-11 19:02:26,375 - 2 - INFO - 页面"【六界仙尊（送充值）】上线直送VIP12，送88888元"跳转正常,该类元素共1个，当前第1个
2020-08-11 19:02:26,650 - basepage - INFO - Click back on current page.
2020-08-11 19:02:32,621 - 2 - INFO - 页面"【唐门六道（送千元充值）】上线送满级VIP19、礼"跳转正常,该类元素共1个，当前第1个
2020-08-11 19:02:33,065 - basepage - INFO - Click back on current page.
2020-08-11 19:02:38,804 - 2 - INFO - 页面"【武器之王（福利特权）】上线送VIP10,50万福利钻"跳转正常,该类元素共1个，当前第1个
2020-08-11 19:02:39,015 - basepage - INFO - Click back on current page.
2020-08-11 19:02:44,247 - 2 - INFO - 页面"飘渺寻仙曲（星耀特权）"跳转正常,该类元素共12个，当前第1个
2020-08-11 19:02:44,555 - basepage - INFO - Click back on current page.
2020-08-11 19:02:49,660 - 2 - INFO - 页面"九曲封神（送海量充值）"跳转正常,该类元素共12个，当前第2个
2020-08-11 19:02:49,939 - basepage - INFO - Click back on current page.
2020-08-11 19:02:55,572 - 2 - INFO - 页面"口袋逆袭（送GM特权）"跳转正常,该类元素共12个，当前第3个
2020-08-11 19:02:56,085 - basepage - INFO - Click back on current page.
2020-08-11 19:03:01,517 - 2 - INFO - 页面"莽荒记（送千元白漂）"跳转正常,该类元素共12个，当前第4个
2020-08-11 19:03:01,788 - basepage - INFO - Click back on current page.
2020-08-11 19:03:06,495 - 2 - INFO - 页面"主宰之王（领海量红包）"跳转正常,该类元素共12个，当前第5个
2020-08-11 19:03:06,946 - basepage - INFO - Click back on current page.
2020-08-11 19:03:12,286 - 2 - INFO - 页面"真龙战魂（天天送元宝）"跳转正常,该类元素共12个，当前第6个
2020-08-11 19:03:12,554 - basepage - INFO - Click back on current page.
2020-08-11 19:03:17,289 - 2 - INFO - 页面"魔龙诀（全屏爆宝）"跳转正常,该类元素共12个，当前第7个
2020-08-11 19:03:17,759 - basepage - INFO - Click back on current page.
2020-08-11 19:03:22,729 - 2 - INFO - 页面"魔域王牌（天天送抽卡）"跳转正常,该类元素共12个，当前第8个
2020-08-11 19:03:23,022 - basepage - INFO - Click back on current page.
2020-08-11 19:03:27,984 - 2 - INFO - 页面"西域降魔（海量爆充值）"跳转正常,该类元素共12个，当前第9个
2020-08-11 19:03:28,452 - basepage - INFO - Click back on current page.
2020-08-11 19:03:33,628 - 2 - INFO - 页面"圣堂之战（送千元充值）"跳转正常,该类元素共12个，当前第10个
2020-08-11 19:03:33,863 - basepage - INFO - Click back on current page.
2020-08-11 19:03:39,329 - 2 - INFO - 页面"凤凰无双（送千元充值）"跳转正常,该类元素共12个，当前第11个
2020-08-11 19:03:39,824 - basepage - INFO - Click back on current page.
2020-08-11 19:03:44,912 - 2 - INFO - 页面"勇者荣耀（送真充值卡）"跳转正常,该类元素共12个，当前第12个
2020-08-11 19:03:45,187 - basepage - INFO - Click back on current page.
2020-08-11 19:03:50,987 - 2 - INFO - 页面"魔兽世界怀旧服2020年6月7日人口普查一览"跳转正常,该类元素共2个，当前第1个
2020-08-11 19:03:51,208 - basepage - INFO - Click back on current page.
2020-08-11 19:03:58,821 - 2 - INFO - 页面"DNF萌噬噬宠物属性怎么样？萌噬噬属性介绍"跳转正常,该类元素共2个，当前第2个
2020-08-11 19:03:59,367 - basepage - INFO - Click back on current page.
2020-08-11 19:04:06,614 - 2 - INFO - 页面"炉石传说通灵学院恶毒德鲁伊卡组怎么搭配 恶毒德鲁伊卡组推荐-最笨下载"跳转正常,该类元素共14个，当前第1个
2020-08-11 19:04:06,848 - basepage - INFO - Click back on current page.
2020-08-11 19:04:13,779 - 2 - INFO - 页面"炉石传说通灵学院术士卡组怎么搭配 术士卡组推荐-最笨下载"跳转正常,该类元素共14个，当前第2个
2020-08-11 19:04:14,049 - basepage - INFO - Click back on current page.
2020-08-11 19:04:20,982 - 2 - INFO - 页面"炉石传说通灵学院猎人卡组怎么搭配 猎人卡组推荐-最笨下载"跳转正常,该类元素共14个，当前第3个
2020-08-11 19:04:21,471 - basepage - INFO - Click back on current page.
2020-08-11 19:04:28,722 - 2 - INFO - 页面"炉石传说通灵学院法师卡组怎么搭配 法师卡组推荐-最笨下载"跳转正常,该类元素共14个，当前第4个
2020-08-11 19:04:28,937 - basepage - INFO - Click back on current page.
2020-08-11 19:04:36,116 - 2 - INFO - 页面"炉石传说通灵学院打脸贼卡组怎么搭配 打脸贼卡组推荐-最笨下载"跳转正常,该类元素共14个，当前第5个
2020-08-11 19:04:36,384 - basepage - INFO - Click back on current page.
2020-08-11 19:04:43,616 - 2 - INFO - 页面"炉石传说通灵学院法强打脸萨卡组怎么搭配 法强打脸萨卡组推荐-最笨下载"跳转正常,该类元素共14个，当前第6个
2020-08-11 19:04:44,091 - basepage - INFO - Click back on current page.
2020-08-11 19:04:51,278 - 2 - INFO - 页面"炉石传说通灵学院控制萨卡组怎么搭配 控制萨卡组推荐-最笨下载"跳转正常,该类元素共14个，当前第7个
2020-08-11 19:04:51,567 - basepage - INFO - Click back on current page.
2020-08-11 19:04:58,888 - 2 - INFO - 页面"炉石传说通灵学院图腾萨卡组怎么搭配 图腾萨卡组推荐-最笨下载"跳转正常,该类元素共14个，当前第8个
2020-08-11 19:04:59,105 - basepage - INFO - Click back on current page.
2020-08-11 19:05:06,155 - 2 - INFO - 页面"DNF手游红眼刷图怎么连招 红眼刷图连招推荐-最笨下载"跳转正常,该类元素共14个，当前第9个
2020-08-11 19:05:06,605 - basepage - INFO - Click back on current page.
2020-08-11 19:05:13,831 - 2 - INFO - 页面"DNF手游特殊副本有哪些 特殊副本奖励一览-最笨下载"跳转正常,该类元素共14个，当前第10个
2020-08-11 19:05:14,105 - basepage - INFO - Click back on current page.
2020-08-11 19:05:21,017 - 2 - INFO - 页面"DNF手游什么手柄好用 手柄选择推荐-最笨下载"跳转正常,该类元素共14个，当前第11个
2020-08-11 19:05:21,254 - basepage - INFO - Click back on current page.
2020-08-11 19:05:29,189 - 2 - INFO - 页面"我的世界天启无尽幻境堕天怎么打 天启无尽幻境堕天打法攻略-最笨下载"跳转正常,该类元素共14个，当前第12个
2020-08-11 19:05:29,629 - basepage - INFO - Click back on current page.
2020-08-11 19:05:36,725 - 2 - INFO - 页面"光遇落日竞技场冥想位置在哪 落日竞技场冥想位置介绍-最笨下载"跳转正常,该类元素共14个，当前第13个
2020-08-11 19:05:36,953 - basepage - INFO - Click back on current page.
2020-08-11 19:05:44,525 - 2 - INFO - 页面"光遇黑水港湾沉船冥想位置在哪 黑水港湾沉船冥想位置介绍-最笨下载"跳转正常,该类元素共14个，当前第14个
2020-08-11 19:05:45,771 - basepage - INFO - Click back on current page.
2020-08-11 19:05:54,057 - 2 - INFO - 页面"2020阴阳师7月新式神紧那罗即将上线 高颜值紧那"跳转正常,该类元素共2个，当前第1个
2020-08-11 19:05:54,347 - basepage - INFO - Click back on current page.
2020-08-11 19:06:00,834 - 2 - INFO - 页面"英雄联盟2020灵魂莲华皮肤原画汇总"跳转正常,该类元素共2个，当前第2个
2020-08-11 19:06:01,296 - basepage - INFO - Click back on current page.
2020-08-11 19:06:08,192 - 2 - INFO - 页面"变态手游公益服_bt手游变态服_无限元宝bt手游下载_BT手游中心-最笨下载"跳转正常,该类元素共28个，当前第1个
2020-08-11 19:06:08,420 - basepage - INFO - Click back on current page.
2020-08-11 19:06:15,114 - 2 - INFO - 页面"武器之王（福利特权）_武器之王（福利特权）无限元宝服_SF变态版武器之王（福利特权）公益服下载 - 最笨下载"跳转正常,该类元素共28个，当前第2个
2020-08-11 19:06:15,603 - basepage - INFO - Click back on current page.
2020-08-11 19:06:22,241 - 2 - INFO - 页面"满vip版手游_手游sf送顶级vip_满级vip无限元宝手游下载-最笨下载"跳转正常,该类元素共28个，当前第3个
2020-08-11 19:06:22,497 - basepage - INFO - Click back on current page.
2020-08-11 19:06:29,294 - 2 - INFO - 页面"女神联盟2（送500充值）_女神联盟2（送500充值）无限元宝服_SF变态版女神联盟2（送500充值）公益服下载 - 最笨下载"跳转正常,该类元素共28个，当前第4个
2020-08-11 19:06:29,767 - basepage - INFO - Click back on current page.
2020-08-11 19:06:36,244 - 2 - INFO - 页面"变态手游公益服_bt手游变态服_无限元宝bt手游下载_BT手游中心-最笨下载"跳转正常,该类元素共28个，当前第5个
2020-08-11 19:06:36,513 - basepage - INFO - Click back on current page.
2020-08-11 19:06:43,464 - 2 - INFO - 页面"凡人飞仙传（充值特权）_凡人飞仙传（充值特权）无限元宝服_SF变态版凡人飞仙传（充值特权）公益服下载 - 最笨下载"跳转正常,该类元素共28个，当前第6个
2020-08-11 19:06:43,763 - basepage - INFO - Click back on current page.
2020-08-11 19:06:50,218 - 2 - INFO - 页面"满vip版手游_手游sf送顶级vip_满级vip无限元宝手游下载-最笨下载"跳转正常,该类元素共28个，当前第7个
2020-08-11 19:06:50,685 - basepage - INFO - Click back on current page.
2020-08-11 19:06:57,736 - 2 - INFO - 页面"仙灵世界（送海量连抽）_仙灵世界（送海量连抽）无限元宝服_SF变态版仙灵世界（送海量连抽）公益服下载 - 最笨下载"跳转正常,该类元素共28个，当前第8个
2020-08-11 19:06:58,012 - basepage - INFO - Click back on current page.
2020-08-11 19:07:04,486 - 2 - INFO - 页面"变态手游公益服_bt手游变态服_无限元宝bt手游下载_BT手游中心-最笨下载"跳转正常,该类元素共28个，当前第9个
2020-08-11 19:07:04,899 - basepage - INFO - Click back on current page.
2020-08-11 19:07:11,937 - 2 - INFO - 页面"天天怼三国（送千元充值）_天天怼三国（送千元充值）无限元宝服_SF变态版天天怼三国（送千元充值）公益服下载 - 最笨下载"跳转正常,该类元素共28个，当前第10个
2020-08-11 19:07:12,232 - basepage - INFO - Click back on current page.
2020-08-11 19:07:18,724 - 2 - INFO - 页面"变态手游公益服_bt手游变态服_无限元宝bt手游下载_BT手游中心-最笨下载"跳转正常,该类元素共28个，当前第11个
2020-08-11 19:07:19,168 - basepage - INFO - Click back on current page.
2020-08-11 19:07:25,861 - 2 - INFO - 页面"妖神记（抽动漫周边）_妖神记（抽动漫周边）无限元宝服_SF变态版妖神记（抽动漫周边）公益服下载 - 最笨下载"跳转正常,该类元素共28个，当前第12个
2020-08-11 19:07:26,144 - basepage - INFO - Click back on current page.
2020-08-11 19:07:32,630 - 2 - INFO - 页面"满vip版手游_手游sf送顶级vip_满级vip无限元宝手游下载-最笨下载"跳转正常,该类元素共28个，当前第13个
2020-08-11 19:07:33,069 - basepage - INFO - Click back on current page.
2020-08-11 19:07:40,104 - 2 - INFO - 页面"影刃传说（天天送千充）_影刃传说（天天送千充）无限元宝服_SF变态版影刃传说（天天送千充）公益服下载 - 最笨下载"跳转正常,该类元素共28个，当前第14个
2020-08-11 19:07:40,377 - basepage - INFO - Click back on current page.
2020-08-11 19:07:46,838 - 2 - INFO - 页面"满vip版手游_手游sf送顶级vip_满级vip无限元宝手游下载-最笨下载"跳转正常,该类元素共28个，当前第15个
2020-08-11 19:07:47,311 - basepage - INFO - Click back on current page.
2020-08-11 19:07:54,063 - 2 - INFO - 页面"崩坏西游（送1688元充值）_崩坏西游（送1688元充值）无限元宝服_SF变态版崩坏西游（送1688元充值）公益服下载 - 最笨下载"跳转正常,该类元素共28个，当前第16个
2020-08-11 19:07:54,327 - basepage - INFO - Click back on current page.
2020-08-11 19:08:00,791 - 2 - INFO - 页面"满vip版手游_手游sf送顶级vip_满级vip无限元宝手游下载-最笨下载"跳转正常,该类元素共28个，当前第17个
2020-08-11 19:08:01,202 - basepage - INFO - Click back on current page.
2020-08-11 19:08:07,900 - 2 - INFO - 页面"唐门六道（送千元充值）_唐门六道（送千元充值）无限元宝服_SF变态版唐门六道（送千元充值）公益服下载 - 最笨下载"跳转正常,该类元素共28个，当前第18个
2020-08-11 19:08:08,176 - basepage - INFO - Click back on current page.
2020-08-11 19:08:14,644 - 2 - INFO - 页面"变态手游公益服_bt手游变态服_无限元宝bt手游下载_BT手游中心-最笨下载"跳转正常,该类元素共28个，当前第19个
2020-08-11 19:08:15,099 - basepage - INFO - Click back on current page.
2020-08-11 19:08:22,362 - 2 - INFO - 页面"纵剑仙界（送VIP代金券）_纵剑仙界（送VIP代金券）无限元宝服_SF变态版纵剑仙界（送VIP代金券）公益服下载 - 最笨下载"跳转正常,该类元素共28个，当前第20个
2020-08-11 19:08:22,611 - basepage - INFO - Click back on current page.
2020-08-11 19:08:29,379 - 2 - INFO - 页面"变态手游公益服_bt手游变态服_无限元宝bt手游下载_BT手游中心-最笨下载"跳转正常,该类元素共28个，当前第21个
2020-08-11 19:08:29,797 - basepage - INFO - Click back on current page.
2020-08-11 19:08:36,551 - 2 - INFO - 页面"真江湖HD（万抽特权）_真江湖HD（万抽特权）无限元宝服_SF变态版真江湖HD（万抽特权）公益服下载 - 最笨下载"跳转正常,该类元素共28个，当前第22个
2020-08-11 19:08:36,824 - basepage - INFO - Click back on current page.
2020-08-11 19:08:43,312 - 2 - INFO - 页面"变态手游公益服_bt手游变态服_无限元宝bt手游下载_BT手游中心-最笨下载"跳转正常,该类元素共28个，当前第23个
2020-08-11 19:08:43,563 - basepage - INFO - Click back on current page.
2020-08-11 19:08:50,545 - 2 - INFO - 页面"暴走神话_暴走神话无限元宝服_SF变态版暴走神话公益服下载 - 最笨下载"跳转正常,该类元素共28个，当前第24个
2020-08-11 19:08:51,050 - basepage - INFO - Click back on current page.
2020-08-11 19:08:57,699 - 2 - INFO - 页面"满vip版手游_手游sf送顶级vip_满级vip无限元宝手游下载-最笨下载"跳转正常,该类元素共28个，当前第25个
2020-08-11 19:08:57,943 - basepage - INFO - Click back on current page.
2020-08-11 19:09:04,713 - 2 - INFO - 页面"魔剑侠缘（万元兑换）_魔剑侠缘（万元兑换）无限元宝服_SF变态版魔剑侠缘（万元兑换）公益服下载 - 最笨下载"跳转正常,该类元素共28个，当前第26个
2020-08-11 19:09:04,973 - basepage - INFO - Click back on current page.
2020-08-11 19:09:11,449 - 2 - INFO - 页面"变态手游公益服_bt手游变态服_无限元宝bt手游下载_BT手游中心-最笨下载"跳转正常,该类元素共28个，当前第27个
2020-08-11 19:09:11,847 - basepage - INFO - Click back on current page.
2020-08-11 19:09:18,625 - 2 - INFO - 页面"破坏神（福利特权）_破坏神（福利特权）无限元宝服_SF变态版破坏神（福利特权）公益服下载 - 最笨下载"跳转正常,该类元素共28个，当前第28个
2020-08-11 19:09:18,893 - basepage - INFO - Click back on current page.
2020-08-11 19:09:27,198 - 2 - INFO - 页面"有什么回复女生的聊天软件"跳转正常,该类元素共2个，当前第1个
2020-08-11 19:09:27,613 - basepage - INFO - Click back on current page.
2020-08-11 19:09:34,481 - 2 - INFO - 页面"看小说不要钱的软件推荐"跳转正常,该类元素共2个，当前第2个
2020-08-11 19:09:34,723 - basepage - INFO - Click back on current page.
2020-08-11 19:09:41,917 - 2 - INFO - 页面"【苹果娱乐软件】iPhone手机娱乐软件_iPhone娱乐软件免费下载大全-最笨下载"跳转正常,该类元素共28个，当前第1个
2020-08-11 19:09:42,171 - basepage - INFO - Click back on current page.
2020-08-11 19:09:48,986 - 2 - INFO - 页面"最笨游戏盒子iOS版_最笨游戏盒子iOS版下载_最笨游戏盒子iOS版官方下载-最笨下载"跳转正常,该类元素共28个，当前第2个
2020-08-11 19:09:49,450 - basepage - INFO - Click back on current page.
2020-08-11 19:09:56,119 - 2 - INFO - 页面"【安卓娱乐软件】安卓娱乐软件下载_安卓娱乐软件推荐_安卓娱乐软件大全-最笨下载"跳转正常,该类元素共28个，当前第3个
2020-08-11 19:09:56,382 - basepage - INFO - Click back on current page.
2020-08-11 19:10:03,406 - 2 - INFO - 页面"最笨游戏盒子_最笨游戏盒子下载_最笨游戏盒子官方下载-最笨下载"跳转正常,该类元素共28个，当前第4个
2020-08-11 19:10:03,844 - basepage - INFO - Click back on current page.
2020-08-11 19:10:10,613 - 2 - INFO - 页面"【安卓聊天软件】安卓聊天软件下载_安卓聊天软件排行_安卓聊天软件大全-最笨下载"跳转正常,该类元素共28个，当前第5个
2020-08-11 19:10:10,855 - basepage - INFO - Click back on current page.
2020-08-11 19:10:17,853 - 2 - INFO - 页面"蜜小助_蜜小助下载_蜜小助官方下载-最笨下载"跳转正常,该类元素共28个，当前第6个
2020-08-11 19:10:18,074 - basepage - INFO - Click back on current page.
2020-08-11 19:10:24,538 - 2 - INFO - 页面"【安卓娱乐软件】安卓娱乐软件下载_安卓娱乐软件推荐_安卓娱乐软件大全-最笨下载"跳转正常,该类元素共28个，当前第7个
2020-08-11 19:10:25,269 - basepage - INFO - Click back on current page.
2020-08-11 19:10:32,065 - 2 - INFO - 页面"3733游戏盒子_3733游戏盒子下载_3733游戏盒子官方下载-最笨下载"跳转正常,该类元素共28个，当前第8个
2020-08-11 19:10:32,309 - basepage - INFO - Click back on current page.
2020-08-11 19:10:38,779 - 2 - INFO - 页面"【安卓聊天软件】安卓聊天软件下载_安卓聊天软件排行_安卓聊天软件大全-最笨下载"跳转正常,该类元素共28个，当前第9个
2020-08-11 19:10:39,287 - basepage - INFO - Click back on current page.
2020-08-11 19:10:46,299 - 2 - INFO - 页面"土味情话_土味情话下载_土味情话官方下载-最笨下载"跳转正常,该类元素共28个，当前第10个
2020-08-11 19:10:46,569 - basepage - INFO - Click back on current page.
2020-08-11 19:10:53,064 - 2 - INFO - 页面"【安卓聊天软件】安卓聊天软件下载_安卓聊天软件排行_安卓聊天软件大全-最笨下载"跳转正常,该类元素共28个，当前第11个
2020-08-11 19:10:53,492 - basepage - INFO - Click back on current page.
2020-08-11 19:11:01,001 - 2 - INFO - 页面"恋爱话术_恋爱话术下载_恋爱话术官方下载-最笨下载"跳转正常,该类元素共28个，当前第12个
2020-08-11 19:11:01,285 - basepage - INFO - Click back on current page.
2020-08-11 19:11:07,739 - 2 - INFO - 页面"【安卓聊天软件】安卓聊天软件下载_安卓聊天软件排行_安卓聊天软件大全-最笨下载"跳转正常,该类元素共28个，当前第13个
2020-08-11 19:11:08,254 - basepage - INFO - Click back on current page.
2020-08-11 19:11:15,220 - 2 - INFO - 页面"土味情话社_土味情话社下载_土味情话社官方下载-最笨下载"跳转正常,该类元素共28个，当前第14个
2020-08-11 19:11:15,508 - basepage - INFO - Click back on current page.
2020-08-11 19:11:22,797 - 2 - INFO - 页面"【安卓阅读软件】安卓阅读软件下载_安卓阅读软件哪个好_安卓阅读软件排行-最笨下载"跳转正常,该类元素共28个，当前第15个
2020-08-11 19:11:23,327 - basepage - INFO - Click back on current page.
2020-08-11 19:11:30,281 - 2 - INFO - 页面"吾爱看书_吾爱看书下载_吾爱看书官方下载-最笨下载"跳转正常,该类元素共28个，当前第16个
2020-08-11 19:11:30,506 - basepage - INFO - Click back on current page.
2020-08-11 19:11:37,397 - 2 - INFO - 页面"【苹果阅读软件】iPhone手机阅读软件_iPhone阅读软件免费下载大全-最笨下载"跳转正常,该类元素共28个，当前第17个
2020-08-11 19:11:37,634 - basepage - INFO - Click back on current page.
2020-08-11 19:11:44,835 - 2 - INFO - 页面"吾爱看书ios版_吾爱看书ios版下载_吾爱看书ios版官方下载-最笨下载"跳转正常,该类元素共28个，当前第18个
2020-08-11 19:11:45,350 - basepage - INFO - Click back on current page.
2020-08-11 19:11:51,842 - 2 - INFO - 页面"【安卓聊天软件】安卓聊天软件下载_安卓聊天软件排行_安卓聊天软件大全-最笨下载"跳转正常,该类元素共28个，当前第19个
2020-08-11 19:11:52,090 - basepage - INFO - Click back on current page.
2020-08-11 19:11:59,134 - 2 - INFO - 页面"恋爱话术库_恋爱话术库下载_恋爱话术库官方下载-最笨下载"跳转正常,该类元素共28个，当前第20个
2020-08-11 19:11:59,386 - basepage - INFO - Click back on current page.
2020-08-11 19:12:05,901 - 2 - INFO - 页面"【安卓聊天软件】安卓聊天软件下载_安卓聊天软件排行_安卓聊天软件大全-最笨下载"跳转正常,该类元素共28个，当前第21个
2020-08-11 19:12:06,309 - basepage - INFO - Click back on current page.
2020-08-11 19:12:13,500 - 2 - INFO - 页面"撩吧_撩吧下载_撩吧官方下载-最笨下载"跳转正常,该类元素共28个，当前第22个
2020-08-11 19:12:13,766 - basepage - INFO - Click back on current page.
2020-08-11 19:12:20,234 - 2 - INFO - 页面"【安卓聊天软件】安卓聊天软件下载_安卓聊天软件排行_安卓聊天软件大全-最笨下载"跳转正常,该类元素共28个，当前第23个
2020-08-11 19:12:20,659 - basepage - INFO - Click back on current page.
2020-08-11 19:12:28,167 - 2 - INFO - 页面"遇知音_遇知音下载_遇知音官方下载-最笨下载"跳转正常,该类元素共28个，当前第24个
2020-08-11 19:12:28,397 - basepage - INFO - Click back on current page.
2020-08-11 19:12:34,903 - 2 - INFO - 页面"【安卓聊天软件】安卓聊天软件下载_安卓聊天软件排行_安卓聊天软件大全-最笨下载"跳转正常,该类元素共28个，当前第25个
2020-08-11 19:12:35,194 - basepage - INFO - Click back on current page.
2020-08-11 19:12:42,263 - 2 - INFO - 页面"脱单大师_脱单大师下载_脱单大师官方下载-最笨下载"跳转正常,该类元素共28个，当前第26个
2020-08-11 19:12:42,703 - basepage - INFO - Click back on current page.
2020-08-11 19:12:49,193 - 2 - INFO - 页面"【安卓聊天软件】安卓聊天软件下载_安卓聊天软件排行_安卓聊天软件大全-最笨下载"跳转正常,该类元素共28个，当前第27个
2020-08-11 19:12:49,481 - basepage - INFO - Click back on current page.
2020-08-11 19:12:56,483 - 2 - INFO - 页面"爱情套路_爱情套路下载_爱情套路官方下载-最笨下载"跳转正常,该类元素共28个，当前第28个
2020-08-11 19:12:56,722 - basepage - INFO - Click back on current page.
2020-08-11 19:13:07,343 - 2 - INFO - 页面"【安卓播放器】安卓播放器下载_安卓播放器哪个最好_安卓播放器下载排行-最笨下载"跳转正常,该类元素共20个，当前第1个
2020-08-11 19:13:07,615 - basepage - INFO - Click back on current page.
2020-08-11 19:13:14,790 - 2 - INFO - 页面"【安卓学习软件】安卓学习软件下载_安卓学习软件免费下载_安卓学习软件大全-最笨下载"跳转正常,该类元素共20个，当前第2个
2020-08-11 19:13:15,200 - basepage - INFO - Click back on current page.
2020-08-11 19:13:22,292 - 2 - INFO - 页面"【安卓辅助软件】安卓辅助软件下载_安卓辅助软件推荐_安卓辅助软件大全-最笨下载"跳转正常,该类元素共20个，当前第3个
2020-08-11 19:13:22,563 - basepage - INFO - Click back on current page.
2020-08-11 19:13:29,195 - 2 - INFO - 页面"【安卓输入法】安卓输入法下载_安卓输入法哪个好_安卓输入法怎么用-最笨下载"跳转正常,该类元素共20个，当前第4个
2020-08-11 19:13:29,512 - basepage - INFO - Click back on current page.
2020-08-11 19:13:36,185 - 2 - INFO - 页面"【安卓通信软件】安卓通信软件下载_安卓通信软件推荐_安卓通信软件大全-最笨下载"跳转正常,该类元素共20个，当前第5个
2020-08-11 19:13:36,710 - basepage - INFO - Click back on current page.
2020-08-11 19:13:43,794 - 2 - INFO - 页面"【安卓固件】安卓固件下载_安卓固件包下载_安卓固件管理器-最笨下载"跳转正常,该类元素共20个，当前第6个
2020-08-11 19:13:44,078 - basepage - INFO - Click back on current page.
2020-08-11 19:13:50,572 - 2 - INFO - 页面"【安卓文件管理器】安卓文件管理器下载_安卓文件管理器哪个好_安卓文件管理器中文版-最笨下载"跳转正常,该类元素共20个，当前第7个
2020-08-11 19:13:51,079 - basepage - INFO - Click back on current page.
2020-08-11 19:13:58,070 - 2 - INFO - 页面"【安卓同步软件】安卓同步软件下载_安卓同步软件哪个好_安卓手机同步软件-最笨下载"跳转正常,该类元素共20个，当前第8个
2020-08-11 19:13:58,329 - basepage - INFO - Click back on current page.
2020-08-11 19:14:04,831 - 2 - INFO - 页面"【安卓办公软件】安卓办公软件下载_安卓办公软件哪个好_安卓办公软件哪种最好-最笨下载"跳转正常,该类元素共20个，当前第9个
2020-08-11 19:14:05,259 - basepage - INFO - Click back on current page.
2020-08-11 19:14:12,292 - 2 - INFO - 页面"【安卓新闻软件】安卓新闻软件下载_安卓新闻软件哪个好_安卓新闻软件大全-最笨下载"跳转正常,该类元素共20个，当前第10个
2020-08-11 19:14:12,562 - basepage - INFO - Click back on current page.
2020-08-11 19:14:19,294 - 2 - INFO - 页面"【安卓理财软件】安卓理财软件下载_安卓理财软件哪个好_安卓理财软件大全-最笨下载"跳转正常,该类元素共20个，当前第11个
2020-08-11 19:14:19,845 - basepage - INFO - Click back on current page.
2020-08-11 19:14:26,980 - 2 - INFO - 页面"【安卓备份软件】安卓备份软件下载_安卓备份软件哪个好_安卓手机备份软件-最笨下载"跳转正常,该类元素共20个，当前第12个
2020-08-11 19:14:27,261 - basepage - INFO - Click back on current page.
2020-08-11 19:14:34,410 - 2 - INFO - 页面"【安卓跑步软件】安卓跑步软件下载_安卓跑步软件哪个好_安卓跑步软件大全-最笨下载"跳转正常,该类元素共20个，当前第13个
2020-08-11 19:14:34,861 - basepage - INFO - Click back on current page.
2020-08-11 19:14:41,613 - 2 - INFO - 页面"【安卓健康管理软件】安卓健康管理软件下载_安卓健康管理软件推荐_安卓健康管理软件大全-最笨下载"跳转正常,该类元素共20个，当前第14个
2020-08-11 19:14:41,894 - basepage - INFO - Click back on current page.
2020-08-11 19:14:49,160 - 2 - INFO - 页面"【安卓系统软件】安卓系统软件下载_安卓系统软件免费下载_安卓系统软件下载工具-最笨下载"跳转正常,该类元素共20个，当前第15个
2020-08-11 19:14:49,459 - basepage - INFO - Click back on current page.
2020-08-11 19:14:55,953 - 2 - INFO - 页面"【安卓聊天软件】安卓聊天软件下载_安卓聊天软件排行_安卓聊天软件大全-最笨下载"跳转正常,该类元素共20个，当前第16个
2020-08-11 19:14:56,481 - basepage - INFO - Click back on current page.
2020-08-11 19:15:03,767 - 2 - INFO - 页面"【安卓应用软件】安卓应用软件排行_好玩的安卓应用软件_好用的安卓应用软件-最笨下载"跳转正常,该类元素共20个，当前第17个
2020-08-11 19:15:04,027 - basepage - INFO - Click back on current page.
2020-08-11 19:15:10,520 - 2 - INFO - 页面"【安卓娱乐软件】安卓娱乐软件下载_安卓娱乐软件推荐_安卓娱乐软件大全-最笨下载"跳转正常,该类元素共20个，当前第18个
2020-08-11 19:15:10,971 - basepage - INFO - Click back on current page.
2020-08-11 19:15:18,151 - 2 - INFO - 页面"【安卓导航软件】安卓导航软件下载_安卓导航软件哪个好_安卓导航软件排名-最笨下载"跳转正常,该类元素共20个，当前第19个
2020-08-11 19:15:18,409 - basepage - INFO - Click back on current page.
2020-08-11 19:15:25,529 - 2 - INFO - 页面"【安卓网络软件】安卓网络软件下载_安卓网络软件推荐_安卓网络软件大全-最笨下载"跳转正常,该类元素共20个，当前第20个
2020-08-11 19:15:26,048 - basepage - INFO - Click back on current page.
2020-08-11 19:15:34,419 - 2 - INFO - 页面"3733手游游戏平台_3733手游游戏平台下载_3733手游游戏平台官方下载-最笨下载"跳转正常,该类元素共18个，当前第1个
2020-08-11 19:15:40,589 - 2 - INFO - 页面"安致手游游戏平台_安致手游游戏平台下载_安致手游游戏平台官方下载-最笨下载"跳转正常,该类元素共18个，当前第2个
2020-08-11 19:15:46,743 - 2 - INFO - 页面"聊天套路安卓版_聊天套路安卓版下载_聊天套路安卓版官方下载-最笨下载"跳转正常,该类元素共18个，当前第3个
2020-08-11 19:15:52,883 - 2 - INFO - 页面"聊天套路破解版_聊天套路破解版下载_聊天套路破解版官方下载-最笨下载"跳转正常,该类元素共18个，当前第4个
2020-08-11 19:15:59,046 - 2 - INFO - 页面"聊天套路软件_聊天套路软件下载_聊天套路软件官方下载-最笨下载"跳转正常,该类元素共18个，当前第5个
2020-08-11 19:16:05,185 - 2 - INFO - 页面"聊天套路_聊天套路下载_聊天套路官方下载-最笨下载"跳转正常,该类元素共18个，当前第6个
2020-08-11 19:16:11,316 - 2 - INFO - 页面"信息回复神器_信息回复神器下载_信息回复神器官方下载-最笨下载"跳转正常,该类元素共18个，当前第7个
2020-08-11 19:16:17,440 - 2 - INFO - 页面"消息回复神器_消息回复神器下载_消息回复神器官方下载-最笨下载"跳转正常,该类元素共18个，当前第8个
2020-08-11 19:16:23,577 - 2 - INFO - 页面"消息回复辅助神器_消息回复辅助神器下载_消息回复辅助神器官方下载-最笨下载"跳转正常,该类元素共18个，当前第9个
2020-08-11 19:16:29,702 - 2 - INFO - 页面"回复神器_回复神器下载_回复神器官方下载-最笨下载"跳转正常,该类元素共18个，当前第10个
2020-08-11 19:16:35,849 - 2 - INFO - 页面"神撩话术大全库_神撩话术大全库下载_神撩话术大全库官方下载-最笨下载"跳转正常,该类元素共18个，当前第11个
2020-08-11 19:16:42,018 - 2 - INFO - 页面"扑鹿_扑鹿下载_扑鹿官方下载-最笨下载"跳转正常,该类元素共18个，当前第12个
2020-08-11 19:16:48,178 - 2 - INFO - 页面"日杂相机_日杂相机下载_日杂相机官方下载-最笨下载"跳转正常,该类元素共18个，当前第13个
2020-08-11 19:16:54,321 - 2 - INFO - 页面"皮皮虾_皮皮虾下载_皮皮虾官方下载-最笨下载"跳转正常,该类元素共18个，当前第14个
2020-08-11 19:17:00,482 - 2 - INFO - 页面"吾爱看书_吾爱看书下载_吾爱看书官方下载-最笨下载"跳转正常,该类元素共18个，当前第15个
2020-08-11 19:17:06,614 - 2 - INFO - 页面"7732游戏中心_7732游戏中心下载_7732游戏中心官方下载-最笨下载"跳转正常,该类元素共18个，当前第16个
2020-08-11 19:17:12,746 - 2 - INFO - 页面"7743手游盒子_7743手游盒子下载_7743手游盒子官方下载-最笨下载"跳转正常,该类元素共18个，当前第17个
2020-08-11 19:17:18,912 - 2 - INFO - 页面"7743游戏中心_7743游戏中心下载_7743游戏中心官方下载-最笨下载"跳转正常,该类元素共18个，当前第18个
2020-08-11 19:17:24,875 - 2 - INFO - 页面"【安卓益智游戏】好玩的安卓益智游戏大全_安卓益智类游戏_益智游戏下载-最笨下载"跳转正常,该类元素共17个，当前第1个
2020-08-11 19:17:25,190 - basepage - INFO - Click back on current page.
2020-08-11 19:17:31,949 - 2 - INFO - 页面"【安卓其他游戏】好玩的安卓其他游戏大全_安卓其他类游戏_其他游戏下载-最笨下载"跳转正常,该类元素共17个，当前第2个
2020-08-11 19:17:32,220 - basepage - INFO - Click back on current page.
2020-08-11 19:17:38,809 - 2 - INFO - 页面"【安卓音乐游戏】好玩的安卓音乐游戏大全_安卓音乐类游戏_音乐游戏下载-最笨下载"跳转正常,该类元素共17个，当前第3个
2020-08-11 19:17:39,333 - basepage - INFO - Click back on current page.
2020-08-11 19:17:46,558 - 2 - INFO - 页面"【安卓网络游戏】好玩的安卓网络游戏大全_安卓网络类游戏_网络游戏下载-最笨下载"跳转正常,该类元素共17个，当前第4个
2020-08-11 19:17:46,887 - basepage - INFO - Click back on current page.
2020-08-11 19:17:53,628 - 2 - INFO - 页面"【安卓格斗游戏】好玩的安卓格斗游戏大全_安卓格斗类游戏_格斗游戏下载-最笨下载"跳转正常,该类元素共17个，当前第5个
2020-08-11 19:17:54,136 - basepage - INFO - Click back on current page.
2020-08-11 19:18:01,190 - 2 - INFO - 页面"【安卓飞行游戏】好玩的安卓飞行游戏大全_安卓飞行类游戏_飞行游戏下载-最笨下载"跳转正常,该类元素共17个，当前第6个
2020-08-11 19:18:01,453 - basepage - INFO - Click back on current page.
2020-08-11 19:18:08,176 - 2 - INFO - 页面"【安卓体育运动游戏】好玩的安卓体育运动游戏大全_安卓体育运动类游戏_体育运动游戏下载-最笨下载"跳转正常,该类元素共17个，当前第7个
2020-08-11 19:18:08,638 - basepage - INFO - Click back on current page.
2020-08-11 19:18:15,114 - 2 - INFO - 页面"【安卓模拟经营游戏】好玩的安卓模拟经营游戏大全_安卓模拟经营类游戏_模拟经营游戏下载-最笨下载"跳转正常,该类元素共17个，当前第8个
2020-08-11 19:18:15,330 - basepage - INFO - Click back on current page.
2020-08-11 19:18:22,073 - 2 - INFO - 页面"【安卓策略游戏】好玩的安卓策略游戏大全_安卓策略类游戏_策略游戏下载-最笨下载"跳转正常,该类元素共17个，当前第9个
2020-08-11 19:18:22,475 - basepage - INFO - Click back on current page.
2020-08-11 19:18:29,277 - 2 - INFO - 页面"【安卓塔防游戏】好玩的安卓塔防游戏大全_安卓塔防类游戏_塔防游戏下载-最笨下载"跳转正常,该类元素共17个，当前第10个
2020-08-11 19:18:29,505 - basepage - INFO - Click back on current page.
2020-08-11 19:18:36,220 - 2 - INFO - 页面"【安卓解谜冒险游戏】好玩的安卓解谜冒险游戏大全_安卓解谜冒险类游戏_解谜冒险游戏下载-最笨下载"跳转正常,该类元素共17个，当前第11个
2020-08-11 19:18:36,716 - basepage - INFO - Click back on current page.
2020-08-11 19:18:43,505 - 2 - INFO - 页面"【安卓射击游戏】好玩的安卓射击游戏大全_安卓射击类游戏_射击游戏下载-最笨下载"跳转正常,该类元素共17个，当前第12个
2020-08-11 19:18:43,784 - basepage - INFO - Click back on current page.
2020-08-11 19:18:50,491 - 2 - INFO - 页面"【安卓棋牌游戏】好玩的安卓棋牌游戏大全_安卓棋牌类游戏_棋牌游戏下载-最笨下载"跳转正常,该类元素共17个，当前第13个
2020-08-11 19:18:51,028 - basepage - INFO - Click back on current page.
2020-08-11 19:18:57,882 - 2 - INFO - 页面"【安卓赛车游戏】好玩的安卓赛车游戏大全_安卓赛车类游戏_赛车游戏下载-最笨下载"跳转正常,该类元素共17个，当前第14个
2020-08-11 19:18:58,234 - basepage - INFO - Click back on current page.
2020-08-11 19:19:05,034 - 2 - INFO - 页面"【安卓角色扮演游戏】好玩的安卓角色扮演游戏大全_安卓角色扮演类游戏_角色扮演游戏下载-最笨下载"跳转正常,该类元素共17个，当前第15个
2020-08-11 19:19:05,561 - basepage - INFO - Click back on current page.
2020-08-11 19:19:12,369 - 2 - INFO - 页面"【安卓动作游戏】好玩的安卓动作游戏大全_安卓动作类游戏_动作游戏下载-最笨下载"跳转正常,该类元素共17个，当前第16个
2020-08-11 19:19:12,633 - basepage - INFO - Click back on current page.
2020-08-11 19:19:19,429 - 2 - INFO - 页面"【安卓休闲游戏】好玩的安卓休闲游戏大全_安卓休闲类游戏_休闲游戏下载-最笨下载"跳转正常,该类元素共17个，当前第17个
2020-08-11 19:19:19,698 - basepage - INFO - Click back on current page.
2020-08-11 19:19:28,035 - 2 - INFO - 页面"炼金国度（送1000元充值）ios版_炼金国度（送1000元充值）ios版下载_炼金国度（送1000元充值）ios版官方下载-最笨下载"跳转正常,该类元素共18个，当前第1个
2020-08-11 19:19:34,201 - 2 - INFO - 页面"国贼顾挽之_国贼顾挽之下载_国贼顾挽之官方下载-最笨下载"跳转正常,该类元素共18个，当前第2个
2020-08-11 19:19:40,354 - 2 - INFO - 页面"大秦黎明_大秦黎明下载_大秦黎明官方下载-最笨下载"跳转正常,该类元素共18个，当前第3个
2020-08-11 19:19:46,506 - 2 - INFO - 页面"怒焰三国杀手游_怒焰三国杀手游下载_怒焰三国杀手游官方下载-最笨下载"跳转正常,该类元素共18个，当前第4个
2020-08-11 19:19:52,648 - 2 - INFO - 页面"末日围城_末日围城下载_末日围城官方下载-最笨下载"跳转正常,该类元素共18个，当前第5个
2020-08-11 19:19:58,851 - 2 - INFO - 页面"天将雄师九游版_天将雄师九游版下载_天将雄师九游版官方下载-最笨下载"跳转正常,该类元素共18个，当前第6个
2020-08-11 19:20:04,998 - 2 - INFO - 页面"诸王黎明_诸王黎明下载_诸王黎明官方下载-最笨下载"跳转正常,该类元素共18个，当前第7个
2020-08-11 19:20:11,159 - 2 - INFO - 页面"一梦江湖九游版_一梦江湖九游版下载_一梦江湖九游版官方下载-最笨下载"跳转正常,该类元素共18个，当前第8个
2020-08-11 19:20:17,290 - 2 - INFO - 页面"NBA篮球大师_NBA篮球大师下载_NBA篮球大师官方下载-最笨下载"跳转正常,该类元素共18个，当前第9个
2020-08-11 19:20:23,471 - 2 - INFO - 页面"萌妖传手游_萌妖传手游下载_萌妖传手游官方下载-最笨下载"跳转正常,该类元素共18个，当前第10个
2020-08-11 19:20:29,657 - 2 - INFO - 页面"中超英雄手游_中超英雄手游下载_中超英雄手游官方下载-最笨下载"跳转正常,该类元素共18个，当前第11个
2020-08-11 19:20:35,814 - 2 - INFO - 页面"三国战天下手游_三国战天下手游下载_三国战天下手游官方下载-最笨下载"跳转正常,该类元素共18个，当前第12个
2020-08-11 19:20:41,950 - 2 - INFO - 页面"拳皇命运_拳皇命运下载_拳皇命运官方下载-最笨下载"跳转正常,该类元素共18个，当前第13个
2020-08-11 19:20:48,109 - 2 - INFO - 页面"电能大亨_电能大亨下载_电能大亨官方下载-最笨下载"跳转正常,该类元素共18个，当前第14个
2020-08-11 19:20:54,289 - 2 - INFO - 页面"驾校模拟器_驾校模拟器下载_驾校模拟器官方下载-最笨下载"跳转正常,该类元素共18个，当前第15个
2020-08-11 19:21:00,431 - 2 - INFO - 页面"暗黑探险2_暗黑探险2下载_暗黑探险2官方下载-最笨下载"跳转正常,该类元素共18个，当前第16个
2020-08-11 19:21:06,583 - 2 - INFO - 页面"风暴山之谜_风暴山之谜下载_风暴山之谜官方下载-最笨下载"跳转正常,该类元素共18个，当前第17个
2020-08-11 19:21:12,755 - 2 - INFO - 页面"炸弹投石机:卡牌战斗_炸弹投石机:卡牌战斗下载_炸弹投石机:卡牌战斗官方下载-最笨下载"跳转正常,该类元素共18个，当前第18个
2020-08-11 19:21:20,560 - 2 - INFO - 页面"变态手游公益服_bt手游变态服_无限元宝bt手游下载_BT手游中心-最笨下载"跳转正常,该类元素共13个，当前第1个
2020-08-11 19:21:21,244 - basepage - INFO - Click back on current page.
2020-08-11 19:21:29,795 - 2 - INFO - 页面"变态手游公益服_bt手游变态服_无限元宝bt手游下载_BT手游中心-最笨下载"跳转正常,该类元素共13个，当前第2个
2020-08-11 19:21:30,077 - basepage - INFO - Click back on current page.
2020-08-11 19:21:38,395 - 2 - INFO - 页面"变态手游公益服_bt手游变态服_无限元宝bt手游下载_BT手游中心-最笨下载"跳转正常,该类元素共13个，当前第3个
2020-08-11 19:21:38,943 - basepage - INFO - Click back on current page.
2020-08-11 19:21:47,704 - 2 - INFO - 页面"变态手游公益服_bt手游变态服_无限元宝bt手游下载_BT手游中心-最笨下载"跳转正常,该类元素共13个，当前第4个
2020-08-11 19:21:48,232 - basepage - INFO - Click back on current page.
2020-08-11 19:21:56,239 - 2 - INFO - 页面"变态手游公益服_bt手游变态服_无限元宝bt手游下载_BT手游中心-最笨下载"跳转正常,该类元素共13个，当前第5个
2020-08-11 19:21:56,776 - basepage - INFO - Click back on current page.
2020-08-11 19:22:05,108 - 2 - INFO - 页面"变态手游公益服_bt手游变态服_无限元宝bt手游下载_BT手游中心-最笨下载"跳转正常,该类元素共13个，当前第6个
2020-08-11 19:22:05,377 - basepage - INFO - Click back on current page.
2020-08-11 19:22:13,704 - 2 - INFO - 页面"变态手游公益服_bt手游变态服_无限元宝bt手游下载_BT手游中心-最笨下载"跳转正常,该类元素共13个，当前第7个
2020-08-11 19:22:14,158 - basepage - INFO - Click back on current page.
2020-08-11 19:22:22,364 - 2 - INFO - 页面"变态手游公益服_bt手游变态服_无限元宝bt手游下载_BT手游中心-最笨下载"跳转正常,该类元素共13个，当前第8个
2020-08-11 19:22:22,820 - basepage - INFO - Click back on current page.
2020-08-11 19:22:31,380 - 2 - INFO - 页面"变态手游公益服_bt手游变态服_无限元宝bt手游下载_BT手游中心-最笨下载"跳转正常,该类元素共13个，当前第9个
2020-08-11 19:22:31,628 - basepage - INFO - Click back on current page.
2020-08-11 19:22:39,904 - 2 - INFO - 页面"变态手游公益服_bt手游变态服_无限元宝bt手游下载_BT手游中心-最笨下载"跳转正常,该类元素共13个，当前第10个
2020-08-11 19:22:40,406 - basepage - INFO - Click back on current page.
2020-08-11 19:22:48,616 - 2 - INFO - 页面"变态手游公益服_bt手游变态服_无限元宝bt手游下载_BT手游中心-最笨下载"跳转正常,该类元素共13个，当前第11个
2020-08-11 19:22:49,128 - basepage - INFO - Click back on current page.
2020-08-11 19:22:56,320 - 2 - ERROR - 页面"404-最笨下载"跳转异常,该类元素共13个，当前第12个
2020-08-11 19:22:56,810 - basepage - INFO - Click back on current page.
2020-08-11 19:23:05,507 - 2 - INFO - 页面"变态手游公益服_bt手游变态服_无限元宝bt手游下载_BT手游中心-最笨下载"跳转正常,该类元素共13个，当前第13个
2020-08-11 19:23:05,790 - basepage - INFO - Click back on current page.
2020-08-11 19:23:14,148 - 2 - INFO - 页面"飘渺寻仙曲（星耀特权）_飘渺寻仙曲（星耀特权）无限元宝服_SF变态版飘渺寻仙曲（星耀特权）公益服下载 - 最笨下载"跳转正常,该类元素共18个，当前第1个
2020-08-11 19:23:20,293 - 2 - INFO - 页面"九曲封神（送海量充值）_九曲封神（送海量充值）无限元宝服_SF变态版九曲封神（送海量充值）公益服下载 - 最笨下载"跳转正常,该类元素共18个，当前第2个
2020-08-11 19:23:26,450 - 2 - INFO - 页面"口袋逆袭（送GM特权）_口袋逆袭（送GM特权）无限元宝服_SF变态版口袋逆袭（送GM特权）公益服下载 - 最笨下载"跳转正常,该类元素共18个，当前第3个
2020-08-11 19:23:32,617 - 2 - INFO - 页面"莽荒记（送千元白漂）_莽荒记（送千元白漂）无限元宝服_SF变态版莽荒记（送千元白漂）公益服下载 - 最笨下载"跳转正常,该类元素共18个，当前第4个
2020-08-11 19:23:38,744 - 2 - INFO - 页面"真龙战魂（天天送元宝）_真龙战魂（天天送元宝）无限元宝服_SF变态版真龙战魂（天天送元宝）公益服下载 - 最笨下载"跳转正常,该类元素共18个，当前第5个
2020-08-11 19:23:44,872 - 2 - INFO - 页面"魔龙诀（全屏爆宝）_魔龙诀（全屏爆宝）无限元宝服_SF变态版魔龙诀（全屏爆宝）公益服下载 - 最笨下载"跳转正常,该类元素共18个，当前第6个
2020-08-11 19:23:51,013 - 2 - INFO - 页面"魔域王牌（天天送抽卡）_魔域王牌（天天送抽卡）无限元宝服_SF变态版魔域王牌（天天送抽卡）公益服下载 - 最笨下载"跳转正常,该类元素共18个，当前第7个
2020-08-11 19:23:57,169 - 2 - INFO - 页面"西域降魔（海量爆充值）_西域降魔（海量爆充值）无限元宝服_SF变态版西域降魔（海量爆充值）公益服下载 - 最笨下载"跳转正常,该类元素共18个，当前第8个
2020-08-11 19:24:03,311 - 2 - INFO - 页面"凤凰无双（送千元充值）_凤凰无双（送千元充值）无限元宝服_SF变态版凤凰无双（送千元充值）公益服下载 - 最笨下载"跳转正常,该类元素共18个，当前第9个
2020-08-11 19:24:09,478 - 2 - INFO - 页面"勇者荣耀（送真充值卡）_勇者荣耀（送真充值卡）无限元宝服_SF变态版勇者荣耀（送真充值卡）公益服下载 - 最笨下载"跳转正常,该类元素共18个，当前第10个
2020-08-11 19:24:15,643 - 2 - INFO - 页面"神谕幻想（送海量充值）_神谕幻想（送海量充值）无限元宝服_SF变态版神谕幻想（送海量充值）公益服下载 - 最笨下载"跳转正常,该类元素共18个，当前第11个
2020-08-11 19:24:21,790 - 2 - INFO - 页面"烈焰遮天（三职业）_烈焰遮天（三职业）无限元宝服_SF变态版烈焰遮天（三职业）公益服下载 - 最笨下载"跳转正常,该类元素共18个，当前第12个
2020-08-11 19:24:27,938 - 2 - INFO - 页面"苍之纪元_苍之纪元无限元宝服_SF变态版苍之纪元公益服下载 - 最笨下载"跳转正常,该类元素共18个，当前第13个
2020-08-11 19:24:34,104 - 2 - INFO - 页面"飞仙问道_飞仙问道无限元宝服_SF变态版飞仙问道公益服下载 - 最笨下载"跳转正常,该类元素共18个，当前第14个
2020-08-11 19:24:40,264 - 2 - INFO - 页面"仙魔令_仙魔令无限元宝服_SF变态版仙魔令公益服下载 - 最笨下载"跳转正常,该类元素共18个，当前第15个
2020-08-11 19:24:46,428 - 2 - INFO - 页面"艾德尔冒险（重制）_艾德尔冒险（重制）无限元宝服_SF变态版艾德尔冒险（重制）公益服下载 - 最笨下载"跳转正常,该类元素共18个，当前第16个
2020-08-11 19:24:52,568 - 2 - INFO - 页面"口袋精灵（送超梦送梦幻）_口袋精灵（送超梦送梦幻）无限元宝服_SF变态版口袋精灵（送超梦送梦幻）公益服下载 - 最笨下载"跳转正常,该类元素共18个，当前第17个
2020-08-11 19:24:58,725 - 2 - INFO - 页面"传奇盛世（高返定制服）_传奇盛世（高返定制服）无限元宝服_SF变态版传奇盛世（高返定制服）公益服下载 - 最笨下载"跳转正常,该类元素共18个，当前第18个
2020-08-11 19:25:06,141 - 2 - INFO - 页面"满vip版手游_手游sf送顶级vip_满级vip无限元宝手游下载-最笨下载"跳转正常,该类元素共13个，当前第1个
2020-08-11 19:25:06,586 - basepage - INFO - Click back on current page.
2020-08-11 19:25:14,930 - 2 - INFO - 页面"满vip版手游_手游sf送顶级vip_满级vip无限元宝手游下载-最笨下载"跳转正常,该类元素共13个，当前第2个
2020-08-11 19:25:15,469 - basepage - INFO - Click back on current page.
2020-08-11 19:25:23,648 - 2 - INFO - 页面"满vip版手游_手游sf送顶级vip_满级vip无限元宝手游下载-最笨下载"跳转正常,该类元素共13个，当前第3个
2020-08-11 19:25:24,062 - basepage - INFO - Click back on current page.
2020-08-11 19:25:32,764 - 2 - INFO - 页面"满vip版手游_手游sf送顶级vip_满级vip无限元宝手游下载-最笨下载"跳转正常,该类元素共13个，当前第4个
2020-08-11 19:25:33,372 - basepage - INFO - Click back on current page.
2020-08-11 19:25:41,390 - 2 - INFO - 页面"满vip版手游_手游sf送顶级vip_满级vip无限元宝手游下载-最笨下载"跳转正常,该类元素共13个，当前第5个
2020-08-11 19:25:41,859 - basepage - INFO - Click back on current page.
2020-08-11 19:25:50,515 - 2 - INFO - 页面"满vip版手游_手游sf送顶级vip_满级vip无限元宝手游下载-最笨下载"跳转正常,该类元素共13个，当前第6个
2020-08-11 19:25:50,746 - basepage - INFO - Click back on current page.
2020-08-11 19:25:59,173 - 2 - INFO - 页面"满vip版手游_手游sf送顶级vip_满级vip无限元宝手游下载-最笨下载"跳转正常,该类元素共13个，当前第7个
2020-08-11 19:25:59,581 - basepage - INFO - Click back on current page.
2020-08-11 19:26:08,011 - 2 - INFO - 页面"满vip版手游_手游sf送顶级vip_满级vip无限元宝手游下载-最笨下载"跳转正常,该类元素共13个，当前第8个
2020-08-11 19:26:08,513 - basepage - INFO - Click back on current page.
2020-08-11 19:26:16,475 - 2 - INFO - 页面"满vip版手游_手游sf送顶级vip_满级vip无限元宝手游下载-最笨下载"跳转正常,该类元素共13个，当前第9个
2020-08-11 19:26:16,939 - basepage - INFO - Click back on current page.
2020-08-11 19:26:25,521 - 2 - INFO - 页面"满vip版手游_手游sf送顶级vip_满级vip无限元宝手游下载-最笨下载"跳转正常,该类元素共13个，当前第10个
2020-08-11 19:26:25,785 - basepage - INFO - Click back on current page.
2020-08-11 19:26:33,755 - 2 - INFO - 页面"满vip版手游_手游sf送顶级vip_满级vip无限元宝手游下载-最笨下载"跳转正常,该类元素共13个，当前第11个
2020-08-11 19:26:34,257 - basepage - INFO - Click back on current page.
2020-08-11 19:26:40,970 - 2 - ERROR - 页面"404-最笨下载"跳转异常,该类元素共13个，当前第12个
2020-08-11 19:26:41,465 - basepage - INFO - Click back on current page.
2020-08-11 19:26:49,563 - 2 - INFO - 页面"满vip版手游_手游sf送顶级vip_满级vip无限元宝手游下载-最笨下载"跳转正常,该类元素共13个，当前第13个
2020-08-11 19:26:49,848 - basepage - INFO - Click back on current page.
2020-08-11 19:26:58,211 - 2 - INFO - 页面"主宰之王（领海量红包）_主宰之王（领海量红包）无限元宝服_SF变态版主宰之王（领海量红包）公益服下载 - 最笨下载"跳转正常,该类元素共18个，当前第1个
2020-08-11 19:27:04,341 - 2 - INFO - 页面"圣堂之战（送千元充值）_圣堂之战（送千元充值）无限元宝服_SF变态版圣堂之战（送千元充值）公益服下载 - 最笨下载"跳转正常,该类元素共18个，当前第2个
2020-08-11 19:27:10,481 - 2 - INFO - 页面"梦道（商城特权）_梦道（商城特权）无限元宝服_SF变态版梦道（商城特权）公益服下载 - 最笨下载"跳转正常,该类元素共18个，当前第3个
2020-08-11 19:27:16,636 - 2 - INFO - 页面"征程三国（送充值）_征程三国（送充值）无限元宝服_SF变态版征程三国（送充值）公益服下载 - 最笨下载"跳转正常,该类元素共18个，当前第4个
2020-08-11 19:27:22,763 - 2 - INFO - 页面"战龙归来（送千元礼包）_战龙归来（送千元礼包）无限元宝服_SF变态版战龙归来（送千元礼包）公益服下载 - 最笨下载"跳转正常,该类元素共18个，当前第5个
2020-08-11 19:27:28,919 - 2 - INFO - 页面"斩仙录（送海量充值）_斩仙录（送海量充值）无限元宝服_SF变态版斩仙录（送海量充值）公益服下载 - 最笨下载"跳转正常,该类元素共18个，当前第6个
2020-08-11 19:27:35,069 - 2 - INFO - 页面"仙风道骨（送GM海量充）_仙风道骨（送GM海量充）无限元宝服_SF变态版仙风道骨（送GM海量充）公益服下载 - 最笨下载"跳转正常,该类元素共18个，当前第7个
2020-08-11 19:27:41,217 - 2 - INFO - 页面"口袋暴龙（海量特权）_口袋暴龙（海量特权）无限元宝服_SF变态版口袋暴龙（海量特权）公益服下载 - 最笨下载"跳转正常,该类元素共18个，当前第8个
2020-08-11 19:27:47,363 - 2 - INFO - 页面"苍穹灭（星耀特权）_苍穹灭（星耀特权）无限元宝服_SF变态版苍穹灭（星耀特权）公益服下载 - 最笨下载"跳转正常,该类元素共18个，当前第9个
2020-08-11 19:27:53,550 - 2 - INFO - 页面"传奇世界之仗剑天涯（至尊特权）_传奇世界之仗剑天涯（至尊特权）无限元宝服_SF变态版传奇世界之仗剑天涯（至尊特权）公益服下载 - 最笨下载"跳转正常,该类元素共18个，当前第10个
2020-08-11 19:27:59,775 - 2 - INFO - 页面"三国之旅（日送千充）_三国之旅（日送千充）无限元宝服_SF变态版三国之旅（日送千充）公益服下载 - 最笨下载"跳转正常,该类元素共18个，当前第11个
2020-08-11 19:28:05,935 - 2 - INFO - 页面"神魔传说（登录送神器）_神魔传说（登录送神器）无限元宝服_SF变态版神魔传说（登录送神器）公益服下载 - 最笨下载"跳转正常,该类元素共18个，当前第12个
2020-08-11 19:28:12,065 - 2 - INFO - 页面"魔剑侠缘（万元兑换）_魔剑侠缘（万元兑换）无限元宝服_SF变态版魔剑侠缘（万元兑换）公益服下载 - 最笨下载"跳转正常,该类元素共18个，当前第13个
2020-08-11 19:28:18,239 - 2 - INFO - 页面"疯神之战（送海量充值）_疯神之战（送海量充值）无限元宝服_SF变态版疯神之战（送海量充值）公益服下载 - 最笨下载"跳转正常,该类元素共18个，当前第14个
2020-08-11 19:28:24,435 - 2 - INFO - 页面"崩坏西游（送1688元充值）_崩坏西游（送1688元充值）无限元宝服_SF变态版崩坏西游（送1688元充值）公益服下载 - 最笨下载"跳转正常,该类元素共18个，当前第15个
2020-08-11 19:28:30,575 - 2 - INFO - 页面"破坏神（星耀特权）_破坏神（星耀特权）无限元宝服_SF变态版破坏神（星耀特权）公益服下载 - 最笨下载"跳转正常,该类元素共18个，当前第16个
2020-08-11 19:28:36,723 - 2 - INFO - 页面"影刃传说（天天送千充）_影刃传说（天天送千充）无限元宝服_SF变态版影刃传说（天天送千充）公益服下载 - 最笨下载"跳转正常,该类元素共18个，当前第17个
2020-08-11 19:28:42,865 - 2 - INFO - 页面"跑跑西游（送海量真充）_跑跑西游（送海量真充）无限元宝服_SF变态版跑跑西游（送海量真充）公益服下载 - 最笨下载"跳转正常,该类元素共18个，当前第18个
2020-08-11 19:28:50,369 - 2 - INFO - 页面"gm版手游_无限元宝/钻石公益服_0元免费gm权限手游下载-最笨下载"跳转正常,该类元素共13个，当前第1个
2020-08-11 19:28:50,660 - basepage - INFO - Click back on current page.
2020-08-11 19:28:58,889 - 2 - INFO - 页面"gm版手游_无限元宝/钻石公益服_0元免费gm权限手游下载-最笨下载"跳转正常,该类元素共13个，当前第2个
2020-08-11 19:28:59,429 - basepage - INFO - Click back on current page.
2020-08-11 19:29:07,700 - 2 - INFO - 页面"gm版手游_无限元宝/钻石公益服_0元免费gm权限手游下载-最笨下载"跳转正常,该类元素共13个，当前第3个
2020-08-11 19:29:08,219 - basepage - INFO - Click back on current page.
2020-08-11 19:29:16,297 - 2 - INFO - 页面"gm版手游_无限元宝/钻石公益服_0元免费gm权限手游下载-最笨下载"跳转正常,该类元素共13个，当前第4个
2020-08-11 19:29:16,542 - basepage - INFO - Click back on current page.
2020-08-11 19:29:24,644 - 2 - INFO - 页面"gm版手游_无限元宝/钻石公益服_0元免费gm权限手游下载-最笨下载"跳转正常,该类元素共13个，当前第5个
2020-08-11 19:29:25,101 - basepage - INFO - Click back on current page.
2020-08-11 19:29:33,129 - 2 - INFO - 页面"gm版手游_无限元宝/钻石公益服_0元免费gm权限手游下载-最笨下载"跳转正常,该类元素共13个，当前第6个
2020-08-11 19:29:33,634 - basepage - INFO - Click back on current page.
2020-08-11 19:29:41,569 - 2 - INFO - 页面"gm版手游_无限元宝/钻石公益服_0元免费gm权限手游下载-最笨下载"跳转正常,该类元素共13个，当前第7个
2020-08-11 19:29:41,891 - basepage - INFO - Click back on current page.
2020-08-11 19:29:49,821 - 2 - INFO - 页面"gm版手游_无限元宝/钻石公益服_0元免费gm权限手游下载-最笨下载"跳转正常,该类元素共13个，当前第8个
2020-08-11 19:29:50,290 - basepage - INFO - Click back on current page.
2020-08-11 19:29:58,451 - 2 - INFO - 页面"gm版手游_无限元宝/钻石公益服_0元免费gm权限手游下载-最笨下载"跳转正常,该类元素共13个，当前第9个
2020-08-11 19:29:58,922 - basepage - INFO - Click back on current page.
2020-08-11 19:30:06,956 - 2 - INFO - 页面"gm版手游_无限元宝/钻石公益服_0元免费gm权限手游下载-最笨下载"跳转正常,该类元素共13个，当前第10个
2020-08-11 19:30:07,256 - basepage - INFO - Click back on current page.
2020-08-11 19:30:15,397 - 2 - INFO - 页面"gm版手游_无限元宝/钻石公益服_0元免费gm权限手游下载-最笨下载"跳转正常,该类元素共13个，当前第11个
2020-08-11 19:30:15,827 - basepage - INFO - Click back on current page.
2020-08-11 19:30:22,706 - 2 - ERROR - 页面"404-最笨下载"跳转异常,该类元素共13个，当前第12个
2020-08-11 19:30:23,241 - basepage - INFO - Click back on current page.
2020-08-11 19:30:31,217 - 2 - INFO - 页面"gm版手游_无限元宝/钻石公益服_0元免费gm权限手游下载-最笨下载"跳转正常,该类元素共13个，当前第13个
2020-08-11 19:30:31,539 - basepage - INFO - Click back on current page.
2020-08-11 19:30:39,890 - 2 - INFO - 页面"仙游（GM版）_仙游（GM版）免费gm权限安卓下载 - 最笨下载"跳转正常,该类元素共18个，当前第1个
2020-08-11 19:30:46,070 - 2 - INFO - 页面"高达（GM版）_高达（GM版）免费gm权限安卓下载 - 最笨下载"跳转正常,该类元素共18个，当前第2个
2020-08-11 19:30:52,214 - 2 - INFO - 页面"暗黑王者（GM版）_暗黑王者（GM版）免费gm权限安卓下载 - 最笨下载"跳转正常,该类元素共18个，当前第3个
2020-08-11 19:30:58,413 - 2 - INFO - 页面"问鼎封神（GM版）_问鼎封神（GM版）免费gm权限安卓下载 - 最笨下载"跳转正常,该类元素共18个，当前第4个
2020-08-11 19:31:04,532 - 2 - INFO - 页面"仙剑轮回（GM版）_仙剑轮回（GM版）免费gm权限安卓下载 - 最笨下载"跳转正常,该类元素共18个，当前第5个
2020-08-11 19:31:10,655 - 2 - INFO - 页面"神道仙尊（GM版）_神道仙尊（GM版）免费gm权限安卓下载 - 最笨下载"跳转正常,该类元素共18个，当前第6个
2020-08-11 19:31:16,782 - 2 - INFO - 页面"大将无双（GM版）_大将无双（GM版）免费gm权限安卓下载 - 最笨下载"跳转正常,该类元素共18个，当前第7个
2020-08-11 19:31:22,899 - 2 - INFO - 页面"青云剑诀（GM版）_青云剑诀（GM版）免费gm权限安卓下载 - 最笨下载"跳转正常,该类元素共18个，当前第8个
2020-08-11 19:31:29,028 - 2 - INFO - 页面"寂灭剑诀（GM版）_寂灭剑诀（GM版）免费gm权限安卓下载 - 最笨下载"跳转正常,该类元素共18个，当前第9个
2020-08-11 19:31:35,191 - 2 - INFO - 页面"封神记（GM版）_封神记（GM版）免费gm权限安卓下载 - 最笨下载"跳转正常,该类元素共18个，当前第10个
2020-08-11 19:31:41,334 - 2 - INFO - 页面"豪门小老婆（GM版）_豪门小老婆（GM版）免费gm权限安卓下载 - 最笨下载"跳转正常,该类元素共18个，当前第11个
2020-08-11 19:31:47,470 - 2 - INFO - 页面"三生三誓青丘传（GM版）_三生三誓青丘传（GM版）免费gm权限安卓下载 - 最笨下载"跳转正常,该类元素共18个，当前第12个
2020-08-11 19:31:53,606 - 2 - INFO - 页面"毒尊三国（GM版）_毒尊三国（GM版）免费gm权限安卓下载 - 最笨下载"跳转正常,该类元素共18个，当前第13个
2020-08-11 19:31:59,768 - 2 - INFO - 页面"乱世神话（GM版）_乱世神话（GM版）免费gm权限安卓下载 - 最笨下载"跳转正常,该类元素共18个，当前第14个
2020-08-11 19:32:05,911 - 2 - INFO - 页面"天子问剑（GM版）_天子问剑（GM版）免费gm权限安卓下载 - 最笨下载"跳转正常,该类元素共18个，当前第15个
2020-08-11 19:32:12,058 - 2 - INFO - 页面"风云三国（GM版）_风云三国（GM版）免费gm权限安卓下载 - 最笨下载"跳转正常,该类元素共18个，当前第16个
2020-08-11 19:32:18,187 - 2 - INFO - 页面"古惑三国志（GM版）_古惑三国志（GM版）免费gm权限安卓下载 - 最笨下载"跳转正常,该类元素共18个，当前第17个
2020-08-11 19:32:24,317 - 2 - INFO - 页面"少年悟空传（GM版）_少年悟空传（GM版）免费gm权限安卓下载 - 最笨下载"跳转正常,该类元素共18个，当前第18个
2020-08-11 19:32:31,862 - 2 - INFO - 页面"免费权限GM游戏"跳转正常,该类元素共4个，当前第1个
2020-08-11 19:32:32,290 - basepage - INFO - Click back on current page.
2020-08-11 19:32:37,268 - 2 - INFO - 页面"聊天回复神器合集"跳转正常,该类元素共4个，当前第2个
2020-08-11 19:32:37,565 - basepage - INFO - Click back on current page.
2020-08-11 19:32:44,011 - 2 - INFO - 页面"超变私服传奇一刀999999级"跳转正常,该类元素共4个，当前第3个
2020-08-11 19:32:44,256 - basepage - INFO - Click back on current page.
2020-08-11 19:32:49,725 - 2 - INFO - 页面"美女爆衣游戏手游"跳转正常,该类元素共4个，当前第4个
2020-08-11 19:32:50,331 - basepage - INFO - Click back on current page.
2020-08-11 19:32:58,151 - 2 - INFO - 页面"【苹果播放器】iPhone手机播放器,iPhone播放器免费下载大全-最笨下载"跳转正常,该类元素共20个，当前第1个
2020-08-11 19:32:58,704 - basepage - INFO - Click back on current page.
2020-08-11 19:33:05,605 - 2 - INFO - 页面"【苹果学习软件】iPhone手机学习软件_iPhone学习软件免费下载大全-最笨下载"跳转正常,该类元素共20个，当前第2个
2020-08-11 19:33:05,903 - basepage - INFO - Click back on current page.
2020-08-11 19:33:12,589 - 2 - INFO - 页面"【苹果辅助软件】iPhone手机辅助软件_iPhone辅助软件免费下载大全-最笨下载"跳转正常,该类元素共20个，当前第3个
2020-08-11 19:33:13,395 - basepage - INFO - Click back on current page.
2020-08-11 19:33:20,516 - 2 - INFO - 页面"【苹果输入法】iPhone手机输入法_iPhone输入法免费下载大全-最笨下载"跳转正常,该类元素共20个，当前第4个
2020-08-11 19:33:20,818 - basepage - INFO - Click back on current page.
2020-08-11 19:33:27,555 - 2 - INFO - 页面"【苹果通信软件】iPhone手机通信软件_iPhone通信软件免费下载大全-最笨下载"跳转正常,该类元素共20个，当前第5个
2020-08-11 19:33:28,052 - basepage - INFO - Click back on current page.
2020-08-11 19:33:35,065 - 2 - INFO - 页面"【苹果固件】iPhone手机固件软件_iPhone固件软件免费下载大全-最笨下载"跳转正常,该类元素共20个，当前第6个
2020-08-11 19:33:35,337 - basepage - INFO - Click back on current page.
2020-08-11 19:33:41,808 - 2 - INFO - 页面"【苹果文件管理软件】iPhone手机文件管理软件_iPhone文件管理软件免费下载大全-最笨下载"跳转正常,该类元素共20个，当前第7个
2020-08-11 19:33:42,243 - basepage - INFO - Click back on current page.
2020-08-11 19:33:48,977 - 2 - INFO - 页面"【苹果同步软件】iPhone手机同步软件_iPhone同步软件免费下载大全-最笨下载"跳转正常,该类元素共20个，当前第8个
2020-08-11 19:33:49,270 - basepage - INFO - Click back on current page.
2020-08-11 19:33:55,876 - 2 - INFO - 页面"【苹果办公软件】iPhone手机办公软件_iPhone办公软件免费下载大全-最笨下载"跳转正常,该类元素共20个，当前第9个
2020-08-11 19:33:56,405 - basepage - INFO - Click back on current page.
2020-08-11 19:34:03,403 - 2 - INFO - 页面"【苹果新闻软件】iPhone手机新闻软件_iPhone新闻软件免费下载大全-最笨下载"跳转正常,该类元素共20个，当前第10个
2020-08-11 19:34:03,721 - basepage - INFO - Click back on current page.
2020-08-11 19:34:10,392 - 2 - INFO - 页面"【苹果理财软件】iPhone手机理财软件_iPhone理财软件免费下载大全-最笨下载"跳转正常,该类元素共20个，当前第11个
2020-08-11 19:34:10,971 - basepage - INFO - Click back on current page.
2020-08-11 19:34:17,695 - 2 - INFO - 页面"【苹果备份软件】iPhone手机备份软件_iPhone备份软件免费下载大全-最笨下载"跳转正常,该类元素共20个，当前第12个
2020-08-11 19:34:18,037 - basepage - INFO - Click back on current page.
2020-08-11 19:34:25,356 - 2 - INFO - 页面"【苹果健身软件】iPhone手机健身软件_iPhone健身软件免费下载大全-最笨下载"跳转正常,该类元素共20个，当前第13个
2020-08-11 19:34:26,085 - basepage - INFO - Click back on current page.
2020-08-11 19:34:32,934 - 2 - INFO - 页面"【苹果健康管理软件】iPhone手机健康管理软件_iPhone健康管理软件免费下载大全-最笨下载"跳转正常,该类元素共20个，当前第14个
2020-08-11 19:34:33,634 - basepage - INFO - Click back on current page.
2020-08-11 19:34:40,359 - 2 - INFO - 页面"【苹果系统软件】iPhone手机系统软件_iPhone系统软件免费下载大全-最笨下载"跳转正常,该类元素共20个，当前第15个
2020-08-11 19:34:40,748 - basepage - INFO - Click back on current page.
2020-08-11 19:34:47,933 - 2 - INFO - 页面"【苹果社交软件】iphone手机社交软件_iphone社交软件免费下载大全-最笨下载"跳转正常,该类元素共20个，当前第16个
2020-08-11 19:34:48,525 - basepage - INFO - Click back on current page.
2020-08-11 19:34:54,998 - 2 - INFO - 页面"【苹果娱乐软件】iPhone手机娱乐软件_iPhone娱乐软件免费下载大全-最笨下载"跳转正常,该类元素共20个，当前第17个
2020-08-11 19:34:55,521 - basepage - INFO - Click back on current page.
2020-08-11 19:35:02,219 - 2 - INFO - 页面"【苹果导航】iPhone手机导航软件,iPhone导航软件免费下载大全-最笨下载"跳转正常,该类元素共20个，当前第18个
2020-08-11 19:35:02,590 - basepage - INFO - Click back on current page.
2020-08-11 19:35:09,568 - 2 - INFO - 页面"【苹果网络软件】iPhone手机网络软件,iPhone网络软件免费下载大全-最笨下载"跳转正常,该类元素共20个，当前第19个
2020-08-11 19:35:10,248 - basepage - INFO - Click back on current page.
2020-08-11 19:35:17,519 - 2 - INFO - 页面"【苹果助手软件】iPhone生活助手软件_iPhone生活助手软件免费下载大全-最笨下载"跳转正常,该类元素共20个，当前第20个
2020-08-11 19:35:17,876 - basepage - INFO - Click back on current page.
2020-08-11 19:35:26,248 - 2 - INFO - 页面"安致手游盒子ios版_安致手游盒子ios版下载_安致手游盒子ios版官方下载-最笨下载"跳转正常,该类元素共18个，当前第1个
2020-08-11 19:35:32,389 - 2 - INFO - 页面"爪游控游戏盒子ios版_爪游控游戏盒子ios版下载_爪游控游戏盒子ios版官方下载-最笨下载"跳转正常,该类元素共18个，当前第2个
2020-08-11 19:35:38,638 - 2 - INFO - 页面"手机玩盒子ios版_手机玩盒子ios版下载_手机玩盒子ios版官方下载-最笨下载"跳转正常,该类元素共18个，当前第3个
2020-08-11 19:35:44,784 - 2 - INFO - 页面"蜜小助ios版_蜜小助ios版下载_蜜小助ios版官方下载-最笨下载"跳转正常,该类元素共18个，当前第4个
2020-08-11 19:35:50,940 - 2 - INFO - 页面"BT游戏大全ios_BT游戏大全ios下载_BT游戏大全ios官方下载-最笨下载"跳转正常,该类元素共18个，当前第5个
2020-08-11 19:35:57,085 - 2 - INFO - 页面"小8游戏盒子ios_小8游戏盒子ios下载_小8游戏盒子ios官方下载-最笨下载"跳转正常,该类元素共18个，当前第6个
2020-08-11 19:36:03,208 - 2 - INFO - 页面"安卓市场ios版_安卓市场ios版下载_安卓市场ios版官方下载-最笨下载"跳转正常,该类元素共18个，当前第7个
2020-08-11 19:36:09,345 - 2 - INFO - 页面"剪映_剪映下载_剪映官方下载-最笨下载"跳转正常,该类元素共18个，当前第8个
2020-08-11 19:36:15,479 - 2 - INFO - 页面"吾爱看书ios版_吾爱看书ios版下载_吾爱看书ios版官方下载-最笨下载"跳转正常,该类元素共18个，当前第9个
2020-08-11 19:36:21,642 - 2 - INFO - 页面"7743游戏平台_7743游戏平台下载_7743游戏平台官方下载-最笨下载"跳转正常,该类元素共18个，当前第10个
2020-08-11 19:36:27,805 - 2 - INFO - 页面"搜书帝ios_搜书帝ios下载_搜书帝ios官方下载-最笨下载"跳转正常,该类元素共18个，当前第11个
2020-08-11 19:36:33,953 - 2 - INFO - 页面"大塘小鱼_大塘小鱼下载_大塘小鱼官方下载-最笨下载"跳转正常,该类元素共18个，当前第12个
2020-08-11 19:36:40,096 - 2 - INFO - 页面"花溪小说_花溪小说下载_花溪小说官方下载-最笨下载"跳转正常,该类元素共18个，当前第13个
2020-08-11 19:36:46,268 - 2 - INFO - 页面"手译_手译下载_手译官方下载-最笨下载"跳转正常,该类元素共18个，当前第14个
2020-08-11 19:36:52,432 - 2 - INFO - 页面"sjcam_sjcam下载_sjcam官方下载-最笨下载"跳转正常,该类元素共18个，当前第15个
2020-08-11 19:36:58,590 - 2 - INFO - 页面"WearHeart_WearHeart下载_WearHeart官方下载-最笨下载"跳转正常,该类元素共18个，当前第16个
2020-08-11 19:37:04,720 - 2 - INFO - 页面"仓鼠阅读_仓鼠阅读下载_仓鼠阅读官方下载-最笨下载"跳转正常,该类元素共18个，当前第17个
2020-08-11 19:37:10,866 - 2 - INFO - 页面"漫番漫画_漫番漫画下载_漫番漫画官方下载-最笨下载"跳转正常,该类元素共18个，当前第18个
2020-08-11 19:37:18,050 - 2 - INFO - 页面"变态手游公益服_bt手游变态服_无限元宝bt手游下载_BT手游中心-最笨下载"跳转正常,该类元素共13个，当前第1个
2020-08-11 19:37:18,387 - basepage - INFO - Click back on current page.
2020-08-11 19:37:26,379 - 2 - INFO - 页面"变态手游公益服_bt手游变态服_无限元宝bt手游下载_BT手游中心-最笨下载"跳转正常,该类元素共13个，当前第2个
2020-08-11 19:37:26,916 - basepage - INFO - Click back on current page.
2020-08-11 19:37:35,060 - 2 - INFO - 页面"变态手游公益服_bt手游变态服_无限元宝bt手游下载_BT手游中心-最笨下载"跳转正常,该类元素共13个，当前第3个
2020-08-11 19:37:35,544 - basepage - INFO - Click back on current page.
2020-08-11 19:37:43,720 - 2 - INFO - 页面"变态手游公益服_bt手游变态服_无限元宝bt手游下载_BT手游中心-最笨下载"跳转正常,该类元素共13个，当前第4个
2020-08-11 19:37:43,998 - basepage - INFO - Click back on current page.
2020-08-11 19:37:52,112 - 2 - INFO - 页面"变态手游公益服_bt手游变态服_无限元宝bt手游下载_BT手游中心-最笨下载"跳转正常,该类元素共13个，当前第5个
2020-08-11 19:37:52,600 - basepage - INFO - Click back on current page.
2020-08-11 19:38:01,187 - 2 - INFO - 页面"变态手游公益服_bt手游变态服_无限元宝bt手游下载_BT手游中心-最笨下载"跳转正常,该类元素共13个，当前第6个
2020-08-11 19:38:01,618 - basepage - INFO - Click back on current page.
2020-08-11 19:38:09,624 - 2 - INFO - 页面"变态手游公益服_bt手游变态服_无限元宝bt手游下载_BT手游中心-最笨下载"跳转正常,该类元素共13个，当前第7个
2020-08-11 19:38:10,157 - basepage - INFO - Click back on current page.
2020-08-11 19:38:18,194 - 2 - INFO - 页面"变态手游公益服_bt手游变态服_无限元宝bt手游下载_BT手游中心-最笨下载"跳转正常,该类元素共13个，当前第8个
2020-08-11 19:38:18,507 - basepage - INFO - Click back on current page.
2020-08-11 19:38:26,701 - 2 - INFO - 页面"变态手游公益服_bt手游变态服_无限元宝bt手游下载_BT手游中心-最笨下载"跳转正常,该类元素共13个，当前第9个
2020-08-11 19:38:27,190 - basepage - INFO - Click back on current page.
2020-08-11 19:38:35,211 - 2 - INFO - 页面"变态手游公益服_bt手游变态服_无限元宝bt手游下载_BT手游中心-最笨下载"跳转正常,该类元素共13个，当前第10个
2020-08-11 19:38:35,713 - basepage - INFO - Click back on current page.
2020-08-11 19:38:43,858 - 2 - INFO - 页面"变态手游公益服_bt手游变态服_无限元宝bt手游下载_BT手游中心-最笨下载"跳转正常,该类元素共13个，当前第11个
2020-08-11 19:38:44,139 - basepage - INFO - Click back on current page.
2020-08-11 19:38:51,093 - 2 - ERROR - 页面"404-最笨下载"跳转异常,该类元素共13个，当前第12个
2020-08-11 19:38:51,943 - basepage - INFO - Click back on current page.
2020-08-11 19:39:01,032 - 2 - INFO - 页面"变态手游公益服_bt手游变态服_无限元宝bt手游下载_BT手游中心-最笨下载"跳转正常,该类元素共13个，当前第13个
2020-08-11 19:39:01,607 - basepage - INFO - Click back on current page.
2020-08-11 19:39:09,975 - 2 - INFO - 页面"无双魏蜀吴（折扣特权）_无双魏蜀吴（折扣特权）无限元宝服_SF变态版无双魏蜀吴（折扣特权）公益服下载 - 最笨下载"跳转正常,该类元素共18个，当前第1个
2020-08-11 19:39:16,130 - 2 - INFO - 页面"兵器少女（无门槛送充）_兵器少女（无门槛送充）无限元宝服_SF变态版兵器少女（无门槛送充）公益服下载 - 最笨下载"跳转正常,该类元素共18个，当前第2个
2020-08-11 19:39:22,257 - 2 - INFO - 页面"乱斗三国_乱斗三国无限元宝服_SF变态版乱斗三国公益服下载 - 最笨下载"跳转正常,该类元素共18个，当前第3个
2020-08-11 19:39:28,409 - 2 - INFO - 页面"塔防镇魂师（送328代金券）_塔防镇魂师（送328代金券）无限元宝服_SF变态版塔防镇魂师（送328代金券）公益服下载 - 最笨下载"跳转正常,该类元素共18个，当前第4个
2020-08-11 19:39:34,553 - 2 - INFO - 页面"恋三国（送百抽）_恋三国（送百抽）无限元宝服_SF变态版恋三国（送百抽）公益服下载 - 最笨下载"跳转正常,该类元素共18个，当前第5个
2020-08-11 19:39:40,695 - 2 - INFO - 页面"风云天下·重燃（海量抽充值）_风云天下·重燃（海量抽充值）无限元宝服_SF变态版风云天下·重燃（海量抽充值）公益服下载 - 最笨下载"跳转正常,该类元素共18个，当前第6个
2020-08-11 19:39:46,841 - 2 - INFO - 页面"一剑成仙（海量打金）_一剑成仙（海量打金）无限元宝服_SF变态版一剑成仙（海量打金）公益服下载 - 最笨下载"跳转正常,该类元素共18个，当前第7个
2020-08-11 19:39:52,992 - 2 - INFO - 页面"天域幻想（送海量充值）_天域幻想（送海量充值）无限元宝服_SF变态版天域幻想（送海量充值）公益服下载 - 最笨下载"跳转正常,该类元素共18个，当前第8个
2020-08-11 19:39:59,128 - 2 - INFO - 页面"修仙无双（折扣特权）_修仙无双（折扣特权）无限元宝服_SF变态版修仙无双（折扣特权）公益服下载 - 最笨下载"跳转正常,该类元素共18个，当前第9个
2020-08-11 19:40:05,291 - 2 - INFO - 页面"天诀_天诀无限元宝服_SF变态版天诀公益服下载 - 最笨下载"跳转正常,该类元素共18个，当前第10个
2020-08-11 19:40:11,453 - 2 - INFO - 页面"乱世江湖（卖血送真充）_乱世江湖（卖血送真充）无限元宝服_SF变态版乱世江湖（卖血送真充）公益服下载 - 最笨下载"跳转正常,该类元素共18个，当前第11个
2020-08-11 19:40:17,603 - 2 - INFO - 页面"联盟契约（送神将百抽）_联盟契约（送神将百抽）无限元宝服_SF变态版联盟契约（送神将百抽）公益服下载 - 最笨下载"跳转正常,该类元素共18个，当前第12个
2020-08-11 19:40:23,743 - 2 - INFO - 页面"九灵神域_九灵神域无限元宝服_SF变态版九灵神域公益服下载 - 最笨下载"跳转正常,该类元素共18个，当前第13个
2020-08-11 19:40:29,889 - 2 - INFO - 页面"教主之家（至尊特权）_教主之家（至尊特权）无限元宝服_SF变态版教主之家（至尊特权）公益服下载 - 最笨下载"跳转正常,该类元素共18个，当前第14个
2020-08-11 19:40:36,018 - 2 - INFO - 页面"魔星狂点（送海量连抽）_魔星狂点（送海量连抽）无限元宝服_SF变态版魔星狂点（送海量连抽）公益服下载 - 最笨下载"跳转正常,该类元素共18个，当前第15个
2020-08-11 19:40:42,192 - 2 - INFO - 页面"主公别闹_主公别闹无限元宝服_SF变态版主公别闹公益服下载 - 最笨下载"跳转正常,该类元素共18个，当前第16个
2020-08-11 19:40:48,342 - 2 - INFO - 页面"全民祖玛（爆装加强版）_全民祖玛（爆装加强版）无限元宝服_SF变态版全民祖玛（爆装加强版）公益服下载 - 最笨下载"跳转正常,该类元素共18个，当前第17个
2020-08-11 19:40:54,493 - 2 - INFO - 页面"天天怼三国（送千元充值）_天天怼三国（送千元充值）无限元宝服_SF变态版天天怼三国（送千元充值）公益服下载 - 最笨下载"跳转正常,该类元素共18个，当前第18个
2020-08-11 19:41:01,876 - 2 - INFO - 页面"满vip版手游_手游sf送顶级vip_满级vip无限元宝手游下载-最笨下载"跳转正常,该类元素共13个，当前第1个
2020-08-11 19:41:02,163 - basepage - INFO - Click back on current page.
2020-08-11 19:41:10,250 - 2 - INFO - 页面"满vip版手游_手游sf送顶级vip_满级vip无限元宝手游下载-最笨下载"跳转正常,该类元素共13个，当前第2个
2020-08-11 19:41:10,889 - basepage - INFO - Click back on current page.
2020-08-11 19:41:18,374 - 2 - INFO - 页面"满vip版手游_手游sf送顶级vip_满级vip无限元宝手游下载-最笨下载"跳转正常,该类元素共13个，当前第3个
2020-08-11 19:41:18,845 - basepage - INFO - Click back on current page.
2020-08-11 19:41:27,171 - 2 - INFO - 页面"满vip版手游_手游sf送顶级vip_满级vip无限元宝手游下载-最笨下载"跳转正常,该类元素共13个，当前第4个
2020-08-11 19:41:27,443 - basepage - INFO - Click back on current page.
2020-08-11 19:41:35,335 - 2 - INFO - 页面"满vip版手游_手游sf送顶级vip_满级vip无限元宝手游下载-最笨下载"跳转正常,该类元素共13个，当前第5个
2020-08-11 19:41:35,919 - basepage - INFO - Click back on current page.
2020-08-11 19:41:43,946 - 2 - INFO - 页面"满vip版手游_手游sf送顶级vip_满级vip无限元宝手游下载-最笨下载"跳转正常,该类元素共13个，当前第6个
2020-08-11 19:41:44,474 - basepage - INFO - Click back on current page.
2020-08-11 19:41:52,567 - 2 - INFO - 页面"满vip版手游_手游sf送顶级vip_满级vip无限元宝手游下载-最笨下载"跳转正常,该类元素共13个，当前第7个
2020-08-11 19:41:52,937 - basepage - INFO - Click back on current page.
2020-08-11 19:42:00,943 - 2 - INFO - 页面"满vip版手游_手游sf送顶级vip_满级vip无限元宝手游下载-最笨下载"跳转正常,该类元素共13个，当前第8个
2020-08-11 19:42:01,451 - basepage - INFO - Click back on current page.
2020-08-11 19:42:09,382 - 2 - INFO - 页面"满vip版手游_手游sf送顶级vip_满级vip无限元宝手游下载-最笨下载"跳转正常,该类元素共13个，当前第9个
2020-08-11 19:42:09,856 - basepage - INFO - Click back on current page.
2020-08-11 19:42:17,951 - 2 - INFO - 页面"满vip版手游_手游sf送顶级vip_满级vip无限元宝手游下载-最笨下载"跳转正常,该类元素共13个，当前第10个
2020-08-11 19:42:18,433 - basepage - INFO - Click back on current page.
2020-08-11 19:42:25,670 - 2 - INFO - 页面"满vip版手游_手游sf送顶级vip_满级vip无限元宝手游下载-最笨下载"跳转正常,该类元素共13个，当前第11个
2020-08-11 19:42:26,302 - basepage - INFO - Click back on current page.
2020-08-11 19:42:32,939 - 2 - ERROR - 页面"404-最笨下载"跳转异常,该类元素共13个，当前第12个
2020-08-11 19:42:33,540 - basepage - INFO - Click back on current page.
2020-08-11 19:42:42,064 - 2 - INFO - 页面"满vip版手游_手游sf送顶级vip_满级vip无限元宝手游下载-最笨下载"跳转正常,该类元素共13个，当前第13个
2020-08-11 19:42:42,437 - basepage - INFO - Click back on current page.
2020-08-11 19:42:50,823 - 2 - INFO - 页面"屠龙世界（送GM特权）_屠龙世界（送GM特权）无限元宝服_SF变态版屠龙世界（送GM特权）公益服下载 - 最笨下载"跳转正常,该类元素共18个，当前第1个
2020-08-11 19:42:56,970 - 2 - INFO - 页面"将军道（送百连海量抽）_将军道（送百连海量抽）无限元宝服_SF变态版将军道（送百连海量抽）公益服下载 - 最笨下载"跳转正常,该类元素共18个，当前第2个
2020-08-11 19:43:03,170 - 2 - INFO - 页面"七战（无门槛送首充）_七战（无门槛送首充）无限元宝服_SF变态版七战（无门槛送首充）公益服下载 - 最笨下载"跳转正常,该类元素共18个，当前第3个
2020-08-11 19:43:09,345 - 2 - INFO - 页面"炼金国度（送1000元充值）_炼金国度（送1000元充值）无限元宝服_SF变态版炼金国度（送1000元充值）公益服下载 - 最笨下载"跳转正常,该类元素共18个，当前第4个
2020-08-11 19:43:15,506 - 2 - INFO - 页面"冒险王2（送海量充值）_冒险王2（送海量充值）无限元宝服_SF变态版冒险王2（送海量充值）公益服下载 - 最笨下载"跳转正常,该类元素共18个，当前第5个
2020-08-11 19:43:21,646 - 2 - INFO - 页面"帝国光辉（每日送1000R）_帝国光辉（每日送1000R）无限元宝服_SF变态版帝国光辉（每日送1000R）公益服下载 - 最笨下载"跳转正常,该类元素共18个，当前第6个
2020-08-11 19:43:27,788 - 2 - INFO - 页面"围攻大菠萝（送328充值）_围攻大菠萝（送328充值）无限元宝服_SF变态版围攻大菠萝（送328充值）公益服下载 - 最笨下载"跳转正常,该类元素共18个，当前第7个
2020-08-11 19:43:33,934 - 2 - INFO - 页面"女神联盟2（送500充值）_女神联盟2（送500充值）无限元宝服_SF变态版女神联盟2（送500充值）公益服下载 - 最笨下载"跳转正常,该类元素共18个，当前第8个
2020-08-11 19:43:40,116 - 2 - INFO - 页面"九天仙梦（商城特权）_九天仙梦（商城特权）无限元宝服_SF变态版九天仙梦（商城特权）公益服下载 - 最笨下载"跳转正常,该类元素共18个，当前第9个
