2020-07-31 18:20:05,606 - basepage - INFO - zuiben自动化测试开始
2020-07-31 18:20:05,608 - basepage - INFO - 隐性等待 10 秒
2020-07-31 18:20:11,079 - basepage - INFO - 跳转至https://www.zuiben.com/
2020-07-31 18:20:13,194 - basepage - INFO - 窗口已经最大化
2020-07-31 18:20:23,057 - 2 - INFO - 页面"【安卓游戏】好玩的安卓游戏下载_安卓游戏排行榜_安卓游戏免费下载大全-最笨下载"跳转正常,该类元素共21个，当前第1个
2020-07-31 18:20:23,282 - basepage - INFO - Click back on current page.
2020-07-31 18:20:27,909 - 2 - INFO - 页面"变态手游公益服_bt手游变态服_无限元宝bt手游下载_BT手游中心-最笨下载"跳转正常,该类元素共21个，当前第2个
2020-07-31 18:20:28,138 - basepage - INFO - Click back on current page.
2020-07-31 18:20:32,766 - 2 - INFO - 页面"gm版手游_无限元宝/钻石公益服_0元免费gm权限手游下载-最笨下载"跳转正常,该类元素共21个，当前第3个
2020-07-31 18:20:32,985 - basepage - INFO - Click back on current page.
2020-07-31 18:20:39,867 - 2 - INFO - 页面"【苹果游戏】iphone苹果手机游戏下载_iphone苹果游戏排行榜-最笨下载"跳转正常,该类元素共21个，当前第4个
2020-07-31 18:20:40,266 - basepage - INFO - Click back on current page.
2020-07-31 18:20:44,908 - 2 - INFO - 页面"满vip版手游_手游sf送顶级vip_满级vip无限元宝手游下载-最笨下载"跳转正常,该类元素共21个，当前第5个
2020-07-31 18:20:45,144 - basepage - INFO - Click back on current page.
2020-07-31 18:20:50,654 - 2 - INFO - 页面"【安卓软件】安卓软件下载_安卓手机软件下载_安卓软件免费下载大全-最笨下载"跳转正常,该类元素共21个，当前第6个
2020-07-31 18:20:51,081 - basepage - INFO - Click back on current page.
2020-07-31 18:20:57,182 - 2 - INFO - 页面"【苹果软件】iphone苹果下载软件_iphone苹果软件免费下载_苹果软件下载大全-最笨下载"跳转正常,该类元素共21个，当前第7个
2020-07-31 18:20:57,411 - basepage - INFO - Click back on current page.
2020-07-31 18:21:03,078 - 2 - INFO - 页面"【安卓资讯】安卓资讯推荐_安卓资讯大全-最笨下载"跳转正常,该类元素共21个，当前第8个
2020-07-31 18:21:03,474 - basepage - INFO - Click back on current page.
2020-07-31 18:21:08,954 - 2 - INFO - 页面"【安卓游戏攻略】安卓游戏攻略推荐_安卓游戏攻略大全-最笨下载"跳转正常,该类元素共21个，当前第9个
2020-07-31 18:21:09,182 - basepage - INFO - Click back on current page.
2020-07-31 18:21:14,312 - 2 - INFO - 页面"【安卓软件教程】安卓软件教程推荐_安卓软件教程大全-最笨下载"跳转正常,该类元素共21个，当前第10个
2020-07-31 18:21:14,702 - basepage - INFO - Click back on current page.
2020-07-31 18:21:19,954 - 2 - INFO - 页面"【iphone资讯】iphone资讯推荐_iphone资讯大全-最笨下载"跳转正常,该类元素共21个，当前第11个
2020-07-31 18:21:20,186 - basepage - INFO - Click back on current page.
2020-07-31 18:21:25,580 - 2 - INFO - 页面"【iPhone游戏攻略】iPhone游戏攻略推荐_iPhone游戏攻略大全-最笨下载"跳转正常,该类元素共21个，当前第12个
2020-07-31 18:21:25,999 - basepage - INFO - Click back on current page.
2020-07-31 18:21:31,616 - 2 - INFO - 页面"【系统重装教程】电脑重装系统教程_电脑怎么重装系统_重装系统步骤-最笨下载"跳转正常,该类元素共21个，当前第13个
2020-07-31 18:21:31,850 - basepage - INFO - Click back on current page.
2020-07-31 18:21:37,479 - 2 - INFO - 页面"安卓专题-最笨下载"跳转正常,该类元素共21个，当前第14个
2020-07-31 18:21:37,906 - basepage - INFO - Click back on current page.
2020-07-31 18:21:43,944 - 2 - INFO - 页面"游戏专题-最笨下载"跳转正常,该类元素共21个，当前第15个
2020-07-31 18:21:44,175 - basepage - INFO - Click back on current page.
2020-07-31 18:21:49,388 - 2 - INFO - 页面"苹果专题-最笨下载"跳转正常,该类元素共21个，当前第16个
2020-07-31 18:21:49,620 - basepage - INFO - Click back on current page.
2020-07-31 18:21:54,998 - 2 - INFO - 页面"【电脑软件】电脑软件下载_电脑装机必备软件_电脑常用软件下载_电脑软件大全-最笨下载"跳转正常,该类元素共21个，当前第17个
2020-07-31 18:21:55,230 - basepage - INFO - Click back on current page.
2020-07-31 18:22:01,517 - 2 - INFO - 页面"【电脑软件】电脑软件下载_电脑装机必备软件_电脑常用软件下载_电脑软件大全-最笨下载"跳转正常,该类元素共21个，当前第18个
2020-07-31 18:22:01,756 - basepage - INFO - Click back on current page.
2020-07-31 18:22:07,127 - 2 - INFO - 页面"【激活工具】激活windows工具_万能激活工具_windows激活工具下载_自动激活工具-最笨下载"跳转正常,该类元素共21个，当前第19个
2020-07-31 18:22:07,337 - basepage - INFO - Click back on current page.
2020-07-31 18:22:11,542 - 2 - INFO - 页面"【系统重装教程】电脑重装系统教程_电脑怎么重装系统_重装系统步骤-最笨下载"跳转正常,该类元素共21个，当前第20个
2020-07-31 18:22:11,769 - basepage - INFO - Click back on current page.
2020-07-31 18:22:15,973 - 2 - INFO - 页面"【系统重装教程】电脑重装系统教程_电脑怎么重装系统_重装系统步骤-最笨下载"跳转正常,该类元素共21个，当前第21个
2020-07-31 18:22:16,205 - basepage - INFO - Click back on current page.
2020-07-31 18:22:24,116 - 2 - INFO - 页面"家庭教师OL手游"跳转正常,该类元素共10个，当前第1个
2020-07-31 18:22:30,273 - 2 - INFO - 页面"魔女骑士团手游"跳转正常,该类元素共10个，当前第2个
2020-07-31 18:22:36,409 - 2 - INFO - 页面"决胜足球手游"跳转正常,该类元素共10个，当前第3个
2020-07-31 18:22:42,579 - 2 - INFO - 页面"少女战争手游"跳转正常,该类元素共10个，当前第4个
2020-07-31 18:22:48,711 - 2 - INFO - 页面"天神战（魔灵特权）"跳转正常,该类元素共10个，当前第5个
2020-07-31 18:22:54,859 - 2 - INFO - 页面"最Q幻想手游"跳转正常,该类元素共10个，当前第6个
2020-07-31 18:23:01,003 - 2 - INFO - 页面"霸途手游"跳转正常,该类元素共10个，当前第7个
2020-07-31 18:23:07,176 - 2 - INFO - 页面"回到三国志手游"跳转正常,该类元素共10个，当前第8个
2020-07-31 18:23:13,338 - 2 - INFO - 页面"幻游猎人手游"跳转正常,该类元素共10个，当前第9个
2020-07-31 18:23:19,525 - 2 - INFO - 页面"王者荣耀"跳转正常,该类元素共10个，当前第10个
2020-07-31 18:23:25,681 - 2 - INFO - 页面"仙灵世界（送海量连抽）"跳转正常,该类元素共20个，当前第1个
2020-07-31 18:23:31,812 - 2 - INFO - 页面"武器之王（福利特权）"跳转正常,该类元素共20个，当前第2个
2020-07-31 18:23:37,956 - 2 - INFO - 页面"女神联盟2（送500充值）"跳转正常,该类元素共20个，当前第3个
2020-07-31 18:23:44,113 - 2 - INFO - 页面"武动九天（GM免费特权）"跳转正常,该类元素共20个，当前第4个
2020-07-31 18:23:50,261 - 2 - INFO - 页面"大军师（送海量橙将）"跳转正常,该类元素共20个，当前第5个
2020-07-31 18:23:56,454 - 2 - INFO - 页面"魔法之光（红忍海量抽）"跳转正常,该类元素共20个，当前第6个
2020-07-31 18:24:02,560 - 2 - INFO - 页面"唐门六道（送千元充值）"跳转正常,该类元素共20个，当前第7个
2020-07-31 18:24:08,725 - 2 - INFO - 页面"主公别闹"跳转正常,该类元素共20个，当前第8个
2020-07-31 18:24:14,903 - 2 - INFO - 页面"战神不败（GM送充值）"跳转正常,该类元素共20个，当前第9个
2020-07-31 18:24:21,089 - 2 - INFO - 页面"调教三国（海量爆充值）"跳转正常,该类元素共20个，当前第10个
2020-07-31 18:24:27,229 - 2 - INFO - 页面"天天怼三国（送千元充值）"跳转正常,该类元素共20个，当前第11个
2020-07-31 18:24:33,349 - 2 - INFO - 页面"梦幻沙城（海量抽充值）"跳转正常,该类元素共20个，当前第12个
2020-07-31 18:24:39,507 - 2 - INFO - 页面"无敌战舰（送百元充值）"跳转正常,该类元素共20个，当前第13个
2020-07-31 18:24:45,633 - 2 - INFO - 页面"纵剑仙界（送VIP代金券）"跳转正常,该类元素共20个，当前第14个
2020-07-31 18:24:51,796 - 2 - INFO - 页面"九幽仙域（海量送充值）"跳转正常,该类元素共20个，当前第15个
2020-07-31 18:24:57,982 - 2 - INFO - 页面"六界仙尊（送充值）"跳转正常,该类元素共20个，当前第16个
2020-07-31 18:25:04,169 - 2 - INFO - 页面"英雄三国志（福利特权）"跳转正常,该类元素共20个，当前第17个
2020-07-31 18:25:10,342 - 2 - INFO - 页面"醉红楼（星耀特权）"跳转正常,该类元素共20个，当前第18个
2020-07-31 18:25:16,491 - 2 - INFO - 页面"楚汉传奇（送648充值）"跳转正常,该类元素共20个，当前第19个
2020-07-31 18:25:22,665 - 2 - INFO - 页面"龙刃（折扣特权）"跳转正常,该类元素共20个，当前第20个
2020-07-31 18:25:30,623 - 2 - INFO - 页面"仙灵世界（送海量连抽）"跳转正常,该类元素共10个，当前第1个
2020-07-31 18:25:36,797 - 2 - INFO - 页面"武器之王（福利特权）"跳转正常,该类元素共10个，当前第2个
2020-07-31 18:25:42,926 - 2 - INFO - 页面"女神联盟2（送500充值）"跳转正常,该类元素共10个，当前第3个
2020-07-31 18:25:49,054 - 2 - INFO - 页面"武动九天（GM免费特权）"跳转正常,该类元素共10个，当前第4个
2020-07-31 18:25:55,219 - 2 - INFO - 页面"大军师（送海量橙将）"跳转正常,该类元素共10个，当前第5个
2020-07-31 18:26:01,381 - 2 - INFO - 页面"魔法之光（红忍海量抽）"跳转正常,该类元素共10个，当前第6个
2020-07-31 18:26:07,526 - 2 - INFO - 页面"唐门六道（送千元充值）"跳转正常,该类元素共10个，当前第7个
2020-07-31 18:26:13,665 - 2 - INFO - 页面"主公别闹"跳转正常,该类元素共10个，当前第8个
2020-07-31 18:26:19,803 - 2 - INFO - 页面"战神不败（GM送充值）"跳转正常,该类元素共10个，当前第9个
2020-07-31 18:26:25,994 - 2 - INFO - 页面"调教三国（海量爆充值）"跳转正常,该类元素共10个，当前第10个
2020-07-31 18:26:32,137 - 2 - INFO - 页面"仙灵世界（送海量连抽）"跳转正常,该类元素共20个，当前第1个
2020-07-31 18:26:38,298 - 2 - INFO - 页面"武器之王（福利特权）"跳转正常,该类元素共20个，当前第2个
2020-07-31 18:26:44,461 - 2 - INFO - 页面"凡人飞仙传（充值特权）"跳转正常,该类元素共20个，当前第3个
2020-07-31 18:26:50,655 - 2 - INFO - 页面"女神联盟2（送500充值）"跳转正常,该类元素共20个，当前第4个
2020-07-31 18:26:56,830 - 2 - INFO - 页面"武动九天（GM免费特权）"跳转正常,该类元素共20个，当前第5个
2020-07-31 18:27:02,978 - 2 - INFO - 页面"大军师（送海量橙将）"跳转正常,该类元素共20个，当前第6个
2020-07-31 18:27:09,121 - 2 - INFO - 页面"魔法之光（红忍海量抽）"跳转正常,该类元素共20个，当前第7个
2020-07-31 18:27:15,300 - 2 - INFO - 页面"唐门六道（送千元充值）"跳转正常,该类元素共20个，当前第8个
2020-07-31 18:27:21,465 - 2 - INFO - 页面"横扫天下之万年强者（1元超值）"跳转正常,该类元素共20个，当前第9个
2020-07-31 18:27:27,636 - 2 - INFO - 页面"主公别闹"跳转正常,该类元素共20个，当前第10个
2020-07-31 18:27:33,760 - 2 - INFO - 页面"战神不败（GM送充值）"跳转正常,该类元素共20个，当前第11个
2020-07-31 18:27:39,887 - 2 - INFO - 页面"调教三国（海量爆充值）"跳转正常,该类元素共20个，当前第12个
2020-07-31 18:27:46,052 - 2 - INFO - 页面"天天怼三国（送千元充值）"跳转正常,该类元素共20个，当前第13个
2020-07-31 18:27:52,213 - 2 - INFO - 页面"梦幻沙城（海量抽充值）"跳转正常,该类元素共20个，当前第14个
2020-07-31 18:27:58,388 - 2 - INFO - 页面"无敌战舰（送百元充值）"跳转正常,该类元素共20个，当前第15个
2020-07-31 18:28:04,575 - 2 - INFO - 页面"纵剑仙界（送VIP代金券）"跳转正常,该类元素共20个，当前第16个
2020-07-31 18:28:10,691 - 2 - INFO - 页面"九幽仙域（海量送充值）"跳转正常,该类元素共20个，当前第17个
2020-07-31 18:28:16,814 - 2 - INFO - 页面"烈火战神（海量特权）"跳转正常,该类元素共20个，当前第18个
2020-07-31 18:28:22,974 - 2 - INFO - 页面"六界仙尊（送充值）"跳转正常,该类元素共20个，当前第19个
2020-07-31 18:28:29,149 - 2 - INFO - 页面"孤龙山（送GM海量充）"跳转正常,该类元素共20个，当前第20个
2020-07-31 18:28:37,075 - 2 - INFO - 页面"仙灵世界（送海量连抽）"跳转正常,该类元素共10个，当前第1个
2020-07-31 18:28:43,195 - 2 - INFO - 页面"武器之王（福利特权）"跳转正常,该类元素共10个，当前第2个
2020-07-31 18:28:49,357 - 2 - INFO - 页面"凡人飞仙传（充值特权）"跳转正常,该类元素共10个，当前第3个
2020-07-31 18:28:55,528 - 2 - INFO - 页面"女神联盟2（送500充值）"跳转正常,该类元素共10个，当前第4个
2020-07-31 18:29:01,674 - 2 - INFO - 页面"武动九天（GM免费特权）"跳转正常,该类元素共10个，当前第5个
2020-07-31 18:29:07,806 - 2 - INFO - 页面"大军师（送海量橙将）"跳转正常,该类元素共10个，当前第6个
2020-07-31 18:29:13,972 - 2 - INFO - 页面"魔法之光（红忍海量抽）"跳转正常,该类元素共10个，当前第7个
2020-07-31 18:29:20,107 - 2 - INFO - 页面"唐门六道（送千元充值）"跳转正常,该类元素共10个，当前第8个
2020-07-31 18:29:26,254 - 2 - INFO - 页面"主公别闹"跳转正常,该类元素共10个，当前第9个
2020-07-31 18:29:32,416 - 2 - INFO - 页面"战神不败（GM送充值）"跳转正常,该类元素共10个，当前第10个
2020-07-31 18:29:38,589 - 2 - INFO - 页面"仙灵世界（送海量连抽）"跳转正常,该类元素共20个，当前第1个
2020-07-31 18:29:44,735 - 2 - INFO - 页面"武器之王（福利特权）"跳转正常,该类元素共20个，当前第2个
2020-07-31 18:29:50,879 - 2 - INFO - 页面"凡人飞仙传（充值特权）"跳转正常,该类元素共20个，当前第3个
2020-07-31 18:29:57,043 - 2 - INFO - 页面"女神联盟2（送500充值）"跳转正常,该类元素共20个，当前第4个
2020-07-31 18:30:03,196 - 2 - INFO - 页面"武动九天（GM免费特权）"跳转正常,该类元素共20个，当前第5个
2020-07-31 18:30:09,322 - 2 - INFO - 页面"大军师（送海量橙将）"跳转正常,该类元素共20个，当前第6个
2020-07-31 18:30:15,452 - 2 - INFO - 页面"魔法之光（红忍海量抽）"跳转正常,该类元素共20个，当前第7个
2020-07-31 18:30:21,617 - 2 - INFO - 页面"唐门六道（送千元充值）"跳转正常,该类元素共20个，当前第8个
2020-07-31 18:30:27,769 - 2 - INFO - 页面"横扫天下之万年强者（1元超值）"跳转正常,该类元素共20个，当前第9个
2020-07-31 18:30:33,912 - 2 - INFO - 页面"主公别闹"跳转正常,该类元素共20个，当前第10个
2020-07-31 18:30:40,052 - 2 - INFO - 页面"战神不败（GM送充值）"跳转正常,该类元素共20个，当前第11个
2020-07-31 18:30:46,218 - 2 - INFO - 页面"调教三国（海量爆充值）"跳转正常,该类元素共20个，当前第12个
2020-07-31 18:30:52,406 - 2 - INFO - 页面"天天怼三国（送千元充值）"跳转正常,该类元素共20个，当前第13个
2020-07-31 18:30:58,549 - 2 - INFO - 页面"梦幻沙城（海量抽充值）"跳转正常,该类元素共20个，当前第14个
2020-07-31 18:31:04,693 - 2 - INFO - 页面"无敌战舰（送百元充值）"跳转正常,该类元素共20个，当前第15个
2020-07-31 18:31:10,852 - 2 - INFO - 页面"纵剑仙界（送VIP代金券）"跳转正常,该类元素共20个，当前第16个
2020-07-31 18:31:17,013 - 2 - INFO - 页面"九幽仙域（海量送充值）"跳转正常,该类元素共20个，当前第17个
2020-07-31 18:31:23,147 - 2 - INFO - 页面"烈火战神（海量特权）"跳转正常,该类元素共20个，当前第18个
2020-07-31 18:31:29,315 - 2 - INFO - 页面"六界仙尊（送充值）"跳转正常,该类元素共20个，当前第19个
2020-07-31 18:31:35,488 - 2 - INFO - 页面"孤龙山（送GM海量充）"跳转正常,该类元素共20个，当前第20个
2020-07-31 18:31:44,190 - 2 - INFO - 页面"【最笨周末活动】7月31日周末活动火热来袭~"跳转正常,该类元素共1个，当前第1个
2020-07-31 18:31:44,417 - basepage - INFO - Click back on current page.
2020-07-31 18:31:50,142 - 2 - INFO - 页面"【武动九天（GM免费特权）】上线满V，8W8绑元和"跳转正常,该类元素共1个，当前第1个
2020-07-31 18:31:50,568 - basepage - INFO - Click back on current page.
2020-07-31 18:31:56,289 - 2 - INFO - 页面"【梦幻沙城（海量抽充值）】上线即送GM2商城特"跳转正常,该类元素共1个，当前第1个
2020-07-31 18:31:56,500 - basepage - INFO - Click back on current page.
2020-07-31 18:32:02,160 - 2 - INFO - 页面"【六界仙尊（送充值）】上线直送VIP12，送88888元"跳转正常,该类元素共1个，当前第1个
2020-07-31 18:32:02,540 - basepage - INFO - Click back on current page.
2020-07-31 18:32:08,235 - 2 - INFO - 页面"【唐门六道（送千元充值）】上线送满级VIP19、礼"跳转正常,该类元素共1个，当前第1个
2020-07-31 18:32:08,503 - basepage - INFO - Click back on current page.
2020-07-31 18:32:14,221 - 2 - INFO - 页面"【武器之王（福利特权）】上线送VIP10,50万福利钻"跳转正常,该类元素共1个，当前第1个
2020-07-31 18:32:14,779 - basepage - INFO - Click back on current page.
2020-07-31 18:32:19,875 - 2 - INFO - 页面"命运守护：战歌（送充值卡）"跳转正常,该类元素共12个，当前第1个
2020-07-31 18:32:20,155 - basepage - INFO - Click back on current page.
2020-07-31 18:32:25,318 - 2 - INFO - 页面"西游女儿国（折扣特权）"跳转正常,该类元素共12个，当前第2个
2020-07-31 18:32:25,763 - basepage - INFO - Click back on current page.
2020-07-31 18:32:30,802 - 2 - INFO - 页面"破坏神（星耀特权）"跳转正常,该类元素共12个，当前第3个
2020-07-31 18:32:31,089 - basepage - INFO - Click back on current page.
2020-07-31 18:32:36,559 - 2 - INFO - 页面"影刃传说（天天送千充）"跳转正常,该类元素共12个，当前第4个
2020-07-31 18:32:36,979 - basepage - INFO - Click back on current page.
2020-07-31 18:32:42,564 - 2 - INFO - 页面"霸王传（送海量充值）"跳转正常,该类元素共12个，当前第5个
2020-07-31 18:32:42,837 - basepage - INFO - Click back on current page.
2020-07-31 18:32:48,353 - 2 - INFO - 页面"跑跑西游（送海量真充）"跳转正常,该类元素共12个，当前第6个
2020-07-31 18:32:48,777 - basepage - INFO - Click back on current page.
2020-07-31 18:32:54,094 - 2 - INFO - 页面"剑舞乾坤（折扣特权）"跳转正常,该类元素共12个，当前第7个
2020-07-31 18:32:54,368 - basepage - INFO - Click back on current page.
2020-07-31 18:32:59,730 - 2 - INFO - 页面"美人传（美人百抽）"跳转正常,该类元素共12个，当前第8个
2020-07-31 18:33:00,221 - basepage - INFO - Click back on current page.
2020-07-31 18:33:05,680 - 2 - INFO - 页面"正义荣耀（百抽特权）"跳转正常,该类元素共12个，当前第9个
2020-07-31 18:33:05,951 - basepage - INFO - Click back on current page.
2020-07-31 18:33:11,119 - 2 - INFO - 页面"混沌西游（星耀送充值）"跳转正常,该类元素共12个，当前第10个
2020-07-31 18:33:11,604 - basepage - INFO - Click back on current page.
2020-07-31 18:33:16,885 - 2 - INFO - 页面"侠客游（海量元宝）"跳转正常,该类元素共12个，当前第11个
2020-07-31 18:33:17,150 - basepage - INFO - Click back on current page.
2020-07-31 18:33:22,503 - 2 - INFO - 页面"江湖风云（内测）"跳转正常,该类元素共12个，当前第12个
2020-07-31 18:33:22,915 - basepage - INFO - Click back on current page.
2020-07-31 18:33:29,423 - 2 - INFO - 页面"魔兽世界怀旧服2020年6月7日人口普查一览"跳转正常,该类元素共2个，当前第1个
2020-07-31 18:33:29,685 - basepage - INFO - Click back on current page.
2020-07-31 18:33:36,707 - 2 - INFO - 页面"DNF萌噬噬宠物属性怎么样？萌噬噬属性介绍"跳转正常,该类元素共2个，当前第2个
2020-07-31 18:33:37,115 - basepage - INFO - Click back on current page.
2020-07-31 18:33:44,406 - 2 - INFO - 页面"月圆之夜女巫火把流怎么玩 女巫火把流玩法攻略-最笨下载"跳转正常,该类元素共14个，当前第1个
2020-07-31 18:33:44,683 - basepage - INFO - Click back on current page.
2020-07-31 18:33:52,300 - 2 - INFO - 页面"逃跑吧少年生命之盾如何用 生命之盾用法攻略-最笨下载"跳转正常,该类元素共14个，当前第2个
2020-07-31 18:33:52,537 - basepage - INFO - Click back on current page.
2020-07-31 18:34:00,843 - 2 - INFO - 页面"死亡搁浅怎么样-玩法介绍-最笨下载"跳转正常,该类元素共14个，当前第3个
2020-07-31 18:34:01,264 - basepage - INFO - Click back on current page.
2020-07-31 18:34:08,933 - 2 - INFO - 页面"大千世界史莱姆剑如何获取-史莱姆剑获得方法-最笨下载"跳转正常,该类元素共14个，当前第4个
2020-07-31 18:34:09,231 - basepage - INFO - Click back on current page.
2020-07-31 18:34:16,735 - 2 - INFO - 页面"大千世界新手怎么玩-新手玩法攻略-最笨下载"跳转正常,该类元素共14个，当前第5个
2020-07-31 18:34:16,995 - basepage - INFO - Click back on current page.
2020-07-31 18:34:24,748 - 2 - INFO - 页面"小森生活种子与希望怎么完成 种子与希望完成攻略-最笨下载"跳转正常,该类元素共14个，当前第6个
2020-07-31 18:34:25,182 - basepage - INFO - Click back on current page.
2020-07-31 18:34:32,881 - 2 - INFO - 页面"DNF手游深渊票怎么获得 深渊票获取方法介绍-最笨下载"跳转正常,该类元素共14个，当前第7个
2020-07-31 18:34:33,271 - basepage - INFO - Click back on current page.
2020-07-31 18:34:40,209 - 2 - INFO - 页面"dnf手游装备魔法封印怎么选择 装备魔法封印推荐-最笨下载"跳转正常,该类元素共14个，当前第8个
2020-07-31 18:34:40,449 - basepage - INFO - Click back on current page.
2020-07-31 18:34:47,648 - 2 - INFO - 页面"dnf手游鬼泣怎么刷图 鬼泣刷图玩法介绍-最笨下载"跳转正常,该类元素共14个，当前第9个
2020-07-31 18:34:48,041 - basepage - INFO - Click back on current page.
2020-07-31 18:34:55,067 - 2 - INFO - 页面"DNF手游键位怎么设置比较顺手 键位设置推荐-最笨下载"跳转正常,该类元素共14个，当前第10个
2020-07-31 18:34:55,330 - basepage - INFO - Click back on current page.
2020-07-31 18:35:02,984 - 2 - INFO - 页面"DNF手游狂战毕业武器是什么 狂战毕业武器选择推荐-最笨下载"跳转正常,该类元素共14个，当前第11个
2020-07-31 18:35:03,246 - basepage - INFO - Click back on current page.
2020-07-31 18:35:11,844 - 2 - INFO - 页面"小森生活无限体力如何玩 无限体力玩法推荐-最笨下载"跳转正常,该类元素共14个，当前第12个
2020-07-31 18:35:12,238 - basepage - INFO - Click back on current page.
2020-07-31 18:35:20,418 - 2 - INFO - 页面"解神者x2新手如何玩 新手玩法指南-最笨下载"跳转正常,该类元素共14个，当前第13个
2020-07-31 18:35:20,834 - basepage - INFO - Click back on current page.
2020-07-31 18:35:28,355 - 2 - INFO - 页面"创造与魔法2020年7月31日兑换码分享-最笨下载"跳转正常,该类元素共14个，当前第14个
2020-07-31 18:35:28,629 - basepage - INFO - Click back on current page.
2020-07-31 18:35:37,376 - 2 - INFO - 页面"2020阴阳师7月新式神紧那罗即将上线 高颜值紧那"跳转正常,该类元素共2个，当前第1个
2020-07-31 18:35:37,660 - basepage - INFO - Click back on current page.
2020-07-31 18:35:45,229 - 2 - INFO - 页面"英雄联盟2020灵魂莲华皮肤原画汇总"跳转正常,该类元素共2个，当前第2个
2020-07-31 18:35:45,679 - basepage - INFO - Click back on current page.
2020-07-31 18:35:52,340 - 2 - INFO - 页面"满vip版手游_手游sf送顶级vip_满级vip无限元宝手游下载-最笨下载"跳转正常,该类元素共28个，当前第1个
2020-07-31 18:35:52,567 - basepage - INFO - Click back on current page.
2020-07-31 18:35:59,219 - 2 - INFO - 页面"仙灵世界（送海量连抽）_仙灵世界（送海量连抽）无限元宝服_SF变态版仙灵世界（送海量连抽）公益服下载 - 最笨下载"跳转正常,该类元素共28个，当前第2个
2020-07-31 18:35:59,477 - basepage - INFO - Click back on current page.
2020-07-31 18:36:06,099 - 2 - INFO - 页面"变态手游公益服_bt手游变态服_无限元宝bt手游下载_BT手游中心-最笨下载"跳转正常,该类元素共28个，当前第3个
2020-07-31 18:36:06,469 - basepage - INFO - Click back on current page.
2020-07-31 18:36:13,175 - 2 - INFO - 页面"武器之王（福利特权）_武器之王（福利特权）无限元宝服_SF变态版武器之王（福利特权）公益服下载 - 最笨下载"跳转正常,该类元素共28个，当前第4个
2020-07-31 18:36:13,443 - basepage - INFO - Click back on current page.
2020-07-31 18:36:19,932 - 2 - INFO - 页面"变态手游公益服_bt手游变态服_无限元宝bt手游下载_BT手游中心-最笨下载"跳转正常,该类元素共28个，当前第5个
2020-07-31 18:36:20,345 - basepage - INFO - Click back on current page.
2020-07-31 18:36:27,020 - 2 - INFO - 页面"凡人飞仙传（充值特权）_凡人飞仙传（充值特权）无限元宝服_SF变态版凡人飞仙传（充值特权）公益服下载 - 最笨下载"跳转正常,该类元素共28个，当前第6个
2020-07-31 18:36:27,309 - basepage - INFO - Click back on current page.
2020-07-31 18:36:33,813 - 2 - INFO - 页面"满vip版手游_手游sf送顶级vip_满级vip无限元宝手游下载-最笨下载"跳转正常,该类元素共28个，当前第7个
2020-07-31 18:36:34,061 - basepage - INFO - Click back on current page.
2020-07-31 18:36:40,790 - 2 - INFO - 页面"女神联盟2（送500充值）_女神联盟2（送500充值）无限元宝服_SF变态版女神联盟2（送500充值）公益服下载 - 最笨下载"跳转正常,该类元素共28个，当前第8个
2020-07-31 18:36:41,178 - basepage - INFO - Click back on current page.
2020-07-31 18:36:47,661 - 2 - INFO - 页面"满vip版手游_手游sf送顶级vip_满级vip无限元宝手游下载-最笨下载"跳转正常,该类元素共28个，当前第9个
2020-07-31 18:36:47,926 - basepage - INFO - Click back on current page.
2020-07-31 18:36:54,614 - 2 - INFO - 页面"武动九天（GM免费特权）_武动九天（GM免费特权）无限元宝服_SF变态版武动九天（GM免费特权）公益服下载 - 最笨下载"跳转正常,该类元素共28个，当前第10个
2020-07-31 18:36:55,065 - basepage - INFO - Click back on current page.
2020-07-31 18:37:01,547 - 2 - INFO - 页面"变态手游公益服_bt手游变态服_无限元宝bt手游下载_BT手游中心-最笨下载"跳转正常,该类元素共28个，当前第11个
2020-07-31 18:37:01,829 - basepage - INFO - Click back on current page.
2020-07-31 18:37:08,571 - 2 - INFO - 页面"大军师（送海量橙将）_大军师（送海量橙将）无限元宝服_SF变态版大军师（送海量橙将）公益服下载 - 最笨下载"跳转正常,该类元素共28个，当前第12个
2020-07-31 18:37:09,027 - basepage - INFO - Click back on current page.
2020-07-31 18:37:15,507 - 2 - INFO - 页面"满vip版手游_手游sf送顶级vip_满级vip无限元宝手游下载-最笨下载"跳转正常,该类元素共28个，当前第13个
2020-07-31 18:37:15,749 - basepage - INFO - Click back on current page.
2020-07-31 18:37:22,477 - 2 - INFO - 页面"魔法之光（红忍海量抽）_魔法之光（红忍海量抽）无限元宝服_SF变态版魔法之光（红忍海量抽）公益服下载 - 最笨下载"跳转正常,该类元素共28个，当前第14个
2020-07-31 18:37:22,741 - basepage - INFO - Click back on current page.
2020-07-31 18:37:29,225 - 2 - INFO - 页面"满vip版手游_手游sf送顶级vip_满级vip无限元宝手游下载-最笨下载"跳转正常,该类元素共28个，当前第15个
2020-07-31 18:37:29,690 - basepage - INFO - Click back on current page.
2020-07-31 18:37:36,404 - 2 - INFO - 页面"唐门六道（送千元充值）_唐门六道（送千元充值）无限元宝服_SF变态版唐门六道（送千元充值）公益服下载 - 最笨下载"跳转正常,该类元素共28个，当前第16个
2020-07-31 18:37:36,674 - basepage - INFO - Click back on current page.
2020-07-31 18:37:43,140 - 2 - INFO - 页面"变态手游公益服_bt手游变态服_无限元宝bt手游下载_BT手游中心-最笨下载"跳转正常,该类元素共28个，当前第17个
2020-07-31 18:37:43,597 - basepage - INFO - Click back on current page.
2020-07-31 18:37:50,292 - 2 - INFO - 页面"横扫天下之万年强者（1元超值）_横扫天下之万年强者（1元超值）无限元宝服_SF变态版横扫天下之万年强者（1元超值）公益服下载 - 最笨下载"跳转正常,该类元素共28个，当前第18个
2020-07-31 18:37:50,588 - basepage - INFO - Click back on current page.
2020-07-31 18:37:57,044 - 2 - INFO - 页面"变态手游公益服_bt手游变态服_无限元宝bt手游下载_BT手游中心-最笨下载"跳转正常,该类元素共28个，当前第19个
2020-07-31 18:37:57,451 - basepage - INFO - Click back on current page.
2020-07-31 18:38:04,200 - 2 - INFO - 页面"主公别闹_主公别闹无限元宝服_SF变态版主公别闹公益服下载 - 最笨下载"跳转正常,该类元素共28个，当前第20个
2020-07-31 18:38:04,440 - basepage - INFO - Click back on current page.
2020-07-31 18:38:10,927 - 2 - INFO - 页面"满vip版手游_手游sf送顶级vip_满级vip无限元宝手游下载-最笨下载"跳转正常,该类元素共28个，当前第21个
2020-07-31 18:38:11,303 - basepage - INFO - Click back on current page.
2020-07-31 18:38:18,020 - 2 - INFO - 页面"战神不败（GM送充值）_战神不败（GM送充值）无限元宝服_SF变态版战神不败（GM送充值）公益服下载 - 最笨下载"跳转正常,该类元素共28个，当前第22个
2020-07-31 18:38:18,289 - basepage - INFO - Click back on current page.
2020-07-31 18:38:24,810 - 2 - INFO - 页面"变态手游公益服_bt手游变态服_无限元宝bt手游下载_BT手游中心-最笨下载"跳转正常,该类元素共28个，当前第23个
2020-07-31 18:38:25,213 - basepage - INFO - Click back on current page.
2020-07-31 18:38:31,888 - 2 - INFO - 页面"调教三国（海量爆充值）_调教三国（海量爆充值）无限元宝服_SF变态版调教三国（海量爆充值）公益服下载 - 最笨下载"跳转正常,该类元素共28个，当前第24个
2020-07-31 18:38:32,139 - basepage - INFO - Click back on current page.
2020-07-31 18:38:38,616 - 2 - INFO - 页面"变态手游公益服_bt手游变态服_无限元宝bt手游下载_BT手游中心-最笨下载"跳转正常,该类元素共28个，当前第25个
2020-07-31 18:38:39,034 - basepage - INFO - Click back on current page.
2020-07-31 18:38:45,686 - 2 - INFO - 页面"天天怼三国（送千元充值）_天天怼三国（送千元充值）无限元宝服_SF变态版天天怼三国（送千元充值）公益服下载 - 最笨下载"跳转正常,该类元素共28个，当前第26个
2020-07-31 18:38:45,902 - basepage - INFO - Click back on current page.
2020-07-31 18:38:52,372 - 2 - INFO - 页面"满vip版手游_手游sf送顶级vip_满级vip无限元宝手游下载-最笨下载"跳转正常,该类元素共28个，当前第27个
2020-07-31 18:38:52,773 - basepage - INFO - Click back on current page.
2020-07-31 18:38:59,497 - 2 - INFO - 页面"梦幻沙城（海量抽充值）_梦幻沙城（海量抽充值）无限元宝服_SF变态版梦幻沙城（海量抽充值）公益服下载 - 最笨下载"跳转正常,该类元素共28个，当前第28个
2020-07-31 18:38:59,772 - basepage - INFO - Click back on current page.
2020-07-31 18:39:08,048 - 2 - INFO - 页面"有翡原著小说简介 有匪小说剧情介绍"跳转正常,该类元素共2个，当前第1个
2020-07-31 18:39:08,473 - basepage - INFO - Click back on current page.
2020-07-31 18:39:15,494 - 2 - INFO - 页面"有翡小说免费阅读 有匪小说周翡全文阅读"跳转正常,该类元素共2个，当前第2个
2020-07-31 18:39:15,755 - basepage - INFO - Click back on current page.
2020-07-31 18:39:22,818 - 2 - INFO - 页面"【苹果娱乐软件】iPhone手机娱乐软件_iPhone娱乐软件免费下载大全-最笨下载"跳转正常,该类元素共28个，当前第1个
2020-07-31 18:39:23,044 - basepage - INFO - Click back on current page.
2020-07-31 18:39:30,278 - 2 - INFO - 页面"最笨游戏盒子iOS版_最笨游戏盒子iOS版下载_最笨游戏盒子iOS版官方下载-最笨下载"跳转正常,该类元素共28个，当前第2个
2020-07-31 18:39:30,736 - basepage - INFO - Click back on current page.
2020-07-31 18:39:37,704 - 2 - INFO - 页面"【安卓娱乐软件】安卓娱乐软件下载_安卓娱乐软件推荐_安卓娱乐软件大全-最笨下载"跳转正常,该类元素共28个，当前第3个
2020-07-31 18:39:37,937 - basepage - INFO - Click back on current page.
2020-07-31 18:39:45,541 - 2 - INFO - 页面"最笨游戏盒子_最笨游戏盒子下载_最笨游戏盒子官方下载-最笨下载"跳转正常,该类元素共28个，当前第4个
2020-07-31 18:39:45,818 - basepage - INFO - Click back on current page.
2020-07-31 18:39:52,939 - 2 - INFO - 页面"【安卓聊天软件】安卓聊天软件下载_安卓聊天软件排行_安卓聊天软件大全-最笨下载"跳转正常,该类元素共28个，当前第5个
2020-07-31 18:39:53,418 - basepage - INFO - Click back on current page.
2020-07-31 18:40:01,048 - 2 - INFO - 页面"蜜小助_蜜小助下载_蜜小助官方下载-最笨下载"跳转正常,该类元素共28个，当前第6个
2020-07-31 18:40:01,534 - basepage - INFO - Click back on current page.
2020-07-31 18:40:08,011 - 2 - INFO - 页面"【安卓娱乐软件】安卓娱乐软件下载_安卓娱乐软件推荐_安卓娱乐软件大全-最笨下载"跳转正常,该类元素共28个，当前第7个
2020-07-31 18:40:08,269 - basepage - INFO - Click back on current page.
2020-07-31 18:40:15,503 - 2 - INFO - 页面"3733游戏盒子_3733游戏盒子下载_3733游戏盒子官方下载-最笨下载"跳转正常,该类元素共28个，当前第8个
2020-07-31 18:40:15,919 - basepage - INFO - Click back on current page.
2020-07-31 18:40:22,442 - 2 - INFO - 页面"【安卓聊天软件】安卓聊天软件下载_安卓聊天软件排行_安卓聊天软件大全-最笨下载"跳转正常,该类元素共28个，当前第9个
2020-07-31 18:40:22,703 - basepage - INFO - Click back on current page.
2020-07-31 18:40:30,155 - 2 - INFO - 页面"土味情话_土味情话下载_土味情话官方下载-最笨下载"跳转正常,该类元素共28个，当前第10个
2020-07-31 18:40:30,375 - basepage - INFO - Click back on current page.
2020-07-31 18:40:36,865 - 2 - INFO - 页面"【安卓聊天软件】安卓聊天软件下载_安卓聊天软件排行_安卓聊天软件大全-最笨下载"跳转正常,该类元素共28个，当前第11个
2020-07-31 18:40:37,259 - basepage - INFO - Click back on current page.
2020-07-31 18:40:44,434 - 2 - INFO - 页面"恋爱话术_恋爱话术下载_恋爱话术官方下载-最笨下载"跳转正常,该类元素共28个，当前第12个
2020-07-31 18:40:44,735 - basepage - INFO - Click back on current page.
2020-07-31 18:40:51,230 - 2 - INFO - 页面"【安卓聊天软件】安卓聊天软件下载_安卓聊天软件排行_安卓聊天软件大全-最笨下载"跳转正常,该类元素共28个，当前第13个
2020-07-31 18:40:51,473 - basepage - INFO - Click back on current page.
2020-07-31 18:40:58,880 - 2 - INFO - 页面"土味情话社_土味情话社下载_土味情话社官方下载-最笨下载"跳转正常,该类元素共28个，当前第14个
2020-07-31 18:40:59,249 - basepage - INFO - Click back on current page.
2020-07-31 18:41:06,595 - 2 - INFO - 页面"【安卓阅读软件】安卓阅读软件下载_安卓阅读软件哪个好_安卓阅读软件排行-最笨下载"跳转正常,该类元素共28个，当前第15个
2020-07-31 18:41:06,849 - basepage - INFO - Click back on current page.
2020-07-31 18:41:14,166 - 2 - INFO - 页面"吾爱看书_吾爱看书下载_吾爱看书官方下载-最笨下载"跳转正常,该类元素共28个，当前第16个
2020-07-31 18:41:14,403 - basepage - INFO - Click back on current page.
2020-07-31 18:41:22,012 - 2 - INFO - 页面"【苹果阅读软件】iPhone手机阅读软件_iPhone阅读软件免费下载大全-最笨下载"跳转正常,该类元素共28个，当前第17个
2020-07-31 18:41:22,481 - basepage - INFO - Click back on current page.
2020-07-31 18:41:29,545 - 2 - INFO - 页面"吾爱看书ios版_吾爱看书ios版下载_吾爱看书ios版官方下载-最笨下载"跳转正常,该类元素共28个，当前第18个
2020-07-31 18:41:29,787 - basepage - INFO - Click back on current page.
2020-07-31 18:41:36,250 - 2 - INFO - 页面"【安卓聊天软件】安卓聊天软件下载_安卓聊天软件排行_安卓聊天软件大全-最笨下载"跳转正常,该类元素共28个，当前第19个
2020-07-31 18:41:36,514 - basepage - INFO - Click back on current page.
2020-07-31 18:41:43,869 - 2 - INFO - 页面"恋爱话术库_恋爱话术库下载_恋爱话术库官方下载-最笨下载"跳转正常,该类元素共28个，当前第20个
2020-07-31 18:41:44,224 - basepage - INFO - Click back on current page.
2020-07-31 18:41:50,720 - 2 - INFO - 页面"【安卓聊天软件】安卓聊天软件下载_安卓聊天软件排行_安卓聊天软件大全-最笨下载"跳转正常,该类元素共28个，当前第21个
2020-07-31 18:41:50,981 - basepage - INFO - Click back on current page.
2020-07-31 18:41:58,252 - 2 - INFO - 页面"撩吧_撩吧下载_撩吧官方下载-最笨下载"跳转正常,该类元素共28个，当前第22个
2020-07-31 18:41:58,485 - basepage - INFO - Click back on current page.
2020-07-31 18:42:05,005 - 2 - INFO - 页面"【安卓聊天软件】安卓聊天软件下载_安卓聊天软件排行_安卓聊天软件大全-最笨下载"跳转正常,该类元素共28个，当前第23个
2020-07-31 18:42:05,433 - basepage - INFO - Click back on current page.
2020-07-31 18:42:12,755 - 2 - INFO - 页面"遇知音_遇知音下载_遇知音官方下载-最笨下载"跳转正常,该类元素共28个，当前第24个
2020-07-31 18:42:13,012 - basepage - INFO - Click back on current page.
2020-07-31 18:42:19,500 - 2 - INFO - 页面"【安卓聊天软件】安卓聊天软件下载_安卓聊天软件排行_安卓聊天软件大全-最笨下载"跳转正常,该类元素共28个，当前第25个
2020-07-31 18:42:19,762 - basepage - INFO - Click back on current page.
2020-07-31 18:42:27,337 - 2 - INFO - 页面"脱单大师_脱单大师下载_脱单大师官方下载-最笨下载"跳转正常,该类元素共28个，当前第26个
2020-07-31 18:42:27,751 - basepage - INFO - Click back on current page.
2020-07-31 18:42:34,239 - 2 - INFO - 页面"【安卓聊天软件】安卓聊天软件下载_安卓聊天软件排行_安卓聊天软件大全-最笨下载"跳转正常,该类元素共28个，当前第27个
2020-07-31 18:42:34,528 - basepage - INFO - Click back on current page.
2020-07-31 18:42:42,022 - 2 - INFO - 页面"爱情套路_爱情套路下载_爱情套路官方下载-最笨下载"跳转正常,该类元素共28个，当前第28个
2020-07-31 18:42:42,263 - basepage - INFO - Click back on current page.
2020-07-31 18:42:53,004 - 2 - INFO - 页面"【安卓播放器】安卓播放器下载_安卓播放器哪个最好_安卓播放器下载排行-最笨下载"跳转正常,该类元素共20个，当前第1个
2020-07-31 18:42:53,294 - basepage - INFO - Click back on current page.
2020-07-31 18:43:00,787 - 2 - INFO - 页面"【安卓学习软件】安卓学习软件下载_安卓学习软件免费下载_安卓学习软件大全-最笨下载"跳转正常,该类元素共20个，当前第2个
2020-07-31 18:43:01,227 - basepage - INFO - Click back on current page.
2020-07-31 18:43:08,226 - 2 - INFO - 页面"【安卓辅助软件】安卓辅助软件下载_安卓辅助软件推荐_安卓辅助软件大全-最笨下载"跳转正常,该类元素共20个，当前第3个
2020-07-31 18:43:08,440 - basepage - INFO - Click back on current page.
2020-07-31 18:43:15,843 - 2 - INFO - 页面"【安卓输入法】安卓输入法下载_安卓输入法哪个好_安卓输入法怎么用-最笨下载"跳转正常,该类元素共20个，当前第4个
2020-07-31 18:43:16,110 - basepage - INFO - Click back on current page.
2020-07-31 18:43:23,636 - 2 - INFO - 页面"【安卓通信软件】安卓通信软件下载_安卓通信软件推荐_安卓通信软件大全-最笨下载"跳转正常,该类元素共20个，当前第5个
2020-07-31 18:43:24,041 - basepage - INFO - Click back on current page.
2020-07-31 18:43:31,288 - 2 - INFO - 页面"【安卓固件】安卓固件下载_安卓固件包下载_安卓固件管理器-最笨下载"跳转正常,该类元素共20个，当前第6个
2020-07-31 18:43:31,559 - basepage - INFO - Click back on current page.
2020-07-31 18:43:38,596 - 2 - INFO - 页面"【安卓文件管理器】安卓文件管理器下载_安卓文件管理器哪个好_安卓文件管理器中文版-最笨下载"跳转正常,该类元素共20个，当前第7个
2020-07-31 18:43:38,876 - basepage - INFO - Click back on current page.
2020-07-31 18:43:46,181 - 2 - INFO - 页面"【安卓同步软件】安卓同步软件下载_安卓同步软件哪个好_安卓手机同步软件-最笨下载"跳转正常,该类元素共20个，当前第8个
2020-07-31 18:43:46,555 - basepage - INFO - Click back on current page.
2020-07-31 18:43:53,897 - 2 - INFO - 页面"【安卓办公软件】安卓办公软件下载_安卓办公软件哪个好_安卓办公软件哪种最好-最笨下载"跳转正常,该类元素共20个，当前第9个
2020-07-31 18:43:54,175 - basepage - INFO - Click back on current page.
2020-07-31 18:44:01,657 - 2 - INFO - 页面"【安卓新闻软件】安卓新闻软件下载_安卓新闻软件哪个好_安卓新闻软件大全-最笨下载"跳转正常,该类元素共20个，当前第10个
2020-07-31 18:44:01,957 - basepage - INFO - Click back on current page.
2020-07-31 18:44:09,175 - 2 - INFO - 页面"【安卓理财软件】安卓理财软件下载_安卓理财软件哪个好_安卓理财软件大全-最笨下载"跳转正常,该类元素共20个，当前第11个
2020-07-31 18:44:09,569 - basepage - INFO - Click back on current page.
2020-07-31 18:44:16,912 - 2 - INFO - 页面"【安卓备份软件】安卓备份软件下载_安卓备份软件哪个好_安卓手机备份软件-最笨下载"跳转正常,该类元素共20个，当前第12个
2020-07-31 18:44:17,241 - basepage - INFO - Click back on current page.
2020-07-31 18:44:24,910 - 2 - INFO - 页面"【安卓跑步软件】安卓跑步软件下载_安卓跑步软件哪个好_安卓跑步软件大全-最笨下载"跳转正常,该类元素共20个，当前第13个
2020-07-31 18:44:25,192 - basepage - INFO - Click back on current page.
2020-07-31 18:44:32,668 - 2 - INFO - 页面"【安卓健康管理软件】安卓健康管理软件下载_安卓健康管理软件推荐_安卓健康管理软件大全-最笨下载"跳转正常,该类元素共20个，当前第14个
2020-07-31 18:44:33,059 - basepage - INFO - Click back on current page.
2020-07-31 18:44:40,537 - 2 - INFO - 页面"【安卓系统软件】安卓系统软件下载_安卓系统软件免费下载_安卓系统软件下载工具-最笨下载"跳转正常,该类元素共20个，当前第15个
2020-07-31 18:44:40,829 - basepage - INFO - Click back on current page.
2020-07-31 18:44:47,345 - 2 - INFO - 页面"【安卓聊天软件】安卓聊天软件下载_安卓聊天软件排行_安卓聊天软件大全-最笨下载"跳转正常,该类元素共20个，当前第16个
2020-07-31 18:44:47,639 - basepage - INFO - Click back on current page.
2020-07-31 18:44:55,041 - 2 - INFO - 页面"【安卓应用软件】安卓应用软件排行_好玩的安卓应用软件_好用的安卓应用软件-最笨下载"跳转正常,该类元素共20个，当前第17个
2020-07-31 18:44:55,421 - basepage - INFO - Click back on current page.
2020-07-31 18:45:01,881 - 2 - INFO - 页面"【安卓娱乐软件】安卓娱乐软件下载_安卓娱乐软件推荐_安卓娱乐软件大全-最笨下载"跳转正常,该类元素共20个，当前第18个
2020-07-31 18:45:02,157 - basepage - INFO - Click back on current page.
2020-07-31 18:45:09,473 - 2 - INFO - 页面"【安卓导航软件】安卓导航软件下载_安卓导航软件哪个好_安卓导航软件排名-最笨下载"跳转正常,该类元素共20个，当前第19个
2020-07-31 18:45:09,771 - basepage - INFO - Click back on current page.
2020-07-31 18:45:17,300 - 2 - INFO - 页面"【安卓网络软件】安卓网络软件下载_安卓网络软件推荐_安卓网络软件大全-最笨下载"跳转正常,该类元素共20个，当前第20个
2020-07-31 18:45:17,759 - basepage - INFO - Click back on current page.
2020-07-31 18:45:26,113 - 2 - INFO - 页面"3733手游游戏平台_3733手游游戏平台下载_3733手游游戏平台官方下载-最笨下载"跳转正常,该类元素共18个，当前第1个
2020-07-31 18:45:32,278 - 2 - INFO - 页面"安致手游游戏平台_安致手游游戏平台下载_安致手游游戏平台官方下载-最笨下载"跳转正常,该类元素共18个，当前第2个
2020-07-31 18:45:38,442 - 2 - INFO - 页面"扑鹿_扑鹿下载_扑鹿官方下载-最笨下载"跳转正常,该类元素共18个，当前第3个
2020-07-31 18:45:44,595 - 2 - INFO - 页面"日杂相机_日杂相机下载_日杂相机官方下载-最笨下载"跳转正常,该类元素共18个，当前第4个
2020-07-31 18:45:50,757 - 2 - INFO - 页面"皮皮虾_皮皮虾下载_皮皮虾官方下载-最笨下载"跳转正常,该类元素共18个，当前第5个
2020-07-31 18:45:56,872 - 2 - INFO - 页面"吾爱看书_吾爱看书下载_吾爱看书官方下载-最笨下载"跳转正常,该类元素共18个，当前第6个
2020-07-31 18:46:03,028 - 2 - INFO - 页面"7732游戏中心_7732游戏中心下载_7732游戏中心官方下载-最笨下载"跳转正常,该类元素共18个，当前第7个
2020-07-31 18:46:09,145 - 2 - INFO - 页面"7743手游盒子_7743手游盒子下载_7743手游盒子官方下载-最笨下载"跳转正常,该类元素共18个，当前第8个
2020-07-31 18:46:15,288 - 2 - INFO - 页面"7743游戏中心_7743游戏中心下载_7743游戏中心官方下载-最笨下载"跳转正常,该类元素共18个，当前第9个
2020-07-31 18:46:21,445 - 2 - INFO - 页面"7743手游平台_7743手游平台下载_7743手游平台官方下载-最笨下载"跳转正常,该类元素共18个，当前第10个
2020-07-31 18:46:27,642 - 2 - INFO - 页面"gm手游平台_gm手游平台下载_gm手游平台官方下载-最笨下载"跳转正常,该类元素共18个，当前第11个
2020-07-31 18:46:33,769 - 2 - INFO - 页面"gm游戏中心_gm游戏中心下载_gm游戏中心官方下载-最笨下载"跳转正常,该类元素共18个，当前第12个
2020-07-31 18:46:39,912 - 2 - INFO - 页面"gm游戏盒_gm游戏盒下载_gm游戏盒官方下载-最笨下载"跳转正常,该类元素共18个，当前第13个
2020-07-31 18:46:46,053 - 2 - INFO - 页面"gm手游游戏平台_gm手游游戏平台下载_gm手游游戏平台官方下载-最笨下载"跳转正常,该类元素共18个，当前第14个
2020-07-31 18:46:52,177 - 2 - INFO - 页面"gm游戏平台_gm游戏平台下载_gm游戏平台官方下载-最笨下载"跳转正常,该类元素共18个，当前第15个
2020-07-31 18:46:58,313 - 2 - INFO - 页面"gm游戏盒子_gm游戏盒子下载_gm游戏盒子官方下载-最笨下载"跳转正常,该类元素共18个，当前第16个
2020-07-31 18:47:04,446 - 2 - INFO - 页面"3733手游盒子_3733手游盒子下载_3733手游盒子官方下载-最笨下载"跳转正常,该类元素共18个，当前第17个
2020-07-31 18:47:10,569 - 2 - INFO - 页面"3733游戏平台_3733游戏平台下载_3733游戏平台官方下载-最笨下载"跳转正常,该类元素共18个，当前第18个
2020-07-31 18:47:17,088 - 2 - INFO - 页面"【安卓益智游戏】好玩的安卓益智游戏大全_安卓益智类游戏_益智游戏下载-最笨下载"跳转正常,该类元素共17个，当前第1个
2020-07-31 18:47:17,366 - basepage - INFO - Click back on current page.
2020-07-31 18:47:24,840 - 2 - INFO - 页面"【安卓其他游戏】好玩的安卓其他游戏大全_安卓其他类游戏_其他游戏下载-最笨下载"跳转正常,该类元素共17个，当前第2个
2020-07-31 18:47:25,116 - basepage - INFO - Click back on current page.
2020-07-31 18:47:32,605 - 2 - INFO - 页面"【安卓音乐游戏】好玩的安卓音乐游戏大全_安卓音乐类游戏_音乐游戏下载-最笨下载"跳转正常,该类元素共17个，当前第3个
2020-07-31 18:47:33,036 - basepage - INFO - Click back on current page.
2020-07-31 18:47:40,717 - 2 - INFO - 页面"【安卓网络游戏】好玩的安卓网络游戏大全_安卓网络类游戏_网络游戏下载-最笨下载"跳转正常,该类元素共17个，当前第4个
2020-07-31 18:47:41,127 - basepage - INFO - Click back on current page.
2020-07-31 18:47:48,778 - 2 - INFO - 页面"【安卓格斗游戏】好玩的安卓格斗游戏大全_安卓格斗类游戏_格斗游戏下载-最笨下载"跳转正常,该类元素共17个，当前第5个
2020-07-31 18:47:49,034 - basepage - INFO - Click back on current page.
2020-07-31 18:47:57,004 - 2 - INFO - 页面"【安卓飞行游戏】好玩的安卓飞行游戏大全_安卓飞行类游戏_飞行游戏下载-最笨下载"跳转正常,该类元素共17个，当前第6个
2020-07-31 18:47:57,466 - basepage - INFO - Click back on current page.
2020-07-31 18:48:04,913 - 2 - INFO - 页面"【安卓体育运动游戏】好玩的安卓体育运动游戏大全_安卓体育运动类游戏_体育运动游戏下载-最笨下载"跳转正常,该类元素共17个，当前第7个
2020-07-31 18:48:05,215 - basepage - INFO - Click back on current page.
2020-07-31 18:48:12,620 - 2 - INFO - 页面"【安卓模拟经营游戏】好玩的安卓模拟经营游戏大全_安卓模拟经营类游戏_模拟经营游戏下载-最笨下载"跳转正常,该类元素共17个，当前第8个
2020-07-31 18:48:12,882 - basepage - INFO - Click back on current page.
2020-07-31 18:48:20,824 - 2 - INFO - 页面"【安卓策略游戏】好玩的安卓策略游戏大全_安卓策略类游戏_策略游戏下载-最笨下载"跳转正常,该类元素共17个，当前第9个
2020-07-31 18:48:21,268 - basepage - INFO - Click back on current page.
2020-07-31 18:48:28,808 - 2 - INFO - 页面"【安卓塔防游戏】好玩的安卓塔防游戏大全_安卓塔防类游戏_塔防游戏下载-最笨下载"跳转正常,该类元素共17个，当前第10个
2020-07-31 18:48:29,028 - basepage - INFO - Click back on current page.
2020-07-31 18:48:36,636 - 2 - INFO - 页面"【安卓解谜冒险游戏】好玩的安卓解谜冒险游戏大全_安卓解谜冒险类游戏_解谜冒险游戏下载-最笨下载"跳转正常,该类元素共17个，当前第11个
2020-07-31 18:48:36,931 - basepage - INFO - Click back on current page.
2020-07-31 18:48:44,459 - 2 - INFO - 页面"【安卓射击游戏】好玩的安卓射击游戏大全_安卓射击类游戏_射击游戏下载-最笨下载"跳转正常,该类元素共17个，当前第12个
2020-07-31 18:48:44,952 - basepage - INFO - Click back on current page.
2020-07-31 18:48:52,338 - 2 - INFO - 页面"【安卓棋牌游戏】好玩的安卓棋牌游戏大全_安卓棋牌类游戏_棋牌游戏下载-最笨下载"跳转正常,该类元素共17个，当前第13个
2020-07-31 18:48:52,613 - basepage - INFO - Click back on current page.
2020-07-31 18:48:59,814 - 2 - INFO - 页面"【安卓赛车游戏】好玩的安卓赛车游戏大全_安卓赛车类游戏_赛车游戏下载-最笨下载"跳转正常,该类元素共17个，当前第14个
2020-07-31 18:49:00,058 - basepage - INFO - Click back on current page.
2020-07-31 18:49:07,222 - 2 - INFO - 页面"【安卓角色扮演游戏】好玩的安卓角色扮演游戏大全_安卓角色扮演类游戏_角色扮演游戏下载-最笨下载"跳转正常,该类元素共17个，当前第15个
2020-07-31 18:49:07,649 - basepage - INFO - Click back on current page.
2020-07-31 18:49:15,246 - 2 - INFO - 页面"【安卓动作游戏】好玩的安卓动作游戏大全_安卓动作类游戏_动作游戏下载-最笨下载"跳转正常,该类元素共17个，当前第16个
2020-07-31 18:49:15,529 - basepage - INFO - Click back on current page.
2020-07-31 18:49:23,124 - 2 - INFO - 页面"【安卓休闲游戏】好玩的安卓休闲游戏大全_安卓休闲类游戏_休闲游戏下载-最笨下载"跳转正常,该类元素共17个，当前第17个
2020-07-31 18:49:23,395 - basepage - INFO - Click back on current page.
2020-07-31 18:49:31,773 - 2 - INFO - 页面"炼金国度（送1000元充值）ios版_炼金国度（送1000元充值）ios版下载_炼金国度（送1000元充值）ios版官方下载-最笨下载"跳转正常,该类元素共18个，当前第1个
2020-07-31 18:49:37,918 - 2 - INFO - 页面"国贼顾挽之_国贼顾挽之下载_国贼顾挽之官方下载-最笨下载"跳转正常,该类元素共18个，当前第2个
2020-07-31 18:49:44,079 - 2 - INFO - 页面"大秦黎明_大秦黎明下载_大秦黎明官方下载-最笨下载"跳转正常,该类元素共18个，当前第3个
2020-07-31 18:49:50,252 - 2 - INFO - 页面"怒焰三国杀手游_怒焰三国杀手游下载_怒焰三国杀手游官方下载-最笨下载"跳转正常,该类元素共18个，当前第4个
2020-07-31 18:49:56,397 - 2 - INFO - 页面"末日围城_末日围城下载_末日围城官方下载-最笨下载"跳转正常,该类元素共18个，当前第5个
2020-07-31 18:50:02,557 - 2 - INFO - 页面"天将雄师九游版_天将雄师九游版下载_天将雄师九游版官方下载-最笨下载"跳转正常,该类元素共18个，当前第6个
2020-07-31 18:50:08,638 - 2 - INFO - 页面"诸王黎明_诸王黎明下载_诸王黎明官方下载-最笨下载"跳转正常,该类元素共18个，当前第7个
2020-07-31 19:05:16,842 - 2 - INFO - 页面"www.zuiben.com"跳转正常,该类元素共18个，当前第8个
2020-07-31 19:05:25,264 - 2 - INFO - 页面"NBA篮球大师_NBA篮球大师下载_NBA篮球大师官方下载-最笨下载"跳转正常,该类元素共18个，当前第9个
2020-07-31 19:05:31,423 - 2 - INFO - 页面"萌妖传手游_萌妖传手游下载_萌妖传手游官方下载-最笨下载"跳转正常,该类元素共18个，当前第10个
2020-07-31 19:05:37,554 - 2 - INFO - 页面"中超英雄手游_中超英雄手游下载_中超英雄手游官方下载-最笨下载"跳转正常,该类元素共18个，当前第11个
2020-07-31 19:05:43,685 - 2 - INFO - 页面"三国战天下手游_三国战天下手游下载_三国战天下手游官方下载-最笨下载"跳转正常,该类元素共18个，当前第12个
2020-07-31 19:05:49,803 - 2 - INFO - 页面"拳皇命运_拳皇命运下载_拳皇命运官方下载-最笨下载"跳转正常,该类元素共18个，当前第13个
2020-07-31 19:05:55,930 - 2 - INFO - 页面"电能大亨_电能大亨下载_电能大亨官方下载-最笨下载"跳转正常,该类元素共18个，当前第14个
2020-07-31 19:06:02,058 - 2 - INFO - 页面"驾校模拟器_驾校模拟器下载_驾校模拟器官方下载-最笨下载"跳转正常,该类元素共18个，当前第15个
2020-07-31 19:06:08,189 - 2 - INFO - 页面"暗黑探险2_暗黑探险2下载_暗黑探险2官方下载-最笨下载"跳转正常,该类元素共18个，当前第16个
2020-07-31 19:06:14,314 - 2 - INFO - 页面"风暴山之谜_风暴山之谜下载_风暴山之谜官方下载-最笨下载"跳转正常,该类元素共18个，当前第17个
2020-07-31 19:06:20,435 - 2 - INFO - 页面"炸弹投石机:卡牌战斗_炸弹投石机:卡牌战斗下载_炸弹投石机:卡牌战斗官方下载-最笨下载"跳转正常,该类元素共18个，当前第18个
2020-07-31 19:06:28,502 - 2 - INFO - 页面"变态手游公益服_bt手游变态服_无限元宝bt手游下载_BT手游中心-最笨下载"跳转正常,该类元素共13个，当前第1个
2020-07-31 19:06:28,748 - basepage - INFO - Click back on current page.
2020-07-31 19:06:37,758 - 2 - INFO - 页面"变态手游公益服_bt手游变态服_无限元宝bt手游下载_BT手游中心-最笨下载"跳转正常,该类元素共13个，当前第2个
2020-07-31 19:06:38,148 - basepage - INFO - Click back on current page.
2020-07-31 19:06:46,630 - 2 - INFO - 页面"变态手游公益服_bt手游变态服_无限元宝bt手游下载_BT手游中心-最笨下载"跳转正常,该类元素共13个，当前第3个
2020-07-31 19:06:47,066 - basepage - INFO - Click back on current page.
2020-07-31 19:06:55,765 - 2 - INFO - 页面"变态手游公益服_bt手游变态服_无限元宝bt手游下载_BT手游中心-最笨下载"跳转正常,该类元素共13个，当前第4个
2020-07-31 19:06:56,156 - basepage - INFO - Click back on current page.
2020-07-31 19:07:04,233 - 2 - INFO - 页面"变态手游公益服_bt手游变态服_无限元宝bt手游下载_BT手游中心-最笨下载"跳转正常,该类元素共13个，当前第5个
2020-07-31 19:07:04,605 - basepage - INFO - Click back on current page.
2020-07-31 19:07:13,323 - 2 - INFO - 页面"变态手游公益服_bt手游变态服_无限元宝bt手游下载_BT手游中心-最笨下载"跳转正常,该类元素共13个，当前第6个
2020-07-31 19:07:13,594 - basepage - INFO - Click back on current page.
2020-07-31 19:07:22,422 - 2 - INFO - 页面"变态手游公益服_bt手游变态服_无限元宝bt手游下载_BT手游中心-最笨下载"跳转正常,该类元素共13个，当前第7个
2020-07-31 19:07:22,827 - basepage - INFO - Click back on current page.
2020-07-31 19:07:30,953 - 2 - INFO - 页面"变态手游公益服_bt手游变态服_无限元宝bt手游下载_BT手游中心-最笨下载"跳转正常,该类元素共13个，当前第8个
2020-07-31 19:07:31,570 - basepage - INFO - Click back on current page.
2020-07-31 19:07:40,235 - 2 - INFO - 页面"变态手游公益服_bt手游变态服_无限元宝bt手游下载_BT手游中心-最笨下载"跳转正常,该类元素共13个，当前第9个
2020-07-31 19:07:40,492 - basepage - INFO - Click back on current page.
2020-07-31 19:07:49,127 - 2 - INFO - 页面"变态手游公益服_bt手游变态服_无限元宝bt手游下载_BT手游中心-最笨下载"跳转正常,该类元素共13个，当前第10个
2020-07-31 19:07:49,535 - basepage - INFO - Click back on current page.
2020-07-31 19:07:58,035 - 2 - INFO - 页面"变态手游公益服_bt手游变态服_无限元宝bt手游下载_BT手游中心-最笨下载"跳转正常,该类元素共13个，当前第11个
2020-07-31 19:07:58,453 - basepage - INFO - Click back on current page.
2020-07-31 19:08:06,495 - 2 - ERROR - 页面"404-最笨下载"跳转异常,该类元素共13个，当前第12个
2020-07-31 19:08:07,025 - basepage - INFO - Click back on current page.
2020-07-31 19:08:15,731 - 2 - INFO - 页面"变态手游公益服_bt手游变态服_无限元宝bt手游下载_BT手游中心-最笨下载"跳转正常,该类元素共13个，当前第13个
2020-07-31 19:08:15,992 - basepage - INFO - Click back on current page.
2020-07-31 19:08:24,351 - 2 - INFO - 页面"命运守护：战歌（送充值卡）_命运守护：战歌（送充值卡）无限元宝服_SF变态版命运守护：战歌（送充值卡）公益服下载 - 最笨下载"跳转正常,该类元素共18个，当前第1个
2020-07-31 19:08:30,511 - 2 - INFO - 页面"西游女儿国（折扣特权）_西游女儿国（折扣特权）无限元宝服_SF变态版西游女儿国（折扣特权）公益服下载 - 最笨下载"跳转正常,该类元素共18个，当前第2个
2020-07-31 19:08:36,665 - 2 - INFO - 页面"剑舞乾坤（折扣特权）_剑舞乾坤（折扣特权）无限元宝服_SF变态版剑舞乾坤（折扣特权）公益服下载 - 最笨下载"跳转正常,该类元素共18个，当前第3个
2020-07-31 19:08:42,833 - 2 - INFO - 页面"正义荣耀（百抽特权）_正义荣耀（百抽特权）无限元宝服_SF变态版正义荣耀（百抽特权）公益服下载 - 最笨下载"跳转正常,该类元素共18个，当前第4个
2020-07-31 19:08:48,964 - 2 - INFO - 页面"江湖风云（内测）_江湖风云（内测）无限元宝服_SF变态版江湖风云（内测）公益服下载 - 最笨下载"跳转正常,该类元素共18个，当前第5个
2020-07-31 19:08:55,113 - 2 - INFO - 页面"修罗道Online（忍界对决）_修罗道Online（忍界对决）无限元宝服_SF变态版修罗道Online（忍界对决）公益服下载 - 最笨下载"跳转正常,该类元素共18个，当前第6个
2020-07-31 19:09:01,239 - 2 - INFO - 页面"暴走神话_暴走神话无限元宝服_SF变态版暴走神话公益服下载 - 最笨下载"跳转正常,该类元素共18个，当前第7个
2020-07-31 19:09:07,390 - 2 - INFO - 页面"霸气英雄（送梅利号）_霸气英雄（送梅利号）无限元宝服_SF变态版霸气英雄（送梅利号）公益服下载 - 最笨下载"跳转正常,该类元素共18个，当前第8个
2020-07-31 19:09:13,534 - 2 - INFO - 页面"斗圣传说（送两千白漂）_斗圣传说（送两千白漂）无限元宝服_SF变态版斗圣传说（送两千白漂）公益服下载 - 最笨下载"跳转正常,该类元素共18个，当前第9个
2020-07-31 19:09:19,660 - 2 - INFO - 页面"无界（送千元万抽）_无界（送千元万抽）无限元宝服_SF变态版无界（送千元万抽）公益服下载 - 最笨下载"跳转正常,该类元素共18个，当前第10个
2020-07-31 19:09:25,793 - 2 - INFO - 页面"碉堡三国（送1亿元宝）_碉堡三国（送1亿元宝）无限元宝服_SF变态版碉堡三国（送1亿元宝）公益服下载 - 最笨下载"跳转正常,该类元素共18个，当前第11个
2020-07-31 19:09:31,953 - 2 - INFO - 页面"无双魏蜀吴（折扣特权）_无双魏蜀吴（折扣特权）无限元宝服_SF变态版无双魏蜀吴（折扣特权）公益服下载 - 最笨下载"跳转正常,该类元素共18个，当前第12个
2020-07-31 19:09:38,119 - 2 - INFO - 页面"乱斗三国_乱斗三国无限元宝服_SF变态版乱斗三国公益服下载 - 最笨下载"跳转正常,该类元素共18个，当前第13个
2020-07-31 19:09:44,279 - 2 - INFO - 页面"兵器少女（无门槛送充）_兵器少女（无门槛送充）无限元宝服_SF变态版兵器少女（无门槛送充）公益服下载 - 最笨下载"跳转正常,该类元素共18个，当前第14个
2020-07-31 19:09:50,443 - 2 - INFO - 页面"塔防镇魂师（送328代金券）_塔防镇魂师（送328代金券）无限元宝服_SF变态版塔防镇魂师（送328代金券）公益服下载 - 最笨下载"跳转正常,该类元素共18个，当前第15个
2020-07-31 19:09:56,621 - 2 - INFO - 页面"恋三国（送百抽）_恋三国（送百抽）无限元宝服_SF变态版恋三国（送百抽）公益服下载 - 最笨下载"跳转正常,该类元素共18个，当前第16个
2020-07-31 19:10:02,776 - 2 - INFO - 页面"风云天下·重燃（海量抽充值）_风云天下·重燃（海量抽充值）无限元宝服_SF变态版风云天下·重燃（海量抽充值）公益服下载 - 最笨下载"跳转正常,该类元素共18个，当前第17个
2020-07-31 19:10:08,922 - 2 - INFO - 页面"一剑成仙（海量打金）_一剑成仙（海量打金）无限元宝服_SF变态版一剑成仙（海量打金）公益服下载 - 最笨下载"跳转正常,该类元素共18个，当前第18个
2020-07-31 19:10:16,814 - 2 - INFO - 页面"满vip版手游_手游sf送顶级vip_满级vip无限元宝手游下载-最笨下载"跳转正常,该类元素共13个，当前第1个
2020-07-31 19:10:17,070 - basepage - INFO - Click back on current page.
2020-07-31 19:10:25,591 - 2 - INFO - 页面"满vip版手游_手游sf送顶级vip_满级vip无限元宝手游下载-最笨下载"跳转正常,该类元素共13个，当前第2个
2020-07-31 19:10:25,989 - basepage - INFO - Click back on current page.
2020-07-31 19:10:34,737 - 2 - INFO - 页面"满vip版手游_手游sf送顶级vip_满级vip无限元宝手游下载-最笨下载"跳转正常,该类元素共13个，当前第3个
2020-07-31 19:10:35,101 - basepage - INFO - Click back on current page.
2020-07-31 19:10:43,787 - 2 - INFO - 页面"满vip版手游_手游sf送顶级vip_满级vip无限元宝手游下载-最笨下载"跳转正常,该类元素共13个，当前第4个
2020-07-31 19:10:44,053 - basepage - INFO - Click back on current page.
2020-07-31 19:10:52,759 - 2 - INFO - 页面"满vip版手游_手游sf送顶级vip_满级vip无限元宝手游下载-最笨下载"跳转正常,该类元素共13个，当前第5个
2020-07-31 19:10:53,136 - basepage - INFO - Click back on current page.
2020-07-31 19:11:01,596 - 2 - INFO - 页面"满vip版手游_手游sf送顶级vip_满级vip无限元宝手游下载-最笨下载"跳转正常,该类元素共13个，当前第6个
2020-07-31 19:11:01,885 - basepage - INFO - Click back on current page.
2020-07-31 19:11:10,378 - 2 - INFO - 页面"满vip版手游_手游sf送顶级vip_满级vip无限元宝手游下载-最笨下载"跳转正常,该类元素共13个，当前第7个
2020-07-31 19:11:10,668 - basepage - INFO - Click back on current page.
2020-07-31 19:11:19,249 - 2 - INFO - 页面"满vip版手游_手游sf送顶级vip_满级vip无限元宝手游下载-最笨下载"跳转正常,该类元素共13个，当前第8个
2020-07-31 19:11:19,672 - basepage - INFO - Click back on current page.
2020-07-31 19:11:28,493 - 2 - INFO - 页面"满vip版手游_手游sf送顶级vip_满级vip无限元宝手游下载-最笨下载"跳转正常,该类元素共13个，当前第9个
2020-07-31 19:11:29,105 - basepage - INFO - Click back on current page.
2020-07-31 19:11:37,834 - 2 - INFO - 页面"满vip版手游_手游sf送顶级vip_满级vip无限元宝手游下载-最笨下载"跳转正常,该类元素共13个，当前第10个
2020-07-31 19:11:38,119 - basepage - INFO - Click back on current page.
2020-07-31 19:11:46,071 - 2 - INFO - 页面"满vip版手游_手游sf送顶级vip_满级vip无限元宝手游下载-最笨下载"跳转正常,该类元素共13个，当前第11个
2020-07-31 19:11:46,353 - basepage - INFO - Click back on current page.
2020-07-31 19:11:53,118 - 2 - ERROR - 页面"404-最笨下载"跳转异常,该类元素共13个，当前第12个
2020-07-31 19:11:53,831 - basepage - INFO - Click back on current page.
2020-07-31 19:12:02,659 - 2 - INFO - 页面"满vip版手游_手游sf送顶级vip_满级vip无限元宝手游下载-最笨下载"跳转正常,该类元素共13个，当前第13个
2020-07-31 19:12:03,087 - basepage - INFO - Click back on current page.
2020-07-31 19:12:11,483 - 2 - INFO - 页面"破坏神（星耀特权）_破坏神（星耀特权）无限元宝服_SF变态版破坏神（星耀特权）公益服下载 - 最笨下载"跳转正常,该类元素共18个，当前第1个
2020-07-31 19:12:17,648 - 2 - INFO - 页面"影刃传说（天天送千充）_影刃传说（天天送千充）无限元宝服_SF变态版影刃传说（天天送千充）公益服下载 - 最笨下载"跳转正常,该类元素共18个，当前第2个
2020-07-31 19:12:23,806 - 2 - INFO - 页面"跑跑西游（送海量真充）_跑跑西游（送海量真充）无限元宝服_SF变态版跑跑西游（送海量真充）公益服下载 - 最笨下载"跳转正常,该类元素共18个，当前第3个
2020-07-31 19:12:29,974 - 2 - INFO - 页面"霸王传（送海量充值）_霸王传（送海量充值）无限元宝服_SF变态版霸王传（送海量充值）公益服下载 - 最笨下载"跳转正常,该类元素共18个，当前第4个
2020-07-31 19:12:36,104 - 2 - INFO - 页面"美人传（美人百抽）_美人传（美人百抽）无限元宝服_SF变态版美人传（美人百抽）公益服下载 - 最笨下载"跳转正常,该类元素共18个，当前第5个
2020-07-31 19:12:42,227 - 2 - INFO - 页面"侠客游（海量元宝）_侠客游（海量元宝）无限元宝服_SF变态版侠客游（海量元宝）公益服下载 - 最笨下载"跳转正常,该类元素共18个，当前第6个
2020-07-31 19:12:48,350 - 2 - INFO - 页面"混沌西游（星耀送充值）_混沌西游（星耀送充值）无限元宝服_SF变态版混沌西游（星耀送充值）公益服下载 - 最笨下载"跳转正常,该类元素共18个，当前第7个
2020-07-31 19:12:54,484 - 2 - INFO - 页面"裁决王座（定制商城）_裁决王座（定制商城）无限元宝服_SF变态版裁决王座（定制商城）公益服下载 - 最笨下载"跳转正常,该类元素共18个，当前第8个
2020-07-31 19:13:00,646 - 2 - INFO - 页面"真江湖HD（星耀特权）_真江湖HD（星耀特权）无限元宝服_SF变态版真江湖HD（星耀特权）公益服下载 - 最笨下载"跳转正常,该类元素共18个，当前第9个
2020-07-31 19:13:06,797 - 2 - INFO - 页面"刀塔守卫战_刀塔守卫战无限元宝服_SF变态版刀塔守卫战公益服下载 - 最笨下载"跳转正常,该类元素共18个，当前第10个
2020-07-31 19:13:12,946 - 2 - INFO - 页面"狂神无双（送千元充值）_狂神无双（送千元充值）无限元宝服_SF变态版狂神无双（送千元充值）公益服下载 - 最笨下载"跳转正常,该类元素共18个，当前第11个
2020-07-31 19:13:19,115 - 2 - INFO - 页面"屠龙世界（送GM特权）_屠龙世界（送GM特权）无限元宝服_SF变态版屠龙世界（送GM特权）公益服下载 - 最笨下载"跳转正常,该类元素共18个，当前第12个
2020-07-31 19:13:25,240 - 2 - INFO - 页面"将军道（送百连海量抽）_将军道（送百连海量抽）无限元宝服_SF变态版将军道（送百连海量抽）公益服下载 - 最笨下载"跳转正常,该类元素共18个，当前第13个
2020-07-31 19:13:31,404 - 2 - INFO - 页面"七战（无门槛送首充）_七战（无门槛送首充）无限元宝服_SF变态版七战（无门槛送首充）公益服下载 - 最笨下载"跳转正常,该类元素共18个，当前第14个
2020-07-31 19:13:37,548 - 2 - INFO - 页面"炼金国度（送1000元充值）_炼金国度（送1000元充值）无限元宝服_SF变态版炼金国度（送1000元充值）公益服下载 - 最笨下载"跳转正常,该类元素共18个，当前第15个
2020-07-31 19:13:43,683 - 2 - INFO - 页面"冒险王2（送海量充值）_冒险王2（送海量充值）无限元宝服_SF变态版冒险王2（送海量充值）公益服下载 - 最笨下载"跳转正常,该类元素共18个，当前第16个
2020-07-31 19:13:49,821 - 2 - INFO - 页面"帝国光辉（每日送1000R）_帝国光辉（每日送1000R）无限元宝服_SF变态版帝国光辉（每日送1000R）公益服下载 - 最笨下载"跳转正常,该类元素共18个，当前第17个
2020-07-31 19:13:55,973 - 2 - INFO - 页面"围攻大菠萝（送328充值）_围攻大菠萝（送328充值）无限元宝服_SF变态版围攻大菠萝（送328充值）公益服下载 - 最笨下载"跳转正常,该类元素共18个，当前第18个
2020-07-31 19:14:03,230 - 2 - INFO - 页面"gm版手游_无限元宝/钻石公益服_0元免费gm权限手游下载-最笨下载"跳转正常,该类元素共13个，当前第1个
2020-07-31 19:14:03,462 - basepage - INFO - Click back on current page.
2020-07-31 19:14:11,655 - 2 - INFO - 页面"gm版手游_无限元宝/钻石公益服_0元免费gm权限手游下载-最笨下载"跳转正常,该类元素共13个，当前第2个
2020-07-31 19:14:12,068 - basepage - INFO - Click back on current page.
2020-07-31 19:14:20,256 - 2 - INFO - 页面"gm版手游_无限元宝/钻石公益服_0元免费gm权限手游下载-最笨下载"跳转正常,该类元素共13个，当前第3个
2020-07-31 19:14:20,697 - basepage - INFO - Click back on current page.
2020-07-31 19:14:28,773 - 2 - INFO - 页面"gm版手游_无限元宝/钻石公益服_0元免费gm权限手游下载-最笨下载"跳转正常,该类元素共13个，当前第4个
2020-07-31 19:14:29,044 - basepage - INFO - Click back on current page.
2020-07-31 19:14:37,141 - 2 - INFO - 页面"gm版手游_无限元宝/钻石公益服_0元免费gm权限手游下载-最笨下载"跳转正常,该类元素共13个，当前第5个
2020-07-31 19:14:37,604 - basepage - INFO - Click back on current page.
2020-07-31 19:14:45,541 - 2 - INFO - 页面"gm版手游_无限元宝/钻石公益服_0元免费gm权限手游下载-最笨下载"跳转正常,该类元素共13个，当前第6个
2020-07-31 19:14:45,917 - basepage - INFO - Click back on current page.
2020-07-31 19:14:54,152 - 2 - INFO - 页面"gm版手游_无限元宝/钻石公益服_0元免费gm权限手游下载-最笨下载"跳转正常,该类元素共13个，当前第7个
2020-07-31 19:14:54,376 - basepage - INFO - Click back on current page.
2020-07-31 19:15:02,244 - 2 - INFO - 页面"gm版手游_无限元宝/钻石公益服_0元免费gm权限手游下载-最笨下载"跳转正常,该类元素共13个，当前第8个
2020-07-31 19:15:02,646 - basepage - INFO - Click back on current page.
2020-07-31 19:15:10,555 - 2 - INFO - 页面"gm版手游_无限元宝/钻石公益服_0元免费gm权限手游下载-最笨下载"跳转正常,该类元素共13个，当前第9个
2020-07-31 19:15:10,975 - basepage - INFO - Click back on current page.
2020-07-31 19:15:18,868 - 2 - INFO - 页面"gm版手游_无限元宝/钻石公益服_0元免费gm权限手游下载-最笨下载"跳转正常,该类元素共13个，当前第10个
2020-07-31 19:15:19,142 - basepage - INFO - Click back on current page.
2020-07-31 19:15:27,223 - 2 - INFO - 页面"gm版手游_无限元宝/钻石公益服_0元免费gm权限手游下载-最笨下载"跳转正常,该类元素共13个，当前第11个
2020-07-31 19:15:27,605 - basepage - INFO - Click back on current page.
2020-07-31 19:15:34,413 - 2 - ERROR - 页面"404-最笨下载"跳转异常,该类元素共13个，当前第12个
2020-07-31 19:15:34,926 - basepage - INFO - Click back on current page.
2020-07-31 19:15:42,802 - 2 - INFO - 页面"gm版手游_无限元宝/钻石公益服_0元免费gm权限手游下载-最笨下载"跳转正常,该类元素共13个，当前第13个
2020-07-31 19:15:43,143 - basepage - INFO - Click back on current page.
2020-07-31 19:15:51,496 - 2 - INFO - 页面"高达（GM版）_高达（GM版）免费gm权限安卓下载 - 最笨下载"跳转正常,该类元素共18个，当前第1个
2020-07-31 19:15:57,658 - 2 - INFO - 页面"暗黑王者（GM版）_暗黑王者（GM版）免费gm权限安卓下载 - 最笨下载"跳转正常,该类元素共18个，当前第2个
2020-07-31 19:16:03,828 - 2 - INFO - 页面"问鼎封神（GM版）_问鼎封神（GM版）免费gm权限安卓下载 - 最笨下载"跳转正常,该类元素共18个，当前第3个
2020-07-31 19:16:09,983 - 2 - INFO - 页面"仙剑轮回（GM版）_仙剑轮回（GM版）免费gm权限安卓下载 - 最笨下载"跳转正常,该类元素共18个，当前第4个
2020-07-31 19:16:16,138 - 2 - INFO - 页面"神道仙尊（GM版）_神道仙尊（GM版）免费gm权限安卓下载 - 最笨下载"跳转正常,该类元素共18个，当前第5个
2020-07-31 19:16:22,281 - 2 - INFO - 页面"大将无双（GM版）_大将无双（GM版）免费gm权限安卓下载 - 最笨下载"跳转正常,该类元素共18个，当前第6个
2020-07-31 19:16:28,428 - 2 - INFO - 页面"青云剑诀（GM版）_青云剑诀（GM版）免费gm权限安卓下载 - 最笨下载"跳转正常,该类元素共18个，当前第7个
2020-07-31 19:16:34,614 - 2 - INFO - 页面"寂灭剑诀（GM版）_寂灭剑诀（GM版）免费gm权限安卓下载 - 最笨下载"跳转正常,该类元素共18个，当前第8个
2020-07-31 19:16:40,782 - 2 - INFO - 页面"封神记（GM版）_封神记（GM版）免费gm权限安卓下载 - 最笨下载"跳转正常,该类元素共18个，当前第9个
2020-07-31 19:16:46,976 - 2 - INFO - 页面"豪门小老婆（GM版）_豪门小老婆（GM版）免费gm权限安卓下载 - 最笨下载"跳转正常,该类元素共18个，当前第10个
2020-07-31 19:16:53,149 - 2 - INFO - 页面"三生三誓青丘传（GM版）_三生三誓青丘传（GM版）免费gm权限安卓下载 - 最笨下载"跳转正常,该类元素共18个，当前第11个
2020-07-31 19:16:59,304 - 2 - INFO - 页面"毒尊三国（GM版）_毒尊三国（GM版）免费gm权限安卓下载 - 最笨下载"跳转正常,该类元素共18个，当前第12个
2020-07-31 19:17:05,480 - 2 - INFO - 页面"乱世神话（GM版）_乱世神话（GM版）免费gm权限安卓下载 - 最笨下载"跳转正常,该类元素共18个，当前第13个
2020-07-31 19:17:11,628 - 2 - INFO - 页面"天子问剑（GM版）_天子问剑（GM版）免费gm权限安卓下载 - 最笨下载"跳转正常,该类元素共18个，当前第14个
2020-07-31 19:17:17,756 - 2 - INFO - 页面"风云三国（GM版）_风云三国（GM版）免费gm权限安卓下载 - 最笨下载"跳转正常,该类元素共18个，当前第15个
2020-07-31 19:17:23,880 - 2 - INFO - 页面"古惑三国志（GM版）_古惑三国志（GM版）免费gm权限安卓下载 - 最笨下载"跳转正常,该类元素共18个，当前第16个
2020-07-31 19:17:30,062 - 2 - INFO - 页面"少年悟空传（GM版）_少年悟空传（GM版）免费gm权限安卓下载 - 最笨下载"跳转正常,该类元素共18个，当前第17个
2020-07-31 19:17:36,230 - 2 - INFO - 页面"诛神之战（GM版）_诛神之战（GM版）免费gm权限安卓下载 - 最笨下载"跳转正常,该类元素共18个，当前第18个
2020-07-31 19:17:43,572 - 2 - INFO - 页面"免费权限GM游戏"跳转正常,该类元素共4个，当前第1个
2020-07-31 19:17:43,821 - basepage - INFO - Click back on current page.
2020-07-31 19:17:49,023 - 2 - INFO - 页面"聊天回复神器合集"跳转正常,该类元素共4个，当前第2个
2020-07-31 19:17:49,464 - basepage - INFO - Click back on current page.
2020-07-31 19:17:56,272 - 2 - INFO - 页面"超变私服传奇一刀999999级"跳转正常,该类元素共4个，当前第3个
2020-07-31 19:17:56,539 - basepage - INFO - Click back on current page.
2020-07-31 19:18:02,591 - 2 - INFO - 页面"美女爆衣游戏手游"跳转正常,该类元素共4个，当前第4个
2020-07-31 19:18:03,108 - basepage - INFO - Click back on current page.
2020-07-31 19:18:11,503 - 2 - INFO - 页面"【苹果播放器】iPhone手机播放器,iPhone播放器免费下载大全-最笨下载"跳转正常,该类元素共20个，当前第1个
2020-07-31 19:18:12,036 - basepage - INFO - Click back on current page.
2020-07-31 19:18:19,686 - 2 - INFO - 页面"【苹果学习软件】iPhone手机学习软件_iPhone学习软件免费下载大全-最笨下载"跳转正常,该类元素共20个，当前第2个
2020-07-31 19:18:20,154 - basepage - INFO - Click back on current page.
2020-07-31 19:18:27,681 - 2 - INFO - 页面"【苹果辅助软件】iPhone手机辅助软件_iPhone辅助软件免费下载大全-最笨下载"跳转正常,该类元素共20个，当前第3个
2020-07-31 19:18:28,066 - basepage - INFO - Click back on current page.
2020-07-31 19:18:35,659 - 2 - INFO - 页面"【苹果输入法】iPhone手机输入法_iPhone输入法免费下载大全-最笨下载"跳转正常,该类元素共20个，当前第4个
2020-07-31 19:18:36,264 - basepage - INFO - Click back on current page.
2020-07-31 19:18:43,616 - 2 - INFO - 页面"【苹果通信软件】iPhone手机通信软件_iPhone通信软件免费下载大全-最笨下载"跳转正常,该类元素共20个，当前第5个
2020-07-31 19:18:43,894 - basepage - INFO - Click back on current page.
2020-07-31 19:18:50,768 - 2 - INFO - 页面"【苹果固件】iPhone手机固件软件_iPhone固件软件免费下载大全-最笨下载"跳转正常,该类元素共20个，当前第6个
2020-07-31 19:18:51,071 - basepage - INFO - Click back on current page.
2020-07-31 19:18:58,047 - 2 - INFO - 页面"【苹果文件管理软件】iPhone手机文件管理软件_iPhone文件管理软件免费下载大全-最笨下载"跳转正常,该类元素共20个，当前第7个
2020-07-31 19:18:58,574 - basepage - INFO - Click back on current page.
2020-07-31 19:19:05,671 - 2 - INFO - 页面"【苹果同步软件】iPhone手机同步软件_iPhone同步软件免费下载大全-最笨下载"跳转正常,该类元素共20个，当前第8个
2020-07-31 19:19:05,990 - basepage - INFO - Click back on current page.
2020-07-31 19:19:13,256 - 2 - INFO - 页面"【苹果办公软件】iPhone手机办公软件_iPhone办公软件免费下载大全-最笨下载"跳转正常,该类元素共20个，当前第9个
2020-07-31 19:19:13,525 - basepage - INFO - Click back on current page.
2020-07-31 19:19:21,058 - 2 - INFO - 页面"【苹果新闻软件】iPhone手机新闻软件_iPhone新闻软件免费下载大全-最笨下载"跳转正常,该类元素共20个，当前第10个
2020-07-31 19:19:21,663 - basepage - INFO - Click back on current page.
2020-07-31 19:19:29,124 - 2 - INFO - 页面"【苹果理财软件】iPhone手机理财软件_iPhone理财软件免费下载大全-最笨下载"跳转正常,该类元素共20个，当前第11个
2020-07-31 19:19:29,541 - basepage - INFO - Click back on current page.
2020-07-31 19:19:36,878 - 2 - INFO - 页面"【苹果备份软件】iPhone手机备份软件_iPhone备份软件免费下载大全-最笨下载"跳转正常,该类元素共20个，当前第12个
2020-07-31 19:19:37,170 - basepage - INFO - Click back on current page.
2020-07-31 19:19:44,156 - 2 - INFO - 页面"【苹果健身软件】iPhone手机健身软件_iPhone健身软件免费下载大全-最笨下载"跳转正常,该类元素共20个，当前第13个
2020-07-31 19:19:44,828 - basepage - INFO - Click back on current page.
2020-07-31 19:19:52,251 - 2 - INFO - 页面"【苹果健康管理软件】iPhone手机健康管理软件_iPhone健康管理软件免费下载大全-最笨下载"跳转正常,该类元素共20个，当前第14个
2020-07-31 19:19:52,560 - basepage - INFO - Click back on current page.
2020-07-31 19:19:59,531 - 2 - INFO - 页面"【苹果系统软件】iPhone手机系统软件_iPhone系统软件免费下载大全-最笨下载"跳转正常,该类元素共20个，当前第15个
2020-07-31 19:19:59,787 - basepage - INFO - Click back on current page.
2020-07-31 19:20:07,164 - 2 - INFO - 页面"【苹果社交软件】iphone手机社交软件_iphone社交软件免费下载大全-最笨下载"跳转正常,该类元素共20个，当前第16个
2020-07-31 19:20:07,688 - basepage - INFO - Click back on current page.
2020-07-31 19:20:14,736 - 2 - INFO - 页面"【苹果娱乐软件】iPhone手机娱乐软件_iPhone娱乐软件免费下载大全-最笨下载"跳转正常,该类元素共20个，当前第17个
2020-07-31 19:20:15,104 - basepage - INFO - Click back on current page.
2020-07-31 19:20:22,091 - 2 - INFO - 页面"【苹果导航】iPhone手机导航软件,iPhone导航软件免费下载大全-最笨下载"跳转正常,该类元素共20个，当前第18个
2020-07-31 19:20:22,377 - basepage - INFO - Click back on current page.
2020-07-31 19:20:29,803 - 2 - INFO - 页面"【苹果网络软件】iPhone手机网络软件,iPhone网络软件免费下载大全-最笨下载"跳转正常,该类元素共20个，当前第19个
2020-07-31 19:20:30,338 - basepage - INFO - Click back on current page.
2020-07-31 19:20:37,519 - 2 - INFO - 页面"【苹果助手软件】iPhone生活助手软件_iPhone生活助手软件免费下载大全-最笨下载"跳转正常,该类元素共20个，当前第20个
2020-07-31 19:20:37,769 - basepage - INFO - Click back on current page.
2020-07-31 19:20:46,141 - 2 - INFO - 页面"安致手游盒子ios版_安致手游盒子ios版下载_安致手游盒子ios版官方下载-最笨下载"跳转正常,该类元素共18个，当前第1个
2020-07-31 19:20:52,286 - 2 - INFO - 页面"爪游控游戏盒子ios版_爪游控游戏盒子ios版下载_爪游控游戏盒子ios版官方下载-最笨下载"跳转正常,该类元素共18个，当前第2个
2020-07-31 19:20:58,450 - 2 - INFO - 页面"手机玩盒子ios版_手机玩盒子ios版下载_手机玩盒子ios版官方下载-最笨下载"跳转正常,该类元素共18个，当前第3个
2020-07-31 19:21:04,629 - 2 - INFO - 页面"蜜小助ios版_蜜小助ios版下载_蜜小助ios版官方下载-最笨下载"跳转正常,该类元素共18个，当前第4个
2020-07-31 19:21:10,768 - 2 - INFO - 页面"BT游戏大全ios_BT游戏大全ios下载_BT游戏大全ios官方下载-最笨下载"跳转正常,该类元素共18个，当前第5个
2020-07-31 19:21:16,930 - 2 - INFO - 页面"小8游戏盒子ios_小8游戏盒子ios下载_小8游戏盒子ios官方下载-最笨下载"跳转正常,该类元素共18个，当前第6个
2020-07-31 19:21:23,115 - 2 - INFO - 页面"安卓市场ios版_安卓市场ios版下载_安卓市场ios版官方下载-最笨下载"跳转正常,该类元素共18个，当前第7个
2020-07-31 19:21:29,286 - 2 - INFO - 页面"剪映_剪映下载_剪映官方下载-最笨下载"跳转正常,该类元素共18个，当前第8个
2020-07-31 19:21:35,432 - 2 - INFO - 页面"吾爱看书ios版_吾爱看书ios版下载_吾爱看书ios版官方下载-最笨下载"跳转正常,该类元素共18个，当前第9个
2020-07-31 19:21:41,581 - 2 - INFO - 页面"7743游戏平台_7743游戏平台下载_7743游戏平台官方下载-最笨下载"跳转正常,该类元素共18个，当前第10个
2020-07-31 19:21:47,704 - 2 - INFO - 页面"搜书帝ios_搜书帝ios下载_搜书帝ios官方下载-最笨下载"跳转正常,该类元素共18个，当前第11个
2020-07-31 19:21:53,836 - 2 - INFO - 页面"大塘小鱼_大塘小鱼下载_大塘小鱼官方下载-最笨下载"跳转正常,该类元素共18个，当前第12个
2020-07-31 19:21:59,978 - 2 - INFO - 页面"花溪小说_花溪小说下载_花溪小说官方下载-最笨下载"跳转正常,该类元素共18个，当前第13个
2020-07-31 19:22:06,125 - 2 - INFO - 页面"手译_手译下载_手译官方下载-最笨下载"跳转正常,该类元素共18个，当前第14个
2020-07-31 19:22:12,287 - 2 - INFO - 页面"sjcam_sjcam下载_sjcam官方下载-最笨下载"跳转正常,该类元素共18个，当前第15个
2020-07-31 19:22:18,447 - 2 - INFO - 页面"WearHeart_WearHeart下载_WearHeart官方下载-最笨下载"跳转正常,该类元素共18个，当前第16个
2020-07-31 19:22:24,581 - 2 - INFO - 页面"仓鼠阅读_仓鼠阅读下载_仓鼠阅读官方下载-最笨下载"跳转正常,该类元素共18个，当前第17个
2020-07-31 19:22:30,748 - 2 - INFO - 页面"漫番漫画_漫番漫画下载_漫番漫画官方下载-最笨下载"跳转正常,该类元素共18个，当前第18个
2020-07-31 19:22:38,124 - 2 - INFO - 页面"变态手游公益服_bt手游变态服_无限元宝bt手游下载_BT手游中心-最笨下载"跳转正常,该类元素共13个，当前第1个
2020-07-31 19:22:38,410 - basepage - INFO - Click back on current page.
2020-07-31 19:22:46,499 - 2 - INFO - 页面"变态手游公益服_bt手游变态服_无限元宝bt手游下载_BT手游中心-最笨下载"跳转正常,该类元素共13个，当前第2个
2020-07-31 19:22:46,947 - basepage - INFO - Click back on current page.
2020-07-31 19:22:55,648 - 2 - INFO - 页面"变态手游公益服_bt手游变态服_无限元宝bt手游下载_BT手游中心-最笨下载"跳转正常,该类元素共13个，当前第3个
2020-07-31 19:22:56,251 - basepage - INFO - Click back on current page.
2020-07-31 19:23:04,786 - 2 - INFO - 页面"变态手游公益服_bt手游变态服_无限元宝bt手游下载_BT手游中心-最笨下载"跳转正常,该类元素共13个，当前第4个
2020-07-31 19:23:05,047 - basepage - INFO - Click back on current page.
2020-07-31 19:23:12,957 - 2 - INFO - 页面"变态手游公益服_bt手游变态服_无限元宝bt手游下载_BT手游中心-最笨下载"跳转正常,该类元素共13个，当前第5个
2020-07-31 19:23:13,385 - basepage - INFO - Click back on current page.
2020-07-31 19:23:21,377 - 2 - INFO - 页面"变态手游公益服_bt手游变态服_无限元宝bt手游下载_BT手游中心-最笨下载"跳转正常,该类元素共13个，当前第6个
2020-07-31 19:23:21,849 - basepage - INFO - Click back on current page.
2020-07-31 19:23:30,733 - 2 - INFO - 页面"变态手游公益服_bt手游变态服_无限元宝bt手游下载_BT手游中心-最笨下载"跳转正常,该类元素共13个，当前第7个
2020-07-31 19:23:30,962 - basepage - INFO - Click back on current page.
2020-07-31 19:23:38,874 - 2 - INFO - 页面"变态手游公益服_bt手游变态服_无限元宝bt手游下载_BT手游中心-最笨下载"跳转正常,该类元素共13个，当前第8个
2020-07-31 19:23:39,350 - basepage - INFO - Click back on current page.
2020-07-31 19:23:47,572 - 2 - INFO - 页面"变态手游公益服_bt手游变态服_无限元宝bt手游下载_BT手游中心-最笨下载"跳转正常,该类元素共13个，当前第9个
2020-07-31 19:23:48,046 - basepage - INFO - Click back on current page.
2020-07-31 19:23:56,057 - 2 - INFO - 页面"变态手游公益服_bt手游变态服_无限元宝bt手游下载_BT手游中心-最笨下载"跳转正常,该类元素共13个，当前第10个
2020-07-31 19:23:56,319 - basepage - INFO - Click back on current page.
2020-07-31 19:24:04,598 - 2 - INFO - 页面"变态手游公益服_bt手游变态服_无限元宝bt手游下载_BT手游中心-最笨下载"跳转正常,该类元素共13个，当前第11个
2020-07-31 19:24:05,178 - basepage - INFO - Click back on current page.
2020-07-31 19:24:12,011 - 2 - ERROR - 页面"404-最笨下载"跳转异常,该类元素共13个，当前第12个
2020-07-31 19:24:12,527 - basepage - INFO - Click back on current page.
2020-07-31 19:24:21,323 - 2 - INFO - 页面"变态手游公益服_bt手游变态服_无限元宝bt手游下载_BT手游中心-最笨下载"跳转正常,该类元素共13个，当前第13个
2020-07-31 19:24:21,686 - basepage - INFO - Click back on current page.
2020-07-31 19:24:30,033 - 2 - INFO - 页面"无双魏蜀吴（折扣特权）_无双魏蜀吴（折扣特权）无限元宝服_SF变态版无双魏蜀吴（折扣特权）公益服下载 - 最笨下载"跳转正常,该类元素共18个，当前第1个
2020-07-31 19:24:36,202 - 2 - INFO - 页面"兵器少女（无门槛送充）_兵器少女（无门槛送充）无限元宝服_SF变态版兵器少女（无门槛送充）公益服下载 - 最笨下载"跳转正常,该类元素共18个，当前第2个
2020-07-31 19:24:42,360 - 2 - INFO - 页面"乱斗三国_乱斗三国无限元宝服_SF变态版乱斗三国公益服下载 - 最笨下载"跳转正常,该类元素共18个，当前第3个
2020-07-31 19:24:48,509 - 2 - INFO - 页面"塔防镇魂师（送328代金券）_塔防镇魂师（送328代金券）无限元宝服_SF变态版塔防镇魂师（送328代金券）公益服下载 - 最笨下载"跳转正常,该类元素共18个，当前第4个
2020-07-31 19:24:58,027 - 2 - INFO - 页面"恋三国（送百抽）_恋三国（送百抽）无限元宝服_SF变态版恋三国（送百抽）公益服下载 - 最笨下载"跳转正常,该类元素共18个，当前第5个
2020-07-31 19:25:04,181 - 2 - INFO - 页面"风云天下·重燃（海量抽充值）_风云天下·重燃（海量抽充值）无限元宝服_SF变态版风云天下·重燃（海量抽充值）公益服下载 - 最笨下载"跳转正常,该类元素共18个，当前第6个
2020-07-31 19:25:10,332 - 2 - INFO - 页面"一剑成仙（海量打金）_一剑成仙（海量打金）无限元宝服_SF变态版一剑成仙（海量打金）公益服下载 - 最笨下载"跳转正常,该类元素共18个，当前第7个
2020-07-31 19:25:16,455 - 2 - INFO - 页面"天域幻想（送海量充值）_天域幻想（送海量充值）无限元宝服_SF变态版天域幻想（送海量充值）公益服下载 - 最笨下载"跳转正常,该类元素共18个，当前第8个
2020-07-31 19:25:22,582 - 2 - INFO - 页面"修仙无双（折扣特权）_修仙无双（折扣特权）无限元宝服_SF变态版修仙无双（折扣特权）公益服下载 - 最笨下载"跳转正常,该类元素共18个，当前第9个
2020-07-31 19:25:28,713 - 2 - INFO - 页面"天诀_天诀无限元宝服_SF变态版天诀公益服下载 - 最笨下载"跳转正常,该类元素共18个，当前第10个
2020-07-31 19:25:34,842 - 2 - INFO - 页面"乱世江湖（卖血送真充）_乱世江湖（卖血送真充）无限元宝服_SF变态版乱世江湖（卖血送真充）公益服下载 - 最笨下载"跳转正常,该类元素共18个，当前第11个
2020-07-31 19:25:40,988 - 2 - INFO - 页面"联盟契约（送神将百抽）_联盟契约（送神将百抽）无限元宝服_SF变态版联盟契约（送神将百抽）公益服下载 - 最笨下载"跳转正常,该类元素共18个，当前第12个
2020-07-31 19:25:47,139 - 2 - INFO - 页面"九灵神域_九灵神域无限元宝服_SF变态版九灵神域公益服下载 - 最笨下载"跳转正常,该类元素共18个，当前第13个
2020-07-31 19:25:53,262 - 2 - INFO - 页面"教主之家（至尊特权）_教主之家（至尊特权）无限元宝服_SF变态版教主之家（至尊特权）公益服下载 - 最笨下载"跳转正常,该类元素共18个，当前第14个
2020-07-31 19:25:59,392 - 2 - INFO - 页面"魔星狂点（送海量连抽）_魔星狂点（送海量连抽）无限元宝服_SF变态版魔星狂点（送海量连抽）公益服下载 - 最笨下载"跳转正常,该类元素共18个，当前第15个
2020-07-31 19:26:05,518 - 2 - INFO - 页面"主公别闹_主公别闹无限元宝服_SF变态版主公别闹公益服下载 - 最笨下载"跳转正常,该类元素共18个，当前第16个
2020-07-31 19:26:11,674 - 2 - INFO - 页面"全民祖玛（爆装加强版）_全民祖玛（爆装加强版）无限元宝服_SF变态版全民祖玛（爆装加强版）公益服下载 - 最笨下载"跳转正常,该类元素共18个，当前第17个
2020-07-31 19:26:17,801 - 2 - INFO - 页面"天天怼三国（送千元充值）_天天怼三国（送千元充值）无限元宝服_SF变态版天天怼三国（送千元充值）公益服下载 - 最笨下载"跳转正常,该类元素共18个，当前第18个
2020-07-31 19:26:24,994 - 2 - INFO - 页面"满vip版手游_手游sf送顶级vip_满级vip无限元宝手游下载-最笨下载"跳转正常,该类元素共13个，当前第1个
2020-07-31 19:26:25,245 - basepage - INFO - Click back on current page.
2020-07-31 19:26:33,167 - 2 - INFO - 页面"满vip版手游_手游sf送顶级vip_满级vip无限元宝手游下载-最笨下载"跳转正常,该类元素共13个，当前第2个
2020-07-31 19:26:33,580 - basepage - INFO - Click back on current page.
2020-07-31 19:26:41,735 - 2 - INFO - 页面"满vip版手游_手游sf送顶级vip_满级vip无限元宝手游下载-最笨下载"跳转正常,该类元素共13个，当前第3个
2020-07-31 19:26:42,207 - basepage - INFO - Click back on current page.
2020-07-31 19:26:50,253 - 2 - INFO - 页面"满vip版手游_手游sf送顶级vip_满级vip无限元宝手游下载-最笨下载"跳转正常,该类元素共13个，当前第4个
2020-07-31 19:26:50,518 - basepage - INFO - Click back on current page.
2020-07-31 19:26:58,432 - 2 - INFO - 页面"满vip版手游_手游sf送顶级vip_满级vip无限元宝手游下载-最笨下载"跳转正常,该类元素共13个，当前第5个
2020-07-31 19:26:58,826 - basepage - INFO - Click back on current page.
2020-07-31 19:27:07,013 - 2 - INFO - 页面"满vip版手游_手游sf送顶级vip_满级vip无限元宝手游下载-最笨下载"跳转正常,该类元素共13个，当前第6个
2020-07-31 19:27:07,509 - basepage - INFO - Click back on current page.
2020-07-31 19:27:15,680 - 2 - INFO - 页面"满vip版手游_手游sf送顶级vip_满级vip无限元宝手游下载-最笨下载"跳转正常,该类元素共13个，当前第7个
2020-07-31 19:27:15,951 - basepage - INFO - Click back on current page.
2020-07-31 19:27:24,404 - 2 - INFO - 页面"满vip版手游_手游sf送顶级vip_满级vip无限元宝手游下载-最笨下载"跳转正常,该类元素共13个，当前第8个
2020-07-31 19:27:24,790 - basepage - INFO - Click back on current page.
2020-07-31 19:27:32,873 - 2 - INFO - 页面"满vip版手游_手游sf送顶级vip_满级vip无限元宝手游下载-最笨下载"跳转正常,该类元素共13个，当前第9个
2020-07-31 19:27:33,303 - basepage - INFO - Click back on current page.
2020-07-31 19:27:41,299 - 2 - INFO - 页面"满vip版手游_手游sf送顶级vip_满级vip无限元宝手游下载-最笨下载"跳转正常,该类元素共13个，当前第10个
2020-07-31 19:27:41,612 - basepage - INFO - Click back on current page.
2020-07-31 19:27:49,548 - 2 - INFO - 页面"满vip版手游_手游sf送顶级vip_满级vip无限元宝手游下载-最笨下载"跳转正常,该类元素共13个，当前第11个
2020-07-31 19:27:50,020 - basepage - INFO - Click back on current page.
2020-07-31 19:27:56,779 - 2 - ERROR - 页面"404-最笨下载"跳转异常,该类元素共13个，当前第12个
2020-07-31 19:27:57,303 - basepage - INFO - Click back on current page.
2020-07-31 19:28:05,911 - 2 - INFO - 页面"满vip版手游_手游sf送顶级vip_满级vip无限元宝手游下载-最笨下载"跳转正常,该类元素共13个，当前第13个
2020-07-31 19:28:06,201 - basepage - INFO - Click back on current page.
2020-07-31 19:28:14,586 - 2 - INFO - 页面"屠龙世界（送GM特权）_屠龙世界（送GM特权）无限元宝服_SF变态版屠龙世界（送GM特权）公益服下载 - 最笨下载"跳转正常,该类元素共18个，当前第1个
2020-07-31 19:28:20,775 - 2 - INFO - 页面"将军道（送百连海量抽）_将军道（送百连海量抽）无限元宝服_SF变态版将军道（送百连海量抽）公益服下载 - 最笨下载"跳转正常,该类元素共18个，当前第2个
2020-07-31 19:28:26,920 - 2 - INFO - 页面"七战（无门槛送首充）_七战（无门槛送首充）无限元宝服_SF变态版七战（无门槛送首充）公益服下载 - 最笨下载"跳转正常,该类元素共18个，当前第3个
2020-07-31 19:28:33,042 - 2 - INFO - 页面"炼金国度（送1000元充值）_炼金国度（送1000元充值）无限元宝服_SF变态版炼金国度（送1000元充值）公益服下载 - 最笨下载"跳转正常,该类元素共18个，当前第4个
2020-07-31 19:28:39,165 - 2 - INFO - 页面"冒险王2（送海量充值）_冒险王2（送海量充值）无限元宝服_SF变态版冒险王2（送海量充值）公益服下载 - 最笨下载"跳转正常,该类元素共18个，当前第5个
2020-07-31 19:28:45,305 - 2 - INFO - 页面"帝国光辉（每日送1000R）_帝国光辉（每日送1000R）无限元宝服_SF变态版帝国光辉（每日送1000R）公益服下载 - 最笨下载"跳转正常,该类元素共18个，当前第6个
2020-07-31 19:28:51,495 - 2 - INFO - 页面"围攻大菠萝（送328充值）_围攻大菠萝（送328充值）无限元宝服_SF变态版围攻大菠萝（送328充值）公益服下载 - 最笨下载"跳转正常,该类元素共18个，当前第7个
2020-07-31 19:28:57,675 - 2 - INFO - 页面"女神联盟2（送500充值）_女神联盟2（送500充值）无限元宝服_SF变态版女神联盟2（送500充值）公益服下载 - 最笨下载"跳转正常,该类元素共18个，当前第8个
2020-07-31 19:29:03,855 - 2 - INFO - 页面"九天仙梦（商城特权）_九天仙梦（商城特权）无限元宝服_SF变态版九天仙梦（商城特权）公益服下载 - 最笨下载"跳转正常,该类元素共18个，当前第9个
2020-07-31 19:29:09,992 - 2 - INFO - 页面"仙剑缘（星耀特权）_仙剑缘（星耀特权）无限元宝服_SF变态版仙剑缘（星耀特权）公益服下载 - 最笨下载"跳转正常,该类元素共18个，当前第10个
2020-07-31 19:29:16,116 - 2 - INFO - 页面"我叫MT：奇幻之旅（送一万连抽）_我叫MT：奇幻之旅（送一万连抽）无限元宝服_SF变态版我叫MT：奇幻之旅（送一万连抽）公益服下载 - 最笨下载"跳转正常,该类元素共18个，当前第11个
2020-07-31 19:29:22,279 - 2 - INFO - 页面"天天驯兽师（每日送百抽）_天天驯兽师（每日送百抽）无限元宝服_SF变态版天天驯兽师（每日送百抽）公益服下载 - 最笨下载"跳转正常,该类元素共18个，当前第12个
2020-07-31 19:29:28,463 - 2 - INFO - 页面"神契幻奇谭（海量特权）_神契幻奇谭（海量特权）无限元宝服_SF变态版神契幻奇谭（海量特权）公益服下载 - 最笨下载"跳转正常,该类元素共18个，当前第13个
2020-07-31 19:29:34,617 - 2 - INFO - 页面"冒险者集结（送650充值）_冒险者集结（送650充值）无限元宝服_SF变态版冒险者集结（送650充值）公益服下载 - 最笨下载"跳转正常,该类元素共18个，当前第14个
2020-07-31 19:29:40,732 - 2 - INFO - 页面"御剑封神录（送海量充值）_御剑封神录（送海量充值）无限元宝服_SF变态版御剑封神录（送海量充值）公益服下载 - 最笨下载"跳转正常,该类元素共18个，当前第15个
2020-07-31 19:29:46,870 - 2 - INFO - 页面"无敌战舰（送百元充值）_无敌战舰（送百元充值）无限元宝服_SF变态版无敌战舰（送百元充值）公益服下载 - 最笨下载"跳转正常,该类元素共18个，当前第16个
2020-07-31 19:29:52,992 - 2 - INFO - 页面"孤龙山（送GM海量充）_孤龙山（送GM海量充）无限元宝服_SF变态版孤龙山（送GM海量充）公益服下载 - 最笨下载"跳转正常,该类元素共18个，当前第17个
2020-07-31 19:29:59,179 - 2 - INFO - 页面"圣痕觉醒（送万元充值）_圣痕觉醒（送万元充值）无限元宝服_SF变态版圣痕觉醒（送万元充值）公益服下载 - 最笨下载"跳转正常,该类元素共18个，当前第18个
2020-07-31 19:30:06,009 - 2 - INFO - 页面"【苹果益智休闲游戏】好玩的iPhone益智休闲游戏大全_iPhone益智休闲类游戏下载-最笨下载"跳转正常,该类元素共16个，当前第1个
2020-07-31 19:30:06,284 - basepage - INFO - Click back on current page.
2020-07-31 19:30:14,071 - 2 - INFO - 页面"【苹果其他游戏】好玩的iphone其他游戏大全_iphone其他类游戏下载-最笨下载"跳转正常,该类元素共16个，当前第2个
2020-07-31 19:30:14,562 - basepage - INFO - Click back on current page.
2020-07-31 19:30:22,058 - 2 - INFO - 页面"【苹果音乐游戏】好玩的iphone音乐游戏大全_iphone音乐类游戏下载-最笨下载"跳转正常,该类元素共16个，当前第3个
2020-07-31 19:30:22,360 - basepage - INFO - Click back on current page.
2020-07-31 19:30:29,885 - 2 - INFO - 页面"【苹果网络游戏】好玩的iphone网络游戏大全_iphone网络类游戏下载-最笨下载"跳转正常,该类元素共16个，当前第4个
2020-07-31 19:30:30,172 - basepage - INFO - Click back on current page.
2020-07-31 19:30:37,957 - 2 - INFO - 页面"【苹果格斗游戏】好玩的iPhone格斗游戏大全_iPhone格斗类游戏下载-最笨下载"跳转正常,该类元素共16个，当前第5个
2020-07-31 19:30:38,655 - basepage - INFO - Click back on current page.
2020-07-31 19:30:46,300 - 2 - INFO - 页面"【苹果飞行游戏】好玩的iPhone飞行游戏大全_iPhone飞行类游戏下载-最笨下载"跳转正常,该类元素共16个，当前第6个
2020-07-31 19:30:46,781 - basepage - INFO - Click back on current page.
2020-07-31 19:30:54,295 - 2 - INFO - 页面"【苹果体育运动游戏】好玩的iPhone体育运动游戏大全_iPhone体育运动类游戏下载-最笨下载"跳转正常,该类元素共16个，当前第7个
2020-07-31 19:30:54,583 - basepage - INFO - Click back on current page.
2020-07-31 19:31:02,321 - 2 - INFO - 页面"【苹果模拟经营游戏】好玩的iPhone模拟经营游戏大全_iPhone模拟经营类游戏下载-最笨下载"跳转正常,该类元素共16个，当前第8个
2020-07-31 19:31:02,776 - basepage - INFO - Click back on current page.
2020-07-31 19:31:09,987 - 2 - INFO - 页面"【苹果策略游戏】好玩的iphone策略游戏大全_iphone策略类游戏下载-最笨下载"跳转正常,该类元素共16个，当前第9个
2020-07-31 19:31:10,258 - basepage - INFO - Click back on current page.
2020-07-31 19:31:17,675 - 2 - INFO - 页面"【苹果塔防游戏】好玩的iphone塔防游戏大全_iphone塔防类游戏下载-最笨下载"跳转正常,该类元素共16个，当前第10个
2020-07-31 19:31:17,970 - basepage - INFO - Click back on current page.
2020-07-31 19:31:25,494 - 2 - INFO - 页面"【苹果解谜游戏】好玩的iphone解谜游戏大全_iphone解谜类游戏下载-最笨下载"跳转正常,该类元素共16个，当前第11个
2020-07-31 19:31:25,968 - basepage - INFO - Click back on current page.
2020-07-31 19:31:33,947 - 2 - INFO - 页面"【苹果射击游戏】好玩的iphone射击游戏大全_iphone射击类游戏下载-最笨下载"跳转正常,该类元素共16个，当前第12个
2020-07-31 19:31:34,366 - basepage - INFO - Click back on current page.
2020-07-31 19:31:41,927 - 2 - INFO - 页面"【苹果棋牌游戏】好玩的iphone棋牌游戏大全_iphone棋牌类游戏下载-最笨下载"跳转正常,该类元素共16个，当前第13个
2020-07-31 19:31:42,156 - basepage - INFO - Click back on current page.
2020-07-31 19:31:49,477 - 2 - INFO - 页面"【苹果赛车游戏】好玩的iPhone赛车游戏大全_iPhone赛车类游戏下载-最笨下载"跳转正常,该类元素共16个，当前第14个
2020-07-31 19:31:49,915 - basepage - INFO - Click back on current page.
2020-07-31 19:31:57,488 - 2 - INFO - 页面"【苹果角色扮演游戏】好玩的iphone角色扮演游戏_iPhone角色扮演类游戏下载-最笨下载"跳转正常,该类元素共16个，当前第15个
2020-07-31 19:31:57,827 - basepage - INFO - Click back on current page.
2020-07-31 19:32:04,858 - 2 - INFO - 页面"【安卓动作游戏】好玩的iPhone动作游戏大全_iPhone动作类游戏下载-最笨下载"跳转正常,该类元素共16个，当前第16个
2020-07-31 19:32:05,097 - basepage - INFO - Click back on current page.
2020-07-31 19:32:13,462 - 2 - INFO - 页面"冒险王2（送海量充值）ios版_冒险王2（送海量充值）ios版下载_冒险王2（送海量充值）ios版官方下载-最笨下载"跳转正常,该类元素共18个，当前第1个
2020-07-31 19:32:19,650 - 2 - INFO - 页面"恋三国（送百抽）ios版_恋三国（送百抽）ios版下载_恋三国（送百抽）ios版官方下载-最笨下载"跳转正常,该类元素共18个，当前第2个
2020-07-31 19:32:25,856 - 2 - INFO - 页面"屠龙世界（送GM特权）ios版_屠龙世界（送GM特权）ios版下载_屠龙世界（送GM特权）ios版官方下载-最笨下载"跳转正常,该类元素共18个，当前第3个
2020-07-31 19:32:32,006 - 2 - INFO - 页面"将军道（送百连海量抽）ios版_将军道（送百连海量抽）ios版下载_将军道（送百连海量抽）ios版官方下载-最笨下载"跳转正常,该类元素共18个，当前第4个
2020-07-31 19:32:38,130 - 2 - INFO - 页面"塔防镇魂师（送328代金券）ios版_塔防镇魂师（送328代金券）ios版下载_塔防镇魂师（送328代金券）ios版官方下载-最笨下载"跳转正常,该类元素共18个，当前第5个
2020-07-31 19:32:44,278 - 2 - INFO - 页面"乱斗三国ios版_乱斗三国ios版下载_乱斗三国ios版官方下载-最笨下载"跳转正常,该类元素共18个，当前第6个
2020-07-31 19:32:50,434 - 2 - INFO - 页面"兵器少女（无门槛送充）ios版_兵器少女（无门槛送充）ios版下载_兵器少女（无门槛送充）ios版官方下载-最笨下载"跳转正常,该类元素共18个，当前第7个
2020-07-31 19:32:56,574 - 2 - INFO - 页面"猎手之王ios版_猎手之王ios版下载_猎手之王ios版官方下载-最笨下载"跳转正常,该类元素共18个，当前第8个
2020-07-31 19:33:02,703 - 2 - INFO - 页面"古墓迷城ios版_古墓迷城ios版下载_古墓迷城ios版官方下载-最笨下载"跳转正常,该类元素共18个，当前第9个
2020-07-31 19:33:08,849 - 2 - INFO - 页面"国战纪元ios版_国战纪元ios版下载_国战纪元ios版官方下载-最笨下载"跳转正常,该类元素共18个，当前第10个
2020-07-31 19:33:14,980 - 2 - INFO - 页面"天诀ios版_天诀ios版下载_天诀ios版官方下载-最笨下载"跳转正常,该类元素共18个，当前第11个
2020-07-31 19:33:21,105 - 2 - INFO - 页面"仙剑缘（星耀特权）ios版_仙剑缘（星耀特权）ios版下载_仙剑缘（星耀特权）ios版官方下载-最笨下载"跳转正常,该类元素共18个，当前第12个
2020-07-31 19:33:27,276 - 2 - INFO - 页面"九灵神域ios版_九灵神域ios版下载_九灵神域ios版官方下载-最笨下载"跳转正常,该类元素共18个，当前第13个
2020-07-31 19:33:33,466 - 2 - INFO - 页面"天之命（海量特权）ios版_天之命（海量特权）ios版下载_天之命（海量特权）ios版官方下载-最笨下载"跳转正常,该类元素共18个，当前第14个
2020-07-31 19:33:39,592 - 2 - INFO - 页面"魔剑侠缘（星耀特权）ios版_魔剑侠缘（星耀特权）ios版下载_魔剑侠缘（星耀特权）ios版官方下载-最笨下载"跳转正常,该类元素共18个，当前第15个
2020-07-31 19:33:45,727 - 2 - INFO - 页面"仙灵世界（复古绿色服）ios版_仙灵世界（复古绿色服）ios版下载_仙灵世界（复古绿色服）ios版官方下载-最笨下载"跳转正常,该类元素共18个，当前第16个
2020-07-31 19:33:51,869 - 2 - INFO - 页面"风之剑舞（至尊特权）ios版_风之剑舞（至尊特权）ios版下载_风之剑舞（至尊特权）ios版官方下载-最笨下载"跳转正常,该类元素共18个，当前第17个
2020-07-31 19:33:58,021 - 2 - INFO - 页面"塔塔星座（送328充值）ios版_塔塔星座（送328充值）ios版下载_塔塔星座（送328充值）ios版官方下载-最笨下载"跳转正常,该类元素共18个，当前第18个
2020-07-31 19:34:05,713 - 2 - INFO - 页面"ios无限元宝的手游"跳转正常,该类元素共4个，当前第1个
2020-07-31 19:34:05,962 - basepage - INFO - Click back on current page.
2020-07-31 19:34:10,933 - 2 - INFO - 页面"gm手游助手ios"跳转正常,该类元素共4个，当前第2个
2020-07-31 19:34:11,318 - basepage - INFO - Click back on current page.
2020-07-31 19:34:16,942 - 2 - INFO - 页面"ios变态服游戏"跳转正常,该类元素共4个，当前第3个
2020-07-31 19:34:17,159 - basepage - INFO - Click back on current page.
2020-07-31 19:34:22,442 - 2 - INFO - 页面"ios看小说神器"跳转正常,该类元素共4个，当前第4个
2020-07-31 19:34:22,816 - basepage - INFO - Click back on current page.
2020-07-31 19:34:30,085 - 2 - INFO - 页面"【最笨周末活动】7月10日晴了一夏周末福利活动"跳转正常,该类元素共4个，当前第1个
2020-07-31 19:34:30,421 - basepage - INFO - Click back on current page.
2020-07-31 19:34:35,469 - 2 - INFO - 页面"【最笨周末活动】7月3日清凉一夏活动来袭~"跳转正常,该类元素共4个，当前第2个
2020-07-31 19:34:35,869 - basepage - INFO - Click back on current page.
2020-07-31 19:34:41,720 - 2 - INFO - 页面"【最笨周末活动】7月31日周末活动火热来袭~"跳转正常,该类元素共4个，当前第3个
2020-07-31 19:34:41,937 - basepage - INFO - Click back on current page.
2020-07-31 19:34:47,134 - 2 - INFO - 页面"【最笨周末活动】炎炎夏日~让福利活动给你冰凉"跳转正常,该类元素共4个，当前第4个
2020-07-31 19:34:47,594 - basepage - INFO - Click back on current page.
2020-07-31 19:34:53,672 - 2 - INFO - 页面"有翡原著小说简介 有匪小说剧情介绍"跳转正常,该类元素共20个，当前第1个
2020-07-31 19:34:59,802 - 2 - INFO - 页面"有翡小说免费阅读 有匪小说周翡全文阅读"跳转正常,该类元素共20个，当前第2个
2020-07-31 19:35:05,954 - 2 - INFO - 页面"有翡原著小说在线阅读 有翡原著小说全文免费"跳转正常,该类元素共20个，当前第3个
2020-07-31 19:35:12,121 - 2 - INFO - 页面"聊天第一句幽默技巧 微信聊天第一句怎么开场"跳转正常,该类元素共20个，当前第4个
2020-07-31 19:35:18,247 - 2 - INFO - 页面"陌陌怎么聊天 陌陌聊天技巧分享"跳转正常,该类元素共20个，当前第5个
2020-07-31 19:35:24,365 - 2 - INFO - 页面"月圆之夜契约师如何打噩梦七 噩梦七打法攻略"跳转正常,该类元素共20个，当前第6个
2020-07-31 19:35:30,487 - 2 - INFO - 页面"月圆之夜契约师选哪个流派好 契约师流派选择推"跳转正常,该类元素共20个，当前第7个
2020-07-31 19:35:36,623 - 2 - INFO - 页面"月圆之夜女巫火把流怎么玩 女巫火把流玩法攻略"跳转正常,该类元素共20个，当前第8个
2020-07-31 19:35:42,758 - 2 - INFO - 页面"逃跑吧少年生命之盾如何用 生命之盾用法攻略"跳转正常,该类元素共20个，当前第9个
2020-07-31 19:35:48,894 - 2 - INFO - 页面"死亡搁浅怎么样-玩法介绍"跳转正常,该类元素共20个，当前第10个
2020-07-31 19:35:55,018 - 2 - INFO - 页面"火影忍者单机版破解版-火影忍者手游单机版破解"跳转正常,该类元素共20个，当前第11个
2020-07-31 19:36:01,155 - 2 - INFO - 页面"上线满v无限元宝h5游戏-上线送满v无限元宝h5游戏"跳转正常,该类元素共20个，当前第12个
2020-07-31 19:36:07,292 - 2 - INFO - 页面"贫民玩家回合制网游-适合贫民玩的回合制网游"跳转正常,该类元素共20个，当前第13个
2020-07-31 19:36:13,429 - 2 - INFO - 页面"上线就送十连抽的三国放置类卡牌游戏"跳转正常,该类元素共20个，当前第14个
2020-07-31 19:36:19,553 - 2 - INFO - 页面"q版休闲玩法的三国卡牌游戏 q版三国策略手游推"跳转正常,该类元素共20个，当前第15个
2020-07-31 19:36:25,674 - 2 - INFO - 页面"有什么moba的手机游戏"跳转正常,该类元素共20个，当前第16个
2020-07-31 19:36:31,804 - 2 - INFO - 页面"什么游戏不充钱也能玩起来"跳转正常,该类元素共20个，当前第17个
2020-07-31 19:36:37,960 - 2 - INFO - 页面"DNF手游满级要多长时间"跳转正常,该类元素共20个，当前第18个
2020-07-31 19:36:44,121 - 2 - INFO - 页面"DNF手游天空套保底多少钱"跳转正常,该类元素共20个，当前第19个
2020-07-31 19:36:50,268 - 2 - INFO - 页面"DNF手游冒险团金库怎么扩展"跳转正常,该类元素共20个，当前第20个
2020-07-31 19:36:56,422 - 2 - INFO - 页面"apk3安卓网-2020最新apk安卓游戏-热门apk软件下载平台"跳转正常,该类元素共34个，当前第1个
2020-07-31 19:37:02,532 - 2 - INFO - 页面"小游戏,在线小游戏,小游戏大全,双人小游戏,3199小游戏"跳转正常,该类元素共34个，当前第2个
2020-07-31 19:37:08,675 - 2 - INFO - 页面"中文网站排行榜_alexa排行 - 爱站网站排行榜"跳转正常,该类元素共34个，当前第3个
2020-07-31 19:37:14,817 - 2 - INFO - 页面"9号下载_下载软件_免费下载单机游戏_手机游戏下载大全"跳转正常,该类元素共34个，当前第4个
2020-07-31 19:37:45,183 - 2 - INFO - 页面"软件下载中心_绿色免费软件,手机游戏|软件下载,到超人软件站"跳转正常,该类元素共34个，当前第5个
2020-07-31 19:37:51,344 - 2 - INFO - 页面"系统圣地,绿色免费软件,手游下载等软件下载网站"跳转正常,该类元素共34个，当前第6个
2020-07-31 19:37:57,476 - 2 - INFO - 页面"天天安卓模拟器_安卓模拟器电脑版下载_天天模拟器官网"跳转正常,该类元素共34个，当前第7个
2020-07-31 19:38:03,613 - 2 - INFO - 页面"好看小说推荐_热门小说大全_小说排行榜 - 玖陆文学"跳转正常,该类元素共34个，当前第8个
2020-07-31 19:38:09,728 - 2 - INFO - 页面"IE8 IE9 IE10 IE浏览器下载 - IE浏览器中文网站"跳转正常,该类元素共34个，当前第9个
2020-07-31 19:38:15,870 - 2 - INFO - 页面"bt手游平台_满v手游公益服_gm手游排行榜_3733游戏盒子官网"跳转正常,该类元素共34个，当前第10个
2020-07-31 19:38:22,118 - 2 - INFO - 页面"bt公益服变态手游排行榜前十名[新开公测热门+在线人多+免费大型网游]新开最热门好玩人气高的网络游戏有什么_安卓苹果ios客户端游戏下载大全_8979游戏官网"跳转正常,该类元素共34个，当前第11个
2020-07-31 19:38:28,242 - 2 - INFO - 页面"【破解版手机游戏】手机破解游戏下载_安卓手机游戏破解版下载大全-最笨下载"跳转正常,该类元素共34个，当前第12个
2020-07-31 19:38:34,392 - 2 - INFO - 页面"windows10系统之家 - 系统之家提供win10专业版,ISO镜像,企业版等win10系统下载"跳转正常,该类元素共34个，当前第13个
2020-07-31 19:38:40,559 - 2 - INFO - 页面"39整形美容_中国专业医学整形美容门户"跳转正常,该类元素共34个，当前第14个
2020-07-31 19:38:46,697 - 2 - INFO - 页面"零度软件园_官方软件下载_绿色软件_游戏下载_值得信赖的下载站！"跳转正常,该类元素共34个，当前第15个
2020-07-31 19:38:52,862 - 2 - INFO - 页面"单机游戏_单机游戏下载大全中文版下载_好玩的单机游戏下载基地 - 99单机游戏"跳转正常,该类元素共34个，当前第16个
2020-07-31 19:38:59,010 - 2 - INFO - 页面"安卓市场_安卓游戏破解版下载_单机破解版游戏大全_手机网游下载"跳转正常,该类元素共34个，当前第17个
2020-07-31 19:41:50,759 - 2 - INFO - 页面"手机游戏下载-手机软件下载-电脑软件下载-小黑游戏"跳转正常,该类元素共34个，当前第18个
2020-07-31 19:41:56,900 - 2 - INFO - 页面"手机游戏_手机游戏排行榜_好玩的手机游戏_安卓手机游戏推荐_易玩网"跳转正常,该类元素共34个，当前第19个
2020-07-31 19:42:03,103 - 2 - INFO - 页面"手机游戏_好玩的手机游戏下载_手机游戏排行榜-游戏吧"跳转正常,该类元素共34个，当前第20个
2020-07-31 19:42:11,139 - 2 - INFO - 页面"免费手机游戏_好玩的单机游戏_安卓破解版游戏下载_apk8安卓网"跳转正常,该类元素共34个，当前第21个
2020-07-31 19:42:17,295 - 2 - INFO - 页面"免费手机游戏_好玩的单机游戏_安卓破解版游戏下载_apk8安卓网"跳转正常,该类元素共34个，当前第22个
2020-07-31 19:42:23,432 - 2 - INFO - 页面"安卓破解版游戏下载_单机手机破解游戏大全_免费游戏破解版下载-最笨下载"跳转正常,该类元素共34个，当前第23个
2020-07-31 19:42:29,576 - 2 - INFO - 页面"app.3987.com"跳转正常,该类元素共34个，当前第24个
2020-07-31 19:42:35,670 - 2 - INFO - 页面"可可出招表-流星蝴蝶剑出招表-拳皇97出招表-手机游戏-绿色软件下载"跳转正常,该类元素共34个，当前第25个
2020-07-31 19:42:43,091 - 2 - INFO - 页面"爪游控 | 新锐综合资讯媒体"跳转正常,该类元素共34个，当前第26个
2020-07-31 19:42:49,234 - 2 - INFO - 页面"3733游戏盒官网_bt游戏_满vip手游_gm手游大全_破解游戏盒子下载"跳转正常,该类元素共34个，当前第27个
2020-07-31 19:42:55,374 - 2 - INFO - 页面"绿色免费电脑软件下载_手机软件游戏下载中心-520下载站"跳转正常,该类元素共34个，当前第28个
2020-07-31 19:43:01,539 - 2 - INFO - 页面"免费大型经典安卓破解版单机游戏下载排行榜_手机最火爆最新出热门好玩人气高3DBT网络游戏有什么_破解游戏盒子软件大全-下载多"跳转正常,该类元素共34个，当前第29个
2020-07-31 19:43:07,684 - 2 - INFO - 页面"3733游戏盒官网_bt游戏_满vip手游_gm手游大全_破解游戏盒子下载"跳转正常,该类元素共34个，当前第30个
2020-07-31 19:43:16,080 - 2 - INFO - 页面"VR之家_专业VR游戏软件下载网站_VR应用_VR电影_VR视频_VR资源-VR之家"跳转正常,该类元素共34个，当前第31个
2020-07-31 19:43:22,215 - 2 - INFO - 页面"手机玩_免费安卓手机游戏_安卓游戏破解版下载_破解游戏盒子下载"跳转正常,该类元素共34个，当前第32个
2020-07-31 19:43:28,347 - 2 - INFO - 页面"gm手游平台_gm手游盒子_gm版手游下载_3733游戏官网"跳转正常,该类元素共34个，当前第33个
2020-07-31 19:43:41,357 - 2 - INFO - 页面"gm手游平台_gm版无限元宝手游_gm手游盒子下载_gm助手官网"跳转正常,该类元素共34个，当前第34个
2020-07-31 19:43:47,121 - 2 - INFO - 进入"游戏"模块，将执行随机函数
2020-07-31 19:43:49,765 - 2 - INFO - 随机页面"唐门六道（送千元充值）"跳转正常，当前第1个
2020-07-31 19:43:49,849 - basepage - INFO - Click back on current page.
2020-07-31 19:43:55,898 - 2 - INFO - 随机页面"教主之家（至尊特权）"跳转正常，当前第2个
2020-07-31 19:43:56,009 - basepage - INFO - Click back on current page.
2020-07-31 19:44:06,523 - 2 - INFO - 随机页面"魔法之光（红忍海量抽）"跳转正常，当前第3个
2020-07-31 19:44:06,628 - basepage - INFO - Click back on current page.
2020-07-31 19:44:11,217 - 2 - INFO - 随机页面"大军师（送海量橙将）"跳转正常，当前第1个
2020-07-31 19:44:11,330 - basepage - INFO - Click back on current page.
2020-07-31 19:44:15,873 - 2 - INFO - 随机页面"仙灵世界（送海量连抽）"跳转正常，当前第2个
2020-07-31 19:44:15,993 - basepage - INFO - Click back on current page.
2020-07-31 19:44:21,068 - 2 - INFO - 随机页面"女神联盟2（送500充值）"跳转正常，当前第3个
2020-07-31 19:44:21,199 - basepage - INFO - Click back on current page.
2020-07-31 19:44:28,590 - 2 - INFO - 进入"应用"模块，将执行随机函数
2020-07-31 19:44:31,477 - 2 - INFO - 随机页面"吾爱看书"跳转正常，当前第1个
2020-07-31 19:44:31,563 - basepage - INFO - Click back on current page.
2020-07-31 19:44:36,260 - 2 - INFO - 随机页面"土味情话"跳转正常，当前第2个
2020-07-31 19:44:36,423 - basepage - INFO - Click back on current page.
2020-07-31 19:44:41,392 - 2 - INFO - 随机页面"土味情话社"跳转正常，当前第3个
2020-07-31 19:44:41,482 - basepage - INFO - Click back on current page.
2020-07-31 19:44:45,865 - 2 - INFO - 随机页面"土味情话社"跳转正常，当前第1个
2020-07-31 19:44:45,990 - basepage - INFO - Click back on current page.
2020-07-31 19:44:50,350 - 2 - INFO - 随机页面"吾爱看书"跳转正常，当前第2个
2020-07-31 19:44:50,437 - basepage - INFO - Click back on current page.
2020-07-31 19:44:55,539 - 2 - INFO - 随机页面"恋爱话术"跳转正常，当前第3个
2020-07-31 19:44:55,649 - basepage - INFO - Click back on current page.
2020-07-31 19:45:01,634 - 2 - INFO - 进入"资讯"模块，将执行随机函数
2020-07-31 19:45:04,564 - 2 - INFO - 随机页面"火影忍者单机版破解版-火影忍者手游单机版破解版下载"跳转正常，当前第1个
2020-07-31 19:45:04,687 - basepage - INFO - Click back on current page.
2020-07-31 19:45:09,437 - 2 - INFO - 随机页面"死亡搁浅怎么样-玩法介绍"跳转正常，当前第2个
2020-07-31 19:45:09,563 - basepage - INFO - Click back on current page.
2020-07-31 19:45:18,123 - 2 - INFO - 随机页面"上线满v无限元宝h5游戏-上线送满v无限元宝h5游戏下载"跳转正常，当前第3个
2020-07-31 19:45:18,232 - basepage - INFO - Click back on current page.
2020-07-31 19:45:22,633 - 2 - INFO - 随机页面"大军师（送海量橙将）"跳转正常，当前第1个
2020-07-31 19:45:22,863 - basepage - INFO - Click back on current page.
2020-07-31 19:45:27,554 - 2 - INFO - 随机页面"武器之王（福利特权）"跳转正常，当前第2个
2020-07-31 19:45:27,679 - basepage - INFO - Click back on current page.
2020-07-31 19:45:32,383 - 2 - INFO - 随机页面"武动九天（GM免费特权）"跳转正常，当前第3个
2020-07-31 19:45:32,470 - basepage - INFO - Click back on current page.
2020-07-31 19:45:37,581 - 2 - INFO - 进入"专题"模块，将执行随机函数
2020-07-31 19:45:41,059 - 2 - INFO - 页面"回复女朋友话的软件"跳转正常,该类元素共1个，当前第1个
2020-07-31 19:45:41,171 - basepage - INFO - Click back on current page.
2020-07-31 19:45:46,227 - 2 - INFO - 随机页面"冰雨恋爱话术"跳转正常，当前第1个
2020-07-31 19:45:46,358 - basepage - INFO - Click back on current page.
2020-07-31 19:45:51,347 - 2 - INFO - 随机页面"撩妹话术app免费版"跳转正常，当前第2个
2020-07-31 19:45:51,473 - basepage - INFO - Click back on current page.
2020-07-31 19:45:56,300 - 2 - INFO - 随机页面"撩妹聊天话术app"跳转正常，当前第3个
2020-07-31 19:45:56,408 - basepage - INFO - Click back on current page.
2020-07-31 19:46:01,910 - 2 - INFO - 页面"ios汉化版游戏盒子"跳转正常,该类元素共1个，当前第1个
2020-07-31 19:46:02,090 - basepage - INFO - Click back on current page.
2020-07-31 19:46:06,762 - 2 - INFO - 随机页面"安卓市场ios版"跳转正常，当前第1个
2020-07-31 19:46:06,892 - basepage - INFO - Click back on current page.
2020-07-31 19:46:11,379 - 2 - INFO - 随机页面"最笨游戏盒子"跳转正常，当前第2个
2020-07-31 19:46:11,487 - basepage - INFO - Click back on current page.
2020-07-31 19:46:16,145 - 2 - INFO - 随机页面"爪游控游戏盒子ios版"跳转正常，当前第3个
2020-07-31 19:46:16,262 - basepage - INFO - Click back on current page.
2020-07-31 19:46:24,528 - 2 - INFO - 页面"ios不氪金又好玩的手游"跳转正常,该类元素共1个，当前第1个
2020-07-31 19:46:24,647 - basepage - INFO - Click back on current page.
2020-07-31 19:46:30,017 - 2 - INFO - 随机页面"冒险之旅（百抽特权）ios版"跳转正常，当前第1个
2020-07-31 19:46:30,195 - basepage - INFO - Click back on current page.
2020-07-31 19:46:36,370 - 2 - INFO - 随机页面"天之命（交易特权）ios版"跳转正常，当前第2个
2020-07-31 19:46:36,467 - basepage - INFO - Click back on current page.
2020-07-31 19:46:41,947 - 2 - INFO - 随机页面"小小虎将（送百抽）ios版"跳转正常，当前第3个
2020-07-31 19:46:42,054 - basepage - INFO - Click back on current page.
2020-07-31 19:46:48,915 - 2 - INFO - 页面"ios破解版内购游戏大全"跳转正常,该类元素共1个，当前第1个
2020-07-31 19:46:49,119 - basepage - INFO - Click back on current page.
2020-07-31 19:46:54,115 - 2 - INFO - 随机页面"影子传说内购版"跳转正常，当前第1个
2020-07-31 19:46:54,224 - basepage - INFO - Click back on current page.
2020-07-31 19:46:59,075 - 2 - INFO - 随机页面"合金风暴2内购版"跳转正常，当前第2个
2020-07-31 19:46:59,261 - basepage - INFO - Click back on current page.
2020-07-31 19:47:04,080 - 2 - INFO - 随机页面"挖地小子内购版"跳转正常，当前第3个
2020-07-31 19:47:04,295 - basepage - INFO - Click back on current page.
2020-07-31 19:47:10,036 - 2 - INFO - 页面"ios恋爱养成游戏"跳转正常,该类元素共1个，当前第1个
2020-07-31 19:47:10,215 - basepage - INFO - Click back on current page.
2020-07-31 19:47:15,540 - 2 - INFO - 随机页面"箱中少女ios版"跳转正常，当前第1个
2020-07-31 19:47:15,637 - basepage - INFO - Click back on current page.
2020-07-31 19:47:20,694 - 2 - INFO - 随机页面"恋爱物语ios版"跳转正常，当前第2个
2020-07-31 19:47:20,869 - basepage - INFO - Click back on current page.
2020-07-31 19:47:26,039 - 2 - INFO - 随机页面"男人地狱ios版"跳转正常，当前第3个
2020-07-31 19:47:26,146 - basepage - INFO - Click back on current page.
2020-07-31 19:47:32,139 - 2 - INFO - 页面"玄幻网游小说软件"跳转正常,该类元素共1个，当前第1个
2020-07-31 19:47:32,341 - basepage - INFO - Click back on current page.
2020-07-31 19:47:37,176 - 2 - INFO - 随机页面"口袋写作"跳转正常，当前第1个
2020-07-31 19:47:37,282 - basepage - INFO - Click back on current page.
2020-07-31 19:47:41,642 - 2 - INFO - 随机页面"吾爱看书"跳转正常，当前第2个
2020-07-31 19:47:41,839 - basepage - INFO - Click back on current page.
2020-07-31 19:47:47,698 - 2 - INFO - 随机页面"日日阅读"跳转正常，当前第3个
2020-07-31 19:47:47,799 - basepage - INFO - Click back on current page.
2020-07-31 19:47:52,683 - 2 - INFO - 页面"安卓无限金币助手"跳转正常,该类元素共1个，当前第1个
2020-07-31 19:47:52,896 - basepage - INFO - Click back on current page.
2020-07-31 19:47:58,171 - 2 - INFO - 随机页面"内购版游戏中心"跳转正常，当前第1个
2020-07-31 19:47:58,279 - basepage - INFO - Click back on current page.
2020-07-31 19:48:03,262 - 2 - INFO - 随机页面"安致游戏中心"跳转正常，当前第2个
2020-07-31 19:48:03,455 - basepage - INFO - Click back on current page.
2020-07-31 19:48:08,554 - 2 - INFO - 随机页面"BT游戏大全"跳转正常，当前第3个
2020-07-31 19:48:08,664 - basepage - INFO - Click back on current page.
2020-07-31 19:48:14,824 - 2 - INFO - 页面"苹果公益服网游"跳转正常,该类元素共1个，当前第1个
2020-07-31 19:48:15,004 - basepage - INFO - Click back on current page.
2020-07-31 19:48:20,033 - 2 - INFO - 随机页面"烈焰封天（激爽特权）ios版"跳转正常，当前第1个
2020-07-31 19:48:20,147 - basepage - INFO - Click back on current page.
2020-07-31 19:48:25,595 - 2 - INFO - 随机页面"亿次元（送千元充值）ios版"跳转正常，当前第2个
2020-07-31 19:48:25,764 - basepage - INFO - Click back on current page.
2020-07-31 19:48:30,279 - 2 - INFO - 随机页面"最笨游戏盒子iOS版"跳转正常，当前第3个
2020-07-31 19:48:30,387 - basepage - INFO - Click back on current page.
2020-07-31 19:48:35,904 - 2 - INFO - 页面"苹果手机专用美图软件"跳转正常,该类元素共1个，当前第1个
2020-07-31 19:48:36,135 - basepage - INFO - Click back on current page.
2020-07-31 19:48:41,283 - 2 - INFO - 随机页面"Stiiitch"跳转正常，当前第1个
2020-07-31 19:48:41,433 - basepage - INFO - Click back on current page.
2020-07-31 19:48:46,517 - 2 - INFO - 随机页面"剪映"跳转正常，当前第2个
2020-07-31 19:48:46,708 - basepage - INFO - Click back on current page.
2020-07-31 19:48:51,357 - 2 - INFO - 随机页面"sjcam"跳转正常，当前第3个
2020-07-31 19:48:51,557 - basepage - INFO - Click back on current page.
2020-07-31 19:48:57,633 - 2 - INFO - 页面"宠物类网游"跳转正常,该类元素共1个，当前第1个
2020-07-31 19:48:57,854 - basepage - INFO - Click back on current page.
2020-07-31 19:49:03,102 - 2 - INFO - 随机页面"花园宠物"跳转正常，当前第1个
2020-07-31 19:49:03,253 - basepage - INFO - Click back on current page.
2020-07-31 19:49:08,696 - 2 - INFO - 随机页面"猫咪模拟器"跳转正常，当前第2个
2020-07-31 19:49:08,902 - basepage - INFO - Click back on current page.
2020-07-31 19:49:14,008 - 2 - INFO - 随机页面"森林小屋:可爱宠物家居设计"跳转正常，当前第3个
2020-07-31 19:49:14,200 - basepage - INFO - Click back on current page.
2020-07-31 19:49:20,983 - 2 - INFO - 进入"电脑"模块，将执行随机函数
2020-07-31 19:49:23,390 - 2 - INFO - 随机页面"天天怼三国（送千元充值）"跳转正常，当前第1个
2020-07-31 19:49:23,461 - basepage - INFO - Click back on current page.
2020-07-31 19:49:27,872 - 2 - INFO - 随机页面"武器之王（福利特权）"跳转正常，当前第2个
2020-07-31 19:49:27,978 - basepage - INFO - Click back on current page.
2020-07-31 19:49:32,372 - 2 - INFO - 随机页面"仙灵世界（送海量连抽）"跳转正常，当前第3个
2020-07-31 19:49:32,450 - basepage - INFO - Click back on current page.
2020-07-31 19:49:40,042 - 2 - INFO - 进入"APP大全"模块，将执行随机函数
2020-07-31 19:49:44,118 - 2 - INFO - 页面"游戏盒"跳转正常,该类元素共16个，当前第1个
2020-07-31 19:49:52,477 - 2 - INFO - 页面"龙之谷2"跳转正常,该类元素共16个，当前第2个
2020-07-31 19:49:58,586 - 2 - INFO - 页面"光遇"跳转正常,该类元素共16个，当前第3个
2020-07-31 19:50:04,674 - 2 - INFO - 页面"最强蜗牛"跳转正常,该类元素共16个，当前第4个
2020-07-31 19:50:10,760 - 2 - INFO - 页面"塞尔达"跳转正常,该类元素共16个，当前第5个
2020-07-31 19:50:16,852 - 2 - INFO - 页面"山海镜花"跳转正常,该类元素共16个，当前第6个
2020-07-31 19:50:22,953 - 2 - INFO - 页面"公主连结"跳转正常,该类元素共16个，当前第7个
2020-07-31 19:50:29,078 - 2 - INFO - 页面"网络工具"跳转正常,该类元素共16个，当前第8个
2020-07-31 19:50:35,171 - 2 - INFO - 页面"集合啦动物森友会"跳转正常,该类元素共16个，当前第9个
2020-07-31 19:50:41,251 - 2 - INFO - 页面"龙族幻想"跳转正常,该类元素共16个，当前第10个
2020-07-31 19:50:47,386 - 2 - INFO - 页面"剑与远征"跳转正常,该类元素共16个，当前第11个
2020-07-31 19:50:53,502 - 2 - INFO - 页面"烟雨江湖"跳转正常,该类元素共16个，当前第12个
2020-07-31 19:50:59,582 - 2 - INFO - 页面"云顶之弈"跳转正常,该类元素共16个，当前第13个
2020-07-31 19:51:05,675 - 2 - INFO - 页面"家国梦"跳转正常,该类元素共16个，当前第14个
2020-07-31 19:51:11,771 - 2 - INFO - 页面"棋牌"跳转正常,该类元素共16个，当前第15个
2020-07-31 19:51:17,873 - 2 - INFO - 页面"gta5"跳转正常,该类元素共16个，当前第16个
2020-07-31 19:51:19,894 - basepage - INFO - zuiben自动化测试结束
