2020-09-09 14:12:05,346 - basepage - INFO - 官网自动化测试开始
2020-09-09 14:12:05,348 - basepage - INFO - 隐性等待 10 秒
2020-09-09 14:12:06,212 - basepage - INFO - 跳转至https://www.bz.cn/
2020-09-09 14:12:08,351 - basepage - INFO - 窗口已经最大化
2020-09-09 14:12:10,070 - 2 - INFO - 首页 下logo：百助网正常存在
2020-09-09 14:12:12,379 - 2 - INFO - 首页下右上角超链接：首页正常存在,共7个,目前第1个
2020-09-09 14:12:14,672 - 2 - INFO - 首页下右上角超链接：发展历程正常存在,共7个,目前第2个
2020-09-09 14:12:16,957 - 2 - INFO - 首页下右上角超链接：新闻动态正常存在,共7个,目前第3个
2020-09-09 14:12:19,279 - 2 - INFO - 首页下右上角超链接：人在百助正常存在,共7个,目前第4个
2020-09-09 14:12:21,575 - 2 - INFO - 首页下右上角超链接：加入百助正常存在,共7个,目前第5个
2020-09-09 14:12:23,857 - 2 - INFO - 首页下右上角超链接：管理团队正常存在,共7个,目前第6个
2020-09-09 14:12:26,135 - 2 - INFO - 首页下右上角超链接：联系我们正常存在,共7个,目前第7个
2020-09-09 14:12:26,158 - 2 - INFO - 首页下第一页滑动div正常存在
2020-09-09 14:12:30,448 - 2 - INFO - 首页下企业价值观图片：客户第一正常存在,共7个,目前第1个
2020-09-09 14:12:32,732 - 2 - INFO - 首页下企业价值观图片：最新动态正常存在,共7个,目前第2个
2020-09-09 14:12:35,002 - 2 - INFO - 首页下企业价值观图片：诚信正常存在,共7个,目前第3个
2020-09-09 14:12:37,284 - 2 - INFO - 首页下企业价值观图片：团队合作正常存在,共7个,目前第4个
2020-09-09 14:12:39,566 - 2 - INFO - 首页下企业价值观图片：拥抱变化正常存在,共7个,目前第5个
2020-09-09 14:12:41,836 - 2 - INFO - 首页下企业价值观图片：敬业正常存在,共7个,目前第6个
2020-09-09 14:12:49,110 - 2 - INFO - 首页下企业价值观图片：激情正常存在,共7个,目前第7个
2020-09-09 14:12:51,162 - 2 - INFO - 首页下固定滚动条正常存在
2020-09-09 14:12:53,280 - 2 - INFO - 页面"百助举办“观爱国影片，传红色精神”主题观影活动_百助"跳转正常
2020-09-09 14:12:56,005 - 2 - INFO - 首页滚动链接返回码正常，共29个，目前第1个
2020-09-09 14:12:56,141 - 2 - INFO - 首页滚动链接返回码正常，共29个，目前第2个
2020-09-09 14:12:56,246 - 2 - INFO - 首页滚动链接返回码正常，共29个，目前第3个
2020-09-09 14:12:56,361 - 2 - INFO - 首页滚动链接返回码正常，共29个，目前第4个
2020-09-09 14:12:56,470 - 2 - INFO - 首页滚动链接返回码正常，共29个，目前第5个
2020-09-09 14:12:56,571 - 2 - INFO - 首页滚动链接返回码正常，共29个，目前第6个
2020-09-09 14:12:56,686 - 2 - INFO - 首页滚动链接抗洪抢险百助在行动返回码正常，共29个，目前第7个
2020-09-09 14:12:56,782 - 2 - INFO - 首页滚动链接全力以赴让百助走向更好返回码正常，共29个，目前第8个
2020-09-09 14:12:56,889 - 2 - INFO - 首页滚动链接百助8周年司庆•庐山行返回码正常，共29个，目前第9个
2020-09-09 14:12:57,004 - 2 - INFO - 首页滚动链接省经信厅副厅长吴韦人一行莅临百助调研返回码正常，共29个，目前第10个
2020-09-09 14:12:57,113 - 2 - INFO - 首页滚动链接爱心扶贫公益行——走进含山县昭关镇东兴村返回码正常，共29个，目前第11个
2020-09-09 14:12:57,221 - 2 - INFO - 首页滚动链接百助担任安徽省青年徽商商会副会长单位返回码正常，共29个，目前第12个
2020-09-09 14:12:57,312 - 2 - INFO - 首页滚动链接返回码正常，共29个，目前第13个
2020-09-09 14:12:57,421 - 2 - INFO - 首页滚动链接返回码正常，共29个，目前第14个
2020-09-09 14:12:57,553 - 2 - INFO - 首页滚动链接返回码正常，共29个，目前第15个
2020-09-09 14:12:57,653 - 2 - INFO - 首页滚动链接返回码正常，共29个，目前第16个
2020-09-09 14:12:57,788 - 2 - INFO - 首页滚动链接返回码正常，共29个，目前第17个
2020-09-09 14:12:57,894 - 2 - INFO - 首页滚动链接返回码正常，共29个，目前第18个
2020-09-09 14:12:58,001 - 2 - INFO - 首页滚动链接返回码正常，共29个，目前第19个
2020-09-09 14:12:58,112 - 2 - INFO - 首页滚动链接返回码正常，共29个，目前第20个
2020-09-09 14:12:58,222 - 2 - INFO - 首页滚动链接返回码正常，共29个，目前第21个
2020-09-09 14:12:58,327 - 2 - INFO - 首页滚动链接返回码正常，共29个，目前第22个
2020-09-09 14:12:58,457 - 2 - INFO - 首页滚动链接返回码正常，共29个，目前第23个
2020-09-09 14:12:58,575 - 2 - INFO - 首页滚动链接返回码正常，共29个，目前第24个
2020-09-09 14:12:58,692 - 2 - INFO - 首页滚动链接返回码正常，共29个，目前第25个
2020-09-09 14:12:58,810 - 2 - INFO - 首页滚动链接返回码正常，共29个，目前第26个
2020-09-09 14:12:58,908 - 2 - INFO - 首页滚动链接返回码正常，共29个，目前第27个
2020-09-09 14:12:59,023 - 2 - INFO - 首页滚动链接返回码正常，共29个，目前第28个
2020-09-09 14:12:59,133 - 2 - INFO - 首页滚动链接返回码正常，共29个，目前第29个
2020-09-09 14:13:01,170 - 2 - INFO - 首页下第三页：在产品研发上，我们开足马力正常存在
2020-09-09 14:13:03,210 - 2 - INFO - 官网"下载器"跳转正常
2020-09-09 14:13:07,283 - 2 - INFO - 官网"玩游戏盒子"跳转正常
2020-09-09 14:13:11,433 - 2 - INFO - 官网"桔梗网"跳转正常
2020-09-09 14:13:15,834 - 2 - INFO - 官网"帮您淘优惠"跳转正常
2020-09-09 14:13:19,900 - 2 - INFO - 首页下第四页图片：下载器正常存在
2020-09-09 14:13:21,924 - 2 - INFO - 首页下第五页图片：百助获得荣誉正常存在
2020-09-09 14:13:23,954 - 2 - INFO - 首页下六七八页文字：当你足够优秀时，总会被选择正常存在,共6个,目前第1个
2020-09-09 14:13:23,966 - 2 - INFO - 首页下六七八页文字：覆盖所有大型互联网公司，200多家合作网站正常存在,共6个,目前第2个
2020-09-09 14:13:23,980 - 2 - INFO - 首页下六七八页文字：寻找上市前的前100位伙伴正常存在,共6个,目前第3个
2020-09-09 14:13:23,989 - 2 - INFO - 首页下六七八页文字：加入百助，你将拥有的不仅仅是一份工作正常存在,共6个,目前第4个
2020-09-09 14:13:24,002 - 2 - INFO - 首页下六七八页文字：你是否愿与我们同行正常存在,共6个,目前第5个
2020-09-09 14:13:24,014 - 2 - INFO - 首页下六七八页文字：加入百助，你将拥有的不仅仅是一份工作正常存在,共6个,目前第6个
2020-09-09 14:13:28,303 - 2 - INFO - 首页下合作伙伴：百助合作伙伴正常存在,共15个,目前第1个
2020-09-09 14:13:30,349 - 2 - INFO - 页面"合作伙伴 - 百助_马鞍山网站建设_马鞍山网站制作_马鞍山网络公司_马鞍山互联网公司-百助网络"跳转正常
2020-09-09 14:13:34,655 - 2 - INFO - 首页下合作伙伴：百助合作伙伴正常存在,共15个,目前第2个
2020-09-09 14:13:36,713 - 2 - INFO - 页面"合作伙伴 - 百助_马鞍山网站建设_马鞍山网站制作_马鞍山网络公司_马鞍山互联网公司-百助网络"跳转正常
2020-09-09 14:13:41,008 - 2 - INFO - 首页下合作伙伴：百助合作伙伴正常存在,共15个,目前第3个
2020-09-09 14:13:43,060 - 2 - INFO - 页面"合作伙伴 - 百助_马鞍山网站建设_马鞍山网站制作_马鞍山网络公司_马鞍山互联网公司-百助网络"跳转正常
2020-09-09 14:13:47,360 - 2 - INFO - 首页下合作伙伴：百助合作伙伴正常存在,共15个,目前第4个
2020-09-09 14:13:49,426 - 2 - INFO - 页面"合作伙伴 - 百助_马鞍山网站建设_马鞍山网站制作_马鞍山网络公司_马鞍山互联网公司-百助网络"跳转正常
2020-09-09 14:13:53,728 - 2 - INFO - 首页下合作伙伴：百助合作伙伴正常存在,共15个,目前第5个
2020-09-09 14:13:55,796 - 2 - INFO - 页面"合作伙伴 - 百助_马鞍山网站建设_马鞍山网站制作_马鞍山网络公司_马鞍山互联网公司-百助网络"跳转正常
2020-09-09 14:14:00,099 - 2 - INFO - 首页下合作伙伴：百助合作伙伴正常存在,共15个,目前第6个
2020-09-09 14:14:02,153 - 2 - INFO - 页面"合作伙伴 - 百助_马鞍山网站建设_马鞍山网站制作_马鞍山网络公司_马鞍山互联网公司-百助网络"跳转正常
2020-09-09 14:14:06,469 - 2 - INFO - 首页下合作伙伴：百助合作伙伴正常存在,共15个,目前第7个
2020-09-09 14:14:08,543 - 2 - INFO - 页面"合作伙伴 - 百助_马鞍山网站建设_马鞍山网站制作_马鞍山网络公司_马鞍山互联网公司-百助网络"跳转正常
2020-09-09 14:14:12,853 - 2 - INFO - 首页下合作伙伴：百助合作伙伴正常存在,共15个,目前第8个
2020-09-09 14:14:14,907 - 2 - INFO - 页面"合作伙伴 - 百助_马鞍山网站建设_马鞍山网站制作_马鞍山网络公司_马鞍山互联网公司-百助网络"跳转正常
2020-09-09 14:14:19,204 - 2 - INFO - 首页下合作伙伴：百助合作伙伴正常存在,共15个,目前第9个
2020-09-09 14:14:21,264 - 2 - INFO - 页面"合作伙伴 - 百助_马鞍山网站建设_马鞍山网站制作_马鞍山网络公司_马鞍山互联网公司-百助网络"跳转正常
2020-09-09 14:14:25,557 - 2 - INFO - 首页下合作伙伴：百助合作伙伴正常存在,共15个,目前第10个
2020-09-09 14:14:27,615 - 2 - INFO - 页面"合作伙伴 - 百助_马鞍山网站建设_马鞍山网站制作_马鞍山网络公司_马鞍山互联网公司-百助网络"跳转正常
2020-09-09 14:14:31,910 - 2 - INFO - 首页下合作伙伴：百助合作伙伴正常存在,共15个,目前第11个
2020-09-09 14:14:33,967 - 2 - INFO - 页面"合作伙伴 - 百助_马鞍山网站建设_马鞍山网站制作_马鞍山网络公司_马鞍山互联网公司-百助网络"跳转正常
2020-09-09 14:14:38,279 - 2 - INFO - 首页下合作伙伴：百助合作伙伴正常存在,共15个,目前第12个
2020-09-09 14:14:40,332 - 2 - INFO - 页面"合作伙伴 - 百助_马鞍山网站建设_马鞍山网站制作_马鞍山网络公司_马鞍山互联网公司-百助网络"跳转正常
2020-09-09 14:14:44,632 - 2 - INFO - 首页下合作伙伴：百助合作伙伴正常存在,共15个,目前第13个
2020-09-09 14:14:46,691 - 2 - INFO - 页面"合作伙伴 - 百助_马鞍山网站建设_马鞍山网站制作_马鞍山网络公司_马鞍山互联网公司-百助网络"跳转正常
2020-09-09 14:14:50,986 - 2 - INFO - 首页下合作伙伴：百助合作伙伴正常存在,共15个,目前第14个
2020-09-09 14:14:53,039 - 2 - INFO - 页面"合作伙伴 - 百助_马鞍山网站建设_马鞍山网站制作_马鞍山网络公司_马鞍山互联网公司-百助网络"跳转正常
2020-09-09 14:14:57,337 - 2 - INFO - 首页下合作伙伴：百助合作伙伴正常存在,共15个,目前第15个
2020-09-09 14:14:59,400 - 2 - INFO - 页面"合作伙伴 - 百助_马鞍山网站建设_马鞍山网站制作_马鞍山网络公司_马鞍山互联网公司-百助网络"跳转正常
2020-09-09 14:15:05,724 - 2 - INFO - 首页:福利正常存在,共4个,目前第1个
2020-09-09 14:15:08,008 - 2 - INFO - 首页:福利正常存在,共4个,目前第2个
2020-09-09 14:15:10,275 - 2 - INFO - 首页:福利正常存在,共4个,目前第3个
2020-09-09 14:15:12,543 - 2 - INFO - 首页:福利正常存在,共4个,目前第4个
2020-09-09 14:15:14,891 - basepage - INFO - 隐性等待 10 秒
2020-09-09 14:15:14,896 - 2 - INFO - 官网"百助招聘"跳转正常
2020-09-09 14:15:17,101 - basepage - INFO - Click back on current page.
2020-09-09 14:15:23,399 - 2 - INFO - 首页:联系方式、位置正常存在,共6个,目前第1个
2020-09-09 14:15:25,681 - 2 - INFO - 首页:联系方式、位置正常存在,共6个,目前第2个
2020-09-09 14:15:27,948 - 2 - INFO - 首页:联系方式、位置正常存在,共6个,目前第3个
2020-09-09 14:15:30,218 - 2 - INFO - 首页:联系方式、位置正常存在,共6个,目前第4个
2020-09-09 14:15:32,500 - 2 - INFO - 首页:联系方式、位置正常存在,共6个,目前第5个
2020-09-09 14:15:34,767 - 2 - INFO - 首页:联系方式、位置正常存在,共6个,目前第6个
2020-09-09 14:15:37,068 - basepage - INFO - 隐性等待 10 秒
2020-09-09 14:15:37,079 - 2 - INFO - 官网"百助合作"跳转正常
2020-09-09 14:15:39,256 - basepage - INFO - Click back on current page.
2020-09-09 14:15:47,395 - basepage - INFO - 隐性等待 10 秒
2020-09-09 14:15:47,402 - 2 - INFO - 官网"百助发展"跳转正常
2020-09-09 14:15:49,669 - basepage - INFO - Click back on current page.
2020-09-09 14:15:51,942 - basepage - INFO - 隐性等待 10 秒
2020-09-09 14:15:51,946 - 2 - INFO - 官网"百助新闻"跳转正常
2020-09-09 14:15:54,126 - basepage - INFO - Click back on current page.
2020-09-09 14:15:56,477 - basepage - INFO - 隐性等待 10 秒
2020-09-09 14:15:56,480 - 2 - INFO - 官网"百助文化"跳转正常
2020-09-09 14:15:58,659 - basepage - INFO - Click back on current page.
2020-09-09 14:16:00,926 - basepage - INFO - 隐性等待 10 秒
2020-09-09 14:16:00,933 - 2 - INFO - 官网"百助招聘"跳转正常
2020-09-09 14:16:03,116 - basepage - INFO - Click back on current page.
2020-09-09 14:16:05,644 - basepage - INFO - 隐性等待 10 秒
2020-09-09 14:16:05,653 - 2 - INFO - 官网"管理团队百助_下载器_让下载更有价值"跳转正常
2020-09-09 14:16:07,847 - basepage - INFO - Click back on current page.
2020-09-09 14:16:10,058 - basepage - INFO - 隐性等待 10 秒
2020-09-09 14:16:10,061 - 2 - INFO - 官网"百助合作"跳转正常
2020-09-09 14:16:12,235 - basepage - INFO - Click back on current page.
2020-09-09 14:16:14,261 - 2 - INFO - 首页下底部信息：网站首页正常存在
2020-09-09 14:16:14,283 - 2 - INFO - 首页下底部信息：Copyright © 2012 - 2020 BZ.cn. All Rights Reserved.正常存在
2020-09-09 14:16:14,304 - 2 - INFO - 官网下底部信息：马鞍山百助网络科技有限公司正常存在
2020-09-09 14:16:16,385 - 2 - INFO - 页面"www.beian.miit.gov.cn"跳转正常
2020-09-09 14:16:20,747 - 2 - INFO - 页面"查看密码页_数据专家cnzz.com"跳转正常
2020-09-09 14:16:24,888 - 2 - INFO - 页面"马鞍山百助网络科技有限公司,百助网,百助科技"跳转正常
2020-09-09 14:16:28,989 - 2 - INFO - 页面"违法和不良信息举报中心"跳转正常
2020-09-09 14:16:32,312 - 2 - INFO - 首页下返回顶部div正常存在
2020-09-09 14:16:32,351 - 2 - INFO - 首页回到顶部元素正常点击
2020-09-09 14:16:32,411 - 2 - INFO - 跳转到”发展历程“
2020-09-09 14:16:46,625 - 2 - INFO - 官网"发展历程"模块"马鞍山市副市长郑琇煦一行莅临百助参观考察"点击正常,该元素共107，目前是第1个
2020-09-09 14:16:49,651 - 2 - INFO - 官网"发展历程"模块"安徽省委常委、常务副省长邓向阳一行莅临百助参观考察"点击正常,该元素共107，目前是第2个
2020-09-09 14:16:52,685 - 2 - INFO - 官网"发展历程"模块"百助8周年司庆•庐山行"点击正常,该元素共107，目前是第3个
2020-09-09 14:16:55,713 - 2 - INFO - 官网"发展历程"模块"省经信厅副厅长吴韦人一行莅临百助调研"点击正常,该元素共107，目前是第4个
2020-09-09 14:16:58,741 - 2 - INFO - 官网"发展历程"模块"爱心扶贫公益行——走进含山县昭关镇东兴村"点击正常,该元素共107，目前是第5个
2020-09-09 14:17:01,764 - 2 - INFO - 官网"发展历程"模块"安徽省商务厅副厅长黄英一行莅临百助参观考察"点击正常,该元素共107，目前是第6个
2020-09-09 14:17:04,799 - 2 - INFO - 官网"发展历程"模块"百助获评“2019年度全国版权示范单位”称号"点击正常,该元素共107，目前是第7个
