2020-07-22 16:14:48,723 - basepage - INFO - fixdown.com自动化测试开始
2020-07-22 16:14:48,724 - basepage - INFO - 隐性等待 10 秒
2020-07-22 16:14:49,952 - basepage - INFO - 跳转至http://fixdown.com/
2020-07-22 16:14:52,073 - basepage - INFO - 窗口已经最大化
2020-07-22 16:14:57,782 - 2 - INFO - 页面"宝藏破坏者"跳转正常,该类元素共14个，当前第1个
2020-07-22 16:15:07,851 - 2 - INFO - 页面"宝藏破坏者下载最新版_宝藏破坏者中文正式版下载_全方位下载"手机下载按钮正常存在
2020-07-22 16:15:14,035 - 2 - INFO - 页面"电子印章图片生成器绿色版"跳转正常,该类元素共14个，当前第2个
2020-07-22 16:15:14,071 - 2 - INFO - 页面"电子印章图片生成器绿色版下载_电子印章图片生成器免费版下载 - 全方位下载"按钮正常存在
2020-07-22 16:15:20,232 - 2 - INFO - 页面"三国杀"跳转正常,该类元素共14个，当前第3个
2020-07-22 16:15:20,237 - 2 - INFO - 页面"三国杀ol手机版下载_三国杀ol手机版v3.6.9.1下载 - 全方位下载"按钮正常存在
2020-07-22 16:15:26,399 - 2 - INFO - 页面"三国杀ol手机版"跳转正常,该类元素共14个，当前第4个
2020-07-22 16:15:26,404 - 2 - INFO - 页面"三国杀ol手机版下载_三国杀ol手机版v3.6.9.1下载 - 全方位下载"按钮正常存在
2020-07-22 16:15:32,588 - 2 - INFO - 页面"滑雪大冒险"跳转正常,该类元素共14个，当前第5个
2020-07-22 16:15:42,610 - 2 - INFO - 页面"滑雪大冒险中文版下载_滑雪大冒险中文版v2.3.7下载_全方位下载"手机下载按钮正常存在
2020-07-22 16:15:48,771 - 2 - INFO - 页面"梦幻西游手游"跳转正常,该类元素共14个，当前第6个
2020-07-22 16:15:58,845 - 2 - INFO - 页面"梦幻西游手游网易版下载_梦幻西游手游网易版v1.186.0下载_全方位下载"手机下载按钮正常存在
2020-07-22 16:16:04,984 - 2 - INFO - 页面"剑魂之刃"跳转正常,该类元素共14个，当前第7个
2020-07-22 16:16:15,003 - 2 - INFO - 页面"剑魂之刃下载_剑魂之刃v5.2.7 手机版下载_全方位下载"手机下载按钮正常存在
2020-07-22 16:16:21,159 - 2 - INFO - 页面"票房大卖王"跳转正常,该类元素共14个，当前第8个
2020-07-22 16:16:31,219 - 2 - INFO - 页面"票房大卖王无限钻石金币内购破解版下载_票房大卖王无限钻石金币内购破解版v1.0.0下载_全方位下载"手机下载按钮正常存在
2020-07-22 16:16:37,379 - 2 - INFO - 页面"阿瓦隆之王"跳转正常,该类元素共14个，当前第9个
2020-07-22 16:16:37,384 - 2 - INFO - 页面"阿瓦隆之王下载_阿瓦隆之王v1.0.0 下载 - 全方位下载"按钮正常存在
2020-07-22 16:16:43,546 - 2 - INFO - 页面"QQ炫舞"跳转正常,该类元素共14个，当前第10个
2020-07-22 16:16:53,603 - 2 - INFO - 页面"QQ炫舞手游下载_QQ炫舞手游v1.2.11下载_全方位下载"手机下载按钮正常存在
2020-07-22 16:16:59,750 - 2 - INFO - 页面"元气骑士"跳转正常,该类元素共14个，当前第11个
2020-07-22 16:17:09,791 - 2 - INFO - 页面"元气骑士安卓版下载_元气骑士v1.3.0下载_全方位下载"手机下载按钮正常存在
2020-07-22 16:17:15,962 - basepage - INFO - fixdown.com自动化测试结束
