2020-09-15 19:19:13,489 - basepage - INFO - 桔梗导航自动化测试开始
2020-09-15 19:19:13,491 - basepage - INFO - 隐性等待 10 秒
2020-09-15 19:19:14,367 - basepage - INFO - 跳转至https://www.jiegeng.com/
2020-09-15 19:19:16,523 - basepage - INFO - 窗口已经最大化
2020-09-15 19:19:21,997 - 2 - INFO - 页面"桔梗导航[www.jiegeng.com]_最实用的上网主页_上网就上桔梗网！"跳转正常,该类元素共1个，当前第1个
2020-09-15 19:19:28,150 - 2 - INFO - 页面"六安天气_百度搜索"跳转正常,该类元素共1个，当前第1个
2020-09-15 19:19:34,363 - 2 - INFO - 页面"日历_百度搜索"跳转正常,该类元素共1个，当前第1个
2020-09-15 19:19:40,503 - 2 - INFO - 页面"生肖查询_百度搜索"跳转正常,该类元素共1个，当前第1个
2020-09-15 19:19:46,660 - 2 - INFO - 页面"星座运势_百度搜索"跳转正常,该类元素共1个，当前第1个
2020-09-15 19:19:51,883 - 2 - INFO - 登录正常
2020-09-15 19:19:51,891 - 2 - INFO - alert关闭
2020-09-15 19:19:56,059 - 2 - INFO - 页面"苍梧县小学持刀伤人案一审宣判_百度搜索"跳转正常,该类元素共1个，当前第1个
2020-09-15 19:20:04,264 - 2 - INFO - 搜索框正常
2020-09-15 19:20:10,438 - 2 - INFO - 页面"电视剧"跳转正常,该类元素共20个，当前第1个
2020-09-15 19:20:16,580 - 2 - INFO - 页面"电影"跳转正常,该类元素共20个，当前第2个
2020-09-15 19:20:22,722 - 2 - INFO - 页面"游戏"跳转正常,该类元素共20个，当前第3个
2020-09-15 19:21:18,368 - 2 - INFO - 页面"小游戏"跳转正常,该类元素共20个，当前第4个
2020-09-15 19:21:24,565 - 2 - INFO - 页面"软件"跳转正常,该类元素共20个，当前第5个
2020-09-15 19:21:30,666 - 2 - INFO - 页面"棋牌"跳转正常,该类元素共20个，当前第6个
2020-09-15 19:21:36,812 - 2 - INFO - 页面"动画"跳转正常,该类元素共20个，当前第7个
2020-09-15 19:21:42,956 - 2 - INFO - 页面"冒险"跳转正常,该类元素共20个，当前第8个
2020-09-15 19:21:49,094 - 2 - INFO - 页面"新闻"跳转正常,该类元素共20个，当前第9个
2020-09-15 19:21:55,300 - 2 - INFO - 页面"军事"跳转正常,该类元素共20个，当前第10个
2020-09-15 19:22:01,444 - 2 - INFO - 页面"旅游"跳转正常,该类元素共20个，当前第11个
2020-09-15 19:22:07,628 - 2 - INFO - 页面"音乐"跳转正常,该类元素共20个，当前第12个
2020-09-15 19:22:13,776 - 2 - INFO - 页面"彩票"跳转正常,该类元素共20个，当前第13个
2020-09-15 19:22:19,946 - 2 - INFO - 页面"竞彩"跳转正常,该类元素共20个，当前第14个
2020-09-15 19:22:26,169 - 2 - ERROR - 页面"搞笑"跳转异常,该类元素共20个，当前第15个
2020-09-15 19:22:32,777 - 2 - INFO - 页面"小说"跳转正常,该类元素共20个，当前第16个
2020-09-15 19:22:38,957 - 2 - ERROR - 页面"特价"跳转异常,该类元素共20个，当前第17个
2020-09-15 19:22:45,432 - 2 - INFO - 页面"手机"跳转正常,该类元素共20个，当前第18个
2020-09-15 19:22:51,608 - 2 - ERROR - 页面"股票"跳转异常,该类元素共20个，当前第19个
2020-09-15 19:22:58,031 - 2 - INFO - 页面"理财"跳转正常,该类元素共20个，当前第20个
2020-09-15 19:23:04,241 - 2 - INFO - 页面"百度一下，你就知道"跳转正常,该类元素共24个，当前第1个
2020-09-15 19:23:28,257 - 2 - INFO - 页面"头条新闻_东方资讯"跳转正常,该类元素共24个，当前第2个
2020-09-15 19:23:34,461 - 2 - INFO - 页面"新浪首页"跳转正常,该类元素共24个，当前第3个
2020-09-15 19:23:40,631 - 2 - INFO - 页面"腾讯首页"跳转正常,该类元素共24个，当前第4个
2020-09-15 19:23:46,808 - 2 - INFO - 页面"网易"跳转正常,该类元素共24个，当前第5个
2020-09-15 19:23:52,986 - 2 - INFO - 页面"搜狐"跳转正常,该类元素共24个，当前第6个
2020-09-15 19:23:59,155 - 2 - INFO - 页面"天猫精选-理想生活上天猫"跳转正常,该类元素共24个，当前第7个
2020-09-15 19:24:05,290 - 2 - INFO - 页面"爱淘宝PC新版"跳转正常,该类元素共24个，当前第8个
2020-09-15 19:24:11,435 - 2 - INFO - 页面"聚划算精选PC"跳转正常,该类元素共24个，当前第9个
2020-09-15 19:24:22,716 - 2 - INFO - 页面"天猫超市-理想生活上天猫"跳转正常,该类元素共24个，当前第10个
2020-09-15 19:24:28,824 - 2 - INFO - 页面"京东超市-品类齐全-正品行货-精致服务"跳转正常,该类元素共24个，当前第11个
2020-09-15 19:24:34,996 - 2 - INFO - 页面"淘抢购"跳转正常,该类元素共24个，当前第12个
2020-09-15 19:24:41,153 - 2 - INFO - 页面"苏宁易购(Suning.com)-送货更准时、价格更超值、上新货更快"跳转正常,该类元素共24个，当前第13个
2020-09-15 19:24:47,331 - 2 - INFO - 页面"凤凰网"跳转正常,该类元素共24个，当前第14个
2020-09-15 19:24:59,786 - 2 - INFO - 页面"亚马逊中国 z.cn, 一站放心购全球"跳转正常,该类元素共24个，当前第15个
2020-09-15 19:25:05,983 - 2 - INFO - 页面"东方体育新闻_NBA直播吧|足球直播吧|中超直播吧_体育直播吧"跳转正常,该类元素共24个，当前第16个
2020-09-15 19:25:12,157 - 2 - INFO - 页面"在线小游戏,单机小游戏大全-桔梗小游戏"跳转正常,该类元素共24个，当前第17个
2020-09-15 19:25:18,317 - 2 - INFO - 页面"淘宝网 - 淘！我喜欢"跳转正常,该类元素共24个，当前第18个
2020-09-15 19:25:24,451 - 2 - INFO - 页面"京东(JD.COM)-正品低价、品质保障、配送及时、轻松购物！"跳转正常,该类元素共24个，当前第19个
2020-09-15 19:25:30,572 - 2 - INFO - 页面"唯品会"跳转正常,该类元素共24个，当前第20个
2020-09-15 19:25:36,676 - 2 - INFO - 页面"国美(GOME)-综合网购商城，正品低价、品质保障、快速送达、安心服务！"跳转正常,该类元素共24个，当前第21个
2020-09-15 19:25:42,799 - 2 - INFO - 页面"帮您淘优惠-每天千款优惠券秒杀，一折限时疯抢！_帮您淘优惠"跳转正常,该类元素共24个，当前第22个
2020-09-15 19:25:48,979 - 2 - INFO - 页面"携程旅行网官网:酒店预订,机票预订查询,旅游度假,商旅管理"跳转正常,该类元素共24个，当前第23个
2020-09-15 19:25:55,144 - 2 - INFO - 页面"拼多多优惠商城－大额商品优惠券，超高商品折扣"跳转正常,该类元素共24个，当前第24个
2020-09-15 19:26:01,329 - 2 - INFO - 页面"全国招聘网_全国人才网_求职_找工作_上智联招聘"跳转正常,该类元素共19个，当前第1个
2020-09-15 19:26:07,498 - 2 - INFO - 页面"天猫精选-理想生活上天猫"跳转正常,该类元素共19个，当前第2个
2020-09-15 19:26:13,683 - 2 - INFO - 页面"壹贰叁严选"跳转正常,该类元素共19个，当前第3个
2020-09-15 19:26:19,801 - 2 - INFO - 页面"2019网页游戏大全,更新好玩的网页游戏开服表-桔梗网页游戏"跳转正常,该类元素共19个，当前第4个
