2020-07-24 13:46:19,931 - basepage - INFO - 18183.com自动化测试开始
2020-07-24 13:46:19,934 - basepage - INFO - 隐性等待 10 秒
2020-07-24 13:46:23,095 - basepage - INFO - 跳转至https://www.18183.com/
2020-07-24 13:46:25,216 - basepage - INFO - 窗口已经最大化
2020-07-24 13:46:35,738 - 2 - INFO - 页面"王者荣耀游戏下载_新英雄_王者荣耀礼包_官网_18183手游网"跳转正常,该类元素共22个，当前第1个
2020-07-24 13:46:42,008 - 2 - INFO - 页面"和平精英游戏下载_和平精英灵敏度_和平精英礼包_官网_18183手游网"跳转正常,该类元素共22个，当前第2个
2020-07-24 13:46:57,482 - basepage - INFO - 18183.com自动化测试开始
2020-07-24 13:46:57,483 - basepage - INFO - 隐性等待 10 秒
2020-07-24 13:46:59,353 - basepage - INFO - 跳转至https://www.18183.com/
2020-07-24 13:47:01,484 - basepage - INFO - 窗口已经最大化
2020-07-24 13:47:09,714 - 2 - INFO - 页面"布武天下攻略_布武天下下载_布武天下礼包_18183布武天下专区"跳转正常,该类元素共100个，当前第1个
2020-07-24 13:47:15,883 - 2 - INFO - 页面"杯莫停攻略_杯莫停下载_杯莫停礼包_18183杯莫停专区"跳转正常,该类元素共100个，当前第2个
2020-07-24 13:47:22,024 - 2 - INFO - 页面"嘣乱斗攻略_嘣乱斗下载_嘣乱斗礼包_18183嘣乱斗专区"跳转正常,该类元素共100个，当前第3个
2020-07-24 13:47:28,163 - 2 - INFO - 页面"堡垒之夜手游攻略_堡垒之夜手游官网_18183堡垒之夜手游专区"跳转正常,该类元素共100个，当前第4个
2020-07-24 13:47:34,331 - 2 - INFO - 页面"部落冲突(Clash of Clans)_官网_布局攻略_iOS下载_18183部落冲突专区"跳转正常,该类元素共100个，当前第5个
2020-07-24 13:47:40,498 - 2 - INFO - 页面"传奇盛世2手游攻略_传奇盛世2手游下载_传奇盛世2手游礼包_18183传奇盛世2专区"跳转正常,该类元素共100个，当前第6个
2020-07-24 13:47:46,670 - 2 - INFO - 页面"传送门骑士攻略_传送门骑士下载_传送门骑士礼包_18183传送门骑士专区"跳转正常,该类元素共100个，当前第7个
2020-07-24 13:47:52,867 - 2 - INFO - 页面"穿越火线：枪战王者iOS游戏下载_穿越火线：枪战王者安卓版下载_18183游戏库"跳转正常,该类元素共100个，当前第8个
2020-07-24 13:47:58,992 - 2 - INFO - 页面"沉默年代攻略_沉默年代下载_沉默年代礼包_18183沉默年代专区"跳转正常,该类元素共100个，当前第9个
2020-07-24 13:48:05,132 - 2 - INFO - 页面"全境戒备攻略_全境戒备下载_全境戒备礼包_18183全境戒备专区"跳转正常,该类元素共100个，当前第10个
2020-07-24 13:48:11,310 - 2 - INFO - 页面"斗破苍穹斗帝之路攻略_斗破苍穹手游_下载_礼包_18183斗破苍穹手游专区"跳转正常,该类元素共100个，当前第11个
2020-07-24 13:48:17,517 - 2 - INFO - 页面"逗三国手游攻略_逗三国手游下载_逗三国手游礼包_18183逗三国专区"跳转正常,该类元素共100个，当前第12个
2020-07-24 13:48:23,652 - 2 - INFO - 页面"DNF手游_DNF手游官网_攻略_下载_礼包_18183DNF手游专区"跳转正常,该类元素共100个，当前第13个
2020-07-24 13:48:29,768 - 2 - INFO - 页面"弹弹堂S攻略_弹弹堂S下载_弹弹堂S礼包_18183弹弹堂S专区"跳转正常,该类元素共100个，当前第14个
2020-07-24 13:48:35,887 - 2 - INFO - 页面"第五人格攻略_第五人格下载_第五人格礼包_18183第五人格专区"跳转正常,该类元素共100个，当前第15个
2020-07-24 13:48:42,071 - 2 - INFO - 页面"方舟指令攻略_方舟指令下载_方舟指令礼包_18183方舟指令专区"跳转正常,该类元素共100个，当前第16个
2020-07-24 13:48:48,210 - 2 - INFO - 页面"凤囚凰手游攻略_凤囚凰手游下载_18183凤囚凰手游游戏专区_18183凤囚凰专区"跳转正常,该类元素共100个，当前第17个
2020-07-24 13:48:54,336 - 2 - INFO - 页面"飞天魅影攻略_飞天魅影下载_飞天魅影礼包_18183飞天魅影专区"跳转正常,该类元素共100个，当前第18个
2020-07-24 13:49:00,463 - 2 - INFO - 页面"命运冠位指定fgo攻略_fgo国服_下载_礼包_18183fgo专区"跳转正常,该类元素共100个，当前第19个
2020-07-24 13:49:06,598 - 2 - INFO - 页面"方舟生存进化攻略_下载_礼包_18183方舟生存进化专区"跳转正常,该类元素共100个，当前第20个
