2020-07-22 16:01:47,788 - basepage - INFO - 18183.com自动化测试开始
2020-07-22 16:01:47,789 - basepage - INFO - 隐性等待 10 秒
2020-07-22 16:01:50,105 - basepage - INFO - 跳转至https://www.18183.com/
2020-07-22 16:01:52,236 - basepage - INFO - 窗口已经最大化
2020-07-22 16:01:59,572 - basepage - INFO - 隐性等待 10 秒
2020-07-22 16:02:01,591 - 2 - INFO - 18183.com首页"对马岛之魂补给怎么刷 对马岛之魂补给速刷方法"跳转正常
2020-07-22 16:02:03,741 - basepage - INFO - 隐性等待 10 秒
2020-07-22 16:02:05,754 - 2 - INFO - 18183.com首页"对马岛之魂全神社位置一览 对马岛之魂神社在哪"跳转正常
2020-07-22 16:02:07,923 - basepage - INFO - 隐性等待 10 秒
2020-07-22 16:02:09,942 - 2 - INFO - 18183.com首页"我的世界天启无尽幻境密码 神殿密码正确数字是多少"跳转正常
2020-07-22 16:02:12,090 - basepage - INFO - 隐性等待 10 秒
2020-07-22 16:02:14,113 - 2 - INFO - 18183.com首页"我的世界简易刷怪塔搭建教程 如何搭建刷怪塔"跳转正常
2020-07-22 16:02:16,263 - basepage - INFO - 隐性等待 10 秒
2020-07-22 16:02:18,280 - 2 - INFO - 18183.com首页"我的世界链子从哪里获得 链子是做什么用的"跳转正常
2020-07-22 16:02:20,428 - basepage - INFO - 隐性等待 10 秒
2020-07-22 16:02:30,726 - 2 - INFO - 页面"特玩手机游戏攻略大全_最新的手游攻略汇总"跳转正常
2020-07-22 16:02:33,155 - basepage - INFO - 隐性等待 10 秒
2020-07-22 16:02:35,168 - 2 - INFO - 18183.com首页"向日葵appios下载"跳转正常
2020-07-22 16:02:37,320 - basepage - INFO - 隐性等待 10 秒
2020-07-22 16:02:39,346 - 2 - INFO - 18183.com首页"喵咪app官方下载"跳转正常
2020-07-22 16:02:41,477 - basepage - INFO - 隐性等待 10 秒
2020-07-22 16:02:43,494 - 2 - INFO - 18183.com首页"向日葵app安卓版下载"跳转正常
2020-07-22 16:02:45,655 - basepage - INFO - 隐性等待 10 秒
2020-07-22 16:02:47,668 - 2 - INFO - 18183.com首页"tuiterios下载"跳转正常
2020-07-22 16:02:49,832 - basepage - INFO - 隐性等待 10 秒
2020-07-22 16:02:51,854 - 2 - INFO - 18183.com首页"芭乐影视安卓版下载"跳转正常
2020-07-22 16:02:54,100 - basepage - INFO - 隐性等待 10 秒
2020-07-22 16:02:56,142 - 2 - INFO - 18183.com首页"tuiter官方版下载"跳转正常
2020-07-22 16:02:58,514 - basepage - INFO - 隐性等待 10 秒
2020-07-22 16:03:00,541 - 2 - INFO - 18183.com首页"芭乐影视官方下载"跳转正常
2020-07-22 16:03:02,715 - basepage - INFO - 隐性等待 10 秒
2020-07-22 16:03:04,729 - 2 - INFO - 18183.com首页"小忧视频ios下载"跳转正常
2020-07-22 16:03:06,872 - basepage - INFO - 隐性等待 10 秒
2020-07-22 16:03:08,954 - 2 - INFO - 18183.com首页"喵咪app手机版下载"跳转正常
