2020-07-22 16:04:42,673 - basepage - INFO - 18183.com自动化测试开始
2020-07-22 16:04:42,674 - basepage - INFO - 隐性等待 10 秒
2020-07-22 16:04:44,045 - basepage - INFO - 跳转至https://www.18183.com/
2020-07-22 16:04:46,177 - basepage - INFO - 窗口已经最大化
2020-07-22 16:04:53,093 - basepage - INFO - 隐性等待 10 秒
2020-07-22 16:04:55,108 - 2 - INFO - 18183.com首页"我的世界"跳转正常
2020-07-22 16:04:57,268 - basepage - INFO - 隐性等待 10 秒
2020-07-22 16:04:59,294 - 2 - INFO - 18183.com首页"和平精英"跳转正常
2020-07-22 16:05:01,466 - basepage - INFO - 隐性等待 10 秒
2020-07-22 16:05:03,480 - 2 - INFO - 18183.com首页"王者荣耀"跳转正常
2020-07-22 16:05:05,680 - basepage - INFO - 隐性等待 10 秒
2020-07-22 16:05:07,694 - 2 - INFO - 18183.com首页"我的世界"跳转正常
2020-07-22 16:05:09,847 - basepage - INFO - 隐性等待 10 秒
2020-07-22 16:05:11,872 - 2 - INFO - 18183.com首页"完美世界手游"跳转正常
2020-07-22 16:05:14,057 - basepage - INFO - 隐性等待 10 秒
2020-07-22 16:05:16,107 - 2 - INFO - 18183.com首页"明日之后"跳转正常
2020-07-22 16:05:18,626 - basepage - INFO - 隐性等待 10 秒
2020-07-22 16:05:20,648 - 2 - INFO - 18183.com首页"梦幻西游"跳转正常
2020-07-22 16:05:22,807 - basepage - INFO - 隐性等待 10 秒
2020-07-22 16:05:24,901 - 2 - INFO - 18183.com首页"第五人格"跳转正常
2020-07-22 16:05:27,274 - basepage - INFO - 隐性等待 10 秒
