2020-07-22 11:16:27,613 - basepage - INFO - drv5.cn自动化测试开始
2020-07-22 11:16:27,615 - basepage - INFO - 隐性等待 10 秒
2020-07-22 11:16:28,639 - basepage - INFO - 跳转至http://www.drv5.cn/sfinfo/7304.html
2020-07-22 11:16:30,757 - basepage - INFO - 窗口已经最大化
2020-07-22 11:16:36,918 - 2 - INFO - 搜索框正常
2020-07-22 11:16:39,146 - basepage - INFO - Click back on current page.
2020-07-22 11:16:43,250 - 2 - INFO - 页面"hjmac mac引导盘.iso下载 - 第五驱动"跳转正常,该类元素共16个，当前第1个
2020-07-22 11:16:49,437 - 2 - INFO - 页面"手机内存卡分区工具PPM7.0汉化版下载 - 第五驱动"跳转正常,该类元素共16个，当前第2个
2020-07-22 11:16:55,605 - 2 - INFO - 页面"winhex 16.2中文破解版(附注册码)下载 - 第五驱动"跳转正常,该类元素共16个，当前第3个
2020-07-22 11:17:01,739 - 2 - INFO - 页面"VSuite Ramdisk Server V4.6.7破解版下载 - 第五驱动"跳转正常,该类元素共16个，当前第4个
2020-07-22 11:17:07,928 - 2 - INFO - 页面"优盘/SD卡/内存卡数据恢复软件RescuePRO Deluxe(恢复数据能力极超强)下载 - 第五驱动"跳转正常,该类元素共16个，当前第5个
2020-07-22 11:17:14,104 - 2 - INFO - 页面"易我分区表医生v3.1破解版下载 - 第五驱动"跳转正常,该类元素共16个，当前第6个
2020-07-22 11:17:20,300 - 2 - INFO - 页面"ramdisk plus 11.5汉化破解版下载 - 第五驱动"跳转正常,该类元素共16个，当前第7个
2020-07-22 11:17:26,437 - 2 - INFO - 页面"Smart Flash Recovery 4.2汉化版(内附注册码)下载 - 第五驱动"跳转正常,该类元素共16个，当前第8个
2020-07-22 11:17:32,588 - 2 - INFO - 页面"ghostexp.exe v11.5下载 - 第五驱动"跳转正常,该类元素共16个，当前第9个
2020-07-22 11:17:38,783 - 2 - INFO - 页面"手机TF内存卡修复软件WinImage 8.0下载 - 第五驱动"跳转正常,该类元素共16个，当前第10个
2020-07-22 11:17:44,916 - 2 - INFO - 页面"u盘格式转换器(FAT32/NTFS互转)下载 - 第五驱动"跳转正常,该类元素共16个，当前第11个
2020-07-22 11:17:51,054 - 2 - INFO - 页面"冰点还原精灵7.2中文版(含密钥)下载 - 第五驱动"跳转正常,该类元素共16个，当前第12个
2020-07-22 11:17:57,226 - 2 - INFO - 页面"diskgenius3.22010.5下载 - 第五驱动"跳转正常,该类元素共16个，当前第13个
2020-07-22 11:18:03,407 - 2 - INFO - 页面"Supercache2汉化注册版下载 - 第五驱动"跳转正常,该类元素共16个，当前第14个
2020-07-22 11:18:09,539 - 2 - INFO - 页面"ramdisk plus 11汉化破解版虚拟磁盘软件下载 - 第五驱动"跳转正常,该类元素共16个，当前第15个
2020-07-22 11:18:15,703 - 2 - INFO - 页面"qsoft ramdisk 5.3.2.13中文版(x64位)下载 - 第五驱动"跳转正常,该类元素共16个，当前第16个
2020-07-22 11:18:21,895 - 2 - INFO - 页面"联想一键还原按键修复工具(修复隐藏分区)下载 - 第五驱动"跳转正常,该类元素共3个，当前第1个
2020-07-22 11:18:28,099 - 2 - INFO - 页面"联想一键驱动安装工具官方版下载 - 第五驱动"跳转正常,该类元素共3个，当前第2个
2020-07-22 11:18:34,286 - 2 - INFO - 页面"联想一键恢复5.0下载 - 第五驱动"跳转正常,该类元素共3个，当前第3个
2020-07-22 11:18:38,949 - 2 - INFO - 页面"第五驱动--资源索引之--A"跳转正常,该类元素共54个，当前第1个
2020-07-22 11:18:39,074 - basepage - INFO - Click back on current page.
2020-07-22 11:18:43,639 - 2 - INFO - 页面"第五驱动--资源索引之--B"跳转正常,该类元素共54个，当前第2个
2020-07-22 11:18:43,760 - basepage - INFO - Click back on current page.
2020-07-22 11:18:48,329 - 2 - INFO - 页面"第五驱动--资源索引之--C"跳转正常,该类元素共54个，当前第3个
2020-07-22 11:18:48,443 - basepage - INFO - Click back on current page.
2020-07-22 11:18:52,762 - basepage - INFO - drv5.cn自动化测试结束
